[15 INFO main 28] Initialising Python Geth Console...
[15 INFO main 32] Initialising RandB board...
[15 INFO main 32] Initialising navigation...
[15 INFO main 32] Initialising random-walk...
[15 INFO main 32] Initialising odometry...
[15 INFO main 32] Initialising ground-sensors...
[15 INFO main 50] --//-- Starting Experiment --//--
[15 INFO main 1146] Idle.IDLE -> Scout.Query | Duration: 23.05
[15 INFO main 25564] Scout.Query -> Scout.GotoCenter | Drive to others reported pos
[15 INFO main 161247] Scout.GotoCenter -> Scout.Query | return to random walk
[15 INFO main 188040] Confirming: 1/8
[15 INFO main 196225] Confirming: 4/8
[15 INFO main 198257] Confirming: 6/8
[15 INFO main 200292] Confirming: 7/8
[15 INFO main 204405] Confirming: 8/8
[15 INFO main 338259] Scout.Query -> Scout.GotoCenter | Drive to others reported pos
[15 INFO main 444284] Scout.GotoCenter -> Scout.Query | return to random walk
[15 INFO main 501716] Confirming: 1/8
[15 INFO main 507849] Confirming: 4/8
[15 INFO main 514021] Confirming: 5/8
[15 INFO main 516049] Confirming: 7/8
[15 INFO main 518093] Confirming: 9/8
[15 INFO main 545725] Scout.Query -> Scout.GotoCenter | Drive to others reported pos
[15 INFO main 630195] Scout.GotoCenter -> Scout.Query | return to random walk
[15 INFO main 683712] Confirming: 1/8
[15 INFO main 685765] Confirming: 2/8
[15 INFO main 687821] Confirming: 3/8
[15 INFO main 689869] Confirming: 4/8
[15 INFO main 691943] Confirming: 5/8
[15 INFO main 694109] Confirming: 6/8
[15 INFO main 696071] Confirming: 7/8
[15 INFO main 698132] Confirming: 8/8
[15 INFO main 701186] Scout.Query -> Scout.GotoCenter | Drive to others reported pos
[15 INFO main 756545] Scout.GotoCenter -> Scout.Query | return to random walk
[15 INFO main 773541] Confirming: 1/8
[15 INFO main 775661] Confirming: 2/8
[15 INFO main 777689] Confirming: 3/8
[15 INFO main 786068] Confirming: 4/8
[15 INFO main 788161] Confirming: 8/8
[15 INFO main 1836880] Scout.Query -> Scout.GotoCenter | Drive to others reported pos
[15 INFO main 1978695] Scout.GotoCenter -> Scout.Query | return to random walk
[15 INFO main 2009698] Confirming: 1/8
[15 INFO main 2011745] Confirming: 2/8
[15 INFO main 2013652] Confirming: 3/8
[15 INFO main 2015873] Confirming: 4/8
[15 INFO main 2017872] Confirming: 5/8
[15 INFO main 2019963] Confirming: 6/8
[15 INFO main 2022077] Confirming: 7/8
[15 INFO main 2024160] Confirming: 8/8
[15 INFO main 2024502] Scout.Query -> Scout.GotoCenter | Drive to others reported pos
[15 INFO main 2266703] Scout.GotoCenter -> Scout.Query | return to random walk
[15 INFO main 2285757] Confirming: 1/8
[15 INFO main 2302684] Confirming: 4/8
[15 INFO main 2304760] Confirming: 5/8
[15 INFO main 2308812] Confirming: 6/8
[15 INFO main 2311117] Confirming: 8/8
[15 INFO main 2603398] Scout.Query -> Scout.GotoCenter | Drive to others reported pos
[15 INFO main 2765829] Scout.GotoCenter -> Scout.Query | return to random walk
[15 INFO main 2771908] Confirming: 1/8
[15 INFO main 2775996] Confirming: 2/8
[15 INFO main 2778064] Confirming: 4/8
[15 INFO main 2780156] Confirming: 5/8
[15 INFO main 2782336] Confirming: 6/8
[15 INFO main 2784436] Confirming: 7/8
[15 INFO main 2786464] Confirming: 8/8
[15 INFO main 2912276] Scout.Query -> Scout.GotoCenter | Drive to others reported pos
[15 INFO main 2923415] Scout.GotoCenter -> Scout.Query | return to random walk
[15 INFO main 2929574] Confirming: 1/8
[15 INFO main 2931713] Confirming: 2/8
[15 INFO main 2933753] Confirming: 3/8
[15 INFO main 2935849] Confirming: 4/8
[15 INFO main 2937920] Confirming: 5/8
[15 INFO main 2939944] Confirming: 6/8
[15 INFO main 2942012] Confirming: 7/8
[15 INFO main 2944097] Confirming: 8/8
[15 INFO main 3186824] Scout.Query -> Scout.GotoCenter | Drive to others reported pos
[15 INFO main 3344710] Scout.GotoCenter -> Scout.Query | return to random walk
[15 INFO main 3355035] Confirming: 1/8
[15 INFO main 3357124] Confirming: 2/8
[15 INFO main 3359225] Confirming: 3/8
[15 INFO main 3361277] Confirming: 4/8
[15 INFO main 3363349] Confirming: 5/8
[15 INFO main 3365404] Confirming: 6/8
[15 INFO main 3367721] Confirming: 7/8
[15 INFO main 3369733] Confirming: 8/8
