[12 INFO main 68] Initialising Python Geth Console...
[12 INFO main 72] Initialising RandB board...
[12 INFO main 72] Initialising navigation...
[12 INFO main 72] Initialising random-walk...
[12 INFO main 72] Initialising odometry...
[12 INFO main 72] Initialising ground-sensors...
[12 INFO main 474] --//-- Starting Experiment --//--
[12 INFO main 1573] Idle.IDLE -> Scout.Query | Duration: 22.81
[12 INFO main 2686] Scout.Query -> Scout.GotoCenter | Drive to others reported pos
[12 INFO main 4077] Scout.GotoCenter -> Scout.Query | return to random walk
[12 INFO main 4690] Scout.Query -> Scout.GotoCenter | Drive to others reported pos
[12 INFO main 6195] Scout.GotoCenter -> Scout.Query | return to random walk
[12 INFO main 6788] Scout.Query -> Scout.GotoCenter | Drive to others reported pos
[12 INFO main 8390] Scout.GotoCenter -> Scout.Query | return to random walk
[12 INFO main 8990] Scout.Query -> Scout.GotoCenter | Drive to others reported pos
[12 INFO main 9189] Scout.GotoCenter -> Scout.Query | return to random walk
[12 INFO main 10091] Scout.Query -> Scout.GotoCenter | Drive to others reported pos
[12 INFO main 10985] Scout.GotoCenter -> Scout.Query | return to random walk
[12 INFO main 11192] Scout.Query -> Scout.GotoCenter | Drive to others reported pos
[12 INFO main 12087] Scout.GotoCenter -> Scout.Query | return to random walk
