[7 INFO main 27] Initialising Python Geth Console...
[7 INFO main 31] Initialising RandB board...
[7 INFO main 31] Initialising navigation...
[7 INFO main 32] Initialising random-walk...
[7 INFO main 32] Initialising odometry...
[7 INFO main 32] Initialising ground-sensors...
[7 INFO main 722] --//-- Starting Experiment --//--
[7 INFO main 2152] Idle.IDLE -> Scout.Query | Duration: 27.84
[7 INFO main 19093] Scout.Query -> Verify.DriveTo | Go to unverified source
[7 INFO main 63730] Verify.DriveTo -> Verify.Homing | Homing
[7 INFO main 84230] Confirming: 1/9
[7 INFO main 86286] Confirming: 2/9
[7 INFO main 90506] Confirming: 4/9
[7 INFO main 92543] Confirming: 5/9
[7 INFO main 94578] Confirming: 6/9
[7 INFO main 96655] Confirming: 7/9
[7 INFO main 98664] Confirming: 8/9
[7 INFO main 100720] Confirming: 9/9
[7 INFO main 100963] Verify.Homing -> Scout.Query | Arrived home
[7 INFO main 114741] Scout.Query -> Verify.DriveTo | Go to unverified source
[7 INFO main 203268] Verify.DriveTo -> Verify.Homing | Homing
[7 INFO main 226024] Confirming: 2/9
[7 INFO main 228049] Confirming: 4/9
[7 INFO main 232155] Confirming: 5/9
[7 INFO main 234108] Confirming: 7/9
[7 INFO main 236290] Confirming: 8/9
[7 INFO main 237627] Verify.Homing -> Scout.Query | Arrived home
[7 INFO main 238326] Confirming: 9/9
[7 INFO main 238782] Scout.Query -> Verify.DriveTo | Go to unverified source
[7 INFO main 295809] Verify.DriveTo -> Verify.Homing | Homing
[7 INFO main 325251] Confirming: 1/9
[7 INFO main 327285] Confirming: 2/9
[7 INFO main 327448] Verify.Homing -> Scout.Query | Arrived home
[7 INFO main 329379] Confirming: 3/9
[7 INFO main 331476] Confirming: 4/9
[7 INFO main 333502] Confirming: 5/9
[7 INFO main 335578] Confirming: 6/9
[7 INFO main 337661] Confirming: 7/9
[7 INFO main 339748] Confirming: 8/9
[7 INFO main 341773] Confirming: 9/9
[7 INFO main 342342] Scout.Query -> Verify.DriveTo | Go to unverified source
[7 INFO main 365602] Verify.DriveTo -> Verify.Homing | Homing
[7 INFO main 386246] Confirming: 2/9
[7 INFO main 388339] Confirming: 3/9
[7 INFO main 390410] Confirming: 4/9
[7 INFO main 394548] Confirming: 6/9
[7 INFO main 396618] Confirming: 7/9
[7 INFO main 398659] Confirming: 8/9
[7 INFO main 400726] Confirming: 9/9
[7 INFO main 445115] Verify.Homing -> Scout.Query | Arrived home
[7 INFO main 445223] Scout.Query -> Verify.DriveTo | Go to unverified source
[7 INFO main 502779] Verify.DriveTo -> Verify.Homing | Homing
[7 INFO main 522592] Verify.Homing -> Scout.Query | Arrived home
[7 INFO main 534096] Confirming: 1/9
[7 INFO main 536174] Confirming: 2/9
[7 INFO main 538143] Confirming: 3/9
[7 INFO main 542349] Confirming: 5/9
[7 INFO main 544437] Confirming: 6/9
[7 INFO main 546473] Confirming: 7/9
[7 INFO main 548542] Confirming: 8/9
[7 INFO main 552715] Confirming: 10/9
[7 INFO main 552719] Scout.Query -> Scout.PrepSend | Homing
[7 INFO main 552861] Scout.PrepSend -> Verify.Homing | Homing
[7 INFO main 565548] Confirming: 1/9
[7 INFO main 567579] Confirming: 2/9
[7 INFO main 569755] Confirming: 3/9
[7 INFO main 571806] Confirming: 4/9
[7 INFO main 574113] Confirming: 6/9
[7 INFO main 576014] Verify.Homing -> Scout.Query | Arrived home
[7 INFO main 576166] Confirming: 7/9
[7 INFO main 578220] Confirming: 8/9
[7 INFO main 580301] Confirming: 9/9
[7 INFO main 580330] Scout.Query -> Verify.DriveTo | Go to unverified source
[7 INFO main 610273] Verify.DriveTo -> Verify.Homing | Homing
[7 INFO main 623729] Verify.Homing -> Scout.Query | Arrived home
[7 INFO main 626804] Confirming: 1/9
[7 INFO main 628880] Confirming: 2/9
[7 INFO main 630943] Confirming: 3/9
[7 INFO main 633001] Confirming: 4/9
[7 INFO main 635167] Confirming: 6/9
[7 INFO main 637247] Confirming: 7/9
[7 INFO main 639323] Confirming: 8/9
[7 INFO main 641349] Confirming: 9/9
[7 INFO main 641380] Scout.Query -> Verify.DriveTo | Go to unverified source
[7 INFO main 705977] Verify.DriveTo -> Verify.Homing | Homing
[7 INFO main 716466] Confirming: 1/9
[7 INFO main 718552] Confirming: 2/9
[7 INFO main 720585] Confirming: 3/9
[7 INFO main 722668] Confirming: 4/9
[7 INFO main 724758] Confirming: 5/9
[7 INFO main 726820] Confirming: 6/9
[7 INFO main 728873] Confirming: 7/9
[7 INFO main 730937] Confirming: 8/9
[7 INFO main 731253] Verify.Homing -> Scout.Query | Arrived home
[7 INFO main 733067] Confirming: 9/9
[7 INFO main 733494] Scout.Query -> Verify.DriveTo | Go to unverified source
[7 INFO main 783531] Verify.DriveTo -> Verify.Homing | Homing
[7 INFO main 806627] Confirming: 1/9
[7 INFO main 808684] Confirming: 2/9
[7 INFO main 810694] Confirming: 3/9
[7 INFO main 812726] Confirming: 4/9
[7 INFO main 814729] Confirming: 5/9
[7 INFO main 816814] Confirming: 6/9
[7 INFO main 818846] Confirming: 7/9
[7 INFO main 820953] Confirming: 8/9
[7 INFO main 823012] Confirming: 9/9
[7 INFO main 824926] Verify.Homing -> Scout.Query | Arrived home
[7 INFO main 824952] Scout.Query -> Verify.DriveTo | Go to unverified source
[7 INFO main 845420] Verify.DriveTo -> Verify.Homing | Homing
[7 INFO main 849240] Verify.Homing -> Scout.Query | Arrived home
[7 INFO main 860519] Confirming: 1/9
[7 INFO main 862639] Confirming: 2/9
[7 INFO main 864712] Confirming: 3/9
[7 INFO main 866804] Confirming: 4/9
[7 INFO main 868887] Confirming: 5/9
[7 INFO main 870943] Confirming: 6/9
[7 INFO main 872959] Confirming: 7/9
[7 INFO main 875122] Confirming: 9/9
[7 INFO main 875210] Scout.Query -> Verify.DriveTo | Go to unverified source
[7 INFO main 905184] Verify.DriveTo -> Verify.Homing | Homing
[7 INFO main 926306] Confirming: 1/9
[7 INFO main 927217] Verify.Homing -> Scout.Query | Arrived home
[7 INFO main 928567] Confirming: 2/9
[7 INFO main 930574] Confirming: 3/9
[7 INFO main 932626] Confirming: 4/9
[7 INFO main 934675] Confirming: 5/9
[7 INFO main 936768] Confirming: 6/9
[7 INFO main 938880] Confirming: 7/9
[7 INFO main 940943] Confirming: 8/9
[7 INFO main 942965] Confirming: 9/9
[7 INFO main 944083] Scout.Query -> Verify.DriveTo | Go to unverified source
[7 INFO main 969778] Verify.DriveTo -> Verify.Homing | Homing
[7 INFO main 986298] Confirming: 1/9
[7 INFO main 986806] Verify.Homing -> Scout.Query | Arrived home
[7 INFO main 988478] Confirming: 2/9
[7 INFO main 990674] Confirming: 3/9
[7 INFO main 992703] Confirming: 4/9
[7 INFO main 994827] Confirming: 5/9
[7 INFO main 996732] Confirming: 6/9
[7 INFO main 998901] Confirming: 7/9
[7 INFO main 1001038] Confirming: 8/9
[7 INFO main 1003105] Confirming: 10/9
[7 INFO main 1003237] Scout.Query -> Verify.DriveTo | Go to unverified source
[7 INFO main 1027377] Verify.DriveTo -> Verify.Homing | Homing
[7 INFO main 1046148] Confirming: 1/9
[7 INFO main 1048218] Confirming: 2/9
[7 INFO main 1048666] Verify.Homing -> Scout.Query | Arrived home
[7 INFO main 1050264] Confirming: 3/9
[7 INFO main 1052279] Confirming: 4/9
[7 INFO main 1054384] Confirming: 5/9
[7 INFO main 1056393] Confirming: 6/9
[7 INFO main 1058435] Confirming: 7/9
[7 INFO main 1060464] Confirming: 8/9
[7 INFO main 1062546] Confirming: 9/9
[7 INFO main 1062755] Scout.Query -> Verify.DriveTo | Go to unverified source
[7 INFO main 1107229] Verify.DriveTo -> Verify.Homing | Homing
[7 INFO main 1131345] Verify.Homing -> Scout.Query | Arrived home
[7 INFO main 1136032] Confirming: 1/9
[7 INFO main 1138061] Confirming: 2/9
[7 INFO main 1140073] Confirming: 3/9
[7 INFO main 1142177] Confirming: 4/9
[7 INFO main 1144236] Confirming: 5/9
[7 INFO main 1146311] Confirming: 6/9
[7 INFO main 1148347] Confirming: 7/9
[7 INFO main 1150365] Confirming: 8/9
[7 INFO main 1152429] Confirming: 9/9
[7 INFO main 1152733] Scout.Query -> Verify.DriveTo | Go to unverified source
[7 INFO main 1237844] Verify.DriveTo -> Verify.Homing | Homing
[7 INFO main 1256267] Confirming: 1/9
[7 INFO main 1258320] Confirming: 2/9
[7 INFO main 1260008] Verify.Homing -> Scout.Query | Arrived home
[7 INFO main 1260455] Confirming: 3/9
[7 INFO main 1262460] Confirming: 4/9
[7 INFO main 1264497] Confirming: 5/9
[7 INFO main 1266560] Confirming: 6/9
[7 INFO main 1268630] Confirming: 7/9
[7 INFO main 1270697] Confirming: 8/9
[7 INFO main 1272722] Confirming: 9/9
[7 INFO main 1273039] Scout.Query -> Verify.DriveTo | Go to unverified source
[7 INFO main 1308166] Verify.DriveTo -> Verify.Homing | Homing
[7 INFO main 1316604] Confirming: 2/9
[7 INFO main 1320687] Confirming: 4/9
[7 INFO main 1322789] Confirming: 5/9
[7 INFO main 1326962] Confirming: 7/9
[7 INFO main 1329005] Confirming: 8/9
[7 INFO main 1331025] Confirming: 9/9
[7 INFO main 1341795] Verify.Homing -> Scout.Query | Arrived home
[7 INFO main 1341936] Scout.Query -> Verify.DriveTo | Go to unverified source
[7 INFO main 1392046] Verify.DriveTo -> Verify.Homing | Homing
[7 INFO main 1405006] Confirming: 1/9
[7 INFO main 1407344] Confirming: 2/9
[7 INFO main 1409327] Confirming: 3/9
[7 INFO main 1411389] Confirming: 4/9
[7 INFO main 1413463] Confirming: 5/9
[7 INFO main 1415704] Confirming: 6/9
[7 INFO main 1417761] Confirming: 7/9
[7 INFO main 1419806] Confirming: 8/9
[7 INFO main 1421965] Confirming: 9/9
[7 INFO main 1422558] Verify.Homing -> Scout.Query | Arrived home
[7 INFO main 1422688] Scout.Query -> Verify.DriveTo | Go to unverified source
[7 INFO main 1517480] Verify.DriveTo -> Verify.Homing | Homing
[7 INFO main 1527978] Confirming: 1/9
[7 INFO main 1530122] Confirming: 2/9
[7 INFO main 1532138] Confirming: 4/9
[7 INFO main 1536362] Confirming: 6/9
[7 INFO main 1538366] Confirming: 7/9
[7 INFO main 1540391] Confirming: 8/9
[7 INFO main 1542412] Confirming: 9/9
[7 INFO main 1543436] Verify.Homing -> Scout.Query | Arrived home
[7 INFO main 1543573] Scout.Query -> Verify.DriveTo | Go to unverified source
[7 INFO main 1557727] Verify.DriveTo -> Verify.Homing | Homing
[7 INFO main 1568399] Verify.Homing -> Scout.Query | Arrived home
[7 INFO main 1587058] Confirming: 1/9
[7 INFO main 1589126] Confirming: 2/9
[7 INFO main 1591191] Confirming: 3/9
[7 INFO main 1593268] Confirming: 4/9
[7 INFO main 1595334] Confirming: 5/9
[7 INFO main 1597365] Confirming: 6/9
[7 INFO main 1599543] Confirming: 7/9
[7 INFO main 1601596] Confirming: 8/9
[7 INFO main 1603702] Confirming: 9/9
[7 INFO main 1604257] Scout.Query -> Verify.DriveTo | Go to unverified source
[7 INFO main 1673625] Verify.DriveTo -> Verify.Homing | Homing
[7 INFO main 1701923] Verify.Homing -> Scout.Query | Arrived home
[7 INFO main 1707016] Confirming: 1/9
[7 INFO main 1711088] Confirming: 3/9
[7 INFO main 1713196] Confirming: 4/9
[7 INFO main 1715383] Confirming: 5/9
[7 INFO main 1717403] Confirming: 6/9
[7 INFO main 1719547] Confirming: 7/9
[7 INFO main 1721668] Confirming: 8/9
[7 INFO main 1723720] Confirming: 9/9
[7 INFO main 1724215] Scout.Query -> Verify.DriveTo | Go to unverified source
[7 INFO main 1766464] Verify.DriveTo -> Verify.Homing | Homing
[7 INFO main 1797176] Verify.Homing -> Scout.Query | Arrived home
[7 INFO main 1797595] Confirming: 1/9
[7 INFO main 1799608] Confirming: 2/9
