[1 INFO main 35] Initialising Python Geth Console...
[1 INFO main 41] Initialising RandB board...
[1 INFO main 41] Initialising navigation...
[1 INFO main 41] Initialising random-walk...
[1 INFO main 41] Initialising odometry...
[1 INFO main 41] Initialising ground-sensors...
[1 INFO main 989] --//-- Starting Experiment --//--
[1 INFO main 2383] Idle.IDLE -> Scout.Query | Duration: 28.76
[1 INFO main 15060] Scout.Query -> Verify.DriveTo | Go to unverified source
[1 INFO main 68795] Verify.DriveTo -> Verify.Homing | Homing
[1 INFO main 83713] Confirming: 1/9
[1 INFO main 85753] Confirming: 2/9
[1 INFO main 87367] Verify.Homing -> Scout.Query | Arrived home
[1 INFO main 87769] Confirming: 3/9
[1 INFO main 89786] Confirming: 4/9
[1 INFO main 91832] Confirming: 5/9
[1 INFO main 94110] Confirming: 6/9
[1 INFO main 96208] Confirming: 7/9
[1 INFO main 98262] Confirming: 8/9
[1 INFO main 100350] Confirming: 9/9
[1 INFO main 100543] Scout.Query -> Verify.DriveTo | Go to unverified source
[1 INFO main 124677] Verify.DriveTo -> Verify.Homing | Homing
[1 INFO main 141970] Verify.Homing -> Scout.Query | Arrived home
[1 INFO main 143225] Confirming: 2/9
[1 INFO main 145223] Confirming: 3/9
[1 INFO main 147325] Confirming: 4/9
[1 INFO main 149409] Confirming: 5/9
[1 INFO main 153546] Confirming: 7/9
[1 INFO main 155593] Confirming: 8/9
[1 INFO main 162038] Confirming: 11/9
[1 INFO main 162064] Scout.Query -> Verify.DriveTo | Go to unverified source
[1 INFO main 196983] Verify.DriveTo -> Verify.Homing | Homing
[1 INFO main 205426] Confirming: 2/9
[1 INFO main 207505] Confirming: 3/9
[1 INFO main 209595] Confirming: 4/9
[1 INFO main 212360] Confirming: 5/9
[1 INFO main 214420] Confirming: 6/9
[1 INFO main 216470] Confirming: 7/9
[1 INFO main 217360] Verify.Homing -> Scout.Query | Arrived home
[1 INFO main 218381] Confirming: 8/9
[1 INFO main 220487] Confirming: 9/9
[1 INFO main 220755] Scout.Query -> Verify.DriveTo | Go to unverified source
