[4 INFO main 27] Initialising Python Geth Console...
[4 INFO main 31] Initialising RandB board...
[4 INFO main 31] Initialising navigation...
[4 INFO main 31] Initialising random-walk...
[4 INFO main 31] Initialising odometry...
[4 INFO main 31] Initialising ground-sensors...
[4 INFO main 876] --//-- Starting Experiment --//--
[4 INFO main 1977] Idle.IDLE -> Scout.Query | Duration: 21.90
[4 INFO main 61667] Scout.Query -> Scout.GotoCenter | Drive to others reported pos
[4 INFO main 93623] Scout.GotoCenter -> Scout.Query | return to random walk
[4 INFO main 124110] Scout.Query -> Scout.GotoCenter | Drive to others reported pos
[4 INFO main 167005] Scout.GotoCenter -> Scout.Query | return to random walk
[4 INFO main 306223] Scout.Query -> Scout.GotoCenter | Drive to others reported pos
[4 INFO main 336525] Scout.GotoCenter -> Scout.Query | return to random walk
[4 INFO main 366930] Scout.Query -> Scout.GotoCenter | Drive to others reported pos
[4 INFO main 405017] Scout.GotoCenter -> Scout.Query | return to random walk
[4 INFO main 516931] Scout.Query -> Scout.GotoCenter | Drive to others reported pos
[4 INFO main 609566] Scout.GotoCenter -> Scout.Query | return to random walk
[4 INFO main 705608] Scout.Query -> Scout.GotoCenter | Drive to others reported pos
[4 INFO main 722199] Scout.GotoCenter -> Scout.Query | return to random walk
