[9 INFO main 54] Initialising Python Geth Console...
[9 INFO main 59] Initialising RandB board...
[9 INFO main 59] Initialising navigation...
[9 INFO main 59] Initialising random-walk...
[9 INFO main 59] Initialising odometry...
[9 INFO main 59] Initialising ground-sensors...
[9 INFO main 511] --//-- Starting Experiment --//--
[9 INFO main 1966] Idle.IDLE -> Scout.Query | Duration: 26.62
[9 INFO main 14663] Scout.Query -> Verify.DriveTo | Go to unverified source
[9 INFO main 51095] Verify.DriveTo -> Verify.Homing | Homing
[9 INFO main 59463] Confirming: 1/9
[9 INFO main 61515] Confirming: 2/9
[9 INFO main 63526] Confirming: 3/9
[9 INFO main 65543] Confirming: 4/9
[9 INFO main 67628] Confirming: 6/9
[9 INFO main 69663] Confirming: 7/9
[9 INFO main 73776] Confirming: 9/9
[9 INFO main 76539] Verify.Homing -> Scout.Query | Arrived home
[9 INFO main 76647] Scout.Query -> Verify.DriveTo | Go to unverified source
[9 INFO main 132847] Verify.DriveTo -> Verify.Homing | Homing
[9 INFO main 140525] Verify.Homing -> Scout.Query | Arrived home
[9 INFO main 149691] Confirming: 1/9
[9 INFO main 151938] Confirming: 2/9
[9 INFO main 153979] Confirming: 3/9
[9 INFO main 156439] Confirming: 4/9
[9 INFO main 158498] Confirming: 5/9
[9 INFO main 160782] Confirming: 7/9
[9 INFO main 162853] Confirming: 8/9
[9 INFO main 165261] Confirming: 9/9
[9 INFO main 165285] Scout.Query -> Verify.DriveTo | Go to unverified source
[9 INFO main 256097] Verify.DriveTo -> Verify.Homing | Homing
[9 INFO main 268002] Verify.Homing -> Scout.Query | Arrived home
[9 INFO main 268750] Confirming: 1/9
[9 INFO main 272903] Confirming: 2/9
[9 INFO main 274911] Confirming: 3/9
[9 INFO main 276927] Confirming: 4/9
[9 INFO main 278927] Confirming: 6/9
[9 INFO main 280932] Confirming: 7/9
[9 INFO main 283006] Confirming: 8/9
[9 INFO main 285032] Confirming: 9/9
[9 INFO main 285056] Scout.Query -> Verify.DriveTo | Go to unverified source
[9 INFO main 338559] Verify.DriveTo -> Verify.Homing | Homing
[9 INFO main 352030] Verify.Homing -> Scout.Query | Arrived home
[9 INFO main 353098] Confirming: 2/9
[9 INFO main 355431] Confirming: 3/9
[9 INFO main 357500] Confirming: 4/9
[9 INFO main 359537] Confirming: 5/9
[9 INFO main 361832] Confirming: 6/9
[9 INFO main 363891] Confirming: 7/9
[9 INFO main 365912] Confirming: 8/9
[9 INFO main 367920] Confirming: 9/9
[9 INFO main 368172] Scout.Query -> Verify.DriveTo | Go to unverified source
[9 INFO main 408342] Verify.DriveTo -> Verify.Homing | Homing
[9 INFO main 418242] Verify.Homing -> Scout.Query | Arrived home
[9 INFO main 418943] Confirming: 1/9
[9 INFO main 420966] Confirming: 2/9
[9 INFO main 422996] Confirming: 3/9
[9 INFO main 425019] Confirming: 4/9
[9 INFO main 427052] Confirming: 5/9
[9 INFO main 431107] Confirming: 7/9
[9 INFO main 433187] Confirming: 8/9
[9 INFO main 435231] Confirming: 9/9
[9 INFO main 435509] Scout.Query -> Verify.DriveTo | Go to unverified source
[9 INFO main 490839] Verify.DriveTo -> Verify.Homing | Homing
[9 INFO main 509543] Confirming: 1/9
[9 INFO main 511575] Confirming: 2/9
[9 INFO main 513616] Confirming: 3/9
[9 INFO main 515640] Confirming: 4/9
[9 INFO main 516368] Verify.Homing -> Scout.Query | Arrived home
[9 INFO main 519794] Confirming: 6/9
[9 INFO main 521812] Confirming: 7/9
[9 INFO main 523820] Confirming: 8/9
[9 INFO main 528031] Confirming: 10/9
[9 INFO main 528317] Scout.Query -> Verify.DriveTo | Go to unverified source
[9 INFO main 540668] Verify.DriveTo -> Verify.Homing | Homing
[9 INFO main 548343] Verify.Homing -> Scout.Query | Arrived home
[9 INFO main 574348] Confirming: 1/9
[9 INFO main 617784] Confirming: 2/9
[9 INFO main 623832] Confirming: 5/9
[9 INFO main 627941] Confirming: 7/9
[9 INFO main 629948] Confirming: 8/9
[9 INFO main 631968] Confirming: 9/9
[9 INFO main 632283] Scout.Query -> Verify.DriveTo | Go to unverified source
[9 INFO main 696856] Verify.DriveTo -> Verify.Homing | Homing
[9 INFO main 717824] Confirming: 1/9
[9 INFO main 721969] Confirming: 2/9
[9 INFO main 725755] Verify.Homing -> Scout.Query | Arrived home
[9 INFO main 738315] Confirming: 3/9
[9 INFO main 740393] Confirming: 4/9
[9 INFO main 742458] Confirming: 5/9
[9 INFO main 744483] Confirming: 6/9
[9 INFO main 746498] Confirming: 7/9
[9 INFO main 748547] Confirming: 8/9
[9 INFO main 750764] Confirming: 10/9
[9 INFO main 751316] Scout.Query -> Verify.DriveTo | Go to unverified source
[9 INFO main 785564] Verify.DriveTo -> Verify.Homing | Homing
[9 INFO main 791526] Verify.Homing -> Scout.Query | Arrived home
[9 INFO main 794224] Confirming: 1/9
[9 INFO main 796319] Confirming: 2/9
[9 INFO main 798717] Confirming: 3/9
[9 INFO main 800800] Confirming: 4/9
[9 INFO main 803039] Confirming: 5/9
[9 INFO main 809586] Confirming: 9/9
[9 INFO main 809626] Scout.Query -> Verify.DriveTo | Go to unverified source
[9 INFO main 844030] Verify.DriveTo -> Verify.Homing | Homing
[9 INFO main 854481] Confirming: 1/9
[9 INFO main 856555] Confirming: 2/9
[9 INFO main 858595] Confirming: 3/9
[9 INFO main 860614] Confirming: 4/9
[9 INFO main 862672] Confirming: 5/9
[9 INFO main 864758] Confirming: 6/9
[9 INFO main 866836] Confirming: 8/9
[9 INFO main 870881] Confirming: 9/9
[9 INFO main 873455] Verify.Homing -> Scout.Query | Arrived home
[9 INFO main 873602] Scout.Query -> Verify.DriveTo | Go to unverified source
[9 INFO main 948571] Verify.DriveTo -> Verify.Homing | Homing
[9 INFO main 973478] Confirming: 1/9
[9 INFO main 975551] Confirming: 2/9
[9 INFO main 977000] Verify.Homing -> Scout.Query | Arrived home
[9 INFO main 977515] Confirming: 3/9
[9 INFO main 979668] Confirming: 4/9
[9 INFO main 981750] Confirming: 5/9
[9 INFO main 983775] Confirming: 6/9
[9 INFO main 985810] Confirming: 7/9
[9 INFO main 987811] Confirming: 8/9
[9 INFO main 989843] Confirming: 9/9
[9 INFO main 990262] Scout.Query -> Verify.DriveTo | Go to unverified source
[9 INFO main 1010929] Verify.DriveTo -> Verify.Homing | Homing
[9 INFO main 1018839] Verify.Homing -> Scout.Query | Arrived home
[9 INFO main 1033956] Confirming: 1/9
[9 INFO main 1036055] Confirming: 2/9
[9 INFO main 1038095] Confirming: 3/9
[9 INFO main 1040113] Confirming: 4/9
[9 INFO main 1042173] Confirming: 5/9
[9 INFO main 1044203] Confirming: 6/9
[9 INFO main 1046377] Confirming: 7/9
[9 INFO main 1048454] Confirming: 8/9
[9 INFO main 1050484] Confirming: 9/9
[9 INFO main 1050820] Scout.Query -> Verify.DriveTo | Go to unverified source
[9 INFO main 1066670] Verify.DriveTo -> Verify.Homing | Homing
[9 INFO main 1090070] Verify.Homing -> Scout.Query | Arrived home
[9 INFO main 1093894] Confirming: 1/9
[9 INFO main 1095936] Confirming: 2/9
[9 INFO main 1097968] Confirming: 3/9
[9 INFO main 1099999] Confirming: 4/9
[9 INFO main 1102063] Confirming: 5/9
[9 INFO main 1104143] Confirming: 6/9
[9 INFO main 1106151] Confirming: 7/9
[9 INFO main 1108225] Confirming: 8/9
[9 INFO main 1110263] Confirming: 9/9
[9 INFO main 1110320] Scout.Query -> Verify.DriveTo | Go to unverified source
[9 INFO main 1234015] Verify.DriveTo -> Verify.Homing | Homing
[9 INFO main 1244607] Confirming: 1/9
[9 INFO main 1246615] Confirming: 3/9
[9 INFO main 1250830] Confirming: 4/9
[9 INFO main 1252896] Confirming: 5/9
[9 INFO main 1254378] Verify.Homing -> Scout.Query | Arrived home
[9 INFO main 1254988] Confirming: 7/9
[9 INFO main 1257011] Confirming: 8/9
[9 INFO main 1261142] Confirming: 10/9
[9 INFO main 1262042] Scout.Query -> Verify.DriveTo | Go to unverified source
[9 INFO main 1290665] Verify.DriveTo -> Verify.Homing | Homing
[9 INFO main 1301759] Verify.Homing -> Scout.Query | Arrived home
[9 INFO main 1303089] Confirming: 1/9
[9 INFO main 1305141] Confirming: 2/9
[9 INFO main 1307161] Confirming: 3/9
[9 INFO main 1309234] Confirming: 4/9
[9 INFO main 1311240] Confirming: 5/9
[9 INFO main 1313267] Confirming: 6/9
[9 INFO main 1315294] Confirming: 7/9
[9 INFO main 1317308] Confirming: 8/9
[9 INFO main 1319350] Confirming: 9/9
[9 INFO main 1319809] Scout.Query -> Verify.DriveTo | Go to unverified source
[9 INFO main 1339657] Verify.DriveTo -> Verify.Homing | Homing
[9 INFO main 1364458] Confirming: 1/9
[9 INFO main 1366509] Confirming: 2/9
[9 INFO main 1368537] Confirming: 3/9
[9 INFO main 1370554] Confirming: 4/9
[9 INFO main 1372620] Confirming: 6/9
[9 INFO main 1376742] Confirming: 8/9
[9 INFO main 1378766] Confirming: 9/9
[9 INFO main 1383829] Verify.Homing -> Scout.Query | Arrived home
[9 INFO main 1383996] Scout.Query -> Verify.DriveTo | Go to unverified source
[9 INFO main 1422600] Verify.DriveTo -> Verify.Homing | Homing
[9 INFO main 1447410] Verify.Homing -> Scout.Query | Arrived home
[9 INFO main 1453815] Confirming: 2/9
[9 INFO main 1455908] Confirming: 3/9
[9 INFO main 1457963] Confirming: 4/9
[9 INFO main 1459966] Confirming: 5/9
[9 INFO main 1462022] Confirming: 6/9
[9 INFO main 1464103] Confirming: 7/9
[9 INFO main 1466126] Confirming: 8/9
[9 INFO main 1468182] Confirming: 9/9
[9 INFO main 1468349] Scout.Query -> Verify.DriveTo | Go to unverified source
[9 INFO main 1510114] Verify.DriveTo -> Verify.Homing | Homing
[9 INFO main 1523234] Verify.Homing -> Scout.Query | Arrived home
[9 INFO main 1543259] Confirming: 1/9
[9 INFO main 1545177] Confirming: 2/9
[9 INFO main 1614104] Confirming: 34/9
[9 INFO main 1614415] Scout.Query -> Verify.DriveTo | Go to unverified source
[9 INFO main 1636048] Verify.DriveTo -> Verify.Homing | Homing
[9 INFO main 1652621] Verify.Homing -> Scout.Query | Arrived home
[9 INFO main 1667656] Confirming: 1/9
[9 INFO main 1669719] Confirming: 2/9
[9 INFO main 1671765] Confirming: 3/9
[9 INFO main 1675965] Confirming: 4/9
[9 INFO main 1678027] Confirming: 5/9
[9 INFO main 1680038] Confirming: 6/9
[9 INFO main 1682083] Confirming: 7/9
[9 INFO main 1684128] Confirming: 8/9
[9 INFO main 1692237] Confirming: 13/9
[9 INFO main 1692644] Scout.Query -> Verify.DriveTo | Go to unverified source
[9 INFO main 1820463] Verify.DriveTo -> Verify.Homing | Homing
[9 INFO main 1843558] Verify.Homing -> Scout.Query | Arrived home
[9 INFO main 1847611] Confirming: 1/9
[9 INFO main 1851848] Confirming: 2/9
[9 INFO main 1853860] Confirming: 3/9
[9 INFO main 1855879] Confirming: 5/9
[9 INFO main 1859922] Confirming: 7/9
[9 INFO main 1864012] Confirming: 9/9
[9 INFO main 1864941] Scout.Query -> Verify.DriveTo | Go to unverified source
[9 INFO main 1903862] Verify.DriveTo -> Verify.Homing | Homing
[9 INFO main 1915958] Verify.Homing -> Scout.Query | Arrived home
[9 INFO main 1939211] Confirming: 1/9
[9 INFO main 1941339] Confirming: 2/9
[9 INFO main 1943413] Confirming: 3/9
[9 INFO main 1945483] Confirming: 4/9
[9 INFO main 1947576] Confirming: 5/9
[9 INFO main 1949670] Confirming: 6/9
[9 INFO main 1951740] Confirming: 8/9
[9 INFO main 1953898] Confirming: 9/9
[9 INFO main 1953939] Scout.Query -> Verify.DriveTo | Go to unverified source
[9 INFO main 1996679] Verify.DriveTo -> Verify.Homing | Homing
[9 INFO main 2016884] Verify.Homing -> Scout.Query | Arrived home
[9 INFO main 2021796] Confirming: 2/9
[9 INFO main 2023850] Confirming: 3/9
[9 INFO main 2028074] Confirming: 5/9
[9 INFO main 2030132] Confirming: 6/9
[9 INFO main 2032255] Confirming: 7/9
[9 INFO main 2034267] Confirming: 8/9
[9 INFO main 2036350] Confirming: 9/9
[9 INFO main 2036918] Scout.Query -> Verify.DriveTo | Go to unverified source
[9 INFO main 2135474] Verify.DriveTo -> Verify.Homing | Homing
[9 INFO main 2157384] Verify.Homing -> Scout.Query | Arrived home
[9 INFO main 2160145] Confirming: 1/9
[9 INFO main 2162289] Confirming: 2/9
[9 INFO main 2166591] Confirming: 4/9
[9 INFO main 2170734] Confirming: 6/9
[9 INFO main 2172864] Confirming: 7/9
[9 INFO main 2174974] Confirming: 8/9
[9 INFO main 2177002] Confirming: 9/9
[9 INFO main 2177659] Scout.Query -> Verify.DriveTo | Go to unverified source
[9 INFO main 2263281] Verify.DriveTo -> Verify.Homing | Homing
[9 INFO main 2269599] Confirming: 1/9
[9 INFO main 2271683] Confirming: 2/9
[9 INFO main 2273760] Confirming: 4/9
[9 INFO main 2275152] Verify.Homing -> Scout.Query | Arrived home
[9 INFO main 2275842] Confirming: 5/9
[9 INFO main 2277860] Confirming: 6/9
[9 INFO main 2279879] Confirming: 7/9
[9 INFO main 2281959] Confirming: 8/9
[9 INFO main 2285950] Confirming: 10/9
[9 INFO main 2286130] Scout.Query -> Verify.DriveTo | Go to unverified source
[9 INFO main 2322159] Verify.DriveTo -> Verify.Homing | Homing
[9 INFO main 2334207] Verify.Homing -> Scout.Query | Arrived home
[9 INFO main 2359878] Confirming: 1/9
[9 INFO main 2361911] Confirming: 2/9
[9 INFO main 2363952] Confirming: 3/9
[9 INFO main 2366039] Confirming: 4/9
[9 INFO main 2368102] Confirming: 5/9
[9 INFO main 2370122] Confirming: 6/9
[9 INFO main 2372183] Confirming: 7/9
[9 INFO main 2374301] Confirming: 8/9
[9 INFO main 2376421] Confirming: 9/9
[9 INFO main 2377124] Scout.Query -> Verify.DriveTo | Go to unverified source
[9 INFO main 2388382] Verify.DriveTo -> Verify.Homing | Homing
[9 INFO main 2414768] Verify.Homing -> Scout.Query | Arrived home
[9 INFO main 2419424] Confirming: 1/9
[9 INFO main 2421618] Confirming: 2/9
[9 INFO main 2423670] Confirming: 3/9
[9 INFO main 2425711] Confirming: 4/9
[9 INFO main 2427730] Confirming: 5/9
[9 INFO main 2429778] Confirming: 6/9
[9 INFO main 2431802] Confirming: 7/9
[9 INFO main 2433825] Confirming: 8/9
[9 INFO main 2435851] Confirming: 9/9
[9 INFO main 2435922] Scout.Query -> Verify.DriveTo | Go to unverified source
[9 INFO main 2491042] Verify.DriveTo -> Verify.Homing | Homing
[9 INFO main 2510302] Confirming: 1/9
[9 INFO main 2512464] Confirming: 2/9
[9 INFO main 2514553] Confirming: 3/9
[9 INFO main 2516563] Confirming: 4/9
[9 INFO main 2517672] Verify.Homing -> Scout.Query | Arrived home
[9 INFO main 2518606] Confirming: 5/9
[9 INFO main 2520766] Confirming: 7/9
[9 INFO main 2524862] Confirming: 9/9
[9 INFO main 2525442] Scout.Query -> Verify.DriveTo | Go to unverified source
[9 INFO main 2607779] Verify.DriveTo -> Verify.Homing | Homing
[9 INFO main 2630742] Confirming: 1/9
[9 INFO main 2632775] Confirming: 3/9
[9 INFO main 2634688] Confirming: 4/9
[9 INFO main 2635233] Verify.Homing -> Scout.Query | Arrived home
[9 INFO main 2636831] Confirming: 5/9
[9 INFO main 2638898] Confirming: 6/9
[9 INFO main 2640953] Confirming: 7/9
[9 INFO main 2645047] Confirming: 9/9
[9 INFO main 2645089] Scout.Query -> Verify.DriveTo | Go to unverified source
[9 INFO main 2689176] Verify.DriveTo -> Verify.Homing | Homing
[9 INFO main 2720478] Confirming: 1/9
[9 INFO main 2720696] Verify.Homing -> Scout.Query | Arrived home
[9 INFO main 2724505] Confirming: 3/9
[9 INFO main 2726629] Confirming: 5/9
[9 INFO main 2728686] Confirming: 6/9
[9 INFO main 2732679] Confirming: 8/9
[9 INFO main 2734803] Confirming: 9/9
[9 INFO main 2735084] Scout.Query -> Verify.DriveTo | Go to unverified source
[9 INFO main 2779567] Verify.DriveTo -> Verify.Homing | Homing
[9 INFO main 2800324] Confirming: 1/9
[9 INFO main 2802375] Confirming: 2/9
[9 INFO main 2804378] Confirming: 3/9
[9 INFO main 2806857] Verify.Homing -> Scout.Query | Arrived home
[9 INFO main 2841671] Confirming: 4/9
[9 INFO main 2843731] Confirming: 5/9
[9 INFO main 2845830] Confirming: 6/9
[9 INFO main 2847847] Confirming: 7/9
[9 INFO main 2849867] Confirming: 8/9
[9 INFO main 2853983] Confirming: 10/9
[9 INFO main 2854028] Scout.Query -> Verify.DriveTo | Go to unverified source
[9 INFO main 2963245] Verify.DriveTo -> Verify.Homing | Homing
[9 INFO main 2978409] Confirming: 1/9
[9 INFO main 2979506] Verify.Homing -> Scout.Query | Arrived home
[9 INFO main 2980688] Confirming: 2/9
[9 INFO main 2982980] Confirming: 3/9
[9 INFO main 2985020] Confirming: 4/9
[9 INFO main 2987010] Confirming: 5/9
[9 INFO main 2989169] Confirming: 6/9
[9 INFO main 2991177] Confirming: 7/9
[9 INFO main 2993343] Confirming: 8/9
[9 INFO main 2995466] Confirming: 9/9
[9 INFO main 2996347] Scout.Query -> Verify.DriveTo | Go to unverified source
[9 INFO main 3075559] Verify.DriveTo -> Verify.Homing | Homing
[9 INFO main 3082116] Confirming: 1/9
[9 INFO main 3084186] Confirming: 2/9
[9 INFO main 3086213] Confirming: 3/9
[9 INFO main 3088268] Confirming: 4/9
[9 INFO main 3090431] Confirming: 5/9
[9 INFO main 3092531] Confirming: 6/9
[9 INFO main 3094623] Confirming: 7/9
[9 INFO main 3096869] Confirming: 8/9
[9 INFO main 3098942] Confirming: 9/9
[9 INFO main 3106771] Verify.Homing -> Scout.Query | Arrived home
[9 INFO main 3107017] Scout.Query -> Verify.DriveTo | Go to unverified source
[9 INFO main 3137839] Verify.DriveTo -> Verify.Homing | Homing
[9 INFO main 3151455] Verify.Homing -> Scout.Query | Arrived home
[9 INFO main 3173882] Confirming: 2/9
[9 INFO main 3175932] Confirming: 3/9
[9 INFO main 3179971] Confirming: 5/9
[9 INFO main 3182099] Confirming: 6/9
[9 INFO main 3184014] Confirming: 7/9
[9 INFO main 3186123] Confirming: 8/9
[9 INFO main 3190244] Confirming: 10/9
[9 INFO main 3190287] Scout.Query -> Verify.DriveTo | Go to unverified source
[9 INFO main 3354511] Verify.DriveTo -> Verify.Homing | Homing
[9 INFO main 3370779] Verify.Homing -> Scout.Query | Arrived home
[9 INFO main 3383506] Confirming: 1/9
[9 INFO main 3385631] Confirming: 3/9
[9 INFO main 3389616] Confirming: 4/9
[9 INFO main 3391731] Confirming: 6/9
[9 INFO main 3393881] Confirming: 7/9
[9 INFO main 3395940] Confirming: 8/9
[9 INFO main 3397991] Confirming: 9/9
[9 INFO main 3398586] Scout.Query -> Verify.DriveTo | Go to unverified source
[9 INFO main 3419947] Verify.DriveTo -> Verify.Homing | Homing
[9 INFO main 3427889] Verify.Homing -> Scout.Query | Arrived home
[9 INFO main 3443569] Confirming: 1/9
[9 INFO main 3445612] Confirming: 3/9
[9 INFO main 3447639] Confirming: 4/9
[9 INFO main 3451615] Confirming: 5/9
[9 INFO main 3453797] Confirming: 6/9
[9 INFO main 3456101] Confirming: 7/9
[9 INFO main 3458205] Confirming: 9/9
[9 INFO main 3459021] Scout.Query -> Verify.DriveTo | Go to unverified source
[9 INFO main 3510466] Verify.DriveTo -> Verify.Homing | Homing
[9 INFO main 3533206] Confirming: 1/9
[9 INFO main 3535251] Confirming: 2/9
[9 INFO main 3535901] Verify.Homing -> Scout.Query | Arrived home
[9 INFO main 3537327] Confirming: 3/9
[9 INFO main 3539344] Confirming: 4/9
[9 INFO main 3541380] Confirming: 5/9
[9 INFO main 3543496] Confirming: 6/9
[9 INFO main 3545472] Confirming: 7/9
[9 INFO main 3547587] Confirming: 8/9
[9 INFO main 3549635] Confirming: 10/9
[9 INFO main 3549919] Scout.Query -> Verify.DriveTo | Go to unverified source
[9 INFO main 3610431] Verify.DriveTo -> Verify.Homing | Homing
[9 INFO main 3622969] Confirming: 1/9
[9 INFO main 3627135] Confirming: 2/9
[9 INFO main 3629227] Confirming: 3/9
[9 INFO main 3631335] Confirming: 5/9
[9 INFO main 3633397] Confirming: 6/9
[9 INFO main 3635454] Confirming: 7/9
[9 INFO main 3637529] Confirming: 8/9
[9 INFO main 3639663] Confirming: 9/9
[9 INFO main 3639882] Verify.Homing -> Scout.Query | Arrived home
[9 INFO main 3640110] Scout.Query -> Verify.DriveTo | Go to unverified source
[9 INFO main 3704309] Verify.DriveTo -> Verify.Homing | Homing
[9 INFO main 3714913] Confirming: 2/9
[9 INFO main 3717016] Confirming: 3/9
[9 INFO main 3719055] Confirming: 4/9
[9 INFO main 3721142] Confirming: 5/9
[9 INFO main 3723360] Confirming: 6/9
[9 INFO main 3727240] Verify.Homing -> Scout.Query | Arrived home
[9 INFO main 3727442] Confirming: 7/9
[9 INFO main 3729534] Confirming: 9/9
[9 INFO main 3729586] Scout.Query -> Verify.DriveTo | Go to unverified source
[9 INFO main 3765511] Verify.DriveTo -> Verify.Homing | Homing
[9 INFO main 3782728] Verify.Homing -> Scout.Query | Arrived home
[9 INFO main 3796434] Confirming: 1/9
[9 INFO main 3798597] Confirming: 2/9
[9 INFO main 3800673] Confirming: 3/9
[9 INFO main 3802871] Confirming: 4/9
[9 INFO main 3804908] Confirming: 5/9
[9 INFO main 3806909] Confirming: 6/9
[9 INFO main 3808938] Confirming: 7/9
[9 INFO main 3810943] Confirming: 8/9
[9 INFO main 3813001] Confirming: 9/9
[9 INFO main 3813124] Scout.Query -> Verify.DriveTo | Go to unverified source
[9 INFO main 3878920] Verify.DriveTo -> Verify.Homing | Homing
[9 INFO main 3893635] Confirming: 1/9
[9 INFO main 3895726] Confirming: 2/9
[9 INFO main 3896872] Verify.Homing -> Scout.Query | Arrived home
[9 INFO main 3899886] Confirming: 4/9
[9 INFO main 3901987] Confirming: 5/9
[9 INFO main 3904001] Confirming: 6/9
[9 INFO main 3906309] Confirming: 7/9
[9 INFO main 3908352] Confirming: 8/9
[9 INFO main 3910462] Confirming: 9/9
[9 INFO main 3911317] Scout.Query -> Verify.DriveTo | Go to unverified source
[9 INFO main 4002244] Verify.DriveTo -> Verify.Homing | Homing
[9 INFO main 4014784] Confirming: 1/9
[9 INFO main 4016803] Confirming: 2/9
[9 INFO main 4018852] Confirming: 3/9
[9 INFO main 4020951] Confirming: 4/9
[9 INFO main 4023040] Confirming: 5/9
[9 INFO main 4025071] Confirming: 6/9
[9 INFO main 4027193] Confirming: 7/9
[9 INFO main 4027904] Verify.Homing -> Scout.Query | Arrived home
[9 INFO main 4029252] Confirming: 8/9
[9 INFO main 4031301] Confirming: 9/9
[9 INFO main 4031570] Scout.Query -> Verify.DriveTo | Go to unverified source
[9 INFO main 4060721] Verify.DriveTo -> Verify.Homing | Homing
[9 INFO main 4074013] Confirming: 1/9
[9 INFO main 4074971] Verify.Homing -> Scout.Query | Arrived home
[9 INFO main 4076040] Confirming: 2/9
[9 INFO main 4080147] Confirming: 4/9
[9 INFO main 4082342] Confirming: 5/9
[9 INFO main 4084358] Confirming: 6/9
[9 INFO main 4086371] Confirming: 7/9
[9 INFO main 4088415] Confirming: 8/9
[9 INFO main 4090462] Confirming: 9/9
[9 INFO main 4091149] Scout.Query -> Verify.DriveTo | Go to unverified source
[9 INFO main 4179278] Verify.DriveTo -> Verify.Homing | Homing
[9 INFO main 4195270] Confirming: 1/9
[9 INFO main 4197357] Confirming: 2/9
[9 INFO main 4199391] Confirming: 3/9
[9 INFO main 4201465] Confirming: 4/9
[9 INFO main 4203541] Confirming: 5/9
[9 INFO main 4205708] Confirming: 7/9
[9 INFO main 4209866] Confirming: 8/9
[9 INFO main 4211818] Confirming: 9/9
[9 INFO main 4218091] Verify.Homing -> Scout.Query | Arrived home
[9 INFO main 4218244] Scout.Query -> Verify.DriveTo | Go to unverified source
[9 INFO main 4290541] Verify.DriveTo -> Verify.Homing | Homing
[9 INFO main 4301459] Verify.Homing -> Scout.Query | Arrived home
[9 INFO main 4313876] Confirming: 1/9
[9 INFO main 4316107] Confirming: 2/9
[9 INFO main 4320228] Confirming: 4/9
[9 INFO main 4322280] Confirming: 5/9
[9 INFO main 4324340] Confirming: 6/9
[9 INFO main 4326430] Confirming: 7/9
[9 INFO main 4330498] Confirming: 9/9
[9 INFO main 4330932] Scout.Query -> Verify.DriveTo | Go to unverified source
[9 INFO main 4362532] Verify.DriveTo -> Verify.Homing | Homing
[9 INFO main 4375013] Confirming: 1/9
[9 INFO main 4377051] Confirming: 2/9
[9 INFO main 4379093] Confirming: 3/9
[9 INFO main 4381195] Confirming: 4/9
[9 INFO main 4382135] Verify.Homing -> Scout.Query | Arrived home
[9 INFO main 4383223] Confirming: 5/9
[9 INFO main 4385309] Confirming: 6/9
[9 INFO main 4387348] Confirming: 7/9
[9 INFO main 4389355] Confirming: 8/9
[9 INFO main 4391403] Confirming: 9/9
[9 INFO main 4392035] Scout.Query -> Verify.DriveTo | Go to unverified source
[9 INFO main 4478607] Verify.DriveTo -> Verify.Homing | Homing
[9 INFO main 4495848] Confirming: 1/9
[9 INFO main 4498081] Confirming: 3/9
[9 INFO main 4502180] Confirming: 5/9
[9 INFO main 4504267] Confirming: 6/9
[9 INFO main 4506274] Confirming: 7/9
[9 INFO main 4508399] Confirming: 8/9
[9 INFO main 4510490] Confirming: 9/9
[9 INFO main 4523863] Verify.Homing -> Scout.Query | Arrived home
[9 INFO main 4524015] Scout.Query -> Verify.DriveTo | Go to unverified source
[9 INFO main 4616134] Verify.DriveTo -> Verify.Homing | Homing
[9 INFO main 4632823] Verify.Homing -> Scout.Query | Arrived home
[9 INFO main 4645183] Confirming: 1/9
[9 INFO main 4647194] Confirming: 2/9
[9 INFO main 4649243] Confirming: 3/9
[9 INFO main 4651335] Confirming: 4/9
[9 INFO main 4653381] Confirming: 5/9
[9 INFO main 4655393] Confirming: 6/9
[9 INFO main 4657584] Confirming: 7/9
[9 INFO main 4659653] Confirming: 9/9
[9 INFO main 4660321] Scout.Query -> Verify.DriveTo | Go to unverified source
[9 INFO main 4706391] Verify.DriveTo -> Verify.Homing | Homing
[9 INFO main 4720005] Verify.Homing -> Scout.Query | Arrived home
[9 INFO main 4729052] Confirming: 1/9
[9 INFO main 4731155] Confirming: 2/9
[9 INFO main 4733178] Confirming: 3/9
[9 INFO main 4735232] Confirming: 4/9
[9 INFO main 4737222] Confirming: 5/9
[9 INFO main 4739282] Confirming: 6/9
[9 INFO main 4741339] Confirming: 7/9
[9 INFO main 4743443] Confirming: 8/9
[9 INFO main 4745441] Confirming: 9/9
[9 INFO main 4746262] Scout.Query -> Verify.DriveTo | Go to unverified source
[9 INFO main 4785342] Verify.DriveTo -> Verify.Homing | Homing
[9 INFO main 4794150] Confirming: 1/9
[9 INFO main 4798228] Confirming: 3/9
[9 INFO main 4800316] Confirming: 4/9
[9 INFO main 4802353] Confirming: 5/9
[9 INFO main 4804451] Confirming: 6/9
[9 INFO main 4806541] Confirming: 7/9
[9 INFO main 4808602] Confirming: 8/9
[9 INFO main 4810639] Confirming: 9/9
[9 INFO main 4824814] Verify.Homing -> Scout.Query | Arrived home
[9 INFO main 4824976] Scout.Query -> Verify.DriveTo | Go to unverified source
[9 INFO main 4863345] Verify.DriveTo -> Verify.Homing | Homing
[9 INFO main 4884485] Confirming: 1/9
[9 INFO main 4885680] Verify.Homing -> Scout.Query | Arrived home
[9 INFO main 4888706] Confirming: 3/9
[9 INFO main 4890795] Confirming: 4/9
[9 INFO main 4892985] Confirming: 5/9
[9 INFO main 4895042] Confirming: 6/9
[9 INFO main 4897076] Confirming: 7/9
[9 INFO main 4899167] Confirming: 8/9
[9 INFO main 4901204] Confirming: 9/9
[9 INFO main 4901862] Scout.Query -> Verify.DriveTo | Go to unverified source
[9 INFO main 5008381] Verify.DriveTo -> Verify.Homing | Homing
[9 INFO main 5025580] Confirming: 1/9
[9 INFO main 5027612] Confirming: 3/9
[9 INFO main 5029692] Confirming: 4/9
[9 INFO main 5033880] Confirming: 6/9
[9 INFO main 5035929] Confirming: 7/9
[9 INFO main 5037939] Confirming: 8/9
[9 INFO main 5040016] Confirming: 9/9
[9 INFO main 5048369] Verify.Homing -> Scout.Query | Arrived home
[9 INFO main 5048529] Scout.Query -> Verify.DriveTo | Go to unverified source
[9 INFO main 5127074] Verify.DriveTo -> Verify.Homing | Homing
[9 INFO main 5154824] Confirming: 1/9
[9 INFO main 5156882] Confirming: 2/9
[9 INFO main 5157109] Verify.Homing -> Scout.Query | Arrived home
[9 INFO main 5158978] Confirming: 3/9
[9 INFO main 5161030] Confirming: 4/9
[9 INFO main 5163047] Confirming: 5/9
[9 INFO main 5165093] Confirming: 6/9
[9 INFO main 5167107] Confirming: 7/9
[9 INFO main 5169266] Confirming: 8/9
[9 INFO main 5171309] Confirming: 9/9
[9 INFO main 5172159] Scout.Query -> Verify.DriveTo | Go to unverified source
[9 INFO main 5224819] Verify.DriveTo -> Verify.Homing | Homing
[9 INFO main 5244283] Confirming: 1/9
[9 INFO main 5246366] Confirming: 2/9
[9 INFO main 5248474] Confirming: 3/9
[9 INFO main 5250482] Confirming: 4/9
[9 INFO main 5252523] Confirming: 5/9
[9 INFO main 5254603] Confirming: 6/9
[9 INFO main 5256691] Confirming: 7/9
[9 INFO main 5258766] Confirming: 8/9
[9 INFO main 5260934] Confirming: 9/9
[9 INFO main 5329208] Verify.Homing -> Scout.Query | Arrived home
[9 INFO main 5329435] Scout.Query -> Verify.DriveTo | Go to unverified source
[9 INFO main 5379441] Verify.DriveTo -> Verify.Homing | Homing
[9 INFO main 5394431] Confirming: 1/9
[9 INFO main 5396529] Confirming: 2/9
[9 INFO main 5398579] Confirming: 3/9
