[7 INFO main 27] Initialising Python Geth Console...
[7 INFO main 32] Initialising RandB board...
[7 INFO main 32] Initialising navigation...
[7 INFO main 32] Initialising random-walk...
[7 INFO main 32] Initialising odometry...
[7 INFO main 32] Initialising ground-sensors...
[7 INFO main 488] --//-- Starting Experiment --//--
[7 INFO main 1900] Idle.IDLE -> Scout.Query | Duration: 26.54
[7 INFO main 29665] Scout.Query -> Verify.DriveTo | Go to unverified source
[7 INFO main 44240] Verify.DriveTo -> Verify.Homing | Homing
[7 INFO main 56642] Confirming: 1/9
[7 INFO main 58746] Confirming: 3/9
[7 INFO main 60756] Confirming: 4/9
[7 INFO main 62777] Confirming: 5/9
[7 INFO main 64804] Confirming: 6/9
[7 INFO main 65889] Verify.Homing -> Scout.Query | Arrived home
[7 INFO main 66840] Confirming: 7/9
[7 INFO main 68846] Confirming: 8/9
[7 INFO main 70886] Confirming: 9/9
[7 INFO main 71312] Scout.Query -> Verify.DriveTo | Go to unverified source
[7 INFO main 96973] Verify.DriveTo -> Verify.Homing | Homing
[7 INFO main 114278] Verify.Homing -> Scout.Query | Arrived home
[7 INFO main 115711] Confirming: 1/9
[7 INFO main 117730] Confirming: 2/9
[7 INFO main 119885] Confirming: 3/9
[7 INFO main 121974] Confirming: 4/9
[7 INFO main 123984] Confirming: 5/9
[7 INFO main 125992] Confirming: 6/9
[7 INFO main 128018] Confirming: 7/9
[7 INFO main 130128] Confirming: 8/9
[7 INFO main 132189] Confirming: 9/9
[7 INFO main 132746] Scout.Query -> Verify.DriveTo | Go to unverified source
[7 INFO main 148508] Verify.DriveTo -> Verify.Homing | Homing
[7 INFO main 155024] Verify.Homing -> Scout.Query | Arrived home
[7 INFO main 177850] Confirming: 1/9
[7 INFO main 179886] Confirming: 2/9
[7 INFO main 181954] Confirming: 3/9
[7 INFO main 184027] Confirming: 4/9
[7 INFO main 186154] Confirming: 5/9
[7 INFO main 188167] Confirming: 6/9
[7 INFO main 190499] Confirming: 7/9
[7 INFO main 192527] Confirming: 8/9
[7 INFO main 194568] Confirming: 9/9
[7 INFO main 194749] Scout.Query -> Verify.DriveTo | Go to unverified source
[7 INFO main 267599] Verify.DriveTo -> Verify.Homing | Homing
[7 INFO main 288686] Verify.Homing -> Scout.Query | Arrived home
[7 INFO main 298618] Confirming: 2/9
[7 INFO main 300761] Confirming: 3/9
[7 INFO main 302820] Confirming: 4/9
[7 INFO main 306874] Confirming: 6/9
[7 INFO main 308947] Confirming: 7/9
[7 INFO main 311001] Confirming: 8/9
[7 INFO main 313083] Confirming: 9/9
[7 INFO main 313661] Scout.Query -> Verify.DriveTo | Go to unverified source
[7 INFO main 369694] Verify.DriveTo -> Verify.Homing | Homing
[7 INFO main 388299] Confirming: 1/9
[7 INFO main 389714] Verify.Homing -> Scout.Query | Arrived home
[7 INFO main 390350] Confirming: 2/9
[7 INFO main 392507] Confirming: 3/9
[7 INFO main 394536] Confirming: 4/9
[7 INFO main 396569] Confirming: 5/9
[7 INFO main 398666] Confirming: 7/9
[7 INFO main 400733] Confirming: 8/9
[7 INFO main 402828] Confirming: 9/9
[7 INFO main 403133] Scout.Query -> Verify.DriveTo | Go to unverified source
[7 INFO main 456145] Verify.DriveTo -> Verify.Homing | Homing
[7 INFO main 471725] Verify.Homing -> Scout.Query | Arrived home
[7 INFO main 472628] Confirming: 1/9
[7 INFO main 476845] Confirming: 2/9
[7 INFO main 478881] Confirming: 3/9
[7 INFO main 480993] Confirming: 5/9
[7 INFO main 483002] Confirming: 6/9
[7 INFO main 485068] Confirming: 7/9
[7 INFO main 487101] Confirming: 8/9
[7 INFO main 491211] Confirming: 10/9
[7 INFO main 499368] Scout.Query -> Verify.DriveTo | Go to unverified source
[7 INFO main 511026] Verify.DriveTo -> Verify.Homing | Homing
[7 INFO main 522042] Verify.Homing -> Scout.Query | Arrived home
[7 INFO main 537919] Confirming: 1/9
[7 INFO main 540000] Confirming: 2/9
[7 INFO main 542037] Confirming: 3/9
[7 INFO main 544084] Confirming: 4/9
[7 INFO main 546121] Confirming: 5/9
[7 INFO main 548168] Confirming: 6/9
[7 INFO main 550234] Confirming: 7/9
[7 INFO main 552251] Confirming: 8/9
[7 INFO main 554259] Confirming: 9/9
[7 INFO main 554378] Scout.Query -> Verify.DriveTo | Go to unverified source
[7 INFO main 567239] Verify.DriveTo -> Verify.Homing | Homing
[7 INFO main 598765] Confirming: 2/9
[7 INFO main 602933] Confirming: 4/9
[7 INFO main 604932] Confirming: 5/9
[7 INFO main 605999] Verify.Homing -> Scout.Query | Arrived home
[7 INFO main 606970] Confirming: 6/9
[7 INFO main 609053] Confirming: 7/9
[7 INFO main 611181] Confirming: 8/9
[7 INFO main 615336] Confirming: 10/9
[7 INFO main 615719] Scout.Query -> Verify.DriveTo | Go to unverified source
[7 INFO main 645784] Verify.DriveTo -> Verify.Homing | Homing
[7 INFO main 658107] Confirming: 1/9
[7 INFO main 660206] Confirming: 2/9
[7 INFO main 662226] Confirming: 3/9
[7 INFO main 664247] Confirming: 4/9
[7 INFO main 666303] Confirming: 5/9
[7 INFO main 667832] Verify.Homing -> Scout.Query | Arrived home
[7 INFO main 668573] Confirming: 6/9
[7 INFO main 670603] Confirming: 8/9
[7 INFO main 672584] Confirming: 9/9
[7 INFO main 673343] Scout.Query -> Verify.DriveTo | Go to unverified source
[7 INFO main 703948] Verify.DriveTo -> Verify.Homing | Homing
[7 INFO main 718561] Confirming: 1/9
[7 INFO main 720603] Confirming: 2/9
[7 INFO main 722638] Confirming: 3/9
[7 INFO main 724694] Confirming: 5/9
[7 INFO main 725102] Verify.Homing -> Scout.Query | Arrived home
[7 INFO main 726741] Confirming: 6/9
[7 INFO main 728794] Confirming: 7/9
[7 INFO main 730998] Confirming: 8/9
[7 INFO main 735042] Confirming: 9/9
[7 INFO main 735311] Scout.Query -> Verify.DriveTo | Go to unverified source
[7 INFO main 761504] Verify.DriveTo -> Verify.Homing | Homing
[7 INFO main 777977] Confirming: 1/9
[7 INFO main 780010] Confirming: 2/9
[7 INFO main 782098] Confirming: 3/9
[7 INFO main 784179] Confirming: 4/9
[7 INFO main 786203] Confirming: 5/9
[7 INFO main 788285] Confirming: 6/9
[7 INFO main 790364] Confirming: 7/9
[7 INFO main 792380] Confirming: 8/9
[7 INFO main 794389] Confirming: 9/9
[7 INFO main 802174] Verify.Homing -> Scout.Query | Arrived home
[7 INFO main 802516] Scout.Query -> Verify.DriveTo | Go to unverified source
[7 INFO main 862794] Verify.DriveTo -> Verify.Homing | Homing
[7 INFO main 898566] Confirming: 1/9
[7 INFO main 900594] Confirming: 3/9
[7 INFO main 902682] Confirming: 4/9
[7 INFO main 904703] Confirming: 5/9
[7 INFO main 906745] Confirming: 6/9
[7 INFO main 907528] Verify.Homing -> Scout.Query | Arrived home
[7 INFO main 908754] Confirming: 7/9
[7 INFO main 910791] Confirming: 8/9
[7 INFO main 912793] Confirming: 9/9
[7 INFO main 912919] Scout.Query -> Verify.DriveTo | Go to unverified source
[7 INFO main 992466] Verify.DriveTo -> Verify.Homing | Homing
[7 INFO main 1016164] Verify.Homing -> Scout.Query | Arrived home
[7 INFO main 1017374] Confirming: 1/9
[7 INFO main 1019416] Confirming: 2/9
[7 INFO main 1021414] Confirming: 3/9
[7 INFO main 1023517] Confirming: 4/9
[7 INFO main 1025625] Confirming: 5/9
[7 INFO main 1027674] Confirming: 6/9
[7 INFO main 1029599] Confirming: 7/9
[7 INFO main 1031750] Confirming: 8/9
[7 INFO main 1033774] Confirming: 9/9
[7 INFO main 1034629] Scout.Query -> Verify.DriveTo | Go to unverified source
[7 INFO main 1075358] Verify.DriveTo -> Verify.Homing | Homing
[7 INFO main 1096482] Verify.Homing -> Scout.Query | Arrived home
[7 INFO main 1108241] Confirming: 1/9
[7 INFO main 1110337] Confirming: 2/9
[7 INFO main 1112518] Confirming: 3/9
[7 INFO main 1114622] Confirming: 5/9
[7 INFO main 1118725] Confirming: 7/9
[7 INFO main 1120824] Confirming: 8/9
[7 INFO main 1122867] Confirming: 9/9
[7 INFO main 1123218] Scout.Query -> Verify.DriveTo | Go to unverified source
[7 INFO main 1155210] Verify.DriveTo -> Verify.Homing | Homing
[7 INFO main 1167576] Confirming: 2/9
[7 INFO main 1169637] Confirming: 3/9
[7 INFO main 1171734] Confirming: 4/9
[7 INFO main 1173802] Confirming: 5/9
[7 INFO main 1175814] Confirming: 6/9
[7 INFO main 1177835] Confirming: 7/9
[7 INFO main 1179846] Confirming: 8/9
[7 INFO main 1182593] Confirming: 9/9
[7 INFO main 1183891] Verify.Homing -> Scout.Query | Arrived home
[7 INFO main 1183926] Scout.Query -> Verify.DriveTo | Go to unverified source
[7 INFO main 1226618] Verify.DriveTo -> Verify.Homing | Homing
[7 INFO main 1250703] Verify.Homing -> Scout.Query | Arrived home
[7 INFO main 1257818] Confirming: 1/9
[7 INFO main 1259917] Confirming: 2/9
[7 INFO main 1263996] Confirming: 4/9
[7 INFO main 1265999] Confirming: 5/9
[7 INFO main 1268128] Confirming: 6/9
[7 INFO main 1270155] Confirming: 7/9
[7 INFO main 1272246] Confirming: 8/9
[7 INFO main 1274323] Confirming: 9/9
[7 INFO main 1274676] Scout.Query -> Verify.DriveTo | Go to unverified source
[7 INFO main 1314001] Verify.DriveTo -> Verify.Homing | Homing
[7 INFO main 1337548] Verify.Homing -> Scout.Query | Arrived home
[7 INFO main 1365531] Confirming: 1/9
[7 INFO main 1367568] Confirming: 2/9
[7 INFO main 1369750] Confirming: 3/9
[7 INFO main 1371834] Confirming: 4/9
[7 INFO main 1373887] Confirming: 5/9
[7 INFO main 1375909] Confirming: 6/9
[7 INFO main 1378038] Confirming: 7/9
[7 INFO main 1380157] Confirming: 8/9
[7 INFO main 1382246] Confirming: 9/9
[7 INFO main 1382248] Scout.Query -> Scout.PrepSend | Homing
[7 INFO main 1382506] Scout.PrepSend -> Verify.Homing | Homing
[7 INFO main 1402361] Verify.Homing -> Scout.Query | Arrived home
[7 INFO main 1407671] Confirming: 1/9
[7 INFO main 1409707] Confirming: 2/9
[7 INFO main 1411764] Confirming: 3/9
[7 INFO main 1413775] Confirming: 4/9
[7 INFO main 1415857] Confirming: 5/9
[7 INFO main 1417924] Confirming: 6/9
[7 INFO main 1422118] Confirming: 8/9
[7 INFO main 1424175] Confirming: 9/9
[7 INFO main 1424545] Scout.Query -> Verify.DriveTo | Go to unverified source
[7 INFO main 1466990] Verify.DriveTo -> Verify.Homing | Homing
[7 INFO main 1487278] Verify.Homing -> Scout.Query | Arrived home
[7 INFO main 1498073] Confirming: 1/9
[7 INFO main 1500099] Confirming: 2/9
[7 INFO main 1502194] Confirming: 3/9
[7 INFO main 1504192] Confirming: 4/9
[7 INFO main 1506295] Confirming: 5/9
[7 INFO main 1508312] Confirming: 6/9
[7 INFO main 1510341] Confirming: 7/9
[7 INFO main 1512365] Confirming: 8/9
[7 INFO main 1514462] Confirming: 9/9
[7 INFO main 1514954] Scout.Query -> Verify.DriveTo | Go to unverified source
[7 INFO main 1539692] Verify.DriveTo -> Verify.Homing | Homing
[7 INFO main 1555492] Verify.Homing -> Scout.Query | Arrived home
[7 INFO main 1558338] Confirming: 1/9
[7 INFO main 1560361] Confirming: 2/9
[7 INFO main 1562422] Confirming: 3/9
[7 INFO main 1564445] Confirming: 4/9
[7 INFO main 1566605] Confirming: 5/9
[7 INFO main 1568703] Confirming: 6/9
[7 INFO main 1570720] Confirming: 7/9
[7 INFO main 1574945] Confirming: 8/9
[7 INFO main 1576994] Confirming: 10/9
[7 INFO main 1577257] Scout.Query -> Verify.DriveTo | Go to unverified source
[7 INFO main 1674581] Verify.DriveTo -> Verify.Homing | Homing
[7 INFO main 1685152] Confirming: 2/9
[7 INFO main 1687352] Confirming: 3/9
[7 INFO main 1689386] Confirming: 4/9
[7 INFO main 1691425] Confirming: 5/9
[7 INFO main 1693466] Confirming: 6/9
[7 INFO main 1695542] Confirming: 7/9
[7 INFO main 1697707] Confirming: 8/9
[7 INFO main 1699789] Confirming: 9/9
[7 INFO main 1705811] Verify.Homing -> Scout.Query | Arrived home
[7 INFO main 1705873] Scout.Query -> Verify.DriveTo | Go to unverified source
[7 INFO main 1770055] Verify.DriveTo -> Verify.Homing | Homing
[7 INFO main 1799234] Confirming: 1/9
[7 INFO main 1799904] Verify.Homing -> Scout.Query | Arrived home
[7 INFO main 1801255] Confirming: 2/9
[7 INFO main 1803328] Confirming: 3/9
[7 INFO main 1805404] Confirming: 4/9
[7 INFO main 1807555] Confirming: 5/9
[7 INFO main 1809614] Confirming: 7/9
[7 INFO main 1811709] Confirming: 8/9
[7 INFO main 1815850] Confirming: 10/9
[7 INFO main 1815893] Scout.Query -> Verify.DriveTo | Go to unverified source
[7 INFO main 1868140] Verify.DriveTo -> Verify.Homing | Homing
[7 INFO main 1888734] Confirming: 1/9
[7 INFO main 1890794] Confirming: 2/9
[7 INFO main 1892834] Confirming: 3/9
[7 INFO main 1894935] Confirming: 4/9
[7 INFO main 1896982] Confirming: 5/9
[7 INFO main 1899067] Confirming: 6/9
[7 INFO main 1901117] Confirming: 7/9
[7 INFO main 1903211] Confirming: 8/9
[7 INFO main 1905240] Confirming: 9/9
[7 INFO main 1907964] Verify.Homing -> Scout.Query | Arrived home
[7 INFO main 1908114] Scout.Query -> Verify.DriveTo | Go to unverified source
[7 INFO main 1953495] Verify.DriveTo -> Verify.Homing | Homing
[7 INFO main 1978593] Confirming: 1/9
[7 INFO main 1980638] Confirming: 2/9
[7 INFO main 1982679] Confirming: 3/9
[7 INFO main 1983193] Verify.Homing -> Scout.Query | Arrived home
[7 INFO main 1984758] Confirming: 4/9
[7 INFO main 1986961] Confirming: 5/9
[7 INFO main 1989007] Confirming: 6/9
[7 INFO main 1991122] Confirming: 7/9
[7 INFO main 1993142] Confirming: 8/9
[7 INFO main 1995207] Confirming: 9/9
[7 INFO main 1995513] Scout.Query -> Verify.DriveTo | Go to unverified source
[7 INFO main 2052905] Verify.DriveTo -> Verify.Homing | Homing
[7 INFO main 2069833] Confirming: 2/9
[7 INFO main 2073988] Confirming: 3/9
[7 INFO main 2076017] Confirming: 5/9
[7 INFO main 2076478] Verify.Homing -> Scout.Query | Arrived home
[7 INFO main 2078034] Confirming: 6/9
[7 INFO main 2080101] Confirming: 7/9
[7 INFO main 2082180] Confirming: 8/9
[7 INFO main 2084273] Confirming: 9/9
[7 INFO main 2084341] Scout.Query -> Verify.DriveTo | Go to unverified source
[7 INFO main 2125901] Verify.DriveTo -> Verify.Homing | Homing
[7 INFO main 2146573] Confirming: 1/9
[7 INFO main 2148598] Confirming: 2/9
[7 INFO main 2150749] Confirming: 3/9
[7 INFO main 2152828] Confirming: 4/9
[7 INFO main 2154909] Confirming: 5/9
[7 INFO main 2156883] Confirming: 6/9
[7 INFO main 2158058] Verify.Homing -> Scout.Query | Arrived home
[7 INFO main 2159011] Confirming: 7/9
[7 INFO main 2161029] Confirming: 8/9
[7 INFO main 2162994] Confirming: 9/9
[7 INFO main 2163621] Scout.Query -> Verify.DriveTo | Go to unverified source
[7 INFO main 2216034] Verify.DriveTo -> Verify.Homing | Homing
[7 INFO main 2231097] Confirming: 1/9
[7 INFO main 2233141] Confirming: 2/9
[7 INFO main 2235247] Confirming: 3/9
[7 INFO main 2237327] Confirming: 4/9
[7 INFO main 2238155] Verify.Homing -> Scout.Query | Arrived home
[7 INFO main 2239495] Confirming: 5/9
[7 INFO main 2241521] Confirming: 6/9
[7 INFO main 2243628] Confirming: 8/9
[7 INFO main 2245667] Confirming: 9/9
[7 INFO main 2246031] Scout.Query -> Verify.DriveTo | Go to unverified source
[7 INFO main 2314540] Verify.DriveTo -> Verify.Homing | Homing
[7 INFO main 2335653] Verify.Homing -> Scout.Query | Arrived home
[7 INFO main 2337662] Confirming: 1/9
[7 INFO main 2339790] Confirming: 2/9
[7 INFO main 2341817] Confirming: 3/9
[7 INFO main 2343787] Confirming: 4/9
[7 INFO main 2347877] Confirming: 6/9
[7 INFO main 2349956] Confirming: 7/9
[7 INFO main 2351970] Confirming: 8/9
[7 INFO main 2356074] Confirming: 10/9
[7 INFO main 2356649] Scout.Query -> Verify.DriveTo | Go to unverified source
[7 INFO main 2408747] Verify.DriveTo -> Verify.Homing | Homing
[7 INFO main 2429427] Confirming: 1/9
[7 INFO main 2431355] Confirming: 2/9
[7 INFO main 2433484] Confirming: 3/9
[7 INFO main 2435579] Confirming: 5/9
[7 INFO main 2436329] Verify.Homing -> Scout.Query | Arrived home
[7 INFO main 2439642] Confirming: 7/9
[7 INFO main 2441675] Confirming: 8/9
[7 INFO main 2443737] Confirming: 9/9
[7 INFO main 2443979] Scout.Query -> Verify.DriveTo | Go to unverified source
[7 INFO main 2452822] Verify.DriveTo -> Verify.Homing | Homing
[7 INFO main 2459554] Confirming: 1/9
[7 INFO main 2460641] Verify.Homing -> Scout.Query | Arrived home
[7 INFO main 2461576] Confirming: 2/9
[7 INFO main 2463648] Confirming: 3/9
[7 INFO main 2465786] Confirming: 4/9
[7 INFO main 2467853] Confirming: 6/9
[7 INFO main 2472026] Confirming: 8/9
[7 INFO main 2476064] Confirming: 10/9
[7 INFO main 2476946] Scout.Query -> Verify.DriveTo | Go to unverified source
[7 INFO main 2529733] Verify.DriveTo -> Verify.Homing | Homing
[7 INFO main 2548638] Confirming: 1/9
[7 INFO main 2550704] Confirming: 2/9
[7 INFO main 2552790] Confirming: 3/9
[7 INFO main 2554806] Confirming: 4/9
[7 INFO main 2557121] Confirming: 5/9
[7 INFO main 2559145] Confirming: 6/9
[7 INFO main 2560655] Verify.Homing -> Scout.Query | Arrived home
[7 INFO main 2561419] Confirming: 7/9
[7 INFO main 2563544] Confirming: 8/9
[7 INFO main 2565593] Confirming: 9/9
[7 INFO main 2566231] Scout.Query -> Verify.DriveTo | Go to unverified source
[7 INFO main 2622767] Verify.DriveTo -> Verify.Homing | Homing
[7 INFO main 2637874] Confirming: 1/9
[7 INFO main 2639872] Confirming: 2/9
[7 INFO main 2643936] Confirming: 3/9
[7 INFO main 2646064] Confirming: 5/9
[7 INFO main 2647685] Verify.Homing -> Scout.Query | Arrived home
[7 INFO main 2648185] Confirming: 6/9
[7 INFO main 2650291] Confirming: 7/9
[7 INFO main 2652670] Confirming: 8/9
[7 INFO main 2654851] Confirming: 9/9
[7 INFO main 2654903] Scout.Query -> Verify.DriveTo | Go to unverified source
[7 INFO main 2700750] Verify.DriveTo -> Verify.Homing | Homing
[7 INFO main 2715846] Verify.Homing -> Scout.Query | Arrived home
[7 INFO main 2730006] Confirming: 1/9
[7 INFO main 2732094] Confirming: 3/9
[7 INFO main 2734158] Confirming: 4/9
[7 INFO main 2736242] Confirming: 5/9
[7 INFO main 2738268] Confirming: 6/9
[7 INFO main 2742330] Confirming: 8/9
[7 INFO main 2744332] Confirming: 9/9
[7 INFO main 2744878] Scout.Query -> Verify.DriveTo | Go to unverified source
[7 INFO main 2771518] Verify.DriveTo -> Verify.Homing | Homing
[7 INFO main 2788359] Confirming: 1/9
[7 INFO main 2790605] Confirming: 2/9
[7 INFO main 2792695] Confirming: 3/9
[7 INFO main 2794717] Confirming: 4/9
[7 INFO main 2796895] Confirming: 5/9
[7 INFO main 2797126] Verify.Homing -> Scout.Query | Arrived home
[7 INFO main 2798998] Confirming: 6/9
[7 INFO main 2801066] Confirming: 7/9
[7 INFO main 2803194] Confirming: 8/9
[7 INFO main 2805202] Confirming: 9/9
[7 INFO main 2805257] Scout.Query -> Verify.DriveTo | Go to unverified source
[7 INFO main 2848342] Verify.DriveTo -> Verify.Homing | Homing
[7 INFO main 2879693] Confirming: 1/9
[7 INFO main 2881811] Confirming: 3/9
[7 INFO main 2883837] Confirming: 4/9
[7 INFO main 2885917] Confirming: 5/9
[7 INFO main 2888110] Confirming: 6/9
[7 INFO main 2890332] Confirming: 7/9
[7 INFO main 2892390] Confirming: 8/9
[7 INFO main 2893522] Verify.Homing -> Scout.Query | Arrived home
[7 INFO main 2894529] Confirming: 9/9
[7 INFO main 2895237] Scout.Query -> Verify.DriveTo | Go to unverified source
[7 INFO main 2969033] Verify.DriveTo -> Verify.Homing | Homing
[7 INFO main 2997824] Confirming: 1/9
[7 INFO main 2999875] Confirming: 2/9
[7 INFO main 3001881] Confirming: 3/9
[7 INFO main 3004090] Confirming: 4/9
[7 INFO main 3006095] Confirming: 5/9
[7 INFO main 3008116] Confirming: 6/9
[7 INFO main 3009576] Verify.Homing -> Scout.Query | Arrived home
[7 INFO main 3010244] Confirming: 7/9
[7 INFO main 3012311] Confirming: 8/9
[7 INFO main 3014742] Confirming: 9/9
[7 INFO main 3015377] Scout.Query -> Verify.DriveTo | Go to unverified source
[7 INFO main 3057559] Verify.DriveTo -> Verify.Homing | Homing
[7 INFO main 3080781] Verify.Homing -> Scout.Query | Arrived home
[7 INFO main 3089370] Confirming: 1/9
[7 INFO main 3091475] Confirming: 2/9
[7 INFO main 3093512] Confirming: 3/9
[7 INFO main 3095858] Confirming: 5/9
[7 INFO main 3097857] Confirming: 6/9
[7 INFO main 3099870] Confirming: 7/9
[7 INFO main 3101962] Confirming: 8/9
[7 INFO main 3104157] Confirming: 9/9
[7 INFO main 3104270] Scout.Query -> Verify.DriveTo | Go to unverified source
[7 INFO main 3169796] Verify.DriveTo -> Verify.Homing | Homing
[7 INFO main 3178076] Confirming: 1/9
[7 INFO main 3182173] Confirming: 3/9
[7 INFO main 3186243] Confirming: 5/9
[7 INFO main 3188347] Confirming: 6/9
[7 INFO main 3190462] Confirming: 7/9
[7 INFO main 3192570] Confirming: 8/9
[7 INFO main 3194601] Confirming: 9/9
[7 INFO main 3200901] Verify.Homing -> Scout.Query | Arrived home
[7 INFO main 3201594] Scout.Query -> Verify.DriveTo | Go to unverified source
[7 INFO main 3291708] Verify.DriveTo -> Verify.Homing | Homing
[7 INFO main 3298149] Confirming: 1/9
[7 INFO main 3300214] Confirming: 2/9
[7 INFO main 3302244] Confirming: 3/9
[7 INFO main 3304470] Confirming: 4/9
[7 INFO main 3306584] Confirming: 5/9
[7 INFO main 3308595] Confirming: 6/9
[7 INFO main 3310681] Confirming: 7/9
[7 INFO main 3312747] Confirming: 8/9
[7 INFO main 3314913] Confirming: 9/9
[7 INFO main 3338969] Verify.Homing -> Scout.Query | Arrived home
[7 INFO main 3339199] Scout.Query -> Verify.DriveTo | Go to unverified source
[7 INFO main 3410872] Verify.DriveTo -> Verify.Homing | Homing
[7 INFO main 3419825] Confirming: 2/9
[7 INFO main 3421851] Confirming: 3/9
[7 INFO main 3423958] Confirming: 4/9
[7 INFO main 3426004] Confirming: 5/9
[7 INFO main 3428207] Confirming: 6/9
[7 INFO main 3430243] Confirming: 7/9
[7 INFO main 3432267] Confirming: 8/9
[7 INFO main 3434282] Confirming: 9/9
[7 INFO main 3465555] Verify.Homing -> Scout.Query | Arrived home
[7 INFO main 3465742] Scout.Query -> Verify.DriveTo | Go to unverified source
[7 INFO main 3561453] Verify.DriveTo -> Verify.Homing | Homing
[7 INFO main 3567831] Confirming: 1/9
[7 INFO main 3569954] Confirming: 2/9
[7 INFO main 3571978] Confirming: 3/9
[7 INFO main 3574086] Confirming: 4/9
[7 INFO main 3576190] Confirming: 5/9
[7 INFO main 3578285] Confirming: 6/9
[7 INFO main 3580382] Confirming: 7/9
[7 INFO main 3582384] Confirming: 8/9
[7 INFO main 3584615] Confirming: 9/9
[7 INFO main 3618165] Verify.Homing -> Scout.Query | Arrived home
[7 INFO main 3618427] Scout.Query -> Verify.DriveTo | Go to unverified source
[7 INFO main 3667890] Verify.DriveTo -> Verify.Homing | Homing
[7 INFO main 3688721] Confirming: 1/9
[7 INFO main 3690758] Confirming: 2/9
[7 INFO main 3692794] Confirming: 3/9
[7 INFO main 3695338] Verify.Homing -> Scout.Query | Arrived home
[7 INFO main 3696907] Confirming: 5/9
[7 INFO main 3698937] Confirming: 6/9
[7 INFO main 3700958] Confirming: 7/9
[7 INFO main 3703434] Confirming: 8/9
[7 INFO main 3705777] Confirming: 9/9
[7 INFO main 3705910] Scout.Query -> Verify.DriveTo | Go to unverified source
[7 INFO main 3792517] Verify.DriveTo -> Verify.Homing | Homing
[7 INFO main 3809102] Confirming: 1/9
[7 INFO main 3811500] Confirming: 2/9
[7 INFO main 3813603] Confirming: 3/9
[7 INFO main 3815697] Confirming: 4/9
[7 INFO main 3817825] Confirming: 5/9
[7 INFO main 3819823] Confirming: 6/9
[7 INFO main 3821786] Confirming: 7/9
[7 INFO main 3823854] Confirming: 8/9
[7 INFO main 3825952] Confirming: 9/9
[7 INFO main 3845955] Verify.Homing -> Scout.Query | Arrived home
[7 INFO main 3846187] Scout.Query -> Verify.DriveTo | Go to unverified source
[7 INFO main 3930315] Verify.DriveTo -> Verify.Homing | Homing
[7 INFO main 3958141] Verify.Homing -> Scout.Query | Arrived home
[7 INFO main 3960613] Confirming: 1/9
[7 INFO main 3962649] Confirming: 2/9
[7 INFO main 3964761] Confirming: 4/9
[7 INFO main 3966827] Confirming: 5/9
[7 INFO main 3968936] Confirming: 6/9
[7 INFO main 3971109] Confirming: 7/9
[7 INFO main 3973159] Confirming: 8/9
[7 INFO main 3975234] Confirming: 9/9
[7 INFO main 3976122] Scout.Query -> Verify.DriveTo | Go to unverified source
[7 INFO main 4026478] Verify.DriveTo -> Verify.Homing | Homing
[7 INFO main 4050129] Confirming: 1/9
[7 INFO main 4052238] Confirming: 2/9
[7 INFO main 4054461] Confirming: 3/9
[7 INFO main 4056492] Confirming: 4/9
[7 INFO main 4058505] Confirming: 5/9
[7 INFO main 4060566] Confirming: 6/9
[7 INFO main 4062707] Confirming: 8/9
[7 INFO main 4063114] Verify.Homing -> Scout.Query | Arrived home
[7 INFO main 4064943] Confirming: 9/9
[7 INFO main 4065085] Scout.Query -> Verify.DriveTo | Go to unverified source
[7 INFO main 4097592] Verify.DriveTo -> Verify.Homing | Homing
[7 INFO main 4110444] Confirming: 1/9
[7 INFO main 4112586] Confirming: 2/9
[7 INFO main 4114658] Confirming: 4/9
[7 INFO main 4116831] Confirming: 5/9
[7 INFO main 4118915] Confirming: 6/9
[7 INFO main 4123020] Confirming: 8/9
[7 INFO main 4125063] Confirming: 9/9
[7 INFO main 4133858] Verify.Homing -> Scout.Query | Arrived home
[7 INFO main 4134099] Scout.Query -> Verify.DriveTo | Go to unverified source
[7 INFO main 4177456] Verify.DriveTo -> Verify.Homing | Homing
[7 INFO main 4200393] Confirming: 1/9
[7 INFO main 4202602] Confirming: 3/9
[7 INFO main 4206703] Confirming: 5/9
[7 INFO main 4208766] Confirming: 6/9
[7 INFO main 4210796] Confirming: 7/9
[7 INFO main 4214870] Confirming: 9/9
[7 INFO main 4256985] Verify.Homing -> Scout.Query | Arrived home
[7 INFO main 4257346] Scout.Query -> Verify.DriveTo | Go to unverified source
[7 INFO main 4315495] Verify.DriveTo -> Verify.Homing | Homing
[7 INFO main 4349402] Confirming: 1/9
[7 INFO main 4351785] Confirming: 2/9
[7 INFO main 4354020] Confirming: 3/9
[7 INFO main 4356186] Confirming: 4/9
[7 INFO main 4358255] Confirming: 5/9
[7 INFO main 4360641] Confirming: 7/9
[7 INFO main 4362759] Confirming: 8/9
[7 INFO main 4364758] Confirming: 9/9
[7 INFO main 4384847] Verify.Homing -> Scout.Query | Arrived home
[7 INFO main 4385101] Scout.Query -> Verify.DriveTo | Go to unverified source
[7 INFO main 4441534] Verify.DriveTo -> Verify.Homing | Homing
[7 INFO main 4469570] Confirming: 1/9
[7 INFO main 4469992] Verify.Homing -> Scout.Query | Arrived home
[7 INFO main 4471660] Confirming: 2/9
[7 INFO main 4473684] Confirming: 3/9
[7 INFO main 4475683] Confirming: 4/9
[7 INFO main 4477753] Confirming: 5/9
[7 INFO main 4479772] Confirming: 6/9
[7 INFO main 4481981] Confirming: 7/9
[7 INFO main 4484103] Confirming: 8/9
[7 INFO main 4486201] Confirming: 9/9
[7 INFO main 4486519] Scout.Query -> Verify.DriveTo | Go to unverified source
[7 INFO main 4574754] Verify.DriveTo -> Verify.Homing | Homing
[7 INFO main 4590100] Confirming: 1/9
[7 INFO main 4592162] Confirming: 2/9
[7 INFO main 4594158] Confirming: 3/9
[7 INFO main 4596326] Confirming: 4/9
[7 INFO main 4598383] Confirming: 5/9
[7 INFO main 4600449] Confirming: 6/9
[7 INFO main 4602549] Confirming: 7/9
[7 INFO main 4604699] Confirming: 9/9
[7 INFO main 4611945] Verify.Homing -> Scout.Query | Arrived home
[7 INFO main 4612182] Scout.Query -> Verify.DriveTo | Go to unverified source
[7 INFO main 4698978] Verify.DriveTo -> Verify.Homing | Homing
[7 INFO main 4709647] Confirming: 1/9
[7 INFO main 4711705] Confirming: 2/9
[7 INFO main 4713940] Confirming: 3/9
[7 INFO main 4716030] Confirming: 4/9
[7 INFO main 4718065] Confirming: 5/9
[7 INFO main 4720149] Confirming: 6/9
[7 INFO main 4722407] Confirming: 7/9
[7 INFO main 4724593] Confirming: 9/9
[7 INFO main 4738045] Verify.Homing -> Scout.Query | Arrived home
[7 INFO main 4738264] Scout.Query -> Verify.DriveTo | Go to unverified source
[7 INFO main 4786349] Verify.DriveTo -> Verify.Homing | Homing
[7 INFO main 4820291] Verify.Homing -> Scout.Query | Arrived home
[7 INFO main 4830162] Confirming: 1/9
[7 INFO main 4832186] Confirming: 2/9
[7 INFO main 4834312] Confirming: 3/9
[7 INFO main 4836511] Confirming: 4/9
[7 INFO main 4838548] Confirming: 5/9
[7 INFO main 4840609] Confirming: 7/9
[7 INFO main 4842880] Confirming: 8/9
[7 INFO main 4845000] Confirming: 9/9
[7 INFO main 4845592] Scout.Query -> Verify.DriveTo | Go to unverified source
[7 INFO main 4959902] Verify.DriveTo -> Verify.Homing | Homing
[7 INFO main 4980083] Confirming: 1/9
[7 INFO main 4982238] Confirming: 2/9
[7 INFO main 4984242] Confirming: 3/9
[7 INFO main 4986348] Confirming: 4/9
[7 INFO main 4988075] Verify.Homing -> Scout.Query | Arrived home
[7 INFO main 4988375] Confirming: 5/9
[7 INFO main 4990477] Confirming: 6/9
[7 INFO main 4992741] Confirming: 8/9
[7 INFO main 4994897] Confirming: 9/9
[7 INFO main 4995172] Scout.Query -> Verify.DriveTo | Go to unverified source
[7 INFO main 5038959] Verify.DriveTo -> Verify.Homing | Homing
[7 INFO main 5068844] Confirming: 1/9
[7 INFO main 5070877] Confirming: 2/9
[7 INFO main 5073038] Confirming: 3/9
[7 INFO main 5075046] Confirming: 4/9
[7 INFO main 5076761] Verify.Homing -> Scout.Query | Arrived home
[7 INFO main 5077088] Confirming: 5/9
[7 INFO main 5079209] Confirming: 6/9
[7 INFO main 5081287] Confirming: 7/9
[7 INFO main 5083794] Confirming: 8/9
[7 INFO main 5085830] Confirming: 9/9
[7 INFO main 5086245] Scout.Query -> Verify.DriveTo | Go to unverified source
[7 INFO main 5185396] Verify.DriveTo -> Verify.Homing | Homing
[7 INFO main 5219408] Confirming: 1/9
[7 INFO main 5221427] Confirming: 2/9
[7 INFO main 5223707] Confirming: 3/9
[7 INFO main 5225769] Confirming: 4/9
[7 INFO main 5227860] Confirming: 5/9
[7 INFO main 5229864] Confirming: 6/9
[7 INFO main 5231956] Confirming: 7/9
[7 INFO main 5234089] Confirming: 8/9
[7 INFO main 5236163] Confirming: 9/9
[7 INFO main 5240637] Verify.Homing -> Scout.Query | Arrived home
[7 INFO main 5241124] Scout.Query -> Verify.DriveTo | Go to unverified source
[7 INFO main 5340021] Verify.DriveTo -> Verify.Homing | Homing
[7 INFO main 5369519] Confirming: 1/9
[7 INFO main 5371561] Confirming: 2/9
[7 INFO main 5373623] Confirming: 3/9
[7 INFO main 5377697] Confirming: 5/9
[7 INFO main 5380910] Verify.Homing -> Scout.Query | Arrived home
[7 INFO main 5381907] Confirming: 6/9
[7 INFO main 5390192] Confirming: 8/9
[7 INFO main 5392322] Confirming: 12/9
[7 INFO main 5393240] Scout.Query -> Verify.DriveTo | Go to unverified source
