[14 INFO main 27] Initialising Python Geth Console...
[14 INFO main 32] Initialising RandB board...
[14 INFO main 32] Initialising navigation...
[14 INFO main 32] Initialising random-walk...
[14 INFO main 32] Initialising odometry...
[14 INFO main 32] Initialising ground-sensors...
[14 INFO main 144] --//-- Starting Experiment --//--
[14 INFO main 1634] Idle.IDLE -> Scout.Query | Duration: 30.22
[14 INFO main 13708] Scout.Query -> Verify.DriveTo | Go to unverified source
[14 INFO main 47011] Verify.DriveTo -> Verify.Homing | Homing
[14 INFO main 61537] Confirming: 1/9
[14 INFO main 63554] Confirming: 2/9
[14 INFO main 65604] Confirming: 3/9
[14 INFO main 66549] Verify.Homing -> Scout.Query | Arrived home
[14 INFO main 67673] Confirming: 4/9
[14 INFO main 69683] Confirming: 6/9
[14 INFO main 71840] Confirming: 7/9
[14 INFO main 75954] Confirming: 9/9
[14 INFO main 76557] Scout.Query -> Verify.DriveTo | Go to unverified source
[14 INFO main 112547] Verify.DriveTo -> Verify.Homing | Homing
[14 INFO main 121143] Confirming: 1/9
[14 INFO main 123314] Confirming: 2/9
[14 INFO main 125372] Confirming: 3/9
[14 INFO main 127424] Confirming: 4/9
[14 INFO main 129442] Confirming: 5/9
[14 INFO main 131467] Confirming: 6/9
[14 INFO main 133579] Confirming: 7/9
[14 INFO main 135584] Confirming: 8/9
[14 INFO main 137666] Confirming: 10/9
[14 INFO main 143277] Verify.Homing -> Scout.Query | Arrived home
[14 INFO main 143781] Scout.Query -> Verify.DriveTo | Go to unverified source
[14 INFO main 202982] Verify.DriveTo -> Verify.Homing | Homing
[14 INFO main 211671] Confirming: 2/9
[14 INFO main 213787] Confirming: 3/9
[14 INFO main 215918] Confirming: 4/9
[14 INFO main 217946] Confirming: 5/9
[14 INFO main 220011] Confirming: 6/9
[14 INFO main 221447] Verify.Homing -> Scout.Query | Arrived home
[14 INFO main 222203] Confirming: 7/9
[14 INFO main 224291] Confirming: 8/9
[14 INFO main 226362] Confirming: 9/9
[14 INFO main 226384] Scout.Query -> Verify.DriveTo | Go to unverified source
[14 INFO main 260621] Verify.DriveTo -> Verify.Homing | Homing
[14 INFO main 271230] Confirming: 1/9
[14 INFO main 273259] Confirming: 2/9
[14 INFO main 274897] Verify.Homing -> Scout.Query | Arrived home
[14 INFO main 275296] Confirming: 3/9
[14 INFO main 277406] Confirming: 4/9
[14 INFO main 279469] Confirming: 5/9
[14 INFO main 281543] Confirming: 6/9
[14 INFO main 283557] Confirming: 7/9
[14 INFO main 285587] Confirming: 8/9
[14 INFO main 287660] Confirming: 10/9
[14 INFO main 287689] Scout.Query -> Verify.DriveTo | Go to unverified source
[14 INFO main 294748] Verify.DriveTo -> Verify.Homing | Homing
[14 INFO main 296383] Verify.Homing -> Scout.Query | Arrived home
[14 INFO main 300987] Confirming: 1/9
[14 INFO main 303128] Confirming: 2/9
[14 INFO main 305177] Confirming: 3/9
[14 INFO main 307193] Confirming: 4/9
[14 INFO main 309341] Confirming: 5/9
[14 INFO main 311463] Confirming: 6/9
[14 INFO main 313713] Confirming: 8/9
[14 INFO main 315719] Confirming: 9/9
[14 INFO main 316493] Scout.Query -> Verify.DriveTo | Go to unverified source
[14 INFO main 338605] Verify.DriveTo -> Verify.Homing | Homing
[14 INFO main 349996] Verify.Homing -> Scout.Query | Arrived home
[14 INFO main 361589] Confirming: 1/9
[14 INFO main 363612] Confirming: 2/9
[14 INFO main 365626] Confirming: 4/9
[14 INFO main 369803] Confirming: 6/9
[14 INFO main 371803] Confirming: 7/9
[14 INFO main 373914] Confirming: 8/9
[14 INFO main 376111] Confirming: 9/9
[14 INFO main 376523] Scout.Query -> Verify.DriveTo | Go to unverified source
[14 INFO main 449716] Verify.DriveTo -> Verify.Homing | Homing
[14 INFO main 467243] Verify.Homing -> Scout.Query | Arrived home
[14 INFO main 480832] Confirming: 1/9
[14 INFO main 482927] Confirming: 2/9
[14 INFO main 484944] Confirming: 3/9
[14 INFO main 487012] Confirming: 4/9
[14 INFO main 489047] Confirming: 5/9
[14 INFO main 491052] Confirming: 6/9
[14 INFO main 493066] Confirming: 7/9
[14 INFO main 495105] Confirming: 8/9
[14 INFO main 497155] Confirming: 9/9
[14 INFO main 497491] Scout.Query -> Verify.DriveTo | Go to unverified source
[14 INFO main 600577] Verify.DriveTo -> Verify.Homing | Homing
[14 INFO main 631473] Confirming: 1/9
[14 INFO main 632955] Verify.Homing -> Scout.Query | Arrived home
[14 INFO main 633595] Confirming: 2/9
[14 INFO main 635671] Confirming: 4/9
[14 INFO main 639847] Confirming: 5/9
[14 INFO main 641895] Confirming: 7/9
[14 INFO main 644001] Confirming: 8/9
[14 INFO main 645967] Confirming: 9/9
[14 INFO main 646361] Scout.Query -> Verify.DriveTo | Go to unverified source
[14 INFO main 705299] Verify.DriveTo -> Verify.Homing | Homing
[14 INFO main 721739] Confirming: 1/9
[14 INFO main 723811] Confirming: 3/9
[14 INFO main 725823] Confirming: 4/9
[14 INFO main 727974] Confirming: 5/9
[14 INFO main 732018] Confirming: 7/9
[14 INFO main 734122] Confirming: 8/9
[14 INFO main 736151] Confirming: 9/9
[14 INFO main 736986] Verify.Homing -> Scout.Query | Arrived home
[14 INFO main 737060] Scout.Query -> Verify.DriveTo | Go to unverified source
[14 INFO main 881072] Verify.DriveTo -> Verify.Homing | Homing
[14 INFO main 899679] Confirming: 1/9
[14 INFO main 901968] Confirming: 2/9
[14 INFO main 903996] Confirming: 3/9
[14 INFO main 906020] Confirming: 4/9
[14 INFO main 908117] Confirming: 5/9
[14 INFO main 910132] Confirming: 6/9
[14 INFO main 910167] Verify.Homing -> Scout.Query | Arrived home
[14 INFO main 912204] Confirming: 7/9
[14 INFO main 916306] Confirming: 9/9
[14 INFO main 916634] Scout.Query -> Verify.DriveTo | Go to unverified source
[14 INFO main 985978] Verify.DriveTo -> Verify.Homing | Homing
[14 INFO main 1013970] Verify.Homing -> Scout.Query | Arrived home
[14 INFO main 1021459] Confirming: 1/9
[14 INFO main 1027664] Confirming: 4/9
[14 INFO main 1029663] Confirming: 5/9
[14 INFO main 1031695] Confirming: 6/9
[14 INFO main 1052181] Confirming: 13/9
[14 INFO main 1052342] Scout.Query -> Verify.DriveTo | Go to unverified source
[14 INFO main 1178425] Verify.DriveTo -> Verify.Homing | Homing
[14 INFO main 1190819] Confirming: 2/9
[14 INFO main 1192832] Confirming: 3/9
[14 INFO main 1194904] Confirming: 4/9
[14 INFO main 1196980] Confirming: 5/9
[14 INFO main 1199144] Confirming: 6/9
[14 INFO main 1199465] Verify.Homing -> Scout.Query | Arrived home
[14 INFO main 1201390] Confirming: 7/9
[14 INFO main 1203474] Confirming: 8/9
[14 INFO main 1205506] Confirming: 9/9
[14 INFO main 1206441] Scout.Query -> Verify.DriveTo | Go to unverified source
[14 INFO main 1282702] Verify.DriveTo -> Verify.Homing | Homing
[14 INFO main 1293173] Confirming: 1/9
[14 INFO main 1295295] Confirming: 2/9
[14 INFO main 1297335] Confirming: 3/9
[14 INFO main 1299504] Confirming: 4/9
[14 INFO main 1301526] Confirming: 5/9
[14 INFO main 1303634] Confirming: 6/9
[14 INFO main 1305650] Confirming: 7/9
[14 INFO main 1307891] Confirming: 9/9
[14 INFO main 1312862] Verify.Homing -> Scout.Query | Arrived home
[14 INFO main 1312898] Scout.Query -> Verify.DriveTo | Go to unverified source
[14 INFO main 1345483] Verify.DriveTo -> Verify.Homing | Homing
[14 INFO main 1355791] Confirming: 1/9
[14 INFO main 1357942] Confirming: 2/9
[14 INFO main 1361972] Confirming: 3/9
[14 INFO main 1362193] Verify.Homing -> Scout.Query | Arrived home
[14 INFO main 1363969] Confirming: 4/9
[14 INFO main 1365980] Confirming: 6/9
[14 INFO main 1368069] Confirming: 7/9
[14 INFO main 1370199] Confirming: 8/9
[14 INFO main 1372254] Confirming: 9/9
[14 INFO main 1373210] Scout.Query -> Verify.DriveTo | Go to unverified source
[14 INFO main 1485311] Verify.DriveTo -> Verify.Homing | Homing
[14 INFO main 1504904] Verify.Homing -> Scout.Query | Arrived home
[14 INFO main 1510196] Confirming: 2/9
[14 INFO main 1514268] Confirming: 4/9
[14 INFO main 1518314] Confirming: 5/9
[14 INFO main 1520407] Confirming: 7/9
[14 INFO main 1524684] Confirming: 9/9
[14 INFO main 1525139] Scout.Query -> Verify.DriveTo | Go to unverified source
[14 INFO main 1662134] Verify.DriveTo -> Verify.Homing | Homing
[14 INFO main 1676796] Confirming: 1/9
[14 INFO main 1678969] Confirming: 2/9
[14 INFO main 1680990] Confirming: 3/9
[14 INFO main 1683019] Confirming: 4/9
[14 INFO main 1684130] Verify.Homing -> Scout.Query | Arrived home
[14 INFO main 1685132] Confirming: 5/9
[14 INFO main 1687435] Confirming: 6/9
[14 INFO main 1689519] Confirming: 7/9
[14 INFO main 1691531] Confirming: 8/9
[14 INFO main 1693843] Confirming: 9/9
[14 INFO main 1693884] Scout.Query -> Verify.DriveTo | Go to unverified source
[14 INFO main 1816855] Verify.DriveTo -> Verify.Homing | Homing
[14 INFO main 1838030] Confirming: 1/9
[14 INFO main 1842230] Confirming: 3/9
[14 INFO main 1844239] Confirming: 4/9
[14 INFO main 1844768] Verify.Homing -> Scout.Query | Arrived home
[14 INFO main 1846303] Confirming: 5/9
[14 INFO main 1848481] Confirming: 6/9
[14 INFO main 1850767] Confirming: 7/9
[14 INFO main 1853235] Confirming: 8/9
[14 INFO main 1855263] Confirming: 9/9
[14 INFO main 1855443] Scout.Query -> Verify.DriveTo | Go to unverified source
[14 INFO main 1880662] Verify.DriveTo -> Verify.Homing | Homing
[14 INFO main 1892093] Verify.Homing -> Scout.Query | Arrived home
[14 INFO main 1898040] Confirming: 1/9
[14 INFO main 1902106] Confirming: 2/9
[14 INFO main 1904176] Confirming: 4/9
[14 INFO main 1906193] Confirming: 5/9
[14 INFO main 1908242] Confirming: 6/9
[14 INFO main 1910476] Confirming: 7/9
[14 INFO main 1912706] Confirming: 8/9
[14 INFO main 1914768] Confirming: 9/9
[14 INFO main 1915266] Scout.Query -> Verify.DriveTo | Go to unverified source
[14 INFO main 2168999] Verify.DriveTo -> Verify.Homing | Homing
[14 INFO main 2192056] Verify.Homing -> Scout.Query | Arrived home
[14 INFO main 2198155] Confirming: 1/9
[14 INFO main 2200393] Confirming: 2/9
[14 INFO main 2202480] Confirming: 3/9
[14 INFO main 2204480] Confirming: 4/9
[14 INFO main 2206601] Confirming: 5/9
[14 INFO main 2210644] Confirming: 7/9
[14 INFO main 2212702] Confirming: 8/9
[14 INFO main 2214846] Confirming: 9/9
[14 INFO main 2214986] Scout.Query -> Verify.DriveTo | Go to unverified source
[14 INFO main 2272274] Verify.DriveTo -> Verify.Homing | Homing
[14 INFO main 2289592] Confirming: 1/9
[14 INFO main 2291716] Confirming: 3/9
[14 INFO main 2293779] Confirming: 4/9
[14 INFO main 2295779] Confirming: 5/9
[14 INFO main 2298067] Confirming: 6/9
[14 INFO main 2298095] Verify.Homing -> Scout.Query | Arrived home
[14 INFO main 2300266] Confirming: 7/9
[14 INFO main 2302334] Confirming: 8/9
[14 INFO main 2304398] Confirming: 9/9
[14 INFO main 2305070] Scout.Query -> Verify.DriveTo | Go to unverified source
[14 INFO main 2357023] Verify.DriveTo -> Verify.Homing | Homing
[14 INFO main 2374631] Verify.Homing -> Scout.Query | Arrived home
[14 INFO main 2384775] Confirming: 3/9
[14 INFO main 2407543] Confirming: 4/9
[14 INFO main 2409561] Confirming: 5/9
[14 INFO main 2413613] Confirming: 7/9
[14 INFO main 2415672] Confirming: 8/9
[14 INFO main 2417804] Confirming: 9/9
[14 INFO main 2418108] Scout.Query -> Verify.DriveTo | Go to unverified source
[14 INFO main 2517713] Verify.DriveTo -> Verify.Homing | Homing
[14 INFO main 2534390] Confirming: 1/9
[14 INFO main 2536431] Confirming: 2/9
[14 INFO main 2538478] Confirming: 3/9
[14 INFO main 2540539] Confirming: 4/9
[14 INFO main 2542550] Confirming: 5/9
[14 INFO main 2544740] Confirming: 6/9
[14 INFO main 2546775] Confirming: 7/9
[14 INFO main 2548861] Confirming: 8/9
[14 INFO main 2549781] Verify.Homing -> Scout.Query | Arrived home
[14 INFO main 2551031] Confirming: 9/9
[14 INFO main 2551082] Scout.Query -> Verify.DriveTo | Go to unverified source
[14 INFO main 2661827] Verify.DriveTo -> Verify.Homing | Homing
[14 INFO main 2676367] Confirming: 1/9
[14 INFO main 2678419] Confirming: 2/9
[14 INFO main 2680486] Confirming: 3/9
[14 INFO main 2682565] Confirming: 4/9
[14 INFO main 2684604] Confirming: 5/9
[14 INFO main 2686086] Verify.Homing -> Scout.Query | Arrived home
[14 INFO main 2686605] Confirming: 6/9
[14 INFO main 2688671] Confirming: 7/9
[14 INFO main 2690712] Confirming: 8/9
[14 INFO main 2692741] Confirming: 9/9
[14 INFO main 2693423] Scout.Query -> Verify.DriveTo | Go to unverified source
[14 INFO main 2742304] Verify.DriveTo -> Verify.Homing | Homing
[14 INFO main 2754833] Confirming: 2/9
[14 INFO main 2757031] Confirming: 3/9
[14 INFO main 2761107] Confirming: 5/9
[14 INFO main 2763379] Confirming: 6/9
[14 INFO main 2765399] Confirming: 7/9
[14 INFO main 2769655] Confirming: 9/9
[14 INFO main 2770982] Verify.Homing -> Scout.Query | Arrived home
[14 INFO main 2771029] Scout.Query -> Verify.DriveTo | Go to unverified source
[14 INFO main 2841392] Verify.DriveTo -> Verify.Homing | Homing
[14 INFO main 2856211] Confirming: 1/9
[14 INFO main 2858291] Confirming: 2/9
[14 INFO main 2860333] Confirming: 3/9
[14 INFO main 2862639] Confirming: 5/9
[14 INFO main 2864827] Confirming: 6/9
[14 INFO main 2866872] Confirming: 7/9
[14 INFO main 2871598] Confirming: 9/9
[14 INFO main 2873755] Verify.Homing -> Scout.Query | Arrived home
[14 INFO main 2873918] Scout.Query -> Verify.DriveTo | Go to unverified source
[14 INFO main 3063176] Verify.DriveTo -> Verify.Homing | Homing
[14 INFO main 3095596] Confirming: 1/9
[14 INFO main 3097652] Confirming: 2/9
[14 INFO main 3099627] Confirming: 3/9
[14 INFO main 3101847] Confirming: 4/9
[14 INFO main 3103948] Confirming: 5/9
[14 INFO main 3106037] Confirming: 6/9
[14 INFO main 3108096] Confirming: 7/9
[14 INFO main 3110106] Confirming: 8/9
[14 INFO main 3112710] Confirming: 10/9
[14 INFO main 3113148] Verify.Homing -> Scout.Query | Arrived home
[14 INFO main 3113332] Scout.Query -> Verify.DriveTo | Go to unverified source
[14 INFO main 3188708] Verify.DriveTo -> Verify.Homing | Homing
[14 INFO main 3202573] Verify.Homing -> Scout.Query | Arrived home
[14 INFO main 3218105] Confirming: 1/9
[14 INFO main 3222267] Confirming: 3/9
[14 INFO main 3224281] Confirming: 4/9
[14 INFO main 3228666] Confirming: 6/9
[14 INFO main 3230704] Confirming: 7/9
[14 INFO main 3232768] Confirming: 8/9
[14 INFO main 3234755] Confirming: 9/9
[14 INFO main 3234756] Scout.Query -> Scout.PrepSend | Homing
[14 INFO main 3234900] Scout.PrepSend -> Verify.Homing | Homing
[14 INFO main 3247942] Confirming: 1/9
[14 INFO main 3250039] Confirming: 2/9
[14 INFO main 3252359] Confirming: 3/9
[14 INFO main 3254878] Confirming: 4/9
[14 INFO main 3257007] Confirming: 5/9
[14 INFO main 3259247] Confirming: 6/9
[14 INFO main 3261346] Confirming: 7/9
[14 INFO main 3263652] Confirming: 8/9
[14 INFO main 3264269] Verify.Homing -> Scout.Query | Arrived home
[14 INFO main 3265703] Confirming: 9/9
[14 INFO main 3266544] Scout.Query -> Verify.DriveTo | Go to unverified source
[14 INFO main 3552207] Verify.DriveTo -> Verify.Homing | Homing
[14 INFO main 3575548] Verify.Homing -> Scout.Query | Arrived home
[14 INFO main 3579317] Confirming: 1/9
[14 INFO main 3581629] Confirming: 2/9
[14 INFO main 3583726] Confirming: 3/9
[14 INFO main 3585823] Confirming: 4/9
[14 INFO main 3588628] Confirming: 5/9
[14 INFO main 3590685] Confirming: 7/9
[14 INFO main 3592708] Confirming: 8/9
[14 INFO main 3594726] Confirming: 9/9
[14 INFO main 3594786] Scout.Query -> Verify.DriveTo | Go to unverified source
[14 INFO main 3633685] Verify.DriveTo -> Verify.Homing | Homing
[14 INFO main 3640220] Confirming: 1/9
[14 INFO main 3641947] Verify.Homing -> Scout.Query | Arrived home
[14 INFO main 3642586] Confirming: 2/9
[14 INFO main 3644587] Confirming: 3/9
[14 INFO main 3646621] Confirming: 4/9
[14 INFO main 3648692] Confirming: 6/9
[14 INFO main 3650686] Confirming: 7/9
[14 INFO main 3652939] Confirming: 8/9
[14 INFO main 3655017] Confirming: 9/9
[14 INFO main 3655897] Scout.Query -> Verify.DriveTo | Go to unverified source
[14 INFO main 3742744] Verify.DriveTo -> Verify.Homing | Homing
[14 INFO main 3755234] Confirming: 1/9
[14 INFO main 3757908] Confirming: 2/9
[14 INFO main 3759907] Confirming: 4/9
[14 INFO main 3762029] Confirming: 5/9
[14 INFO main 3764047] Confirming: 6/9
[14 INFO main 3766076] Confirming: 7/9
[14 INFO main 3768430] Confirming: 8/9
[14 INFO main 3770674] Confirming: 9/9
[14 INFO main 3773605] Verify.Homing -> Scout.Query | Arrived home
[14 INFO main 3773843] Scout.Query -> Verify.DriveTo | Go to unverified source
[14 INFO main 3877716] Verify.DriveTo -> Verify.Homing | Homing
[14 INFO main 3905481] Verify.Homing -> Scout.Query | Arrived home
[14 INFO main 3909507] Confirming: 1/9
[14 INFO main 3911520] Confirming: 2/9
[14 INFO main 3913683] Confirming: 3/9
[14 INFO main 3915777] Confirming: 4/9
[14 INFO main 3917787] Confirming: 5/9
[14 INFO main 3920221] Confirming: 6/9
[14 INFO main 3922235] Confirming: 7/9
[14 INFO main 3924265] Confirming: 8/9
[14 INFO main 3926339] Confirming: 9/9
[14 INFO main 3927023] Scout.Query -> Verify.DriveTo | Go to unverified source
[14 INFO main 3974061] Verify.DriveTo -> Verify.Homing | Homing
[14 INFO main 4000333] Confirming: 1/9
[14 INFO main 4001291] Verify.Homing -> Scout.Query | Arrived home
[14 INFO main 4002415] Confirming: 2/9
[14 INFO main 4004551] Confirming: 3/9
[14 INFO main 4008651] Confirming: 5/9
[14 INFO main 4010925] Confirming: 7/9
[14 INFO main 4015225] Confirming: 9/9
[14 INFO main 4015478] Scout.Query -> Verify.DriveTo | Go to unverified source
[14 INFO main 4106558] Verify.DriveTo -> Verify.Homing | Homing
[14 INFO main 4119890] Confirming: 1/9
[14 INFO main 4122090] Confirming: 2/9
[14 INFO main 4124175] Confirming: 3/9
[14 INFO main 4126300] Confirming: 4/9
[14 INFO main 4128879] Confirming: 6/9
[14 INFO main 4130883] Confirming: 7/9
[14 INFO main 4132995] Confirming: 8/9
[14 INFO main 4135034] Confirming: 9/9
[14 INFO main 4136099] Verify.Homing -> Scout.Query | Arrived home
[14 INFO main 4136337] Scout.Query -> Verify.DriveTo | Go to unverified source
[14 INFO main 4475969] Verify.DriveTo -> Verify.Homing | Homing
[14 INFO main 4511317] Verify.Homing -> Scout.Query | Arrived home
[14 INFO main 4512991] Confirming: 2/9
[14 INFO main 4515004] Confirming: 3/9
[14 INFO main 4517128] Confirming: 4/9
[14 INFO main 4519250] Confirming: 5/9
[14 INFO main 4521686] Confirming: 6/9
[14 INFO main 4523896] Confirming: 8/9
[14 INFO main 4526325] Confirming: 9/9
[14 INFO main 4526450] Scout.Query -> Verify.DriveTo | Go to unverified source
[14 INFO main 4605746] Verify.DriveTo -> Verify.Homing | Homing
[14 INFO main 4623357] Confirming: 1/9
[14 INFO main 4625369] Confirming: 2/9
[14 INFO main 4627400] Confirming: 3/9
[14 INFO main 4629453] Confirming: 4/9
[14 INFO main 4631611] Confirming: 5/9
[14 INFO main 4633665] Confirming: 7/9
[14 INFO main 4635920] Confirming: 8/9
[14 INFO main 4637943] Confirming: 9/9
[14 INFO main 4652899] Verify.Homing -> Scout.Query | Arrived home
[14 INFO main 4653169] Scout.Query -> Verify.DriveTo | Go to unverified source
[14 INFO main 4759081] Verify.DriveTo -> Verify.Homing | Homing
[14 INFO main 4783782] Confirming: 1/9
[14 INFO main 4787884] Confirming: 3/9
[14 INFO main 4789908] Confirming: 4/9
[14 INFO main 4792263] Confirming: 5/9
[14 INFO main 4794293] Confirming: 6/9
[14 INFO main 4796309] Confirming: 7/9
[14 INFO main 4798441] Confirming: 8/9
[14 INFO main 4799136] Verify.Homing -> Scout.Query | Arrived home
[14 INFO main 4800476] Confirming: 9/9
[14 INFO main 4800641] Scout.Query -> Verify.DriveTo | Go to unverified source
[14 INFO main 4839194] Verify.DriveTo -> Verify.Homing | Homing
[14 INFO main 4858290] Verify.Homing -> Scout.Query | Arrived home
[14 INFO main 4873956] Confirming: 1/9
[14 INFO main 4876090] Confirming: 2/9
[14 INFO main 4878114] Confirming: 3/9
[14 INFO main 4880162] Confirming: 4/9
[14 INFO main 4882535] Confirming: 5/9
[14 INFO main 4884594] Confirming: 6/9
[14 INFO main 4886611] Confirming: 7/9
[14 INFO main 4888834] Confirming: 9/9
[14 INFO main 4889224] Scout.Query -> Verify.DriveTo | Go to unverified source
[14 INFO main 4914390] Verify.DriveTo -> Verify.Homing | Homing
[14 INFO main 4933539] Confirming: 1/9
[14 INFO main 4935630] Confirming: 2/9
[14 INFO main 4937652] Confirming: 3/9
[14 INFO main 4939677] Confirming: 4/9
[14 INFO main 4941709] Confirming: 5/9
[14 INFO main 4942040] Verify.Homing -> Scout.Query | Arrived home
[14 INFO main 4943688] Confirming: 6/9
[14 INFO main 4945867] Confirming: 7/9
[14 INFO main 4948160] Confirming: 8/9
[14 INFO main 4950368] Confirming: 9/9
[14 INFO main 4950892] Scout.Query -> Verify.DriveTo | Go to unverified source
[14 INFO main 5097564] Verify.DriveTo -> Verify.Homing | Homing
[14 INFO main 5108262] Confirming: 1/9
[14 INFO main 5110352] Confirming: 2/9
[14 INFO main 5112447] Confirming: 3/9
[14 INFO main 5114822] Confirming: 5/9
[14 INFO main 5117044] Confirming: 6/9
[14 INFO main 5119100] Confirming: 7/9
[14 INFO main 5121175] Confirming: 8/9
[14 INFO main 5123215] Confirming: 9/9
[14 INFO main 5126381] Verify.Homing -> Scout.Query | Arrived home
[14 INFO main 5126920] Scout.Query -> Verify.DriveTo | Go to unverified source
[14 INFO main 5224855] Verify.DriveTo -> Verify.Homing | Homing
[14 INFO main 5233775] Confirming: 1/9
[14 INFO main 5235847] Confirming: 2/9
[14 INFO main 5238067] Confirming: 3/9
[14 INFO main 5240127] Confirming: 4/9
[14 INFO main 5242368] Confirming: 5/9
[14 INFO main 5244507] Confirming: 6/9
[14 INFO main 5246845] Confirming: 8/9
[14 INFO main 5248997] Confirming: 9/9
[14 INFO main 5263127] Verify.Homing -> Scout.Query | Arrived home
[14 INFO main 5263360] Scout.Query -> Verify.DriveTo | Go to unverified source
[14 INFO main 5324238] Verify.DriveTo -> Verify.Homing | Homing
[14 INFO main 5342666] Verify.Homing -> Scout.Query | Arrived home
[14 INFO main 5353944] Confirming: 1/9
[14 INFO main 5356013] Confirming: 2/9
[14 INFO main 5358126] Confirming: 3/9
[14 INFO main 5360134] Confirming: 4/9
[14 INFO main 5362198] Confirming: 5/9
[14 INFO main 5364411] Confirming: 6/9
[14 INFO main 5367127] Confirming: 7/9
[14 INFO main 5369478] Confirming: 9/9
[14 INFO main 5370085] Scout.Query -> Verify.DriveTo | Go to unverified source
