[2 INFO main 27] Initialising Python Geth Console...
[2 INFO main 33] Initialising RandB board...
[2 INFO main 33] Initialising navigation...
[2 INFO main 33] Initialising random-walk...
[2 INFO main 33] Initialising odometry...
[2 INFO main 33] Initialising ground-sensors...
[2 INFO main 1087] --//-- Starting Experiment --//--
[2 INFO main 2477] Idle.IDLE -> Scout.Query | Duration: 25.81
[2 INFO main 20460] Scout.Query -> Verify.DriveTo | Go to unverified source
[2 INFO main 34063] Verify.DriveTo -> Verify.Homing | Homing
[2 INFO main 67157] Confirming: 1/9
[2 INFO main 69252] Confirming: 2/9
[2 INFO main 71272] Confirming: 3/9
[2 INFO main 73364] Confirming: 4/9
[2 INFO main 73948] Verify.Homing -> Scout.Query | Arrived home
[2 INFO main 75403] Confirming: 5/9
[2 INFO main 77401] Confirming: 6/9
[2 INFO main 79471] Confirming: 7/9
[2 INFO main 81619] Confirming: 8/9
[2 INFO main 83702] Confirming: 9/9
[2 INFO main 121866] Scout.Query -> Verify.DriveTo | Go to unverified source
[2 INFO main 186820] Verify.DriveTo -> Verify.Homing | Homing
[2 INFO main 207548] Confirming: 1/9
[2 INFO main 209645] Confirming: 2/9
[2 INFO main 211745] Confirming: 3/9
[2 INFO main 213801] Confirming: 4/9
[2 INFO main 215027] Verify.Homing -> Scout.Query | Arrived home
[2 INFO main 215885] Confirming: 5/9
[2 INFO main 217962] Confirming: 6/9
[2 INFO main 220047] Confirming: 7/9
[2 INFO main 222135] Confirming: 8/9
[2 INFO main 226280] Confirming: 10/9
[2 INFO main 226997] Scout.Query -> Verify.DriveTo | Go to unverified source
[2 INFO main 249954] Verify.DriveTo -> Verify.Homing | Homing
[2 INFO main 270679] Verify.Homing -> Scout.Query | Arrived home
[2 INFO main 278905] Confirming: 2/9
[2 INFO main 280939] Confirming: 3/9
[2 INFO main 283013] Confirming: 4/9
[2 INFO main 285127] Confirming: 5/9
[2 INFO main 287213] Confirming: 6/9
[2 INFO main 289272] Confirming: 7/9
[2 INFO main 293400] Confirming: 9/9
[2 INFO main 293427] Scout.Query -> Verify.DriveTo | Go to unverified source
[2 INFO main 317063] Verify.DriveTo -> Verify.Homing | Homing
[2 INFO main 335963] Verify.Homing -> Scout.Query | Arrived home
[2 INFO main 337816] Confirming: 1/9
[2 INFO main 339899] Confirming: 2/9
[2 INFO main 341928] Confirming: 3/9
[2 INFO main 343936] Confirming: 4/9
[2 INFO main 345966] Confirming: 5/9
[2 INFO main 348011] Confirming: 6/9
[2 INFO main 350052] Confirming: 7/9
[2 INFO main 352129] Confirming: 8/9
[2 INFO main 354180] Confirming: 9/9
[2 INFO main 354346] Scout.Query -> Verify.DriveTo | Go to unverified source
[2 INFO main 432505] Verify.DriveTo -> Verify.Homing | Homing
[2 INFO main 455871] Verify.Homing -> Scout.Query | Arrived home
[2 INFO main 459226] Confirming: 2/9
[2 INFO main 461304] Confirming: 3/9
[2 INFO main 463392] Confirming: 4/9
[2 INFO main 465444] Confirming: 5/9
[2 INFO main 467485] Confirming: 6/9
[2 INFO main 469589] Confirming: 7/9
[2 INFO main 471664] Confirming: 8/9
[2 INFO main 473709] Confirming: 9/9
[2 INFO main 474028] Scout.Query -> Verify.DriveTo | Go to unverified source
[2 INFO main 515712] Verify.DriveTo -> Verify.Homing | Homing
[2 INFO main 541002] Verify.Homing -> Scout.Query | Arrived home
[2 INFO main 546508] Confirming: 1/9
[2 INFO main 548547] Confirming: 2/9
[2 INFO main 552596] Confirming: 4/9
[2 INFO main 554661] Confirming: 5/9
[2 INFO main 556719] Confirming: 6/9
[2 INFO main 560849] Confirming: 8/9
[2 INFO main 564899] Confirming: 9/9
[2 INFO main 565757] Scout.Query -> Verify.DriveTo | Go to unverified source
[2 INFO main 623309] Verify.DriveTo -> Verify.Homing | Homing
[2 INFO main 637951] Confirming: 1/9
[2 INFO main 640029] Confirming: 2/9
[2 INFO main 642226] Confirming: 3/9
[2 INFO main 644376] Confirming: 4/9
[2 INFO main 644568] Verify.Homing -> Scout.Query | Arrived home
[2 INFO main 646406] Confirming: 5/9
[2 INFO main 648550] Confirming: 6/9
[2 INFO main 650487] Confirming: 7/9
[2 INFO main 652672] Confirming: 8/9
[2 INFO main 654693] Confirming: 9/9
[2 INFO main 655813] Scout.Query -> Verify.DriveTo | Go to unverified source
[2 INFO main 684712] Verify.DriveTo -> Verify.Homing | Homing
[2 INFO main 697365] Verify.Homing -> Scout.Query | Arrived home
[2 INFO main 699132] Confirming: 1/9
[2 INFO main 701140] Confirming: 2/9
[2 INFO main 703192] Confirming: 3/9
[2 INFO main 705241] Confirming: 4/9
[2 INFO main 707292] Confirming: 5/9
[2 INFO main 709336] Confirming: 6/9
[2 INFO main 711353] Confirming: 7/9
[2 INFO main 713440] Confirming: 9/9
[2 INFO main 713494] Scout.Query -> Verify.DriveTo | Go to unverified source
[2 INFO main 763585] Verify.DriveTo -> Verify.Homing | Homing
[2 INFO main 788396] Confirming: 1/9
[2 INFO main 790552] Confirming: 2/9
[2 INFO main 792673] Confirming: 3/9
[2 INFO main 794386] Verify.Homing -> Scout.Query | Arrived home
[2 INFO main 794763] Confirming: 4/9
[2 INFO main 796896] Confirming: 5/9
[2 INFO main 798977] Confirming: 6/9
[2 INFO main 801063] Confirming: 7/9
[2 INFO main 803164] Confirming: 8/9
[2 INFO main 805171] Confirming: 9/9
[2 INFO main 805239] Scout.Query -> Verify.DriveTo | Go to unverified source
[2 INFO main 892607] Verify.DriveTo -> Verify.Homing | Homing
[2 INFO main 909456] Confirming: 1/9
[2 INFO main 911429] Confirming: 3/9
[2 INFO main 915679] Confirming: 5/9
[2 INFO main 917711] Confirming: 6/9
[2 INFO main 920479] Verify.Homing -> Scout.Query | Arrived home
[2 INFO main 921865] Confirming: 8/9
[2 INFO main 923947] Confirming: 9/9
[2 INFO main 923983] Scout.Query -> Verify.DriveTo | Go to unverified source
[2 INFO main 965149] Verify.DriveTo -> Verify.Homing | Homing
[2 INFO main 988231] Verify.Homing -> Scout.Query | Arrived home
[2 INFO main 998000] Confirming: 1/9
[2 INFO main 1000039] Confirming: 2/9
[2 INFO main 1002197] Confirming: 3/9
[2 INFO main 1004263] Confirming: 4/9
[2 INFO main 1006376] Confirming: 5/9
[2 INFO main 1008422] Confirming: 6/9
[2 INFO main 1010482] Confirming: 7/9
[2 INFO main 1012543] Confirming: 8/9
[2 INFO main 1014684] Confirming: 9/9
[2 INFO main 1015497] Scout.Query -> Verify.DriveTo | Go to unverified source
[2 INFO main 1048096] Verify.DriveTo -> Verify.Homing | Homing
[2 INFO main 1058540] Confirming: 1/9
[2 INFO main 1060590] Confirming: 2/9
[2 INFO main 1062645] Confirming: 3/9
[2 INFO main 1064728] Confirming: 4/9
[2 INFO main 1066791] Confirming: 5/9
[2 INFO main 1068665] Verify.Homing -> Scout.Query | Arrived home
[2 INFO main 1068877] Confirming: 6/9
[2 INFO main 1070915] Confirming: 7/9
[2 INFO main 1072917] Confirming: 8/9
[2 INFO main 1074966] Confirming: 9/9
[2 INFO main 1075399] Scout.Query -> Verify.DriveTo | Go to unverified source
[2 INFO main 1116128] Verify.DriveTo -> Verify.Homing | Homing
[2 INFO main 1137623] Verify.Homing -> Scout.Query | Arrived home
[2 INFO main 1149682] Confirming: 2/9
[2 INFO main 1153716] Confirming: 4/9
[2 INFO main 1155822] Confirming: 5/9
[2 INFO main 1159921] Confirming: 7/9
[2 INFO main 1164077] Confirming: 8/9
[2 INFO main 1168184] Confirming: 11/9
[2 INFO main 1168399] Scout.Query -> Verify.DriveTo | Go to unverified source
[2 INFO main 1205987] Verify.DriveTo -> Verify.Homing | Homing
[2 INFO main 1230261] Verify.Homing -> Scout.Query | Arrived home
[2 INFO main 1235523] Confirming: 1/9
[2 INFO main 1237540] Confirming: 2/9
[2 INFO main 1239567] Confirming: 3/9
[2 INFO main 1241583] Confirming: 5/9
[2 INFO main 1243786] Confirming: 6/9
[2 INFO main 1245911] Confirming: 7/9
[2 INFO main 1247997] Confirming: 8/9
[2 INFO main 1249998] Confirming: 9/9
[2 INFO main 1250778] Scout.Query -> Verify.DriveTo | Go to unverified source
[2 INFO main 1290475] Verify.DriveTo -> Verify.Homing | Homing
[2 INFO main 1298739] Confirming: 1/9
[2 INFO main 1300821] Confirming: 2/9
[2 INFO main 1304867] Confirming: 4/9
[2 INFO main 1306935] Confirming: 5/9
[2 INFO main 1309033] Confirming: 6/9
[2 INFO main 1311053] Confirming: 7/9
[2 INFO main 1311053] Verify.Homing -> Scout.Query | Arrived home
[2 INFO main 1315236] Confirming: 9/9
[2 INFO main 1316030] Scout.Query -> Verify.DriveTo | Go to unverified source
[2 INFO main 1343348] Verify.DriveTo -> Verify.Homing | Homing
[2 INFO main 1359791] Confirming: 1/9
[2 INFO main 1361806] Confirming: 2/9
[2 INFO main 1363913] Confirming: 3/9
[2 INFO main 1365939] Confirming: 4/9
[2 INFO main 1368062] Confirming: 5/9
[2 INFO main 1368062] Verify.Homing -> Scout.Query | Arrived home
[2 INFO main 1370066] Confirming: 6/9
[2 INFO main 1372208] Confirming: 7/9
[2 INFO main 1374231] Confirming: 8/9
[2 INFO main 1376325] Confirming: 9/9
[2 INFO main 1377042] Scout.Query -> Verify.DriveTo | Go to unverified source
[2 INFO main 1427209] Verify.DriveTo -> Verify.Homing | Homing
[2 INFO main 1439565] Confirming: 1/9
[2 INFO main 1441677] Confirming: 2/9
[2 INFO main 1443750] Confirming: 3/9
[2 INFO main 1445753] Confirming: 4/9
[2 INFO main 1447870] Confirming: 5/9
[2 INFO main 1449528] Verify.Homing -> Scout.Query | Arrived home
[2 INFO main 1449868] Confirming: 6/9
[2 INFO main 1452039] Confirming: 7/9
[2 INFO main 1454035] Confirming: 8/9
[2 INFO main 1456093] Confirming: 9/9
[2 INFO main 1456373] Scout.Query -> Verify.DriveTo | Go to unverified source
[2 INFO main 1482096] Verify.DriveTo -> Verify.Homing | Homing
[2 INFO main 1505624] Verify.Homing -> Scout.Query | Arrived home
[2 INFO main 1509130] Confirming: 1/9
[2 INFO main 1511160] Confirming: 2/9
[2 INFO main 1513244] Confirming: 3/9
[2 INFO main 1515361] Confirming: 4/9
[2 INFO main 1517626] Confirming: 5/9
[2 INFO main 1521793] Confirming: 7/9
[2 INFO main 1524027] Confirming: 8/9
[2 INFO main 1526085] Confirming: 9/9
[2 INFO main 1526509] Scout.Query -> Verify.DriveTo | Go to unverified source
[2 INFO main 1545110] Verify.DriveTo -> Verify.Homing | Homing
[2 INFO main 1569910] Confirming: 1/9
[2 INFO main 1571914] Confirming: 2/9
[2 INFO main 1573083] Verify.Homing -> Scout.Query | Arrived home
[2 INFO main 1573941] Confirming: 3/9
[2 INFO main 1575966] Confirming: 4/9
[2 INFO main 1578020] Confirming: 5/9
[2 INFO main 1580133] Confirming: 6/9
[2 INFO main 1582160] Confirming: 7/9
[2 INFO main 1584210] Confirming: 8/9
[2 INFO main 1586270] Confirming: 9/9
[2 INFO main 1586579] Scout.Query -> Verify.DriveTo | Go to unverified source
[2 INFO main 1622000] Verify.DriveTo -> Verify.Homing | Homing
[2 INFO main 1655177] Verify.Homing -> Scout.Query | Arrived home
[2 INFO main 1659725] Confirming: 1/9
[2 INFO main 1661808] Confirming: 2/9
[2 INFO main 1663810] Confirming: 3/9
[2 INFO main 1667903] Confirming: 4/9
[2 INFO main 1670158] Confirming: 6/9
[2 INFO main 1672175] Confirming: 7/9
[2 INFO main 1674217] Confirming: 8/9
[2 INFO main 1676280] Confirming: 9/9
[2 INFO main 1676971] Scout.Query -> Verify.DriveTo | Go to unverified source
[2 INFO main 1719797] Verify.DriveTo -> Verify.Homing | Homing
[2 INFO main 1729247] Verify.Homing -> Scout.Query | Arrived home
[2 INFO main 1740529] Confirming: 1/9
[2 INFO main 1742643] Confirming: 2/9
[2 INFO main 1744680] Confirming: 3/9
[2 INFO main 1746716] Confirming: 4/9
[2 INFO main 1748785] Confirming: 5/9
[2 INFO main 1752937] Confirming: 7/9
[2 INFO main 1757034] Confirming: 9/9
[2 INFO main 1757335] Scout.Query -> Verify.DriveTo | Go to unverified source
