[11 INFO main 27] Initialising Python Geth Console...
[11 INFO main 32] Initialising RandB board...
[11 INFO main 32] Initialising navigation...
[11 INFO main 32] Initialising random-walk...
[11 INFO main 32] Initialising odometry...
[11 INFO main 32] Initialising ground-sensors...
[11 INFO main 274] --//-- Starting Experiment --//--
[11 INFO main 1730] Idle.IDLE -> Scout.Query | Duration: 29.24
[11 INFO main 21806] Scout.Query -> Verify.DriveTo | Go to unverified source
[11 INFO main 95492] Verify.DriveTo -> Verify.Homing | Homing
[11 INFO main 96912] Verify.Homing -> Scout.Query | Arrived home
[11 INFO main 101672] Confirming: 1/9
[11 INFO main 103716] Confirming: 2/9
[11 INFO main 105644] Confirming: 3/9
[11 INFO main 107762] Confirming: 4/9
[11 INFO main 109841] Confirming: 5/9
[11 INFO main 111918] Confirming: 7/9
[11 INFO main 113962] Confirming: 8/9
[11 INFO main 118067] Confirming: 10/9
[11 INFO main 118473] Scout.Query -> Verify.DriveTo | Go to unverified source
[11 INFO main 283015] Verify.DriveTo -> Verify.Homing | Homing
[11 INFO main 287531] Confirming: 1/9
[11 INFO main 291676] Confirming: 3/9
[11 INFO main 293746] Confirming: 4/9
[11 INFO main 295848] Confirming: 5/9
[11 INFO main 297869] Confirming: 6/9
[11 INFO main 299888] Confirming: 7/9
[11 INFO main 301973] Confirming: 8/9
[11 INFO main 304042] Confirming: 9/9
[11 INFO main 311784] Verify.Homing -> Scout.Query | Arrived home
[11 INFO main 311829] Scout.Query -> Verify.DriveTo | Go to unverified source
[11 INFO main 342087] Verify.DriveTo -> Verify.Homing | Homing
[11 INFO main 348328] Confirming: 1/9
[11 INFO main 350369] Confirming: 2/9
[11 INFO main 352440] Confirming: 3/9
[11 INFO main 354525] Confirming: 4/9
[11 INFO main 356348] Verify.Homing -> Scout.Query | Arrived home
[11 INFO main 356588] Confirming: 5/9
[11 INFO main 358625] Confirming: 6/9
[11 INFO main 360642] Confirming: 7/9
[11 INFO main 362669] Confirming: 8/9
[11 INFO main 364696] Confirming: 9/9
[11 INFO main 404866] Scout.Query -> Verify.DriveTo | Go to unverified source
[11 INFO main 415076] Verify.DriveTo -> Verify.Homing | Homing
[11 INFO main 429224] Verify.Homing -> Scout.Query | Arrived home
[11 INFO main 435926] Confirming: 1/9
[11 INFO main 437901] Confirming: 2/9
[11 INFO main 439961] Confirming: 3/9
[11 INFO main 442069] Confirming: 4/9
[11 INFO main 444124] Confirming: 5/9
[11 INFO main 446156] Confirming: 6/9
[11 INFO main 448236] Confirming: 7/9
[11 INFO main 450329] Confirming: 8/9
[11 INFO main 452450] Confirming: 9/9
[11 INFO main 453352] Scout.Query -> Verify.DriveTo | Go to unverified source
[11 INFO main 529949] Verify.DriveTo -> Verify.Homing | Homing
[11 INFO main 551763] Verify.Homing -> Scout.Query | Arrived home
[11 INFO main 559388] Confirming: 1/9
[11 INFO main 561336] Confirming: 2/9
[11 INFO main 563498] Confirming: 3/9
[11 INFO main 565548] Confirming: 4/9
[11 INFO main 567573] Confirming: 5/9
[11 INFO main 569577] Confirming: 6/9
[11 INFO main 571654] Confirming: 7/9
[11 INFO main 573740] Confirming: 8/9
[11 INFO main 575811] Confirming: 9/9
[11 INFO main 575835] Scout.Query -> Verify.DriveTo | Go to unverified source
[11 INFO main 603572] Verify.DriveTo -> Verify.Homing | Homing
[11 INFO main 620135] Verify.Homing -> Scout.Query | Arrived home
[11 INFO main 651453] Confirming: 1/9
[11 INFO main 653621] Confirming: 2/9
[11 INFO main 655613] Confirming: 3/9
[11 INFO main 657739] Confirming: 4/9
[11 INFO main 659792] Confirming: 5/9
[11 INFO main 661965] Confirming: 6/9
[11 INFO main 664178] Confirming: 7/9
[11 INFO main 666282] Confirming: 9/9
[11 INFO main 666323] Scout.Query -> Verify.DriveTo | Go to unverified source
[11 INFO main 710488] Verify.DriveTo -> Verify.Homing | Homing
[11 INFO main 739646] Verify.Homing -> Scout.Query | Arrived home
[11 INFO main 741729] Confirming: 1/9
[11 INFO main 743744] Confirming: 2/9
[11 INFO main 745795] Confirming: 3/9
[11 INFO main 747865] Confirming: 4/9
[11 INFO main 749898] Confirming: 5/9
[11 INFO main 751955] Confirming: 6/9
[11 INFO main 754037] Confirming: 7/9
[11 INFO main 756083] Confirming: 8/9
[11 INFO main 758119] Confirming: 9/9
[11 INFO main 759147] Scout.Query -> Verify.DriveTo | Go to unverified source
[11 INFO main 794686] Verify.DriveTo -> Verify.Homing | Homing
[11 INFO main 801195] Confirming: 1/9
[11 INFO main 803207] Confirming: 2/9
[11 INFO main 805267] Confirming: 3/9
[11 INFO main 807265] Confirming: 4/9
[11 INFO main 809368] Confirming: 5/9
[11 INFO main 811370] Confirming: 6/9
[11 INFO main 813426] Confirming: 7/9
[11 INFO main 815441] Confirming: 8/9
[11 INFO main 817399] Confirming: 9/9
[11 INFO main 818043] Verify.Homing -> Scout.Query | Arrived home
[11 INFO main 818349] Scout.Query -> Verify.DriveTo | Go to unverified source
[11 INFO main 867925] Verify.DriveTo -> Verify.Homing | Homing
[11 INFO main 891033] Confirming: 1/9
[11 INFO main 893188] Confirming: 2/9
[11 INFO main 894622] Verify.Homing -> Scout.Query | Arrived home
[11 INFO main 895270] Confirming: 3/9
[11 INFO main 897332] Confirming: 4/9
[11 INFO main 899387] Confirming: 5/9
[11 INFO main 901443] Confirming: 6/9
[11 INFO main 903820] Confirming: 7/9
[11 INFO main 905920] Confirming: 8/9
[11 INFO main 907928] Confirming: 9/9
[11 INFO main 907958] Scout.Query -> Verify.DriveTo | Go to unverified source
[11 INFO main 1028487] Verify.DriveTo -> Verify.Homing | Homing
[11 INFO main 1041080] Confirming: 1/9
[11 INFO main 1043098] Confirming: 2/9
[11 INFO main 1045380] Confirming: 3/9
[11 INFO main 1047459] Confirming: 4/9
[11 INFO main 1049471] Confirming: 5/9
[11 INFO main 1051587] Confirming: 6/9
[11 INFO main 1053597] Confirming: 7/9
[11 INFO main 1055618] Confirming: 8/9
[11 INFO main 1057670] Confirming: 9/9
[11 INFO main 1066571] Verify.Homing -> Scout.Query | Arrived home
[11 INFO main 1066707] Scout.Query -> Verify.DriveTo | Go to unverified source
[11 INFO main 1150346] Verify.DriveTo -> Verify.Homing | Homing
[11 INFO main 1160725] Confirming: 1/9
[11 INFO main 1162812] Confirming: 2/9
[11 INFO main 1164864] Confirming: 3/9
[11 INFO main 1166952] Confirming: 4/9
[11 INFO main 1168990] Confirming: 5/9
[11 INFO main 1171063] Confirming: 6/9
[11 INFO main 1172619] Verify.Homing -> Scout.Query | Arrived home
[11 INFO main 1173136] Confirming: 7/9
[11 INFO main 1175301] Confirming: 8/9
[11 INFO main 1177321] Confirming: 9/9
[11 INFO main 1178107] Scout.Query -> Verify.DriveTo | Go to unverified source
[11 INFO main 1243243] Verify.DriveTo -> Verify.Homing | Homing
[11 INFO main 1250077] Confirming: 1/9
[11 INFO main 1252122] Confirming: 2/9
[11 INFO main 1254161] Confirming: 3/9
[11 INFO main 1256163] Confirming: 4/9
[11 INFO main 1258376] Confirming: 6/9
[11 INFO main 1260564] Confirming: 7/9
[11 INFO main 1262608] Confirming: 8/9
[11 INFO main 1266770] Confirming: 10/9
[11 INFO main 1273282] Verify.Homing -> Scout.Query | Arrived home
[11 INFO main 1273340] Scout.Query -> Verify.DriveTo | Go to unverified source
[11 INFO main 1320825] Verify.DriveTo -> Verify.Homing | Homing
[11 INFO main 1342343] Confirming: 1/9
[11 INFO main 1344379] Confirming: 2/9
[11 INFO main 1346425] Confirming: 3/9
[11 INFO main 1348501] Confirming: 4/9
[11 INFO main 1350713] Confirming: 5/9
[11 INFO main 1352892] Confirming: 7/9
[11 INFO main 1354949] Confirming: 8/9
[11 INFO main 1357013] Confirming: 9/9
[11 INFO main 1372736] Verify.Homing -> Scout.Query | Arrived home
[11 INFO main 1372875] Scout.Query -> Verify.DriveTo | Go to unverified source
[11 INFO main 1409636] Verify.DriveTo -> Verify.Homing | Homing
[11 INFO main 1427168] Verify.Homing -> Scout.Query | Arrived home
[11 INFO main 1432438] Confirming: 2/9
[11 INFO main 1436536] Confirming: 4/9
[11 INFO main 1440616] Confirming: 6/9
[11 INFO main 1442652] Confirming: 7/9
[11 INFO main 1444678] Confirming: 8/9
[11 INFO main 1446847] Confirming: 9/9
[11 INFO main 1446890] Scout.Query -> Verify.DriveTo | Go to unverified source
[11 INFO main 1485572] Verify.DriveTo -> Verify.Homing | Homing
[11 INFO main 1495886] Confirming: 1/9
[11 INFO main 1497941] Confirming: 2/9
[11 INFO main 1500041] Confirming: 3/9
[11 INFO main 1502126] Confirming: 4/9
[11 INFO main 1504208] Confirming: 5/9
[11 INFO main 1506253] Confirming: 6/9
[11 INFO main 1508312] Confirming: 8/9
[11 INFO main 1510754] Verify.Homing -> Scout.Query | Arrived home
[11 INFO main 1512431] Confirming: 10/9
[11 INFO main 1513452] Scout.Query -> Verify.DriveTo | Go to unverified source
[11 INFO main 1543330] Verify.DriveTo -> Verify.Homing | Homing
[11 INFO main 1551828] Confirming: 1/9
[11 INFO main 1553995] Confirming: 2/9
[11 INFO main 1556092] Confirming: 3/9
[11 INFO main 1558177] Confirming: 4/9
[11 INFO main 1560234] Confirming: 5/9
[11 INFO main 1562525] Confirming: 7/9
[11 INFO main 1564534] Confirming: 8/9
[11 INFO main 1566562] Confirming: 9/9
[11 INFO main 1568205] Verify.Homing -> Scout.Query | Arrived home
[11 INFO main 1568329] Scout.Query -> Verify.DriveTo | Go to unverified source
[11 INFO main 1654628] Verify.DriveTo -> Verify.Homing | Homing
[11 INFO main 1671368] Confirming: 1/9
[11 INFO main 1673428] Confirming: 2/9
[11 INFO main 1675495] Confirming: 3/9
[11 INFO main 1677493] Confirming: 4/9
[11 INFO main 1679672] Confirming: 5/9
[11 INFO main 1680918] Verify.Homing -> Scout.Query | Arrived home
[11 INFO main 1681755] Confirming: 6/9
[11 INFO main 1683818] Confirming: 7/9
[11 INFO main 1685904] Confirming: 8/9
[11 INFO main 1688152] Confirming: 9/9
[11 INFO main 1688189] Scout.Query -> Verify.DriveTo | Go to unverified source
[11 INFO main 1735651] Verify.DriveTo -> Verify.Homing | Homing
[11 INFO main 1750643] Verify.Homing -> Scout.Query | Arrived home
[11 INFO main 1760324] Confirming: 1/9
[11 INFO main 1764511] Confirming: 3/9
[11 INFO main 1766598] Confirming: 4/9
[11 INFO main 1770670] Confirming: 6/9
[11 INFO main 1772767] Confirming: 7/9
[11 INFO main 1774835] Confirming: 8/9
[11 INFO main 1776933] Confirming: 9/9
[11 INFO main 1776972] Scout.Query -> Verify.DriveTo | Go to unverified source
