[3 INFO main 30] Initialising Python Geth Console...
[3 INFO main 33] Initialising RandB board...
[3 INFO main 33] Initialising navigation...
[3 INFO main 33] Initialising random-walk...
[3 INFO main 33] Initialising odometry...
[3 INFO main 33] Initialising ground-sensors...
[3 INFO main 824] --//-- Starting Experiment --//--
[3 INFO main 1925] Idle.IDLE -> Scout.Query | Duration: 20.43
[3 INFO main 39473] Scout.Query -> Scout.GotoCenter | Drive to others reported pos
[3 INFO main 48887] Scout.GotoCenter -> Scout.Query | return to random walk
[3 INFO main 49586] Scout.Query -> Scout.GotoCenter | Drive to others reported pos
[3 INFO main 50587] Scout.GotoCenter -> Scout.Query | return to random walk
[3 INFO main 51588] Scout.Query -> Scout.GotoCenter | Drive to others reported pos
[3 INFO main 51788] Scout.GotoCenter -> Scout.Query | return to random walk
[3 INFO main 52589] Scout.Query -> Scout.GotoCenter | Drive to others reported pos
[3 INFO main 54091] Scout.GotoCenter -> Scout.Query | return to random walk
[3 INFO main 54592] Scout.Query -> Scout.GotoCenter | Drive to others reported pos
[3 INFO main 54892] Scout.GotoCenter -> Scout.Query | return to random walk
[3 INFO main 55593] Scout.Query -> Scout.GotoCenter | Drive to others reported pos
[3 INFO main 55695] Scout.GotoCenter -> Scout.Query | return to random walk
