[12 INFO main 30] Initialising Python Geth Console...
[12 INFO main 33] Initialising RandB board...
[12 INFO main 33] Initialising navigation...
[12 INFO main 33] Initialising random-walk...
[12 INFO main 33] Initialising odometry...
[12 INFO main 34] Initialising ground-sensors...
[12 INFO main 313] --//-- Starting Experiment --//--
[12 INFO main 1426] Idle.IDLE -> Scout.Query | Duration: 18.75
[12 INFO main 129286] Scout.Query -> Scout.GotoCenter | Drive to others reported pos
[12 INFO main 150005] Scout.GotoCenter -> Scout.Query | return to random walk
[12 INFO main 150201] Scout.Query -> Scout.GotoCenter | Drive to others reported pos
[12 INFO main 150705] Scout.GotoCenter -> Scout.Query | return to random walk
[12 INFO main 151206] Scout.Query -> Scout.GotoCenter | Drive to others reported pos
[12 INFO main 152401] Scout.GotoCenter -> Scout.Query | return to random walk
[12 INFO main 153312] Scout.Query -> Scout.GotoCenter | Drive to others reported pos
[12 INFO main 156513] Scout.GotoCenter -> Scout.Query | return to random walk
[12 INFO main 157410] Scout.Query -> Scout.GotoCenter | Drive to others reported pos
[12 INFO main 160915] Scout.GotoCenter -> Scout.Query | return to random walk
[12 INFO main 161619] Scout.Query -> Scout.GotoCenter | Drive to others reported pos
[12 INFO main 164126] Scout.GotoCenter -> Scout.Query | return to random walk
[12 INFO main 164719] Scout.Query -> Scout.GotoCenter | Drive to others reported pos
[12 INFO main 167329] Scout.GotoCenter -> Scout.Query | return to random walk
[12 INFO main 167814] Scout.Query -> Scout.GotoCenter | Drive to others reported pos
[12 INFO main 169023] Scout.GotoCenter -> Scout.Query | return to random walk
