[8 INFO main 27] Initialising Python Geth Console...
[8 INFO main 31] Initialising RandB board...
[8 INFO main 31] Initialising navigation...
[8 INFO main 31] Initialising random-walk...
[8 INFO main 31] Initialising odometry...
[8 INFO main 31] Initialising ground-sensors...
[8 INFO main 678] --//-- Starting Experiment --//--
[8 INFO main 1771] Idle.IDLE -> Scout.Query | Duration: 22.52
[8 INFO main 26085] Scout.Query -> Scout.GotoCenter | Drive to others reported pos
[8 INFO main 88340] Scout.GotoCenter -> Scout.Query | return to random walk
[8 INFO main 128996] Scout.Query -> Scout.GotoCenter | Drive to others reported pos
[8 INFO main 161226] Scout.GotoCenter -> Scout.Query | return to random walk
[8 INFO main 206749] Scout.Query -> Scout.GotoCenter | Drive to others reported pos
[8 INFO main 220054] Scout.GotoCenter -> Scout.Query | return to random walk
[8 INFO main 245560] Scout.Query -> Scout.GotoCenter | Drive to others reported pos
[8 INFO main 335459] Scout.GotoCenter -> Scout.Query | return to random walk
[8 INFO main 370950] Scout.Query -> Scout.GotoCenter | Drive to others reported pos
[8 INFO main 497184] Scout.GotoCenter -> Scout.Query | return to random walk
[8 INFO main 522524] Scout.Query -> Scout.GotoCenter | Drive to others reported pos
[8 INFO main 568359] Scout.GotoCenter -> Scout.Query | return to random walk
[8 INFO main 598921] Scout.Query -> Scout.GotoCenter | Drive to others reported pos
[8 INFO main 638629] Scout.GotoCenter -> Scout.Query | return to random walk
[8 INFO main 669384] Scout.Query -> Scout.GotoCenter | Drive to others reported pos
[8 INFO main 714399] Scout.GotoCenter -> Scout.Query | return to random walk
[8 INFO main 760006] Scout.Query -> Scout.GotoCenter | Drive to others reported pos
[8 INFO main 799120] Scout.GotoCenter -> Scout.Query | return to random walk
[8 INFO main 849863] Scout.Query -> Scout.GotoCenter | Drive to others reported pos
[8 INFO main 888181] Scout.GotoCenter -> Scout.Query | return to random walk
[8 INFO main 949061] Scout.Query -> Scout.GotoCenter | Drive to others reported pos
[8 INFO main 977897] Scout.GotoCenter -> Scout.Query | return to random walk
[8 INFO main 1003676] Scout.Query -> Scout.GotoCenter | Drive to others reported pos
