[11 INFO main 27] Initialising Python Geth Console...
[11 INFO main 32] Initialising RandB board...
[11 INFO main 32] Initialising navigation...
[11 INFO main 32] Initialising random-walk...
[11 INFO main 32] Initialising odometry...
[11 INFO main 32] Initialising ground-sensors...
[11 INFO main 472] --//-- Starting Experiment --//--
[11 INFO main 1957] Idle.IDLE -> Scout.Query | Duration: 28.94
[11 INFO main 20650] Scout.Query -> Verify.DriveTo | Go to unverified source
[11 INFO main 29262] Verify.DriveTo -> Verify.Homing | Homing
[11 INFO main 45893] Confirming: 1/9
[11 INFO main 47930] Confirming: 2/9
[11 INFO main 50001] Confirming: 3/9
[11 INFO main 52001] Confirming: 4/9
[11 INFO main 54098] Confirming: 5/9
[11 INFO main 56180] Confirming: 6/9
[11 INFO main 58189] Confirming: 7/9
[11 INFO main 60263] Confirming: 8/9
[11 INFO main 62312] Confirming: 9/9
[11 INFO main 71023] Verify.Homing -> Scout.Query | Arrived home
[11 INFO main 71144] Scout.Query -> Verify.DriveTo | Go to unverified source
[11 INFO main 118700] Verify.DriveTo -> Verify.Homing | Homing
[11 INFO main 136165] Verify.Homing -> Scout.Query | Arrived home
[11 INFO main 137451] Confirming: 1/9
[11 INFO main 139518] Confirming: 2/9
[11 INFO main 141582] Confirming: 3/9
[11 INFO main 143733] Confirming: 4/9
[11 INFO main 145747] Confirming: 5/9
[11 INFO main 147773] Confirming: 7/9
[11 INFO main 149881] Confirming: 8/9
[11 INFO main 151980] Confirming: 9/9
[11 INFO main 152012] Scout.Query -> Verify.DriveTo | Go to unverified source
[11 INFO main 195776] Verify.DriveTo -> Verify.Homing | Homing
[11 INFO main 220235] Verify.Homing -> Scout.Query | Arrived home
[11 INFO main 227268] Confirming: 1/9
[11 INFO main 229277] Confirming: 2/9
[11 INFO main 231437] Confirming: 3/9
[11 INFO main 233458] Confirming: 4/9
[11 INFO main 235624] Confirming: 5/9
[11 INFO main 237629] Confirming: 6/9
[11 INFO main 239691] Confirming: 7/9
[11 INFO main 242372] Confirming: 9/9
[11 INFO main 242407] Scout.Query -> Verify.DriveTo | Go to unverified source
[11 INFO main 406418] Verify.DriveTo -> Verify.Homing | Homing
[11 INFO main 422758] Confirming: 1/9
[11 INFO main 424900] Confirming: 2/9
[11 INFO main 426938] Confirming: 3/9
[11 INFO main 429026] Confirming: 4/9
[11 INFO main 430364] Verify.Homing -> Scout.Query | Arrived home
[11 INFO main 431033] Confirming: 5/9
[11 INFO main 433060] Confirming: 6/9
[11 INFO main 435127] Confirming: 7/9
[11 INFO main 437204] Confirming: 8/9
[11 INFO main 439274] Confirming: 9/9
[11 INFO main 439734] Scout.Query -> Verify.DriveTo | Go to unverified source
[11 INFO main 565038] Verify.DriveTo -> Verify.Homing | Homing
[11 INFO main 587799] Confirming: 1/9
[11 INFO main 589896] Confirming: 2/9
[11 INFO main 591926] Confirming: 3/9
[11 INFO main 593953] Confirming: 4/9
[11 INFO main 595960] Confirming: 5/9
[11 INFO main 597997] Confirming: 6/9
[11 INFO main 600020] Confirming: 7/9
[11 INFO main 600304] Verify.Homing -> Scout.Query | Arrived home
[11 INFO main 602066] Confirming: 8/9
[11 INFO main 604198] Confirming: 9/9
[11 INFO main 604709] Scout.Query -> Verify.DriveTo | Go to unverified source
[11 INFO main 626623] Verify.DriveTo -> Verify.Homing | Homing
[11 INFO main 647193] Confirming: 1/9
[11 INFO main 649236] Confirming: 2/9
[11 INFO main 651302] Confirming: 3/9
[11 INFO main 653389] Confirming: 4/9
[11 INFO main 654213] Verify.Homing -> Scout.Query | Arrived home
[11 INFO main 655399] Confirming: 5/9
[11 INFO main 657448] Confirming: 6/9
[11 INFO main 659449] Confirming: 7/9
[11 INFO main 661562] Confirming: 8/9
[11 INFO main 663669] Confirming: 9/9
[11 INFO main 663890] Scout.Query -> Verify.DriveTo | Go to unverified source
[11 INFO main 715744] Verify.DriveTo -> Verify.Homing | Homing
[11 INFO main 735341] Verify.Homing -> Scout.Query | Arrived home
[11 INFO main 738704] Confirming: 1/9
[11 INFO main 740767] Confirming: 3/9
[11 INFO main 742822] Confirming: 4/9
[11 INFO main 744955] Confirming: 5/9
[11 INFO main 747002] Confirming: 6/9
[11 INFO main 749032] Confirming: 7/9
[11 INFO main 751044] Confirming: 8/9
[11 INFO main 753290] Confirming: 9/9
[11 INFO main 753959] Scout.Query -> Verify.DriveTo | Go to unverified source
[11 INFO main 877192] Verify.DriveTo -> Verify.Homing | Homing
[11 INFO main 887397] Confirming: 1/9
[11 INFO main 889422] Confirming: 2/9
[11 INFO main 891426] Confirming: 3/9
[11 INFO main 893480] Confirming: 4/9
[11 INFO main 897547] Confirming: 6/9
[11 INFO main 899656] Confirming: 7/9
[11 INFO main 899790] Verify.Homing -> Scout.Query | Arrived home
[11 INFO main 901709] Confirming: 8/9
[11 INFO main 903814] Confirming: 9/9
[11 INFO main 904362] Scout.Query -> Verify.DriveTo | Go to unverified source
[11 INFO main 1030214] Verify.DriveTo -> Verify.Homing | Homing
[11 INFO main 1038543] Confirming: 1/9
[11 INFO main 1040604] Confirming: 2/9
[11 INFO main 1042656] Confirming: 3/9
[11 INFO main 1044656] Confirming: 4/9
[11 INFO main 1046788] Confirming: 6/9
[11 INFO main 1048884] Confirming: 7/9
[11 INFO main 1050923] Confirming: 8/9
[11 INFO main 1052944] Confirming: 9/9
[11 INFO main 1055971] Verify.Homing -> Scout.Query | Arrived home
[11 INFO main 1056123] Scout.Query -> Verify.DriveTo | Go to unverified source
[11 INFO main 1088663] Verify.DriveTo -> Verify.Homing | Homing
[11 INFO main 1097093] Confirming: 1/9
[11 INFO main 1099117] Confirming: 2/9
[11 INFO main 1101186] Confirming: 3/9
[11 INFO main 1103304] Confirming: 4/9
[11 INFO main 1105390] Confirming: 5/9
[11 INFO main 1107404] Confirming: 6/9
[11 INFO main 1109411] Confirming: 7/9
[11 INFO main 1111501] Confirming: 8/9
[11 INFO main 1113630] Confirming: 9/9
[11 INFO main 1117207] Verify.Homing -> Scout.Query | Arrived home
[11 INFO main 1117340] Scout.Query -> Verify.DriveTo | Go to unverified source
[11 INFO main 1154153] Verify.DriveTo -> Verify.Homing | Homing
[11 INFO main 1166759] Verify.Homing -> Scout.Query | Arrived home
[11 INFO main 1187313] Confirming: 1/9
[11 INFO main 1189356] Confirming: 2/9
[11 INFO main 1191334] Confirming: 3/9
[11 INFO main 1193458] Confirming: 4/9
[11 INFO main 1195476] Confirming: 5/9
[11 INFO main 1197504] Confirming: 6/9
[11 INFO main 1199515] Confirming: 7/9
[11 INFO main 1201649] Confirming: 8/9
[11 INFO main 1203717] Confirming: 9/9
[11 INFO main 1204146] Scout.Query -> Verify.DriveTo | Go to unverified source
[11 INFO main 1250059] Verify.DriveTo -> Verify.Homing | Homing
[11 INFO main 1277584] Confirming: 1/9
[11 INFO main 1279639] Confirming: 2/9
[11 INFO main 1281665] Confirming: 3/9
[11 INFO main 1283782] Confirming: 4/9
[11 INFO main 1285816] Confirming: 5/9
[11 INFO main 1287884] Confirming: 6/9
[11 INFO main 1289977] Confirming: 7/9
[11 INFO main 1291984] Confirming: 8/9
[11 INFO main 1292115] Verify.Homing -> Scout.Query | Arrived home
[11 INFO main 1293996] Confirming: 9/9
[11 INFO main 1294381] Scout.Query -> Verify.DriveTo | Go to unverified source
[11 INFO main 1356674] Verify.DriveTo -> Verify.Homing | Homing
[11 INFO main 1369114] Confirming: 2/9
[11 INFO main 1371119] Confirming: 3/9
[11 INFO main 1373326] Confirming: 4/9
[11 INFO main 1375362] Confirming: 5/9
[11 INFO main 1377401] Confirming: 6/9
[11 INFO main 1377716] Verify.Homing -> Scout.Query | Arrived home
[11 INFO main 1379506] Confirming: 7/9
[11 INFO main 1381658] Confirming: 8/9
[11 INFO main 1383681] Confirming: 9/9
[11 INFO main 1393065] Scout.Query -> Verify.DriveTo | Go to unverified source
[11 INFO main 1508974] Verify.DriveTo -> Verify.Homing | Homing
[11 INFO main 1517316] Confirming: 1/9
[11 INFO main 1519381] Confirming: 2/9
[11 INFO main 1521425] Confirming: 3/9
[11 INFO main 1523524] Confirming: 4/9
[11 INFO main 1523656] Verify.Homing -> Scout.Query | Arrived home
[11 INFO main 1525572] Confirming: 5/9
[11 INFO main 1527690] Confirming: 6/9
[11 INFO main 1529763] Confirming: 7/9
[11 INFO main 1531771] Confirming: 8/9
[11 INFO main 1533824] Confirming: 9/9
[11 INFO main 1534399] Scout.Query -> Verify.DriveTo | Go to unverified source
[11 INFO main 1577749] Verify.DriveTo -> Verify.Homing | Homing
[11 INFO main 1597968] Verify.Homing -> Scout.Query | Arrived home
[11 INFO main 1609072] Confirming: 2/9
[11 INFO main 1611156] Confirming: 3/9
[11 INFO main 1613254] Confirming: 4/9
[11 INFO main 1615312] Confirming: 5/9
[11 INFO main 1617348] Confirming: 6/9
[11 INFO main 1619442] Confirming: 7/9
[11 INFO main 1621534] Confirming: 8/9
[11 INFO main 1623602] Confirming: 9/9
[11 INFO main 1624096] Scout.Query -> Verify.DriveTo | Go to unverified source
[11 INFO main 1728817] Verify.DriveTo -> Verify.Homing | Homing
[11 INFO main 1754207] Verify.Homing -> Scout.Query | Arrived home
[11 INFO main 1758096] Confirming: 1/9
[11 INFO main 1760206] Confirming: 2/9
[11 INFO main 1762237] Confirming: 3/9
[11 INFO main 1764327] Confirming: 4/9
[11 INFO main 1766340] Confirming: 5/9
[11 INFO main 1768362] Confirming: 6/9
[11 INFO main 1770449] Confirming: 7/9
[11 INFO main 1772481] Confirming: 8/9
[11 INFO main 1774543] Confirming: 9/9
[11 INFO main 1774816] Scout.Query -> Verify.DriveTo | Go to unverified source
[11 INFO main 1875011] Verify.DriveTo -> Verify.Homing | Homing
[11 INFO main 1895419] Verify.Homing -> Scout.Query | Arrived home
[11 INFO main 1907992] Confirming: 1/9
[11 INFO main 1910032] Confirming: 2/9
[11 INFO main 1912038] Confirming: 3/9
[11 INFO main 1914120] Confirming: 4/9
[11 INFO main 1916123] Confirming: 5/9
[11 INFO main 1918260] Confirming: 6/9
[11 INFO main 1920334] Confirming: 7/9
[11 INFO main 1922404] Confirming: 8/9
[11 INFO main 1924465] Confirming: 9/9
[11 INFO main 1924820] Scout.Query -> Verify.DriveTo | Go to unverified source
[11 INFO main 1983450] Verify.DriveTo -> Verify.Homing | Homing
[11 INFO main 1997765] Confirming: 1/9
[11 INFO main 2000018] Confirming: 2/9
[11 INFO main 2001933] Confirming: 3/9
[11 INFO main 2004069] Confirming: 4/9
[11 INFO main 2006112] Confirming: 5/9
[11 INFO main 2008286] Confirming: 6/9
[11 INFO main 2010408] Confirming: 7/9
[11 INFO main 2012486] Confirming: 8/9
[11 INFO main 2014556] Confirming: 9/9
[11 INFO main 2036685] Verify.Homing -> Scout.Query | Arrived home
[11 INFO main 2036857] Scout.Query -> Verify.DriveTo | Go to unverified source
[11 INFO main 2088218] Verify.DriveTo -> Verify.Homing | Homing
[11 INFO main 2110473] Verify.Homing -> Scout.Query | Arrived home
[11 INFO main 2117600] Confirming: 1/9
[11 INFO main 2119592] Confirming: 2/9
[11 INFO main 2121704] Confirming: 3/9
[11 INFO main 2123766] Confirming: 4/9
[11 INFO main 2125811] Confirming: 5/9
[11 INFO main 2127901] Confirming: 6/9
[11 INFO main 2130043] Confirming: 7/9
[11 INFO main 2132461] Confirming: 8/9
[11 INFO main 2134560] Confirming: 9/9
[11 INFO main 2134929] Scout.Query -> Verify.DriveTo | Go to unverified source
[11 INFO main 2252675] Verify.DriveTo -> Verify.Homing | Homing
[11 INFO main 2269240] Confirming: 2/9
[11 INFO main 2271268] Confirming: 3/9
[11 INFO main 2273321] Confirming: 4/9
[11 INFO main 2275343] Confirming: 5/9
[11 INFO main 2277428] Confirming: 6/9
[11 INFO main 2277428] Verify.Homing -> Scout.Query | Arrived home
[11 INFO main 2279472] Confirming: 7/9
[11 INFO main 2281518] Confirming: 8/9
[11 INFO main 2283592] Confirming: 9/9
[11 INFO main 2284149] Scout.Query -> Verify.DriveTo | Go to unverified source
[11 INFO main 2327478] Verify.DriveTo -> Verify.Homing | Homing
[11 INFO main 2342081] Confirming: 1/9
[11 INFO main 2344136] Confirming: 2/9
[11 INFO main 2346184] Confirming: 3/9
[11 INFO main 2348244] Confirming: 4/9
[11 INFO main 2350333] Confirming: 5/9
[11 INFO main 2352383] Confirming: 6/9
[11 INFO main 2352865] Verify.Homing -> Scout.Query | Arrived home
[11 INFO main 2354535] Confirming: 7/9
[11 INFO main 2356590] Confirming: 8/9
[11 INFO main 2358729] Confirming: 9/9
[11 INFO main 2359342] Scout.Query -> Verify.DriveTo | Go to unverified source
[11 INFO main 2371882] Verify.DriveTo -> Verify.Homing | Homing
[11 INFO main 2382844] Verify.Homing -> Scout.Query | Arrived home
[11 INFO main 2388752] Confirming: 1/9
[11 INFO main 2390776] Confirming: 3/9
[11 INFO main 2392880] Confirming: 4/9
[11 INFO main 2394971] Confirming: 5/9
[11 INFO main 2399022] Confirming: 7/9
[11 INFO main 2401020] Confirming: 8/9
[11 INFO main 2403108] Confirming: 9/9
[11 INFO main 2403587] Scout.Query -> Verify.DriveTo | Go to unverified source
[11 INFO main 2449977] Verify.DriveTo -> Verify.Homing | Homing
[11 INFO main 2467829] Verify.Homing -> Scout.Query | Arrived home
[11 INFO main 2477380] Confirming: 1/9
[11 INFO main 2481501] Confirming: 2/9
[11 INFO main 2483650] Confirming: 4/9
[11 INFO main 2485683] Confirming: 5/9
[11 INFO main 2487707] Confirming: 6/9
[11 INFO main 2489755] Confirming: 7/9
[11 INFO main 2491836] Confirming: 8/9
[11 INFO main 2494007] Confirming: 9/9
[11 INFO main 2494052] Scout.Query -> Verify.DriveTo | Go to unverified source
[11 INFO main 2550628] Verify.DriveTo -> Verify.Homing | Homing
[11 INFO main 2568122] Confirming: 1/9
[11 INFO main 2570502] Confirming: 2/9
[11 INFO main 2572480] Confirming: 3/9
[11 INFO main 2574610] Confirming: 4/9
[11 INFO main 2577207] Confirming: 6/9
[11 INFO main 2579231] Confirming: 7/9
[11 INFO main 2579857] Verify.Homing -> Scout.Query | Arrived home
[11 INFO main 2581266] Confirming: 8/9
[11 INFO main 2583302] Confirming: 9/9
[11 INFO main 2583367] Scout.Query -> Verify.DriveTo | Go to unverified source
[11 INFO main 2616260] Verify.DriveTo -> Verify.Homing | Homing
[11 INFO main 2627725] Confirming: 1/9
[11 INFO main 2629844] Confirming: 2/9
[11 INFO main 2631910] Confirming: 3/9
[11 INFO main 2634116] Confirming: 4/9
[11 INFO main 2636119] Confirming: 5/9
[11 INFO main 2636506] Verify.Homing -> Scout.Query | Arrived home
[11 INFO main 2638252] Confirming: 6/9
[11 INFO main 2640393] Confirming: 7/9
[11 INFO main 2642434] Confirming: 8/9
[11 INFO main 2644484] Confirming: 9/9
[11 INFO main 2645031] Scout.Query -> Verify.DriveTo | Go to unverified source
[11 INFO main 2701460] Verify.DriveTo -> Verify.Homing | Homing
[11 INFO main 2715701] Verify.Homing -> Scout.Query | Arrived home
[11 INFO main 2718007] Confirming: 1/9
[11 INFO main 2720035] Confirming: 2/9
[11 INFO main 2722051] Confirming: 3/9
[11 INFO main 2724086] Confirming: 4/9
[11 INFO main 2726206] Confirming: 5/9
[11 INFO main 2728247] Confirming: 6/9
[11 INFO main 2730348] Confirming: 7/9
[11 INFO main 2732444] Confirming: 8/9
[11 INFO main 2734492] Confirming: 9/9
[11 INFO main 2734730] Scout.Query -> Verify.DriveTo | Go to unverified source
[11 INFO main 2780332] Verify.DriveTo -> Verify.Homing | Homing
[11 INFO main 2807694] Confirming: 1/9
[11 INFO main 2809823] Confirming: 2/9
[11 INFO main 2810827] Verify.Homing -> Scout.Query | Arrived home
[11 INFO main 2811866] Confirming: 3/9
[11 INFO main 2814254] Confirming: 4/9
[11 INFO main 2816351] Confirming: 5/9
[11 INFO main 2818364] Confirming: 6/9
[11 INFO main 2820430] Confirming: 7/9
[11 INFO main 2822517] Confirming: 8/9
[11 INFO main 2824537] Confirming: 9/9
[11 INFO main 2824868] Scout.Query -> Verify.DriveTo | Go to unverified source
[11 INFO main 2865667] Verify.DriveTo -> Verify.Homing | Homing
[11 INFO main 2885665] Verify.Homing -> Scout.Query | Arrived home
[11 INFO main 2897673] Confirming: 1/9
[11 INFO main 2899771] Confirming: 2/9
[11 INFO main 2901759] Confirming: 3/9
[11 INFO main 2903809] Confirming: 4/9
[11 INFO main 2905885] Confirming: 5/9
[11 INFO main 2908018] Confirming: 6/9
[11 INFO main 2910095] Confirming: 7/9
[11 INFO main 2912122] Confirming: 8/9
[11 INFO main 2914203] Confirming: 9/9
[11 INFO main 2915003] Scout.Query -> Verify.DriveTo | Go to unverified source
[11 INFO main 2943570] Verify.DriveTo -> Verify.Homing | Homing
[11 INFO main 2958234] Confirming: 1/9
[11 INFO main 2960274] Confirming: 2/9
[11 INFO main 2962410] Confirming: 3/9
[11 INFO main 2964457] Confirming: 4/9
[11 INFO main 2966488] Confirming: 5/9
[11 INFO main 2968585] Confirming: 6/9
[11 INFO main 2970736] Confirming: 7/9
[11 INFO main 2972819] Confirming: 9/9
[11 INFO main 2978621] Verify.Homing -> Scout.Query | Arrived home
[11 INFO main 2978861] Scout.Query -> Verify.DriveTo | Go to unverified source
[11 INFO main 3091727] Verify.DriveTo -> Verify.Homing | Homing
[11 INFO main 3107092] Confirming: 1/9
[11 INFO main 3109125] Confirming: 2/9
[11 INFO main 3113277] Confirming: 4/9
[11 INFO main 3115439] Confirming: 5/9
[11 INFO main 3117453] Confirming: 6/9
[11 INFO main 3119494] Confirming: 7/9
[11 INFO main 3120187] Verify.Homing -> Scout.Query | Arrived home
[11 INFO main 3121540] Confirming: 8/9
[11 INFO main 3123599] Confirming: 9/9
[11 INFO main 3123662] Scout.Query -> Verify.DriveTo | Go to unverified source
[11 INFO main 3135837] Verify.DriveTo -> Verify.Homing | Homing
[11 INFO main 3140442] Verify.Homing -> Scout.Query | Arrived home
[11 INFO main 3167048] Confirming: 1/9
[11 INFO main 3169071] Confirming: 2/9
[11 INFO main 3171188] Confirming: 3/9
[11 INFO main 3173200] Confirming: 4/9
[11 INFO main 3175252] Confirming: 5/9
[11 INFO main 3177360] Confirming: 6/9
[11 INFO main 3179497] Confirming: 7/9
[11 INFO main 3181816] Confirming: 8/9
[11 INFO main 3183933] Confirming: 9/9
[11 INFO main 3183992] Scout.Query -> Verify.DriveTo | Go to unverified source
[11 INFO main 3212602] Verify.DriveTo -> Verify.Homing | Homing
[11 INFO main 3229305] Confirming: 2/9
[11 INFO main 3229305] Verify.Homing -> Scout.Query | Arrived home
[11 INFO main 3233325] Confirming: 3/9
[11 INFO main 3235470] Confirming: 5/9
[11 INFO main 3237526] Confirming: 6/9
[11 INFO main 3239605] Confirming: 7/9
[11 INFO main 3241626] Confirming: 8/9
[11 INFO main 3243945] Confirming: 9/9
[11 INFO main 3244611] Scout.Query -> Verify.DriveTo | Go to unverified source
[11 INFO main 3387642] Verify.DriveTo -> Verify.Homing | Homing
[11 INFO main 3400473] Confirming: 1/9
[11 INFO main 3402520] Confirming: 2/9
[11 INFO main 3404623] Confirming: 3/9
[11 INFO main 3406637] Confirming: 4/9
[11 INFO main 3408795] Confirming: 6/9
[11 INFO main 3410877] Confirming: 7/9
[11 INFO main 3412906] Confirming: 8/9
[11 INFO main 3414939] Confirming: 9/9
[11 INFO main 3438401] Verify.Homing -> Scout.Query | Arrived home
[11 INFO main 3438687] Scout.Query -> Verify.DriveTo | Go to unverified source
[11 INFO main 3496305] Verify.DriveTo -> Verify.Homing | Homing
[11 INFO main 3517099] Confirming: 1/9
[11 INFO main 3519158] Confirming: 2/9
[11 INFO main 3521205] Confirming: 3/9
[11 INFO main 3521206] Verify.Homing -> Scout.Query | Arrived home
[11 INFO main 3523284] Confirming: 4/9
[11 INFO main 3525319] Confirming: 5/9
[11 INFO main 3527332] Confirming: 6/9
[11 INFO main 3529493] Confirming: 7/9
[11 INFO main 3531544] Confirming: 8/9
[11 INFO main 3533614] Confirming: 9/9
[11 INFO main 3533870] Scout.Query -> Verify.DriveTo | Go to unverified source
[11 INFO main 3599460] Verify.DriveTo -> Verify.Homing | Homing
[11 INFO main 3618644] Confirming: 1/9
[11 INFO main 3620776] Confirming: 2/9
[11 INFO main 3622838] Confirming: 3/9
[11 INFO main 3624956] Confirming: 4/9
[11 INFO main 3626985] Confirming: 5/9
[11 INFO main 3628989] Confirming: 6/9
[11 INFO main 3631031] Confirming: 7/9
[11 INFO main 3633119] Confirming: 8/9
[11 INFO main 3635242] Confirming: 9/9
[11 INFO main 3637927] Verify.Homing -> Scout.Query | Arrived home
[11 INFO main 3638173] Scout.Query -> Verify.DriveTo | Go to unverified source
[11 INFO main 3751384] Verify.DriveTo -> Verify.Homing | Homing
[11 INFO main 3768012] Confirming: 1/9
[11 INFO main 3770023] Confirming: 2/9
[11 INFO main 3772081] Confirming: 3/9
[11 INFO main 3774437] Confirming: 4/9
[11 INFO main 3776553] Confirming: 5/9
[11 INFO main 3776682] Verify.Homing -> Scout.Query | Arrived home
[11 INFO main 3778578] Confirming: 6/9
[11 INFO main 3780744] Confirming: 7/9
[11 INFO main 3782815] Confirming: 8/9
[11 INFO main 3784906] Confirming: 9/9
[11 INFO main 3784965] Scout.Query -> Verify.DriveTo | Go to unverified source
[11 INFO main 3854190] Verify.DriveTo -> Verify.Homing | Homing
[11 INFO main 3873249] Verify.Homing -> Scout.Query | Arrived home
[11 INFO main 3888241] Confirming: 1/9
[11 INFO main 3890330] Confirming: 2/9
[11 INFO main 3892375] Confirming: 3/9
[11 INFO main 3894459] Confirming: 4/9
[11 INFO main 3896538] Confirming: 5/9
[11 INFO main 3898572] Confirming: 6/9
[11 INFO main 3900634] Confirming: 7/9
[11 INFO main 3902682] Confirming: 8/9
[11 INFO main 3904793] Confirming: 9/9
[11 INFO main 3904849] Scout.Query -> Verify.DriveTo | Go to unverified source
[11 INFO main 4011696] Verify.DriveTo -> Verify.Homing | Homing
[11 INFO main 4038827] Confirming: 1/9
[11 INFO main 4039934] Verify.Homing -> Scout.Query | Arrived home
[11 INFO main 4040996] Confirming: 2/9
[11 INFO main 4043004] Confirming: 3/9
[11 INFO main 4045062] Confirming: 4/9
[11 INFO main 4047064] Confirming: 5/9
[11 INFO main 4048972] Confirming: 6/9
[11 INFO main 4051072] Confirming: 7/9
[11 INFO main 4053290] Confirming: 8/9
[11 INFO main 4055312] Confirming: 9/9
[11 INFO main 4055498] Scout.Query -> Verify.DriveTo | Go to unverified source
[11 INFO main 4119531] Verify.DriveTo -> Verify.Homing | Homing
[11 INFO main 4127795] Confirming: 1/9
[11 INFO main 4129896] Confirming: 2/9
[11 INFO main 4131934] Confirming: 3/9
[11 INFO main 4136402] Confirming: 5/9
[11 INFO main 4138409] Confirming: 6/9
[11 INFO main 4140530] Confirming: 7/9
[11 INFO main 4142614] Confirming: 8/9
[11 INFO main 4144616] Confirming: 9/9
[11 INFO main 4168599] Verify.Homing -> Scout.Query | Arrived home
[11 INFO main 4168751] Scout.Query -> Verify.DriveTo | Go to unverified source
[11 INFO main 4171275] Verify.DriveTo -> Verify.Homing | Homing
[11 INFO main 4174059] Verify.Homing -> Scout.Query | Arrived home
[11 INFO main 4188504] Confirming: 1/9
[11 INFO main 4190552] Confirming: 2/9
[11 INFO main 4192749] Confirming: 3/9
[11 INFO main 4195062] Confirming: 4/9
[11 INFO main 4197143] Confirming: 5/9
[11 INFO main 4199152] Confirming: 6/9
[11 INFO main 4201241] Confirming: 7/9
[11 INFO main 4203421] Confirming: 8/9
[11 INFO main 4205518] Confirming: 9/9
[11 INFO main 4205905] Scout.Query -> Verify.DriveTo | Go to unverified source
[11 INFO main 4313010] Verify.DriveTo -> Verify.Homing | Homing
[11 INFO main 4338573] Confirming: 1/9
[11 INFO main 4340679] Confirming: 2/9
[11 INFO main 4342755] Confirming: 3/9
[11 INFO main 4344815] Confirming: 4/9
[11 INFO main 4346832] Confirming: 5/9
[11 INFO main 4348964] Confirming: 6/9
[11 INFO main 4350993] Confirming: 7/9
[11 INFO main 4353188] Confirming: 8/9
[11 INFO main 4354649] Verify.Homing -> Scout.Query | Arrived home
[11 INFO main 4355255] Confirming: 9/9
[11 INFO main 4356188] Scout.Query -> Verify.DriveTo | Go to unverified source
[11 INFO main 4413593] Verify.DriveTo -> Verify.Homing | Homing
[11 INFO main 4420166] Confirming: 2/9
[11 INFO main 4422108] Confirming: 3/9
[11 INFO main 4424609] Confirming: 4/9
[11 INFO main 4426684] Confirming: 5/9
[11 INFO main 4429012] Confirming: 6/9
[11 INFO main 4431382] Confirming: 7/9
[11 INFO main 4433432] Confirming: 8/9
[11 INFO main 4435518] Confirming: 9/9
[11 INFO main 4440106] Verify.Homing -> Scout.Query | Arrived home
[11 INFO main 4440350] Scout.Query -> Verify.DriveTo | Go to unverified source
[11 INFO main 4517122] Verify.DriveTo -> Verify.Homing | Homing
[11 INFO main 4536764] Confirming: 1/9
[11 INFO main 4538853] Confirming: 2/9
[11 INFO main 4540866] Confirming: 3/9
[11 INFO main 4543057] Confirming: 4/9
[11 INFO main 4545148] Confirming: 5/9
[11 INFO main 4547154] Confirming: 6/9
[11 INFO main 4549756] Confirming: 7/9
[11 INFO main 4551989] Confirming: 9/9
[11 INFO main 4561623] Verify.Homing -> Scout.Query | Arrived home
[11 INFO main 4561841] Scout.Query -> Verify.DriveTo | Go to unverified source
[11 INFO main 4606692] Verify.DriveTo -> Verify.Homing | Homing
[11 INFO main 4627536] Confirming: 1/9
[11 INFO main 4629630] Confirming: 2/9
[11 INFO main 4630604] Verify.Homing -> Scout.Query | Arrived home
[11 INFO main 4631733] Confirming: 3/9
[11 INFO main 4633805] Confirming: 5/9
[11 INFO main 4637917] Confirming: 7/9
[11 INFO main 4642212] Confirming: 9/9
[11 INFO main 4642274] Scout.Query -> Verify.DriveTo | Go to unverified source
[11 INFO main 4843119] Verify.DriveTo -> Verify.Homing | Homing
[11 INFO main 4878733] Confirming: 1/9
[11 INFO main 4880785] Confirming: 2/9
[11 INFO main 4883331] Confirming: 3/9
[11 INFO main 4884946] Verify.Homing -> Scout.Query | Arrived home
[11 INFO main 4885469] Confirming: 4/9
[11 INFO main 4887475] Confirming: 5/9
[11 INFO main 4889930] Confirming: 7/9
[11 INFO main 4892004] Confirming: 8/9
[11 INFO main 4896288] Confirming: 10/9
[11 INFO main 4897035] Scout.Query -> Verify.DriveTo | Go to unverified source
[11 INFO main 4953064] Verify.DriveTo -> Verify.Homing | Homing
[11 INFO main 4962132] Confirming: 1/9
[11 INFO main 4964321] Confirming: 2/9
[11 INFO main 4966390] Confirming: 3/9
[11 INFO main 4968581] Confirming: 4/9
[11 INFO main 4970896] Confirming: 5/9
[11 INFO main 4973557] Confirming: 6/9
[11 INFO main 4975636] Confirming: 7/9
[11 INFO main 4977669] Confirming: 8/9
[11 INFO main 4979738] Confirming: 9/9
[11 INFO main 4980038] Verify.Homing -> Scout.Query | Arrived home
[11 INFO main 4980193] Scout.Query -> Verify.DriveTo | Go to unverified source
[11 INFO main 5084934] Verify.DriveTo -> Verify.Homing | Homing
[11 INFO main 5115898] Verify.Homing -> Scout.Query | Arrived home
[11 INFO main 5119781] Confirming: 2/9
[11 INFO main 5123930] Confirming: 3/9
[11 INFO main 5126261] Confirming: 5/9
[11 INFO main 5130458] Confirming: 7/9
[11 INFO main 5132548] Confirming: 8/9
[11 INFO main 5134788] Confirming: 9/9
[11 INFO main 5134931] Scout.Query -> Verify.DriveTo | Go to unverified source
[11 INFO main 5203777] Verify.DriveTo -> Verify.Homing | Homing
[11 INFO main 5208176] Confirming: 1/9
[11 INFO main 5210349] Confirming: 2/9
[11 INFO main 5214430] Confirming: 4/9
[11 INFO main 5216720] Confirming: 5/9
[11 INFO main 5218885] Confirming: 6/9
[11 INFO main 5220945] Confirming: 7/9
[11 INFO main 5222976] Confirming: 8/9
[11 INFO main 5225058] Confirming: 9/9
[11 INFO main 5262548] Verify.Homing -> Scout.Query | Arrived home
[11 INFO main 5262784] Scout.Query -> Verify.DriveTo | Go to unverified source
[11 INFO main 5281941] Verify.DriveTo -> Verify.Homing | Homing
[11 INFO main 5291188] Verify.Homing -> Scout.Query | Arrived home
[11 INFO main 5298760] Confirming: 1/9
[11 INFO main 5301652] Confirming: 2/9
[11 INFO main 5303676] Confirming: 3/9
[11 INFO main 5306140] Confirming: 5/9
[11 INFO main 5308435] Confirming: 6/9
[11 INFO main 5310514] Confirming: 7/9
[11 INFO main 5312817] Confirming: 8/9
[11 INFO main 5314871] Confirming: 9/9
[11 INFO main 5315477] Scout.Query -> Verify.DriveTo | Go to unverified source
