[5 INFO main 27] Initialising Python Geth Console...
[5 INFO main 31] Initialising RandB board...
[5 INFO main 31] Initialising navigation...
[5 INFO main 31] Initialising random-walk...
[5 INFO main 31] Initialising odometry...
[5 INFO main 31] Initialising ground-sensors...
[5 INFO main 594] --//-- Starting Experiment --//--
[5 INFO main 1990] Idle.IDLE -> Scout.Query | Duration: 25.72
[5 INFO main 55060] Scout.Query -> Verify.DriveTo | Go to unverified source
[5 INFO main 122929] Verify.DriveTo -> Verify.Homing | Homing
[5 INFO main 134140] Verify.Homing -> Scout.Query | Arrived home
[5 INFO main 139654] Confirming: 1/9
[5 INFO main 141725] Confirming: 2/9
[5 INFO main 145707] Confirming: 3/9
[5 INFO main 147815] Confirming: 4/9
[5 INFO main 150035] Confirming: 5/9
[5 INFO main 154158] Confirming: 7/9
[5 INFO main 156174] Confirming: 8/9
[5 INFO main 158261] Confirming: 9/9
[5 INFO main 159263] Scout.Query -> Verify.DriveTo | Go to unverified source
[5 INFO main 209343] Verify.DriveTo -> Verify.Homing | Homing
[5 INFO main 231063] Confirming: 1/9
[5 INFO main 231194] Verify.Homing -> Scout.Query | Arrived home
[5 INFO main 233134] Confirming: 2/9
[5 INFO main 235228] Confirming: 3/9
[5 INFO main 237584] Confirming: 4/9
[5 INFO main 239608] Confirming: 5/9
[5 INFO main 241676] Confirming: 6/9
[5 INFO main 243950] Confirming: 7/9
[5 INFO main 245998] Confirming: 8/9
[5 INFO main 248120] Confirming: 9/9
[5 INFO main 248528] Scout.Query -> Verify.DriveTo | Go to unverified source
[5 INFO main 275050] Verify.DriveTo -> Verify.Homing | Homing
[5 INFO main 291667] Confirming: 1/9
[5 INFO main 293734] Confirming: 2/9
[5 INFO main 295785] Confirming: 3/9
[5 INFO main 297831] Confirming: 4/9
[5 INFO main 299887] Confirming: 5/9
[5 INFO main 301963] Confirming: 6/9
[5 INFO main 302820] Verify.Homing -> Scout.Query | Arrived home
[5 INFO main 303973] Confirming: 7/9
[5 INFO main 305990] Confirming: 8/9
[5 INFO main 308078] Confirming: 9/9
[5 INFO main 308470] Scout.Query -> Verify.DriveTo | Go to unverified source
[5 INFO main 323072] Verify.DriveTo -> Verify.Homing | Homing
[5 INFO main 334541] Verify.Homing -> Scout.Query | Arrived home
[5 INFO main 352012] Confirming: 1/9
[5 INFO main 354088] Confirming: 2/9
[5 INFO main 356165] Confirming: 3/9
[5 INFO main 358191] Confirming: 4/9
[5 INFO main 360335] Confirming: 5/9
[5 INFO main 362390] Confirming: 6/9
[5 INFO main 364510] Confirming: 7/9
[5 INFO main 366530] Confirming: 8/9
[5 INFO main 368566] Confirming: 9/9
[5 INFO main 369357] Scout.Query -> Verify.DriveTo | Go to unverified source
[5 INFO main 396887] Verify.DriveTo -> Verify.Homing | Homing
[5 INFO main 411446] Confirming: 1/9
[5 INFO main 413506] Confirming: 2/9
[5 INFO main 415502] Confirming: 3/9
[5 INFO main 416602] Verify.Homing -> Scout.Query | Arrived home
[5 INFO main 417573] Confirming: 4/9
[5 INFO main 419639] Confirming: 5/9
[5 INFO main 421642] Confirming: 6/9
[5 INFO main 423829] Confirming: 7/9
[5 INFO main 425992] Confirming: 8/9
[5 INFO main 428035] Confirming: 9/9
[5 INFO main 428058] Scout.Query -> Verify.DriveTo | Go to unverified source
[5 INFO main 473849] Verify.DriveTo -> Verify.Homing | Homing
[5 INFO main 500859] Confirming: 1/9
[5 INFO main 502873] Confirming: 2/9
[5 INFO main 502873] Verify.Homing -> Scout.Query | Arrived home
[5 INFO main 504990] Confirming: 3/9
[5 INFO main 509021] Confirming: 4/9
[5 INFO main 511082] Confirming: 6/9
[5 INFO main 513154] Confirming: 7/9
[5 INFO main 515237] Confirming: 8/9
[5 INFO main 517306] Confirming: 9/9
[5 INFO main 517330] Scout.Query -> Verify.DriveTo | Go to unverified source
[5 INFO main 571228] Verify.DriveTo -> Verify.Homing | Homing
[5 INFO main 592421] Confirming: 1/9
[5 INFO main 594491] Confirming: 2/9
[5 INFO main 595331] Verify.Homing -> Scout.Query | Arrived home
[5 INFO main 596551] Confirming: 3/9
[5 INFO main 598583] Confirming: 4/9
[5 INFO main 600619] Confirming: 5/9
[5 INFO main 602646] Confirming: 6/9
[5 INFO main 604751] Confirming: 8/9
[5 INFO main 608909] Confirming: 10/9
[5 INFO main 609565] Scout.Query -> Verify.DriveTo | Go to unverified source
[5 INFO main 644123] Verify.DriveTo -> Verify.Homing | Homing
[5 INFO main 652649] Confirming: 1/9
[5 INFO main 654670] Confirming: 2/9
[5 INFO main 656676] Confirming: 3/9
[5 INFO main 658680] Confirming: 4/9
[5 INFO main 660739] Confirming: 6/9
[5 INFO main 660875] Verify.Homing -> Scout.Query | Arrived home
[5 INFO main 662798] Confirming: 7/9
[5 INFO main 666870] Confirming: 9/9
[5 INFO main 666899] Scout.Query -> Verify.DriveTo | Go to unverified source
[5 INFO main 721181] Verify.DriveTo -> Verify.Homing | Homing
[5 INFO main 740006] Confirming: 2/9
[5 INFO main 742127] Confirming: 3/9
[5 INFO main 744170] Confirming: 4/9
[5 INFO main 746258] Confirming: 5/9
[5 INFO main 748291] Confirming: 6/9
[5 INFO main 750345] Confirming: 7/9
[5 INFO main 752370] Confirming: 8/9
[5 INFO main 754439] Confirming: 9/9
[5 INFO main 769415] Verify.Homing -> Scout.Query | Arrived home
[5 INFO main 769446] Scout.Query -> Verify.DriveTo | Go to unverified source
[5 INFO main 794110] Verify.DriveTo -> Verify.Homing | Homing
[5 INFO main 802478] Confirming: 1/9
[5 INFO main 804495] Confirming: 2/9
[5 INFO main 806553] Confirming: 3/9
[5 INFO main 808630] Confirming: 4/9
[5 INFO main 810716] Confirming: 6/9
[5 INFO main 812695] Confirming: 7/9
[5 INFO main 816917] Confirming: 8/9
[5 INFO main 819034] Confirming: 10/9
[5 INFO main 832145] Verify.Homing -> Scout.Query | Arrived home
[5 INFO main 832271] Scout.Query -> Verify.DriveTo | Go to unverified source
[5 INFO main 889218] Verify.DriveTo -> Verify.Homing | Homing
[5 INFO main 922004] Confirming: 1/9
[5 INFO main 923196] Verify.Homing -> Scout.Query | Arrived home
[5 INFO main 924005] Confirming: 2/9
[5 INFO main 926040] Confirming: 3/9
[5 INFO main 928250] Confirming: 4/9
[5 INFO main 930334] Confirming: 5/9
[5 INFO main 932419] Confirming: 6/9
[5 INFO main 934502] Confirming: 7/9
[5 INFO main 936647] Confirming: 8/9
[5 INFO main 938695] Confirming: 9/9
[5 INFO main 939472] Scout.Query -> Verify.DriveTo | Go to unverified source
[5 INFO main 979086] Verify.DriveTo -> Verify.Homing | Homing
[5 INFO main 996636] Verify.Homing -> Scout.Query | Arrived home
[5 INFO main 1010701] Confirming: 1/9
[5 INFO main 1012886] Confirming: 2/9
[5 INFO main 1014899] Confirming: 3/9
[5 INFO main 1019169] Confirming: 5/9
[5 INFO main 1021203] Confirming: 6/9
[5 INFO main 1023364] Confirming: 7/9
[5 INFO main 1027553] Confirming: 8/9
[5 INFO main 1045997] Confirming: 18/9
[5 INFO main 1046905] Scout.Query -> Verify.DriveTo | Go to unverified source
[5 INFO main 1101806] Verify.DriveTo -> Verify.Homing | Homing
[5 INFO main 1127063] Confirming: 1/9
[5 INFO main 1131263] Confirming: 3/9
[5 INFO main 1135459] Confirming: 5/9
[5 INFO main 1135735] Verify.Homing -> Scout.Query | Arrived home
[5 INFO main 1137598] Confirming: 6/9
[5 INFO main 1139571] Confirming: 7/9
[5 INFO main 1143809] Confirming: 9/9
[5 INFO main 1143848] Scout.Query -> Verify.DriveTo | Go to unverified source
[5 INFO main 1183164] Verify.DriveTo -> Verify.Homing | Homing
[5 INFO main 1191758] Confirming: 1/9
[5 INFO main 1193955] Confirming: 2/9
[5 INFO main 1196077] Confirming: 3/9
[5 INFO main 1198177] Confirming: 4/9
[5 INFO main 1200182] Confirming: 5/9
[5 INFO main 1202189] Confirming: 6/9
[5 INFO main 1202190] Verify.Homing -> Scout.Query | Arrived home
[5 INFO main 1204383] Confirming: 7/9
[5 INFO main 1206439] Confirming: 8/9
[5 INFO main 1208709] Confirming: 9/9
[5 INFO main 1209144] Scout.Query -> Verify.DriveTo | Go to unverified source
[5 INFO main 1255408] Verify.DriveTo -> Verify.Homing | Homing
[5 INFO main 1259650] Confirming: 1/9
[5 INFO main 1263733] Confirming: 3/9
[5 INFO main 1265863] Confirming: 4/9
[5 INFO main 1267876] Confirming: 5/9
[5 INFO main 1269815] Confirming: 6/9
[5 INFO main 1271958] Confirming: 7/9
[5 INFO main 1274067] Confirming: 8/9
[5 INFO main 1276125] Confirming: 9/9
[5 INFO main 1280011] Verify.Homing -> Scout.Query | Arrived home
[5 INFO main 1280151] Scout.Query -> Verify.DriveTo | Go to unverified source
[5 INFO main 1311830] Verify.DriveTo -> Verify.Homing | Homing
[5 INFO main 1340750] Confirming: 1/9
[5 INFO main 1344833] Confirming: 3/9
[5 INFO main 1346947] Confirming: 4/9
[5 INFO main 1351155] Confirming: 6/9
[5 INFO main 1353184] Confirming: 7/9
[5 INFO main 1355215] Confirming: 8/9
[5 INFO main 1357245] Confirming: 9/9
[5 INFO main 1386951] Verify.Homing -> Scout.Query | Arrived home
[5 INFO main 1387072] Scout.Query -> Verify.DriveTo | Go to unverified source
[5 INFO main 1422533] Verify.DriveTo -> Verify.Homing | Homing
[5 INFO main 1430780] Confirming: 1/9
[5 INFO main 1432852] Confirming: 2/9
[5 INFO main 1434941] Confirming: 4/9
[5 INFO main 1437058] Confirming: 5/9
[5 INFO main 1439149] Confirming: 6/9
[5 INFO main 1442194] Verify.Homing -> Scout.Query | Arrived home
[5 INFO main 1443365] Confirming: 8/9
[5 INFO main 1445377] Confirming: 9/9
[5 INFO main 1445700] Scout.Query -> Verify.DriveTo | Go to unverified source
[5 INFO main 1483969] Verify.DriveTo -> Verify.Homing | Homing
[5 INFO main 1492406] Confirming: 1/9
[5 INFO main 1494482] Confirming: 2/9
[5 INFO main 1496496] Confirming: 3/9
[5 INFO main 1498598] Confirming: 4/9
[5 INFO main 1500688] Confirming: 5/9
[5 INFO main 1502741] Confirming: 7/9
[5 INFO main 1502875] Verify.Homing -> Scout.Query | Arrived home
[5 INFO main 1507301] Confirming: 9/9
[5 INFO main 1507401] Scout.Query -> Verify.DriveTo | Go to unverified source
[5 INFO main 1532275] Verify.DriveTo -> Verify.Homing | Homing
[5 INFO main 1547122] Verify.Homing -> Scout.Query | Arrived home
[5 INFO main 1552854] Confirming: 2/9
[5 INFO main 1556895] Confirming: 4/9
[5 INFO main 1561012] Confirming: 5/9
[5 INFO main 1563068] Confirming: 6/9
[5 INFO main 1565119] Confirming: 8/9
[5 INFO main 1567173] Confirming: 9/9
[5 INFO main 1567523] Scout.Query -> Verify.DriveTo | Go to unverified source
[5 INFO main 1607063] Verify.DriveTo -> Verify.Homing | Homing
[5 INFO main 1613327] Confirming: 2/9
[5 INFO main 1615414] Confirming: 3/9
[5 INFO main 1617452] Confirming: 4/9
[5 INFO main 1619463] Confirming: 5/9
[5 INFO main 1621492] Confirming: 6/9
[5 INFO main 1623587] Confirming: 7/9
[5 INFO main 1625625] Confirming: 8/9
[5 INFO main 1627744] Confirming: 9/9
[5 INFO main 1660142] Verify.Homing -> Scout.Query | Arrived home
[5 INFO main 1660377] Scout.Query -> Verify.DriveTo | Go to unverified source
[5 INFO main 1703327] Verify.DriveTo -> Verify.Homing | Homing
[5 INFO main 1718358] Verify.Homing -> Scout.Query | Arrived home
[5 INFO main 1731239] Confirming: 2/9
[5 INFO main 1735494] Confirming: 4/9
[5 INFO main 1737555] Confirming: 5/9
[5 INFO main 1739635] Confirming: 6/9
[5 INFO main 1741722] Confirming: 7/9
[5 INFO main 1743735] Confirming: 8/9
[5 INFO main 1746114] Confirming: 9/9
[5 INFO main 1746569] Scout.Query -> Verify.DriveTo | Go to unverified source
[5 INFO main 1792677] Verify.DriveTo -> Verify.Homing | Homing
[5 INFO main 1809610] Confirming: 1/9
[5 INFO main 1811707] Confirming: 3/9
[5 INFO main 1815848] Confirming: 5/9
[5 INFO main 1817859] Confirming: 6/9
[5 INFO main 1822029] Confirming: 8/9
[5 INFO main 1822029] Verify.Homing -> Scout.Query | Arrived home
[5 INFO main 1826177] Confirming: 10/9
[5 INFO main 1826236] Scout.Query -> Verify.DriveTo | Go to unverified source
[5 INFO main 1878964] Verify.DriveTo -> Verify.Homing | Homing
[5 INFO main 1901456] Verify.Homing -> Scout.Query | Arrived home
[5 INFO main 1912182] Confirming: 2/9
[5 INFO main 1914259] Confirming: 3/9
[5 INFO main 1916285] Confirming: 4/9
[5 INFO main 1918290] Confirming: 5/9
[5 INFO main 1920349] Confirming: 6/9
[5 INFO main 1922390] Confirming: 7/9
[5 INFO main 1924450] Confirming: 8/9
[5 INFO main 1926470] Confirming: 9/9
[5 INFO main 1926954] Scout.Query -> Verify.DriveTo | Go to unverified source
[5 INFO main 2001934] Verify.DriveTo -> Verify.Homing | Homing
[5 INFO main 2030485] Verify.Homing -> Scout.Query | Arrived home
[5 INFO main 2058011] Confirming: 1/9
[5 INFO main 2062313] Confirming: 3/9
[5 INFO main 2064626] Confirming: 4/9
[5 INFO main 2066766] Confirming: 5/9
[5 INFO main 2068831] Confirming: 6/9
[5 INFO main 2070843] Confirming: 7/9
[5 INFO main 2074950] Confirming: 9/9
[5 INFO main 2074990] Scout.Query -> Verify.DriveTo | Go to unverified source
[5 INFO main 2119188] Verify.DriveTo -> Verify.Homing | Homing
[5 INFO main 2144572] Verify.Homing -> Scout.Query | Arrived home
[5 INFO main 2152825] Confirming: 1/9
[5 INFO main 2154904] Confirming: 2/9
[5 INFO main 2156970] Confirming: 3/9
[5 INFO main 2159008] Confirming: 4/9
[5 INFO main 2161029] Confirming: 5/9
[5 INFO main 2163046] Confirming: 6/9
[5 INFO main 2165239] Confirming: 7/9
[5 INFO main 2167334] Confirming: 8/9
[5 INFO main 2169413] Confirming: 9/9
[5 INFO main 2169944] Scout.Query -> Verify.DriveTo | Go to unverified source
[5 INFO main 2232222] Verify.DriveTo -> Verify.Homing | Homing
[5 INFO main 2242512] Confirming: 1/9
[5 INFO main 2244520] Confirming: 2/9
[5 INFO main 2246599] Confirming: 3/9
[5 INFO main 2248603] Confirming: 4/9
[5 INFO main 2250628] Confirming: 5/9
[5 INFO main 2252722] Confirming: 6/9
[5 INFO main 2254797] Confirming: 7/9
[5 INFO main 2255042] Verify.Homing -> Scout.Query | Arrived home
[5 INFO main 2256829] Confirming: 8/9
[5 INFO main 2258847] Confirming: 9/9
[5 INFO main 2258895] Scout.Query -> Verify.DriveTo | Go to unverified source
[5 INFO main 2319371] Verify.DriveTo -> Verify.Homing | Homing
[5 INFO main 2334189] Confirming: 2/9
[5 INFO main 2336284] Confirming: 3/9
[5 INFO main 2338368] Confirming: 4/9
[5 INFO main 2340372] Confirming: 5/9
[5 INFO main 2342457] Confirming: 6/9
[5 INFO main 2344556] Confirming: 7/9
[5 INFO main 2346622] Confirming: 8/9
[5 INFO main 2348637] Confirming: 9/9
[5 INFO main 2349760] Verify.Homing -> Scout.Query | Arrived home
[5 INFO main 2349962] Scout.Query -> Verify.DriveTo | Go to unverified source
[5 INFO main 2372410] Verify.DriveTo -> Verify.Homing | Homing
[5 INFO main 2386369] Verify.Homing -> Scout.Query | Arrived home
[5 INFO main 2393061] Confirming: 1/9
[5 INFO main 2395097] Confirming: 2/9
[5 INFO main 2397130] Confirming: 3/9
[5 INFO main 2399249] Confirming: 4/9
[5 INFO main 2401308] Confirming: 5/9
[5 INFO main 2403394] Confirming: 6/9
[5 INFO main 2405482] Confirming: 7/9
[5 INFO main 2407555] Confirming: 8/9
[5 INFO main 2409657] Confirming: 9/9
[5 INFO main 2410521] Scout.Query -> Verify.DriveTo | Go to unverified source
[5 INFO main 2473727] Verify.DriveTo -> Verify.Homing | Homing
[5 INFO main 2502857] Confirming: 1/9
[5 INFO main 2504876] Confirming: 2/9
[5 INFO main 2504876] Verify.Homing -> Scout.Query | Arrived home
[5 INFO main 2506988] Confirming: 3/9
[5 INFO main 2509001] Confirming: 4/9
[5 INFO main 2511091] Confirming: 5/9
[5 INFO main 2513159] Confirming: 6/9
[5 INFO main 2515189] Confirming: 7/9
[5 INFO main 2517208] Confirming: 8/9
[5 INFO main 2519290] Confirming: 9/9
[5 INFO main 2519568] Scout.Query -> Verify.DriveTo | Go to unverified source
[5 INFO main 2552393] Verify.DriveTo -> Verify.Homing | Homing
[5 INFO main 2570574] Verify.Homing -> Scout.Query | Arrived home
[5 INFO main 2573105] Confirming: 1/9
[5 INFO main 2575174] Confirming: 2/9
[5 INFO main 2577205] Confirming: 3/9
[5 INFO main 2579261] Confirming: 4/9
[5 INFO main 2581340] Confirming: 5/9
[5 INFO main 2583439] Confirming: 6/9
[5 INFO main 2585483] Confirming: 7/9
[5 INFO main 2587579] Confirming: 8/9
[5 INFO main 2589690] Confirming: 9/9
[5 INFO main 2590429] Scout.Query -> Verify.DriveTo | Go to unverified source
[5 INFO main 2635762] Verify.DriveTo -> Verify.Homing | Homing
[5 INFO main 2663168] Confirming: 1/9
[5 INFO main 2665263] Confirming: 2/9
[5 INFO main 2667322] Confirming: 3/9
[5 INFO main 2667322] Verify.Homing -> Scout.Query | Arrived home
[5 INFO main 2669398] Confirming: 4/9
[5 INFO main 2671545] Confirming: 5/9
[5 INFO main 2673633] Confirming: 6/9
[5 INFO main 2675714] Confirming: 7/9
[5 INFO main 2677778] Confirming: 8/9
[5 INFO main 2679802] Confirming: 10/9
[5 INFO main 2679857] Scout.Query -> Verify.DriveTo | Go to unverified source
[5 INFO main 2718670] Verify.DriveTo -> Verify.Homing | Homing
[5 INFO main 2746503] Verify.Homing -> Scout.Query | Arrived home
[5 INFO main 2751926] Confirming: 1/9
[5 INFO main 2753979] Confirming: 2/9
[5 INFO main 2758134] Confirming: 4/9
[5 INFO main 2762203] Confirming: 5/9
[5 INFO main 2764240] Confirming: 6/9
[5 INFO main 2766244] Confirming: 8/9
[5 INFO main 2770417] Confirming: 10/9
[5 INFO main 2771222] Scout.Query -> Verify.DriveTo | Go to unverified source
[5 INFO main 2818655] Verify.DriveTo -> Verify.Homing | Homing
[5 INFO main 2842561] Confirming: 1/9
[5 INFO main 2844600] Confirming: 2/9
[5 INFO main 2846655] Confirming: 3/9
[5 INFO main 2848530] Verify.Homing -> Scout.Query | Arrived home
[5 INFO main 2848828] Confirming: 4/9
[5 INFO main 2850910] Confirming: 5/9
[5 INFO main 2853024] Confirming: 6/9
[5 INFO main 2855062] Confirming: 7/9
[5 INFO main 2857089] Confirming: 8/9
[5 INFO main 2859950] Confirming: 10/9
[5 INFO main 2859999] Scout.Query -> Verify.DriveTo | Go to unverified source
[5 INFO main 2996893] Verify.DriveTo -> Verify.Homing | Homing
[5 INFO main 3022439] Verify.Homing -> Scout.Query | Arrived home
[5 INFO main 3022879] Confirming: 1/9
[5 INFO main 3025228] Confirming: 2/9
[5 INFO main 3027222] Confirming: 3/9
[5 INFO main 3029949] Confirming: 5/9
[5 INFO main 3031953] Confirming: 6/9
[5 INFO main 3034118] Confirming: 7/9
[5 INFO main 3036209] Confirming: 8/9
[5 INFO main 3038262] Confirming: 9/9
[5 INFO main 3039022] Scout.Query -> Verify.DriveTo | Go to unverified source
[5 INFO main 3073782] Verify.DriveTo -> Verify.Homing | Homing
[5 INFO main 3082526] Confirming: 1/9
[5 INFO main 3084555] Confirming: 2/9
[5 INFO main 3086834] Confirming: 3/9
[5 INFO main 3088902] Confirming: 4/9
[5 INFO main 3090923] Confirming: 5/9
[5 INFO main 3092994] Confirming: 6/9
[5 INFO main 3095045] Confirming: 7/9
[5 INFO main 3096516] Verify.Homing -> Scout.Query | Arrived home
[5 INFO main 3097144] Confirming: 8/9
[5 INFO main 3099185] Confirming: 9/9
[5 INFO main 3099376] Scout.Query -> Verify.DriveTo | Go to unverified source
[5 INFO main 3153567] Verify.DriveTo -> Verify.Homing | Homing
[5 INFO main 3172974] Confirming: 1/9
[5 INFO main 3174995] Confirming: 2/9
[5 INFO main 3177060] Confirming: 3/9
[5 INFO main 3178628] Verify.Homing -> Scout.Query | Arrived home
[5 INFO main 3179148] Confirming: 4/9
[5 INFO main 3181165] Confirming: 5/9
[5 INFO main 3183249] Confirming: 6/9
[5 INFO main 3185267] Confirming: 7/9
[5 INFO main 3187284] Confirming: 8/9
[5 INFO main 3189314] Confirming: 9/9
[5 INFO main 3190403] Scout.Query -> Verify.DriveTo | Go to unverified source
[5 INFO main 3228965] Verify.DriveTo -> Verify.Homing | Homing
[5 INFO main 3263397] Confirming: 1/9
[5 INFO main 3265418] Confirming: 2/9
[5 INFO main 3267442] Confirming: 3/9
[5 INFO main 3269586] Confirming: 4/9
[5 INFO main 3271668] Confirming: 5/9
[5 INFO main 3273732] Confirming: 7/9
[5 INFO main 3275842] Confirming: 8/9
[5 INFO main 3277879] Confirming: 9/9
[5 INFO main 3298282] Verify.Homing -> Scout.Query | Arrived home
[5 INFO main 3298442] Scout.Query -> Verify.DriveTo | Go to unverified source
[5 INFO main 3333977] Verify.DriveTo -> Verify.Homing | Homing
[5 INFO main 3354067] Confirming: 2/9
[5 INFO main 3356258] Confirming: 3/9
[5 INFO main 3357673] Verify.Homing -> Scout.Query | Arrived home
[5 INFO main 3358707] Confirming: 4/9
[5 INFO main 3360720] Confirming: 5/9
[5 INFO main 3362761] Confirming: 6/9
[5 INFO main 3364828] Confirming: 7/9
[5 INFO main 3366908] Confirming: 8/9
[5 INFO main 3368955] Confirming: 9/9
[5 INFO main 3369032] Scout.Query -> Verify.DriveTo | Go to unverified source
[5 INFO main 3380708] Verify.DriveTo -> Verify.Homing | Homing
[5 INFO main 3413148] Confirming: 1/9
[5 INFO main 3415186] Confirming: 2/9
[5 INFO main 3416651] Verify.Homing -> Scout.Query | Arrived home
[5 INFO main 3417239] Confirming: 3/9
[5 INFO main 3419731] Confirming: 5/9
[5 INFO main 3421847] Confirming: 6/9
[5 INFO main 3423955] Confirming: 7/9
[5 INFO main 3426047] Confirming: 8/9
[5 INFO main 3428151] Confirming: 9/9
[5 INFO main 3428212] Scout.Query -> Verify.DriveTo | Go to unverified source
[5 INFO main 3482185] Verify.DriveTo -> Verify.Homing | Homing
[5 INFO main 3503889] Confirming: 1/9
[5 INFO main 3505946] Confirming: 3/9
[5 INFO main 3508613] Confirming: 4/9
[5 INFO main 3510623] Confirming: 5/9
[5 INFO main 3512621] Confirming: 6/9
[5 INFO main 3514678] Confirming: 7/9
[5 INFO main 3516991] Confirming: 8/9
[5 INFO main 3519125] Confirming: 9/9
[5 INFO main 3533753] Verify.Homing -> Scout.Query | Arrived home
[5 INFO main 3534152] Scout.Query -> Verify.DriveTo | Go to unverified source
[5 INFO main 3586251] Verify.DriveTo -> Verify.Homing | Homing
[5 INFO main 3592683] Confirming: 1/9
[5 INFO main 3594942] Confirming: 2/9
[5 INFO main 3597168] Confirming: 3/9
[5 INFO main 3599259] Confirming: 4/9
[5 INFO main 3601258] Confirming: 5/9
[5 INFO main 3603391] Confirming: 6/9
[5 INFO main 3605436] Confirming: 7/9
[5 INFO main 3607600] Confirming: 8/9
[5 INFO main 3609689] Confirming: 9/9
[5 INFO main 3622467] Verify.Homing -> Scout.Query | Arrived home
[5 INFO main 3622681] Scout.Query -> Verify.DriveTo | Go to unverified source
[5 INFO main 3658211] Verify.DriveTo -> Verify.Homing | Homing
[5 INFO main 3683228] Confirming: 1/9
[5 INFO main 3687315] Confirming: 3/9
[5 INFO main 3689381] Confirming: 4/9
[5 INFO main 3691510] Confirming: 5/9
[5 INFO main 3693584] Confirming: 6/9
[5 INFO main 3697796] Confirming: 8/9
[5 INFO main 3699918] Confirming: 9/9
[5 INFO main 3711085] Verify.Homing -> Scout.Query | Arrived home
[5 INFO main 3711239] Scout.Query -> Verify.DriveTo | Go to unverified source
[5 INFO main 3756563] Verify.DriveTo -> Verify.Homing | Homing
[5 INFO main 3773285] Confirming: 1/9
[5 INFO main 3775530] Confirming: 2/9
[5 INFO main 3777549] Confirming: 3/9
[5 INFO main 3781695] Confirming: 5/9
[5 INFO main 3783840] Confirming: 6/9
[5 INFO main 3785872] Confirming: 7/9
[5 INFO main 3787876] Confirming: 8/9
[5 INFO main 3789893] Confirming: 9/9
[5 INFO main 3814273] Verify.Homing -> Scout.Query | Arrived home
[5 INFO main 3814505] Scout.Query -> Verify.DriveTo | Go to unverified source
[5 INFO main 3831735] Verify.DriveTo -> Verify.Homing | Homing
[5 INFO main 3847862] Verify.Homing -> Scout.Query | Arrived home
[5 INFO main 3864172] Confirming: 1/9
[5 INFO main 3866471] Confirming: 2/9
[5 INFO main 3868551] Confirming: 3/9
[5 INFO main 3870780] Confirming: 5/9
[5 INFO main 3873051] Confirming: 6/9
[5 INFO main 3875690] Confirming: 7/9
[5 INFO main 3877715] Confirming: 8/9
[5 INFO main 3879749] Confirming: 9/9
[5 INFO main 3881179] Scout.Query -> Verify.DriveTo | Go to unverified source
[5 INFO main 3934328] Verify.DriveTo -> Verify.Homing | Homing
[5 INFO main 3953259] Confirming: 1/9
[5 INFO main 3955320] Confirming: 2/9
[5 INFO main 3957300] Confirming: 3/9
[5 INFO main 3959430] Confirming: 4/9
[5 INFO main 3961443] Confirming: 5/9
[5 INFO main 3963814] Confirming: 6/9
[5 INFO main 3965079] Verify.Homing -> Scout.Query | Arrived home
[5 INFO main 3965853] Confirming: 7/9
[5 INFO main 3967903] Confirming: 8/9
[5 INFO main 3969959] Confirming: 9/9
[5 INFO main 3970575] Scout.Query -> Verify.DriveTo | Go to unverified source
[5 INFO main 4059661] Verify.DriveTo -> Verify.Homing | Homing
[5 INFO main 4074390] Confirming: 1/9
[5 INFO main 4076628] Confirming: 2/9
[5 INFO main 4078654] Confirming: 3/9
[5 INFO main 4080720] Confirming: 5/9
[5 INFO main 4082780] Confirming: 6/9
[5 INFO main 4084803] Confirming: 7/9
[5 INFO main 4086973] Confirming: 8/9
[5 INFO main 4088902] Confirming: 9/9
[5 INFO main 4098778] Verify.Homing -> Scout.Query | Arrived home
[5 INFO main 4099044] Scout.Query -> Verify.DriveTo | Go to unverified source
[5 INFO main 4166173] Verify.DriveTo -> Verify.Homing | Homing
[5 INFO main 4193344] Confirming: 1/9
[5 INFO main 4195385] Confirming: 2/9
[5 INFO main 4197493] Confirming: 3/9
[5 INFO main 4198373] Verify.Homing -> Scout.Query | Arrived home
[5 INFO main 4199694] Confirming: 4/9
[5 INFO main 4201747] Confirming: 5/9
[5 INFO main 4203832] Confirming: 6/9
[5 INFO main 4205839] Confirming: 7/9
[5 INFO main 4207952] Confirming: 8/9
[5 INFO main 4210046] Confirming: 9/9
[5 INFO main 4210174] Scout.Query -> Verify.DriveTo | Go to unverified source
[5 INFO main 4321236] Verify.DriveTo -> Verify.Homing | Homing
[5 INFO main 4344320] Confirming: 1/9
[5 INFO main 4346608] Confirming: 2/9
[5 INFO main 4348628] Confirming: 3/9
[5 INFO main 4350717] Confirming: 5/9
[5 INFO main 4352865] Confirming: 6/9
[5 INFO main 4353002] Verify.Homing -> Scout.Query | Arrived home
[5 INFO main 4354893] Confirming: 7/9
[5 INFO main 4357129] Confirming: 8/9
[5 INFO main 4359204] Confirming: 9/9
[5 INFO main 4359875] Scout.Query -> Verify.DriveTo | Go to unverified source
[5 INFO main 4414645] Verify.DriveTo -> Verify.Homing | Homing
[5 INFO main 4433638] Confirming: 1/9
[5 INFO main 4435678] Confirming: 2/9
[5 INFO main 4437910] Confirming: 3/9
[5 INFO main 4439922] Confirming: 4/9
[5 INFO main 4442223] Confirming: 5/9
[5 INFO main 4444237] Confirming: 6/9
[5 INFO main 4446437] Confirming: 7/9
[5 INFO main 4447383] Verify.Homing -> Scout.Query | Arrived home
[5 INFO main 4448647] Confirming: 8/9
[5 INFO main 4450909] Confirming: 9/9
[5 INFO main 4451047] Scout.Query -> Verify.DriveTo | Go to unverified source
[5 INFO main 4532605] Verify.DriveTo -> Verify.Homing | Homing
[5 INFO main 4553734] Confirming: 1/9
[5 INFO main 4555754] Confirming: 2/9
[5 INFO main 4557906] Confirming: 3/9
[5 INFO main 4562319] Confirming: 5/9
[5 INFO main 4564379] Confirming: 6/9
[5 INFO main 4566449] Confirming: 7/9
[5 INFO main 4568552] Confirming: 8/9
[5 INFO main 4570574] Confirming: 9/9
[5 INFO main 4572092] Verify.Homing -> Scout.Query | Arrived home
[5 INFO main 4572380] Scout.Query -> Verify.DriveTo | Go to unverified source
[5 INFO main 4623409] Verify.DriveTo -> Verify.Homing | Homing
[5 INFO main 4644378] Confirming: 1/9
[5 INFO main 4646580] Confirming: 2/9
[5 INFO main 4648948] Confirming: 4/9
[5 INFO main 4650987] Confirming: 5/9
[5 INFO main 4651785] Verify.Homing -> Scout.Query | Arrived home
[5 INFO main 4655118] Confirming: 7/9
[5 INFO main 4659238] Confirming: 9/9
[5 INFO main 4659603] Scout.Query -> Verify.DriveTo | Go to unverified source
[5 INFO main 4705500] Verify.DriveTo -> Verify.Homing | Homing
[5 INFO main 4733602] Confirming: 1/9
[5 INFO main 4735739] Confirming: 2/9
[5 INFO main 4737917] Confirming: 3/9
[5 INFO main 4739944] Confirming: 4/9
[5 INFO main 4742025] Confirming: 5/9
[5 INFO main 4744132] Confirming: 6/9
[5 INFO main 4746220] Confirming: 7/9
[5 INFO main 4747172] Verify.Homing -> Scout.Query | Arrived home
[5 INFO main 4748346] Confirming: 8/9
[5 INFO main 4750518] Confirming: 9/9
[5 INFO main 4750661] Scout.Query -> Verify.DriveTo | Go to unverified source
[5 INFO main 4846199] Verify.DriveTo -> Verify.Homing | Homing
[5 INFO main 4858997] Confirming: 3/9
[5 INFO main 4869560] Confirming: 9/9
[5 INFO main 4877907] Verify.Homing -> Scout.Query | Arrived home
[5 INFO main 4878104] Scout.Query -> Verify.DriveTo | Go to unverified source
[5 INFO main 4923109] Verify.DriveTo -> Verify.Homing | Homing
[5 INFO main 4942969] Confirming: 1/9
[5 INFO main 4945441] Confirming: 2/9
[5 INFO main 4948452] Confirming: 3/9
[5 INFO main 4950637] Confirming: 4/9
[5 INFO main 4952731] Confirming: 6/9
[5 INFO main 4956748] Confirming: 8/9
[5 INFO main 4958858] Confirming: 9/9
[5 INFO main 4988745] Verify.Homing -> Scout.Query | Arrived home
[5 INFO main 4988986] Scout.Query -> Verify.DriveTo | Go to unverified source
[5 INFO main 5066152] Verify.DriveTo -> Verify.Homing | Homing
[5 INFO main 5094824] Confirming: 2/9
[5 INFO main 5097023] Confirming: 3/9
[5 INFO main 5099528] Confirming: 4/9
[5 INFO main 5101533] Confirming: 5/9
[5 INFO main 5103625] Confirming: 6/9
[5 INFO main 5105790] Confirming: 7/9
[5 INFO main 5108016] Confirming: 8/9
[5 INFO main 5110031] Confirming: 9/9
[5 INFO main 5110386] Verify.Homing -> Scout.Query | Arrived home
[5 INFO main 5110615] Scout.Query -> Verify.DriveTo | Go to unverified source
[5 INFO main 5222837] Verify.DriveTo -> Verify.Homing | Homing
[5 INFO main 5243661] Confirming: 1/9
[5 INFO main 5245847] Confirming: 2/9
[5 INFO main 5247881] Confirming: 3/9
[5 INFO main 5249892] Confirming: 4/9
[5 INFO main 5251903] Confirming: 5/9
[5 INFO main 5253913] Confirming: 6/9
[5 INFO main 5256039] Confirming: 7/9
[5 INFO main 5258157] Confirming: 8/9
[5 INFO main 5260229] Confirming: 9/9
[5 INFO main 5269855] Verify.Homing -> Scout.Query | Arrived home
[5 INFO main 5270079] Scout.Query -> Verify.DriveTo | Go to unverified source
[5 INFO main 5370700] Verify.DriveTo -> Verify.Homing | Homing
[5 INFO main 5383060] Confirming: 1/9
[5 INFO main 5385170] Confirming: 2/9
[5 INFO main 5387210] Confirming: 3/9
[5 INFO main 5389709] Confirming: 5/9
[5 INFO main 5392123] Confirming: 6/9
[5 INFO main 5394502] Confirming: 7/9
[5 INFO main 5396725] Confirming: 8/9
[5 INFO main 5399031] Confirming: 10/9
