[2 INFO main 29] Initialising Python Geth Console...
[2 INFO main 32] Initialising RandB board...
[2 INFO main 32] Initialising navigation...
[2 INFO main 32] Initialising random-walk...
[2 INFO main 32] Initialising odometry...
[2 INFO main 32] Initialising ground-sensors...
[2 INFO main 1073] --//-- Starting Experiment --//--
[2 INFO main 2174] Idle.IDLE -> Scout.Query | Duration: 23.68
[2 INFO main 41564] Scout.Query -> Scout.GotoCenter | Drive to others reported pos
[2 INFO main 65965] Scout.GotoCenter -> Scout.Query | return to random walk
[2 INFO main 76308] Confirming: 2/8
[2 INFO main 78370] Confirming: 3/8
[2 INFO main 80438] Confirming: 4/8
[2 INFO main 82450] Confirming: 5/8
[2 INFO main 84498] Confirming: 6/8
[2 INFO main 88553] Confirming: 8/8
[2 INFO main 91297] Scout.Query -> Scout.GotoCenter | Drive to others reported pos
[2 INFO main 305278] Scout.GotoCenter -> Scout.Query | return to random walk
[2 INFO main 319638] Confirming: 2/8
[2 INFO main 323782] Confirming: 3/8
[2 INFO main 325801] Confirming: 4/8
[2 INFO main 329971] Confirming: 7/8
[2 INFO main 332017] Confirming: 8/8
[2 INFO main 335846] Scout.Query -> Scout.GotoCenter | Drive to others reported pos
[2 INFO main 354863] Scout.GotoCenter -> Scout.Query | return to random walk
[2 INFO main 379554] Confirming: 1/8
[2 INFO main 381598] Confirming: 2/8
[2 INFO main 383726] Confirming: 4/8
[2 INFO main 385778] Confirming: 5/8
[2 INFO main 389885] Confirming: 6/8
[2 INFO main 391987] Confirming: 8/8
