[8 INFO main 30] Initialising Python Geth Console...
[8 INFO main 33] Initialising RandB board...
[8 INFO main 33] Initialising navigation...
[8 INFO main 33] Initialising random-walk...
[8 INFO main 33] Initialising odometry...
[8 INFO main 34] Initialising ground-sensors...
[8 INFO main 855] --//-- Starting Experiment --//--
[8 INFO main 1954] Idle.IDLE -> Scout.Query | Duration: 23.61
[8 INFO main 92178] Scout.Query -> Scout.GotoCenter | Drive to others reported pos
[8 INFO main 112697] Scout.GotoCenter -> Scout.Query | return to random walk
[8 INFO main 117411] Scout.Query -> Scout.GotoCenter | Drive to others reported pos
[8 INFO main 131425] Scout.GotoCenter -> Scout.Query | return to random walk
[8 INFO main 157863] Scout.Query -> Scout.GotoCenter | Drive to others reported pos
[8 INFO main 163171] Scout.GotoCenter -> Scout.Query | return to random walk
[8 INFO main 168976] Scout.Query -> Scout.GotoCenter | Drive to others reported pos
[8 INFO main 170478] Scout.GotoCenter -> Scout.Query | return to random walk
[8 INFO main 191608] Scout.Query -> Scout.GotoCenter | Drive to others reported pos
[8 INFO main 195310] Scout.GotoCenter -> Scout.Query | return to random walk
[8 INFO main 200920] Scout.Query -> Scout.GotoCenter | Drive to others reported pos
[8 INFO main 203524] Scout.GotoCenter -> Scout.Query | return to random walk
[8 INFO main 208428] Scout.Query -> Scout.GotoCenter | Drive to others reported pos
[8 INFO main 209027] Scout.GotoCenter -> Scout.Query | return to random walk
[8 INFO main 222548] Scout.Query -> Scout.GotoCenter | Drive to others reported pos
[8 INFO main 236361] Scout.GotoCenter -> Scout.Query | return to random walk
[8 INFO main 241074] Scout.Query -> Scout.GotoCenter | Drive to others reported pos
[8 INFO main 242369] Scout.GotoCenter -> Scout.Query | return to random walk
[8 INFO main 251484] Scout.Query -> Scout.GotoCenter | Drive to others reported pos
[8 INFO main 259091] Scout.GotoCenter -> Scout.Query | Back to normal
[8 INFO main 265905] Scout.Query -> Scout.GotoCenter | Drive to others reported pos
[8 INFO main 266405] Scout.GotoCenter -> Scout.Query | return to random walk
