[6 INFO main 27] Initialising Python Geth Console...
[6 INFO main 31] Initialising RandB board...
[6 INFO main 31] Initialising navigation...
[6 INFO main 31] Initialising random-walk...
[6 INFO main 31] Initialising odometry...
[6 INFO main 31] Initialising ground-sensors...
[6 INFO main 983] --//-- Starting Experiment --//--
[6 INFO main 2082] Idle.IDLE -> Scout.Query | Duration: 22.56
[6 INFO main 16199] Scout.Query -> Scout.GotoCenter | Drive to others reported pos
[6 INFO main 62613] Scout.GotoCenter -> Scout.Query | return to random walk
[6 INFO main 82923] Scout.Query -> Scout.GotoCenter | Drive to others reported pos
[6 INFO main 126361] Scout.GotoCenter -> Scout.Query | return to random walk
[6 INFO main 151736] Scout.Query -> Scout.GotoCenter | Drive to others reported pos
[6 INFO main 174638] Scout.GotoCenter -> Scout.Query | return to random walk
[6 INFO main 195361] Scout.Query -> Scout.GotoCenter | Drive to others reported pos
[6 INFO main 240729] Scout.GotoCenter -> Scout.Query | return to random walk
[6 INFO main 301769] Scout.Query -> Scout.GotoCenter | Drive to others reported pos
[6 INFO main 335056] Scout.GotoCenter -> Scout.Query | return to random walk
[6 INFO main 360363] Scout.Query -> Scout.GotoCenter | Drive to others reported pos
[6 INFO main 388356] Scout.GotoCenter -> Scout.Query | return to random walk
[6 INFO main 424207] Scout.Query -> Scout.GotoCenter | Drive to others reported pos
[6 INFO main 469525] Scout.GotoCenter -> Scout.Query | return to random walk
[6 INFO main 500297] Scout.Query -> Scout.GotoCenter | Drive to others reported pos
[6 INFO main 534001] Scout.GotoCenter -> Scout.Query | return to random walk
[6 INFO main 574656] Scout.Query -> Scout.GotoCenter | Drive to others reported pos
[6 INFO main 608484] Scout.GotoCenter -> Scout.Query | return to random walk
[6 INFO main 628906] Scout.Query -> Scout.GotoCenter | Drive to others reported pos
[6 INFO main 676242] Scout.GotoCenter -> Scout.Query | return to random walk
[6 INFO main 722109] Scout.Query -> Scout.GotoCenter | Drive to others reported pos
[6 INFO main 769534] Scout.GotoCenter -> Scout.Query | return to random walk
[6 INFO main 815143] Scout.Query -> Scout.GotoCenter | Drive to others reported pos
[6 INFO main 864511] Scout.GotoCenter -> Scout.Query | return to random walk
[6 INFO main 915236] Scout.Query -> Scout.GotoCenter | Drive to others reported pos
[6 INFO main 939736] Scout.GotoCenter -> Scout.Query | return to random walk
[6 INFO main 990681] Scout.Query -> Scout.GotoCenter | Drive to others reported pos
[6 INFO main 1020902] Scout.GotoCenter -> Scout.Query | return to random walk
[6 INFO main 1051551] Scout.Query -> Scout.GotoCenter | Drive to others reported pos
[6 INFO main 1062871] Scout.GotoCenter -> Scout.Query | return to random walk
[6 INFO main 1088540] Scout.Query -> Scout.GotoCenter | Drive to others reported pos
[6 INFO main 1154414] Scout.GotoCenter -> Scout.Query | return to random walk
[6 INFO main 1179963] Scout.Query -> Scout.GotoCenter | Drive to others reported pos
