[13 INFO main 27] Initialising Python Geth Console...
[13 INFO main 31] Initialising RandB board...
[13 INFO main 31] Initialising navigation...
[13 INFO main 31] Initialising random-walk...
[13 INFO main 31] Initialising odometry...
[13 INFO main 32] Initialising ground-sensors...
[13 INFO main 146] --//-- Starting Experiment --//--
[13 INFO main 1608] Idle.IDLE -> Scout.Query | Duration: 26.41
[13 INFO main 28468] Scout.Query -> Verify.DriveTo | Go to unverified source
[13 INFO main 80782] Verify.DriveTo -> Verify.Homing | Homing
[13 INFO main 102036] Confirming: 1/9
[13 INFO main 104106] Confirming: 2/9
[13 INFO main 104924] Verify.Homing -> Scout.Query | Arrived home
[13 INFO main 106177] Confirming: 3/9
[13 INFO main 108196] Confirming: 4/9
[13 INFO main 110269] Confirming: 5/9
[13 INFO main 112322] Confirming: 6/9
[13 INFO main 114543] Confirming: 7/9
[13 INFO main 116587] Confirming: 8/9
[13 INFO main 118891] Confirming: 9/9
[13 INFO main 119292] Scout.Query -> Verify.DriveTo | Go to unverified source
[13 INFO main 149933] Verify.DriveTo -> Verify.Homing | Homing
[13 INFO main 163092] Confirming: 1/9
[13 INFO main 165234] Confirming: 2/9
[13 INFO main 167313] Confirming: 3/9
[13 INFO main 167508] Verify.Homing -> Scout.Query | Arrived home
[13 INFO main 169344] Confirming: 4/9
[13 INFO main 171407] Confirming: 5/9
[13 INFO main 173459] Confirming: 6/9
[13 INFO main 175680] Confirming: 7/9
[13 INFO main 177782] Confirming: 9/9
[13 INFO main 178142] Scout.Query -> Verify.DriveTo | Go to unverified source
[13 INFO main 223025] Verify.DriveTo -> Verify.Homing | Homing
[13 INFO main 251222] Verify.Homing -> Scout.Query | Arrived home
[13 INFO main 254613] Confirming: 2/9
[13 INFO main 256648] Confirming: 3/9
[13 INFO main 258668] Confirming: 4/9
[13 INFO main 260715] Confirming: 5/9
[13 INFO main 262723] Confirming: 6/9
[13 INFO main 264771] Confirming: 7/9
[13 INFO main 266816] Confirming: 8/9
[13 INFO main 268863] Confirming: 9/9
[13 INFO main 272299] Scout.Query -> Verify.DriveTo | Go to unverified source
[13 INFO main 301679] Verify.DriveTo -> Verify.Homing | Homing
[13 INFO main 322306] Confirming: 1/9
[13 INFO main 324271] Confirming: 2/9
[13 INFO main 326442] Confirming: 3/9
[13 INFO main 328463] Confirming: 4/9
[13 INFO main 330507] Confirming: 5/9
[13 INFO main 332559] Confirming: 6/9
[13 INFO main 333834] Verify.Homing -> Scout.Query | Arrived home
[13 INFO main 334635] Confirming: 7/9
[13 INFO main 336717] Confirming: 8/9
[13 INFO main 338776] Confirming: 9/9
[13 INFO main 339556] Scout.Query -> Verify.DriveTo | Go to unverified source
[13 INFO main 526686] Verify.DriveTo -> Verify.Homing | Homing
[13 INFO main 549623] Verify.Homing -> Scout.Query | Arrived home
[13 INFO main 560262] Confirming: 1/9
[13 INFO main 562282] Confirming: 2/9
[13 INFO main 564360] Confirming: 3/9
[13 INFO main 566474] Confirming: 4/9
[13 INFO main 568566] Confirming: 5/9
[13 INFO main 578848] Confirming: 11/9
[13 INFO main 579006] Scout.Query -> Verify.DriveTo | Go to unverified source
[13 INFO main 623850] Verify.DriveTo -> Verify.Homing | Homing
[13 INFO main 649413] Confirming: 1/9
[13 INFO main 651426] Confirming: 2/9
[13 INFO main 653645] Confirming: 3/9
[13 INFO main 655654] Confirming: 4/9
[13 INFO main 657722] Confirming: 5/9
[13 INFO main 659815] Confirming: 6/9
[13 INFO main 661546] Verify.Homing -> Scout.Query | Arrived home
[13 INFO main 661855] Confirming: 7/9
[13 INFO main 663903] Confirming: 8/9
[13 INFO main 665972] Confirming: 9/9
[13 INFO main 666235] Scout.Query -> Verify.DriveTo | Go to unverified source
[13 INFO main 728052] Verify.DriveTo -> Verify.Homing | Homing
[13 INFO main 740553] Confirming: 2/9
[13 INFO main 742614] Confirming: 3/9
[13 INFO main 744726] Confirming: 4/9
[13 INFO main 746814] Confirming: 5/9
[13 INFO main 747743] Verify.Homing -> Scout.Query | Arrived home
[13 INFO main 748872] Confirming: 6/9
[13 INFO main 751307] Confirming: 7/9
[13 INFO main 753474] Confirming: 8/9
[13 INFO main 755509] Confirming: 9/9
[13 INFO main 755541] Scout.Query -> Verify.DriveTo | Go to unverified source
[13 INFO main 792566] Verify.DriveTo -> Verify.Homing | Homing
[13 INFO main 800810] Confirming: 1/9
[13 INFO main 802906] Confirming: 2/9
[13 INFO main 804934] Confirming: 3/9
[13 INFO main 807009] Confirming: 4/9
[13 INFO main 809046] Confirming: 5/9
[13 INFO main 811072] Confirming: 6/9
[13 INFO main 813136] Confirming: 7/9
[13 INFO main 815178] Confirming: 8/9
[13 INFO main 817249] Confirming: 9/9
[13 INFO main 838720] Verify.Homing -> Scout.Query | Arrived home
[13 INFO main 838890] Scout.Query -> Verify.DriveTo | Go to unverified source
[13 INFO main 884460] Verify.DriveTo -> Verify.Homing | Homing
[13 INFO main 890723] Confirming: 1/9
[13 INFO main 892738] Confirming: 2/9
[13 INFO main 894762] Confirming: 3/9
[13 INFO main 896799] Confirming: 4/9
[13 INFO main 898952] Confirming: 5/9
[13 INFO main 901012] Confirming: 6/9
[13 INFO main 903072] Confirming: 7/9
[13 INFO main 905183] Confirming: 8/9
[13 INFO main 906509] Verify.Homing -> Scout.Query | Arrived home
[13 INFO main 907277] Confirming: 9/9
[13 INFO main 907726] Scout.Query -> Verify.DriveTo | Go to unverified source
[13 INFO main 977948] Verify.DriveTo -> Verify.Homing | Homing
[13 INFO main 1011374] Confirming: 1/9
[13 INFO main 1013405] Confirming: 2/9
[13 INFO main 1015409] Confirming: 3/9
[13 INFO main 1017481] Confirming: 4/9
[13 INFO main 1019562] Confirming: 6/9
[13 INFO main 1021647] Confirming: 7/9
[13 INFO main 1023667] Confirming: 8/9
[13 INFO main 1027770] Confirming: 10/9
[13 INFO main 1066970] Verify.Homing -> Scout.Query | Arrived home
[13 INFO main 1067326] Scout.Query -> Verify.DriveTo | Go to unverified source
[13 INFO main 1192314] Verify.DriveTo -> Verify.Homing | Homing
[13 INFO main 1214992] Verify.Homing -> Scout.Query | Arrived home
[13 INFO main 1219410] Confirming: 1/9
[13 INFO main 1221442] Confirming: 3/9
[13 INFO main 1223474] Confirming: 4/9
[13 INFO main 1227562] Confirming: 6/9
[13 INFO main 1229614] Confirming: 7/9
[13 INFO main 1233789] Confirming: 8/9
[13 INFO main 1235811] Confirming: 10/9
[13 INFO main 1235906] Scout.Query -> Verify.DriveTo | Go to unverified source
[13 INFO main 1317750] Verify.DriveTo -> Verify.Homing | Homing
[13 INFO main 1340891] Confirming: 1/9
[13 INFO main 1342946] Confirming: 2/9
[13 INFO main 1345030] Confirming: 3/9
[13 INFO main 1347026] Confirming: 4/9
[13 INFO main 1349033] Confirming: 5/9
[13 INFO main 1351131] Confirming: 6/9
[13 INFO main 1353217] Confirming: 7/9
[13 INFO main 1355044] Verify.Homing -> Scout.Query | Arrived home
[13 INFO main 1355243] Confirming: 8/9
[13 INFO main 1357276] Confirming: 9/9
[13 INFO main 1357311] Scout.Query -> Verify.DriveTo | Go to unverified source
[13 INFO main 1402173] Verify.DriveTo -> Verify.Homing | Homing
[13 INFO main 1422631] Verify.Homing -> Scout.Query | Arrived home
[13 INFO main 1431466] Confirming: 2/9
[13 INFO main 1435593] Confirming: 3/9
[13 INFO main 1437674] Confirming: 5/9
[13 INFO main 1439816] Confirming: 6/9
[13 INFO main 1448276] Confirming: 8/9
[13 INFO main 1450314] Confirming: 11/9
[13 INFO main 1450961] Scout.Query -> Verify.DriveTo | Go to unverified source
[13 INFO main 1707369] Verify.DriveTo -> Verify.Homing | Homing
[13 INFO main 1732612] Confirming: 1/9
[13 INFO main 1734532] Confirming: 2/9
[13 INFO main 1736937] Confirming: 3/9
[13 INFO main 1738970] Confirming: 4/9
[13 INFO main 1741017] Confirming: 5/9
[13 INFO main 1743045] Confirming: 6/9
[13 INFO main 1745084] Confirming: 7/9
[13 INFO main 1747110] Confirming: 8/9
[13 INFO main 1749401] Confirming: 9/9
[13 INFO main 1756149] Verify.Homing -> Scout.Query | Arrived home
[13 INFO main 1756197] Scout.Query -> Verify.DriveTo | Go to unverified source
[13 INFO main 1800533] Verify.DriveTo -> Verify.Homing | Homing
[13 INFO main 1819608] Verify.Homing -> Scout.Query | Arrived home
[13 INFO main 1823139] Confirming: 1/9
[13 INFO main 1825159] Confirming: 2/9
[13 INFO main 1827218] Confirming: 3/9
[13 INFO main 1829260] Confirming: 4/9
[13 INFO main 1831483] Confirming: 6/9
[13 INFO main 1833487] Confirming: 7/9
[13 INFO main 1835582] Confirming: 8/9
[13 INFO main 1837703] Confirming: 9/9
[13 INFO main 1838009] Scout.Query -> Verify.DriveTo | Go to unverified source
[13 INFO main 1911720] Verify.DriveTo -> Verify.Homing | Homing
[13 INFO main 1942246] Verify.Homing -> Scout.Query | Arrived home
[13 INFO main 1942632] Confirming: 1/9
[13 INFO main 1944758] Confirming: 2/9
[13 INFO main 1946864] Confirming: 3/9
[13 INFO main 1948934] Confirming: 4/9
[13 INFO main 1951034] Confirming: 5/9
[13 INFO main 1953076] Confirming: 6/9
[13 INFO main 1955100] Confirming: 7/9
[13 INFO main 1957106] Confirming: 8/9
[13 INFO main 1959140] Confirming: 9/9
[13 INFO main 1959186] Scout.Query -> Verify.DriveTo | Go to unverified source
[13 INFO main 2215601] Verify.DriveTo -> Verify.Homing | Homing
[13 INFO main 2240472] Verify.Homing -> Scout.Query | Arrived home
[13 INFO main 2242402] Confirming: 1/9
[13 INFO main 2244481] Confirming: 2/9
[13 INFO main 2246496] Confirming: 3/9
[13 INFO main 2248509] Confirming: 4/9
[13 INFO main 2250584] Confirming: 5/9
[13 INFO main 2252661] Confirming: 6/9
[13 INFO main 2254764] Confirming: 7/9
[13 INFO main 2256767] Confirming: 8/9
[13 INFO main 2258889] Confirming: 9/9
[13 INFO main 2265901] Scout.Query -> Verify.DriveTo | Go to unverified source
[13 INFO main 2292118] Verify.DriveTo -> Verify.Homing | Homing
[13 INFO main 2302514] Confirming: 1/9
[13 INFO main 2304525] Confirming: 2/9
[13 INFO main 2306571] Confirming: 3/9
[13 INFO main 2308724] Confirming: 4/9
[13 INFO main 2311015] Confirming: 5/9
[13 INFO main 2313144] Confirming: 6/9
[13 INFO main 2313145] Verify.Homing -> Scout.Query | Arrived home
[13 INFO main 2315171] Confirming: 7/9
[13 INFO main 2317222] Confirming: 8/9
[13 INFO main 2319360] Confirming: 9/9
[13 INFO main 2319732] Scout.Query -> Verify.DriveTo | Go to unverified source
[13 INFO main 2368858] Verify.DriveTo -> Verify.Homing | Homing
[13 INFO main 2392281] Confirming: 1/9
[13 INFO main 2394362] Confirming: 2/9
[13 INFO main 2396381] Confirming: 3/9
[13 INFO main 2396816] Verify.Homing -> Scout.Query | Arrived home
[13 INFO main 2398490] Confirming: 4/9
[13 INFO main 2400516] Confirming: 5/9
[13 INFO main 2402581] Confirming: 6/9
[13 INFO main 2404694] Confirming: 7/9
[13 INFO main 2406738] Confirming: 8/9
[13 INFO main 2408867] Confirming: 9/9
[13 INFO main 2408984] Scout.Query -> Verify.DriveTo | Go to unverified source
[13 INFO main 2515669] Verify.DriveTo -> Verify.Homing | Homing
[13 INFO main 2543220] Confirming: 1/9
[13 INFO main 2545370] Confirming: 2/9
[13 INFO main 2547439] Confirming: 3/9
[13 INFO main 2547921] Verify.Homing -> Scout.Query | Arrived home
[13 INFO main 2549431] Confirming: 4/9
[13 INFO main 2551583] Confirming: 6/9
[13 INFO main 2553632] Confirming: 7/9
[13 INFO main 2555792] Confirming: 8/9
[13 INFO main 2557885] Confirming: 9/9
[13 INFO main 2557964] Scout.Query -> Verify.DriveTo | Go to unverified source
[13 INFO main 2599043] Verify.DriveTo -> Verify.Homing | Homing
[13 INFO main 2613926] Verify.Homing -> Scout.Query | Arrived home
[13 INFO main 2634683] Confirming: 2/9
[13 INFO main 2636762] Confirming: 3/9
[13 INFO main 2638764] Confirming: 4/9
[13 INFO main 2640805] Confirming: 5/9
[13 INFO main 2642952] Confirming: 6/9
[13 INFO main 2644960] Confirming: 7/9
[13 INFO main 2647059] Confirming: 8/9
[13 INFO main 2649100] Confirming: 9/9
[13 INFO main 2649710] Scout.Query -> Verify.DriveTo | Go to unverified source
[13 INFO main 2744484] Verify.DriveTo -> Verify.Homing | Homing
[13 INFO main 2782490] Confirming: 1/9
[13 INFO main 2784721] Confirming: 2/9
[13 INFO main 2788837] Confirming: 4/9
[13 INFO main 2790900] Confirming: 5/9
[13 INFO main 2791917] Verify.Homing -> Scout.Query | Arrived home
[13 INFO main 2792939] Confirming: 6/9
[13 INFO main 2794966] Confirming: 7/9
[13 INFO main 2797073] Confirming: 8/9
[13 INFO main 2799253] Confirming: 9/9
[13 INFO main 2799873] Scout.Query -> Verify.DriveTo | Go to unverified source
[13 INFO main 2841735] Verify.DriveTo -> Verify.Homing | Homing
[13 INFO main 2859909] Verify.Homing -> Scout.Query | Arrived home
[13 INFO main 2873049] Confirming: 1/9
[13 INFO main 2875256] Confirming: 2/9
[13 INFO main 2877477] Confirming: 3/9
[13 INFO main 2879497] Confirming: 4/9
[13 INFO main 2881518] Confirming: 5/9
[13 INFO main 2883618] Confirming: 6/9
[13 INFO main 2885639] Confirming: 7/9
[13 INFO main 2887786] Confirming: 8/9
[13 INFO main 2890124] Confirming: 9/9
[13 INFO main 2890172] Scout.Query -> Verify.DriveTo | Go to unverified source
[13 INFO main 2929661] Verify.DriveTo -> Verify.Homing | Homing
[13 INFO main 2954043] Verify.Homing -> Scout.Query | Arrived home
[13 INFO main 2955155] Confirming: 1/9
[13 INFO main 2957193] Confirming: 2/9
[13 INFO main 2959211] Confirming: 3/9
[13 INFO main 2961291] Confirming: 4/9
[13 INFO main 2963350] Confirming: 5/9
[13 INFO main 2965434] Confirming: 6/9
[13 INFO main 2967501] Confirming: 7/9
[13 INFO main 2969523] Confirming: 8/9
[13 INFO main 2971579] Confirming: 9/9
[13 INFO main 2971626] Scout.Query -> Verify.DriveTo | Go to unverified source
[13 INFO main 3030095] Verify.DriveTo -> Verify.Homing | Homing
[13 INFO main 3051919] Verify.Homing -> Scout.Query | Arrived home
[13 INFO main 3053917] Confirming: 1/9
[13 INFO main 3055991] Confirming: 2/9
[13 INFO main 3058198] Confirming: 3/9
[13 INFO main 3060243] Confirming: 4/9
[13 INFO main 3062268] Confirming: 5/9
[13 INFO main 3064291] Confirming: 6/9
[13 INFO main 3066389] Confirming: 7/9
[13 INFO main 3068422] Confirming: 9/9
[13 INFO main 3068698] Scout.Query -> Verify.DriveTo | Go to unverified source
[13 INFO main 3103627] Verify.DriveTo -> Verify.Homing | Homing
[13 INFO main 3114484] Confirming: 1/9
[13 INFO main 3116547] Confirming: 3/9
[13 INFO main 3118622] Confirming: 4/9
[13 INFO main 3120660] Confirming: 5/9
[13 INFO main 3122759] Confirming: 6/9
[13 INFO main 3124797] Confirming: 7/9
[13 INFO main 3126783] Confirming: 8/9
[13 INFO main 3130533] Verify.Homing -> Scout.Query | Arrived home
[13 INFO main 3130945] Confirming: 10/9
[13 INFO main 3131000] Scout.Query -> Verify.DriveTo | Go to unverified source
[13 INFO main 3219978] Verify.DriveTo -> Verify.Homing | Homing
[13 INFO main 3232537] Confirming: 1/9
[13 INFO main 3234575] Confirming: 2/9
[13 INFO main 3236856] Confirming: 3/9
[13 INFO main 3238878] Confirming: 4/9
[13 INFO main 3240927] Confirming: 5/9
[13 INFO main 3242982] Confirming: 6/9
[13 INFO main 3245061] Confirming: 7/9
[13 INFO main 3247096] Confirming: 8/9
[13 INFO main 3249118] Confirming: 9/9
[13 INFO main 3253494] Verify.Homing -> Scout.Query | Arrived home
[13 INFO main 3253723] Scout.Query -> Verify.DriveTo | Go to unverified source
[13 INFO main 3275710] Verify.DriveTo -> Verify.Homing | Homing
[13 INFO main 3292642] Confirming: 1/9
[13 INFO main 3294701] Confirming: 2/9
[13 INFO main 3295082] Verify.Homing -> Scout.Query | Arrived home
[13 INFO main 3296720] Confirming: 3/9
[13 INFO main 3299002] Confirming: 4/9
[13 INFO main 3301010] Confirming: 5/9
[13 INFO main 3303039] Confirming: 6/9
[13 INFO main 3305089] Confirming: 7/9
[13 INFO main 3307276] Confirming: 8/9
[13 INFO main 3309440] Confirming: 9/9
[13 INFO main 3309905] Scout.Query -> Verify.DriveTo | Go to unverified source
[13 INFO main 3463233] Verify.DriveTo -> Verify.Homing | Homing
[13 INFO main 3473508] Confirming: 1/9
[13 INFO main 3475555] Confirming: 2/9
[13 INFO main 3477717] Confirming: 3/9
[13 INFO main 3479728] Confirming: 4/9
[13 INFO main 3481772] Confirming: 5/9
[13 INFO main 3483987] Confirming: 6/9
[13 INFO main 3486094] Confirming: 7/9
[13 INFO main 3488145] Confirming: 8/9
[13 INFO main 3490231] Confirming: 9/9
[13 INFO main 3493586] Verify.Homing -> Scout.Query | Arrived home
[13 INFO main 3493884] Scout.Query -> Verify.DriveTo | Go to unverified source
[13 INFO main 3514690] Verify.DriveTo -> Verify.Homing | Homing
[13 INFO main 3533395] Confirming: 1/9
[13 INFO main 3535473] Confirming: 2/9
[13 INFO main 3537660] Confirming: 3/9
[13 INFO main 3539757] Confirming: 4/9
[13 INFO main 3541764] Confirming: 5/9
[13 INFO main 3543786] Confirming: 6/9
[13 INFO main 3545791] Confirming: 7/9
[13 INFO main 3547912] Confirming: 8/9
[13 INFO main 3549985] Confirming: 9/9
[13 INFO main 3555659] Verify.Homing -> Scout.Query | Arrived home
[13 INFO main 3563733] Scout.Query -> Verify.DriveTo | Go to unverified source
[13 INFO main 3605047] Verify.DriveTo -> Verify.Homing | Homing
[13 INFO main 3611262] Confirming: 1/9
[13 INFO main 3613276] Confirming: 2/9
[13 INFO main 3615442] Confirming: 4/9
[13 INFO main 3619775] Confirming: 6/9
[13 INFO main 3621886] Confirming: 7/9
[13 INFO main 3623892] Confirming: 8/9
[13 INFO main 3625890] Confirming: 9/9
[13 INFO main 3657537] Verify.Homing -> Scout.Query | Arrived home
[13 INFO main 3657789] Scout.Query -> Verify.DriveTo | Go to unverified source
[13 INFO main 3710274] Verify.DriveTo -> Verify.Homing | Homing
[13 INFO main 3729302] Confirming: 1/9
[13 INFO main 3731366] Confirming: 2/9
[13 INFO main 3733438] Confirming: 3/9
[13 INFO main 3733955] Verify.Homing -> Scout.Query | Arrived home
[13 INFO main 3735884] Confirming: 4/9
[13 INFO main 3737970] Confirming: 5/9
[13 INFO main 3739971] Confirming: 6/9
[13 INFO main 3742055] Confirming: 7/9
[13 INFO main 3744188] Confirming: 8/9
[13 INFO main 3746196] Confirming: 9/9
[13 INFO main 3746540] Scout.Query -> Verify.DriveTo | Go to unverified source
[13 INFO main 3948879] Verify.DriveTo -> Verify.Homing | Homing
[13 INFO main 3957203] Confirming: 1/9
[13 INFO main 3959267] Confirming: 2/9
[13 INFO main 3961378] Confirming: 3/9
[13 INFO main 3963414] Confirming: 4/9
[13 INFO main 3965464] Confirming: 5/9
[13 INFO main 3967561] Confirming: 6/9
[13 INFO main 3969687] Confirming: 7/9
[13 INFO main 3971769] Confirming: 8/9
[13 INFO main 3974056] Confirming: 9/9
[13 INFO main 3988803] Verify.Homing -> Scout.Query | Arrived home
[13 INFO main 3989074] Scout.Query -> Verify.DriveTo | Go to unverified source
[13 INFO main 4027408] Verify.DriveTo -> Verify.Homing | Homing
[13 INFO main 4046753] Confirming: 1/9
[13 INFO main 4047080] Verify.Homing -> Scout.Query | Arrived home
[13 INFO main 4048771] Confirming: 2/9
[13 INFO main 4050771] Confirming: 3/9
[13 INFO main 4054978] Confirming: 5/9
[13 INFO main 4057153] Confirming: 6/9
[13 INFO main 4059459] Confirming: 7/9
[13 INFO main 4061494] Confirming: 8/9
[13 INFO main 4063621] Confirming: 9/9
[13 INFO main 4063925] Scout.Query -> Verify.DriveTo | Go to unverified source
[13 INFO main 4107824] Verify.DriveTo -> Verify.Homing | Homing
[13 INFO main 4136937] Confirming: 1/9
[13 INFO main 4138959] Confirming: 2/9
[13 INFO main 4140970] Confirming: 3/9
[13 INFO main 4143044] Confirming: 4/9
[13 INFO main 4145384] Confirming: 5/9
[13 INFO main 4145807] Verify.Homing -> Scout.Query | Arrived home
[13 INFO main 4147601] Confirming: 6/9
[13 INFO main 4149721] Confirming: 7/9
[13 INFO main 4151770] Confirming: 8/9
[13 INFO main 4153828] Confirming: 9/9
[13 INFO main 4154420] Scout.Query -> Verify.DriveTo | Go to unverified source
[13 INFO main 4264008] Verify.DriveTo -> Verify.Homing | Homing
[13 INFO main 4287801] Confirming: 1/9
[13 INFO main 4289863] Confirming: 2/9
[13 INFO main 4291914] Confirming: 3/9
[13 INFO main 4293930] Confirming: 4/9
[13 INFO main 4296025] Confirming: 5/9
[13 INFO main 4298080] Confirming: 6/9
[13 INFO main 4300422] Confirming: 7/9
[13 INFO main 4300726] Verify.Homing -> Scout.Query | Arrived home
[13 INFO main 4302489] Confirming: 9/9
[13 INFO main 4302996] Scout.Query -> Verify.DriveTo | Go to unverified source
[13 INFO main 4322337] Verify.DriveTo -> Verify.Homing | Homing
[13 INFO main 4342444] Verify.Homing -> Scout.Query | Arrived home
[13 INFO main 4348101] Confirming: 1/9
[13 INFO main 4350155] Confirming: 2/9
[13 INFO main 4352224] Confirming: 3/9
[13 INFO main 4354234] Confirming: 4/9
[13 INFO main 4356311] Confirming: 5/9
[13 INFO main 4358356] Confirming: 6/9
[13 INFO main 4360448] Confirming: 8/9
[13 INFO main 4362430] Confirming: 9/9
[13 INFO main 4363532] Scout.Query -> Verify.DriveTo | Go to unverified source
[13 INFO main 4588902] Verify.DriveTo -> Verify.Homing | Homing
[13 INFO main 4617151] Confirming: 1/9
[13 INFO main 4619190] Confirming: 2/9
[13 INFO main 4621482] Confirming: 3/9
[13 INFO main 4623543] Confirming: 4/9
[13 INFO main 4625214] Verify.Homing -> Scout.Query | Arrived home
[13 INFO main 4625647] Confirming: 5/9
[13 INFO main 4627889] Confirming: 6/9
[13 INFO main 4629912] Confirming: 7/9
[13 INFO main 4632440] Confirming: 9/9
[13 INFO main 4632753] Scout.Query -> Verify.DriveTo | Go to unverified source
[13 INFO main 4716597] Verify.DriveTo -> Verify.Homing | Homing
[13 INFO main 4738500] Confirming: 1/9
[13 INFO main 4740502] Confirming: 3/9
[13 INFO main 4744649] Confirming: 5/9
[13 INFO main 4748759] Confirming: 7/9
[13 INFO main 4750817] Confirming: 8/9
[13 INFO main 4752912] Confirming: 9/9
[13 INFO main 4762837] Verify.Homing -> Scout.Query | Arrived home
[13 INFO main 4762904] Scout.Query -> Verify.DriveTo | Go to unverified source
[13 INFO main 4849933] Verify.DriveTo -> Verify.Homing | Homing
[13 INFO main 4858431] Confirming: 2/9
[13 INFO main 4860482] Confirming: 3/9
[13 INFO main 4862257] Verify.Homing -> Scout.Query | Arrived home
[13 INFO main 4862791] Confirming: 4/9
[13 INFO main 4866874] Confirming: 6/9
[13 INFO main 4868957] Confirming: 7/9
[13 INFO main 4871019] Confirming: 8/9
[13 INFO main 4873218] Confirming: 9/9
[13 INFO main 4873371] Scout.Query -> Verify.DriveTo | Go to unverified source
[13 INFO main 4914646] Verify.DriveTo -> Verify.Homing | Homing
[13 INFO main 4947703] Confirming: 1/9
[13 INFO main 4949812] Confirming: 2/9
[13 INFO main 4951830] Confirming: 3/9
[13 INFO main 4953888] Confirming: 4/9
[13 INFO main 4955908] Confirming: 5/9
[13 INFO main 4957919] Confirming: 6/9
[13 INFO main 4960034] Confirming: 7/9
[13 INFO main 4962091] Confirming: 8/9
[13 INFO main 4964176] Confirming: 9/9
[13 INFO main 4966753] Verify.Homing -> Scout.Query | Arrived home
[13 INFO main 4966874] Scout.Query -> Verify.DriveTo | Go to unverified source
[13 INFO main 5023923] Verify.DriveTo -> Verify.Homing | Homing
[13 INFO main 5036882] Confirming: 1/9
[13 INFO main 5038995] Confirming: 2/9
[13 INFO main 5041094] Confirming: 3/9
[13 INFO main 5043137] Confirming: 4/9
[13 INFO main 5045151] Confirming: 5/9
[13 INFO main 5047186] Confirming: 6/9
[13 INFO main 5049226] Confirming: 7/9
[13 INFO main 5051368] Confirming: 8/9
[13 INFO main 5053366] Confirming: 9/9
[13 INFO main 5072525] Verify.Homing -> Scout.Query | Arrived home
[13 INFO main 5072754] Scout.Query -> Verify.DriveTo | Go to unverified source
[13 INFO main 5171203] Verify.DriveTo -> Verify.Homing | Homing
[13 INFO main 5188283] Confirming: 1/9
[13 INFO main 5190715] Confirming: 2/9
[13 INFO main 5192861] Confirming: 3/9
[13 INFO main 5194857] Confirming: 4/9
[13 INFO main 5197029] Confirming: 6/9
[13 INFO main 5199174] Confirming: 7/9
[13 INFO main 5201500] Confirming: 8/9
[13 INFO main 5203555] Confirming: 9/9
[13 INFO main 5223916] Verify.Homing -> Scout.Query | Arrived home
[13 INFO main 5284856] Scout.Query -> Verify.DriveTo | Go to unverified source
