[13 INFO main 27] Initialising Python Geth Console...
[13 INFO main 32] Initialising RandB board...
[13 INFO main 32] Initialising navigation...
[13 INFO main 32] Initialising random-walk...
[13 INFO main 32] Initialising odometry...
[13 INFO main 32] Initialising ground-sensors...
[13 INFO main 148] --//-- Starting Experiment --//--
[13 INFO main 1266] Idle.IDLE -> Scout.Query | Duration: 17.61
[13 INFO main 41132] Scout.Query -> Scout.GotoCenter | Drive to others reported pos
[13 INFO main 74834] Scout.GotoCenter -> Scout.Query | return to random walk
[13 INFO main 120721] Scout.Query -> Scout.GotoCenter | Drive to others reported pos
[13 INFO main 158508] Scout.GotoCenter -> Scout.Query | return to random walk
[13 INFO main 204480] Scout.Query -> Scout.GotoCenter | Drive to others reported pos
[13 INFO main 321881] Scout.GotoCenter -> Scout.Query | return to random walk
[13 INFO main 368477] Scout.Query -> Scout.GotoCenter | Drive to others reported pos
[13 INFO main 394353] Scout.GotoCenter -> Scout.Query | return to random walk
[13 INFO main 559256] Scout.Query -> Scout.GotoCenter | Drive to others reported pos
[13 INFO main 597742] Scout.GotoCenter -> Scout.Query | return to random walk
[13 INFO main 643605] Scout.Query -> Scout.GotoCenter | Drive to others reported pos
[13 INFO main 657977] Scout.GotoCenter -> Scout.Query | return to random walk
[13 INFO main 658148] Scout.Query -> Scout.GotoCenter | Drive to others reported pos
[13 INFO main 681225] Scout.GotoCenter -> Scout.Query | return to random walk
