[1 INFO main 34] Initialising Python Geth Console...
[1 INFO main 38] Initialising RandB board...
[1 INFO main 38] Initialising navigation...
[1 INFO main 39] Initialising random-walk...
[1 INFO main 39] Initialising odometry...
[1 INFO main 39] Initialising ground-sensors...
[1 INFO main 1094] --//-- Starting Experiment --//--
[1 INFO main 2445] Idle.IDLE -> Scout.Query | Duration: 27.39
[1 INFO main 15167] Scout.Query -> Verify.DriveTo | Go to unverified source
[1 INFO main 46320] Verify.DriveTo -> Verify.Homing | Homing
[1 INFO main 53157] Confirming: 1/9
[1 INFO main 55221] Confirming: 2/9
[1 INFO main 59293] Confirming: 4/9
[1 INFO main 61340] Confirming: 5/9
[1 INFO main 65401] Confirming: 7/9
[1 INFO main 67409] Confirming: 8/9
[1 INFO main 69439] Confirming: 9/9
[1 INFO main 73905] Verify.Homing -> Scout.Query | Arrived home
[1 INFO main 74031] Scout.Query -> Verify.DriveTo | Go to unverified source
[1 INFO main 104907] Verify.DriveTo -> Verify.Homing | Homing
[1 INFO main 115380] Confirming: 2/9
[1 INFO main 117453] Confirming: 3/9
[1 INFO main 119638] Confirming: 4/9
[1 INFO main 121719] Confirming: 5/9
[1 INFO main 123725] Confirming: 6/9
[1 INFO main 125770] Confirming: 7/9
[1 INFO main 126796] Verify.Homing -> Scout.Query | Arrived home
[1 INFO main 127847] Confirming: 8/9
[1 INFO main 130115] Confirming: 9/9
[1 INFO main 130146] Scout.Query -> Verify.DriveTo | Go to unverified source
[1 INFO main 184731] Verify.DriveTo -> Verify.Homing | Homing
[1 INFO main 203367] Confirming: 1/9
[1 INFO main 205389] Confirming: 2/9
[1 INFO main 206230] Verify.Homing -> Scout.Query | Arrived home
[1 INFO main 207417] Confirming: 3/9
[1 INFO main 209449] Confirming: 4/9
[1 INFO main 211449] Confirming: 5/9
[1 INFO main 213547] Confirming: 6/9
[1 INFO main 215573] Confirming: 7/9
[1 INFO main 217677] Confirming: 8/9
[1 INFO main 219735] Confirming: 9/9
[1 INFO main 220189] Scout.Query -> Verify.DriveTo | Go to unverified source
[1 INFO main 250290] Verify.DriveTo -> Verify.Homing | Homing
[1 INFO main 262949] Confirming: 1/9
[1 INFO main 265042] Confirming: 2/9
[1 INFO main 267118] Confirming: 3/9
[1 INFO main 269315] Confirming: 4/9
[1 INFO main 271327] Confirming: 5/9
[1 INFO main 272027] Verify.Homing -> Scout.Query | Arrived home
[1 INFO main 273378] Confirming: 6/9
[1 INFO main 275380] Confirming: 7/9
[1 INFO main 277427] Confirming: 8/9
[1 INFO main 279965] Confirming: 9/9
[1 INFO main 280001] Scout.Query -> Verify.DriveTo | Go to unverified source
[1 INFO main 310912] Verify.DriveTo -> Verify.Homing | Homing
[1 INFO main 323420] Confirming: 1/9
[1 INFO main 325753] Confirming: 2/9
[1 INFO main 327783] Confirming: 3/9
[1 INFO main 330146] Confirming: 4/9
[1 INFO main 332187] Confirming: 5/9
[1 INFO main 334358] Confirming: 6/9
[1 INFO main 336486] Confirming: 7/9
[1 INFO main 338559] Confirming: 8/9
[1 INFO main 340566] Confirming: 9/9
[1 INFO main 376419] Verify.Homing -> Scout.Query | Arrived home
[1 INFO main 376553] Scout.Query -> Verify.DriveTo | Go to unverified source
[1 INFO main 410442] Verify.DriveTo -> Verify.Homing | Homing
[1 INFO main 433577] Verify.Homing -> Scout.Query | Arrived home
[1 INFO main 444473] Confirming: 1/9
[1 INFO main 446560] Confirming: 2/9
[1 INFO main 448609] Confirming: 3/9
[1 INFO main 450893] Confirming: 5/9
[1 INFO main 457112] Confirming: 8/9
[1 INFO main 461340] Confirming: 9/9
[1 INFO main 461372] Scout.Query -> Verify.DriveTo | Go to unverified source
[1 INFO main 504759] Verify.DriveTo -> Verify.Homing | Homing
[1 INFO main 528083] Verify.Homing -> Scout.Query | Arrived home
[1 INFO main 533541] Confirming: 1/9
[1 INFO main 535554] Confirming: 2/9
[1 INFO main 539675] Confirming: 3/9
[1 INFO main 541730] Confirming: 5/9
[1 INFO main 543818] Confirming: 6/9
[1 INFO main 566348] Confirming: 17/9
[1 INFO main 566380] Scout.Query -> Verify.DriveTo | Go to unverified source
[1 INFO main 601486] Verify.DriveTo -> Verify.Homing | Homing
[1 INFO main 618038] Confirming: 1/9
[1 INFO main 620065] Confirming: 2/9
[1 INFO main 622121] Confirming: 3/9
[1 INFO main 624127] Confirming: 4/9
[1 INFO main 624127] Verify.Homing -> Scout.Query | Arrived home
[1 INFO main 626205] Confirming: 5/9
[1 INFO main 628302] Confirming: 6/9
[1 INFO main 630347] Confirming: 7/9
[1 INFO main 632403] Confirming: 8/9
[1 INFO main 634503] Confirming: 9/9
[1 INFO main 634611] Scout.Query -> Verify.DriveTo | Go to unverified source
[1 INFO main 662452] Verify.DriveTo -> Verify.Homing | Homing
[1 INFO main 683663] Confirming: 1/9
[1 INFO main 685724] Confirming: 2/9
[1 INFO main 687854] Confirming: 3/9
[1 INFO main 689962] Confirming: 4/9
[1 INFO main 692042] Confirming: 5/9
[1 INFO main 692495] Verify.Homing -> Scout.Query | Arrived home
[1 INFO main 694112] Confirming: 6/9
[1 INFO main 696154] Confirming: 7/9
[1 INFO main 698301] Confirming: 8/9
[1 INFO main 700310] Confirming: 9/9
[1 INFO main 700347] Scout.Query -> Verify.DriveTo | Go to unverified source
[1 INFO main 755691] Verify.DriveTo -> Verify.Homing | Homing
[1 INFO main 774610] Confirming: 1/9
[1 INFO main 776618] Confirming: 2/9
[1 INFO main 778681] Confirming: 3/9
[1 INFO main 780879] Confirming: 4/9
[1 INFO main 782869] Confirming: 5/9
[1 INFO main 784987] Confirming: 7/9
[1 INFO main 787073] Confirming: 8/9
[1 INFO main 789031] Confirming: 9/9
[1 INFO main 794841] Verify.Homing -> Scout.Query | Arrived home
[1 INFO main 794975] Scout.Query -> Verify.DriveTo | Go to unverified source
[1 INFO main 820583] Verify.DriveTo -> Verify.Homing | Homing
[1 INFO main 834971] Confirming: 1/9
[1 INFO main 837138] Confirming: 2/9
[1 INFO main 839175] Confirming: 4/9
[1 INFO main 843415] Confirming: 5/9
[1 INFO main 845474] Confirming: 6/9
[1 INFO main 847573] Confirming: 7/9
[1 INFO main 849719] Confirming: 9/9
[1 INFO main 851309] Verify.Homing -> Scout.Query | Arrived home
[1 INFO main 851796] Scout.Query -> Verify.DriveTo | Go to unverified source
[1 INFO main 893456] Verify.DriveTo -> Verify.Homing | Homing
[1 INFO main 913750] Verify.Homing -> Scout.Query | Arrived home
[1 INFO main 924793] Confirming: 1/9
[1 INFO main 926840] Confirming: 2/9
[1 INFO main 928878] Confirming: 4/9
[1 INFO main 1035728] Confirming: 54/9
[1 INFO main 1036579] Scout.Query -> Verify.DriveTo | Go to unverified source
[1 INFO main 1080815] Verify.DriveTo -> Verify.Homing | Homing
[1 INFO main 1103469] Confirming: 1/9
[1 INFO main 1105491] Confirming: 2/9
[1 INFO main 1107595] Confirming: 3/9
[1 INFO main 1108663] Verify.Homing -> Scout.Query | Arrived home
[1 INFO main 1109723] Confirming: 4/9
[1 INFO main 1111794] Confirming: 5/9
[1 INFO main 1113931] Confirming: 6/9
[1 INFO main 1115979] Confirming: 7/9
[1 INFO main 1117979] Confirming: 8/9
[1 INFO main 1120049] Confirming: 9/9
[1 INFO main 1120083] Scout.Query -> Verify.DriveTo | Go to unverified source
[1 INFO main 1152119] Verify.DriveTo -> Verify.Homing | Homing
[1 INFO main 1164459] Confirming: 1/9
[1 INFO main 1166598] Confirming: 2/9
[1 INFO main 1168629] Confirming: 3/9
[1 INFO main 1170728] Confirming: 4/9
[1 INFO main 1172353] Verify.Homing -> Scout.Query | Arrived home
[1 INFO main 1172757] Confirming: 5/9
[1 INFO main 1174770] Confirming: 6/9
[1 INFO main 1176809] Confirming: 7/9
[1 INFO main 1178817] Confirming: 8/9
[1 INFO main 1180850] Confirming: 9/9
[1 INFO main 1181552] Scout.Query -> Verify.DriveTo | Go to unverified source
[1 INFO main 1334018] Verify.DriveTo -> Verify.Homing | Homing
[1 INFO main 1344518] Confirming: 1/9
[1 INFO main 1346518] Confirming: 2/9
[1 INFO main 1348528] Confirming: 3/9
[1 INFO main 1350616] Confirming: 4/9
[1 INFO main 1352656] Confirming: 5/9
[1 INFO main 1356724] Confirming: 7/9
[1 INFO main 1358931] Confirming: 8/9
[1 INFO main 1359981] Verify.Homing -> Scout.Query | Arrived home
[1 INFO main 1360958] Confirming: 9/9
[1 INFO main 1361196] Scout.Query -> Verify.DriveTo | Go to unverified source
[1 INFO main 1384165] Verify.DriveTo -> Verify.Homing | Homing
[1 INFO main 1404911] Confirming: 1/9
[1 INFO main 1406988] Confirming: 2/9
[1 INFO main 1409016] Confirming: 3/9
[1 INFO main 1411090] Confirming: 4/9
[1 INFO main 1412374] Verify.Homing -> Scout.Query | Arrived home
[1 INFO main 1413098] Confirming: 5/9
[1 INFO main 1415073] Confirming: 6/9
[1 INFO main 1417251] Confirming: 7/9
[1 INFO main 1419336] Confirming: 8/9
[1 INFO main 1421359] Confirming: 9/9
[1 INFO main 1421538] Scout.Query -> Verify.DriveTo | Go to unverified source
[1 INFO main 1543372] Verify.DriveTo -> Verify.Homing | Homing
[1 INFO main 1579566] Verify.Homing -> Scout.Query | Arrived home
[1 INFO main 1584753] Confirming: 1/9
[1 INFO main 1586789] Confirming: 2/9
[1 INFO main 1588939] Confirming: 3/9
[1 INFO main 1591135] Confirming: 4/9
[1 INFO main 1593102] Confirming: 5/9
[1 INFO main 1595213] Confirming: 6/9
[1 INFO main 1597238] Confirming: 7/9
[1 INFO main 1599335] Confirming: 8/9
[1 INFO main 1601345] Confirming: 9/9
[1 INFO main 1601396] Scout.Query -> Verify.DriveTo | Go to unverified source
[1 INFO main 1630128] Verify.DriveTo -> Verify.Homing | Homing
[1 INFO main 1644741] Confirming: 1/9
[1 INFO main 1646790] Confirming: 2/9
[1 INFO main 1648863] Confirming: 3/9
[1 INFO main 1652934] Confirming: 5/9
[1 INFO main 1657039] Confirming: 7/9
[1 INFO main 1659778] Confirming: 8/9
[1 INFO main 1661929] Confirming: 10/9
[1 INFO main 1668533] Verify.Homing -> Scout.Query | Arrived home
[1 INFO main 1668705] Scout.Query -> Verify.DriveTo | Go to unverified source
[1 INFO main 1697275] Verify.DriveTo -> Verify.Homing | Homing
[1 INFO main 1714930] Verify.Homing -> Scout.Query | Arrived home
[1 INFO main 1734411] Confirming: 1/9
[1 INFO main 1736501] Confirming: 2/9
[1 INFO main 1748861] Confirming: 8/9
[1 INFO main 1750885] Confirming: 9/9
[1 INFO main 1751512] Scout.Query -> Verify.DriveTo | Go to unverified source
[1 INFO main 1779301] Verify.DriveTo -> Verify.Homing | Homing
[1 INFO main 1800135] Verify.Homing -> Scout.Query | Arrived home
[1 INFO main 1801903] Confirming: 4/9
[1 INFO main 1804023] Confirming: 5/9
[1 INFO main 1806112] Confirming: 7/9
[1 INFO main 1808278] Confirming: 8/9
[1 INFO main 1810354] Confirming: 9/9
[1 INFO main 1810885] Scout.Query -> Verify.DriveTo | Go to unverified source
[1 INFO main 1838327] Verify.DriveTo -> Verify.Homing | Homing
[1 INFO main 1855308] Confirming: 1/9
[1 INFO main 1857327] Confirming: 2/9
[1 INFO main 1859505] Confirming: 3/9
[1 INFO main 1861636] Confirming: 4/9
[1 INFO main 1863742] Confirming: 5/9
[1 INFO main 1865791] Confirming: 6/9
[1 INFO main 1867877] Confirming: 7/9
[1 INFO main 1869880] Confirming: 8/9
[1 INFO main 1871962] Confirming: 9/9
[1 INFO main 1874008] Verify.Homing -> Scout.Query | Arrived home
[1 INFO main 1874153] Scout.Query -> Verify.DriveTo | Go to unverified source
[1 INFO main 1992915] Verify.DriveTo -> Verify.Homing | Homing
[1 INFO main 2005244] Confirming: 1/9
[1 INFO main 2007324] Confirming: 2/9
[1 INFO main 2009346] Confirming: 3/9
[1 INFO main 2011385] Confirming: 4/9
[1 INFO main 2013385] Confirming: 5/9
[1 INFO main 2015495] Confirming: 6/9
[1 INFO main 2017589] Confirming: 7/9
[1 INFO main 2019762] Confirming: 8/9
[1 INFO main 2021882] Confirming: 10/9
[1 INFO main 2025348] Verify.Homing -> Scout.Query | Arrived home
[1 INFO main 2025590] Scout.Query -> Verify.DriveTo | Go to unverified source
[1 INFO main 2062382] Verify.DriveTo -> Verify.Homing | Homing
[1 INFO main 2084924] Verify.Homing -> Scout.Query | Arrived home
[1 INFO main 2095790] Confirming: 1/9
[1 INFO main 2097819] Confirming: 2/9
[1 INFO main 2099823] Confirming: 3/9
[1 INFO main 2101893] Confirming: 5/9
[1 INFO main 2103916] Confirming: 6/9
[1 INFO main 2105949] Confirming: 7/9
[1 INFO main 2110029] Confirming: 9/9
[1 INFO main 2110936] Scout.Query -> Verify.DriveTo | Go to unverified source
[1 INFO main 2156555] Verify.DriveTo -> Verify.Homing | Homing
[1 INFO main 2182839] Verify.Homing -> Scout.Query | Arrived home
[1 INFO main 2185466] Confirming: 1/9
[1 INFO main 2187581] Confirming: 2/9
[1 INFO main 2189644] Confirming: 3/9
[1 INFO main 2191652] Confirming: 4/9
[1 INFO main 2193657] Confirming: 5/9
[1 INFO main 2195752] Confirming: 6/9
[1 INFO main 2197823] Confirming: 7/9
[1 INFO main 2199829] Confirming: 8/9
[1 INFO main 2201925] Confirming: 10/9
[1 INFO main 2202701] Scout.Query -> Verify.DriveTo | Go to unverified source
[1 INFO main 2241687] Verify.DriveTo -> Verify.Homing | Homing
[1 INFO main 2274833] Confirming: 1/9
[1 INFO main 2276871] Confirming: 2/9
[1 INFO main 2278898] Confirming: 3/9
[1 INFO main 2280170] Verify.Homing -> Scout.Query | Arrived home
[1 INFO main 2280938] Confirming: 4/9
[1 INFO main 2282964] Confirming: 5/9
[1 INFO main 2285033] Confirming: 6/9
[1 INFO main 2287059] Confirming: 7/9
[1 INFO main 2289103] Confirming: 8/9
[1 INFO main 2291235] Confirming: 9/9
[1 INFO main 2291810] Scout.Query -> Verify.DriveTo | Go to unverified source
[1 INFO main 2369776] Verify.DriveTo -> Verify.Homing | Homing
[1 INFO main 2388565] Verify.Homing -> Scout.Query | Arrived home
[1 INFO main 2394462] Confirming: 1/9
[1 INFO main 2396481] Confirming: 2/9
[1 INFO main 2398685] Confirming: 3/9
[1 INFO main 2400933] Confirming: 4/9
[1 INFO main 2402994] Confirming: 5/9
[1 INFO main 2405054] Confirming: 6/9
[1 INFO main 2407153] Confirming: 7/9
[1 INFO main 2409403] Confirming: 8/9
[1 INFO main 2411387] Confirming: 9/9
[1 INFO main 2411781] Scout.Query -> Verify.DriveTo | Go to unverified source
[1 INFO main 2464941] Verify.DriveTo -> Verify.Homing | Homing
[1 INFO main 2485833] Confirming: 1/9
[1 INFO main 2487537] Verify.Homing -> Scout.Query | Arrived home
[1 INFO main 2488126] Confirming: 3/9
[1 INFO main 2490182] Confirming: 4/9
[1 INFO main 2494366] Confirming: 6/9
[1 INFO main 2496633] Confirming: 7/9
[1 INFO main 2500755] Confirming: 9/9
[1 INFO main 2500984] Scout.Query -> Verify.DriveTo | Go to unverified source
[1 INFO main 2583995] Verify.DriveTo -> Verify.Homing | Homing
[1 INFO main 2596373] Confirming: 1/9
[1 INFO main 2598560] Confirming: 2/9
[1 INFO main 2600610] Confirming: 3/9
[1 INFO main 2602656] Confirming: 4/9
[1 INFO main 2604690] Confirming: 5/9
[1 INFO main 2605493] Verify.Homing -> Scout.Query | Arrived home
[1 INFO main 2606711] Confirming: 6/9
[1 INFO main 2608809] Confirming: 7/9
[1 INFO main 2610893] Confirming: 8/9
[1 INFO main 2612949] Confirming: 9/9
[1 INFO main 2613023] Scout.Query -> Verify.DriveTo | Go to unverified source
[1 INFO main 2664599] Verify.DriveTo -> Verify.Homing | Homing
[1 INFO main 2695511] Confirming: 1/9
[1 INFO main 2696183] Verify.Homing -> Scout.Query | Arrived home
[1 INFO main 2697537] Confirming: 2/9
[1 INFO main 2699595] Confirming: 3/9
[1 INFO main 2701646] Confirming: 4/9
[1 INFO main 2703717] Confirming: 5/9
[1 INFO main 2705729] Confirming: 6/9
[1 INFO main 2707715] Confirming: 7/9
[1 INFO main 2709826] Confirming: 8/9
[1 INFO main 2711884] Confirming: 10/9
[1 INFO main 2711936] Scout.Query -> Verify.DriveTo | Go to unverified source
[1 INFO main 2745436] Verify.DriveTo -> Verify.Homing | Homing
[1 INFO main 2753893] Confirming: 1/9
[1 INFO main 2758060] Confirming: 3/9
[1 INFO main 2762227] Confirming: 5/9
[1 INFO main 2764235] Confirming: 6/9
[1 INFO main 2764679] Verify.Homing -> Scout.Query | Arrived home
[1 INFO main 2766328] Confirming: 7/9
[1 INFO main 2770472] Confirming: 9/9
[1 INFO main 2771739] Scout.Query -> Verify.DriveTo | Go to unverified source
[1 INFO main 2815780] Verify.DriveTo -> Verify.Homing | Homing
[1 INFO main 2837623] Verify.Homing -> Scout.Query | Arrived home
[1 INFO main 2844868] Confirming: 1/9
[1 INFO main 2846911] Confirming: 2/9
[1 INFO main 2849026] Confirming: 3/9
[1 INFO main 2851122] Confirming: 4/9
[1 INFO main 2853230] Confirming: 5/9
[1 INFO main 2855234] Confirming: 6/9
[1 INFO main 2857278] Confirming: 7/9
[1 INFO main 2859551] Confirming: 8/9
[1 INFO main 2861646] Confirming: 9/9
[1 INFO main 2861697] Scout.Query -> Verify.DriveTo | Go to unverified source
[1 INFO main 2893818] Verify.DriveTo -> Verify.Homing | Homing
[1 INFO main 2906195] Confirming: 1/9
[1 INFO main 2908210] Confirming: 3/9
[1 INFO main 2910287] Confirming: 4/9
[1 INFO main 2914543] Confirming: 6/9
[1 INFO main 2916648] Confirming: 7/9
[1 INFO main 2918658] Confirming: 8/9
[1 INFO main 2920747] Confirming: 9/9
[1 INFO main 2923270] Verify.Homing -> Scout.Query | Arrived home
[1 INFO main 2923416] Scout.Query -> Verify.DriveTo | Go to unverified source
[1 INFO main 2981069] Verify.DriveTo -> Verify.Homing | Homing
[1 INFO main 2995623] Confirming: 1/9
[1 INFO main 2997759] Confirming: 2/9
[1 INFO main 2999766] Confirming: 3/9
[1 INFO main 3001816] Confirming: 4/9
[1 INFO main 3003997] Confirming: 5/9
[1 INFO main 3006021] Confirming: 6/9
[1 INFO main 3008103] Confirming: 8/9
[1 INFO main 3010169] Confirming: 9/9
[1 INFO main 3018997] Verify.Homing -> Scout.Query | Arrived home
[1 INFO main 3019146] Scout.Query -> Verify.DriveTo | Go to unverified source
[1 INFO main 3059083] Verify.DriveTo -> Verify.Homing | Homing
[1 INFO main 3082737] Verify.Homing -> Scout.Query | Arrived home
[1 INFO main 3084285] Confirming: 1/9
[1 INFO main 3086316] Confirming: 2/9
[1 INFO main 3088399] Confirming: 3/9
[1 INFO main 3092657] Confirming: 5/9
[1 INFO main 3096781] Confirming: 7/9
[1 INFO main 3098949] Confirming: 8/9
[1 INFO main 3101105] Confirming: 9/9
[1 INFO main 3101155] Scout.Query -> Verify.DriveTo | Go to unverified source
[1 INFO main 3131122] Verify.DriveTo -> Verify.Homing | Homing
[1 INFO main 3145769] Confirming: 1/9
[1 INFO main 3147855] Confirming: 2/9
[1 INFO main 3149866] Confirming: 3/9
[1 INFO main 3152086] Confirming: 4/9
[1 INFO main 3154263] Confirming: 5/9
[1 INFO main 3156308] Confirming: 7/9
[1 INFO main 3158329] Confirming: 8/9
[1 INFO main 3159049] Verify.Homing -> Scout.Query | Arrived home
[1 INFO main 3160337] Confirming: 9/9
[1 INFO main 3160492] Scout.Query -> Verify.DriveTo | Go to unverified source
[1 INFO main 3198413] Verify.DriveTo -> Verify.Homing | Homing
[1 INFO main 3204632] Confirming: 1/9
[1 INFO main 3206662] Confirming: 2/9
[1 INFO main 3210751] Confirming: 4/9
[1 INFO main 3212811] Confirming: 5/9
[1 INFO main 3216885] Confirming: 7/9
[1 INFO main 3218957] Confirming: 8/9
[1 INFO main 3220981] Confirming: 9/9
[1 INFO main 3241199] Verify.Homing -> Scout.Query | Arrived home
[1 INFO main 3241360] Scout.Query -> Verify.DriveTo | Go to unverified source
[1 INFO main 3277966] Verify.DriveTo -> Verify.Homing | Homing
[1 INFO main 3284111] Confirming: 1/9
[1 INFO main 3288331] Confirming: 3/9
[1 INFO main 3290655] Confirming: 4/9
[1 INFO main 3292786] Confirming: 5/9
[1 INFO main 3294784] Confirming: 6/9
[1 INFO main 3296811] Confirming: 7/9
[1 INFO main 3298817] Confirming: 8/9
[1 INFO main 3300931] Confirming: 9/9
[1 INFO main 3314643] Verify.Homing -> Scout.Query | Arrived home
[1 INFO main 3314802] Scout.Query -> Verify.DriveTo | Go to unverified source
[1 INFO main 3354043] Verify.DriveTo -> Verify.Homing | Homing
[1 INFO main 3375113] Verify.Homing -> Scout.Query | Arrived home
[1 INFO main 3382959] Confirming: 1/9
[1 INFO main 3385005] Confirming: 2/9
[1 INFO main 3387088] Confirming: 3/9
[1 INFO main 3389172] Confirming: 4/9
[1 INFO main 3391179] Confirming: 5/9
[1 INFO main 3393231] Confirming: 6/9
[1 INFO main 3395237] Confirming: 7/9
[1 INFO main 3397351] Confirming: 8/9
[1 INFO main 3399371] Confirming: 9/9
[1 INFO main 3399557] Scout.Query -> Verify.DriveTo | Go to unverified source
[1 INFO main 3426107] Verify.DriveTo -> Verify.Homing | Homing
[1 INFO main 3444660] Confirming: 1/9
[1 INFO main 3446740] Confirming: 2/9
[1 INFO main 3448819] Confirming: 3/9
[1 INFO main 3450854] Confirming: 4/9
[1 INFO main 3452881] Confirming: 5/9
[1 INFO main 3454930] Confirming: 6/9
[1 INFO main 3457045] Confirming: 7/9
[1 INFO main 3459133] Confirming: 8/9
[1 INFO main 3461143] Confirming: 9/9
[1 INFO main 3464175] Verify.Homing -> Scout.Query | Arrived home
[1 INFO main 3464330] Scout.Query -> Verify.DriveTo | Go to unverified source
[1 INFO main 3502571] Verify.DriveTo -> Verify.Homing | Homing
[1 INFO main 3533916] Verify.Homing -> Scout.Query | Arrived home
[1 INFO main 3535819] Confirming: 1/9
[1 INFO main 3537955] Confirming: 3/9
[1 INFO main 3540047] Confirming: 4/9
[1 INFO main 3542073] Confirming: 5/9
[1 INFO main 3544155] Confirming: 6/9
[1 INFO main 3546245] Confirming: 7/9
[1 INFO main 3548621] Confirming: 8/9
[1 INFO main 3550668] Confirming: 9/9
[1 INFO main 3550976] Scout.Query -> Verify.DriveTo | Go to unverified source
[1 INFO main 3582650] Verify.DriveTo -> Verify.Homing | Homing
[1 INFO main 3595266] Confirming: 1/9
[1 INFO main 3597302] Confirming: 2/9
[1 INFO main 3599357] Confirming: 3/9
[1 INFO main 3601439] Confirming: 4/9
[1 INFO main 3603594] Confirming: 5/9
[1 INFO main 3605062] Verify.Homing -> Scout.Query | Arrived home
[1 INFO main 3605615] Confirming: 6/9
[1 INFO main 3607704] Confirming: 7/9
[1 INFO main 3609759] Confirming: 8/9
[1 INFO main 3611803] Confirming: 9/9
[1 INFO main 3612380] Scout.Query -> Verify.DriveTo | Go to unverified source
[1 INFO main 3654470] Verify.DriveTo -> Verify.Homing | Homing
[1 INFO main 3674688] Verify.Homing -> Scout.Query | Arrived home
[1 INFO main 3685582] Confirming: 1/9
[1 INFO main 3687650] Confirming: 2/9
[1 INFO main 3689677] Confirming: 3/9
[1 INFO main 3691898] Confirming: 5/9
[1 INFO main 3696051] Confirming: 6/9
[1 INFO main 3698146] Confirming: 8/9
[1 INFO main 3702354] Confirming: 9/9
[1 INFO main 3702623] Scout.Query -> Verify.DriveTo | Go to unverified source
[1 INFO main 3760332] Verify.DriveTo -> Verify.Homing | Homing
[1 INFO main 3777002] Confirming: 2/9
[1 INFO main 3781131] Confirming: 3/9
[1 INFO main 3783219] Confirming: 5/9
[1 INFO main 3787418] Confirming: 7/9
[1 INFO main 3789516] Confirming: 8/9
[1 INFO main 3791569] Confirming: 9/9
[1 INFO main 3795449] Verify.Homing -> Scout.Query | Arrived home
[1 INFO main 3795683] Scout.Query -> Verify.DriveTo | Go to unverified source
[1 INFO main 3828169] Verify.DriveTo -> Verify.Homing | Homing
[1 INFO main 3836482] Confirming: 2/9
[1 INFO main 3838571] Confirming: 3/9
[1 INFO main 3840578] Confirming: 4/9
[1 INFO main 3842609] Confirming: 5/9
[1 INFO main 3844679] Confirming: 6/9
[1 INFO main 3846696] Confirming: 7/9
[1 INFO main 3848759] Confirming: 8/9
[1 INFO main 3850812] Confirming: 9/9
[1 INFO main 3860012] Verify.Homing -> Scout.Query | Arrived home
[1 INFO main 3860232] Scout.Query -> Verify.DriveTo | Go to unverified source
[1 INFO main 3894391] Verify.DriveTo -> Verify.Homing | Homing
[1 INFO main 3923470] Verify.Homing -> Scout.Query | Arrived home
[1 INFO main 3925820] Confirming: 1/9
[1 INFO main 3928067] Confirming: 2/9
[1 INFO main 3930126] Confirming: 4/9
[1 INFO main 3932138] Confirming: 5/9
[1 INFO main 3934205] Confirming: 6/9
[1 INFO main 3936303] Confirming: 7/9
[1 INFO main 3938405] Confirming: 8/9
[1 INFO main 3940475] Confirming: 9/9
[1 INFO main 3940949] Scout.Query -> Verify.DriveTo | Go to unverified source
[1 INFO main 3963288] Verify.DriveTo -> Verify.Homing | Homing
[1 INFO main 3984492] Confirming: 1/9
[1 INFO main 3986539] Confirming: 2/9
[1 INFO main 3988574] Confirming: 3/9
[1 INFO main 3992774] Confirming: 5/9
[1 INFO main 3994861] Confirming: 6/9
[1 INFO main 3996943] Confirming: 7/9
[1 INFO main 3997066] Verify.Homing -> Scout.Query | Arrived home
[1 INFO main 3998952] Confirming: 8/9
[1 INFO main 4001026] Confirming: 9/9
[1 INFO main 4001774] Scout.Query -> Verify.DriveTo | Go to unverified source
[1 INFO main 4040709] Verify.DriveTo -> Verify.Homing | Homing
[1 INFO main 4064875] Verify.Homing -> Scout.Query | Arrived home
[1 INFO main 4076346] Confirming: 2/9
[1 INFO main 4078437] Confirming: 3/9
[1 INFO main 4080454] Confirming: 4/9
[1 INFO main 4082488] Confirming: 5/9
[1 INFO main 4084499] Confirming: 6/9
[1 INFO main 4086687] Confirming: 7/9
[1 INFO main 4088700] Confirming: 8/9
[1 INFO main 4090781] Confirming: 9/9
[1 INFO main 4091274] Scout.Query -> Verify.DriveTo | Go to unverified source
[1 INFO main 4122533] Verify.DriveTo -> Verify.Homing | Homing
[1 INFO main 4134950] Confirming: 1/9
[1 INFO main 4137043] Confirming: 2/9
[1 INFO main 4139049] Confirming: 3/9
[1 INFO main 4141125] Confirming: 4/9
[1 INFO main 4141973] Verify.Homing -> Scout.Query | Arrived home
[1 INFO main 4143148] Confirming: 5/9
[1 INFO main 4145190] Confirming: 6/9
[1 INFO main 4147206] Confirming: 7/9
[1 INFO main 4149220] Confirming: 8/9
[1 INFO main 4151465] Confirming: 9/9
[1 INFO main 4152472] Scout.Query -> Verify.DriveTo | Go to unverified source
[1 INFO main 4189802] Verify.DriveTo -> Verify.Homing | Homing
[1 INFO main 4196015] Confirming: 2/9
[1 INFO main 4198055] Confirming: 3/9
[1 INFO main 4202691] Confirming: 5/9
[1 INFO main 4204720] Confirming: 6/9
[1 INFO main 4206734] Confirming: 7/9
[1 INFO main 4208975] Confirming: 8/9
[1 INFO main 4210977] Confirming: 9/9
[1 INFO main 4217405] Verify.Homing -> Scout.Query | Arrived home
[1 INFO main 4217563] Scout.Query -> Verify.DriveTo | Go to unverified source
[1 INFO main 4261903] Verify.DriveTo -> Verify.Homing | Homing
[1 INFO main 4285058] Verify.Homing -> Scout.Query | Arrived home
[1 INFO main 4285561] Confirming: 1/9
[1 INFO main 4287642] Confirming: 2/9
[1 INFO main 4289689] Confirming: 3/9
[1 INFO main 4291767] Confirming: 4/9
[1 INFO main 4293771] Confirming: 5/9
[1 INFO main 4295866] Confirming: 6/9
[1 INFO main 4298173] Confirming: 8/9
[1 INFO main 4300286] Confirming: 9/9
[1 INFO main 4300473] Scout.Query -> Verify.DriveTo | Go to unverified source
[1 INFO main 4341891] Verify.DriveTo -> Verify.Homing | Homing
[1 INFO main 4374398] Verify.Homing -> Scout.Query | Arrived home
[1 INFO main 4375847] Confirming: 1/9
[1 INFO main 4377854] Confirming: 2/9
[1 INFO main 4380097] Confirming: 4/9
[1 INFO main 4382325] Confirming: 5/9
[1 INFO main 4386595] Confirming: 7/9
[1 INFO main 4388701] Confirming: 8/9
[1 INFO main 4390705] Confirming: 9/9
[1 INFO main 4391216] Scout.Query -> Verify.DriveTo | Go to unverified source
[1 INFO main 4432357] Verify.DriveTo -> Verify.Homing | Homing
[1 INFO main 4465514] Verify.Homing -> Scout.Query | Arrived home
[1 INFO main 4465853] Confirming: 1/9
[1 INFO main 4467867] Confirming: 2/9
[1 INFO main 4469921] Confirming: 4/9
[1 INFO main 4471980] Confirming: 5/9
[1 INFO main 4474053] Confirming: 6/9
[1 INFO main 4478265] Confirming: 7/9
[1 INFO main 4480330] Confirming: 9/9
[1 INFO main 4480511] Scout.Query -> Verify.DriveTo | Go to unverified source
[1 INFO main 4525783] Verify.DriveTo -> Verify.Homing | Homing
[1 INFO main 4555089] Confirming: 1/9
[1 INFO main 4557149] Confirming: 2/9
[1 INFO main 4559228] Confirming: 3/9
[1 INFO main 4561280] Confirming: 4/9
[1 INFO main 4563282] Confirming: 5/9
[1 INFO main 4565598] Confirming: 6/9
[1 INFO main 4566117] Verify.Homing -> Scout.Query | Arrived home
[1 INFO main 4567682] Confirming: 7/9
[1 INFO main 4569744] Confirming: 8/9
[1 INFO main 4571749] Confirming: 9/9
[1 INFO main 4572072] Scout.Query -> Verify.DriveTo | Go to unverified source
[1 INFO main 4606345] Verify.DriveTo -> Verify.Homing | Homing
[1 INFO main 4614641] Confirming: 1/9
[1 INFO main 4616663] Confirming: 2/9
[1 INFO main 4618767] Confirming: 3/9
[1 INFO main 4620815] Confirming: 4/9
[1 INFO main 4622918] Confirming: 5/9
[1 INFO main 4625014] Confirming: 6/9
[1 INFO main 4627071] Confirming: 7/9
[1 INFO main 4629159] Confirming: 8/9
[1 INFO main 4631212] Confirming: 9/9
[1 INFO main 4631474] Verify.Homing -> Scout.Query | Arrived home
[1 INFO main 4631701] Scout.Query -> Verify.DriveTo | Go to unverified source
[1 INFO main 4675821] Verify.DriveTo -> Verify.Homing | Homing
[1 INFO main 4705215] Confirming: 1/9
[1 INFO main 4707247] Confirming: 2/9
[1 INFO main 4709344] Confirming: 3/9
[1 INFO main 4709615] Verify.Homing -> Scout.Query | Arrived home
[1 INFO main 4711520] Confirming: 4/9
[1 INFO main 4713539] Confirming: 5/9
[1 INFO main 4715646] Confirming: 6/9
[1 INFO main 4717718] Confirming: 7/9
[1 INFO main 4719761] Confirming: 8/9
[1 INFO main 4721885] Confirming: 10/9
[1 INFO main 4722719] Scout.Query -> Verify.DriveTo | Go to unverified source
[1 INFO main 4775718] Verify.DriveTo -> Verify.Homing | Homing
[1 INFO main 4786454] Confirming: 1/9
[1 INFO main 4788482] Confirming: 2/9
[1 INFO main 4790950] Confirming: 3/9
[1 INFO main 4793216] Confirming: 4/9
[1 INFO main 4795243] Confirming: 5/9
[1 INFO main 4797260] Confirming: 6/9
[1 INFO main 4799302] Confirming: 7/9
[1 INFO main 4801366] Confirming: 8/9
[1 INFO main 4803405] Confirming: 9/9
[1 INFO main 4811408] Verify.Homing -> Scout.Query | Arrived home
[1 INFO main 4811640] Scout.Query -> Verify.DriveTo | Go to unverified source
[1 INFO main 4851924] Verify.DriveTo -> Verify.Homing | Homing
[1 INFO main 4874906] Verify.Homing -> Scout.Query | Arrived home
[1 INFO main 4879655] Confirming: 1/9
[1 INFO main 4881716] Confirming: 2/9
[1 INFO main 4884096] Confirming: 4/9
[1 INFO main 4886211] Confirming: 5/9
[1 INFO main 4888305] Confirming: 6/9
[1 INFO main 4890350] Confirming: 7/9
[1 INFO main 4894374] Confirming: 9/9
[1 INFO main 4895023] Scout.Query -> Verify.DriveTo | Go to unverified source
[1 INFO main 4946378] Verify.DriveTo -> Verify.Homing | Homing
[1 INFO main 4975556] Confirming: 1/9
[1 INFO main 4977759] Confirming: 2/9
[1 INFO main 4979764] Confirming: 3/9
[1 INFO main 4980831] Verify.Homing -> Scout.Query | Arrived home
[1 INFO main 4981826] Confirming: 4/9
[1 INFO main 4983915] Confirming: 6/9
[1 INFO main 4988062] Confirming: 8/9
[1 INFO main 4990200] Confirming: 9/9
[1 INFO main 4990756] Scout.Query -> Verify.DriveTo | Go to unverified source
[1 INFO main 5052236] Verify.DriveTo -> Verify.Homing | Homing
[1 INFO main 5064909] Confirming: 1/9
[1 INFO main 5067095] Confirming: 2/9
[1 INFO main 5069149] Confirming: 3/9
[1 INFO main 5071201] Confirming: 4/9
[1 INFO main 5073207] Confirming: 5/9
[1 INFO main 5075242] Confirming: 6/9
[1 INFO main 5077335] Confirming: 7/9
[1 INFO main 5079516] Confirming: 8/9
[1 INFO main 5081565] Confirming: 9/9
[1 INFO main 5087996] Verify.Homing -> Scout.Query | Arrived home
[1 INFO main 5088223] Scout.Query -> Verify.DriveTo | Go to unverified source
[1 INFO main 5122960] Verify.DriveTo -> Verify.Homing | Homing
[1 INFO main 5154931] Confirming: 1/9
[1 INFO main 5156433] Verify.Homing -> Scout.Query | Arrived home
[1 INFO main 5157065] Confirming: 2/9
[1 INFO main 5159225] Confirming: 3/9
[1 INFO main 5161253] Confirming: 4/9
[1 INFO main 5163270] Confirming: 5/9
[1 INFO main 5165327] Confirming: 6/9
[1 INFO main 5167341] Confirming: 7/9
[1 INFO main 5169351] Confirming: 8/9
[1 INFO main 5171415] Confirming: 9/9
[1 INFO main 5171623] Scout.Query -> Verify.DriveTo | Go to unverified source
[1 INFO main 5200180] Verify.DriveTo -> Verify.Homing | Homing
[1 INFO main 5214559] Confirming: 1/9
[1 INFO main 5216574] Confirming: 2/9
[1 INFO main 5218670] Confirming: 3/9
[1 INFO main 5220729] Confirming: 4/9
[1 INFO main 5222866] Confirming: 5/9
[1 INFO main 5224892] Confirming: 6/9
[1 INFO main 5226922] Confirming: 7/9
[1 INFO main 5229022] Confirming: 8/9
[1 INFO main 5230295] Verify.Homing -> Scout.Query | Arrived home
[1 INFO main 5231118] Confirming: 9/9
[1 INFO main 5231526] Scout.Query -> Verify.DriveTo | Go to unverified source
[1 INFO main 5256382] Verify.DriveTo -> Verify.Homing | Homing
[1 INFO main 5275140] Confirming: 1/9
[1 INFO main 5277188] Confirming: 2/9
[1 INFO main 5279298] Confirming: 3/9
[1 INFO main 5281375] Confirming: 4/9
[1 INFO main 5283387] Confirming: 5/9
[1 INFO main 5285388] Confirming: 6/9
[1 INFO main 5287476] Confirming: 7/9
[1 INFO main 5289591] Confirming: 8/9
[1 INFO main 5289591] Verify.Homing -> Scout.Query | Arrived home
[1 INFO main 5291703] Confirming: 9/9
[1 INFO main 5291938] Scout.Query -> Verify.DriveTo | Go to unverified source
[1 INFO main 5343486] Verify.DriveTo -> Verify.Homing | Homing
[1 INFO main 5364383] Confirming: 1/9
[1 INFO main 5366419] Confirming: 2/9
[1 INFO main 5368441] Confirming: 3/9
[1 INFO main 5370544] Confirming: 4/9
[1 INFO main 5372576] Confirming: 5/9
[1 INFO main 5374173] Verify.Homing -> Scout.Query | Arrived home
[1 INFO main 5374771] Confirming: 6/9
[1 INFO main 5376782] Confirming: 7/9
[1 INFO main 5378875] Confirming: 8/9
[1 INFO main 5380882] Confirming: 9/9
[1 INFO main 5394769] Scout.Query -> Verify.DriveTo | Go to unverified source
