[5 INFO main 31] Initialising Python Geth Console...
[5 INFO main 35] Initialising RandB board...
[5 INFO main 35] Initialising navigation...
[5 INFO main 35] Initialising random-walk...
[5 INFO main 35] Initialising odometry...
[5 INFO main 36] Initialising ground-sensors...
[5 INFO main 611] --//-- Starting Experiment --//--
[5 INFO main 1711] Idle.IDLE -> Scout.Query | Duration: 21.33
[5 INFO main 51434] Scout.Query -> Scout.GotoCenter | Drive to others reported pos
[5 INFO main 71699] Scout.GotoCenter -> Scout.Query | return to random walk
[5 INFO main 90246] Confirming: 1/8
[5 INFO main 92318] Confirming: 2/8
[5 INFO main 94311] Confirming: 3/8
[5 INFO main 96453] Confirming: 4/8
[5 INFO main 98582] Confirming: 5/8
[5 INFO main 100717] Confirming: 6/8
[5 INFO main 102754] Confirming: 7/8
[5 INFO main 104878] Confirming: 8/8
[5 INFO main 250798] Confirming: 1/8
[5 INFO main 252782] Confirming: 2/8
[5 INFO main 254841] Confirming: 3/8
[5 INFO main 256866] Confirming: 4/8
[5 INFO main 258892] Confirming: 5/8
[5 INFO main 260863] Confirming: 6/8
[5 INFO main 262975] Confirming: 7/8
[5 INFO main 265030] Confirming: 8/8
[5 INFO main 269094] Scout.Query -> Scout.GotoCenter | Drive to others reported pos
[5 INFO main 304784] Scout.GotoCenter -> Scout.Query | return to random walk
[5 INFO main 311030] Confirming: 1/8
[5 INFO main 313058] Confirming: 2/8
[5 INFO main 315129] Confirming: 3/8
[5 INFO main 317130] Confirming: 4/8
[5 INFO main 319214] Confirming: 5/8
[5 INFO main 321286] Confirming: 6/8
[5 INFO main 323358] Confirming: 7/8
[5 INFO main 325379] Confirming: 8/8
[5 INFO main 795431] Scout.Query -> Scout.GotoCenter | Drive to others reported pos
[5 INFO main 825222] Scout.GotoCenter -> Scout.Query | return to random walk
[5 INFO main 831402] Confirming: 1/8
[5 INFO main 833407] Confirming: 2/8
[5 INFO main 835457] Confirming: 3/8
[5 INFO main 837470] Confirming: 4/8
[5 INFO main 839534] Confirming: 5/8
[5 INFO main 841622] Confirming: 6/8
[5 INFO main 843674] Confirming: 7/8
[5 INFO main 845682] Confirming: 8/8
[5 INFO main 845741] Scout.Query -> Scout.GotoCenter | Drive to others reported pos
[5 INFO main 871683] Scout.GotoCenter -> Scout.Query | return to random walk
[5 INFO main 890502] Confirming: 1/8
[5 INFO main 892558] Confirming: 2/8
[5 INFO main 894574] Confirming: 3/8
[5 INFO main 896602] Confirming: 4/8
[5 INFO main 898574] Confirming: 5/8
[5 INFO main 900698] Confirming: 6/8
[5 INFO main 902741] Confirming: 7/8
[5 INFO main 904750] Confirming: 8/8
[5 INFO main 907230] Scout.Query -> Scout.GotoCenter | Drive to others reported pos
[5 INFO main 923130] Scout.GotoCenter -> Scout.Query | return to random walk
[5 INFO main 951997] Confirming: 1/8
[5 INFO main 954038] Confirming: 2/8
[5 INFO main 958115] Confirming: 4/8
[5 INFO main 962269] Confirming: 6/8
[5 INFO main 964387] Confirming: 7/8
[5 INFO main 966442] Confirming: 8/8
[5 INFO main 1239412] Scout.Query -> Scout.GotoCenter | Drive to others reported pos
[5 INFO main 1266135] Scout.GotoCenter -> Scout.Query | return to random walk
[5 INFO main 1290755] Confirming: 1/8
[5 INFO main 1292778] Confirming: 2/8
[5 INFO main 1294817] Confirming: 3/8
[5 INFO main 1296817] Confirming: 4/8
[5 INFO main 1298898] Confirming: 5/8
[5 INFO main 1303002] Confirming: 7/8
[5 INFO main 1305097] Confirming: 8/8
[5 INFO main 1382946] Scout.Query -> Scout.GotoCenter | Drive to others reported pos
[5 INFO main 1392170] Scout.GotoCenter -> Scout.Query | return to random walk
[5 INFO main 1412885] Confirming: 1/8
[5 INFO main 1414954] Confirming: 2/8
[5 INFO main 1416964] Confirming: 3/8
[5 INFO main 1419055] Confirming: 4/8
[5 INFO main 1421063] Confirming: 5/8
[5 INFO main 1423134] Confirming: 6/8
[5 INFO main 1425168] Confirming: 7/8
[5 INFO main 1427234] Confirming: 8/8
[5 INFO main 1528725] Scout.Query -> Scout.GotoCenter | Drive to others reported pos
[5 INFO main 1551745] Scout.GotoCenter -> Scout.Query | return to random walk
[5 INFO main 1570481] Confirming: 1/8
[5 INFO main 1574582] Confirming: 3/8
[5 INFO main 1578665] Confirming: 5/8
[5 INFO main 1580730] Confirming: 6/8
[5 INFO main 1584866] Confirming: 7/8
[5 INFO main 1586827] Confirming: 9/8
[5 INFO main 1587170] Scout.Query -> Scout.GotoCenter | Drive to others reported pos
[5 INFO main 1598466] Scout.GotoCenter -> Scout.Query | return to random walk
[5 INFO main 1631886] Confirming: 1/8
[5 INFO main 1633933] Confirming: 2/8
[5 INFO main 1635974] Confirming: 3/8
[5 INFO main 1638033] Confirming: 4/8
[5 INFO main 1640039] Confirming: 5/8
[5 INFO main 1642129] Confirming: 6/8
[5 INFO main 1644202] Confirming: 7/8
[5 INFO main 1646294] Confirming: 8/8
[5 INFO main 1662330] Scout.Query -> Scout.GotoCenter | Drive to others reported pos
[5 INFO main 1716947] Scout.GotoCenter -> Scout.Query | return to random walk
[5 INFO main 1752283] Confirming: 1/8
[5 INFO main 1754346] Confirming: 2/8
[5 INFO main 1756413] Confirming: 4/8
[5 INFO main 1758458] Confirming: 5/8
[5 INFO main 1760486] Confirming: 6/8
[5 INFO main 1764574] Confirming: 7/8
[5 INFO main 1766613] Confirming: 8/8
[5 INFO main 2270209] Scout.Query -> Scout.GotoCenter | Drive to others reported pos
[5 INFO main 2296644] Scout.GotoCenter -> Scout.Query | return to random walk
[5 INFO main 2321594] Confirming: 1/8
[5 INFO main 2323614] Confirming: 2/8
[5 INFO main 2325574] Confirming: 3/8
[5 INFO main 2327693] Confirming: 4/8
[5 INFO main 2329693] Confirming: 5/8
[5 INFO main 2331741] Confirming: 6/8
[5 INFO main 2333745] Confirming: 7/8
[5 INFO main 2335842] Confirming: 8/8
[5 INFO main 2625786] Scout.Query -> Scout.GotoCenter | Drive to others reported pos
[5 INFO main 2677117] Scout.GotoCenter -> Scout.Query | return to random walk
[5 INFO main 2693489] Confirming: 1/8
[5 INFO main 2695558] Confirming: 2/8
[5 INFO main 2697642] Confirming: 3/8
[5 INFO main 2699674] Confirming: 4/8
[5 INFO main 2701745] Confirming: 5/8
[5 INFO main 2703772] Confirming: 6/8
[5 INFO main 2705866] Confirming: 7/8
[5 INFO main 2707970] Confirming: 8/8
[5 INFO main 2712619] Scout.Query -> Scout.GotoCenter | Drive to others reported pos
[5 INFO main 2714166] Scout.GotoCenter -> Scout.Query | return to random walk
[5 INFO main 2736761] Confirming: 1/8
[5 INFO main 2740889] Confirming: 3/8
[5 INFO main 2742974] Confirming: 4/8
[5 INFO main 2745001] Confirming: 5/8
[5 INFO main 2747030] Confirming: 6/8
[5 INFO main 2749054] Confirming: 7/8
[5 INFO main 2751064] Confirming: 8/8
[5 INFO main 3324559] Scout.Query -> Scout.GotoCenter | Drive to others reported pos
[5 INFO main 3331871] Scout.GotoCenter -> Scout.Query | return to random walk
[5 INFO main 3360553] Confirming: 1/8
[5 INFO main 3362569] Confirming: 2/8
[5 INFO main 3366686] Confirming: 4/8
[5 INFO main 3370963] Confirming: 6/8
[5 INFO main 3372993] Confirming: 7/8
[5 INFO main 3377114] Confirming: 9/8
[5 INFO main 3377838] Scout.Query -> Scout.GotoCenter | Drive to others reported pos
[5 INFO main 3392728] Scout.GotoCenter -> Scout.Query | return to random walk
[5 INFO main 3409473] Confirming: 1/8
[5 INFO main 3411526] Confirming: 2/8
[5 INFO main 3413506] Confirming: 3/8
[5 INFO main 3415641] Confirming: 4/8
[5 INFO main 3417677] Confirming: 5/8
[5 INFO main 3419762] Confirming: 6/8
[5 INFO main 3421805] Confirming: 7/8
[5 INFO main 3423848] Confirming: 8/8
[5 INFO main 3765167] Scout.Query -> Scout.GotoCenter | Drive to others reported pos
[5 INFO main 3813518] Scout.GotoCenter -> Scout.Query | return to random walk
[5 INFO main 3858666] Confirming: 1/8
[5 INFO main 3860689] Confirming: 2/8
[5 INFO main 3862794] Confirming: 3/8
[5 INFO main 3864862] Confirming: 4/8
[5 INFO main 3866928] Confirming: 5/8
[5 INFO main 3868949] Confirming: 6/8
[5 INFO main 3872986] Confirming: 8/8
[5 INFO main 3874386] Scout.Query -> Scout.GotoCenter | Drive to others reported pos
[5 INFO main 3904033] Scout.GotoCenter -> Scout.Query | return to random walk
[5 INFO main 3949226] Confirming: 1/8
[5 INFO main 3951369] Confirming: 2/8
[5 INFO main 3953470] Confirming: 3/8
[5 INFO main 3955514] Confirming: 4/8
[5 INFO main 3957654] Confirming: 5/8
[5 INFO main 3959689] Confirming: 6/8
[5 INFO main 3961706] Confirming: 7/8
[5 INFO main 3963709] Confirming: 8/8
