[11 INFO main 27] Initialising Python Geth Console...
[11 INFO main 31] Initialising RandB board...
[11 INFO main 32] Initialising navigation...
[11 INFO main 32] Initialising random-walk...
[11 INFO main 32] Initialising odometry...
[11 INFO main 32] Initialising ground-sensors...
[11 INFO main 280] --//-- Starting Experiment --//--
[11 INFO main 1383] Idle.IDLE -> Scout.Query | Duration: 24.54
[11 INFO main 40949] Scout.Query -> Scout.GotoCenter | Drive to others reported pos
[11 INFO main 89582] Scout.GotoCenter -> Scout.Query | return to random walk
[11 INFO main 135740] Scout.Query -> Scout.GotoCenter | Drive to others reported pos
[11 INFO main 165067] Scout.GotoCenter -> Scout.Query | return to random walk
[11 INFO main 216239] Scout.Query -> Scout.GotoCenter | Drive to others reported pos
[11 INFO main 224386] Scout.GotoCenter -> Scout.Query | return to random walk
[11 INFO main 254966] Scout.Query -> Scout.GotoCenter | Drive to others reported pos
[11 INFO main 270434] Scout.GotoCenter -> Scout.Query | return to random walk
[11 INFO main 306058] Scout.Query -> Scout.GotoCenter | Drive to others reported pos
[11 INFO main 331998] Scout.GotoCenter -> Scout.Query | return to random walk
[11 INFO main 367728] Scout.Query -> Scout.GotoCenter | Drive to others reported pos
[11 INFO main 390866] Scout.GotoCenter -> Scout.Query | return to random walk
[11 INFO main 437101] Scout.Query -> Scout.GotoCenter | Drive to others reported pos
[11 INFO main 455364] Scout.GotoCenter -> Scout.Query | return to random walk
