[13 INFO main 26] Initialising Python Geth Console...
[13 INFO main 31] Initialising RandB board...
[13 INFO main 31] Initialising navigation...
[13 INFO main 31] Initialising random-walk...
[13 INFO main 31] Initialising odometry...
[13 INFO main 31] Initialising ground-sensors...
[13 INFO main 189] --//-- Starting Experiment --//--
[13 INFO main 1298] Idle.IDLE -> Scout.Query | Duration: 16.81
[13 INFO main 25665] Scout.Query -> Scout.GotoCenter | Drive to others reported pos
[13 INFO main 85300] Scout.GotoCenter -> Scout.Query | return to random walk
[13 INFO main 120732] Scout.Query -> Scout.GotoCenter | Drive to others reported pos
[13 INFO main 145083] Scout.GotoCenter -> Scout.Query | return to random walk
[13 INFO main 176006] Scout.Query -> Scout.GotoCenter | Drive to others reported pos
[13 INFO main 220719] Scout.GotoCenter -> Scout.Query | return to random walk
[13 INFO main 276747] Scout.Query -> Scout.GotoCenter | Drive to others reported pos
[13 INFO main 322653] Scout.GotoCenter -> Scout.Query | return to random walk
[13 INFO main 363873] Scout.Query -> Scout.GotoCenter | Drive to others reported pos
[13 INFO main 405389] Scout.GotoCenter -> Scout.Query | return to random walk
[13 INFO main 487265] Scout.Query -> Scout.GotoCenter | Drive to others reported pos
[13 INFO main 539034] Scout.GotoCenter -> Scout.Query | return to random walk
[13 INFO main 564491] Scout.Query -> Scout.GotoCenter | Drive to others reported pos
[13 INFO main 600020] Scout.GotoCenter -> Scout.Query | return to random walk
[13 INFO main 636219] Scout.Query -> Scout.GotoCenter | Drive to others reported pos
[13 INFO main 683113] Scout.GotoCenter -> Scout.Query | return to random walk
