[15 INFO main 29] Initialising Python Geth Console...
[15 INFO main 33] Initialising RandB board...
[15 INFO main 33] Initialising navigation...
[15 INFO main 33] Initialising random-walk...
[15 INFO main 33] Initialising odometry...
[15 INFO main 33] Initialising ground-sensors...
[15 INFO main 51] --//-- Starting Experiment --//--
[15 INFO main 1166] Idle.IDLE -> Scout.Query | Duration: 23.05
[15 INFO main 136828] Scout.Query -> Scout.GotoCenter | Drive to others reported pos
[15 INFO main 139530] Scout.GotoCenter -> Scout.Query | return to random walk
[15 INFO main 140036] Scout.Query -> Scout.GotoCenter | Drive to others reported pos
[15 INFO main 141833] Scout.GotoCenter -> Scout.Query | return to random walk
[15 INFO main 142233] Scout.Query -> Scout.GotoCenter | Drive to others reported pos
[15 INFO main 142737] Scout.GotoCenter -> Scout.Query | return to random walk
[15 INFO main 143337] Scout.Query -> Scout.GotoCenter | Drive to others reported pos
[15 INFO main 144842] Scout.GotoCenter -> Scout.Query | return to random walk
[15 INFO main 145435] Scout.Query -> Scout.GotoCenter | Drive to others reported pos
[15 INFO main 147840] Scout.GotoCenter -> Scout.Query | return to random walk
[15 INFO main 148444] Scout.Query -> Scout.GotoCenter | Drive to others reported pos
[15 INFO main 149237] Scout.GotoCenter -> Scout.Query | return to random walk
[15 INFO main 149548] Scout.Query -> Scout.GotoCenter | Drive to others reported pos
[15 INFO main 151942] Scout.GotoCenter -> Scout.Query | return to random walk
[15 INFO main 152746] Scout.Query -> Scout.GotoCenter | Drive to others reported pos
[15 INFO main 152848] Scout.GotoCenter -> Scout.Query | return to random walk
[15 INFO main 153850] Scout.Query -> Scout.GotoCenter | Drive to others reported pos
[15 INFO main 154150] Scout.GotoCenter -> Scout.Query | return to random walk
[15 INFO main 154947] Scout.Query -> Scout.GotoCenter | Drive to others reported pos
[15 INFO main 157654] Scout.GotoCenter -> Scout.Query | return to random walk
[15 INFO main 158156] Scout.Query -> Scout.GotoCenter | Drive to others reported pos
[15 INFO main 167559] Scout.GotoCenter -> Scout.Query | return to random walk
[15 INFO main 168564] Scout.Query -> Scout.GotoCenter | Drive to others reported pos
[15 INFO main 169963] Scout.GotoCenter -> Scout.Query | return to random walk
[15 INFO main 170567] Scout.Query -> Scout.GotoCenter | Drive to others reported pos
[15 INFO main 174270] Scout.GotoCenter -> Scout.Query | return to random walk
[15 INFO main 174672] Scout.Query -> Scout.GotoCenter | Drive to others reported pos
[15 INFO main 175970] Scout.GotoCenter -> Scout.Query | return to random walk
[15 INFO main 176782] Scout.Query -> Scout.GotoCenter | Drive to others reported pos
[15 INFO main 178779] Scout.GotoCenter -> Scout.Query | return to random walk
[15 INFO main 178982] Scout.Query -> Scout.GotoCenter | Drive to others reported pos
[15 INFO main 180378] Scout.GotoCenter -> Scout.Query | return to random walk
[15 INFO main 180987] Scout.Query -> Scout.GotoCenter | Drive to others reported pos
[15 INFO main 181783] Scout.GotoCenter -> Scout.Query | return to random walk
[15 INFO main 182089] Scout.Query -> Scout.GotoCenter | Drive to others reported pos
[15 INFO main 183785] Scout.GotoCenter -> Scout.Query | return to random walk
[15 INFO main 184291] Scout.Query -> Scout.GotoCenter | Drive to others reported pos
[15 INFO main 184881] Scout.GotoCenter -> Scout.Query | return to random walk
[15 INFO main 185295] Scout.Query -> Scout.GotoCenter | Drive to others reported pos
[15 INFO main 186582] Scout.GotoCenter -> Scout.Query | return to random walk
[15 INFO main 187479] Scout.Query -> Scout.GotoCenter | Drive to others reported pos
[15 INFO main 187685] Scout.GotoCenter -> Scout.Query | return to random walk
[15 INFO main 188593] Scout.Query -> Scout.GotoCenter | Drive to others reported pos
[15 INFO main 188791] Scout.GotoCenter -> Scout.Query | return to random walk
[15 INFO main 189593] Scout.Query -> Scout.GotoCenter | Drive to others reported pos
[15 INFO main 193996] Scout.GotoCenter -> Scout.Query | return to random walk
[15 INFO main 194997] Scout.Query -> Scout.GotoCenter | Drive to others reported pos
[15 INFO main 196305] Scout.GotoCenter -> Scout.Query | return to random walk
[15 INFO main 197101] Scout.Query -> Scout.GotoCenter | Drive to others reported pos
[15 INFO main 197296] Scout.GotoCenter -> Scout.Query | return to random walk
