[4 INFO main 29] Initialising Python Geth Console...
[4 INFO main 33] Initialising RandB board...
[4 INFO main 33] Initialising navigation...
[4 INFO main 33] Initialising random-walk...
[4 INFO main 33] Initialising odometry...
[4 INFO main 33] Initialising ground-sensors...
[4 INFO main 1169] --//-- Starting Experiment --//--
[4 INFO main 2269] Idle.IDLE -> Scout.Query | Duration: 23.17
[4 INFO main 21438] Scout.Query -> Scout.GotoCenter | Drive to others reported pos
[4 INFO main 38903] Scout.GotoCenter -> Scout.Query | return to random walk
[4 INFO main 53333] Confirming: 1/8
[4 INFO main 55432] Confirming: 2/8
[4 INFO main 57449] Confirming: 3/8
[4 INFO main 59496] Confirming: 4/8
[4 INFO main 61588] Confirming: 5/8
[4 INFO main 63624] Confirming: 6/8
[4 INFO main 65626] Confirming: 7/8
[4 INFO main 67674] Confirming: 8/8
[4 INFO main 69493] Scout.Query -> Scout.GotoCenter | Drive to others reported pos
[4 INFO main 84242] Scout.GotoCenter -> Scout.Query | return to random walk
[4 INFO main 113166] Confirming: 1/8
[4 INFO main 115179] Confirming: 2/8
[4 INFO main 117233] Confirming: 3/8
[4 INFO main 119287] Confirming: 4/8
[4 INFO main 123314] Confirming: 6/8
[4 INFO main 125372] Confirming: 7/8
[4 INFO main 127416] Confirming: 8/8
[4 INFO main 449881] Scout.Query -> Scout.GotoCenter | Drive to others reported pos
[4 INFO main 521823] Scout.GotoCenter -> Scout.Query | return to random walk
[4 INFO main 534232] Confirming: 1/8
[4 INFO main 536313] Confirming: 2/8
[4 INFO main 538340] Confirming: 3/8
[4 INFO main 540376] Confirming: 4/8
[4 INFO main 542444] Confirming: 5/8
[4 INFO main 544520] Confirming: 6/8
[4 INFO main 546556] Confirming: 7/8
[4 INFO main 548596] Confirming: 8/8
[4 INFO main 552315] Scout.Query -> Scout.GotoCenter | Drive to others reported pos
[4 INFO main 597310] Scout.GotoCenter -> Scout.Query | return to random walk
[4 INFO main 624029] Confirming: 1/8
[4 INFO main 626172] Confirming: 2/8
[4 INFO main 628268] Confirming: 3/8
[4 INFO main 630264] Confirming: 4/8
[4 INFO main 632320] Confirming: 5/8
[4 INFO main 634447] Confirming: 6/8
[4 INFO main 636504] Confirming: 7/8
[4 INFO main 638560] Confirming: 8/8
