[INFO main 33] Initialising peer buffer...
[INFO main 34] Initialising resource buffer...
[INFO main 34] Initialising TCP server...
[INFO main 34] Initialising RandB board...
[INFO main 34] Initialising ground-sensors...
[INFO main 34] Initialising random-walk...
[INFO main 1367] --//-- Starting Experiment --//--
[INFO main 8677] Added resource: {"x": -0.18, "y": 1.1, "radius": 0.06, "quantity": 1, "quality": "red", "timeStamp": 0}
[INFO main 46721] Added resource: {"x": 1.04, "y": 0.51, "radius": 0.05, "quantity": 1, "quality": "red", "timeStamp": 0}
[INFO main 74058] Added resource: {"x": 0.13, "y": 0.47, "radius": 0.05, "quantity": 1, "quality": "yellow", "timeStamp": 0}
[INFO main 85568] Removed resource: {"x": 0.13, "y": 0.47, "radius": 0.05, "quantity": 1, "quality": "yellow", "timeStamp": 0}
[INFO main 126220] Removed resource: {"x": -0.18, "y": 1.1, "radius": 0.06, "quantity": 1, "quality": "red", "timeStamp": 0}
[INFO main 161959] Added resource: {"x": 0.69, "y": 0.66, "radius": 0.05, "quantity": 1, "quality": "yellow", "timeStamp": 0}
[INFO main 184687] Added resource: {"x": 0.4, "y": 0.43, "radius": 0.05, "quantity": 1, "quality": "red", "timeStamp": 0}
[INFO main 335462] Removed resource: {"x": 0.69, "y": 0.66, "radius": 0.05, "quantity": 1, "quality": "yellow", "timeStamp": 0}
[INFO main 338065] Added resource: {"x": 0.75, "y": 0.67, "radius": 0.05, "quantity": 1, "quality": "green", "timeStamp": 0}
[INFO main 349878] Added resource: {"x": 0.34, "y": 0.28, "radius": 0.05, "quantity": 1, "quality": "yellow", "timeStamp": 0}
[INFO main 366496] Added resource: {"x": 0.62, "y": -0.21, "radius": 0.05, "quantity": 1, "quality": "red", "timeStamp": 0}
[INFO main 446487] Removed resource: {"x": 0.34, "y": 0.28, "radius": 0.05, "quantity": 1, "quality": "yellow", "timeStamp": 0}
[INFO main 452594] Added resource: {"x": 0.25, "y": 0.52, "radius": 0.05, "quantity": 1, "quality": "red", "timeStamp": 0}
[INFO main 585447] Added resource: {"x": -1.23, "y": -0.26, "radius": 0.05, "quantity": 1, "quality": "yellow", "timeStamp": 0}
