[5 INFO main 27] Initialising Python Geth Console...
[5 INFO main 31] Initialising RandB board...
[5 INFO main 31] Initialising navigation...
[5 INFO main 31] Initialising random-walk...
[5 INFO main 31] Initialising odometry...
[5 INFO main 31] Initialising ground-sensors...
[5 INFO main 824] --//-- Starting Experiment --//--
[5 INFO main 1925] Idle.IDLE -> Scout.Query | Duration: 19.81
[5 INFO main 16015] Scout.Query -> Scout.GotoCenter | Drive to others reported pos
[5 INFO main 34406] Scout.GotoCenter -> Scout.Query | return to random walk
[5 INFO main 90123] Scout.Query -> Scout.GotoCenter | Drive to others reported pos
[5 INFO main 114979] Scout.GotoCenter -> Scout.Query | return to random walk
[5 INFO main 155629] Scout.Query -> Scout.GotoCenter | Drive to others reported pos
[5 INFO main 171487] Scout.GotoCenter -> Scout.Query | return to random walk
[5 INFO main 217107] Scout.Query -> Scout.GotoCenter | Drive to others reported pos
[5 INFO main 261513] Scout.GotoCenter -> Scout.Query | return to random walk
[5 INFO main 307203] Scout.Query -> Scout.GotoCenter | Drive to others reported pos
[5 INFO main 323448] Scout.GotoCenter -> Scout.Query | return to random walk
[5 INFO main 364109] Scout.Query -> Scout.GotoCenter | Drive to others reported pos
[5 INFO main 414018] Scout.GotoCenter -> Scout.Query | return to random walk
[5 INFO main 459703] Scout.Query -> Scout.GotoCenter | Drive to others reported pos
[5 INFO main 508868] Scout.GotoCenter -> Scout.Query | return to random walk
[5 INFO main 613468] Scout.Query -> Scout.GotoCenter | Drive to others reported pos
[5 INFO main 646245] Scout.GotoCenter -> Scout.Query | return to random walk
[5 INFO main 671722] Scout.Query -> Scout.GotoCenter | Drive to others reported pos
