[4 INFO main 27] Initialising Python Geth Console...
[4 INFO main 31] Initialising RandB board...
[4 INFO main 31] Initialising navigation...
[4 INFO main 31] Initialising random-walk...
[4 INFO main 31] Initialising odometry...
[4 INFO main 31] Initialising ground-sensors...
[4 INFO main 742] --//-- Starting Experiment --//--
[4 INFO main 2119] Idle.IDLE -> Scout.Query | Duration: 27.66
[4 INFO main 23243] Scout.Query -> Verify.DriveTo | Go to unverified source
[4 INFO main 69037] Verify.DriveTo -> Verify.Homing | Homing
[4 INFO main 90545] Verify.Homing -> Scout.Query | Arrived home
[4 INFO main 100140] Confirming: 1/9
[4 INFO main 102260] Confirming: 2/9
[4 INFO main 104361] Confirming: 3/9
[4 INFO main 108413] Confirming: 5/9
[4 INFO main 110452] Confirming: 6/9
[4 INFO main 112511] Confirming: 7/9
[4 INFO main 114630] Confirming: 8/9
[4 INFO main 116758] Confirming: 9/9
[4 INFO main 117041] Scout.Query -> Verify.DriveTo | Go to unverified source
[4 INFO main 160385] Verify.DriveTo -> Verify.Homing | Homing
[4 INFO main 187294] Verify.Homing -> Scout.Query | Arrived home
[4 INFO main 190734] Confirming: 1/9
[4 INFO main 192806] Confirming: 2/9
[4 INFO main 194926] Confirming: 3/9
[4 INFO main 196945] Confirming: 4/9
[4 INFO main 199017] Confirming: 5/9
[4 INFO main 201202] Confirming: 6/9
[4 INFO main 203299] Confirming: 7/9
[4 INFO main 205491] Confirming: 8/9
[4 INFO main 208167] Confirming: 10/9
[4 INFO main 208190] Scout.Query -> Verify.DriveTo | Go to unverified source
[4 INFO main 250807] Verify.DriveTo -> Verify.Homing | Homing
[4 INFO main 271020] Verify.Homing -> Scout.Query | Arrived home
[4 INFO main 281585] Confirming: 1/9
[4 INFO main 283622] Confirming: 2/9
[4 INFO main 285731] Confirming: 3/9
[4 INFO main 287805] Confirming: 4/9
[4 INFO main 289831] Confirming: 5/9
[4 INFO main 291851] Confirming: 6/9
[4 INFO main 293941] Confirming: 7/9
[4 INFO main 296003] Confirming: 8/9
[4 INFO main 298087] Confirming: 10/9
[4 INFO main 298446] Scout.Query -> Verify.DriveTo | Go to unverified source
[4 INFO main 343112] Verify.DriveTo -> Verify.Homing | Homing
[4 INFO main 366917] Verify.Homing -> Scout.Query | Arrived home
[4 INFO main 370299] Confirming: 1/9
[4 INFO main 372299] Confirming: 2/9
[4 INFO main 374373] Confirming: 3/9
[4 INFO main 378416] Confirming: 5/9
[4 INFO main 380429] Confirming: 6/9
[4 INFO main 382527] Confirming: 7/9
[4 INFO main 384599] Confirming: 8/9
[4 INFO main 386589] Confirming: 9/9
[4 INFO main 386618] Scout.Query -> Verify.DriveTo | Go to unverified source
[4 INFO main 416121] Verify.DriveTo -> Verify.Homing | Homing
[4 INFO main 430749] Confirming: 1/9
[4 INFO main 432888] Confirming: 2/9
[4 INFO main 434922] Confirming: 3/9
[4 INFO main 437006] Confirming: 4/9
[4 INFO main 439080] Confirming: 5/9
[4 INFO main 441117] Confirming: 6/9
[4 INFO main 443117] Confirming: 7/9
[4 INFO main 445179] Confirming: 8/9
[4 INFO main 447194] Confirming: 9/9
[4 INFO main 449137] Verify.Homing -> Scout.Query | Arrived home
[4 INFO main 449263] Scout.Query -> Verify.DriveTo | Go to unverified source
[4 INFO main 478764] Verify.DriveTo -> Verify.Homing | Homing
[4 INFO main 491217] Confirming: 1/9
[4 INFO main 493247] Confirming: 2/9
[4 INFO main 495262] Confirming: 3/9
[4 INFO main 497322] Confirming: 4/9
[4 INFO main 499409] Confirming: 5/9
[4 INFO main 501446] Confirming: 6/9
[4 INFO main 503469] Confirming: 7/9
[4 INFO main 505489] Confirming: 8/9
[4 INFO main 507569] Confirming: 9/9
[4 INFO main 524379] Verify.Homing -> Scout.Query | Arrived home
[4 INFO main 524533] Scout.Query -> Verify.DriveTo | Go to unverified source
[4 INFO main 571944] Verify.DriveTo -> Verify.Homing | Homing
[4 INFO main 586321] Confirming: 1/9
[4 INFO main 587836] Verify.Homing -> Scout.Query | Arrived home
[4 INFO main 588526] Confirming: 2/9
[4 INFO main 590580] Confirming: 3/9
[4 INFO main 594665] Confirming: 4/9
[4 INFO main 596756] Confirming: 6/9
[4 INFO main 598839] Confirming: 7/9
[4 INFO main 600885] Confirming: 8/9
[4 INFO main 602953] Confirming: 9/9
[4 INFO main 603595] Scout.Query -> Verify.DriveTo | Go to unverified source
[4 INFO main 646485] Verify.DriveTo -> Verify.Homing | Homing
[4 INFO main 671565] Confirming: 1/9
[4 INFO main 673573] Confirming: 2/9
[4 INFO main 675723] Confirming: 3/9
[4 INFO main 677734] Confirming: 4/9
[4 INFO main 679817] Confirming: 5/9
[4 INFO main 681887] Confirming: 6/9
[4 INFO main 683950] Confirming: 7/9
[4 INFO main 686042] Confirming: 9/9
[4 INFO main 686620] Verify.Homing -> Scout.Query | Arrived home
[4 INFO main 686899] Scout.Query -> Verify.DriveTo | Go to unverified source
[4 INFO main 726322] Verify.DriveTo -> Verify.Homing | Homing
[4 INFO main 754290] Verify.Homing -> Scout.Query | Arrived home
[4 INFO main 762047] Confirming: 2/9
[4 INFO main 764125] Confirming: 3/9
[4 INFO main 766198] Confirming: 4/9
[4 INFO main 768281] Confirming: 5/9
[4 INFO main 772397] Confirming: 7/9
[4 INFO main 774439] Confirming: 8/9
[4 INFO main 776511] Confirming: 9/9
[4 INFO main 777207] Scout.Query -> Verify.DriveTo | Go to unverified source
[4 INFO main 820895] Verify.DriveTo -> Verify.Homing | Homing
[4 INFO main 839266] Verify.Homing -> Scout.Query | Arrived home
[4 INFO main 849666] Confirming: 1/9
[4 INFO main 851733] Confirming: 2/9
[4 INFO main 853831] Confirming: 3/9
[4 INFO main 855873] Confirming: 4/9
[4 INFO main 857955] Confirming: 5/9
[4 INFO main 859972] Confirming: 6/9
[4 INFO main 862041] Confirming: 7/9
[4 INFO main 864128] Confirming: 8/9
[4 INFO main 866175] Confirming: 9/9
[4 INFO main 866215] Scout.Query -> Verify.DriveTo | Go to unverified source
[4 INFO main 1027021] Verify.DriveTo -> Verify.Homing | Homing
[4 INFO main 1051692] Verify.Homing -> Scout.Query | Arrived home
[4 INFO main 1062335] Confirming: 2/9
[4 INFO main 1066442] Confirming: 4/9
[4 INFO main 1068501] Confirming: 5/9
[4 INFO main 1072554] Confirming: 7/9
[4 INFO main 1074801] Confirming: 8/9
[4 INFO main 1076820] Confirming: 9/9
[4 INFO main 1077315] Scout.Query -> Verify.DriveTo | Go to unverified source
[4 INFO main 1161766] Verify.DriveTo -> Verify.Homing | Homing
[4 INFO main 1180301] Confirming: 1/9
[4 INFO main 1182373] Confirming: 2/9
[4 INFO main 1184555] Confirming: 3/9
[4 INFO main 1186638] Confirming: 4/9
[4 INFO main 1188664] Confirming: 5/9
[4 INFO main 1188794] Verify.Homing -> Scout.Query | Arrived home
[4 INFO main 1190697] Confirming: 6/9
[4 INFO main 1192861] Confirming: 7/9
[4 INFO main 1195025] Confirming: 8/9
[4 INFO main 1197046] Confirming: 9/9
[4 INFO main 1197763] Scout.Query -> Verify.DriveTo | Go to unverified source
[4 INFO main 1231716] Verify.DriveTo -> Verify.Homing | Homing
[4 INFO main 1242028] Confirming: 2/9
[4 INFO main 1244090] Confirming: 3/9
[4 INFO main 1246270] Confirming: 4/9
[4 INFO main 1248315] Confirming: 5/9
[4 INFO main 1252460] Confirming: 6/9
[4 INFO main 1254538] Confirming: 8/9
[4 INFO main 1256534] Confirming: 9/9
[4 INFO main 1262757] Verify.Homing -> Scout.Query | Arrived home
[4 INFO main 1263226] Scout.Query -> Verify.DriveTo | Go to unverified source
[4 INFO main 1288383] Verify.DriveTo -> Verify.Homing | Homing
[4 INFO main 1300838] Confirming: 1/9
[4 INFO main 1304954] Confirming: 3/9
[4 INFO main 1307009] Confirming: 4/9
[4 INFO main 1310783] Verify.Homing -> Scout.Query | Arrived home
[4 INFO main 1311238] Confirming: 6/9
[4 INFO main 1313245] Confirming: 7/9
[4 INFO main 1315419] Confirming: 8/9
[4 INFO main 1317561] Confirming: 9/9
[4 INFO main 1317595] Scout.Query -> Verify.DriveTo | Go to unverified source
[4 INFO main 1365980] Verify.DriveTo -> Verify.Homing | Homing
[4 INFO main 1390530] Confirming: 1/9
[4 INFO main 1391601] Verify.Homing -> Scout.Query | Arrived home
[4 INFO main 1392600] Confirming: 2/9
[4 INFO main 1396633] Confirming: 4/9
[4 INFO main 1398701] Confirming: 5/9
[4 INFO main 1400718] Confirming: 6/9
[4 INFO main 1402801] Confirming: 7/9
[4 INFO main 1404802] Confirming: 8/9
[4 INFO main 1406889] Confirming: 9/9
[4 INFO main 1407864] Scout.Query -> Verify.DriveTo | Go to unverified source
[4 INFO main 1467304] Verify.DriveTo -> Verify.Homing | Homing
[4 INFO main 1481823] Confirming: 1/9
[4 INFO main 1483875] Confirming: 2/9
[4 INFO main 1485960] Confirming: 3/9
[4 INFO main 1487961] Confirming: 4/9
[4 INFO main 1489939] Confirming: 5/9
[4 INFO main 1492045] Confirming: 7/9
[4 INFO main 1494125] Confirming: 8/9
[4 INFO main 1495533] Verify.Homing -> Scout.Query | Arrived home
[4 INFO main 1496209] Confirming: 9/9
[4 INFO main 1496783] Scout.Query -> Verify.DriveTo | Go to unverified source
[4 INFO main 1529808] Verify.DriveTo -> Verify.Homing | Homing
[4 INFO main 1535961] Confirming: 1/9
[4 INFO main 1538180] Confirming: 2/9
[4 INFO main 1540262] Confirming: 4/9
[4 INFO main 1544328] Confirming: 6/9
[4 INFO main 1546371] Confirming: 7/9
[4 INFO main 1548993] Verify.Homing -> Scout.Query | Arrived home
[4 INFO main 1550399] Confirming: 9/9
[4 INFO main 1551150] Scout.Query -> Verify.DriveTo | Go to unverified source
[4 INFO main 1628227] Verify.DriveTo -> Verify.Homing | Homing
[4 INFO main 1650484] Verify.Homing -> Scout.Query | Arrived home
[4 INFO main 1661107] Confirming: 1/9
[4 INFO main 1663198] Confirming: 2/9
[4 INFO main 1665208] Confirming: 3/9
[4 INFO main 1667211] Confirming: 4/9
[4 INFO main 1669391] Confirming: 5/9
[4 INFO main 1671448] Confirming: 6/9
[4 INFO main 1673537] Confirming: 7/9
[4 INFO main 1675632] Confirming: 8/9
[4 INFO main 1677677] Confirming: 9/9
[4 INFO main 1678451] Scout.Query -> Verify.DriveTo | Go to unverified source
[4 INFO main 1717818] Verify.DriveTo -> Verify.Homing | Homing
[4 INFO main 1738493] Verify.Homing -> Scout.Query | Arrived home
[4 INFO main 1750466] Confirming: 1/9
[4 INFO main 1752466] Confirming: 2/9
[4 INFO main 1754549] Confirming: 3/9
[4 INFO main 1756518] Confirming: 4/9
[4 INFO main 1758575] Confirming: 5/9
[4 INFO main 1760749] Confirming: 6/9
[4 INFO main 1762747] Confirming: 7/9
[4 INFO main 1766890] Confirming: 9/9
[4 INFO main 1767218] Scout.Query -> Verify.DriveTo | Go to unverified source
[4 INFO main 1797004] Verify.DriveTo -> Verify.Homing | Homing
