[7 INFO main 27] Initialising Python Geth Console...
[7 INFO main 32] Initialising RandB board...
[7 INFO main 32] Initialising navigation...
[7 INFO main 32] Initialising random-walk...
[7 INFO main 32] Initialising odometry...
[7 INFO main 32] Initialising ground-sensors...
[7 INFO main 538] --//-- Starting Experiment --//--
[7 INFO main 2017] Idle.IDLE -> Scout.Query | Duration: 30.48
[7 INFO main 14823] Scout.Query -> Verify.DriveTo | Go to unverified source
[7 INFO main 41401] Verify.DriveTo -> Verify.Homing | Homing
[7 INFO main 72708] Confirming: 1/9
[7 INFO main 74876] Confirming: 2/9
[7 INFO main 76886] Confirming: 3/9
[7 INFO main 78945] Confirming: 4/9
[7 INFO main 80114] Verify.Homing -> Scout.Query | Arrived home
[7 INFO main 81032] Confirming: 5/9
[7 INFO main 83221] Confirming: 6/9
[7 INFO main 85301] Confirming: 7/9
[7 INFO main 87369] Confirming: 8/9
[7 INFO main 89461] Confirming: 9/9
[7 INFO main 90064] Scout.Query -> Verify.DriveTo | Go to unverified source
[7 INFO main 131308] Verify.DriveTo -> Verify.Homing | Homing
[7 INFO main 146400] Confirming: 1/9
[7 INFO main 148451] Confirming: 2/9
[7 INFO main 150544] Confirming: 3/9
[7 INFO main 152573] Confirming: 4/9
[7 INFO main 154698] Confirming: 5/9
[7 INFO main 156766] Confirming: 6/9
[7 INFO main 158817] Confirming: 8/9
[7 INFO main 159532] Verify.Homing -> Scout.Query | Arrived home
[7 INFO main 161095] Confirming: 9/9
[7 INFO main 161120] Scout.Query -> Verify.DriveTo | Go to unverified source
[7 INFO main 213654] Verify.DriveTo -> Verify.Homing | Homing
[7 INFO main 223669] Verify.Homing -> Scout.Query | Arrived home
[7 INFO main 234811] Confirming: 1/9
[7 INFO main 236909] Confirming: 2/9
[7 INFO main 238996] Confirming: 3/9
[7 INFO main 241045] Confirming: 4/9
[7 INFO main 243149] Confirming: 5/9
[7 INFO main 247201] Confirming: 7/9
[7 INFO main 249244] Confirming: 8/9
[7 INFO main 251298] Confirming: 9/9
[7 INFO main 251772] Scout.Query -> Verify.DriveTo | Go to unverified source
[7 INFO main 316560] Verify.DriveTo -> Verify.Homing | Homing
[7 INFO main 339115] Verify.Homing -> Scout.Query | Arrived home
[7 INFO main 356274] Confirming: 1/9
[7 INFO main 358294] Confirming: 3/9
[7 INFO main 360450] Confirming: 4/9
[7 INFO main 362530] Confirming: 5/9
[7 INFO main 364593] Confirming: 6/9
[7 INFO main 366603] Confirming: 7/9
[7 INFO main 368684] Confirming: 8/9
[7 INFO main 370753] Confirming: 9/9
[7 INFO main 371773] Scout.Query -> Verify.DriveTo | Go to unverified source
[7 INFO main 392067] Verify.DriveTo -> Verify.Homing | Homing
[7 INFO main 415161] Confirming: 1/9
[7 INFO main 417232] Confirming: 2/9
[7 INFO main 418106] Verify.Homing -> Scout.Query | Arrived home
[7 INFO main 419427] Confirming: 3/9
[7 INFO main 421426] Confirming: 4/9
[7 INFO main 423453] Confirming: 5/9
[7 INFO main 425359] Confirming: 6/9
[7 INFO main 427648] Confirming: 7/9
[7 INFO main 429674] Confirming: 8/9
[7 INFO main 431727] Confirming: 9/9
[7 INFO main 432220] Scout.Query -> Verify.DriveTo | Go to unverified source
[7 INFO main 452189] Verify.DriveTo -> Verify.Homing | Homing
[7 INFO main 472230] Verify.Homing -> Scout.Query | Arrived home
[7 INFO main 476040] Confirming: 1/9
[7 INFO main 478111] Confirming: 2/9
[7 INFO main 480154] Confirming: 4/9
[7 INFO main 482231] Confirming: 5/9
[7 INFO main 484247] Confirming: 6/9
[7 INFO main 486311] Confirming: 7/9
[7 INFO main 490458] Confirming: 8/9
[7 INFO main 492525] Confirming: 10/9
[7 INFO main 492991] Scout.Query -> Verify.DriveTo | Go to unverified source
[7 INFO main 527633] Verify.DriveTo -> Verify.Homing | Homing
[7 INFO main 535968] Confirming: 1/9
[7 INFO main 537991] Confirming: 2/9
[7 INFO main 539583] Verify.Homing -> Scout.Query | Arrived home
[7 INFO main 540068] Confirming: 3/9
[7 INFO main 542174] Confirming: 4/9
[7 INFO main 544193] Confirming: 5/9
[7 INFO main 546241] Confirming: 7/9
[7 INFO main 550381] Confirming: 9/9
[7 INFO main 550416] Scout.Query -> Verify.DriveTo | Go to unverified source
[7 INFO main 597472] Verify.DriveTo -> Verify.Homing | Homing
[7 INFO main 621213] Verify.Homing -> Scout.Query | Arrived home
[7 INFO main 626145] Confirming: 1/9
[7 INFO main 628246] Confirming: 2/9
[7 INFO main 630284] Confirming: 3/9
[7 INFO main 632286] Confirming: 4/9
[7 INFO main 634325] Confirming: 5/9
[7 INFO main 636327] Confirming: 6/9
[7 INFO main 638444] Confirming: 7/9
[7 INFO main 640505] Confirming: 8/9
[7 INFO main 642588] Confirming: 10/9
[7 INFO main 643348] Scout.Query -> Verify.DriveTo | Go to unverified source
[7 INFO main 687809] Verify.DriveTo -> Verify.Homing | Homing
[7 INFO main 702830] Confirming: 1/9
[7 INFO main 704933] Confirming: 2/9
[7 INFO main 706966] Confirming: 3/9
[7 INFO main 708975] Confirming: 4/9
[7 INFO main 710999] Confirming: 5/9
[7 INFO main 712189] Verify.Homing -> Scout.Query | Arrived home
[7 INFO main 713179] Confirming: 6/9
[7 INFO main 715253] Confirming: 7/9
[7 INFO main 717318] Confirming: 8/9
[7 INFO main 719418] Confirming: 9/9
[7 INFO main 720215] Scout.Query -> Verify.DriveTo | Go to unverified source
[7 INFO main 792901] Verify.DriveTo -> Verify.Homing | Homing
[7 INFO main 818250] Verify.Homing -> Scout.Query | Arrived home
[7 INFO main 824230] Confirming: 2/9
[7 INFO main 828287] Confirming: 4/9
[7 INFO main 830296] Confirming: 5/9
[7 INFO main 834454] Confirming: 6/9
[7 INFO main 836548] Confirming: 8/9
[7 INFO main 842723] Confirming: 9/9
[7 INFO main 842770] Scout.Query -> Verify.DriveTo | Go to unverified source
[7 INFO main 893370] Verify.DriveTo -> Verify.Homing | Homing
[7 INFO main 913933] Verify.Homing -> Scout.Query | Arrived home
[7 INFO main 926378] Confirming: 2/9
[7 INFO main 928441] Confirming: 3/9
[7 INFO main 930496] Confirming: 4/9
[7 INFO main 932578] Confirming: 5/9
[7 INFO main 934897] Confirming: 6/9
[7 INFO main 936959] Confirming: 7/9
[7 INFO main 939062] Confirming: 8/9
[7 INFO main 943137] Confirming: 10/9
[7 INFO main 943801] Scout.Query -> Verify.DriveTo | Go to unverified source
[7 INFO main 979193] Verify.DriveTo -> Verify.Homing | Homing
[7 INFO main 987591] Confirming: 1/9
[7 INFO main 991817] Confirming: 3/9
[7 INFO main 993818] Confirming: 4/9
[7 INFO main 995930] Confirming: 5/9
[7 INFO main 997944] Confirming: 6/9
[7 INFO main 999946] Confirming: 7/9
[7 INFO main 1002029] Confirming: 8/9
[7 INFO main 1004085] Confirming: 9/9
[7 INFO main 1004088] Verify.Homing -> Scout.Query | Arrived home
[7 INFO main 1004162] Scout.Query -> Verify.DriveTo | Go to unverified source
[7 INFO main 1038792] Verify.DriveTo -> Verify.Homing | Homing
[7 INFO main 1044960] Confirming: 1/9
[7 INFO main 1046985] Confirming: 2/9
[7 INFO main 1049011] Confirming: 3/9
[7 INFO main 1051051] Confirming: 4/9
[7 INFO main 1053209] Confirming: 5/9
[7 INFO main 1055241] Confirming: 6/9
[7 INFO main 1057274] Confirming: 7/9
[7 INFO main 1059397] Confirming: 8/9
[7 INFO main 1061470] Confirming: 9/9
[7 INFO main 1064460] Verify.Homing -> Scout.Query | Arrived home
[7 INFO main 1064603] Scout.Query -> Verify.DriveTo | Go to unverified source
[7 INFO main 1154412] Verify.DriveTo -> Verify.Homing | Homing
[7 INFO main 1165183] Confirming: 1/9
[7 INFO main 1167197] Confirming: 2/9
[7 INFO main 1169281] Confirming: 3/9
[7 INFO main 1171413] Confirming: 4/9
[7 INFO main 1173451] Confirming: 5/9
[7 INFO main 1175613] Confirming: 6/9
[7 INFO main 1177713] Confirming: 7/9
[7 INFO main 1178736] Verify.Homing -> Scout.Query | Arrived home
[7 INFO main 1179725] Confirming: 8/9
[7 INFO main 1181955] Confirming: 9/9
[7 INFO main 1182255] Scout.Query -> Verify.DriveTo | Go to unverified source
[7 INFO main 1205913] Verify.DriveTo -> Verify.Homing | Homing
[7 INFO main 1224770] Confirming: 1/9
[7 INFO main 1226865] Confirming: 2/9
[7 INFO main 1227294] Verify.Homing -> Scout.Query | Arrived home
[7 INFO main 1228961] Confirming: 3/9
[7 INFO main 1231045] Confirming: 4/9
[7 INFO main 1233390] Confirming: 5/9
[7 INFO main 1243837] Confirming: 10/9
[7 INFO main 1244214] Scout.Query -> Verify.DriveTo | Go to unverified source
[7 INFO main 1350015] Verify.DriveTo -> Verify.Homing | Homing
[7 INFO main 1374978] Verify.Homing -> Scout.Query | Arrived home
[7 INFO main 1376908] Confirming: 1/9
[7 INFO main 1378973] Confirming: 2/9
[7 INFO main 1381014] Confirming: 3/9
[7 INFO main 1383115] Confirming: 4/9
[7 INFO main 1385138] Confirming: 5/9
[7 INFO main 1389257] Confirming: 7/9
[7 INFO main 1391289] Confirming: 8/9
[7 INFO main 1393308] Confirming: 9/9
[7 INFO main 1393349] Scout.Query -> Verify.DriveTo | Go to unverified source
[7 INFO main 1448590] Verify.DriveTo -> Verify.Homing | Homing
[7 INFO main 1467951] Confirming: 1/9
[7 INFO main 1470151] Confirming: 2/9
[7 INFO main 1472361] Confirming: 4/9
[7 INFO main 1476741] Confirming: 6/9
[7 INFO main 1478759] Confirming: 7/9
[7 INFO main 1480830] Confirming: 8/9
[7 INFO main 1482843] Confirming: 9/9
[7 INFO main 1484199] Verify.Homing -> Scout.Query | Arrived home
[7 INFO main 1484324] Scout.Query -> Verify.DriveTo | Go to unverified source
[7 INFO main 1517988] Verify.DriveTo -> Verify.Homing | Homing
[7 INFO main 1539170] Confirming: 1/9
[7 INFO main 1543278] Confirming: 2/9
[7 INFO main 1543777] Verify.Homing -> Scout.Query | Arrived home
[7 INFO main 1545359] Confirming: 4/9
[7 INFO main 1549434] Confirming: 6/9
[7 INFO main 1551510] Confirming: 7/9
[7 INFO main 1553526] Confirming: 8/9
[7 INFO main 1555574] Confirming: 9/9
[7 INFO main 1555609] Scout.Query -> Verify.DriveTo | Go to unverified source
[7 INFO main 1605407] Verify.DriveTo -> Verify.Homing | Homing
[7 INFO main 1643807] Verify.Homing -> Scout.Query | Arrived home
[7 INFO main 1651228] Confirming: 1/9
[7 INFO main 1653301] Confirming: 2/9
[7 INFO main 1655373] Confirming: 4/9
[7 INFO main 1659517] Confirming: 5/9
[7 INFO main 1661566] Confirming: 6/9
[7 INFO main 1663654] Confirming: 8/9
[7 INFO main 1667798] Confirming: 10/9
[7 INFO main 1668791] Scout.Query -> Verify.DriveTo | Go to unverified source
[7 INFO main 1728205] Verify.DriveTo -> Verify.Homing | Homing
[7 INFO main 1745413] Verify.Homing -> Scout.Query | Arrived home
[7 INFO main 1770674] Confirming: 1/9
[7 INFO main 1772759] Confirming: 2/9
[7 INFO main 1774844] Confirming: 3/9
[7 INFO main 1776874] Confirming: 4/9
[7 INFO main 1778919] Confirming: 5/9
[7 INFO main 1780964] Confirming: 6/9
[7 INFO main 1783057] Confirming: 7/9
[7 INFO main 1785070] Confirming: 8/9
[7 INFO main 1787143] Confirming: 9/9
[7 INFO main 1787748] Scout.Query -> Verify.DriveTo | Go to unverified source
