[1 INFO main 33] Initialising Python Geth Console...
[1 INFO main 38] Initialising RandB board...
[1 INFO main 39] Initialising navigation...
[1 INFO main 39] Initialising random-walk...
[1 INFO main 39] Initialising odometry...
[1 INFO main 39] Initialising ground-sensors...
[1 INFO main 1042] --//-- Starting Experiment --//--
[1 INFO main 2145] Idle.IDLE -> Scout.Query | Duration: 20.48
[1 INFO main 36294] Scout.Query -> Scout.GotoCenter | Drive to others reported pos
[1 INFO main 72999] Scout.GotoCenter -> Scout.Query | return to random walk
[1 INFO main 118961] Scout.Query -> Scout.GotoCenter | Drive to others reported pos
[1 INFO main 150585] Scout.GotoCenter -> Scout.Query | return to random walk
[1 INFO main 191151] Scout.Query -> Scout.GotoCenter | Drive to others reported pos
[1 INFO main 210608] Scout.GotoCenter -> Scout.Query | return to random walk
[1 INFO main 271792] Scout.Query -> Scout.GotoCenter | Drive to others reported pos
[1 INFO main 340052] Scout.GotoCenter -> Scout.Query | return to random walk
[1 INFO main 370875] Scout.Query -> Scout.GotoCenter | Drive to others reported pos
[1 INFO main 373926] Scout.GotoCenter -> Scout.Query | return to random walk
[1 INFO main 494865] Scout.Query -> Scout.GotoCenter | Drive to others reported pos
[1 INFO main 512673] Scout.GotoCenter -> Scout.Query | return to random walk
[1 INFO main 553422] Scout.Query -> Scout.GotoCenter | Drive to others reported pos
[1 INFO main 570374] Scout.GotoCenter -> Scout.Query | return to random walk
[1 INFO main 645996] Scout.Query -> Scout.GotoCenter | Drive to others reported pos
