[8 INFO main 30] Initialising Python Geth Console...
[8 INFO main 34] Initialising RandB board...
[8 INFO main 34] Initialising navigation...
[8 INFO main 34] Initialising random-walk...
[8 INFO main 34] Initialising odometry...
[8 INFO main 34] Initialising ground-sensors...
[8 INFO main 674] --//-- Starting Experiment --//--
[8 INFO main 1782] Idle.IDLE -> Scout.Query | Duration: 22.24
[8 INFO main 117324] Scout.Query -> Scout.GotoCenter | Drive to others reported pos
[8 INFO main 130341] Scout.GotoCenter -> Scout.Query | return to random walk
[8 INFO main 130947] Scout.Query -> Scout.GotoCenter | Drive to others reported pos
[8 INFO main 133743] Scout.GotoCenter -> Scout.Query | return to random walk
[8 INFO main 133950] Scout.Query -> Scout.GotoCenter | Drive to others reported pos
[8 INFO main 136949] Scout.GotoCenter -> Scout.Query | return to random walk
[8 INFO main 137152] Scout.Query -> Scout.GotoCenter | Drive to others reported pos
[8 INFO main 137350] Scout.GotoCenter -> Scout.Query | return to random walk
[8 INFO main 138254] Scout.Query -> Scout.GotoCenter | Drive to others reported pos
[8 INFO main 138952] Scout.GotoCenter -> Scout.Query | return to random walk
[8 INFO main 139258] Scout.Query -> Scout.GotoCenter | Drive to others reported pos
[8 INFO main 139954] Scout.GotoCenter -> Scout.Query | return to random walk
[8 INFO main 140358] Scout.Query -> Scout.GotoCenter | Drive to others reported pos
[8 INFO main 142058] Scout.GotoCenter -> Scout.Query | return to random walk
[8 INFO main 142361] Scout.Query -> Scout.GotoCenter | Drive to others reported pos
[8 INFO main 142455] Scout.GotoCenter -> Scout.Query | return to random walk
