[1 INFO main 38] Initialising Python Geth Console...
[1 INFO main 42] Initialising RandB board...
[1 INFO main 42] Initialising navigation...
[1 INFO main 42] Initialising random-walk...
[1 INFO main 42] Initialising odometry...
[1 INFO main 43] Initialising ground-sensors...
[1 INFO main 824] --//-- Starting Experiment --//--
[1 INFO main 1926] Idle.IDLE -> Scout.Query | Duration: 24.17
[1 INFO main 94271] Confirming: 1/8
[1 INFO main 96361] Confirming: 2/8
[1 INFO main 100427] Confirming: 4/8
[1 INFO main 102435] Confirming: 5/8
[1 INFO main 104538] Confirming: 6/8
[1 INFO main 106514] Confirming: 7/8
[1 INFO main 108623] Confirming: 8/8
[1 INFO main 228344] Scout.Query -> Scout.GotoCenter | Drive to others reported pos
[1 INFO main 291758] Scout.GotoCenter -> Scout.Query | return to random walk
[1 INFO main 316427] Confirming: 1/8
[1 INFO main 318390] Confirming: 2/8
[1 INFO main 320517] Confirming: 3/8
[1 INFO main 322583] Confirming: 4/8
[1 INFO main 324675] Confirming: 5/8
[1 INFO main 326742] Confirming: 7/8
[1 INFO main 328795] Confirming: 8/8
[1 INFO main 332283] Scout.Query -> Scout.GotoCenter | Drive to others reported pos
[1 INFO main 376939] Scout.GotoCenter -> Scout.Query | return to random walk
[1 INFO main 395492] Confirming: 1/8
[1 INFO main 397555] Confirming: 2/8
[1 INFO main 399558] Confirming: 3/8
[1 INFO main 401571] Confirming: 4/8
[1 INFO main 403667] Confirming: 5/8
[1 INFO main 405687] Confirming: 6/8
[1 INFO main 407735] Confirming: 7/8
[1 INFO main 409754] Confirming: 8/8
[1 INFO main 794739] Scout.Query -> Scout.GotoCenter | Drive to others reported pos
[1 INFO main 805461] Scout.GotoCenter -> Scout.Query | return to random walk
[1 INFO main 831937] Confirming: 5/8
[1 INFO main 846338] Confirming: 6/8
[1 INFO main 848418] Confirming: 7/8
[1 INFO main 850430] Confirming: 8/8
[1 INFO main 851153] Scout.Query -> Scout.GotoCenter | Drive to others reported pos
[1 INFO main 956332] Scout.GotoCenter -> Scout.Query | return to random walk
[1 INFO main 975078] Confirming: 1/8
[1 INFO main 977110] Confirming: 2/8
[1 INFO main 979138] Confirming: 3/8
[1 INFO main 981186] Confirming: 4/8
[1 INFO main 983274] Confirming: 5/8
[1 INFO main 985273] Confirming: 6/8
[1 INFO main 987363] Confirming: 7/8
[1 INFO main 989451] Confirming: 8/8
[1 INFO main 992266] Scout.Query -> Scout.GotoCenter | Drive to others reported pos
[1 INFO main 1021893] Scout.GotoCenter -> Scout.Query | return to random walk
[1 INFO main 1042571] Confirming: 1/8
[1 INFO main 1044683] Confirming: 2/8
[1 INFO main 1046735] Confirming: 3/8
[1 INFO main 1050795] Confirming: 4/8
[1 INFO main 1056838] Confirming: 8/8
[1 INFO main 1057564] Scout.Query -> Scout.GotoCenter | Drive to others reported pos
[1 INFO main 1096546] Scout.GotoCenter -> Scout.Query | return to random walk
[1 INFO main 1107286] Confirming: 1/8
[1 INFO main 1113511] Confirming: 4/8
[1 INFO main 1115577] Confirming: 5/8
[1 INFO main 1119703] Confirming: 6/8
[1 INFO main 1121769] Confirming: 8/8
[1 INFO main 1243001] Scout.Query -> Scout.GotoCenter | Drive to others reported pos
[1 INFO main 1288467] Scout.GotoCenter -> Scout.Query | return to random walk
[1 INFO main 1294734] Confirming: 1/8
[1 INFO main 1296722] Confirming: 2/8
[1 INFO main 1298788] Confirming: 3/8
[1 INFO main 1300795] Confirming: 4/8
[1 INFO main 1302859] Confirming: 5/8
[1 INFO main 1304938] Confirming: 6/8
[1 INFO main 1307163] Confirming: 7/8
[1 INFO main 1309169] Confirming: 8/8
[1 INFO main 1379551] Scout.Query -> Scout.GotoCenter | Drive to others reported pos
[1 INFO main 1415241] Scout.GotoCenter -> Scout.Query | return to random walk
[1 INFO main 1442035] Confirming: 2/8
[1 INFO main 1448250] Confirming: 4/8
[1 INFO main 1450258] Confirming: 5/8
[1 INFO main 1452322] Confirming: 6/8
[1 INFO main 1454447] Confirming: 7/8
[1 INFO main 1458502] Confirming: 8/8
[1 INFO main 1537077] Scout.Query -> Scout.GotoCenter | Drive to others reported pos
[1 INFO main 1572158] Scout.GotoCenter -> Scout.Query | return to random walk
[1 INFO main 1605033] Confirming: 1/8
[1 INFO main 1607127] Confirming: 2/8
[1 INFO main 1609151] Confirming: 3/8
[1 INFO main 1611247] Confirming: 4/8
[1 INFO main 1613255] Confirming: 5/8
[1 INFO main 1615330] Confirming: 6/8
[1 INFO main 1617387] Confirming: 7/8
[1 INFO main 1619367] Confirming: 8/8
[1 INFO main 1623446] Scout.Query -> Scout.GotoCenter | Drive to others reported pos
[1 INFO main 1639932] Scout.GotoCenter -> Scout.Query | return to random walk
[1 INFO main 1666702] Confirming: 1/8
[1 INFO main 1668742] Confirming: 2/8
[1 INFO main 1670730] Confirming: 3/8
[1 INFO main 1672750] Confirming: 5/8
[1 INFO main 1676790] Confirming: 7/8
[1 INFO main 1678823] Confirming: 8/8
[1 INFO main 1680607] Scout.Query -> Scout.GotoCenter | Drive to others reported pos
[1 INFO main 1704834] Scout.GotoCenter -> Scout.Query | return to random walk
[1 INFO main 1725410] Confirming: 1/8
[1 INFO main 1727459] Confirming: 2/8
[1 INFO main 1729549] Confirming: 3/8
[1 INFO main 1731602] Confirming: 4/8
[1 INFO main 1733626] Confirming: 5/8
[1 INFO main 1735646] Confirming: 6/8
[1 INFO main 1737698] Confirming: 7/8
[1 INFO main 1739766] Confirming: 8/8
[1 INFO main 1742617] Scout.Query -> Scout.GotoCenter | Drive to others reported pos
[1 INFO main 1794248] Scout.GotoCenter -> Scout.Query | return to random walk
[1 INFO main 1815791] Confirming: 1/8
[1 INFO main 1817806] Confirming: 2/8
[1 INFO main 1820035] Confirming: 3/8
[1 INFO main 1822135] Confirming: 4/8
[1 INFO main 1824703] Confirming: 5/8
[1 INFO main 1826727] Confirming: 6/8
[1 INFO main 1829094] Confirming: 7/8
[1 INFO main 1831198] Confirming: 8/8
[1 INFO main 1835225] Scout.Query -> Scout.GotoCenter | Drive to others reported pos
[1 INFO main 1848332] Scout.GotoCenter -> Scout.Query | return to random walk
[1 INFO main 1878743] Confirming: 1/8
[1 INFO main 1881430] Confirming: 3/8
[1 INFO main 1885983] Confirming: 5/8
[1 INFO main 1888534] Confirming: 7/8
[1 INFO main 1893442] Confirming: 9/8
[1 INFO main 1894213] Scout.Query -> Scout.GotoCenter | Drive to others reported pos
[1 INFO main 1907453] Scout.GotoCenter -> Scout.Query | return to random walk
[1 INFO main 1938091] Confirming: 1/8
[1 INFO main 1940237] Confirming: 2/8
[1 INFO main 1942397] Confirming: 3/8
[1 INFO main 1944470] Confirming: 4/8
[1 INFO main 1993103] Confirming: 29/8
[1 INFO main 1993856] Scout.Query -> Scout.GotoCenter | Drive to others reported pos
[1 INFO main 2054504] Scout.GotoCenter -> Scout.Query | return to random walk
[1 INFO main 2081442] Confirming: 1/8
[1 INFO main 2083482] Confirming: 2/8
[1 INFO main 2085606] Confirming: 3/8
[1 INFO main 2087659] Confirming: 4/8
[1 INFO main 2098174] Confirming: 9/8
[1 INFO main 2287462] Scout.Query -> Scout.GotoCenter | Drive to others reported pos
[1 INFO main 2365633] Scout.GotoCenter -> Scout.Query | return to random walk
[1 INFO main 2394464] Confirming: 1/8
[1 INFO main 2396513] Confirming: 2/8
[1 INFO main 2398557] Confirming: 3/8
[1 INFO main 2400707] Confirming: 4/8
[1 INFO main 2402763] Confirming: 5/8
[1 INFO main 2404826] Confirming: 6/8
[1 INFO main 2406993] Confirming: 7/8
[1 INFO main 2409058] Confirming: 8/8
[1 INFO main 2657394] Confirming: 4/8
[1 INFO main 2659436] Confirming: 5/8
[1 INFO main 2661530] Confirming: 6/8
[1 INFO main 2663496] Confirming: 7/8
[1 INFO main 2665547] Confirming: 8/8
[1 INFO main 2684584] Scout.Query -> Scout.GotoCenter | Drive to others reported pos
[1 INFO main 2715937] Scout.GotoCenter -> Scout.Query | return to random walk
[1 INFO main 2740586] Confirming: 1/8
[1 INFO main 2742598] Confirming: 2/8
[1 INFO main 2746746] Confirming: 3/8
[1 INFO main 2748782] Confirming: 5/8
[1 INFO main 2750818] Confirming: 6/8
[1 INFO main 2752912] Confirming: 7/8
[1 INFO main 2754928] Confirming: 8/8
[1 INFO main 2756661] Scout.Query -> Scout.GotoCenter | Drive to others reported pos
[1 INFO main 2803148] Scout.GotoCenter -> Scout.Query | return to random walk
[1 INFO main 2832497] Confirming: 1/8
[1 INFO main 2834626] Confirming: 2/8
[1 INFO main 2836694] Confirming: 3/8
[1 INFO main 2838819] Confirming: 5/8
[1 INFO main 2840918] Confirming: 6/8
[1 INFO main 2842924] Confirming: 7/8
[1 INFO main 2845042] Confirming: 8/8
[1 INFO main 2849148] Scout.Query -> Scout.GotoCenter | Drive to others reported pos
[1 INFO main 2859990] Scout.GotoCenter -> Scout.Query | return to random walk
[1 INFO main 2893507] Confirming: 3/8
[1 INFO main 2895550] Confirming: 4/8
[1 INFO main 2897570] Confirming: 5/8
[1 INFO main 2899777] Confirming: 6/8
[1 INFO main 2901858] Confirming: 7/8
[1 INFO main 2904087] Confirming: 8/8
[1 INFO main 2906742] Scout.Query -> Scout.GotoCenter | Drive to others reported pos
[1 INFO main 2914731] Scout.GotoCenter -> Scout.Query | return to random walk
[1 INFO main 2935831] Confirming: 1/8
[1 INFO main 2971313] Confirming: 2/8
[1 INFO main 2973375] Confirming: 4/8
[1 INFO main 2975591] Confirming: 6/8
[1 INFO main 2979715] Confirming: 7/8
[1 INFO main 2981746] Confirming: 8/8
[1 INFO main 3366991] Confirming: 2/8
[1 INFO main 3377465] Confirming: 5/8
[1 INFO main 3379566] Confirming: 8/8
[1 INFO main 3381595] Scout.Query -> Scout.GotoCenter | Drive to others reported pos
[1 INFO main 3406480] Scout.GotoCenter -> Scout.Query | return to random walk
[1 INFO main 3425354] Confirming: 1/8
[1 INFO main 3427395] Confirming: 2/8
[1 INFO main 3429418] Confirming: 3/8
[1 INFO main 3431350] Confirming: 4/8
[1 INFO main 3433506] Confirming: 5/8
[1 INFO main 3435583] Confirming: 6/8
[1 INFO main 3437646] Confirming: 7/8
[1 INFO main 3439690] Confirming: 8/8
[1 INFO main 3892032] Scout.Query -> Scout.GotoCenter | Drive to others reported pos
