[12 INFO main 27] Initialising Python Geth Console...
[12 INFO main 32] Initialising RandB board...
[12 INFO main 32] Initialising navigation...
[12 INFO main 32] Initialising random-walk...
[12 INFO main 32] Initialising odometry...
[12 INFO main 32] Initialising ground-sensors...
[12 INFO main 198] --//-- Starting Experiment --//--
[12 INFO main 1295] Idle.IDLE -> Scout.Query | Duration: 19.88
[12 INFO main 10575] Scout.Query -> Scout.GotoCenter | Drive to others reported pos
[12 INFO main 80628] Scout.GotoCenter -> Scout.Query | return to random walk
[12 INFO main 116206] Scout.Query -> Scout.GotoCenter | Drive to others reported pos
[12 INFO main 150680] Scout.GotoCenter -> Scout.Query | return to random walk
[12 INFO main 231824] Scout.Query -> Scout.GotoCenter | Drive to others reported pos
[12 INFO main 309637] Scout.GotoCenter -> Scout.Query | return to random walk
[12 INFO main 350209] Scout.Query -> Scout.GotoCenter | Drive to others reported pos
[12 INFO main 353961] Scout.GotoCenter -> Scout.Query | return to random walk
[12 INFO main 380624] Scout.Query -> Scout.GotoCenter | Drive to others reported pos
[12 INFO main 425831] Scout.GotoCenter -> Scout.Query | return to random walk
[12 INFO main 481633] Scout.Query -> Scout.GotoCenter | Drive to others reported pos
[12 INFO main 559982] Scout.GotoCenter -> Scout.Query | return to random walk
[12 INFO main 590502] Scout.Query -> Scout.GotoCenter | Drive to others reported pos
[12 INFO main 665198] Scout.GotoCenter -> Scout.Query | return to random walk
[12 INFO main 732581] Scout.Query -> Scout.GotoCenter | Drive to others reported pos
[12 INFO main 795615] Scout.GotoCenter -> Scout.Query | return to random walk
[12 INFO main 841503] Scout.Query -> Scout.GotoCenter | Drive to others reported pos
[12 INFO main 868853] Scout.GotoCenter -> Scout.Query | return to random walk
[12 INFO main 919753] Scout.Query -> Scout.GotoCenter | Drive to others reported pos
[12 INFO main 946683] Scout.GotoCenter -> Scout.Query | return to random walk
[12 INFO main 997437] Scout.Query -> Scout.GotoCenter | Drive to others reported pos
