[2 INFO main 36] Initialising Python Geth Console...
[2 INFO main 39] Initialising RandB board...
[2 INFO main 40] Initialising navigation...
[2 INFO main 40] Initialising random-walk...
[2 INFO main 40] Initialising odometry...
[2 INFO main 40] Initialising ground-sensors...
[2 INFO main 1162] --//-- Starting Experiment --//--
[2 INFO main 2265] Idle.IDLE -> Scout.Query | Duration: 20.77
[2 INFO main 97108] Scout.Query -> Scout.GotoCenter | Drive to others reported pos
[2 INFO main 111314] Scout.GotoCenter -> Scout.Query | return to random walk
[2 INFO main 133897] Confirming: 1/8
[2 INFO main 135974] Confirming: 3/8
[2 INFO main 137974] Confirming: 4/8
[2 INFO main 140052] Confirming: 5/8
[2 INFO main 142129] Confirming: 6/8
[2 INFO main 144221] Confirming: 7/8
[2 INFO main 146297] Confirming: 8/8
[2 INFO main 147073] Scout.Query -> Scout.GotoCenter | Drive to others reported pos
[2 INFO main 176511] Scout.GotoCenter -> Scout.Query | return to random walk
[2 INFO main 193166] Confirming: 1/8
[2 INFO main 195233] Confirming: 2/8
[2 INFO main 197284] Confirming: 3/8
[2 INFO main 199309] Confirming: 4/8
[2 INFO main 201344] Confirming: 6/8
[2 INFO main 205441] Confirming: 7/8
[2 INFO main 207474] Confirming: 8/8
[2 INFO main 406328] Scout.Query -> Scout.GotoCenter | Drive to others reported pos
[2 INFO main 439168] Scout.GotoCenter -> Scout.Query | return to random walk
[2 INFO main 451561] Confirming: 2/8
[2 INFO main 455634] Confirming: 4/8
[2 INFO main 459772] Confirming: 5/8
[2 INFO main 461812] Confirming: 6/8
[2 INFO main 463837] Confirming: 7/8
[2 INFO main 465853] Confirming: 8/8
[2 INFO main 618398] Confirming: 2/8
[2 INFO main 622488] Confirming: 3/8
[2 INFO main 624578] Confirming: 4/8
[2 INFO main 626665] Confirming: 5/8
[2 INFO main 628702] Confirming: 7/8
[2 INFO main 630769] Confirming: 8/8
[2 INFO main 633203] Scout.Query -> Scout.GotoCenter | Drive to others reported pos
[2 INFO main 637467] Scout.GotoCenter -> Scout.Query | return to random walk
[2 INFO main 666301] Confirming: 1/8
[2 INFO main 668329] Confirming: 3/8
[2 INFO main 670430] Confirming: 4/8
[2 INFO main 674454] Confirming: 6/8
[2 INFO main 676528] Confirming: 7/8
[2 INFO main 678564] Confirming: 8/8
[2 INFO main 678882] Scout.Query -> Scout.GotoCenter | Drive to others reported pos
[2 INFO main 703742] Scout.GotoCenter -> Scout.Query | return to random walk
[2 INFO main 724453] Confirming: 1/8
[2 INFO main 726544] Confirming: 2/8
[2 INFO main 730710] Confirming: 4/8
[2 INFO main 734865] Confirming: 6/8
[2 INFO main 737070] Confirming: 7/8
[2 INFO main 741170] Confirming: 9/8
[2 INFO main 866180] Scout.Query -> Scout.GotoCenter | Drive to others reported pos
[2 INFO main 920258] Scout.GotoCenter -> Scout.Query | return to random walk
[2 INFO main 938845] Confirming: 2/8
[2 INFO main 942986] Confirming: 4/8
[2 INFO main 945113] Confirming: 5/8
[2 INFO main 949146] Confirming: 7/8
[2 INFO main 951172] Confirming: 8/8
[2 INFO main 951497] Scout.Query -> Scout.GotoCenter | Drive to others reported pos
[2 INFO main 971065] Scout.GotoCenter -> Scout.Query | return to random walk
[2 INFO main 997797] Confirming: 1/8
[2 INFO main 999911] Confirming: 2/8
[2 INFO main 1001964] Confirming: 3/8
[2 INFO main 1003980] Confirming: 4/8
[2 INFO main 1006057] Confirming: 5/8
[2 INFO main 1008105] Confirming: 6/8
[2 INFO main 1010173] Confirming: 7/8
[2 INFO main 1012262] Confirming: 8/8
[2 INFO main 1016883] Scout.Query -> Scout.GotoCenter | Drive to others reported pos
[2 INFO main 1040346] Scout.GotoCenter -> Scout.Query | return to random walk
[2 INFO main 1057281] Confirming: 1/8
[2 INFO main 1059294] Confirming: 2/8
[2 INFO main 1061297] Confirming: 3/8
[2 INFO main 1069482] Confirming: 7/8
[2 INFO main 1071521] Confirming: 8/8
[2 INFO main 1227875] Scout.Query -> Scout.GotoCenter | Drive to others reported pos
[2 INFO main 1252561] Scout.GotoCenter -> Scout.Query | return to random walk
[2 INFO main 1271170] Confirming: 1/8
[2 INFO main 1273254] Confirming: 2/8
[2 INFO main 1275305] Confirming: 3/8
[2 INFO main 1277321] Confirming: 5/8
[2 INFO main 1281473] Confirming: 7/8
[2 INFO main 1283493] Confirming: 8/8
[2 INFO main 1283562] Scout.Query -> Scout.GotoCenter | Drive to others reported pos
[2 INFO main 1304927] Scout.GotoCenter -> Scout.Query | return to random walk
[2 INFO main 1333796] Confirming: 1/8
[2 INFO main 1340060] Confirming: 5/8
[2 INFO main 1342077] Confirming: 6/8
[2 INFO main 1344216] Confirming: 7/8
[2 INFO main 1348321] Confirming: 8/8
[2 INFO main 1350831] Scout.Query -> Scout.GotoCenter | Drive to others reported pos
[2 INFO main 1369050] Scout.GotoCenter -> Scout.Query | return to random walk
[2 INFO main 1393805] Confirming: 1/8
[2 INFO main 1395817] Confirming: 2/8
[2 INFO main 1397865] Confirming: 3/8
[2 INFO main 1399961] Confirming: 4/8
[2 INFO main 1401997] Confirming: 5/8
[2 INFO main 1404005] Confirming: 6/8
[2 INFO main 1406217] Confirming: 7/8
[2 INFO main 1408245] Confirming: 8/8
[2 INFO main 1410265] Scout.Query -> Scout.GotoCenter | Drive to others reported pos
[2 INFO main 1419382] Scout.GotoCenter -> Scout.Query | return to random walk
[2 INFO main 1435837] Confirming: 2/8
[2 INFO main 1437882] Confirming: 3/8
[2 INFO main 1439877] Confirming: 4/8
[2 INFO main 1441953] Confirming: 5/8
[2 INFO main 1443969] Confirming: 6/8
[2 INFO main 1445977] Confirming: 7/8
[2 INFO main 1448009] Confirming: 8/8
[2 INFO main 1937240] Scout.Query -> Scout.GotoCenter | Drive to others reported pos
[2 INFO main 1969959] Scout.GotoCenter -> Scout.Query | return to random walk
[2 INFO main 1982538] Confirming: 2/8
[2 INFO main 1984553] Confirming: 3/8
[2 INFO main 1986670] Confirming: 4/8
[2 INFO main 1988733] Confirming: 5/8
[2 INFO main 1992922] Confirming: 7/8
[2 INFO main 1997080] Confirming: 8/8
[2 INFO main 2101774] Scout.Query -> Scout.GotoCenter | Drive to others reported pos
[2 INFO main 2133171] Scout.GotoCenter -> Scout.Query | return to random walk
[2 INFO main 2182778] Confirming: 8/8
[2 INFO main 2184245] Scout.Query -> Scout.GotoCenter | Drive to others reported pos
[2 INFO main 2213264] Scout.GotoCenter -> Scout.Query | return to random walk
[2 INFO main 2227710] Confirming: 1/8
[2 INFO main 2229769] Confirming: 2/8
[2 INFO main 2231816] Confirming: 3/8
[2 INFO main 2233909] Confirming: 4/8
[2 INFO main 2235876] Confirming: 5/8
[2 INFO main 2237892] Confirming: 6/8
[2 INFO main 2239958] Confirming: 7/8
[2 INFO main 2241982] Confirming: 8/8
[2 INFO main 2386993] Confirming: 1/8
[2 INFO main 2389061] Confirming: 3/8
[2 INFO main 2391113] Confirming: 4/8
[2 INFO main 2393132] Confirming: 5/8
[2 INFO main 2395181] Confirming: 6/8
[2 INFO main 2397213] Confirming: 7/8
[2 INFO main 2399240] Confirming: 8/8
[2 INFO main 2421355] Scout.Query -> Scout.GotoCenter | Drive to others reported pos
[2 INFO main 2461893] Scout.GotoCenter -> Scout.Query | return to random walk
[2 INFO main 2474393] Confirming: 1/8
[2 INFO main 2476433] Confirming: 2/8
[2 INFO main 2478534] Confirming: 3/8
[2 INFO main 2480644] Confirming: 4/8
[2 INFO main 2482697] Confirming: 5/8
[2 INFO main 2484893] Confirming: 6/8
[2 INFO main 2486944] Confirming: 7/8
[2 INFO main 2488952] Confirming: 8/8
[2 INFO main 2761284] Scout.Query -> Scout.GotoCenter | Drive to others reported pos
[2 INFO main 2778796] Scout.GotoCenter -> Scout.Query | return to random walk
[2 INFO main 2807561] Confirming: 1/8
[2 INFO main 2809696] Confirming: 2/8
[2 INFO main 2811785] Confirming: 3/8
[2 INFO main 2813890] Confirming: 4/8
[2 INFO main 2815948] Confirming: 5/8
[2 INFO main 2817961] Confirming: 6/8
[2 INFO main 2819993] Confirming: 7/8
[2 INFO main 2822068] Confirming: 8/8
[2 INFO main 2824903] Scout.Query -> Scout.GotoCenter | Drive to others reported pos
[2 INFO main 2830564] Scout.GotoCenter -> Scout.Query | return to random walk
[2 INFO main 2836847] Confirming: 1/8
[2 INFO main 2838917] Confirming: 2/8
[2 INFO main 2840981] Confirming: 3/8
[2 INFO main 2842940] Confirming: 4/8
[2 INFO main 2845049] Confirming: 5/8
[2 INFO main 2847125] Confirming: 6/8
[2 INFO main 2849261] Confirming: 7/8
[2 INFO main 2851274] Confirming: 8/8
[2 INFO main 3018735] Scout.Query -> Scout.GotoCenter | Drive to others reported pos
[2 INFO main 4472969] Scout.GotoCenter -> Scout.Query | return to random walk
[2 INFO main 4479787] Confirming: 1/8
[2 INFO main 4481893] Confirming: 2/8
[2 INFO main 4484113] Confirming: 3/8
[2 INFO main 4486556] Confirming: 4/8
[2 INFO main 4489160] Confirming: 5/8
[2 INFO main 4491594] Confirming: 7/8
[2 INFO main 4494217] Confirming: 8/8
[2 INFO main 4498611] Scout.Query -> Scout.GotoCenter | Drive to others reported pos
[2 INFO main 4523087] Scout.GotoCenter -> Scout.Query | return to random walk
[2 INFO main 4539711] Confirming: 1/8
[2 INFO main 4543855] Confirming: 3/8
[2 INFO main 4546221] Confirming: 4/8
[2 INFO main 4548212] Confirming: 5/8
[2 INFO main 4550285] Confirming: 6/8
[2 INFO main 4552375] Confirming: 7/8
[2 INFO main 4554805] Confirming: 8/8
[2 INFO main 4558655] Scout.Query -> Scout.GotoCenter | Drive to others reported pos
[2 INFO main 4565104] Scout.GotoCenter -> Scout.Query | return to random walk
[2 INFO main 4596832] Confirming: 1/8
[2 INFO main 4599024] Confirming: 3/8
[2 INFO main 4601161] Confirming: 4/8
[2 INFO main 4603372] Confirming: 5/8
[2 INFO main 4605473] Confirming: 6/8
[2 INFO main 4607812] Confirming: 7/8
[2 INFO main 4609985] Confirming: 8/8
