[10 INFO main 29] Initialising Python Geth Console...
[10 INFO main 33] Initialising RandB board...
[10 INFO main 33] Initialising navigation...
[10 INFO main 33] Initialising random-walk...
[10 INFO main 33] Initialising odometry...
[10 INFO main 33] Initialising ground-sensors...
[10 INFO main 852] --//-- Starting Experiment --//--
[10 INFO main 1961] Idle.IDLE -> Scout.Query | Duration: 22.17
[10 INFO main 51685] Scout.Query -> Scout.GotoCenter | Drive to others reported pos
[10 INFO main 118846] Scout.GotoCenter -> Scout.Query | return to random walk
[10 INFO main 137176] Confirming: 1/8
[10 INFO main 139302] Confirming: 2/8
[10 INFO main 141451] Confirming: 3/8
[10 INFO main 143495] Confirming: 5/8
[10 INFO main 145568] Confirming: 6/8
[10 INFO main 147674] Confirming: 7/8
[10 INFO main 151716] Confirming: 9/8
[10 INFO main 154673] Scout.Query -> Scout.GotoCenter | Drive to others reported pos
[10 INFO main 172750] Scout.GotoCenter -> Scout.Query | return to random walk
[10 INFO main 197415] Confirming: 1/8
[10 INFO main 199431] Confirming: 2/8
[10 INFO main 201512] Confirming: 3/8
[10 INFO main 203643] Confirming: 5/8
[10 INFO main 205740] Confirming: 6/8
[10 INFO main 207743] Confirming: 7/8
[10 INFO main 211764] Confirming: 8/8
[10 INFO main 213957] Scout.Query -> Scout.GotoCenter | Drive to others reported pos
[10 INFO main 238851] Scout.GotoCenter -> Scout.Query | return to random walk
[10 INFO main 251199] Confirming: 1/8
[10 INFO main 253299] Confirming: 2/8
[10 INFO main 255416] Confirming: 3/8
[10 INFO main 257583] Confirming: 4/8
[10 INFO main 259683] Confirming: 5/8
[10 INFO main 261724] Confirming: 6/8
[10 INFO main 263743] Confirming: 7/8
[10 INFO main 265875] Confirming: 8/8
[10 INFO main 431084] Scout.Query -> Scout.GotoCenter | Drive to others reported pos
[10 INFO main 471195] Scout.GotoCenter -> Scout.Query | return to random walk
[10 INFO main 487859] Confirming: 1/8
[10 INFO main 491903] Confirming: 3/8
[10 INFO main 494056] Confirming: 4/8
[10 INFO main 496064] Confirming: 5/8
[10 INFO main 498071] Confirming: 6/8
[10 INFO main 500072] Confirming: 7/8
[10 INFO main 502106] Confirming: 8/8
[10 INFO main 507147] Scout.Query -> Scout.GotoCenter | Drive to others reported pos
[10 INFO main 719860] Scout.GotoCenter -> Scout.Query | return to random walk
[10 INFO main 728057] Confirming: 1/8
[10 INFO main 730160] Confirming: 2/8
[10 INFO main 734232] Confirming: 4/8
[10 INFO main 736267] Confirming: 5/8
[10 INFO main 738300] Confirming: 6/8
[10 INFO main 740303] Confirming: 7/8
[10 INFO main 742350] Confirming: 8/8
[10 INFO main 745421] Scout.Query -> Scout.GotoCenter | Drive to others reported pos
[10 INFO main 756100] Scout.GotoCenter -> Scout.Query | return to random walk
[10 INFO main 791192] Confirming: 1/8
[10 INFO main 793324] Confirming: 2/8
[10 INFO main 795391] Confirming: 3/8
[10 INFO main 797464] Confirming: 4/8
[10 INFO main 799515] Confirming: 6/8
[10 INFO main 801635] Confirming: 7/8
[10 INFO main 805724] Confirming: 8/8
[10 INFO main 806723] Scout.Query -> Scout.GotoCenter | Drive to others reported pos
[10 INFO main 826985] Scout.GotoCenter -> Scout.Query | return to random walk
[10 INFO main 851704] Confirming: 2/8
[10 INFO main 853888] Confirming: 3/8
[10 INFO main 855984] Confirming: 4/8
[10 INFO main 858002] Confirming: 5/8
[10 INFO main 859966] Confirming: 6/8
[10 INFO main 862096] Confirming: 7/8
[10 INFO main 864167] Confirming: 8/8
[10 INFO main 868700] Scout.Query -> Scout.GotoCenter | Drive to others reported pos
[10 INFO main 902332] Scout.GotoCenter -> Scout.Query | return to random walk
[10 INFO main 945359] Confirming: 3/8
[10 INFO main 957996] Confirming: 9/8
[10 INFO main 1106892] Scout.Query -> Scout.GotoCenter | Drive to others reported pos
[10 INFO main 1135664] Scout.GotoCenter -> Scout.Query | return to random walk
[10 INFO main 1156288] Confirming: 1/8
[10 INFO main 1158375] Confirming: 2/8
[10 INFO main 1160440] Confirming: 3/8
[10 INFO main 1162459] Confirming: 4/8
[10 INFO main 1164524] Confirming: 5/8
[10 INFO main 1166647] Confirming: 6/8
[10 INFO main 1168746] Confirming: 7/8
[10 INFO main 1170835] Confirming: 8/8
[10 INFO main 1171558] Scout.Query -> Scout.GotoCenter | Drive to others reported pos
[10 INFO main 1250415] Scout.GotoCenter -> Scout.Query | return to random walk
[10 INFO main 1273160] Confirming: 1/8
[10 INFO main 1275227] Confirming: 2/8
[10 INFO main 1277295] Confirming: 3/8
[10 INFO main 1279287] Confirming: 4/8
[10 INFO main 1281392] Confirming: 5/8
[10 INFO main 1283463] Confirming: 6/8
[10 INFO main 1287445] Confirming: 7/8
[10 INFO main 1289576] Confirming: 9/8
[10 INFO main 1331657] Scout.Query -> Scout.GotoCenter | Drive to others reported pos
[10 INFO main 1368510] Scout.GotoCenter -> Scout.Query | return to random walk
[10 INFO main 1383018] Confirming: 1/8
[10 INFO main 1385096] Confirming: 2/8
[10 INFO main 1387164] Confirming: 3/8
[10 INFO main 1389255] Confirming: 4/8
[10 INFO main 1391295] Confirming: 5/8
[10 INFO main 1393379] Confirming: 6/8
[10 INFO main 1395383] Confirming: 7/8
[10 INFO main 1397487] Confirming: 9/8
[10 INFO main 1490034] Scout.Query -> Scout.GotoCenter | Drive to others reported pos
[10 INFO main 1568468] Scout.GotoCenter -> Scout.Query | return to random walk
[10 INFO main 1593423] Confirming: 1/8
[10 INFO main 1595483] Confirming: 2/8
[10 INFO main 1597539] Confirming: 4/8
[10 INFO main 1599568] Confirming: 5/8
[10 INFO main 1601631] Confirming: 6/8
[10 INFO main 1605691] Confirming: 8/8
[10 INFO main 1646638] Scout.Query -> Scout.GotoCenter | Drive to others reported pos
[10 INFO main 1793609] Scout.GotoCenter -> Scout.Query | return to random walk
[10 INFO main 1808651] Confirming: 2/8
[10 INFO main 1810744] Confirming: 3/8
[10 INFO main 1812912] Confirming: 4/8
[10 INFO main 1814923] Confirming: 5/8
[10 INFO main 1817002] Confirming: 6/8
[10 INFO main 1819088] Confirming: 7/8
[10 INFO main 1821138] Confirming: 8/8
[10 INFO main 2074910] Scout.Query -> Scout.GotoCenter | Drive to others reported pos
[10 INFO main 2210490] Scout.GotoCenter -> Scout.Query | return to random walk
[10 INFO main 2239344] Confirming: 1/8
[10 INFO main 2241635] Confirming: 2/8
[10 INFO main 2243732] Confirming: 3/8
[10 INFO main 2245830] Confirming: 5/8
[10 INFO main 2250124] Confirming: 7/8
[10 INFO main 2252144] Confirming: 8/8
[10 INFO main 2256459] Scout.Query -> Scout.GotoCenter | Drive to others reported pos
[10 INFO main 2286698] Scout.GotoCenter -> Scout.Query | return to random walk
[10 INFO main 2328916] Confirming: 1/8
[10 INFO main 2331043] Confirming: 2/8
[10 INFO main 2332955] Confirming: 3/8
[10 INFO main 2335462] Confirming: 4/8
[10 INFO main 2337492] Confirming: 6/8
[10 INFO main 2339515] Confirming: 7/8
[10 INFO main 2343879] Confirming: 9/8
[10 INFO main 2348287] Scout.Query -> Scout.GotoCenter | Drive to others reported pos
[10 INFO main 2378552] Scout.GotoCenter -> Scout.Query | return to random walk
[10 INFO main 2389323] Confirming: 1/8
[10 INFO main 2391722] Confirming: 2/8
[10 INFO main 2393827] Confirming: 3/8
[10 INFO main 2396039] Confirming: 4/8
[10 INFO main 2398071] Confirming: 5/8
[10 INFO main 2400172] Confirming: 6/8
[10 INFO main 2402407] Confirming: 7/8
[10 INFO main 2404432] Confirming: 8/8
[10 INFO main 2550938] Scout.Query -> Scout.GotoCenter | Drive to others reported pos
[10 INFO main 2603590] Scout.GotoCenter -> Scout.Query | return to random walk
[10 INFO main 2638574] Confirming: 2/8
[10 INFO main 2640624] Confirming: 3/8
[10 INFO main 2642608] Confirming: 4/8
[10 INFO main 2644738] Confirming: 5/8
[10 INFO main 2646770] Confirming: 6/8
[10 INFO main 2648938] Confirming: 7/8
[10 INFO main 2650970] Confirming: 8/8
[10 INFO main 2654446] Scout.Query -> Scout.GotoCenter | Drive to others reported pos
[10 INFO main 2694081] Scout.GotoCenter -> Scout.Query | return to random walk
[10 INFO main 2719011] Confirming: 2/8
[10 INFO main 2721080] Confirming: 3/8
[10 INFO main 2723180] Confirming: 4/8
[10 INFO main 2727208] Confirming: 6/8
[10 INFO main 2729307] Confirming: 7/8
[10 INFO main 2731411] Confirming: 8/8
[10 INFO main 2780111] Scout.Query -> Scout.GotoCenter | Drive to others reported pos
[10 INFO main 2833136] Scout.GotoCenter -> Scout.Query | return to random walk
[10 INFO main 2849672] Confirming: 1/8
[10 INFO main 2851651] Confirming: 2/8
[10 INFO main 2855763] Confirming: 3/8
[10 INFO main 2857803] Confirming: 5/8
[10 INFO main 2859824] Confirming: 6/8
[10 INFO main 2861899] Confirming: 7/8
[10 INFO main 2863855] Confirming: 8/8
[10 INFO main 2864001] Scout.Query -> Scout.GotoCenter | Drive to others reported pos
[10 INFO main 2940151] Scout.GotoCenter -> Scout.Query | return to random walk
[10 INFO main 2969647] Confirming: 1/8
[10 INFO main 2971760] Confirming: 2/8
[10 INFO main 2973875] Confirming: 3/8
[10 INFO main 2976124] Confirming: 4/8
[10 INFO main 2978271] Confirming: 5/8
[10 INFO main 2980331] Confirming: 6/8
[10 INFO main 2982475] Confirming: 7/8
[10 INFO main 2984759] Confirming: 8/8
[10 INFO main 2986733] Scout.Query -> Scout.GotoCenter | Drive to others reported pos
[10 INFO main 3025271] Scout.GotoCenter -> Scout.Query | return to random walk
[10 INFO main 3031410] Confirming: 1/8
[10 INFO main 3033460] Confirming: 2/8
[10 INFO main 3035740] Confirming: 4/8
[10 INFO main 3037842] Confirming: 5/8
[10 INFO main 3040113] Confirming: 6/8
[10 INFO main 3042343] Confirming: 7/8
[10 INFO main 3044403] Confirming: 8/8
[10 INFO main 3046098] Scout.Query -> Scout.GotoCenter | Drive to others reported pos
[10 INFO main 3083867] Scout.GotoCenter -> Scout.Query | return to random walk
[10 INFO main 3090655] Confirming: 1/8
[10 INFO main 3093100] Confirming: 2/8
[10 INFO main 3095214] Confirming: 3/8
[10 INFO main 3097344] Confirming: 4/8
[10 INFO main 3099692] Confirming: 6/8
[10 INFO main 3102239] Confirming: 7/8
[10 INFO main 3104328] Confirming: 8/8
[10 INFO main 3105178] Scout.Query -> Scout.GotoCenter | Drive to others reported pos
[10 INFO main 3166287] Scout.GotoCenter -> Scout.Query | return to random walk
[10 INFO main 3210214] Confirming: 1/8
[10 INFO main 3212699] Confirming: 2/8
[10 INFO main 3215366] Confirming: 3/8
[10 INFO main 3217866] Confirming: 4/8
[10 INFO main 3219970] Confirming: 6/8
[10 INFO main 3222055] Confirming: 7/8
[10 INFO main 3224989] Confirming: 8/8
[10 INFO main 3228256] Scout.Query -> Scout.GotoCenter | Drive to others reported pos
[10 INFO main 3265217] Scout.GotoCenter -> Scout.Query | return to random walk
[10 INFO main 3271511] Confirming: 2/8
[10 INFO main 3273579] Confirming: 3/8
[10 INFO main 3277620] Confirming: 5/8
[10 INFO main 3281931] Confirming: 7/8
[10 INFO main 3286134] Confirming: 8/8
[10 INFO main 3574082] Scout.Query -> Scout.GotoCenter | Drive to others reported pos
[10 INFO main 3616798] Scout.GotoCenter -> Scout.Query | return to random walk
[10 INFO main 3639356] Confirming: 1/8
[10 INFO main 3641355] Confirming: 2/8
[10 INFO main 3643415] Confirming: 3/8
[10 INFO main 3645365] Confirming: 4/8
[10 INFO main 3647427] Confirming: 5/8
[10 INFO main 3649460] Confirming: 6/8
[10 INFO main 3651514] Confirming: 7/8
[10 INFO main 3653551] Confirming: 8/8
[10 INFO main 3933834] Scout.Query -> Scout.GotoCenter | Drive to others reported pos
[10 INFO main 3978862] Scout.GotoCenter -> Scout.Query | return to random walk
[10 INFO main 4019941] Confirming: 1/8
[10 INFO main 4024124] Confirming: 2/8
[10 INFO main 4026176] Confirming: 4/8
[10 INFO main 4028280] Confirming: 5/8
[10 INFO main 4044632] Confirming: 13/8
[10 INFO main 4307964] Scout.Query -> Scout.GotoCenter | Drive to others reported pos
[10 INFO main 4398483] Scout.GotoCenter -> Scout.Query | return to random walk
[10 INFO main 4429519] Confirming: 1/8
[10 INFO main 4431572] Confirming: 2/8
[10 INFO main 4433642] Confirming: 3/8
[10 INFO main 4435689] Confirming: 4/8
[10 INFO main 4437751] Confirming: 5/8
[10 INFO main 4439788] Confirming: 6/8
[10 INFO main 4441820] Confirming: 7/8
[10 INFO main 4443847] Confirming: 8/8
[10 INFO main 4444304] Scout.Query -> Scout.GotoCenter | Drive to others reported pos
[10 INFO main 4457991] Scout.GotoCenter -> Scout.Query | return to random walk
[10 INFO main 4489199] Confirming: 1/8
[10 INFO main 4491220] Confirming: 2/8
[10 INFO main 4493272] Confirming: 3/8
[10 INFO main 4495279] Confirming: 4/8
[10 INFO main 4497292] Confirming: 5/8
[10 INFO main 4499347] Confirming: 6/8
[10 INFO main 4503412] Confirming: 8/8
[10 INFO main 4503710] Scout.Query -> Scout.GotoCenter | Drive to others reported pos
[10 INFO main 4558805] Scout.GotoCenter -> Scout.Query | return to random walk
[10 INFO main 4579743] Confirming: 1/8
[10 INFO main 4581828] Confirming: 2/8
[10 INFO main 4583892] Confirming: 3/8
[10 INFO main 4586191] Confirming: 4/8
[10 INFO main 4588208] Confirming: 5/8
[10 INFO main 4590292] Confirming: 6/8
[10 INFO main 4592371] Confirming: 7/8
[10 INFO main 4596495] Confirming: 9/8
[10 INFO main 4600023] Scout.Query -> Scout.GotoCenter | Drive to others reported pos
[10 INFO main 4609167] Scout.GotoCenter -> Scout.Query | return to random walk
[10 INFO main 4639588] Confirming: 1/8
[10 INFO main 4642267] Confirming: 2/8
[10 INFO main 4644306] Confirming: 3/8
[10 INFO main 4646473] Confirming: 5/8
[10 INFO main 4648564] Confirming: 6/8
[10 INFO main 4652844] Confirming: 8/8
