[11 INFO main 29] Initialising Python Geth Console...
[11 INFO main 33] Initialising RandB board...
[11 INFO main 33] Initialising navigation...
[11 INFO main 33] Initialising random-walk...
[11 INFO main 33] Initialising odometry...
[11 INFO main 33] Initialising ground-sensors...
[11 INFO main 273] --//-- Starting Experiment --//--
[11 INFO main 1371] Idle.IDLE -> Scout.Query | Duration: 19.95
[11 INFO main 49161] Confirming: 1/8
[11 INFO main 51283] Confirming: 2/8
[11 INFO main 53292] Confirming: 3/8
[11 INFO main 59513] Confirming: 6/8
[11 INFO main 63604] Confirming: 7/8
[11 INFO main 65615] Confirming: 8/8
[11 INFO main 66693] Scout.Query -> Scout.GotoCenter | Drive to others reported pos
[11 INFO main 431869] Scout.GotoCenter -> Scout.Query | return to random walk
[11 INFO main 498089] Confirming: 2/8
[11 INFO main 500028] Confirming: 3/8
[11 INFO main 504133] Confirming: 4/8
[11 INFO main 508249] Confirming: 6/8
[11 INFO main 512277] Confirming: 8/8
[11 INFO main 638536] Scout.Query -> Scout.GotoCenter | Drive to others reported pos
[11 INFO main 666109] Scout.GotoCenter -> Scout.Query | return to random walk
[11 INFO main 678465] Confirming: 2/8
[11 INFO main 680577] Confirming: 3/8
[11 INFO main 682604] Confirming: 4/8
[11 INFO main 684665] Confirming: 5/8
[11 INFO main 686760] Confirming: 6/8
[11 INFO main 688776] Confirming: 7/8
[11 INFO main 690785] Confirming: 8/8
[11 INFO main 691536] Scout.Query -> Scout.GotoCenter | Drive to others reported pos
[11 INFO main 703544] Scout.GotoCenter -> Scout.Query | return to random walk
[11 INFO main 709835] Confirming: 1/8
[11 INFO main 711843] Confirming: 2/8
[11 INFO main 713917] Confirming: 3/8
[11 INFO main 715953] Confirming: 4/8
[11 INFO main 718021] Confirming: 5/8
[11 INFO main 720073] Confirming: 6/8
[11 INFO main 722105] Confirming: 7/8
[11 INFO main 724148] Confirming: 8/8
[11 INFO main 724200] Scout.Query -> Scout.GotoCenter | Drive to others reported pos
[11 INFO main 761277] Scout.GotoCenter -> Scout.Query | return to random walk
[11 INFO main 769525] Confirming: 1/8
[11 INFO main 771561] Confirming: 2/8
[11 INFO main 773689] Confirming: 3/8
[11 INFO main 775777] Confirming: 4/8
[11 INFO main 777817] Confirming: 5/8
[11 INFO main 779821] Confirming: 6/8
[11 INFO main 781841] Confirming: 7/8
[11 INFO main 783961] Confirming: 8/8
[11 INFO main 895884] Confirming: 1/8
[11 INFO main 897969] Confirming: 2/8
[11 INFO main 900069] Confirming: 4/8
[11 INFO main 902085] Confirming: 5/8
[11 INFO main 904177] Confirming: 6/8
[11 INFO main 906252] Confirming: 7/8
[11 INFO main 908349] Confirming: 8/8
[11 INFO main 912953] Scout.Query -> Scout.GotoCenter | Drive to others reported pos
[11 INFO main 1072510] Scout.GotoCenter -> Scout.Query | return to random walk
[11 INFO main 1099397] Confirming: 1/8
[11 INFO main 1101453] Confirming: 2/8
[11 INFO main 1103505] Confirming: 3/8
[11 INFO main 1105513] Confirming: 4/8
[11 INFO main 1130557] Confirming: 10/8
[11 INFO main 1302853] Confirming: 1/8
[11 INFO main 1304924] Confirming: 2/8
[11 INFO main 1306925] Confirming: 3/8
[11 INFO main 1308944] Confirming: 4/8
[11 INFO main 1310971] Confirming: 5/8
[11 INFO main 1313004] Confirming: 6/8
[11 INFO main 1315038] Confirming: 7/8
[11 INFO main 1317133] Confirming: 8/8
[11 INFO main 1318721] Scout.Query -> Scout.GotoCenter | Drive to others reported pos
[11 INFO main 1354446] Scout.GotoCenter -> Scout.Query | return to random walk
[11 INFO main 1362745] Confirming: 1/8
[11 INFO main 1364756] Confirming: 2/8
[11 INFO main 1366796] Confirming: 3/8
[11 INFO main 1368848] Confirming: 4/8
[11 INFO main 1370880] Confirming: 5/8
[11 INFO main 1372893] Confirming: 6/8
[11 INFO main 1374913] Confirming: 7/8
[11 INFO main 1376985] Confirming: 8/8
[11 INFO main 1663159] Scout.Query -> Scout.GotoCenter | Drive to others reported pos
[11 INFO main 1691563] Scout.GotoCenter -> Scout.Query | return to random walk
[11 INFO main 1714409] Confirming: 1/8
[11 INFO main 1716480] Confirming: 2/8
[11 INFO main 1718533] Confirming: 3/8
[11 INFO main 1720580] Confirming: 4/8
[11 INFO main 1722677] Confirming: 5/8
[11 INFO main 1724697] Confirming: 6/8
[11 INFO main 1726780] Confirming: 7/8
[11 INFO main 1728856] Confirming: 8/8
[11 INFO main 1732195] Scout.Query -> Scout.GotoCenter | Drive to others reported pos
[11 INFO main 1829975] Scout.GotoCenter -> Scout.Query | return to random walk
[11 INFO main 1888196] Confirming: 2/8
[11 INFO main 1898621] Confirming: 7/8
[11 INFO main 1900760] Confirming: 8/8
[11 INFO main 2098992] Scout.Query -> Scout.GotoCenter | Drive to others reported pos
[11 INFO main 2139040] Scout.GotoCenter -> Scout.Query | return to random walk
[11 INFO main 2153500] Confirming: 1/8
[11 INFO main 2155642] Confirming: 2/8
[11 INFO main 2157721] Confirming: 3/8
[11 INFO main 2159869] Confirming: 4/8
[11 INFO main 2161880] Confirming: 5/8
[11 INFO main 2163952] Confirming: 6/8
[11 INFO main 2166093] Confirming: 7/8
[11 INFO main 2168177] Confirming: 8/8
[11 INFO main 2172087] Scout.Query -> Scout.GotoCenter | Drive to others reported pos
[11 INFO main 2175703] Scout.GotoCenter -> Scout.Query | return to random walk
[11 INFO main 2200480] Confirming: 1/8
[11 INFO main 2202649] Confirming: 2/8
[11 INFO main 2204717] Confirming: 3/8
[11 INFO main 2206684] Confirming: 4/8
[11 INFO main 2208803] Confirming: 5/8
[11 INFO main 2210873] Confirming: 6/8
[11 INFO main 2213132] Confirming: 7/8
[11 INFO main 2215293] Confirming: 9/8
[11 INFO main 2294546] Confirming: 1/8
[11 INFO main 2296578] Confirming: 2/8
[11 INFO main 2300693] Confirming: 3/8
[11 INFO main 2310901] Confirming: 6/8
[11 INFO main 2337600] Confirming: 10/8
[11 INFO main 2342096] Scout.Query -> Scout.GotoCenter | Drive to others reported pos
[11 INFO main 2421623] Scout.GotoCenter -> Scout.Query | return to random walk
[11 INFO main 2434009] Confirming: 1/8
[11 INFO main 2436101] Confirming: 2/8
[11 INFO main 2438089] Confirming: 3/8
[11 INFO main 2440177] Confirming: 4/8
[11 INFO main 2442217] Confirming: 5/8
[11 INFO main 2452657] Confirming: 10/8
[11 INFO main 2457406] Scout.Query -> Scout.GotoCenter | Drive to others reported pos
[11 INFO main 2481256] Scout.GotoCenter -> Scout.Query | return to random walk
[11 INFO main 2492009] Confirming: 1/8
[11 INFO main 2494101] Confirming: 2/8
[11 INFO main 2496157] Confirming: 3/8
[11 INFO main 2498432] Confirming: 4/8
[11 INFO main 2500448] Confirming: 5/8
[11 INFO main 2502501] Confirming: 6/8
[11 INFO main 2506557] Confirming: 8/8
[11 INFO main 2727481] Scout.Query -> Scout.GotoCenter | Drive to others reported pos
[11 INFO main 2773626] Scout.GotoCenter -> Scout.Query | return to random walk
[11 INFO main 2808732] Confirming: 1/8
[11 INFO main 2810812] Confirming: 2/8
[11 INFO main 2812859] Confirming: 3/8
[11 INFO main 2814932] Confirming: 4/8
[11 INFO main 2816997] Confirming: 5/8
[11 INFO main 2827371] Confirming: 11/8
[11 INFO main 2829683] Scout.Query -> Scout.GotoCenter | Drive to others reported pos
[11 INFO main 2870662] Scout.GotoCenter -> Scout.Query | return to random walk
[11 INFO main 2883104] Confirming: 1/8
[11 INFO main 2885269] Confirming: 3/8
[11 INFO main 2887468] Confirming: 4/8
[11 INFO main 2889633] Confirming: 5/8
[11 INFO main 2891749] Confirming: 6/8
[11 INFO main 2893793] Confirming: 7/8
[11 INFO main 2895813] Confirming: 8/8
[11 INFO main 2896226] Scout.Query -> Scout.GotoCenter | Drive to others reported pos
[11 INFO main 3012345] Scout.GotoCenter -> Scout.Query | return to random walk
[11 INFO main 3028884] Confirming: 2/8
[11 INFO main 3030944] Confirming: 3/8
[11 INFO main 3033008] Confirming: 4/8
[11 INFO main 3037085] Confirming: 6/8
[11 INFO main 3039153] Confirming: 7/8
[11 INFO main 3041229] Confirming: 8/8
[11 INFO main 3047316] Confirming: 2/8
[11 INFO main 3049480] Confirming: 3/8
[11 INFO main 3051497] Confirming: 4/8
[11 INFO main 3053530] Confirming: 5/8
[11 INFO main 3057689] Confirming: 6/8
[11 INFO main 3059736] Confirming: 8/8
[11 INFO main 3063381] Scout.Query -> Scout.GotoCenter | Drive to others reported pos
[11 INFO main 3111573] Scout.GotoCenter -> Scout.Query | return to random walk
[11 INFO main 3117865] Confirming: 1/8
[11 INFO main 3119940] Confirming: 2/8
[11 INFO main 3124056] Confirming: 4/8
[11 INFO main 3126125] Confirming: 5/8
[11 INFO main 3128280] Confirming: 6/8
[11 INFO main 3130322] Confirming: 7/8
[11 INFO main 3132336] Confirming: 8/8
[11 INFO main 3145682] Scout.Query -> Scout.GotoCenter | Drive to others reported pos
[11 INFO main 3187903] Scout.GotoCenter -> Scout.Query | return to random walk
[11 INFO main 3194253] Confirming: 1/8
[11 INFO main 3198321] Confirming: 3/8
[11 INFO main 3200408] Confirming: 4/8
[11 INFO main 3204453] Confirming: 6/8
[11 INFO main 3206549] Confirming: 7/8
[11 INFO main 3208641] Confirming: 9/8
[11 INFO main 3213294] Scout.Query -> Scout.GotoCenter | Drive to others reported pos
[11 INFO main 3326085] Scout.GotoCenter -> Scout.Query | return to random walk
[11 INFO main 3347341] Confirming: 1/8
[11 INFO main 3351363] Confirming: 2/8
[11 INFO main 3353437] Confirming: 3/8
[11 INFO main 3359565] Confirming: 5/8
[11 INFO main 3363744] Confirming: 7/8
[11 INFO main 3367781] Confirming: 8/8
[11 INFO main 3387000] Scout.Query -> Scout.GotoCenter | Drive to others reported pos
[11 INFO main 3439945] Scout.GotoCenter -> Scout.Query | return to random walk
[11 INFO main 3446277] Confirming: 1/8
[11 INFO main 3448313] Confirming: 2/8
[11 INFO main 3450397] Confirming: 3/8
[11 INFO main 3452448] Confirming: 4/8
[11 INFO main 3454475] Confirming: 5/8
[11 INFO main 3456484] Confirming: 6/8
[11 INFO main 3458556] Confirming: 7/8
[11 INFO main 3460568] Confirming: 8/8
[11 INFO main 3465281] Scout.Query -> Scout.GotoCenter | Drive to others reported pos
[11 INFO main 3585869] Scout.GotoCenter -> Scout.Query | return to random walk
[11 INFO main 3622605] Confirming: 1/8
[11 INFO main 3626661] Confirming: 2/8
[11 INFO main 3628633] Confirming: 4/8
[11 INFO main 3632796] Confirming: 6/8
[11 INFO main 3638952] Confirming: 8/8
[11 INFO main 3798170] Scout.Query -> Scout.GotoCenter | Drive to others reported pos
[11 INFO main 3837463] Scout.GotoCenter -> Scout.Query | return to random walk
[11 INFO main 3860084] Confirming: 1/8
[11 INFO main 3864148] Confirming: 3/8
[11 INFO main 3866277] Confirming: 4/8
[11 INFO main 3868389] Confirming: 5/8
[11 INFO main 3870473] Confirming: 6/8
[11 INFO main 3874657] Confirming: 8/8
[11 INFO main 4115629] Scout.Query -> Scout.GotoCenter | Drive to others reported pos
[11 INFO main 4180052] Scout.GotoCenter -> Scout.Query | return to random walk
[11 INFO main 4219644] Confirming: 1/8
[11 INFO main 4223753] Confirming: 3/8
[11 INFO main 4225876] Confirming: 4/8
[11 INFO main 4227940] Confirming: 5/8
[11 INFO main 4230013] Confirming: 6/8
[11 INFO main 4232121] Confirming: 7/8
[11 INFO main 4236305] Confirming: 9/8
[11 INFO main 5675265] Scout.Query -> Scout.GotoCenter | Drive to others reported pos
[11 INFO main 5739496] Scout.GotoCenter -> Scout.Query | return to random walk
[11 INFO main 5745704] Confirming: 1/8
[11 INFO main 5751789] Confirming: 4/8
[11 INFO main 5753835] Confirming: 5/8
[11 INFO main 5756027] Confirming: 6/8
[11 INFO main 5758123] Confirming: 7/8
[11 INFO main 5760252] Confirming: 8/8
[11 INFO main 5765094] Scout.Query -> Scout.GotoCenter | Drive to others reported pos
[11 INFO main 5794315] Scout.GotoCenter -> Scout.Query | return to random walk
[11 INFO main 5862053] Confirming: 2/8
[11 INFO main 5864399] Confirming: 3/8
[11 INFO main 5866516] Confirming: 4/8
[11 INFO main 5868820] Confirming: 5/8
[11 INFO main 5870877] Confirming: 7/8
[11 INFO main 5872948] Confirming: 8/8
[11 INFO main 5876341] Scout.Query -> Scout.GotoCenter | Drive to others reported pos
[11 INFO main 5979119] Scout.GotoCenter -> Scout.Query | return to random walk
[11 INFO main 5995532] Confirming: 1/8
[11 INFO main 6000516] Confirming: 3/8
[11 INFO main 6002859] Confirming: 5/8
[11 INFO main 6005544] Confirming: 6/8
[11 INFO main 6007893] Confirming: 7/8
[11 INFO main 6010600] Confirming: 9/8
[11 INFO main 6201489] Scout.Query -> Scout.GotoCenter | Drive to others reported pos
[11 INFO main 6231799] Scout.GotoCenter -> Scout.Query | return to random walk
[11 INFO main 6264957] Confirming: 1/8
[11 INFO main 6266972] Confirming: 2/8
[11 INFO main 6269004] Confirming: 3/8
[11 INFO main 6271077] Confirming: 4/8
[11 INFO main 6273085] Confirming: 5/8
[11 INFO main 6275177] Confirming: 6/8
[11 INFO main 6277272] Confirming: 7/8
[11 INFO main 6279293] Confirming: 8/8
[11 INFO main 6822733] Confirming: 1/8
[11 INFO main 6845481] Confirming: 2/8
[11 INFO main 6847524] Confirming: 3/8
[11 INFO main 6851613] Confirming: 4/8
[11 INFO main 6855685] Confirming: 5/8
[11 INFO main 6857720] Confirming: 6/8
[11 INFO main 6859841] Confirming: 7/8
[11 INFO main 6861876] Confirming: 8/8
[11 INFO main 6863795] Scout.Query -> Scout.GotoCenter | Drive to others reported pos
[11 INFO main 6901756] Scout.GotoCenter -> Scout.Query | return to random walk
[11 INFO main 6922160] Confirming: 2/8
[11 INFO main 6926301] Confirming: 4/8
[11 INFO main 6928325] Confirming: 5/8
[11 INFO main 6930364] Confirming: 6/8
[11 INFO main 6932445] Confirming: 7/8
[11 INFO main 6936516] Confirming: 9/8
[11 INFO main 6946362] Scout.Query -> Scout.GotoCenter | Drive to others reported pos
[11 INFO main 6998983] Scout.GotoCenter -> Scout.Query | return to random walk
[11 INFO main 7011801] Confirming: 1/8
[11 INFO main 7013913] Confirming: 2/8
[11 INFO main 7015973] Confirming: 3/8
[11 INFO main 7018032] Confirming: 5/8
[11 INFO main 7022063] Confirming: 6/8
[11 INFO main 7024157] Confirming: 7/8
[11 INFO main 7026220] Confirming: 8/8
