[8 INFO main 30] Initialising Python Geth Console...
[8 INFO main 34] Initialising RandB board...
[8 INFO main 34] Initialising navigation...
[8 INFO main 34] Initialising random-walk...
[8 INFO main 34] Initialising odometry...
[8 INFO main 34] Initialising ground-sensors...
[8 INFO main 1011] --//-- Starting Experiment --//--
[8 INFO main 2123] Idle.IDLE -> Scout.Query | Duration: 18.14
[8 INFO main 56488] Scout.Query -> Scout.GotoCenter | Drive to others reported pos
[8 INFO main 70704] Scout.GotoCenter -> Scout.Query | return to random walk
[8 INFO main 71808] Scout.Query -> Scout.GotoCenter | Drive to others reported pos
[8 INFO main 72905] Scout.GotoCenter -> Scout.Query | return to random walk
[8 INFO main 73909] Scout.Query -> Scout.GotoCenter | Drive to others reported pos
[8 INFO main 74410] Scout.GotoCenter -> Scout.Query | return to random walk
[8 INFO main 74911] Scout.Query -> Scout.GotoCenter | Drive to others reported pos
[8 INFO main 78112] Scout.GotoCenter -> Scout.Query | return to random walk
[8 INFO main 79018] Scout.Query -> Scout.GotoCenter | Drive to others reported pos
[8 INFO main 79816] Scout.GotoCenter -> Scout.Query | return to random walk
[8 INFO main 80021] Scout.Query -> Scout.GotoCenter | Drive to others reported pos
[8 INFO main 80215] Scout.GotoCenter -> Scout.Query | return to random walk
[8 INFO main 81119] Scout.Query -> Scout.GotoCenter | Drive to others reported pos
[8 INFO main 81419] Scout.GotoCenter -> Scout.Query | return to random walk
[8 INFO main 82122] Scout.Query -> Scout.GotoCenter | Drive to others reported pos
[8 INFO main 82218] Scout.GotoCenter -> Scout.Query | return to random walk
[8 INFO main 83124] Scout.Query -> Scout.GotoCenter | Drive to others reported pos
[8 INFO main 84125] Scout.GotoCenter -> Scout.Query | return to random walk
[8 INFO main 85129] Scout.Query -> Scout.GotoCenter | Drive to others reported pos
[8 INFO main 85522] Scout.GotoCenter -> Scout.Query | return to random walk
[8 INFO main 86129] Scout.Query -> Scout.GotoCenter | Drive to others reported pos
[8 INFO main 86226] Scout.GotoCenter -> Scout.Query | return to random walk
[8 INFO main 87232] Scout.Query -> Scout.GotoCenter | Drive to others reported pos
[8 INFO main 87925] Scout.GotoCenter -> Scout.Query | return to random walk
[8 INFO main 88333] Scout.Query -> Scout.GotoCenter | Drive to others reported pos
[8 INFO main 89531] Scout.GotoCenter -> Scout.Query | return to random walk
[8 INFO main 93540] Scout.Query -> Scout.GotoCenter | Drive to others reported pos
[8 INFO main 94040] Scout.GotoCenter -> Scout.Query | return to random walk
[8 INFO main 94542] Scout.Query -> Scout.GotoCenter | Drive to others reported pos
[8 INFO main 95838] Scout.GotoCenter -> Scout.Query | return to random walk
[8 INFO main 96545] Scout.Query -> Scout.GotoCenter | Drive to others reported pos
[8 INFO main 98638] Scout.GotoCenter -> Scout.Query | return to random walk
[8 INFO main 98743] Scout.Query -> Scout.GotoCenter | Drive to others reported pos
[8 INFO main 99334] Scout.GotoCenter -> Scout.Query | return to random walk
[8 INFO main 99845] Scout.Query -> Scout.GotoCenter | Drive to others reported pos
[8 INFO main 100545] Scout.GotoCenter -> Scout.Query | return to random walk
