[13 INFO main 30] Initialising Python Geth Console...
[13 INFO main 33] Initialising RandB board...
[13 INFO main 33] Initialising navigation...
[13 INFO main 33] Initialising random-walk...
[13 INFO main 33] Initialising odometry...
[13 INFO main 33] Initialising ground-sensors...
[13 INFO main 447] --//-- Starting Experiment --//--
[13 INFO main 1546] Idle.IDLE -> Scout.Query | Duration: 25.66
[13 INFO main 21474] Scout.Query -> Scout.GotoCenter | Drive to others reported pos
[13 INFO main 23375] Scout.GotoCenter -> Scout.Query | return to random walk
[13 INFO main 23476] Scout.Query -> Scout.GotoCenter | Drive to others reported pos
[13 INFO main 26378] Scout.GotoCenter -> Scout.Query | return to random walk
[13 INFO main 26581] Scout.Query -> Scout.GotoCenter | Drive to others reported pos
[13 INFO main 26979] Scout.GotoCenter -> Scout.Query | return to random walk
[13 INFO main 27589] Scout.Query -> Scout.GotoCenter | Drive to others reported pos
[13 INFO main 33889] Scout.GotoCenter -> Scout.Query | return to random walk
[13 INFO main 34802] Scout.Query -> Scout.GotoCenter | Drive to others reported pos
[13 INFO main 34987] Scout.GotoCenter -> Scout.Query | return to random walk
[13 INFO main 35803] Scout.Query -> Scout.GotoCenter | Drive to others reported pos
[13 INFO main 37394] Scout.GotoCenter -> Scout.Query | return to random walk
[13 INFO main 38004] Scout.Query -> Scout.GotoCenter | Drive to others reported pos
[13 INFO main 38998] Scout.GotoCenter -> Scout.Query | return to random walk
[13 INFO main 39103] Scout.Query -> Scout.GotoCenter | Drive to others reported pos
[13 INFO main 40206] Scout.GotoCenter -> Scout.Query | return to random walk
