[9 INFO main 27] Initialising Python Geth Console...
[9 INFO main 32] Initialising RandB board...
[9 INFO main 32] Initialising navigation...
[9 INFO main 32] Initialising random-walk...
[9 INFO main 32] Initialising odometry...
[9 INFO main 32] Initialising ground-sensors...
[9 INFO main 510] --//-- Starting Experiment --//--
[9 INFO main 1949] Idle.IDLE -> Scout.Query | Duration: 31.81
[9 INFO main 51435] Scout.Query -> Verify.DriveTo | Go to unverified source
[9 INFO main 127448] Verify.DriveTo -> Verify.Homing | Homing
[9 INFO main 141916] Verify.Homing -> Scout.Query | Arrived home
[9 INFO main 148348] Confirming: 1/9
[9 INFO main 150388] Confirming: 2/9
[9 INFO main 152439] Confirming: 3/9
[9 INFO main 154513] Confirming: 4/9
[9 INFO main 156547] Confirming: 5/9
[9 INFO main 158637] Confirming: 6/9
[9 INFO main 160636] Confirming: 7/9
[9 INFO main 162698] Confirming: 8/9
[9 INFO main 164715] Confirming: 9/9
[9 INFO main 165197] Scout.Query -> Verify.DriveTo | Go to unverified source
[9 INFO main 188375] Verify.DriveTo -> Verify.Homing | Homing
[9 INFO main 201344] Verify.Homing -> Scout.Query | Arrived home
[9 INFO main 208917] Confirming: 1/9
[9 INFO main 210940] Confirming: 2/9
[9 INFO main 212906] Confirming: 3/9
[9 INFO main 214993] Confirming: 4/9
[9 INFO main 217052] Confirming: 5/9
[9 INFO main 219161] Confirming: 6/9
[9 INFO main 221224] Confirming: 7/9
[9 INFO main 223314] Confirming: 8/9
[9 INFO main 225388] Confirming: 9/9
[9 INFO main 226133] Scout.Query -> Verify.DriveTo | Go to unverified source
[9 INFO main 268662] Verify.DriveTo -> Verify.Homing | Homing
[9 INFO main 284756] Verify.Homing -> Scout.Query | Arrived home
[9 INFO main 297749] Confirming: 1/9
[9 INFO main 299768] Confirming: 2/9
[9 INFO main 301800] Confirming: 4/9
[9 INFO main 310086] Confirming: 7/9
[9 INFO main 312123] Confirming: 9/9
[9 INFO main 312622] Scout.Query -> Verify.DriveTo | Go to unverified source
[9 INFO main 393970] Verify.DriveTo -> Verify.Homing | Homing
[9 INFO main 418716] Confirming: 1/9
[9 INFO main 420897] Confirming: 2/9
[9 INFO main 422939] Confirming: 3/9
[9 INFO main 424962] Confirming: 4/9
[9 INFO main 427054] Confirming: 5/9
[9 INFO main 429130] Confirming: 6/9
[9 INFO main 431182] Confirming: 7/9
[9 INFO main 433243] Confirming: 8/9
[9 INFO main 433891] Verify.Homing -> Scout.Query | Arrived home
[9 INFO main 435242] Confirming: 9/9
[9 INFO main 436062] Scout.Query -> Verify.DriveTo | Go to unverified source
[9 INFO main 528498] Verify.DriveTo -> Verify.Homing | Homing
[9 INFO main 539365] Confirming: 1/9
[9 INFO main 541381] Confirming: 2/9
[9 INFO main 543642] Confirming: 3/9
[9 INFO main 545688] Confirming: 4/9
[9 INFO main 547768] Confirming: 5/9
[9 INFO main 549817] Confirming: 6/9
[9 INFO main 551854] Confirming: 7/9
[9 INFO main 553921] Confirming: 8/9
[9 INFO main 555952] Confirming: 9/9
[9 INFO main 556616] Verify.Homing -> Scout.Query | Arrived home
[9 INFO main 556640] Scout.Query -> Verify.DriveTo | Go to unverified source
[9 INFO main 591720] Verify.DriveTo -> Verify.Homing | Homing
[9 INFO main 599997] Confirming: 1/9
[9 INFO main 602041] Confirming: 2/9
[9 INFO main 604139] Confirming: 3/9
[9 INFO main 605817] Verify.Homing -> Scout.Query | Arrived home
[9 INFO main 606219] Confirming: 4/9
[9 INFO main 608294] Confirming: 5/9
[9 INFO main 610352] Confirming: 6/9
[9 INFO main 612433] Confirming: 7/9
[9 INFO main 614443] Confirming: 8/9
[9 INFO main 616460] Confirming: 9/9
[9 INFO main 616953] Scout.Query -> Verify.DriveTo | Go to unverified source
[9 INFO main 641102] Verify.DriveTo -> Verify.Homing | Homing
[9 INFO main 659902] Confirming: 1/9
[9 INFO main 662008] Confirming: 2/9
[9 INFO main 662343] Verify.Homing -> Scout.Query | Arrived home
[9 INFO main 664028] Confirming: 3/9
[9 INFO main 666117] Confirming: 4/9
[9 INFO main 668274] Confirming: 5/9
[9 INFO main 670473] Confirming: 6/9
[9 INFO main 672514] Confirming: 7/9
[9 INFO main 674566] Confirming: 8/9
[9 INFO main 676749] Confirming: 9/9
[9 INFO main 677461] Scout.Query -> Verify.DriveTo | Go to unverified source
[9 INFO main 769820] Verify.DriveTo -> Verify.Homing | Homing
[9 INFO main 780092] Confirming: 1/9
[9 INFO main 782153] Confirming: 2/9
[9 INFO main 784193] Confirming: 3/9
[9 INFO main 786283] Confirming: 4/9
[9 INFO main 788251] Confirming: 5/9
[9 INFO main 790398] Confirming: 6/9
[9 INFO main 792413] Confirming: 7/9
[9 INFO main 794441] Confirming: 8/9
[9 INFO main 796453] Confirming: 9/9
[9 INFO main 799329] Verify.Homing -> Scout.Query | Arrived home
[9 INFO main 799480] Scout.Query -> Verify.DriveTo | Go to unverified source
[9 INFO main 884023] Verify.DriveTo -> Verify.Homing | Homing
[9 INFO main 896476] Confirming: 1/9
[9 INFO main 896709] Verify.Homing -> Scout.Query | Arrived home
[9 INFO main 898524] Confirming: 2/9
[9 INFO main 900610] Confirming: 3/9
[9 INFO main 902635] Confirming: 4/9
[9 INFO main 904697] Confirming: 5/9
[9 INFO main 906822] Confirming: 7/9
[9 INFO main 908914] Confirming: 8/9
[9 INFO main 913051] Confirming: 10/9
[9 INFO main 913617] Scout.Query -> Verify.DriveTo | Go to unverified source
[9 INFO main 940691] Verify.DriveTo -> Verify.Homing | Homing
[9 INFO main 952459] Verify.Homing -> Scout.Query | Arrived home
[9 INFO main 959319] Confirming: 1/9
[9 INFO main 963497] Confirming: 3/9
[9 INFO main 965631] Confirming: 4/9
[9 INFO main 967637] Confirming: 5/9
[9 INFO main 969660] Confirming: 6/9
[9 INFO main 971739] Confirming: 7/9
[9 INFO main 973772] Confirming: 8/9
[9 INFO main 975842] Confirming: 9/9
[9 INFO main 976627] Scout.Query -> Verify.DriveTo | Go to unverified source
[9 INFO main 1034294] Verify.DriveTo -> Verify.Homing | Homing
[9 INFO main 1051480] Confirming: 2/9
[9 INFO main 1053479] Confirming: 3/9
[9 INFO main 1055702] Confirming: 4/9
[9 INFO main 1058040] Confirming: 5/9
[9 INFO main 1060060] Confirming: 6/9
[9 INFO main 1062169] Confirming: 7/9
[9 INFO main 1064321] Confirming: 8/9
[9 INFO main 1064453] Verify.Homing -> Scout.Query | Arrived home
[9 INFO main 1066384] Confirming: 9/9
[9 INFO main 1066907] Scout.Query -> Verify.DriveTo | Go to unverified source
[9 INFO main 1099907] Verify.DriveTo -> Verify.Homing | Homing
[9 INFO main 1110305] Confirming: 1/9
[9 INFO main 1112531] Confirming: 2/9
[9 INFO main 1114878] Confirming: 3/9
[9 INFO main 1116898] Confirming: 4/9
[9 INFO main 1118970] Confirming: 5/9
[9 INFO main 1121133] Confirming: 6/9
[9 INFO main 1123277] Confirming: 7/9
[9 INFO main 1125331] Confirming: 8/9
[9 INFO main 1127403] Confirming: 9/9
[9 INFO main 1129173] Verify.Homing -> Scout.Query | Arrived home
[9 INFO main 1129365] Scout.Query -> Verify.DriveTo | Go to unverified source
[9 INFO main 1162179] Verify.DriveTo -> Verify.Homing | Homing
[9 INFO main 1170431] Confirming: 1/9
[9 INFO main 1172438] Confirming: 2/9
[9 INFO main 1174512] Confirming: 3/9
[9 INFO main 1176649] Confirming: 4/9
[9 INFO main 1178716] Confirming: 5/9
[9 INFO main 1178916] Verify.Homing -> Scout.Query | Arrived home
[9 INFO main 1180837] Confirming: 6/9
[9 INFO main 1182848] Confirming: 7/9
[9 INFO main 1184932] Confirming: 8/9
[9 INFO main 1187020] Confirming: 9/9
[9 INFO main 1187321] Scout.Query -> Verify.DriveTo | Go to unverified source
[9 INFO main 1291355] Verify.DriveTo -> Verify.Homing | Homing
[9 INFO main 1320023] Confirming: 1/9
[9 INFO main 1321718] Verify.Homing -> Scout.Query | Arrived home
[9 INFO main 1324163] Confirming: 3/9
[9 INFO main 1326257] Confirming: 4/9
[9 INFO main 1328263] Confirming: 5/9
[9 INFO main 1330370] Confirming: 6/9
[9 INFO main 1332494] Confirming: 7/9
[9 INFO main 1334499] Confirming: 8/9
[9 INFO main 1336555] Confirming: 9/9
[9 INFO main 1337405] Scout.Query -> Verify.DriveTo | Go to unverified source
[9 INFO main 1354716] Verify.DriveTo -> Verify.Homing | Homing
[9 INFO main 1371157] Confirming: 1/9
[9 INFO main 1372335] Verify.Homing -> Scout.Query | Arrived home
[9 INFO main 1373206] Confirming: 2/9
[9 INFO main 1375258] Confirming: 3/9
[9 INFO main 1377260] Confirming: 4/9
[9 INFO main 1379353] Confirming: 5/9
[9 INFO main 1381509] Confirming: 6/9
[9 INFO main 1383535] Confirming: 7/9
[9 INFO main 1385558] Confirming: 8/9
[9 INFO main 1387732] Confirming: 9/9
[9 INFO main 1387765] Scout.Query -> Verify.DriveTo | Go to unverified source
[9 INFO main 1407235] Verify.DriveTo -> Verify.Homing | Homing
[9 INFO main 1425382] Verify.Homing -> Scout.Query | Arrived home
[9 INFO main 1442606] Confirming: 2/9
[9 INFO main 1444741] Confirming: 3/9
[9 INFO main 1446841] Confirming: 4/9
[9 INFO main 1448993] Confirming: 5/9
[9 INFO main 1451060] Confirming: 6/9
[9 INFO main 1453077] Confirming: 7/9
[9 INFO main 1455090] Confirming: 8/9
[9 INFO main 1457116] Confirming: 9/9
[9 INFO main 1457156] Scout.Query -> Verify.DriveTo | Go to unverified source
[9 INFO main 1516741] Verify.DriveTo -> Verify.Homing | Homing
[9 INFO main 1531416] Confirming: 1/9
[9 INFO main 1533437] Confirming: 2/9
[9 INFO main 1535453] Confirming: 3/9
[9 INFO main 1537547] Confirming: 4/9
[9 INFO main 1538262] Verify.Homing -> Scout.Query | Arrived home
[9 INFO main 1539575] Confirming: 5/9
[9 INFO main 1541697] Confirming: 6/9
[9 INFO main 1543851] Confirming: 8/9
[9 INFO main 1545852] Confirming: 9/9
[9 INFO main 1546025] Scout.Query -> Verify.DriveTo | Go to unverified source
[9 INFO main 1588206] Verify.DriveTo -> Verify.Homing | Homing
[9 INFO main 1608037] Verify.Homing -> Scout.Query | Arrived home
[9 INFO main 1621272] Confirming: 1/9
[9 INFO main 1623332] Confirming: 2/9
[9 INFO main 1625342] Confirming: 3/9
[9 INFO main 1627428] Confirming: 4/9
[9 INFO main 1629450] Confirming: 5/9
[9 INFO main 1631683] Confirming: 6/9
[9 INFO main 1633684] Confirming: 7/9
[9 INFO main 1635781] Confirming: 8/9
[9 INFO main 1637838] Confirming: 9/9
[9 INFO main 1638368] Scout.Query -> Verify.DriveTo | Go to unverified source
[9 INFO main 1684345] Verify.DriveTo -> Verify.Homing | Homing
[9 INFO main 1690226] Verify.Homing -> Scout.Query | Arrived home
[9 INFO main 1711494] Confirming: 1/9
[9 INFO main 1713493] Confirming: 2/9
[9 INFO main 1715571] Confirming: 3/9
[9 INFO main 1717570] Confirming: 4/9
[9 INFO main 1719601] Confirming: 5/9
[9 INFO main 1721627] Confirming: 6/9
[9 INFO main 1723636] Confirming: 7/9
[9 INFO main 1725709] Confirming: 8/9
[9 INFO main 1727782] Confirming: 9/9
[9 INFO main 1728496] Scout.Query -> Verify.DriveTo | Go to unverified source
[9 INFO main 1759073] Verify.DriveTo -> Verify.Homing | Homing
[9 INFO main 1778504] Verify.Homing -> Scout.Query | Arrived home
[9 INFO main 1792671] Confirming: 2/9
[9 INFO main 1794748] Confirming: 3/9
[9 INFO main 1813368] Confirming: 12/9
[9 INFO main 1813513] Scout.Query -> Verify.DriveTo | Go to unverified source
[9 INFO main 1878387] Verify.DriveTo -> Verify.Homing | Homing
[9 INFO main 1894948] Confirming: 1/9
[9 INFO main 1896972] Confirming: 2/9
[9 INFO main 1898976] Confirming: 3/9
[9 INFO main 1901076] Confirming: 4/9
[9 INFO main 1903146] Confirming: 5/9
[9 INFO main 1903479] Verify.Homing -> Scout.Query | Arrived home
[9 INFO main 1905197] Confirming: 6/9
[9 INFO main 1907330] Confirming: 7/9
[9 INFO main 1909364] Confirming: 8/9
[9 INFO main 1911375] Confirming: 9/9
[9 INFO main 1911549] Scout.Query -> Verify.DriveTo | Go to unverified source
[9 INFO main 1943699] Verify.DriveTo -> Verify.Homing | Homing
[9 INFO main 1952106] Confirming: 2/9
[9 INFO main 1954116] Confirming: 3/9
[9 INFO main 1956194] Confirming: 4/9
[9 INFO main 1958175] Confirming: 5/9
[9 INFO main 1960347] Confirming: 6/9
[9 INFO main 1962370] Confirming: 7/9
[9 INFO main 1962371] Verify.Homing -> Scout.Query | Arrived home
[9 INFO main 1964523] Confirming: 8/9
[9 INFO main 1966550] Confirming: 9/9
[9 INFO main 1966862] Scout.Query -> Verify.DriveTo | Go to unverified source
[9 INFO main 2000484] Verify.DriveTo -> Verify.Homing | Homing
[9 INFO main 2010742] Confirming: 1/9
[9 INFO main 2012776] Confirming: 2/9
[9 INFO main 2014428] Verify.Homing -> Scout.Query | Arrived home
[9 INFO main 2014857] Confirming: 3/9
[9 INFO main 2016899] Confirming: 4/9
[9 INFO main 2018899] Confirming: 5/9
[9 INFO main 2020968] Confirming: 6/9
[9 INFO main 2022989] Confirming: 7/9
[9 INFO main 2025058] Confirming: 8/9
[9 INFO main 2027087] Confirming: 9/9
[9 INFO main 2027687] Scout.Query -> Verify.DriveTo | Go to unverified source
[9 INFO main 2102160] Verify.DriveTo -> Verify.Homing | Homing
[9 INFO main 2119605] Verify.Homing -> Scout.Query | Arrived home
[9 INFO main 2125004] Confirming: 1/9
[9 INFO main 2127061] Confirming: 2/9
[9 INFO main 2129069] Confirming: 3/9
[9 INFO main 2131131] Confirming: 4/9
[9 INFO main 2133188] Confirming: 5/9
[9 INFO main 2135204] Confirming: 6/9
[9 INFO main 2137210] Confirming: 7/9
[9 INFO main 2139247] Confirming: 8/9
[9 INFO main 2141253] Confirming: 9/9
[9 INFO main 2141885] Scout.Query -> Verify.DriveTo | Go to unverified source
[9 INFO main 2152433] Verify.DriveTo -> Verify.Homing | Homing
[9 INFO main 2165878] Verify.Homing -> Scout.Query | Arrived home
[9 INFO main 2171053] Confirming: 1/9
[9 INFO main 2173100] Confirming: 2/9
[9 INFO main 2175057] Confirming: 3/9
[9 INFO main 2177235] Confirming: 4/9
[9 INFO main 2179279] Confirming: 5/9
[9 INFO main 2181355] Confirming: 6/9
[9 INFO main 2183375] Confirming: 7/9
[9 INFO main 2185568] Confirming: 8/9
[9 INFO main 2187634] Confirming: 9/9
[9 INFO main 2188072] Scout.Query -> Verify.DriveTo | Go to unverified source
[9 INFO main 2250460] Verify.DriveTo -> Verify.Homing | Homing
[9 INFO main 2273355] Verify.Homing -> Scout.Query | Arrived home
[9 INFO main 2281577] Confirming: 1/9
[9 INFO main 2283634] Confirming: 2/9
[9 INFO main 2285810] Confirming: 4/9
[9 INFO main 2287956] Confirming: 5/9
[9 INFO main 2290059] Confirming: 6/9
[9 INFO main 2292128] Confirming: 7/9
[9 INFO main 2296249] Confirming: 9/9
[9 INFO main 2296301] Scout.Query -> Verify.DriveTo | Go to unverified source
[9 INFO main 2353278] Verify.DriveTo -> Verify.Homing | Homing
[9 INFO main 2372115] Confirming: 1/9
[9 INFO main 2374199] Confirming: 2/9
[9 INFO main 2376363] Confirming: 3/9
[9 INFO main 2378377] Confirming: 4/9
[9 INFO main 2379829] Verify.Homing -> Scout.Query | Arrived home
[9 INFO main 2380463] Confirming: 5/9
[9 INFO main 2382581] Confirming: 6/9
[9 INFO main 2384762] Confirming: 7/9
[9 INFO main 2386800] Confirming: 8/9
[9 INFO main 2388819] Confirming: 10/9
[9 INFO main 2389610] Scout.Query -> Verify.DriveTo | Go to unverified source
[9 INFO main 2423090] Verify.DriveTo -> Verify.Homing | Homing
[9 INFO main 2431406] Confirming: 1/9
[9 INFO main 2435424] Confirming: 3/9
[9 INFO main 2437503] Confirming: 4/9
[9 INFO main 2439568] Confirming: 5/9
[9 INFO main 2441667] Confirming: 6/9
[9 INFO main 2443746] Confirming: 7/9
[9 INFO main 2445773] Confirming: 8/9
[9 INFO main 2447788] Confirming: 9/9
[9 INFO main 2451564] Verify.Homing -> Scout.Query | Arrived home
[9 INFO main 2451645] Scout.Query -> Verify.DriveTo | Go to unverified source
[9 INFO main 2533564] Verify.DriveTo -> Verify.Homing | Homing
[9 INFO main 2552093] Confirming: 1/9
[9 INFO main 2554128] Confirming: 2/9
[9 INFO main 2556329] Confirming: 3/9
[9 INFO main 2558441] Confirming: 4/9
[9 INFO main 2559619] Verify.Homing -> Scout.Query | Arrived home
[9 INFO main 2560443] Confirming: 5/9
[9 INFO main 2562563] Confirming: 6/9
[9 INFO main 2564638] Confirming: 7/9
[9 INFO main 2566729] Confirming: 8/9
[9 INFO main 2568790] Confirming: 9/9
[9 INFO main 2568835] Scout.Query -> Verify.DriveTo | Go to unverified source
[9 INFO main 2587398] Verify.DriveTo -> Verify.Homing | Homing
[9 INFO main 2596068] Verify.Homing -> Scout.Query | Arrived home
[9 INFO main 2612433] Confirming: 1/9
[9 INFO main 2614541] Confirming: 2/9
[9 INFO main 2616658] Confirming: 3/9
[9 INFO main 2618694] Confirming: 4/9
[9 INFO main 2620803] Confirming: 6/9
[9 INFO main 2624992] Confirming: 7/9
[9 INFO main 2627046] Confirming: 9/9
[9 INFO main 2627316] Scout.Query -> Verify.DriveTo | Go to unverified source
[9 INFO main 2678540] Verify.DriveTo -> Verify.Homing | Homing
[9 INFO main 2702827] Confirming: 2/9
[9 INFO main 2706562] Verify.Homing -> Scout.Query | Arrived home
[9 INFO main 2706987] Confirming: 4/9
[9 INFO main 2711107] Confirming: 6/9
[9 INFO main 2713227] Confirming: 7/9
[9 INFO main 2715358] Confirming: 8/9
[9 INFO main 2717398] Confirming: 9/9
[9 INFO main 2717574] Scout.Query -> Verify.DriveTo | Go to unverified source
[9 INFO main 2815683] Verify.DriveTo -> Verify.Homing | Homing
[9 INFO main 2821945] Confirming: 1/9
[9 INFO main 2823966] Confirming: 2/9
[9 INFO main 2825975] Confirming: 3/9
[9 INFO main 2828090] Confirming: 4/9
[9 INFO main 2830174] Confirming: 5/9
[9 INFO main 2832199] Confirming: 6/9
[9 INFO main 2834268] Confirming: 7/9
[9 INFO main 2836327] Confirming: 8/9
[9 INFO main 2838450] Confirming: 9/9
[9 INFO main 2845817] Verify.Homing -> Scout.Query | Arrived home
[9 INFO main 2845970] Scout.Query -> Verify.DriveTo | Go to unverified source
[9 INFO main 2859575] Verify.DriveTo -> Verify.Homing | Homing
[9 INFO main 2866673] Verify.Homing -> Scout.Query | Arrived home
[9 INFO main 2882634] Confirming: 1/9
[9 INFO main 2884691] Confirming: 2/9
[9 INFO main 2886696] Confirming: 3/9
[9 INFO main 2888801] Confirming: 5/9
[9 INFO main 2890806] Confirming: 6/9
[9 INFO main 2892927] Confirming: 7/9
[9 INFO main 2897003] Confirming: 9/9
[9 INFO main 2897323] Scout.Query -> Verify.DriveTo | Go to unverified source
[9 INFO main 2956258] Verify.DriveTo -> Verify.Homing | Homing
[9 INFO main 2972699] Confirming: 1/9
[9 INFO main 2974742] Confirming: 2/9
[9 INFO main 2976771] Confirming: 3/9
[9 INFO main 2978711] Confirming: 4/9
[9 INFO main 2980935] Confirming: 6/9
[9 INFO main 2983025] Confirming: 7/9
[9 INFO main 2985275] Confirming: 8/9
[9 INFO main 2987519] Confirming: 9/9
[9 INFO main 2987864] Verify.Homing -> Scout.Query | Arrived home
[9 INFO main 2988024] Scout.Query -> Verify.DriveTo | Go to unverified source
[9 INFO main 3082646] Verify.DriveTo -> Verify.Homing | Homing
[9 INFO main 3091146] Confirming: 1/9
[9 INFO main 3093224] Confirming: 2/9
[9 INFO main 3095282] Confirming: 3/9
[9 INFO main 3099440] Confirming: 5/9
[9 INFO main 3101489] Confirming: 6/9
[9 INFO main 3103635] Confirming: 7/9
[9 INFO main 3105862] Confirming: 8/9
[9 INFO main 3108061] Confirming: 9/9
[9 INFO main 3111072] Verify.Homing -> Scout.Query | Arrived home
[9 INFO main 3111333] Scout.Query -> Verify.DriveTo | Go to unverified source
[9 INFO main 3195498] Verify.DriveTo -> Verify.Homing | Homing
[9 INFO main 3212286] Confirming: 1/9
[9 INFO main 3214349] Confirming: 2/9
[9 INFO main 3214949] Verify.Homing -> Scout.Query | Arrived home
[9 INFO main 3216482] Confirming: 3/9
[9 INFO main 3218515] Confirming: 4/9
[9 INFO main 3220518] Confirming: 5/9
[9 INFO main 3222570] Confirming: 6/9
[9 INFO main 3224677] Confirming: 7/9
[9 INFO main 3226737] Confirming: 8/9
[9 INFO main 3228808] Confirming: 9/9
[9 INFO main 3228858] Scout.Query -> Verify.DriveTo | Go to unverified source
[9 INFO main 3253376] Verify.DriveTo -> Verify.Homing | Homing
[9 INFO main 3262318] Verify.Homing -> Scout.Query | Arrived home
[9 INFO main 3272225] Confirming: 1/9
[9 INFO main 3274318] Confirming: 2/9
[9 INFO main 3276611] Confirming: 3/9
[9 INFO main 3278624] Confirming: 4/9
[9 INFO main 3280839] Confirming: 5/9
[9 INFO main 3282843] Confirming: 6/9
[9 INFO main 3284979] Confirming: 7/9
[9 INFO main 3287044] Confirming: 8/9
[9 INFO main 3289249] Confirming: 9/9
[9 INFO main 3289488] Scout.Query -> Verify.DriveTo | Go to unverified source
[9 INFO main 3324182] Verify.DriveTo -> Verify.Homing | Homing
[9 INFO main 3332658] Confirming: 1/9
[9 INFO main 3334678] Confirming: 2/9
[9 INFO main 3336697] Confirming: 3/9
[9 INFO main 3338731] Confirming: 4/9
[9 INFO main 3340739] Confirming: 5/9
[9 INFO main 3342861] Confirming: 6/9
[9 INFO main 3345071] Confirming: 7/9
[9 INFO main 3347117] Confirming: 8/9
[9 INFO main 3349157] Confirming: 9/9
[9 INFO main 3349375] Verify.Homing -> Scout.Query | Arrived home
[9 INFO main 3349534] Scout.Query -> Verify.DriveTo | Go to unverified source
[9 INFO main 3502183] Verify.DriveTo -> Verify.Homing | Homing
[9 INFO main 3512985] Confirming: 1/9
[9 INFO main 3515012] Confirming: 2/9
[9 INFO main 3517100] Confirming: 3/9
[9 INFO main 3519335] Confirming: 4/9
[9 INFO main 3521412] Confirming: 5/9
[9 INFO main 3523467] Confirming: 6/9
[9 INFO main 3525707] Confirming: 7/9
[9 INFO main 3527699] Confirming: 8/9
[9 INFO main 3528726] Verify.Homing -> Scout.Query | Arrived home
[9 INFO main 3529860] Confirming: 10/9
[9 INFO main 3529918] Scout.Query -> Verify.DriveTo | Go to unverified source
[9 INFO main 3571578] Verify.DriveTo -> Verify.Homing | Homing
[9 INFO main 3576191] Verify.Homing -> Scout.Query | Arrived home
[9 INFO main 3603163] Confirming: 1/9
[9 INFO main 3605214] Confirming: 2/9
[9 INFO main 3607231] Confirming: 3/9
[9 INFO main 3609339] Confirming: 4/9
[9 INFO main 3611511] Confirming: 5/9
[9 INFO main 3613519] Confirming: 6/9
[9 INFO main 3615535] Confirming: 7/9
[9 INFO main 3617703] Confirming: 8/9
[9 INFO main 3619725] Confirming: 9/9
[9 INFO main 3620108] Scout.Query -> Verify.DriveTo | Go to unverified source
[9 INFO main 3654264] Verify.DriveTo -> Verify.Homing | Homing
[9 INFO main 3663351] Confirming: 1/9
[9 INFO main 3665484] Confirming: 2/9
[9 INFO main 3667535] Confirming: 3/9
[9 INFO main 3669625] Confirming: 4/9
[9 INFO main 3671915] Confirming: 6/9
[9 INFO main 3674020] Confirming: 7/9
[9 INFO main 3674588] Verify.Homing -> Scout.Query | Arrived home
[9 INFO main 3676054] Confirming: 8/9
[9 INFO main 3678192] Confirming: 9/9
[9 INFO main 3678311] Scout.Query -> Verify.DriveTo | Go to unverified source
[9 INFO main 3730267] Verify.DriveTo -> Verify.Homing | Homing
[9 INFO main 3753617] Confirming: 1/9
[9 INFO main 3754221] Verify.Homing -> Scout.Query | Arrived home
[9 INFO main 3755620] Confirming: 2/9
[9 INFO main 3757727] Confirming: 3/9
[9 INFO main 3759766] Confirming: 4/9
[9 INFO main 3761878] Confirming: 6/9
[9 INFO main 3764051] Confirming: 7/9
[9 INFO main 3766088] Confirming: 8/9
[9 INFO main 3768263] Confirming: 9/9
[9 INFO main 3768822] Scout.Query -> Verify.DriveTo | Go to unverified source
[9 INFO main 3793036] Verify.DriveTo -> Verify.Homing | Homing
[9 INFO main 3812778] Confirming: 1/9
[9 INFO main 3814923] Confirming: 2/9
[9 INFO main 3815362] Verify.Homing -> Scout.Query | Arrived home
[9 INFO main 3816994] Confirming: 3/9
[9 INFO main 3819084] Confirming: 4/9
[9 INFO main 3821146] Confirming: 5/9
[9 INFO main 3823218] Confirming: 6/9
[9 INFO main 3825250] Confirming: 7/9
[9 INFO main 3827440] Confirming: 8/9
[9 INFO main 3829564] Confirming: 9/9
[9 INFO main 3830438] Scout.Query -> Verify.DriveTo | Go to unverified source
[9 INFO main 3856530] Verify.DriveTo -> Verify.Homing | Homing
[9 INFO main 3862020] Verify.Homing -> Scout.Query | Arrived home
[9 INFO main 3873403] Confirming: 1/9
[9 INFO main 3875415] Confirming: 2/9
[9 INFO main 3877519] Confirming: 3/9
[9 INFO main 3879600] Confirming: 4/9
[9 INFO main 3881644] Confirming: 5/9
[9 INFO main 3883722] Confirming: 6/9
[9 INFO main 3885802] Confirming: 7/9
[9 INFO main 3887800] Confirming: 8/9
[9 INFO main 3889821] Confirming: 9/9
[9 INFO main 3890516] Scout.Query -> Verify.DriveTo | Go to unverified source
[9 INFO main 3920978] Verify.DriveTo -> Verify.Homing | Homing
[9 INFO main 3933715] Confirming: 1/9
[9 INFO main 3935738] Confirming: 2/9
[9 INFO main 3938068] Confirming: 3/9
[9 INFO main 3940178] Confirming: 4/9
[9 INFO main 3942312] Confirming: 5/9
[9 INFO main 3942663] Verify.Homing -> Scout.Query | Arrived home
[9 INFO main 3948693] Confirming: 9/9
[9 INFO main 3949782] Scout.Query -> Verify.DriveTo | Go to unverified source
[9 INFO main 4039190] Verify.DriveTo -> Verify.Homing | Homing
[9 INFO main 4083345] Confirming: 1/9
[9 INFO main 4084848] Verify.Homing -> Scout.Query | Arrived home
[9 INFO main 4085389] Confirming: 2/9
[9 INFO main 4087431] Confirming: 3/9
[9 INFO main 4089506] Confirming: 4/9
[9 INFO main 4091806] Confirming: 5/9
[9 INFO main 4093819] Confirming: 7/9
[9 INFO main 4097999] Confirming: 8/9
[9 INFO main 4100022] Confirming: 10/9
[9 INFO main 4100632] Scout.Query -> Verify.DriveTo | Go to unverified source
[9 INFO main 4163793] Verify.DriveTo -> Verify.Homing | Homing
[9 INFO main 4174312] Confirming: 1/9
[9 INFO main 4176435] Confirming: 3/9
[9 INFO main 4178575] Confirming: 4/9
[9 INFO main 4182860] Confirming: 6/9
[9 INFO main 4184097] Verify.Homing -> Scout.Query | Arrived home
[9 INFO main 4184978] Confirming: 7/9
[9 INFO main 4187119] Confirming: 8/9
[9 INFO main 4189118] Confirming: 9/9
[9 INFO main 4189908] Scout.Query -> Verify.DriveTo | Go to unverified source
[9 INFO main 4223992] Verify.DriveTo -> Verify.Homing | Homing
[9 INFO main 4232581] Confirming: 1/9
[9 INFO main 4234635] Confirming: 2/9
[9 INFO main 4236672] Confirming: 3/9
[9 INFO main 4238690] Confirming: 4/9
[9 INFO main 4240736] Confirming: 5/9
[9 INFO main 4242816] Confirming: 6/9
[9 INFO main 4244903] Confirming: 7/9
[9 INFO main 4247271] Confirming: 8/9
[9 INFO main 4247602] Verify.Homing -> Scout.Query | Arrived home
[9 INFO main 4249284] Confirming: 9/9
[9 INFO main 4249927] Scout.Query -> Verify.DriveTo | Go to unverified source
[9 INFO main 4307512] Verify.DriveTo -> Verify.Homing | Homing
[9 INFO main 4322515] Confirming: 1/9
[9 INFO main 4324573] Confirming: 2/9
[9 INFO main 4326627] Confirming: 3/9
[9 INFO main 4328715] Confirming: 4/9
[9 INFO main 4330727] Confirming: 5/9
[9 INFO main 4332729] Confirming: 6/9
[9 INFO main 4334778] Confirming: 7/9
[9 INFO main 4337008] Confirming: 8/9
[9 INFO main 4337925] Verify.Homing -> Scout.Query | Arrived home
[9 INFO main 4339085] Confirming: 9/9
[9 INFO main 4339212] Scout.Query -> Verify.DriveTo | Go to unverified source
[9 INFO main 4499684] Verify.DriveTo -> Verify.Homing | Homing
[9 INFO main 4529648] Verify.Homing -> Scout.Query | Arrived home
[9 INFO main 4533475] Confirming: 1/9
[9 INFO main 4535465] Confirming: 2/9
[9 INFO main 4537727] Confirming: 3/9
[9 INFO main 4539794] Confirming: 4/9
[9 INFO main 4541872] Confirming: 6/9
[9 INFO main 4545942] Confirming: 8/9
[9 INFO main 4548035] Confirming: 9/9
[9 INFO main 4548446] Scout.Query -> Verify.DriveTo | Go to unverified source
[9 INFO main 4601312] Verify.DriveTo -> Verify.Homing | Homing
[9 INFO main 4622586] Confirming: 1/9
[9 INFO main 4624196] Verify.Homing -> Scout.Query | Arrived home
[9 INFO main 4624655] Confirming: 2/9
[9 INFO main 4626765] Confirming: 3/9
[9 INFO main 4628823] Confirming: 4/9
[9 INFO main 4630969] Confirming: 5/9
[9 INFO main 4633124] Confirming: 6/9
[9 INFO main 4635161] Confirming: 7/9
[9 INFO main 4637599] Confirming: 8/9
[9 INFO main 4639619] Confirming: 9/9
[9 INFO main 4640199] Scout.Query -> Verify.DriveTo | Go to unverified source
[9 INFO main 4697536] Verify.DriveTo -> Verify.Homing | Homing
[9 INFO main 4712903] Confirming: 1/9
[9 INFO main 4714975] Confirming: 2/9
[9 INFO main 4717055] Confirming: 3/9
[9 INFO main 4719226] Confirming: 4/9
[9 INFO main 4721313] Confirming: 5/9
[9 INFO main 4723345] Confirming: 6/9
[9 INFO main 4725567] Confirming: 7/9
[9 INFO main 4727707] Confirming: 8/9
[9 INFO main 4729727] Confirming: 9/9
[9 INFO main 4744618] Verify.Homing -> Scout.Query | Arrived home
[9 INFO main 4745211] Scout.Query -> Verify.DriveTo | Go to unverified source
[9 INFO main 4787831] Verify.DriveTo -> Verify.Homing | Homing
[9 INFO main 4802325] Confirming: 1/9
[9 INFO main 4804593] Confirming: 2/9
[9 INFO main 4806864] Confirming: 3/9
[9 INFO main 4808922] Confirming: 4/9
[9 INFO main 4811106] Confirming: 5/9
[9 INFO main 4811918] Verify.Homing -> Scout.Query | Arrived home
[9 INFO main 4813156] Confirming: 6/9
[9 INFO main 4815154] Confirming: 7/9
[9 INFO main 4817263] Confirming: 8/9
[9 INFO main 4819371] Confirming: 9/9
[9 INFO main 4820308] Scout.Query -> Verify.DriveTo | Go to unverified source
[9 INFO main 4845177] Verify.DriveTo -> Verify.Homing | Homing
[9 INFO main 4863946] Confirming: 2/9
[9 INFO main 4868088] Confirming: 4/9
[9 INFO main 4870148] Confirming: 5/9
[9 INFO main 4874424] Confirming: 7/9
[9 INFO main 4876791] Confirming: 8/9
[9 INFO main 4876791] Verify.Homing -> Scout.Query | Arrived home
[9 INFO main 4878812] Confirming: 9/9
[9 INFO main 4879110] Scout.Query -> Verify.DriveTo | Go to unverified source
[9 INFO main 4934448] Verify.DriveTo -> Verify.Homing | Homing
[9 INFO main 4952160] Verify.Homing -> Scout.Query | Arrived home
[9 INFO main 4953793] Confirming: 1/9
[9 INFO main 4955993] Confirming: 3/9
[9 INFO main 4958277] Confirming: 4/9
[9 INFO main 4960346] Confirming: 5/9
[9 INFO main 4962402] Confirming: 6/9
[9 INFO main 4964439] Confirming: 7/9
[9 INFO main 4966703] Confirming: 8/9
[9 INFO main 4968868] Confirming: 9/9
[9 INFO main 4968992] Scout.Query -> Verify.DriveTo | Go to unverified source
[9 INFO main 4976098] Verify.DriveTo -> Verify.Homing | Homing
[9 INFO main 4982865] Confirming: 1/9
[9 INFO main 4984271] Verify.Homing -> Scout.Query | Arrived home
[9 INFO main 4984916] Confirming: 2/9
[9 INFO main 4986976] Confirming: 3/9
[9 INFO main 4989555] Confirming: 4/9
[9 INFO main 4991631] Confirming: 5/9
[9 INFO main 4993611] Confirming: 6/9
[9 INFO main 4995704] Confirming: 7/9
[9 INFO main 4997802] Confirming: 9/9
[9 INFO main 4997860] Scout.Query -> Verify.DriveTo | Go to unverified source
[9 INFO main 5050613] Verify.DriveTo -> Verify.Homing | Homing
[9 INFO main 5071853] Confirming: 1/9
[9 INFO main 5075992] Confirming: 3/9
[9 INFO main 5078005] Confirming: 4/9
[9 INFO main 5080027] Confirming: 5/9
[9 INFO main 5082084] Confirming: 6/9
[9 INFO main 5084189] Confirming: 7/9
[9 INFO main 5088397] Confirming: 9/9
[9 INFO main 5091582] Verify.Homing -> Scout.Query | Arrived home
[9 INFO main 5102039] Scout.Query -> Verify.DriveTo | Go to unverified source
[9 INFO main 5157522] Verify.DriveTo -> Verify.Homing | Homing
[9 INFO main 5163773] Confirming: 1/9
[9 INFO main 5165931] Confirming: 3/9
[9 INFO main 5168006] Confirming: 4/9
[9 INFO main 5170060] Confirming: 5/9
[9 INFO main 5172220] Confirming: 6/9
[9 INFO main 5174319] Confirming: 7/9
[9 INFO main 5176987] Verify.Homing -> Scout.Query | Arrived home
[9 INFO main 5178755] Confirming: 9/9
[9 INFO main 5179189] Scout.Query -> Verify.DriveTo | Go to unverified source
[9 INFO main 5235363] Verify.DriveTo -> Verify.Homing | Homing
[9 INFO main 5253969] Confirming: 2/9
[9 INFO main 5255995] Confirming: 3/9
[9 INFO main 5260181] Confirming: 5/9
[9 INFO main 5262199] Confirming: 6/9
[9 INFO main 5266240] Confirming: 8/9
[9 INFO main 5268273] Confirming: 9/9
[9 INFO main 5268277] Verify.Homing -> Scout.Query | Arrived home
[9 INFO main 5268429] Scout.Query -> Verify.DriveTo | Go to unverified source
[9 INFO main 5317834] Verify.DriveTo -> Verify.Homing | Homing
[9 INFO main 5339815] Verify.Homing -> Scout.Query | Arrived home
[9 INFO main 5343091] Confirming: 1/9
[9 INFO main 5345147] Confirming: 2/9
[9 INFO main 5347255] Confirming: 3/9
[9 INFO main 5349345] Confirming: 4/9
[9 INFO main 5351575] Confirming: 5/9
[9 INFO main 5353636] Confirming: 6/9
[9 INFO main 5355676] Confirming: 7/9
[9 INFO main 5358041] Confirming: 9/9
[9 INFO main 5358424] Scout.Query -> Verify.DriveTo | Go to unverified source
