[4 INFO main 27] Initialising Python Geth Console...
[4 INFO main 32] Initialising RandB board...
[4 INFO main 32] Initialising navigation...
[4 INFO main 32] Initialising random-walk...
[4 INFO main 32] Initialising odometry...
[4 INFO main 32] Initialising ground-sensors...
[4 INFO main 786] --//-- Starting Experiment --//--
[4 INFO main 1888] Idle.IDLE -> Scout.Query | Duration: 23.82
[4 INFO main 10921] Scout.Query -> Scout.GotoCenter | Drive to others reported pos
[4 INFO main 33114] Scout.GotoCenter -> Scout.Query | return to random walk
[4 INFO main 94036] Scout.Query -> Scout.GotoCenter | Drive to others reported pos
[4 INFO main 105694] Scout.GotoCenter -> Scout.Query | return to random walk
[4 INFO main 141430] Scout.Query -> Scout.GotoCenter | Drive to others reported pos
[4 INFO main 169918] Scout.GotoCenter -> Scout.Query | return to random walk
[4 INFO main 210454] Scout.Query -> Scout.GotoCenter | Drive to others reported pos
[4 INFO main 255714] Scout.GotoCenter -> Scout.Query | return to random walk
[4 INFO main 281280] Scout.Query -> Scout.GotoCenter | Drive to others reported pos
[4 INFO main 306241] Scout.GotoCenter -> Scout.Query | return to random walk
[4 INFO main 347149] Scout.Query -> Scout.GotoCenter | Drive to others reported pos
[4 INFO main 376822] Scout.GotoCenter -> Scout.Query | return to random walk
[4 INFO main 422393] Scout.Query -> Scout.GotoCenter | Drive to others reported pos
[4 INFO main 467671] Scout.GotoCenter -> Scout.Query | return to random walk
[4 INFO main 498136] Scout.Query -> Scout.GotoCenter | Drive to others reported pos
[4 INFO main 511267] Scout.GotoCenter -> Scout.Query | return to random walk
[4 INFO main 551914] Scout.Query -> Scout.GotoCenter | Drive to others reported pos
[4 INFO main 574305] Scout.GotoCenter -> Scout.Query | return to random walk
[4 INFO main 600183] Scout.Query -> Scout.GotoCenter | Drive to others reported pos
[4 INFO main 631999] Scout.GotoCenter -> Scout.Query | return to random walk
[4 INFO main 662431] Scout.Query -> Scout.GotoCenter | Drive to others reported pos
[4 INFO main 673728] Scout.GotoCenter -> Scout.Query | return to random walk
