[10 INFO main 26] Initialising Python Geth Console...
[10 INFO main 31] Initialising RandB board...
[10 INFO main 31] Initialising navigation...
[10 INFO main 31] Initialising random-walk...
[10 INFO main 31] Initialising odometry...
[10 INFO main 31] Initialising ground-sensors...
[10 INFO main 606] --//-- Starting Experiment --//--
[10 INFO main 1699] Idle.IDLE -> Scout.Query | Duration: 20.36
[10 INFO main 36205] Scout.Query -> Scout.GotoCenter | Drive to others reported pos
[10 INFO main 56825] Scout.GotoCenter -> Scout.Query | return to random walk
[10 INFO main 82524] Scout.Query -> Scout.GotoCenter | Drive to others reported pos
[10 INFO main 141684] Scout.GotoCenter -> Scout.Query | return to random walk
[10 INFO main 177264] Scout.Query -> Scout.GotoCenter | Drive to others reported pos
[10 INFO main 241215] Scout.GotoCenter -> Scout.Query | return to random walk
[10 INFO main 386417] Scout.Query -> Scout.GotoCenter | Drive to others reported pos
[10 INFO main 398463] Scout.GotoCenter -> Scout.Query | return to random walk
[10 INFO main 454337] Scout.Query -> Scout.GotoCenter | Drive to others reported pos
[10 INFO main 476480] Scout.GotoCenter -> Scout.Query | return to random walk
[10 INFO main 502293] Scout.Query -> Scout.GotoCenter | Drive to others reported pos
[10 INFO main 527198] Scout.GotoCenter -> Scout.Query | return to random walk
[10 INFO main 593089] Scout.Query -> Scout.GotoCenter | Drive to others reported pos
