[INFO main 28] Initialising peer buffer...
[INFO main 28] Initialising resource buffer...
[INFO main 28] Initialising TCP server...
[INFO main 28] Initialising RandB board...
[INFO main 28] Initialising ground-sensors...
[INFO main 28] Initialising random-walk...
[INFO main 1208] --//-- Starting Experiment --//--
[INFO main 6519] Added resource: {"x": -0.37, "y": -0.04, "radius": 0.05, "quantity": 1, "quality": "yellow", "timeStamp": 0}
[INFO main 16827] Removed resource: {"x": -0.37, "y": -0.04, "radius": 0.05, "quantity": 1, "quality": "yellow", "timeStamp": 0}
[INFO main 189643] Added resource: {"x": -0.62, "y": 0.85, "radius": 0.04, "quantity": 1, "quality": "green", "timeStamp": 0}
[INFO main 202560] Added resource: {"x": -0.35, "y": 0.36, "radius": 0.04, "quantity": 1, "quality": "green", "timeStamp": 0}
[INFO main 287757] Removed resource: {"x": -0.35, "y": 0.36, "radius": 0.04, "quantity": 1, "quality": "green", "timeStamp": 0}
[INFO main 302575] Removed resource: {"x": -0.62, "y": 0.85, "radius": 0.04, "quantity": 1, "quality": "green", "timeStamp": 0}
[INFO main 314388] Added resource: {"x": -0.37, "y": 1.13, "radius": 0.05, "quantity": 1, "quality": "blue", "timeStamp": 0}
[INFO main 342822] Added resource: {"x": -0.32, "y": -0.06, "radius": 0.04, "quantity": 1, "quality": "blue", "timeStamp": 0}
[INFO main 367857] Added resource: {"x": -0.3, "y": -0.53, "radius": 0.05, "quantity": 1, "quality": "blue", "timeStamp": 0}
[INFO main 381670] Removed resource: {"x": -0.32, "y": -0.06, "radius": 0.04, "quantity": 1, "quality": "blue", "timeStamp": 0}
[INFO main 400394] Added resource: {"x": -0.52, "y": -0.19, "radius": 0.06, "quantity": 1, "quality": "green", "timeStamp": 0}
[INFO main 426022] Removed resource: {"x": -0.3, "y": -0.53, "radius": 0.05, "quantity": 1, "quality": "blue", "timeStamp": 0}
[INFO main 489495] Removed resource: {"x": -0.37, "y": 1.13, "radius": 0.05, "quantity": 1, "quality": "blue", "timeStamp": 0}
[INFO main 543365] Removed resource: {"x": -0.52, "y": -0.19, "radius": 0.06, "quantity": 1, "quality": "green", "timeStamp": 0}
[INFO main 575797] Added resource: {"x": 0.46, "y": -0.86, "radius": 0.04, "quantity": 1, "quality": "green", "timeStamp": 0}
