[9 INFO main 52] Initialising Python Geth Console...
[9 INFO main 55] Initialising RandB board...
[9 INFO main 55] Initialising navigation...
[9 INFO main 55] Initialising random-walk...
[9 INFO main 56] Initialising odometry...
[9 INFO main 56] Initialising ground-sensors...
[9 INFO main 525] --//-- Starting Experiment --//--
[9 INFO main 1625] Idle.IDLE -> Scout.Query | Duration: 20.20
[9 INFO main 8036] Scout.Query -> Scout.GotoCenter | Drive to others reported pos
[9 INFO main 14146] Scout.GotoCenter -> Scout.Query | return to random walk
[9 INFO main 14345] Scout.Query -> Scout.GotoCenter | Drive to others reported pos
[9 INFO main 14945] Scout.GotoCenter -> Scout.Query | return to random walk
[9 INFO main 15348] Scout.Query -> Scout.GotoCenter | Drive to others reported pos
[9 INFO main 15848] Scout.GotoCenter -> Scout.Query | return to random walk
[9 INFO main 16443] Scout.Query -> Scout.GotoCenter | Drive to others reported pos
[9 INFO main 18948] Scout.GotoCenter -> Scout.Query | return to random walk
[9 INFO main 19551] Scout.Query -> Scout.GotoCenter | Drive to others reported pos
[9 INFO main 21156] Scout.GotoCenter -> Scout.Query | return to random walk
[9 INFO main 21553] Scout.Query -> Scout.GotoCenter | Drive to others reported pos
[9 INFO main 25255] Scout.GotoCenter -> Scout.Query | return to random walk
[9 INFO main 25559] Scout.Query -> Scout.GotoCenter | Drive to others reported pos
[9 INFO main 27360] Scout.GotoCenter -> Scout.Query | return to random walk
[9 INFO main 27562] Scout.Query -> Scout.GotoCenter | Drive to others reported pos
[9 INFO main 29168] Scout.GotoCenter -> Scout.Query | return to random walk
[9 INFO main 29566] Scout.Query -> Scout.GotoCenter | Drive to others reported pos
[9 INFO main 30463] Scout.GotoCenter -> Scout.Query | return to random walk
[9 INFO main 30671] Scout.Query -> Scout.GotoCenter | Drive to others reported pos
[9 INFO main 31264] Scout.GotoCenter -> Scout.Query | return to random walk
[9 INFO main 31674] Scout.Query -> Scout.GotoCenter | Drive to others reported pos
[9 INFO main 35971] Scout.GotoCenter -> Scout.Query | return to random walk
[9 INFO main 36878] Scout.Query -> Scout.GotoCenter | Drive to others reported pos
[9 INFO main 37274] Scout.GotoCenter -> Scout.Query | return to random walk
[9 INFO main 37978] Scout.Query -> Scout.GotoCenter | Drive to others reported pos
[9 INFO main 38377] Scout.GotoCenter -> Scout.Query | return to random walk
[9 INFO main 39074] Scout.Query -> Scout.GotoCenter | Drive to others reported pos
[9 INFO main 39375] Scout.GotoCenter -> Scout.Query | return to random walk
[9 INFO main 40076] Scout.Query -> Scout.GotoCenter | Drive to others reported pos
[9 INFO main 40480] Scout.GotoCenter -> Scout.Query | return to random walk
[9 INFO main 41076] Scout.Query -> Scout.GotoCenter | Drive to others reported pos
[9 INFO main 41275] Scout.GotoCenter -> Scout.Query | return to random walk
[9 INFO main 42079] Scout.Query -> Scout.GotoCenter | Drive to others reported pos
[9 INFO main 42679] Scout.GotoCenter -> Scout.Query | return to random walk
[9 INFO main 43081] Scout.Query -> Scout.GotoCenter | Drive to others reported pos
[9 INFO main 43581] Scout.GotoCenter -> Scout.Query | return to random walk
[9 INFO main 44182] Scout.Query -> Scout.GotoCenter | Drive to others reported pos
[9 INFO main 44280] Scout.GotoCenter -> Scout.Query | return to random walk
[9 INFO main 45282] Scout.Query -> Scout.GotoCenter | Drive to others reported pos
[9 INFO main 46283] Scout.GotoCenter -> Scout.Query | return to random walk
