[7 INFO main 30] Initialising Python Geth Console...
[7 INFO main 34] Initialising RandB board...
[7 INFO main 34] Initialising navigation...
[7 INFO main 34] Initialising random-walk...
[7 INFO main 34] Initialising odometry...
[7 INFO main 34] Initialising ground-sensors...
[7 INFO main 672] --//-- Starting Experiment --//--
[7 INFO main 1780] Idle.IDLE -> Scout.Query | Duration: 21.89
[7 INFO main 106624] Scout.Query -> Scout.GotoCenter | Drive to others reported pos
[7 INFO main 118731] Scout.GotoCenter -> Scout.Query | return to random walk
[7 INFO main 119436] Scout.Query -> Scout.GotoCenter | Drive to others reported pos
[7 INFO main 122836] Scout.GotoCenter -> Scout.Query | return to random walk
[7 INFO main 123539] Scout.Query -> Scout.GotoCenter | Drive to others reported pos
[7 INFO main 124542] Scout.GotoCenter -> Scout.Query | return to random walk
[7 INFO main 125545] Scout.Query -> Scout.GotoCenter | Drive to others reported pos
[7 INFO main 125941] Scout.GotoCenter -> Scout.Query | return to random walk
[7 INFO main 126646] Scout.Query -> Scout.GotoCenter | Drive to others reported pos
[7 INFO main 128041] Scout.GotoCenter -> Scout.Query | return to random walk
[7 INFO main 128650] Scout.Query -> Scout.GotoCenter | Drive to others reported pos
[7 INFO main 130146] Scout.GotoCenter -> Scout.Query | return to random walk
[7 INFO main 130751] Scout.Query -> Scout.GotoCenter | Drive to others reported pos
[7 INFO main 131550] Scout.GotoCenter -> Scout.Query | return to random walk
[7 INFO main 131847] Scout.Query -> Scout.GotoCenter | Drive to others reported pos
[7 INFO main 131944] Scout.GotoCenter -> Scout.Query | return to random walk
[7 INFO main 132852] Scout.Query -> Scout.GotoCenter | Drive to others reported pos
[7 INFO main 133346] Scout.GotoCenter -> Scout.Query | return to random walk
[7 INFO main 133954] Scout.Query -> Scout.GotoCenter | Drive to others reported pos
[7 INFO main 135252] Scout.GotoCenter -> Scout.Query | return to random walk
[7 INFO main 136160] Scout.Query -> Scout.GotoCenter | Drive to others reported pos
[7 INFO main 136854] Scout.GotoCenter -> Scout.Query | return to random walk
[7 INFO main 137261] Scout.Query -> Scout.GotoCenter | Drive to others reported pos
[7 INFO main 137348] Scout.GotoCenter -> Scout.Query | return to random walk
[7 INFO main 138358] Scout.Query -> Scout.GotoCenter | Drive to others reported pos
[7 INFO main 139158] Scout.GotoCenter -> Scout.Query | return to random walk
[7 INFO main 139460] Scout.Query -> Scout.GotoCenter | Drive to others reported pos
[7 INFO main 141062] Scout.GotoCenter -> Scout.Query | return to random walk
[7 INFO main 141662] Scout.Query -> Scout.GotoCenter | Drive to others reported pos
[7 INFO main 143355] Scout.GotoCenter -> Scout.Query | return to random walk
[7 INFO main 143768] Scout.Query -> Scout.GotoCenter | Drive to others reported pos
[7 INFO main 143962] Scout.GotoCenter -> Scout.Query | return to random walk
[7 INFO main 144770] Scout.Query -> Scout.GotoCenter | Drive to others reported pos
[7 INFO main 145164] Scout.GotoCenter -> Scout.Query | return to random walk
[7 INFO main 145867] Scout.Query -> Scout.GotoCenter | Drive to others reported pos
[7 INFO main 145964] Scout.GotoCenter -> Scout.Query | return to random walk
[7 INFO main 146872] Scout.Query -> Scout.GotoCenter | Drive to others reported pos
[7 INFO main 148267] Scout.GotoCenter -> Scout.Query | return to random walk
[7 INFO main 148976] Scout.Query -> Scout.GotoCenter | Drive to others reported pos
[7 INFO main 149068] Scout.GotoCenter -> Scout.Query | return to random walk
[7 INFO main 150075] Scout.Query -> Scout.GotoCenter | Drive to others reported pos
[7 INFO main 150270] Scout.GotoCenter -> Scout.Query | return to random walk
[7 INFO main 151166] Scout.Query -> Scout.GotoCenter | Drive to others reported pos
[7 INFO main 152076] Scout.GotoCenter -> Scout.Query | return to random walk
[7 INFO main 152173] Scout.Query -> Scout.GotoCenter | Drive to others reported pos
[7 INFO main 152376] Scout.GotoCenter -> Scout.Query | return to random walk
[7 INFO main 153174] Scout.Query -> Scout.GotoCenter | Drive to others reported pos
[7 INFO main 155472] Scout.GotoCenter -> Scout.Query | return to random walk
[7 INFO main 156179] Scout.Query -> Scout.GotoCenter | Drive to others reported pos
[7 INFO main 158481] Scout.GotoCenter -> Scout.Query | return to random walk
[7 INFO main 159190] Scout.Query -> Scout.GotoCenter | Drive to others reported pos
[7 INFO main 160291] Scout.GotoCenter -> Scout.Query | return to random walk
[7 INFO main 161394] Scout.Query -> Scout.GotoCenter | Drive to others reported pos
[7 INFO main 161684] Scout.GotoCenter -> Scout.Query | return to random walk
[7 INFO main 162494] Scout.Query -> Scout.GotoCenter | Drive to others reported pos
[7 INFO main 164489] Scout.GotoCenter -> Scout.Query | return to random walk
[7 INFO main 164693] Scout.Query -> Scout.GotoCenter | Drive to others reported pos
[7 INFO main 166199] Scout.GotoCenter -> Scout.Query | return to random walk
[7 INFO main 166700] Scout.Query -> Scout.GotoCenter | Drive to others reported pos
[7 INFO main 167794] Scout.GotoCenter -> Scout.Query | return to random walk
[7 INFO main 168704] Scout.Query -> Scout.GotoCenter | Drive to others reported pos
[7 INFO main 169397] Scout.GotoCenter -> Scout.Query | return to random walk
[7 INFO main 169797] Scout.Query -> Scout.GotoCenter | Drive to others reported pos
[7 INFO main 170200] Scout.GotoCenter -> Scout.Query | return to random walk
[7 INFO main 170903] Scout.Query -> Scout.GotoCenter | Drive to others reported pos
[7 INFO main 172298] Scout.GotoCenter -> Scout.Query | return to random walk
[7 INFO main 173005] Scout.Query -> Scout.GotoCenter | Drive to others reported pos
[7 INFO main 173205] Scout.GotoCenter -> Scout.Query | return to random walk
[7 INFO main 174008] Scout.Query -> Scout.GotoCenter | Drive to others reported pos
[7 INFO main 174101] Scout.GotoCenter -> Scout.Query | return to random walk
[7 INFO main 175107] Scout.Query -> Scout.GotoCenter | Drive to others reported pos
[7 INFO main 175807] Scout.GotoCenter -> Scout.Query | return to random walk
[7 INFO main 176108] Scout.Query -> Scout.GotoCenter | Drive to others reported pos
[7 INFO main 178408] Scout.GotoCenter -> Scout.Query | return to random walk
[7 INFO main 179311] Scout.Query -> Scout.GotoCenter | Drive to others reported pos
[7 INFO main 183214] Scout.GotoCenter -> Scout.Query | return to random walk
[7 INFO main 183515] Scout.Query -> Scout.GotoCenter | Drive to others reported pos
[7 INFO main 184918] Scout.GotoCenter -> Scout.Query | return to random walk
[7 INFO main 185518] Scout.Query -> Scout.GotoCenter | Drive to others reported pos
[7 INFO main 186318] Scout.GotoCenter -> Scout.Query | return to random walk
[7 INFO main 186520] Scout.Query -> Scout.GotoCenter | Drive to others reported pos
[7 INFO main 187521] Scout.GotoCenter -> Scout.Query | return to random walk
[7 INFO main 188522] Scout.Query -> Scout.GotoCenter | Drive to others reported pos
[7 INFO main 188619] Scout.GotoCenter -> Scout.Query | return to random walk
[7 INFO main 189524] Scout.Query -> Scout.GotoCenter | Drive to others reported pos
[7 INFO main 189920] Scout.GotoCenter -> Scout.Query | return to random walk
[7 INFO main 190525] Scout.Query -> Scout.GotoCenter | Drive to others reported pos
[7 INFO main 191830] Scout.GotoCenter -> Scout.Query | return to random walk
[7 INFO main 192528] Scout.Query -> Scout.GotoCenter | Drive to others reported pos
[7 INFO main 193029] Scout.GotoCenter -> Scout.Query | return to random walk
[7 INFO main 193530] Scout.Query -> Scout.GotoCenter | Drive to others reported pos
[7 INFO main 195029] Scout.GotoCenter -> Scout.Query | return to random walk
[7 INFO main 195635] Scout.Query -> Scout.GotoCenter | Drive to others reported pos
[7 INFO main 196330] Scout.GotoCenter -> Scout.Query | return to random walk
[7 INFO main 196733] Scout.Query -> Scout.GotoCenter | Drive to others reported pos
[7 INFO main 198135] Scout.GotoCenter -> Scout.Query | return to random walk
[7 INFO main 198832] Scout.Query -> Scout.GotoCenter | Drive to others reported pos
[7 INFO main 199032] Scout.GotoCenter -> Scout.Query | return to random walk
[7 INFO main 199836] Scout.Query -> Scout.GotoCenter | Drive to others reported pos
[7 INFO main 200935] Scout.GotoCenter -> Scout.Query | return to random walk
[7 INFO main 201840] Scout.Query -> Scout.GotoCenter | Drive to others reported pos
[7 INFO main 202739] Scout.GotoCenter -> Scout.Query | return to random walk
[7 INFO main 202842] Scout.Query -> Scout.GotoCenter | Drive to others reported pos
[7 INFO main 203240] Scout.GotoCenter -> Scout.Query | return to random walk
[7 INFO main 203843] Scout.Query -> Scout.GotoCenter | Drive to others reported pos
[7 INFO main 204541] Scout.GotoCenter -> Scout.Query | return to random walk
[7 INFO main 204944] Scout.Query -> Scout.GotoCenter | Drive to others reported pos
[7 INFO main 205042] Scout.GotoCenter -> Scout.Query | return to random walk
[7 INFO main 205946] Scout.Query -> Scout.GotoCenter | Drive to others reported pos
[7 INFO main 206946] Scout.GotoCenter -> Scout.Query | return to random walk
[7 INFO main 207951] Scout.Query -> Scout.GotoCenter | Drive to others reported pos
[7 INFO main 208046] Scout.GotoCenter -> Scout.Query | return to random walk
[7 INFO main 208952] Scout.Query -> Scout.GotoCenter | Drive to others reported pos
[7 INFO main 209847] Scout.GotoCenter -> Scout.Query | return to random walk
[7 INFO main 210050] Scout.Query -> Scout.GotoCenter | Drive to others reported pos
[7 INFO main 213451] Scout.GotoCenter -> Scout.Query | return to random walk
[7 INFO main 214260] Scout.Query -> Scout.GotoCenter | Drive to others reported pos
[7 INFO main 214953] Scout.GotoCenter -> Scout.Query | return to random walk
[7 INFO main 215262] Scout.Query -> Scout.GotoCenter | Drive to others reported pos
[7 INFO main 216157] Scout.GotoCenter -> Scout.Query | return to random walk
[7 INFO main 216263] Scout.Query -> Scout.GotoCenter | Drive to others reported pos
[7 INFO main 216455] Scout.GotoCenter -> Scout.Query | return to random walk
[7 INFO main 217360] Scout.Query -> Scout.GotoCenter | Drive to others reported pos
[7 INFO main 218364] Scout.GotoCenter -> Scout.Query | return to random walk
[7 INFO main 219466] Scout.Query -> Scout.GotoCenter | Drive to others reported pos
[7 INFO main 219663] Scout.GotoCenter -> Scout.Query | return to random walk
[7 INFO main 220566] Scout.Query -> Scout.GotoCenter | Drive to others reported pos
[7 INFO main 222162] Scout.GotoCenter -> Scout.Query | return to random walk
[7 INFO main 222568] Scout.Query -> Scout.GotoCenter | Drive to others reported pos
[7 INFO main 223164] Scout.GotoCenter -> Scout.Query | return to random walk
[7 INFO main 223669] Scout.Query -> Scout.GotoCenter | Drive to others reported pos
[7 INFO main 223768] Scout.GotoCenter -> Scout.Query | return to random walk
[7 INFO main 224772] Scout.Query -> Scout.GotoCenter | Drive to others reported pos
[7 INFO main 227074] Scout.GotoCenter -> Scout.Query | return to random walk
[7 INFO main 227969] Scout.Query -> Scout.GotoCenter | Drive to others reported pos
[7 INFO main 229170] Scout.GotoCenter -> Scout.Query | return to random walk
[7 INFO main 229973] Scout.Query -> Scout.GotoCenter | Drive to others reported pos
[7 INFO main 230472] Scout.GotoCenter -> Scout.Query | return to random walk
[7 INFO main 230974] Scout.Query -> Scout.GotoCenter | Drive to others reported pos
[7 INFO main 231178] Scout.GotoCenter -> Scout.Query | return to random walk
[7 INFO main 231974] Scout.Query -> Scout.GotoCenter | Drive to others reported pos
[7 INFO main 232577] Scout.GotoCenter -> Scout.Query | return to random walk
[7 INFO main 232977] Scout.Query -> Scout.GotoCenter | Drive to others reported pos
[7 INFO main 234986] Scout.GotoCenter -> Scout.Query | return to random walk
[7 INFO main 236087] Scout.Query -> Scout.GotoCenter | Drive to others reported pos
[7 INFO main 238790] Scout.GotoCenter -> Scout.Query | return to random walk
[7 INFO main 239193] Scout.Query -> Scout.GotoCenter | Drive to others reported pos
[7 INFO main 241992] Scout.GotoCenter -> Scout.Query | return to random walk
[7 INFO main 242398] Scout.Query -> Scout.GotoCenter | Drive to others reported pos
[7 INFO main 244496] Scout.GotoCenter -> Scout.Query | return to random walk
[7 INFO main 245497] Scout.Query -> Scout.GotoCenter | Drive to others reported pos
[7 INFO main 246493] Scout.GotoCenter -> Scout.Query | return to random walk
[7 INFO main 246599] Scout.Query -> Scout.GotoCenter | Drive to others reported pos
[7 INFO main 246801] Scout.GotoCenter -> Scout.Query | return to random walk
[7 INFO main 247706] Scout.Query -> Scout.GotoCenter | Drive to others reported pos
[7 INFO main 250306] Scout.GotoCenter -> Scout.Query | return to random walk
[7 INFO main 250807] Scout.Query -> Scout.GotoCenter | Drive to others reported pos
[7 INFO main 251505] Scout.GotoCenter -> Scout.Query | return to random walk
[7 INFO main 251808] Scout.Query -> Scout.GotoCenter | Drive to others reported pos
[7 INFO main 253306] Scout.GotoCenter -> Scout.Query | return to random walk
[7 INFO main 254015] Scout.Query -> Scout.GotoCenter | Drive to others reported pos
[7 INFO main 254107] Scout.GotoCenter -> Scout.Query | return to random walk
[7 INFO main 255017] Scout.Query -> Scout.GotoCenter | Drive to others reported pos
[7 INFO main 256912] Scout.GotoCenter -> Scout.Query | return to random walk
[7 INFO main 257113] Scout.Query -> Scout.GotoCenter | Drive to others reported pos
[7 INFO main 258013] Scout.GotoCenter -> Scout.Query | return to random walk
[7 INFO main 258120] Scout.Query -> Scout.GotoCenter | Drive to others reported pos
[7 INFO main 259718] Scout.GotoCenter -> Scout.Query | return to random walk
[7 INFO main 260216] Scout.Query -> Scout.GotoCenter | Drive to others reported pos
[7 INFO main 260622] Scout.GotoCenter -> Scout.Query | return to random walk
[7 INFO main 261218] Scout.Query -> Scout.GotoCenter | Drive to others reported pos
[7 INFO main 261318] Scout.GotoCenter -> Scout.Query | return to random walk
[7 INFO main 262224] Scout.Query -> Scout.GotoCenter | Drive to others reported pos
[7 INFO main 262317] Scout.GotoCenter -> Scout.Query | return to random walk
[7 INFO main 263325] Scout.Query -> Scout.GotoCenter | Drive to others reported pos
[7 INFO main 263720] Scout.GotoCenter -> Scout.Query | return to random walk
[7 INFO main 264422] Scout.Query -> Scout.GotoCenter | Drive to others reported pos
[7 INFO main 264922] Scout.GotoCenter -> Scout.Query | return to random walk
[7 INFO main 265423] Scout.Query -> Scout.GotoCenter | Drive to others reported pos
[7 INFO main 269526] Scout.GotoCenter -> Scout.Query | return to random walk
[7 INFO main 269633] Scout.Query -> Scout.GotoCenter | Drive to others reported pos
[7 INFO main 270227] Scout.GotoCenter -> Scout.Query | return to random walk
[7 INFO main 270733] Scout.Query -> Scout.GotoCenter | Drive to others reported pos
[7 INFO main 271531] Scout.GotoCenter -> Scout.Query | return to random walk
[7 INFO main 271831] Scout.Query -> Scout.GotoCenter | Drive to others reported pos
[7 INFO main 273235] Scout.GotoCenter -> Scout.Query | return to random walk
[7 INFO main 273935] Scout.Query -> Scout.GotoCenter | Drive to others reported pos
[7 INFO main 275134] Scout.GotoCenter -> Scout.Query | return to random walk
[7 INFO main 276038] Scout.Query -> Scout.GotoCenter | Drive to others reported pos
[7 INFO main 276240] Scout.GotoCenter -> Scout.Query | return to random walk
[7 INFO main 277139] Scout.Query -> Scout.GotoCenter | Drive to others reported pos
[7 INFO main 278138] Scout.GotoCenter -> Scout.Query | return to random walk
[7 INFO main 279140] Scout.Query -> Scout.GotoCenter | Drive to others reported pos
[7 INFO main 279345] Scout.GotoCenter -> Scout.Query | return to random walk
[7 INFO main 280142] Scout.Query -> Scout.GotoCenter | Drive to others reported pos
[7 INFO main 284747] Scout.GotoCenter -> Scout.Query | return to random walk
[7 INFO main 285448] Scout.Query -> Scout.GotoCenter | Drive to others reported pos
[7 INFO main 286749] Scout.GotoCenter -> Scout.Query | return to random walk
[7 INFO main 287450] Scout.Query -> Scout.GotoCenter | Drive to others reported pos
[7 INFO main 288053] Scout.GotoCenter -> Scout.Query | return to random walk
[7 INFO main 288452] Scout.Query -> Scout.GotoCenter | Drive to others reported pos
[7 INFO main 291054] Scout.GotoCenter -> Scout.Query | return to random walk
[7 INFO main 291456] Scout.Query -> Scout.GotoCenter | Drive to others reported pos
[7 INFO main 293057] Scout.GotoCenter -> Scout.Query | return to random walk
[7 INFO main 293458] Scout.Query -> Scout.GotoCenter | Drive to others reported pos
[7 INFO main 293660] Scout.GotoCenter -> Scout.Query | return to random walk
[7 INFO main 294464] Scout.Query -> Scout.GotoCenter | Drive to others reported pos
[7 INFO main 294964] Scout.GotoCenter -> Scout.Query | return to random walk
[7 INFO main 295464] Scout.Query -> Scout.GotoCenter | Drive to others reported pos
[7 INFO main 295758] Scout.GotoCenter -> Scout.Query | return to random walk
[7 INFO main 296465] Scout.Query -> Scout.GotoCenter | Drive to others reported pos
[7 INFO main 297363] Scout.GotoCenter -> Scout.Query | return to random walk
[7 INFO main 297566] Scout.Query -> Scout.GotoCenter | Drive to others reported pos
[7 INFO main 300365] Scout.GotoCenter -> Scout.Query | return to random walk
[7 INFO main 300571] Scout.Query -> Scout.GotoCenter | Drive to others reported pos
[7 INFO main 301969] Scout.GotoCenter -> Scout.Query | return to random walk
[7 INFO main 302668] Scout.Query -> Scout.GotoCenter | Drive to others reported pos
[7 INFO main 304480] Scout.GotoCenter -> Scout.Query | return to random walk
[7 INFO main 304674] Scout.Query -> Scout.GotoCenter | Drive to others reported pos
[7 INFO main 306582] Scout.GotoCenter -> Scout.Query | return to random walk
[7 INFO main 306676] Scout.Query -> Scout.GotoCenter | Drive to others reported pos
[7 INFO main 308478] Scout.GotoCenter -> Scout.Query | return to random walk
[7 INFO main 308679] Scout.Query -> Scout.GotoCenter | Drive to others reported pos
[7 INFO main 308876] Scout.GotoCenter -> Scout.Query | return to random walk
[7 INFO main 309681] Scout.Query -> Scout.GotoCenter | Drive to others reported pos
[7 INFO main 310780] Scout.GotoCenter -> Scout.Query | return to random walk
[7 INFO main 311783] Scout.Query -> Scout.GotoCenter | Drive to others reported pos
[7 INFO main 311983] Scout.GotoCenter -> Scout.Query | return to random walk
[7 INFO main 312785] Scout.Query -> Scout.GotoCenter | Drive to others reported pos
[7 INFO main 314188] Scout.GotoCenter -> Scout.Query | return to random walk
[7 INFO main 314884] Scout.Query -> Scout.GotoCenter | Drive to others reported pos
[7 INFO main 316283] Scout.GotoCenter -> Scout.Query | return to random walk
[7 INFO main 316892] Scout.Query -> Scout.GotoCenter | Drive to others reported pos
[7 INFO main 317192] Scout.GotoCenter -> Scout.Query | return to random walk
[7 INFO main 317993] Scout.Query -> Scout.GotoCenter | Drive to others reported pos
[7 INFO main 318693] Scout.GotoCenter -> Scout.Query | return to random walk
[7 INFO main 318995] Scout.Query -> Scout.GotoCenter | Drive to others reported pos
[7 INFO main 320597] Scout.GotoCenter -> Scout.Query | return to random walk
[7 INFO main 321100] Scout.Query -> Scout.GotoCenter | Drive to others reported pos
[7 INFO main 321197] Scout.GotoCenter -> Scout.Query | return to random walk
[7 INFO main 322202] Scout.Query -> Scout.GotoCenter | Drive to others reported pos
[7 INFO main 322497] Scout.GotoCenter -> Scout.Query | return to random walk
[7 INFO main 323299] Scout.Query -> Scout.GotoCenter | Drive to others reported pos
[7 INFO main 324097] Scout.GotoCenter -> Scout.Query | return to random walk
[7 INFO main 324302] Scout.Query -> Scout.GotoCenter | Drive to others reported pos
[7 INFO main 324598] Scout.GotoCenter -> Scout.Query | return to random walk
[7 INFO main 325304] Scout.Query -> Scout.GotoCenter | Drive to others reported pos
[7 INFO main 325398] Scout.GotoCenter -> Scout.Query | return to random walk
[7 INFO main 326403] Scout.Query -> Scout.GotoCenter | Drive to others reported pos
[7 INFO main 327406] Scout.GotoCenter -> Scout.Query | return to random walk
[7 INFO main 328506] Scout.Query -> Scout.GotoCenter | Drive to others reported pos
[7 INFO main 328709] Scout.GotoCenter -> Scout.Query | return to random walk
[7 INFO main 329605] Scout.Query -> Scout.GotoCenter | Drive to others reported pos
[7 INFO main 330107] Scout.GotoCenter -> Scout.Query | return to random walk
[7 INFO main 330608] Scout.Query -> Scout.GotoCenter | Drive to others reported pos
[7 INFO main 330807] Scout.GotoCenter -> Scout.Query | return to random walk
[7 INFO main 331709] Scout.Query -> Scout.GotoCenter | Drive to others reported pos
[7 INFO main 333012] Scout.GotoCenter -> Scout.Query | return to random walk
[7 INFO main 333809] Scout.Query -> Scout.GotoCenter | Drive to others reported pos
[7 INFO main 334016] Scout.GotoCenter -> Scout.Query | return to random walk
[7 INFO main 334812] Scout.Query -> Scout.GotoCenter | Drive to others reported pos
[7 INFO main 338119] Scout.GotoCenter -> Scout.Query | return to random walk
[7 INFO main 338916] Scout.Query -> Scout.GotoCenter | Drive to others reported pos
[7 INFO main 340218] Scout.GotoCenter -> Scout.Query | return to random walk
[7 INFO main 340927] Scout.Query -> Scout.GotoCenter | Drive to others reported pos
[7 INFO main 341820] Scout.GotoCenter -> Scout.Query | return to random walk
[7 INFO main 342027] Scout.Query -> Scout.GotoCenter | Drive to others reported pos
[7 INFO main 342316] Scout.GotoCenter -> Scout.Query | return to random walk
[7 INFO main 343030] Scout.Query -> Scout.GotoCenter | Drive to others reported pos
[7 INFO main 343421] Scout.GotoCenter -> Scout.Query | return to random walk
[7 INFO main 344129] Scout.Query -> Scout.GotoCenter | Drive to others reported pos
[7 INFO main 344323] Scout.GotoCenter -> Scout.Query | return to random walk
[7 INFO main 345232] Scout.Query -> Scout.GotoCenter | Drive to others reported pos
[7 INFO main 345926] Scout.GotoCenter -> Scout.Query | return to random walk
[7 INFO main 346235] Scout.Query -> Scout.GotoCenter | Drive to others reported pos
[7 INFO main 347232] Scout.GotoCenter -> Scout.Query | return to random walk
[7 INFO main 347331] Scout.Query -> Scout.GotoCenter | Drive to others reported pos
[7 INFO main 349929] Scout.GotoCenter -> Scout.Query | return to random walk
[7 INFO main 350534] Scout.Query -> Scout.GotoCenter | Drive to others reported pos
[7 INFO main 351932] Scout.GotoCenter -> Scout.Query | return to random walk
[7 INFO main 352640] Scout.Query -> Scout.GotoCenter | Drive to others reported pos
[7 INFO main 352834] Scout.GotoCenter -> Scout.Query | return to random walk
[7 INFO main 353743] Scout.Query -> Scout.GotoCenter | Drive to others reported pos
[7 INFO main 356041] Scout.GotoCenter -> Scout.Query | return to random walk
[7 INFO main 356841] Scout.Query -> Scout.GotoCenter | Drive to others reported pos
[7 INFO main 358447] Scout.GotoCenter -> Scout.Query | return to random walk
[7 INFO main 358948] Scout.Query -> Scout.GotoCenter | Drive to others reported pos
[7 INFO main 359645] Scout.GotoCenter -> Scout.Query | return to random walk
[7 INFO main 359950] Scout.Query -> Scout.GotoCenter | Drive to others reported pos
[7 INFO main 360551] Scout.GotoCenter -> Scout.Query | return to random walk
[7 INFO main 361044] Scout.Query -> Scout.GotoCenter | Drive to others reported pos
[7 INFO main 362448] Scout.GotoCenter -> Scout.Query | return to random walk
[7 INFO main 363048] Scout.Query -> Scout.GotoCenter | Drive to others reported pos
[7 INFO main 363448] Scout.GotoCenter -> Scout.Query | return to random walk
[7 INFO main 364049] Scout.Query -> Scout.GotoCenter | Drive to others reported pos
[7 INFO main 364852] Scout.GotoCenter -> Scout.Query | return to random walk
[7 INFO main 365051] Scout.Query -> Scout.GotoCenter | Drive to others reported pos
[7 INFO main 366457] Scout.GotoCenter -> Scout.Query | return to random walk
[7 INFO main 367056] Scout.Query -> Scout.GotoCenter | Drive to others reported pos
[7 INFO main 368855] Scout.GotoCenter -> Scout.Query | return to random walk
[7 INFO main 369160] Scout.Query -> Scout.GotoCenter | Drive to others reported pos
[7 INFO main 369661] Scout.GotoCenter -> Scout.Query | return to random walk
[7 INFO main 370162] Scout.Query -> Scout.GotoCenter | Drive to others reported pos
[7 INFO main 370758] Scout.GotoCenter -> Scout.Query | return to random walk
[7 INFO main 371165] Scout.Query -> Scout.GotoCenter | Drive to others reported pos
[7 INFO main 371763] Scout.GotoCenter -> Scout.Query | return to random walk
[7 INFO main 372265] Scout.Query -> Scout.GotoCenter | Drive to others reported pos
[7 INFO main 372861] Scout.GotoCenter -> Scout.Query | return to random walk
[7 INFO main 373267] Scout.Query -> Scout.GotoCenter | Drive to others reported pos
[7 INFO main 373461] Scout.GotoCenter -> Scout.Query | return to random walk
[7 INFO main 374364] Scout.Query -> Scout.GotoCenter | Drive to others reported pos
[7 INFO main 375564] Scout.GotoCenter -> Scout.Query | return to random walk
[7 INFO main 376369] Scout.Query -> Scout.GotoCenter | Drive to others reported pos
[7 INFO main 376465] Scout.GotoCenter -> Scout.Query | return to random walk
[7 INFO main 377371] Scout.Query -> Scout.GotoCenter | Drive to others reported pos
[7 INFO main 377774] Scout.GotoCenter -> Scout.Query | return to random walk
[7 INFO main 378471] Scout.Query -> Scout.GotoCenter | Drive to others reported pos
[7 INFO main 378670] Scout.GotoCenter -> Scout.Query | return to random walk
[7 INFO main 379473] Scout.Query -> Scout.GotoCenter | Drive to others reported pos
[7 INFO main 380169] Scout.GotoCenter -> Scout.Query | return to random walk
[7 INFO main 380476] Scout.Query -> Scout.GotoCenter | Drive to others reported pos
[7 INFO main 380972] Scout.GotoCenter -> Scout.Query | return to random walk
[7 INFO main 381478] Scout.Query -> Scout.GotoCenter | Drive to others reported pos
[7 INFO main 381672] Scout.GotoCenter -> Scout.Query | return to random walk
[7 INFO main 382480] Scout.Query -> Scout.GotoCenter | Drive to others reported pos
[7 INFO main 383678] Scout.GotoCenter -> Scout.Query | return to random walk
[7 INFO main 384581] Scout.Query -> Scout.GotoCenter | Drive to others reported pos
[7 INFO main 384781] Scout.GotoCenter -> Scout.Query | return to random walk
[7 INFO main 385582] Scout.Query -> Scout.GotoCenter | Drive to others reported pos
[7 INFO main 385781] Scout.GotoCenter -> Scout.Query | return to random walk
[7 INFO main 386683] Scout.Query -> Scout.GotoCenter | Drive to others reported pos
[7 INFO main 387684] Scout.GotoCenter -> Scout.Query | return to random walk
[7 INFO main 388685] Scout.Query -> Scout.GotoCenter | Drive to others reported pos
[7 INFO main 388883] Scout.GotoCenter -> Scout.Query | return to random walk
[7 INFO main 389687] Scout.Query -> Scout.GotoCenter | Drive to others reported pos
[7 INFO main 391386] Scout.GotoCenter -> Scout.Query | return to random walk
[7 INFO main 391692] Scout.Query -> Scout.GotoCenter | Drive to others reported pos
[7 INFO main 392486] Scout.GotoCenter -> Scout.Query | return to random walk
[7 INFO main 392794] Scout.Query -> Scout.GotoCenter | Drive to others reported pos
[7 INFO main 393795] Scout.GotoCenter -> Scout.Query | return to random walk
[7 INFO main 394897] Scout.Query -> Scout.GotoCenter | Drive to others reported pos
[7 INFO main 395294] Scout.GotoCenter -> Scout.Query | return to random walk
[7 INFO main 395900] Scout.Query -> Scout.GotoCenter | Drive to others reported pos
[7 INFO main 396895] Scout.GotoCenter -> Scout.Query | return to random walk
[7 INFO main 397001] Scout.Query -> Scout.GotoCenter | Drive to others reported pos
[7 INFO main 397493] Scout.GotoCenter -> Scout.Query | return to random walk
[7 INFO main 398102] Scout.Query -> Scout.GotoCenter | Drive to others reported pos
[7 INFO main 398599] Scout.GotoCenter -> Scout.Query | return to random walk
[7 INFO main 399200] Scout.Query -> Scout.GotoCenter | Drive to others reported pos
[7 INFO main 400097] Scout.GotoCenter -> Scout.Query | return to random walk
[7 INFO main 400205] Scout.Query -> Scout.GotoCenter | Drive to others reported pos
[7 INFO main 400497] Scout.GotoCenter -> Scout.Query | return to random walk
[7 INFO main 401206] Scout.Query -> Scout.GotoCenter | Drive to others reported pos
[7 INFO main 402705] Scout.GotoCenter -> Scout.Query | return to random walk
[7 INFO main 403403] Scout.Query -> Scout.GotoCenter | Drive to others reported pos
[7 INFO main 404502] Scout.GotoCenter -> Scout.Query | return to random walk
[7 INFO main 405508] Scout.Query -> Scout.GotoCenter | Drive to others reported pos
[7 INFO main 406011] Scout.GotoCenter -> Scout.Query | return to random walk
[7 INFO main 406611] Scout.Query -> Scout.GotoCenter | Drive to others reported pos
[7 INFO main 407213] Scout.GotoCenter -> Scout.Query | return to random walk
[7 INFO main 407717] Scout.Query -> Scout.GotoCenter | Drive to others reported pos
[7 INFO main 409711] Scout.GotoCenter -> Scout.Query | return to random walk
[7 INFO main 409816] Scout.Query -> Scout.GotoCenter | Drive to others reported pos
[7 INFO main 411013] Scout.GotoCenter -> Scout.Query | return to random walk
[7 INFO main 412018] Scout.Query -> Scout.GotoCenter | Drive to others reported pos
[7 INFO main 412113] Scout.GotoCenter -> Scout.Query | return to random walk
[7 INFO main 413018] Scout.Query -> Scout.GotoCenter | Drive to others reported pos
[7 INFO main 414619] Scout.GotoCenter -> Scout.Query | return to random walk
[7 INFO main 415120] Scout.Query -> Scout.GotoCenter | Drive to others reported pos
[7 INFO main 415720] Scout.GotoCenter -> Scout.Query | return to random walk
[7 INFO main 416223] Scout.Query -> Scout.GotoCenter | Drive to others reported pos
[7 INFO main 416522] Scout.GotoCenter -> Scout.Query | return to random walk
[7 INFO main 417326] Scout.Query -> Scout.GotoCenter | Drive to others reported pos
[7 INFO main 418822] Scout.GotoCenter -> Scout.Query | return to random walk
[7 INFO main 419424] Scout.Query -> Scout.GotoCenter | Drive to others reported pos
[7 INFO main 420425] Scout.GotoCenter -> Scout.Query | return to random walk
[7 INFO main 421427] Scout.Query -> Scout.GotoCenter | Drive to others reported pos
[7 INFO main 422030] Scout.GotoCenter -> Scout.Query | return to random walk
[7 INFO main 422431] Scout.Query -> Scout.GotoCenter | Drive to others reported pos
[7 INFO main 422628] Scout.GotoCenter -> Scout.Query | return to random walk
[7 INFO main 423533] Scout.Query -> Scout.GotoCenter | Drive to others reported pos
[7 INFO main 424433] Scout.GotoCenter -> Scout.Query | return to random walk
[7 INFO main 424535] Scout.Query -> Scout.GotoCenter | Drive to others reported pos
[7 INFO main 425232] Scout.GotoCenter -> Scout.Query | return to random walk
[7 INFO main 425635] Scout.Query -> Scout.GotoCenter | Drive to others reported pos
[7 INFO main 425733] Scout.GotoCenter -> Scout.Query | return to random walk
[7 INFO main 426636] Scout.Query -> Scout.GotoCenter | Drive to others reported pos
[7 INFO main 427737] Scout.GotoCenter -> Scout.Query | return to random walk
[7 INFO main 428637] Scout.Query -> Scout.GotoCenter | Drive to others reported pos
[7 INFO main 429339] Scout.GotoCenter -> Scout.Query | return to random walk
[7 INFO main 429746] Scout.Query -> Scout.GotoCenter | Drive to others reported pos
[7 INFO main 431242] Scout.GotoCenter -> Scout.Query | return to random walk
[7 INFO main 431942] Scout.Query -> Scout.GotoCenter | Drive to others reported pos
[7 INFO main 432741] Scout.GotoCenter -> Scout.Query | return to random walk
[7 INFO main 432944] Scout.Query -> Scout.GotoCenter | Drive to others reported pos
[7 INFO main 433040] Scout.GotoCenter -> Scout.Query | return to random walk
[7 INFO main 433951] Scout.Query -> Scout.GotoCenter | Drive to others reported pos
[7 INFO main 434244] Scout.GotoCenter -> Scout.Query | return to random walk
[7 INFO main 435047] Scout.Query -> Scout.GotoCenter | Drive to others reported pos
[7 INFO main 435143] Scout.GotoCenter -> Scout.Query | return to random walk
[7 INFO main 436052] Scout.Query -> Scout.GotoCenter | Drive to others reported pos
[7 INFO main 436246] Scout.GotoCenter -> Scout.Query | return to random walk
[7 INFO main 437154] Scout.Query -> Scout.GotoCenter | Drive to others reported pos
[7 INFO main 438449] Scout.GotoCenter -> Scout.Query | return to random walk
[7 INFO main 439259] Scout.Query -> Scout.GotoCenter | Drive to others reported pos
[7 INFO main 440255] Scout.GotoCenter -> Scout.Query | return to random walk
[7 INFO main 440347] Scout.Query -> Scout.GotoCenter | Drive to others reported pos
[7 INFO main 441554] Scout.GotoCenter -> Scout.Query | return to random walk
[7 INFO main 442461] Scout.Query -> Scout.GotoCenter | Drive to others reported pos
[7 INFO main 442555] Scout.GotoCenter -> Scout.Query | return to random walk
[7 INFO main 443462] Scout.Query -> Scout.GotoCenter | Drive to others reported pos
[7 INFO main 444057] Scout.GotoCenter -> Scout.Query | return to random walk
[7 INFO main 444463] Scout.Query -> Scout.GotoCenter | Drive to others reported pos
[7 INFO main 445658] Scout.GotoCenter -> Scout.Query | return to random walk
[7 INFO main 446567] Scout.Query -> Scout.GotoCenter | Drive to others reported pos
[7 INFO main 447662] Scout.GotoCenter -> Scout.Query | return to random walk
[7 INFO main 448669] Scout.Query -> Scout.GotoCenter | Drive to others reported pos
[7 INFO main 449062] Scout.GotoCenter -> Scout.Query | return to random walk
[7 INFO main 449671] Scout.Query -> Scout.GotoCenter | Drive to others reported pos
[7 INFO main 451464] Scout.GotoCenter -> Scout.Query | return to random walk
[7 INFO main 451772] Scout.Query -> Scout.GotoCenter | Drive to others reported pos
[7 INFO main 453767] Scout.GotoCenter -> Scout.Query | return to random walk
[7 INFO main 453868] Scout.Query -> Scout.GotoCenter | Drive to others reported pos
[7 INFO main 456867] Scout.GotoCenter -> Scout.Query | return to random walk
[7 INFO main 457073] Scout.Query -> Scout.GotoCenter | Drive to others reported pos
[7 INFO main 457971] Scout.GotoCenter -> Scout.Query | return to random walk
[7 INFO main 458177] Scout.Query -> Scout.GotoCenter | Drive to others reported pos
[7 INFO main 459577] Scout.GotoCenter -> Scout.Query | return to random walk
[7 INFO main 460280] Scout.Query -> Scout.GotoCenter | Drive to others reported pos
[7 INFO main 461578] Scout.GotoCenter -> Scout.Query | return to random walk
[7 INFO main 462373] Scout.Query -> Scout.GotoCenter | Drive to others reported pos
[7 INFO main 462478] Scout.GotoCenter -> Scout.Query | return to random walk
[7 INFO main 463379] Scout.Query -> Scout.GotoCenter | Drive to others reported pos
[7 INFO main 465684] Scout.GotoCenter -> Scout.Query | return to random walk
[7 INFO main 466485] Scout.Query -> Scout.GotoCenter | Drive to others reported pos
[7 INFO main 466785] Scout.GotoCenter -> Scout.Query | return to random walk
[7 INFO main 467587] Scout.Query -> Scout.GotoCenter | Drive to others reported pos
[7 INFO main 467984] Scout.GotoCenter -> Scout.Query | return to random walk
[7 INFO main 468588] Scout.Query -> Scout.GotoCenter | Drive to others reported pos
[7 INFO main 469088] Scout.GotoCenter -> Scout.Query | return to random walk
[7 INFO main 469591] Scout.Query -> Scout.GotoCenter | Drive to others reported pos
[7 INFO main 469889] Scout.GotoCenter -> Scout.Query | return to random walk
[7 INFO main 470690] Scout.Query -> Scout.GotoCenter | Drive to others reported pos
[7 INFO main 472693] Scout.GotoCenter -> Scout.Query | return to random walk
[7 INFO main 473794] Scout.Query -> Scout.GotoCenter | Drive to others reported pos
[7 INFO main 474593] Scout.GotoCenter -> Scout.Query | return to random walk
[7 INFO main 474796] Scout.Query -> Scout.GotoCenter | Drive to others reported pos
[7 INFO main 475595] Scout.GotoCenter -> Scout.Query | return to random walk
[7 INFO main 475797] Scout.Query -> Scout.GotoCenter | Drive to others reported pos
[7 INFO main 477697] Scout.GotoCenter -> Scout.Query | return to random walk
[7 INFO main 477801] Scout.Query -> Scout.GotoCenter | Drive to others reported pos
[7 INFO main 478897] Scout.GotoCenter -> Scout.Query | return to random walk
[7 INFO main 479804] Scout.Query -> Scout.GotoCenter | Drive to others reported pos
[7 INFO main 480304] Scout.GotoCenter -> Scout.Query | return to random walk
[7 INFO main 480904] Scout.Query -> Scout.GotoCenter | Drive to others reported pos
[7 INFO main 484508] Scout.GotoCenter -> Scout.Query | return to random walk
[7 INFO main 485107] Scout.Query -> Scout.GotoCenter | Drive to others reported pos
[7 INFO main 485305] Scout.GotoCenter -> Scout.Query | return to random walk
[7 INFO main 486108] Scout.Query -> Scout.GotoCenter | Drive to others reported pos
[7 INFO main 487512] Scout.GotoCenter -> Scout.Query | return to random walk
[7 INFO main 488111] Scout.Query -> Scout.GotoCenter | Drive to others reported pos
[7 INFO main 488711] Scout.GotoCenter -> Scout.Query | return to random walk
[7 INFO main 489113] Scout.Query -> Scout.GotoCenter | Drive to others reported pos
[7 INFO main 492620] Scout.GotoCenter -> Scout.Query | return to random walk
[7 INFO main 493219] Scout.Query -> Scout.GotoCenter | Drive to others reported pos
[7 INFO main 493811] Scout.GotoCenter -> Scout.Query | return to random walk
[7 INFO main 494315] Scout.Query -> Scout.GotoCenter | Drive to others reported pos
[7 INFO main 494824] Scout.GotoCenter -> Scout.Query | return to random walk
[7 INFO main 495318] Scout.Query -> Scout.GotoCenter | Drive to others reported pos
[7 INFO main 496821] Scout.GotoCenter -> Scout.Query | return to random walk
[7 INFO main 497322] Scout.Query -> Scout.GotoCenter | Drive to others reported pos
[7 INFO main 499623] Scout.GotoCenter -> Scout.Query | return to random walk
[7 INFO main 500333] Scout.Query -> Scout.GotoCenter | Drive to others reported pos
[7 INFO main 500934] Scout.GotoCenter -> Scout.Query | return to random walk
[7 INFO main 501435] Scout.Query -> Scout.GotoCenter | Drive to others reported pos
[7 INFO main 502535] Scout.GotoCenter -> Scout.Query | return to random walk
[7 INFO main 503637] Scout.Query -> Scout.GotoCenter | Drive to others reported pos
[7 INFO main 503931] Scout.GotoCenter -> Scout.Query | return to random walk
[7 INFO main 504738] Scout.Query -> Scout.GotoCenter | Drive to others reported pos
[7 INFO main 504933] Scout.GotoCenter -> Scout.Query | return to random walk
[7 INFO main 505835] Scout.Query -> Scout.GotoCenter | Drive to others reported pos
[7 INFO main 506636] Scout.GotoCenter -> Scout.Query | return to random walk
[7 INFO main 506839] Scout.Query -> Scout.GotoCenter | Drive to others reported pos
[7 INFO main 508444] Scout.GotoCenter -> Scout.Query | return to random walk
[7 INFO main 509039] Scout.Query -> Scout.GotoCenter | Drive to others reported pos
[7 INFO main 510343] Scout.GotoCenter -> Scout.Query | return to random walk
[7 INFO main 511043] Scout.Query -> Scout.GotoCenter | Drive to others reported pos
[7 INFO main 511239] Scout.GotoCenter -> Scout.Query | return to random walk
[7 INFO main 512045] Scout.Query -> Scout.GotoCenter | Drive to others reported pos
[7 INFO main 513242] Scout.GotoCenter -> Scout.Query | return to random walk
[7 INFO main 514050] Scout.Query -> Scout.GotoCenter | Drive to others reported pos
[7 INFO main 514243] Scout.GotoCenter -> Scout.Query | return to random walk
[7 INFO main 515152] Scout.Query -> Scout.GotoCenter | Drive to others reported pos
[7 INFO main 517749] Scout.GotoCenter -> Scout.Query | return to random walk
[7 INFO main 518349] Scout.Query -> Scout.GotoCenter | Drive to others reported pos
[7 INFO main 518953] Scout.GotoCenter -> Scout.Query | return to random walk
[7 INFO main 519350] Scout.Query -> Scout.GotoCenter | Drive to others reported pos
[7 INFO main 520453] Scout.GotoCenter -> Scout.Query | return to random walk
[7 INFO main 521456] Scout.Query -> Scout.GotoCenter | Drive to others reported pos
[7 INFO main 521852] Scout.GotoCenter -> Scout.Query | return to random walk
[7 INFO main 522556] Scout.Query -> Scout.GotoCenter | Drive to others reported pos
[7 INFO main 524058] Scout.GotoCenter -> Scout.Query | return to random walk
[7 INFO main 524560] Scout.Query -> Scout.GotoCenter | Drive to others reported pos
[7 INFO main 524653] Scout.GotoCenter -> Scout.Query | return to random walk
[7 INFO main 525660] Scout.Query -> Scout.GotoCenter | Drive to others reported pos
[7 INFO main 525859] Scout.GotoCenter -> Scout.Query | return to random walk
[7 INFO main 526662] Scout.Query -> Scout.GotoCenter | Drive to others reported pos
[7 INFO main 528465] Scout.GotoCenter -> Scout.Query | return to random walk
[7 INFO main 528664] Scout.Query -> Scout.GotoCenter | Drive to others reported pos
[7 INFO main 529765] Scout.GotoCenter -> Scout.Query | return to random walk
[7 INFO main 530768] Scout.Query -> Scout.GotoCenter | Drive to others reported pos
[7 INFO main 531464] Scout.GotoCenter -> Scout.Query | return to random walk
[7 INFO main 531869] Scout.Query -> Scout.GotoCenter | Drive to others reported pos
[7 INFO main 534071] Scout.GotoCenter -> Scout.Query | return to random walk
[7 INFO main 535171] Scout.Query -> Scout.GotoCenter | Drive to others reported pos
[7 INFO main 535274] Scout.GotoCenter -> Scout.Query | return to random walk
[7 INFO main 536174] Scout.Query -> Scout.GotoCenter | Drive to others reported pos
[7 INFO main 539980] Scout.GotoCenter -> Scout.Query | return to random walk
[7 INFO main 540378] Scout.Query -> Scout.GotoCenter | Drive to others reported pos
[7 INFO main 540478] Scout.GotoCenter -> Scout.Query | return to random walk
[7 INFO main 541378] Scout.Query -> Scout.GotoCenter | Drive to others reported pos
[7 INFO main 542873] Scout.GotoCenter -> Scout.Query | return to random walk
[7 INFO main 543483] Scout.Query -> Scout.GotoCenter | Drive to others reported pos
[7 INFO main 543684] Scout.GotoCenter -> Scout.Query | return to random walk
[7 INFO main 544485] Scout.Query -> Scout.GotoCenter | Drive to others reported pos
[7 INFO main 544881] Scout.GotoCenter -> Scout.Query | return to random walk
[7 INFO main 545486] Scout.Query -> Scout.GotoCenter | Drive to others reported pos
[7 INFO main 546583] Scout.GotoCenter -> Scout.Query | return to random walk
[7 INFO main 547588] Scout.Query -> Scout.GotoCenter | Drive to others reported pos
[7 INFO main 548689] Scout.GotoCenter -> Scout.Query | return to random walk
[7 INFO main 549593] Scout.Query -> Scout.GotoCenter | Drive to others reported pos
[7 INFO main 550093] Scout.GotoCenter -> Scout.Query | return to random walk
[7 INFO main 550690] Scout.Query -> Scout.GotoCenter | Drive to others reported pos
[7 INFO main 551292] Scout.GotoCenter -> Scout.Query | return to random walk
[7 INFO main 551692] Scout.Query -> Scout.GotoCenter | Drive to others reported pos
[7 INFO main 551890] Scout.GotoCenter -> Scout.Query | return to random walk
[7 INFO main 552794] Scout.Query -> Scout.GotoCenter | Drive to others reported pos
[7 INFO main 558500] Scout.GotoCenter -> Scout.Query | return to random walk
[7 INFO main 559304] Scout.Query -> Scout.GotoCenter | Drive to others reported pos
[7 INFO main 559600] Scout.GotoCenter -> Scout.Query | return to random walk
[7 INFO main 560403] Scout.Query -> Scout.GotoCenter | Drive to others reported pos
[7 INFO main 561102] Scout.GotoCenter -> Scout.Query | return to random walk
[7 INFO main 561406] Scout.Query -> Scout.GotoCenter | Drive to others reported pos
[7 INFO main 561702] Scout.GotoCenter -> Scout.Query | return to random walk
[7 INFO main 562509] Scout.Query -> Scout.GotoCenter | Drive to others reported pos
[7 INFO main 563605] Scout.GotoCenter -> Scout.Query | return to random walk
[7 INFO main 564512] Scout.Query -> Scout.GotoCenter | Drive to others reported pos
[7 INFO main 564607] Scout.GotoCenter -> Scout.Query | return to random walk
[7 INFO main 565610] Scout.Query -> Scout.GotoCenter | Drive to others reported pos
[7 INFO main 565710] Scout.GotoCenter -> Scout.Query | return to random walk
[7 INFO main 566614] Scout.Query -> Scout.GotoCenter | Drive to others reported pos
[7 INFO main 568112] Scout.GotoCenter -> Scout.Query | return to random walk
[7 INFO main 568820] Scout.Query -> Scout.GotoCenter | Drive to others reported pos
[7 INFO main 569914] Scout.GotoCenter -> Scout.Query | return to random walk
[7 INFO main 570822] Scout.Query -> Scout.GotoCenter | Drive to others reported pos
[7 INFO main 572216] Scout.GotoCenter -> Scout.Query | return to random walk
[7 INFO main 573023] Scout.Query -> Scout.GotoCenter | Drive to others reported pos
[7 INFO main 575320] Scout.GotoCenter -> Scout.Query | return to random walk
[7 INFO main 576226] Scout.Query -> Scout.GotoCenter | Drive to others reported pos
[7 INFO main 577229] Scout.GotoCenter -> Scout.Query | return to random walk
[7 INFO main 578333] Scout.Query -> Scout.GotoCenter | Drive to others reported pos
[7 INFO main 578926] Scout.GotoCenter -> Scout.Query | return to random walk
[7 INFO main 579427] Scout.Query -> Scout.GotoCenter | Drive to others reported pos
[7 INFO main 579528] Scout.GotoCenter -> Scout.Query | return to random walk
[7 INFO main 580429] Scout.Query -> Scout.GotoCenter | Drive to others reported pos
[7 INFO main 580832] Scout.GotoCenter -> Scout.Query | return to random walk
[7 INFO main 581535] Scout.Query -> Scout.GotoCenter | Drive to others reported pos
[7 INFO main 582429] Scout.GotoCenter -> Scout.Query | return to random walk
[7 INFO main 582627] Scout.Query -> Scout.GotoCenter | Drive to others reported pos
[7 INFO main 582734] Scout.GotoCenter -> Scout.Query | return to random walk
[7 INFO main 583630] Scout.Query -> Scout.GotoCenter | Drive to others reported pos
[7 INFO main 584131] Scout.GotoCenter -> Scout.Query | return to random walk
[7 INFO main 584633] Scout.Query -> Scout.GotoCenter | Drive to others reported pos
[7 INFO main 587435] Scout.GotoCenter -> Scout.Query | return to random walk
[7 INFO main 587637] Scout.Query -> Scout.GotoCenter | Drive to others reported pos
[7 INFO main 588641] Scout.GotoCenter -> Scout.Query | return to random walk
[7 INFO main 589738] Scout.Query -> Scout.GotoCenter | Drive to others reported pos
[7 INFO main 592241] Scout.GotoCenter -> Scout.Query | return to random walk
[7 INFO main 592743] Scout.Query -> Scout.GotoCenter | Drive to others reported pos
[7 INFO main 593942] Scout.GotoCenter -> Scout.Query | return to random walk
[7 INFO main 594849] Scout.Query -> Scout.GotoCenter | Drive to others reported pos
[7 INFO main 595645] Scout.GotoCenter -> Scout.Query | return to random walk
[7 INFO main 595949] Scout.Query -> Scout.GotoCenter | Drive to others reported pos
[7 INFO main 596451] Scout.GotoCenter -> Scout.Query | return to random walk
[7 INFO main 597049] Scout.Query -> Scout.GotoCenter | Drive to others reported pos
[7 INFO main 599252] Scout.GotoCenter -> Scout.Query | return to random walk
[7 INFO main 600255] Scout.Query -> Scout.GotoCenter | Drive to others reported pos
