[5 INFO main 27] Initialising Python Geth Console...
[5 INFO main 32] Initialising RandB board...
[5 INFO main 32] Initialising navigation...
[5 INFO main 32] Initialising random-walk...
[5 INFO main 32] Initialising odometry...
[5 INFO main 32] Initialising ground-sensors...
[5 INFO main 749] --//-- Starting Experiment --//--
[5 INFO main 1848] Idle.IDLE -> Scout.Query | Duration: 19.81
[5 INFO main 16423] Scout.Query -> Scout.GotoCenter | Drive to others reported pos
[5 INFO main 73700] Scout.GotoCenter -> Scout.Query | return to random walk
[5 INFO main 104098] Scout.Query -> Scout.GotoCenter | Drive to others reported pos
[5 INFO main 112970] Scout.GotoCenter -> Scout.Query | return to random walk
[5 INFO main 194371] Scout.Query -> Scout.GotoCenter | Drive to others reported pos
[5 INFO main 230120] Scout.GotoCenter -> Scout.Query | return to random walk
[5 INFO main 455253] Scout.Query -> Scout.GotoCenter | Drive to others reported pos
[5 INFO main 489262] Scout.GotoCenter -> Scout.Query | return to random walk
[5 INFO main 560206] Scout.Query -> Scout.GotoCenter | Drive to others reported pos
[5 INFO main 593888] Scout.GotoCenter -> Scout.Query | return to random walk
[5 INFO main 619255] Scout.Query -> Scout.GotoCenter | Drive to others reported pos
[5 INFO main 653228] Scout.GotoCenter -> Scout.Query | return to random walk
[5 INFO main 830136] Scout.Query -> Scout.GotoCenter | Drive to others reported pos
[5 INFO main 872275] Scout.GotoCenter -> Scout.Query | return to random walk
[5 INFO main 959048] Scout.Query -> Scout.GotoCenter | Drive to others reported pos
[5 INFO main 977640] Scout.GotoCenter -> Scout.Query | return to random walk
[5 INFO main 1018720] Scout.Query -> Scout.GotoCenter | Drive to others reported pos
[5 INFO main 1051392] Scout.GotoCenter -> Scout.Query | return to random walk
[5 INFO main 1076732] Scout.Query -> Scout.GotoCenter | Drive to others reported pos
[5 INFO main 1124207] Scout.GotoCenter -> Scout.Query | return to random walk
[5 INFO main 1170036] Scout.Query -> Scout.GotoCenter | Drive to others reported pos
[5 INFO main 1197068] Scout.GotoCenter -> Scout.Query | return to random walk
[5 INFO main 1318626] Scout.Query -> Scout.GotoCenter | Drive to others reported pos
[5 INFO main 1365311] Scout.GotoCenter -> Scout.Query | return to random walk
