[7 INFO main 27] Initialising Python Geth Console...
[7 INFO main 31] Initialising RandB board...
[7 INFO main 31] Initialising navigation...
[7 INFO main 31] Initialising random-walk...
[7 INFO main 31] Initialising odometry...
[7 INFO main 31] Initialising ground-sensors...
[7 INFO main 1070] --//-- Starting Experiment --//--
[7 INFO main 2166] Idle.IDLE -> Scout.Query | Duration: 20.00
[7 INFO main 11326] Scout.Query -> Scout.GotoCenter | Drive to others reported pos
[7 INFO main 18711] Scout.GotoCenter -> Scout.Query | return to random walk
[7 INFO main 44414] Scout.Query -> Scout.GotoCenter | Drive to others reported pos
[7 INFO main 80346] Scout.GotoCenter -> Scout.Query | return to random walk
[7 INFO main 161162] Scout.Query -> Scout.GotoCenter | Drive to others reported pos
[7 INFO main 198425] Scout.GotoCenter -> Scout.Query | return to random walk
[7 INFO main 223830] Scout.Query -> Scout.GotoCenter | Drive to others reported pos
[7 INFO main 271766] Scout.GotoCenter -> Scout.Query | return to random walk
[7 INFO main 302249] Scout.Query -> Scout.GotoCenter | Drive to others reported pos
[7 INFO main 343788] Scout.GotoCenter -> Scout.Query | return to random walk
[7 INFO main 434902] Scout.Query -> Scout.GotoCenter | Drive to others reported pos
[7 INFO main 472733] Scout.GotoCenter -> Scout.Query | return to random walk
[7 INFO main 498263] Scout.Query -> Scout.GotoCenter | Drive to others reported pos
[7 INFO main 543380] Scout.GotoCenter -> Scout.Query | return to random walk
[7 INFO main 706626] Scout.Query -> Scout.GotoCenter | Drive to others reported pos
[7 INFO main 734262] Scout.GotoCenter -> Scout.Query | return to random walk
[7 INFO main 800524] Scout.Query -> Scout.GotoCenter | Drive to others reported pos
