[1 INFO main 34] Initialising Python Geth Console...
[1 INFO main 39] Initialising RandB board...
[1 INFO main 39] Initialising navigation...
[1 INFO main 39] Initialising random-walk...
[1 INFO main 39] Initialising odometry...
[1 INFO main 39] Initialising ground-sensors...
[1 INFO main 801] --//-- Starting Experiment --//--
[1 INFO main 2146] Idle.IDLE -> Scout.Query | Duration: 33.12
[1 INFO main 13241] Scout.Query -> Scout.PrepSend | Homing
[1 INFO main 13446] Scout.PrepSend -> Verify.Homing | Homing
[1 INFO main 23729] Confirming: 1/9
[1 INFO main 25753] Confirming: 2/9
[1 INFO main 27828] Confirming: 3/9
[1 INFO main 28752] Verify.Homing -> Scout.Query | Arrived home
[1 INFO main 29858] Confirming: 4/9
[1 INFO main 31960] Confirming: 5/9
[1 INFO main 34048] Confirming: 6/9
[1 INFO main 36103] Confirming: 7/9
[1 INFO main 38111] Confirming: 8/9
[1 INFO main 40207] Confirming: 9/9
[1 INFO main 40362] Scout.Query -> Verify.DriveTo | Go to unverified source
[1 INFO main 86581] Verify.DriveTo -> Verify.Homing | Homing
[1 INFO main 109740] Confirming: 1/9
[1 INFO main 111811] Confirming: 2/9
[1 INFO main 113812] Confirming: 3/9
[1 INFO main 115854] Confirming: 4/9
[1 INFO main 117961] Confirming: 6/9
[1 INFO main 122080] Confirming: 7/9
[1 INFO main 124184] Confirming: 9/9
[1 INFO main 137536] Verify.Homing -> Scout.Query | Arrived home
[1 INFO main 137665] Scout.Query -> Verify.DriveTo | Go to unverified source
[1 INFO main 166226] Verify.DriveTo -> Verify.Homing | Homing
[1 INFO main 174499] Confirming: 1/9
[1 INFO main 180780] Confirming: 4/9
[1 INFO main 184856] Confirming: 6/9
[1 INFO main 186485] Verify.Homing -> Scout.Query | Arrived home
[1 INFO main 186895] Confirming: 7/9
[1 INFO main 188961] Confirming: 8/9
[1 INFO main 191003] Confirming: 9/9
[1 INFO main 191796] Scout.Query -> Verify.DriveTo | Go to unverified source
[1 INFO main 218567] Verify.DriveTo -> Verify.Homing | Homing
[1 INFO main 229032] Confirming: 1/9
[1 INFO main 231034] Confirming: 2/9
[1 INFO main 233114] Confirming: 3/9
[1 INFO main 235176] Confirming: 4/9
[1 INFO main 237207] Confirming: 5/9
[1 INFO main 239260] Confirming: 6/9
[1 INFO main 241312] Confirming: 7/9
[1 INFO main 243310] Confirming: 8/9
[1 INFO main 245414] Confirming: 9/9
[1 INFO main 246188] Verify.Homing -> Scout.Query | Arrived home
[1 INFO main 267342] Scout.Query -> Verify.DriveTo | Go to unverified source
[1 INFO main 294814] Verify.DriveTo -> Verify.Homing | Homing
[1 INFO main 319354] Confirming: 1/9
[1 INFO main 320672] Verify.Homing -> Scout.Query | Arrived home
[1 INFO main 321483] Confirming: 2/9
[1 INFO main 323523] Confirming: 3/9
[1 INFO main 325638] Confirming: 4/9
[1 INFO main 327671] Confirming: 5/9
[1 INFO main 329742] Confirming: 6/9
[1 INFO main 331796] Confirming: 7/9
[1 INFO main 333900] Confirming: 9/9
[1 INFO main 334836] Scout.Query -> Verify.DriveTo | Go to unverified source
[1 INFO main 357193] Verify.DriveTo -> Verify.Homing | Homing
[1 INFO main 378164] Verify.Homing -> Scout.Query | Arrived home
[1 INFO main 384090] Confirming: 1/9
[1 INFO main 386123] Confirming: 2/9
[1 INFO main 388132] Confirming: 3/9
[1 INFO main 390156] Confirming: 4/9
[1 INFO main 394216] Confirming: 5/9
[1 INFO main 396387] Confirming: 7/9
[1 INFO main 398404] Confirming: 8/9
[1 INFO main 400476] Confirming: 9/9
[1 INFO main 405215] Scout.Query -> Verify.DriveTo | Go to unverified source
[1 INFO main 465663] Verify.DriveTo -> Verify.Homing | Homing
[1 INFO main 474032] Confirming: 1/9
[1 INFO main 478062] Confirming: 3/9
[1 INFO main 482130] Confirming: 5/9
[1 INFO main 484173] Confirming: 6/9
[1 INFO main 486215] Confirming: 7/9
[1 INFO main 488314] Confirming: 8/9
[1 INFO main 490412] Confirming: 9/9
[1 INFO main 490543] Verify.Homing -> Scout.Query | Arrived home
[1 INFO main 490677] Scout.Query -> Verify.DriveTo | Go to unverified source
[1 INFO main 514272] Verify.DriveTo -> Verify.Homing | Homing
[1 INFO main 535112] Confirming: 1/9
[1 INFO main 535724] Verify.Homing -> Scout.Query | Arrived home
[1 INFO main 537175] Confirming: 2/9
[1 INFO main 539276] Confirming: 3/9
[1 INFO main 541389] Confirming: 4/9
[1 INFO main 543466] Confirming: 5/9
[1 INFO main 545548] Confirming: 6/9
[1 INFO main 547594] Confirming: 7/9
[1 INFO main 549751] Confirming: 8/9
[1 INFO main 551857] Confirming: 9/9
[1 INFO main 552013] Scout.Query -> Verify.DriveTo | Go to unverified source
[1 INFO main 584696] Verify.DriveTo -> Verify.Homing | Homing
[1 INFO main 604856] Verify.Homing -> Scout.Query | Arrived home
[1 INFO main 620093] Confirming: 1/9
[1 INFO main 622114] Confirming: 2/9
[1 INFO main 626353] Confirming: 4/9
[1 INFO main 628372] Confirming: 5/9
[1 INFO main 630370] Confirming: 6/9
[1 INFO main 632470] Confirming: 7/9
[1 INFO main 634526] Confirming: 8/9
[1 INFO main 638598] Confirming: 9/9
[1 INFO main 639020] Scout.Query -> Verify.DriveTo | Go to unverified source
[1 INFO main 662592] Verify.DriveTo -> Verify.Homing | Homing
[1 INFO main 684041] Verify.Homing -> Scout.Query | Arrived home
[1 INFO main 687779] Confirming: 1/9
[1 INFO main 689742] Confirming: 2/9
[1 INFO main 691852] Confirming: 3/9
[1 INFO main 694095] Confirming: 4/9
[1 INFO main 696135] Confirming: 5/9
[1 INFO main 698310] Confirming: 6/9
[1 INFO main 700408] Confirming: 7/9
[1 INFO main 702430] Confirming: 8/9
[1 INFO main 704493] Confirming: 9/9
[1 INFO main 704522] Scout.Query -> Verify.DriveTo | Go to unverified source
[1 INFO main 747066] Verify.DriveTo -> Verify.Homing | Homing
[1 INFO main 769480] Verify.Homing -> Scout.Query | Arrived home
[1 INFO main 776826] Confirming: 1/9
[1 INFO main 785075] Confirming: 4/9
[1 INFO main 787113] Confirming: 5/9
[1 INFO main 789254] Confirming: 6/9
[1 INFO main 791362] Confirming: 8/9
[1 INFO main 793382] Confirming: 9/9
[1 INFO main 794071] Scout.Query -> Verify.DriveTo | Go to unverified source
[1 INFO main 838373] Verify.DriveTo -> Verify.Homing | Homing
[1 INFO main 863624] Verify.Homing -> Scout.Query | Arrived home
[1 INFO main 869239] Confirming: 2/9
[1 INFO main 871273] Confirming: 3/9
[1 INFO main 873430] Confirming: 4/9
[1 INFO main 875432] Confirming: 5/9
[1 INFO main 877566] Confirming: 6/9
[1 INFO main 879570] Confirming: 7/9
[1 INFO main 881655] Confirming: 8/9
[1 INFO main 883799] Confirming: 9/9
[1 INFO main 884478] Scout.Query -> Verify.DriveTo | Go to unverified source
[1 INFO main 930082] Verify.DriveTo -> Verify.Homing | Homing
[1 INFO main 952948] Verify.Homing -> Scout.Query | Arrived home
[1 INFO main 1047878] Confirming: 1/9
[1 INFO main 1049889] Confirming: 2/9
[1 INFO main 1051981] Confirming: 3/9
[1 INFO main 1054024] Confirming: 4/9
[1 INFO main 1056038] Confirming: 5/9
[1 INFO main 1058095] Confirming: 6/9
[1 INFO main 1060174] Confirming: 7/9
[1 INFO main 1064310] Confirming: 8/9
[1 INFO main 1111625] Confirming: 33/9
[1 INFO main 1111657] Scout.Query -> Verify.DriveTo | Go to unverified source
[1 INFO main 1176791] Verify.DriveTo -> Verify.Homing | Homing
[1 INFO main 1198650] Verify.Homing -> Scout.Query | Arrived home
[1 INFO main 1228466] Confirming: 1/9
[1 INFO main 1230488] Confirming: 2/9
[1 INFO main 1232512] Confirming: 3/9
[1 INFO main 1283910] Confirming: 28/9
[1 INFO main 1284880] Scout.Query -> Verify.DriveTo | Go to unverified source
[1 INFO main 1348261] Verify.DriveTo -> Verify.Homing | Homing
[1 INFO main 1375173] Verify.Homing -> Scout.Query | Arrived home
[1 INFO main 1377257] Confirming: 1/9
[1 INFO main 1379311] Confirming: 2/9
[1 INFO main 1381381] Confirming: 3/9
[1 INFO main 1383456] Confirming: 4/9
[1 INFO main 1387551] Confirming: 5/9
[1 INFO main 1389555] Confirming: 7/9
[1 INFO main 1393634] Confirming: 8/9
[1 INFO main 1395762] Confirming: 9/9
[1 INFO main 1396081] Scout.Query -> Verify.DriveTo | Go to unverified source
[1 INFO main 1413477] Verify.DriveTo -> Verify.Homing | Homing
[1 INFO main 1437547] Verify.Homing -> Scout.Query | Arrived home
[1 INFO main 1438146] Confirming: 1/9
[1 INFO main 1440247] Confirming: 2/9
[1 INFO main 1442270] Confirming: 3/9
[1 INFO main 1444289] Confirming: 4/9
[1 INFO main 1446334] Confirming: 5/9
[1 INFO main 1448367] Confirming: 6/9
[1 INFO main 1450415] Confirming: 7/9
[1 INFO main 1454548] Confirming: 9/9
[1 INFO main 1454585] Scout.Query -> Verify.DriveTo | Go to unverified source
[1 INFO main 1491852] Verify.DriveTo -> Verify.Homing | Homing
[1 INFO main 1514571] Verify.Homing -> Scout.Query | Arrived home
[1 INFO main 1528896] Confirming: 2/9
[1 INFO main 1533001] Confirming: 4/9
[1 INFO main 1537123] Confirming: 5/9
[1 INFO main 1539171] Confirming: 7/9
[1 INFO main 1541259] Confirming: 8/9
[1 INFO main 1543319] Confirming: 9/9
[1 INFO main 1543568] Scout.Query -> Verify.DriveTo | Go to unverified source
[1 INFO main 1571074] Verify.DriveTo -> Verify.Homing | Homing
[1 INFO main 1587712] Confirming: 1/9
[1 INFO main 1589742] Confirming: 2/9
[1 INFO main 1591786] Confirming: 3/9
[1 INFO main 1593856] Confirming: 4/9
[1 INFO main 1593947] Verify.Homing -> Scout.Query | Arrived home
[1 INFO main 1595897] Confirming: 5/9
[1 INFO main 1597919] Confirming: 6/9
[1 INFO main 1599930] Confirming: 7/9
[1 INFO main 1601996] Confirming: 8/9
[1 INFO main 1604434] Confirming: 9/9
[1 INFO main 1604474] Scout.Query -> Verify.DriveTo | Go to unverified source
[1 INFO main 1634245] Verify.DriveTo -> Verify.Homing | Homing
[1 INFO main 1648725] Confirming: 1/9
[1 INFO main 1650748] Confirming: 2/9
[1 INFO main 1652779] Confirming: 3/9
[1 INFO main 1654433] Verify.Homing -> Scout.Query | Arrived home
[1 INFO main 1654839] Confirming: 4/9
[1 INFO main 1656959] Confirming: 5/9
[1 INFO main 1659022] Confirming: 6/9
[1 INFO main 1661032] Confirming: 8/9
[1 INFO main 1665179] Confirming: 9/9
[1 INFO main 1665215] Scout.Query -> Verify.DriveTo | Go to unverified source
[1 INFO main 1699470] Verify.DriveTo -> Verify.Homing | Homing
[1 INFO main 1707682] Confirming: 1/9
[1 INFO main 1709744] Confirming: 2/9
[1 INFO main 1711804] Confirming: 3/9
[1 INFO main 1713852] Confirming: 4/9
[1 INFO main 1715892] Confirming: 5/9
[1 INFO main 1717897] Confirming: 6/9
[1 INFO main 1719902] Confirming: 7/9
[1 INFO main 1721933] Confirming: 8/9
[1 INFO main 1724001] Confirming: 9/9
[1 INFO main 1729669] Verify.Homing -> Scout.Query | Arrived home
[1 INFO main 1729807] Scout.Query -> Verify.DriveTo | Go to unverified source
[1 INFO main 1796464] Verify.DriveTo -> Verify.Homing | Homing
