[5 INFO main 28] Initialising Python Geth Console...
[5 INFO main 33] Initialising RandB board...
[5 INFO main 33] Initialising navigation...
[5 INFO main 33] Initialising random-walk...
[5 INFO main 34] Initialising odometry...
[5 INFO main 34] Initialising ground-sensors...
[5 INFO main 932] --//-- Starting Experiment --//--
[5 INFO main 2030] Idle.IDLE -> Scout.Query | Duration: 23.64
[5 INFO main 16128] Scout.Query -> Scout.GotoCenter | Drive to others reported pos
[5 INFO main 35640] Scout.GotoCenter -> Scout.Query | return to random walk
[5 INFO main 61272] Scout.Query -> Scout.GotoCenter | Drive to others reported pos
[5 INFO main 103329] Scout.GotoCenter -> Scout.Query | return to random walk
[5 INFO main 179618] Scout.Query -> Scout.GotoCenter | Drive to others reported pos
[5 INFO main 222988] Scout.GotoCenter -> Scout.Query | return to random walk
[5 INFO main 263533] Scout.Query -> Scout.GotoCenter | Drive to others reported pos
[5 INFO main 296723] Scout.GotoCenter -> Scout.Query | return to random walk
[5 INFO main 322911] Scout.Query -> Scout.GotoCenter | Drive to others reported pos
[5 INFO main 365683] Scout.GotoCenter -> Scout.Query | return to random walk
[5 INFO main 401319] Scout.Query -> Scout.GotoCenter | Drive to others reported pos
[5 INFO main 432338] Scout.GotoCenter -> Scout.Query | return to random walk
[5 INFO main 488482] Scout.Query -> Scout.GotoCenter | Drive to others reported pos
[5 INFO main 522102] Scout.GotoCenter -> Scout.Query | return to random walk
[5 INFO main 552633] Scout.Query -> Scout.GotoCenter | Drive to others reported pos
[5 INFO main 567366] Scout.GotoCenter -> Scout.Query | return to random walk
[5 INFO main 689277] Scout.Query -> Scout.GotoCenter | Drive to others reported pos
[5 INFO main 695014] Scout.GotoCenter -> Scout.Query | return to random walk
[5 INFO main 735628] Scout.Query -> Scout.GotoCenter | Drive to others reported pos
[5 INFO main 765875] Scout.GotoCenter -> Scout.Query | return to random walk
[5 INFO main 821674] Scout.Query -> Scout.GotoCenter | Drive to others reported pos
[5 INFO main 853142] Scout.GotoCenter -> Scout.Query | return to random walk
[5 INFO main 929031] Scout.Query -> Scout.GotoCenter | Drive to others reported pos
[5 INFO main 955937] Scout.GotoCenter -> Scout.Query | return to random walk
[5 INFO main 1007183] Scout.Query -> Scout.GotoCenter | Drive to others reported pos
[5 INFO main 1044541] Scout.GotoCenter -> Scout.Query | return to random walk
[5 INFO main 1065214] Scout.Query -> Scout.GotoCenter | Drive to others reported pos
[5 INFO main 1118509] Scout.GotoCenter -> Scout.Query | return to random walk
[5 INFO main 1154099] Scout.Query -> Scout.GotoCenter | Drive to others reported pos
[5 INFO main 1173096] Scout.GotoCenter -> Scout.Query | return to random walk
[5 INFO main 1254057] Scout.Query -> Scout.GotoCenter | Drive to others reported pos
[5 INFO main 1296419] Scout.GotoCenter -> Scout.Query | return to random walk
[5 INFO main 1362438] Scout.Query -> Scout.GotoCenter | Drive to others reported pos
