[8 INFO main 27] Initialising Python Geth Console...
[8 INFO main 31] Initialising RandB board...
[8 INFO main 32] Initialising navigation...
[8 INFO main 32] Initialising random-walk...
[8 INFO main 32] Initialising odometry...
[8 INFO main 32] Initialising ground-sensors...
[8 INFO main 845] --//-- Starting Experiment --//--
[8 INFO main 1949] Idle.IDLE -> Scout.Query | Duration: 23.16
[8 INFO main 21257] Scout.Query -> Scout.GotoCenter | Drive to others reported pos
[8 INFO main 45000] Scout.GotoCenter -> Scout.Query | return to random walk
[8 INFO main 126020] Scout.Query -> Scout.GotoCenter | Drive to others reported pos
[8 INFO main 182344] Scout.GotoCenter -> Scout.Query | return to random walk
[8 INFO main 248345] Scout.Query -> Scout.GotoCenter | Drive to others reported pos
[8 INFO main 294412] Scout.GotoCenter -> Scout.Query | return to random walk
[8 INFO main 340198] Scout.Query -> Scout.GotoCenter | Drive to others reported pos
[8 INFO main 373028] Scout.GotoCenter -> Scout.Query | return to random walk
[8 INFO main 398840] Scout.Query -> Scout.GotoCenter | Drive to others reported pos
[8 INFO main 405063] Scout.GotoCenter -> Scout.Query | return to random walk
[8 INFO main 425877] Scout.Query -> Scout.GotoCenter | Drive to others reported pos
[8 INFO main 438305] Scout.GotoCenter -> Scout.Query | return to random walk
