[INFO main 27] Initialising peer buffer...
[INFO main 27] Initialising resource buffer...
[INFO main 27] Initialising TCP server...
[INFO main 27] Initialising RandB board...
[INFO main 27] Initialising ground-sensors...
[INFO main 27] Initialising random-walk...
[INFO main 1232] --//-- Starting Experiment --//--
[INFO main 46983] Added resource: {"x": -0.71, "y": -0.37, "radius": 0.05, "quantity": 1, "quality": "blue", "timeStamp": 0}
[INFO main 50787] Added resource: {"x": -0.62, "y": -0.19, "radius": 0.06, "quantity": 1, "quality": "blue", "timeStamp": 0}
[INFO main 60899] Added resource: {"x": -0.34, "y": 0.2, "radius": 0.04, "quantity": 1, "quality": "red", "timeStamp": 0}
[INFO main 76517] Added resource: {"x": -0.11, "y": 0.83, "radius": 0.05, "quantity": 1, "quality": "red", "timeStamp": 0}
[INFO main 112058] Added resource: {"x": 0.64, "y": 0.15, "radius": 0.05, "quantity": 1, "quality": "blue", "timeStamp": 0}
[INFO main 127774] Added resource: {"x": 1.12, "y": -0.15, "radius": 0.06, "quantity": 1, "quality": "blue", "timeStamp": 0}
[INFO main 167922] Removed resource: {"x": -0.62, "y": -0.19, "radius": 0.06, "quantity": 1, "quality": "blue", "timeStamp": 0}
[INFO main 226985] Removed resource: {"x": 0.64, "y": 0.15, "radius": 0.05, "quantity": 1, "quality": "blue", "timeStamp": 0}
[INFO main 259626] Removed resource: {"x": -0.71, "y": -0.37, "radius": 0.05, "quantity": 1, "quality": "blue", "timeStamp": 0}
[INFO main 275137] Added resource: {"x": -0.67, "y": -0.64, "radius": 0.05, "quantity": 1, "quality": "red", "timeStamp": 0}
[INFO main 315479] Removed resource: {"x": 1.12, "y": -0.15, "radius": 0.06, "quantity": 1, "quality": "blue", "timeStamp": 0}
[INFO main 339704] Added resource: {"x": 0.35, "y": -0.2, "radius": 0.06, "quantity": 1, "quality": "green", "timeStamp": 0}
[INFO main 400371] Added resource: {"x": -0.27, "y": -0.54, "radius": 0.06, "quantity": 1, "quality": "green", "timeStamp": 0}
[INFO main 417388] Removed resource: {"x": 0.35, "y": -0.2, "radius": 0.06, "quantity": 1, "quality": "green", "timeStamp": 0}
[INFO main 438313] Removed resource: {"x": -0.27, "y": -0.54, "radius": 0.06, "quantity": 1, "quality": "green", "timeStamp": 0}
[INFO main 452528] Added resource: {"x": -0.94, "y": -0.34, "radius": 0.05, "quantity": 1, "quality": "red", "timeStamp": 0}
[INFO main 478857] Added resource: {"x": 0.04, "y": -0.34, "radius": 0.05, "quantity": 1, "quality": "blue", "timeStamp": 0}
[INFO main 492373] Removed resource: {"x": 0.04, "y": -0.34, "radius": 0.05, "quantity": 1, "quality": "blue", "timeStamp": 0}
[INFO main 521505] Removed resource: {"x": -0.34, "y": 0.2, "radius": 0.04, "quantity": 1, "quality": "red", "timeStamp": 0}
[INFO main 579467] Removed resource: {"x": -0.11, "y": 0.83, "radius": 0.05, "quantity": 1, "quality": "red", "timeStamp": 0}
