[1 INFO main 35] Initialising Python Geth Console...
[1 INFO main 40] Initialising RandB board...
[1 INFO main 40] Initialising navigation...
[1 INFO main 40] Initialising random-walk...
[1 INFO main 40] Initialising odometry...
[1 INFO main 40] Initialising ground-sensors...
[1 INFO main 1312] --//-- Starting Experiment --//--
[1 INFO main 2414] Idle.IDLE -> Scout.Query | Duration: 22.36
[1 INFO main 46715] Scout.Query -> Scout.GotoCenter | Drive to others reported pos
[1 INFO main 107145] Scout.GotoCenter -> Scout.Query | return to random walk
[1 INFO main 132497] Scout.Query -> Scout.GotoCenter | Drive to others reported pos
[1 INFO main 185068] Scout.GotoCenter -> Scout.Query | return to random walk
[1 INFO main 296339] Scout.Query -> Scout.GotoCenter | Drive to others reported pos
[1 INFO main 340075] Scout.GotoCenter -> Scout.Query | return to random walk
[1 INFO main 370468] Scout.Query -> Scout.GotoCenter | Drive to others reported pos
[1 INFO main 401433] Scout.GotoCenter -> Scout.Query | return to random walk
[1 INFO main 432088] Scout.Query -> Scout.GotoCenter | Drive to others reported pos
[1 INFO main 498183] Scout.GotoCenter -> Scout.Query | return to random walk
[1 INFO main 523496] Scout.Query -> Scout.GotoCenter | Drive to others reported pos
[1 INFO main 559148] Scout.GotoCenter -> Scout.Query | return to random walk
[1 INFO main 584990] Scout.Query -> Scout.GotoCenter | Drive to others reported pos
