[14 INFO main 29] Initialising Python Geth Console...
[14 INFO main 32] Initialising RandB board...
[14 INFO main 33] Initialising navigation...
[14 INFO main 33] Initialising random-walk...
[14 INFO main 33] Initialising odometry...
[14 INFO main 33] Initialising ground-sensors...
[14 INFO main 98] --//-- Starting Experiment --//--
[14 INFO main 1195] Idle.IDLE -> Scout.Query | Duration: 18.66
[14 INFO main 40732] Scout.Query -> Scout.GotoCenter | Drive to others reported pos
[14 INFO main 119076] Scout.GotoCenter -> Scout.Query | return to random walk
[14 INFO main 135678] Confirming: 1/8
[14 INFO main 137754] Confirming: 2/8
[14 INFO main 139810] Confirming: 3/8
[14 INFO main 141897] Confirming: 4/8
[14 INFO main 144006] Confirming: 5/8
[14 INFO main 146054] Confirming: 6/8
[14 INFO main 148165] Confirming: 7/8
[14 INFO main 152238] Confirming: 9/8
[14 INFO main 154563] Scout.Query -> Scout.GotoCenter | Drive to others reported pos
[14 INFO main 182813] Scout.GotoCenter -> Scout.Query | return to random walk
[14 INFO main 195110] Confirming: 1/8
[14 INFO main 197137] Confirming: 2/8
[14 INFO main 201370] Confirming: 4/8
[14 INFO main 203404] Confirming: 5/8
[14 INFO main 205522] Confirming: 6/8
[14 INFO main 207541] Confirming: 7/8
[14 INFO main 209601] Confirming: 8/8
[14 INFO main 314268] Scout.Query -> Scout.GotoCenter | Drive to others reported pos
[14 INFO main 337795] Scout.GotoCenter -> Scout.Query | return to random walk
[14 INFO main 352202] Confirming: 1/8
[14 INFO main 354251] Confirming: 2/8
[14 INFO main 356350] Confirming: 4/8
[14 INFO main 358382] Confirming: 5/8
[14 INFO main 360360] Confirming: 6/8
[14 INFO main 362374] Confirming: 7/8
[14 INFO main 364410] Confirming: 8/8
[14 INFO main 368333] Scout.Query -> Scout.GotoCenter | Drive to others reported pos
[14 INFO main 373375] Scout.GotoCenter -> Scout.Query | return to random walk
[14 INFO main 417008] Confirming: 1/8
[14 INFO main 419017] Confirming: 2/8
[14 INFO main 421054] Confirming: 3/8
[14 INFO main 423070] Confirming: 4/8
[14 INFO main 425097] Confirming: 5/8
[14 INFO main 427146] Confirming: 6/8
[14 INFO main 429158] Confirming: 7/8
[14 INFO main 431205] Confirming: 8/8
[14 INFO main 454469] Scout.Query -> Scout.GotoCenter | Drive to others reported pos
[14 INFO main 509806] Scout.GotoCenter -> Scout.Query | return to random walk
[14 INFO main 536649] Confirming: 1/8
[14 INFO main 540786] Confirming: 2/8
[14 INFO main 542786] Confirming: 3/8
[14 INFO main 544850] Confirming: 5/8
[14 INFO main 546965] Confirming: 6/8
[14 INFO main 551050] Confirming: 7/8
[14 INFO main 553062] Confirming: 8/8
[14 INFO main 676854] Confirming: 1/8
[14 INFO main 678822] Confirming: 2/8
[14 INFO main 680890] Confirming: 4/8
[14 INFO main 682934] Confirming: 5/8
[14 INFO main 686998] Confirming: 7/8
[14 INFO main 689149] Confirming: 8/8
[14 INFO main 692717] Scout.Query -> Scout.GotoCenter | Drive to others reported pos
[14 INFO main 756982] Scout.GotoCenter -> Scout.Query | return to random walk
[14 INFO main 773609] Confirming: 1/8
[14 INFO main 775709] Confirming: 2/8
[14 INFO main 777802] Confirming: 3/8
[14 INFO main 779894] Confirming: 4/8
[14 INFO main 782017] Confirming: 5/8
[14 INFO main 784096] Confirming: 6/8
[14 INFO main 786083] Confirming: 7/8
[14 INFO main 788223] Confirming: 8/8
[14 INFO main 792750] Scout.Query -> Scout.GotoCenter | Drive to others reported pos
[14 INFO main 799174] Scout.GotoCenter -> Scout.Query | return to random walk
[14 INFO main 807469] Confirming: 1/8
[14 INFO main 809594] Confirming: 2/8
[14 INFO main 813686] Confirming: 4/8
[14 INFO main 815717] Confirming: 5/8
[14 INFO main 817805] Confirming: 6/8
[14 INFO main 819894] Confirming: 7/8
[14 INFO main 821962] Confirming: 8/8
[14 INFO main 1078088] Scout.Query -> Scout.GotoCenter | Drive to others reported pos
[14 INFO main 1124555] Scout.GotoCenter -> Scout.Query | return to random walk
[14 INFO main 1144998] Confirming: 1/8
[14 INFO main 1147040] Confirming: 2/8
[14 INFO main 1149095] Confirming: 3/8
[14 INFO main 1151122] Confirming: 4/8
[14 INFO main 1153149] Confirming: 5/8
[14 INFO main 1155170] Confirming: 6/8
[14 INFO main 1157250] Confirming: 7/8
[14 INFO main 1159265] Confirming: 8/8
[14 INFO main 1160323] Scout.Query -> Scout.GotoCenter | Drive to others reported pos
[14 INFO main 1247976] Scout.GotoCenter -> Scout.Query | return to random walk
[14 INFO main 1266702] Confirming: 1/8
[14 INFO main 1268749] Confirming: 2/8
[14 INFO main 1270809] Confirming: 3/8
[14 INFO main 1272838] Confirming: 5/8
[14 INFO main 1277098] Confirming: 7/8
[14 INFO main 1279138] Confirming: 8/8
[14 INFO main 1283592] Scout.Query -> Scout.GotoCenter | Drive to others reported pos
[14 INFO main 1304663] Scout.GotoCenter -> Scout.Query | return to random walk
[14 INFO main 1321261] Confirming: 1/8
[14 INFO main 1323322] Confirming: 2/8
[14 INFO main 1325464] Confirming: 3/8
[14 INFO main 1327624] Confirming: 4/8
[14 INFO main 1329754] Confirming: 5/8
[14 INFO main 1331762] Confirming: 6/8
[14 INFO main 1333731] Confirming: 7/8
[14 INFO main 1336005] Confirming: 8/8
[14 INFO main 1340221] Scout.Query -> Scout.GotoCenter | Drive to others reported pos
[14 INFO main 1369374] Scout.GotoCenter -> Scout.Query | return to random walk
[14 INFO main 1385945] Confirming: 1/8
[14 INFO main 1388153] Confirming: 2/8
[14 INFO main 1390166] Confirming: 3/8
[14 INFO main 1394259] Confirming: 5/8
[14 INFO main 1396494] Confirming: 7/8
[14 INFO main 1400670] Confirming: 9/8
[14 INFO main 1460797] Scout.Query -> Scout.GotoCenter | Drive to others reported pos
[14 INFO main 1511298] Scout.GotoCenter -> Scout.Query | return to random walk
[14 INFO main 1542362] Confirming: 1/8
[14 INFO main 1544518] Confirming: 2/8
[14 INFO main 1546697] Confirming: 3/8
[14 INFO main 1548743] Confirming: 4/8
[14 INFO main 1550838] Confirming: 5/8
[14 INFO main 1556970] Confirming: 8/8
[14 INFO main 1733869] Scout.Query -> Scout.GotoCenter | Drive to others reported pos
[14 INFO main 1838490] Scout.GotoCenter -> Scout.Query | return to random walk
[14 INFO main 1869798] Confirming: 1/8
[14 INFO main 1873937] Confirming: 3/8
[14 INFO main 1878044] Confirming: 4/8
[14 INFO main 1882318] Confirming: 6/8
[14 INFO main 1888677] Confirming: 7/8
[14 INFO main 1890774] Confirming: 8/8
[14 INFO main 1894204] Scout.Query -> Scout.GotoCenter | Drive to others reported pos
[14 INFO main 2016734] Scout.GotoCenter -> Scout.Query | return to random walk
[14 INFO main 2031380] Confirming: 2/8
[14 INFO main 2037506] Confirming: 3/8
[14 INFO main 2039501] Confirming: 4/8
[14 INFO main 2041538] Confirming: 5/8
[14 INFO main 2043614] Confirming: 7/8
[14 INFO main 2047790] Confirming: 9/8
[14 INFO main 2145913] Scout.Query -> Scout.GotoCenter | Drive to others reported pos
[14 INFO main 2329732] Scout.GotoCenter -> Scout.Query | return to random walk
[14 INFO main 2338290] Confirming: 2/8
[14 INFO main 2340365] Confirming: 3/8
[14 INFO main 2342434] Confirming: 4/8
[14 INFO main 2344497] Confirming: 5/8
[14 INFO main 2346522] Confirming: 6/8
[14 INFO main 2348590] Confirming: 7/8
[14 INFO main 2350702] Confirming: 8/8
[14 INFO main 2355309] Scout.Query -> Scout.GotoCenter | Drive to others reported pos
[14 INFO main 2403286] Scout.GotoCenter -> Scout.Query | return to random walk
[14 INFO main 2426854] Confirming: 1/8
[14 INFO main 2429377] Confirming: 2/8
[14 INFO main 2431425] Confirming: 3/8
[14 INFO main 2433496] Confirming: 4/8
[14 INFO main 2435826] Confirming: 5/8
[14 INFO main 2437870] Confirming: 6/8
[14 INFO main 2440133] Confirming: 7/8
[14 INFO main 2442429] Confirming: 8/8
[14 INFO main 2443901] Scout.Query -> Scout.GotoCenter | Drive to others reported pos
[14 INFO main 2450060] Scout.GotoCenter -> Scout.Query | return to random walk
[14 INFO main 2456746] Confirming: 1/8
[14 INFO main 2458802] Confirming: 2/8
[14 INFO main 2461134] Confirming: 3/8
[14 INFO main 2463186] Confirming: 4/8
[14 INFO main 2465529] Confirming: 5/8
[14 INFO main 2467816] Confirming: 6/8
[14 INFO main 2469916] Confirming: 7/8
[14 INFO main 2471932] Confirming: 8/8
[14 INFO main 2826188] Scout.Query -> Scout.GotoCenter | Drive to others reported pos
[14 INFO main 2860206] Scout.GotoCenter -> Scout.Query | return to random walk
[14 INFO main 2880830] Confirming: 1/8
[14 INFO main 2882837] Confirming: 2/8
[14 INFO main 2884996] Confirming: 3/8
[14 INFO main 2887036] Confirming: 4/8
[14 INFO main 2889082] Confirming: 5/8
[14 INFO main 2891121] Confirming: 6/8
[14 INFO main 2893034] Confirming: 7/8
[14 INFO main 2895162] Confirming: 8/8
[14 INFO main 3068248] Scout.Query -> Scout.GotoCenter | Drive to others reported pos
[14 INFO main 3230130] Scout.GotoCenter -> Scout.Query | return to random walk
[14 INFO main 3244674] Confirming: 1/8
[14 INFO main 3246862] Confirming: 3/8
[14 INFO main 3248912] Confirming: 4/8
[14 INFO main 3250982] Confirming: 5/8
[14 INFO main 3253030] Confirming: 6/8
[14 INFO main 3255036] Confirming: 7/8
[14 INFO main 3257138] Confirming: 8/8
[14 INFO main 3403199] Scout.Query -> Scout.GotoCenter | Drive to others reported pos
[14 INFO main 3440371] Scout.GotoCenter -> Scout.Query | return to random walk
[14 INFO main 3452650] Confirming: 1/8
[14 INFO main 3456702] Confirming: 3/8
[14 INFO main 3460816] Confirming: 4/8
[14 INFO main 3462846] Confirming: 6/8
[14 INFO main 3464990] Confirming: 7/8
[14 INFO main 3467004] Confirming: 8/8
[14 INFO main 3597612] Scout.Query -> Scout.GotoCenter | Drive to others reported pos
[14 INFO main 3689897] Scout.GotoCenter -> Scout.Query | return to random walk
[14 INFO main 3702358] Confirming: 1/8
[14 INFO main 3704414] Confirming: 2/8
[14 INFO main 3708417] Confirming: 4/8
[14 INFO main 3710541] Confirming: 5/8
[14 INFO main 3714677] Confirming: 7/8
[14 INFO main 3716779] Confirming: 8/8
[14 INFO main 3720849] Scout.Query -> Scout.GotoCenter | Drive to others reported pos
[14 INFO main 3730291] Scout.GotoCenter -> Scout.Query | return to random walk
[14 INFO main 3761894] Confirming: 1/8
[14 INFO main 3763901] Confirming: 2/8
[14 INFO main 3766033] Confirming: 3/8
[14 INFO main 3768086] Confirming: 4/8
[14 INFO main 3772349] Confirming: 6/8
[14 INFO main 3774382] Confirming: 7/8
[14 INFO main 3778565] Confirming: 8/8
[14 INFO main 3781008] Scout.Query -> Scout.GotoCenter | Drive to others reported pos
[14 INFO main 3880915] Scout.GotoCenter -> Scout.Query | return to random walk
[14 INFO main 3915686] Confirming: 2/8
[14 INFO main 3917690] Confirming: 3/8
[14 INFO main 3919898] Confirming: 4/8
[14 INFO main 3926562] Confirming: 5/8
[14 INFO main 3928870] Confirming: 7/8
[14 INFO main 3930958] Confirming: 8/8
[14 INFO main 4211828] Scout.Query -> Scout.GotoCenter | Drive to others reported pos
[14 INFO main 4422292] Scout.GotoCenter -> Scout.Query | return to random walk
[14 INFO main 4428478] Confirming: 1/8
[14 INFO main 4430486] Confirming: 2/8
[14 INFO main 4432521] Confirming: 3/8
[14 INFO main 4434624] Confirming: 4/8
[14 INFO main 4436689] Confirming: 5/8
[14 INFO main 4438734] Confirming: 6/8
[14 INFO main 4440921] Confirming: 7/8
[14 INFO main 4445089] Confirming: 8/8
[14 INFO main 4555378] Scout.Query -> Scout.GotoCenter | Drive to others reported pos
[14 INFO main 4567608] Scout.GotoCenter -> Scout.Query | return to random walk
[14 INFO main 4590331] Confirming: 1/8
[14 INFO main 4594434] Confirming: 3/8
[14 INFO main 4596512] Confirming: 4/8
[14 INFO main 4598561] Confirming: 5/8
[14 INFO main 4602674] Confirming: 7/8
[14 INFO main 4604798] Confirming: 8/8
[14 INFO main 4608860] Scout.Query -> Scout.GotoCenter | Drive to others reported pos
[14 INFO main 4622781] Scout.GotoCenter -> Scout.Query | return to random walk
[14 INFO main 4651809] Confirming: 1/8
[14 INFO main 4653874] Confirming: 2/8
[14 INFO main 4656053] Confirming: 3/8
[14 INFO main 4658081] Confirming: 4/8
[14 INFO main 4660134] Confirming: 5/8
[14 INFO main 4662206] Confirming: 6/8
[14 INFO main 4664194] Confirming: 7/8
[14 INFO main 4666255] Confirming: 8/8
[14 INFO main 4669452] Scout.Query -> Scout.GotoCenter | Drive to others reported pos
[14 INFO main 5102744] Scout.GotoCenter -> Scout.Query | return to random walk
[14 INFO main 5122165] Confirming: 1/8
[14 INFO main 5124197] Confirming: 2/8
[14 INFO main 5126288] Confirming: 4/8
[14 INFO main 5128369] Confirming: 5/8
[14 INFO main 5132526] Confirming: 7/8
[14 INFO main 5134618] Confirming: 8/8
[14 INFO main 5138541] Scout.Query -> Scout.GotoCenter | Drive to others reported pos
[14 INFO main 5149044] Scout.GotoCenter -> Scout.Query | return to random walk
[14 INFO main 5163497] Confirming: 1/8
[14 INFO main 5165521] Confirming: 2/8
[14 INFO main 5167573] Confirming: 3/8
[14 INFO main 5169598] Confirming: 4/8
[14 INFO main 5171668] Confirming: 5/8
[14 INFO main 5173693] Confirming: 6/8
[14 INFO main 5175689] Confirming: 7/8
[14 INFO main 5177753] Confirming: 8/8
[14 INFO main 5539080] Scout.Query -> Scout.GotoCenter | Drive to others reported pos
[14 INFO main 5575372] Scout.GotoCenter -> Scout.Query | return to random walk
[14 INFO main 5596161] Confirming: 2/8
[14 INFO main 5598261] Confirming: 3/8
[14 INFO main 5602378] Confirming: 5/8
[14 INFO main 5604429] Confirming: 6/8
[14 INFO main 5606489] Confirming: 7/8
[14 INFO main 5608626] Confirming: 8/8
[14 INFO main 5610890] Scout.Query -> Scout.GotoCenter | Drive to others reported pos
[14 INFO main 5753619] Scout.GotoCenter -> Scout.Query | return to random walk
[14 INFO main 5770551] Confirming: 1/8
[14 INFO main 5774773] Confirming: 2/8
[14 INFO main 5776982] Confirming: 4/8
[14 INFO main 5781513] Confirming: 5/8
[14 INFO main 5783579] Confirming: 6/8
[14 INFO main 5785718] Confirming: 7/8
[14 INFO main 5787794] Confirming: 8/8
[14 INFO main 6330318] Scout.Query -> Scout.GotoCenter | Drive to others reported pos
[14 INFO main 6451543] Scout.GotoCenter -> Scout.Query | return to random walk
[14 INFO main 6466381] Confirming: 1/8
[14 INFO main 6468573] Confirming: 2/8
[14 INFO main 6470733] Confirming: 3/8
[14 INFO main 6472746] Confirming: 4/8
[14 INFO main 6474802] Confirming: 5/8
[14 INFO main 6476898] Confirming: 6/8
[14 INFO main 6478953] Confirming: 7/8
[14 INFO main 6481002] Confirming: 8/8
[14 INFO main 6517661] Scout.Query -> Scout.GotoCenter | Drive to others reported pos
[14 INFO main 6762220] Scout.GotoCenter -> Scout.Query | return to random walk
[14 INFO main 6780830] Confirming: 1/8
[14 INFO main 6783417] Confirming: 2/8
[14 INFO main 6788508] Confirming: 4/8
[14 INFO main 6791013] Confirming: 5/8
[14 INFO main 6793581] Confirming: 7/8
[14 INFO main 6796101] Confirming: 8/8
[14 INFO main 6798120] Scout.Query -> Scout.GotoCenter | Drive to others reported pos
[14 INFO main 6874578] Scout.GotoCenter -> Scout.Query | return to random walk
[14 INFO main 6878759] Confirming: 1/8
[14 INFO main 6883092] Confirming: 3/8
[14 INFO main 6885202] Confirming: 4/8
[14 INFO main 6887229] Confirming: 5/8
[14 INFO main 6889357] Confirming: 6/8
[14 INFO main 6891592] Confirming: 7/8
[14 INFO main 6893748] Confirming: 8/8
