[INFO main 33] Initialising peer buffer...
[INFO main 33] Initialising resource buffer...
[INFO main 33] Initialising TCP server...
[INFO main 33] Initialising RandB board...
[INFO main 33] Initialising ground-sensors...
[INFO main 33] Initialising random-walk...
[INFO main 1144] --//-- Starting Experiment --//--
[INFO main 5145] Added resource: {"x": -0.21, "y": -0.33, "radius": 0.05, "quantity": 1, "quality": "red", "timeStamp": 0}
[INFO main 18558] Removed resource: {"x": -0.21, "y": -0.33, "radius": 0.05, "quantity": 1, "quality": "red", "timeStamp": 0}
[INFO main 76518] Added resource: {"x": 1.21, "y": -0.09, "radius": 0.05, "quantity": 1, "quality": "red", "timeStamp": 0}
[INFO main 85823] Added resource: {"x": 0.76, "y": -0.04, "radius": 0.05, "quantity": 1, "quality": "green", "timeStamp": 0}
[INFO main 108642] Removed resource: {"x": 0.76, "y": -0.04, "radius": 0.05, "quantity": 1, "quality": "green", "timeStamp": 0}
[INFO main 169404] Added resource: {"x": 0.46, "y": -1.13, "radius": 0.05, "quantity": 1, "quality": "yellow", "timeStamp": 0}
[INFO main 172305] Added resource: {"x": 0.46, "y": -0.96, "radius": 0.06, "quantity": 1, "quality": "red", "timeStamp": 0}
[INFO main 175812] Added resource: {"x": 0.42, "y": -0.82, "radius": 0.05, "quantity": 1, "quality": "red", "timeStamp": 0}
[INFO main 209542] Added resource: {"x": 0.36, "y": -0.98, "radius": 0.04, "quantity": 1, "quality": "red", "timeStamp": 0}
[INFO main 286512] Removed resource: {"x": 0.46, "y": -1.13, "radius": 0.05, "quantity": 1, "quality": "yellow", "timeStamp": 0}
[INFO main 384610] Removed resource: {"x": 0.42, "y": -0.82, "radius": 0.05, "quantity": 1, "quality": "red", "timeStamp": 0}
[INFO main 487230] Removed resource: {"x": 0.36, "y": -0.98, "radius": 0.04, "quantity": 1, "quality": "red", "timeStamp": 0}
[INFO main 528681] Added resource: {"x": 1.14, "y": 0.32, "radius": 0.05, "quantity": 1, "quality": "blue", "timeStamp": 0}
[INFO main 568129] Added resource: {"x": -0.61, "y": -0.06, "radius": 0.05, "quantity": 1, "quality": "yellow", "timeStamp": 0}
