[11 INFO main 30] Initialising Python Geth Console...
[11 INFO main 34] Initialising RandB board...
[11 INFO main 34] Initialising navigation...
[11 INFO main 34] Initialising random-walk...
[11 INFO main 34] Initialising odometry...
[11 INFO main 34] Initialising ground-sensors...
[11 INFO main 380] --//-- Starting Experiment --//--
[11 INFO main 1474] Idle.IDLE -> Scout.Query | Duration: 23.04
[11 INFO main 105522] Scout.Query -> Scout.GotoCenter | Drive to others reported pos
[11 INFO main 139257] Scout.GotoCenter -> Scout.Query | return to random walk
[11 INFO main 140065] Scout.Query -> Scout.GotoCenter | Drive to others reported pos
[11 INFO main 140863] Scout.GotoCenter -> Scout.Query | return to random walk
[11 INFO main 141169] Scout.Query -> Scout.GotoCenter | Drive to others reported pos
[11 INFO main 142562] Scout.GotoCenter -> Scout.Query | return to random walk
[11 INFO main 143364] Scout.Query -> Scout.GotoCenter | Drive to others reported pos
[11 INFO main 143966] Scout.GotoCenter -> Scout.Query | return to random walk
[11 INFO main 144366] Scout.Query -> Scout.GotoCenter | Drive to others reported pos
[11 INFO main 144565] Scout.GotoCenter -> Scout.Query | return to random walk
[11 INFO main 145367] Scout.Query -> Scout.GotoCenter | Drive to others reported pos
[11 INFO main 147368] Scout.GotoCenter -> Scout.Query | return to random walk
[11 INFO main 147469] Scout.Query -> Scout.GotoCenter | Drive to others reported pos
[11 INFO main 147676] Scout.GotoCenter -> Scout.Query | return to random walk
