[INFO main 27] Initialising peer buffer...
[INFO main 27] Initialising resource buffer...
[INFO main 27] Initialising TCP server...
[INFO main 27] Initialising RandB board...
[INFO main 27] Initialising ground-sensors...
[INFO main 27] Initialising random-walk...
[INFO main 1071] --//-- Starting Experiment --//--
[INFO main 38617] Added resource: {"x": -0.47, "y": 0.75, "radius": 0.05, "quantity": 1, "quality": "blue", "timeStamp": 0}
[INFO main 72659] Added resource: {"x": -0.97, "y": 0.31, "radius": 0.05, "quantity": 1, "quality": "green", "timeStamp": 0}
[INFO main 97389] Removed resource: {"x": -0.47, "y": 0.75, "radius": 0.05, "quantity": 1, "quality": "blue", "timeStamp": 0}
[INFO main 146051] Removed resource: {"x": -0.97, "y": 0.31, "radius": 0.05, "quantity": 1, "quality": "green", "timeStamp": 0}
[INFO main 197116] Added resource: {"x": 1.22, "y": 0.27, "radius": 0.05, "quantity": 1, "quality": "yellow", "timeStamp": 0}
[INFO main 240073] Removed resource: {"x": 1.22, "y": 0.27, "radius": 0.05, "quantity": 1, "quality": "yellow", "timeStamp": 0}
[INFO main 249285] Added resource: {"x": 0.94, "y": 0.11, "radius": 0.05, "quantity": 1, "quality": "green", "timeStamp": 0}
[INFO main 290538] Removed resource: {"x": 0.94, "y": 0.11, "radius": 0.05, "quantity": 1, "quality": "green", "timeStamp": 0}
[INFO main 306054] Added resource: {"x": 0.85, "y": 0.41, "radius": 0.04, "quantity": 1, "quality": "red", "timeStamp": 0}
[INFO main 342098] Removed resource: {"x": 0.85, "y": 0.41, "radius": 0.04, "quantity": 1, "quality": "red", "timeStamp": 0}
[INFO main 365427] Added resource: {"x": 0.61, "y": 0.03, "radius": 0.05, "quantity": 1, "quality": "blue", "timeStamp": 0}
[INFO main 395667] Added resource: {"x": 0.71, "y": 0.68, "radius": 0.06, "quantity": 1, "quality": "red", "timeStamp": 0}
[INFO main 474061] Added resource: {"x": 0.42, "y": 0.07, "radius": 0.05, "quantity": 1, "quality": "red", "timeStamp": 0}
[INFO main 487277] Removed resource: {"x": 0.61, "y": 0.03, "radius": 0.05, "quantity": 1, "quality": "blue", "timeStamp": 0}
