[13 INFO main 27] Initialising Python Geth Console...
[13 INFO main 32] Initialising RandB board...
[13 INFO main 32] Initialising navigation...
[13 INFO main 32] Initialising random-walk...
[13 INFO main 32] Initialising odometry...
[13 INFO main 32] Initialising ground-sensors...
[13 INFO main 298] --//-- Starting Experiment --//--
[13 INFO main 1800] Idle.IDLE -> Scout.Query | Duration: 26.55
[13 INFO main 11840] Scout.Query -> Scout.PrepSend | Homing
[13 INFO main 11983] Scout.PrepSend -> Verify.Homing | Homing
[13 INFO main 37001] Verify.Homing -> Scout.Query | Arrived home
[13 INFO main 43233] Confirming: 1/9
[13 INFO main 45280] Confirming: 2/9
[13 INFO main 47321] Confirming: 3/9
[13 INFO main 49396] Confirming: 4/9
[13 INFO main 51460] Confirming: 5/9
[13 INFO main 53489] Confirming: 6/9
[13 INFO main 55568] Confirming: 7/9
[13 INFO main 57579] Confirming: 8/9
[13 INFO main 59653] Confirming: 10/9
[13 INFO main 60235] Scout.Query -> Verify.DriveTo | Go to unverified source
[13 INFO main 114492] Verify.DriveTo -> Verify.Homing | Homing
[13 INFO main 130085] Verify.Homing -> Scout.Query | Arrived home
[13 INFO main 133307] Confirming: 1/9
[13 INFO main 135318] Confirming: 2/9
[13 INFO main 137384] Confirming: 3/9
[13 INFO main 139530] Confirming: 4/9
[13 INFO main 141544] Confirming: 5/9
[13 INFO main 143624] Confirming: 7/9
[13 INFO main 145679] Confirming: 8/9
[13 INFO main 147708] Confirming: 9/9
[13 INFO main 148305] Scout.Query -> Verify.DriveTo | Go to unverified source
[13 INFO main 172968] Verify.DriveTo -> Verify.Homing | Homing
[13 INFO main 191082] Verify.Homing -> Scout.Query | Arrived home
[13 INFO main 191854] Confirming: 1/9
[13 INFO main 195973] Confirming: 3/9
[13 INFO main 198116] Confirming: 4/9
[13 INFO main 200504] Confirming: 5/9
[13 INFO main 202591] Confirming: 6/9
[13 INFO main 204626] Confirming: 7/9
[13 INFO main 206588] Confirming: 8/9
[13 INFO main 208650] Confirming: 9/9
[13 INFO main 209511] Scout.Query -> Verify.DriveTo | Go to unverified source
[13 INFO main 264026] Verify.DriveTo -> Verify.Homing | Homing
[13 INFO main 282892] Confirming: 1/9
[13 INFO main 284936] Confirming: 2/9
[13 INFO main 286965] Confirming: 3/9
[13 INFO main 289132] Confirming: 4/9
[13 INFO main 291158] Confirming: 5/9
[13 INFO main 291532] Verify.Homing -> Scout.Query | Arrived home
[13 INFO main 293162] Confirming: 6/9
[13 INFO main 295215] Confirming: 7/9
[13 INFO main 297219] Confirming: 8/9
[13 INFO main 299329] Confirming: 9/9
[13 INFO main 299720] Scout.Query -> Verify.DriveTo | Go to unverified source
[13 INFO main 301002] Verify.DriveTo -> Verify.Homing | Homing
[13 INFO main 302434] Verify.Homing -> Scout.Query | Arrived home
[13 INFO main 313658] Confirming: 2/9
[13 INFO main 317828] Confirming: 4/9
[13 INFO main 321928] Confirming: 6/9
[13 INFO main 323935] Confirming: 7/9
[13 INFO main 328086] Confirming: 9/9
[13 INFO main 328295] Scout.Query -> Verify.DriveTo | Go to unverified source
[13 INFO main 383242] Verify.DriveTo -> Verify.Homing | Homing
[13 INFO main 398479] Verify.Homing -> Scout.Query | Arrived home
[13 INFO main 401884] Confirming: 1/9
[13 INFO main 403902] Confirming: 2/9
[13 INFO main 408005] Confirming: 3/9
[13 INFO main 410054] Confirming: 5/9
[13 INFO main 412078] Confirming: 6/9
[13 INFO main 416094] Confirming: 8/9
[13 INFO main 418103] Confirming: 9/9
[13 INFO main 418417] Scout.Query -> Verify.DriveTo | Go to unverified source
[13 INFO main 485590] Verify.DriveTo -> Verify.Homing | Homing
[13 INFO main 507143] Verify.Homing -> Scout.Query | Arrived home
[13 INFO main 523034] Confirming: 1/9
[13 INFO main 525116] Confirming: 2/9
[13 INFO main 529344] Confirming: 4/9
[13 INFO main 533411] Confirming: 6/9
[13 INFO main 535428] Confirming: 7/9
[13 INFO main 537540] Confirming: 8/9
[13 INFO main 539610] Confirming: 9/9
[13 INFO main 539648] Scout.Query -> Verify.DriveTo | Go to unverified source
[13 INFO main 612176] Verify.DriveTo -> Verify.Homing | Homing
[13 INFO main 641536] Verify.Homing -> Scout.Query | Arrived home
[13 INFO main 643302] Confirming: 1/9
[13 INFO main 645345] Confirming: 2/9
[13 INFO main 647536] Confirming: 3/9
[13 INFO main 649560] Confirming: 4/9
[13 INFO main 651777] Confirming: 5/9
[13 INFO main 653812] Confirming: 6/9
[13 INFO main 655817] Confirming: 7/9
[13 INFO main 657859] Confirming: 8/9
[13 INFO main 659879] Confirming: 9/9
[13 INFO main 660144] Scout.Query -> Verify.DriveTo | Go to unverified source
[13 INFO main 708497] Verify.DriveTo -> Verify.Homing | Homing
[13 INFO main 732332] Verify.Homing -> Scout.Query | Arrived home
[13 INFO main 733386] Confirming: 1/9
[13 INFO main 735477] Confirming: 2/9
[13 INFO main 737605] Confirming: 3/9
[13 INFO main 739805] Confirming: 4/9
[13 INFO main 741897] Confirming: 5/9
[13 INFO main 743998] Confirming: 6/9
[13 INFO main 746025] Confirming: 7/9
[13 INFO main 748083] Confirming: 8/9
[13 INFO main 750086] Confirming: 9/9
[13 INFO main 750436] Scout.Query -> Verify.DriveTo | Go to unverified source
[13 INFO main 787696] Verify.DriveTo -> Verify.Homing | Homing
[13 INFO main 794041] Confirming: 1/9
[13 INFO main 796119] Confirming: 2/9
[13 INFO main 798222] Confirming: 3/9
[13 INFO main 800728] Confirming: 5/9
[13 INFO main 802764] Confirming: 6/9
[13 INFO main 804796] Confirming: 7/9
[13 INFO main 808929] Confirming: 9/9
[13 INFO main 809218] Verify.Homing -> Scout.Query | Arrived home
[13 INFO main 809391] Scout.Query -> Verify.DriveTo | Go to unverified source
[13 INFO main 833329] Verify.DriveTo -> Verify.Homing | Homing
[13 INFO main 849223] Verify.Homing -> Scout.Query | Arrived home
[13 INFO main 854291] Confirming: 1/9
[13 INFO main 856326] Confirming: 2/9
[13 INFO main 858376] Confirming: 3/9
[13 INFO main 860445] Confirming: 4/9
[13 INFO main 862613] Confirming: 5/9
[13 INFO main 864591] Confirming: 6/9
[13 INFO main 866705] Confirming: 8/9
[13 INFO main 868727] Confirming: 9/9
[13 INFO main 868765] Scout.Query -> Verify.DriveTo | Go to unverified source
[13 INFO main 1035729] Verify.DriveTo -> Verify.Homing | Homing
[13 INFO main 1062830] Confirming: 1/9
[13 INFO main 1064886] Confirming: 2/9
[13 INFO main 1067024] Confirming: 3/9
[13 INFO main 1069067] Confirming: 4/9
[13 INFO main 1071108] Confirming: 5/9
[13 INFO main 1075088] Confirming: 6/9
[13 INFO main 1077312] Confirming: 8/9
[13 INFO main 1079348] Confirming: 9/9
[13 INFO main 1081887] Verify.Homing -> Scout.Query | Arrived home
[13 INFO main 1082026] Scout.Query -> Verify.DriveTo | Go to unverified source
[13 INFO main 1142722] Verify.DriveTo -> Verify.Homing | Homing
[13 INFO main 1167881] Verify.Homing -> Scout.Query | Arrived home
[13 INFO main 1183838] Confirming: 1/9
[13 INFO main 1186003] Confirming: 2/9
[13 INFO main 1188069] Confirming: 3/9
[13 INFO main 1190111] Confirming: 4/9
[13 INFO main 1192138] Confirming: 5/9
[13 INFO main 1194161] Confirming: 6/9
[13 INFO main 1196151] Confirming: 7/9
[13 INFO main 1198316] Confirming: 8/9
[13 INFO main 1200420] Confirming: 9/9
[13 INFO main 1200971] Scout.Query -> Verify.DriveTo | Go to unverified source
[13 INFO main 1277987] Verify.DriveTo -> Verify.Homing | Homing
[13 INFO main 1302521] Verify.Homing -> Scout.Query | Arrived home
[13 INFO main 1302818] Confirming: 1/9
[13 INFO main 1304928] Confirming: 2/9
[13 INFO main 1307005] Confirming: 3/9
[13 INFO main 1309021] Confirming: 4/9
[13 INFO main 1311062] Confirming: 5/9
[13 INFO main 1313103] Confirming: 6/9
[13 INFO main 1315108] Confirming: 7/9
[13 INFO main 1317166] Confirming: 8/9
[13 INFO main 1319233] Confirming: 9/9
[13 INFO main 1320229] Scout.Query -> Verify.DriveTo | Go to unverified source
[13 INFO main 1489938] Verify.DriveTo -> Verify.Homing | Homing
[13 INFO main 1514591] Confirming: 1/9
[13 INFO main 1516655] Confirming: 3/9
[13 INFO main 1518708] Confirming: 4/9
[13 INFO main 1520776] Confirming: 5/9
[13 INFO main 1522852] Confirming: 6/9
[13 INFO main 1525004] Confirming: 7/9
[13 INFO main 1527051] Confirming: 8/9
[13 INFO main 1529138] Confirming: 9/9
[13 INFO main 1531903] Verify.Homing -> Scout.Query | Arrived home
[13 INFO main 1532039] Scout.Query -> Verify.DriveTo | Go to unverified source
[13 INFO main 1580939] Verify.DriveTo -> Verify.Homing | Homing
[13 INFO main 1603619] Confirming: 1/9
[13 INFO main 1605648] Confirming: 2/9
[13 INFO main 1607669] Confirming: 3/9
[13 INFO main 1608290] Verify.Homing -> Scout.Query | Arrived home
[13 INFO main 1609698] Confirming: 4/9
[13 INFO main 1611773] Confirming: 5/9
[13 INFO main 1613798] Confirming: 6/9
[13 INFO main 1615846] Confirming: 7/9
[13 INFO main 1617940] Confirming: 8/9
[13 INFO main 1620043] Confirming: 9/9
[13 INFO main 1620315] Scout.Query -> Verify.DriveTo | Go to unverified source
[13 INFO main 1720836] Verify.DriveTo -> Verify.Homing | Homing
[13 INFO main 1741885] Confirming: 1/9
[13 INFO main 1743398] Verify.Homing -> Scout.Query | Arrived home
[13 INFO main 1743906] Confirming: 2/9
[13 INFO main 1745980] Confirming: 3/9
[13 INFO main 1748143] Confirming: 4/9
[13 INFO main 1750195] Confirming: 5/9
[13 INFO main 1754277] Confirming: 7/9
[13 INFO main 1756320] Confirming: 8/9
[13 INFO main 1758329] Confirming: 9/9
[13 INFO main 1758993] Scout.Query -> Verify.DriveTo | Go to unverified source
[13 INFO main 1823508] Verify.DriveTo -> Verify.Homing | Homing
[13 INFO main 1844199] Confirming: 1/9
[13 INFO main 1845964] Verify.Homing -> Scout.Query | Arrived home
[13 INFO main 1846209] Confirming: 2/9
[13 INFO main 1848228] Confirming: 3/9
[13 INFO main 1850241] Confirming: 4/9
[13 INFO main 1852307] Confirming: 5/9
[13 INFO main 1854396] Confirming: 6/9
[13 INFO main 1856417] Confirming: 7/9
[13 INFO main 1858444] Confirming: 8/9
[13 INFO main 1860530] Confirming: 9/9
[13 INFO main 1861156] Scout.Query -> Verify.DriveTo | Go to unverified source
[13 INFO main 1897903] Verify.DriveTo -> Verify.Homing | Homing
[13 INFO main 1904134] Confirming: 1/9
[13 INFO main 1906208] Confirming: 2/9
[13 INFO main 1908246] Confirming: 3/9
[13 INFO main 1910342] Confirming: 4/9
[13 INFO main 1912406] Confirming: 5/9
[13 INFO main 1914472] Confirming: 6/9
[13 INFO main 1916490] Confirming: 7/9
[13 INFO main 1918520] Confirming: 8/9
[13 INFO main 1918844] Verify.Homing -> Scout.Query | Arrived home
[13 INFO main 1920580] Confirming: 9/9
[13 INFO main 1921244] Scout.Query -> Verify.DriveTo | Go to unverified source
[13 INFO main 1985762] Verify.DriveTo -> Verify.Homing | Homing
[13 INFO main 1994316] Confirming: 1/9
[13 INFO main 1996465] Confirming: 2/9
[13 INFO main 1998520] Confirming: 3/9
[13 INFO main 2000528] Confirming: 4/9
[13 INFO main 2002603] Confirming: 6/9
[13 INFO main 2006750] Confirming: 8/9
[13 INFO main 2008861] Confirming: 9/9
[13 INFO main 2028584] Verify.Homing -> Scout.Query | Arrived home
[13 INFO main 2028641] Scout.Query -> Verify.DriveTo | Go to unverified source
[13 INFO main 2077359] Verify.DriveTo -> Verify.Homing | Homing
[13 INFO main 2083743] Confirming: 1/9
[13 INFO main 2085800] Confirming: 2/9
[13 INFO main 2087820] Confirming: 3/9
[13 INFO main 2091929] Confirming: 5/9
[13 INFO main 2093962] Confirming: 6/9
[13 INFO main 2095344] Verify.Homing -> Scout.Query | Arrived home
[13 INFO main 2095981] Confirming: 7/9
[13 INFO main 2098071] Confirming: 8/9
[13 INFO main 2100108] Confirming: 9/9
[13 INFO main 2100815] Scout.Query -> Verify.DriveTo | Go to unverified source
[13 INFO main 2217953] Verify.DriveTo -> Verify.Homing | Homing
[13 INFO main 2234528] Confirming: 1/9
[13 INFO main 2236642] Confirming: 2/9
[13 INFO main 2238659] Confirming: 4/9
[13 INFO main 2240689] Confirming: 5/9
[13 INFO main 2242830] Confirming: 6/9
[13 INFO main 2243873] Verify.Homing -> Scout.Query | Arrived home
[13 INFO main 2244840] Confirming: 7/9
[13 INFO main 2246869] Confirming: 8/9
[13 INFO main 2248897] Confirming: 9/9
[13 INFO main 2257176] Scout.Query -> Verify.DriveTo | Go to unverified source
[13 INFO main 2300887] Verify.DriveTo -> Verify.Homing | Homing
[13 INFO main 2324018] Confirming: 1/9
[13 INFO main 2326089] Confirming: 2/9
[13 INFO main 2328120] Confirming: 3/9
[13 INFO main 2329284] Verify.Homing -> Scout.Query | Arrived home
[13 INFO main 2330213] Confirming: 4/9
[13 INFO main 2332204] Confirming: 5/9
[13 INFO main 2334328] Confirming: 6/9
[13 INFO main 2336354] Confirming: 7/9
[13 INFO main 2338374] Confirming: 8/9
[13 INFO main 2340378] Confirming: 9/9
[13 INFO main 2340423] Scout.Query -> Verify.DriveTo | Go to unverified source
[13 INFO main 2357451] Verify.DriveTo -> Verify.Homing | Homing
[13 INFO main 2357463] Verify.Homing -> Scout.Query | Arrived home
[13 INFO main 2384760] Confirming: 2/9
[13 INFO main 2386815] Confirming: 3/9
[13 INFO main 2388990] Confirming: 4/9
[13 INFO main 2393146] Confirming: 6/9
[13 INFO main 2395208] Confirming: 7/9
[13 INFO main 2399602] Confirming: 8/9
[13 INFO main 2401729] Confirming: 10/9
[13 INFO main 2401731] Scout.Query -> Scout.PrepSend | Homing
[13 INFO main 2401842] Scout.PrepSend -> Verify.Homing | Homing
[13 INFO main 2414416] Confirming: 1/9
[13 INFO main 2416580] Confirming: 2/9
[13 INFO main 2418604] Confirming: 3/9
[13 INFO main 2420743] Confirming: 4/9
[13 INFO main 2422776] Confirming: 5/9
[13 INFO main 2424838] Confirming: 7/9
[13 INFO main 2426918] Confirming: 8/9
[13 INFO main 2428952] Confirming: 9/9
[13 INFO main 2429957] Verify.Homing -> Scout.Query | Arrived home
[13 INFO main 2430199] Scout.Query -> Verify.DriveTo | Go to unverified source
[13 INFO main 2506448] Verify.DriveTo -> Verify.Homing | Homing
[13 INFO main 2534144] Confirming: 1/9
[13 INFO main 2535323] Verify.Homing -> Scout.Query | Arrived home
[13 INFO main 2536193] Confirming: 2/9
[13 INFO main 2538408] Confirming: 3/9
[13 INFO main 2540674] Confirming: 4/9
[13 INFO main 2542713] Confirming: 6/9
[13 INFO main 2544765] Confirming: 7/9
[13 INFO main 2546815] Confirming: 8/9
[13 INFO main 2551279] Confirming: 10/9
[13 INFO main 2551323] Scout.Query -> Verify.DriveTo | Go to unverified source
[13 INFO main 2572177] Verify.DriveTo -> Verify.Homing | Homing
[13 INFO main 2575703] Verify.Homing -> Scout.Query | Arrived home
[13 INFO main 2593216] Confirming: 1/9
[13 INFO main 2595282] Confirming: 2/9
[13 INFO main 2630798] Confirming: 20/9
[13 INFO main 2630846] Scout.Query -> Verify.DriveTo | Go to unverified source
[13 INFO main 2799249] Verify.DriveTo -> Verify.Homing | Homing
[13 INFO main 2822818] Verify.Homing -> Scout.Query | Arrived home
[13 INFO main 2833973] Confirming: 1/9
[13 INFO main 2836038] Confirming: 2/9
[13 INFO main 2838086] Confirming: 3/9
[13 INFO main 2840117] Confirming: 4/9
[13 INFO main 2842201] Confirming: 5/9
[13 INFO main 2844316] Confirming: 6/9
[13 INFO main 2846378] Confirming: 7/9
[13 INFO main 2848472] Confirming: 8/9
[13 INFO main 2850482] Confirming: 9/9
[13 INFO main 2851471] Scout.Query -> Verify.DriveTo | Go to unverified source
[13 INFO main 2914420] Verify.DriveTo -> Verify.Homing | Homing
[13 INFO main 2924638] Confirming: 1/9
[13 INFO main 2926753] Confirming: 3/9
[13 INFO main 2930925] Confirming: 5/9
[13 INFO main 2935028] Confirming: 6/9
[13 INFO main 2937056] Confirming: 8/9
[13 INFO main 2939147] Confirming: 9/9
[13 INFO main 2942702] Verify.Homing -> Scout.Query | Arrived home
[13 INFO main 2942778] Scout.Query -> Verify.DriveTo | Go to unverified source
[13 INFO main 3004958] Verify.DriveTo -> Verify.Homing | Homing
[13 INFO main 3013471] Confirming: 1/9
[13 INFO main 3015538] Confirming: 2/9
[13 INFO main 3017607] Confirming: 3/9
[13 INFO main 3019700] Confirming: 4/9
[13 INFO main 3021708] Confirming: 5/9
[13 INFO main 3023717] Confirming: 6/9
[13 INFO main 3024251] Verify.Homing -> Scout.Query | Arrived home
[13 INFO main 3025757] Confirming: 7/9
[13 INFO main 3027765] Confirming: 8/9
[13 INFO main 3029834] Confirming: 9/9
[13 INFO main 3029917] Scout.Query -> Verify.DriveTo | Go to unverified source
[13 INFO main 3055842] Verify.DriveTo -> Verify.Homing | Homing
[13 INFO main 3072726] Confirming: 1/9
[13 INFO main 3074310] Verify.Homing -> Scout.Query | Arrived home
[13 INFO main 3074787] Confirming: 2/9
[13 INFO main 3078823] Confirming: 4/9
[13 INFO main 3080837] Confirming: 5/9
[13 INFO main 3084961] Confirming: 6/9
[13 INFO main 3086988] Confirming: 8/9
[13 INFO main 3089049] Confirming: 9/9
[13 INFO main 3089874] Scout.Query -> Verify.DriveTo | Go to unverified source
[13 INFO main 3147101] Verify.DriveTo -> Verify.Homing | Homing
[13 INFO main 3164095] Confirming: 1/9
[13 INFO main 3166252] Confirming: 2/9
[13 INFO main 3168341] Confirming: 3/9
[13 INFO main 3170529] Confirming: 4/9
[13 INFO main 3172567] Confirming: 5/9
[13 INFO main 3174569] Confirming: 6/9
[13 INFO main 3176764] Confirming: 8/9
[13 INFO main 3180996] Confirming: 10/9
[13 INFO main 3197917] Verify.Homing -> Scout.Query | Arrived home
[13 INFO main 3198177] Scout.Query -> Verify.DriveTo | Go to unverified source
[13 INFO main 3258656] Verify.DriveTo -> Verify.Homing | Homing
[13 INFO main 3279531] Verify.Homing -> Scout.Query | Arrived home
[13 INFO main 3283772] Confirming: 1/9
[13 INFO main 3285838] Confirming: 2/9
[13 INFO main 3287849] Confirming: 3/9
[13 INFO main 3289943] Confirming: 4/9
[13 INFO main 3291972] Confirming: 5/9
[13 INFO main 3294097] Confirming: 6/9
[13 INFO main 3296105] Confirming: 7/9
[13 INFO main 3298195] Confirming: 8/9
[13 INFO main 3300356] Confirming: 9/9
[13 INFO main 3301042] Scout.Query -> Verify.DriveTo | Go to unverified source
[13 INFO main 3350939] Verify.DriveTo -> Verify.Homing | Homing
[13 INFO main 3372929] Verify.Homing -> Scout.Query | Arrived home
[13 INFO main 3373750] Confirming: 1/9
[13 INFO main 3375812] Confirming: 2/9
[13 INFO main 3377922] Confirming: 3/9
[13 INFO main 3379924] Confirming: 4/9
[13 INFO main 3382009] Confirming: 5/9
[13 INFO main 3384073] Confirming: 6/9
[13 INFO main 3386151] Confirming: 7/9
[13 INFO main 3388242] Confirming: 8/9
[13 INFO main 3390614] Confirming: 10/9
[13 INFO main 3391218] Scout.Query -> Verify.DriveTo | Go to unverified source
[13 INFO main 3509975] Verify.DriveTo -> Verify.Homing | Homing
[13 INFO main 3524765] Confirming: 1/9
[13 INFO main 3526824] Confirming: 2/9
[13 INFO main 3529009] Confirming: 3/9
[13 INFO main 3531028] Confirming: 4/9
[13 INFO main 3532294] Verify.Homing -> Scout.Query | Arrived home
[13 INFO main 3533076] Confirming: 5/9
[13 INFO main 3535353] Confirming: 6/9
[13 INFO main 3537480] Confirming: 7/9
[13 INFO main 3539661] Confirming: 9/9
[13 INFO main 3540442] Scout.Query -> Verify.DriveTo | Go to unverified source
[13 INFO main 3571321] Verify.DriveTo -> Verify.Homing | Homing
[13 INFO main 3585208] Verify.Homing -> Scout.Query | Arrived home
[13 INFO main 3586218] Confirming: 2/9
[13 INFO main 3588252] Confirming: 3/9
[13 INFO main 3590316] Confirming: 4/9
[13 INFO main 3592591] Confirming: 5/9
[13 INFO main 3594629] Confirming: 6/9
[13 INFO main 3596701] Confirming: 7/9
[13 INFO main 3598763] Confirming: 8/9
[13 INFO main 3600887] Confirming: 9/9
[13 INFO main 3601835] Scout.Query -> Verify.DriveTo | Go to unverified source
[13 INFO main 3678004] Verify.DriveTo -> Verify.Homing | Homing
[13 INFO main 3705618] Confirming: 2/9
[13 INFO main 3707643] Confirming: 3/9
[13 INFO main 3708122] Verify.Homing -> Scout.Query | Arrived home
[13 INFO main 3709709] Confirming: 4/9
[13 INFO main 3711804] Confirming: 5/9
[13 INFO main 3713873] Confirming: 6/9
[13 INFO main 3715939] Confirming: 7/9
[13 INFO main 3717947] Confirming: 8/9
[13 INFO main 3720049] Confirming: 9/9
[13 INFO main 3720797] Scout.Query -> Verify.DriveTo | Go to unverified source
[13 INFO main 3732283] Verify.DriveTo -> Verify.Homing | Homing
[13 INFO main 3740394] Verify.Homing -> Scout.Query | Arrived home
[13 INFO main 3764480] Confirming: 1/9
[13 INFO main 3766492] Confirming: 2/9
[13 INFO main 3768924] Confirming: 3/9
[13 INFO main 3770936] Confirming: 4/9
[13 INFO main 3772992] Confirming: 5/9
[13 INFO main 3775068] Confirming: 6/9
[13 INFO main 3777073] Confirming: 7/9
[13 INFO main 3779253] Confirming: 8/9
[13 INFO main 3781319] Confirming: 9/9
[13 INFO main 3781700] Scout.Query -> Verify.DriveTo | Go to unverified source
[13 INFO main 3893831] Verify.DriveTo -> Verify.Homing | Homing
[13 INFO main 3915897] Confirming: 2/9
[13 INFO main 3917953] Confirming: 3/9
[13 INFO main 3922029] Confirming: 5/9
[13 INFO main 3924072] Confirming: 6/9
[13 INFO main 3925441] Verify.Homing -> Scout.Query | Arrived home
[13 INFO main 3926100] Confirming: 7/9
[13 INFO main 3928100] Confirming: 8/9
[13 INFO main 3930106] Confirming: 9/9
[13 INFO main 3931103] Scout.Query -> Verify.DriveTo | Go to unverified source
[13 INFO main 3965828] Verify.DriveTo -> Verify.Homing | Homing
[13 INFO main 3974143] Confirming: 1/9
[13 INFO main 3976672] Confirming: 2/9
[13 INFO main 3978814] Confirming: 3/9
[13 INFO main 3980940] Confirming: 4/9
[13 INFO main 3982979] Confirming: 5/9
[13 INFO main 3985006] Confirming: 6/9
[13 INFO main 3987111] Confirming: 7/9
[13 INFO main 3989291] Confirming: 8/9
[13 INFO main 3991407] Confirming: 9/9
[13 INFO main 3994507] Verify.Homing -> Scout.Query | Arrived home
[13 INFO main 3994897] Scout.Query -> Verify.DriveTo | Go to unverified source
[13 INFO main 4108459] Verify.DriveTo -> Verify.Homing | Homing
[13 INFO main 4125407] Confirming: 1/9
[13 INFO main 4127725] Confirming: 3/9
[13 INFO main 4128808] Verify.Homing -> Scout.Query | Arrived home
[13 INFO main 4131863] Confirming: 5/9
[13 INFO main 4136332] Confirming: 7/9
[13 INFO main 4138342] Confirming: 8/9
[13 INFO main 4140560] Confirming: 9/9
[13 INFO main 4140680] Scout.Query -> Verify.DriveTo | Go to unverified source
[13 INFO main 4276742] Verify.DriveTo -> Verify.Homing | Homing
[13 INFO main 4304383] Confirming: 1/9
[13 INFO main 4306470] Confirming: 2/9
[13 INFO main 4308609] Confirming: 3/9
[13 INFO main 4311304] Confirming: 4/9
[13 INFO main 4313592] Confirming: 5/9
[13 INFO main 4315870] Confirming: 7/9
[13 INFO main 4317966] Confirming: 8/9
[13 INFO main 4320268] Confirming: 9/9
[13 INFO main 4333367] Verify.Homing -> Scout.Query | Arrived home
[13 INFO main 4333593] Scout.Query -> Verify.DriveTo | Go to unverified source
[13 INFO main 4497286] Verify.DriveTo -> Verify.Homing | Homing
[13 INFO main 4514371] Confirming: 1/9
[13 INFO main 4516514] Confirming: 2/9
[13 INFO main 4518855] Confirming: 3/9
[13 INFO main 4521114] Confirming: 4/9
[13 INFO main 4523300] Confirming: 5/9
[13 INFO main 4525886] Confirming: 7/9
[13 INFO main 4528007] Confirming: 8/9
[13 INFO main 4530328] Confirming: 9/9
[13 INFO main 4570399] Verify.Homing -> Scout.Query | Arrived home
[13 INFO main 4570466] Scout.Query -> Verify.DriveTo | Go to unverified source
[13 INFO main 4605081] Verify.DriveTo -> Verify.Homing | Homing
[13 INFO main 4627857] Verify.Homing -> Scout.Query | Arrived home
[13 INFO main 4635446] Confirming: 1/9
[13 INFO main 4637493] Confirming: 2/9
[13 INFO main 4639741] Confirming: 4/9
[13 INFO main 4643804] Confirming: 6/9
[13 INFO main 4645844] Confirming: 7/9
[13 INFO main 4647864] Confirming: 8/9
[13 INFO main 4649913] Confirming: 9/9
[13 INFO main 4650045] Scout.Query -> Verify.DriveTo | Go to unverified source
[13 INFO main 4838301] Verify.DriveTo -> Verify.Homing | Homing
[13 INFO main 4845055] Confirming: 1/9
[13 INFO main 4847157] Confirming: 2/9
[13 INFO main 4849248] Confirming: 3/9
[13 INFO main 4851414] Confirming: 4/9
[13 INFO main 4853517] Confirming: 5/9
[13 INFO main 4855599] Confirming: 7/9
[13 INFO main 4857729] Confirming: 8/9
[13 INFO main 4859837] Confirming: 9/9
[13 INFO main 4868171] Verify.Homing -> Scout.Query | Arrived home
[13 INFO main 4868374] Scout.Query -> Verify.DriveTo | Go to unverified source
[13 INFO main 5147696] Verify.DriveTo -> Verify.Homing | Homing
[13 INFO main 5173847] Confirming: 1/9
[13 INFO main 5176001] Confirming: 2/9
[13 INFO main 5178025] Confirming: 3/9
[13 INFO main 5180133] Confirming: 4/9
[13 INFO main 5182173] Confirming: 5/9
[13 INFO main 5184820] Confirming: 6/9
[13 INFO main 5186874] Confirming: 7/9
[13 INFO main 5188964] Confirming: 8/9
[13 INFO main 5191093] Confirming: 9/9
[13 INFO main 5191522] Verify.Homing -> Scout.Query | Arrived home
[13 INFO main 5191732] Scout.Query -> Verify.DriveTo | Go to unverified source
[13 INFO main 5234689] Verify.DriveTo -> Verify.Homing | Homing
[13 INFO main 5243286] Verify.Homing -> Scout.Query | Arrived home
[13 INFO main 5257309] Confirming: 1/9
[13 INFO main 5259405] Confirming: 2/9
[13 INFO main 5261552] Confirming: 3/9
[13 INFO main 5263912] Confirming: 4/9
[13 INFO main 5266112] Confirming: 6/9
[13 INFO main 5268376] Confirming: 7/9
[13 INFO main 5270574] Confirming: 8/9
[13 INFO main 5272764] Confirming: 9/9
[13 INFO main 5273248] Scout.Query -> Verify.DriveTo | Go to unverified source
