[7 INFO main 27] Initialising Python Geth Console...
[7 INFO main 32] Initialising RandB board...
[7 INFO main 32] Initialising navigation...
[7 INFO main 32] Initialising random-walk...
[7 INFO main 32] Initialising odometry...
[7 INFO main 32] Initialising ground-sensors...
[7 INFO main 542] --//-- Starting Experiment --//--
[7 INFO main 2009] Idle.IDLE -> Scout.Query | Duration: 28.58
[7 INFO main 19889] Scout.Query -> Verify.DriveTo | Go to unverified source
[7 INFO main 84744] Verify.DriveTo -> Verify.Homing | Homing
[7 INFO main 115700] Confirming: 2/9
[7 INFO main 117752] Confirming: 3/9
[7 INFO main 118599] Verify.Homing -> Scout.Query | Arrived home
[7 INFO main 119842] Confirming: 4/9
[7 INFO main 121925] Confirming: 5/9
[7 INFO main 123954] Confirming: 6/9
[7 INFO main 126037] Confirming: 7/9
[7 INFO main 128120] Confirming: 8/9
[7 INFO main 130116] Confirming: 9/9
[7 INFO main 130458] Scout.Query -> Verify.DriveTo | Go to unverified source
[7 INFO main 167006] Verify.DriveTo -> Verify.Homing | Homing
[7 INFO main 175188] Confirming: 1/9
[7 INFO main 177277] Confirming: 2/9
[7 INFO main 179339] Confirming: 3/9
[7 INFO main 181389] Confirming: 4/9
[7 INFO main 183464] Confirming: 5/9
[7 INFO main 185513] Confirming: 6/9
[7 INFO main 187519] Confirming: 7/9
[7 INFO main 188207] Verify.Homing -> Scout.Query | Arrived home
[7 INFO main 189644] Confirming: 9/9
[7 INFO main 189667] Scout.Query -> Verify.DriveTo | Go to unverified source
[7 INFO main 223755] Verify.DriveTo -> Verify.Homing | Homing
[7 INFO main 236170] Confirming: 1/9
[7 INFO main 238242] Confirming: 2/9
[7 INFO main 240324] Confirming: 3/9
[7 INFO main 242351] Confirming: 4/9
[7 INFO main 243575] Verify.Homing -> Scout.Query | Arrived home
[7 INFO main 244431] Confirming: 5/9
[7 INFO main 246431] Confirming: 6/9
[7 INFO main 248442] Confirming: 7/9
[7 INFO main 250541] Confirming: 8/9
[7 INFO main 252548] Confirming: 9/9
[7 INFO main 253491] Scout.Query -> Verify.DriveTo | Go to unverified source
[7 INFO main 298199] Verify.DriveTo -> Verify.Homing | Homing
[7 INFO main 326361] Verify.Homing -> Scout.Query | Arrived home
[7 INFO main 326965] Confirming: 1/9
[7 INFO main 328970] Confirming: 2/9
[7 INFO main 330984] Confirming: 3/9
[7 INFO main 333051] Confirming: 4/9
[7 INFO main 335121] Confirming: 6/9
[7 INFO main 337180] Confirming: 7/9
[7 INFO main 339315] Confirming: 8/9
[7 INFO main 341414] Confirming: 9/9
[7 INFO main 341620] Scout.Query -> Verify.DriveTo | Go to unverified source
[7 INFO main 385274] Verify.DriveTo -> Verify.Homing | Homing
[7 INFO main 405352] Verify.Homing -> Scout.Query | Arrived home
[7 INFO main 415882] Confirming: 1/9
[7 INFO main 417921] Confirming: 2/9
[7 INFO main 422122] Confirming: 4/9
[7 INFO main 424169] Confirming: 5/9
[7 INFO main 426234] Confirming: 6/9
[7 INFO main 428275] Confirming: 7/9
[7 INFO main 430339] Confirming: 8/9
[7 INFO main 432500] Confirming: 9/9
[7 INFO main 432538] Scout.Query -> Verify.DriveTo | Go to unverified source
[7 INFO main 459767] Verify.DriveTo -> Verify.Homing | Homing
[7 INFO main 476146] Verify.Homing -> Scout.Query | Arrived home
[7 INFO main 476442] Confirming: 1/9
[7 INFO main 478518] Confirming: 2/9
[7 INFO main 480559] Confirming: 3/9
[7 INFO main 482565] Confirming: 4/9
[7 INFO main 484633] Confirming: 5/9
[7 INFO main 486705] Confirming: 6/9
[7 INFO main 488709] Confirming: 7/9
[7 INFO main 490761] Confirming: 8/9
[7 INFO main 496983] Confirming: 12/9
[7 INFO main 517393] Scout.Query -> Verify.DriveTo | Go to unverified source
[7 INFO main 526050] Verify.DriveTo -> Verify.Homing | Homing
[7 INFO main 547334] Verify.Homing -> Scout.Query | Arrived home
[7 INFO main 573147] Confirming: 5/9
[7 INFO main 577281] Confirming: 7/9
[7 INFO main 579355] Confirming: 8/9
[7 INFO main 583502] Confirming: 9/9
[7 INFO main 583740] Scout.Query -> Scout.PrepSend | Homing
[7 INFO main 583959] Scout.PrepSend -> Verify.Homing | Homing
[7 INFO main 596924] Confirming: 2/9
[7 INFO main 598423] Verify.Homing -> Scout.Query | Arrived home
[7 INFO main 598950] Confirming: 3/9
[7 INFO main 601205] Confirming: 4/9
[7 INFO main 603232] Confirming: 5/9
[7 INFO main 605334] Confirming: 6/9
[7 INFO main 607463] Confirming: 7/9
[7 INFO main 609536] Confirming: 8/9
[7 INFO main 611564] Confirming: 9/9
[7 INFO main 612078] Scout.Query -> Verify.DriveTo | Go to unverified source
[7 INFO main 722601] Verify.DriveTo -> Verify.Homing | Homing
[7 INFO main 737153] Confirming: 1/9
[7 INFO main 739176] Confirming: 2/9
[7 INFO main 741218] Confirming: 3/9
[7 INFO main 742943] Verify.Homing -> Scout.Query | Arrived home
[7 INFO main 743230] Confirming: 4/9
[7 INFO main 745320] Confirming: 5/9
[7 INFO main 747344] Confirming: 6/9
[7 INFO main 749356] Confirming: 7/9
[7 INFO main 751402] Confirming: 8/9
[7 INFO main 753411] Confirming: 9/9
[7 INFO main 754190] Scout.Query -> Verify.DriveTo | Go to unverified source
[7 INFO main 788902] Verify.DriveTo -> Verify.Homing | Homing
[7 INFO main 805587] Confirming: 2/9
[7 INFO main 807591] Confirming: 3/9
[7 INFO main 809675] Confirming: 4/9
[7 INFO main 810622] Verify.Homing -> Scout.Query | Arrived home
[7 INFO main 813816] Confirming: 6/9
[7 INFO main 815878] Confirming: 7/9
[7 INFO main 817900] Confirming: 8/9
[7 INFO main 820051] Confirming: 9/9
[7 INFO main 820085] Scout.Query -> Verify.DriveTo | Go to unverified source
[7 INFO main 891253] Verify.DriveTo -> Verify.Homing | Homing
[7 INFO main 895474] Confirming: 1/9
[7 INFO main 897540] Confirming: 2/9
[7 INFO main 899728] Confirming: 3/9
[7 INFO main 901811] Confirming: 4/9
[7 INFO main 903915] Confirming: 5/9
[7 INFO main 907010] Verify.Homing -> Scout.Query | Arrived home
[7 INFO main 908064] Confirming: 7/9
[7 INFO main 910143] Confirming: 8/9
[7 INFO main 912253] Confirming: 9/9
[7 INFO main 912781] Scout.Query -> Verify.DriveTo | Go to unverified source
[7 INFO main 976468] Verify.DriveTo -> Verify.Homing | Homing
[7 INFO main 987163] Confirming: 2/9
[7 INFO main 989394] Confirming: 3/9
[7 INFO main 991415] Confirming: 4/9
[7 INFO main 995533] Confirming: 6/9
[7 INFO main 997605] Confirming: 7/9
[7 INFO main 999698] Confirming: 8/9
[7 INFO main 1000156] Verify.Homing -> Scout.Query | Arrived home
[7 INFO main 1003813] Confirming: 10/9
[7 INFO main 1003845] Scout.Query -> Verify.DriveTo | Go to unverified source
[7 INFO main 1038471] Verify.DriveTo -> Verify.Homing | Homing
[7 INFO main 1056730] Verify.Homing -> Scout.Query | Arrived home
[7 INFO main 1056932] Confirming: 1/9
[7 INFO main 1058976] Confirming: 2/9
[7 INFO main 1060978] Confirming: 3/9
[7 INFO main 1062985] Confirming: 4/9
[7 INFO main 1067052] Confirming: 6/9
[7 INFO main 1069117] Confirming: 7/9
[7 INFO main 1071152] Confirming: 8/9
[7 INFO main 1073277] Confirming: 9/9
[7 INFO main 1073309] Scout.Query -> Verify.DriveTo | Go to unverified source
[7 INFO main 1127973] Verify.DriveTo -> Verify.Homing | Homing
[7 INFO main 1151692] Verify.Homing -> Scout.Query | Arrived home
[7 INFO main 1166267] Confirming: 1/9
[7 INFO main 1170195] Confirming: 3/9
[7 INFO main 1172455] Confirming: 4/9
[7 INFO main 1174515] Confirming: 5/9
[7 INFO main 1176645] Confirming: 6/9
[7 INFO main 1178791] Confirming: 7/9
[7 INFO main 1181044] Confirming: 8/9
[7 INFO main 1183208] Confirming: 9/9
[7 INFO main 1183492] Scout.Query -> Verify.DriveTo | Go to unverified source
[7 INFO main 1224973] Verify.DriveTo -> Verify.Homing | Homing
[7 INFO main 1246069] Verify.Homing -> Scout.Query | Arrived home
[7 INFO main 1255182] Confirming: 1/9
[7 INFO main 1257269] Confirming: 2/9
[7 INFO main 1259441] Confirming: 3/9
[7 INFO main 1261461] Confirming: 4/9
[7 INFO main 1263676] Confirming: 5/9
[7 INFO main 1265680] Confirming: 6/9
[7 INFO main 1267691] Confirming: 7/9
[7 INFO main 1269715] Confirming: 8/9
[7 INFO main 1271773] Confirming: 9/9
[7 INFO main 1272040] Scout.Query -> Verify.DriveTo | Go to unverified source
[7 INFO main 1318994] Verify.DriveTo -> Verify.Homing | Homing
[7 INFO main 1336058] Verify.Homing -> Scout.Query | Arrived home
[7 INFO main 1345960] Confirming: 1/9
[7 INFO main 1347989] Confirming: 2/9
[7 INFO main 1350089] Confirming: 3/9
[7 INFO main 1352173] Confirming: 4/9
[7 INFO main 1354259] Confirming: 5/9
[7 INFO main 1358393] Confirming: 7/9
[7 INFO main 1360500] Confirming: 8/9
[7 INFO main 1362535] Confirming: 9/9
[7 INFO main 1362888] Scout.Query -> Verify.DriveTo | Go to unverified source
[7 INFO main 1408245] Verify.DriveTo -> Verify.Homing | Homing
[7 INFO main 1434128] Verify.Homing -> Scout.Query | Arrived home
[7 INFO main 1437722] Confirming: 1/9
[7 INFO main 1439800] Confirming: 2/9
[7 INFO main 1441884] Confirming: 3/9
[7 INFO main 1443908] Confirming: 5/9
[7 INFO main 1447993] Confirming: 7/9
[7 INFO main 1450059] Confirming: 8/9
[7 INFO main 1454136] Confirming: 10/9
[7 INFO main 1454843] Scout.Query -> Verify.DriveTo | Go to unverified source
[7 INFO main 1532213] Verify.DriveTo -> Verify.Homing | Homing
[7 INFO main 1554131] Verify.Homing -> Scout.Query | Arrived home
[7 INFO main 1557337] Confirming: 1/9
[7 INFO main 1559342] Confirming: 2/9
[7 INFO main 1561443] Confirming: 3/9
[7 INFO main 1563473] Confirming: 4/9
[7 INFO main 1565501] Confirming: 5/9
[7 INFO main 1567514] Confirming: 6/9
[7 INFO main 1569513] Confirming: 7/9
[7 INFO main 1571533] Confirming: 8/9
[7 INFO main 1573542] Confirming: 9/9
[7 INFO main 1573581] Scout.Query -> Verify.DriveTo | Go to unverified source
[7 INFO main 1601212] Verify.DriveTo -> Verify.Homing | Homing
[7 INFO main 1615916] Confirming: 1/9
[7 INFO main 1617999] Confirming: 2/9
[7 INFO main 1620080] Confirming: 3/9
[7 INFO main 1622148] Confirming: 4/9
[7 INFO main 1623548] Verify.Homing -> Scout.Query | Arrived home
[7 INFO main 1624211] Confirming: 5/9
[7 INFO main 1626328] Confirming: 6/9
[7 INFO main 1628347] Confirming: 7/9
[7 INFO main 1630484] Confirming: 8/9
[7 INFO main 1632549] Confirming: 9/9
[7 INFO main 1632660] Scout.Query -> Verify.DriveTo | Go to unverified source
[7 INFO main 1689180] Verify.DriveTo -> Verify.Homing | Homing
[7 INFO main 1707858] Confirming: 1/9
[7 INFO main 1709863] Confirming: 3/9
[7 INFO main 1713972] Confirming: 5/9
[7 INFO main 1718075] Confirming: 7/9
[7 INFO main 1721789] Verify.Homing -> Scout.Query | Arrived home
[7 INFO main 1722192] Confirming: 9/9
[7 INFO main 1722969] Scout.Query -> Verify.DriveTo | Go to unverified source
[7 INFO main 1784534] Verify.DriveTo -> Verify.Homing | Homing
[7 INFO main 1796980] Confirming: 1/9
[7 INFO main 1799010] Confirming: 2/9
