[12 INFO main 28] Initialising Python Geth Console...
[12 INFO main 74] Initialising RandB board...
[12 INFO main 74] Initialising navigation...
[12 INFO main 74] Initialising random-walk...
[12 INFO main 74] Initialising odometry...
[12 INFO main 74] Initialising ground-sensors...
[12 INFO main 286] --//-- Starting Experiment --//--
[12 INFO main 1741] Idle.IDLE -> Scout.Query | Duration: 26.48
[12 INFO main 43932] Scout.Query -> Verify.DriveTo | Go to unverified source
[12 INFO main 110586] Verify.DriveTo -> Verify.Homing | Homing
[12 INFO main 120970] Confirming: 1/9
[12 INFO main 123042] Confirming: 2/9
[12 INFO main 125048] Confirming: 3/9
[12 INFO main 129117] Confirming: 5/9
[12 INFO main 131125] Confirming: 6/9
[12 INFO main 133127] Confirming: 7/9
[12 INFO main 137305] Confirming: 9/9
[12 INFO main 138727] Verify.Homing -> Scout.Query | Arrived home
[12 INFO main 138762] Scout.Query -> Verify.DriveTo | Go to unverified source
[12 INFO main 223159] Verify.DriveTo -> Verify.Homing | Homing
[12 INFO main 246156] Confirming: 1/9
[12 INFO main 248228] Confirming: 2/9
[12 INFO main 250280] Confirming: 3/9
[12 INFO main 252437] Confirming: 4/9
[12 INFO main 254550] Confirming: 5/9
[12 INFO main 256584] Confirming: 6/9
[12 INFO main 258593] Confirming: 7/9
[12 INFO main 260705] Confirming: 8/9
[12 INFO main 262770] Confirming: 10/9
[12 INFO main 272595] Verify.Homing -> Scout.Query | Arrived home
[12 INFO main 272822] Scout.Query -> Verify.DriveTo | Go to unverified source
[12 INFO main 308418] Verify.DriveTo -> Verify.Homing | Homing
[12 INFO main 334769] Verify.Homing -> Scout.Query | Arrived home
[12 INFO main 336516] Confirming: 1/9
[12 INFO main 338597] Confirming: 2/9
[12 INFO main 340710] Confirming: 4/9
[12 INFO main 342733] Confirming: 5/9
[12 INFO main 344742] Confirming: 6/9
[12 INFO main 347127] Confirming: 7/9
[12 INFO main 349204] Confirming: 8/9
[12 INFO main 351225] Confirming: 9/9
[12 INFO main 351361] Scout.Query -> Verify.DriveTo | Go to unverified source
[12 INFO main 472874] Verify.DriveTo -> Verify.Homing | Homing
[12 INFO main 485557] Confirming: 1/9
[12 INFO main 487587] Confirming: 2/9
[12 INFO main 489728] Confirming: 3/9
[12 INFO main 491852] Confirming: 4/9
[12 INFO main 493738] Verify.Homing -> Scout.Query | Arrived home
[12 INFO main 493869] Confirming: 5/9
[12 INFO main 495925] Confirming: 6/9
[12 INFO main 497973] Confirming: 7/9
[12 INFO main 500068] Confirming: 8/9
[12 INFO main 502074] Confirming: 9/9
[12 INFO main 502478] Scout.Query -> Verify.DriveTo | Go to unverified source
[12 INFO main 541791] Verify.DriveTo -> Verify.Homing | Homing
[12 INFO main 561723] Verify.Homing -> Scout.Query | Arrived home
[12 INFO main 591629] Confirming: 7/9
[12 INFO main 593678] Confirming: 8/9
[12 INFO main 595706] Confirming: 9/9
[12 INFO main 595709] Scout.Query -> Scout.PrepSend | Homing
[12 INFO main 595955] Scout.PrepSend -> Verify.Homing | Homing
[12 INFO main 602295] Confirming: 1/9
[12 INFO main 604328] Confirming: 2/9
[12 INFO main 606372] Confirming: 3/9
[12 INFO main 608470] Confirming: 4/9
[12 INFO main 610540] Confirming: 5/9
[12 INFO main 612627] Confirming: 6/9
[12 INFO main 614657] Confirming: 7/9
[12 INFO main 616114] Verify.Homing -> Scout.Query | Arrived home
[12 INFO main 616681] Confirming: 8/9
[12 INFO main 618647] Confirming: 9/9
[12 INFO main 618679] Scout.Query -> Verify.DriveTo | Go to unverified source
[12 INFO main 646233] Verify.DriveTo -> Verify.Homing | Homing
[12 INFO main 661067] Verify.Homing -> Scout.Query | Arrived home
[12 INFO main 664717] Confirming: 1/9
[12 INFO main 666883] Confirming: 2/9
[12 INFO main 668972] Confirming: 3/9
[12 INFO main 673025] Confirming: 5/9
[12 INFO main 675189] Confirming: 6/9
[12 INFO main 677380] Confirming: 7/9
[12 INFO main 681437] Confirming: 9/9
[12 INFO main 681697] Scout.Query -> Verify.DriveTo | Go to unverified source
[12 INFO main 752520] Verify.DriveTo -> Verify.Homing | Homing
[12 INFO main 773686] Verify.Homing -> Scout.Query | Arrived home
[12 INFO main 786245] Confirming: 1/9
[12 INFO main 788244] Confirming: 2/9
[12 INFO main 790211] Confirming: 3/9
[12 INFO main 792561] Confirming: 4/9
[12 INFO main 794563] Confirming: 5/9
[12 INFO main 796573] Confirming: 6/9
[12 INFO main 798649] Confirming: 7/9
[12 INFO main 800736] Confirming: 9/9
[12 INFO main 800769] Scout.Query -> Verify.DriveTo | Go to unverified source
[12 INFO main 892272] Verify.DriveTo -> Verify.Homing | Homing
[12 INFO main 937841] Confirming: 1/9
[12 INFO main 939920] Confirming: 2/9
[12 INFO main 941939] Confirming: 4/9
[12 INFO main 946211] Confirming: 6/9
[12 INFO main 948228] Confirming: 7/9
[12 INFO main 950231] Confirming: 8/9
[12 INFO main 954298] Confirming: 10/9
[12 INFO main 971343] Verify.Homing -> Scout.Query | Arrived home
[12 INFO main 971441] Scout.Query -> Verify.DriveTo | Go to unverified source
[12 INFO main 1031665] Verify.DriveTo -> Verify.Homing | Homing
[12 INFO main 1048518] Confirming: 1/9
[12 INFO main 1050564] Confirming: 2/9
[12 INFO main 1052586] Confirming: 3/9
[12 INFO main 1054766] Confirming: 4/9
[12 INFO main 1058864] Confirming: 6/9
[12 INFO main 1060969] Confirming: 7/9
[12 INFO main 1063080] Confirming: 8/9
[12 INFO main 1065106] Confirming: 9/9
[12 INFO main 1066106] Verify.Homing -> Scout.Query | Arrived home
[12 INFO main 1066235] Scout.Query -> Verify.DriveTo | Go to unverified source
[12 INFO main 1148986] Verify.DriveTo -> Verify.Homing | Homing
[12 INFO main 1167835] Confirming: 1/9
[12 INFO main 1169321] Verify.Homing -> Scout.Query | Arrived home
[12 INFO main 1171955] Confirming: 4/9
[12 INFO main 1176150] Confirming: 5/9
[12 INFO main 1178481] Confirming: 7/9
[12 INFO main 1180780] Confirming: 8/9
[12 INFO main 1182802] Confirming: 9/9
[12 INFO main 1182839] Scout.Query -> Verify.DriveTo | Go to unverified source
[12 INFO main 1229524] Verify.DriveTo -> Verify.Homing | Homing
[12 INFO main 1243982] Confirming: 1/9
[12 INFO main 1246023] Confirming: 2/9
[12 INFO main 1247998] Confirming: 3/9
[12 INFO main 1250108] Confirming: 4/9
[12 INFO main 1252087] Confirming: 5/9
[12 INFO main 1254877] Verify.Homing -> Scout.Query | Arrived home
[12 INFO main 1258183] Confirming: 6/9
[12 INFO main 1260241] Confirming: 9/9
[12 INFO main 1260718] Scout.Query -> Verify.DriveTo | Go to unverified source
[12 INFO main 1310776] Verify.DriveTo -> Verify.Homing | Homing
[12 INFO main 1323322] Confirming: 1/9
[12 INFO main 1325632] Confirming: 2/9
[12 INFO main 1327706] Confirming: 3/9
[12 INFO main 1329747] Confirming: 4/9
[12 INFO main 1331766] Confirming: 6/9
[12 INFO main 1333742] Confirming: 7/9
[12 INFO main 1337851] Confirming: 9/9
[12 INFO main 1337854] Verify.Homing -> Scout.Query | Arrived home
[12 INFO main 1338145] Scout.Query -> Verify.DriveTo | Go to unverified source
[12 INFO main 1525604] Verify.DriveTo -> Verify.Homing | Homing
[12 INFO main 1535988] Confirming: 1/9
[12 INFO main 1538210] Confirming: 2/9
[12 INFO main 1542254] Confirming: 4/9
[12 INFO main 1544374] Confirming: 5/9
[12 INFO main 1545763] Verify.Homing -> Scout.Query | Arrived home
[12 INFO main 1548455] Confirming: 6/9
[12 INFO main 1550504] Confirming: 7/9
[12 INFO main 1552575] Confirming: 9/9
[12 INFO main 1552950] Scout.Query -> Verify.DriveTo | Go to unverified source
[12 INFO main 1676991] Verify.DriveTo -> Verify.Homing | Homing
[12 INFO main 1685273] Confirming: 1/9
[12 INFO main 1687312] Confirming: 2/9
[12 INFO main 1689378] Confirming: 3/9
[12 INFO main 1691461] Confirming: 4/9
[12 INFO main 1693568] Confirming: 5/9
[12 INFO main 1695621] Confirming: 6/9
[12 INFO main 1697681] Confirming: 7/9
[12 INFO main 1699631] Confirming: 8/9
[12 INFO main 1701783] Confirming: 10/9
[12 INFO main 1720222] Verify.Homing -> Scout.Query | Arrived home
[12 INFO main 1720357] Scout.Query -> Verify.DriveTo | Go to unverified source
[12 INFO main 1767746] Verify.DriveTo -> Verify.Homing | Homing
[12 INFO main 1782565] Confirming: 1/9
[12 INFO main 1784648] Confirming: 2/9
[12 INFO main 1786755] Confirming: 3/9
[12 INFO main 1787246] Verify.Homing -> Scout.Query | Arrived home
[12 INFO main 1789121] Confirming: 4/9
[12 INFO main 1791177] Confirming: 5/9
[12 INFO main 1793238] Confirming: 6/9
[12 INFO main 1795292] Confirming: 7/9
[12 INFO main 1797356] Confirming: 8/9
[12 INFO main 1799424] Confirming: 9/9
[12 INFO main 1799460] Scout.Query -> Verify.DriveTo | Go to unverified source
