[13 INFO main 27] Initialising Python Geth Console...
[13 INFO main 32] Initialising RandB board...
[13 INFO main 32] Initialising navigation...
[13 INFO main 32] Initialising random-walk...
[13 INFO main 32] Initialising odometry...
[13 INFO main 32] Initialising ground-sensors...
[13 INFO main 183] --//-- Starting Experiment --//--
[13 INFO main 1649] Idle.IDLE -> Scout.Query | Duration: 25.67
[13 INFO main 49722] Scout.Query -> Verify.DriveTo | Go to unverified source
[13 INFO main 151826] Verify.DriveTo -> Verify.Homing | Homing
[13 INFO main 166470] Verify.Homing -> Scout.Query | Arrived home
[13 INFO main 168393] Confirming: 1/9
[13 INFO main 170551] Confirming: 2/9
[13 INFO main 172640] Confirming: 3/9
[13 INFO main 174807] Confirming: 4/9
[13 INFO main 176885] Confirming: 5/9
[13 INFO main 179028] Confirming: 6/9
[13 INFO main 181317] Confirming: 7/9
[13 INFO main 183352] Confirming: 8/9
[13 INFO main 185441] Confirming: 9/9
[13 INFO main 186377] Scout.Query -> Verify.DriveTo | Go to unverified source
[13 INFO main 214282] Verify.DriveTo -> Verify.Homing | Homing
[13 INFO main 223461] Confirming: 1/9
[13 INFO main 225737] Confirming: 2/9
[13 INFO main 227798] Confirming: 4/9
[13 INFO main 229806] Confirming: 5/9
[13 INFO main 233687] Verify.Homing -> Scout.Query | Arrived home
[13 INFO main 233895] Confirming: 6/9
[13 INFO main 235922] Confirming: 8/9
[13 INFO main 240046] Confirming: 10/9
[13 INFO main 240403] Scout.Query -> Verify.DriveTo | Go to unverified source
[13 INFO main 297116] Verify.DriveTo -> Verify.Homing | Homing
[13 INFO main 307334] Verify.Homing -> Scout.Query | Arrived home
[13 INFO main 318428] Confirming: 1/9
[13 INFO main 320667] Confirming: 2/9
[13 INFO main 322765] Confirming: 3/9
[13 INFO main 324761] Confirming: 4/9
[13 INFO main 326856] Confirming: 5/9
[13 INFO main 328898] Confirming: 6/9
[13 INFO main 331017] Confirming: 7/9
[13 INFO main 333031] Confirming: 8/9
[13 INFO main 335069] Confirming: 9/9
[13 INFO main 336083] Scout.Query -> Verify.DriveTo | Go to unverified source
[13 INFO main 546842] Verify.DriveTo -> Verify.Homing | Homing
[13 INFO main 559432] Confirming: 1/9
[13 INFO main 561557] Confirming: 2/9
[13 INFO main 563578] Confirming: 3/9
[13 INFO main 565772] Confirming: 4/9
[13 INFO main 567747] Confirming: 5/9
[13 INFO main 569880] Confirming: 7/9
[13 INFO main 571945] Confirming: 8/9
[13 INFO main 574006] Confirming: 9/9
[13 INFO main 590294] Verify.Homing -> Scout.Query | Arrived home
[13 INFO main 590348] Scout.Query -> Verify.DriveTo | Go to unverified source
[13 INFO main 663629] Verify.DriveTo -> Verify.Homing | Homing
[13 INFO main 678228] Confirming: 1/9
[13 INFO main 680221] Confirming: 2/9
[13 INFO main 681039] Verify.Homing -> Scout.Query | Arrived home
[13 INFO main 682448] Confirming: 3/9
[13 INFO main 684489] Confirming: 4/9
[13 INFO main 686518] Confirming: 5/9
[13 INFO main 688603] Confirming: 6/9
[13 INFO main 690691] Confirming: 7/9
[13 INFO main 692765] Confirming: 8/9
[13 INFO main 694916] Confirming: 9/9
[13 INFO main 695711] Scout.Query -> Verify.DriveTo | Go to unverified source
[13 INFO main 825898] Verify.DriveTo -> Verify.Homing | Homing
[13 INFO main 859439] Confirming: 1/9
[13 INFO main 861652] Confirming: 2/9
[13 INFO main 863713] Confirming: 3/9
[13 INFO main 865818] Confirming: 4/9
[13 INFO main 867837] Confirming: 5/9
[13 INFO main 869885] Confirming: 7/9
[13 INFO main 870028] Verify.Homing -> Scout.Query | Arrived home
[13 INFO main 873995] Confirming: 8/9
[13 INFO main 876079] Confirming: 10/9
[13 INFO main 876902] Scout.Query -> Verify.DriveTo | Go to unverified source
[13 INFO main 902150] Verify.DriveTo -> Verify.Homing | Homing
[13 INFO main 916168] Verify.Homing -> Scout.Query | Arrived home
[13 INFO main 918891] Confirming: 1/9
[13 INFO main 920985] Confirming: 2/9
[13 INFO main 923061] Confirming: 3/9
[13 INFO main 925149] Confirming: 4/9
[13 INFO main 927186] Confirming: 5/9
[13 INFO main 929204] Confirming: 6/9
[13 INFO main 931248] Confirming: 7/9
[13 INFO main 933341] Confirming: 8/9
[13 INFO main 935407] Confirming: 9/9
[13 INFO main 936225] Scout.Query -> Verify.DriveTo | Go to unverified source
[13 INFO main 1005559] Verify.DriveTo -> Verify.Homing | Homing
[13 INFO main 1026029] Confirming: 1/9
[13 INFO main 1028093] Confirming: 2/9
[13 INFO main 1029243] Verify.Homing -> Scout.Query | Arrived home
[13 INFO main 1030137] Confirming: 3/9
[13 INFO main 1032266] Confirming: 4/9
[13 INFO main 1034363] Confirming: 5/9
[13 INFO main 1038542] Confirming: 7/9
[13 INFO main 1040611] Confirming: 8/9
[13 INFO main 1042674] Confirming: 9/9
[13 INFO main 1043414] Scout.Query -> Verify.DriveTo | Go to unverified source
[13 INFO main 1145109] Verify.DriveTo -> Verify.Homing | Homing
[13 INFO main 1159913] Confirming: 2/9
[13 INFO main 1161919] Confirming: 3/9
[13 INFO main 1163972] Confirming: 4/9
[13 INFO main 1166235] Confirming: 5/9
[13 INFO main 1168302] Confirming: 6/9
[13 INFO main 1170485] Confirming: 7/9
[13 INFO main 1172541] Confirming: 8/9
[13 INFO main 1174624] Confirming: 9/9
[13 INFO main 1202953] Verify.Homing -> Scout.Query | Arrived home
[13 INFO main 1203093] Scout.Query -> Verify.DriveTo | Go to unverified source
[13 INFO main 1241811] Verify.DriveTo -> Verify.Homing | Homing
[13 INFO main 1248133] Confirming: 1/9
[13 INFO main 1250305] Confirming: 2/9
[13 INFO main 1252417] Confirming: 3/9
[13 INFO main 1254489] Confirming: 4/9
[13 INFO main 1256536] Confirming: 5/9
[13 INFO main 1258709] Confirming: 6/9
[13 INFO main 1260734] Confirming: 7/9
[13 INFO main 1262800] Confirming: 8/9
[13 INFO main 1264890] Confirming: 9/9
[13 INFO main 1269713] Verify.Homing -> Scout.Query | Arrived home
[13 INFO main 1269864] Scout.Query -> Verify.DriveTo | Go to unverified source
[13 INFO main 1294623] Verify.DriveTo -> Verify.Homing | Homing
[13 INFO main 1309086] Confirming: 1/9
[13 INFO main 1311147] Confirming: 2/9
[13 INFO main 1313264] Confirming: 3/9
[13 INFO main 1315397] Confirming: 4/9
[13 INFO main 1317507] Confirming: 5/9
[13 INFO main 1319510] Confirming: 6/9
[13 INFO main 1319820] Verify.Homing -> Scout.Query | Arrived home
[13 INFO main 1321582] Confirming: 7/9
[13 INFO main 1323593] Confirming: 8/9
[13 INFO main 1325669] Confirming: 9/9
[13 INFO main 1325706] Scout.Query -> Verify.DriveTo | Go to unverified source
[13 INFO main 1381006] Verify.DriveTo -> Verify.Homing | Homing
[13 INFO main 1399562] Confirming: 1/9
[13 INFO main 1401619] Confirming: 2/9
[13 INFO main 1402970] Verify.Homing -> Scout.Query | Arrived home
[13 INFO main 1403633] Confirming: 3/9
[13 INFO main 1405649] Confirming: 4/9
[13 INFO main 1407667] Confirming: 5/9
[13 INFO main 1409694] Confirming: 6/9
[13 INFO main 1411788] Confirming: 7/9
[13 INFO main 1416012] Confirming: 9/9
[13 INFO main 1416052] Scout.Query -> Verify.DriveTo | Go to unverified source
[13 INFO main 1558368] Verify.DriveTo -> Verify.Homing | Homing
[13 INFO main 1579233] Confirming: 1/9
[13 INFO main 1581341] Confirming: 2/9
[13 INFO main 1585360] Confirming: 4/9
[13 INFO main 1587505] Confirming: 5/9
[13 INFO main 1588968] Verify.Homing -> Scout.Query | Arrived home
[13 INFO main 1589551] Confirming: 6/9
[13 INFO main 1591653] Confirming: 7/9
[13 INFO main 1593910] Confirming: 8/9
[13 INFO main 1595964] Confirming: 10/9
[13 INFO main 1596564] Scout.Query -> Verify.DriveTo | Go to unverified source
[13 INFO main 1685197] Verify.DriveTo -> Verify.Homing | Homing
[13 INFO main 1699778] Confirming: 2/9
[13 INFO main 1703283] Verify.Homing -> Scout.Query | Arrived home
[13 INFO main 1703969] Confirming: 4/9
[13 INFO main 1706072] Confirming: 5/9
[13 INFO main 1708221] Confirming: 6/9
[13 INFO main 1710375] Confirming: 7/9
[13 INFO main 1712744] Confirming: 8/9
[13 INFO main 1714751] Confirming: 9/9
[13 INFO main 1715119] Scout.Query -> Verify.DriveTo | Go to unverified source
[13 INFO main 1738995] Verify.DriveTo -> Verify.Homing | Homing
[13 INFO main 1750791] Verify.Homing -> Scout.Query | Arrived home
[13 INFO main 1759616] Confirming: 1/9
[13 INFO main 1761665] Confirming: 2/9
[13 INFO main 1763677] Confirming: 3/9
[13 INFO main 1765861] Confirming: 4/9
[13 INFO main 1768013] Confirming: 6/9
[13 INFO main 1772101] Confirming: 8/9
[13 INFO main 1776330] Confirming: 10/9
[13 INFO main 1776333] Scout.Query -> Scout.PrepSend | Homing
[13 INFO main 1776590] Scout.PrepSend -> Verify.Homing | Homing
[13 INFO main 1788913] Confirming: 1/9
[13 INFO main 1790973] Confirming: 2/9
[13 INFO main 1793039] Confirming: 3/9
[13 INFO main 1794966] Confirming: 4/9
[13 INFO main 1795466] Verify.Homing -> Scout.Query | Arrived home
[13 INFO main 1797061] Confirming: 5/9
[13 INFO main 1799119] Confirming: 6/9
