[5 INFO main 28] Initialising Python Geth Console...
[5 INFO main 34] Initialising RandB board...
[5 INFO main 34] Initialising navigation...
[5 INFO main 34] Initialising random-walk...
[5 INFO main 34] Initialising odometry...
[5 INFO main 34] Initialising ground-sensors...
[5 INFO main 1189] --//-- Starting Experiment --//--
[5 INFO main 2289] Idle.IDLE -> Scout.Query | Duration: 22.44
[5 INFO main 11389] Scout.Query -> Scout.GotoCenter | Drive to others reported pos
[5 INFO main 19373] Scout.GotoCenter -> Scout.Query | return to random walk
[5 INFO main 105640] Scout.Query -> Scout.GotoCenter | Drive to others reported pos
[5 INFO main 150717] Scout.GotoCenter -> Scout.Query | return to random walk
[5 INFO main 196463] Scout.Query -> Scout.GotoCenter | Drive to others reported pos
[5 INFO main 231375] Scout.GotoCenter -> Scout.Query | return to random walk
[5 INFO main 261653] Scout.Query -> Scout.GotoCenter | Drive to others reported pos
[5 INFO main 276049] Scout.GotoCenter -> Scout.Query | return to random walk
[5 INFO main 306887] Scout.Query -> Scout.GotoCenter | Drive to others reported pos
[5 INFO main 354713] Scout.GotoCenter -> Scout.Query | return to random walk
[5 INFO main 395524] Scout.Query -> Scout.GotoCenter | Drive to others reported pos
[5 INFO main 443532] Scout.GotoCenter -> Scout.Query | return to random walk
[5 INFO main 514284] Scout.Query -> Scout.GotoCenter | Drive to others reported pos
[5 INFO main 523270] Scout.GotoCenter -> Scout.Query | return to random walk
[5 INFO main 548965] Scout.Query -> Scout.GotoCenter | Drive to others reported pos
[5 INFO main 579397] Scout.GotoCenter -> Scout.Query | return to random walk
[5 INFO main 656319] Scout.Query -> Scout.GotoCenter | Drive to others reported pos
[5 INFO main 696585] Scout.GotoCenter -> Scout.Query | return to random walk
[5 INFO main 757261] Scout.Query -> Scout.GotoCenter | Drive to others reported pos
[5 INFO main 778865] Scout.GotoCenter -> Scout.Query | return to random walk
