[1 INFO main 36] Initialising Python Geth Console...
[1 INFO main 40] Initialising RandB board...
[1 INFO main 40] Initialising navigation...
[1 INFO main 40] Initialising random-walk...
[1 INFO main 40] Initialising odometry...
[1 INFO main 40] Initialising ground-sensors...
[1 INFO main 919] --//-- Starting Experiment --//--
[1 INFO main 2021] Idle.IDLE -> Scout.Query | Duration: 19.07
[1 INFO main 46380] Scout.Query -> Scout.GotoCenter | Drive to others reported pos
[1 INFO main 58895] Scout.GotoCenter -> Scout.Query | return to random walk
[1 INFO main 81725] Scout.Query -> Scout.GotoCenter | Drive to others reported pos
[1 INFO main 92536] Scout.GotoCenter -> Scout.Query | Back to normal
[1 INFO main 104755] Scout.Query -> Scout.GotoCenter | Drive to others reported pos
[1 INFO main 109859] Scout.GotoCenter -> Scout.Query | return to random walk
[1 INFO main 126081] Scout.Query -> Scout.GotoCenter | Drive to others reported pos
[1 INFO main 137294] Scout.GotoCenter -> Scout.Query | return to random walk
[1 INFO main 147108] Scout.Query -> Scout.GotoCenter | Drive to others reported pos
[1 INFO main 153315] Scout.GotoCenter -> Scout.Query | return to random walk
[1 INFO main 190364] Scout.Query -> Scout.GotoCenter | Drive to others reported pos
[1 INFO main 193868] Scout.GotoCenter -> Scout.Query | return to random walk
[1 INFO main 201379] Scout.Query -> Scout.GotoCenter | Drive to others reported pos
[1 INFO main 205281] Scout.GotoCenter -> Scout.Query | return to random walk
[1 INFO main 226509] Scout.Query -> Scout.GotoCenter | Drive to others reported pos
[1 INFO main 232717] Scout.GotoCenter -> Scout.Query | return to random walk
