[12 INFO main 27] Initialising Python Geth Console...
[12 INFO main 31] Initialising RandB board...
[12 INFO main 31] Initialising navigation...
[12 INFO main 31] Initialising random-walk...
[12 INFO main 31] Initialising odometry...
[12 INFO main 31] Initialising ground-sensors...
[12 INFO main 376] --//-- Starting Experiment --//--
[12 INFO main 1871] Idle.IDLE -> Scout.Query | Duration: 29.02
[12 INFO main 20578] Scout.Query -> Verify.DriveTo | Go to unverified source
[12 INFO main 66521] Verify.DriveTo -> Verify.Homing | Homing
[12 INFO main 93510] Confirming: 1/9
[12 INFO main 95601] Confirming: 2/9
[12 INFO main 97808] Confirming: 3/9
[12 INFO main 97809] Verify.Homing -> Scout.Query | Arrived home
[12 INFO main 99820] Confirming: 5/9
[12 INFO main 101899] Confirming: 6/9
[12 INFO main 106022] Confirming: 7/9
[12 INFO main 108117] Confirming: 8/9
[12 INFO main 110168] Confirming: 10/9
[12 INFO main 110524] Scout.Query -> Verify.DriveTo | Go to unverified source
[12 INFO main 175358] Verify.DriveTo -> Verify.Homing | Homing
[12 INFO main 183557] Confirming: 1/9
[12 INFO main 185564] Confirming: 2/9
[12 INFO main 187573] Confirming: 3/9
[12 INFO main 189786] Confirming: 5/9
[12 INFO main 193952] Confirming: 7/9
[12 INFO main 195343] Verify.Homing -> Scout.Query | Arrived home
[12 INFO main 195992] Confirming: 8/9
[12 INFO main 198059] Confirming: 9/9
[12 INFO main 198087] Scout.Query -> Verify.DriveTo | Go to unverified source
[12 INFO main 246206] Verify.DriveTo -> Verify.Homing | Homing
[12 INFO main 273025] Confirming: 1/9
[12 INFO main 275037] Confirming: 2/9
[12 INFO main 277108] Confirming: 3/9
[12 INFO main 277336] Verify.Homing -> Scout.Query | Arrived home
[12 INFO main 279135] Confirming: 4/9
[12 INFO main 281171] Confirming: 5/9
[12 INFO main 283264] Confirming: 6/9
[12 INFO main 285314] Confirming: 7/9
[12 INFO main 287340] Confirming: 8/9
[12 INFO main 289404] Confirming: 9/9
[12 INFO main 289427] Scout.Query -> Verify.DriveTo | Go to unverified source
[12 INFO main 336119] Verify.DriveTo -> Verify.Homing | Homing
[12 INFO main 351449] Verify.Homing -> Scout.Query | Arrived home
[12 INFO main 362902] Confirming: 1/9
[12 INFO main 364826] Confirming: 2/9
[12 INFO main 366945] Confirming: 3/9
[12 INFO main 369002] Confirming: 4/9
[12 INFO main 371184] Confirming: 5/9
[12 INFO main 373217] Confirming: 6/9
[12 INFO main 375326] Confirming: 7/9
[12 INFO main 377433] Confirming: 8/9
[12 INFO main 379436] Confirming: 9/9
[12 INFO main 380354] Scout.Query -> Verify.DriveTo | Go to unverified source
[12 INFO main 417599] Verify.DriveTo -> Verify.Homing | Homing
[12 INFO main 432998] Verify.Homing -> Scout.Query | Arrived home
[12 INFO main 448468] Confirming: 1/9
[12 INFO main 450509] Confirming: 2/9
[12 INFO main 452506] Confirming: 3/9
[12 INFO main 456636] Confirming: 5/9
[12 INFO main 460767] Confirming: 6/9
[12 INFO main 462811] Confirming: 8/9
[12 INFO main 464839] Confirming: 9/9
[12 INFO main 465749] Scout.Query -> Verify.DriveTo | Go to unverified source
[12 INFO main 594049] Verify.DriveTo -> Verify.Homing | Homing
[12 INFO main 604410] Confirming: 1/9
[12 INFO main 606500] Confirming: 2/9
[12 INFO main 608573] Confirming: 3/9
[12 INFO main 610658] Confirming: 4/9
[12 INFO main 612764] Confirming: 6/9
[12 INFO main 614674] Confirming: 7/9
[12 INFO main 615876] Verify.Homing -> Scout.Query | Arrived home
[12 INFO main 616885] Confirming: 8/9
[12 INFO main 618988] Confirming: 9/9
[12 INFO main 619201] Scout.Query -> Verify.DriveTo | Go to unverified source
[12 INFO main 641133] Verify.DriveTo -> Verify.Homing | Homing
[12 INFO main 652173] Verify.Homing -> Scout.Query | Arrived home
[12 INFO main 664128] Confirming: 1/9
[12 INFO main 666170] Confirming: 2/9
[12 INFO main 668270] Confirming: 3/9
[12 INFO main 670332] Confirming: 4/9
[12 INFO main 672340] Confirming: 5/9
[12 INFO main 674354] Confirming: 6/9
[12 INFO main 676429] Confirming: 7/9
[12 INFO main 678431] Confirming: 8/9
[12 INFO main 680444] Confirming: 9/9
[12 INFO main 680605] Scout.Query -> Verify.DriveTo | Go to unverified source
[12 INFO main 749182] Verify.DriveTo -> Verify.Homing | Homing
[12 INFO main 772833] Verify.Homing -> Scout.Query | Arrived home
[12 INFO main 784169] Confirming: 1/9
[12 INFO main 786216] Confirming: 2/9
[12 INFO main 788358] Confirming: 3/9
[12 INFO main 790541] Confirming: 4/9
[12 INFO main 792592] Confirming: 5/9
[12 INFO main 794638] Confirming: 6/9
[12 INFO main 796701] Confirming: 7/9
[12 INFO main 798774] Confirming: 9/9
[12 INFO main 798804] Scout.Query -> Verify.DriveTo | Go to unverified source
[12 INFO main 857600] Verify.DriveTo -> Verify.Homing | Homing
[12 INFO main 865788] Confirming: 1/9
[12 INFO main 867879] Confirming: 2/9
[12 INFO main 869967] Confirming: 3/9
[12 INFO main 871978] Confirming: 4/9
[12 INFO main 874008] Confirming: 5/9
[12 INFO main 876100] Confirming: 6/9
[12 INFO main 878220] Confirming: 7/9
[12 INFO main 880249] Confirming: 8/9
[12 INFO main 882341] Confirming: 9/9
[12 INFO main 886045] Verify.Homing -> Scout.Query | Arrived home
[12 INFO main 886316] Scout.Query -> Verify.DriveTo | Go to unverified source
[12 INFO main 950541] Verify.DriveTo -> Verify.Homing | Homing
[12 INFO main 962916] Confirming: 1/9
[12 INFO main 965131] Confirming: 2/9
[12 INFO main 967194] Confirming: 3/9
[12 INFO main 969206] Confirming: 4/9
[12 INFO main 970779] Verify.Homing -> Scout.Query | Arrived home
[12 INFO main 971315] Confirming: 5/9
[12 INFO main 973396] Confirming: 6/9
[12 INFO main 975447] Confirming: 7/9
[12 INFO main 977509] Confirming: 8/9
[12 INFO main 979589] Confirming: 9/9
[12 INFO main 979626] Scout.Query -> Verify.DriveTo | Go to unverified source
[12 INFO main 1035731] Verify.DriveTo -> Verify.Homing | Homing
[12 INFO main 1054542] Confirming: 1/9
[12 INFO main 1056594] Confirming: 2/9
[12 INFO main 1058632] Confirming: 3/9
[12 INFO main 1060692] Confirming: 5/9
[12 INFO main 1061350] Verify.Homing -> Scout.Query | Arrived home
[12 INFO main 1062710] Confirming: 6/9
[12 INFO main 1064729] Confirming: 7/9
[12 INFO main 1066748] Confirming: 8/9
[12 INFO main 1068848] Confirming: 9/9
[12 INFO main 1069592] Scout.Query -> Verify.DriveTo | Go to unverified source
[12 INFO main 1092773] Verify.DriveTo -> Verify.Homing | Homing
[12 INFO main 1099129] Confirming: 1/9
[12 INFO main 1101190] Confirming: 2/9
[12 INFO main 1103317] Confirming: 3/9
[12 INFO main 1105402] Confirming: 4/9
[12 INFO main 1107413] Confirming: 5/9
[12 INFO main 1109426] Confirming: 6/9
[12 INFO main 1111513] Confirming: 7/9
[12 INFO main 1113646] Confirming: 8/9
[12 INFO main 1115688] Confirming: 9/9
[12 INFO main 1117512] Verify.Homing -> Scout.Query | Arrived home
[12 INFO main 1117697] Scout.Query -> Verify.DriveTo | Go to unverified source
[12 INFO main 1141544] Verify.DriveTo -> Verify.Homing | Homing
[12 INFO main 1154423] Verify.Homing -> Scout.Query | Arrived home
[12 INFO main 1172868] Confirming: 1/9
[12 INFO main 1174866] Confirming: 2/9
[12 INFO main 1176948] Confirming: 3/9
[12 INFO main 1181125] Confirming: 5/9
[12 INFO main 1185176] Confirming: 7/9
[12 INFO main 1187326] Confirming: 8/9
[12 INFO main 1189365] Confirming: 9/9
[12 INFO main 1189402] Scout.Query -> Verify.DriveTo | Go to unverified source
[12 INFO main 1250027] Verify.DriveTo -> Verify.Homing | Homing
[12 INFO main 1263051] Confirming: 1/9
[12 INFO main 1265249] Confirming: 2/9
[12 INFO main 1267374] Confirming: 3/9
[12 INFO main 1268733] Verify.Homing -> Scout.Query | Arrived home
[12 INFO main 1269528] Confirming: 4/9
[12 INFO main 1271539] Confirming: 5/9
[12 INFO main 1273917] Confirming: 6/9
[12 INFO main 1275946] Confirming: 7/9
[12 INFO main 1277971] Confirming: 8/9
[12 INFO main 1280073] Confirming: 9/9
[12 INFO main 1280845] Scout.Query -> Verify.DriveTo | Go to unverified source
[12 INFO main 1329753] Verify.DriveTo -> Verify.Homing | Homing
[12 INFO main 1349913] Verify.Homing -> Scout.Query | Arrived home
[12 INFO main 1352832] Confirming: 1/9
[12 INFO main 1356930] Confirming: 2/9
[12 INFO main 1358970] Confirming: 4/9
[12 INFO main 1363137] Confirming: 5/9
[12 INFO main 1365171] Confirming: 7/9
[12 INFO main 1367226] Confirming: 8/9
[12 INFO main 1369292] Confirming: 9/9
[12 INFO main 1369336] Scout.Query -> Verify.DriveTo | Go to unverified source
[12 INFO main 1400768] Verify.DriveTo -> Verify.Homing | Homing
[12 INFO main 1413166] Confirming: 1/9
[12 INFO main 1415212] Confirming: 2/9
[12 INFO main 1417299] Confirming: 3/9
[12 INFO main 1419295] Confirming: 4/9
[12 INFO main 1421359] Confirming: 5/9
[12 INFO main 1422788] Verify.Homing -> Scout.Query | Arrived home
[12 INFO main 1423405] Confirming: 6/9
[12 INFO main 1425434] Confirming: 7/9
[12 INFO main 1427634] Confirming: 8/9
[12 INFO main 1429725] Confirming: 9/9
[12 INFO main 1430445] Scout.Query -> Verify.DriveTo | Go to unverified source
[12 INFO main 1590954] Verify.DriveTo -> Verify.Homing | Homing
[12 INFO main 1616952] Verify.Homing -> Scout.Query | Arrived home
[12 INFO main 1624103] Confirming: 1/9
[12 INFO main 1626149] Confirming: 2/9
[12 INFO main 1628266] Confirming: 3/9
[12 INFO main 1630273] Confirming: 4/9
[12 INFO main 1632273] Confirming: 5/9
[12 INFO main 1634312] Confirming: 6/9
[12 INFO main 1636471] Confirming: 7/9
[12 INFO main 1638605] Confirming: 8/9
[12 INFO main 1640671] Confirming: 9/9
[12 INFO main 1641050] Scout.Query -> Verify.DriveTo | Go to unverified source
[12 INFO main 1688409] Verify.DriveTo -> Verify.Homing | Homing
[12 INFO main 1711814] Verify.Homing -> Scout.Query | Arrived home
[12 INFO main 1713568] Confirming: 1/9
[12 INFO main 1715657] Confirming: 2/9
[12 INFO main 1717776] Confirming: 3/9
[12 INFO main 1719859] Confirming: 4/9
[12 INFO main 1721923] Confirming: 5/9
[12 INFO main 1723995] Confirming: 6/9
[12 INFO main 1726055] Confirming: 7/9
[12 INFO main 1728116] Confirming: 8/9
[12 INFO main 1730245] Confirming: 9/9
[12 INFO main 1730717] Scout.Query -> Verify.DriveTo | Go to unverified source
[12 INFO main 1758306] Verify.DriveTo -> Verify.Homing | Homing
[12 INFO main 1774896] Confirming: 2/9
[12 INFO main 1779135] Confirming: 4/9
[12 INFO main 1781233] Confirming: 5/9
[12 INFO main 1783292] Confirming: 6/9
[12 INFO main 1784908] Verify.Homing -> Scout.Query | Arrived home
[12 INFO main 1787326] Confirming: 8/9
[12 INFO main 1789443] Confirming: 9/9
[12 INFO main 1789495] Scout.Query -> Verify.DriveTo | Go to unverified source
[12 INFO main 1833084] Verify.DriveTo -> Verify.Homing | Homing
[12 INFO main 1852067] Verify.Homing -> Scout.Query | Arrived home
[12 INFO main 1864252] Confirming: 1/9
[12 INFO main 1866383] Confirming: 2/9
[12 INFO main 1868490] Confirming: 3/9
[12 INFO main 1870560] Confirming: 4/9
[12 INFO main 1872579] Confirming: 5/9
[12 INFO main 1874628] Confirming: 6/9
[12 INFO main 1876668] Confirming: 7/9
[12 INFO main 1878693] Confirming: 9/9
[12 INFO main 1879360] Scout.Query -> Verify.DriveTo | Go to unverified source
[12 INFO main 1917488] Verify.DriveTo -> Verify.Homing | Homing
[12 INFO main 1933955] Verify.Homing -> Scout.Query | Arrived home
[12 INFO main 1936424] Confirming: 1/9
[12 INFO main 1938672] Confirming: 2/9
[12 INFO main 1940736] Confirming: 3/9
[12 INFO main 1942782] Confirming: 5/9
[12 INFO main 1944871] Confirming: 6/9
[12 INFO main 1946893] Confirming: 7/9
[12 INFO main 1948993] Confirming: 8/9
[12 INFO main 1950941] Confirming: 9/9
[12 INFO main 1951688] Scout.Query -> Verify.DriveTo | Go to unverified source
[12 INFO main 2043672] Verify.DriveTo -> Verify.Homing | Homing
[12 INFO main 2072885] Confirming: 1/9
[12 INFO main 2074888] Confirming: 2/9
[12 INFO main 2076948] Confirming: 3/9
[12 INFO main 2079102] Confirming: 4/9
[12 INFO main 2081110] Confirming: 5/9
[12 INFO main 2085224] Confirming: 7/9
[12 INFO main 2086600] Verify.Homing -> Scout.Query | Arrived home
[12 INFO main 2087268] Confirming: 8/9
[12 INFO main 2091448] Confirming: 10/9
[12 INFO main 2091825] Scout.Query -> Verify.DriveTo | Go to unverified source
[12 INFO main 2113903] Verify.DriveTo -> Verify.Homing | Homing
[12 INFO main 2124531] Verify.Homing -> Scout.Query | Arrived home
[12 INFO main 2134573] Confirming: 1/9
[12 INFO main 2136663] Confirming: 2/9
[12 INFO main 2138782] Confirming: 4/9
[12 INFO main 2145015] Confirming: 6/9
[12 INFO main 2147112] Confirming: 8/9
[12 INFO main 2149167] Confirming: 9/9
[12 INFO main 2149704] Scout.Query -> Verify.DriveTo | Go to unverified source
[12 INFO main 2160664] Verify.DriveTo -> Verify.Homing | Homing
[12 INFO main 2174567] Verify.Homing -> Scout.Query | Arrived home
[12 INFO main 2194735] Confirming: 1/9
[12 INFO main 2196728] Confirming: 3/9
[12 INFO main 2201216] Confirming: 5/9
[12 INFO main 2203267] Confirming: 6/9
[12 INFO main 2205264] Confirming: 7/9
[12 INFO main 2207329] Confirming: 8/9
[12 INFO main 2209336] Confirming: 9/9
[12 INFO main 2209380] Scout.Query -> Verify.DriveTo | Go to unverified source
[12 INFO main 2277395] Verify.DriveTo -> Verify.Homing | Homing
[12 INFO main 2283604] Confirming: 1/9
[12 INFO main 2285596] Confirming: 2/9
[12 INFO main 2287713] Confirming: 3/9
[12 INFO main 2289813] Confirming: 4/9
[12 INFO main 2291989] Confirming: 5/9
[12 INFO main 2294052] Confirming: 6/9
[12 INFO main 2296238] Confirming: 7/9
[12 INFO main 2298259] Confirming: 8/9
[12 INFO main 2300288] Confirming: 9/9
[12 INFO main 2300413] Verify.Homing -> Scout.Query | Arrived home
[12 INFO main 2300655] Scout.Query -> Verify.DriveTo | Go to unverified source
[12 INFO main 2427956] Verify.DriveTo -> Verify.Homing | Homing
[12 INFO main 2434214] Confirming: 1/9
[12 INFO main 2436257] Confirming: 2/9
[12 INFO main 2438455] Confirming: 3/9
[12 INFO main 2440513] Confirming: 4/9
[12 INFO main 2442518] Confirming: 5/9
[12 INFO main 2444572] Confirming: 6/9
[12 INFO main 2446598] Confirming: 7/9
[12 INFO main 2448671] Confirming: 9/9
[12 INFO main 2464284] Verify.Homing -> Scout.Query | Arrived home
[12 INFO main 2464407] Scout.Query -> Verify.DriveTo | Go to unverified source
[12 INFO main 2538382] Verify.DriveTo -> Verify.Homing | Homing
[12 INFO main 2553315] Confirming: 1/9
[12 INFO main 2555404] Confirming: 2/9
[12 INFO main 2557496] Confirming: 3/9
[12 INFO main 2560226] Confirming: 4/9
[12 INFO main 2562286] Confirming: 5/9
[12 INFO main 2564384] Confirming: 6/9
[12 INFO main 2566691] Confirming: 7/9
[12 INFO main 2568788] Confirming: 9/9
[12 INFO main 2583712] Verify.Homing -> Scout.Query | Arrived home
[12 INFO main 2583873] Scout.Query -> Verify.DriveTo | Go to unverified source
[12 INFO main 2620630] Verify.DriveTo -> Verify.Homing | Homing
[12 INFO main 2643388] Verify.Homing -> Scout.Query | Arrived home
[12 INFO main 2644496] Confirming: 1/9
[12 INFO main 2646511] Confirming: 2/9
[12 INFO main 2648524] Confirming: 3/9
[12 INFO main 2650793] Confirming: 4/9
[12 INFO main 2652815] Confirming: 6/9
[12 INFO main 2654892] Confirming: 7/9
[12 INFO main 2656959] Confirming: 8/9
[12 INFO main 2659030] Confirming: 9/9
[12 INFO main 2659097] Scout.Query -> Verify.DriveTo | Go to unverified source
[12 INFO main 2900502] Verify.DriveTo -> Verify.Homing | Homing
[12 INFO main 2912957] Confirming: 1/9
[12 INFO main 2915008] Confirming: 2/9
[12 INFO main 2917025] Confirming: 3/9
[12 INFO main 2919267] Confirming: 4/9
[12 INFO main 2921396] Confirming: 5/9
[12 INFO main 2923333] Confirming: 6/9
[12 INFO main 2925442] Confirming: 7/9
[12 INFO main 2927489] Confirming: 8/9
[12 INFO main 2929548] Confirming: 9/9
[12 INFO main 2932572] Verify.Homing -> Scout.Query | Arrived home
[12 INFO main 2932723] Scout.Query -> Verify.DriveTo | Go to unverified source
[12 INFO main 3012076] Verify.DriveTo -> Verify.Homing | Homing
[12 INFO main 3032951] Confirming: 1/9
[12 INFO main 3035004] Confirming: 2/9
[12 INFO main 3037100] Confirming: 3/9
[12 INFO main 3037381] Verify.Homing -> Scout.Query | Arrived home
[12 INFO main 3039246] Confirming: 4/9
[12 INFO main 3041336] Confirming: 5/9
[12 INFO main 3043497] Confirming: 6/9
[12 INFO main 3045529] Confirming: 7/9
[12 INFO main 3047538] Confirming: 8/9
[12 INFO main 3049473] Confirming: 9/9
[12 INFO main 3049654] Scout.Query -> Verify.DriveTo | Go to unverified source
[12 INFO main 3058387] Verify.DriveTo -> Verify.Homing | Homing
[12 INFO main 3064727] Confirming: 1/9
[12 INFO main 3066796] Confirming: 2/9
[12 INFO main 3068804] Confirming: 3/9
[12 INFO main 3070854] Confirming: 5/9
[12 INFO main 3072936] Confirming: 6/9
[12 INFO main 3074997] Confirming: 7/9
[12 INFO main 3076676] Verify.Homing -> Scout.Query | Arrived home
[12 INFO main 3076947] Confirming: 8/9
[12 INFO main 3079134] Confirming: 9/9
[12 INFO main 3079269] Scout.Query -> Verify.DriveTo | Go to unverified source
[12 INFO main 3142088] Verify.DriveTo -> Verify.Homing | Homing
[12 INFO main 3154404] Confirming: 1/9
[12 INFO main 3156563] Confirming: 2/9
[12 INFO main 3158584] Confirming: 3/9
[12 INFO main 3160620] Confirming: 4/9
[12 INFO main 3162684] Confirming: 6/9
[12 INFO main 3164953] Confirming: 7/9
[12 INFO main 3167060] Confirming: 8/9
[12 INFO main 3169081] Confirming: 9/9
[12 INFO main 3174239] Verify.Homing -> Scout.Query | Arrived home
[12 INFO main 3174388] Scout.Query -> Verify.DriveTo | Go to unverified source
[12 INFO main 3317591] Verify.DriveTo -> Verify.Homing | Homing
[12 INFO main 3334144] Confirming: 1/9
[12 INFO main 3336229] Confirming: 2/9
[12 INFO main 3338326] Confirming: 3/9
[12 INFO main 3339909] Verify.Homing -> Scout.Query | Arrived home
[12 INFO main 3340358] Confirming: 4/9
[12 INFO main 3342363] Confirming: 5/9
[12 INFO main 3344440] Confirming: 6/9
[12 INFO main 3346680] Confirming: 8/9
[12 INFO main 3348683] Confirming: 9/9
[12 INFO main 3349039] Scout.Query -> Verify.DriveTo | Go to unverified source
[12 INFO main 3366432] Verify.DriveTo -> Verify.Homing | Homing
[12 INFO main 3378654] Verify.Homing -> Scout.Query | Arrived home
[12 INFO main 3394140] Confirming: 1/9
[12 INFO main 3396161] Confirming: 2/9
[12 INFO main 3398345] Confirming: 3/9
[12 INFO main 3400491] Confirming: 4/9
[12 INFO main 3402526] Confirming: 5/9
[12 INFO main 3404636] Confirming: 6/9
[12 INFO main 3406651] Confirming: 7/9
[12 INFO main 3408806] Confirming: 9/9
[12 INFO main 3408870] Scout.Query -> Verify.DriveTo | Go to unverified source
[12 INFO main 3451662] Verify.DriveTo -> Verify.Homing | Homing
[12 INFO main 3458687] Verify.Homing -> Scout.Query | Arrived home
[12 INFO main 3485023] Confirming: 1/9
[12 INFO main 3487168] Confirming: 2/9
[12 INFO main 3489329] Confirming: 3/9
[12 INFO main 3491404] Confirming: 4/9
[12 INFO main 3493445] Confirming: 5/9
[12 INFO main 3495581] Confirming: 6/9
[12 INFO main 3497757] Confirming: 8/9
[12 INFO main 3499809] Confirming: 9/9
[12 INFO main 3500469] Scout.Query -> Verify.DriveTo | Go to unverified source
[12 INFO main 3570059] Verify.DriveTo -> Verify.Homing | Homing
[12 INFO main 3574210] Confirming: 1/9
[12 INFO main 3576381] Confirming: 2/9
[12 INFO main 3578475] Confirming: 3/9
[12 INFO main 3580734] Confirming: 4/9
[12 INFO main 3582756] Confirming: 5/9
[12 INFO main 3584895] Confirming: 6/9
[12 INFO main 3587448] Confirming: 7/9
[12 INFO main 3589510] Confirming: 8/9
[12 INFO main 3591604] Confirming: 9/9
[12 INFO main 3595200] Verify.Homing -> Scout.Query | Arrived home
[12 INFO main 3595373] Scout.Query -> Verify.DriveTo | Go to unverified source
[12 INFO main 3651338] Verify.DriveTo -> Verify.Homing | Homing
[12 INFO main 3666156] Confirming: 2/9
[12 INFO main 3670336] Confirming: 4/9
[12 INFO main 3672283] Confirming: 5/9
[12 INFO main 3674644] Confirming: 6/9
[12 INFO main 3676669] Confirming: 7/9
[12 INFO main 3678705] Confirming: 8/9
[12 INFO main 3680706] Confirming: 9/9
[12 INFO main 3685106] Verify.Homing -> Scout.Query | Arrived home
[12 INFO main 3685561] Scout.Query -> Verify.DriveTo | Go to unverified source
[12 INFO main 3934421] Verify.DriveTo -> Verify.Homing | Homing
[12 INFO main 3964159] Verify.Homing -> Scout.Query | Arrived home
[12 INFO main 3965624] Confirming: 1/9
[12 INFO main 3967619] Confirming: 2/9
[12 INFO main 3969713] Confirming: 4/9
[12 INFO main 3971763] Confirming: 5/9
[12 INFO main 3973825] Confirming: 6/9
[12 INFO main 3976088] Confirming: 7/9
[12 INFO main 3978155] Confirming: 8/9
[12 INFO main 3980255] Confirming: 9/9
[12 INFO main 3980915] Scout.Query -> Verify.DriveTo | Go to unverified source
[12 INFO main 4061724] Verify.DriveTo -> Verify.Homing | Homing
[12 INFO main 4085158] Confirming: 1/9
[12 INFO main 4087161] Confirming: 2/9
[12 INFO main 4087395] Verify.Homing -> Scout.Query | Arrived home
[12 INFO main 4089207] Confirming: 3/9
[12 INFO main 4091290] Confirming: 4/9
[12 INFO main 4093294] Confirming: 5/9
[12 INFO main 4095456] Confirming: 6/9
[12 INFO main 4097755] Confirming: 8/9
[12 INFO main 4099734] Confirming: 9/9
[12 INFO main 4100665] Scout.Query -> Verify.DriveTo | Go to unverified source
[12 INFO main 4126090] Verify.DriveTo -> Verify.Homing | Homing
[12 INFO main 4145904] Confirming: 2/9
[12 INFO main 4146755] Verify.Homing -> Scout.Query | Arrived home
[12 INFO main 4148470] Confirming: 3/9
[12 INFO main 4150555] Confirming: 4/9
[12 INFO main 4152673] Confirming: 5/9
[12 INFO main 4154695] Confirming: 6/9
[12 INFO main 4157016] Confirming: 7/9
[12 INFO main 4159058] Confirming: 8/9
[12 INFO main 4161148] Confirming: 9/9
[12 INFO main 4161208] Scout.Query -> Verify.DriveTo | Go to unverified source
[12 INFO main 4262542] Verify.DriveTo -> Verify.Homing | Homing
[12 INFO main 4293947] Confirming: 1/9
[12 INFO main 4296005] Confirming: 2/9
[12 INFO main 4298030] Confirming: 3/9
[12 INFO main 4300072] Confirming: 4/9
[12 INFO main 4300612] Verify.Homing -> Scout.Query | Arrived home
[12 INFO main 4302120] Confirming: 5/9
[12 INFO main 4304404] Confirming: 6/9
[12 INFO main 4306447] Confirming: 7/9
[12 INFO main 4308585] Confirming: 8/9
[12 INFO main 4311152] Confirming: 9/9
[12 INFO main 4311282] Scout.Query -> Verify.DriveTo | Go to unverified source
[12 INFO main 4511647] Verify.DriveTo -> Verify.Homing | Homing
[12 INFO main 4535733] Confirming: 2/9
[12 INFO main 4537859] Confirming: 3/9
[12 INFO main 4539876] Confirming: 4/9
[12 INFO main 4541901] Confirming: 5/9
[12 INFO main 4543923] Confirming: 6/9
[12 INFO main 4548300] Confirming: 7/9
[12 INFO main 4550333] Confirming: 9/9
[12 INFO main 4582251] Verify.Homing -> Scout.Query | Arrived home
[12 INFO main 4582760] Scout.Query -> Verify.DriveTo | Go to unverified source
[12 INFO main 4742747] Verify.DriveTo -> Verify.Homing | Homing
[12 INFO main 4774205] Confirming: 1/9
[12 INFO main 4778292] Confirming: 3/9
[12 INFO main 4780364] Confirming: 4/9
[12 INFO main 4780612] Verify.Homing -> Scout.Query | Arrived home
[12 INFO main 4782509] Confirming: 5/9
[12 INFO main 4784517] Confirming: 6/9
[12 INFO main 4786637] Confirming: 7/9
[12 INFO main 4788746] Confirming: 8/9
[12 INFO main 4790839] Confirming: 9/9
[12 INFO main 4790985] Scout.Query -> Verify.DriveTo | Go to unverified source
[12 INFO main 4922943] Verify.DriveTo -> Verify.Homing | Homing
[12 INFO main 4943871] Confirming: 1/9
[12 INFO main 4945954] Confirming: 2/9
[12 INFO main 4948065] Confirming: 3/9
[12 INFO main 4950140] Confirming: 4/9
[12 INFO main 4952369] Confirming: 5/9
[12 INFO main 4954393] Confirming: 6/9
[12 INFO main 4956265] Verify.Homing -> Scout.Query | Arrived home
[12 INFO main 4956448] Confirming: 7/9
[12 INFO main 4958477] Confirming: 8/9
[12 INFO main 4960600] Confirming: 9/9
[12 INFO main 4961264] Scout.Query -> Verify.DriveTo | Go to unverified source
[12 INFO main 4999885] Verify.DriveTo -> Verify.Homing | Homing
[12 INFO main 5014992] Confirming: 1/9
[12 INFO main 5017125] Confirming: 2/9
[12 INFO main 5019847] Confirming: 4/9
[12 INFO main 5021613] Verify.Homing -> Scout.Query | Arrived home
[12 INFO main 5021940] Confirming: 5/9
[12 INFO main 5023984] Confirming: 6/9
[12 INFO main 5026201] Confirming: 7/9
[12 INFO main 5028288] Confirming: 8/9
[12 INFO main 5030621] Confirming: 9/9
[12 INFO main 5031157] Scout.Query -> Verify.DriveTo | Go to unverified source
[12 INFO main 5159182] Verify.DriveTo -> Verify.Homing | Homing
[12 INFO main 5165415] Confirming: 1/9
[12 INFO main 5167539] Confirming: 2/9
[12 INFO main 5169542] Confirming: 3/9
[12 INFO main 5171617] Confirming: 4/9
[12 INFO main 5173867] Confirming: 6/9
[12 INFO main 5175975] Confirming: 7/9
[12 INFO main 5177996] Confirming: 8/9
[12 INFO main 5182145] Confirming: 10/9
[12 INFO main 5195149] Verify.Homing -> Scout.Query | Arrived home
[12 INFO main 5195391] Scout.Query -> Verify.DriveTo | Go to unverified source
[12 INFO main 5265086] Verify.DriveTo -> Verify.Homing | Homing
[12 INFO main 5281088] Verify.Homing -> Scout.Query | Arrived home
[12 INFO main 5284776] Confirming: 1/9
[12 INFO main 5286939] Confirming: 2/9
[12 INFO main 5289401] Confirming: 3/9
[12 INFO main 5291408] Confirming: 4/9
[12 INFO main 5293602] Confirming: 5/9
[12 INFO main 5295701] Confirming: 6/9
[12 INFO main 5297920] Confirming: 8/9
[12 INFO main 5300005] Confirming: 9/9
[12 INFO main 5300149] Scout.Query -> Verify.DriveTo | Go to unverified source
