[9 INFO main 28] Initialising Python Geth Console...
[9 INFO main 32] Initialising RandB board...
[9 INFO main 32] Initialising navigation...
[9 INFO main 32] Initialising random-walk...
[9 INFO main 32] Initialising odometry...
[9 INFO main 32] Initialising ground-sensors...
[9 INFO main 387] --//-- Starting Experiment --//--
[9 INFO main 1491] Idle.IDLE -> Scout.Query | Duration: 22.35
[9 INFO main 10567] Scout.Query -> Scout.GotoCenter | Drive to others reported pos
[9 INFO main 68075] Scout.GotoCenter -> Scout.Query | return to random walk
[9 INFO main 90938] Confirming: 1/8
[9 INFO main 92954] Confirming: 3/8
[9 INFO main 94999] Confirming: 4/8
[9 INFO main 99129] Confirming: 6/8
[9 INFO main 101149] Confirming: 7/8
[9 INFO main 103210] Confirming: 8/8
[9 INFO main 229987] Scout.Query -> Scout.GotoCenter | Drive to others reported pos
[9 INFO main 319471] Scout.GotoCenter -> Scout.Query | return to random walk
[9 INFO main 329954] Confirming: 1/8
[9 INFO main 333997] Confirming: 3/8
[9 INFO main 336077] Confirming: 4/8
[9 INFO main 338157] Confirming: 5/8
[9 INFO main 340194] Confirming: 6/8
[9 INFO main 342234] Confirming: 7/8
[9 INFO main 344402] Confirming: 8/8
[9 INFO main 861513] Scout.Query -> Scout.GotoCenter | Drive to others reported pos
[9 INFO main 893454] Scout.GotoCenter -> Scout.Query | return to random walk
[9 INFO main 918127] Confirming: 1/8
[9 INFO main 920217] Confirming: 2/8
[9 INFO main 922365] Confirming: 3/8
[9 INFO main 924450] Confirming: 4/8
[9 INFO main 928502] Confirming: 6/8
[9 INFO main 930626] Confirming: 7/8
[9 INFO main 932686] Confirming: 8/8
[9 INFO main 1287769] Confirming: 1/8
[9 INFO main 1289711] Confirming: 2/8
[9 INFO main 1291821] Confirming: 3/8
[9 INFO main 1293857] Confirming: 4/8
[9 INFO main 1295854] Confirming: 5/8
[9 INFO main 1297992] Confirming: 6/8
[9 INFO main 1300094] Confirming: 7/8
[9 INFO main 1302122] Confirming: 8/8
[9 INFO main 1302584] Scout.Query -> Scout.GotoCenter | Drive to others reported pos
[9 INFO main 1335384] Scout.GotoCenter -> Scout.Query | return to random walk
[9 INFO main 1347750] Confirming: 1/8
[9 INFO main 1351874] Confirming: 3/8
[9 INFO main 1353938] Confirming: 4/8
[9 INFO main 1356038] Confirming: 5/8
[9 INFO main 1358046] Confirming: 6/8
[9 INFO main 1360048] Confirming: 7/8
[9 INFO main 1364122] Confirming: 9/8
[9 INFO main 1365757] Scout.Query -> Scout.GotoCenter | Drive to others reported pos
[9 INFO main 1399923] Scout.GotoCenter -> Scout.Query | return to random walk
[9 INFO main 1410385] Confirming: 1/8
[9 INFO main 1412421] Confirming: 2/8
[9 INFO main 1414446] Confirming: 3/8
[9 INFO main 1416574] Confirming: 5/8
[9 INFO main 1459938] Confirming: 20/8
[9 INFO main 1461341] Scout.Query -> Scout.GotoCenter | Drive to others reported pos
[9 INFO main 1561822] Scout.GotoCenter -> Scout.Query | return to random walk
[9 INFO main 1590983] Confirming: 2/8
[9 INFO main 1593109] Confirming: 3/8
[9 INFO main 1595186] Confirming: 4/8
[9 INFO main 1599298] Confirming: 6/8
[9 INFO main 1601442] Confirming: 7/8
[9 INFO main 1603537] Confirming: 8/8
[9 INFO main 1853293] Confirming: 1/8
[9 INFO main 1855334] Confirming: 2/8
[9 INFO main 1857420] Confirming: 3/8
[9 INFO main 1859497] Confirming: 4/8
[9 INFO main 1861590] Confirming: 5/8
[9 INFO main 1863689] Confirming: 6/8
[9 INFO main 1865694] Confirming: 7/8
[9 INFO main 1867798] Confirming: 8/8
[9 INFO main 1871773] Scout.Query -> Scout.GotoCenter | Drive to others reported pos
[9 INFO main 1896987] Scout.GotoCenter -> Scout.Query | return to random walk
[9 INFO main 1915606] Confirming: 1/8
[9 INFO main 1917674] Confirming: 2/8
[9 INFO main 1919722] Confirming: 3/8
[9 INFO main 1921800] Confirming: 4/8
[9 INFO main 1923840] Confirming: 5/8
[9 INFO main 1925893] Confirming: 6/8
[9 INFO main 1928019] Confirming: 7/8
[9 INFO main 1930089] Confirming: 8/8
[9 INFO main 2233742] Confirming: 1/8
[9 INFO main 2235810] Confirming: 2/8
[9 INFO main 2237934] Confirming: 3/8
[9 INFO main 2239934] Confirming: 4/8
[9 INFO main 2241953] Confirming: 5/8
[9 INFO main 2243982] Confirming: 6/8
[9 INFO main 2246018] Confirming: 7/8
[9 INFO main 2248078] Confirming: 8/8
[9 INFO main 2251120] Scout.Query -> Scout.GotoCenter | Drive to others reported pos
[9 INFO main 2289905] Scout.GotoCenter -> Scout.Query | return to random walk
[9 INFO main 2310586] Confirming: 1/8
[9 INFO main 2312498] Confirming: 2/8
[9 INFO main 2314685] Confirming: 3/8
[9 INFO main 2316766] Confirming: 4/8
[9 INFO main 2318794] Confirming: 5/8
[9 INFO main 2320877] Confirming: 6/8
[9 INFO main 2322964] Confirming: 7/8
[9 INFO main 2329034] Confirming: 8/8
[9 INFO main 2512975] Scout.Query -> Scout.GotoCenter | Drive to others reported pos
[9 INFO main 2556004] Scout.GotoCenter -> Scout.Query | return to random walk
[9 INFO main 2582658] Confirming: 1/8
[9 INFO main 2584705] Confirming: 2/8
[9 INFO main 2588718] Confirming: 4/8
[9 INFO main 2590697] Confirming: 5/8
[9 INFO main 2592926] Confirming: 6/8
[9 INFO main 2595094] Confirming: 7/8
[9 INFO main 2597149] Confirming: 8/8
[9 INFO main 2601707] Scout.Query -> Scout.GotoCenter | Drive to others reported pos
[9 INFO main 2685242] Scout.GotoCenter -> Scout.Query | return to random walk
[9 INFO main 2701833] Confirming: 1/8
[9 INFO main 2703901] Confirming: 2/8
[9 INFO main 2708061] Confirming: 4/8
[9 INFO main 2710074] Confirming: 5/8
[9 INFO main 2712301] Confirming: 6/8
[9 INFO main 2714394] Confirming: 7/8
[9 INFO main 2716556] Confirming: 8/8
[9 INFO main 2872578] Scout.Query -> Scout.GotoCenter | Drive to others reported pos
[9 INFO main 2896474] Scout.GotoCenter -> Scout.Query | return to random walk
[9 INFO main 2904889] Confirming: 1/8
[9 INFO main 2906973] Confirming: 2/8
[9 INFO main 2908989] Confirming: 3/8
[9 INFO main 2911034] Confirming: 4/8
[9 INFO main 2913057] Confirming: 5/8
[9 INFO main 2915212] Confirming: 6/8
[9 INFO main 2917222] Confirming: 7/8
[9 INFO main 2919302] Confirming: 8/8
[9 INFO main 3181917] Confirming: 1/8
[9 INFO main 3196330] Confirming: 2/8
[9 INFO main 3198341] Confirming: 3/8
[9 INFO main 3200279] Confirming: 4/8
[9 INFO main 3202378] Confirming: 5/8
[9 INFO main 3204385] Confirming: 6/8
[9 INFO main 3206416] Confirming: 7/8
[9 INFO main 3208474] Confirming: 8/8
[9 INFO main 3209877] Scout.Query -> Scout.GotoCenter | Drive to others reported pos
[9 INFO main 3290463] Scout.GotoCenter -> Scout.Query | return to random walk
[9 INFO main 3315318] Confirming: 1/8
[9 INFO main 3317373] Confirming: 2/8
[9 INFO main 3319373] Confirming: 3/8
[9 INFO main 3321382] Confirming: 4/8
[9 INFO main 3323384] Confirming: 5/8
[9 INFO main 3325489] Confirming: 6/8
[9 INFO main 3327586] Confirming: 7/8
[9 INFO main 3329624] Confirming: 8/8
[9 INFO main 3331603] Scout.Query -> Scout.GotoCenter | Drive to others reported pos
[9 INFO main 3368161] Scout.GotoCenter -> Scout.Query | return to random walk
[9 INFO main 3374629] Confirming: 1/8
[9 INFO main 3376760] Confirming: 2/8
[9 INFO main 3378898] Confirming: 3/8
[9 INFO main 3380981] Confirming: 4/8
[9 INFO main 3383057] Confirming: 5/8
[9 INFO main 3385153] Confirming: 6/8
[9 INFO main 3387222] Confirming: 7/8
[9 INFO main 3389310] Confirming: 8/8
[9 INFO main 3394474] Scout.Query -> Scout.GotoCenter | Drive to others reported pos
[9 INFO main 3421540] Scout.GotoCenter -> Scout.Query | return to random walk
[9 INFO main 3433950] Confirming: 1/8
[9 INFO main 3435985] Confirming: 2/8
[9 INFO main 3438010] Confirming: 3/8
[9 INFO main 3439990] Confirming: 4/8
[9 INFO main 3442061] Confirming: 5/8
[9 INFO main 3444134] Confirming: 6/8
[9 INFO main 3446222] Confirming: 7/8
[9 INFO main 3448253] Confirming: 8/8
[9 INFO main 3982029] Scout.Query -> Scout.GotoCenter | Drive to others reported pos
[9 INFO main 3994931] Scout.GotoCenter -> Scout.Query | return to random walk
[9 INFO main 4027765] Confirming: 6/8
[9 INFO main 4031861] Confirming: 7/8
[9 INFO main 4033881] Confirming: 8/8
[9 INFO main 4429621] Scout.Query -> Scout.GotoCenter | Drive to others reported pos
[9 INFO main 4475840] Scout.GotoCenter -> Scout.Query | return to random walk
[9 INFO main 4511514] Confirming: 1/8
[9 INFO main 4513529] Confirming: 3/8
[9 INFO main 4515565] Confirming: 4/8
[9 INFO main 4519829] Confirming: 6/8
[9 INFO main 4521913] Confirming: 7/8
[9 INFO main 4523928] Confirming: 8/8
[9 INFO main 4527012] Scout.Query -> Scout.GotoCenter | Drive to others reported pos
[9 INFO main 4581613] Scout.GotoCenter -> Scout.Query | return to random walk
[9 INFO main 4600393] Confirming: 1/8
[9 INFO main 4602429] Confirming: 2/8
[9 INFO main 4604467] Confirming: 3/8
[9 INFO main 4606545] Confirming: 4/8
[9 INFO main 4608578] Confirming: 5/8
[9 INFO main 4610654] Confirming: 6/8
[9 INFO main 4612666] Confirming: 7/8
[9 INFO main 4614730] Confirming: 8/8
[9 INFO main 4617372] Scout.Query -> Scout.GotoCenter | Drive to others reported pos
[9 INFO main 4643719] Scout.GotoCenter -> Scout.Query | return to random walk
[9 INFO main 4658649] Confirming: 1/8
[9 INFO main 4669093] Confirming: 9/8
[9 INFO main 4670296] Scout.Query -> Scout.GotoCenter | Drive to others reported pos
[9 INFO main 4753480] Scout.GotoCenter -> Scout.Query | return to random walk
[9 INFO main 4779977] Confirming: 2/8
[9 INFO main 4784129] Confirming: 4/8
[9 INFO main 4786413] Confirming: 5/8
[9 INFO main 4788482] Confirming: 6/8
[9 INFO main 4790841] Confirming: 7/8
[9 INFO main 4792884] Confirming: 8/8
[9 INFO main 4794051] Scout.Query -> Scout.GotoCenter | Drive to others reported pos
[9 INFO main 4797238] Scout.GotoCenter -> Scout.Query | return to random walk
[9 INFO main 4823274] Confirming: 1/8
[9 INFO main 4825541] Confirming: 2/8
[9 INFO main 4827621] Confirming: 3/8
[9 INFO main 4829718] Confirming: 4/8
[9 INFO main 4831852] Confirming: 6/8
[9 INFO main 4834005] Confirming: 7/8
[9 INFO main 4838277] Confirming: 8/8
[9 INFO main 5132867] Scout.Query -> Scout.GotoCenter | Drive to others reported pos
[9 INFO main 5175380] Scout.GotoCenter -> Scout.Query | return to random walk
[9 INFO main 5206253] Confirming: 2/8
[9 INFO main 5208266] Confirming: 3/8
[9 INFO main 5210365] Confirming: 4/8
[9 INFO main 5212413] Confirming: 5/8
[9 INFO main 5214482] Confirming: 6/8
[9 INFO main 5216585] Confirming: 7/8
[9 INFO main 5218857] Confirming: 8/8
[9 INFO main 5307169] Scout.Query -> Scout.GotoCenter | Drive to others reported pos
[9 INFO main 5357180] Scout.GotoCenter -> Scout.Query | return to random walk
[9 INFO main 5381758] Confirming: 1/8
[9 INFO main 5383701] Confirming: 2/8
[9 INFO main 5385742] Confirming: 3/8
[9 INFO main 5387766] Confirming: 4/8
[9 INFO main 5389869] Confirming: 5/8
[9 INFO main 5391917] Confirming: 6/8
[9 INFO main 5393941] Confirming: 7/8
[9 INFO main 5395960] Confirming: 8/8
[9 INFO main 5397916] Scout.Query -> Scout.GotoCenter | Drive to others reported pos
[9 INFO main 5403084] Scout.GotoCenter -> Scout.Query | return to random walk
[9 INFO main 5415313] Confirming: 1/8
[9 INFO main 5417438] Confirming: 2/8
[9 INFO main 5419546] Confirming: 3/8
[9 INFO main 5421633] Confirming: 4/8
[9 INFO main 5423745] Confirming: 5/8
[9 INFO main 5425837] Confirming: 6/8
[9 INFO main 5427934] Confirming: 7/8
[9 INFO main 5430057] Confirming: 8/8
[9 INFO main 5434083] Scout.Query -> Scout.GotoCenter | Drive to others reported pos
[9 INFO main 5472825] Scout.GotoCenter -> Scout.Query | return to random walk
[9 INFO main 5507392] Confirming: 1/8
[9 INFO main 5509601] Confirming: 2/8
[9 INFO main 5511644] Confirming: 3/8
[9 INFO main 5513878] Confirming: 4/8
[9 INFO main 5516169] Confirming: 5/8
[9 INFO main 5518178] Confirming: 6/8
[9 INFO main 5520644] Confirming: 7/8
[9 INFO main 5522690] Confirming: 8/8
[9 INFO main 5525236] Scout.Query -> Scout.GotoCenter | Drive to others reported pos
[9 INFO main 5539000] Scout.GotoCenter -> Scout.Query | return to random walk
[9 INFO main 5567310] Confirming: 1/8
[9 INFO main 5569445] Confirming: 2/8
[9 INFO main 5571497] Confirming: 3/8
[9 INFO main 5573725] Confirming: 4/8
[9 INFO main 5575777] Confirming: 5/8
[9 INFO main 5578001] Confirming: 6/8
[9 INFO main 5580038] Confirming: 7/8
[9 INFO main 5582701] Confirming: 9/8
[9 INFO main 6257372] Scout.Query -> Scout.GotoCenter | Drive to others reported pos
[9 INFO main 6301623] Scout.GotoCenter -> Scout.Query | return to random walk
[9 INFO main 6310165] Confirming: 1/8
[9 INFO main 6312261] Confirming: 2/8
[9 INFO main 6314270] Confirming: 3/8
[9 INFO main 6316349] Confirming: 4/8
[9 INFO main 6318382] Confirming: 6/8
[9 INFO main 6320387] Confirming: 7/8
[9 INFO main 6324485] Confirming: 9/8
[9 INFO main 6701356] Scout.Query -> Scout.GotoCenter | Drive to others reported pos
[9 INFO main 6777452] Scout.GotoCenter -> Scout.Query | return to random walk
[9 INFO main 6805194] Confirming: 1/8
[9 INFO main 6807297] Confirming: 2/8
[9 INFO main 6809418] Confirming: 3/8
[9 INFO main 6811829] Confirming: 4/8
[9 INFO main 6820273] Confirming: 8/8
[9 INFO main 6908526] Confirming: 2/8
[9 INFO main 6912614] Confirming: 3/8
[9 INFO main 6914718] Confirming: 5/8
[9 INFO main 6916735] Confirming: 6/8
[9 INFO main 6918798] Confirming: 7/8
[9 INFO main 6920866] Confirming: 8/8
[9 INFO main 6925334] Scout.Query -> Scout.GotoCenter | Drive to others reported pos
[9 INFO main 6946787] Scout.GotoCenter -> Scout.Query | return to random walk
[9 INFO main 6985905] Confirming: 1/8
[9 INFO main 6987953] Confirming: 2/8
[9 INFO main 6989879] Confirming: 3/8
[9 INFO main 7006530] Confirming: 12/8
