[10 INFO main 51] Initialising Python Geth Console...
[10 INFO main 57] Initialising RandB board...
[10 INFO main 57] Initialising navigation...
[10 INFO main 57] Initialising random-walk...
[10 INFO main 57] Initialising odometry...
[10 INFO main 57] Initialising ground-sensors...
[10 INFO main 356] --//-- Starting Experiment --//--
[10 INFO main 1806] Idle.IDLE -> Scout.Query | Duration: 29.94
[10 INFO main 17619] Scout.Query -> Verify.DriveTo | Go to unverified source
[10 INFO main 22472] Verify.DriveTo -> Verify.Homing | Homing
[10 INFO main 47291] Confirming: 1/9
[10 INFO main 49323] Confirming: 2/9
[10 INFO main 51338] Confirming: 3/9
[10 INFO main 53364] Confirming: 4/9
[10 INFO main 53744] Verify.Homing -> Scout.Query | Arrived home
[10 INFO main 55473] Confirming: 5/9
[10 INFO main 57608] Confirming: 6/9
[10 INFO main 59622] Confirming: 7/9
[10 INFO main 61626] Confirming: 8/9
[10 INFO main 63714] Confirming: 9/9
[10 INFO main 64307] Scout.Query -> Verify.DriveTo | Go to unverified source
[10 INFO main 104994] Verify.DriveTo -> Verify.Homing | Homing
[10 INFO main 121503] Confirming: 1/9
[10 INFO main 123611] Confirming: 2/9
[10 INFO main 125703] Confirming: 3/9
[10 INFO main 126931] Verify.Homing -> Scout.Query | Arrived home
[10 INFO main 127733] Confirming: 4/9
[10 INFO main 129823] Confirming: 5/9
[10 INFO main 131862] Confirming: 6/9
[10 INFO main 133875] Confirming: 7/9
[10 INFO main 135959] Confirming: 8/9
[10 INFO main 137984] Confirming: 9/9
[10 INFO main 138844] Scout.Query -> Verify.DriveTo | Go to unverified source
[10 INFO main 271209] Verify.DriveTo -> Verify.Homing | Homing
[10 INFO main 288159] Confirming: 1/9
[10 INFO main 290172] Confirming: 2/9
[10 INFO main 292215] Confirming: 3/9
[10 INFO main 294441] Confirming: 4/9
[10 INFO main 296527] Confirming: 5/9
[10 INFO main 298628] Confirming: 6/9
[10 INFO main 300170] Verify.Homing -> Scout.Query | Arrived home
[10 INFO main 300633] Confirming: 7/9
[10 INFO main 302750] Confirming: 8/9
[10 INFO main 304850] Confirming: 9/9
[10 INFO main 305608] Scout.Query -> Verify.DriveTo | Go to unverified source
[10 INFO main 352656] Verify.DriveTo -> Verify.Homing | Homing
[10 INFO main 367176] Confirming: 2/9
[10 INFO main 371317] Confirming: 3/9
[10 INFO main 371447] Verify.Homing -> Scout.Query | Arrived home
[10 INFO main 373430] Confirming: 5/9
[10 INFO main 375459] Confirming: 6/9
[10 INFO main 379545] Confirming: 7/9
[10 INFO main 381640] Confirming: 9/9
[10 INFO main 381671] Scout.Query -> Verify.DriveTo | Go to unverified source
[10 INFO main 433964] Verify.DriveTo -> Verify.Homing | Homing
[10 INFO main 440306] Confirming: 1/9
[10 INFO main 442526] Confirming: 2/9
[10 INFO main 444444] Confirming: 3/9
[10 INFO main 446714] Confirming: 4/9
[10 INFO main 448895] Confirming: 5/9
[10 INFO main 450956] Confirming: 6/9
[10 INFO main 453176] Confirming: 8/9
[10 INFO main 455215] Confirming: 9/9
[10 INFO main 455341] Verify.Homing -> Scout.Query | Arrived home
[10 INFO main 455596] Scout.Query -> Verify.DriveTo | Go to unverified source
[10 INFO main 508792] Verify.DriveTo -> Verify.Homing | Homing
[10 INFO main 517354] Confirming: 1/9
[10 INFO main 519353] Confirming: 2/9
[10 INFO main 521469] Confirming: 3/9
[10 INFO main 523537] Confirming: 4/9
[10 INFO main 525618] Confirming: 5/9
[10 INFO main 526680] Verify.Homing -> Scout.Query | Arrived home
[10 INFO main 527669] Confirming: 6/9
[10 INFO main 529698] Confirming: 7/9
[10 INFO main 531709] Confirming: 8/9
[10 INFO main 533751] Confirming: 9/9
[10 INFO main 534292] Scout.Query -> Verify.DriveTo | Go to unverified source
[10 INFO main 563430] Verify.DriveTo -> Verify.Homing | Homing
[10 INFO main 576732] Confirming: 1/9
[10 INFO main 578772] Confirming: 2/9
[10 INFO main 580797] Confirming: 3/9
[10 INFO main 581842] Verify.Homing -> Scout.Query | Arrived home
[10 INFO main 582930] Confirming: 4/9
[10 INFO main 584931] Confirming: 5/9
[10 INFO main 587076] Confirming: 6/9
[10 INFO main 589127] Confirming: 7/9
[10 INFO main 591173] Confirming: 8/9
[10 INFO main 593235] Confirming: 9/9
[10 INFO main 600850] Scout.Query -> Verify.DriveTo | Go to unverified source
[10 INFO main 605302] Verify.DriveTo -> Verify.Homing | Homing
[10 INFO main 616073] Verify.Homing -> Scout.Query | Arrived home
[10 INFO main 636405] Confirming: 1/9
[10 INFO main 638471] Confirming: 2/9
[10 INFO main 640520] Confirming: 3/9
[10 INFO main 642613] Confirming: 4/9
[10 INFO main 644621] Confirming: 5/9
[10 INFO main 646644] Confirming: 6/9
[10 INFO main 648654] Confirming: 7/9
[10 INFO main 650669] Confirming: 8/9
[10 INFO main 654869] Confirming: 9/9
[10 INFO main 655294] Scout.Query -> Verify.DriveTo | Go to unverified source
[10 INFO main 665533] Verify.DriveTo -> Verify.Homing | Homing
[10 INFO main 683635] Verify.Homing -> Scout.Query | Arrived home
[10 INFO main 696656] Confirming: 1/9
[10 INFO main 698872] Confirming: 2/9
[10 INFO main 700938] Confirming: 3/9
[10 INFO main 703032] Confirming: 4/9
[10 INFO main 705109] Confirming: 5/9
[10 INFO main 707181] Confirming: 6/9
[10 INFO main 709266] Confirming: 7/9
[10 INFO main 711397] Confirming: 8/9
[10 INFO main 713485] Confirming: 9/9
[10 INFO main 714259] Scout.Query -> Verify.DriveTo | Go to unverified source
[10 INFO main 765700] Verify.DriveTo -> Verify.Homing | Homing
[10 INFO main 786846] Confirming: 1/9
[10 INFO main 788921] Confirming: 2/9
[10 INFO main 790970] Confirming: 3/9
[10 INFO main 790970] Verify.Homing -> Scout.Query | Arrived home
[10 INFO main 795176] Confirming: 5/9
[10 INFO main 797190] Confirming: 6/9
[10 INFO main 799286] Confirming: 7/9
[10 INFO main 801333] Confirming: 8/9
[10 INFO main 803418] Confirming: 9/9
[10 INFO main 804182] Scout.Query -> Verify.DriveTo | Go to unverified source
[10 INFO main 897951] Verify.DriveTo -> Verify.Homing | Homing
[10 INFO main 924654] Verify.Homing -> Scout.Query | Arrived home
[10 INFO main 937210] Confirming: 1/9
[10 INFO main 939310] Confirming: 2/9
[10 INFO main 941317] Confirming: 3/9
[10 INFO main 943354] Confirming: 4/9
[10 INFO main 945429] Confirming: 5/9
[10 INFO main 947444] Confirming: 6/9
[10 INFO main 949451] Confirming: 7/9
[10 INFO main 951595] Confirming: 8/9
[10 INFO main 953742] Confirming: 9/9
[10 INFO main 954001] Scout.Query -> Verify.DriveTo | Go to unverified source
[10 INFO main 1008444] Verify.DriveTo -> Verify.Homing | Homing
[10 INFO main 1027453] Confirming: 1/9
[10 INFO main 1029567] Confirming: 2/9
[10 INFO main 1031649] Confirming: 3/9
[10 INFO main 1033743] Confirming: 4/9
[10 INFO main 1034662] Verify.Homing -> Scout.Query | Arrived home
[10 INFO main 1035807] Confirming: 5/9
[10 INFO main 1037917] Confirming: 6/9
[10 INFO main 1039928] Confirming: 7/9
[10 INFO main 1042001] Confirming: 8/9
[10 INFO main 1044041] Confirming: 9/9
[10 INFO main 1044847] Scout.Query -> Verify.DriveTo | Go to unverified source
[10 INFO main 1085432] Verify.DriveTo -> Verify.Homing | Homing
[10 INFO main 1101906] Confirming: 1/9
[10 INFO main 1103978] Confirming: 2/9
[10 INFO main 1106003] Confirming: 3/9
[10 INFO main 1108041] Confirming: 4/9
[10 INFO main 1110129] Confirming: 5/9
[10 INFO main 1112153] Confirming: 6/9
[10 INFO main 1114159] Confirming: 7/9
[10 INFO main 1116194] Confirming: 8/9
[10 INFO main 1118203] Confirming: 9/9
[10 INFO main 1121712] Verify.Homing -> Scout.Query | Arrived home
[10 INFO main 1121778] Scout.Query -> Verify.DriveTo | Go to unverified source
[10 INFO main 1335131] Verify.DriveTo -> Verify.Homing | Homing
[10 INFO main 1358035] Confirming: 1/9
[10 INFO main 1360089] Confirming: 2/9
[10 INFO main 1362183] Confirming: 3/9
[10 INFO main 1364380] Verify.Homing -> Scout.Query | Arrived home
[10 INFO main 1366434] Confirming: 5/9
[10 INFO main 1368569] Confirming: 6/9
[10 INFO main 1370721] Confirming: 7/9
[10 INFO main 1372799] Confirming: 8/9
[10 INFO main 1374855] Confirming: 9/9
[10 INFO main 1375518] Scout.Query -> Verify.DriveTo | Go to unverified source
[10 INFO main 1421784] Verify.DriveTo -> Verify.Homing | Homing
[10 INFO main 1440994] Verify.Homing -> Scout.Query | Arrived home
[10 INFO main 1449032] Confirming: 1/9
[10 INFO main 1451170] Confirming: 3/9
[10 INFO main 1453253] Confirming: 4/9
[10 INFO main 1455260] Confirming: 5/9
[10 INFO main 1457264] Confirming: 6/9
[10 INFO main 1461369] Confirming: 8/9
[10 INFO main 1463462] Confirming: 9/9
[10 INFO main 1463739] Scout.Query -> Verify.DriveTo | Go to unverified source
[10 INFO main 1486281] Verify.DriveTo -> Verify.Homing | Homing
[10 INFO main 1491015] Verify.Homing -> Scout.Query | Arrived home
[10 INFO main 1508965] Confirming: 1/9
[10 INFO main 1511030] Confirming: 2/9
[10 INFO main 1513097] Confirming: 3/9
[10 INFO main 1515109] Confirming: 4/9
[10 INFO main 1517233] Confirming: 5/9
[10 INFO main 1519292] Confirming: 7/9
[10 INFO main 1521313] Confirming: 8/9
[10 INFO main 1523313] Confirming: 9/9
[10 INFO main 1523630] Scout.Query -> Verify.DriveTo | Go to unverified source
[10 INFO main 1543296] Verify.DriveTo -> Verify.Homing | Homing
[10 INFO main 1554506] Verify.Homing -> Scout.Query | Arrived home
[10 INFO main 1568460] Confirming: 1/9
[10 INFO main 1570707] Confirming: 2/9
[10 INFO main 1578910] Confirming: 6/9
[10 INFO main 1580891] Confirming: 7/9
[10 INFO main 1585094] Confirming: 8/9
[10 INFO main 1587212] Confirming: 10/9
[10 INFO main 1587252] Scout.Query -> Verify.DriveTo | Go to unverified source
[10 INFO main 1683254] Verify.DriveTo -> Verify.Homing | Homing
[10 INFO main 1702058] Confirming: 1/9
[10 INFO main 1704122] Confirming: 2/9
[10 INFO main 1706166] Confirming: 3/9
[10 INFO main 1707126] Verify.Homing -> Scout.Query | Arrived home
[10 INFO main 1708200] Confirming: 4/9
[10 INFO main 1710254] Confirming: 6/9
[10 INFO main 1714454] Confirming: 8/9
[10 INFO main 1716461] Confirming: 9/9
[10 INFO main 1716978] Scout.Query -> Verify.DriveTo | Go to unverified source
[10 INFO main 1777745] Verify.DriveTo -> Verify.Homing | Homing
[10 INFO main 1796876] Verify.Homing -> Scout.Query | Arrived home
[10 INFO main 1798387] Confirming: 2/9
[10 INFO main 1800419] Confirming: 3/9
