[5 INFO main 30] Initialising Python Geth Console...
[5 INFO main 34] Initialising RandB board...
[5 INFO main 34] Initialising navigation...
[5 INFO main 34] Initialising random-walk...
[5 INFO main 34] Initialising odometry...
[5 INFO main 34] Initialising ground-sensors...
[5 INFO main 737] --//-- Starting Experiment --//--
[5 INFO main 1845] Idle.IDLE -> Scout.Query | Duration: 18.53
[5 INFO main 44122] Confirming: 1/8
[5 INFO main 62441] Confirming: 3/8
[5 INFO main 66505] Confirming: 5/8
[5 INFO main 68565] Confirming: 6/8
[5 INFO main 70633] Confirming: 7/8
[5 INFO main 72682] Confirming: 8/8
[5 INFO main 76727] Scout.Query -> Scout.GotoCenter | Drive to others reported pos
[5 INFO main 84008] Scout.GotoCenter -> Scout.Query | return to random walk
[5 INFO main 119002] Confirming: 1/8
[5 INFO main 121048] Confirming: 2/8
[5 INFO main 123042] Confirming: 3/8
[5 INFO main 125146] Confirming: 4/8
[5 INFO main 127185] Confirming: 5/8
[5 INFO main 129206] Confirming: 6/8
[5 INFO main 131294] Confirming: 7/8
[5 INFO main 133297] Confirming: 8/8
[5 INFO main 236709] Scout.Query -> Scout.GotoCenter | Drive to others reported pos
[5 INFO main 272997] Scout.GotoCenter -> Scout.Query | return to random walk
[5 INFO main 297844] Confirming: 1/8
[5 INFO main 299942] Confirming: 2/8
[5 INFO main 304109] Confirming: 4/8
[5 INFO main 308221] Confirming: 6/8
[5 INFO main 312361] Confirming: 8/8
[5 INFO main 493694] Scout.Query -> Scout.GotoCenter | Drive to others reported pos
[5 INFO main 513542] Scout.GotoCenter -> Scout.Query | return to random walk
[5 INFO main 546598] Confirming: 1/8
[5 INFO main 548697] Confirming: 2/8
[5 INFO main 550705] Confirming: 3/8
[5 INFO main 552772] Confirming: 4/8
[5 INFO main 554805] Confirming: 6/8
[5 INFO main 558882] Confirming: 7/8
[5 INFO main 560966] Confirming: 8/8
[5 INFO main 564153] Scout.Query -> Scout.GotoCenter | Drive to others reported pos
[5 INFO main 566270] Scout.GotoCenter -> Scout.Query | return to random walk
[5 INFO main 576589] Confirming: 1/8
[5 INFO main 578709] Confirming: 2/8
[5 INFO main 580753] Confirming: 3/8
[5 INFO main 582789] Confirming: 5/8
[5 INFO main 586878] Confirming: 6/8
[5 INFO main 588994] Confirming: 8/8
[5 INFO main 655589] Scout.Query -> Scout.GotoCenter | Drive to others reported pos
[5 INFO main 665267] Scout.GotoCenter -> Scout.Query | return to random walk
[5 INFO main 673554] Confirming: 1/8
[5 INFO main 675610] Confirming: 2/8
[5 INFO main 677658] Confirming: 3/8
[5 INFO main 681781] Confirming: 5/8
[5 INFO main 683793] Confirming: 6/8
[5 INFO main 685845] Confirming: 7/8
[5 INFO main 687854] Confirming: 8/8
[5 INFO main 743005] Scout.Query -> Scout.GotoCenter | Drive to others reported pos
[5 INFO main 754744] Scout.GotoCenter -> Scout.Query | return to random walk
[5 INFO main 765166] Confirming: 1/8
[5 INFO main 767258] Confirming: 2/8
[5 INFO main 769317] Confirming: 3/8
[5 INFO main 771390] Confirming: 4/8
[5 INFO main 773394] Confirming: 5/8
[5 INFO main 775437] Confirming: 6/8
[5 INFO main 777446] Confirming: 7/8
[5 INFO main 779493] Confirming: 8/8
[5 INFO main 780320] Scout.Query -> Scout.GotoCenter | Drive to others reported pos
[5 INFO main 792212] Scout.GotoCenter -> Scout.Query | return to random walk
[5 INFO main 814769] Confirming: 1/8
[5 INFO main 816785] Confirming: 2/8
[5 INFO main 818804] Confirming: 3/8
[5 INFO main 820853] Confirming: 4/8
[5 INFO main 822915] Confirming: 5/8
[5 INFO main 825061] Confirming: 6/8
[5 INFO main 827120] Confirming: 7/8
[5 INFO main 829166] Confirming: 8/8
[5 INFO main 832901] Scout.Query -> Scout.GotoCenter | Drive to others reported pos
[5 INFO main 844081] Scout.GotoCenter -> Scout.Query | return to random walk
[5 INFO main 854380] Confirming: 1/8
[5 INFO main 856533] Confirming: 2/8
[5 INFO main 858621] Confirming: 3/8
[5 INFO main 860599] Confirming: 4/8
[5 INFO main 862678] Confirming: 5/8
[5 INFO main 864737] Confirming: 6/8
[5 INFO main 866753] Confirming: 7/8
[5 INFO main 868934] Confirming: 8/8
[5 INFO main 869925] Scout.Query -> Scout.GotoCenter | Drive to others reported pos
[5 INFO main 870243] Scout.GotoCenter -> Scout.Query | return to random walk
[5 INFO main 894704] Confirming: 1/8
[5 INFO main 896737] Confirming: 2/8
[5 INFO main 898701] Confirming: 3/8
[5 INFO main 900845] Confirming: 4/8
[5 INFO main 902857] Confirming: 5/8
[5 INFO main 904849] Confirming: 6/8
[5 INFO main 907046] Confirming: 7/8
[5 INFO main 909070] Confirming: 8/8
[5 INFO main 1143518] Scout.Query -> Scout.GotoCenter | Drive to others reported pos
[5 INFO main 1175039] Scout.GotoCenter -> Scout.Query | return to random walk
[5 INFO main 1183250] Confirming: 1/8
[5 INFO main 1185302] Confirming: 2/8
[5 INFO main 1187370] Confirming: 3/8
[5 INFO main 1189456] Confirming: 4/8
[5 INFO main 1191508] Confirming: 5/8
[5 INFO main 1193600] Confirming: 6/8
[5 INFO main 1195621] Confirming: 7/8
[5 INFO main 1197657] Confirming: 8/8
[5 INFO main 1200813] Scout.Query -> Scout.GotoCenter | Drive to others reported pos
[5 INFO main 1211347] Scout.GotoCenter -> Scout.Query | return to random walk
[5 INFO main 1219580] Confirming: 1/8
[5 INFO main 1221730] Confirming: 2/8
[5 INFO main 1223824] Confirming: 3/8
[5 INFO main 1225901] Confirming: 4/8
[5 INFO main 1227978] Confirming: 5/8
[5 INFO main 1232052] Confirming: 7/8
[5 INFO main 1234091] Confirming: 8/8
[5 INFO main 1237279] Scout.Query -> Scout.GotoCenter | Drive to others reported pos
[5 INFO main 1246468] Scout.GotoCenter -> Scout.Query | return to random walk
[5 INFO main 1279637] Confirming: 1/8
[5 INFO main 1281721] Confirming: 2/8
[5 INFO main 1283766] Confirming: 3/8
[5 INFO main 1285830] Confirming: 4/8
[5 INFO main 1287804] Confirming: 5/8
[5 INFO main 1290080] Confirming: 6/8
[5 INFO main 1292181] Confirming: 7/8
[5 INFO main 1294276] Confirming: 8/8
[5 INFO main 1429192] Scout.Query -> Scout.GotoCenter | Drive to others reported pos
[5 INFO main 1434222] Scout.GotoCenter -> Scout.Query | return to random walk
[5 INFO main 1469242] Confirming: 1/8
[5 INFO main 1471341] Confirming: 2/8
[5 INFO main 1473437] Confirming: 3/8
[5 INFO main 1475573] Confirming: 4/8
[5 INFO main 1477637] Confirming: 5/8
[5 INFO main 1479657] Confirming: 6/8
[5 INFO main 1481742] Confirming: 7/8
[5 INFO main 1483874] Confirming: 9/8
[5 INFO main 1657079] Scout.Query -> Scout.GotoCenter | Drive to others reported pos
[5 INFO main 1691751] Scout.GotoCenter -> Scout.Query | return to random walk
[5 INFO main 1714450] Confirming: 1/8
[5 INFO main 1722798] Confirming: 5/8
[5 INFO main 1735168] Confirming: 10/8
[5 INFO main 1873605] Scout.Query -> Scout.GotoCenter | Drive to others reported pos
[5 INFO main 1925633] Scout.GotoCenter -> Scout.Query | return to random walk
[5 INFO main 1948368] Confirming: 1/8
[5 INFO main 1950441] Confirming: 2/8
[5 INFO main 1952469] Confirming: 3/8
[5 INFO main 1954565] Confirming: 4/8
[5 INFO main 1956665] Confirming: 5/8
[5 INFO main 1958869] Confirming: 6/8
[5 INFO main 1960941] Confirming: 7/8
[5 INFO main 1963009] Confirming: 8/8
[5 INFO main 1966193] Scout.Query -> Scout.GotoCenter | Drive to others reported pos
[5 INFO main 1984557] Scout.GotoCenter -> Scout.Query | return to random walk
[5 INFO main 2009825] Confirming: 1/8
[5 INFO main 2012181] Confirming: 2/8
[5 INFO main 2014789] Confirming: 4/8
[5 INFO main 2016978] Confirming: 5/8
[5 INFO main 2019174] Confirming: 6/8
[5 INFO main 2021312] Confirming: 7/8
[5 INFO main 2023613] Confirming: 8/8
[5 INFO main 2025367] Scout.Query -> Scout.GotoCenter | Drive to others reported pos
[5 INFO main 2029962] Scout.GotoCenter -> Scout.Query | return to random walk
[5 INFO main 2038852] Confirming: 1/8
[5 INFO main 2040877] Confirming: 2/8
[5 INFO main 2042940] Confirming: 3/8
[5 INFO main 2045153] Confirming: 4/8
[5 INFO main 2047295] Confirming: 5/8
[5 INFO main 2049489] Confirming: 6/8
[5 INFO main 2051508] Confirming: 7/8
[5 INFO main 2053714] Confirming: 8/8
[5 INFO main 2277546] Scout.Query -> Scout.GotoCenter | Drive to others reported pos
[5 INFO main 2297911] Scout.GotoCenter -> Scout.Query | return to random walk
[5 INFO main 2304164] Confirming: 1/8
[5 INFO main 2306237] Confirming: 2/8
[5 INFO main 2308334] Confirming: 3/8
[5 INFO main 2310421] Confirming: 4/8
[5 INFO main 2312382] Confirming: 5/8
[5 INFO main 2314517] Confirming: 6/8
[5 INFO main 2316577] Confirming: 7/8
[5 INFO main 2318645] Confirming: 8/8
[5 INFO main 2323559] Scout.Query -> Scout.GotoCenter | Drive to others reported pos
[5 INFO main 2349092] Scout.GotoCenter -> Scout.Query | return to random walk
[5 INFO main 2365488] Confirming: 1/8
[5 INFO main 2367617] Confirming: 2/8
[5 INFO main 2369674] Confirming: 3/8
[5 INFO main 2371678] Confirming: 4/8
[5 INFO main 2373754] Confirming: 5/8
[5 INFO main 2375866] Confirming: 6/8
[5 INFO main 2377930] Confirming: 8/8
[5 INFO main 2379705] Scout.Query -> Scout.GotoCenter | Drive to others reported pos
[5 INFO main 2402555] Scout.GotoCenter -> Scout.Query | return to random walk
[5 INFO main 2425977] Confirming: 2/8
[5 INFO main 2428250] Confirming: 3/8
[5 INFO main 2430338] Confirming: 4/8
[5 INFO main 2432846] Confirming: 5/8
[5 INFO main 2434874] Confirming: 6/8
[5 INFO main 2437005] Confirming: 7/8
[5 INFO main 2439254] Confirming: 8/8
[5 INFO main 2444286] Scout.Query -> Scout.GotoCenter | Drive to others reported pos
[5 INFO main 2466640] Scout.GotoCenter -> Scout.Query | return to random walk
[5 INFO main 2470774] Confirming: 1/8
[5 INFO main 2472885] Confirming: 2/8
[5 INFO main 2475529] Confirming: 3/8
[5 INFO main 2477538] Confirming: 4/8
[5 INFO main 2479592] Confirming: 5/8
[5 INFO main 2481829] Confirming: 6/8
[5 INFO main 2484128] Confirming: 8/8
[5 INFO main 2497661] Scout.Query -> Scout.GotoCenter | Drive to others reported pos
[5 INFO main 2502055] Scout.GotoCenter -> Scout.Query | return to random walk
[5 INFO main 2514505] Confirming: 1/8
[5 INFO main 2516624] Confirming: 2/8
[5 INFO main 2518669] Confirming: 3/8
[5 INFO main 2520717] Confirming: 4/8
[5 INFO main 2522738] Confirming: 5/8
[5 INFO main 2524777] Confirming: 6/8
[5 INFO main 2526972] Confirming: 7/8
[5 INFO main 2529206] Confirming: 8/8
[5 INFO main 2533264] Scout.Query -> Scout.GotoCenter | Drive to others reported pos
[5 INFO main 2549614] Scout.GotoCenter -> Scout.Query | return to random walk
[5 INFO main 2574772] Confirming: 1/8
[5 INFO main 2578929] Confirming: 3/8
[5 INFO main 2580993] Confirming: 4/8
[5 INFO main 2583090] Confirming: 5/8
[5 INFO main 2591289] Confirming: 7/8
[5 INFO main 2593329] Confirming: 8/8
[5 INFO main 2595253] Scout.Query -> Scout.GotoCenter | Drive to others reported pos
[5 INFO main 2617680] Scout.GotoCenter -> Scout.Query | return to random walk
[5 INFO main 2638412] Confirming: 1/8
[5 INFO main 2640460] Confirming: 2/8
[5 INFO main 2642520] Confirming: 3/8
[5 INFO main 2644576] Confirming: 4/8
[5 INFO main 2646588] Confirming: 5/8
[5 INFO main 2648642] Confirming: 6/8
[5 INFO main 2650730] Confirming: 7/8
[5 INFO main 2652833] Confirming: 8/8
[5 INFO main 2653432] Scout.Query -> Scout.GotoCenter | Drive to others reported pos
[5 INFO main 2678033] Scout.GotoCenter -> Scout.Query | return to random walk
[5 INFO main 2698658] Confirming: 1/8
[5 INFO main 2700777] Confirming: 2/8
[5 INFO main 2702880] Confirming: 3/8
[5 INFO main 2704921] Confirming: 4/8
[5 INFO main 2706998] Confirming: 5/8
[5 INFO main 2709130] Confirming: 6/8
[5 INFO main 2711164] Confirming: 7/8
[5 INFO main 2713185] Confirming: 8/8
[5 INFO main 2747278] Confirming: 1/8
[5 INFO main 2749369] Confirming: 2/8
[5 INFO main 2751453] Confirming: 3/8
[5 INFO main 2753441] Confirming: 4/8
[5 INFO main 2755505] Confirming: 5/8
[5 INFO main 2757657] Confirming: 6/8
[5 INFO main 2759709] Confirming: 7/8
[5 INFO main 2761821] Confirming: 9/8
[5 INFO main 2765776] Scout.Query -> Scout.GotoCenter | Drive to others reported pos
[5 INFO main 2772370] Scout.GotoCenter -> Scout.Query | return to random walk
[5 INFO main 2788897] Confirming: 1/8
[5 INFO main 2793389] Confirming: 3/8
[5 INFO main 2795369] Confirming: 4/8
[5 INFO main 2797669] Confirming: 5/8
[5 INFO main 2799769] Confirming: 6/8
[5 INFO main 2801773] Confirming: 8/8
[5 INFO main 2802986] Scout.Query -> Scout.GotoCenter | Drive to others reported pos
[5 INFO main 2844726] Scout.GotoCenter -> Scout.Query | return to random walk
[5 INFO main 2879822] Confirming: 2/8
[5 INFO main 2881779] Confirming: 3/8
[5 INFO main 2886132] Confirming: 4/8
[5 INFO main 2888170] Confirming: 6/8
[5 INFO main 2890253] Confirming: 7/8
[5 INFO main 2892275] Confirming: 8/8
[5 INFO main 3232465] Scout.Query -> Scout.GotoCenter | Drive to others reported pos
[5 INFO main 3254568] Scout.GotoCenter -> Scout.Query | return to random walk
[5 INFO main 3277249] Confirming: 1/8
[5 INFO main 3279391] Confirming: 2/8
[5 INFO main 3281458] Confirming: 3/8
[5 INFO main 3283545] Confirming: 4/8
[5 INFO main 3285602] Confirming: 5/8
[5 INFO main 3287641] Confirming: 6/8
[5 INFO main 3289656] Confirming: 7/8
[5 INFO main 3291690] Confirming: 8/8
[5 INFO main 3295362] Scout.Query -> Scout.GotoCenter | Drive to others reported pos
[5 INFO main 3305922] Scout.GotoCenter -> Scout.Query | return to random walk
[5 INFO main 3362532] Confirming: 1/8
[5 INFO main 3364693] Confirming: 2/8
[5 INFO main 3369046] Confirming: 4/8
[5 INFO main 3371138] Confirming: 5/8
[5 INFO main 3375482] Confirming: 7/8
[5 INFO main 3377594] Confirming: 8/8
[5 INFO main 3539379] Scout.Query -> Scout.GotoCenter | Drive to others reported pos
[5 INFO main 3550745] Scout.GotoCenter -> Scout.Query | return to random walk
[5 INFO main 3581400] Confirming: 1/8
[5 INFO main 3583424] Confirming: 2/8
[5 INFO main 3585429] Confirming: 3/8
[5 INFO main 3587397] Confirming: 4/8
[5 INFO main 3589495] Confirming: 5/8
[5 INFO main 3591553] Confirming: 6/8
[5 INFO main 3593628] Confirming: 7/8
[5 INFO main 3595656] Confirming: 8/8
[5 INFO main 3596578] Scout.Query -> Scout.GotoCenter | Drive to others reported pos
[5 INFO main 3613534] Scout.GotoCenter -> Scout.Query | return to random walk
[5 INFO main 3642552] Confirming: 1/8
[5 INFO main 3644626] Confirming: 2/8
[5 INFO main 3646661] Confirming: 3/8
[5 INFO main 3648679] Confirming: 5/8
[5 INFO main 3651373] Confirming: 6/8
[5 INFO main 3653409] Confirming: 7/8
[5 INFO main 3655509] Confirming: 8/8
[5 INFO main 3659788] Scout.Query -> Scout.GotoCenter | Drive to others reported pos
[5 INFO main 3661875] Scout.GotoCenter -> Scout.Query | return to random walk
[5 INFO main 3666129] Confirming: 1/8
[5 INFO main 3670176] Confirming: 3/8
[5 INFO main 3672929] Confirming: 4/8
[5 INFO main 3675005] Confirming: 5/8
[5 INFO main 3678005] Confirming: 6/8
[5 INFO main 3680066] Confirming: 7/8
[5 INFO main 3682311] Confirming: 8/8
[5 INFO main 3983123] Scout.Query -> Scout.GotoCenter | Drive to others reported pos
[5 INFO main 3993680] Scout.GotoCenter -> Scout.Query | return to random walk
[5 INFO main 4038941] Confirming: 1/8
[5 INFO main 4040986] Confirming: 3/8
[5 INFO main 4043048] Confirming: 4/8
[5 INFO main 4047202] Confirming: 6/8
[5 INFO main 4049242] Confirming: 7/8
[5 INFO main 4051285] Confirming: 8/8
[5 INFO main 4070597] Scout.Query -> Scout.GotoCenter | Drive to others reported pos
[5 INFO main 4093043] Scout.GotoCenter -> Scout.Query | return to random walk
[5 INFO main 4097524] Confirming: 1/8
[5 INFO main 4099582] Confirming: 2/8
[5 INFO main 4103710] Confirming: 4/8
[5 INFO main 4105929] Confirming: 5/8
[5 INFO main 4108077] Confirming: 6/8
[5 INFO main 4110417] Confirming: 7/8
[5 INFO main 4112775] Confirming: 9/8
[5 INFO main 4113743] Scout.Query -> Scout.GotoCenter | Drive to others reported pos
[5 INFO main 4144466] Scout.GotoCenter -> Scout.Query | return to random walk
[5 INFO main 4158401] Confirming: 1/8
[5 INFO main 4160487] Confirming: 2/8
[5 INFO main 4163445] Confirming: 4/8
[5 INFO main 4165541] Confirming: 5/8
[5 INFO main 4168636] Confirming: 6/8
[5 INFO main 4170777] Confirming: 8/8
[5 INFO main 4175175] Scout.Query -> Scout.GotoCenter | Drive to others reported pos
[5 INFO main 4220395] Scout.GotoCenter -> Scout.Query | return to random walk
[5 INFO main 4249928] Confirming: 2/8
[5 INFO main 4252037] Confirming: 3/8
[5 INFO main 4255214] Confirming: 4/8
[5 INFO main 4257341] Confirming: 6/8
[5 INFO main 4260472] Confirming: 7/8
[5 INFO main 4262543] Confirming: 8/8
[5 INFO main 4262936] Scout.Query -> Scout.GotoCenter | Drive to others reported pos
[5 INFO main 4345525] Scout.GotoCenter -> Scout.Query | return to random walk
[5 INFO main 4352238] Confirming: 1/8
[5 INFO main 4354521] Confirming: 2/8
[5 INFO main 4357369] Confirming: 3/8
[5 INFO main 4359549] Confirming: 4/8
[5 INFO main 4361581] Confirming: 6/8
[5 INFO main 4363593] Confirming: 7/8
[5 INFO main 4365694] Confirming: 8/8
[5 INFO main 4367765] Scout.Query -> Scout.GotoCenter | Drive to others reported pos
[5 INFO main 4386865] Scout.GotoCenter -> Scout.Query | return to random walk
[5 INFO main 4429485] Confirming: 2/8
[5 INFO main 4431652] Confirming: 3/8
[5 INFO main 4433733] Confirming: 4/8
[5 INFO main 4435768] Confirming: 5/8
[5 INFO main 4441890] Confirming: 8/8
[5 INFO main 4488865] Confirming: 2/8
[5 INFO main 4490901] Confirming: 3/8
[5 INFO main 4492987] Confirming: 4/8
[5 INFO main 4495073] Confirming: 5/8
[5 INFO main 4499152] Confirming: 7/8
[5 INFO main 4501128] Confirming: 8/8
[5 INFO main 4503844] Scout.Query -> Scout.GotoCenter | Drive to others reported pos
[5 INFO main 4517051] Scout.GotoCenter -> Scout.Query | return to random walk
[5 INFO main 4548296] Confirming: 1/8
[5 INFO main 4550276] Confirming: 2/8
[5 INFO main 4552348] Confirming: 3/8
[5 INFO main 4554504] Confirming: 4/8
[5 INFO main 4556528] Confirming: 5/8
[5 INFO main 4558544] Confirming: 6/8
[5 INFO main 4560571] Confirming: 7/8
[5 INFO main 4562657] Confirming: 8/8
[5 INFO main 4775375] Scout.Query -> Scout.GotoCenter | Drive to others reported pos
[5 INFO main 4817050] Scout.GotoCenter -> Scout.Query | return to random walk
[5 INFO main 4827458] Confirming: 1/8
[5 INFO main 4829513] Confirming: 2/8
[5 INFO main 4831618] Confirming: 3/8
[5 INFO main 4833621] Confirming: 4/8
[5 INFO main 4835717] Confirming: 5/8
[5 INFO main 4837754] Confirming: 6/8
[5 INFO main 4839818] Confirming: 7/8
[5 INFO main 4841897] Confirming: 8/8
[5 INFO main 4843037] Scout.Query -> Scout.GotoCenter | Drive to others reported pos
[5 INFO main 4861716] Scout.GotoCenter -> Scout.Query | return to random walk
[5 INFO main 4886476] Confirming: 1/8
[5 INFO main 4890581] Confirming: 3/8
[5 INFO main 4892685] Confirming: 4/8
[5 INFO main 4894749] Confirming: 5/8
[5 INFO main 4896801] Confirming: 6/8
[5 INFO main 4898881] Confirming: 7/8
[5 INFO main 4900973] Confirming: 8/8
[5 INFO main 4902612] Scout.Query -> Scout.GotoCenter | Drive to others reported pos
[5 INFO main 4919055] Scout.GotoCenter -> Scout.Query | return to random walk
[5 INFO main 4949885] Confirming: 2/8
[5 INFO main 4954169] Confirming: 4/8
[5 INFO main 4958681] Confirming: 6/8
[5 INFO main 4960702] Confirming: 7/8
[5 INFO main 4963773] Confirming: 8/8
