[INFO main 26] Initialising Python Geth Console...
[INFO main 32] Initialising peer buffer...
[INFO main 32] Initialising TCP server...
[INFO main 32] Initialising RandB board...
[INFO main 32] Initialising ground-sensors...
[INFO main 32] Initialising random-walk...
[INFO main 379] Starting Experiment
[DEBUG events 9356] 0x0000000000000000000000000000000000000000
[DEBUG events 9365] Registered on-chain
[WARNING events 11382] execution reverted: Robot must register first

========= Remote Traceback (1) =========
Traceback (most recent call last):
  File "/usr/lib/python3.8/site-packages/rpyc/core/protocol.py", line 324, in _dispatch_request
    res = self._HANDLERS[handler](self, *args)
  File "/usr/lib/python3.8/site-packages/rpyc/core/protocol.py", line 592, in _handle_call
    return obj(*args, **dict(kwargs))
  File "/root/python_scripts/web3wrapper_docker.py", line 157, in exposed_call
    return self.w3if.call(function)
  File "/root/python_scripts/web3wrapper_docker.py", line 92, in call
    return getattr(self.sc.functions, func)().call()
  File "/usr/lib/python3.8/site-packages/web3/contract.py", line 957, in call
    return call_contract_function(
  File "/usr/lib/python3.8/site-packages/web3/contract.py", line 1501, in call_contract_function
    return_data = web3.eth.call(
  File "/usr/lib/python3.8/site-packages/web3/module.py", line 57, in caller
    result = w3.manager.request_blocking(method_str,
  File "/usr/lib/python3.8/site-packages/web3/manager.py", line 187, in request_blocking
    return self.formatted_response(response,
  File "/usr/lib/python3.8/site-packages/web3/manager.py", line 167, in formatted_response
    apply_error_formatters(error_formatters, response)
  File "/usr/lib/python3.8/site-packages/web3/manager.py", line 67, in apply_error_formatters
    formatted_resp = pipe(response, error_formatters)
  File "cytoolz/functoolz.pyx", line 667, in cytoolz.functoolz.pipe
  File "cytoolz/functoolz.pyx", line 642, in cytoolz.functoolz.c_pipe
  File "/usr/lib/python3.8/site-packages/web3/_utils/method_formatters.py", line 566, in raise_solidity_error_on_revert
    raise ContractLogicError(response['error']['message'])
web3.exceptions.ContractLogicError: execution reverted: Robot must register first

[INFO main 80357] Added peer: 8, enode: enode://58b6f9a933efded28af92e0238ce8f5e6af109e1db27e1ad5fbb7dd0c6cf7dad18728a0032d0f71514b83cb562f6445045edc6b69ccf4346e72b225ae6b04a30@10.0.1.9:30303?discport=0
[INFO main 85384] Removed peer: 8
[DEBUG events 98378] 0x633462025cF12D347C0dF50B2114E65aa364f0a6
[DEBUG events 98378] Registered on-chain
[INFO main 99394] Added peer: 8, enode: enode://58b6f9a933efded28af92e0238ce8f5e6af109e1db27e1ad5fbb7dd0c6cf7dad18728a0032d0f71514b83cb562f6445045edc6b69ccf4346e72b225ae6b04a30@10.0.1.9:30303?discport=0
[INFO main 103377] Added peer: 2, enode: enode://f586252f2d4688fc273a07880a4ced2144fedaefb5a8babe817e1c2daf6bcc7cdf1b7d1df0379aa23d614699767d914785418b697b0faea12ea853b299732640@10.0.1.10:30303?discport=0
[INFO main 105410] Removed peer: 8
[DEBUG events 106372] Asked for UBI: 60
[INFO main 109381] Removed peer: 2
[DEBUG events 116414] 0x633462025cF12D347C0dF50B2114E65aa364f0a6
[DEBUG events 116414] Registered on-chain
[DEBUG events 123401] Asked for UBI: 60
[INFO main 130469] Added peer: 6, enode: enode://160cd2c245e64b7045ac88885a6dc577f096e18c370fc5ff3692f3acc014d0e1de4a3e0cc82b2d2d037e545f345e246f87f38f870feb0335fe92ef0caf10d728@10.0.1.7:30303?discport=0
[INFO main 137386] Removed peer: 6
[DEBUG events 141420] 0x633462025cF12D347C0dF50B2114E65aa364f0a6
[DEBUG events 141421] Registered on-chain
[DEBUG events 151411] Asked for UBI: 80
[INFO main 182432] Added peer: 1, enode: enode://46725ed52d09cab62cd6ce340d91a9fe138bfd58eddea25a55ef27c2ff772b0fbf3603c19196010039119fa8bf6735df20436976052c8a39ab8c15f478c733f5@10.0.1.3:30303?discport=0
[INFO main 183405] Added peer: 6, enode: enode://160cd2c245e64b7045ac88885a6dc577f096e18c370fc5ff3692f3acc014d0e1de4a3e0cc82b2d2d037e545f345e246f87f38f870feb0335fe92ef0caf10d728@10.0.1.7:30303?discport=0
[INFO main 186395] Removed peer: 6
[INFO main 191411] Removed peer: 1
[DEBUG events 196370] 0x633462025cF12D347C0dF50B2114E65aa364f0a6
[DEBUG events 196372] Registered on-chain
[DEBUG voting 205377] Voted successfully: 0.23 (1/1)
[DEBUG events 210418] 0x633462025cF12D347C0dF50B2114E65aa364f0a6
[DEBUG events 210418] Registered on-chain
[INFO main 212371] Added peer: 8, enode: enode://58b6f9a933efded28af92e0238ce8f5e6af109e1db27e1ad5fbb7dd0c6cf7dad18728a0032d0f71514b83cb562f6445045edc6b69ccf4346e72b225ae6b04a30@10.0.1.9:30303?discport=0
[INFO main 217392] Removed peer: 8
[DEBUG events 218374] Updated mean
[DEBUG voting 220369] Voted successfully: 0.27 (1/1)
[DEBUG events 226392] 0x633462025cF12D347C0dF50B2114E65aa364f0a6
[DEBUG events 226399] Registered on-chain
[INFO main 232399] Added peer: 7, enode: enode://2dd3f9ac5817287bb056141a788026bc927da553f9f260b808a192bc572effcbdaec2460f85ca52767500590eccf51a18b55ae1e476c46357c4abb174e85bd97@10.0.1.8:30303?discport=0
[DEBUG events 234375] Updated mean
[DEBUG voting 236399] Voted successfully: 0.26 (1/1)
[INFO main 240431] Removed peer: 7
[DEBUG events 242381] 0x633462025cF12D347C0dF50B2114E65aa364f0a6
[DEBUG events 242381] Registered on-chain
[DEBUG events 251393] Updated mean
[DEBUG voting 253386] Voted successfully: 0.26 (1/1)
[INFO main 290420] Added peer: 2, enode: enode://f586252f2d4688fc273a07880a4ced2144fedaefb5a8babe817e1c2daf6bcc7cdf1b7d1df0379aa23d614699767d914785418b697b0faea12ea853b299732640@10.0.1.10:30303?discport=0
[INFO main 297491] Removed peer: 2
[DEBUG events 300406] 0x633462025cF12D347C0dF50B2114E65aa364f0a6
[DEBUG events 300406] Registered on-chain
[DEBUG events 308389] Updated mean
[DEBUG voting 310395] Voted successfully: 0.27 (1/1)
[INFO main 351406] Added peer: 2, enode: enode://f586252f2d4688fc273a07880a4ced2144fedaefb5a8babe817e1c2daf6bcc7cdf1b7d1df0379aa23d614699767d914785418b697b0faea12ea853b299732640@10.0.1.10:30303?discport=0
[DEBUG events 355437] 0x633462025cF12D347C0dF50B2114E65aa364f0a6
[DEBUG events 355437] Registered on-chain
[INFO main 355438] Removed peer: 2
[INFO main 361418] Added peer: 7, enode: enode://2dd3f9ac5817287bb056141a788026bc927da553f9f260b808a192bc572effcbdaec2460f85ca52767500590eccf51a18b55ae1e476c46357c4abb174e85bd97@10.0.1.8:30303?discport=0
[DEBUG events 363384] Asked for UBI: 20
[DEBUG events 364418] Asked for payout: 104
[INFO main 367392] Added peer: 2, enode: enode://f586252f2d4688fc273a07880a4ced2144fedaefb5a8babe817e1c2daf6bcc7cdf1b7d1df0379aa23d614699767d914785418b697b0faea12ea853b299732640@10.0.1.10:30303?discport=0
[INFO main 368392] Removed peer: 7
[INFO main 373402] Removed peer: 2
[DEBUG events 375394] 0x633462025cF12D347C0dF50B2114E65aa364f0a6
[DEBUG events 375395] Registered on-chain
[INFO main 382385] Added peer: 2, enode: enode://f586252f2d4688fc273a07880a4ced2144fedaefb5a8babe817e1c2daf6bcc7cdf1b7d1df0379aa23d614699767d914785418b697b0faea12ea853b299732640@10.0.1.10:30303?discport=0
[DEBUG events 383406] Asked for payout: 64
[DEBUG voting 384454] Voted successfully: 0.27 (1/1)
[INFO main 390389] Added peer: 5, enode: enode://cbf64df8747bcdea1451888abb35e7e41371debd2918e778eb8e43f1c9296015a820bb556835e26e38759cca593bba25dfab93ec434e2512df2ca7c4d0bbb0df@10.0.1.6:30303?discport=0
[INFO main 391410] Removed peer: 2
[DEBUG events 392396] 0x633462025cF12D347C0dF50B2114E65aa364f0a6
[DEBUG events 392397] Registered on-chain
[INFO main 397403] Removed peer: 5
[DEBUG events 400393] Asked for payout: 64
[DEBUG voting 402386] Voted successfully: 0.27 (1/1)
[INFO main 418452] Added peer: 1, enode: enode://46725ed52d09cab62cd6ce340d91a9fe138bfd58eddea25a55ef27c2ff772b0fbf3603c19196010039119fa8bf6735df20436976052c8a39ab8c15f478c733f5@10.0.1.3:30303?discport=0
[DEBUG events 423441] 0x633462025cF12D347C0dF50B2114E65aa364f0a6
[DEBUG events 423449] Registered on-chain
[INFO main 423478] Added peer: 2, enode: enode://f586252f2d4688fc273a07880a4ced2144fedaefb5a8babe817e1c2daf6bcc7cdf1b7d1df0379aa23d614699767d914785418b697b0faea12ea853b299732640@10.0.1.10:30303?discport=0
[INFO main 423511] Removed peer: 1
[INFO main 429435] Added peer: 1, enode: enode://46725ed52d09cab62cd6ce340d91a9fe138bfd58eddea25a55ef27c2ff772b0fbf3603c19196010039119fa8bf6735df20436976052c8a39ab8c15f478c733f5@10.0.1.3:30303?discport=0
[INFO main 431408] Removed peer: 2
[DEBUG events 431432] Asked for payout: 64
[DEBUG voting 433421] Voted successfully: 0.26 (1/1)
[INFO main 434395] Added peer: 8, enode: enode://58b6f9a933efded28af92e0238ce8f5e6af109e1db27e1ad5fbb7dd0c6cf7dad18728a0032d0f71514b83cb562f6445045edc6b69ccf4346e72b225ae6b04a30@10.0.1.9:30303?discport=0
[INFO main 441433] Added peer: 2, enode: enode://f586252f2d4688fc273a07880a4ced2144fedaefb5a8babe817e1c2daf6bcc7cdf1b7d1df0379aa23d614699767d914785418b697b0faea12ea853b299732640@10.0.1.10:30303?discport=0
[DEBUG events 441503] 0x633462025cF12D347C0dF50B2114E65aa364f0a6
[DEBUG events 441503] Registered on-chain
[INFO main 442390] Removed peer: 8
[INFO main 443406] Removed peer: 1
[INFO main 448416] Added peer: 5, enode: enode://cbf64df8747bcdea1451888abb35e7e41371debd2918e778eb8e43f1c9296015a820bb556835e26e38759cca593bba25dfab93ec434e2512df2ca7c4d0bbb0df@10.0.1.6:30303?discport=0
[DEBUG voting 452401] Voted successfully: 0.27 (1/1)
[INFO main 455401] Removed peer: 2
[INFO main 455434] Removed peer: 5
[DEBUG events 463401] 0x633462025cF12D347C0dF50B2114E65aa364f0a6
[DEBUG events 463402] Registered on-chain
[DEBUG events 472425] Updated mean
[INFO main 473399] Added peer: 2, enode: enode://f586252f2d4688fc273a07880a4ced2144fedaefb5a8babe817e1c2daf6bcc7cdf1b7d1df0379aa23d614699767d914785418b697b0faea12ea853b299732640@10.0.1.10:30303?discport=0
[DEBUG voting 474396] Failed to vote: (0/1). Error: {'code': -32000, 'message': 'insufficient funds for gas * price + value'}

========= Remote Traceback (1) =========
Traceback (most recent call last):
  File "/usr/lib/python3.8/site-packages/rpyc/core/protocol.py", line 324, in _dispatch_request
    res = self._HANDLERS[handler](self, *args)
  File "/usr/lib/python3.8/site-packages/rpyc/core/protocol.py", line 592, in _handle_call
    return obj(*args, **dict(kwargs))
  File "/root/python_scripts/web3wrapper_docker.py", line 154, in exposed_transact2
    return self.w3if.transact2(function, arg1, str(arg2))
  File "/root/python_scripts/web3wrapper_docker.py", line 83, in transact2
    return getattr(self.sc.functions, func)(arg1).transact(ast.literal_eval(arg2))
  File "/usr/lib/python3.8/site-packages/web3/contract.py", line 997, in transact
    return transact_with_contract_function(
  File "/usr/lib/python3.8/site-packages/web3/contract.py", line 1590, in transact_with_contract_function
    txn_hash = web3.eth.send_transaction(transact_transaction)
  File "/usr/lib/python3.8/site-packages/web3/eth.py", line 686, in send_transaction
    return self._send_transaction(transaction)
  File "/usr/lib/python3.8/site-packages/web3/module.py", line 57, in caller
    result = w3.manager.request_blocking(method_str,
  File "/usr/lib/python3.8/site-packages/web3/manager.py", line 187, in request_blocking
    return self.formatted_response(response,
  File "/usr/lib/python3.8/site-packages/web3/manager.py", line 168, in formatted_response
    raise ValueError(response["error"])
ValueError: {'code': -32000, 'message': 'insufficient funds for gas * price + value'}

[INFO main 479408] Removed peer: 2
[DEBUG events 481407] 0x633462025cF12D347C0dF50B2114E65aa364f0a6
[DEBUG events 481421] Registered on-chain
[DEBUG events 491447] Updated mean
[INFO main 491454] Added peer: 5, enode: enode://cbf64df8747bcdea1451888abb35e7e41371debd2918e778eb8e43f1c9296015a820bb556835e26e38759cca593bba25dfab93ec434e2512df2ca7c4d0bbb0df@10.0.1.6:30303?discport=0
[INFO main 496445] Removed peer: 5
[DEBUG events 504401] 0x633462025cF12D347C0dF50B2114E65aa364f0a6
[DEBUG events 504402] Registered on-chain
[INFO main 511466] Added peer: 2, enode: enode://f586252f2d4688fc273a07880a4ced2144fedaefb5a8babe817e1c2daf6bcc7cdf1b7d1df0379aa23d614699767d914785418b697b0faea12ea853b299732640@10.0.1.10:30303?discport=0
[DEBUG events 513436] Asked for payout: 106
[INFO main 515397] Added peer: 8, enode: enode://58b6f9a933efded28af92e0238ce8f5e6af109e1db27e1ad5fbb7dd0c6cf7dad18728a0032d0f71514b83cb562f6445045edc6b69ccf4346e72b225ae6b04a30@10.0.1.9:30303?discport=0
[INFO main 516412] Removed peer: 2
[INFO main 521457] Removed peer: 8
[DEBUG events 523455] 0x633462025cF12D347C0dF50B2114E65aa364f0a6
[DEBUG events 523456] Registered on-chain
[DEBUG voting 533434] Voted successfully: 0.28 (1/1)
[INFO main 533473] Added peer: 3, enode: enode://9862572812da6d0f2ac54667b3dc0b0fd06e6ead57846fac42ba728237a8ea02b287b888af78b124973233cbb7206c0f02e3d5aa66005f326050eb10608c54b0@10.0.1.4:30303?discport=0
[INFO main 539456] Removed peer: 3
[DEBUG events 541440] 0x633462025cF12D347C0dF50B2114E65aa364f0a6
[DEBUG events 541440] Registered on-chain
[INFO main 548432] Added peer: 5, enode: enode://cbf64df8747bcdea1451888abb35e7e41371debd2918e778eb8e43f1c9296015a820bb556835e26e38759cca593bba25dfab93ec434e2512df2ca7c4d0bbb0df@10.0.1.6:30303?discport=0
[DEBUG voting 551427] Voted successfully: 0.28 (1/1)
[INFO main 552411] Removed peer: 5
[DEBUG events 563441] 0x633462025cF12D347C0dF50B2114E65aa364f0a6
[DEBUG events 563441] Registered on-chain
[INFO main 571463] Added peer: 5, enode: enode://cbf64df8747bcdea1451888abb35e7e41371debd2918e778eb8e43f1c9296015a820bb556835e26e38759cca593bba25dfab93ec434e2512df2ca7c4d0bbb0df@10.0.1.6:30303?discport=0
[DEBUG voting 577419] Voted successfully: 0.28 (1/1)
[INFO main 578412] Removed peer: 5
[DEBUG events 591454] 0x633462025cF12D347C0dF50B2114E65aa364f0a6
[DEBUG events 591454] Registered on-chain
[DEBUG voting 604426] Voted successfully: 0.27 (1/1)
[INFO main 645475] Added peer: 5, enode: enode://cbf64df8747bcdea1451888abb35e7e41371debd2918e778eb8e43f1c9296015a820bb556835e26e38759cca593bba25dfab93ec434e2512df2ca7c4d0bbb0df@10.0.1.6:30303?discport=0
[INFO main 650416] Removed peer: 5
[DEBUG events 651458] 0x633462025cF12D347C0dF50B2114E65aa364f0a6
[DEBUG events 651459] Registered on-chain
[DEBUG events 658470] Updated mean
[DEBUG voting 660434] Voted successfully: 0.27 (1/1)
[INFO main 672449] Added peer: 8, enode: enode://58b6f9a933efded28af92e0238ce8f5e6af109e1db27e1ad5fbb7dd0c6cf7dad18728a0032d0f71514b83cb562f6445045edc6b69ccf4346e72b225ae6b04a30@10.0.1.9:30303?discport=0
[INFO main 679419] Removed peer: 8
[DEBUG events 679458] 0x633462025cF12D347C0dF50B2114E65aa364f0a6
[DEBUG events 680416] Registered on-chain
[INFO main 687461] Added peer: 8, enode: enode://58b6f9a933efded28af92e0238ce8f5e6af109e1db27e1ad5fbb7dd0c6cf7dad18728a0032d0f71514b83cb562f6445045edc6b69ccf4346e72b225ae6b04a30@10.0.1.9:30303?discport=0
[DEBUG events 690422] Updated mean
[DEBUG voting 692479] Voted successfully: 0.26 (1/1)
[INFO main 695441] Removed peer: 8
[INFO main 698485] Added peer: 3, enode: enode://9862572812da6d0f2ac54667b3dc0b0fd06e6ead57846fac42ba728237a8ea02b287b888af78b124973233cbb7206c0f02e3d5aa66005f326050eb10608c54b0@10.0.1.4:30303?discport=0
[INFO main 706435] Removed peer: 3
[INFO main 712446] Added peer: 7, enode: enode://2dd3f9ac5817287bb056141a788026bc927da553f9f260b808a192bc572effcbdaec2460f85ca52767500590eccf51a18b55ae1e476c46357c4abb174e85bd97@10.0.1.8:30303?discport=0
[INFO main 718457] Removed peer: 7
[DEBUG events 723444] 0x633462025cF12D347C0dF50B2114E65aa364f0a6
[DEBUG events 723446] Registered on-chain
[INFO main 732458] Added peer: 1, enode: enode://46725ed52d09cab62cd6ce340d91a9fe138bfd58eddea25a55ef27c2ff772b0fbf3603c19196010039119fa8bf6735df20436976052c8a39ab8c15f478c733f5@10.0.1.3:30303?discport=0
[DEBUG events 733473] Asked for UBI: 20
[DEBUG events 734467] Asked for payout: 196
[INFO main 737463] Removed peer: 1
[DEBUG events 744471] 0x633462025cF12D347C0dF50B2114E65aa364f0a6
[DEBUG events 744471] Registered on-chain
[DEBUG events 752467] Asked for payout: 196
[DEBUG events 758461] 0x633462025cF12D347C0dF50B2114E65aa364f0a6
[DEBUG events 758463] Registered on-chain
[DEBUG events 766429] Asked for payout: 196
[INFO main 784431] Added peer: 8, enode: enode://58b6f9a933efded28af92e0238ce8f5e6af109e1db27e1ad5fbb7dd0c6cf7dad18728a0032d0f71514b83cb562f6445045edc6b69ccf4346e72b225ae6b04a30@10.0.1.9:30303?discport=0
[INFO main 788478] Removed peer: 8
[DEBUG events 795442] 0x633462025cF12D347C0dF50B2114E65aa364f0a6
[DEBUG events 795443] Registered on-chain
[INFO main 797470] Added peer: 3, enode: enode://9862572812da6d0f2ac54667b3dc0b0fd06e6ead57846fac42ba728237a8ea02b287b888af78b124973233cbb7206c0f02e3d5aa66005f326050eb10608c54b0@10.0.1.4:30303?discport=0
[INFO main 805479] Removed peer: 3
[DEBUG voting 807472] Voted successfully: 0.25 (1/1)
[INFO main 920454] Added peer: 1, enode: enode://46725ed52d09cab62cd6ce340d91a9fe138bfd58eddea25a55ef27c2ff772b0fbf3603c19196010039119fa8bf6735df20436976052c8a39ab8c15f478c733f5@10.0.1.3:30303?discport=0
[INFO main 926443] Removed peer: 1
[DEBUG events 936496] 0x633462025cF12D347C0dF50B2114E65aa364f0a6
[DEBUG events 936497] Registered on-chain
[DEBUG voting 948483] Voted successfully: 0.25 (1/1)
[INFO main 962513] Added peer: 2, enode: enode://f586252f2d4688fc273a07880a4ced2144fedaefb5a8babe817e1c2daf6bcc7cdf1b7d1df0379aa23d614699767d914785418b697b0faea12ea853b299732640@10.0.1.10:30303?discport=0
[INFO main 968468] Removed peer: 2
[DEBUG events 975459] 0x633462025cF12D347C0dF50B2114E65aa364f0a6
[DEBUG events 975459] Registered on-chain
[INFO main 981456] Added peer: 7, enode: enode://2dd3f9ac5817287bb056141a788026bc927da553f9f260b808a192bc572effcbdaec2460f85ca52767500590eccf51a18b55ae1e476c46357c4abb174e85bd97@10.0.1.8:30303?discport=0
[DEBUG events 981498] Updated mean
[DEBUG voting 983469] Voted successfully: 0.25 (1/1)
[INFO main 986447] Removed peer: 7
[INFO main 989508] Added peer: 7, enode: enode://2dd3f9ac5817287bb056141a788026bc927da553f9f260b808a192bc572effcbdaec2460f85ca52767500590eccf51a18b55ae1e476c46357c4abb174e85bd97@10.0.1.8:30303?discport=0
[DEBUG events 992485] 0x633462025cF12D347C0dF50B2114E65aa364f0a6
[DEBUG events 992485] Registered on-chain
[INFO main 996454] Removed peer: 7
[DEBUG events 1001454] Updated mean
[DEBUG voting 1004465] Voted successfully: 0.26 (1/1)
[INFO main 1018509] Added peer: 5, enode: enode://cbf64df8747bcdea1451888abb35e7e41371debd2918e778eb8e43f1c9296015a820bb556835e26e38759cca593bba25dfab93ec434e2512df2ca7c4d0bbb0df@10.0.1.6:30303?discport=0
[INFO main 1024451] Added peer: 8, enode: enode://58b6f9a933efded28af92e0238ce8f5e6af109e1db27e1ad5fbb7dd0c6cf7dad18728a0032d0f71514b83cb562f6445045edc6b69ccf4346e72b225ae6b04a30@10.0.1.9:30303?discport=0
[INFO main 1024525] Removed peer: 5
[INFO main 1028485] Added peer: 5, enode: enode://cbf64df8747bcdea1451888abb35e7e41371debd2918e778eb8e43f1c9296015a820bb556835e26e38759cca593bba25dfab93ec434e2512df2ca7c4d0bbb0df@10.0.1.6:30303?discport=0
[INFO main 1031505] Added peer: 6, enode: enode://160cd2c245e64b7045ac88885a6dc577f096e18c370fc5ff3692f3acc014d0e1de4a3e0cc82b2d2d037e545f345e246f87f38f870feb0335fe92ef0caf10d728@10.0.1.7:30303?discport=0
[INFO main 1033483] Removed peer: 8
[DEBUG events 1034463] 0x633462025cF12D347C0dF50B2114E65aa364f0a6
[DEBUG events 1034464] Registered on-chain
[INFO main 1039502] Removed peer: 5
[DEBUG events 1045456] Updated mean
[DEBUG voting 1046503] Voted successfully: 0.26 (1/1)
[INFO main 1048462] Added peer: 1, enode: enode://46725ed52d09cab62cd6ce340d91a9fe138bfd58eddea25a55ef27c2ff772b0fbf3603c19196010039119fa8bf6735df20436976052c8a39ab8c15f478c733f5@10.0.1.3:30303?discport=0
[INFO main 1052515] Added peer: 7, enode: enode://2dd3f9ac5817287bb056141a788026bc927da553f9f260b808a192bc572effcbdaec2460f85ca52767500590eccf51a18b55ae1e476c46357c4abb174e85bd97@10.0.1.8:30303?discport=0
[INFO main 1053500] Removed peer: 6
[INFO main 1059499] Removed peer: 1
[DEBUG events 1061514] 0x633462025cF12D347C0dF50B2114E65aa364f0a6
[DEBUG events 1061516] Registered on-chain
[INFO main 1063477] Removed peer: 7
[DEBUG events 1068517] Asked for payout: 80
[DEBUG events 1074514] 0x633462025cF12D347C0dF50B2114E65aa364f0a6
[DEBUG events 1074514] Registered on-chain
[INFO main 1083463] Added peer: 1, enode: enode://46725ed52d09cab62cd6ce340d91a9fe138bfd58eddea25a55ef27c2ff772b0fbf3603c19196010039119fa8bf6735df20436976052c8a39ab8c15f478c733f5@10.0.1.3:30303?discport=0
[INFO main 1084499] Added peer: 2, enode: enode://f586252f2d4688fc273a07880a4ced2144fedaefb5a8babe817e1c2daf6bcc7cdf1b7d1df0379aa23d614699767d914785418b697b0faea12ea853b299732640@10.0.1.10:30303?discport=0
[DEBUG events 1086515] Asked for payout: 80
[INFO main 1093512] Removed peer: 2
[DEBUG events 1097489] 0x633462025cF12D347C0dF50B2114E65aa364f0a6
[DEBUG events 1097494] Registered on-chain
[INFO main 1098534] Removed peer: 1
[INFO main 1106485] Added peer: 6, enode: enode://160cd2c245e64b7045ac88885a6dc577f096e18c370fc5ff3692f3acc014d0e1de4a3e0cc82b2d2d037e545f345e246f87f38f870feb0335fe92ef0caf10d728@10.0.1.7:30303?discport=0
[DEBUG voting 1106519] Voted successfully: 0.25 (1/1)
[INFO main 1114471] Removed peer: 6
[DEBUG events 1117497] 0x633462025cF12D347C0dF50B2114E65aa364f0a6
[DEBUG events 1117499] Registered on-chain
[DEBUG events 1127503] Updated mean
[DEBUG voting 1129477] Voted successfully: 0.26 (1/1)
[INFO main 1134518] Added peer: 8, enode: enode://58b6f9a933efded28af92e0238ce8f5e6af109e1db27e1ad5fbb7dd0c6cf7dad18728a0032d0f71514b83cb562f6445045edc6b69ccf4346e72b225ae6b04a30@10.0.1.9:30303?discport=0
[DEBUG events 1138523] 0x633462025cF12D347C0dF50B2114E65aa364f0a6
[DEBUG events 1138523] Registered on-chain
[DEBUG events 1138625] Asked for payout: 120
[DEBUG voting 1138637] Voted successfully: 0.25 (1/1)
