[9 INFO main 29] Initialising Python Geth Console...
[9 INFO main 33] Initialising RandB board...
[9 INFO main 33] Initialising navigation...
[9 INFO main 33] Initialising random-walk...
[9 INFO main 33] Initialising odometry...
[9 INFO main 33] Initialising ground-sensors...
[9 INFO main 505] --//-- Starting Experiment --//--
[9 INFO main 1604] Idle.IDLE -> Scout.Query | Duration: 21.61
[9 INFO main 25866] Scout.Query -> Scout.GotoCenter | Drive to others reported pos
[9 INFO main 33634] Scout.GotoCenter -> Scout.Query | return to random walk
[9 INFO main 60201] Confirming: 1/8
[9 INFO main 62276] Confirming: 3/8
[9 INFO main 66412] Confirming: 4/8
[9 INFO main 68477] Confirming: 5/8
[9 INFO main 70512] Confirming: 6/8
[9 INFO main 72420] Confirming: 8/8
[9 INFO main 74188] Scout.Query -> Scout.GotoCenter | Drive to others reported pos
[9 INFO main 84506] Scout.GotoCenter -> Scout.Query | return to random walk
[9 INFO main 88815] Confirming: 1/8
[9 INFO main 90828] Confirming: 2/8
[9 INFO main 92885] Confirming: 3/8
[9 INFO main 94948] Confirming: 4/8
[9 INFO main 96980] Confirming: 5/8
[9 INFO main 99041] Confirming: 6/8
[9 INFO main 101099] Confirming: 7/8
[9 INFO main 103137] Confirming: 8/8
[9 INFO main 337166] Scout.Query -> Scout.GotoCenter | Drive to others reported pos
[9 INFO main 347703] Scout.GotoCenter -> Scout.Query | return to random walk
[9 INFO main 360201] Confirming: 1/8
[9 INFO main 362256] Confirming: 2/8
[9 INFO main 364296] Confirming: 4/8
[9 INFO main 368392] Confirming: 6/8
[9 INFO main 370432] Confirming: 7/8
[9 INFO main 372529] Confirming: 8/8
[9 INFO main 727145] Scout.Query -> Scout.GotoCenter | Drive to others reported pos
[9 INFO main 807162] Scout.GotoCenter -> Scout.Query | return to random walk
[9 INFO main 831841] Confirming: 1/8
[9 INFO main 833897] Confirming: 2/8
[9 INFO main 836047] Confirming: 3/8
[9 INFO main 838161] Confirming: 4/8
[9 INFO main 840199] Confirming: 6/8
[9 INFO main 842305] Confirming: 7/8
[9 INFO main 844361] Confirming: 8/8
[9 INFO main 847800] Scout.Query -> Scout.GotoCenter | Drive to others reported pos
[9 INFO main 879719] Scout.GotoCenter -> Scout.Query | return to random walk
[9 INFO main 904234] Confirming: 1/8
[9 INFO main 906333] Confirming: 2/8
[9 INFO main 908377] Confirming: 3/8
[9 INFO main 910533] Confirming: 4/8
[9 INFO main 912541] Confirming: 5/8
[9 INFO main 914653] Confirming: 6/8
[9 INFO main 916693] Confirming: 7/8
[9 INFO main 918757] Confirming: 8/8
[9 INFO main 1037214] Scout.Query -> Scout.GotoCenter | Drive to others reported pos
[9 INFO main 1060498] Scout.GotoCenter -> Scout.Query | return to random walk
[9 INFO main 1079051] Confirming: 1/8
[9 INFO main 1081149] Confirming: 2/8
[9 INFO main 1083185] Confirming: 3/8
[9 INFO main 1085275] Confirming: 4/8
[9 INFO main 1087368] Confirming: 5/8
[9 INFO main 1089421] Confirming: 6/8
[9 INFO main 1091509] Confirming: 7/8
[9 INFO main 1093597] Confirming: 8/8
[9 INFO main 1284502] Scout.Query -> Scout.GotoCenter | Drive to others reported pos
[9 INFO main 1319876] Scout.GotoCenter -> Scout.Query | return to random walk
[9 INFO main 1352800] Confirming: 1/8
[9 INFO main 1354844] Confirming: 2/8
[9 INFO main 1356885] Confirming: 3/8
[9 INFO main 1358969] Confirming: 4/8
[9 INFO main 1361033] Confirming: 5/8
[9 INFO main 1363031] Confirming: 6/8
[9 INFO main 1365165] Confirming: 7/8
[9 INFO main 1367175] Confirming: 8/8
[9 INFO main 1371064] Scout.Query -> Scout.GotoCenter | Drive to others reported pos
[9 INFO main 1390325] Scout.GotoCenter -> Scout.Query | return to random walk
[9 INFO main 1414988] Confirming: 1/8
[9 INFO main 1417064] Confirming: 2/8
[9 INFO main 1419151] Confirming: 3/8
[9 INFO main 1421209] Confirming: 4/8
[9 INFO main 1423217] Confirming: 5/8
[9 INFO main 1425244] Confirming: 7/8
[9 INFO main 1427272] Confirming: 8/8
[9 INFO main 1431078] Scout.Query -> Scout.GotoCenter | Drive to others reported pos
[9 INFO main 1535908] Scout.GotoCenter -> Scout.Query | return to random walk
[9 INFO main 1565409] Confirming: 1/8
[9 INFO main 1567489] Confirming: 2/8
[9 INFO main 1569581] Confirming: 3/8
[9 INFO main 1571645] Confirming: 4/8
[9 INFO main 1573944] Confirming: 5/8
[9 INFO main 1576093] Confirming: 6/8
[9 INFO main 1578137] Confirming: 7/8
[9 INFO main 1580165] Confirming: 8/8
[9 INFO main 1581872] Scout.Query -> Scout.GotoCenter | Drive to others reported pos
[9 INFO main 1601439] Scout.GotoCenter -> Scout.Query | return to random walk
[9 INFO main 1626092] Confirming: 1/8
[9 INFO main 1632339] Confirming: 4/8
[9 INFO main 1634409] Confirming: 6/8
[9 INFO main 1638675] Confirming: 8/8
[9 INFO main 2009333] Scout.Query -> Scout.GotoCenter | Drive to others reported pos
[9 INFO main 2043961] Scout.GotoCenter -> Scout.Query | return to random walk
[9 INFO main 2056278] Confirming: 1/8
[9 INFO main 2058416] Confirming: 2/8
[9 INFO main 2060513] Confirming: 3/8
[9 INFO main 2062547] Confirming: 4/8
[9 INFO main 2064585] Confirming: 5/8
[9 INFO main 2066629] Confirming: 6/8
[9 INFO main 2068677] Confirming: 7/8
[9 INFO main 2070759] Confirming: 8/8
[9 INFO main 2268993] Confirming: 1/8
[9 INFO main 2271053] Confirming: 2/8
[9 INFO main 2273092] Confirming: 3/8
[9 INFO main 2275175] Confirming: 5/8
[9 INFO main 2277257] Confirming: 6/8
[9 INFO main 2279300] Confirming: 7/8
[9 INFO main 2281384] Confirming: 8/8
[9 INFO main 2284523] Scout.Query -> Scout.GotoCenter | Drive to others reported pos
[9 INFO main 2343396] Scout.GotoCenter -> Scout.Query | return to random walk
[9 INFO main 2358033] Confirming: 1/8
[9 INFO main 2360060] Confirming: 2/8
[9 INFO main 2364208] Confirming: 4/8
[9 INFO main 2366265] Confirming: 5/8
[9 INFO main 2368264] Confirming: 6/8
[9 INFO main 2370540] Confirming: 7/8
[9 INFO main 2372502] Confirming: 8/8
[9 INFO main 2374111] Scout.Query -> Scout.GotoCenter | Drive to others reported pos
[9 INFO main 2402661] Scout.GotoCenter -> Scout.Query | return to random walk
[9 INFO main 2419173] Confirming: 1/8
[9 INFO main 2421256] Confirming: 3/8
[9 INFO main 2423261] Confirming: 4/8
[9 INFO main 2425393] Confirming: 5/8
[9 INFO main 2427413] Confirming: 6/8
[9 INFO main 2429412] Confirming: 7/8
[9 INFO main 2433561] Confirming: 8/8
[9 INFO main 2433815] Scout.Query -> Scout.GotoCenter | Drive to others reported pos
[9 INFO main 2462993] Scout.GotoCenter -> Scout.Query | return to random walk
[9 INFO main 2477429] Confirming: 1/8
[9 INFO main 2479488] Confirming: 2/8
[9 INFO main 2481509] Confirming: 3/8
[9 INFO main 2485584] Confirming: 4/8
[9 INFO main 2487638] Confirming: 5/8
[9 INFO main 2490456] Confirming: 7/8
[9 INFO main 2492501] Confirming: 8/8
[9 INFO main 3158768] Scout.Query -> Scout.GotoCenter | Drive to others reported pos
[9 INFO main 3176886] Scout.GotoCenter -> Scout.Query | return to random walk
[9 INFO main 3211864] Confirming: 1/8
[9 INFO main 3213921] Confirming: 2/8
[9 INFO main 3215921] Confirming: 3/8
[9 INFO main 3217925] Confirming: 4/8
[9 INFO main 3219921] Confirming: 5/8
[9 INFO main 3221924] Confirming: 6/8
[9 INFO main 3224109] Confirming: 7/8
[9 INFO main 3226192] Confirming: 9/8
[9 INFO main 3526040] Scout.Query -> Scout.GotoCenter | Drive to others reported pos
[9 INFO main 3621799] Scout.GotoCenter -> Scout.Query | return to random walk
[9 INFO main 3640453] Confirming: 1/8
[9 INFO main 3642405] Confirming: 2/8
[9 INFO main 3644521] Confirming: 3/8
[9 INFO main 3646533] Confirming: 4/8
[9 INFO main 3648636] Confirming: 5/8
[9 INFO main 3652757] Confirming: 7/8
[9 INFO main 3654793] Confirming: 8/8
[9 INFO main 3657340] Scout.Query -> Scout.GotoCenter | Drive to others reported pos
[9 INFO main 3671102] Scout.GotoCenter -> Scout.Query | return to random walk
[9 INFO main 3704349] Confirming: 1/8
[9 INFO main 3706497] Confirming: 2/8
[9 INFO main 3708624] Confirming: 3/8
[9 INFO main 3710712] Confirming: 4/8
[9 INFO main 3716861] Confirming: 6/8
[9 INFO main 3741744] Confirming: 10/8
[9 INFO main 3742234] Scout.Query -> Scout.GotoCenter | Drive to others reported pos
[9 INFO main 3803015] Scout.GotoCenter -> Scout.Query | return to random walk
[9 INFO main 3813871] Confirming: 1/8
[9 INFO main 3834425] Confirming: 2/8
[9 INFO main 3836440] Confirming: 3/8
[9 INFO main 3838472] Confirming: 4/8
[9 INFO main 3840505] Confirming: 5/8
[9 INFO main 3842537] Confirming: 6/8
[9 INFO main 3844556] Confirming: 7/8
[9 INFO main 3846573] Confirming: 8/8
[9 INFO main 3848611] Scout.Query -> Scout.GotoCenter | Drive to others reported pos
[9 INFO main 3867965] Scout.GotoCenter -> Scout.Query | return to random walk
[9 INFO main 3874285] Confirming: 1/8
[9 INFO main 3876296] Confirming: 2/8
[9 INFO main 3878388] Confirming: 3/8
[9 INFO main 3880389] Confirming: 4/8
[9 INFO main 3882556] Confirming: 5/8
[9 INFO main 3884641] Confirming: 6/8
[9 INFO main 3886657] Confirming: 7/8
[9 INFO main 3888692] Confirming: 8/8
[9 INFO main 3959565] Scout.Query -> Scout.GotoCenter | Drive to others reported pos
[9 INFO main 3970567] Scout.GotoCenter -> Scout.Query | return to random walk
[9 INFO main 3993663] Confirming: 1/8
[9 INFO main 3995716] Confirming: 2/8
[9 INFO main 3997789] Confirming: 3/8
[9 INFO main 4000029] Confirming: 4/8
[9 INFO main 4002100] Confirming: 5/8
[9 INFO main 4004157] Confirming: 6/8
[9 INFO main 4006268] Confirming: 7/8
[9 INFO main 4008437] Confirming: 8/8
[9 INFO main 4011581] Scout.Query -> Scout.GotoCenter | Drive to others reported pos
[9 INFO main 4101405] Scout.GotoCenter -> Scout.Query | return to random walk
[9 INFO main 4115289] Confirming: 1/8
[9 INFO main 4117461] Confirming: 3/8
[9 INFO main 4119505] Confirming: 4/8
[9 INFO main 4121540] Confirming: 5/8
[9 INFO main 4123636] Confirming: 6/8
[9 INFO main 4125655] Confirming: 7/8
[9 INFO main 4127773] Confirming: 8/8
[9 INFO main 4132271] Scout.Query -> Scout.GotoCenter | Drive to others reported pos
[9 INFO main 4237625] Scout.GotoCenter -> Scout.Query | return to random walk
[9 INFO main 4264080] Confirming: 1/8
[9 INFO main 4266676] Confirming: 2/8
[9 INFO main 4268780] Confirming: 3/8
[9 INFO main 4270880] Confirming: 4/8
[9 INFO main 4272884] Confirming: 5/8
[9 INFO main 4274973] Confirming: 6/8
[9 INFO main 4277328] Confirming: 7/8
[9 INFO main 4279343] Confirming: 9/8
[9 INFO main 4594626] Scout.Query -> Scout.GotoCenter | Drive to others reported pos
[9 INFO main 4603377] Scout.GotoCenter -> Scout.Query | return to random walk
[9 INFO main 4632224] Confirming: 1/8
[9 INFO main 4634301] Confirming: 2/8
[9 INFO main 4636384] Confirming: 3/8
[9 INFO main 4638412] Confirming: 4/8
[9 INFO main 4640488] Confirming: 5/8
[9 INFO main 4642552] Confirming: 6/8
[9 INFO main 4644560] Confirming: 7/8
[9 INFO main 4646637] Confirming: 8/8
[9 INFO main 4649194] Scout.Query -> Scout.GotoCenter | Drive to others reported pos
[9 INFO main 4814702] Scout.GotoCenter -> Scout.Query | return to random walk
[9 INFO main 4843046] Confirming: 1/8
[9 INFO main 4845368] Confirming: 2/8
[9 INFO main 4848164] Confirming: 4/8
[9 INFO main 4850484] Confirming: 5/8
[9 INFO main 4853196] Confirming: 7/8
[9 INFO main 4855543] Confirming: 8/8
[9 INFO main 4856023] Scout.Query -> Scout.GotoCenter | Drive to others reported pos
[9 INFO main 4946114] Scout.GotoCenter -> Scout.Query | return to random walk
[9 INFO main 4961824] Confirming: 2/8
[9 INFO main 4964667] Confirming: 3/8
[9 INFO main 4969031] Confirming: 5/8
[9 INFO main 4971079] Confirming: 6/8
[9 INFO main 4973571] Confirming: 7/8
[9 INFO main 4975683] Confirming: 8/8
[9 INFO main 5457076] Scout.Query -> Scout.GotoCenter | Drive to others reported pos
[9 INFO main 5513231] Scout.GotoCenter -> Scout.Query | return to random walk
[9 INFO main 5546539] Confirming: 1/8
[9 INFO main 5550629] Confirming: 3/8
[9 INFO main 5552640] Confirming: 4/8
[9 INFO main 5554731] Confirming: 5/8
[9 INFO main 5556777] Confirming: 6/8
[9 INFO main 5558723] Confirming: 7/8
[9 INFO main 5560823] Confirming: 8/8
[9 INFO main 5563986] Scout.Query -> Scout.GotoCenter | Drive to others reported pos
[9 INFO main 5707932] Scout.GotoCenter -> Scout.Query | return to random walk
[9 INFO main 5727980] Confirming: 1/8
[9 INFO main 5730024] Confirming: 2/8
[9 INFO main 5734388] Confirming: 3/8
[9 INFO main 5736717] Confirming: 6/8
[9 INFO main 5738813] Confirming: 7/8
[9 INFO main 5742913] Confirming: 9/8
[9 INFO main 5911062] Scout.Query -> Scout.GotoCenter | Drive to others reported pos
[9 INFO main 5936525] Scout.GotoCenter -> Scout.Query | return to random walk
[9 INFO main 5955064] Confirming: 1/8
[9 INFO main 5957076] Confirming: 2/8
[9 INFO main 5959129] Confirming: 3/8
[9 INFO main 5961216] Confirming: 5/8
[9 INFO main 5963241] Confirming: 6/8
[9 INFO main 5967269] Confirming: 8/8
[9 INFO main 5972174] Scout.Query -> Scout.GotoCenter | Drive to others reported pos
[9 INFO main 6089110] Scout.GotoCenter -> Scout.Query | return to random walk
[9 INFO main 6103173] Confirming: 1/8
[9 INFO main 6105496] Confirming: 2/8
[9 INFO main 6107536] Confirming: 3/8
[9 INFO main 6109541] Confirming: 4/8
[9 INFO main 6111556] Confirming: 5/8
[9 INFO main 6114319] Confirming: 6/8
[9 INFO main 6116333] Confirming: 7/8
[9 INFO main 6118444] Confirming: 8/8
[9 INFO main 6130896] Scout.Query -> Scout.GotoCenter | Drive to others reported pos
[9 INFO main 6233937] Scout.GotoCenter -> Scout.Query | return to random walk
[9 INFO main 6240189] Confirming: 1/8
[9 INFO main 6243011] Confirming: 2/8
[9 INFO main 6245240] Confirming: 3/8
[9 INFO main 6248051] Confirming: 5/8
[9 INFO main 6250295] Confirming: 6/8
[9 INFO main 6252352] Confirming: 7/8
[9 INFO main 6255412] Confirming: 8/8
[9 INFO main 6328738] Scout.Query -> Scout.GotoCenter | Drive to others reported pos
[9 INFO main 6345058] Scout.GotoCenter -> Scout.Query | return to random walk
[9 INFO main 6373785] Confirming: 1/8
[9 INFO main 6375743] Confirming: 2/8
[9 INFO main 6377843] Confirming: 3/8
[9 INFO main 6379861] Confirming: 4/8
[9 INFO main 6381864] Confirming: 5/8
[9 INFO main 6384061] Confirming: 6/8
[9 INFO main 6386117] Confirming: 7/8
[9 INFO main 6388148] Confirming: 8/8
[9 INFO main 6840832] Scout.Query -> Scout.GotoCenter | Drive to others reported pos
[9 INFO main 6842129] Scout.GotoCenter -> Scout.Query | return to random walk
[9 INFO main 6860728] Confirming: 1/8
[9 INFO main 6862770] Confirming: 2/8
[9 INFO main 6867016] Confirming: 4/8
[9 INFO main 6869012] Confirming: 5/8
[9 INFO main 6871071] Confirming: 6/8
[9 INFO main 6875149] Confirming: 8/8
[9 INFO main 7087167] Scout.Query -> Scout.GotoCenter | Drive to others reported pos
[9 INFO main 7120520] Scout.GotoCenter -> Scout.Query | return to random walk
[9 INFO main 7138928] Confirming: 1/8
[9 INFO main 7140981] Confirming: 2/8
[9 INFO main 7143005] Confirming: 3/8
[9 INFO main 7145073] Confirming: 4/8
[9 INFO main 7147136] Confirming: 5/8
[9 INFO main 7149245] Confirming: 6/8
[9 INFO main 7151273] Confirming: 7/8
[9 INFO main 7153312] Confirming: 8/8
[9 INFO main 7170775] Scout.Query -> Scout.GotoCenter | Drive to others reported pos
[9 INFO main 7175732] Scout.GotoCenter -> Scout.Query | return to random walk
