[3 INFO main 27] Initialising Python Geth Console...
[3 INFO main 32] Initialising RandB board...
[3 INFO main 32] Initialising navigation...
[3 INFO main 32] Initialising random-walk...
[3 INFO main 32] Initialising odometry...
[3 INFO main 32] Initialising ground-sensors...
[3 INFO main 1154] --//-- Starting Experiment --//--
[3 INFO main 2254] Idle.IDLE -> Scout.Query | Duration: 22.55
[3 INFO main 21285] Scout.Query -> Scout.GotoCenter | Drive to others reported pos
[3 INFO main 32714] Scout.GotoCenter -> Scout.Query | return to random walk
[3 INFO main 108519] Scout.Query -> Scout.GotoCenter | Drive to others reported pos
[3 INFO main 143410] Scout.GotoCenter -> Scout.Query | return to random walk
[3 INFO main 234460] Scout.Query -> Scout.GotoCenter | Drive to others reported pos
[3 INFO main 263678] Scout.GotoCenter -> Scout.Query | return to random walk
[3 INFO main 345280] Scout.Query -> Scout.GotoCenter | Drive to others reported pos
[3 INFO main 384558] Scout.GotoCenter -> Scout.Query | return to random walk
[3 INFO main 405004] Scout.Query -> Scout.GotoCenter | Drive to others reported pos
[3 INFO main 441172] Scout.GotoCenter -> Scout.Query | return to random walk
[3 INFO main 512151] Scout.Query -> Scout.GotoCenter | Drive to others reported pos
[3 INFO main 568129] Scout.GotoCenter -> Scout.Query | return to random walk
