[3 INFO main 33] Initialising Python Geth Console...
[3 INFO main 38] Initialising RandB board...
[3 INFO main 38] Initialising navigation...
[3 INFO main 38] Initialising random-walk...
[3 INFO main 38] Initialising odometry...
[3 INFO main 38] Initialising ground-sensors...
[3 INFO main 847] --//-- Starting Experiment --//--
[3 INFO main 2294] Idle.IDLE -> Scout.Query | Duration: 29.42
[3 INFO main 19025] Scout.Query -> Verify.DriveTo | Go to unverified source
[3 INFO main 48489] Verify.DriveTo -> Verify.Homing | Homing
[3 INFO main 58851] Confirming: 2/9
[3 INFO main 60771] Confirming: 3/9
[3 INFO main 65021] Confirming: 5/9
[3 INFO main 66892] Verify.Homing -> Scout.Query | Arrived home
[3 INFO main 67100] Confirming: 6/9
[3 INFO main 69112] Confirming: 7/9
[3 INFO main 71158] Confirming: 8/9
[3 INFO main 73229] Confirming: 9/9
[3 INFO main 95413] Scout.Query -> Verify.DriveTo | Go to unverified source
[3 INFO main 113722] Verify.DriveTo -> Verify.Homing | Homing
[3 INFO main 137256] Verify.Homing -> Scout.Query | Arrived home
[3 INFO main 148718] Confirming: 1/9
[3 INFO main 150825] Confirming: 2/9
[3 INFO main 152860] Confirming: 3/9
[3 INFO main 154822] Confirming: 5/9
[3 INFO main 159060] Confirming: 6/9
[3 INFO main 161146] Confirming: 8/9
[3 INFO main 163172] Confirming: 9/9
[3 INFO main 163444] Scout.Query -> Verify.DriveTo | Go to unverified source
[3 INFO main 212342] Verify.DriveTo -> Verify.Homing | Homing
[3 INFO main 236526] Verify.Homing -> Scout.Query | Arrived home
[3 INFO main 238946] Confirming: 2/9
[3 INFO main 240986] Confirming: 3/9
[3 INFO main 243061] Confirming: 4/9
[3 INFO main 245082] Confirming: 5/9
[3 INFO main 247131] Confirming: 6/9
[3 INFO main 249215] Confirming: 7/9
[3 INFO main 251221] Confirming: 8/9
[3 INFO main 253326] Confirming: 9/9
[3 INFO main 253952] Scout.Query -> Verify.DriveTo | Go to unverified source
[3 INFO main 281504] Verify.DriveTo -> Verify.Homing | Homing
[3 INFO main 297984] Confirming: 1/9
[3 INFO main 298294] Verify.Homing -> Scout.Query | Arrived home
[3 INFO main 300049] Confirming: 2/9
[3 INFO main 302065] Confirming: 3/9
[3 INFO main 304124] Confirming: 4/9
[3 INFO main 306151] Confirming: 5/9
[3 INFO main 308164] Confirming: 6/9
[3 INFO main 310222] Confirming: 7/9
[3 INFO main 312282] Confirming: 8/9
[3 INFO main 314382] Confirming: 9/9
[3 INFO main 314407] Scout.Query -> Verify.DriveTo | Go to unverified source
[3 INFO main 354142] Verify.DriveTo -> Verify.Homing | Homing
[3 INFO main 374977] Confirming: 1/9
[3 INFO main 377002] Confirming: 2/9
[3 INFO main 381102] Confirming: 3/9
[3 INFO main 383148] Confirming: 5/9
[3 INFO main 385156] Confirming: 6/9
[3 INFO main 387258] Confirming: 7/9
[3 INFO main 387977] Verify.Homing -> Scout.Query | Arrived home
[3 INFO main 391307] Confirming: 9/9
[3 INFO main 391462] Scout.Query -> Verify.DriveTo | Go to unverified source
[3 INFO main 439980] Verify.DriveTo -> Verify.Homing | Homing
[3 INFO main 450402] Confirming: 2/9
[3 INFO main 452479] Confirming: 3/9
[3 INFO main 454570] Confirming: 4/9
[3 INFO main 456585] Confirming: 5/9
[3 INFO main 458680] Confirming: 6/9
[3 INFO main 460729] Confirming: 7/9
[3 INFO main 462758] Confirming: 8/9
[3 INFO main 464819] Confirming: 9/9
[3 INFO main 474001] Verify.Homing -> Scout.Query | Arrived home
[3 INFO main 474131] Scout.Query -> Verify.DriveTo | Go to unverified source
[3 INFO main 505370] Verify.DriveTo -> Verify.Homing | Homing
[3 INFO main 527925] Verify.Homing -> Scout.Query | Arrived home
[3 INFO main 538588] Confirming: 1/9
[3 INFO main 540640] Confirming: 2/9
[3 INFO main 542678] Confirming: 3/9
[3 INFO main 544773] Confirming: 4/9
[3 INFO main 546792] Confirming: 5/9
[3 INFO main 548836] Confirming: 6/9
[3 INFO main 550846] Confirming: 8/9
[3 INFO main 554974] Confirming: 9/9
[3 INFO main 555610] Scout.Query -> Verify.DriveTo | Go to unverified source
[3 INFO main 588751] Verify.DriveTo -> Verify.Homing | Homing
[3 INFO main 597099] Confirming: 1/9
[3 INFO main 599147] Confirming: 2/9
[3 INFO main 603169] Confirming: 4/9
[3 INFO main 605189] Confirming: 5/9
[3 INFO main 607283] Confirming: 6/9
[3 INFO main 609412] Confirming: 7/9
[3 INFO main 611450] Confirming: 8/9
[3 INFO main 613492] Confirming: 9/9
[3 INFO main 624860] Verify.Homing -> Scout.Query | Arrived home
[3 INFO main 624992] Scout.Query -> Verify.DriveTo | Go to unverified source
[3 INFO main 651972] Verify.DriveTo -> Verify.Homing | Homing
[3 INFO main 658222] Confirming: 1/9
[3 INFO main 660265] Confirming: 2/9
[3 INFO main 662359] Confirming: 3/9
[3 INFO main 664364] Confirming: 4/9
[3 INFO main 666401] Confirming: 5/9
[3 INFO main 668458] Confirming: 6/9
[3 INFO main 670542] Confirming: 7/9
[3 INFO main 672639] Confirming: 8/9
[3 INFO main 674672] Confirming: 9/9
[3 INFO main 685258] Verify.Homing -> Scout.Query | Arrived home
[3 INFO main 685385] Scout.Query -> Verify.DriveTo | Go to unverified source
[3 INFO main 726691] Verify.DriveTo -> Verify.Homing | Homing
[3 INFO main 747395] Confirming: 1/9
[3 INFO main 749694] Confirming: 2/9
[3 INFO main 751806] Confirming: 3/9
[3 INFO main 753583] Verify.Homing -> Scout.Query | Arrived home
[3 INFO main 753888] Confirming: 4/9
[3 INFO main 755954] Confirming: 5/9
[3 INFO main 758031] Confirming: 6/9
[3 INFO main 760134] Confirming: 7/9
[3 INFO main 762234] Confirming: 8/9
[3 INFO main 764252] Confirming: 9/9
[3 INFO main 764297] Scout.Query -> Verify.DriveTo | Go to unverified source
[3 INFO main 802348] Verify.DriveTo -> Verify.Homing | Homing
[3 INFO main 808629] Confirming: 1/9
[3 INFO main 810697] Confirming: 2/9
[3 INFO main 812792] Confirming: 4/9
[3 INFO main 814924] Confirming: 5/9
[3 INFO main 816977] Confirming: 6/9
[3 INFO main 819001] Confirming: 7/9
[3 INFO main 823119] Confirming: 9/9
[3 INFO main 836230] Verify.Homing -> Scout.Query | Arrived home
[3 INFO main 836361] Scout.Query -> Verify.DriveTo | Go to unverified source
[3 INFO main 859030] Verify.DriveTo -> Verify.Homing | Homing
[3 INFO main 869458] Confirming: 2/9
[3 INFO main 871528] Confirming: 3/9
[3 INFO main 873664] Confirming: 4/9
[3 INFO main 877753] Confirming: 6/9
[3 INFO main 879767] Confirming: 7/9
[3 INFO main 881852] Confirming: 8/9
[3 INFO main 884051] Confirming: 9/9
[3 INFO main 886979] Verify.Homing -> Scout.Query | Arrived home
[3 INFO main 887172] Scout.Query -> Verify.DriveTo | Go to unverified source
[3 INFO main 932893] Verify.DriveTo -> Verify.Homing | Homing
[3 INFO main 957661] Confirming: 1/9
[3 INFO main 959695] Confirming: 2/9
[3 INFO main 960160] Verify.Homing -> Scout.Query | Arrived home
[3 INFO main 961738] Confirming: 3/9
[3 INFO main 963756] Confirming: 4/9
[3 INFO main 965830] Confirming: 5/9
[3 INFO main 967842] Confirming: 6/9
[3 INFO main 969875] Confirming: 7/9
[3 INFO main 971998] Confirming: 8/9
[3 INFO main 973989] Confirming: 9/9
[3 INFO main 974203] Scout.Query -> Verify.DriveTo | Go to unverified source
[3 INFO main 1031689] Verify.DriveTo -> Verify.Homing | Homing
[3 INFO main 1048264] Confirming: 1/9
[3 INFO main 1050277] Confirming: 2/9
[3 INFO main 1052289] Confirming: 3/9
[3 INFO main 1054453] Confirming: 4/9
[3 INFO main 1056463] Confirming: 5/9
[3 INFO main 1058494] Confirming: 6/9
[3 INFO main 1058876] Verify.Homing -> Scout.Query | Arrived home
[3 INFO main 1060578] Confirming: 7/9
[3 INFO main 1062616] Confirming: 8/9
[3 INFO main 1064704] Confirming: 9/9
[3 INFO main 1065166] Scout.Query -> Verify.DriveTo | Go to unverified source
[3 INFO main 1108418] Verify.DriveTo -> Verify.Homing | Homing
[3 INFO main 1133384] Verify.Homing -> Scout.Query | Arrived home
[3 INFO main 1137310] Confirming: 1/9
[3 INFO main 1139349] Confirming: 2/9
[3 INFO main 1141372] Confirming: 3/9
[3 INFO main 1143365] Confirming: 4/9
[3 INFO main 1145481] Confirming: 5/9
[3 INFO main 1147655] Confirming: 6/9
[3 INFO main 1149754] Confirming: 7/9
[3 INFO main 1151847] Confirming: 8/9
[3 INFO main 1153860] Confirming: 9/9
[3 INFO main 1153999] Scout.Query -> Verify.DriveTo | Go to unverified source
[3 INFO main 1185514] Verify.DriveTo -> Verify.Homing | Homing
[3 INFO main 1197971] Confirming: 1/9
[3 INFO main 1200002] Confirming: 2/9
[3 INFO main 1202048] Confirming: 3/9
[3 INFO main 1204134] Confirming: 4/9
[3 INFO main 1206160] Confirming: 5/9
[3 INFO main 1208243] Confirming: 6/9
[3 INFO main 1210360] Confirming: 7/9
[3 INFO main 1210769] Verify.Homing -> Scout.Query | Arrived home
[3 INFO main 1212373] Confirming: 8/9
[3 INFO main 1214596] Confirming: 9/9
[3 INFO main 1215039] Scout.Query -> Verify.DriveTo | Go to unverified source
[3 INFO main 1252634] Verify.DriveTo -> Verify.Homing | Homing
[3 INFO main 1258814] Confirming: 2/9
[3 INFO main 1260934] Confirming: 3/9
[3 INFO main 1262971] Confirming: 4/9
[3 INFO main 1267086] Confirming: 6/9
[3 INFO main 1269102] Confirming: 7/9
[3 INFO main 1273205] Confirming: 9/9
[3 INFO main 1278399] Verify.Homing -> Scout.Query | Arrived home
[3 INFO main 1278625] Scout.Query -> Verify.DriveTo | Go to unverified source
[3 INFO main 1311144] Verify.DriveTo -> Verify.Homing | Homing
[3 INFO main 1317404] Confirming: 1/9
[3 INFO main 1319466] Confirming: 2/9
[3 INFO main 1321485] Confirming: 3/9
[3 INFO main 1323536] Confirming: 4/9
[3 INFO main 1325545] Confirming: 5/9
[3 INFO main 1327733] Confirming: 6/9
[3 INFO main 1329839] Confirming: 7/9
[3 INFO main 1331931] Confirming: 8/9
[3 INFO main 1334021] Confirming: 9/9
[3 INFO main 1346636] Verify.Homing -> Scout.Query | Arrived home
[3 INFO main 1346780] Scout.Query -> Verify.DriveTo | Go to unverified source
[3 INFO main 1381287] Verify.DriveTo -> Verify.Homing | Homing
[3 INFO main 1397396] Verify.Homing -> Scout.Query | Arrived home
[3 INFO main 1408022] Confirming: 1/9
[3 INFO main 1410048] Confirming: 2/9
[3 INFO main 1412216] Confirming: 3/9
[3 INFO main 1414223] Confirming: 4/9
[3 INFO main 1416296] Confirming: 5/9
[3 INFO main 1418342] Confirming: 6/9
[3 INFO main 1420407] Confirming: 7/9
[3 INFO main 1422463] Confirming: 8/9
[3 INFO main 1424507] Confirming: 9/9
[3 INFO main 1424838] Scout.Query -> Verify.DriveTo | Go to unverified source
[3 INFO main 1442931] Verify.DriveTo -> Verify.Homing | Homing
[3 INFO main 1463614] Confirming: 1/9
[3 INFO main 1464763] Verify.Homing -> Scout.Query | Arrived home
[3 INFO main 1465631] Confirming: 2/9
[3 INFO main 1467721] Confirming: 3/9
[3 INFO main 1469745] Confirming: 4/9
[3 INFO main 1471812] Confirming: 5/9
[3 INFO main 1475893] Confirming: 7/9
[3 INFO main 1478007] Confirming: 8/9
[3 INFO main 1480124] Confirming: 9/9
[3 INFO main 1480162] Scout.Query -> Verify.DriveTo | Go to unverified source
[3 INFO main 1525060] Verify.DriveTo -> Verify.Homing | Homing
[3 INFO main 1545644] Verify.Homing -> Scout.Query | Arrived home
[3 INFO main 1558261] Confirming: 1/9
[3 INFO main 1560325] Confirming: 2/9
[3 INFO main 1562345] Confirming: 3/9
[3 INFO main 1564459] Confirming: 4/9
[3 INFO main 1566484] Confirming: 5/9
[3 INFO main 1568484] Confirming: 6/9
[3 INFO main 1570518] Confirming: 7/9
[3 INFO main 1572530] Confirming: 8/9
[3 INFO main 1574570] Confirming: 9/9
[3 INFO main 1575457] Scout.Query -> Verify.DriveTo | Go to unverified source
[3 INFO main 1610136] Verify.DriveTo -> Verify.Homing | Homing
[3 INFO main 1618490] Confirming: 1/9
[3 INFO main 1620647] Confirming: 2/9
[3 INFO main 1622729] Confirming: 3/9
[3 INFO main 1624811] Confirming: 5/9
[3 INFO main 1628958] Confirming: 7/9
[3 INFO main 1631024] Confirming: 8/9
[3 INFO main 1633084] Confirming: 9/9
[3 INFO main 1636185] Verify.Homing -> Scout.Query | Arrived home
[3 INFO main 1636320] Scout.Query -> Verify.DriveTo | Go to unverified source
[3 INFO main 1674559] Verify.DriveTo -> Verify.Homing | Homing
[3 INFO main 1708059] Confirming: 1/9
[3 INFO main 1710169] Confirming: 2/9
[3 INFO main 1712224] Confirming: 3/9
[3 INFO main 1714245] Confirming: 4/9
[3 INFO main 1716344] Confirming: 5/9
[3 INFO main 1718346] Confirming: 6/9
[3 INFO main 1720401] Confirming: 7/9
[3 INFO main 1722488] Confirming: 8/9
[3 INFO main 1724576] Confirming: 9/9
[3 INFO main 1732255] Verify.Homing -> Scout.Query | Arrived home
[3 INFO main 1732397] Scout.Query -> Verify.DriveTo | Go to unverified source
[3 INFO main 1769350] Verify.DriveTo -> Verify.Homing | Homing
[3 INFO main 1798184] Confirming: 1/9
[3 INFO main 1800286] Confirming: 2/9
