[13 INFO main 28] Initialising Python Geth Console...
[13 INFO main 32] Initialising RandB board...
[13 INFO main 32] Initialising navigation...
[13 INFO main 32] Initialising random-walk...
[13 INFO main 32] Initialising odometry...
[13 INFO main 32] Initialising ground-sensors...
[13 INFO main 341] --//-- Starting Experiment --//--
[13 INFO main 1438] Idle.IDLE -> Scout.Query | Duration: 22.22
[13 INFO main 20699] Scout.Query -> Scout.GotoCenter | Drive to others reported pos
[13 INFO main 100004] Scout.GotoCenter -> Scout.Query | return to random walk
[13 INFO main 114463] Confirming: 1/8
[13 INFO main 116517] Confirming: 2/8
[13 INFO main 118580] Confirming: 3/8
[13 INFO main 120625] Confirming: 4/8
[13 INFO main 122692] Confirming: 5/8
[13 INFO main 124724] Confirming: 6/8
[13 INFO main 126837] Confirming: 7/8
[13 INFO main 128857] Confirming: 8/8
[13 INFO main 130815] Scout.Query -> Scout.GotoCenter | Drive to others reported pos
[13 INFO main 147176] Scout.GotoCenter -> Scout.Query | return to random walk
[13 INFO main 174013] Confirming: 1/8
[13 INFO main 178129] Confirming: 3/8
[13 INFO main 182220] Confirming: 4/8
[13 INFO main 184233] Confirming: 5/8
[13 INFO main 186332] Confirming: 7/8
[13 INFO main 190448] Confirming: 9/8
[13 INFO main 193001] Scout.Query -> Scout.GotoCenter | Drive to others reported pos
[13 INFO main 333726] Scout.GotoCenter -> Scout.Query | return to random walk
[13 INFO main 370888] Confirming: 1/8
[13 INFO main 373072] Confirming: 2/8
[13 INFO main 375055] Confirming: 3/8
[13 INFO main 377104] Confirming: 4/8
[13 INFO main 381252] Confirming: 6/8
[13 INFO main 391488] Confirming: 11/8
[13 INFO main 464406] Scout.Query -> Scout.GotoCenter | Drive to others reported pos
[13 INFO main 484107] Scout.GotoCenter -> Scout.Query | return to random walk
[13 INFO main 506488] Confirming: 1/8
[13 INFO main 508573] Confirming: 2/8
[13 INFO main 510652] Confirming: 3/8
[13 INFO main 512724] Confirming: 4/8
[13 INFO main 514812] Confirming: 6/8
[13 INFO main 518932] Confirming: 8/8
[13 INFO main 519754] Scout.Query -> Scout.GotoCenter | Drive to others reported pos
[13 INFO main 597585] Scout.GotoCenter -> Scout.Query | return to random walk
[13 INFO main 626396] Confirming: 1/8
[13 INFO main 628449] Confirming: 2/8
[13 INFO main 630569] Confirming: 3/8
[13 INFO main 632652] Confirming: 4/8
[13 INFO main 634668] Confirming: 5/8
[13 INFO main 636669] Confirming: 6/8
[13 INFO main 638700] Confirming: 7/8
[13 INFO main 640700] Confirming: 8/8
