[9 INFO main 50] Initialising Python Geth Console...
[9 INFO main 56] Initialising RandB board...
[9 INFO main 56] Initialising navigation...
[9 INFO main 56] Initialising random-walk...
[9 INFO main 56] Initialising odometry...
[9 INFO main 56] Initialising ground-sensors...
[9 INFO main 539] --//-- Starting Experiment --//--
[9 INFO main 1982] Idle.IDLE -> Scout.Query | Duration: 27.34
[9 INFO main 34909] Scout.Query -> Verify.DriveTo | Go to unverified source
[9 INFO main 68173] Verify.DriveTo -> Verify.Homing | Homing
[9 INFO main 88027] Verify.Homing -> Scout.Query | Arrived home
[9 INFO main 88946] Confirming: 1/9
[9 INFO main 91023] Confirming: 2/9
[9 INFO main 93242] Confirming: 3/9
[9 INFO main 95263] Confirming: 4/9
[9 INFO main 97327] Confirming: 5/9
[9 INFO main 99402] Confirming: 6/9
[9 INFO main 101430] Confirming: 7/9
[9 INFO main 103475] Confirming: 8/9
[9 INFO main 107728] Confirming: 10/9
[9 INFO main 108489] Scout.Query -> Verify.DriveTo | Go to unverified source
[9 INFO main 165755] Verify.DriveTo -> Verify.Homing | Homing
[9 INFO main 180505] Confirming: 1/9
[9 INFO main 182563] Confirming: 3/9
[9 INFO main 184368] Verify.Homing -> Scout.Query | Arrived home
[9 INFO main 184621] Confirming: 4/9
[9 INFO main 186668] Confirming: 5/9
[9 INFO main 188755] Confirming: 6/9
[9 INFO main 190858] Confirming: 7/9
[9 INFO main 192943] Confirming: 8/9
[9 INFO main 195010] Confirming: 9/9
[9 INFO main 195035] Scout.Query -> Verify.DriveTo | Go to unverified source
[9 INFO main 217603] Verify.DriveTo -> Verify.Homing | Homing
[9 INFO main 238824] Confirming: 1/9
[9 INFO main 243002] Confirming: 3/9
[9 INFO main 245082] Confirming: 4/9
[9 INFO main 246490] Verify.Homing -> Scout.Query | Arrived home
[9 INFO main 247089] Confirming: 5/9
[9 INFO main 249118] Confirming: 6/9
[9 INFO main 251124] Confirming: 7/9
[9 INFO main 253179] Confirming: 8/9
[9 INFO main 255191] Confirming: 9/9
[9 INFO main 255353] Scout.Query -> Verify.DriveTo | Go to unverified source
[9 INFO main 300770] Verify.DriveTo -> Verify.Homing | Homing
[9 INFO main 329510] Confirming: 1/9
[9 INFO main 329511] Verify.Homing -> Scout.Query | Arrived home
[9 INFO main 331796] Confirming: 2/9
[9 INFO main 333855] Confirming: 3/9
[9 INFO main 335876] Confirming: 4/9
[9 INFO main 337972] Confirming: 5/9
[9 INFO main 339920] Confirming: 6/9
[9 INFO main 342041] Confirming: 7/9
[9 INFO main 344092] Confirming: 8/9
[9 INFO main 346151] Confirming: 9/9
[9 INFO main 346868] Scout.Query -> Verify.DriveTo | Go to unverified source
[9 INFO main 367457] Verify.DriveTo -> Verify.Homing | Homing
[9 INFO main 385967] Confirming: 1/9
[9 INFO main 387996] Confirming: 2/9
[9 INFO main 390047] Confirming: 3/9
[9 INFO main 392086] Confirming: 4/9
[9 INFO main 394094] Confirming: 5/9
[9 INFO main 396200] Confirming: 6/9
[9 INFO main 396954] Verify.Homing -> Scout.Query | Arrived home
[9 INFO main 398261] Confirming: 7/9
[9 INFO main 400347] Confirming: 8/9
[9 INFO main 402353] Confirming: 9/9
[9 INFO main 402512] Scout.Query -> Verify.DriveTo | Go to unverified source
[9 INFO main 474041] Verify.DriveTo -> Verify.Homing | Homing
[9 INFO main 498633] Verify.Homing -> Scout.Query | Arrived home
[9 INFO main 508885] Confirming: 1/9
[9 INFO main 510987] Confirming: 2/9
[9 INFO main 513027] Confirming: 3/9
[9 INFO main 515071] Confirming: 4/9
[9 INFO main 517089] Confirming: 5/9
[9 INFO main 519199] Confirming: 6/9
[9 INFO main 521240] Confirming: 7/9
[9 INFO main 523307] Confirming: 8/9
[9 INFO main 525398] Confirming: 9/9
[9 INFO main 525618] Scout.Query -> Verify.DriveTo | Go to unverified source
[9 INFO main 587434] Verify.DriveTo -> Verify.Homing | Homing
[9 INFO main 599797] Confirming: 1/9
[9 INFO main 601809] Confirming: 2/9
[9 INFO main 603863] Confirming: 3/9
[9 INFO main 604943] Verify.Homing -> Scout.Query | Arrived home
[9 INFO main 605868] Confirming: 4/9
[9 INFO main 607959] Confirming: 5/9
[9 INFO main 610117] Confirming: 6/9
[9 INFO main 616262] Confirming: 9/9
[9 INFO main 616684] Scout.Query -> Verify.DriveTo | Go to unverified source
[9 INFO main 660272] Verify.DriveTo -> Verify.Homing | Homing
[9 INFO main 681789] Verify.Homing -> Scout.Query | Arrived home
[9 INFO main 689384] Confirming: 1/9
[9 INFO main 691486] Confirming: 2/9
[9 INFO main 693518] Confirming: 3/9
[9 INFO main 695618] Confirming: 4/9
[9 INFO main 697645] Confirming: 5/9
[9 INFO main 699741] Confirming: 6/9
[9 INFO main 701840] Confirming: 7/9
[9 INFO main 703873] Confirming: 8/9
[9 INFO main 706067] Confirming: 9/9
[9 INFO main 706096] Scout.Query -> Verify.DriveTo | Go to unverified source
[9 INFO main 748022] Verify.DriveTo -> Verify.Homing | Homing
[9 INFO main 777675] Verify.Homing -> Scout.Query | Arrived home
[9 INFO main 781095] Confirming: 2/9
[9 INFO main 783197] Confirming: 3/9
[9 INFO main 785296] Confirming: 4/9
[9 INFO main 787351] Confirming: 5/9
[9 INFO main 789444] Confirming: 6/9
[9 INFO main 791536] Confirming: 7/9
[9 INFO main 793656] Confirming: 8/9
[9 INFO main 795655] Confirming: 9/9
[9 INFO main 796322] Scout.Query -> Verify.DriveTo | Go to unverified source
[9 INFO main 834748] Verify.DriveTo -> Verify.Homing | Homing
[9 INFO main 856494] Verify.Homing -> Scout.Query | Arrived home
[9 INFO main 870063] Confirming: 1/9
[9 INFO main 872158] Confirming: 2/9
[9 INFO main 874560] Confirming: 3/9
[9 INFO main 876553] Confirming: 4/9
[9 INFO main 878606] Confirming: 6/9
[9 INFO main 880662] Confirming: 7/9
[9 INFO main 882730] Confirming: 8/9
[9 INFO main 884767] Confirming: 9/9
[9 INFO main 884797] Scout.Query -> Verify.DriveTo | Go to unverified source
[9 INFO main 926710] Verify.DriveTo -> Verify.Homing | Homing
[9 INFO main 943426] Verify.Homing -> Scout.Query | Arrived home
[9 INFO main 959775] Confirming: 1/9
[9 INFO main 961798] Confirming: 2/9
[9 INFO main 963846] Confirming: 3/9
[9 INFO main 965876] Confirming: 4/9
[9 INFO main 967920] Confirming: 5/9
[9 INFO main 969939] Confirming: 6/9
[9 INFO main 972001] Confirming: 7/9
[9 INFO main 974033] Confirming: 8/9
[9 INFO main 976082] Confirming: 9/9
[9 INFO main 976956] Scout.Query -> Verify.DriveTo | Go to unverified source
[9 INFO main 1033361] Verify.DriveTo -> Verify.Homing | Homing
[9 INFO main 1045804] Confirming: 1/9
[9 INFO main 1047828] Confirming: 2/9
[9 INFO main 1049859] Confirming: 3/9
[9 INFO main 1051894] Confirming: 4/9
[9 INFO main 1054003] Confirming: 5/9
[9 INFO main 1056026] Confirming: 6/9
[9 INFO main 1058168] Confirming: 7/9
[9 INFO main 1060271] Confirming: 8/9
[9 INFO main 1062287] Confirming: 9/9
[9 INFO main 1063185] Verify.Homing -> Scout.Query | Arrived home
[9 INFO main 1063336] Scout.Query -> Verify.DriveTo | Go to unverified source
[9 INFO main 1101461] Verify.DriveTo -> Verify.Homing | Homing
[9 INFO main 1118326] Verify.Homing -> Scout.Query | Arrived home
[9 INFO main 1141099] Confirming: 2/9
[9 INFO main 1143631] Confirming: 3/9
[9 INFO main 1145721] Confirming: 4/9
[9 INFO main 1147781] Confirming: 5/9
[9 INFO main 1149789] Confirming: 6/9
[9 INFO main 1151855] Confirming: 7/9
[9 INFO main 1156062] Confirming: 9/9
[9 INFO main 1156780] Scout.Query -> Verify.DriveTo | Go to unverified source
[9 INFO main 1183918] Verify.DriveTo -> Verify.Homing | Homing
[9 INFO main 1198489] Confirming: 1/9
[9 INFO main 1200583] Confirming: 3/9
[9 INFO main 1202624] Confirming: 4/9
[9 INFO main 1204547] Confirming: 5/9
[9 INFO main 1208798] Confirming: 6/9
[9 INFO main 1210807] Confirming: 7/9
[9 INFO main 1212819] Confirming: 8/9
[9 INFO main 1215027] Confirming: 10/9
[9 INFO main 1280372] Verify.Homing -> Scout.Query | Arrived home
[9 INFO main 1280503] Scout.Query -> Verify.DriveTo | Go to unverified source
[9 INFO main 1334177] Verify.DriveTo -> Verify.Homing | Homing
[9 INFO main 1350960] Confirming: 2/9
[9 INFO main 1353028] Confirming: 3/9
[9 INFO main 1355052] Confirming: 4/9
[9 INFO main 1357118] Confirming: 5/9
[9 INFO main 1359157] Confirming: 6/9
[9 INFO main 1361301] Confirming: 7/9
[9 INFO main 1363307] Confirming: 8/9
[9 INFO main 1365294] Confirming: 9/9
[9 INFO main 1369360] Verify.Homing -> Scout.Query | Arrived home
[9 INFO main 1369493] Scout.Query -> Verify.DriveTo | Go to unverified source
[9 INFO main 1443197] Verify.DriveTo -> Verify.Homing | Homing
[9 INFO main 1460305] Verify.Homing -> Scout.Query | Arrived home
[9 INFO main 1470395] Confirming: 1/9
[9 INFO main 1472460] Confirming: 2/9
[9 INFO main 1474496] Confirming: 3/9
[9 INFO main 1476510] Confirming: 4/9
[9 INFO main 1478678] Confirming: 6/9
[9 INFO main 1480700] Confirming: 7/9
[9 INFO main 1482795] Confirming: 8/9
[9 INFO main 1484856] Confirming: 9/9
[9 INFO main 1484891] Scout.Query -> Verify.DriveTo | Go to unverified source
[9 INFO main 1524199] Verify.DriveTo -> Verify.Homing | Homing
[9 INFO main 1530377] Confirming: 1/9
[9 INFO main 1532428] Confirming: 2/9
[9 INFO main 1534468] Confirming: 3/9
[9 INFO main 1536731] Confirming: 5/9
[9 INFO main 1538794] Confirming: 6/9
[9 INFO main 1540843] Verify.Homing -> Scout.Query | Arrived home
[9 INFO main 1542831] Confirming: 8/9
[9 INFO main 1544891] Confirming: 9/9
[9 INFO main 1545785] Scout.Query -> Verify.DriveTo | Go to unverified source
[9 INFO main 1615350] Verify.DriveTo -> Verify.Homing | Homing
[9 INFO main 1644176] Verify.Homing -> Scout.Query | Arrived home
[9 INFO main 1650362] Confirming: 1/9
[9 INFO main 1652521] Confirming: 2/9
[9 INFO main 1654678] Confirming: 3/9
[9 INFO main 1656768] Confirming: 4/9
[9 INFO main 1658807] Confirming: 6/9
[9 INFO main 1662965] Confirming: 7/9
[9 INFO main 1665044] Confirming: 9/9
[9 INFO main 1665078] Scout.Query -> Verify.DriveTo | Go to unverified source
[9 INFO main 1721121] Verify.DriveTo -> Verify.Homing | Homing
[9 INFO main 1739660] Confirming: 1/9
[9 INFO main 1741699] Confirming: 2/9
[9 INFO main 1741916] Verify.Homing -> Scout.Query | Arrived home
[9 INFO main 1743762] Confirming: 3/9
[9 INFO main 1745811] Confirming: 4/9
[9 INFO main 1748075] Confirming: 5/9
[9 INFO main 1750140] Confirming: 6/9
[9 INFO main 1752171] Confirming: 7/9
[9 INFO main 1754241] Confirming: 8/9
[9 INFO main 1756260] Confirming: 9/9
[9 INFO main 1756854] Scout.Query -> Verify.DriveTo | Go to unverified source
