[3 INFO main 34] Initialising Python Geth Console...
[3 INFO main 39] Initialising RandB board...
[3 INFO main 39] Initialising navigation...
[3 INFO main 39] Initialising random-walk...
[3 INFO main 39] Initialising odometry...
[3 INFO main 39] Initialising ground-sensors...
[3 INFO main 851] --//-- Starting Experiment --//--
[3 INFO main 1951] Idle.IDLE -> Scout.Query | Duration: 20.07
[3 INFO main 16499] Scout.Query -> Scout.GotoCenter | Drive to others reported pos
[3 INFO main 45221] Scout.GotoCenter -> Scout.Query | return to random walk
[3 INFO main 80899] Scout.Query -> Scout.GotoCenter | Drive to others reported pos
[3 INFO main 110344] Scout.GotoCenter -> Scout.Query | return to random walk
[3 INFO main 171340] Scout.Query -> Scout.GotoCenter | Drive to others reported pos
[3 INFO main 176460] Scout.GotoCenter -> Scout.Query | return to random walk
[3 INFO main 201740] Scout.Query -> Scout.GotoCenter | Drive to others reported pos
[3 INFO main 236794] Scout.GotoCenter -> Scout.Query | return to random walk
[3 INFO main 348676] Scout.Query -> Scout.GotoCenter | Drive to others reported pos
[3 INFO main 382546] Scout.GotoCenter -> Scout.Query | return to random walk
[3 INFO main 433112] Scout.Query -> Scout.GotoCenter | Drive to others reported pos
[3 INFO main 471160] Scout.GotoCenter -> Scout.Query | return to random walk
[3 INFO main 496624] Scout.Query -> Scout.GotoCenter | Drive to others reported pos
[3 INFO main 529775] Scout.GotoCenter -> Scout.Query | return to random walk
[3 INFO main 570748] Scout.Query -> Scout.GotoCenter | Drive to others reported pos
[3 INFO main 624309] Scout.GotoCenter -> Scout.Query | return to random walk
[3 INFO main 660261] Scout.Query -> Scout.GotoCenter | Drive to others reported pos
[3 INFO main 669806] Scout.GotoCenter -> Scout.Query | return to random walk
[3 INFO main 720681] Scout.Query -> Scout.GotoCenter | Drive to others reported pos
[3 INFO main 757534] Scout.GotoCenter -> Scout.Query | return to random walk
[3 INFO main 838691] Scout.Query -> Scout.GotoCenter | Drive to others reported pos
[3 INFO main 867932] Scout.GotoCenter -> Scout.Query | return to random walk
[3 INFO main 959711] Scout.Query -> Scout.GotoCenter | Drive to others reported pos
[3 INFO main 981471] Scout.GotoCenter -> Scout.Query | return to random walk
[3 INFO main 1027339] Scout.Query -> Scout.GotoCenter | Drive to others reported pos
[3 INFO main 1058705] Scout.GotoCenter -> Scout.Query | return to random walk
[3 INFO main 1089309] Scout.Query -> Scout.GotoCenter | Drive to others reported pos
[3 INFO main 1130240] Scout.GotoCenter -> Scout.Query | return to random walk
[3 INFO main 1165766] Scout.Query -> Scout.GotoCenter | Drive to others reported pos
[3 INFO main 1196498] Scout.GotoCenter -> Scout.Query | return to random walk
[3 INFO main 1242229] Scout.Query -> Scout.GotoCenter | Drive to others reported pos
[3 INFO main 1263383] Scout.GotoCenter -> Scout.Query | return to random walk
[3 INFO main 1309059] Scout.Query -> Scout.GotoCenter | Drive to others reported pos
[3 INFO main 1352458] Scout.GotoCenter -> Scout.Query | return to random walk
