[8 INFO main 30] Initialising Python Geth Console...
[8 INFO main 33] Initialising RandB board...
[8 INFO main 33] Initialising navigation...
[8 INFO main 33] Initialising random-walk...
[8 INFO main 33] Initialising odometry...
[8 INFO main 33] Initialising ground-sensors...
[8 INFO main 596] --//-- Starting Experiment --//--
[8 INFO main 1696] Idle.IDLE -> Scout.Query | Duration: 21.92
[8 INFO main 131773] Scout.Query -> Scout.GotoCenter | Drive to others reported pos
[8 INFO main 150897] Scout.GotoCenter -> Scout.Query | Back to normal
[8 INFO main 157605] Scout.Query -> Scout.GotoCenter | Drive to others reported pos
[8 INFO main 181836] Scout.GotoCenter -> Scout.Query | return to random walk
[8 INFO main 183540] Scout.Query -> Scout.GotoCenter | Drive to others reported pos
[8 INFO main 185042] Scout.GotoCenter -> Scout.Query | return to random walk
[8 INFO main 188547] Scout.Query -> Scout.GotoCenter | Drive to others reported pos
[8 INFO main 188949] Scout.GotoCenter -> Scout.Query | return to random walk
[8 INFO main 215083] Scout.Query -> Scout.GotoCenter | Drive to others reported pos
[8 INFO main 216082] Scout.GotoCenter -> Scout.Query | return to random walk
[8 INFO main 217184] Scout.Query -> Scout.GotoCenter | Drive to others reported pos
[8 INFO main 219187] Scout.GotoCenter -> Scout.Query | return to random walk
[8 INFO main 227499] Scout.Query -> Scout.GotoCenter | Drive to others reported pos
[8 INFO main 234807] Scout.GotoCenter -> Scout.Query | return to random walk
[8 INFO main 290378] Scout.Query -> Scout.GotoCenter | Drive to others reported pos
[8 INFO main 311902] Scout.GotoCenter -> Scout.Query | return to random walk
