[9 INFO main 61] Initialising Python Geth Console...
[9 INFO main 65] Initialising RandB board...
[9 INFO main 65] Initialising navigation...
[9 INFO main 65] Initialising random-walk...
[9 INFO main 65] Initialising odometry...
[9 INFO main 65] Initialising ground-sensors...
[9 INFO main 652] --//-- Starting Experiment --//--
[9 INFO main 1751] Idle.IDLE -> Scout.Query | Duration: 21.53
[9 INFO main 47818] Scout.Query -> Scout.GotoCenter | Drive to others reported pos
[9 INFO main 48713] Scout.GotoCenter -> Scout.Query | return to random walk
[9 INFO main 48819] Scout.Query -> Scout.GotoCenter | Drive to others reported pos
[9 INFO main 50318] Scout.GotoCenter -> Scout.Query | return to random walk
[9 INFO main 50921] Scout.Query -> Scout.GotoCenter | Drive to others reported pos
[9 INFO main 52219] Scout.GotoCenter -> Scout.Query | return to random walk
[9 INFO main 53023] Scout.Query -> Scout.GotoCenter | Drive to others reported pos
[9 INFO main 53620] Scout.GotoCenter -> Scout.Query | return to random walk
[9 INFO main 54025] Scout.Query -> Scout.GotoCenter | Drive to others reported pos
[9 INFO main 55929] Scout.GotoCenter -> Scout.Query | return to random walk
[9 INFO main 56027] Scout.Query -> Scout.GotoCenter | Drive to others reported pos
[9 INFO main 58132] Scout.GotoCenter -> Scout.Query | return to random walk
[9 INFO main 59230] Scout.Query -> Scout.GotoCenter | Drive to others reported pos
[9 INFO main 62536] Scout.GotoCenter -> Scout.Query | return to random walk
