[12 INFO main 28] Initialising Python Geth Console...
[12 INFO main 32] Initialising RandB board...
[12 INFO main 32] Initialising navigation...
[12 INFO main 32] Initialising random-walk...
[12 INFO main 32] Initialising odometry...
[12 INFO main 32] Initialising ground-sensors...
[12 INFO main 279] --//-- Starting Experiment --//--
[12 INFO main 1372] Idle.IDLE -> Scout.Query | Duration: 22.24
[12 INFO main 35808] Scout.Query -> Scout.GotoCenter | Drive to others reported pos
[12 INFO main 69932] Scout.GotoCenter -> Scout.Query | return to random walk
[12 INFO main 95100] Confirming: 1/8
[12 INFO main 97200] Confirming: 2/8
[12 INFO main 99210] Confirming: 3/8
[12 INFO main 101330] Confirming: 5/8
[12 INFO main 103388] Confirming: 6/8
[12 INFO main 105438] Confirming: 7/8
[12 INFO main 107513] Confirming: 8/8
[12 INFO main 380954] Scout.Query -> Scout.GotoCenter | Drive to others reported pos
[12 INFO main 392282] Scout.GotoCenter -> Scout.Query | return to random walk
[12 INFO main 416874] Confirming: 1/8
[12 INFO main 418950] Confirming: 2/8
[12 INFO main 420973] Confirming: 3/8
[12 INFO main 423049] Confirming: 4/8
[12 INFO main 425090] Confirming: 5/8
[12 INFO main 427106] Confirming: 6/8
[12 INFO main 429193] Confirming: 7/8
[12 INFO main 431212] Confirming: 8/8
[12 INFO main 627969] Scout.Query -> Scout.GotoCenter | Drive to others reported pos
[12 INFO main 685076] Scout.GotoCenter -> Scout.Query | return to random walk
[12 INFO main 718145] Confirming: 1/8
[12 INFO main 720170] Confirming: 2/8
[12 INFO main 722221] Confirming: 3/8
[12 INFO main 724325] Confirming: 4/8
[12 INFO main 726381] Confirming: 6/8
[12 INFO main 730421] Confirming: 7/8
[12 INFO main 732434] Confirming: 8/8
[12 INFO main 836618] Scout.Query -> Scout.GotoCenter | Drive to others reported pos
[12 INFO main 918688] Scout.GotoCenter -> Scout.Query | return to random walk
[12 INFO main 951569] Confirming: 1/8
[12 INFO main 953669] Confirming: 2/8
[12 INFO main 957858] Confirming: 4/8
[12 INFO main 959816] Confirming: 5/8
[12 INFO main 961918] Confirming: 6/8
[12 INFO main 964061] Confirming: 7/8
[12 INFO main 966081] Confirming: 8/8
[12 INFO main 974852] Scout.Query -> Scout.GotoCenter | Drive to others reported pos
[12 INFO main 1084457] Scout.GotoCenter -> Scout.Query | return to random walk
[12 INFO main 1099040] Confirming: 1/8
[12 INFO main 1101213] Confirming: 2/8
[12 INFO main 1103276] Confirming: 3/8
[12 INFO main 1105317] Confirming: 4/8
[12 INFO main 1107313] Confirming: 5/8
[12 INFO main 1109265] Confirming: 6/8
[12 INFO main 1111413] Confirming: 7/8
[12 INFO main 1113645] Confirming: 8/8
[12 INFO main 1115136] Scout.Query -> Scout.GotoCenter | Drive to others reported pos
[12 INFO main 1238042] Scout.GotoCenter -> Scout.Query | return to random walk
[12 INFO main 1250594] Confirming: 1/8
[12 INFO main 1252729] Confirming: 2/8
[12 INFO main 1254905] Confirming: 3/8
[12 INFO main 1256977] Confirming: 4/8
[12 INFO main 1259004] Confirming: 5/8
[12 INFO main 1261165] Confirming: 6/8
[12 INFO main 1263185] Confirming: 7/8
[12 INFO main 1265216] Confirming: 9/8
[12 INFO main 1562827] Scout.Query -> Scout.GotoCenter | Drive to others reported pos
[12 INFO main 1636713] Scout.GotoCenter -> Scout.Query | return to random walk
[12 INFO main 1684980] Confirming: 1/8
[12 INFO main 1687105] Confirming: 2/8
[12 INFO main 1689130] Confirming: 3/8
[12 INFO main 1691237] Confirming: 4/8
[12 INFO main 1693245] Confirming: 6/8
[12 INFO main 1695269] Confirming: 7/8
[12 INFO main 1697317] Confirming: 8/8
[12 INFO main 1834010] Scout.Query -> Scout.GotoCenter | Drive to others reported pos
[12 INFO main 1888165] Scout.GotoCenter -> Scout.Query | return to random walk
[12 INFO main 1902897] Confirming: 2/8
[12 INFO main 1904923] Confirming: 3/8
[12 INFO main 1907078] Confirming: 4/8
[12 INFO main 1909026] Confirming: 5/8
[12 INFO main 1911242] Confirming: 6/8
[12 INFO main 1913250] Confirming: 7/8
[12 INFO main 1915321] Confirming: 8/8
[12 INFO main 2045480] Scout.Query -> Scout.GotoCenter | Drive to others reported pos
[12 INFO main 2203193] Scout.GotoCenter -> Scout.Query | return to random walk
[12 INFO main 2215814] Confirming: 5/8
[12 INFO main 2217817] Confirming: 6/8
[12 INFO main 2219818] Confirming: 7/8
[12 INFO main 2221953] Confirming: 8/8
[12 INFO main 2223725] Scout.Query -> Scout.GotoCenter | Drive to others reported pos
[12 INFO main 2263652] Scout.GotoCenter -> Scout.Query | return to random walk
[12 INFO main 2274002] Confirming: 1/8
[12 INFO main 2276157] Confirming: 2/8
[12 INFO main 2278201] Confirming: 3/8
[12 INFO main 2280262] Confirming: 4/8
[12 INFO main 2282282] Confirming: 5/8
[12 INFO main 2284293] Confirming: 7/8
[12 INFO main 2286317] Confirming: 8/8
[12 INFO main 2415024] Scout.Query -> Scout.GotoCenter | Drive to others reported pos
[12 INFO main 2419141] Scout.GotoCenter -> Scout.Query | return to random walk
[12 INFO main 2441765] Confirming: 1/8
[12 INFO main 2445868] Confirming: 2/8
[12 INFO main 2447961] Confirming: 4/8
[12 INFO main 2450145] Confirming: 5/8
[12 INFO main 2452249] Confirming: 6/8
[12 INFO main 2456274] Confirming: 8/8
[12 INFO main 2670910] Scout.Query -> Scout.GotoCenter | Drive to others reported pos
[12 INFO main 2724166] Scout.GotoCenter -> Scout.Query | return to random walk
[12 INFO main 2734704] Confirming: 1/8
[12 INFO main 2736804] Confirming: 2/8
[12 INFO main 2738869] Confirming: 3/8
[12 INFO main 2740924] Confirming: 4/8
[12 INFO main 2742936] Confirming: 5/8
[12 INFO main 2744957] Confirming: 6/8
[12 INFO main 2746972] Confirming: 7/8
[12 INFO main 2748908] Confirming: 8/8
[12 INFO main 2749718] Scout.Query -> Scout.GotoCenter | Drive to others reported pos
[12 INFO main 2779289] Scout.GotoCenter -> Scout.Query | return to random walk
[12 INFO main 2806068] Confirming: 1/8
[12 INFO main 2808405] Confirming: 2/8
[12 INFO main 2810413] Confirming: 3/8
[12 INFO main 2812468] Confirming: 4/8
[12 INFO main 2814529] Confirming: 5/8
[12 INFO main 2816568] Confirming: 6/8
[12 INFO main 2818629] Confirming: 7/8
[12 INFO main 2820742] Confirming: 8/8
[12 INFO main 2825153] Scout.Query -> Scout.GotoCenter | Drive to others reported pos
[12 INFO main 2854504] Scout.GotoCenter -> Scout.Query | return to random walk
[12 INFO main 2866917] Confirming: 1/8
[12 INFO main 2868981] Confirming: 2/8
[12 INFO main 2871040] Confirming: 3/8
[12 INFO main 2873129] Confirming: 4/8
[12 INFO main 2875329] Confirming: 6/8
[12 INFO main 2879442] Confirming: 8/8
[12 INFO main 2880986] Scout.Query -> Scout.GotoCenter | Drive to others reported pos
[12 INFO main 2986599] Scout.GotoCenter -> Scout.Query | return to random walk
[12 INFO main 2995183] Confirming: 2/8
[12 INFO main 2997793] Confirming: 3/8
[12 INFO main 3001885] Confirming: 5/8
[12 INFO main 3004421] Confirming: 6/8
[12 INFO main 3006516] Confirming: 7/8
[12 INFO main 3008841] Confirming: 8/8
[12 INFO main 3476522] Scout.Query -> Scout.GotoCenter | Drive to others reported pos
[12 INFO main 3510814] Scout.GotoCenter -> Scout.Query | return to random walk
[12 INFO main 3539753] Confirming: 1/8
[12 INFO main 3541813] Confirming: 2/8
[12 INFO main 3543816] Confirming: 3/8
[12 INFO main 3545821] Confirming: 4/8
[12 INFO main 3547841] Confirming: 5/8
[12 INFO main 3549941] Confirming: 6/8
[12 INFO main 3552097] Confirming: 7/8
[12 INFO main 3554178] Confirming: 8/8
[12 INFO main 3663648] Scout.Query -> Scout.GotoCenter | Drive to others reported pos
[12 INFO main 3759312] Scout.GotoCenter -> Scout.Query | return to random walk
[12 INFO main 3782061] Confirming: 1/8
[12 INFO main 3784073] Confirming: 2/8
[12 INFO main 3786148] Confirming: 3/8
[12 INFO main 3788224] Confirming: 4/8
[12 INFO main 3790393] Confirming: 5/8
[12 INFO main 3792461] Confirming: 6/8
[12 INFO main 3794625] Confirming: 7/8
[12 INFO main 3796641] Confirming: 8/8
[12 INFO main 3801402] Scout.Query -> Scout.GotoCenter | Drive to others reported pos
[12 INFO main 3858218] Scout.GotoCenter -> Scout.Query | return to random walk
[12 INFO main 3873232] Confirming: 1/8
[12 INFO main 3875316] Confirming: 2/8
[12 INFO main 3877373] Confirming: 4/8
[12 INFO main 3879441] Confirming: 5/8
[12 INFO main 3881521] Confirming: 6/8
[12 INFO main 3885646] Confirming: 7/8
[12 INFO main 3887890] Confirming: 9/8
[12 INFO main 4315936] Confirming: 1/8
[12 INFO main 4318011] Confirming: 2/8
[12 INFO main 4319978] Confirming: 3/8
[12 INFO main 4322197] Confirming: 4/8
[12 INFO main 4324261] Confirming: 6/8
[12 INFO main 4326313] Confirming: 7/8
[12 INFO main 4328313] Confirming: 8/8
[12 INFO main 4341247] Scout.Query -> Scout.GotoCenter | Drive to others reported pos
[12 INFO main 4407915] Scout.GotoCenter -> Scout.Query | return to random walk
[12 INFO main 4466297] Confirming: 2/8
[12 INFO main 4470594] Confirming: 3/8
[12 INFO main 4472633] Confirming: 5/8
[12 INFO main 4475341] Confirming: 6/8
[12 INFO main 4477348] Confirming: 7/8
[12 INFO main 4479429] Confirming: 8/8
[12 INFO main 4650452] Scout.Query -> Scout.GotoCenter | Drive to others reported pos
[12 INFO main 4708712] Scout.GotoCenter -> Scout.Query | return to random walk
[12 INFO main 4717341] Confirming: 2/8
[12 INFO main 4721442] Confirming: 4/8
[12 INFO main 4723457] Confirming: 5/8
[12 INFO main 4725471] Confirming: 6/8
[12 INFO main 4727493] Confirming: 7/8
[12 INFO main 4729505] Confirming: 8/8
[12 INFO main 4861254] Scout.Query -> Scout.GotoCenter | Drive to others reported pos
[12 INFO main 4895541] Scout.GotoCenter -> Scout.Query | return to random walk
[12 INFO main 4931126] Confirming: 2/8
[12 INFO main 4933228] Confirming: 3/8
[12 INFO main 4935322] Confirming: 4/8
[12 INFO main 4937372] Confirming: 5/8
[12 INFO main 4939389] Confirming: 6/8
[12 INFO main 4941448] Confirming: 7/8
[12 INFO main 4943480] Confirming: 8/8
[12 INFO main 5144086] Scout.Query -> Scout.GotoCenter | Drive to others reported pos
[12 INFO main 5203932] Scout.GotoCenter -> Scout.Query | return to random walk
[12 INFO main 5228769] Confirming: 1/8
[12 INFO main 5230793] Confirming: 2/8
[12 INFO main 5232901] Confirming: 3/8
[12 INFO main 5234925] Confirming: 4/8
[12 INFO main 5236948] Confirming: 5/8
[12 INFO main 5239021] Confirming: 6/8
[12 INFO main 5241080] Confirming: 7/8
[12 INFO main 5243148] Confirming: 8/8
[12 INFO main 5245244] Scout.Query -> Scout.GotoCenter | Drive to others reported pos
[12 INFO main 5318408] Scout.GotoCenter -> Scout.Query | return to random walk
[12 INFO main 5347394] Confirming: 1/8
[12 INFO main 5351965] Confirming: 3/8
[12 INFO main 5354429] Confirming: 4/8
[12 INFO main 5356521] Confirming: 5/8
[12 INFO main 5358589] Confirming: 6/8
[12 INFO main 5360682] Confirming: 7/8
[12 INFO main 5362836] Confirming: 8/8
[12 INFO main 5364978] Scout.Query -> Scout.GotoCenter | Drive to others reported pos
[12 INFO main 5430638] Scout.GotoCenter -> Scout.Query | return to random walk
[12 INFO main 5439253] Confirming: 2/8
[12 INFO main 5441368] Confirming: 3/8
[12 INFO main 5443717] Confirming: 4/8
[12 INFO main 5445860] Confirming: 5/8
[12 INFO main 5447886] Confirming: 6/8
[12 INFO main 5450492] Confirming: 7/8
[12 INFO main 5452494] Confirming: 8/8
[12 INFO main 5456387] Scout.Query -> Scout.GotoCenter | Drive to others reported pos
[12 INFO main 5794832] Scout.GotoCenter -> Scout.Query | return to random walk
[12 INFO main 5812229] Confirming: 2/8
[12 INFO main 5817255] Confirming: 5/8
[12 INFO main 5820260] Confirming: 6/8
[12 INFO main 5822311] Confirming: 7/8
[12 INFO main 5825412] Confirming: 9/8
[12 INFO main 6085474] Scout.Query -> Scout.GotoCenter | Drive to others reported pos
[12 INFO main 6121872] Scout.GotoCenter -> Scout.Query | return to random walk
[12 INFO main 6126005] Confirming: 1/8
[12 INFO main 6128018] Confirming: 2/8
[12 INFO main 6130142] Confirming: 3/8
[12 INFO main 6132220] Confirming: 4/8
[12 INFO main 6134313] Confirming: 6/8
[12 INFO main 6136261] Confirming: 7/8
[12 INFO main 6138368] Confirming: 8/8
[12 INFO main 6142475] Scout.Query -> Scout.GotoCenter | Drive to others reported pos
[12 INFO main 6168946] Scout.GotoCenter -> Scout.Query | return to random walk
[12 INFO main 6193669] Confirming: 1/8
[12 INFO main 6195705] Confirming: 2/8
[12 INFO main 6197808] Confirming: 3/8
[12 INFO main 6199812] Confirming: 4/8
[12 INFO main 6202206] Confirming: 5/8
[12 INFO main 6204224] Confirming: 7/8
[12 INFO main 6206241] Confirming: 8/8
[12 INFO main 6217391] Scout.Query -> Scout.GotoCenter | Drive to others reported pos
[12 INFO main 6244867] Scout.GotoCenter -> Scout.Query | return to random walk
[12 INFO main 6249245] Confirming: 1/8
[12 INFO main 6251280] Confirming: 2/8
[12 INFO main 6253253] Confirming: 3/8
[12 INFO main 6255320] Confirming: 5/8
[12 INFO main 6259564] Confirming: 7/8
[12 INFO main 6261621] Confirming: 8/8
[12 INFO main 6838049] Scout.Query -> Scout.GotoCenter | Drive to others reported pos
[12 INFO main 6888846] Scout.GotoCenter -> Scout.Query | return to random walk
[12 INFO main 6913708] Confirming: 1/8
[12 INFO main 6915806] Confirming: 2/8
[12 INFO main 6917829] Confirming: 3/8
[12 INFO main 6919893] Confirming: 4/8
[12 INFO main 6921925] Confirming: 5/8
[12 INFO main 6923973] Confirming: 6/8
[12 INFO main 6926130] Confirming: 7/8
[12 INFO main 6928249] Confirming: 8/8
[12 INFO main 6929734] Scout.Query -> Scout.GotoCenter | Drive to others reported pos
[12 INFO main 6948532] Scout.GotoCenter -> Scout.Query | return to random walk
[12 INFO main 6971152] Confirming: 1/8
[12 INFO main 6973569] Confirming: 3/8
[12 INFO main 6975712] Confirming: 4/8
[12 INFO main 6977761] Confirming: 5/8
[12 INFO main 6982000] Confirming: 7/8
[12 INFO main 6984416] Confirming: 8/8
[12 INFO main 6984762] Scout.Query -> Scout.GotoCenter | Drive to others reported pos
[12 INFO main 7044396] Scout.GotoCenter -> Scout.Query | return to random walk
[12 INFO main 7066709] Confirming: 1/8
[12 INFO main 7068919] Confirming: 3/8
[12 INFO main 7072293] Confirming: 4/8
[12 INFO main 7075631] Confirming: 6/8
[12 INFO main 7077979] Confirming: 7/8
[12 INFO main 7080780] Confirming: 9/8
[12 INFO main 7082783] Scout.Query -> Scout.GotoCenter | Drive to others reported pos
[12 INFO main 7115095] Scout.GotoCenter -> Scout.Query | return to random walk
[12 INFO main 7126596] Confirming: 2/8
[12 INFO main 7129490] Confirming: 3/8
[12 INFO main 7131844] Confirming: 4/8
[12 INFO main 7134666] Confirming: 6/8
[12 INFO main 7137020] Confirming: 7/8
[12 INFO main 7139812] Confirming: 8/8
[12 INFO main 7164922] Scout.Query -> Scout.GotoCenter | Drive to others reported pos
