[3 INFO main 35] Initialising Python Geth Console...
[3 INFO main 38] Initialising RandB board...
[3 INFO main 38] Initialising navigation...
[3 INFO main 38] Initialising random-walk...
[3 INFO main 38] Initialising odometry...
[3 INFO main 38] Initialising ground-sensors...
[3 INFO main 1020] --//-- Starting Experiment --//--
[3 INFO main 2121] Idle.IDLE -> Scout.Query | Duration: 25.16
[3 INFO main 123583] Scout.Query -> Scout.GotoCenter | Drive to others reported pos
[3 INFO main 131593] Scout.GotoCenter -> Scout.Query | return to random walk
[3 INFO main 138704] Scout.Query -> Scout.GotoCenter | Drive to others reported pos
[3 INFO main 142107] Scout.GotoCenter -> Scout.Query | return to random walk
[3 INFO main 155826] Scout.Query -> Scout.GotoCenter | Drive to others reported pos
[3 INFO main 158228] Scout.GotoCenter -> Scout.Query | return to random walk
[3 INFO main 160030] Scout.Query -> Scout.GotoCenter | Drive to others reported pos
[3 INFO main 160532] Scout.GotoCenter -> Scout.Query | return to random walk
[3 INFO main 210398] Scout.Query -> Scout.GotoCenter | Drive to others reported pos
[3 INFO main 220911] Scout.GotoCenter -> Scout.Query | return to random walk
[3 INFO main 233025] Scout.Query -> Scout.GotoCenter | Drive to others reported pos
[3 INFO main 241635] Scout.GotoCenter -> Scout.Query | return to random walk
[3 INFO main 254254] Scout.Query -> Scout.GotoCenter | Drive to others reported pos
[3 INFO main 255253] Scout.GotoCenter -> Scout.Query | return to random walk
[3 INFO main 255355] Scout.Query -> Scout.GotoCenter | Drive to others reported pos
[3 INFO main 257358] Scout.GotoCenter -> Scout.Query | return to random walk
[3 INFO main 277383] Scout.Query -> Scout.GotoCenter | Drive to others reported pos
[3 INFO main 279285] Scout.GotoCenter -> Scout.Query | Back to normal
[3 INFO main 287595] Scout.Query -> Scout.GotoCenter | Drive to others reported pos
[3 INFO main 297609] Scout.GotoCenter -> Scout.Query | return to random walk
[3 INFO main 298611] Scout.Query -> Scout.GotoCenter | Drive to others reported pos
[3 INFO main 299111] Scout.GotoCenter -> Scout.Query | return to random walk
[3 INFO main 303617] Scout.Query -> Scout.GotoCenter | Drive to others reported pos
[3 INFO main 306120] Scout.GotoCenter -> Scout.Query | return to random walk
[3 INFO main 326846] Scout.Query -> Scout.GotoCenter | Drive to others reported pos
[3 INFO main 327047] Scout.GotoCenter -> Scout.Query | Back to normal
[3 INFO main 334857] Scout.Query -> Scout.GotoCenter | Drive to others reported pos
[3 INFO main 335557] Scout.GotoCenter -> Scout.Query | return to random walk
[3 INFO main 340965] Scout.Query -> Scout.GotoCenter | Drive to others reported pos
[3 INFO main 341364] Scout.GotoCenter -> Scout.Query | return to random walk
[3 INFO main 373309] Scout.Query -> Scout.GotoCenter | Drive to others reported pos
[3 INFO main 374609] Scout.GotoCenter -> Scout.Query | Back to normal
[3 INFO main 449909] Scout.Query -> Scout.GotoCenter | Drive to others reported pos
[3 INFO main 458420] Scout.GotoCenter -> Scout.Query | Back to normal
