[12 INFO main 29] Initialising Python Geth Console...
[12 INFO main 33] Initialising RandB board...
[12 INFO main 33] Initialising navigation...
[12 INFO main 33] Initialising random-walk...
[12 INFO main 33] Initialising odometry...
[12 INFO main 33] Initialising ground-sensors...
[12 INFO main 402] --//-- Starting Experiment --//--
[12 INFO main 1502] Idle.IDLE -> Scout.Query | Duration: 23.34
[12 INFO main 40556] Scout.Query -> Scout.GotoCenter | Drive to others reported pos
[12 INFO main 41856] Scout.GotoCenter -> Scout.Query | return to random walk
[12 INFO main 42557] Scout.Query -> Scout.GotoCenter | Drive to others reported pos
[12 INFO main 43459] Scout.GotoCenter -> Scout.Query | return to random walk
[12 INFO main 43559] Scout.Query -> Scout.GotoCenter | Drive to others reported pos
[12 INFO main 47463] Scout.GotoCenter -> Scout.Query | return to random walk
[12 INFO main 47573] Scout.Query -> Scout.GotoCenter | Drive to others reported pos
[12 INFO main 49166] Scout.GotoCenter -> Scout.Query | return to random walk
[12 INFO main 49770] Scout.Query -> Scout.GotoCenter | Drive to others reported pos
[12 INFO main 51168] Scout.GotoCenter -> Scout.Query | return to random walk
[12 INFO main 51778] Scout.Query -> Scout.GotoCenter | Drive to others reported pos
[12 INFO main 55177] Scout.GotoCenter -> Scout.Query | return to random walk
[12 INFO main 55966] Scout.Query -> Scout.GotoCenter | Drive to others reported pos
[12 INFO main 59277] Scout.GotoCenter -> Scout.Query | return to random walk
[12 INFO main 60185] Scout.Query -> Scout.GotoCenter | Drive to others reported pos
[12 INFO main 60885] Scout.GotoCenter -> Scout.Query | return to random walk
[12 INFO main 61186] Scout.Query -> Scout.GotoCenter | Drive to others reported pos
[12 INFO main 66391] Scout.GotoCenter -> Scout.Query | return to random walk
[12 INFO main 67398] Scout.Query -> Scout.GotoCenter | Drive to others reported pos
[12 INFO main 73795] Scout.GotoCenter -> Scout.Query | return to random walk
[12 INFO main 74704] Scout.Query -> Scout.GotoCenter | Drive to others reported pos
[12 INFO main 75400] Scout.GotoCenter -> Scout.Query | return to random walk
[12 INFO main 75706] Scout.Query -> Scout.GotoCenter | Drive to others reported pos
[12 INFO main 76299] Scout.GotoCenter -> Scout.Query | return to random walk
[12 INFO main 76707] Scout.Query -> Scout.GotoCenter | Drive to others reported pos
[12 INFO main 77308] Scout.GotoCenter -> Scout.Query | return to random walk
[12 INFO main 77803] Scout.Query -> Scout.GotoCenter | Drive to others reported pos
[12 INFO main 80406] Scout.GotoCenter -> Scout.Query | return to random walk
[12 INFO main 80907] Scout.Query -> Scout.GotoCenter | Drive to others reported pos
[12 INFO main 82906] Scout.GotoCenter -> Scout.Query | return to random walk
[12 INFO main 83006] Scout.Query -> Scout.GotoCenter | Drive to others reported pos
[12 INFO main 83815] Scout.GotoCenter -> Scout.Query | return to random walk
[12 INFO main 84009] Scout.Query -> Scout.GotoCenter | Drive to others reported pos
[12 INFO main 85213] Scout.GotoCenter -> Scout.Query | return to random walk
