[12 INFO main 30] Initialising Python Geth Console...
[12 INFO main 34] Initialising RandB board...
[12 INFO main 34] Initialising navigation...
[12 INFO main 34] Initialising random-walk...
[12 INFO main 34] Initialising odometry...
[12 INFO main 34] Initialising ground-sensors...
[12 INFO main 226] --//-- Starting Experiment --//--
[12 INFO main 1325] Idle.IDLE -> Scout.Query | Duration: 24.17
[12 INFO main 112260] Scout.Query -> Scout.GotoCenter | Drive to others reported pos
[12 INFO main 137504] Scout.GotoCenter -> Scout.Query | return to random walk
[12 INFO main 138005] Scout.Query -> Scout.GotoCenter | Drive to others reported pos
[12 INFO main 140696] Scout.GotoCenter -> Scout.Query | return to random walk
[12 INFO main 141110] Scout.Query -> Scout.GotoCenter | Drive to others reported pos
[12 INFO main 141704] Scout.GotoCenter -> Scout.Query | return to random walk
[12 INFO main 142206] Scout.Query -> Scout.GotoCenter | Drive to others reported pos
[12 INFO main 142805] Scout.GotoCenter -> Scout.Query | return to random walk
[12 INFO main 143211] Scout.Query -> Scout.GotoCenter | Drive to others reported pos
[12 INFO main 143305] Scout.GotoCenter -> Scout.Query | return to random walk
[12 INFO main 144310] Scout.Query -> Scout.GotoCenter | Drive to others reported pos
[12 INFO main 145514] Scout.GotoCenter -> Scout.Query | return to random walk
[12 INFO main 146511] Scout.Query -> Scout.GotoCenter | Drive to others reported pos
[12 INFO main 152723] Scout.GotoCenter -> Scout.Query | return to random walk
[12 INFO main 153725] Scout.Query -> Scout.GotoCenter | Drive to others reported pos
[12 INFO main 155524] Scout.GotoCenter -> Scout.Query | return to random walk
