[12 INFO main 28] Initialising Python Geth Console...
[12 INFO main 32] Initialising RandB board...
[12 INFO main 32] Initialising navigation...
[12 INFO main 32] Initialising random-walk...
[12 INFO main 32] Initialising odometry...
[12 INFO main 32] Initialising ground-sensors...
[12 INFO main 282] --//-- Starting Experiment --//--
[12 INFO main 1375] Idle.IDLE -> Scout.Query | Duration: 21.45
[12 INFO main 20587] Scout.Query -> Scout.GotoCenter | Drive to others reported pos
[12 INFO main 87014] Scout.GotoCenter -> Scout.Query | return to random walk
[12 INFO main 95300] Confirming: 1/8
[12 INFO main 97335] Confirming: 2/8
[12 INFO main 99376] Confirming: 3/8
[12 INFO main 101417] Confirming: 4/8
[12 INFO main 103445] Confirming: 5/8
[12 INFO main 105461] Confirming: 6/8
[12 INFO main 107523] Confirming: 7/8
[12 INFO main 109543] Confirming: 8/8
[12 INFO main 112221] Scout.Query -> Scout.GotoCenter | Drive to others reported pos
[12 INFO main 290178] Scout.GotoCenter -> Scout.Query | return to random walk
[12 INFO main 304756] Confirming: 1/8
[12 INFO main 306748] Confirming: 2/8
[12 INFO main 308865] Confirming: 3/8
[12 INFO main 311004] Confirming: 4/8
[12 INFO main 313077] Confirming: 5/8
[12 INFO main 315161] Confirming: 6/8
[12 INFO main 317111] Confirming: 7/8
[12 INFO main 319193] Confirming: 8/8
[12 INFO main 320538] Scout.Query -> Scout.GotoCenter | Drive to others reported pos
[12 INFO main 405492] Scout.GotoCenter -> Scout.Query | return to random walk
[12 INFO main 419820] Confirming: 1/8
[12 INFO main 421865] Confirming: 3/8
[12 INFO main 423884] Confirming: 4/8
[12 INFO main 427944] Confirming: 5/8
[12 INFO main 429972] Confirming: 6/8
[12 INFO main 432069] Confirming: 7/8
[12 INFO main 434101] Confirming: 8/8
[12 INFO main 446417] Confirming: 1/8
[12 INFO main 495637] Confirming: 2/8
[12 INFO main 497728] Confirming: 3/8
[12 INFO main 499803] Confirming: 4/8
[12 INFO main 501897] Confirming: 5/8
[12 INFO main 503849] Confirming: 6/8
[12 INFO main 506080] Confirming: 7/8
[12 INFO main 508105] Confirming: 8/8
[12 INFO main 512076] Scout.Query -> Scout.GotoCenter | Drive to others reported pos
[12 INFO main 562744] Scout.GotoCenter -> Scout.Query | return to random walk
[12 INFO main 583497] Confirming: 1/8
[12 INFO main 585544] Confirming: 2/8
[12 INFO main 589676] Confirming: 4/8
[12 INFO main 591773] Confirming: 5/8
[12 INFO main 593796] Confirming: 6/8
[12 INFO main 595873] Confirming: 7/8
[12 INFO main 597853] Confirming: 8/8
[12 INFO main 598907] Scout.Query -> Scout.GotoCenter | Drive to others reported pos
[12 INFO main 647235] Scout.GotoCenter -> Scout.Query | return to random walk
[12 INFO main 674207] Confirming: 1/8
[12 INFO main 676328] Confirming: 2/8
[12 INFO main 678425] Confirming: 3/8
[12 INFO main 680440] Confirming: 4/8
[12 INFO main 682517] Confirming: 5/8
[12 INFO main 684505] Confirming: 6/8
[12 INFO main 686589] Confirming: 7/8
[12 INFO main 688676] Confirming: 8/8
[12 INFO main 693005] Scout.Query -> Scout.GotoCenter | Drive to others reported pos
[12 INFO main 730479] Scout.GotoCenter -> Scout.Query | return to random walk
[12 INFO main 763560] Confirming: 1/8
[12 INFO main 767673] Confirming: 3/8
[12 INFO main 771788] Confirming: 5/8
[12 INFO main 773857] Confirming: 6/8
[12 INFO main 776044] Confirming: 7/8
[12 INFO main 778105] Confirming: 8/8
[12 INFO main 781501] Scout.Query -> Scout.GotoCenter | Drive to others reported pos
[12 INFO main 834275] Scout.GotoCenter -> Scout.Query | return to random walk
[12 INFO main 848625] Confirming: 1/8
[12 INFO main 850733] Confirming: 2/8
[12 INFO main 852737] Confirming: 3/8
[12 INFO main 856805] Confirming: 4/8
[12 INFO main 859101] Confirming: 6/8
[12 INFO main 861135] Confirming: 7/8
[12 INFO main 863208] Confirming: 8/8
[12 INFO main 924637] Confirming: 1/8
[12 INFO main 926684] Confirming: 2/8
[12 INFO main 928781] Confirming: 3/8
[12 INFO main 930836] Confirming: 4/8
[12 INFO main 932883] Confirming: 5/8
[12 INFO main 934933] Confirming: 6/8
[12 INFO main 936965] Confirming: 7/8
[12 INFO main 938996] Confirming: 8/8
