[9 INFO main 29] Initialising Python Geth Console...
[9 INFO main 33] Initialising RandB board...
[9 INFO main 33] Initialising navigation...
[9 INFO main 33] Initialising random-walk...
[9 INFO main 33] Initialising odometry...
[9 INFO main 33] Initialising ground-sensors...
[9 INFO main 496] --//-- Starting Experiment --//--
[9 INFO main 1596] Idle.IDLE -> Scout.Query | Duration: 18.71
[9 INFO main 77503] Scout.Query -> Scout.GotoCenter | Drive to others reported pos
[9 INFO main 77702] Scout.GotoCenter -> Scout.Query | return to random walk
[9 INFO main 115545] Scout.Query -> Scout.GotoCenter | Drive to others reported pos
[9 INFO main 135271] Scout.GotoCenter -> Scout.Query | return to random walk
[9 INFO main 150700] Scout.Query -> Scout.GotoCenter | Drive to others reported pos
[9 INFO main 167716] Scout.GotoCenter -> Scout.Query | return to random walk
[9 INFO main 174628] Scout.Query -> Scout.GotoCenter | Drive to others reported pos
[9 INFO main 178726] Scout.GotoCenter -> Scout.Query | return to random walk
[9 INFO main 193151] Scout.Query -> Scout.GotoCenter | Drive to others reported pos
[9 INFO main 195958] Scout.GotoCenter -> Scout.Query | return to random walk
[9 INFO main 196254] Scout.Query -> Scout.GotoCenter | Drive to others reported pos
[9 INFO main 199562] Scout.GotoCenter -> Scout.Query | return to random walk
[9 INFO main 216580] Scout.Query -> Scout.GotoCenter | Drive to others reported pos
[9 INFO main 220887] Scout.GotoCenter -> Scout.Query | return to random walk
[9 INFO main 236207] Scout.Query -> Scout.GotoCenter | Drive to others reported pos
[9 INFO main 244921] Scout.GotoCenter -> Scout.Query | return to random walk
[9 INFO main 251631] Scout.Query -> Scout.GotoCenter | Drive to others reported pos
[9 INFO main 251826] Scout.GotoCenter -> Scout.Query | return to random walk
[9 INFO main 310703] Scout.Query -> Scout.GotoCenter | Drive to others reported pos
[9 INFO main 312303] Scout.GotoCenter -> Scout.Query | return to random walk
