[11 INFO main 27] Initialising Python Geth Console...
[11 INFO main 32] Initialising RandB board...
[11 INFO main 32] Initialising navigation...
[11 INFO main 32] Initialising random-walk...
[11 INFO main 32] Initialising odometry...
[11 INFO main 32] Initialising ground-sensors...
[11 INFO main 395] --//-- Starting Experiment --//--
[11 INFO main 1493] Idle.IDLE -> Scout.Query | Duration: 21.31
[11 INFO main 10752] Scout.Query -> Scout.GotoCenter | Drive to others reported pos
[11 INFO main 65960] Scout.GotoCenter -> Scout.Query | return to random walk
[11 INFO main 106876] Scout.Query -> Scout.GotoCenter | Drive to others reported pos
[11 INFO main 159797] Scout.GotoCenter -> Scout.Query | return to random walk
[11 INFO main 205214] Scout.Query -> Scout.GotoCenter | Drive to others reported pos
[11 INFO main 221728] Scout.GotoCenter -> Scout.Query | return to random walk
[11 INFO main 257700] Scout.Query -> Scout.GotoCenter | Drive to others reported pos
[11 INFO main 300448] Scout.GotoCenter -> Scout.Query | return to random walk
[11 INFO main 336333] Scout.Query -> Scout.GotoCenter | Drive to others reported pos
[11 INFO main 500496] Scout.GotoCenter -> Scout.Query | return to random walk
[11 INFO main 536312] Scout.Query -> Scout.GotoCenter | Drive to others reported pos
[11 INFO main 592734] Scout.GotoCenter -> Scout.Query | return to random walk
[11 INFO main 663875] Scout.Query -> Scout.GotoCenter | Drive to others reported pos
[11 INFO main 699897] Scout.GotoCenter -> Scout.Query | return to random walk
[11 INFO main 725586] Scout.Query -> Scout.GotoCenter | Drive to others reported pos
[11 INFO main 817267] Scout.GotoCenter -> Scout.Query | return to random walk
