[9 INFO main 52] Initialising Python Geth Console...
[9 INFO main 56] Initialising RandB board...
[9 INFO main 56] Initialising navigation...
[9 INFO main 56] Initialising random-walk...
[9 INFO main 56] Initialising odometry...
[9 INFO main 56] Initialising ground-sensors...
[9 INFO main 403] --//-- Starting Experiment --//--
[9 INFO main 1511] Idle.IDLE -> Scout.Query | Duration: 19.16
[9 INFO main 46086] Scout.Query -> Scout.GotoCenter | Drive to others reported pos
[9 INFO main 81302] Scout.GotoCenter -> Scout.Query | return to random walk
[9 INFO main 147550] Scout.Query -> Scout.GotoCenter | Drive to others reported pos
[9 INFO main 171234] Scout.GotoCenter -> Scout.Query | return to random walk
[9 INFO main 262761] Scout.Query -> Scout.GotoCenter | Drive to others reported pos
[9 INFO main 304715] Scout.GotoCenter -> Scout.Query | return to random walk
[9 INFO main 355639] Scout.Query -> Scout.GotoCenter | Drive to others reported pos
[9 INFO main 381374] Scout.GotoCenter -> Scout.Query | return to random walk
[9 INFO main 447528] Scout.Query -> Scout.GotoCenter | Drive to others reported pos
[9 INFO main 472288] Scout.GotoCenter -> Scout.Query | return to random walk
[9 INFO main 523013] Scout.Query -> Scout.GotoCenter | Drive to others reported pos
[9 INFO main 555742] Scout.GotoCenter -> Scout.Query | return to random walk
