[3 INFO main 36] Initialising Python Geth Console...
[3 INFO main 40] Initialising RandB board...
[3 INFO main 40] Initialising navigation...
[3 INFO main 40] Initialising random-walk...
[3 INFO main 40] Initialising odometry...
[3 INFO main 40] Initialising ground-sensors...
[3 INFO main 888] --//-- Starting Experiment --//--
[3 INFO main 1990] Idle.IDLE -> Scout.Query | Duration: 20.01
[3 INFO main 85704] Scout.Query -> Scout.GotoCenter | Drive to others reported pos
[3 INFO main 93811] Scout.GotoCenter -> Scout.Query | return to random walk
[3 INFO main 94716] Scout.Query -> Scout.GotoCenter | Drive to others reported pos
[3 INFO main 94815] Scout.GotoCenter -> Scout.Query | return to random walk
[3 INFO main 95718] Scout.Query -> Scout.GotoCenter | Drive to others reported pos
[3 INFO main 96719] Scout.GotoCenter -> Scout.Query | return to random walk
[3 INFO main 97721] Scout.Query -> Scout.GotoCenter | Drive to others reported pos
[3 INFO main 97819] Scout.GotoCenter -> Scout.Query | return to random walk
[3 INFO main 98722] Scout.Query -> Scout.GotoCenter | Drive to others reported pos
[3 INFO main 98818] Scout.GotoCenter -> Scout.Query | return to random walk
[3 INFO main 99724] Scout.Query -> Scout.GotoCenter | Drive to others reported pos
[3 INFO main 100024] Scout.GotoCenter -> Scout.Query | return to random walk
[3 INFO main 100823] Scout.Query -> Scout.GotoCenter | Drive to others reported pos
[3 INFO main 101726] Scout.GotoCenter -> Scout.Query | return to random walk
[3 INFO main 101925] Scout.Query -> Scout.GotoCenter | Drive to others reported pos
[3 INFO main 102126] Scout.GotoCenter -> Scout.Query | return to random walk
[3 INFO main 102926] Scout.Query -> Scout.GotoCenter | Drive to others reported pos
[3 INFO main 103326] Scout.GotoCenter -> Scout.Query | return to random walk
[3 INFO main 103927] Scout.Query -> Scout.GotoCenter | Drive to others reported pos
[3 INFO main 104028] Scout.GotoCenter -> Scout.Query | return to random walk
[3 INFO main 104928] Scout.Query -> Scout.GotoCenter | Drive to others reported pos
[3 INFO main 105030] Scout.GotoCenter -> Scout.Query | return to random walk
[3 INFO main 105930] Scout.Query -> Scout.GotoCenter | Drive to others reported pos
[3 INFO main 107234] Scout.GotoCenter -> Scout.Query | return to random walk
[3 INFO main 107932] Scout.Query -> Scout.GotoCenter | Drive to others reported pos
[3 INFO main 108034] Scout.GotoCenter -> Scout.Query | return to random walk
[3 INFO main 108933] Scout.Query -> Scout.GotoCenter | Drive to others reported pos
[3 INFO main 109433] Scout.GotoCenter -> Scout.Query | return to random walk
[3 INFO main 109934] Scout.Query -> Scout.GotoCenter | Drive to others reported pos
[3 INFO main 110034] Scout.GotoCenter -> Scout.Query | return to random walk
[3 INFO main 110934] Scout.Query -> Scout.GotoCenter | Drive to others reported pos
[3 INFO main 111436] Scout.GotoCenter -> Scout.Query | return to random walk
[3 INFO main 112036] Scout.Query -> Scout.GotoCenter | Drive to others reported pos
[3 INFO main 112538] Scout.GotoCenter -> Scout.Query | return to random walk
[3 INFO main 113037] Scout.Query -> Scout.GotoCenter | Drive to others reported pos
[3 INFO main 113436] Scout.GotoCenter -> Scout.Query | return to random walk
[3 INFO main 114038] Scout.Query -> Scout.GotoCenter | Drive to others reported pos
[3 INFO main 114139] Scout.GotoCenter -> Scout.Query | return to random walk
[3 INFO main 115040] Scout.Query -> Scout.GotoCenter | Drive to others reported pos
[3 INFO main 115339] Scout.GotoCenter -> Scout.Query | return to random walk
[3 INFO main 116042] Scout.Query -> Scout.GotoCenter | Drive to others reported pos
[3 INFO main 117143] Scout.GotoCenter -> Scout.Query | return to random walk
[3 INFO main 118044] Scout.Query -> Scout.GotoCenter | Drive to others reported pos
[3 INFO main 118145] Scout.GotoCenter -> Scout.Query | return to random walk
[3 INFO main 119047] Scout.Query -> Scout.GotoCenter | Drive to others reported pos
[3 INFO main 119145] Scout.GotoCenter -> Scout.Query | return to random walk
[3 INFO main 120048] Scout.Query -> Scout.GotoCenter | Drive to others reported pos
[3 INFO main 120143] Scout.GotoCenter -> Scout.Query | return to random walk
[3 INFO main 121049] Scout.Query -> Scout.GotoCenter | Drive to others reported pos
[3 INFO main 121348] Scout.GotoCenter -> Scout.Query | return to random walk
[3 INFO main 122050] Scout.Query -> Scout.GotoCenter | Drive to others reported pos
[3 INFO main 122149] Scout.GotoCenter -> Scout.Query | return to random walk
[3 INFO main 123052] Scout.Query -> Scout.GotoCenter | Drive to others reported pos
[3 INFO main 123150] Scout.GotoCenter -> Scout.Query | return to random walk
[3 INFO main 124053] Scout.Query -> Scout.GotoCenter | Drive to others reported pos
[3 INFO main 124151] Scout.GotoCenter -> Scout.Query | return to random walk
[3 INFO main 125056] Scout.Query -> Scout.GotoCenter | Drive to others reported pos
[3 INFO main 125154] Scout.GotoCenter -> Scout.Query | return to random walk
[3 INFO main 126057] Scout.Query -> Scout.GotoCenter | Drive to others reported pos
[3 INFO main 126154] Scout.GotoCenter -> Scout.Query | return to random walk
[3 INFO main 127059] Scout.Query -> Scout.GotoCenter | Drive to others reported pos
[3 INFO main 127356] Scout.GotoCenter -> Scout.Query | return to random walk
[3 INFO main 128160] Scout.Query -> Scout.GotoCenter | Drive to others reported pos
[3 INFO main 130559] Scout.GotoCenter -> Scout.Query | return to random walk
[3 INFO main 131260] Scout.Query -> Scout.GotoCenter | Drive to others reported pos
[3 INFO main 131460] Scout.GotoCenter -> Scout.Query | return to random walk
[3 INFO main 132261] Scout.Query -> Scout.GotoCenter | Drive to others reported pos
[3 INFO main 132363] Scout.GotoCenter -> Scout.Query | return to random walk
[3 INFO main 133263] Scout.Query -> Scout.GotoCenter | Drive to others reported pos
[3 INFO main 133563] Scout.GotoCenter -> Scout.Query | return to random walk
[3 INFO main 134264] Scout.Query -> Scout.GotoCenter | Drive to others reported pos
[3 INFO main 135464] Scout.GotoCenter -> Scout.Query | return to random walk
[3 INFO main 136268] Scout.Query -> Scout.GotoCenter | Drive to others reported pos
[3 INFO main 136769] Scout.GotoCenter -> Scout.Query | return to random walk
[3 INFO main 137271] Scout.Query -> Scout.GotoCenter | Drive to others reported pos
[3 INFO main 137570] Scout.GotoCenter -> Scout.Query | return to random walk
[3 INFO main 138272] Scout.Query -> Scout.GotoCenter | Drive to others reported pos
[3 INFO main 139468] Scout.GotoCenter -> Scout.Query | return to random walk
[3 INFO main 140374] Scout.Query -> Scout.GotoCenter | Drive to others reported pos
[3 INFO main 141173] Scout.GotoCenter -> Scout.Query | return to random walk
[3 INFO main 141375] Scout.Query -> Scout.GotoCenter | Drive to others reported pos
[3 INFO main 144078] Scout.GotoCenter -> Scout.Query | return to random walk
[3 INFO main 144380] Scout.Query -> Scout.GotoCenter | Drive to others reported pos
[3 INFO main 144478] Scout.GotoCenter -> Scout.Query | return to random walk
[3 INFO main 145482] Scout.Query -> Scout.GotoCenter | Drive to others reported pos
[3 INFO main 145879] Scout.GotoCenter -> Scout.Query | return to random walk
[3 INFO main 146584] Scout.Query -> Scout.GotoCenter | Drive to others reported pos
[3 INFO main 146880] Scout.GotoCenter -> Scout.Query | return to random walk
[3 INFO main 147685] Scout.Query -> Scout.GotoCenter | Drive to others reported pos
[3 INFO main 147983] Scout.GotoCenter -> Scout.Query | return to random walk
[3 INFO main 148685] Scout.Query -> Scout.GotoCenter | Drive to others reported pos
[3 INFO main 148984] Scout.GotoCenter -> Scout.Query | return to random walk
[3 INFO main 149687] Scout.Query -> Scout.GotoCenter | Drive to others reported pos
[3 INFO main 149885] Scout.GotoCenter -> Scout.Query | return to random walk
[3 INFO main 150689] Scout.Query -> Scout.GotoCenter | Drive to others reported pos
[3 INFO main 150885] Scout.GotoCenter -> Scout.Query | return to random walk
[3 INFO main 151690] Scout.Query -> Scout.GotoCenter | Drive to others reported pos
[3 INFO main 152388] Scout.GotoCenter -> Scout.Query | return to random walk
[3 INFO main 152691] Scout.Query -> Scout.GotoCenter | Drive to others reported pos
[3 INFO main 152888] Scout.GotoCenter -> Scout.Query | return to random walk
[3 INFO main 153692] Scout.Query -> Scout.GotoCenter | Drive to others reported pos
[3 INFO main 153790] Scout.GotoCenter -> Scout.Query | return to random walk
[3 INFO main 154693] Scout.Query -> Scout.GotoCenter | Drive to others reported pos
[3 INFO main 154791] Scout.GotoCenter -> Scout.Query | return to random walk
[3 INFO main 155695] Scout.Query -> Scout.GotoCenter | Drive to others reported pos
[3 INFO main 155994] Scout.GotoCenter -> Scout.Query | return to random walk
[3 INFO main 156696] Scout.Query -> Scout.GotoCenter | Drive to others reported pos
[3 INFO main 156893] Scout.GotoCenter -> Scout.Query | return to random walk
[3 INFO main 157697] Scout.Query -> Scout.GotoCenter | Drive to others reported pos
[3 INFO main 157794] Scout.GotoCenter -> Scout.Query | return to random walk
[3 INFO main 158698] Scout.Query -> Scout.GotoCenter | Drive to others reported pos
[3 INFO main 158796] Scout.GotoCenter -> Scout.Query | return to random walk
[3 INFO main 159699] Scout.Query -> Scout.GotoCenter | Drive to others reported pos
[3 INFO main 159898] Scout.GotoCenter -> Scout.Query | return to random walk
[3 INFO main 160701] Scout.Query -> Scout.GotoCenter | Drive to others reported pos
[3 INFO main 160799] Scout.GotoCenter -> Scout.Query | return to random walk
[3 INFO main 161702] Scout.Query -> Scout.GotoCenter | Drive to others reported pos
[3 INFO main 161800] Scout.GotoCenter -> Scout.Query | return to random walk
[3 INFO main 162704] Scout.Query -> Scout.GotoCenter | Drive to others reported pos
[3 INFO main 162901] Scout.GotoCenter -> Scout.Query | return to random walk
[3 INFO main 163705] Scout.Query -> Scout.GotoCenter | Drive to others reported pos
[3 INFO main 163802] Scout.GotoCenter -> Scout.Query | return to random walk
[3 INFO main 164807] Scout.Query -> Scout.GotoCenter | Drive to others reported pos
[3 INFO main 165005] Scout.GotoCenter -> Scout.Query | return to random walk
[3 INFO main 165809] Scout.Query -> Scout.GotoCenter | Drive to others reported pos
[3 INFO main 165905] Scout.GotoCenter -> Scout.Query | return to random walk
[3 INFO main 166809] Scout.Query -> Scout.GotoCenter | Drive to others reported pos
[3 INFO main 167207] Scout.GotoCenter -> Scout.Query | return to random walk
[3 INFO main 167811] Scout.Query -> Scout.GotoCenter | Drive to others reported pos
[3 INFO main 167909] Scout.GotoCenter -> Scout.Query | return to random walk
[3 INFO main 168911] Scout.Query -> Scout.GotoCenter | Drive to others reported pos
[3 INFO main 169011] Scout.GotoCenter -> Scout.Query | return to random walk
[3 INFO main 169913] Scout.Query -> Scout.GotoCenter | Drive to others reported pos
[3 INFO main 170310] Scout.GotoCenter -> Scout.Query | return to random walk
[3 INFO main 170915] Scout.Query -> Scout.GotoCenter | Drive to others reported pos
[3 INFO main 171013] Scout.GotoCenter -> Scout.Query | return to random walk
[3 INFO main 172016] Scout.Query -> Scout.GotoCenter | Drive to others reported pos
[3 INFO main 172211] Scout.GotoCenter -> Scout.Query | return to random walk
[3 INFO main 173018] Scout.Query -> Scout.GotoCenter | Drive to others reported pos
[3 INFO main 173115] Scout.GotoCenter -> Scout.Query | return to random walk
[3 INFO main 174018] Scout.Query -> Scout.GotoCenter | Drive to others reported pos
[3 INFO main 174215] Scout.GotoCenter -> Scout.Query | return to random walk
[3 INFO main 175020] Scout.Query -> Scout.GotoCenter | Drive to others reported pos
[3 INFO main 175116] Scout.GotoCenter -> Scout.Query | return to random walk
[3 INFO main 176115] Scout.Query -> Scout.GotoCenter | Drive to others reported pos
[3 INFO main 176217] Scout.GotoCenter -> Scout.Query | return to random walk
[3 INFO main 177121] Scout.Query -> Scout.GotoCenter | Drive to others reported pos
[3 INFO main 177219] Scout.GotoCenter -> Scout.Query | return to random walk
[3 INFO main 178123] Scout.Query -> Scout.GotoCenter | Drive to others reported pos
[3 INFO main 178221] Scout.GotoCenter -> Scout.Query | return to random walk
[3 INFO main 179124] Scout.Query -> Scout.GotoCenter | Drive to others reported pos
[3 INFO main 179524] Scout.GotoCenter -> Scout.Query | return to random walk
[3 INFO main 180126] Scout.Query -> Scout.GotoCenter | Drive to others reported pos
[3 INFO main 180223] Scout.GotoCenter -> Scout.Query | return to random walk
[3 INFO main 181127] Scout.Query -> Scout.GotoCenter | Drive to others reported pos
[3 INFO main 181224] Scout.GotoCenter -> Scout.Query | return to random walk
[3 INFO main 182128] Scout.Query -> Scout.GotoCenter | Drive to others reported pos
[3 INFO main 182224] Scout.GotoCenter -> Scout.Query | return to random walk
[3 INFO main 183229] Scout.Query -> Scout.GotoCenter | Drive to others reported pos
[3 INFO main 183327] Scout.GotoCenter -> Scout.Query | return to random walk
[3 INFO main 184230] Scout.Query -> Scout.GotoCenter | Drive to others reported pos
[3 INFO main 184329] Scout.GotoCenter -> Scout.Query | return to random walk
[3 INFO main 185232] Scout.Query -> Scout.GotoCenter | Drive to others reported pos
[3 INFO main 185532] Scout.GotoCenter -> Scout.Query | return to random walk
[3 INFO main 186233] Scout.Query -> Scout.GotoCenter | Drive to others reported pos
[3 INFO main 186331] Scout.GotoCenter -> Scout.Query | return to random walk
[3 INFO main 187233] Scout.Query -> Scout.GotoCenter | Drive to others reported pos
[3 INFO main 187332] Scout.GotoCenter -> Scout.Query | return to random walk
[3 INFO main 188235] Scout.Query -> Scout.GotoCenter | Drive to others reported pos
[3 INFO main 188535] Scout.GotoCenter -> Scout.Query | return to random walk
[3 INFO main 189336] Scout.Query -> Scout.GotoCenter | Drive to others reported pos
[3 INFO main 189537] Scout.GotoCenter -> Scout.Query | return to random walk
[3 INFO main 190338] Scout.Query -> Scout.GotoCenter | Drive to others reported pos
[3 INFO main 190438] Scout.GotoCenter -> Scout.Query | return to random walk
[3 INFO main 191339] Scout.Query -> Scout.GotoCenter | Drive to others reported pos
[3 INFO main 191639] Scout.GotoCenter -> Scout.Query | return to random walk
[3 INFO main 192340] Scout.Query -> Scout.GotoCenter | Drive to others reported pos
[3 INFO main 192440] Scout.GotoCenter -> Scout.Query | return to random walk
[3 INFO main 193341] Scout.Query -> Scout.GotoCenter | Drive to others reported pos
[3 INFO main 193441] Scout.GotoCenter -> Scout.Query | return to random walk
[3 INFO main 194342] Scout.Query -> Scout.GotoCenter | Drive to others reported pos
[3 INFO main 194442] Scout.GotoCenter -> Scout.Query | return to random walk
[3 INFO main 195344] Scout.Query -> Scout.GotoCenter | Drive to others reported pos
[3 INFO main 195444] Scout.GotoCenter -> Scout.Query | return to random walk
[3 INFO main 196345] Scout.Query -> Scout.GotoCenter | Drive to others reported pos
[3 INFO main 196444] Scout.GotoCenter -> Scout.Query | return to random walk
[3 INFO main 197346] Scout.Query -> Scout.GotoCenter | Drive to others reported pos
[3 INFO main 197745] Scout.GotoCenter -> Scout.Query | return to random walk
[3 INFO main 198347] Scout.Query -> Scout.GotoCenter | Drive to others reported pos
[3 INFO main 198547] Scout.GotoCenter -> Scout.Query | return to random walk
[3 INFO main 199349] Scout.Query -> Scout.GotoCenter | Drive to others reported pos
[3 INFO main 199449] Scout.GotoCenter -> Scout.Query | return to random walk
[3 INFO main 200451] Scout.Query -> Scout.GotoCenter | Drive to others reported pos
[3 INFO main 200550] Scout.GotoCenter -> Scout.Query | return to random walk
[3 INFO main 201453] Scout.Query -> Scout.GotoCenter | Drive to others reported pos
[3 INFO main 201551] Scout.GotoCenter -> Scout.Query | return to random walk
[3 INFO main 202454] Scout.Query -> Scout.GotoCenter | Drive to others reported pos
[3 INFO main 202752] Scout.GotoCenter -> Scout.Query | return to random walk
[3 INFO main 203455] Scout.Query -> Scout.GotoCenter | Drive to others reported pos
[3 INFO main 203653] Scout.GotoCenter -> Scout.Query | return to random walk
[3 INFO main 204457] Scout.Query -> Scout.GotoCenter | Drive to others reported pos
[3 INFO main 204655] Scout.GotoCenter -> Scout.Query | return to random walk
[3 INFO main 205457] Scout.Query -> Scout.GotoCenter | Drive to others reported pos
[3 INFO main 205557] Scout.GotoCenter -> Scout.Query | return to random walk
[3 INFO main 206459] Scout.Query -> Scout.GotoCenter | Drive to others reported pos
[3 INFO main 206558] Scout.GotoCenter -> Scout.Query | return to random walk
[3 INFO main 207461] Scout.Query -> Scout.GotoCenter | Drive to others reported pos
[3 INFO main 207560] Scout.GotoCenter -> Scout.Query | return to random walk
[3 INFO main 208462] Scout.Query -> Scout.GotoCenter | Drive to others reported pos
[3 INFO main 208660] Scout.GotoCenter -> Scout.Query | return to random walk
[3 INFO main 209462] Scout.Query -> Scout.GotoCenter | Drive to others reported pos
[3 INFO main 209661] Scout.GotoCenter -> Scout.Query | return to random walk
[3 INFO main 210464] Scout.Query -> Scout.GotoCenter | Drive to others reported pos
[3 INFO main 210565] Scout.GotoCenter -> Scout.Query | return to random walk
[3 INFO main 211465] Scout.Query -> Scout.GotoCenter | Drive to others reported pos
[3 INFO main 211764] Scout.GotoCenter -> Scout.Query | return to random walk
[3 INFO main 212466] Scout.Query -> Scout.GotoCenter | Drive to others reported pos
[3 INFO main 212568] Scout.GotoCenter -> Scout.Query | return to random walk
[3 INFO main 213468] Scout.Query -> Scout.GotoCenter | Drive to others reported pos
[3 INFO main 213570] Scout.GotoCenter -> Scout.Query | return to random walk
[3 INFO main 214469] Scout.Query -> Scout.GotoCenter | Drive to others reported pos
[3 INFO main 214969] Scout.GotoCenter -> Scout.Query | return to random walk
[3 INFO main 215469] Scout.Query -> Scout.GotoCenter | Drive to others reported pos
[3 INFO main 215572] Scout.GotoCenter -> Scout.Query | return to random walk
[3 INFO main 216471] Scout.Query -> Scout.GotoCenter | Drive to others reported pos
[3 INFO main 216870] Scout.GotoCenter -> Scout.Query | return to random walk
[3 INFO main 217472] Scout.Query -> Scout.GotoCenter | Drive to others reported pos
[3 INFO main 217771] Scout.GotoCenter -> Scout.Query | return to random walk
[3 INFO main 218473] Scout.Query -> Scout.GotoCenter | Drive to others reported pos
[3 INFO main 218577] Scout.GotoCenter -> Scout.Query | return to random walk
[3 INFO main 219578] Scout.Query -> Scout.GotoCenter | Drive to others reported pos
[3 INFO main 219674] Scout.GotoCenter -> Scout.Query | return to random walk
[3 INFO main 220579] Scout.Query -> Scout.GotoCenter | Drive to others reported pos
[3 INFO main 220775] Scout.GotoCenter -> Scout.Query | return to random walk
[3 INFO main 221680] Scout.Query -> Scout.GotoCenter | Drive to others reported pos
[3 INFO main 221876] Scout.GotoCenter -> Scout.Query | return to random walk
[3 INFO main 222780] Scout.Query -> Scout.GotoCenter | Drive to others reported pos
[3 INFO main 222877] Scout.GotoCenter -> Scout.Query | return to random walk
[3 INFO main 223781] Scout.Query -> Scout.GotoCenter | Drive to others reported pos
[3 INFO main 225182] Scout.GotoCenter -> Scout.Query | return to random walk
[3 INFO main 225783] Scout.Query -> Scout.GotoCenter | Drive to others reported pos
[3 INFO main 225881] Scout.GotoCenter -> Scout.Query | return to random walk
[3 INFO main 226784] Scout.Query -> Scout.GotoCenter | Drive to others reported pos
[3 INFO main 226883] Scout.GotoCenter -> Scout.Query | return to random walk
[3 INFO main 227785] Scout.Query -> Scout.GotoCenter | Drive to others reported pos
[3 INFO main 228084] Scout.GotoCenter -> Scout.Query | return to random walk
[3 INFO main 228787] Scout.Query -> Scout.GotoCenter | Drive to others reported pos
[3 INFO main 228885] Scout.GotoCenter -> Scout.Query | return to random walk
[3 INFO main 229789] Scout.Query -> Scout.GotoCenter | Drive to others reported pos
[3 INFO main 230588] Scout.GotoCenter -> Scout.Query | return to random walk
[3 INFO main 230791] Scout.Query -> Scout.GotoCenter | Drive to others reported pos
[3 INFO main 231390] Scout.GotoCenter -> Scout.Query | return to random walk
[3 INFO main 231891] Scout.Query -> Scout.GotoCenter | Drive to others reported pos
[3 INFO main 232090] Scout.GotoCenter -> Scout.Query | return to random walk
[3 INFO main 232892] Scout.Query -> Scout.GotoCenter | Drive to others reported pos
[3 INFO main 233191] Scout.GotoCenter -> Scout.Query | return to random walk
[3 INFO main 233893] Scout.Query -> Scout.GotoCenter | Drive to others reported pos
[3 INFO main 233990] Scout.GotoCenter -> Scout.Query | return to random walk
[3 INFO main 234894] Scout.Query -> Scout.GotoCenter | Drive to others reported pos
[3 INFO main 235295] Scout.GotoCenter -> Scout.Query | return to random walk
[3 INFO main 235895] Scout.Query -> Scout.GotoCenter | Drive to others reported pos
[3 INFO main 236194] Scout.GotoCenter -> Scout.Query | return to random walk
[3 INFO main 236897] Scout.Query -> Scout.GotoCenter | Drive to others reported pos
[3 INFO main 237096] Scout.GotoCenter -> Scout.Query | return to random walk
[3 INFO main 237898] Scout.Query -> Scout.GotoCenter | Drive to others reported pos
[3 INFO main 238196] Scout.GotoCenter -> Scout.Query | return to random walk
[3 INFO main 238899] Scout.Query -> Scout.GotoCenter | Drive to others reported pos
[3 INFO main 238997] Scout.GotoCenter -> Scout.Query | return to random walk
[3 INFO main 239901] Scout.Query -> Scout.GotoCenter | Drive to others reported pos
[3 INFO main 242601] Scout.GotoCenter -> Scout.Query | return to random walk
[3 INFO main 242905] Scout.Query -> Scout.GotoCenter | Drive to others reported pos
[3 INFO main 244004] Scout.GotoCenter -> Scout.Query | return to random walk
[3 INFO main 244909] Scout.Query -> Scout.GotoCenter | Drive to others reported pos
[3 INFO main 245509] Scout.GotoCenter -> Scout.Query | return to random walk
[3 INFO main 246010] Scout.Query -> Scout.GotoCenter | Drive to others reported pos
[3 INFO main 246109] Scout.GotoCenter -> Scout.Query | return to random walk
[3 INFO main 247011] Scout.Query -> Scout.GotoCenter | Drive to others reported pos
[3 INFO main 247909] Scout.GotoCenter -> Scout.Query | return to random walk
[3 INFO main 248012] Scout.Query -> Scout.GotoCenter | Drive to others reported pos
[3 INFO main 248409] Scout.GotoCenter -> Scout.Query | return to random walk
[3 INFO main 249013] Scout.Query -> Scout.GotoCenter | Drive to others reported pos
[3 INFO main 249616] Scout.GotoCenter -> Scout.Query | return to random walk
[3 INFO main 250114] Scout.Query -> Scout.GotoCenter | Drive to others reported pos
[3 INFO main 250716] Scout.GotoCenter -> Scout.Query | return to random walk
[3 INFO main 251115] Scout.Query -> Scout.GotoCenter | Drive to others reported pos
[3 INFO main 251314] Scout.GotoCenter -> Scout.Query | return to random walk
[3 INFO main 252116] Scout.Query -> Scout.GotoCenter | Drive to others reported pos
[3 INFO main 252216] Scout.GotoCenter -> Scout.Query | return to random walk
[3 INFO main 253118] Scout.Query -> Scout.GotoCenter | Drive to others reported pos
[3 INFO main 253417] Scout.GotoCenter -> Scout.Query | return to random walk
[3 INFO main 254119] Scout.Query -> Scout.GotoCenter | Drive to others reported pos
[3 INFO main 254218] Scout.GotoCenter -> Scout.Query | return to random walk
[3 INFO main 255119] Scout.Query -> Scout.GotoCenter | Drive to others reported pos
[3 INFO main 255219] Scout.GotoCenter -> Scout.Query | return to random walk
[3 INFO main 256121] Scout.Query -> Scout.GotoCenter | Drive to others reported pos
[3 INFO main 256520] Scout.GotoCenter -> Scout.Query | return to random walk
[3 INFO main 257122] Scout.Query -> Scout.GotoCenter | Drive to others reported pos
[3 INFO main 257924] Scout.GotoCenter -> Scout.Query | return to random walk
[3 INFO main 258124] Scout.Query -> Scout.GotoCenter | Drive to others reported pos
[3 INFO main 259124] Scout.GotoCenter -> Scout.Query | return to random walk
[3 INFO main 260126] Scout.Query -> Scout.GotoCenter | Drive to others reported pos
[3 INFO main 260726] Scout.GotoCenter -> Scout.Query | return to random walk
[3 INFO main 261127] Scout.Query -> Scout.GotoCenter | Drive to others reported pos
[3 INFO main 261728] Scout.GotoCenter -> Scout.Query | return to random walk
[3 INFO main 262128] Scout.Query -> Scout.GotoCenter | Drive to others reported pos
[3 INFO main 262729] Scout.GotoCenter -> Scout.Query | return to random walk
[3 INFO main 263129] Scout.Query -> Scout.GotoCenter | Drive to others reported pos
[3 INFO main 263329] Scout.GotoCenter -> Scout.Query | return to random walk
[3 INFO main 264132] Scout.Query -> Scout.GotoCenter | Drive to others reported pos
[3 INFO main 265031] Scout.GotoCenter -> Scout.Query | return to random walk
[3 INFO main 265133] Scout.Query -> Scout.GotoCenter | Drive to others reported pos
[3 INFO main 265331] Scout.GotoCenter -> Scout.Query | return to random walk
[3 INFO main 266135] Scout.Query -> Scout.GotoCenter | Drive to others reported pos
[3 INFO main 266433] Scout.GotoCenter -> Scout.Query | return to random walk
[3 INFO main 267232] Scout.Query -> Scout.GotoCenter | Drive to others reported pos
[3 INFO main 267335] Scout.GotoCenter -> Scout.Query | return to random walk
[3 INFO main 268238] Scout.Query -> Scout.GotoCenter | Drive to others reported pos
[3 INFO main 269537] Scout.GotoCenter -> Scout.Query | return to random walk
[3 INFO main 270341] Scout.Query -> Scout.GotoCenter | Drive to others reported pos
[3 INFO main 270740] Scout.GotoCenter -> Scout.Query | return to random walk
[3 INFO main 271342] Scout.Query -> Scout.GotoCenter | Drive to others reported pos
[3 INFO main 271842] Scout.GotoCenter -> Scout.Query | return to random walk
[3 INFO main 272343] Scout.Query -> Scout.GotoCenter | Drive to others reported pos
[3 INFO main 272440] Scout.GotoCenter -> Scout.Query | return to random walk
[3 INFO main 273344] Scout.Query -> Scout.GotoCenter | Drive to others reported pos
[3 INFO main 273642] Scout.GotoCenter -> Scout.Query | return to random walk
[3 INFO main 274345] Scout.Query -> Scout.GotoCenter | Drive to others reported pos
[3 INFO main 274443] Scout.GotoCenter -> Scout.Query | return to random walk
[3 INFO main 275347] Scout.Query -> Scout.GotoCenter | Drive to others reported pos
[3 INFO main 277349] Scout.GotoCenter -> Scout.Query | return to random walk
[3 INFO main 278351] Scout.Query -> Scout.GotoCenter | Drive to others reported pos
[3 INFO main 278448] Scout.GotoCenter -> Scout.Query | return to random walk
[3 INFO main 279352] Scout.Query -> Scout.GotoCenter | Drive to others reported pos
[3 INFO main 279651] Scout.GotoCenter -> Scout.Query | return to random walk
[3 INFO main 280452] Scout.Query -> Scout.GotoCenter | Drive to others reported pos
[3 INFO main 281453] Scout.GotoCenter -> Scout.Query | return to random walk
[3 INFO main 282455] Scout.Query -> Scout.GotoCenter | Drive to others reported pos
[3 INFO main 282554] Scout.GotoCenter -> Scout.Query | return to random walk
[3 INFO main 283456] Scout.Query -> Scout.GotoCenter | Drive to others reported pos
[3 INFO main 283957] Scout.GotoCenter -> Scout.Query | return to random walk
[3 INFO main 284458] Scout.Query -> Scout.GotoCenter | Drive to others reported pos
[3 INFO main 285360] Scout.GotoCenter -> Scout.Query | return to random walk
[3 INFO main 285459] Scout.Query -> Scout.GotoCenter | Drive to others reported pos
[3 INFO main 285860] Scout.GotoCenter -> Scout.Query | return to random walk
[3 INFO main 286460] Scout.Query -> Scout.GotoCenter | Drive to others reported pos
[3 INFO main 287362] Scout.GotoCenter -> Scout.Query | return to random walk
[3 INFO main 287461] Scout.Query -> Scout.GotoCenter | Drive to others reported pos
[3 INFO main 288160] Scout.GotoCenter -> Scout.Query | return to random walk
[3 INFO main 288463] Scout.Query -> Scout.GotoCenter | Drive to others reported pos
[3 INFO main 288762] Scout.GotoCenter -> Scout.Query | return to random walk
[3 INFO main 289564] Scout.Query -> Scout.GotoCenter | Drive to others reported pos
[3 INFO main 290365] Scout.GotoCenter -> Scout.Query | return to random walk
[3 INFO main 290565] Scout.Query -> Scout.GotoCenter | Drive to others reported pos
[3 INFO main 290664] Scout.GotoCenter -> Scout.Query | return to random walk
[3 INFO main 291566] Scout.Query -> Scout.GotoCenter | Drive to others reported pos
[3 INFO main 291964] Scout.GotoCenter -> Scout.Query | return to random walk
[3 INFO main 292569] Scout.Query -> Scout.GotoCenter | Drive to others reported pos
[3 INFO main 292667] Scout.GotoCenter -> Scout.Query | return to random walk
[3 INFO main 293569] Scout.Query -> Scout.GotoCenter | Drive to others reported pos
[3 INFO main 296572] Scout.GotoCenter -> Scout.Query | return to random walk
[3 INFO main 297574] Scout.Query -> Scout.GotoCenter | Drive to others reported pos
[3 INFO main 298274] Scout.GotoCenter -> Scout.Query | return to random walk
[3 INFO main 298575] Scout.Query -> Scout.GotoCenter | Drive to others reported pos
[3 INFO main 298674] Scout.GotoCenter -> Scout.Query | return to random walk
[3 INFO main 299677] Scout.Query -> Scout.GotoCenter | Drive to others reported pos
[3 INFO main 299772] Scout.GotoCenter -> Scout.Query | return to random walk
[3 INFO main 300678] Scout.Query -> Scout.GotoCenter | Drive to others reported pos
[3 INFO main 300877] Scout.GotoCenter -> Scout.Query | return to random walk
[3 INFO main 301679] Scout.Query -> Scout.GotoCenter | Drive to others reported pos
[3 INFO main 301979] Scout.GotoCenter -> Scout.Query | return to random walk
[3 INFO main 302680] Scout.Query -> Scout.GotoCenter | Drive to others reported pos
[3 INFO main 303381] Scout.GotoCenter -> Scout.Query | return to random walk
[3 INFO main 303682] Scout.Query -> Scout.GotoCenter | Drive to others reported pos
[3 INFO main 305082] Scout.GotoCenter -> Scout.Query | return to random walk
[3 INFO main 305684] Scout.Query -> Scout.GotoCenter | Drive to others reported pos
[3 INFO main 305783] Scout.GotoCenter -> Scout.Query | return to random walk
[3 INFO main 306686] Scout.Query -> Scout.GotoCenter | Drive to others reported pos
[3 INFO main 306985] Scout.GotoCenter -> Scout.Query | return to random walk
[3 INFO main 307687] Scout.Query -> Scout.GotoCenter | Drive to others reported pos
[3 INFO main 307887] Scout.GotoCenter -> Scout.Query | return to random walk
[3 INFO main 308688] Scout.Query -> Scout.GotoCenter | Drive to others reported pos
[3 INFO main 309789] Scout.GotoCenter -> Scout.Query | return to random walk
[3 INFO main 310691] Scout.Query -> Scout.GotoCenter | Drive to others reported pos
[3 INFO main 310790] Scout.GotoCenter -> Scout.Query | return to random walk
[3 INFO main 311693] Scout.Query -> Scout.GotoCenter | Drive to others reported pos
[3 INFO main 311991] Scout.GotoCenter -> Scout.Query | return to random walk
[3 INFO main 312694] Scout.Query -> Scout.GotoCenter | Drive to others reported pos
[3 INFO main 312894] Scout.GotoCenter -> Scout.Query | return to random walk
[3 INFO main 313695] Scout.Query -> Scout.GotoCenter | Drive to others reported pos
[3 INFO main 313896] Scout.GotoCenter -> Scout.Query | return to random walk
[3 INFO main 314696] Scout.Query -> Scout.GotoCenter | Drive to others reported pos
[3 INFO main 315697] Scout.GotoCenter -> Scout.Query | return to random walk
[3 INFO main 316699] Scout.Query -> Scout.GotoCenter | Drive to others reported pos
[3 INFO main 317499] Scout.GotoCenter -> Scout.Query | return to random walk
[3 INFO main 317701] Scout.Query -> Scout.GotoCenter | Drive to others reported pos
[3 INFO main 317899] Scout.GotoCenter -> Scout.Query | return to random walk
[3 INFO main 318704] Scout.Query -> Scout.GotoCenter | Drive to others reported pos
[3 INFO main 318800] Scout.GotoCenter -> Scout.Query | return to random walk
[3 INFO main 319705] Scout.Query -> Scout.GotoCenter | Drive to others reported pos
[3 INFO main 320603] Scout.GotoCenter -> Scout.Query | return to random walk
[3 INFO main 320706] Scout.Query -> Scout.GotoCenter | Drive to others reported pos
[3 INFO main 321004] Scout.GotoCenter -> Scout.Query | return to random walk
[3 INFO main 321707] Scout.Query -> Scout.GotoCenter | Drive to others reported pos
[3 INFO main 321804] Scout.GotoCenter -> Scout.Query | return to random walk
[3 INFO main 322708] Scout.Query -> Scout.GotoCenter | Drive to others reported pos
[3 INFO main 323406] Scout.GotoCenter -> Scout.Query | return to random walk
[3 INFO main 323710] Scout.Query -> Scout.GotoCenter | Drive to others reported pos
[3 INFO main 324509] Scout.GotoCenter -> Scout.Query | return to random walk
[3 INFO main 324711] Scout.Query -> Scout.GotoCenter | Drive to others reported pos
[3 INFO main 325306] Scout.GotoCenter -> Scout.Query | return to random walk
[3 INFO main 325810] Scout.Query -> Scout.GotoCenter | Drive to others reported pos
[3 INFO main 325909] Scout.GotoCenter -> Scout.Query | return to random walk
[3 INFO main 326812] Scout.Query -> Scout.GotoCenter | Drive to others reported pos
[3 INFO main 327512] Scout.GotoCenter -> Scout.Query | return to random walk
[3 INFO main 327813] Scout.Query -> Scout.GotoCenter | Drive to others reported pos
[3 INFO main 328213] Scout.GotoCenter -> Scout.Query | return to random walk
[3 INFO main 328814] Scout.Query -> Scout.GotoCenter | Drive to others reported pos
[3 INFO main 330215] Scout.GotoCenter -> Scout.Query | return to random walk
[3 INFO main 330817] Scout.Query -> Scout.GotoCenter | Drive to others reported pos
[3 INFO main 331016] Scout.GotoCenter -> Scout.Query | return to random walk
[3 INFO main 331818] Scout.Query -> Scout.GotoCenter | Drive to others reported pos
[3 INFO main 332117] Scout.GotoCenter -> Scout.Query | return to random walk
[3 INFO main 332819] Scout.Query -> Scout.GotoCenter | Drive to others reported pos
[3 INFO main 333118] Scout.GotoCenter -> Scout.Query | return to random walk
[3 INFO main 333821] Scout.Query -> Scout.GotoCenter | Drive to others reported pos
[3 INFO main 334322] Scout.GotoCenter -> Scout.Query | return to random walk
[3 INFO main 334822] Scout.Query -> Scout.GotoCenter | Drive to others reported pos
[3 INFO main 335723] Scout.GotoCenter -> Scout.Query | return to random walk
[3 INFO main 335824] Scout.Query -> Scout.GotoCenter | Drive to others reported pos
[3 INFO main 335922] Scout.GotoCenter -> Scout.Query | return to random walk
[3 INFO main 336825] Scout.Query -> Scout.GotoCenter | Drive to others reported pos
[3 INFO main 336923] Scout.GotoCenter -> Scout.Query | return to random walk
[3 INFO main 337826] Scout.Query -> Scout.GotoCenter | Drive to others reported pos
[3 INFO main 338026] Scout.GotoCenter -> Scout.Query | return to random walk
[3 INFO main 338827] Scout.Query -> Scout.GotoCenter | Drive to others reported pos
[3 INFO main 338926] Scout.GotoCenter -> Scout.Query | return to random walk
[3 INFO main 339829] Scout.Query -> Scout.GotoCenter | Drive to others reported pos
[3 INFO main 340028] Scout.GotoCenter -> Scout.Query | return to random walk
[3 INFO main 340830] Scout.Query -> Scout.GotoCenter | Drive to others reported pos
[3 INFO main 341229] Scout.GotoCenter -> Scout.Query | return to random walk
[3 INFO main 341832] Scout.Query -> Scout.GotoCenter | Drive to others reported pos
[3 INFO main 342130] Scout.GotoCenter -> Scout.Query | return to random walk
[3 INFO main 342833] Scout.Query -> Scout.GotoCenter | Drive to others reported pos
[3 INFO main 343533] Scout.GotoCenter -> Scout.Query | return to random walk
[3 INFO main 343835] Scout.Query -> Scout.GotoCenter | Drive to others reported pos
[3 INFO main 344034] Scout.GotoCenter -> Scout.Query | return to random walk
[3 INFO main 344837] Scout.Query -> Scout.GotoCenter | Drive to others reported pos
[3 INFO main 345634] Scout.GotoCenter -> Scout.Query | return to random walk
[3 INFO main 345936] Scout.Query -> Scout.GotoCenter | Drive to others reported pos
[3 INFO main 346135] Scout.GotoCenter -> Scout.Query | return to random walk
[3 INFO main 346937] Scout.Query -> Scout.GotoCenter | Drive to others reported pos
[3 INFO main 347237] Scout.GotoCenter -> Scout.Query | return to random walk
[3 INFO main 347940] Scout.Query -> Scout.GotoCenter | Drive to others reported pos
[3 INFO main 348238] Scout.GotoCenter -> Scout.Query | return to random walk
[3 INFO main 348941] Scout.Query -> Scout.GotoCenter | Drive to others reported pos
[3 INFO main 349041] Scout.GotoCenter -> Scout.Query | return to random walk
[3 INFO main 349942] Scout.Query -> Scout.GotoCenter | Drive to others reported pos
[3 INFO main 350542] Scout.GotoCenter -> Scout.Query | return to random walk
[3 INFO main 350944] Scout.Query -> Scout.GotoCenter | Drive to others reported pos
[3 INFO main 352243] Scout.GotoCenter -> Scout.Query | return to random walk
[3 INFO main 353045] Scout.Query -> Scout.GotoCenter | Drive to others reported pos
[3 INFO main 353144] Scout.GotoCenter -> Scout.Query | return to random walk
[3 INFO main 354046] Scout.Query -> Scout.GotoCenter | Drive to others reported pos
[3 INFO main 354245] Scout.GotoCenter -> Scout.Query | return to random walk
[3 INFO main 355047] Scout.Query -> Scout.GotoCenter | Drive to others reported pos
[3 INFO main 355347] Scout.GotoCenter -> Scout.Query | return to random walk
[3 INFO main 356048] Scout.Query -> Scout.GotoCenter | Drive to others reported pos
[3 INFO main 356147] Scout.GotoCenter -> Scout.Query | return to random walk
[3 INFO main 357050] Scout.Query -> Scout.GotoCenter | Drive to others reported pos
[3 INFO main 357148] Scout.GotoCenter -> Scout.Query | return to random walk
[3 INFO main 358051] Scout.Query -> Scout.GotoCenter | Drive to others reported pos
[3 INFO main 358352] Scout.GotoCenter -> Scout.Query | return to random walk
[3 INFO main 359052] Scout.Query -> Scout.GotoCenter | Drive to others reported pos
[3 INFO main 359151] Scout.GotoCenter -> Scout.Query | return to random walk
[3 INFO main 360054] Scout.Query -> Scout.GotoCenter | Drive to others reported pos
[3 INFO main 360855] Scout.GotoCenter -> Scout.Query | return to random walk
[3 INFO main 361056] Scout.Query -> Scout.GotoCenter | Drive to others reported pos
[3 INFO main 361154] Scout.GotoCenter -> Scout.Query | return to random walk
[3 INFO main 362056] Scout.Query -> Scout.GotoCenter | Drive to others reported pos
[3 INFO main 362155] Scout.GotoCenter -> Scout.Query | return to random walk
[3 INFO main 363059] Scout.Query -> Scout.GotoCenter | Drive to others reported pos
[3 INFO main 363359] Scout.GotoCenter -> Scout.Query | return to random walk
[3 INFO main 364059] Scout.Query -> Scout.GotoCenter | Drive to others reported pos
[3 INFO main 364659] Scout.GotoCenter -> Scout.Query | return to random walk
[3 INFO main 365061] Scout.Query -> Scout.GotoCenter | Drive to others reported pos
[3 INFO main 365159] Scout.GotoCenter -> Scout.Query | return to random walk
[3 INFO main 366062] Scout.Query -> Scout.GotoCenter | Drive to others reported pos
[3 INFO main 366463] Scout.GotoCenter -> Scout.Query | return to random walk
[3 INFO main 367063] Scout.Query -> Scout.GotoCenter | Drive to others reported pos
[3 INFO main 367663] Scout.GotoCenter -> Scout.Query | return to random walk
[3 INFO main 368065] Scout.Query -> Scout.GotoCenter | Drive to others reported pos
[3 INFO main 368264] Scout.GotoCenter -> Scout.Query | return to random walk
[3 INFO main 369066] Scout.Query -> Scout.GotoCenter | Drive to others reported pos
[3 INFO main 369266] Scout.GotoCenter -> Scout.Query | return to random walk
[3 INFO main 370068] Scout.Query -> Scout.GotoCenter | Drive to others reported pos
[3 INFO main 370368] Scout.GotoCenter -> Scout.Query | return to random walk
[3 INFO main 371070] Scout.Query -> Scout.GotoCenter | Drive to others reported pos
[3 INFO main 371169] Scout.GotoCenter -> Scout.Query | return to random walk
[3 INFO main 372071] Scout.Query -> Scout.GotoCenter | Drive to others reported pos
[3 INFO main 372169] Scout.GotoCenter -> Scout.Query | return to random walk
[3 INFO main 373172] Scout.Query -> Scout.GotoCenter | Drive to others reported pos
[3 INFO main 373372] Scout.GotoCenter -> Scout.Query | return to random walk
[3 INFO main 374174] Scout.Query -> Scout.GotoCenter | Drive to others reported pos
[3 INFO main 374473] Scout.GotoCenter -> Scout.Query | return to random walk
[3 INFO main 375175] Scout.Query -> Scout.GotoCenter | Drive to others reported pos
[3 INFO main 375273] Scout.GotoCenter -> Scout.Query | return to random walk
[3 INFO main 376177] Scout.Query -> Scout.GotoCenter | Drive to others reported pos
[3 INFO main 376274] Scout.GotoCenter -> Scout.Query | return to random walk
[3 INFO main 377177] Scout.Query -> Scout.GotoCenter | Drive to others reported pos
[3 INFO main 377275] Scout.GotoCenter -> Scout.Query | return to random walk
[3 INFO main 378179] Scout.Query -> Scout.GotoCenter | Drive to others reported pos
[3 INFO main 378377] Scout.GotoCenter -> Scout.Query | return to random walk
[3 INFO main 379181] Scout.Query -> Scout.GotoCenter | Drive to others reported pos
[3 INFO main 381378] Scout.GotoCenter -> Scout.Query | return to random walk
[3 INFO main 382283] Scout.Query -> Scout.GotoCenter | Drive to others reported pos
[3 INFO main 382382] Scout.GotoCenter -> Scout.Query | return to random walk
[3 INFO main 383284] Scout.Query -> Scout.GotoCenter | Drive to others reported pos
[3 INFO main 384584] Scout.GotoCenter -> Scout.Query | return to random walk
[3 INFO main 385287] Scout.Query -> Scout.GotoCenter | Drive to others reported pos
[3 INFO main 385987] Scout.GotoCenter -> Scout.Query | return to random walk
[3 INFO main 386288] Scout.Query -> Scout.GotoCenter | Drive to others reported pos
[3 INFO main 386488] Scout.GotoCenter -> Scout.Query | return to random walk
[3 INFO main 387390] Scout.Query -> Scout.GotoCenter | Drive to others reported pos
[3 INFO main 387489] Scout.GotoCenter -> Scout.Query | return to random walk
[3 INFO main 388391] Scout.Query -> Scout.GotoCenter | Drive to others reported pos
[3 INFO main 388491] Scout.GotoCenter -> Scout.Query | return to random walk
[3 INFO main 389392] Scout.Query -> Scout.GotoCenter | Drive to others reported pos
[3 INFO main 389492] Scout.GotoCenter -> Scout.Query | return to random walk
[3 INFO main 390393] Scout.Query -> Scout.GotoCenter | Drive to others reported pos
[3 INFO main 390493] Scout.GotoCenter -> Scout.Query | return to random walk
[3 INFO main 391395] Scout.Query -> Scout.GotoCenter | Drive to others reported pos
[3 INFO main 392396] Scout.GotoCenter -> Scout.Query | return to random walk
[3 INFO main 393397] Scout.Query -> Scout.GotoCenter | Drive to others reported pos
[3 INFO main 393497] Scout.GotoCenter -> Scout.Query | return to random walk
[3 INFO main 394399] Scout.Query -> Scout.GotoCenter | Drive to others reported pos
[3 INFO main 394498] Scout.GotoCenter -> Scout.Query | return to random walk
[3 INFO main 395400] Scout.Query -> Scout.GotoCenter | Drive to others reported pos
[3 INFO main 395499] Scout.GotoCenter -> Scout.Query | return to random walk
[3 INFO main 396401] Scout.Query -> Scout.GotoCenter | Drive to others reported pos
[3 INFO main 396902] Scout.GotoCenter -> Scout.Query | return to random walk
[3 INFO main 397402] Scout.Query -> Scout.GotoCenter | Drive to others reported pos
[3 INFO main 397903] Scout.GotoCenter -> Scout.Query | return to random walk
[3 INFO main 398404] Scout.Query -> Scout.GotoCenter | Drive to others reported pos
[3 INFO main 398603] Scout.GotoCenter -> Scout.Query | return to random walk
[3 INFO main 399405] Scout.Query -> Scout.GotoCenter | Drive to others reported pos
[3 INFO main 400106] Scout.GotoCenter -> Scout.Query | return to random walk
[3 INFO main 400406] Scout.Query -> Scout.GotoCenter | Drive to others reported pos
[3 INFO main 400505] Scout.GotoCenter -> Scout.Query | return to random walk
[3 INFO main 401408] Scout.Query -> Scout.GotoCenter | Drive to others reported pos
[3 INFO main 401606] Scout.GotoCenter -> Scout.Query | return to random walk
[3 INFO main 402408] Scout.Query -> Scout.GotoCenter | Drive to others reported pos
[3 INFO main 402607] Scout.GotoCenter -> Scout.Query | return to random walk
[3 INFO main 403410] Scout.Query -> Scout.GotoCenter | Drive to others reported pos
[3 INFO main 403810] Scout.GotoCenter -> Scout.Query | return to random walk
[3 INFO main 404411] Scout.Query -> Scout.GotoCenter | Drive to others reported pos
[3 INFO main 404711] Scout.GotoCenter -> Scout.Query | return to random walk
[3 INFO main 405412] Scout.Query -> Scout.GotoCenter | Drive to others reported pos
[3 INFO main 405813] Scout.GotoCenter -> Scout.Query | return to random walk
[3 INFO main 406414] Scout.Query -> Scout.GotoCenter | Drive to others reported pos
[3 INFO main 406512] Scout.GotoCenter -> Scout.Query | return to random walk
[3 INFO main 407415] Scout.Query -> Scout.GotoCenter | Drive to others reported pos
[3 INFO main 408215] Scout.GotoCenter -> Scout.Query | return to random walk
[3 INFO main 408416] Scout.Query -> Scout.GotoCenter | Drive to others reported pos
[3 INFO main 408615] Scout.GotoCenter -> Scout.Query | return to random walk
[3 INFO main 409418] Scout.Query -> Scout.GotoCenter | Drive to others reported pos
[3 INFO main 410319] Scout.GotoCenter -> Scout.Query | return to random walk
[3 INFO main 410419] Scout.Query -> Scout.GotoCenter | Drive to others reported pos
[3 INFO main 410819] Scout.GotoCenter -> Scout.Query | return to random walk
[3 INFO main 411421] Scout.Query -> Scout.GotoCenter | Drive to others reported pos
[3 INFO main 411519] Scout.GotoCenter -> Scout.Query | return to random walk
[3 INFO main 412422] Scout.Query -> Scout.GotoCenter | Drive to others reported pos
[3 INFO main 412520] Scout.GotoCenter -> Scout.Query | return to random walk
[3 INFO main 413424] Scout.Query -> Scout.GotoCenter | Drive to others reported pos
[3 INFO main 413619] Scout.GotoCenter -> Scout.Query | return to random walk
[3 INFO main 414424] Scout.Query -> Scout.GotoCenter | Drive to others reported pos
[3 INFO main 414623] Scout.GotoCenter -> Scout.Query | return to random walk
[3 INFO main 415426] Scout.Query -> Scout.GotoCenter | Drive to others reported pos
[3 INFO main 415625] Scout.GotoCenter -> Scout.Query | return to random walk
[3 INFO main 416427] Scout.Query -> Scout.GotoCenter | Drive to others reported pos
[3 INFO main 416626] Scout.GotoCenter -> Scout.Query | return to random walk
[3 INFO main 417429] Scout.Query -> Scout.GotoCenter | Drive to others reported pos
[3 INFO main 417929] Scout.GotoCenter -> Scout.Query | return to random walk
[3 INFO main 418430] Scout.Query -> Scout.GotoCenter | Drive to others reported pos
[3 INFO main 418528] Scout.GotoCenter -> Scout.Query | return to random walk
[3 INFO main 419432] Scout.Query -> Scout.GotoCenter | Drive to others reported pos
[3 INFO main 419730] Scout.GotoCenter -> Scout.Query | return to random walk
[3 INFO main 420432] Scout.Query -> Scout.GotoCenter | Drive to others reported pos
[3 INFO main 420933] Scout.GotoCenter -> Scout.Query | return to random walk
[3 INFO main 421434] Scout.Query -> Scout.GotoCenter | Drive to others reported pos
[3 INFO main 421532] Scout.GotoCenter -> Scout.Query | return to random walk
[3 INFO main 422435] Scout.Query -> Scout.GotoCenter | Drive to others reported pos
[3 INFO main 422533] Scout.GotoCenter -> Scout.Query | return to random walk
[3 INFO main 423436] Scout.Query -> Scout.GotoCenter | Drive to others reported pos
[3 INFO main 423536] Scout.GotoCenter -> Scout.Query | return to random walk
[3 INFO main 424438] Scout.Query -> Scout.GotoCenter | Drive to others reported pos
[3 INFO main 424838] Scout.GotoCenter -> Scout.Query | return to random walk
[3 INFO main 425441] Scout.Query -> Scout.GotoCenter | Drive to others reported pos
[3 INFO main 425941] Scout.GotoCenter -> Scout.Query | return to random walk
[3 INFO main 426442] Scout.Query -> Scout.GotoCenter | Drive to others reported pos
[3 INFO main 426841] Scout.GotoCenter -> Scout.Query | return to random walk
[3 INFO main 427443] Scout.Query -> Scout.GotoCenter | Drive to others reported pos
[3 INFO main 427640] Scout.GotoCenter -> Scout.Query | return to random walk
[3 INFO main 428445] Scout.Query -> Scout.GotoCenter | Drive to others reported pos
[3 INFO main 428542] Scout.GotoCenter -> Scout.Query | return to random walk
[3 INFO main 429446] Scout.Query -> Scout.GotoCenter | Drive to others reported pos
[3 INFO main 429540] Scout.GotoCenter -> Scout.Query | return to random walk
[3 INFO main 430447] Scout.Query -> Scout.GotoCenter | Drive to others reported pos
[3 INFO main 430847] Scout.GotoCenter -> Scout.Query | return to random walk
[3 INFO main 431449] Scout.Query -> Scout.GotoCenter | Drive to others reported pos
[3 INFO main 432147] Scout.GotoCenter -> Scout.Query | return to random walk
[3 INFO main 432450] Scout.Query -> Scout.GotoCenter | Drive to others reported pos
[3 INFO main 433049] Scout.GotoCenter -> Scout.Query | return to random walk
[3 INFO main 433452] Scout.Query -> Scout.GotoCenter | Drive to others reported pos
[3 INFO main 433953] Scout.GotoCenter -> Scout.Query | return to random walk
[3 INFO main 434453] Scout.Query -> Scout.GotoCenter | Drive to others reported pos
[3 INFO main 434550] Scout.GotoCenter -> Scout.Query | return to random walk
[3 INFO main 435455] Scout.Query -> Scout.GotoCenter | Drive to others reported pos
[3 INFO main 435552] Scout.GotoCenter -> Scout.Query | return to random walk
[3 INFO main 436456] Scout.Query -> Scout.GotoCenter | Drive to others reported pos
[3 INFO main 436554] Scout.GotoCenter -> Scout.Query | return to random walk
[3 INFO main 437457] Scout.Query -> Scout.GotoCenter | Drive to others reported pos
[3 INFO main 437958] Scout.GotoCenter -> Scout.Query | return to random walk
[3 INFO main 438458] Scout.Query -> Scout.GotoCenter | Drive to others reported pos
[3 INFO main 438556] Scout.GotoCenter -> Scout.Query | return to random walk
[3 INFO main 439461] Scout.Query -> Scout.GotoCenter | Drive to others reported pos
[3 INFO main 439558] Scout.GotoCenter -> Scout.Query | return to random walk
[3 INFO main 440560] Scout.Query -> Scout.GotoCenter | Drive to others reported pos
[3 INFO main 442261] Scout.GotoCenter -> Scout.Query | return to random walk
[3 INFO main 442562] Scout.Query -> Scout.GotoCenter | Drive to others reported pos
[3 INFO main 443662] Scout.GotoCenter -> Scout.Query | return to random walk
[3 INFO main 444565] Scout.Query -> Scout.GotoCenter | Drive to others reported pos
[3 INFO main 444664] Scout.GotoCenter -> Scout.Query | return to random walk
[3 INFO main 445567] Scout.Query -> Scout.GotoCenter | Drive to others reported pos
[3 INFO main 445665] Scout.GotoCenter -> Scout.Query | return to random walk
[3 INFO main 446570] Scout.Query -> Scout.GotoCenter | Drive to others reported pos
[3 INFO main 446867] Scout.GotoCenter -> Scout.Query | return to random walk
[3 INFO main 447572] Scout.Query -> Scout.GotoCenter | Drive to others reported pos
[3 INFO main 447665] Scout.GotoCenter -> Scout.Query | return to random walk
[3 INFO main 448573] Scout.Query -> Scout.GotoCenter | Drive to others reported pos
[3 INFO main 449470] Scout.GotoCenter -> Scout.Query | return to random walk
[3 INFO main 449574] Scout.Query -> Scout.GotoCenter | Drive to others reported pos
[3 INFO main 449770] Scout.GotoCenter -> Scout.Query | return to random walk
[3 INFO main 450673] Scout.Query -> Scout.GotoCenter | Drive to others reported pos
[3 INFO main 450972] Scout.GotoCenter -> Scout.Query | return to random walk
[3 INFO main 451675] Scout.Query -> Scout.GotoCenter | Drive to others reported pos
[3 INFO main 452076] Scout.GotoCenter -> Scout.Query | return to random walk
[3 INFO main 452676] Scout.Query -> Scout.GotoCenter | Drive to others reported pos
[3 INFO main 452975] Scout.GotoCenter -> Scout.Query | return to random walk
[3 INFO main 453678] Scout.Query -> Scout.GotoCenter | Drive to others reported pos
[3 INFO main 453876] Scout.GotoCenter -> Scout.Query | return to random walk
[3 INFO main 454679] Scout.Query -> Scout.GotoCenter | Drive to others reported pos
[3 INFO main 455079] Scout.GotoCenter -> Scout.Query | return to random walk
[3 INFO main 455682] Scout.Query -> Scout.GotoCenter | Drive to others reported pos
[3 INFO main 456178] Scout.GotoCenter -> Scout.Query | return to random walk
[3 INFO main 456782] Scout.Query -> Scout.GotoCenter | Drive to others reported pos
[3 INFO main 457380] Scout.GotoCenter -> Scout.Query | return to random walk
[3 INFO main 457783] Scout.Query -> Scout.GotoCenter | Drive to others reported pos
[3 INFO main 457881] Scout.GotoCenter -> Scout.Query | return to random walk
[3 INFO main 458785] Scout.Query -> Scout.GotoCenter | Drive to others reported pos
[3 INFO main 458882] Scout.GotoCenter -> Scout.Query | return to random walk
[3 INFO main 459786] Scout.Query -> Scout.GotoCenter | Drive to others reported pos
[3 INFO main 459984] Scout.GotoCenter -> Scout.Query | return to random walk
[3 INFO main 460787] Scout.Query -> Scout.GotoCenter | Drive to others reported pos
[3 INFO main 461087] Scout.GotoCenter -> Scout.Query | return to random walk
[3 INFO main 461789] Scout.Query -> Scout.GotoCenter | Drive to others reported pos
[3 INFO main 461886] Scout.GotoCenter -> Scout.Query | return to random walk
[3 INFO main 462790] Scout.Query -> Scout.GotoCenter | Drive to others reported pos
[3 INFO main 462887] Scout.GotoCenter -> Scout.Query | return to random walk
[3 INFO main 463791] Scout.Query -> Scout.GotoCenter | Drive to others reported pos
[3 INFO main 464188] Scout.GotoCenter -> Scout.Query | return to random walk
[3 INFO main 464793] Scout.Query -> Scout.GotoCenter | Drive to others reported pos
[3 INFO main 464890] Scout.GotoCenter -> Scout.Query | return to random walk
[3 INFO main 465794] Scout.Query -> Scout.GotoCenter | Drive to others reported pos
[3 INFO main 466793] Scout.GotoCenter -> Scout.Query | return to random walk
[3 INFO main 466894] Scout.Query -> Scout.GotoCenter | Drive to others reported pos
[3 INFO main 467895] Scout.GotoCenter -> Scout.Query | return to random walk
[3 INFO main 468897] Scout.Query -> Scout.GotoCenter | Drive to others reported pos
[3 INFO main 469096] Scout.GotoCenter -> Scout.Query | return to random walk
[3 INFO main 469898] Scout.Query -> Scout.GotoCenter | Drive to others reported pos
[3 INFO main 470197] Scout.GotoCenter -> Scout.Query | return to random walk
[3 INFO main 470900] Scout.Query -> Scout.GotoCenter | Drive to others reported pos
[3 INFO main 471198] Scout.GotoCenter -> Scout.Query | return to random walk
[3 INFO main 471901] Scout.Query -> Scout.GotoCenter | Drive to others reported pos
[3 INFO main 472100] Scout.GotoCenter -> Scout.Query | return to random walk
[3 INFO main 472902] Scout.Query -> Scout.GotoCenter | Drive to others reported pos
[3 INFO main 473102] Scout.GotoCenter -> Scout.Query | return to random walk
[3 INFO main 473903] Scout.Query -> Scout.GotoCenter | Drive to others reported pos
[3 INFO main 474002] Scout.GotoCenter -> Scout.Query | return to random walk
[3 INFO main 474905] Scout.Query -> Scout.GotoCenter | Drive to others reported pos
[3 INFO main 475104] Scout.GotoCenter -> Scout.Query | return to random walk
[3 INFO main 475906] Scout.Query -> Scout.GotoCenter | Drive to others reported pos
[3 INFO main 476306] Scout.GotoCenter -> Scout.Query | return to random walk
[3 INFO main 476907] Scout.Query -> Scout.GotoCenter | Drive to others reported pos
[3 INFO main 477006] Scout.GotoCenter -> Scout.Query | return to random walk
[3 INFO main 477908] Scout.Query -> Scout.GotoCenter | Drive to others reported pos
[3 INFO main 478508] Scout.GotoCenter -> Scout.Query | return to random walk
[3 INFO main 478909] Scout.Query -> Scout.GotoCenter | Drive to others reported pos
[3 INFO main 479008] Scout.GotoCenter -> Scout.Query | return to random walk
[3 INFO main 479912] Scout.Query -> Scout.GotoCenter | Drive to others reported pos
[3 INFO main 480210] Scout.GotoCenter -> Scout.Query | return to random walk
[3 INFO main 480913] Scout.Query -> Scout.GotoCenter | Drive to others reported pos
[3 INFO main 481311] Scout.GotoCenter -> Scout.Query | return to random walk
[3 INFO main 481914] Scout.Query -> Scout.GotoCenter | Drive to others reported pos
[3 INFO main 482113] Scout.GotoCenter -> Scout.Query | return to random walk
[3 INFO main 482916] Scout.Query -> Scout.GotoCenter | Drive to others reported pos
[3 INFO main 483013] Scout.GotoCenter -> Scout.Query | return to random walk
[3 INFO main 484016] Scout.Query -> Scout.GotoCenter | Drive to others reported pos
[3 INFO main 484115] Scout.GotoCenter -> Scout.Query | return to random walk
[3 INFO main 485118] Scout.Query -> Scout.GotoCenter | Drive to others reported pos
[3 INFO main 485316] Scout.GotoCenter -> Scout.Query | return to random walk
[3 INFO main 486220] Scout.Query -> Scout.GotoCenter | Drive to others reported pos
[3 INFO main 486317] Scout.GotoCenter -> Scout.Query | return to random walk
[3 INFO main 487221] Scout.Query -> Scout.GotoCenter | Drive to others reported pos
[3 INFO main 487420] Scout.GotoCenter -> Scout.Query | return to random walk
[3 INFO main 488222] Scout.Query -> Scout.GotoCenter | Drive to others reported pos
[3 INFO main 488820] Scout.GotoCenter -> Scout.Query | return to random walk
[3 INFO main 489224] Scout.Query -> Scout.GotoCenter | Drive to others reported pos
[3 INFO main 489924] Scout.GotoCenter -> Scout.Query | return to random walk
[3 INFO main 490324] Scout.Query -> Scout.GotoCenter | Drive to others reported pos
[3 INFO main 490424] Scout.GotoCenter -> Scout.Query | return to random walk
[3 INFO main 491325] Scout.Query -> Scout.GotoCenter | Drive to others reported pos
[3 INFO main 491726] Scout.GotoCenter -> Scout.Query | return to random walk
[3 INFO main 492327] Scout.Query -> Scout.GotoCenter | Drive to others reported pos
[3 INFO main 492426] Scout.GotoCenter -> Scout.Query | return to random walk
[3 INFO main 493328] Scout.Query -> Scout.GotoCenter | Drive to others reported pos
[3 INFO main 493527] Scout.GotoCenter -> Scout.Query | return to random walk
[3 INFO main 494329] Scout.Query -> Scout.GotoCenter | Drive to others reported pos
[3 INFO main 494429] Scout.GotoCenter -> Scout.Query | return to random walk
[3 INFO main 495331] Scout.Query -> Scout.GotoCenter | Drive to others reported pos
[3 INFO main 495530] Scout.GotoCenter -> Scout.Query | return to random walk
[3 INFO main 496332] Scout.Query -> Scout.GotoCenter | Drive to others reported pos
[3 INFO main 497132] Scout.GotoCenter -> Scout.Query | return to random walk
[3 INFO main 497334] Scout.Query -> Scout.GotoCenter | Drive to others reported pos
[3 INFO main 498736] Scout.GotoCenter -> Scout.Query | return to random walk
[3 INFO main 499337] Scout.Query -> Scout.GotoCenter | Drive to others reported pos
[3 INFO main 499636] Scout.GotoCenter -> Scout.Query | return to random walk
[3 INFO main 500340] Scout.Query -> Scout.GotoCenter | Drive to others reported pos
[3 INFO main 500637] Scout.GotoCenter -> Scout.Query | return to random walk
[3 INFO main 501441] Scout.Query -> Scout.GotoCenter | Drive to others reported pos
[3 INFO main 501639] Scout.GotoCenter -> Scout.Query | return to random walk
[3 INFO main 502442] Scout.Query -> Scout.GotoCenter | Drive to others reported pos
[3 INFO main 502840] Scout.GotoCenter -> Scout.Query | return to random walk
[3 INFO main 503443] Scout.Query -> Scout.GotoCenter | Drive to others reported pos
[3 INFO main 503641] Scout.GotoCenter -> Scout.Query | return to random walk
[3 INFO main 504444] Scout.Query -> Scout.GotoCenter | Drive to others reported pos
[3 INFO main 504743] Scout.GotoCenter -> Scout.Query | return to random walk
[3 INFO main 505446] Scout.Query -> Scout.GotoCenter | Drive to others reported pos
[3 INFO main 506942] Scout.GotoCenter -> Scout.Query | return to random walk
[3 INFO main 507450] Scout.Query -> Scout.GotoCenter | Drive to others reported pos
[3 INFO main 507752] Scout.GotoCenter -> Scout.Query | return to random walk
[3 INFO main 508452] Scout.Query -> Scout.GotoCenter | Drive to others reported pos
[3 INFO main 508554] Scout.GotoCenter -> Scout.Query | return to random walk
[3 INFO main 509453] Scout.Query -> Scout.GotoCenter | Drive to others reported pos
[3 INFO main 509653] Scout.GotoCenter -> Scout.Query | return to random walk
[3 INFO main 510454] Scout.Query -> Scout.GotoCenter | Drive to others reported pos
[3 INFO main 510955] Scout.GotoCenter -> Scout.Query | return to random walk
[3 INFO main 511456] Scout.Query -> Scout.GotoCenter | Drive to others reported pos
[3 INFO main 511757] Scout.GotoCenter -> Scout.Query | return to random walk
[3 INFO main 512457] Scout.Query -> Scout.GotoCenter | Drive to others reported pos
[3 INFO main 512560] Scout.GotoCenter -> Scout.Query | return to random walk
[3 INFO main 513458] Scout.Query -> Scout.GotoCenter | Drive to others reported pos
[3 INFO main 514261] Scout.GotoCenter -> Scout.Query | return to random walk
[3 INFO main 514460] Scout.Query -> Scout.GotoCenter | Drive to others reported pos
[3 INFO main 514563] Scout.GotoCenter -> Scout.Query | return to random walk
[3 INFO main 515461] Scout.Query -> Scout.GotoCenter | Drive to others reported pos
[3 INFO main 515661] Scout.GotoCenter -> Scout.Query | return to random walk
[3 INFO main 516463] Scout.Query -> Scout.GotoCenter | Drive to others reported pos
[3 INFO main 516566] Scout.GotoCenter -> Scout.Query | return to random walk
[3 INFO main 517464] Scout.Query -> Scout.GotoCenter | Drive to others reported pos
[3 INFO main 518365] Scout.GotoCenter -> Scout.Query | return to random walk
[3 INFO main 518465] Scout.Query -> Scout.GotoCenter | Drive to others reported pos
[3 INFO main 518665] Scout.GotoCenter -> Scout.Query | return to random walk
[3 INFO main 519467] Scout.Query -> Scout.GotoCenter | Drive to others reported pos
[3 INFO main 519569] Scout.GotoCenter -> Scout.Query | return to random walk
[3 INFO main 520468] Scout.Query -> Scout.GotoCenter | Drive to others reported pos
[3 INFO main 520869] Scout.GotoCenter -> Scout.Query | return to random walk
[3 INFO main 521469] Scout.Query -> Scout.GotoCenter | Drive to others reported pos
[3 INFO main 521670] Scout.GotoCenter -> Scout.Query | return to random walk
[3 INFO main 522470] Scout.Query -> Scout.GotoCenter | Drive to others reported pos
[3 INFO main 522573] Scout.GotoCenter -> Scout.Query | return to random walk
[3 INFO main 523472] Scout.Query -> Scout.GotoCenter | Drive to others reported pos
[3 INFO main 523575] Scout.GotoCenter -> Scout.Query | return to random walk
[3 INFO main 524473] Scout.Query -> Scout.GotoCenter | Drive to others reported pos
[3 INFO main 524774] Scout.GotoCenter -> Scout.Query | return to random walk
[3 INFO main 525475] Scout.Query -> Scout.GotoCenter | Drive to others reported pos
[3 INFO main 525574] Scout.GotoCenter -> Scout.Query | return to random walk
[3 INFO main 526476] Scout.Query -> Scout.GotoCenter | Drive to others reported pos
[3 INFO main 526776] Scout.GotoCenter -> Scout.Query | return to random walk
[3 INFO main 527579] Scout.Query -> Scout.GotoCenter | Drive to others reported pos
[3 INFO main 527979] Scout.GotoCenter -> Scout.Query | return to random walk
[3 INFO main 528581] Scout.Query -> Scout.GotoCenter | Drive to others reported pos
[3 INFO main 529181] Scout.GotoCenter -> Scout.Query | return to random walk
[3 INFO main 529582] Scout.Query -> Scout.GotoCenter | Drive to others reported pos
[3 INFO main 529683] Scout.GotoCenter -> Scout.Query | return to random walk
[3 INFO main 530583] Scout.Query -> Scout.GotoCenter | Drive to others reported pos
[3 INFO main 530883] Scout.GotoCenter -> Scout.Query | return to random walk
[3 INFO main 531585] Scout.Query -> Scout.GotoCenter | Drive to others reported pos
[3 INFO main 532284] Scout.GotoCenter -> Scout.Query | return to random walk
[3 INFO main 532586] Scout.Query -> Scout.GotoCenter | Drive to others reported pos
[3 INFO main 532786] Scout.GotoCenter -> Scout.Query | return to random walk
