[11 INFO main 27] Initialising Python Geth Console...
[11 INFO main 32] Initialising RandB board...
[11 INFO main 32] Initialising navigation...
[11 INFO main 32] Initialising random-walk...
[11 INFO main 32] Initialising odometry...
[11 INFO main 32] Initialising ground-sensors...
[11 INFO main 419] --//-- Starting Experiment --//--
[11 INFO main 1890] Idle.IDLE -> Scout.Query | Duration: 28.07
[11 INFO main 52319] Scout.Query -> Verify.DriveTo | Go to unverified source
[11 INFO main 158101] Verify.DriveTo -> Verify.Homing | Homing
[11 INFO main 168398] Confirming: 1/9
[11 INFO main 170575] Confirming: 2/9
[11 INFO main 170917] Verify.Homing -> Scout.Query | Arrived home
[11 INFO main 172643] Confirming: 3/9
[11 INFO main 174656] Confirming: 4/9
[11 INFO main 176670] Confirming: 5/9
[11 INFO main 178758] Confirming: 6/9
[11 INFO main 180823] Confirming: 7/9
[11 INFO main 185005] Confirming: 9/9
[11 INFO main 186040] Scout.Query -> Verify.DriveTo | Go to unverified source
[11 INFO main 219040] Verify.DriveTo -> Verify.Homing | Homing
[11 INFO main 236734] Verify.Homing -> Scout.Query | Arrived home
[11 INFO main 246036] Confirming: 1/9
[11 INFO main 248068] Confirming: 2/9
[11 INFO main 250217] Confirming: 3/9
[11 INFO main 254268] Confirming: 5/9
[11 INFO main 256360] Confirming: 6/9
[11 INFO main 258468] Confirming: 7/9
[11 INFO main 260535] Confirming: 8/9
[11 INFO main 262583] Confirming: 9/9
[11 INFO main 262841] Scout.Query -> Verify.DriveTo | Go to unverified source
[11 INFO main 298774] Verify.DriveTo -> Verify.Homing | Homing
[11 INFO main 303375] Verify.Homing -> Scout.Query | Arrived home
[11 INFO main 319897] Confirming: 2/9
[11 INFO main 324030] Confirming: 4/9
[11 INFO main 326070] Confirming: 5/9
[11 INFO main 328065] Confirming: 6/9
[11 INFO main 330170] Confirming: 7/9
[11 INFO main 334349] Confirming: 9/9
[11 INFO main 335168] Scout.Query -> Verify.DriveTo | Go to unverified source
[11 INFO main 388545] Verify.DriveTo -> Verify.Homing | Homing
[11 INFO main 409926] Confirming: 2/9
[11 INFO main 411957] Confirming: 3/9
[11 INFO main 413993] Confirming: 4/9
[11 INFO main 416030] Confirming: 5/9
[11 INFO main 418197] Confirming: 6/9
[11 INFO main 422374] Confirming: 8/9
[11 INFO main 424407] Confirming: 9/9
[11 INFO main 432584] Verify.Homing -> Scout.Query | Arrived home
[11 INFO main 432984] Scout.Query -> Verify.DriveTo | Go to unverified source
[11 INFO main 480091] Verify.DriveTo -> Verify.Homing | Homing
[11 INFO main 498979] Confirming: 1/9
[11 INFO main 499384] Verify.Homing -> Scout.Query | Arrived home
[11 INFO main 500961] Confirming: 2/9
[11 INFO main 503057] Confirming: 3/9
[11 INFO main 505028] Confirming: 4/9
[11 INFO main 507081] Confirming: 5/9
[11 INFO main 509170] Confirming: 6/9
[11 INFO main 511307] Confirming: 7/9
[11 INFO main 513321] Confirming: 8/9
[11 INFO main 515378] Confirming: 9/9
[11 INFO main 516496] Scout.Query -> Verify.DriveTo | Go to unverified source
[11 INFO main 551876] Verify.DriveTo -> Verify.Homing | Homing
[11 INFO main 558106] Confirming: 1/9
[11 INFO main 560180] Confirming: 2/9
[11 INFO main 560848] Verify.Homing -> Scout.Query | Arrived home
[11 INFO main 562225] Confirming: 3/9
[11 INFO main 564229] Confirming: 4/9
[11 INFO main 568297] Confirming: 6/9
[11 INFO main 570278] Confirming: 7/9
[11 INFO main 572399] Confirming: 8/9
[11 INFO main 574428] Confirming: 9/9
[11 INFO main 574465] Scout.Query -> Verify.DriveTo | Go to unverified source
[11 INFO main 595983] Verify.DriveTo -> Verify.Homing | Homing
[11 INFO main 604766] Verify.Homing -> Scout.Query | Arrived home
[11 INFO main 610358] Confirming: 1/9
[11 INFO main 614492] Confirming: 3/9
[11 INFO main 618639] Confirming: 5/9
[11 INFO main 620730] Confirming: 6/9
[11 INFO main 622775] Confirming: 7/9
[11 INFO main 624833] Confirming: 8/9
[11 INFO main 626932] Confirming: 9/9
[11 INFO main 627215] Scout.Query -> Verify.DriveTo | Go to unverified source
[11 INFO main 645077] Verify.DriveTo -> Verify.Homing | Homing
[11 INFO main 658058] Verify.Homing -> Scout.Query | Arrived home
[11 INFO main 678447] Confirming: 1/9
[11 INFO main 680460] Confirming: 2/9
[11 INFO main 682484] Confirming: 3/9
[11 INFO main 684465] Confirming: 4/9
[11 INFO main 686507] Confirming: 5/9
[11 INFO main 688541] Confirming: 6/9
[11 INFO main 690569] Confirming: 7/9
[11 INFO main 692622] Confirming: 8/9
[11 INFO main 694698] Confirming: 9/9
[11 INFO main 695408] Scout.Query -> Verify.DriveTo | Go to unverified source
[11 INFO main 768399] Verify.DriveTo -> Verify.Homing | Homing
[11 INFO main 799823] Confirming: 1/9
[11 INFO main 801965] Confirming: 2/9
[11 INFO main 804050] Confirming: 3/9
[11 INFO main 806124] Confirming: 4/9
[11 INFO main 808115] Confirming: 5/9
[11 INFO main 810206] Confirming: 6/9
[11 INFO main 811464] Verify.Homing -> Scout.Query | Arrived home
[11 INFO main 812281] Confirming: 7/9
[11 INFO main 814436] Confirming: 8/9
[11 INFO main 816501] Confirming: 9/9
[11 INFO main 816529] Scout.Query -> Verify.DriveTo | Go to unverified source
[11 INFO main 982671] Verify.DriveTo -> Verify.Homing | Homing
[11 INFO main 1003106] Verify.Homing -> Scout.Query | Arrived home
[11 INFO main 1022571] Confirming: 1/9
[11 INFO main 1024607] Confirming: 2/9
[11 INFO main 1026636] Confirming: 3/9
[11 INFO main 1028637] Confirming: 4/9
[11 INFO main 1036821] Confirming: 8/9
[11 INFO main 1038901] Confirming: 10/9
[11 INFO main 1039720] Scout.Query -> Verify.DriveTo | Go to unverified source
[11 INFO main 1056881] Verify.DriveTo -> Verify.Homing | Homing
[11 INFO main 1068303] Verify.Homing -> Scout.Query | Arrived home
[11 INFO main 1069405] Confirming: 1/9
[11 INFO main 1071512] Confirming: 2/9
[11 INFO main 1073533] Confirming: 3/9
[11 INFO main 1075527] Confirming: 4/9
[11 INFO main 1077549] Confirming: 5/9
[11 INFO main 1079639] Confirming: 6/9
[11 INFO main 1081682] Confirming: 7/9
[11 INFO main 1083743] Confirming: 8/9
[11 INFO main 1085825] Confirming: 9/9
[11 INFO main 1086265] Scout.Query -> Verify.DriveTo | Go to unverified source
[11 INFO main 1116359] Verify.DriveTo -> Verify.Homing | Homing
[11 INFO main 1124535] Verify.Homing -> Scout.Query | Arrived home
[11 INFO main 1145275] Confirming: 1/9
[11 INFO main 1147303] Confirming: 2/9
[11 INFO main 1149318] Confirming: 4/9
[11 INFO main 1153434] Confirming: 5/9
[11 INFO main 1155407] Confirming: 7/9
[11 INFO main 1157549] Confirming: 8/9
[11 INFO main 1159581] Confirming: 9/9
[11 INFO main 1159992] Scout.Query -> Verify.DriveTo | Go to unverified source
[11 INFO main 1249406] Verify.DriveTo -> Verify.Homing | Homing
[11 INFO main 1280828] Confirming: 1/9
[11 INFO main 1282837] Confirming: 2/9
[11 INFO main 1284939] Confirming: 4/9
[11 INFO main 1287049] Confirming: 5/9
[11 INFO main 1288027] Verify.Homing -> Scout.Query | Arrived home
[11 INFO main 1289150] Confirming: 6/9
[11 INFO main 1293261] Confirming: 8/9
[11 INFO main 1295347] Confirming: 9/9
[11 INFO main 1295377] Scout.Query -> Verify.DriveTo | Go to unverified source
[11 INFO main 1331413] Verify.DriveTo -> Verify.Homing | Homing
[11 INFO main 1341544] Confirming: 2/9
[11 INFO main 1343665] Confirming: 3/9
[11 INFO main 1345685] Confirming: 4/9
[11 INFO main 1345920] Verify.Homing -> Scout.Query | Arrived home
[11 INFO main 1347709] Confirming: 5/9
[11 INFO main 1349810] Confirming: 6/9
[11 INFO main 1351865] Confirming: 7/9
[11 INFO main 1353918] Confirming: 8/9
[11 INFO main 1356019] Confirming: 9/9
[11 INFO main 1356053] Scout.Query -> Verify.DriveTo | Go to unverified source
[11 INFO main 1465713] Verify.DriveTo -> Verify.Homing | Homing
[11 INFO main 1489058] Confirming: 1/9
[11 INFO main 1491071] Confirming: 2/9
[11 INFO main 1493293] Confirming: 3/9
[11 INFO main 1493751] Verify.Homing -> Scout.Query | Arrived home
[11 INFO main 1495304] Confirming: 4/9
[11 INFO main 1497438] Confirming: 5/9
[11 INFO main 1499558] Confirming: 6/9
[11 INFO main 1501648] Confirming: 7/9
[11 INFO main 1503663] Confirming: 8/9
[11 INFO main 1505770] Confirming: 9/9
[11 INFO main 1505862] Scout.Query -> Verify.DriveTo | Go to unverified source
[11 INFO main 1545660] Verify.DriveTo -> Verify.Homing | Homing
[11 INFO main 1561411] Verify.Homing -> Scout.Query | Arrived home
[11 INFO main 1581797] Confirming: 1/9
[11 INFO main 1583805] Confirming: 2/9
[11 INFO main 1585839] Confirming: 3/9
[11 INFO main 1587893] Confirming: 5/9
[11 INFO main 1589982] Confirming: 6/9
[11 INFO main 1592087] Confirming: 7/9
[11 INFO main 1596110] Confirming: 9/9
[11 INFO main 1596149] Scout.Query -> Verify.DriveTo | Go to unverified source
[11 INFO main 1638637] Verify.DriveTo -> Verify.Homing | Homing
[11 INFO main 1650486] Verify.Homing -> Scout.Query | Arrived home
[11 INFO main 1671647] Confirming: 1/9
[11 INFO main 1673750] Confirming: 2/9
[11 INFO main 1675829] Confirming: 3/9
[11 INFO main 1677884] Confirming: 4/9
[11 INFO main 1679921] Confirming: 6/9
[11 INFO main 1684019] Confirming: 8/9
[11 INFO main 1686069] Confirming: 9/9
[11 INFO main 1686427] Scout.Query -> Verify.DriveTo | Go to unverified source
[11 INFO main 1709082] Verify.DriveTo -> Verify.Homing | Homing
[11 INFO main 1726755] Verify.Homing -> Scout.Query | Arrived home
[11 INFO main 1729897] Confirming: 1/9
[11 INFO main 1734021] Confirming: 2/9
[11 INFO main 1736029] Confirming: 3/9
[11 INFO main 1738114] Confirming: 4/9
[11 INFO main 1742260] Confirming: 6/9
[11 INFO main 1744272] Confirming: 8/9
[11 INFO main 1746315] Confirming: 9/9
[11 INFO main 1746356] Scout.Query -> Verify.DriveTo | Go to unverified source
[11 INFO main 1802190] Verify.DriveTo -> Verify.Homing | Homing
[11 INFO main 1820972] Confirming: 1/9
[11 INFO main 1822989] Confirming: 2/9
[11 INFO main 1825143] Confirming: 3/9
[11 INFO main 1827247] Confirming: 4/9
[11 INFO main 1827591] Verify.Homing -> Scout.Query | Arrived home
[11 INFO main 1829278] Confirming: 5/9
[11 INFO main 1831285] Confirming: 6/9
[11 INFO main 1833621] Confirming: 7/9
[11 INFO main 1835663] Confirming: 8/9
[11 INFO main 1838151] Confirming: 10/9
[11 INFO main 1838255] Scout.Query -> Verify.DriveTo | Go to unverified source
[11 INFO main 1888848] Verify.DriveTo -> Verify.Homing | Homing
[11 INFO main 1901603] Verify.Homing -> Scout.Query | Arrived home
[11 INFO main 1911675] Confirming: 1/9
[11 INFO main 1913763] Confirming: 2/9
[11 INFO main 1915775] Confirming: 3/9
[11 INFO main 1917782] Confirming: 4/9
[11 INFO main 1919809] Confirming: 5/9
[11 INFO main 1921897] Confirming: 6/9
[11 INFO main 1923914] Confirming: 8/9
[11 INFO main 1927954] Confirming: 10/9
[11 INFO main 1927996] Scout.Query -> Verify.DriveTo | Go to unverified source
[11 INFO main 2041552] Verify.DriveTo -> Verify.Homing | Homing
[11 INFO main 2060136] Confirming: 1/9
[11 INFO main 2062172] Confirming: 2/9
[11 INFO main 2066338] Confirming: 4/9
[11 INFO main 2066995] Verify.Homing -> Scout.Query | Arrived home
[11 INFO main 2068394] Confirming: 5/9
[11 INFO main 2070463] Confirming: 6/9
[11 INFO main 2072461] Confirming: 7/9
[11 INFO main 2074477] Confirming: 8/9
[11 INFO main 2078639] Confirming: 10/9
[11 INFO main 2079094] Scout.Query -> Verify.DriveTo | Go to unverified source
[11 INFO main 2129596] Verify.DriveTo -> Verify.Homing | Homing
[11 INFO main 2150549] Confirming: 1/9
[11 INFO main 2152585] Confirming: 2/9
[11 INFO main 2154635] Confirming: 3/9
[11 INFO main 2156642] Confirming: 4/9
[11 INFO main 2158757] Confirming: 5/9
[11 INFO main 2160831] Confirming: 6/9
[11 INFO main 2164902] Confirming: 8/9
[11 INFO main 2167083] Confirming: 9/9
[11 INFO main 2169109] Verify.Homing -> Scout.Query | Arrived home
[11 INFO main 2169276] Scout.Query -> Verify.DriveTo | Go to unverified source
[11 INFO main 2195185] Verify.DriveTo -> Verify.Homing | Homing
[11 INFO main 2210008] Confirming: 1/9
[11 INFO main 2212111] Confirming: 2/9
[11 INFO main 2214121] Confirming: 3/9
[11 INFO main 2216181] Confirming: 4/9
[11 INFO main 2218276] Confirming: 5/9
[11 INFO main 2220548] Confirming: 6/9
[11 INFO main 2222557] Confirming: 7/9
[11 INFO main 2224833] Confirming: 8/9
[11 INFO main 2226879] Confirming: 9/9
[11 INFO main 2227009] Verify.Homing -> Scout.Query | Arrived home
[11 INFO main 2227154] Scout.Query -> Verify.DriveTo | Go to unverified source
[11 INFO main 2263211] Verify.DriveTo -> Verify.Homing | Homing
[11 INFO main 2277919] Confirming: 1/9
[11 INFO main 2282124] Confirming: 2/9
[11 INFO main 2284138] Confirming: 4/9
[11 INFO main 2288350] Confirming: 6/9
[11 INFO main 2290372] Confirming: 7/9
[11 INFO main 2293924] Verify.Homing -> Scout.Query | Arrived home
[11 INFO main 2294463] Confirming: 9/9
[11 INFO main 2295175] Scout.Query -> Verify.DriveTo | Go to unverified source
[11 INFO main 2484402] Verify.DriveTo -> Verify.Homing | Homing
[11 INFO main 2512064] Confirming: 2/9
[11 INFO main 2514317] Confirming: 3/9
[11 INFO main 2516389] Confirming: 4/9
[11 INFO main 2518433] Confirming: 5/9
[11 INFO main 2520508] Confirming: 6/9
[11 INFO main 2522547] Confirming: 7/9
[11 INFO main 2524707] Confirming: 8/9
[11 INFO main 2525182] Verify.Homing -> Scout.Query | Arrived home
[11 INFO main 2526756] Confirming: 9/9
[11 INFO main 2527501] Scout.Query -> Verify.DriveTo | Go to unverified source
[11 INFO main 2645532] Verify.DriveTo -> Verify.Homing | Homing
[11 INFO main 2664569] Confirming: 1/9
[11 INFO main 2666561] Confirming: 2/9
[11 INFO main 2667336] Verify.Homing -> Scout.Query | Arrived home
[11 INFO main 2668599] Confirming: 3/9
[11 INFO main 2670697] Confirming: 4/9
[11 INFO main 2672730] Confirming: 5/9
[11 INFO main 2674822] Confirming: 6/9
[11 INFO main 2676869] Confirming: 7/9
[11 INFO main 2678933] Confirming: 8/9
[11 INFO main 2680938] Confirming: 9/9
[11 INFO main 2681056] Scout.Query -> Scout.PrepSend | Homing
[11 INFO main 2681248] Scout.PrepSend -> Verify.Homing | Homing
[11 INFO main 2693303] Verify.Homing -> Scout.Query | Arrived home
[11 INFO main 2693730] Confirming: 1/9
[11 INFO main 2695746] Confirming: 2/9
[11 INFO main 2697822] Confirming: 3/9
[11 INFO main 2699961] Confirming: 4/9
[11 INFO main 2701991] Confirming: 5/9
[11 INFO main 2704083] Confirming: 6/9
[11 INFO main 2706096] Confirming: 7/9
[11 INFO main 2708014] Confirming: 8/9
[11 INFO main 2710264] Confirming: 9/9
[11 INFO main 2710462] Scout.Query -> Verify.DriveTo | Go to unverified source
[11 INFO main 2748115] Verify.DriveTo -> Verify.Homing | Homing
[11 INFO main 2764683] Verify.Homing -> Scout.Query | Arrived home
[11 INFO main 2785638] Confirming: 2/9
[11 INFO main 2787669] Confirming: 3/9
[11 INFO main 2791752] Confirming: 5/9
[11 INFO main 2793837] Confirming: 6/9
[11 INFO main 2795937] Confirming: 7/9
[11 INFO main 2797997] Confirming: 8/9
[11 INFO main 2800187] Confirming: 9/9
[11 INFO main 2800849] Scout.Query -> Verify.DriveTo | Go to unverified source
[11 INFO main 3501538] Verify.DriveTo -> Verify.Homing | Homing
[11 INFO main 3526540] Confirming: 1/9
[11 INFO main 3528713] Confirming: 2/9
[11 INFO main 3530849] Confirming: 3/9
[11 INFO main 3532908] Confirming: 5/9
[11 INFO main 3534994] Confirming: 6/9
[11 INFO main 3537069] Confirming: 7/9
[11 INFO main 3539073] Confirming: 8/9
[11 INFO main 3539253] Verify.Homing -> Scout.Query | Arrived home
[11 INFO main 3543237] Confirming: 9/9
[11 INFO main 3543693] Scout.Query -> Verify.DriveTo | Go to unverified source
[11 INFO main 3579882] Verify.DriveTo -> Verify.Homing | Homing
[11 INFO main 3594573] Confirming: 1/9
[11 INFO main 3596607] Confirming: 2/9
[11 INFO main 3598644] Confirming: 3/9
[11 INFO main 3599160] Verify.Homing -> Scout.Query | Arrived home
[11 INFO main 3600676] Confirming: 4/9
[11 INFO main 3602779] Confirming: 5/9
[11 INFO main 3604944] Confirming: 6/9
[11 INFO main 3606986] Confirming: 7/9
[11 INFO main 3611086] Confirming: 10/9
[11 INFO main 3611629] Scout.Query -> Verify.DriveTo | Go to unverified source
[11 INFO main 3642254] Verify.DriveTo -> Verify.Homing | Homing
[11 INFO main 3654592] Confirming: 1/9
[11 INFO main 3656595] Confirming: 2/9
[11 INFO main 3658622] Confirming: 3/9
[11 INFO main 3660642] Confirming: 4/9
[11 INFO main 3662664] Confirming: 5/9
[11 INFO main 3663263] Verify.Homing -> Scout.Query | Arrived home
[11 INFO main 3664731] Confirming: 6/9
[11 INFO main 3666793] Confirming: 7/9
[11 INFO main 3668899] Confirming: 9/9
[11 INFO main 3669666] Scout.Query -> Verify.DriveTo | Go to unverified source
[11 INFO main 3757632] Verify.DriveTo -> Verify.Homing | Homing
[11 INFO main 3766033] Confirming: 1/9
[11 INFO main 3768076] Confirming: 2/9
[11 INFO main 3770181] Confirming: 3/9
[11 INFO main 3772218] Confirming: 4/9
[11 INFO main 3774210] Verify.Homing -> Scout.Query | Arrived home
[11 INFO main 3796792] Confirming: 16/9
[11 INFO main 3797197] Scout.Query -> Verify.DriveTo | Go to unverified source
[11 INFO main 4818473] Verify.DriveTo -> Verify.Homing | Homing
[11 INFO main 4824987] Confirming: 2/9
[11 INFO main 4827065] Confirming: 3/9
[11 INFO main 4829261] Confirming: 4/9
[11 INFO main 4831341] Confirming: 5/9
[11 INFO main 4833652] Confirming: 6/9
[11 INFO main 4835756] Confirming: 7/9
[11 INFO main 4837916] Confirming: 8/9
[11 INFO main 4839936] Confirming: 9/9
[11 INFO main 4866796] Verify.Homing -> Scout.Query | Arrived home
[11 INFO main 4866954] Scout.Query -> Verify.DriveTo | Go to unverified source
[11 INFO main 4885515] Verify.DriveTo -> Verify.Homing | Homing
[11 INFO main 4893635] Verify.Homing -> Scout.Query | Arrived home
[11 INFO main 4914546] Confirming: 1/9
[11 INFO main 4916619] Confirming: 2/9
[11 INFO main 4918681] Confirming: 3/9
[11 INFO main 4920769] Confirming: 4/9
[11 INFO main 4922899] Confirming: 6/9
[11 INFO main 4927363] Confirming: 7/9
[11 INFO main 4929465] Confirming: 8/9
[11 INFO main 4931555] Confirming: 10/9
[11 INFO main 4932194] Scout.Query -> Verify.DriveTo | Go to unverified source
