[8 INFO main 30] Initialising Python Geth Console...
[8 INFO main 33] Initialising RandB board...
[8 INFO main 34] Initialising navigation...
[8 INFO main 34] Initialising random-walk...
[8 INFO main 34] Initialising odometry...
[8 INFO main 34] Initialising ground-sensors...
[8 INFO main 868] --//-- Starting Experiment --//--
[8 INFO main 1974] Idle.IDLE -> Scout.Query | Duration: 26.26
[8 INFO main 59847] Scout.Query -> Scout.GotoCenter | Drive to others reported pos
[8 INFO main 97096] Scout.GotoCenter -> Scout.Query | return to random walk
[8 INFO main 97200] Scout.Query -> Scout.GotoCenter | Drive to others reported pos
[8 INFO main 97396] Scout.GotoCenter -> Scout.Query | return to random walk
[8 INFO main 98300] Scout.Query -> Scout.GotoCenter | Drive to others reported pos
[8 INFO main 98790] Scout.GotoCenter -> Scout.Query | return to random walk
[8 INFO main 99404] Scout.Query -> Scout.GotoCenter | Drive to others reported pos
[8 INFO main 101406] Scout.GotoCenter -> Scout.Query | return to random walk
[8 INFO main 102407] Scout.Query -> Scout.GotoCenter | Drive to others reported pos
[8 INFO main 105105] Scout.GotoCenter -> Scout.Query | return to random walk
[8 INFO main 105512] Scout.Query -> Scout.GotoCenter | Drive to others reported pos
[8 INFO main 110504] Scout.GotoCenter -> Scout.Query | return to random walk
[8 INFO main 110712] Scout.Query -> Scout.GotoCenter | Drive to others reported pos
[8 INFO main 111409] Scout.GotoCenter -> Scout.Query | return to random walk
[8 INFO main 111714] Scout.Query -> Scout.GotoCenter | Drive to others reported pos
[8 INFO main 112013] Scout.GotoCenter -> Scout.Query | return to random walk
[8 INFO main 112808] Scout.Query -> Scout.GotoCenter | Drive to others reported pos
[8 INFO main 113010] Scout.GotoCenter -> Scout.Query | return to random walk
[8 INFO main 113814] Scout.Query -> Scout.GotoCenter | Drive to others reported pos
[8 INFO main 114412] Scout.GotoCenter -> Scout.Query | return to random walk
[8 INFO main 114820] Scout.Query -> Scout.GotoCenter | Drive to others reported pos
[8 INFO main 115320] Scout.GotoCenter -> Scout.Query | return to random walk
[8 INFO main 115821] Scout.Query -> Scout.GotoCenter | Drive to others reported pos
[8 INFO main 116515] Scout.GotoCenter -> Scout.Query | return to random walk
[8 INFO main 116919] Scout.Query -> Scout.GotoCenter | Drive to others reported pos
[8 INFO main 117319] Scout.GotoCenter -> Scout.Query | return to random walk
[8 INFO main 117924] Scout.Query -> Scout.GotoCenter | Drive to others reported pos
[8 INFO main 118724] Scout.GotoCenter -> Scout.Query | return to random walk
[8 INFO main 118926] Scout.Query -> Scout.GotoCenter | Drive to others reported pos
[8 INFO main 119224] Scout.GotoCenter -> Scout.Query | return to random walk
[8 INFO main 119927] Scout.Query -> Scout.GotoCenter | Drive to others reported pos
[8 INFO main 120121] Scout.GotoCenter -> Scout.Query | return to random walk
[8 INFO main 121030] Scout.Query -> Scout.GotoCenter | Drive to others reported pos
[8 INFO main 121530] Scout.GotoCenter -> Scout.Query | return to random walk
[8 INFO main 122031] Scout.Query -> Scout.GotoCenter | Drive to others reported pos
[8 INFO main 124330] Scout.GotoCenter -> Scout.Query | return to random walk
[8 INFO main 125135] Scout.Query -> Scout.GotoCenter | Drive to others reported pos
[8 INFO main 125931] Scout.GotoCenter -> Scout.Query | return to random walk
[8 INFO main 126235] Scout.Query -> Scout.GotoCenter | Drive to others reported pos
[8 INFO main 127532] Scout.GotoCenter -> Scout.Query | return to random walk
[8 INFO main 128238] Scout.Query -> Scout.GotoCenter | Drive to others reported pos
[8 INFO main 128334] Scout.GotoCenter -> Scout.Query | return to random walk
[8 INFO main 129238] Scout.Query -> Scout.GotoCenter | Drive to others reported pos
[8 INFO main 129538] Scout.GotoCenter -> Scout.Query | return to random walk
[8 INFO main 130242] Scout.Query -> Scout.GotoCenter | Drive to others reported pos
[8 INFO main 130539] Scout.GotoCenter -> Scout.Query | return to random walk
[8 INFO main 131242] Scout.Query -> Scout.GotoCenter | Drive to others reported pos
[8 INFO main 131641] Scout.GotoCenter -> Scout.Query | return to random walk
[8 INFO main 132344] Scout.Query -> Scout.GotoCenter | Drive to others reported pos
[8 INFO main 133039] Scout.GotoCenter -> Scout.Query | return to random walk
[8 INFO main 133447] Scout.Query -> Scout.GotoCenter | Drive to others reported pos
[8 INFO main 133744] Scout.GotoCenter -> Scout.Query | return to random walk
[8 INFO main 134448] Scout.Query -> Scout.GotoCenter | Drive to others reported pos
[8 INFO main 137245] Scout.GotoCenter -> Scout.Query | return to random walk
[8 INFO main 137550] Scout.Query -> Scout.GotoCenter | Drive to others reported pos
[8 INFO main 138649] Scout.GotoCenter -> Scout.Query | return to random walk
[8 INFO main 139651] Scout.Query -> Scout.GotoCenter | Drive to others reported pos
[8 INFO main 139750] Scout.GotoCenter -> Scout.Query | return to random walk
[8 INFO main 140755] Scout.Query -> Scout.GotoCenter | Drive to others reported pos
[8 INFO main 141249] Scout.GotoCenter -> Scout.Query | return to random walk
[8 INFO main 141848] Scout.Query -> Scout.GotoCenter | Drive to others reported pos
[8 INFO main 142648] Scout.GotoCenter -> Scout.Query | return to random walk
[8 INFO main 142851] Scout.Query -> Scout.GotoCenter | Drive to others reported pos
[8 INFO main 148959] Scout.GotoCenter -> Scout.Query | return to random walk
[8 INFO main 149961] Scout.Query -> Scout.GotoCenter | Drive to others reported pos
[8 INFO main 151365] Scout.GotoCenter -> Scout.Query | return to random walk
