[12 INFO main 60] Initialising Python Geth Console...
[12 INFO main 64] Initialising RandB board...
[12 INFO main 64] Initialising navigation...
[12 INFO main 64] Initialising random-walk...
[12 INFO main 64] Initialising odometry...
[12 INFO main 64] Initialising ground-sensors...
[12 INFO main 453] --//-- Starting Experiment --//--
[12 INFO main 1551] Idle.IDLE -> Scout.Query | Duration: 23.02
[12 INFO main 29800] Scout.Query -> Scout.GotoCenter | Drive to others reported pos
[12 INFO main 35597] Scout.GotoCenter -> Scout.Query | return to random walk
[12 INFO main 36091] Scout.Query -> Scout.GotoCenter | Drive to others reported pos
[12 INFO main 38504] Scout.GotoCenter -> Scout.Query | return to random walk
[12 INFO main 39204] Scout.Query -> Scout.GotoCenter | Drive to others reported pos
[12 INFO main 40107] Scout.GotoCenter -> Scout.Query | return to random walk
[12 INFO main 40305] Scout.Query -> Scout.GotoCenter | Drive to others reported pos
[12 INFO main 45809] Scout.GotoCenter -> Scout.Query | return to random walk
[12 INFO main 46418] Scout.Query -> Scout.GotoCenter | Drive to others reported pos
[12 INFO main 46915] Scout.GotoCenter -> Scout.Query | return to random walk
[12 INFO main 47515] Scout.Query -> Scout.GotoCenter | Drive to others reported pos
[12 INFO main 48516] Scout.GotoCenter -> Scout.Query | return to random walk
[12 INFO main 49520] Scout.Query -> Scout.GotoCenter | Drive to others reported pos
[12 INFO main 56524] Scout.GotoCenter -> Scout.Query | return to random walk
[12 INFO main 56833] Scout.Query -> Scout.GotoCenter | Drive to others reported pos
[12 INFO main 57429] Scout.GotoCenter -> Scout.Query | return to random walk
[12 INFO main 57931] Scout.Query -> Scout.GotoCenter | Drive to others reported pos
[12 INFO main 61026] Scout.GotoCenter -> Scout.Query | return to random walk
[12 INFO main 61121] Scout.Query -> Scout.GotoCenter | Drive to others reported pos
[12 INFO main 63528] Scout.GotoCenter -> Scout.Query | return to random walk
[12 INFO main 64133] Scout.Query -> Scout.GotoCenter | Drive to others reported pos
[12 INFO main 64533] Scout.GotoCenter -> Scout.Query | return to random walk
[12 INFO main 65135] Scout.Query -> Scout.GotoCenter | Drive to others reported pos
[12 INFO main 67739] Scout.GotoCenter -> Scout.Query | return to random walk
[12 INFO main 68240] Scout.Query -> Scout.GotoCenter | Drive to others reported pos
[12 INFO main 70341] Scout.GotoCenter -> Scout.Query | return to random walk
[12 INFO main 71447] Scout.Query -> Scout.GotoCenter | Drive to others reported pos
[12 INFO main 71541] Scout.GotoCenter -> Scout.Query | return to random walk
[12 INFO main 72542] Scout.Query -> Scout.GotoCenter | Drive to others reported pos
[12 INFO main 80756] Scout.GotoCenter -> Scout.Query | return to random walk
[12 INFO main 81860] Scout.Query -> Scout.GotoCenter | Drive to others reported pos
[12 INFO main 83865] Scout.GotoCenter -> Scout.Query | return to random walk
[12 INFO main 84961] Scout.Query -> Scout.GotoCenter | Drive to others reported pos
[12 INFO main 85059] Scout.GotoCenter -> Scout.Query | return to random walk
[12 INFO main 85964] Scout.Query -> Scout.GotoCenter | Drive to others reported pos
[12 INFO main 86560] Scout.GotoCenter -> Scout.Query | return to random walk
[12 INFO main 86969] Scout.Query -> Scout.GotoCenter | Drive to others reported pos
[12 INFO main 87162] Scout.GotoCenter -> Scout.Query | return to random walk
[12 INFO main 88065] Scout.Query -> Scout.GotoCenter | Drive to others reported pos
[12 INFO main 88364] Scout.GotoCenter -> Scout.Query | return to random walk
[12 INFO main 89167] Scout.Query -> Scout.GotoCenter | Drive to others reported pos
[12 INFO main 91972] Scout.GotoCenter -> Scout.Query | return to random walk
[12 INFO main 92368] Scout.Query -> Scout.GotoCenter | Drive to others reported pos
[12 INFO main 93169] Scout.GotoCenter -> Scout.Query | return to random walk
[12 INFO main 93373] Scout.Query -> Scout.GotoCenter | Drive to others reported pos
[12 INFO main 94175] Scout.GotoCenter -> Scout.Query | return to random walk
[12 INFO main 94475] Scout.Query -> Scout.GotoCenter | Drive to others reported pos
[12 INFO main 94775] Scout.GotoCenter -> Scout.Query | return to random walk
[12 INFO main 95475] Scout.Query -> Scout.GotoCenter | Drive to others reported pos
[12 INFO main 96975] Scout.GotoCenter -> Scout.Query | return to random walk
[12 INFO main 97577] Scout.Query -> Scout.GotoCenter | Drive to others reported pos
[12 INFO main 102484] Scout.GotoCenter -> Scout.Query | return to random walk
[12 INFO main 102685] Scout.Query -> Scout.GotoCenter | Drive to others reported pos
[12 INFO main 104692] Scout.GotoCenter -> Scout.Query | return to random walk
[12 INFO main 105695] Scout.Query -> Scout.GotoCenter | Drive to others reported pos
[12 INFO main 107087] Scout.GotoCenter -> Scout.Query | return to random walk
[12 INFO main 107784] Scout.Query -> Scout.GotoCenter | Drive to others reported pos
[12 INFO main 110488] Scout.GotoCenter -> Scout.Query | return to random walk
[12 INFO main 110889] Scout.Query -> Scout.GotoCenter | Drive to others reported pos
[12 INFO main 113391] Scout.GotoCenter -> Scout.Query | return to random walk
[12 INFO main 114091] Scout.Query -> Scout.GotoCenter | Drive to others reported pos
[12 INFO main 114893] Scout.GotoCenter -> Scout.Query | return to random walk
[12 INFO main 115099] Scout.Query -> Scout.GotoCenter | Drive to others reported pos
[12 INFO main 118502] Scout.GotoCenter -> Scout.Query | return to random walk
[12 INFO main 119409] Scout.Query -> Scout.GotoCenter | Drive to others reported pos
[12 INFO main 120703] Scout.GotoCenter -> Scout.Query | return to random walk
[12 INFO main 121514] Scout.Query -> Scout.GotoCenter | Drive to others reported pos
[12 INFO main 126121] Scout.GotoCenter -> Scout.Query | return to random walk
[12 INFO main 126714] Scout.Query -> Scout.GotoCenter | Drive to others reported pos
[12 INFO main 129613] Scout.GotoCenter -> Scout.Query | return to random walk
[12 INFO main 129822] Scout.Query -> Scout.GotoCenter | Drive to others reported pos
[12 INFO main 133021] Scout.GotoCenter -> Scout.Query | return to random walk
[12 INFO main 133124] Scout.Query -> Scout.GotoCenter | Drive to others reported pos
[12 INFO main 134225] Scout.GotoCenter -> Scout.Query | return to random walk
[12 INFO main 135228] Scout.Query -> Scout.GotoCenter | Drive to others reported pos
[12 INFO main 135421] Scout.GotoCenter -> Scout.Query | return to random walk
[12 INFO main 136229] Scout.Query -> Scout.GotoCenter | Drive to others reported pos
[12 INFO main 138024] Scout.GotoCenter -> Scout.Query | return to random walk
[12 INFO main 138334] Scout.Query -> Scout.GotoCenter | Drive to others reported pos
[12 INFO main 138625] Scout.GotoCenter -> Scout.Query | return to random walk
[12 INFO main 139429] Scout.Query -> Scout.GotoCenter | Drive to others reported pos
[12 INFO main 141031] Scout.GotoCenter -> Scout.Query | return to random walk
[12 INFO main 141631] Scout.Query -> Scout.GotoCenter | Drive to others reported pos
[12 INFO main 141933] Scout.GotoCenter -> Scout.Query | return to random walk
[12 INFO main 142736] Scout.Query -> Scout.GotoCenter | Drive to others reported pos
[12 INFO main 143834] Scout.GotoCenter -> Scout.Query | return to random walk
[12 INFO main 144836] Scout.Query -> Scout.GotoCenter | Drive to others reported pos
[12 INFO main 145438] Scout.GotoCenter -> Scout.Query | return to random walk
[12 INFO main 145838] Scout.Query -> Scout.GotoCenter | Drive to others reported pos
[12 INFO main 147536] Scout.GotoCenter -> Scout.Query | return to random walk
[12 INFO main 147939] Scout.Query -> Scout.GotoCenter | Drive to others reported pos
[12 INFO main 148140] Scout.GotoCenter -> Scout.Query | return to random walk
[12 INFO main 148940] Scout.Query -> Scout.GotoCenter | Drive to others reported pos
[12 INFO main 150250] Scout.GotoCenter -> Scout.Query | return to random walk
[12 INFO main 150944] Scout.Query -> Scout.GotoCenter | Drive to others reported pos
[12 INFO main 151341] Scout.GotoCenter -> Scout.Query | return to random walk
[12 INFO main 152045] Scout.Query -> Scout.GotoCenter | Drive to others reported pos
[12 INFO main 154345] Scout.GotoCenter -> Scout.Query | return to random walk
[12 INFO main 155249] Scout.Query -> Scout.GotoCenter | Drive to others reported pos
[12 INFO main 156247] Scout.GotoCenter -> Scout.Query | return to random walk
[12 INFO main 156350] Scout.Query -> Scout.GotoCenter | Drive to others reported pos
[12 INFO main 158853] Scout.GotoCenter -> Scout.Query | return to random walk
[12 INFO main 159451] Scout.Query -> Scout.GotoCenter | Drive to others reported pos
[12 INFO main 160661] Scout.GotoCenter -> Scout.Query | return to random walk
[12 INFO main 161459] Scout.Query -> Scout.GotoCenter | Drive to others reported pos
[12 INFO main 163048] Scout.GotoCenter -> Scout.Query | return to random walk
[12 INFO main 163663] Scout.Query -> Scout.GotoCenter | Drive to others reported pos
[12 INFO main 165260] Scout.GotoCenter -> Scout.Query | return to random walk
