[14 INFO main 30] Initialising Python Geth Console...
[14 INFO main 33] Initialising RandB board...
[14 INFO main 33] Initialising navigation...
[14 INFO main 33] Initialising random-walk...
[14 INFO main 33] Initialising odometry...
[14 INFO main 33] Initialising ground-sensors...
[14 INFO main 98] --//-- Starting Experiment --//--
[14 INFO main 1192] Idle.IDLE -> Scout.Query | Duration: 21.28
[14 INFO main 25340] Scout.Query -> Scout.GotoCenter | Drive to others reported pos
[14 INFO main 26941] Scout.GotoCenter -> Scout.Query | return to random walk
[14 INFO main 27442] Scout.Query -> Scout.GotoCenter | Drive to others reported pos
[14 INFO main 27632] Scout.GotoCenter -> Scout.Query | return to random walk
[14 INFO main 28546] Scout.Query -> Scout.GotoCenter | Drive to others reported pos
[14 INFO main 30838] Scout.GotoCenter -> Scout.Query | return to random walk
[14 INFO main 31742] Scout.Query -> Scout.GotoCenter | Drive to others reported pos
[14 INFO main 35739] Scout.GotoCenter -> Scout.Query | return to random walk
[14 INFO main 35851] Scout.Query -> Scout.GotoCenter | Drive to others reported pos
[14 INFO main 36133] Scout.GotoCenter -> Scout.Query | return to random walk
[14 INFO main 36854] Scout.Query -> Scout.GotoCenter | Drive to others reported pos
[14 INFO main 38044] Scout.GotoCenter -> Scout.Query | return to random walk
[14 INFO main 38859] Scout.Query -> Scout.GotoCenter | Drive to others reported pos
[14 INFO main 39964] Scout.GotoCenter -> Scout.Query | return to random walk
