[8 INFO main 29] Initialising Python Geth Console...
[8 INFO main 33] Initialising RandB board...
[8 INFO main 33] Initialising navigation...
[8 INFO main 33] Initialising random-walk...
[8 INFO main 33] Initialising odometry...
[8 INFO main 33] Initialising ground-sensors...
[8 INFO main 573] --//-- Starting Experiment --//--
[8 INFO main 1684] Idle.IDLE -> Scout.Query | Duration: 23.63
[8 INFO main 64859] Scout.Query -> Scout.GotoCenter | Drive to others reported pos
[8 INFO main 66861] Scout.GotoCenter -> Scout.Query | return to random walk
[8 INFO main 67864] Scout.Query -> Scout.GotoCenter | Drive to others reported pos
[8 INFO main 69862] Scout.GotoCenter -> Scout.Query | return to random walk
[8 INFO main 70062] Scout.Query -> Scout.GotoCenter | Drive to others reported pos
[8 INFO main 70663] Scout.GotoCenter -> Scout.Query | return to random walk
[8 INFO main 71063] Scout.Query -> Scout.GotoCenter | Drive to others reported pos
[8 INFO main 71463] Scout.GotoCenter -> Scout.Query | return to random walk
[8 INFO main 72067] Scout.Query -> Scout.GotoCenter | Drive to others reported pos
[8 INFO main 72368] Scout.GotoCenter -> Scout.Query | return to random walk
[8 INFO main 73069] Scout.Query -> Scout.GotoCenter | Drive to others reported pos
[8 INFO main 73866] Scout.GotoCenter -> Scout.Query | return to random walk
[8 INFO main 74168] Scout.Query -> Scout.GotoCenter | Drive to others reported pos
[8 INFO main 74266] Scout.GotoCenter -> Scout.Query | return to random walk
[8 INFO main 75170] Scout.Query -> Scout.GotoCenter | Drive to others reported pos
[8 INFO main 75472] Scout.GotoCenter -> Scout.Query | return to random walk
[8 INFO main 76171] Scout.Query -> Scout.GotoCenter | Drive to others reported pos
[8 INFO main 77571] Scout.GotoCenter -> Scout.Query | return to random walk
[8 INFO main 78177] Scout.Query -> Scout.GotoCenter | Drive to others reported pos
[8 INFO main 78470] Scout.GotoCenter -> Scout.Query | return to random walk
