[15 INFO main 82] Initialising Python Geth Console...
[15 INFO main 86] Initialising RandB board...
[15 INFO main 86] Initialising navigation...
[15 INFO main 86] Initialising random-walk...
[15 INFO main 86] Initialising odometry...
[15 INFO main 86] Initialising ground-sensors...
[15 INFO main 104] --//-- Starting Experiment --//--
[15 INFO main 1195] Idle.IDLE -> Scout.Query | Duration: 23.05
[15 INFO main 14838] Confirming: 1/8
[15 INFO main 31218] Confirming: 9/8
[15 INFO main 57153] Scout.Query -> Scout.GotoCenter | Drive to others reported pos
[15 INFO main 220527] Scout.GotoCenter -> Scout.Query | return to random walk
[15 INFO main 249557] Confirming: 1/8
[15 INFO main 253734] Confirming: 3/8
[15 INFO main 257804] Confirming: 4/8
[15 INFO main 259816] Confirming: 6/8
[15 INFO main 264013] Confirming: 8/8
[15 INFO main 543715] Scout.Query -> Scout.GotoCenter | Drive to others reported pos
[15 INFO main 563389] Scout.GotoCenter -> Scout.Query | return to random walk
[15 INFO main 590215] Confirming: 2/8
[15 INFO main 592232] Confirming: 3/8
[15 INFO main 594265] Confirming: 4/8
[15 INFO main 596268] Confirming: 5/8
[15 INFO main 598229] Confirming: 6/8
[15 INFO main 600321] Confirming: 7/8
[15 INFO main 602437] Confirming: 8/8
[15 INFO main 970964] Scout.Query -> Scout.GotoCenter | Drive to others reported pos
[15 INFO main 1032218] Scout.GotoCenter -> Scout.Query | return to random walk
[15 INFO main 1057074] Confirming: 1/8
[15 INFO main 1059176] Confirming: 2/8
[15 INFO main 1061179] Confirming: 3/8
[15 INFO main 1063269] Confirming: 4/8
[15 INFO main 1065293] Confirming: 5/8
[15 INFO main 1067328] Confirming: 6/8
[15 INFO main 1069321] Confirming: 7/8
[15 INFO main 1071453] Confirming: 8/8
[15 INFO main 1073330] Scout.Query -> Scout.GotoCenter | Drive to others reported pos
[15 INFO main 1178437] Scout.GotoCenter -> Scout.Query | return to random walk
[15 INFO main 1213741] Confirming: 6/8
[15 INFO main 1225957] Confirming: 11/8
[15 INFO main 1229281] Scout.Query -> Scout.GotoCenter | Drive to others reported pos
[15 INFO main 1303919] Scout.GotoCenter -> Scout.Query | return to random walk
[15 INFO main 1339344] Confirming: 1/8
[15 INFO main 1341396] Confirming: 2/8
[15 INFO main 1345657] Confirming: 3/8
[15 INFO main 1347780] Confirming: 4/8
[15 INFO main 1351873] Confirming: 5/8
[15 INFO main 1356017] Confirming: 6/8
[15 INFO main 1372673] Confirming: 15/8
[15 INFO main 1823874] Scout.Query -> Scout.GotoCenter | Drive to others reported pos
[15 INFO main 1875110] Scout.GotoCenter -> Scout.Query | return to random walk
[15 INFO main 1885575] Confirming: 1/8
[15 INFO main 1887543] Confirming: 2/8
[15 INFO main 1889709] Confirming: 3/8
[15 INFO main 1891776] Confirming: 4/8
[15 INFO main 1893852] Confirming: 5/8
[15 INFO main 1895853] Confirming: 6/8
[15 INFO main 1897946] Confirming: 7/8
[15 INFO main 1900037] Confirming: 8/8
[15 INFO main 1900401] Scout.Query -> Scout.GotoCenter | Drive to others reported pos
[15 INFO main 1949397] Scout.GotoCenter -> Scout.Query | return to random walk
[15 INFO main 1974521] Confirming: 2/8
[15 INFO main 1976609] Confirming: 3/8
[15 INFO main 1980718] Confirming: 4/8
[15 INFO main 1982833] Confirming: 5/8
[15 INFO main 1984997] Confirming: 6/8
[15 INFO main 1986999] Confirming: 8/8
[15 INFO main 1990282] Scout.Query -> Scout.GotoCenter | Drive to others reported pos
[15 INFO main 2026553] Scout.GotoCenter -> Scout.Query | return to random walk
[15 INFO main 2042953] Confirming: 1/8
[15 INFO main 2045137] Confirming: 2/8
[15 INFO main 2047153] Confirming: 3/8
[15 INFO main 2049297] Confirming: 4/8
[15 INFO main 2051316] Confirming: 5/8
[15 INFO main 2053336] Confirming: 6/8
[15 INFO main 2055393] Confirming: 7/8
[15 INFO main 2057445] Confirming: 8/8
[15 INFO main 2233933] Confirming: 1/8
[15 INFO main 2236013] Confirming: 2/8
[15 INFO main 2238090] Confirming: 3/8
[15 INFO main 2240145] Confirming: 4/8
[15 INFO main 2242215] Confirming: 5/8
[15 INFO main 2244214] Confirming: 7/8
[15 INFO main 2246224] Confirming: 8/8
[15 INFO main 2246257] Scout.Query -> Scout.GotoCenter | Drive to others reported pos
[15 INFO main 2272331] Scout.GotoCenter -> Scout.Query | return to random walk
[15 INFO main 2295033] Confirming: 2/8
[15 INFO main 2297125] Confirming: 3/8
[15 INFO main 2299129] Confirming: 4/8
[15 INFO main 2301193] Confirming: 5/8
[15 INFO main 2303273] Confirming: 6/8
[15 INFO main 2305360] Confirming: 7/8
[15 INFO main 2307409] Confirming: 8/8
[15 INFO main 2307809] Scout.Query -> Scout.GotoCenter | Drive to others reported pos
[15 INFO main 2374649] Scout.GotoCenter -> Scout.Query | return to random walk
[15 INFO main 2382913] Confirming: 1/8
[15 INFO main 2384997] Confirming: 2/8
[15 INFO main 2387060] Confirming: 3/8
[15 INFO main 2389057] Confirming: 4/8
[15 INFO main 2391073] Confirming: 5/8
[15 INFO main 2393109] Confirming: 6/8
[15 INFO main 2395143] Confirming: 7/8
[15 INFO main 2397233] Confirming: 8/8
[15 INFO main 2405105] Scout.Query -> Scout.GotoCenter | Drive to others reported pos
[15 INFO main 2597822] Scout.GotoCenter -> Scout.Query | return to random walk
[15 INFO main 2631705] Confirming: 1/8
[15 INFO main 2633880] Confirming: 3/8
[15 INFO main 2635971] Confirming: 4/8
[15 INFO main 2638100] Confirming: 5/8
[15 INFO main 2640185] Confirming: 6/8
[15 INFO main 2642477] Confirming: 7/8
[15 INFO main 2644688] Confirming: 8/8
