[15 INFO main 29] Initialising Python Geth Console...
[15 INFO main 33] Initialising RandB board...
[15 INFO main 33] Initialising navigation...
[15 INFO main 33] Initialising random-walk...
[15 INFO main 33] Initialising odometry...
[15 INFO main 33] Initialising ground-sensors...
[15 INFO main 50] --//-- Starting Experiment --//--
[15 INFO main 1146] Idle.IDLE -> Scout.Query | Duration: 23.05
[15 INFO main 66935] Scout.Query -> Scout.GotoCenter | Drive to others reported pos
[15 INFO main 81050] Scout.GotoCenter -> Scout.Query | return to random walk
[15 INFO main 81459] Scout.Query -> Scout.GotoCenter | Drive to others reported pos
[15 INFO main 85154] Scout.GotoCenter -> Scout.Query | return to random walk
[15 INFO main 85561] Scout.Query -> Scout.GotoCenter | Drive to others reported pos
[15 INFO main 86957] Scout.GotoCenter -> Scout.Query | return to random walk
[15 INFO main 87661] Scout.Query -> Scout.GotoCenter | Drive to others reported pos
[15 INFO main 88263] Scout.GotoCenter -> Scout.Query | return to random walk
[15 INFO main 88764] Scout.Query -> Scout.GotoCenter | Drive to others reported pos
[15 INFO main 89662] Scout.GotoCenter -> Scout.Query | return to random walk
[15 INFO main 89867] Scout.Query -> Scout.GotoCenter | Drive to others reported pos
[15 INFO main 91572] Scout.GotoCenter -> Scout.Query | return to random walk
[15 INFO main 91964] Scout.Query -> Scout.GotoCenter | Drive to others reported pos
[15 INFO main 96470] Scout.GotoCenter -> Scout.Query | return to random walk
[15 INFO main 97173] Scout.Query -> Scout.GotoCenter | Drive to others reported pos
[15 INFO main 98474] Scout.GotoCenter -> Scout.Query | return to random walk
[15 INFO main 99176] Scout.Query -> Scout.GotoCenter | Drive to others reported pos
[15 INFO main 100580] Scout.GotoCenter -> Scout.Query | return to random walk
[15 INFO main 101281] Scout.Query -> Scout.GotoCenter | Drive to others reported pos
[15 INFO main 101375] Scout.GotoCenter -> Scout.Query | return to random walk
