[3 INFO main 34] Initialising Python Geth Console...
[3 INFO main 38] Initialising RandB board...
[3 INFO main 38] Initialising navigation...
[3 INFO main 38] Initialising random-walk...
[3 INFO main 38] Initialising odometry...
[3 INFO main 38] Initialising ground-sensors...
[3 INFO main 1210] --//-- Starting Experiment --//--
[3 INFO main 2368] Idle.IDLE -> Scout.Query | Duration: 28.93
[3 INFO main 47031] Scout.Query -> Verify.DriveTo | Go to unverified source
[3 INFO main 90218] Verify.DriveTo -> Verify.Homing | Homing
[3 INFO main 120253] Verify.Homing -> Scout.Query | Homing
[3 INFO main 123320] Confirming: 1/9
[3 INFO main 125423] Confirming: 2/9
[3 INFO main 127571] Confirming: 3/9
[3 INFO main 129523] Confirming: 4/9
[3 INFO main 133523] Confirming: 5/9
[3 INFO main 135537] Confirming: 6/9
[3 INFO main 137627] Confirming: 7/9
[3 INFO main 139605] Confirming: 8/9
[3 INFO main 141790] Confirming: 10/9
[3 INFO main 142685] Scout.Query -> Verify.DriveTo | Go to unverified source
[3 INFO main 151001] Verify.DriveTo -> Verify.Homing | Homing
[3 INFO main 157258] Confirming: 2/9
[3 INFO main 159320] Confirming: 3/9
[3 INFO main 163471] Confirming: 5/9
[3 INFO main 165433] Confirming: 6/9
[3 INFO main 169523] Confirming: 8/9
[3 INFO main 171523] Confirming: 9/9
[3 INFO main 185359] Verify.Homing -> Scout.Query | Homing
[3 INFO main 219459] Scout.Query -> Scout.PrepSend | Homing
[3 INFO main 224296] Scout.PrepSend -> Verify.Homing | Homing
[3 INFO main 239658] Verify.Homing -> Scout.Query | Homing
[3 INFO main 271761] Confirming: 11/9
[3 INFO main 379387] Scout.Query -> Verify.DriveTo | Go to unverified source
[3 INFO main 1149486] Verify.DriveTo -> Verify.Homing | Homing
[3 INFO main 1169456] Verify.Homing -> Scout.Query | Homing
[3 INFO main 1172366] Confirming: 1/9
[3 INFO main 1174394] Confirming: 2/9
[3 INFO main 1176589] Confirming: 4/9
[3 INFO main 1180685] Confirming: 6/9
[3 INFO main 1182807] Confirming: 7/9
[3 INFO main 1188863] Confirming: 9/9
[3 INFO main 1231396] Scout.Query -> Verify.DriveTo | Go to unverified source
[3 INFO main 1361597] Verify.DriveTo -> Verify.Homing | Homing
[3 INFO main 1378563] Verify.Homing -> Scout.Query | Homing
[3 INFO main 1398723] Confirming: 2/9
[3 INFO main 1402836] Confirming: 4/9
[3 INFO main 1404858] Confirming: 5/9
[3 INFO main 1408919] Confirming: 7/9
[3 INFO main 1410971] Confirming: 9/9
[3 INFO main 1411393] Scout.Query -> Verify.DriveTo | Go to unverified source
[3 INFO main 1478981] Verify.DriveTo -> Verify.Homing | Homing
[3 INFO main 1496561] Verify.Homing -> Scout.Query | Homing
[3 INFO main 1499562] Confirming: 1/9
[3 INFO main 1501624] Confirming: 2/9
[3 INFO main 1503728] Confirming: 3/9
[3 INFO main 1509971] Confirming: 5/9
[3 INFO main 1511928] Confirming: 6/9
[3 INFO main 1514023] Confirming: 8/9
[3 INFO main 1516012] Confirming: 9/9
[3 INFO main 1550007] Scout.Query -> Verify.DriveTo | Go to unverified source
[3 INFO main 1566572] Verify.DriveTo -> Verify.Homing | Homing
[3 INFO main 1579360] Verify.Homing -> Scout.Query | Homing
[3 INFO main 1580970] Confirming: 1/9
[3 INFO main 1585111] Confirming: 3/9
[3 INFO main 1587071] Confirming: 4/9
[3 INFO main 1589208] Confirming: 5/9
[3 INFO main 1591254] Confirming: 6/9
[3 INFO main 1593387] Confirming: 7/9
[3 INFO main 1595491] Confirming: 8/9
[3 INFO main 1597591] Confirming: 9/9
[3 INFO main 1598397] Scout.Query -> Verify.DriveTo | Go to unverified source
[3 INFO main 1662008] Verify.DriveTo -> Verify.Homing | Homing
[3 INFO main 1676428] Confirming: 1/9
[3 INFO main 1678432] Confirming: 2/9
[3 INFO main 1682636] Confirming: 4/9
[3 INFO main 1684721] Confirming: 5/9
[3 INFO main 1686771] Confirming: 6/9
[3 INFO main 1688819] Confirming: 7/9
[3 INFO main 1690762] Confirming: 8/9
[3 INFO main 1692780] Confirming: 9/9
[3 INFO main 1695881] Verify.Homing -> Scout.Query | Homing
[3 INFO main 1756872] Scout.Query -> Verify.DriveTo | Go to unverified source
[3 INFO main 2042511] Verify.DriveTo -> Verify.Homing | Homing
[3 INFO main 2060878] Verify.Homing -> Scout.Query | Homing
[3 INFO main 2062966] Confirming: 1/9
[3 INFO main 2065124] Confirming: 2/9
[3 INFO main 2067224] Confirming: 3/9
[3 INFO main 2069348] Confirming: 5/9
[3 INFO main 2071467] Confirming: 6/9
[3 INFO main 2073424] Confirming: 7/9
[3 INFO main 2077579] Confirming: 9/9
[3 INFO main 2077772] Scout.Query -> Verify.DriveTo | Go to unverified source
[3 INFO main 2184370] Verify.DriveTo -> Verify.Homing | Homing
[3 INFO main 2190629] Confirming: 1/9
[3 INFO main 2192750] Confirming: 2/9
[3 INFO main 2194759] Confirming: 3/9
[3 INFO main 2196304] Verify.Homing -> Scout.Query | Homing
[3 INFO main 2196779] Confirming: 4/9
[3 INFO main 2198923] Confirming: 5/9
[3 INFO main 2200980] Confirming: 6/9
[3 INFO main 2203121] Confirming: 7/9
[3 INFO main 2205224] Confirming: 8/9
[3 INFO main 2207327] Confirming: 9/9
[3 INFO main 2208199] Scout.Query -> Verify.DriveTo | Go to unverified source
[3 INFO main 2265306] Verify.DriveTo -> Verify.Homing | Homing
[3 INFO main 2281659] Verify.Homing -> Scout.Query | Homing
[3 INFO main 2310666] Confirming: 1/9
[3 INFO main 2312824] Confirming: 2/9
[3 INFO main 2314832] Confirming: 3/9
[3 INFO main 2318928] Confirming: 5/9
[3 INFO main 2321023] Confirming: 6/9
[3 INFO main 2323018] Confirming: 7/9
[3 INFO main 2325038] Confirming: 8/9
[3 INFO main 2327124] Confirming: 9/9
[3 INFO main 2327189] Scout.Query -> Verify.DriveTo | Go to unverified source
[3 INFO main 2436610] Verify.DriveTo -> Verify.Homing | Homing
[3 INFO main 2449177] Confirming: 1/9
[3 INFO main 2451259] Confirming: 3/9
[3 INFO main 2453275] Confirming: 4/9
[3 INFO main 2455381] Confirming: 5/9
[3 INFO main 2459385] Confirming: 7/9
[3 INFO main 2461525] Confirming: 8/9
[3 INFO main 2463521] Confirming: 9/9
[3 INFO main 2464857] Verify.Homing -> Scout.Query | Homing
[3 INFO main 2538406] Scout.Query -> Verify.DriveTo | Go to unverified source
[3 INFO main 2572323] Verify.DriveTo -> Verify.Homing | Homing
[3 INFO main 2578623] Confirming: 1/9
[3 INFO main 2580726] Confirming: 2/9
[3 INFO main 2582720] Confirming: 3/9
[3 INFO main 2584864] Confirming: 4/9
[3 INFO main 2586922] Confirming: 5/9
[3 INFO main 2588928] Confirming: 6/9
[3 INFO main 2591023] Confirming: 7/9
[3 INFO main 2593023] Confirming: 8/9
[3 INFO main 2594059] Verify.Homing -> Scout.Query | Homing
[3 INFO main 2595023] Confirming: 9/9
[3 INFO main 2745509] Scout.Query -> Verify.DriveTo | Go to unverified source
[3 INFO main 2920115] Verify.DriveTo -> Verify.Homing | Homing
[3 INFO main 2936654] Verify.Homing -> Scout.Query | Homing
[3 INFO main 2951023] Confirming: 1/9
[3 INFO main 2953167] Confirming: 2/9
[3 INFO main 2967607] Confirming: 9/9
[3 INFO main 3026697] Scout.Query -> Verify.DriveTo | Go to unverified source
[3 INFO main 3038114] Verify.DriveTo -> Verify.Homing | Homing
[3 INFO main 3054160] Verify.Homing -> Scout.Query | Homing
[3 INFO main 3079582] Confirming: 1/9
[3 INFO main 3081667] Confirming: 2/9
[3 INFO main 3083579] Confirming: 3/9
[3 INFO main 3085584] Confirming: 4/9
[3 INFO main 3087653] Confirming: 5/9
[3 INFO main 3089669] Confirming: 6/9
[3 INFO main 3091863] Confirming: 7/9
[3 INFO main 3093866] Confirming: 8/9
[3 INFO main 3095961] Confirming: 9/9
[3 INFO main 3096703] Scout.Query -> Verify.DriveTo | Go to unverified source
[3 INFO main 3203317] Verify.DriveTo -> Verify.Homing | Homing
[3 INFO main 3240359] Confirming: 1/9
[3 INFO main 3242424] Confirming: 2/9
[3 INFO main 3244379] Confirming: 3/9
[3 INFO main 3245561] Verify.Homing -> Scout.Query | Homing
[3 INFO main 3246523] Confirming: 4/9
[3 INFO main 3248528] Confirming: 5/9
[3 INFO main 3250580] Confirming: 6/9
[3 INFO main 3252625] Confirming: 7/9
[3 INFO main 3254723] Confirming: 8/9
[3 INFO main 3256724] Confirming: 9/9
[3 INFO main 3359436] Scout.Query -> Verify.DriveTo | Go to unverified source
[3 INFO main 3368336] Verify.DriveTo -> Verify.Homing | Homing
[3 INFO main 3374623] Confirming: 2/9
[3 INFO main 3378694] Confirming: 3/9
[3 INFO main 3380770] Confirming: 5/9
[3 INFO main 3382812] Confirming: 6/9
[3 INFO main 3384923] Confirming: 7/9
[3 INFO main 3386924] Confirming: 8/9
[3 INFO main 3388926] Confirming: 9/9
[3 INFO main 3399658] Verify.Homing -> Scout.Query | Homing
[3 INFO main 3556409] Scout.Query -> Verify.DriveTo | Go to unverified source
[3 INFO main 3599508] Verify.DriveTo -> Verify.Homing | Homing
[3 INFO main 3626858] Verify.Homing -> Scout.Query | Homing
[3 INFO main 3628760] Confirming: 1/9
[3 INFO main 3630815] Confirming: 2/9
[3 INFO main 3632928] Confirming: 3/9
[3 INFO main 3634971] Confirming: 4/9
[3 INFO main 3637017] Confirming: 5/9
[3 INFO main 3639263] Confirming: 6/9
[3 INFO main 3641258] Confirming: 7/9
[3 INFO main 3643368] Confirming: 8/9
[3 INFO main 3645426] Confirming: 9/9
[3 INFO main 3839289] Scout.Query -> Verify.DriveTo | Go to unverified source
[3 INFO main 4655740] Verify.DriveTo -> Verify.Homing | Homing
[3 INFO main 4692565] Confirming: 1/9
[3 INFO main 4694624] Confirming: 2/9
[3 INFO main 4696722] Confirming: 3/9
[3 INFO main 4698662] Confirming: 4/9
[3 INFO main 4698754] Verify.Homing -> Scout.Query | Homing
[3 INFO main 4700822] Confirming: 5/9
[3 INFO main 4702824] Confirming: 6/9
[3 INFO main 4704923] Confirming: 7/9
[3 INFO main 4707035] Confirming: 8/9
[3 INFO main 4709142] Confirming: 9/9
[3 INFO main 4709398] Scout.Query -> Verify.DriveTo | Go to unverified source
[3 INFO main 4875789] Verify.DriveTo -> Verify.Homing | Homing
[3 INFO main 4884180] Confirming: 1/9
[3 INFO main 4886225] Confirming: 2/9
[3 INFO main 4888324] Confirming: 3/9
[3 INFO main 4890412] Confirming: 4/9
[3 INFO main 4892466] Confirming: 5/9
[3 INFO main 4894395] Confirming: 6/9
[3 INFO main 4894956] Verify.Homing -> Scout.Query | Homing
[3 INFO main 4896506] Confirming: 7/9
[3 INFO main 4898532] Confirming: 8/9
[3 INFO main 4900559] Confirming: 9/9
[3 INFO main 4901500] Scout.Query -> Verify.DriveTo | Go to unverified source
[3 INFO main 5061925] Verify.DriveTo -> Verify.Homing | Homing
[3 INFO main 5090962] Verify.Homing -> Scout.Query | Homing
[3 INFO main 5092629] Confirming: 1/9
[3 INFO main 5094723] Confirming: 2/9
[3 INFO main 5096764] Confirming: 3/9
[3 INFO main 5098860] Confirming: 4/9
[3 INFO main 5100927] Confirming: 5/9
[3 INFO main 5103059] Confirming: 6/9
[3 INFO main 5104977] Confirming: 7/9
[3 INFO main 5107127] Confirming: 8/9
[3 INFO main 5109149] Confirming: 9/9
[3 INFO main 5109327] Scout.Query -> Verify.DriveTo | Go to unverified source
[3 INFO main 5150250] Verify.DriveTo -> Verify.Homing | Homing
[3 INFO main 5172919] Confirming: 1/9
[3 INFO main 5174978] Confirming: 2/9
[3 INFO main 5177080] Confirming: 3/9
[3 INFO main 5179171] Confirming: 4/9
[3 INFO main 5181059] Verify.Homing -> Scout.Query | Homing
[3 INFO main 5181157] Confirming: 5/9
[3 INFO main 5183227] Confirming: 6/9
[3 INFO main 5185327] Confirming: 7/9
[3 INFO main 5187430] Confirming: 8/9
[3 INFO main 5189427] Confirming: 9/9
[3 INFO main 5189675] Scout.Query -> Verify.DriveTo | Go to unverified source
[3 INFO main 5218795] Verify.DriveTo -> Verify.Homing | Homing
[3 INFO main 5239359] Verify.Homing -> Scout.Query | Homing
[3 INFO main 5255997] Confirming: 1/9
[3 INFO main 5258364] Confirming: 2/9
[3 INFO main 5272694] Confirming: 3/9
[3 INFO main 5274822] Confirming: 4/9
[3 INFO main 5278988] Confirming: 6/9
[3 INFO main 5280962] Confirming: 7/9
[3 INFO main 5283097] Confirming: 8/9
[3 INFO main 5285128] Confirming: 9/9
[3 INFO main 5359609] Scout.Query -> Verify.DriveTo | Go to unverified source
[3 INFO main 5500898] Verify.DriveTo -> Verify.Homing | Homing
[3 INFO main 5521180] Verify.Homing -> Scout.Query | Homing
[3 INFO main 5533542] Confirming: 1/9
[3 INFO main 5535564] Confirming: 2/9
[3 INFO main 5537563] Confirming: 3/9
[3 INFO main 5539604] Confirming: 4/9
[3 INFO main 5541767] Confirming: 5/9
[3 INFO main 5543824] Confirming: 6/9
[3 INFO main 5545827] Confirming: 7/9
[3 INFO main 5547924] Confirming: 8/9
[3 INFO main 5550028] Confirming: 9/9
[3 INFO main 5551091] Scout.Query -> Verify.DriveTo | Go to unverified source
[3 INFO main 5630990] Verify.DriveTo -> Verify.Homing | Homing
[3 INFO main 5664224] Confirming: 1/9
[3 INFO main 5666311] Confirming: 3/9
[3 INFO main 5668467] Confirming: 4/9
[3 INFO main 5670525] Confirming: 5/9
[3 INFO main 5672153] Verify.Homing -> Scout.Query | Homing
[3 INFO main 5672523] Confirming: 6/9
[3 INFO main 5674623] Confirming: 7/9
[3 INFO main 5676623] Confirming: 8/9
[3 INFO main 5678766] Confirming: 9/9
[3 INFO main 5679706] Scout.Query -> Verify.DriveTo | Go to unverified source
[3 INFO main 5737224] Verify.DriveTo -> Verify.Homing | Homing
[3 INFO main 5749257] Verify.Homing -> Scout.Query | Homing
[3 INFO main 5759661] Confirming: 1/9
[3 INFO main 5769980] Confirming: 6/9
[3 INFO main 5772111] Confirming: 7/9
[3 INFO main 5774323] Confirming: 8/9
[3 INFO main 5776374] Confirming: 9/9
[3 INFO main 5973577] Scout.Query -> Verify.DriveTo | Go to unverified source
[3 INFO main 6023195] Verify.DriveTo -> Verify.Homing | Homing
[3 INFO main 6052168] Confirming: 1/9
[3 INFO main 6054426] Confirming: 2/9
[3 INFO main 6056522] Confirming: 3/9
[3 INFO main 6059254] Verify.Homing -> Scout.Query | Homing
[3 INFO main 6060711] Confirming: 5/9
[3 INFO main 6062860] Confirming: 6/9
[3 INFO main 6064780] Confirming: 7/9
[3 INFO main 6066816] Confirming: 8/9
[3 INFO main 6068877] Confirming: 9/9
[3 INFO main 6083655] Scout.Query -> Scout.PrepSend | Homing
[3 INFO main 6089508] Scout.PrepSend -> Verify.Homing | Homing
[3 INFO main 6107058] Verify.Homing -> Scout.Query | Homing
[3 INFO main 6116215] Confirming: 1/9
[3 INFO main 6118366] Confirming: 2/9
[3 INFO main 6120425] Confirming: 3/9
[3 INFO main 6122471] Confirming: 4/9
[3 INFO main 6124428] Confirming: 5/9
[3 INFO main 6126426] Confirming: 6/9
[3 INFO main 6128470] Confirming: 7/9
[3 INFO main 6130523] Confirming: 8/9
[3 INFO main 6132571] Confirming: 9/9
[3 INFO main 6132613] Scout.Query -> Verify.DriveTo | Go to unverified source
[3 INFO main 6312892] Verify.DriveTo -> Verify.Homing | Homing
[3 INFO main 6339871] Confirming: 1/9
[3 INFO main 6341923] Confirming: 2/9
[3 INFO main 6343979] Confirming: 3/9
[3 INFO main 6346008] Confirming: 4/9
[3 INFO main 6348081] Confirming: 5/9
[3 INFO main 6350271] Confirming: 6/9
[3 INFO main 6352327] Confirming: 7/9
[3 INFO main 6354327] Confirming: 8/9
[3 INFO main 6354765] Verify.Homing -> Scout.Query | Homing
[3 INFO main 6356424] Confirming: 9/9
[3 INFO main 6357004] Scout.Query -> Verify.DriveTo | Go to unverified source
[3 INFO main 6411836] Verify.DriveTo -> Verify.Homing | Homing
[3 INFO main 6431558] Verify.Homing -> Scout.Query | Homing
[3 INFO main 6436328] Confirming: 1/9
[3 INFO main 6438315] Confirming: 2/9
[3 INFO main 6440359] Confirming: 3/9
[3 INFO main 6442372] Confirming: 4/9
[3 INFO main 6444548] Confirming: 5/9
[3 INFO main 6446560] Confirming: 6/9
[3 INFO main 6448672] Confirming: 7/9
[3 INFO main 6450624] Confirming: 8/9
[3 INFO main 6452723] Confirming: 9/9
[3 INFO main 6452799] Scout.Query -> Verify.DriveTo | Go to unverified source
[3 INFO main 6993490] Verify.DriveTo -> Verify.Homing | Homing
[3 INFO main 7001737] Confirming: 1/9
[3 INFO main 7006055] Confirming: 2/9
[3 INFO main 7010107] Confirming: 4/9
[3 INFO main 7012180] Confirming: 5/9
[3 INFO main 7014258] Confirming: 7/9
[3 INFO main 7018426] Confirming: 8/9
[3 INFO main 7020467] Confirming: 9/9
[3 INFO main 7021923] Verify.Homing -> Scout.Query | Homing
[3 INFO main 7021988] Scout.Query -> Verify.DriveTo | Go to unverified source
[3 INFO main 7049630] Verify.DriveTo -> Verify.Homing | Homing
[3 INFO main 7068226] Verify.Homing -> Scout.Query | Homing
[3 INFO main 7078572] Confirming: 2/9
[3 INFO main 7080737] Confirming: 3/9
[3 INFO main 7082767] Confirming: 4/9
[3 INFO main 7084970] Confirming: 5/9
[3 INFO main 7087191] Confirming: 6/9
[3 INFO main 7089255] Confirming: 7/9
[3 INFO main 7091373] Confirming: 8/9
[3 INFO main 7093418] Confirming: 9/9
[3 INFO main 7093897] Scout.Query -> Verify.DriveTo | Go to unverified source
[3 INFO main 7136830] Verify.DriveTo -> Verify.Homing | Homing
[3 INFO main 7149385] Confirming: 1/9
[3 INFO main 7151516] Confirming: 2/9
[3 INFO main 7153591] Confirming: 3/9
[3 INFO main 7155681] Confirming: 5/9
[3 INFO main 7157154] Verify.Homing -> Scout.Query | Homing
[3 INFO main 7157742] Confirming: 6/9
[3 INFO main 7161900] Confirming: 7/9
[3 INFO main 7164022] Confirming: 9/9
[3 INFO main 7248216] Scout.Query -> Verify.DriveTo | Go to unverified source
[3 INFO main 7308539] Verify.DriveTo -> Verify.Homing | Homing
[3 INFO main 7318687] Confirming: 1/9
[3 INFO main 7320823] Confirming: 2/9
[3 INFO main 7322929] Confirming: 3/9
[3 INFO main 7325023] Confirming: 4/9
[3 INFO main 7327079] Confirming: 5/9
[3 INFO main 7329122] Confirming: 6/9
[3 INFO main 7331226] Confirming: 7/9
[3 INFO main 7333259] Confirming: 9/9
[3 INFO main 7344459] Verify.Homing -> Scout.Query | Homing
[3 INFO main 7344752] Scout.Query -> Verify.DriveTo | Go to unverified source
[3 INFO main 7381694] Verify.DriveTo -> Verify.Homing | Homing
[3 INFO main 7409753] Verify.Homing -> Scout.Query | Homing
[3 INFO main 7414919] Confirming: 1/9
[3 INFO main 7417073] Confirming: 2/9
[3 INFO main 7419266] Confirming: 3/9
[3 INFO main 7421258] Confirming: 5/9
[3 INFO main 7425290] Confirming: 6/9
[3 INFO main 7427468] Confirming: 8/9
[3 INFO main 7431573] Confirming: 9/9
[3 INFO main 7651759] Scout.Query -> Scout.PrepSend | Homing
[3 INFO main 7660972] Scout.PrepSend -> Verify.Homing | Homing
[3 INFO main 7667225] Confirming: 1/9
[3 INFO main 7669280] Confirming: 2/9
[3 INFO main 7671360] Confirming: 3/9
[3 INFO main 7673418] Confirming: 4/9
[3 INFO main 7675424] Confirming: 5/9
[3 INFO main 7677559] Confirming: 6/9
[3 INFO main 7678658] Verify.Homing -> Scout.Query | Homing
[3 INFO main 7679563] Confirming: 7/9
[3 INFO main 7681523] Confirming: 8/9
[3 INFO main 7683624] Confirming: 9/9
[3 INFO main 7684215] Scout.Query -> Verify.DriveTo | Go to unverified source
[3 INFO main 7716128] Verify.DriveTo -> Verify.Homing | Homing
[3 INFO main 7730598] Confirming: 2/9
[3 INFO main 7732624] Confirming: 3/9
[3 INFO main 7733059] Verify.Homing -> Scout.Query | Homing
[3 INFO main 7734627] Confirming: 4/9
[3 INFO main 7738863] Confirming: 5/9
[3 INFO main 7740922] Confirming: 6/9
[3 INFO main 7742971] Confirming: 7/9
[3 INFO main 7745022] Confirming: 9/9
[3 INFO main 7745948] Scout.Query -> Verify.DriveTo | Go to unverified source
[3 INFO main 7828748] Verify.DriveTo -> Verify.Homing | Homing
[3 INFO main 7849221] Confirming: 1/9
[3 INFO main 7851267] Confirming: 2/9
[3 INFO main 7851714] Verify.Homing -> Scout.Query | Homing
[3 INFO main 7853185] Confirming: 3/9
[3 INFO main 7855312] Confirming: 4/9
[3 INFO main 7859486] Confirming: 6/9
[3 INFO main 7861558] Confirming: 7/9
[3 INFO main 7863510] Confirming: 8/9
[3 INFO main 7865621] Confirming: 9/9
[3 INFO main 7995619] Scout.Query -> Verify.DriveTo | Go to unverified source
[3 INFO main 8163626] Verify.DriveTo -> Verify.Homing | Homing
[3 INFO main 8167753] Confirming: 2/9
[3 INFO main 8169811] Confirming: 3/9
[3 INFO main 8171976] Confirming: 4/9
[3 INFO main 8174032] Confirming: 5/9
[3 INFO main 8176043] Confirming: 6/9
[3 INFO main 8176174] Verify.Homing -> Scout.Query | Homing
[3 INFO main 8178129] Confirming: 7/9
[3 INFO main 8180167] Confirming: 8/9
[3 INFO main 8182127] Confirming: 9/9
[3 INFO main 8201893] Scout.Query -> Verify.DriveTo | Go to unverified source
[3 INFO main 8303316] Verify.DriveTo -> Verify.Homing | Homing
[3 INFO main 8328483] Confirming: 1/9
[3 INFO main 8330580] Confirming: 2/9
[3 INFO main 8332622] Confirming: 3/9
[3 INFO main 8334722] Confirming: 4/9
[3 INFO main 8336733] Confirming: 5/9
[3 INFO main 8338139] Verify.Homing -> Scout.Query | Homing
[3 INFO main 8338854] Confirming: 6/9
[3 INFO main 8340891] Confirming: 7/9
[3 INFO main 8342932] Confirming: 8/9
[3 INFO main 8344995] Confirming: 9/9
[3 INFO main 8438787] Scout.Query -> Verify.DriveTo | Go to unverified source
[3 INFO main 8458296] Verify.DriveTo -> Verify.Homing | Homing
[3 INFO main 8484898] Confirming: 1/9
[3 INFO main 8486896] Confirming: 2/9
[3 INFO main 8488977] Confirming: 3/9
[3 INFO main 8491023] Confirming: 4/9
[3 INFO main 8493081] Confirming: 5/9
[3 INFO main 8495134] Confirming: 6/9
[3 INFO main 8497223] Confirming: 7/9
[3 INFO main 8499256] Confirming: 9/9
[3 INFO main 8504253] Verify.Homing -> Scout.Query | Homing
[3 INFO main 8529056] Scout.Query -> Scout.PrepSend | Homing
[3 INFO main 8534343] Scout.PrepSend -> Verify.Homing | Homing
[3 INFO main 8551576] Verify.Homing -> Scout.Query | Homing
[3 INFO main 8554861] Confirming: 1/9
[3 INFO main 8557022] Confirming: 2/9
[3 INFO main 8559033] Confirming: 3/9
[3 INFO main 8561119] Confirming: 4/9
[3 INFO main 8563266] Confirming: 6/9
[3 INFO main 8567494] Confirming: 8/9
[3 INFO main 8571699] Confirming: 10/9
[3 INFO main 8571737] Scout.Query -> Verify.DriveTo | Go to unverified source
[3 INFO main 8629004] Verify.DriveTo -> Verify.Homing | Homing
[3 INFO main 8644758] Verify.Homing -> Scout.Query | Homing
[3 INFO main 8649594] Confirming: 1/9
[3 INFO main 8651626] Confirming: 2/9
[3 INFO main 8653624] Confirming: 3/9
[3 INFO main 8655625] Confirming: 4/9
[3 INFO main 8657725] Confirming: 5/9
[3 INFO main 8659724] Confirming: 6/9
[3 INFO main 8661950] Confirming: 7/9
[3 INFO main 8664111] Confirming: 8/9
[3 INFO main 8666183] Confirming: 9/9
[3 INFO main 8853096] Scout.Query -> Verify.DriveTo | Go to unverified source
[3 INFO main 8861219] Verify.DriveTo -> Verify.Homing | Homing
[3 INFO main 8877677] Confirming: 1/9
[3 INFO main 8879726] Confirming: 2/9
[3 INFO main 8881820] Confirming: 3/9
[3 INFO main 8883975] Confirming: 4/9
[3 INFO main 8886033] Confirming: 5/9
[3 INFO main 8887359] Verify.Homing -> Scout.Query | Homing
[3 INFO main 8888044] Confirming: 6/9
[3 INFO main 8890122] Confirming: 7/9
[3 INFO main 8892098] Confirming: 8/9
[3 INFO main 8894139] Confirming: 9/9
[3 INFO main 9113592] Scout.Query -> Verify.DriveTo | Go to unverified source
[3 INFO main 9392192] Verify.DriveTo -> Verify.Homing | Homing
[3 INFO main 9411060] Verify.Homing -> Scout.Query | Homing
[3 INFO main 9425167] Confirming: 1/9
[3 INFO main 9427228] Confirming: 2/9
[3 INFO main 9429194] Confirming: 3/9
[3 INFO main 9431319] Confirming: 4/9
[3 INFO main 9433371] Confirming: 5/9
[3 INFO main 9435287] Confirming: 6/9
[3 INFO main 9437380] Confirming: 7/9
[3 INFO main 9439568] Confirming: 8/9
[3 INFO main 9441467] Confirming: 9/9
[3 INFO main 9442117] Scout.Query -> Verify.DriveTo | Go to unverified source
[3 INFO main 9480781] Verify.DriveTo -> Verify.Homing | Homing
[3 INFO main 9507553] Verify.Homing -> Scout.Query | Homing
[3 INFO main 9521878] Confirming: 1/9
[3 INFO main 9523963] Confirming: 2/9
[3 INFO main 9526022] Confirming: 3/9
[3 INFO main 9528132] Confirming: 4/9
[3 INFO main 9530150] Confirming: 5/9
[3 INFO main 9532179] Confirming: 6/9
[3 INFO main 9534454] Confirming: 7/9
[3 INFO main 9536483] Confirming: 9/9
[3 INFO main 9536536] Scout.Query -> Verify.DriveTo | Go to unverified source
[3 INFO main 9601624] Verify.DriveTo -> Verify.Homing | Homing
[3 INFO main 9618258] Confirming: 2/9
[3 INFO main 9620324] Confirming: 3/9
[3 INFO main 9622375] Confirming: 4/9
[3 INFO main 9626571] Confirming: 6/9
[3 INFO main 9628558] Confirming: 7/9
[3 INFO main 9630644] Confirming: 8/9
[3 INFO main 9632724] Confirming: 9/9
[3 INFO main 9646555] Verify.Homing -> Scout.Query | Homing
[3 INFO main 9646709] Scout.Query -> Verify.DriveTo | Go to unverified source
[3 INFO main 9680132] Verify.DriveTo -> Verify.Homing | Homing
[3 INFO main 9697560] Verify.Homing -> Scout.Query | Homing
[3 INFO main 9713159] Confirming: 1/9
[3 INFO main 9715219] Confirming: 2/9
[3 INFO main 9717162] Confirming: 3/9
[3 INFO main 9719175] Confirming: 4/9
[3 INFO main 9721273] Confirming: 5/9
[3 INFO main 9723279] Confirming: 6/9
[3 INFO main 9725419] Confirming: 7/9
[3 INFO main 9727423] Confirming: 8/9
[3 INFO main 9729517] Confirming: 9/9
[3 INFO main 9729691] Scout.Query -> Verify.DriveTo | Go to unverified source
[3 INFO main 9845323] Verify.DriveTo -> Verify.Homing | Homing
[3 INFO main 9868253] Verify.Homing -> Scout.Query | Homing
[3 INFO main 9874223] Confirming: 1/9
[3 INFO main 9876355] Confirming: 3/9
[3 INFO main 9878258] Confirming: 4/9
[3 INFO main 9882523] Confirming: 6/9
[3 INFO main 9884513] Confirming: 7/9
[3 INFO main 9888728] Confirming: 9/9
[3 INFO main 9888784] Scout.Query -> Verify.DriveTo | Go to unverified source
[3 INFO main 10048555] Verify.DriveTo -> Verify.Homing | Homing
[3 INFO main 10065022] Confirming: 1/9
[3 INFO main 10066986] Confirming: 2/9
[3 INFO main 10069032] Confirming: 3/9
[3 INFO main 10071121] Confirming: 4/9
[3 INFO main 10071756] Verify.Homing -> Scout.Query | Homing
[3 INFO main 10073267] Confirming: 5/9
[3 INFO main 10075275] Confirming: 6/9
[3 INFO main 10077322] Confirming: 7/9
[3 INFO main 10079425] Confirming: 8/9
[3 INFO main 10081523] Confirming: 9/9
[3 INFO main 10082642] Scout.Query -> Verify.DriveTo | Go to unverified source
[3 INFO main 10114069] Verify.DriveTo -> Verify.Homing | Homing
[3 INFO main 10128618] Confirming: 2/9
[3 INFO main 10130622] Confirming: 3/9
[3 INFO main 10132858] Confirming: 4/9
[3 INFO main 10136991] Confirming: 5/9
[3 INFO main 10139096] Confirming: 6/9
[3 INFO main 10139253] Verify.Homing -> Scout.Query | Homing
[3 INFO main 10141198] Confirming: 7/9
[3 INFO main 10143228] Confirming: 8/9
[3 INFO main 10145282] Confirming: 9/9
[3 INFO main 10145822] Scout.Query -> Verify.DriveTo | Go to unverified source
[3 INFO main 10210990] Verify.DriveTo -> Verify.Homing | Homing
[3 INFO main 10217157] Confirming: 1/9
[3 INFO main 10219219] Confirming: 2/9
[3 INFO main 10221342] Confirming: 4/9
[3 INFO main 10225523] Confirming: 5/9
[3 INFO main 10227568] Confirming: 6/9
[3 INFO main 10229623] Confirming: 7/9
[3 INFO main 10231723] Confirming: 9/9
[3 INFO main 10240357] Verify.Homing -> Scout.Query | Homing
[3 INFO main 10350146] Scout.Query -> Verify.DriveTo | Go to unverified source
[3 INFO main 10643293] Verify.DriveTo -> Verify.Homing | Homing
[3 INFO main 10657547] Verify.Homing -> Scout.Query | Homing
[3 INFO main 10674523] Confirming: 1/9
[3 INFO main 10676512] Confirming: 2/9
[3 INFO main 10678557] Confirming: 3/9
[3 INFO main 10680675] Confirming: 4/9
[3 INFO main 10682586] Confirming: 5/9
[3 INFO main 10686723] Confirming: 7/9
[3 INFO main 10688760] Confirming: 8/9
[3 INFO main 10690824] Confirming: 9/9
[3 INFO main 10691436] Scout.Query -> Verify.DriveTo | Go to unverified source
[3 INFO main 10739019] Verify.DriveTo -> Verify.Homing | Homing
[3 INFO main 10765569] Verify.Homing -> Scout.Query | Homing
[3 INFO main 10771957] Confirming: 1/9
[3 INFO main 10774025] Confirming: 2/9
[3 INFO main 10776066] Confirming: 3/9
[3 INFO main 10778025] Confirming: 4/9
[3 INFO main 10780082] Confirming: 5/9
[3 INFO main 10782199] Confirming: 6/9
[3 INFO main 10784227] Confirming: 7/9
[3 INFO main 10786184] Confirming: 8/9
[3 INFO main 10788263] Confirming: 10/9
[3 INFO main 10789309] Scout.Query -> Verify.DriveTo | Go to unverified source
[3 INFO main 10927509] Verify.DriveTo -> Verify.Homing | Homing
[3 INFO main 10948840] Confirming: 1/9
[3 INFO main 10953198] Confirming: 3/9
[3 INFO main 10953565] Verify.Homing -> Scout.Query | Homing
[3 INFO main 10955275] Confirming: 4/9
[3 INFO main 10957539] Confirming: 5/9
[3 INFO main 10959712] Confirming: 6/9
[3 INFO main 10961856] Confirming: 7/9
[3 INFO main 10964048] Confirming: 8/9
[3 INFO main 10966056] Confirming: 9/9
[3 INFO main 10968156] Scout.Query -> Verify.DriveTo | Go to unverified source
[3 INFO main 11002071] Verify.DriveTo -> Verify.Homing | Homing
[3 INFO main 11027323] Confirming: 1/9
[3 INFO main 11029329] Confirming: 2/9
[3 INFO main 11031333] Confirming: 3/9
[3 INFO main 11033424] Confirming: 4/9
[3 INFO main 11035527] Confirming: 5/9
[3 INFO main 11037619] Confirming: 6/9
[3 INFO main 11039723] Confirming: 7/9
[3 INFO main 11041763] Confirming: 8/9
[3 INFO main 11042159] Verify.Homing -> Scout.Query | Homing
[3 INFO main 11043825] Confirming: 9/9
[3 INFO main 11139256] Scout.Query -> Scout.PrepSend | Homing
[3 INFO main 11141042] Scout.PrepSend -> Verify.Homing | Homing
[3 INFO main 11154456] Verify.Homing -> Scout.Query | Homing
[3 INFO main 11155466] Confirming: 1/9
[3 INFO main 11157605] Confirming: 2/9
[3 INFO main 11159560] Confirming: 3/9
[3 INFO main 11161563] Confirming: 4/9
[3 INFO main 11163714] Confirming: 5/9
[3 INFO main 11165748] Confirming: 6/9
[3 INFO main 11167845] Confirming: 7/9
[3 INFO main 11169885] Confirming: 8/9
[3 INFO main 11172024] Confirming: 9/9
[3 INFO main 11172762] Scout.Query -> Verify.DriveTo | Go to unverified source
[3 INFO main 11205148] Verify.DriveTo -> Verify.Homing | Homing
[3 INFO main 11219737] Confirming: 1/9
[3 INFO main 11220752] Verify.Homing -> Scout.Query | Homing
[3 INFO main 11221767] Confirming: 2/9
[3 INFO main 11223829] Confirming: 3/9
[3 INFO main 11225876] Confirming: 4/9
[3 INFO main 11227925] Confirming: 5/9
[3 INFO main 11229929] Confirming: 6/9
[3 INFO main 11232031] Confirming: 7/9
[3 INFO main 11234124] Confirming: 8/9
[3 INFO main 11236065] Confirming: 9/9
[3 INFO main 11236729] Scout.Query -> Verify.DriveTo | Go to unverified source
[3 INFO main 11264771] Verify.DriveTo -> Verify.Homing | Homing
[3 INFO main 11281958] Verify.Homing -> Scout.Query | Homing
[3 INFO main 11283318] Confirming: 1/9
[3 INFO main 11285335] Confirming: 2/9
[3 INFO main 11287404] Confirming: 3/9
[3 INFO main 11289502] Confirming: 4/9
[3 INFO main 11291529] Confirming: 5/9
[3 INFO main 11293624] Confirming: 6/9
[3 INFO main 11295672] Confirming: 7/9
[3 INFO main 11297728] Confirming: 8/9
[3 INFO main 11299731] Confirming: 9/9
[3 INFO main 11476332] Scout.Query -> Verify.DriveTo | Go to unverified source
[3 INFO main 11613671] Verify.DriveTo -> Verify.Homing | Homing
[3 INFO main 11635253] Verify.Homing -> Scout.Query | Homing
[3 INFO main 11636357] Confirming: 1/9
[3 INFO main 11638400] Confirming: 2/9
[3 INFO main 11640358] Confirming: 3/9
[3 INFO main 11642378] Confirming: 4/9
[3 INFO main 11644470] Confirming: 5/9
[3 INFO main 11646634] Confirming: 6/9
[3 INFO main 11648724] Confirming: 7/9
[3 INFO main 11650723] Confirming: 8/9
[3 INFO main 11652728] Confirming: 9/9
[3 INFO main 11653389] Scout.Query -> Verify.DriveTo | Go to unverified source
[3 INFO main 11734337] Verify.DriveTo -> Verify.Homing | Homing
[3 INFO main 11748973] Verify.Homing -> Scout.Query | Homing
[3 INFO main 11765123] Confirming: 1/9
[3 INFO main 11767214] Confirming: 2/9
[3 INFO main 11769225] Confirming: 3/9
[3 INFO main 11771256] Confirming: 5/9
[3 INFO main 11773378] Confirming: 6/9
[3 INFO main 11775405] Confirming: 7/9
[3 INFO main 11777521] Confirming: 8/9
[3 INFO main 11781791] Confirming: 10/9
[3 INFO main 11781995] Scout.Query -> Verify.DriveTo | Go to unverified source
[3 INFO main 11833576] Verify.DriveTo -> Verify.Homing | Homing
[3 INFO main 11854760] Verify.Homing -> Scout.Query | Homing
[3 INFO main 11860715] Confirming: 1/9
[3 INFO main 11862766] Confirming: 2/9
[3 INFO main 11864830] Confirming: 3/9
[3 INFO main 11866831] Confirming: 4/9
[3 INFO main 11868966] Confirming: 5/9
[3 INFO main 11871023] Confirming: 6/9
[3 INFO main 11873123] Confirming: 7/9
[3 INFO main 11875168] Confirming: 8/9
[3 INFO main 11877159] Confirming: 9/9
[3 INFO main 11877208] Scout.Query -> Verify.DriveTo | Go to unverified source
[3 INFO main 11927327] Verify.DriveTo -> Verify.Homing | Homing
[3 INFO main 11946623] Verify.Homing -> Scout.Query | Homing
[3 INFO main 11956745] Confirming: 1/9
[3 INFO main 11958778] Confirming: 2/9
[3 INFO main 11960868] Confirming: 3/9
[3 INFO main 11962959] Confirming: 4/9
[3 INFO main 11964979] Confirming: 5/9
[3 INFO main 11967084] Confirming: 6/9
[3 INFO main 11969245] Confirming: 8/9
[3 INFO main 11971266] Confirming: 9/9
[3 INFO main 12085487] Scout.Query -> Verify.DriveTo | Go to unverified source
[3 INFO main 12205044] Verify.DriveTo -> Verify.Homing | Homing
[3 INFO main 12221453] Verify.Homing -> Scout.Query | Homing
[3 INFO main 12221573] Confirming: 1/9
[3 INFO main 12223612] Confirming: 2/9
[3 INFO main 12225706] Confirming: 3/9
[3 INFO main 12229781] Confirming: 5/9
[3 INFO main 12231923] Confirming: 6/9
[3 INFO main 12233958] Confirming: 7/9
[3 INFO main 12236059] Confirming: 8/9
[3 INFO main 12238157] Confirming: 9/9
[3 INFO main 12263052] Scout.Query -> Scout.PrepSend | Homing
[3 INFO main 12268442] Scout.PrepSend -> Verify.Homing | Homing
[3 INFO main 12287225] Confirming: 1/9
[3 INFO main 12287659] Verify.Homing -> Scout.Query | Homing
[3 INFO main 12289258] Confirming: 3/9
[3 INFO main 12291424] Confirming: 4/9
[3 INFO main 12293519] Confirming: 5/9
[3 INFO main 12297579] Confirming: 7/9
[3 INFO main 12299671] Confirming: 8/9
[3 INFO main 12301623] Confirming: 9/9
[3 INFO main 12301689] Scout.Query -> Verify.DriveTo | Go to unverified source
[3 INFO main 12316807] Verify.DriveTo -> Verify.Homing | Homing
[3 INFO main 12336057] Verify.Homing -> Scout.Query | Homing
[3 INFO main 12370719] Confirming: 1/9
[3 INFO main 12372821] Confirming: 2/9
[3 INFO main 12374921] Confirming: 3/9
[3 INFO main 12377068] Confirming: 4/9
[3 INFO main 12379122] Confirming: 5/9
[3 INFO main 12381119] Confirming: 6/9
[3 INFO main 12383221] Confirming: 7/9
[3 INFO main 12385242] Confirming: 8/9
[3 INFO main 12387436] Confirming: 10/9
[3 INFO main 12387642] Scout.Query -> Verify.DriveTo | Go to unverified source
[3 INFO main 12514096] Verify.DriveTo -> Verify.Homing | Homing
[3 INFO main 12534365] Verify.Homing -> Scout.Query | Homing
[3 INFO main 12541552] Confirming: 1/9
[3 INFO main 12643880] Confirming: 2/9
[3 INFO main 12652912] Confirming: 3/9
[3 INFO main 12657048] Confirming: 5/9
[3 INFO main 12659147] Confirming: 6/9
[3 INFO main 12661570] Confirming: 7/9
[3 INFO main 12663695] Confirming: 8/9
[3 INFO main 12665823] Confirming: 9/9
[3 INFO main 12666104] Scout.Query -> Verify.DriveTo | Go to unverified source
[3 INFO main 13039154] Verify.DriveTo -> Verify.Homing | Homing
[3 INFO main 13055405] Confirming: 1/9
[3 INFO main 13057485] Confirming: 2/9
[3 INFO main 13059621] Confirming: 3/9
[3 INFO main 13061758] Confirming: 4/9
[3 INFO main 13063728] Confirming: 5/9
[3 INFO main 13065830] Confirming: 6/9
[3 INFO main 13067363] Verify.Homing -> Scout.Query | Homing
[3 INFO main 13067925] Confirming: 7/9
[3 INFO main 13070018] Confirming: 8/9
[3 INFO main 13072082] Confirming: 9/9
[3 INFO main 13073014] Scout.Query -> Verify.DriveTo | Go to unverified source
[3 INFO main 13182258] Verify.DriveTo -> Verify.Homing | Homing
[3 INFO main 13204249] Verify.Homing -> Scout.Query | Homing
[3 INFO main 13215652] Confirming: 1/9
[3 INFO main 13217714] Confirming: 2/9
[3 INFO main 13219844] Confirming: 3/9
[3 INFO main 13221853] Confirming: 4/9
[3 INFO main 13224024] Confirming: 5/9
[3 INFO main 13226098] Confirming: 6/9
[3 INFO main 13228242] Confirming: 7/9
[3 INFO main 13230360] Confirming: 8/9
[3 INFO main 13232615] Confirming: 9/9
[3 INFO main 13305595] Scout.Query -> Verify.DriveTo | Go to unverified source
[3 INFO main 13312629] Verify.DriveTo -> Verify.Homing | Homing
[3 INFO main 13332363] Verify.Homing -> Scout.Query | Homing
[3 INFO main 13343990] Confirming: 1/9
[3 INFO main 13348023] Confirming: 2/9
[3 INFO main 13350025] Confirming: 3/9
[3 INFO main 13352157] Confirming: 4/9
[3 INFO main 13354268] Confirming: 5/9
[3 INFO main 13356395] Confirming: 7/9
[3 INFO main 13358491] Confirming: 8/9
[3 INFO main 13360516] Confirming: 9/9
[3 INFO main 13645738] Scout.Query -> Verify.DriveTo | Go to unverified source
[3 INFO main 13675143] Verify.DriveTo -> Verify.Homing | Homing
[3 INFO main 13697928] Confirming: 1/9
[3 INFO main 13699975] Confirming: 2/9
[3 INFO main 13701939] Confirming: 3/9
[3 INFO main 13704024] Confirming: 4/9
[3 INFO main 13706023] Confirming: 5/9
[3 INFO main 13708126] Confirming: 6/9
[3 INFO main 13710228] Confirming: 7/9
[3 INFO main 13712251] Confirming: 9/9
[3 INFO main 13742353] Verify.Homing -> Scout.Query | Homing
[3 INFO main 13742672] Scout.Query -> Verify.DriveTo | Go to unverified source
[3 INFO main 13765135] Verify.DriveTo -> Verify.Homing | Homing
[3 INFO main 13793157] Verify.Homing -> Scout.Query | Homing
[3 INFO main 13793859] Confirming: 1/9
[3 INFO main 13795912] Confirming: 2/9
[3 INFO main 13797998] Confirming: 3/9
[3 INFO main 13800004] Confirming: 4/9
[3 INFO main 13802018] Confirming: 5/9
[3 INFO main 13804117] Confirming: 6/9
[3 INFO main 13806181] Confirming: 7/9
[3 INFO main 13808222] Confirming: 8/9
[3 INFO main 13810226] Confirming: 9/9
[3 INFO main 13810499] Scout.Query -> Verify.DriveTo | Go to unverified source
[3 INFO main 13828187] Verify.DriveTo -> Verify.Homing | Homing
[3 INFO main 13843964] Verify.Homing -> Scout.Query | Homing
[3 INFO main 13857421] Confirming: 1/9
[3 INFO main 13859437] Confirming: 2/9
[3 INFO main 13861521] Confirming: 3/9
[3 INFO main 13863539] Confirming: 4/9
[3 INFO main 13865607] Confirming: 5/9
[3 INFO main 13867687] Confirming: 6/9
[3 INFO main 13869685] Confirming: 7/9
[3 INFO main 13871821] Confirming: 8/9
[3 INFO main 13873970] Confirming: 9/9
[3 INFO main 13893158] Scout.Query -> Scout.PrepSend | Homing
[3 INFO main 13897403] Scout.PrepSend -> Verify.Homing | Homing
[3 INFO main 13920775] Confirming: 1/9
[3 INFO main 13922798] Confirming: 2/9
[3 INFO main 13924924] Confirming: 3/9
[3 INFO main 13927022] Confirming: 4/9
[3 INFO main 13929121] Confirming: 5/9
[3 INFO main 13931220] Confirming: 6/9
[3 INFO main 13933327] Confirming: 7/9
[3 INFO main 13935319] Confirming: 8/9
[3 INFO main 13937422] Confirming: 9/9
[3 INFO main 13951562] Verify.Homing -> Scout.Query | Homing
[3 INFO main 13951768] Scout.Query -> Verify.DriveTo | Go to unverified source
[3 INFO main 15018319] Verify.DriveTo -> Verify.Homing | Homing
[3 INFO main 15037960] Verify.Homing -> Scout.Query | Homing
[3 INFO main 15041224] Confirming: 1/9
[3 INFO main 15043324] Confirming: 2/9
[3 INFO main 15045420] Confirming: 3/9
[3 INFO main 15049526] Confirming: 5/9
[3 INFO main 15053579] Confirming: 7/9
[3 INFO main 15055830] Confirming: 8/9
[3 INFO main 15057907] Confirming: 9/9
[3 INFO main 15057980] Scout.Query -> Verify.DriveTo | Go to unverified source
[3 INFO main 15121767] Verify.DriveTo -> Verify.Homing | Homing
[3 INFO main 15138276] Confirming: 2/9
[3 INFO main 15140317] Confirming: 3/9
[3 INFO main 15144522] Confirming: 5/9
[3 INFO main 15146514] Confirming: 6/9
[3 INFO main 15148625] Confirming: 7/9
[3 INFO main 15150594] Confirming: 8/9
[3 INFO main 15154719] Confirming: 9/9
[3 INFO main 15176438] Verify.Homing -> Scout.Query | Homing
[3 INFO main 15205217] Scout.Query -> Scout.PrepSend | Homing
[3 INFO main 15206455] Scout.PrepSend -> Verify.Homing | Homing
[3 INFO main 15225558] Verify.Homing -> Scout.Query | Homing
[3 INFO main 15233667] Confirming: 1/9
[3 INFO main 15235718] Confirming: 2/9
[3 INFO main 15237867] Confirming: 3/9
[3 INFO main 15239963] Confirming: 4/9
[3 INFO main 15241923] Confirming: 5/9
[3 INFO main 15244024] Confirming: 6/9
[3 INFO main 15246120] Confirming: 7/9
[3 INFO main 15248224] Confirming: 8/9
[3 INFO main 15250263] Confirming: 10/9
[3 INFO main 15251300] Scout.Query -> Verify.DriveTo | Go to unverified source
[3 INFO main 15356522] Verify.DriveTo -> Verify.Homing | Homing
[3 INFO main 15392434] Verify.Homing -> Scout.Query | Homing
[3 INFO main 15393819] Confirming: 1/9
[3 INFO main 15395822] Confirming: 2/9
[3 INFO main 15397907] Confirming: 3/9
[3 INFO main 15402059] Confirming: 5/9
[3 INFO main 15403975] Confirming: 6/9
[3 INFO main 15406082] Confirming: 7/9
[3 INFO main 15408214] Confirming: 8/9
[3 INFO main 15410338] Confirming: 9/9
[3 INFO main 15411232] Scout.Query -> Verify.DriveTo | Go to unverified source
[3 INFO main 15479132] Verify.DriveTo -> Verify.Homing | Homing
[3 INFO main 15489333] Confirming: 1/9
[3 INFO main 15493374] Confirming: 2/9
[3 INFO main 15495492] Confirming: 4/9
[3 INFO main 15497619] Confirming: 5/9
[3 INFO main 15501958] Confirming: 7/9
[3 INFO main 15506178] Confirming: 9/9
[3 INFO main 15509956] Verify.Homing -> Scout.Query | Homing
[3 INFO main 15675986] Scout.Query -> Verify.DriveTo | Go to unverified source
[3 INFO main 15825513] Verify.DriveTo -> Verify.Homing | Homing
[3 INFO main 15844165] Confirming: 1/9
[3 INFO main 15846221] Confirming: 2/9
[3 INFO main 15848349] Confirming: 4/9
[3 INFO main 15850509] Confirming: 5/9
[3 INFO main 15852627] Confirming: 6/9
[3 INFO main 15854815] Confirming: 7/9
[3 INFO main 15856863] Confirming: 8/9
[3 INFO main 15859020] Confirming: 9/9
[3 INFO main 15860625] Verify.Homing -> Scout.Query | Homing
[3 INFO main 15953073] Scout.Query -> Verify.DriveTo | Go to unverified source
[3 INFO main 16026238] Verify.DriveTo -> Verify.Homing | Homing
[3 INFO main 16034464] Confirming: 1/9
[3 INFO main 16036623] Confirming: 2/9
[3 INFO main 16040757] Confirming: 4/9
[3 INFO main 16044768] Confirming: 6/9
[3 INFO main 16046927] Confirming: 7/9
[3 INFO main 16048935] Confirming: 8/9
[3 INFO main 16051018] Confirming: 9/9
[3 INFO main 16068353] Verify.Homing -> Scout.Query | Homing
[3 INFO main 16068578] Scout.Query -> Verify.DriveTo | Go to unverified source
[3 INFO main 16122963] Verify.DriveTo -> Verify.Homing | Homing
[3 INFO main 16131270] Confirming: 1/9
[3 INFO main 16133348] Confirming: 2/9
[3 INFO main 16135465] Confirming: 3/9
[3 INFO main 16137526] Confirming: 4/9
[3 INFO main 16139623] Confirming: 5/9
[3 INFO main 16141602] Confirming: 6/9
[3 INFO main 16143667] Confirming: 7/9
[3 INFO main 16145694] Confirming: 8/9
[3 INFO main 16147822] Confirming: 9/9
[3 INFO main 16170461] Verify.Homing -> Scout.Query | Homing
[3 INFO main 16196964] Scout.Query -> Verify.DriveTo | Go to unverified source
[3 INFO main 16213232] Verify.DriveTo -> Verify.Homing | Homing
[3 INFO main 16227480] Confirming: 1/9
[3 INFO main 16229574] Confirming: 2/9
[3 INFO main 16231622] Confirming: 3/9
[3 INFO main 16233723] Confirming: 4/9
[3 INFO main 16235824] Confirming: 5/9
[3 INFO main 16237983] Confirming: 6/9
[3 INFO main 16240028] Confirming: 7/9
[3 INFO main 16242112] Confirming: 8/9
[3 INFO main 16244115] Confirming: 9/9
[3 INFO main 16265158] Verify.Homing -> Scout.Query | Homing
[3 INFO main 16380395] Scout.Query -> Verify.DriveTo | Go to unverified source
[3 INFO main 16709461] Verify.DriveTo -> Verify.Homing | Homing
[3 INFO main 16738586] Confirming: 1/9
[3 INFO main 16740456] Verify.Homing -> Scout.Query | Homing
[3 INFO main 16742758] Confirming: 3/9
[3 INFO main 16744832] Confirming: 4/9
[3 INFO main 16746860] Confirming: 5/9
[3 INFO main 16748967] Confirming: 6/9
[3 INFO main 16751173] Confirming: 7/9
[3 INFO main 16753272] Confirming: 8/9
[3 INFO main 16755268] Confirming: 9/9
[3 INFO main 16755613] Scout.Query -> Verify.DriveTo | Go to unverified source
[3 INFO main 16862073] Verify.DriveTo -> Verify.Homing | Homing
[3 INFO main 16882939] Confirming: 1/9
[3 INFO main 16885094] Confirming: 2/9
[3 INFO main 16887788] Verify.Homing -> Scout.Query | Homing
[3 INFO main 16889443] Confirming: 4/9
[3 INFO main 16891480] Confirming: 5/9
[3 INFO main 16893639] Confirming: 6/9
[3 INFO main 16895720] Confirming: 7/9
[3 INFO main 16897768] Confirming: 8/9
[3 INFO main 16899858] Confirming: 9/9
[3 INFO main 16900601] Scout.Query -> Verify.DriveTo | Go to unverified source
[3 INFO main 17487432] Verify.DriveTo -> Verify.Homing | Homing
[3 INFO main 17505883] Verify.Homing -> Scout.Query | Homing
[3 INFO main 17508418] Confirming: 1/9
[3 INFO main 17510506] Confirming: 3/9
[3 INFO main 17514537] Confirming: 5/9
[3 INFO main 17518664] Confirming: 7/9
[3 INFO main 17520719] Confirming: 8/9
[3 INFO main 17522759] Confirming: 9/9
[3 INFO main 17523093] Scout.Query -> Verify.DriveTo | Go to unverified source
[3 INFO main 17549950] Verify.DriveTo -> Verify.Homing | Homing
[3 INFO main 17570592] Confirming: 1/9
[3 INFO main 17572745] Confirming: 2/9
[3 INFO main 17574824] Confirming: 3/9
[3 INFO main 17576762] Confirming: 4/9
[3 INFO main 17578923] Confirming: 5/9
[3 INFO main 17581023] Confirming: 6/9
[3 INFO main 17583021] Confirming: 7/9
[3 INFO main 17583059] Verify.Homing -> Scout.Query | Homing
[3 INFO main 17585031] Confirming: 8/9
[3 INFO main 17587049] Confirming: 9/9
[3 INFO main 17659550] Scout.Query -> Verify.DriveTo | Go to unverified source
[3 INFO main 17966934] Verify.DriveTo -> Verify.Homing | Homing
[3 INFO main 17987981] Confirming: 1/9
[3 INFO main 17990027] Confirming: 2/9
[3 INFO main 17990028] Verify.Homing -> Scout.Query | Homing
[3 INFO main 17992040] Confirming: 3/9
[3 INFO main 17994079] Confirming: 4/9
[3 INFO main 17996214] Confirming: 5/9
[3 INFO main 17998334] Confirming: 7/9
[3 INFO main 18000360] Confirming: 8/9
[3 INFO main 18002363] Confirming: 9/9
[3 INFO main 18003099] Scout.Query -> Verify.DriveTo | Go to unverified source
[3 INFO main 19166863] Verify.DriveTo -> Verify.Homing | Homing
[3 INFO main 19190182] Verify.Homing -> Scout.Query | Homing
[3 INFO main 19197838] Confirming: 1/9
[3 INFO main 19199978] Confirming: 2/9
[3 INFO main 19201958] Confirming: 3/9
[3 INFO main 19204025] Confirming: 4/9
[3 INFO main 19206023] Confirming: 5/9
[3 INFO main 19208031] Confirming: 6/9
[3 INFO main 19210058] Confirming: 7/9
[3 INFO main 19212126] Confirming: 8/9
[3 INFO main 19214222] Confirming: 9/9
[3 INFO main 19214680] Scout.Query -> Verify.DriveTo | Go to unverified source
[3 INFO main 19570633] Verify.DriveTo -> Verify.Homing | Homing
[3 INFO main 19587223] Confirming: 1/9
[3 INFO main 19589258] Confirming: 2/9
[3 INFO main 19589259] Verify.Homing -> Scout.Query | Homing
[3 INFO main 19591322] Confirming: 3/9
[3 INFO main 19593323] Confirming: 4/9
[3 INFO main 19595323] Confirming: 5/9
[3 INFO main 19597424] Confirming: 6/9
[3 INFO main 19599461] Confirming: 7/9
[3 INFO main 19601523] Confirming: 8/9
[3 INFO main 19603618] Confirming: 9/9
[3 INFO main 19604519] Scout.Query -> Verify.DriveTo | Go to unverified source
[3 INFO main 19776867] Verify.DriveTo -> Verify.Homing | Homing
[3 INFO main 19799544] Confirming: 1/9
[3 INFO main 19801663] Confirming: 2/9
[3 INFO main 19803996] Confirming: 3/9
[3 INFO main 19806162] Confirming: 4/9
[3 INFO main 19808482] Confirming: 5/9
[3 INFO main 19810817] Confirming: 7/9
[3 INFO main 19812831] Confirming: 8/9
[3 INFO main 19814883] Confirming: 9/9
[3 INFO main 19829859] Verify.Homing -> Scout.Query | Homing
[3 INFO main 19830106] Scout.Query -> Verify.DriveTo | Go to unverified source
[3 INFO main 20049634] Verify.DriveTo -> Verify.Homing | Homing
[3 INFO main 20086718] Confirming: 1/9
[3 INFO main 20088767] Confirming: 2/9
[3 INFO main 20090772] Confirming: 3/9
[3 INFO main 20093062] Confirming: 4/9
[3 INFO main 20095079] Confirming: 5/9
[3 INFO main 20097181] Confirming: 6/9
[3 INFO main 20099663] Confirming: 8/9
[3 INFO main 20102052] Confirming: 9/9
[3 INFO main 20110769] Verify.Homing -> Scout.Query | Homing
[3 INFO main 20127408] Scout.Query -> Verify.DriveTo | Go to unverified source
[3 INFO main 20290872] Verify.DriveTo -> Verify.Homing | Homing
[3 INFO main 20324245] Confirming: 1/9
[3 INFO main 20326308] Confirming: 2/9
[3 INFO main 20328533] Confirming: 3/9
[3 INFO main 20330679] Confirming: 4/9
[3 INFO main 20332758] Confirming: 5/9
[3 INFO main 20334784] Confirming: 6/9
[3 INFO main 20336927] Confirming: 7/9
[3 INFO main 20338998] Confirming: 8/9
[3 INFO main 20341086] Confirming: 9/9
[3 INFO main 20382952] Verify.Homing -> Scout.Query | Homing
[3 INFO main 20884970] Scout.Query -> Verify.DriveTo | Go to unverified source
[3 INFO main 21051235] Verify.DriveTo -> Verify.Homing | Homing
[3 INFO main 21057452] Confirming: 1/9
[3 INFO main 21059496] Confirming: 3/9
[3 INFO main 21061566] Confirming: 4/9
[3 INFO main 21063560] Confirming: 5/9
[3 INFO main 21065728] Confirming: 6/9
[3 INFO main 21067945] Confirming: 7/9
[3 INFO main 21069992] Confirming: 8/9
[3 INFO main 21072249] Confirming: 9/9
[3 INFO main 21091216] Verify.Homing -> Scout.Query | Homing
[3 INFO main 21285731] Scout.Query -> Verify.DriveTo | Go to unverified source
[3 INFO main 21340829] Verify.DriveTo -> Verify.Homing | Homing
[3 INFO main 21353222] Confirming: 1/9
[3 INFO main 21355258] Confirming: 3/9
[3 INFO main 21357383] Confirming: 4/9
[3 INFO main 21359516] Confirming: 5/9
[3 INFO main 21361571] Confirming: 6/9
[3 INFO main 21363571] Confirming: 7/9
[3 INFO main 21365621] Confirming: 8/9
[3 INFO main 21367630] Confirming: 9/9
[3 INFO main 21383058] Verify.Homing -> Scout.Query | Homing
[3 INFO main 21383315] Scout.Query -> Verify.DriveTo | Go to unverified source
[3 INFO main 23338788] Verify.DriveTo -> Verify.Homing | Homing
[3 INFO main 23358409] Verify.Homing -> Scout.Query | Homing
[3 INFO main 23361718] Confirming: 1/9
[3 INFO main 23363734] Confirming: 2/9
[3 INFO main 23365762] Confirming: 3/9
[3 INFO main 23367765] Confirming: 4/9
[3 INFO main 23369904] Confirming: 5/9
[3 INFO main 23372071] Confirming: 6/9
[3 INFO main 23374121] Confirming: 7/9
[3 INFO main 23376128] Confirming: 8/9
[3 INFO main 23378181] Confirming: 9/9
[3 INFO main 23378993] Scout.Query -> Verify.DriveTo | Go to unverified source
[3 INFO main 23440089] Verify.DriveTo -> Verify.Homing | Homing
[3 INFO main 23456727] Confirming: 1/9
[3 INFO main 23458767] Confirming: 2/9
[3 INFO main 23460790] Confirming: 3/9
[3 INFO main 23462878] Confirming: 4/9
[3 INFO main 23465008] Confirming: 5/9
[3 INFO main 23467025] Confirming: 6/9
[3 INFO main 23469118] Confirming: 7/9
[3 INFO main 23471126] Confirming: 8/9
[3 INFO main 23473222] Confirming: 9/9
[3 INFO main 23500754] Verify.Homing -> Scout.Query | Homing
[3 INFO main 23501051] Scout.Query -> Verify.DriveTo | Go to unverified source
[3 INFO main 23538159] Verify.DriveTo -> Verify.Homing | Homing
[3 INFO main 23553865] Confirming: 1/9
[3 INFO main 23555964] Confirming: 2/9
[3 INFO main 23558078] Confirming: 3/9
[3 INFO main 23560153] Confirming: 4/9
[3 INFO main 23562519] Confirming: 6/9
[3 INFO main 23564569] Confirming: 7/9
[3 INFO main 23566739] Confirming: 8/9
[3 INFO main 23568912] Confirming: 9/9
[3 INFO main 23618808] Verify.Homing -> Scout.Query | Homing
[3 INFO main 23823893] Scout.Query -> Verify.DriveTo | Go to unverified source
[3 INFO main 23878648] Verify.DriveTo -> Verify.Homing | Homing
[3 INFO main 23905389] Confirming: 1/9
[3 INFO main 23907530] Confirming: 2/9
[3 INFO main 23909597] Confirming: 3/9
[3 INFO main 23911662] Confirming: 4/9
[3 INFO main 23913958] Confirming: 5/9
[3 INFO main 23916020] Confirming: 6/9
[3 INFO main 23918104] Confirming: 7/9
[3 INFO main 23920126] Confirming: 8/9
[3 INFO main 23922219] Confirming: 9/9
[3 INFO main 23931025] Verify.Homing -> Scout.Query | Homing
[3 INFO main 24010507] Scout.Query -> Scout.PrepSend | Homing
[3 INFO main 24017060] Scout.PrepSend -> Verify.Homing | Homing
[3 INFO main 24033524] Confirming: 1/9
[3 INFO main 24035512] Confirming: 2/9
[3 INFO main 24036660] Verify.Homing -> Scout.Query | Homing
[3 INFO main 24037569] Confirming: 3/9
[3 INFO main 24039717] Confirming: 4/9
[3 INFO main 24041867] Confirming: 5/9
[3 INFO main 24044063] Confirming: 6/9
[3 INFO main 24046154] Confirming: 7/9
[3 INFO main 24048262] Confirming: 9/9
[3 INFO main 24048418] Scout.Query -> Verify.DriveTo | Go to unverified source
[3 INFO main 24265703] Verify.DriveTo -> Verify.Homing | Homing
[3 INFO main 24289663] Confirming: 1/9
[3 INFO main 24291806] Confirming: 2/9
[3 INFO main 24293879] Confirming: 3/9
[3 INFO main 24296193] Confirming: 4/9
[3 INFO main 24298457] Confirming: 5/9
[3 INFO main 24300579] Confirming: 6/9
[3 INFO main 24302360] Verify.Homing -> Scout.Query | Homing
[3 INFO main 24302694] Confirming: 8/9
[3 INFO main 24304776] Confirming: 9/9
[3 INFO main 24308389] Scout.Query -> Verify.DriveTo | Go to unverified source
[3 INFO main 24349931] Verify.DriveTo -> Verify.Homing | Homing
[3 INFO main 24372348] Verify.Homing -> Scout.Query | Homing
[3 INFO main 24385240] Confirming: 1/9
[3 INFO main 24387412] Confirming: 2/9
[3 INFO main 24389477] Confirming: 3/9
[3 INFO main 24391698] Confirming: 4/9
[3 INFO main 24393758] Confirming: 5/9
[3 INFO main 24395850] Confirming: 6/9
[3 INFO main 24397919] Confirming: 7/9
[3 INFO main 24400086] Confirming: 8/9
[3 INFO main 24402131] Confirming: 9/9
[3 INFO main 24788868] Scout.Query -> Verify.DriveTo | Go to unverified source
[3 INFO main 25127563] Verify.DriveTo -> Verify.Homing | Homing
[3 INFO main 25152538] Confirming: 1/9
[3 INFO main 25154946] Confirming: 2/9
[3 INFO main 25157657] Confirming: 3/9
[3 INFO main 25159819] Confirming: 4/9
[3 INFO main 25161892] Confirming: 5/9
[3 INFO main 25164066] Confirming: 6/9
[3 INFO main 25165968] Confirming: 7/9
[3 INFO main 25165968] Verify.Homing -> Scout.Query | Homing
[3 INFO main 25168200] Confirming: 8/9
[3 INFO main 25170449] Confirming: 10/9
[3 INFO main 25396105] Scout.Query -> Verify.DriveTo | Go to unverified source
[3 INFO main 26125652] Verify.DriveTo -> Verify.Homing | Homing
[3 INFO main 26142253] Verify.Homing -> Scout.Query | Homing
[3 INFO main 26152336] Confirming: 2/9
[3 INFO main 26154425] Confirming: 3/9
[3 INFO main 26156444] Confirming: 4/9
[3 INFO main 26160567] Confirming: 5/9
[3 INFO main 26162611] Confirming: 6/9
[3 INFO main 26164621] Confirming: 8/9
[3 INFO main 26166708] Confirming: 9/9
[3 INFO main 26166843] Scout.Query -> Verify.DriveTo | Go to unverified source
[3 INFO main 26901255] Verify.DriveTo -> Verify.Homing | Homing
[3 INFO main 26922315] Confirming: 1/9
[3 INFO main 26924422] Confirming: 2/9
[3 INFO main 26926467] Confirming: 3/9
[3 INFO main 26927752] Verify.Homing -> Scout.Query | Homing
[3 INFO main 26928831] Confirming: 4/9
[3 INFO main 26930859] Confirming: 5/9
[3 INFO main 26932833] Confirming: 6/9
[3 INFO main 26935032] Confirming: 7/9
[3 INFO main 26937137] Confirming: 8/9
[3 INFO main 26939147] Confirming: 9/9
[3 INFO main 26939373] Scout.Query -> Verify.DriveTo | Go to unverified source
[3 INFO main 27850620] Verify.DriveTo -> Verify.Homing | Homing
[3 INFO main 27883702] Confirming: 2/9
[3 INFO main 27886903] Confirming: 3/9
[3 INFO main 27889352] Confirming: 5/9
[3 INFO main 27894369] Confirming: 7/9
[3 INFO main 27896976] Confirming: 8/9
[3 INFO main 27900050] Confirming: 10/9
[3 INFO main 28058768] Verify.Homing -> Scout.Query | Homing
[3 INFO main 28194967] Scout.Query -> Verify.DriveTo | Go to unverified source
[3 INFO main 28331404] Verify.DriveTo -> Verify.Homing | Homing
[3 INFO main 28365783] Confirming: 1/9
[3 INFO main 28367858] Confirming: 2/9
[3 INFO main 28370144] Confirming: 3/9
[3 INFO main 28372220] Confirming: 4/9
[3 INFO main 28372855] Verify.Homing -> Scout.Query | Homing
[3 INFO main 28374430] Confirming: 5/9
[3 INFO main 28376506] Confirming: 7/9
[3 INFO main 28378536] Confirming: 8/9
[3 INFO main 28380771] Confirming: 9/9
[3 INFO main 29109903] Scout.Query -> Verify.DriveTo | Go to unverified source
[3 INFO main 29123029] Verify.DriveTo -> Verify.Homing | Homing
[3 INFO main 29139488] Confirming: 1/9
[3 INFO main 29141572] Confirming: 2/9
[3 INFO main 29143622] Confirming: 3/9
[3 INFO main 29145726] Confirming: 4/9
[3 INFO main 29148050] Confirming: 5/9
[3 INFO main 29150067] Confirming: 6/9
[3 INFO main 29152122] Confirming: 7/9
[3 INFO main 29154128] Confirming: 8/9
[3 INFO main 29156223] Confirming: 9/9
[3 INFO main 29220968] Verify.Homing -> Scout.Query | Homing
[3 INFO main 29286764] Scout.Query -> Verify.DriveTo | Go to unverified source
[3 INFO main 29432851] Verify.DriveTo -> Verify.Homing | Homing
[3 INFO main 29458332] Confirming: 1/9
[3 INFO main 29459778] Verify.Homing -> Scout.Query | Homing
[3 INFO main 29462364] Confirming: 3/9
[3 INFO main 29464513] Confirming: 4/9
[3 INFO main 29466476] Confirming: 5/9
[3 INFO main 29468664] Confirming: 6/9
[3 INFO main 29472583] Confirming: 8/9
[3 INFO main 29474731] Confirming: 9/9
[3 INFO main 29797444] Scout.Query -> Verify.DriveTo | Go to unverified source
