[9 INFO main 26] Initialising Python Geth Console...
[9 INFO main 31] Initialising RandB board...
[9 INFO main 31] Initialising navigation...
[9 INFO main 32] Initialising random-walk...
[9 INFO main 32] Initialising odometry...
[9 INFO main 32] Initialising ground-sensors...
[9 INFO main 419] --//-- Starting Experiment --//--
[9 INFO main 1519] Idle.IDLE -> Scout.Query | Duration: 24.21
[9 INFO main 40830] Scout.Query -> Scout.GotoCenter | Drive to others reported pos
[9 INFO main 66638] Scout.GotoCenter -> Scout.Query | return to random walk
[9 INFO main 102271] Scout.Query -> Scout.GotoCenter | Drive to others reported pos
[9 INFO main 145654] Scout.GotoCenter -> Scout.Query | return to random walk
[9 INFO main 176383] Scout.Query -> Scout.GotoCenter | Drive to others reported pos
[9 INFO main 180210] Scout.GotoCenter -> Scout.Query | return to random walk
[9 INFO main 272599] Scout.Query -> Scout.GotoCenter | Drive to others reported pos
[9 INFO main 326215] Scout.GotoCenter -> Scout.Query | return to random walk
[9 INFO main 362321] Scout.Query -> Scout.GotoCenter | Drive to others reported pos
[9 INFO main 417703] Scout.GotoCenter -> Scout.Query | return to random walk
[9 INFO main 442940] Scout.Query -> Scout.GotoCenter | Drive to others reported pos
[9 INFO main 490649] Scout.GotoCenter -> Scout.Query | return to random walk
[9 INFO main 576927] Scout.Query -> Scout.GotoCenter | Drive to others reported pos
