[4 INFO main 27] Initialising Python Geth Console...
[4 INFO main 32] Initialising RandB board...
[4 INFO main 32] Initialising navigation...
[4 INFO main 33] Initialising random-walk...
[4 INFO main 33] Initialising odometry...
[4 INFO main 33] Initialising ground-sensors...
[4 INFO main 793] --//-- Starting Experiment --//--
[4 INFO main 2249] Idle.IDLE -> Scout.Query | Duration: 32.27
[4 INFO main 18992] Scout.Query -> Verify.DriveTo | Go to unverified source
[4 INFO main 51074] Verify.DriveTo -> Verify.Homing | Homing
[4 INFO main 61392] Verify.Homing -> Scout.Query | Arrived home
[4 INFO main 71755] Confirming: 1/9
[4 INFO main 73756] Confirming: 2/9
[4 INFO main 75848] Confirming: 3/9
[4 INFO main 77937] Confirming: 4/9
[4 INFO main 79947] Confirming: 5/9
[4 INFO main 81965] Confirming: 6/9
[4 INFO main 84029] Confirming: 7/9
[4 INFO main 86053] Confirming: 8/9
[4 INFO main 88156] Confirming: 9/9
[4 INFO main 90998] Scout.Query -> Scout.PrepSend | Homing
[4 INFO main 91260] Scout.PrepSend -> Verify.Homing | Homing
[4 INFO main 101620] Confirming: 1/9
[4 INFO main 103643] Confirming: 2/9
[4 INFO main 105215] Verify.Homing -> Scout.Query | Arrived home
[4 INFO main 105721] Confirming: 3/9
[4 INFO main 107733] Confirming: 4/9
[4 INFO main 109741] Confirming: 5/9
[4 INFO main 111786] Confirming: 6/9
[4 INFO main 113793] Confirming: 7/9
[4 INFO main 115910] Confirming: 8/9
[4 INFO main 117944] Confirming: 9/9
[4 INFO main 117967] Scout.Query -> Verify.DriveTo | Go to unverified source
[4 INFO main 147564] Verify.DriveTo -> Verify.Homing | Homing
[4 INFO main 161952] Confirming: 1/9
[4 INFO main 163991] Confirming: 2/9
[4 INFO main 166090] Confirming: 3/9
[4 INFO main 168106] Confirming: 4/9
[4 INFO main 170146] Confirming: 5/9
[4 INFO main 172211] Confirming: 6/9
[4 INFO main 174308] Confirming: 7/9
[4 INFO main 176409] Confirming: 8/9
[4 INFO main 178522] Confirming: 9/9
[4 INFO main 188177] Verify.Homing -> Scout.Query | Arrived home
[4 INFO main 188349] Scout.Query -> Verify.DriveTo | Go to unverified source
[4 INFO main 218793] Verify.DriveTo -> Verify.Homing | Homing
[4 INFO main 242582] Verify.Homing -> Scout.Query | Arrived home
[4 INFO main 252170] Confirming: 1/9
[4 INFO main 254167] Confirming: 2/9
[4 INFO main 256190] Confirming: 3/9
[4 INFO main 258261] Confirming: 4/9
[4 INFO main 260295] Confirming: 5/9
[4 INFO main 262326] Confirming: 6/9
[4 INFO main 264349] Confirming: 7/9
[4 INFO main 266427] Confirming: 8/9
[4 INFO main 268524] Confirming: 9/9
[4 INFO main 268561] Scout.Query -> Verify.DriveTo | Go to unverified source
[4 INFO main 318341] Verify.DriveTo -> Verify.Homing | Homing
[4 INFO main 338458] Verify.Homing -> Scout.Query | Arrived home
[4 INFO main 341044] Confirming: 1/9
[4 INFO main 343137] Confirming: 2/9
[4 INFO main 345228] Confirming: 3/9
[4 INFO main 347238] Confirming: 4/9
[4 INFO main 349288] Confirming: 5/9
[4 INFO main 351314] Confirming: 6/9
[4 INFO main 353447] Confirming: 7/9
[4 INFO main 355500] Confirming: 8/9
[4 INFO main 357525] Confirming: 9/9
[4 INFO main 357647] Scout.Query -> Verify.DriveTo | Go to unverified source
[4 INFO main 400032] Verify.DriveTo -> Verify.Homing | Homing
[4 INFO main 419795] Verify.Homing -> Scout.Query | Arrived home
[4 INFO main 431111] Confirming: 1/9
[4 INFO main 433127] Confirming: 2/9
[4 INFO main 435204] Confirming: 3/9
[4 INFO main 437213] Confirming: 4/9
[4 INFO main 439272] Confirming: 5/9
[4 INFO main 443413] Confirming: 7/9
[4 INFO main 445483] Confirming: 8/9
[4 INFO main 449601] Confirming: 10/9
[4 INFO main 450117] Scout.Query -> Verify.DriveTo | Go to unverified source
[4 INFO main 467496] Verify.DriveTo -> Verify.Homing | Homing
[4 INFO main 492374] Confirming: 1/9
[4 INFO main 493042] Verify.Homing -> Scout.Query | Arrived home
[4 INFO main 494369] Confirming: 2/9
[4 INFO main 496428] Confirming: 3/9
[4 INFO main 498526] Confirming: 4/9
[4 INFO main 500574] Confirming: 5/9
[4 INFO main 502629] Confirming: 6/9
[4 INFO main 504658] Confirming: 7/9
[4 INFO main 506655] Confirming: 8/9
[4 INFO main 508857] Confirming: 10/9
[4 INFO main 509141] Scout.Query -> Verify.DriveTo | Go to unverified source
[4 INFO main 538097] Verify.DriveTo -> Verify.Homing | Homing
[4 INFO main 552416] Confirming: 1/9
[4 INFO main 556493] Confirming: 2/9
[4 INFO main 558576] Confirming: 4/9
[4 INFO main 558577] Verify.Homing -> Scout.Query | Arrived home
[4 INFO main 562681] Confirming: 6/9
[4 INFO main 568877] Confirming: 10/9
[4 INFO main 569413] Scout.Query -> Verify.DriveTo | Go to unverified source
[4 INFO main 638585] Verify.DriveTo -> Verify.Homing | Homing
[4 INFO main 671326] Verify.Homing -> Scout.Query | Arrived home
[4 INFO main 671735] Confirming: 1/9
[4 INFO main 673836] Confirming: 2/9
[4 INFO main 675847] Confirming: 3/9
[4 INFO main 677881] Confirming: 4/9
[4 INFO main 679892] Confirming: 5/9
[4 INFO main 682006] Confirming: 6/9
[4 INFO main 684045] Confirming: 7/9
[4 INFO main 686121] Confirming: 8/9
[4 INFO main 688162] Confirming: 9/9
[4 INFO main 688438] Scout.Query -> Verify.DriveTo | Go to unverified source
[4 INFO main 712818] Verify.DriveTo -> Verify.Homing | Homing
[4 INFO main 731334] Confirming: 1/9
[4 INFO main 733374] Confirming: 2/9
[4 INFO main 735353] Confirming: 3/9
[4 INFO main 737508] Confirming: 4/9
[4 INFO main 739248] Verify.Homing -> Scout.Query | Arrived home
[4 INFO main 739557] Confirming: 5/9
[4 INFO main 741572] Confirming: 6/9
[4 INFO main 743598] Confirming: 7/9
[4 INFO main 745649] Confirming: 8/9
[4 INFO main 747815] Confirming: 9/9
[4 INFO main 747917] Scout.Query -> Verify.DriveTo | Go to unverified source
[4 INFO main 789265] Verify.DriveTo -> Verify.Homing | Homing
[4 INFO main 814450] Verify.Homing -> Scout.Query | Arrived home
[4 INFO main 822187] Confirming: 1/9
[4 INFO main 824303] Confirming: 2/9
[4 INFO main 826360] Confirming: 3/9
[4 INFO main 828367] Confirming: 4/9
[4 INFO main 830383] Confirming: 5/9
[4 INFO main 832444] Confirming: 6/9
[4 INFO main 834478] Confirming: 7/9
[4 INFO main 836530] Confirming: 8/9
[4 INFO main 838543] Confirming: 9/9
[4 INFO main 839182] Scout.Query -> Verify.DriveTo | Go to unverified source
[4 INFO main 894749] Verify.DriveTo -> Verify.Homing | Homing
[4 INFO main 911429] Confirming: 1/9
[4 INFO main 913454] Confirming: 2/9
[4 INFO main 915498] Confirming: 3/9
[4 INFO main 917587] Confirming: 4/9
[4 INFO main 919690] Confirming: 5/9
[4 INFO main 921767] Confirming: 6/9
[4 INFO main 923817] Confirming: 7/9
[4 INFO main 925833] Confirming: 8/9
[4 INFO main 926447] Verify.Homing -> Scout.Query | Arrived home
[4 INFO main 928113] Confirming: 9/9
[4 INFO main 928144] Scout.Query -> Verify.DriveTo | Go to unverified source
[4 INFO main 968123] Verify.DriveTo -> Verify.Homing | Homing
[4 INFO main 990951] Verify.Homing -> Scout.Query | Arrived home
[4 INFO main 1001556] Confirming: 1/9
[4 INFO main 1003695] Confirming: 2/9
[4 INFO main 1005790] Confirming: 3/9
[4 INFO main 1007843] Confirming: 4/9
[4 INFO main 1010014] Confirming: 5/9
[4 INFO main 1012101] Confirming: 6/9
[4 INFO main 1014110] Confirming: 7/9
[4 INFO main 1016195] Confirming: 8/9
[4 INFO main 1018263] Confirming: 9/9
[4 INFO main 1018838] Scout.Query -> Verify.DriveTo | Go to unverified source
[4 INFO main 1068115] Verify.DriveTo -> Verify.Homing | Homing
[4 INFO main 1090937] Confirming: 1/9
[4 INFO main 1092988] Confirming: 2/9
[4 INFO main 1094491] Verify.Homing -> Scout.Query | Arrived home
[4 INFO main 1094996] Confirming: 3/9
[4 INFO main 1097079] Confirming: 4/9
[4 INFO main 1099157] Confirming: 5/9
[4 INFO main 1101193] Confirming: 6/9
[4 INFO main 1105285] Confirming: 8/9
[4 INFO main 1107336] Confirming: 9/9
[4 INFO main 1107372] Scout.Query -> Verify.DriveTo | Go to unverified source
[4 INFO main 1153892] Verify.DriveTo -> Verify.Homing | Homing
[4 INFO main 1173405] Verify.Homing -> Scout.Query | Arrived home
[4 INFO main 1182640] Confirming: 1/9
[4 INFO main 1184692] Confirming: 2/9
[4 INFO main 1186797] Confirming: 4/9
[4 INFO main 1188898] Confirming: 5/9
[4 INFO main 1190933] Confirming: 6/9
[4 INFO main 1193023] Confirming: 7/9
[4 INFO main 1195061] Confirming: 8/9
[4 INFO main 1199104] Confirming: 10/9
[4 INFO main 1199399] Scout.Query -> Verify.DriveTo | Go to unverified source
[4 INFO main 1240819] Verify.DriveTo -> Verify.Homing | Homing
[4 INFO main 1260297] Verify.Homing -> Scout.Query | Arrived home
[4 INFO main 1271672] Confirming: 1/9
[4 INFO main 1273780] Confirming: 2/9
[4 INFO main 1275910] Confirming: 3/9
[4 INFO main 1277911] Confirming: 4/9
[4 INFO main 1279957] Confirming: 5/9
[4 INFO main 1282005] Confirming: 6/9
[4 INFO main 1284097] Confirming: 7/9
[4 INFO main 1286184] Confirming: 8/9
[4 INFO main 1288276] Confirming: 9/9
[4 INFO main 1288491] Scout.Query -> Verify.DriveTo | Go to unverified source
[4 INFO main 1321549] Verify.DriveTo -> Verify.Homing | Homing
[4 INFO main 1331986] Confirming: 1/9
[4 INFO main 1334079] Confirming: 2/9
[4 INFO main 1336096] Confirming: 3/9
[4 INFO main 1338155] Confirming: 4/9
[4 INFO main 1340162] Confirming: 5/9
[4 INFO main 1342171] Confirming: 6/9
[4 INFO main 1344245] Confirming: 7/9
[4 INFO main 1346314] Confirming: 8/9
[4 INFO main 1348430] Confirming: 9/9
[4 INFO main 1360228] Verify.Homing -> Scout.Query | Arrived home
[4 INFO main 1360407] Scout.Query -> Verify.DriveTo | Go to unverified source
[4 INFO main 1390776] Verify.DriveTo -> Verify.Homing | Homing
[4 INFO main 1412778] Verify.Homing -> Scout.Query | Arrived home
[4 INFO main 1421732] Confirming: 1/9
[4 INFO main 1425856] Confirming: 2/9
[4 INFO main 1427918] Confirming: 4/9
[4 INFO main 1429857] Confirming: 5/9
[4 INFO main 1432052] Confirming: 6/9
[4 INFO main 1434067] Confirming: 7/9
[4 INFO main 1436078] Confirming: 8/9
[4 INFO main 1438082] Confirming: 9/9
[4 INFO main 1438681] Scout.Query -> Verify.DriveTo | Go to unverified source
[4 INFO main 1468459] Verify.DriveTo -> Verify.Homing | Homing
[4 INFO main 1482958] Confirming: 2/9
[4 INFO main 1485081] Confirming: 3/9
[4 INFO main 1487134] Confirming: 4/9
[4 INFO main 1489099] Confirming: 5/9
[4 INFO main 1491230] Confirming: 6/9
[4 INFO main 1493326] Confirming: 7/9
[4 INFO main 1493630] Verify.Homing -> Scout.Query | Arrived home
[4 INFO main 1495344] Confirming: 8/9
[4 INFO main 1497379] Confirming: 9/9
[4 INFO main 1498077] Scout.Query -> Verify.DriveTo | Go to unverified source
[4 INFO main 1570888] Verify.DriveTo -> Verify.Homing | Homing
[4 INFO main 1595529] Verify.Homing -> Scout.Query | Arrived home
[4 INFO main 1601989] Confirming: 1/9
[4 INFO main 1604075] Confirming: 2/9
[4 INFO main 1606093] Confirming: 3/9
[4 INFO main 1608090] Confirming: 4/9
[4 INFO main 1610143] Confirming: 5/9
[4 INFO main 1612274] Confirming: 6/9
[4 INFO main 1614408] Confirming: 7/9
[4 INFO main 1616463] Confirming: 8/9
[4 INFO main 1618543] Confirming: 9/9
[4 INFO main 1618883] Scout.Query -> Verify.DriveTo | Go to unverified source
[4 INFO main 1646510] Verify.DriveTo -> Verify.Homing | Homing
[4 INFO main 1661037] Confirming: 1/9
[4 INFO main 1663064] Confirming: 2/9
[4 INFO main 1665111] Confirming: 3/9
[4 INFO main 1667131] Confirming: 4/9
[4 INFO main 1671007] Verify.Homing -> Scout.Query | Arrived home
[4 INFO main 1671317] Confirming: 5/9
[4 INFO main 1673381] Confirming: 7/9
[4 INFO main 1677534] Confirming: 9/9
[4 INFO main 1678400] Scout.Query -> Verify.DriveTo | Go to unverified source
[4 INFO main 1729922] Verify.DriveTo -> Verify.Homing | Homing
[4 INFO main 1750451] Verify.Homing -> Scout.Query | Arrived home
[4 INFO main 1750744] Confirming: 1/9
[4 INFO main 1752788] Confirming: 2/9
[4 INFO main 1754829] Confirming: 3/9
[4 INFO main 1756865] Confirming: 4/9
[4 INFO main 1760993] Confirming: 6/9
[4 INFO main 1763012] Confirming: 7/9
[4 INFO main 1765246] Confirming: 8/9
[4 INFO main 1767294] Confirming: 9/9
[4 INFO main 1767560] Scout.Query -> Verify.DriveTo | Go to unverified source
