[2 INFO main 28] Initialising Python Geth Console...
[2 INFO main 33] Initialising RandB board...
[2 INFO main 33] Initialising navigation...
[2 INFO main 33] Initialising random-walk...
[2 INFO main 33] Initialising odometry...
[2 INFO main 33] Initialising ground-sensors...
[2 INFO main 797] --//-- Starting Experiment --//--
[2 INFO main 2237] Idle.IDLE -> Scout.Query | Duration: 25.39
[2 INFO main 14996] Scout.Query -> Verify.DriveTo | Go to unverified source
[2 INFO main 68719] Verify.DriveTo -> Verify.Homing | Homing
[2 INFO main 97884] Confirming: 1/9
[2 INFO main 99905] Confirming: 2/9
[2 INFO main 101989] Confirming: 3/9
[2 INFO main 104077] Confirming: 4/9
[2 INFO main 106107] Confirming: 5/9
[2 INFO main 108127] Confirming: 6/9
[2 INFO main 110128] Confirming: 7/9
[2 INFO main 112131] Confirming: 8/9
[2 INFO main 114215] Confirming: 9/9
[2 INFO main 114300] Verify.Homing -> Scout.Query | Arrived home
[2 INFO main 114429] Scout.Query -> Verify.DriveTo | Go to unverified source
[2 INFO main 133527] Verify.DriveTo -> Verify.Homing | Homing
[2 INFO main 147856] Confirming: 1/9
[2 INFO main 150062] Confirming: 2/9
[2 INFO main 152163] Confirming: 3/9
[2 INFO main 153256] Verify.Homing -> Scout.Query | Arrived home
[2 INFO main 154198] Confirming: 4/9
[2 INFO main 156231] Confirming: 5/9
[2 INFO main 158299] Confirming: 6/9
[2 INFO main 160360] Confirming: 7/9
[2 INFO main 162386] Confirming: 8/9
[2 INFO main 164539] Confirming: 9/9
[2 INFO main 164566] Scout.Query -> Verify.DriveTo | Go to unverified source
[2 INFO main 212561] Verify.DriveTo -> Verify.Homing | Homing
[2 INFO main 216754] Confirming: 1/9
[2 INFO main 218846] Confirming: 2/9
[2 INFO main 220896] Confirming: 3/9
[2 INFO main 222934] Confirming: 4/9
[2 INFO main 227136] Confirming: 6/9
[2 INFO main 229218] Confirming: 7/9
[2 INFO main 231259] Confirming: 8/9
[2 INFO main 233515] Confirming: 9/9
[2 INFO main 241600] Verify.Homing -> Scout.Query | Arrived home
[2 INFO main 241926] Scout.Query -> Verify.DriveTo | Go to unverified source
[2 INFO main 282244] Verify.DriveTo -> Verify.Homing | Homing
[2 INFO main 306913] Confirming: 1/9
[2 INFO main 307908] Verify.Homing -> Scout.Query | Arrived home
[2 INFO main 309021] Confirming: 2/9
[2 INFO main 311018] Confirming: 3/9
[2 INFO main 315319] Confirming: 5/9
[2 INFO main 317348] Confirming: 6/9
[2 INFO main 319408] Confirming: 7/9
[2 INFO main 321459] Confirming: 8/9
[2 INFO main 323497] Confirming: 9/9
[2 INFO main 323853] Scout.Query -> Verify.DriveTo | Go to unverified source
[2 INFO main 345970] Verify.DriveTo -> Verify.Homing | Homing
[2 INFO main 366645] Confirming: 1/9
[2 INFO main 368697] Confirming: 2/9
[2 INFO main 372873] Confirming: 4/9
[2 INFO main 374201] Verify.Homing -> Scout.Query | Arrived home
[2 INFO main 374906] Confirming: 5/9
[2 INFO main 377164] Confirming: 6/9
[2 INFO main 385310] Confirming: 10/9
[2 INFO main 385659] Scout.Query -> Verify.DriveTo | Go to unverified source
[2 INFO main 411398] Verify.DriveTo -> Verify.Homing | Homing
[2 INFO main 428187] Confirming: 1/9
[2 INFO main 430288] Confirming: 2/9
[2 INFO main 432448] Confirming: 4/9
[2 INFO main 434526] Confirming: 5/9
[2 INFO main 436249] Verify.Homing -> Scout.Query | Arrived home
[2 INFO main 436549] Confirming: 6/9
[2 INFO main 438577] Confirming: 7/9
[2 INFO main 442742] Confirming: 9/9
[2 INFO main 443414] Scout.Query -> Verify.DriveTo | Go to unverified source
[2 INFO main 483263] Verify.DriveTo -> Verify.Homing | Homing
[2 INFO main 512666] Confirming: 2/9
[2 INFO main 514962] Confirming: 3/9
[2 INFO main 517365] Confirming: 4/9
[2 INFO main 519445] Confirming: 5/9
[2 INFO main 521447] Confirming: 6/9
[2 INFO main 523460] Confirming: 7/9
[2 INFO main 525495] Confirming: 8/9
[2 INFO main 527692] Confirming: 9/9
[2 INFO main 533557] Verify.Homing -> Scout.Query | Arrived home
[2 INFO main 533749] Scout.Query -> Verify.DriveTo | Go to unverified source
[2 INFO main 573222] Verify.DriveTo -> Verify.Homing | Homing
[2 INFO main 577399] Confirming: 1/9
[2 INFO main 579417] Confirming: 2/9
[2 INFO main 581479] Confirming: 3/9
[2 INFO main 583483] Confirming: 4/9
[2 INFO main 585523] Confirming: 5/9
[2 INFO main 587581] Confirming: 6/9
[2 INFO main 589655] Confirming: 7/9
[2 INFO main 591747] Confirming: 8/9
[2 INFO main 593828] Confirming: 9/9
[2 INFO main 603594] Verify.Homing -> Scout.Query | Arrived home
[2 INFO main 603728] Scout.Query -> Verify.DriveTo | Go to unverified source
[2 INFO main 708421] Verify.DriveTo -> Verify.Homing | Homing
[2 INFO main 726986] Confirming: 1/9
[2 INFO main 729251] Confirming: 2/9
[2 INFO main 732134] Verify.Homing -> Scout.Query | Arrived home
[2 INFO main 733343] Confirming: 4/9
[2 INFO main 735389] Confirming: 5/9
[2 INFO main 737429] Confirming: 6/9
[2 INFO main 739499] Confirming: 7/9
[2 INFO main 741593] Confirming: 8/9
[2 INFO main 743604] Confirming: 9/9
[2 INFO main 743795] Scout.Query -> Verify.DriveTo | Go to unverified source
[2 INFO main 781219] Verify.DriveTo -> Verify.Homing | Homing
[2 INFO main 787486] Confirming: 1/9
[2 INFO main 789517] Confirming: 2/9
[2 INFO main 791521] Confirming: 3/9
[2 INFO main 793614] Confirming: 4/9
[2 INFO main 795632] Confirming: 5/9
[2 INFO main 797713] Confirming: 6/9
[2 INFO main 799715] Confirming: 7/9
[2 INFO main 801831] Confirming: 8/9
[2 INFO main 802281] Verify.Homing -> Scout.Query | Arrived home
[2 INFO main 803937] Confirming: 9/9
[2 INFO main 804558] Scout.Query -> Verify.DriveTo | Go to unverified source
[2 INFO main 833167] Verify.DriveTo -> Verify.Homing | Homing
[2 INFO main 847926] Confirming: 1/9
[2 INFO main 850027] Confirming: 2/9
[2 INFO main 852188] Confirming: 3/9
[2 INFO main 854284] Confirming: 4/9
[2 INFO main 856305] Confirming: 5/9
[2 INFO main 858316] Confirming: 6/9
[2 INFO main 858426] Verify.Homing -> Scout.Query | Arrived home
[2 INFO main 860321] Confirming: 7/9
[2 INFO main 862283] Confirming: 8/9
[2 INFO main 864549] Confirming: 9/9
[2 INFO main 864979] Scout.Query -> Verify.DriveTo | Go to unverified source
[2 INFO main 909931] Verify.DriveTo -> Verify.Homing | Homing
[2 INFO main 930643] Confirming: 1/9
[2 INFO main 933498] Verify.Homing -> Scout.Query | Arrived home
[2 INFO main 934955] Confirming: 2/9
[2 INFO main 937053] Confirming: 4/9
[2 INFO main 939099] Confirming: 5/9
[2 INFO main 943178] Confirming: 7/9
[2 INFO main 945372] Confirming: 8/9
[2 INFO main 947387] Confirming: 9/9
[2 INFO main 948028] Scout.Query -> Verify.DriveTo | Go to unverified source
[2 INFO main 984500] Verify.DriveTo -> Verify.Homing | Homing
[2 INFO main 994973] Confirming: 1/9
[2 INFO main 999331] Confirming: 3/9
[2 INFO main 1001428] Confirming: 4/9
[2 INFO main 1003495] Confirming: 5/9
[2 INFO main 1005517] Confirming: 6/9
[2 INFO main 1005518] Verify.Homing -> Scout.Query | Arrived home
[2 INFO main 1007547] Confirming: 7/9
[2 INFO main 1009663] Confirming: 8/9
[2 INFO main 1011768] Confirming: 9/9
[2 INFO main 1012032] Scout.Query -> Verify.DriveTo | Go to unverified source
[2 INFO main 1040536] Verify.DriveTo -> Verify.Homing | Homing
[2 INFO main 1057144] Confirming: 1/9
[2 INFO main 1059196] Confirming: 2/9
[2 INFO main 1061284] Confirming: 3/9
[2 INFO main 1063455] Confirming: 4/9
[2 INFO main 1065530] Confirming: 5/9
[2 INFO main 1067568] Confirming: 6/9
[2 INFO main 1069580] Confirming: 7/9
[2 INFO main 1071583] Confirming: 8/9
[2 INFO main 1073622] Confirming: 9/9
[2 INFO main 1073753] Verify.Homing -> Scout.Query | Arrived home
[2 INFO main 1073944] Scout.Query -> Verify.DriveTo | Go to unverified source
[2 INFO main 1100853] Verify.DriveTo -> Verify.Homing | Homing
[2 INFO main 1117389] Confirming: 1/9
[2 INFO main 1119433] Confirming: 2/9
[2 INFO main 1121459] Confirming: 3/9
[2 INFO main 1123482] Confirming: 4/9
[2 INFO main 1125473] Confirming: 5/9
[2 INFO main 1127601] Confirming: 6/9
[2 INFO main 1129074] Verify.Homing -> Scout.Query | Arrived home
[2 INFO main 1129672] Confirming: 7/9
[2 INFO main 1131725] Confirming: 8/9
[2 INFO main 1133727] Confirming: 9/9
[2 INFO main 1134625] Scout.Query -> Verify.DriveTo | Go to unverified source
[2 INFO main 1173928] Verify.DriveTo -> Verify.Homing | Homing
[2 INFO main 1194302] Verify.Homing -> Scout.Query | Arrived home
[2 INFO main 1207350] Confirming: 1/9
[2 INFO main 1209506] Confirming: 2/9
[2 INFO main 1211574] Confirming: 3/9
[2 INFO main 1213596] Confirming: 4/9
[2 INFO main 1215618] Confirming: 5/9
[2 INFO main 1217681] Confirming: 6/9
[2 INFO main 1219694] Confirming: 7/9
[2 INFO main 1221765] Confirming: 8/9
[2 INFO main 1225791] Confirming: 10/9
[2 INFO main 1225822] Scout.Query -> Verify.DriveTo | Go to unverified source
[2 INFO main 1289800] Verify.DriveTo -> Verify.Homing | Homing
[2 INFO main 1317219] Verify.Homing -> Scout.Query | Arrived home
[2 INFO main 1329104] Confirming: 1/9
[2 INFO main 1331121] Confirming: 2/9
[2 INFO main 1333130] Confirming: 3/9
[2 INFO main 1335217] Confirming: 4/9
[2 INFO main 1337254] Confirming: 5/9
[2 INFO main 1339272] Confirming: 6/9
[2 INFO main 1341317] Confirming: 7/9
[2 INFO main 1343366] Confirming: 8/9
[2 INFO main 1345386] Confirming: 9/9
[2 INFO main 1346294] Scout.Query -> Verify.DriveTo | Go to unverified source
[2 INFO main 1418906] Verify.DriveTo -> Verify.Homing | Homing
[2 INFO main 1444575] Verify.Homing -> Scout.Query | Arrived home
[2 INFO main 1450613] Confirming: 1/9
[2 INFO main 1452651] Confirming: 2/9
[2 INFO main 1454876] Confirming: 4/9
[2 INFO main 1456959] Confirming: 5/9
[2 INFO main 1458964] Confirming: 6/9
[2 INFO main 1463058] Confirming: 8/9
[2 INFO main 1465283] Confirming: 9/9
[2 INFO main 1465654] Scout.Query -> Verify.DriveTo | Go to unverified source
[2 INFO main 1531164] Verify.DriveTo -> Verify.Homing | Homing
[2 INFO main 1560931] Verify.Homing -> Scout.Query | Arrived home
[2 INFO main 1573201] Confirming: 1/9
[2 INFO main 1575210] Confirming: 2/9
[2 INFO main 1577249] Confirming: 3/9
[2 INFO main 1579551] Confirming: 4/9
[2 INFO main 1581646] Confirming: 6/9
[2 INFO main 1583684] Confirming: 7/9
[2 INFO main 1585773] Confirming: 8/9
[2 INFO main 1587799] Confirming: 9/9
[2 INFO main 1588331] Scout.Query -> Verify.DriveTo | Go to unverified source
[2 INFO main 1610634] Verify.DriveTo -> Verify.Homing | Homing
[2 INFO main 1633466] Confirming: 2/9
[2 INFO main 1637456] Confirming: 3/9
[2 INFO main 1639563] Confirming: 5/9
[2 INFO main 1641255] Verify.Homing -> Scout.Query | Arrived home
[2 INFO main 1641608] Confirming: 6/9
[2 INFO main 1645713] Confirming: 8/9
[2 INFO main 1647812] Confirming: 9/9
[2 INFO main 1647849] Scout.Query -> Verify.DriveTo | Go to unverified source
[2 INFO main 1692326] Verify.DriveTo -> Verify.Homing | Homing
[2 INFO main 1715671] Verify.Homing -> Scout.Query | Arrived home
[2 INFO main 1721634] Confirming: 1/9
[2 INFO main 1723672] Confirming: 2/9
[2 INFO main 1725912] Confirming: 4/9
[2 INFO main 1728042] Confirming: 5/9
[2 INFO main 1730095] Confirming: 6/9
[2 INFO main 1734179] Confirming: 8/9
[2 INFO main 1738315] Confirming: 10/9
[2 INFO main 1738913] Scout.Query -> Verify.DriveTo | Go to unverified source
