[5 INFO main 27] Initialising Python Geth Console...
[5 INFO main 32] Initialising RandB board...
[5 INFO main 32] Initialising navigation...
[5 INFO main 32] Initialising random-walk...
[5 INFO main 32] Initialising odometry...
[5 INFO main 32] Initialising ground-sensors...
[5 INFO main 898] --//-- Starting Experiment --//--
[5 INFO main 2326] Idle.IDLE -> Scout.Query | Duration: 28.20
[5 INFO main 21349] Scout.Query -> Verify.DriveTo | Go to unverified source
[5 INFO main 40366] Verify.DriveTo -> Verify.Homing | Homing
[5 INFO main 75676] Verify.Homing -> Scout.Query | Arrived home
[5 INFO main 83949] Confirming: 1/9
[5 INFO main 86033] Confirming: 2/9
[5 INFO main 88091] Confirming: 3/9
[5 INFO main 90118] Confirming: 4/9
[5 INFO main 92187] Confirming: 5/9
[5 INFO main 94295] Confirming: 6/9
[5 INFO main 96324] Confirming: 7/9
[5 INFO main 98331] Confirming: 8/9
[5 INFO main 100366] Confirming: 9/9
[5 INFO main 100713] Scout.Query -> Verify.DriveTo | Go to unverified source
[5 INFO main 117445] Verify.DriveTo -> Verify.Homing | Homing
[5 INFO main 135456] Verify.Homing -> Scout.Query | Arrived home
[5 INFO main 144527] Confirming: 1/9
[5 INFO main 146583] Confirming: 2/9
[5 INFO main 148595] Confirming: 3/9
[5 INFO main 150655] Confirming: 4/9
[5 INFO main 152794] Confirming: 6/9
[5 INFO main 154938] Confirming: 7/9
[5 INFO main 156965] Confirming: 8/9
[5 INFO main 161113] Confirming: 9/9
[5 INFO main 161694] Scout.Query -> Verify.DriveTo | Go to unverified source
[5 INFO main 172127] Verify.DriveTo -> Verify.Homing | Homing
[5 INFO main 199066] Verify.Homing -> Scout.Query | Arrived home
[5 INFO main 203017] Confirming: 1/9
[5 INFO main 205025] Confirming: 2/9
[5 INFO main 207027] Confirming: 3/9
[5 INFO main 211152] Confirming: 4/9
[5 INFO main 213199] Confirming: 6/9
[5 INFO main 215290] Confirming: 7/9
[5 INFO main 217404] Confirming: 8/9
[5 INFO main 219508] Confirming: 9/9
[5 INFO main 220202] Scout.Query -> Verify.DriveTo | Go to unverified source
[5 INFO main 248161] Verify.DriveTo -> Verify.Homing | Homing
[5 INFO main 264638] Confirming: 1/9
[5 INFO main 266220] Verify.Homing -> Scout.Query | Arrived home
[5 INFO main 266825] Confirming: 3/9
[5 INFO main 271098] Confirming: 5/9
[5 INFO main 273201] Confirming: 6/9
[5 INFO main 275209] Confirming: 7/9
[5 INFO main 277209] Confirming: 8/9
[5 INFO main 279224] Confirming: 9/9
[5 INFO main 279984] Scout.Query -> Verify.DriveTo | Go to unverified source
[5 INFO main 298068] Verify.DriveTo -> Verify.Homing | Homing
[5 INFO main 310936] Verify.Homing -> Scout.Query | Arrived home
[5 INFO main 326844] Confirming: 3/9
[5 INFO main 330990] Confirming: 5/9
[5 INFO main 335099] Confirming: 7/9
[5 INFO main 339220] Confirming: 9/9
[5 INFO main 339246] Scout.Query -> Verify.DriveTo | Go to unverified source
[5 INFO main 364849] Verify.DriveTo -> Verify.Homing | Homing
[5 INFO main 383256] Confirming: 1/9
[5 INFO main 385272] Confirming: 2/9
[5 INFO main 387382] Confirming: 3/9
[5 INFO main 389379] Confirming: 4/9
[5 INFO main 391458] Confirming: 5/9
[5 INFO main 392536] Verify.Homing -> Scout.Query | Arrived home
[5 INFO main 393540] Confirming: 6/9
[5 INFO main 395609] Confirming: 7/9
[5 INFO main 397693] Confirming: 8/9
[5 INFO main 399705] Confirming: 9/9
[5 INFO main 400310] Scout.Query -> Verify.DriveTo | Go to unverified source
[5 INFO main 436889] Verify.DriveTo -> Verify.Homing | Homing
[5 INFO main 443208] Confirming: 1/9
[5 INFO main 447251] Confirming: 3/9
[5 INFO main 449272] Confirming: 4/9
[5 INFO main 451442] Confirming: 5/9
[5 INFO main 453521] Confirming: 6/9
[5 INFO main 455574] Confirming: 7/9
[5 INFO main 457605] Confirming: 8/9
[5 INFO main 459630] Confirming: 9/9
[5 INFO main 479104] Verify.Homing -> Scout.Query | Arrived home
[5 INFO main 479235] Scout.Query -> Verify.DriveTo | Go to unverified source
[5 INFO main 505448] Verify.DriveTo -> Verify.Homing | Homing
[5 INFO main 530705] Verify.Homing -> Scout.Query | Arrived home
[5 INFO main 534412] Confirming: 1/9
[5 INFO main 536363] Confirming: 2/9
[5 INFO main 538497] Confirming: 3/9
[5 INFO main 540558] Confirming: 4/9
[5 INFO main 542566] Confirming: 5/9
[5 INFO main 544730] Confirming: 7/9
[5 INFO main 546856] Confirming: 8/9
[5 INFO main 551005] Confirming: 9/9
[5 INFO main 551479] Scout.Query -> Verify.DriveTo | Go to unverified source
[5 INFO main 594623] Verify.DriveTo -> Verify.Homing | Homing
[5 INFO main 619459] Verify.Homing -> Scout.Query | Arrived home
[5 INFO main 625494] Confirming: 1/9
[5 INFO main 627466] Confirming: 2/9
[5 INFO main 629624] Confirming: 3/9
[5 INFO main 631665] Confirming: 4/9
[5 INFO main 634425] Confirming: 6/9
[5 INFO main 636549] Confirming: 7/9
[5 INFO main 638580] Confirming: 8/9
[5 INFO main 640588] Confirming: 9/9
[5 INFO main 640954] Scout.Query -> Verify.DriveTo | Go to unverified source
[5 INFO main 645242] Verify.DriveTo -> Verify.Homing | Homing
[5 INFO main 651637] Verify.Homing -> Scout.Query | Arrived home
[5 INFO main 684902] Confirming: 1/9
[5 INFO main 686925] Confirming: 2/9
[5 INFO main 689294] Confirming: 3/9
[5 INFO main 691322] Confirming: 4/9
[5 INFO main 693418] Confirming: 5/9
[5 INFO main 695477] Confirming: 6/9
[5 INFO main 697511] Confirming: 7/9
[5 INFO main 699606] Confirming: 8/9
[5 INFO main 701686] Confirming: 9/9
[5 INFO main 701726] Scout.Query -> Verify.DriveTo | Go to unverified source
[5 INFO main 751753] Verify.DriveTo -> Verify.Homing | Homing
[5 INFO main 758902] Verify.Homing -> Scout.Query | Arrived home
[5 INFO main 762208] Confirming: 2/9
[5 INFO main 764220] Confirming: 3/9
[5 INFO main 766327] Confirming: 4/9
[5 INFO main 768436] Confirming: 5/9
[5 INFO main 770450] Confirming: 6/9
[5 INFO main 772574] Confirming: 7/9
[5 INFO main 776710] Confirming: 9/9
[5 INFO main 776740] Scout.Query -> Verify.DriveTo | Go to unverified source
[5 INFO main 810687] Verify.DriveTo -> Verify.Homing | Homing
[5 INFO main 834924] Verify.Homing -> Scout.Query | Arrived home
[5 INFO main 835538] Confirming: 1/9
[5 INFO main 837615] Confirming: 2/9
[5 INFO main 839706] Confirming: 3/9
[5 INFO main 841824] Confirming: 4/9
[5 INFO main 843882] Confirming: 5/9
[5 INFO main 845893] Confirming: 6/9
[5 INFO main 847919] Confirming: 7/9
[5 INFO main 849934] Confirming: 9/9
[5 INFO main 850266] Scout.Query -> Verify.DriveTo | Go to unverified source
[5 INFO main 893988] Verify.DriveTo -> Verify.Homing | Homing
[5 INFO main 924597] Verify.Homing -> Scout.Query | Arrived home
[5 INFO main 925138] Confirming: 1/9
[5 INFO main 927218] Confirming: 2/9
[5 INFO main 929247] Confirming: 3/9
[5 INFO main 931327] Confirming: 4/9
[5 INFO main 933423] Confirming: 5/9
[5 INFO main 935490] Confirming: 6/9
[5 INFO main 937503] Confirming: 7/9
[5 INFO main 939575] Confirming: 8/9
[5 INFO main 941660] Confirming: 9/9
[5 INFO main 941899] Scout.Query -> Verify.DriveTo | Go to unverified source
[5 INFO main 1000781] Verify.DriveTo -> Verify.Homing | Homing
[5 INFO main 1015580] Confirming: 1/9
[5 INFO main 1017605] Confirming: 2/9
[5 INFO main 1019686] Confirming: 3/9
[5 INFO main 1021759] Confirming: 4/9
[5 INFO main 1023782] Confirming: 5/9
[5 INFO main 1025829] Confirming: 6/9
[5 INFO main 1027265] Verify.Homing -> Scout.Query | Arrived home
[5 INFO main 1027869] Confirming: 7/9
[5 INFO main 1029886] Confirming: 8/9
[5 INFO main 1031986] Confirming: 10/9
[5 INFO main 1032854] Scout.Query -> Verify.DriveTo | Go to unverified source
[5 INFO main 1076827] Verify.DriveTo -> Verify.Homing | Homing
[5 INFO main 1106061] Confirming: 2/9
[5 INFO main 1108162] Confirming: 3/9
[5 INFO main 1112238] Confirming: 5/9
[5 INFO main 1113846] Verify.Homing -> Scout.Query | Arrived home
[5 INFO main 1114331] Confirming: 6/9
[5 INFO main 1116384] Confirming: 7/9
[5 INFO main 1118468] Confirming: 8/9
[5 INFO main 1120504] Confirming: 9/9
[5 INFO main 1121353] Scout.Query -> Verify.DriveTo | Go to unverified source
[5 INFO main 1170424] Verify.DriveTo -> Verify.Homing | Homing
[5 INFO main 1195474] Confirming: 1/9
[5 INFO main 1197531] Confirming: 2/9
[5 INFO main 1199563] Confirming: 3/9
[5 INFO main 1201614] Confirming: 4/9
[5 INFO main 1203651] Confirming: 5/9
[5 INFO main 1205652] Confirming: 6/9
[5 INFO main 1207740] Confirming: 7/9
[5 INFO main 1208490] Verify.Homing -> Scout.Query | Arrived home
[5 INFO main 1209833] Confirming: 8/9
[5 INFO main 1211849] Confirming: 9/9
[5 INFO main 1211885] Scout.Query -> Verify.DriveTo | Go to unverified source
[5 INFO main 1242498] Verify.DriveTo -> Verify.Homing | Homing
[5 INFO main 1256958] Confirming: 1/9
[5 INFO main 1259049] Confirming: 2/9
[5 INFO main 1261081] Confirming: 3/9
[5 INFO main 1263179] Confirming: 4/9
[5 INFO main 1265224] Confirming: 5/9
[5 INFO main 1267300] Confirming: 6/9
[5 INFO main 1269120] Verify.Homing -> Scout.Query | Arrived home
[5 INFO main 1269322] Confirming: 7/9
[5 INFO main 1271396] Confirming: 8/9
[5 INFO main 1273410] Confirming: 9/9
[5 INFO main 1273550] Scout.Query -> Verify.DriveTo | Go to unverified source
[5 INFO main 1312676] Verify.DriveTo -> Verify.Homing | Homing
[5 INFO main 1334405] Verify.Homing -> Scout.Query | Arrived home
[5 INFO main 1347670] Confirming: 1/9
[5 INFO main 1349684] Confirming: 2/9
[5 INFO main 1351722] Confirming: 4/9
[5 INFO main 1355902] Confirming: 6/9
[5 INFO main 1357918] Confirming: 7/9
[5 INFO main 1359972] Confirming: 8/9
[5 INFO main 1361975] Confirming: 9/9
[5 INFO main 1362552] Scout.Query -> Verify.DriveTo | Go to unverified source
[5 INFO main 1389947] Verify.DriveTo -> Verify.Homing | Homing
[5 INFO main 1406910] Confirming: 1/9
[5 INFO main 1408957] Confirming: 2/9
[5 INFO main 1411017] Confirming: 3/9
[5 INFO main 1412379] Verify.Homing -> Scout.Query | Arrived home
[5 INFO main 1413162] Confirming: 4/9
[5 INFO main 1415325] Confirming: 5/9
[5 INFO main 1417393] Confirming: 6/9
[5 INFO main 1419486] Confirming: 7/9
[5 INFO main 1421545] Confirming: 8/9
[5 INFO main 1423546] Confirming: 9/9
[5 INFO main 1423590] Scout.Query -> Verify.DriveTo | Go to unverified source
[5 INFO main 1457600] Verify.DriveTo -> Verify.Homing | Homing
[5 INFO main 1464154] Confirming: 1/9
[5 INFO main 1466204] Confirming: 3/9
[5 INFO main 1468250] Confirming: 4/9
[5 INFO main 1470341] Confirming: 5/9
[5 INFO main 1472310] Confirming: 6/9
[5 INFO main 1474370] Confirming: 7/9
[5 INFO main 1476697] Confirming: 8/9
[5 INFO main 1478709] Confirming: 9/9
[5 INFO main 1489262] Verify.Homing -> Scout.Query | Arrived home
[5 INFO main 1489445] Scout.Query -> Verify.DriveTo | Go to unverified source
[5 INFO main 1532552] Verify.DriveTo -> Verify.Homing | Homing
[5 INFO main 1557518] Confirming: 1/9
[5 INFO main 1559578] Confirming: 2/9
[5 INFO main 1560644] Verify.Homing -> Scout.Query | Arrived home
[5 INFO main 1561650] Confirming: 3/9
[5 INFO main 1563650] Confirming: 4/9
[5 INFO main 1565742] Confirming: 5/9
[5 INFO main 1567840] Confirming: 6/9
[5 INFO main 1569927] Confirming: 8/9
[5 INFO main 1572096] Confirming: 9/9
[5 INFO main 1572532] Scout.Query -> Verify.DriveTo | Go to unverified source
[5 INFO main 1623333] Verify.DriveTo -> Verify.Homing | Homing
[5 INFO main 1636115] Confirming: 1/9
[5 INFO main 1640217] Confirming: 2/9
[5 INFO main 1642407] Confirming: 4/9
[5 INFO main 1644665] Confirming: 5/9
[5 INFO main 1646667] Confirming: 6/9
[5 INFO main 1647317] Verify.Homing -> Scout.Query | Arrived home
[5 INFO main 1650820] Confirming: 8/9
[5 INFO main 1652828] Confirming: 9/9
[5 INFO main 1652872] Scout.Query -> Verify.DriveTo | Go to unverified source
[5 INFO main 1683501] Verify.DriveTo -> Verify.Homing | Homing
[5 INFO main 1693799] Confirming: 1/9
[5 INFO main 1695759] Confirming: 3/9
[5 INFO main 1699956] Confirming: 4/9
[5 INFO main 1702039] Confirming: 5/9
[5 INFO main 1702303] Verify.Homing -> Scout.Query | Arrived home
[5 INFO main 1704043] Confirming: 6/9
[5 INFO main 1706262] Confirming: 7/9
[5 INFO main 1708352] Confirming: 8/9
[5 INFO main 1710429] Confirming: 9/9
[5 INFO main 1710965] Scout.Query -> Verify.DriveTo | Go to unverified source
[5 INFO main 1764296] Verify.DriveTo -> Verify.Homing | Homing
[5 INFO main 1795197] Verify.Homing -> Scout.Query | Arrived home
[5 INFO main 1797308] Confirming: 1/9
[5 INFO main 1799321] Confirming: 2/9
