[1 INFO main 35] Initialising Python Geth Console...
[1 INFO main 39] Initialising RandB board...
[1 INFO main 39] Initialising navigation...
[1 INFO main 39] Initialising random-walk...
[1 INFO main 39] Initialising odometry...
[1 INFO main 40] Initialising ground-sensors...
[1 INFO main 1323] --//-- Starting Experiment --//--
[1 INFO main 2425] Idle.IDLE -> Scout.Query | Duration: 20.80
[1 INFO main 37630] Confirming: 2/8
[1 INFO main 41734] Confirming: 3/8
[1 INFO main 43754] Confirming: 5/8
[1 INFO main 45782] Confirming: 6/8
[1 INFO main 47829] Confirming: 7/8
[1 INFO main 49914] Confirming: 8/8
[1 INFO main 57017] Scout.Query -> Scout.GotoCenter | Drive to others reported pos
[1 INFO main 271938] Scout.GotoCenter -> Scout.Query | return to random walk
[1 INFO main 294462] Confirming: 1/8
[1 INFO main 296466] Confirming: 2/8
[1 INFO main 298566] Confirming: 3/8
[1 INFO main 300557] Confirming: 4/8
[1 INFO main 302706] Confirming: 5/8
[1 INFO main 304788] Confirming: 7/8
[1 INFO main 308894] Confirming: 8/8
[1 INFO main 449180] Scout.Query -> Scout.GotoCenter | Drive to others reported pos
