[14 INFO main 30] Initialising Python Geth Console...
[14 INFO main 34] Initialising RandB board...
[14 INFO main 34] Initialising navigation...
[14 INFO main 34] Initialising random-walk...
[14 INFO main 34] Initialising odometry...
[14 INFO main 34] Initialising ground-sensors...
[14 INFO main 148] --//-- Starting Experiment --//--
[14 INFO main 1245] Idle.IDLE -> Scout.Query | Duration: 24.58
[14 INFO main 42002] Scout.Query -> Scout.GotoCenter | Drive to others reported pos
[14 INFO main 43203] Scout.GotoCenter -> Scout.Query | return to random walk
[14 INFO main 44005] Scout.Query -> Scout.GotoCenter | Drive to others reported pos
[14 INFO main 52015] Scout.GotoCenter -> Scout.Query | return to random walk
[14 INFO main 52319] Scout.Query -> Scout.GotoCenter | Drive to others reported pos
[14 INFO main 52915] Scout.GotoCenter -> Scout.Query | return to random walk
[14 INFO main 53423] Scout.Query -> Scout.GotoCenter | Drive to others reported pos
[14 INFO main 56422] Scout.GotoCenter -> Scout.Query | return to random walk
[14 INFO main 56628] Scout.Query -> Scout.GotoCenter | Drive to others reported pos
[14 INFO main 59326] Scout.GotoCenter -> Scout.Query | return to random walk
[14 INFO main 59633] Scout.Query -> Scout.GotoCenter | Drive to others reported pos
[14 INFO main 63933] Scout.GotoCenter -> Scout.Query | return to random walk
