[10 INFO main 27] Initialising Python Geth Console...
[10 INFO main 32] Initialising RandB board...
[10 INFO main 32] Initialising navigation...
[10 INFO main 32] Initialising random-walk...
[10 INFO main 32] Initialising odometry...
[10 INFO main 32] Initialising ground-sensors...
[10 INFO main 427] --//-- Starting Experiment --//--
[10 INFO main 1530] Idle.IDLE -> Scout.Query | Duration: 16.85
[10 INFO main 10682] Scout.Query -> Scout.GotoCenter | Drive to others reported pos
[10 INFO main 23150] Scout.GotoCenter -> Scout.Query | return to random walk
[10 INFO main 48885] Scout.Query -> Scout.GotoCenter | Drive to others reported pos
[10 INFO main 124189] Scout.GotoCenter -> Scout.Query | return to random walk
[10 INFO main 175253] Scout.Query -> Scout.GotoCenter | Drive to others reported pos
[10 INFO main 393207] Scout.GotoCenter -> Scout.Query | return to random walk
[10 INFO main 490023] Scout.Query -> Scout.GotoCenter | Drive to others reported pos
[10 INFO main 511734] Scout.GotoCenter -> Scout.Query | return to random walk
[10 INFO main 592953] Scout.Query -> Scout.GotoCenter | Drive to others reported pos
[10 INFO main 654903] Scout.GotoCenter -> Scout.Query | return to random walk
[10 INFO main 700793] Scout.Query -> Scout.GotoCenter | Drive to others reported pos
[10 INFO main 721172] Scout.GotoCenter -> Scout.Query | return to random walk
[10 INFO main 757086] Scout.Query -> Scout.GotoCenter | Drive to others reported pos
[10 INFO main 789719] Scout.GotoCenter -> Scout.Query | return to random walk
[10 INFO main 820375] Scout.Query -> Scout.GotoCenter | Drive to others reported pos
[10 INFO main 834386] Scout.GotoCenter -> Scout.Query | return to random walk
[10 INFO main 875078] Scout.Query -> Scout.GotoCenter | Drive to others reported pos
[10 INFO main 944213] Scout.GotoCenter -> Scout.Query | return to random walk
[10 INFO main 969662] Scout.Query -> Scout.GotoCenter | Drive to others reported pos
[10 INFO main 1014074] Scout.GotoCenter -> Scout.Query | return to random walk
[10 INFO main 1100205] Scout.Query -> Scout.GotoCenter | Drive to others reported pos
[10 INFO main 1112218] Scout.GotoCenter -> Scout.Query | return to random walk
[10 INFO main 1163309] Scout.Query -> Scout.GotoCenter | Drive to others reported pos
