[3 INFO main 33] Initialising Python Geth Console...
[3 INFO main 37] Initialising RandB board...
[3 INFO main 37] Initialising navigation...
[3 INFO main 37] Initialising random-walk...
[3 INFO main 37] Initialising odometry...
[3 INFO main 37] Initialising ground-sensors...
[3 INFO main 702] --//-- Starting Experiment --//--
[3 INFO main 2081] Idle.IDLE -> Scout.Query | Duration: 31.32
[3 INFO main 46289] Scout.Query -> Verify.DriveTo | Go to unverified source
[3 INFO main 93671] Verify.DriveTo -> Verify.Homing | Homing
[3 INFO main 101913] Confirming: 1/9
[3 INFO main 104011] Confirming: 2/9
[3 INFO main 104311] Verify.Homing -> Scout.Query | Arrived home
[3 INFO main 106063] Confirming: 3/9
[3 INFO main 108191] Confirming: 4/9
[3 INFO main 110223] Confirming: 5/9
[3 INFO main 112247] Confirming: 6/9
[3 INFO main 114618] Confirming: 8/9
[3 INFO main 116665] Confirming: 9/9
[3 INFO main 116692] Scout.Query -> Verify.DriveTo | Go to unverified source
[3 INFO main 137726] Verify.DriveTo -> Verify.Homing | Homing
[3 INFO main 152571] Confirming: 1/9
[3 INFO main 154664] Confirming: 2/9
[3 INFO main 156752] Confirming: 3/9
[3 INFO main 158089] Verify.Homing -> Scout.Query | Arrived home
[3 INFO main 158795] Confirming: 4/9
[3 INFO main 160817] Confirming: 5/9
[3 INFO main 162896] Confirming: 6/9
[3 INFO main 164913] Confirming: 7/9
[3 INFO main 166975] Confirming: 8/9
[3 INFO main 169045] Confirming: 9/9
[3 INFO main 169401] Scout.Query -> Verify.DriveTo | Go to unverified source
[3 INFO main 205934] Verify.DriveTo -> Verify.Homing | Homing
[3 INFO main 214545] Confirming: 2/9
[3 INFO main 216640] Confirming: 3/9
[3 INFO main 218719] Confirming: 4/9
[3 INFO main 221044] Confirming: 5/9
[3 INFO main 223067] Confirming: 6/9
[3 INFO main 225110] Confirming: 7/9
[3 INFO main 227090] Confirming: 8/9
[3 INFO main 229207] Confirming: 9/9
[3 INFO main 231142] Verify.Homing -> Scout.Query | Arrived home
[3 INFO main 231417] Scout.Query -> Verify.DriveTo | Go to unverified source
[3 INFO main 265695] Verify.DriveTo -> Verify.Homing | Homing
[3 INFO main 272332] Confirming: 1/9
[3 INFO main 274555] Confirming: 2/9
[3 INFO main 276564] Confirming: 3/9
[3 INFO main 278709] Confirming: 4/9
[3 INFO main 280809] Confirming: 5/9
[3 INFO main 282808] Confirming: 6/9
[3 INFO main 284871] Confirming: 7/9
[3 INFO main 286923] Confirming: 8/9
[3 INFO main 289050] Confirming: 9/9
[3 INFO main 297760] Verify.Homing -> Scout.Query | Arrived home
[3 INFO main 301419] Scout.Query -> Verify.DriveTo | Go to unverified source
[3 INFO main 324839] Verify.DriveTo -> Verify.Homing | Homing
[3 INFO main 333677] Confirming: 1/9
[3 INFO main 334530] Verify.Homing -> Scout.Query | Arrived home
[3 INFO main 335716] Confirming: 2/9
[3 INFO main 337725] Confirming: 3/9
[3 INFO main 339756] Confirming: 4/9
[3 INFO main 341947] Confirming: 5/9
[3 INFO main 344026] Confirming: 6/9
[3 INFO main 346100] Confirming: 7/9
[3 INFO main 348200] Confirming: 8/9
[3 INFO main 350223] Confirming: 9/9
[3 INFO main 351133] Scout.Query -> Verify.DriveTo | Go to unverified source
[3 INFO main 398727] Verify.DriveTo -> Verify.Homing | Homing
[3 INFO main 422447] Verify.Homing -> Scout.Query | Arrived home
[3 INFO main 423830] Confirming: 1/9
[3 INFO main 425912] Confirming: 2/9
[3 INFO main 428163] Confirming: 3/9
[3 INFO main 430147] Confirming: 4/9
[3 INFO main 432275] Confirming: 6/9
[3 INFO main 436334] Confirming: 8/9
[3 INFO main 438545] Confirming: 9/9
[3 INFO main 438630] Scout.Query -> Verify.DriveTo | Go to unverified source
[3 INFO main 486404] Verify.DriveTo -> Verify.Homing | Homing
[3 INFO main 509146] Verify.Homing -> Scout.Query | Arrived home
[3 INFO main 542741] Confirming: 1/9
[3 INFO main 544815] Confirming: 2/9
[3 INFO main 546848] Confirming: 3/9
[3 INFO main 548878] Confirming: 4/9
[3 INFO main 550975] Confirming: 5/9
[3 INFO main 552992] Confirming: 6/9
[3 INFO main 555061] Confirming: 7/9
[3 INFO main 557092] Confirming: 8/9
[3 INFO main 559104] Confirming: 9/9
[3 INFO main 559731] Scout.Query -> Verify.DriveTo | Go to unverified source
[3 INFO main 630267] Verify.DriveTo -> Verify.Homing | Homing
[3 INFO main 663470] Verify.Homing -> Scout.Query | Arrived home
[3 INFO main 663861] Confirming: 1/9
[3 INFO main 665902] Confirming: 2/9
[3 INFO main 667937] Confirming: 3/9
[3 INFO main 670008] Confirming: 4/9
[3 INFO main 672110] Confirming: 5/9
[3 INFO main 674190] Confirming: 6/9
[3 INFO main 676227] Confirming: 7/9
[3 INFO main 678282] Confirming: 9/9
[3 INFO main 679111] Scout.Query -> Verify.DriveTo | Go to unverified source
[3 INFO main 725916] Verify.DriveTo -> Verify.Homing | Homing
[3 INFO main 752860] Confirming: 1/9
[3 INFO main 754970] Confirming: 2/9
[3 INFO main 757067] Confirming: 3/9
[3 INFO main 759145] Confirming: 4/9
[3 INFO main 759627] Verify.Homing -> Scout.Query | Arrived home
[3 INFO main 761164] Confirming: 5/9
[3 INFO main 763243] Confirming: 6/9
[3 INFO main 765318] Confirming: 7/9
[3 INFO main 767374] Confirming: 8/9
[3 INFO main 769444] Confirming: 9/9
[3 INFO main 770076] Scout.Query -> Verify.DriveTo | Go to unverified source
[3 INFO main 843131] Verify.DriveTo -> Verify.Homing | Homing
[3 INFO main 873321] Verify.Homing -> Scout.Query | Arrived home
[3 INFO main 874767] Confirming: 1/9
[3 INFO main 876795] Confirming: 3/9
[3 INFO main 878846] Confirming: 4/9
[3 INFO main 880887] Confirming: 5/9
[3 INFO main 882888] Confirming: 6/9
[3 INFO main 884904] Confirming: 7/9
[3 INFO main 886914] Confirming: 8/9
[3 INFO main 889063] Confirming: 9/9
[3 INFO main 889638] Scout.Query -> Verify.DriveTo | Go to unverified source
[3 INFO main 985802] Verify.DriveTo -> Verify.Homing | Homing
[3 INFO main 994044] Confirming: 1/9
[3 INFO main 996112] Confirming: 2/9
[3 INFO main 998131] Confirming: 3/9
[3 INFO main 1000209] Confirming: 4/9
[3 INFO main 1002275] Confirming: 5/9
[3 INFO main 1004355] Confirming: 6/9
[3 INFO main 1006492] Confirming: 7/9
[3 INFO main 1008612] Confirming: 9/9
[3 INFO main 1032548] Verify.Homing -> Scout.Query | Arrived home
[3 INFO main 1032903] Scout.Query -> Verify.DriveTo | Go to unverified source
[3 INFO main 1069346] Verify.DriveTo -> Verify.Homing | Homing
[3 INFO main 1083974] Confirming: 1/9
[3 INFO main 1085999] Confirming: 2/9
[3 INFO main 1088052] Confirming: 3/9
[3 INFO main 1090054] Confirming: 4/9
[3 INFO main 1092049] Confirming: 5/9
[3 INFO main 1092049] Verify.Homing -> Scout.Query | Arrived home
[3 INFO main 1094271] Confirming: 6/9
[3 INFO main 1096405] Confirming: 8/9
[3 INFO main 1100577] Confirming: 10/9
[3 INFO main 1100611] Scout.Query -> Verify.DriveTo | Go to unverified source
[3 INFO main 1143750] Verify.DriveTo -> Verify.Homing | Homing
[3 INFO main 1172828] Confirming: 1/9
[3 INFO main 1173847] Verify.Homing -> Scout.Query | Arrived home
[3 INFO main 1174852] Confirming: 2/9
[3 INFO main 1177052] Confirming: 3/9
[3 INFO main 1179210] Confirming: 4/9
[3 INFO main 1181257] Confirming: 5/9
[3 INFO main 1183279] Confirming: 6/9
[3 INFO main 1185301] Confirming: 7/9
[3 INFO main 1187427] Confirming: 8/9
[3 INFO main 1189472] Confirming: 9/9
[3 INFO main 1190271] Scout.Query -> Verify.DriveTo | Go to unverified source
[3 INFO main 1244290] Verify.DriveTo -> Verify.Homing | Homing
[3 INFO main 1262739] Confirming: 1/9
[3 INFO main 1264803] Confirming: 2/9
[3 INFO main 1266924] Confirming: 3/9
[3 INFO main 1268944] Confirming: 4/9
[3 INFO main 1271042] Confirming: 5/9
[3 INFO main 1273164] Confirming: 6/9
[3 INFO main 1275227] Confirming: 7/9
[3 INFO main 1277291] Confirming: 8/9
[3 INFO main 1279378] Confirming: 9/9
[3 INFO main 1283036] Verify.Homing -> Scout.Query | Arrived home
[3 INFO main 1283165] Scout.Query -> Verify.DriveTo | Go to unverified source
[3 INFO main 1322923] Verify.DriveTo -> Verify.Homing | Homing
[3 INFO main 1349689] Confirming: 1/9
[3 INFO main 1351727] Confirming: 2/9
[3 INFO main 1353904] Confirming: 3/9
[3 INFO main 1355973] Confirming: 4/9
[3 INFO main 1357991] Confirming: 5/9
[3 INFO main 1360084] Confirming: 6/9
[3 INFO main 1362149] Confirming: 7/9
[3 INFO main 1364160] Confirming: 8/9
[3 INFO main 1366188] Confirming: 9/9
[3 INFO main 1366191] Verify.Homing -> Scout.Query | Arrived home
[3 INFO main 1366522] Scout.Query -> Verify.DriveTo | Go to unverified source
[3 INFO main 1393447] Verify.DriveTo -> Verify.Homing | Homing
[3 INFO main 1414272] Confirming: 1/9
[3 INFO main 1416355] Confirming: 3/9
[3 INFO main 1420766] Confirming: 4/9
[3 INFO main 1420766] Verify.Homing -> Scout.Query | Arrived home
[3 INFO main 1422743] Confirming: 6/9
[3 INFO main 1424895] Confirming: 7/9
[3 INFO main 1427082] Confirming: 8/9
[3 INFO main 1429335] Confirming: 9/9
[3 INFO main 1429587] Scout.Query -> Verify.DriveTo | Go to unverified source
[3 INFO main 1471070] Verify.DriveTo -> Verify.Homing | Homing
[3 INFO main 1496975] Verify.Homing -> Scout.Query | Arrived home
[3 INFO main 1504482] Confirming: 2/9
[3 INFO main 1506749] Confirming: 3/9
[3 INFO main 1508905] Confirming: 4/9
[3 INFO main 1510920] Confirming: 5/9
[3 INFO main 1512929] Confirming: 6/9
[3 INFO main 1515017] Confirming: 7/9
[3 INFO main 1519125] Confirming: 9/9
[3 INFO main 1519797] Scout.Query -> Verify.DriveTo | Go to unverified source
[3 INFO main 1576654] Verify.DriveTo -> Verify.Homing | Homing
[3 INFO main 1593265] Confirming: 1/9
[3 INFO main 1595301] Confirming: 2/9
[3 INFO main 1597308] Confirming: 3/9
[3 INFO main 1599353] Confirming: 4/9
[3 INFO main 1601396] Confirming: 5/9
[3 INFO main 1603437] Confirming: 6/9
[3 INFO main 1604902] Verify.Homing -> Scout.Query | Arrived home
[3 INFO main 1605464] Confirming: 7/9
[3 INFO main 1607517] Confirming: 8/9
[3 INFO main 1609448] Confirming: 9/9
[3 INFO main 1610353] Scout.Query -> Verify.DriveTo | Go to unverified source
[3 INFO main 1636711] Verify.DriveTo -> Verify.Homing | Homing
[3 INFO main 1655453] Confirming: 2/9
[3 INFO main 1657521] Confirming: 3/9
[3 INFO main 1659546] Confirming: 4/9
[3 INFO main 1661928] Verify.Homing -> Scout.Query | Arrived home
[3 INFO main 1663727] Confirming: 6/9
[3 INFO main 1665955] Confirming: 7/9
[3 INFO main 1668016] Confirming: 8/9
[3 INFO main 1670181] Confirming: 9/9
[3 INFO main 1670661] Scout.Query -> Verify.DriveTo | Go to unverified source
[3 INFO main 1695153] Verify.DriveTo -> Verify.Homing | Homing
[3 INFO main 1713797] Confirming: 1/9
[3 INFO main 1714607] Verify.Homing -> Scout.Query | Arrived home
[3 INFO main 1715807] Confirming: 2/9
[3 INFO main 1717859] Confirming: 3/9
[3 INFO main 1719961] Confirming: 4/9
[3 INFO main 1722065] Confirming: 5/9
[3 INFO main 1724086] Confirming: 6/9
[3 INFO main 1726309] Confirming: 8/9
[3 INFO main 1730404] Confirming: 10/9
[3 INFO main 1731057] Scout.Query -> Verify.DriveTo | Go to unverified source
[3 INFO main 1760969] Verify.DriveTo -> Verify.Homing | Homing
[3 INFO main 1773465] Confirming: 1/9
[3 INFO main 1777708] Confirming: 3/9
[3 INFO main 1779765] Confirming: 4/9
[3 INFO main 1781849] Confirming: 5/9
[3 INFO main 1783882] Confirming: 6/9
[3 INFO main 1785967] Confirming: 7/9
[3 INFO main 1788073] Confirming: 8/9
[3 INFO main 1789019] Verify.Homing -> Scout.Query | Arrived home
[3 INFO main 1790162] Confirming: 9/9
[3 INFO main 1790208] Scout.Query -> Verify.DriveTo | Go to unverified source
