[11 INFO main 27] Initialising Python Geth Console...
[11 INFO main 32] Initialising RandB board...
[11 INFO main 32] Initialising navigation...
[11 INFO main 32] Initialising random-walk...
[11 INFO main 32] Initialising odometry...
[11 INFO main 32] Initialising ground-sensors...
[11 INFO main 461] --//-- Starting Experiment --//--
[11 INFO main 1557] Idle.IDLE -> Scout.Query | Duration: 21.33
[11 INFO main 10739] Scout.Query -> Scout.GotoCenter | Drive to others reported pos
[11 INFO main 49962] Scout.GotoCenter -> Scout.Query | return to random walk
[11 INFO main 95798] Scout.Query -> Scout.GotoCenter | Drive to others reported pos
[11 INFO main 138313] Scout.GotoCenter -> Scout.Query | return to random walk
[11 INFO main 184217] Scout.Query -> Scout.GotoCenter | Drive to others reported pos
[11 INFO main 217044] Scout.GotoCenter -> Scout.Query | return to random walk
[11 INFO main 273643] Scout.Query -> Scout.GotoCenter | Drive to others reported pos
[11 INFO main 299742] Scout.GotoCenter -> Scout.Query | return to random walk
[11 INFO main 325146] Scout.Query -> Scout.GotoCenter | Drive to others reported pos
[11 INFO main 344387] Scout.GotoCenter -> Scout.Query | return to random walk
[11 INFO main 374775] Scout.Query -> Scout.GotoCenter | Drive to others reported pos
[11 INFO main 497496] Scout.GotoCenter -> Scout.Query | return to random walk
[11 INFO main 604413] Scout.Query -> Scout.GotoCenter | Drive to others reported pos
[11 INFO main 659956] Scout.GotoCenter -> Scout.Query | return to random walk
[11 INFO main 685324] Scout.Query -> Scout.GotoCenter | Drive to others reported pos
[11 INFO main 749660] Scout.GotoCenter -> Scout.Query | return to random walk
[11 INFO main 800280] Scout.Query -> Scout.GotoCenter | Drive to others reported pos
[11 INFO main 833659] Scout.GotoCenter -> Scout.Query | return to random walk
[11 INFO main 864036] Scout.Query -> Scout.GotoCenter | Drive to others reported pos
[11 INFO main 883938] Scout.GotoCenter -> Scout.Query | return to random walk
