[7 INFO main 43] Initialising Python Geth Console...
[7 INFO main 47] Initialising RandB board...
[7 INFO main 47] Initialising navigation...
[7 INFO main 47] Initialising random-walk...
[7 INFO main 47] Initialising odometry...
[7 INFO main 47] Initialising ground-sensors...
[7 INFO main 932] --//-- Starting Experiment --//--
[7 INFO main 2032] Idle.IDLE -> Scout.Query | Duration: 21.76
[7 INFO main 20761] Scout.Query -> Scout.GotoCenter | Drive to others reported pos
[7 INFO main 22463] Scout.GotoCenter -> Scout.Query | return to random walk
[7 INFO main 22865] Scout.Query -> Scout.GotoCenter | Drive to others reported pos
[7 INFO main 23366] Scout.GotoCenter -> Scout.Query | return to random walk
[7 INFO main 23866] Scout.Query -> Scout.GotoCenter | Drive to others reported pos
[7 INFO main 24566] Scout.GotoCenter -> Scout.Query | return to random walk
[7 INFO main 24967] Scout.Query -> Scout.GotoCenter | Drive to others reported pos
[7 INFO main 25065] Scout.GotoCenter -> Scout.Query | return to random walk
[7 INFO main 26069] Scout.Query -> Scout.GotoCenter | Drive to others reported pos
[7 INFO main 26766] Scout.GotoCenter -> Scout.Query | return to random walk
[7 INFO main 27070] Scout.Query -> Scout.GotoCenter | Drive to others reported pos
[7 INFO main 27469] Scout.GotoCenter -> Scout.Query | return to random walk
[7 INFO main 28072] Scout.Query -> Scout.GotoCenter | Drive to others reported pos
[7 INFO main 30075] Scout.GotoCenter -> Scout.Query | return to random walk
