[4 INFO main 27] Initialising Python Geth Console...
[4 INFO main 32] Initialising RandB board...
[4 INFO main 32] Initialising navigation...
[4 INFO main 32] Initialising random-walk...
[4 INFO main 32] Initialising odometry...
[4 INFO main 32] Initialising ground-sensors...
[4 INFO main 1236] --//-- Starting Experiment --//--
[4 INFO main 2337] Idle.IDLE -> Scout.Query | Duration: 19.69
[4 INFO main 11421] Scout.Query -> Scout.GotoCenter | Drive to others reported pos
[4 INFO main 33887] Scout.GotoCenter -> Scout.Query | return to random walk
[4 INFO main 104602] Scout.Query -> Scout.GotoCenter | Drive to others reported pos
[4 INFO main 152926] Scout.GotoCenter -> Scout.Query | return to random walk
[4 INFO main 193544] Scout.Query -> Scout.GotoCenter | Drive to others reported pos
[4 INFO main 209286] Scout.GotoCenter -> Scout.Query | return to random walk
[4 INFO main 254648] Scout.Query -> Scout.GotoCenter | Drive to others reported pos
[4 INFO main 271594] Scout.GotoCenter -> Scout.Query | return to random walk
[4 INFO main 292239] Scout.Query -> Scout.GotoCenter | Drive to others reported pos
[4 INFO main 323143] Scout.GotoCenter -> Scout.Query | return to random walk
[4 INFO main 383932] Scout.Query -> Scout.GotoCenter | Drive to others reported pos
[4 INFO main 423211] Scout.GotoCenter -> Scout.Query | return to random walk
[4 INFO main 483997] Scout.Query -> Scout.GotoCenter | Drive to others reported pos
[4 INFO main 524891] Scout.GotoCenter -> Scout.Query | return to random walk
[4 INFO main 560466] Scout.Query -> Scout.GotoCenter | Drive to others reported pos
[4 INFO main 575998] Scout.GotoCenter -> Scout.Query | return to random walk
[4 INFO main 646892] Scout.Query -> Scout.GotoCenter | Drive to others reported pos
[4 INFO main 682334] Scout.GotoCenter -> Scout.Query | return to random walk
[4 INFO main 728082] Scout.Query -> Scout.GotoCenter | Drive to others reported pos
[4 INFO main 754432] Scout.GotoCenter -> Scout.Query | return to random walk
