[INFO main 27] Initialising peer buffer...
[INFO main 27] Initialising resource buffer...
[INFO main 27] Initialising TCP server...
[INFO main 27] Initialising RandB board...
[INFO main 27] Initialising ground-sensors...
[INFO main 27] Initialising random-walk...
[INFO main 811] --//-- Starting Experiment --//--
[INFO main 22935] Added resource: {"x": 1.02, "y": 0.94, "radius": 0.05, "quantity": 1, "quality": "blue", "timeStamp": 0}
[INFO main 41257] Removed resource: {"x": 1.02, "y": 0.94, "radius": 0.05, "quantity": 1, "quality": "blue", "timeStamp": 0}
[INFO main 45561] Added resource: {"x": 0.93, "y": 0.76, "radius": 0.05, "quantity": 1, "quality": "red", "timeStamp": 0}
[INFO main 139870] Added resource: {"x": 0.65, "y": 1.03, "radius": 0.05, "quantity": 1, "quality": "green", "timeStamp": 0}
[INFO main 198639] Removed resource: {"x": 0.65, "y": 1.03, "radius": 0.05, "quantity": 1, "quality": "green", "timeStamp": 0}
[INFO main 221765] Added resource: {"x": 0.95, "y": 0.39, "radius": 0.05, "quantity": 1, "quality": "green", "timeStamp": 0}
[INFO main 223465] Added resource: {"x": 0.82, "y": 0.42, "radius": 0.05, "quantity": 1, "quality": "blue", "timeStamp": 0}
[INFO main 225768] Added resource: {"x": 0.74, "y": 0.33, "radius": 0.04, "quantity": 1, "quality": "yellow", "timeStamp": 0}
[INFO main 263910] Removed resource: {"x": 0.74, "y": 0.33, "radius": 0.04, "quantity": 1, "quality": "yellow", "timeStamp": 0}
[INFO main 282835] Removed resource: {"x": 0.82, "y": 0.42, "radius": 0.05, "quantity": 1, "quality": "blue", "timeStamp": 0}
[INFO main 285837] Added resource: {"x": 0.71, "y": 0.32, "radius": 0.05, "quantity": 1, "quality": "green", "timeStamp": 0}
[INFO main 337292] Added resource: {"x": 0.44, "y": 0.44, "radius": 0.05, "quantity": 1, "quality": "green", "timeStamp": 0}
[INFO main 354413] Removed resource: {"x": 0.44, "y": 0.44, "radius": 0.05, "quantity": 1, "quality": "green", "timeStamp": 0}
[INFO main 361318] Added resource: {"x": 0.58, "y": 0.75, "radius": 0.05, "quantity": 1, "quality": "blue", "timeStamp": 0}
[INFO main 394154] Added resource: {"x": -0.62, "y": 0.2, "radius": 0.05, "quantity": 1, "quality": "blue", "timeStamp": 0}
[INFO main 409384] Added resource: {"x": -0.09, "y": 0.33, "radius": 0.05, "quantity": 1, "quality": "blue", "timeStamp": 0}
[INFO main 436102] Removed resource: {"x": -0.09, "y": 0.33, "radius": 0.05, "quantity": 1, "quality": "blue", "timeStamp": 0}
[INFO main 444010] Added resource: {"x": -0.24, "y": 0.63, "radius": 0.05, "quantity": 1, "quality": "blue", "timeStamp": 0}
[INFO main 465143] Removed resource: {"x": -0.62, "y": 0.2, "radius": 0.05, "quantity": 1, "quality": "blue", "timeStamp": 0}
[INFO main 478349] Added resource: {"x": -1.24, "y": 0.03, "radius": 0.04, "quantity": 1, "quality": "blue", "timeStamp": 0}
[INFO main 538923] Removed resource: {"x": -0.24, "y": 0.63, "radius": 0.05, "quantity": 1, "quality": "blue", "timeStamp": 0}
[INFO main 591881] Added resource: {"x": -0.63, "y": 1.01, "radius": 0.04, "quantity": 1, "quality": "green", "timeStamp": 0}
