[9 INFO main 30] Initialising Python Geth Console...
[9 INFO main 34] Initialising RandB board...
[9 INFO main 34] Initialising navigation...
[9 INFO main 34] Initialising random-walk...
[9 INFO main 34] Initialising odometry...
[9 INFO main 34] Initialising ground-sensors...
[9 INFO main 816] --//-- Starting Experiment --//--
[9 INFO main 1916] Idle.IDLE -> Scout.Query | Duration: 22.31
[9 INFO main 7024] Scout.Query -> Scout.GotoCenter | Drive to others reported pos
[9 INFO main 8125] Scout.GotoCenter -> Scout.Query | return to random walk
[9 INFO main 21443] Scout.Query -> Scout.GotoCenter | Drive to others reported pos
[9 INFO main 29253] Scout.GotoCenter -> Scout.Query | return to random walk
[9 INFO main 72513] Scout.Query -> Scout.GotoCenter | Drive to others reported pos
[9 INFO main 77822] Scout.GotoCenter -> Scout.Query | return to random walk
[9 INFO main 98352] Scout.Query -> Scout.GotoCenter | Drive to others reported pos
[9 INFO main 106255] Scout.GotoCenter -> Scout.Query | return to random walk
[9 INFO main 136699] Scout.Query -> Scout.GotoCenter | Drive to others reported pos
[9 INFO main 140398] Scout.GotoCenter -> Scout.Query | return to random walk
[9 INFO main 143903] Scout.Query -> Scout.GotoCenter | Drive to others reported pos
[9 INFO main 144805] Scout.GotoCenter -> Scout.Query | return to random walk
