[9 INFO main 30] Initialising Python Geth Console...
[9 INFO main 33] Initialising RandB board...
[9 INFO main 34] Initialising navigation...
[9 INFO main 34] Initialising random-walk...
[9 INFO main 34] Initialising odometry...
[9 INFO main 34] Initialising ground-sensors...
[9 INFO main 460] --//-- Starting Experiment --//--
[9 INFO main 1559] Idle.IDLE -> Scout.Query | Duration: 16.60
[9 INFO main 5674] Scout.Query -> Scout.GotoCenter | Drive to others reported pos
[9 INFO main 7571] Scout.GotoCenter -> Scout.Query | return to random walk
[9 INFO main 7774] Scout.Query -> Scout.GotoCenter | Drive to others reported pos
[9 INFO main 10270] Scout.GotoCenter -> Scout.Query | return to random walk
[9 INFO main 10878] Scout.Query -> Scout.GotoCenter | Drive to others reported pos
[9 INFO main 11973] Scout.GotoCenter -> Scout.Query | return to random walk
[9 INFO main 12979] Scout.Query -> Scout.GotoCenter | Drive to others reported pos
[9 INFO main 13177] Scout.GotoCenter -> Scout.Query | return to random walk
[9 INFO main 13981] Scout.Query -> Scout.GotoCenter | Drive to others reported pos
[9 INFO main 15680] Scout.GotoCenter -> Scout.Query | return to random walk
[9 INFO main 16082] Scout.Query -> Scout.GotoCenter | Drive to others reported pos
[9 INFO main 16584] Scout.GotoCenter -> Scout.Query | return to random walk
[9 INFO main 17085] Scout.Query -> Scout.GotoCenter | Drive to others reported pos
[9 INFO main 17782] Scout.GotoCenter -> Scout.Query | return to random walk
[9 INFO main 18088] Scout.Query -> Scout.GotoCenter | Drive to others reported pos
[9 INFO main 18182] Scout.GotoCenter -> Scout.Query | return to random walk
[9 INFO main 19089] Scout.Query -> Scout.GotoCenter | Drive to others reported pos
[9 INFO main 19384] Scout.GotoCenter -> Scout.Query | return to random walk
[9 INFO main 20187] Scout.Query -> Scout.GotoCenter | Drive to others reported pos
[9 INFO main 23588] Scout.GotoCenter -> Scout.Query | return to random walk
[9 INFO main 24292] Scout.Query -> Scout.GotoCenter | Drive to others reported pos
[9 INFO main 25295] Scout.GotoCenter -> Scout.Query | return to random walk
[9 INFO main 26298] Scout.Query -> Scout.GotoCenter | Drive to others reported pos
[9 INFO main 26693] Scout.GotoCenter -> Scout.Query | return to random walk
[9 INFO main 27299] Scout.Query -> Scout.GotoCenter | Drive to others reported pos
[9 INFO main 27394] Scout.GotoCenter -> Scout.Query | return to random walk
[9 INFO main 28301] Scout.Query -> Scout.GotoCenter | Drive to others reported pos
[9 INFO main 29301] Scout.GotoCenter -> Scout.Query | return to random walk
[9 INFO main 30303] Scout.Query -> Scout.GotoCenter | Drive to others reported pos
[9 INFO main 31100] Scout.GotoCenter -> Scout.Query | return to random walk
