[7 INFO main 29] Initialising Python Geth Console...
[7 INFO main 33] Initialising RandB board...
[7 INFO main 33] Initialising navigation...
[7 INFO main 33] Initialising random-walk...
[7 INFO main 33] Initialising odometry...
[7 INFO main 33] Initialising ground-sensors...
[7 INFO main 851] --//-- Starting Experiment --//--
[7 INFO main 1955] Idle.IDLE -> Scout.Query | Duration: 21.19
[7 INFO main 80656] Scout.Query -> Scout.GotoCenter | Drive to others reported pos
[7 INFO main 87267] Scout.GotoCenter -> Scout.Query | return to random walk
[7 INFO main 88769] Scout.Query -> Scout.GotoCenter | Drive to others reported pos
[7 INFO main 91575] Scout.GotoCenter -> Scout.Query | return to random walk
[7 INFO main 112396] Scout.Query -> Scout.GotoCenter | Drive to others reported pos
[7 INFO main 125418] Scout.GotoCenter -> Scout.Query | return to random walk
[7 INFO main 130023] Scout.Query -> Scout.GotoCenter | Drive to others reported pos
[7 INFO main 133425] Scout.GotoCenter -> Scout.Query | return to random walk
[7 INFO main 166971] Scout.Query -> Scout.GotoCenter | Drive to others reported pos
[7 INFO main 171776] Scout.GotoCenter -> Scout.Query | return to random walk
[7 INFO main 207423] Scout.Query -> Scout.GotoCenter | Drive to others reported pos
[7 INFO main 212828] Scout.GotoCenter -> Scout.Query | return to random walk
[7 INFO main 247572] Scout.Query -> Scout.GotoCenter | Drive to others reported pos
[7 INFO main 271006] Scout.GotoCenter -> Scout.Query | return to random walk
[7 INFO main 278912] Scout.Query -> Scout.GotoCenter | Drive to others reported pos
[7 INFO main 280720] Scout.GotoCenter -> Scout.Query | return to random walk
[7 INFO main 334083] Scout.Query -> Scout.GotoCenter | Drive to others reported pos
[7 INFO main 340392] Scout.GotoCenter -> Scout.Query | Back to normal
[7 INFO main 342096] Scout.Query -> Scout.GotoCenter | Drive to others reported pos
[7 INFO main 356709] Scout.GotoCenter -> Scout.Query | return to random walk
