[9 INFO main 27] Initialising Python Geth Console...
[9 INFO main 32] Initialising RandB board...
[9 INFO main 32] Initialising navigation...
[9 INFO main 32] Initialising random-walk...
[9 INFO main 32] Initialising odometry...
[9 INFO main 32] Initialising ground-sensors...
[9 INFO main 393] --//-- Starting Experiment --//--
[9 INFO main 1819] Idle.IDLE -> Scout.Query | Duration: 30.87
[9 INFO main 5192] Scout.Query -> Scout.PrepSend | Homing
[9 INFO main 5390] Scout.PrepSend -> Verify.Homing | Homing
[9 INFO main 24351] Verify.Homing -> Scout.Query | Arrived home
[9 INFO main 28816] Confirming: 1/9
[9 INFO main 30891] Confirming: 2/9
[9 INFO main 35069] Confirming: 4/9
[9 INFO main 37138] Confirming: 5/9
[9 INFO main 39191] Confirming: 6/9
[9 INFO main 41225] Confirming: 7/9
[9 INFO main 45340] Confirming: 9/9
[9 INFO main 45451] Scout.Query -> Verify.DriveTo | Go to unverified source
[9 INFO main 112013] Verify.DriveTo -> Verify.Homing | Homing
[9 INFO main 126603] Confirming: 1/9
[9 INFO main 128661] Confirming: 2/9
[9 INFO main 132812] Confirming: 3/9
[9 INFO main 134858] Confirming: 5/9
[9 INFO main 136972] Confirming: 6/9
[9 INFO main 138977] Confirming: 7/9
[9 INFO main 141087] Confirming: 8/9
[9 INFO main 145149] Confirming: 9/9
[9 INFO main 149584] Verify.Homing -> Scout.Query | Arrived home
[9 INFO main 149949] Scout.Query -> Verify.DriveTo | Go to unverified source
[9 INFO main 186201] Verify.DriveTo -> Verify.Homing | Homing
[9 INFO main 204260] Verify.Homing -> Scout.Query | Arrived home
[9 INFO main 211444] Confirming: 1/9
[9 INFO main 213500] Confirming: 2/9
[9 INFO main 215521] Confirming: 3/9
[9 INFO main 217774] Confirming: 4/9
[9 INFO main 219824] Confirming: 5/9
[9 INFO main 221884] Confirming: 6/9
[9 INFO main 223900] Confirming: 7/9
[9 INFO main 225912] Confirming: 8/9
[9 INFO main 228120] Confirming: 9/9
[9 INFO main 228146] Scout.Query -> Verify.DriveTo | Go to unverified source
[9 INFO main 270173] Verify.DriveTo -> Verify.Homing | Homing
[9 INFO main 289249] Verify.Homing -> Scout.Query | Arrived home
[9 INFO main 301221] Confirming: 1/9
[9 INFO main 303284] Confirming: 2/9
[9 INFO main 305353] Confirming: 3/9
[9 INFO main 307443] Confirming: 4/9
[9 INFO main 309521] Confirming: 5/9
[9 INFO main 311521] Confirming: 6/9
[9 INFO main 313525] Confirming: 7/9
[9 INFO main 315555] Confirming: 8/9
[9 INFO main 317616] Confirming: 9/9
[9 INFO main 317967] Scout.Query -> Verify.DriveTo | Go to unverified source
[9 INFO main 337424] Verify.DriveTo -> Verify.Homing | Homing
[9 INFO main 353559] Verify.Homing -> Scout.Query | Arrived home
[9 INFO main 362604] Confirming: 1/9
[9 INFO main 364648] Confirming: 3/9
[9 INFO main 368899] Confirming: 5/9
[9 INFO main 373022] Confirming: 7/9
[9 INFO main 374989] Confirming: 8/9
[9 INFO main 377179] Confirming: 9/9
[9 INFO main 377993] Scout.Query -> Verify.DriveTo | Go to unverified source
[9 INFO main 403407] Verify.DriveTo -> Verify.Homing | Homing
[9 INFO main 422338] Confirming: 1/9
[9 INFO main 424134] Verify.Homing -> Scout.Query | Arrived home
[9 INFO main 424348] Confirming: 2/9
[9 INFO main 426368] Confirming: 3/9
[9 INFO main 428393] Confirming: 4/9
[9 INFO main 430448] Confirming: 5/9
[9 INFO main 432477] Confirming: 6/9
[9 INFO main 434517] Confirming: 8/9
[9 INFO main 436616] Confirming: 9/9
[9 INFO main 436779] Scout.Query -> Verify.DriveTo | Go to unverified source
[9 INFO main 468208] Verify.DriveTo -> Verify.Homing | Homing
[9 INFO main 486611] Verify.Homing -> Scout.Query | Arrived home
[9 INFO main 503299] Confirming: 1/9
[9 INFO main 505481] Confirming: 2/9
[9 INFO main 507560] Confirming: 3/9
[9 INFO main 511805] Confirming: 5/9
[9 INFO main 514004] Confirming: 6/9
[9 INFO main 516054] Confirming: 7/9
[9 INFO main 518150] Confirming: 8/9
[9 INFO main 520191] Confirming: 9/9
[9 INFO main 520778] Scout.Query -> Verify.DriveTo | Go to unverified source
[9 INFO main 572517] Verify.DriveTo -> Verify.Homing | Homing
[9 INFO main 592230] Verify.Homing -> Scout.Query | Arrived home
[9 INFO main 603758] Confirming: 2/9
[9 INFO main 605773] Confirming: 3/9
[9 INFO main 607767] Confirming: 4/9
[9 INFO main 609826] Confirming: 5/9
[9 INFO main 611936] Confirming: 6/9
[9 INFO main 613949] Confirming: 7/9
[9 INFO main 615998] Confirming: 8/9
[9 INFO main 618092] Confirming: 9/9
[9 INFO main 618756] Scout.Query -> Verify.DriveTo | Go to unverified source
[9 INFO main 635933] Verify.DriveTo -> Verify.Homing | Homing
[9 INFO main 660888] Confirming: 1/9
[9 INFO main 663006] Confirming: 2/9
[9 INFO main 667146] Confirming: 4/9
[9 INFO main 669162] Confirming: 5/9
[9 INFO main 671223] Confirming: 6/9
[9 INFO main 671426] Verify.Homing -> Scout.Query | Arrived home
[9 INFO main 673352] Confirming: 7/9
[9 INFO main 677453] Confirming: 9/9
[9 INFO main 678092] Scout.Query -> Verify.DriveTo | Go to unverified source
[9 INFO main 708125] Verify.DriveTo -> Verify.Homing | Homing
[9 INFO main 722645] Confirming: 2/9
[9 INFO main 724749] Confirming: 3/9
[9 INFO main 726165] Verify.Homing -> Scout.Query | Arrived home
[9 INFO main 726753] Confirming: 4/9
[9 INFO main 728811] Confirming: 5/9
[9 INFO main 731009] Confirming: 6/9
[9 INFO main 735055] Confirming: 7/9
[9 INFO main 737160] Confirming: 8/9
[9 INFO main 739160] Confirming: 10/9
[9 INFO main 739716] Scout.Query -> Verify.DriveTo | Go to unverified source
[9 INFO main 786877] Verify.DriveTo -> Verify.Homing | Homing
[9 INFO main 811928] Confirming: 1/9
[9 INFO main 812698] Verify.Homing -> Scout.Query | Arrived home
[9 INFO main 813995] Confirming: 2/9
[9 INFO main 816088] Confirming: 3/9
[9 INFO main 818224] Confirming: 4/9
[9 INFO main 820284] Confirming: 5/9
[9 INFO main 822371] Confirming: 6/9
[9 INFO main 824376] Confirming: 7/9
[9 INFO main 826396] Confirming: 8/9
[9 INFO main 828400] Confirming: 9/9
[9 INFO main 829173] Scout.Query -> Verify.DriveTo | Go to unverified source
[9 INFO main 931689] Verify.DriveTo -> Verify.Homing | Homing
[9 INFO main 950720] Confirming: 1/9
[9 INFO main 952839] Confirming: 2/9
[9 INFO main 953410] Verify.Homing -> Scout.Query | Arrived home
[9 INFO main 954924] Confirming: 4/9
[9 INFO main 956961] Confirming: 5/9
[9 INFO main 961097] Confirming: 7/9
[9 INFO main 965141] Confirming: 9/9
[9 INFO main 965776] Scout.Query -> Verify.DriveTo | Go to unverified source
[9 INFO main 1028452] Verify.DriveTo -> Verify.Homing | Homing
[9 INFO main 1047705] Verify.Homing -> Scout.Query | Arrived home
[9 INFO main 1051209] Confirming: 1/9
[9 INFO main 1053196] Confirming: 2/9
[9 INFO main 1055251] Confirming: 3/9
[9 INFO main 1057448] Confirming: 4/9
[9 INFO main 1059516] Confirming: 5/9
[9 INFO main 1061552] Confirming: 6/9
[9 INFO main 1063656] Confirming: 7/9
[9 INFO main 1065741] Confirming: 8/9
[9 INFO main 1067777] Confirming: 9/9
[9 INFO main 1068439] Scout.Query -> Verify.DriveTo | Go to unverified source
[9 INFO main 1101914] Verify.DriveTo -> Verify.Homing | Homing
[9 INFO main 1130733] Verify.Homing -> Scout.Query | Arrived home
[9 INFO main 1135400] Confirming: 1/9
[9 INFO main 1137505] Confirming: 2/9
[9 INFO main 1139560] Confirming: 3/9
[9 INFO main 1143743] Confirming: 5/9
[9 INFO main 1145849] Confirming: 6/9
[9 INFO main 1147898] Confirming: 7/9
[9 INFO main 1149937] Confirming: 8/9
[9 INFO main 1151975] Confirming: 9/9
[9 INFO main 1152453] Scout.Query -> Verify.DriveTo | Go to unverified source
[9 INFO main 1205323] Verify.DriveTo -> Verify.Homing | Homing
[9 INFO main 1216945] Verify.Homing -> Scout.Query | Arrived home
[9 INFO main 1238432] Confirming: 2/9
[9 INFO main 1240500] Confirming: 4/9
[9 INFO main 1244740] Confirming: 6/9
[9 INFO main 1246748] Confirming: 7/9
[9 INFO main 1248758] Confirming: 8/9
[9 INFO main 1252862] Confirming: 9/9
[9 INFO main 1253563] Scout.Query -> Verify.DriveTo | Go to unverified source
[9 INFO main 1287902] Verify.DriveTo -> Verify.Homing | Homing
[9 INFO main 1306842] Verify.Homing -> Scout.Query | Arrived home
[9 INFO main 1321217] Confirming: 1/9
[9 INFO main 1323222] Confirming: 2/9
[9 INFO main 1325232] Confirming: 3/9
[9 INFO main 1327252] Confirming: 4/9
[9 INFO main 1329262] Confirming: 5/9
[9 INFO main 1331269] Confirming: 6/9
[9 INFO main 1333438] Confirming: 7/9
[9 INFO main 1335477] Confirming: 8/9
[9 INFO main 1337557] Confirming: 9/9
[9 INFO main 1338271] Scout.Query -> Verify.DriveTo | Go to unverified source
[9 INFO main 1356655] Verify.DriveTo -> Verify.Homing | Homing
[9 INFO main 1376925] Verify.Homing -> Scout.Query | Arrived home
[9 INFO main 1381795] Confirming: 1/9
[9 INFO main 1383817] Confirming: 2/9
[9 INFO main 1386005] Confirming: 3/9
[9 INFO main 1388036] Confirming: 4/9
[9 INFO main 1390102] Confirming: 5/9
[9 INFO main 1392188] Confirming: 6/9
[9 INFO main 1394271] Confirming: 7/9
[9 INFO main 1396344] Confirming: 8/9
[9 INFO main 1398497] Confirming: 10/9
[9 INFO main 1399263] Scout.Query -> Verify.DriveTo | Go to unverified source
[9 INFO main 1420817] Verify.DriveTo -> Verify.Homing | Homing
[9 INFO main 1433199] Confirming: 1/9
[9 INFO main 1433489] Verify.Homing -> Scout.Query | Arrived home
[9 INFO main 1435199] Confirming: 2/9
[9 INFO main 1437259] Confirming: 3/9
[9 INFO main 1439385] Confirming: 4/9
[9 INFO main 1441396] Confirming: 5/9
[9 INFO main 1443509] Confirming: 6/9
[9 INFO main 1445600] Confirming: 7/9
[9 INFO main 1449615] Confirming: 9/9
[9 INFO main 1450217] Scout.Query -> Verify.DriveTo | Go to unverified source
[9 INFO main 1551817] Verify.DriveTo -> Verify.Homing | Homing
[9 INFO main 1568941] Verify.Homing -> Scout.Query | Arrived home
[9 INFO main 1572464] Confirming: 1/9
[9 INFO main 1574493] Confirming: 2/9
[9 INFO main 1576567] Confirming: 3/9
[9 INFO main 1578591] Confirming: 5/9
[9 INFO main 1580619] Confirming: 6/9
[9 INFO main 1584744] Confirming: 8/9
[9 INFO main 1588944] Confirming: 10/9
[9 INFO main 1589729] Scout.Query -> Verify.DriveTo | Go to unverified source
[9 INFO main 1645281] Verify.DriveTo -> Verify.Homing | Homing
[9 INFO main 1651585] Confirming: 1/9
[9 INFO main 1653615] Confirming: 2/9
[9 INFO main 1655622] Confirming: 3/9
[9 INFO main 1658041] Confirming: 4/9
[9 INFO main 1660044] Confirming: 5/9
[9 INFO main 1662159] Confirming: 6/9
[9 INFO main 1664197] Confirming: 7/9
[9 INFO main 1666245] Confirming: 8/9
[9 INFO main 1668256] Confirming: 9/9
[9 INFO main 1683226] Verify.Homing -> Scout.Query | Arrived home
[9 INFO main 1683425] Scout.Query -> Verify.DriveTo | Go to unverified source
[9 INFO main 1752840] Verify.DriveTo -> Verify.Homing | Homing
[9 INFO main 1771883] Confirming: 1/9
[9 INFO main 1773643] Verify.Homing -> Scout.Query | Arrived home
[9 INFO main 1773947] Confirming: 2/9
[9 INFO main 1776032] Confirming: 3/9
[9 INFO main 1778065] Confirming: 4/9
[9 INFO main 1780161] Confirming: 5/9
[9 INFO main 1782275] Confirming: 6/9
[9 INFO main 1784395] Confirming: 7/9
[9 INFO main 1786598] Confirming: 8/9
[9 INFO main 1788737] Confirming: 9/9
[9 INFO main 1788784] Scout.Query -> Verify.DriveTo | Go to unverified source
[9 INFO main 1848460] Verify.DriveTo -> Verify.Homing | Homing
[9 INFO main 1869796] Verify.Homing -> Scout.Query | Arrived home
[9 INFO main 1893555] Confirming: 2/9
[9 INFO main 1895626] Confirming: 3/9
[9 INFO main 1897706] Confirming: 4/9
[9 INFO main 1902060] Confirming: 6/9
[9 INFO main 1904163] Confirming: 7/9
[9 INFO main 1906265] Confirming: 8/9
[9 INFO main 1910374] Confirming: 10/9
[9 INFO main 1911210] Scout.Query -> Verify.DriveTo | Go to unverified source
[9 INFO main 1916161] Verify.DriveTo -> Verify.Homing | Homing
[9 INFO main 1922428] Confirming: 1/9
[9 INFO main 1924528] Confirming: 2/9
[9 INFO main 1926634] Confirming: 3/9
[9 INFO main 1928665] Confirming: 4/9
[9 INFO main 1930686] Confirming: 5/9
[9 INFO main 1932689] Confirming: 6/9
[9 INFO main 1934768] Confirming: 7/9
[9 INFO main 1936825] Confirming: 8/9
[9 INFO main 1938890] Confirming: 9/9
[9 INFO main 1945295] Verify.Homing -> Scout.Query | Arrived home
[9 INFO main 1945432] Scout.Query -> Verify.DriveTo | Go to unverified source
[9 INFO main 1986221] Verify.DriveTo -> Verify.Homing | Homing
[9 INFO main 2004852] Verify.Homing -> Scout.Query | Arrived home
[9 INFO main 2013479] Confirming: 1/9
[9 INFO main 2015560] Confirming: 3/9
[9 INFO main 2017674] Confirming: 4/9
[9 INFO main 2019740] Confirming: 5/9
[9 INFO main 2021760] Confirming: 6/9
[9 INFO main 2025889] Confirming: 7/9
[9 INFO main 2027982] Confirming: 9/9
[9 INFO main 2028371] Scout.Query -> Verify.DriveTo | Go to unverified source
[9 INFO main 2089650] Verify.DriveTo -> Verify.Homing | Homing
[9 INFO main 2102317] Confirming: 1/9
[9 INFO main 2103253] Verify.Homing -> Scout.Query | Arrived home
[9 INFO main 2104419] Confirming: 2/9
[9 INFO main 2106505] Confirming: 3/9
[9 INFO main 2108557] Confirming: 4/9
[9 INFO main 2110565] Confirming: 5/9
[9 INFO main 2112630] Confirming: 6/9
[9 INFO main 2114692] Confirming: 7/9
[9 INFO main 2116712] Confirming: 8/9
[9 INFO main 2118783] Confirming: 9/9
[9 INFO main 2119387] Scout.Query -> Verify.DriveTo | Go to unverified source
[9 INFO main 2291193] Verify.DriveTo -> Verify.Homing | Homing
[9 INFO main 2311987] Confirming: 1/9
[9 INFO main 2313990] Confirming: 2/9
[9 INFO main 2315993] Confirming: 3/9
[9 INFO main 2318004] Confirming: 4/9
[9 INFO main 2318868] Verify.Homing -> Scout.Query | Arrived home
[9 INFO main 2320157] Confirming: 5/9
[9 INFO main 2322193] Confirming: 6/9
[9 INFO main 2324216] Confirming: 7/9
[9 INFO main 2326278] Confirming: 8/9
[9 INFO main 2328301] Confirming: 9/9
[9 INFO main 2328730] Scout.Query -> Verify.DriveTo | Go to unverified source
[9 INFO main 2389246] Verify.DriveTo -> Verify.Homing | Homing
[9 INFO main 2401592] Confirming: 1/9
[9 INFO main 2403643] Confirming: 2/9
[9 INFO main 2405808] Confirming: 3/9
[9 INFO main 2405808] Verify.Homing -> Scout.Query | Arrived home
[9 INFO main 2409994] Confirming: 5/9
[9 INFO main 2412078] Confirming: 6/9
[9 INFO main 2414115] Confirming: 7/9
[9 INFO main 2416134] Confirming: 8/9
[9 INFO main 2418161] Confirming: 9/9
[9 INFO main 2418702] Scout.Query -> Verify.DriveTo | Go to unverified source
[9 INFO main 2450595] Verify.DriveTo -> Verify.Homing | Homing
[9 INFO main 2461488] Confirming: 1/9
[9 INFO main 2463655] Confirming: 2/9
[9 INFO main 2465797] Confirming: 3/9
[9 INFO main 2467868] Confirming: 4/9
[9 INFO main 2472040] Confirming: 6/9
[9 INFO main 2473526] Verify.Homing -> Scout.Query | Arrived home
[9 INFO main 2474124] Confirming: 7/9
[9 INFO main 2476290] Confirming: 8/9
[9 INFO main 2478361] Confirming: 9/9
[9 INFO main 2479374] Scout.Query -> Verify.DriveTo | Go to unverified source
[9 INFO main 2534562] Verify.DriveTo -> Verify.Homing | Homing
[9 INFO main 2549297] Verify.Homing -> Scout.Query | Arrived home
[9 INFO main 2553053] Confirming: 1/9
[9 INFO main 2555161] Confirming: 2/9
[9 INFO main 2557432] Confirming: 3/9
[9 INFO main 2559434] Confirming: 4/9
[9 INFO main 2561528] Confirming: 5/9
[9 INFO main 2563550] Confirming: 6/9
[9 INFO main 2565560] Confirming: 8/9
[9 INFO main 2567745] Confirming: 9/9
[9 INFO main 2567793] Scout.Query -> Verify.DriveTo | Go to unverified source
[9 INFO main 2632897] Verify.DriveTo -> Verify.Homing | Homing
[9 INFO main 2643642] Confirming: 2/9
[9 INFO main 2645680] Confirming: 3/9
[9 INFO main 2647800] Confirming: 4/9
[9 INFO main 2650309] Confirming: 5/9
[9 INFO main 2652680] Confirming: 6/9
[9 INFO main 2654916] Confirming: 7/9
[9 INFO main 2656961] Confirming: 8/9
[9 INFO main 2658977] Confirming: 9/9
[9 INFO main 2669732] Verify.Homing -> Scout.Query | Arrived home
[9 INFO main 2669875] Scout.Query -> Verify.DriveTo | Go to unverified source
[9 INFO main 2767281] Verify.DriveTo -> Verify.Homing | Homing
[9 INFO main 2778094] Confirming: 2/9
[9 INFO main 2780151] Confirming: 3/9
[9 INFO main 2782160] Confirming: 4/9
[9 INFO main 2784159] Confirming: 5/9
[9 INFO main 2786401] Confirming: 6/9
[9 INFO main 2788412] Confirming: 7/9
[9 INFO main 2790732] Confirming: 8/9
[9 INFO main 2792810] Confirming: 9/9
[9 INFO main 2799619] Verify.Homing -> Scout.Query | Arrived home
[9 INFO main 2799719] Scout.Query -> Verify.DriveTo | Go to unverified source
[9 INFO main 2845429] Verify.DriveTo -> Verify.Homing | Homing
[9 INFO main 2851565] Confirming: 1/9
[9 INFO main 2854011] Confirming: 2/9
[9 INFO main 2856059] Confirming: 3/9
[9 INFO main 2858215] Confirming: 4/9
[9 INFO main 2860223] Confirming: 5/9
[9 INFO main 2862364] Confirming: 6/9
[9 INFO main 2864545] Confirming: 7/9
[9 INFO main 2866642] Confirming: 8/9
[9 INFO main 2868677] Confirming: 9/9
[9 INFO main 2886993] Verify.Homing -> Scout.Query | Arrived home
[9 INFO main 2887247] Scout.Query -> Verify.DriveTo | Go to unverified source
[9 INFO main 2931641] Verify.DriveTo -> Verify.Homing | Homing
[9 INFO main 2942004] Confirming: 1/9
[9 INFO main 2944048] Confirming: 2/9
[9 INFO main 2946113] Confirming: 3/9
[9 INFO main 2948215] Confirming: 4/9
[9 INFO main 2950600] Confirming: 5/9
[9 INFO main 2952617] Confirming: 6/9
[9 INFO main 2953018] Verify.Homing -> Scout.Query | Arrived home
[9 INFO main 2954743] Confirming: 7/9
[9 INFO main 2957193] Confirming: 8/9
[9 INFO main 2959266] Confirming: 9/9
[9 INFO main 2960018] Scout.Query -> Verify.DriveTo | Go to unverified source
[9 INFO main 2994617] Verify.DriveTo -> Verify.Homing | Homing
[9 INFO main 3004108] Confirming: 2/9
[9 INFO main 3006107] Confirming: 3/9
[9 INFO main 3008124] Confirming: 4/9
[9 INFO main 3010258] Confirming: 5/9
[9 INFO main 3012321] Confirming: 6/9
[9 INFO main 3014798] Confirming: 7/9
[9 INFO main 3016831] Confirming: 8/9
[9 INFO main 3019305] Confirming: 9/9
[9 INFO main 3027344] Verify.Homing -> Scout.Query | Arrived home
[9 INFO main 3027577] Scout.Query -> Verify.DriveTo | Go to unverified source
[9 INFO main 3093958] Verify.DriveTo -> Verify.Homing | Homing
[9 INFO main 3121879] Confirming: 1/9
[9 INFO main 3123923] Confirming: 2/9
[9 INFO main 3125984] Confirming: 3/9
[9 INFO main 3128209] Confirming: 4/9
[9 INFO main 3130237] Confirming: 5/9
[9 INFO main 3131606] Verify.Homing -> Scout.Query | Arrived home
[9 INFO main 3132261] Confirming: 6/9
[9 INFO main 3134311] Confirming: 7/9
[9 INFO main 3136456] Confirming: 8/9
[9 INFO main 3138461] Confirming: 9/9
[9 INFO main 3138641] Scout.Query -> Verify.DriveTo | Go to unverified source
[9 INFO main 3161749] Verify.DriveTo -> Verify.Homing | Homing
[9 INFO main 3182414] Verify.Homing -> Scout.Query | Arrived home
[9 INFO main 3182820] Confirming: 1/9
[9 INFO main 3184935] Confirming: 2/9
[9 INFO main 3186953] Confirming: 3/9
[9 INFO main 3188985] Confirming: 4/9
[9 INFO main 3191187] Confirming: 5/9
[9 INFO main 3193259] Confirming: 6/9
[9 INFO main 3195488] Confirming: 8/9
[9 INFO main 3199560] Confirming: 10/9
[9 INFO main 3200543] Scout.Query -> Verify.DriveTo | Go to unverified source
[9 INFO main 3242774] Verify.DriveTo -> Verify.Homing | Homing
[9 INFO main 3265752] Verify.Homing -> Scout.Query | Arrived home
[9 INFO main 3272105] Confirming: 1/9
[9 INFO main 3274486] Confirming: 2/9
[9 INFO main 3276518] Confirming: 3/9
[9 INFO main 3278821] Confirming: 4/9
[9 INFO main 3280844] Confirming: 5/9
[9 INFO main 3282903] Confirming: 6/9
[9 INFO main 3285052] Confirming: 7/9
[9 INFO main 3287119] Confirming: 8/9
[9 INFO main 3289187] Confirming: 9/9
[9 INFO main 3289243] Scout.Query -> Verify.DriveTo | Go to unverified source
[9 INFO main 3327433] Verify.DriveTo -> Verify.Homing | Homing
[9 INFO main 3331853] Confirming: 1/9
[9 INFO main 3334507] Verify.Homing -> Scout.Query | Arrived home
[9 INFO main 3336011] Confirming: 3/9
[9 INFO main 3338101] Confirming: 4/9
[9 INFO main 3340189] Confirming: 5/9
[9 INFO main 3342284] Confirming: 6/9
[9 INFO main 3344326] Confirming: 7/9
[9 INFO main 3346725] Confirming: 8/9
[9 INFO main 3348809] Confirming: 9/9
[9 INFO main 3348898] Scout.Query -> Verify.DriveTo | Go to unverified source
[9 INFO main 3399760] Verify.DriveTo -> Verify.Homing | Homing
[9 INFO main 3421859] Confirming: 1/9
[9 INFO main 3423978] Confirming: 2/9
[9 INFO main 3426014] Confirming: 3/9
[9 INFO main 3428226] Confirming: 4/9
[9 INFO main 3430253] Confirming: 5/9
[9 INFO main 3431126] Verify.Homing -> Scout.Query | Arrived home
[9 INFO main 3432280] Confirming: 6/9
[9 INFO main 3434292] Confirming: 7/9
[9 INFO main 3436378] Confirming: 8/9
[9 INFO main 3438504] Confirming: 9/9
[9 INFO main 3439103] Scout.Query -> Verify.DriveTo | Go to unverified source
[9 INFO main 3500197] Verify.DriveTo -> Verify.Homing | Homing
[9 INFO main 3513600] Confirming: 1/9
[9 INFO main 3515621] Confirming: 3/9
[9 INFO main 3517726] Confirming: 4/9
[9 INFO main 3521969] Confirming: 6/9
[9 INFO main 3526087] Confirming: 8/9
[9 INFO main 3528169] Confirming: 9/9
[9 INFO main 3548892] Verify.Homing -> Scout.Query | Arrived home
[9 INFO main 3549120] Scout.Query -> Verify.DriveTo | Go to unverified source
[9 INFO main 3583971] Verify.DriveTo -> Verify.Homing | Homing
[9 INFO main 3603826] Confirming: 1/9
[9 INFO main 3605862] Confirming: 3/9
[9 INFO main 3609872] Confirming: 5/9
[9 INFO main 3613970] Confirming: 7/9
[9 INFO main 3616027] Confirming: 8/9
[9 INFO main 3620262] Confirming: 10/9
[9 INFO main 3626091] Verify.Homing -> Scout.Query | Arrived home
[9 INFO main 3626248] Scout.Query -> Verify.DriveTo | Go to unverified source
[9 INFO main 3666762] Verify.DriveTo -> Verify.Homing | Homing
[9 INFO main 3688741] Confirming: 2/9
[9 INFO main 3690774] Confirming: 3/9
[9 INFO main 3692800] Confirming: 4/9
[9 INFO main 3697013] Confirming: 6/9
[9 INFO main 3699087] Confirming: 7/9
[9 INFO main 3701118] Confirming: 8/9
[9 INFO main 3702841] Verify.Homing -> Scout.Query | Arrived home
[9 INFO main 3703445] Confirming: 9/9
[9 INFO main 3703506] Scout.Query -> Verify.DriveTo | Go to unverified source
[9 INFO main 3739141] Verify.DriveTo -> Verify.Homing | Homing
[9 INFO main 3753583] Confirming: 1/9
[9 INFO main 3755668] Confirming: 2/9
[9 INFO main 3757668] Confirming: 3/9
[9 INFO main 3759725] Confirming: 4/9
[9 INFO main 3761745] Confirming: 5/9
[9 INFO main 3763770] Confirming: 6/9
[9 INFO main 3764551] Verify.Homing -> Scout.Query | Arrived home
[9 INFO main 3765801] Confirming: 7/9
[9 INFO main 3767932] Confirming: 8/9
[9 INFO main 3770317] Confirming: 9/9
[9 INFO main 3770375] Scout.Query -> Verify.DriveTo | Go to unverified source
[9 INFO main 3810542] Verify.DriveTo -> Verify.Homing | Homing
[9 INFO main 3840265] Verify.Homing -> Scout.Query | Arrived home
[9 INFO main 3842820] Confirming: 1/9
[9 INFO main 3846943] Confirming: 3/9
[9 INFO main 3849008] Confirming: 4/9
[9 INFO main 3851190] Confirming: 5/9
[9 INFO main 3853376] Confirming: 6/9
[9 INFO main 3855648] Confirming: 7/9
[9 INFO main 3858362] Confirming: 8/9
[9 INFO main 3860444] Confirming: 9/9
[9 INFO main 3861325] Scout.Query -> Verify.DriveTo | Go to unverified source
[9 INFO main 3953404] Verify.DriveTo -> Verify.Homing | Homing
[9 INFO main 3963964] Confirming: 1/9
[9 INFO main 3966185] Confirming: 2/9
[9 INFO main 3968237] Confirming: 3/9
[9 INFO main 3970475] Confirming: 4/9
[9 INFO main 3972509] Confirming: 5/9
[9 INFO main 3974595] Confirming: 7/9
[9 INFO main 3976622] Confirming: 8/9
[9 INFO main 3978673] Confirming: 9/9
[9 INFO main 3988874] Verify.Homing -> Scout.Query | Arrived home
[9 INFO main 3989602] Scout.Query -> Verify.DriveTo | Go to unverified source
[9 INFO main 4140841] Verify.DriveTo -> Verify.Homing | Homing
[9 INFO main 4174737] Confirming: 2/9
[9 INFO main 4176794] Confirming: 3/9
[9 INFO main 4179181] Confirming: 4/9
[9 INFO main 4181197] Confirming: 5/9
[9 INFO main 4183364] Confirming: 6/9
[9 INFO main 4185422] Confirming: 7/9
[9 INFO main 4187480] Confirming: 8/9
[9 INFO main 4190172] Confirming: 9/9
[9 INFO main 4193823] Verify.Homing -> Scout.Query | Arrived home
[9 INFO main 4194115] Scout.Query -> Verify.DriveTo | Go to unverified source
[9 INFO main 4284292] Verify.DriveTo -> Verify.Homing | Homing
[9 INFO main 4293200] Confirming: 1/9
[9 INFO main 4295445] Confirming: 2/9
[9 INFO main 4297476] Confirming: 3/9
[9 INFO main 4299500] Confirming: 4/9
[9 INFO main 4301618] Confirming: 5/9
[9 INFO main 4303842] Confirming: 6/9
[9 INFO main 4305942] Confirming: 7/9
[9 INFO main 4307996] Confirming: 8/9
[9 INFO main 4310137] Confirming: 9/9
[9 INFO main 4317570] Verify.Homing -> Scout.Query | Arrived home
[9 INFO main 4317791] Scout.Query -> Verify.DriveTo | Go to unverified source
[9 INFO main 4459022] Verify.DriveTo -> Verify.Homing | Homing
[9 INFO main 4473697] Confirming: 1/9
[9 INFO main 4475736] Confirming: 2/9
[9 INFO main 4477769] Confirming: 3/9
[9 INFO main 4480059] Confirming: 4/9
[9 INFO main 4482121] Confirming: 5/9
[9 INFO main 4484146] Confirming: 6/9
[9 INFO main 4486218] Confirming: 7/9
[9 INFO main 4488397] Confirming: 8/9
[9 INFO main 4490537] Confirming: 10/9
[9 INFO main 4526190] Verify.Homing -> Scout.Query | Arrived home
[9 INFO main 4526366] Scout.Query -> Verify.DriveTo | Go to unverified source
[9 INFO main 4561376] Verify.DriveTo -> Verify.Homing | Homing
[9 INFO main 4593109] Confirming: 1/9
[9 INFO main 4595182] Confirming: 2/9
[9 INFO main 4597192] Confirming: 3/9
[9 INFO main 4599281] Confirming: 4/9
[9 INFO main 4599967] Verify.Homing -> Scout.Query | Arrived home
[9 INFO main 4601424] Confirming: 5/9
[9 INFO main 4603502] Confirming: 6/9
[9 INFO main 4605601] Confirming: 7/9
[9 INFO main 4607669] Confirming: 8/9
[9 INFO main 4609704] Confirming: 9/9
[9 INFO main 4610240] Scout.Query -> Verify.DriveTo | Go to unverified source
[9 INFO main 4676015] Verify.DriveTo -> Verify.Homing | Homing
[9 INFO main 4682506] Confirming: 1/9
[9 INFO main 4684601] Confirming: 2/9
[9 INFO main 4686608] Confirming: 3/9
[9 INFO main 4688628] Confirming: 4/9
[9 INFO main 4690878] Confirming: 5/9
[9 INFO main 4692998] Confirming: 6/9
[9 INFO main 4695182] Confirming: 7/9
[9 INFO main 4697192] Confirming: 8/9
[9 INFO main 4699284] Confirming: 9/9
[9 INFO main 4699467] Verify.Homing -> Scout.Query | Arrived home
[9 INFO main 4699716] Scout.Query -> Verify.DriveTo | Go to unverified source
[9 INFO main 4797651] Verify.DriveTo -> Verify.Homing | Homing
[9 INFO main 4820716] Verify.Homing -> Scout.Query | Arrived home
[9 INFO main 4863486] Confirming: 1/9
[9 INFO main 4865992] Confirming: 2/9
[9 INFO main 4867997] Confirming: 3/9
[9 INFO main 4870063] Confirming: 4/9
[9 INFO main 4872077] Confirming: 5/9
[9 INFO main 4874542] Confirming: 7/9
[9 INFO main 4876940] Confirming: 8/9
[9 INFO main 4879270] Confirming: 9/9
[9 INFO main 4879334] Scout.Query -> Verify.DriveTo | Go to unverified source
[9 INFO main 4965083] Verify.DriveTo -> Verify.Homing | Homing
[9 INFO main 4982621] Confirming: 1/9
[9 INFO main 4984621] Confirming: 2/9
[9 INFO main 4986739] Confirming: 3/9
[9 INFO main 4988884] Confirming: 4/9
[9 INFO main 4990956] Confirming: 5/9
[9 INFO main 4993024] Confirming: 6/9
[9 INFO main 4995100] Confirming: 7/9
[9 INFO main 4997251] Confirming: 8/9
[9 INFO main 4999267] Confirming: 9/9
[9 INFO main 5005144] Verify.Homing -> Scout.Query | Arrived home
[9 INFO main 5005374] Scout.Query -> Verify.DriveTo | Go to unverified source
[9 INFO main 5086703] Verify.DriveTo -> Verify.Homing | Homing
[9 INFO main 5104226] Confirming: 1/9
[9 INFO main 5106296] Confirming: 2/9
[9 INFO main 5108298] Confirming: 3/9
[9 INFO main 5110512] Confirming: 5/9
[9 INFO main 5112548] Confirming: 6/9
[9 INFO main 5114928] Confirming: 7/9
[9 INFO main 5116957] Confirming: 8/9
[9 INFO main 5119141] Confirming: 9/9
[9 INFO main 5129506] Verify.Homing -> Scout.Query | Arrived home
[9 INFO main 5129843] Scout.Query -> Verify.DriveTo | Go to unverified source
[9 INFO main 5371645] Verify.DriveTo -> Verify.Homing | Homing
[9 INFO main 5399072] Confirming: 1/9
