[7 INFO main 50] Initialising Python Geth Console...
[7 INFO main 54] Initialising RandB board...
[7 INFO main 54] Initialising navigation...
[7 INFO main 54] Initialising random-walk...
[7 INFO main 54] Initialising odometry...
[7 INFO main 54] Initialising ground-sensors...
[7 INFO main 631] --//-- Starting Experiment --//--
[7 INFO main 2028] Idle.IDLE -> Scout.Query | Duration: 25.69
[7 INFO main 14852] Scout.Query -> Verify.DriveTo | Go to unverified source
[7 INFO main 28163] Verify.DriveTo -> Verify.Homing | Homing
[7 INFO main 55290] Confirming: 1/9
[7 INFO main 57221] Confirming: 2/9
[7 INFO main 59332] Confirming: 3/9
[7 INFO main 61341] Confirming: 4/9
[7 INFO main 63419] Confirming: 5/9
[7 INFO main 65475] Confirming: 6/9
[7 INFO main 67546] Confirming: 7/9
[7 INFO main 69612] Confirming: 8/9
[7 INFO main 70039] Verify.Homing -> Scout.Query | Arrived home
[7 INFO main 71653] Confirming: 9/9
[7 INFO main 72704] Scout.Query -> Verify.DriveTo | Go to unverified source
[7 INFO main 148034] Verify.DriveTo -> Verify.Homing | Homing
[7 INFO main 175501] Confirming: 1/9
[7 INFO main 177572] Confirming: 2/9
[7 INFO main 179571] Confirming: 3/9
[7 INFO main 181765] Confirming: 4/9
[7 INFO main 183820] Confirming: 5/9
[7 INFO main 185947] Confirming: 6/9
[7 INFO main 187995] Confirming: 7/9
[7 INFO main 190003] Confirming: 8/9
[7 INFO main 192100] Confirming: 9/9
[7 INFO main 196673] Verify.Homing -> Scout.Query | Arrived home
[7 INFO main 196949] Scout.Query -> Verify.DriveTo | Go to unverified source
[7 INFO main 228542] Verify.DriveTo -> Verify.Homing | Homing
[7 INFO main 234914] Confirming: 1/9
[7 INFO main 237000] Confirming: 2/9
[7 INFO main 239031] Confirming: 3/9
[7 INFO main 241128] Confirming: 4/9
[7 INFO main 243340] Confirming: 5/9
[7 INFO main 243457] Verify.Homing -> Scout.Query | Arrived home
[7 INFO main 245356] Confirming: 6/9
[7 INFO main 247367] Confirming: 7/9
[7 INFO main 249424] Confirming: 8/9
[7 INFO main 251480] Confirming: 9/9
[7 INFO main 252041] Scout.Query -> Verify.DriveTo | Go to unverified source
[7 INFO main 329943] Verify.DriveTo -> Verify.Homing | Homing
[7 INFO main 353013] Verify.Homing -> Scout.Query | Arrived home
[7 INFO main 355260] Confirming: 1/9
[7 INFO main 357431] Confirming: 2/9
[7 INFO main 361531] Confirming: 4/9
[7 INFO main 365764] Confirming: 6/9
[7 INFO main 367811] Confirming: 7/9
[7 INFO main 369907] Confirming: 8/9
[7 INFO main 371949] Confirming: 9/9
[7 INFO main 372355] Scout.Query -> Verify.DriveTo | Go to unverified source
[7 INFO main 401694] Verify.DriveTo -> Verify.Homing | Homing
[7 INFO main 414273] Confirming: 1/9
[7 INFO main 418260] Verify.Homing -> Scout.Query | Arrived home
[7 INFO main 422775] Confirming: 2/9
[7 INFO main 424884] Confirming: 3/9
[7 INFO main 426916] Confirming: 4/9
[7 INFO main 428975] Confirming: 5/9
[7 INFO main 430994] Confirming: 6/9
[7 INFO main 435196] Confirming: 8/9
[7 INFO main 437267] Confirming: 9/9
[7 INFO main 437283] Scout.Query -> Verify.DriveTo | Go to unverified source
[7 INFO main 472216] Verify.DriveTo -> Verify.Homing | Homing
[7 INFO main 487931] Verify.Homing -> Scout.Query | Arrived home
[7 INFO main 505633] Confirming: 1/9
[7 INFO main 507655] Confirming: 2/9
[7 INFO main 509718] Confirming: 3/9
[7 INFO main 511801] Confirming: 4/9
[7 INFO main 513883] Confirming: 5/9
[7 INFO main 515912] Confirming: 6/9
[7 INFO main 517935] Confirming: 7/9
[7 INFO main 519979] Confirming: 8/9
[7 INFO main 522222] Confirming: 9/9
[7 INFO main 522388] Scout.Query -> Verify.DriveTo | Go to unverified source
[7 INFO main 589596] Verify.DriveTo -> Verify.Homing | Homing
[7 INFO main 595856] Confirming: 1/9
[7 INFO main 597950] Confirming: 2/9
[7 INFO main 599999] Confirming: 3/9
[7 INFO main 602002] Confirming: 4/9
[7 INFO main 604062] Confirming: 5/9
[7 INFO main 606063] Confirming: 6/9
[7 INFO main 608108] Confirming: 7/9
[7 INFO main 610368] Confirming: 8/9
[7 INFO main 612440] Confirming: 9/9
[7 INFO main 614870] Verify.Homing -> Scout.Query | Arrived home
[7 INFO main 615091] Scout.Query -> Verify.DriveTo | Go to unverified source
[7 INFO main 658551] Verify.DriveTo -> Verify.Homing | Homing
[7 INFO main 676689] Verify.Homing -> Scout.Query | Arrived home
[7 INFO main 685501] Confirming: 1/9
[7 INFO main 687522] Confirming: 2/9
[7 INFO main 691633] Confirming: 4/9
[7 INFO main 693801] Confirming: 5/9
[7 INFO main 695832] Confirming: 6/9
[7 INFO main 697948] Confirming: 7/9
[7 INFO main 699991] Confirming: 8/9
[7 INFO main 702063] Confirming: 9/9
[7 INFO main 702872] Scout.Query -> Verify.DriveTo | Go to unverified source
[7 INFO main 749909] Verify.DriveTo -> Verify.Homing | Homing
[7 INFO main 775453] Confirming: 1/9
[7 INFO main 777146] Verify.Homing -> Scout.Query | Arrived home
[7 INFO main 777466] Confirming: 2/9
[7 INFO main 779511] Confirming: 3/9
[7 INFO main 781572] Confirming: 4/9
[7 INFO main 783644] Confirming: 5/9
[7 INFO main 785833] Confirming: 6/9
[7 INFO main 787882] Confirming: 7/9
[7 INFO main 789935] Confirming: 8/9
[7 INFO main 792012] Confirming: 9/9
[7 INFO main 792686] Scout.Query -> Verify.DriveTo | Go to unverified source
[7 INFO main 842406] Verify.DriveTo -> Verify.Homing | Homing
[7 INFO main 863564] Confirming: 1/9
[7 INFO main 864128] Verify.Homing -> Scout.Query | Arrived home
[7 INFO main 865650] Confirming: 2/9
[7 INFO main 867682] Confirming: 3/9
[7 INFO main 869816] Confirming: 4/9
[7 INFO main 871872] Confirming: 5/9
[7 INFO main 873916] Confirming: 6/9
[7 INFO main 875993] Confirming: 7/9
[7 INFO main 878032] Confirming: 8/9
[7 INFO main 880101] Confirming: 9/9
[7 INFO main 880129] Scout.Query -> Verify.DriveTo | Go to unverified source
[7 INFO main 971976] Verify.DriveTo -> Verify.Homing | Homing
[7 INFO main 984560] Confirming: 1/9
[7 INFO main 988637] Confirming: 2/9
[7 INFO main 990718] Confirming: 3/9
[7 INFO main 992738] Confirming: 5/9
[7 INFO main 994825] Confirming: 6/9
[7 INFO main 996878] Confirming: 7/9
[7 INFO main 998973] Confirming: 8/9
[7 INFO main 1003045] Confirming: 9/9
[7 INFO main 1016853] Verify.Homing -> Scout.Query | Arrived home
[7 INFO main 1016969] Scout.Query -> Verify.DriveTo | Go to unverified source
[7 INFO main 1047388] Verify.DriveTo -> Verify.Homing | Homing
[7 INFO main 1068750] Verify.Homing -> Scout.Query | Arrived home
[7 INFO main 1105244] Confirming: 1/9
[7 INFO main 1107435] Confirming: 2/9
[7 INFO main 1109475] Confirming: 3/9
[7 INFO main 1111545] Confirming: 4/9
[7 INFO main 1113679] Confirming: 5/9
[7 INFO main 1115733] Confirming: 6/9
[7 INFO main 1117729] Confirming: 7/9
[7 INFO main 1119754] Confirming: 8/9
[7 INFO main 1121779] Confirming: 9/9
[7 INFO main 1121997] Scout.Query -> Verify.DriveTo | Go to unverified source
[7 INFO main 1202532] Verify.DriveTo -> Verify.Homing | Homing
[7 INFO main 1220226] Verify.Homing -> Scout.Query | Arrived home
[7 INFO main 1225500] Confirming: 1/9
[7 INFO main 1229540] Confirming: 3/9
[7 INFO main 1231627] Confirming: 4/9
[7 INFO main 1233678] Confirming: 5/9
[7 INFO main 1235790] Confirming: 6/9
[7 INFO main 1237846] Confirming: 7/9
[7 INFO main 1240094] Confirming: 8/9
[7 INFO main 1242192] Confirming: 9/9
[7 INFO main 1242233] Scout.Query -> Verify.DriveTo | Go to unverified source
[7 INFO main 1293599] Verify.DriveTo -> Verify.Homing | Homing
[7 INFO main 1312186] Confirming: 1/9
[7 INFO main 1314320] Confirming: 2/9
[7 INFO main 1316339] Confirming: 3/9
[7 INFO main 1318420] Confirming: 4/9
[7 INFO main 1320508] Confirming: 5/9
[7 INFO main 1322586] Confirming: 6/9
[7 INFO main 1324731] Confirming: 8/9
[7 INFO main 1326818] Confirming: 9/9
[7 INFO main 1333859] Verify.Homing -> Scout.Query | Arrived home
[7 INFO main 1333997] Scout.Query -> Verify.DriveTo | Go to unverified source
[7 INFO main 1388258] Verify.DriveTo -> Verify.Homing | Homing
[7 INFO main 1405566] Confirming: 1/9
[7 INFO main 1407649] Confirming: 2/9
[7 INFO main 1411782] Confirming: 4/9
[7 INFO main 1415505] Verify.Homing -> Scout.Query | Arrived home
[7 INFO main 1415808] Confirming: 6/9
[7 INFO main 1418004] Confirming: 7/9
[7 INFO main 1420136] Confirming: 8/9
[7 INFO main 1422258] Confirming: 9/9
[7 INFO main 1422617] Scout.Query -> Verify.DriveTo | Go to unverified source
[7 INFO main 1452721] Verify.DriveTo -> Verify.Homing | Homing
[7 INFO main 1462440] Verify.Homing -> Scout.Query | Arrived home
[7 INFO main 1467299] Confirming: 1/9
[7 INFO main 1469419] Confirming: 2/9
[7 INFO main 1471539] Confirming: 4/9
[7 INFO main 1473551] Confirming: 5/9
[7 INFO main 1475672] Confirming: 6/9
[7 INFO main 1477705] Confirming: 7/9
[7 INFO main 1479808] Confirming: 8/9
[7 INFO main 1481845] Confirming: 9/9
[7 INFO main 1482017] Scout.Query -> Verify.DriveTo | Go to unverified source
[7 INFO main 1496362] Verify.DriveTo -> Verify.Homing | Homing
[7 INFO main 1508030] Verify.Homing -> Scout.Query | Arrived home
[7 INFO main 1527583] Confirming: 2/9
[7 INFO main 1529672] Confirming: 3/9
[7 INFO main 1531727] Confirming: 4/9
[7 INFO main 1533861] Confirming: 5/9
[7 INFO main 1535880] Confirming: 6/9
[7 INFO main 1538005] Confirming: 7/9
[7 INFO main 1540084] Confirming: 8/9
[7 INFO main 1542203] Confirming: 9/9
[7 INFO main 1542558] Scout.Query -> Verify.DriveTo | Go to unverified source
[7 INFO main 1588183] Verify.DriveTo -> Verify.Homing | Homing
[7 INFO main 1615261] Verify.Homing -> Scout.Query | Arrived home
[7 INFO main 1617271] Confirming: 1/9
[7 INFO main 1619316] Confirming: 2/9
[7 INFO main 1621348] Confirming: 3/9
[7 INFO main 1623385] Confirming: 4/9
[7 INFO main 1625391] Confirming: 5/9
[7 INFO main 1627709] Confirming: 6/9
[7 INFO main 1629768] Confirming: 8/9
[7 INFO main 1632002] Confirming: 9/9
[7 INFO main 1632043] Scout.Query -> Verify.DriveTo | Go to unverified source
[7 INFO main 1659050] Verify.DriveTo -> Verify.Homing | Homing
[7 INFO main 1675723] Confirming: 1/9
[7 INFO main 1676198] Verify.Homing -> Scout.Query | Arrived home
[7 INFO main 1678086] Confirming: 2/9
[7 INFO main 1680355] Confirming: 3/9
[7 INFO main 1682396] Confirming: 4/9
[7 INFO main 1684413] Confirming: 5/9
[7 INFO main 1686474] Confirming: 6/9
[7 INFO main 1688726] Confirming: 7/9
[7 INFO main 1690860] Confirming: 8/9
[7 INFO main 1692873] Confirming: 9/9
[7 INFO main 1693411] Scout.Query -> Verify.DriveTo | Go to unverified source
[7 INFO main 1739093] Verify.DriveTo -> Verify.Homing | Homing
[7 INFO main 1758052] Verify.Homing -> Scout.Query | Arrived home
[7 INFO main 1766108] Confirming: 1/9
[7 INFO main 1768182] Confirming: 2/9
[7 INFO main 1770222] Confirming: 3/9
[7 INFO main 1772320] Confirming: 4/9
[7 INFO main 1774352] Confirming: 5/9
[7 INFO main 1776395] Confirming: 6/9
[7 INFO main 1778427] Confirming: 7/9
[7 INFO main 1780494] Confirming: 8/9
[7 INFO main 1782541] Confirming: 9/9
[7 INFO main 1783188] Scout.Query -> Verify.DriveTo | Go to unverified source
[7 INFO main 1798065] Verify.DriveTo -> Verify.Homing | Homing
[7 INFO main 1827308] Confirming: 1/9
[7 INFO main 1829350] Confirming: 2/9
[7 INFO main 1831372] Confirming: 3/9
[7 INFO main 1832539] Verify.Homing -> Scout.Query | Arrived home
[7 INFO main 1833400] Confirming: 5/9
[7 INFO main 1837560] Confirming: 7/9
[7 INFO main 1839570] Confirming: 8/9
[7 INFO main 1841773] Confirming: 9/9
[7 INFO main 1841814] Scout.Query -> Verify.DriveTo | Go to unverified source
[7 INFO main 1873104] Verify.DriveTo -> Verify.Homing | Homing
[7 INFO main 1885684] Confirming: 1/9
[7 INFO main 1887767] Confirming: 2/9
[7 INFO main 1889844] Confirming: 3/9
[7 INFO main 1891941] Confirming: 4/9
[7 INFO main 1894040] Confirming: 5/9
[7 INFO main 1894391] Verify.Homing -> Scout.Query | Arrived home
[7 INFO main 1898390] Confirming: 7/9
[7 INFO main 1902612] Confirming: 9/9
[7 INFO main 1902656] Scout.Query -> Verify.DriveTo | Go to unverified source
[7 INFO main 1965284] Verify.DriveTo -> Verify.Homing | Homing
[7 INFO main 1976223] Confirming: 1/9
[7 INFO main 1978407] Confirming: 2/9
[7 INFO main 1980434] Confirming: 3/9
[7 INFO main 1982498] Confirming: 4/9
[7 INFO main 1984463] Confirming: 5/9
[7 INFO main 1985218] Verify.Homing -> Scout.Query | Arrived home
[7 INFO main 1986557] Confirming: 6/9
[7 INFO main 1988563] Confirming: 7/9
[7 INFO main 1990580] Confirming: 8/9
[7 INFO main 1992633] Confirming: 9/9
[7 INFO main 1992901] Scout.Query -> Verify.DriveTo | Go to unverified source
[7 INFO main 2054646] Verify.DriveTo -> Verify.Homing | Homing
[7 INFO main 2067497] Confirming: 1/9
[7 INFO main 2069518] Confirming: 2/9
[7 INFO main 2071525] Confirming: 3/9
[7 INFO main 2073549] Confirming: 5/9
[7 INFO main 2075567] Confirming: 6/9
[7 INFO main 2075601] Verify.Homing -> Scout.Query | Arrived home
[7 INFO main 2077572] Confirming: 7/9
[7 INFO main 2079655] Confirming: 8/9
[7 INFO main 2081794] Confirming: 9/9
[7 INFO main 2082100] Scout.Query -> Verify.DriveTo | Go to unverified source
[7 INFO main 2111791] Verify.DriveTo -> Verify.Homing | Homing
[7 INFO main 2126320] Confirming: 1/9
[7 INFO main 2128320] Confirming: 2/9
[7 INFO main 2130327] Confirming: 3/9
[7 INFO main 2131620] Verify.Homing -> Scout.Query | Arrived home
[7 INFO main 2132458] Confirming: 4/9
[7 INFO main 2134528] Confirming: 5/9
[7 INFO main 2136606] Confirming: 6/9
[7 INFO main 2138606] Confirming: 7/9
[7 INFO main 2140654] Confirming: 8/9
[7 INFO main 2142727] Confirming: 9/9
[7 INFO main 2143701] Scout.Query -> Verify.DriveTo | Go to unverified source
[7 INFO main 2168197] Verify.DriveTo -> Verify.Homing | Homing
[7 INFO main 2185785] Verify.Homing -> Scout.Query | Arrived home
[7 INFO main 2186910] Confirming: 1/9
[7 INFO main 2189054] Confirming: 2/9
[7 INFO main 2191058] Confirming: 3/9
[7 INFO main 2193500] Confirming: 5/9
[7 INFO main 2195741] Confirming: 6/9
[7 INFO main 2197779] Confirming: 7/9
[7 INFO main 2199860] Confirming: 8/9
[7 INFO main 2201940] Confirming: 9/9
[7 INFO main 2202343] Scout.Query -> Verify.DriveTo | Go to unverified source
[7 INFO main 2236987] Verify.DriveTo -> Verify.Homing | Homing
[7 INFO main 2245549] Confirming: 1/9
[7 INFO main 2247575] Confirming: 2/9
[7 INFO main 2249649] Confirming: 3/9
[7 INFO main 2251676] Confirming: 4/9
[7 INFO main 2253698] Confirming: 5/9
[7 INFO main 2254743] Verify.Homing -> Scout.Query | Arrived home
[7 INFO main 2255758] Confirming: 6/9
[7 INFO main 2257830] Confirming: 7/9
[7 INFO main 2260059] Confirming: 8/9
[7 INFO main 2262112] Confirming: 9/9
[7 INFO main 2262155] Scout.Query -> Verify.DriveTo | Go to unverified source
[7 INFO main 2284941] Verify.DriveTo -> Verify.Homing | Homing
[7 INFO main 2301238] Verify.Homing -> Scout.Query | Arrived home
[7 INFO main 2305599] Confirming: 1/9
[7 INFO main 2307613] Confirming: 2/9
[7 INFO main 2309644] Confirming: 3/9
[7 INFO main 2311751] Confirming: 4/9
[7 INFO main 2313813] Confirming: 5/9
[7 INFO main 2315860] Confirming: 6/9
[7 INFO main 2317844] Confirming: 7/9
[7 INFO main 2321998] Confirming: 9/9
[7 INFO main 2344343] Scout.Query -> Verify.DriveTo | Go to unverified source
[7 INFO main 2385723] Verify.DriveTo -> Verify.Homing | Homing
[7 INFO main 2396411] Confirming: 1/9
[7 INFO main 2398477] Confirming: 2/9
[7 INFO main 2400570] Confirming: 3/9
[7 INFO main 2401723] Verify.Homing -> Scout.Query | Arrived home
[7 INFO main 2402637] Confirming: 4/9
[7 INFO main 2404775] Confirming: 5/9
[7 INFO main 2406795] Confirming: 6/9
[7 INFO main 2409113] Confirming: 7/9
[7 INFO main 2411165] Confirming: 8/9
[7 INFO main 2413187] Confirming: 9/9
[7 INFO main 2413602] Scout.Query -> Verify.DriveTo | Go to unverified source
[7 INFO main 2434974] Verify.DriveTo -> Verify.Homing | Homing
[7 INFO main 2453840] Verify.Homing -> Scout.Query | Arrived home
[7 INFO main 2455680] Confirming: 1/9
[7 INFO main 2457770] Confirming: 2/9
[7 INFO main 2461770] Confirming: 4/9
[7 INFO main 2463868] Confirming: 5/9
[7 INFO main 2465891] Confirming: 6/9
[7 INFO main 2467907] Confirming: 7/9
[7 INFO main 2469918] Confirming: 8/9
[7 INFO main 2471987] Confirming: 9/9
[7 INFO main 2472267] Scout.Query -> Verify.DriveTo | Go to unverified source
[7 INFO main 2513479] Verify.DriveTo -> Verify.Homing | Homing
[7 INFO main 2545850] Verify.Homing -> Scout.Query | Arrived home
[7 INFO main 2547323] Confirming: 1/9
[7 INFO main 2549367] Confirming: 2/9
[7 INFO main 2551414] Confirming: 4/9
[7 INFO main 2553484] Confirming: 5/9
[7 INFO main 2555614] Confirming: 6/9
[7 INFO main 2557691] Confirming: 7/9
[7 INFO main 2559740] Confirming: 8/9
[7 INFO main 2561882] Confirming: 9/9
[7 INFO main 2562457] Scout.Query -> Verify.DriveTo | Go to unverified source
[7 INFO main 2581057] Verify.DriveTo -> Verify.Homing | Homing
[7 INFO main 2593420] Verify.Homing -> Scout.Query | Arrived home
[7 INFO main 2606731] Confirming: 1/9
[7 INFO main 2608887] Confirming: 2/9
[7 INFO main 2610885] Confirming: 3/9
[7 INFO main 2612957] Confirming: 4/9
[7 INFO main 2615014] Confirming: 5/9
[7 INFO main 2617127] Confirming: 6/9
[7 INFO main 2619149] Confirming: 7/9
[7 INFO main 2621219] Confirming: 8/9
[7 INFO main 2623218] Confirming: 9/9
[7 INFO main 2646407] Scout.Query -> Verify.DriveTo | Go to unverified source
[7 INFO main 2712154] Verify.DriveTo -> Verify.Homing | Homing
[7 INFO main 2726848] Confirming: 1/9
[7 INFO main 2728852] Confirming: 2/9
[7 INFO main 2730862] Confirming: 3/9
[7 INFO main 2732986] Confirming: 4/9
[7 INFO main 2734990] Confirming: 5/9
[7 INFO main 2737023] Confirming: 6/9
[7 INFO main 2739139] Confirming: 7/9
[7 INFO main 2740213] Verify.Homing -> Scout.Query | Arrived home
[7 INFO main 2741134] Confirming: 8/9
[7 INFO main 2743260] Confirming: 9/9
[7 INFO main 2743544] Scout.Query -> Verify.DriveTo | Go to unverified source
[7 INFO main 2781261] Verify.DriveTo -> Verify.Homing | Homing
[7 INFO main 2785724] Confirming: 1/9
[7 INFO main 2787799] Confirming: 2/9
[7 INFO main 2789870] Confirming: 3/9
[7 INFO main 2792008] Confirming: 4/9
[7 INFO main 2794059] Confirming: 5/9
[7 INFO main 2796156] Confirming: 6/9
[7 INFO main 2798174] Confirming: 7/9
[7 INFO main 2800178] Confirming: 8/9
[7 INFO main 2802215] Confirming: 9/9
[7 INFO main 2804039] Verify.Homing -> Scout.Query | Arrived home
[7 INFO main 2804193] Scout.Query -> Verify.DriveTo | Go to unverified source
[7 INFO main 2869215] Verify.DriveTo -> Verify.Homing | Homing
[7 INFO main 2877890] Confirming: 2/9
[7 INFO main 2880065] Confirming: 3/9
[7 INFO main 2884135] Confirming: 5/9
[7 INFO main 2886166] Confirming: 6/9
[7 INFO main 2888198] Confirming: 7/9
[7 INFO main 2890261] Confirming: 8/9
[7 INFO main 2892448] Confirming: 9/9
[7 INFO main 2899198] Verify.Homing -> Scout.Query | Arrived home
[7 INFO main 2899511] Scout.Query -> Verify.DriveTo | Go to unverified source
[7 INFO main 2965360] Verify.DriveTo -> Verify.Homing | Homing
[7 INFO main 2991029] Verify.Homing -> Scout.Query | Arrived home
[7 INFO main 2996806] Confirming: 1/9
[7 INFO main 2998847] Confirming: 2/9
[7 INFO main 3000894] Confirming: 3/9
[7 INFO main 3002912] Confirming: 4/9
[7 INFO main 3004925] Confirming: 5/9
[7 INFO main 3006995] Confirming: 6/9
[7 INFO main 3009201] Confirming: 7/9
[7 INFO main 3011222] Confirming: 8/9
[7 INFO main 3013296] Confirming: 9/9
[7 INFO main 3013800] Scout.Query -> Verify.DriveTo | Go to unverified source
[7 INFO main 3052757] Verify.DriveTo -> Verify.Homing | Homing
[7 INFO main 3073323] Verify.Homing -> Scout.Query | Arrived home
[7 INFO main 3086292] Confirming: 1/9
[7 INFO main 3088367] Confirming: 2/9
[7 INFO main 3090431] Confirming: 3/9
[7 INFO main 3092553] Confirming: 4/9
[7 INFO main 3094653] Confirming: 5/9
[7 INFO main 3096679] Confirming: 6/9
[7 INFO main 3098960] Confirming: 7/9
[7 INFO main 3101029] Confirming: 8/9
[7 INFO main 3103318] Confirming: 9/9
[7 INFO main 3103372] Scout.Query -> Verify.DriveTo | Go to unverified source
[7 INFO main 3111797] Verify.DriveTo -> Verify.Homing | Homing
[7 INFO main 3116130] Confirming: 1/9
[7 INFO main 3118264] Confirming: 2/9
[7 INFO main 3120291] Confirming: 3/9
[7 INFO main 3122407] Confirming: 4/9
[7 INFO main 3124470] Confirming: 5/9
[7 INFO main 3126509] Confirming: 6/9
[7 INFO main 3128644] Confirming: 7/9
[7 INFO main 3128932] Verify.Homing -> Scout.Query | Arrived home
[7 INFO main 3130756] Confirming: 8/9
[7 INFO main 3133031] Confirming: 9/9
[7 INFO main 3133319] Scout.Query -> Verify.DriveTo | Go to unverified source
[7 INFO main 3182098] Verify.DriveTo -> Verify.Homing | Homing
[7 INFO main 3201698] Verify.Homing -> Scout.Query | Arrived home
[7 INFO main 3206778] Confirming: 1/9
[7 INFO main 3208796] Confirming: 2/9
[7 INFO main 3210812] Confirming: 3/9
[7 INFO main 3212850] Confirming: 4/9
[7 INFO main 3214901] Confirming: 5/9
[7 INFO main 3216967] Confirming: 6/9
[7 INFO main 3219048] Confirming: 7/9
[7 INFO main 3221077] Confirming: 8/9
[7 INFO main 3223094] Confirming: 9/9
[7 INFO main 3224062] Scout.Query -> Verify.DriveTo | Go to unverified source
[7 INFO main 3275272] Verify.DriveTo -> Verify.Homing | Homing
[7 INFO main 3296691] Confirming: 1/9
[7 INFO main 3298744] Confirming: 2/9
[7 INFO main 3300842] Confirming: 3/9
[7 INFO main 3302878] Confirming: 4/9
[7 INFO main 3304910] Confirming: 5/9
[7 INFO main 3307090] Confirming: 6/9
[7 INFO main 3309167] Confirming: 7/9
[7 INFO main 3311252] Confirming: 8/9
[7 INFO main 3313323] Confirming: 9/9
[7 INFO main 3330729] Verify.Homing -> Scout.Query | Arrived home
[7 INFO main 3330883] Scout.Query -> Verify.DriveTo | Go to unverified source
[7 INFO main 3361739] Verify.DriveTo -> Verify.Homing | Homing
[7 INFO main 3370844] Verify.Homing -> Scout.Query | Arrived home
[7 INFO main 3386724] Confirming: 1/9
[7 INFO main 3388810] Confirming: 2/9
[7 INFO main 3390892] Confirming: 3/9
[7 INFO main 3392907] Confirming: 4/9
[7 INFO main 3395063] Confirming: 5/9
[7 INFO main 3397186] Confirming: 6/9
[7 INFO main 3399248] Confirming: 7/9
[7 INFO main 3401256] Confirming: 8/9
[7 INFO main 3403318] Confirming: 9/9
[7 INFO main 3403769] Scout.Query -> Verify.DriveTo | Go to unverified source
[7 INFO main 3487940] Verify.DriveTo -> Verify.Homing | Homing
[7 INFO main 3505406] Confirming: 1/9
[7 INFO main 3507474] Confirming: 2/9
[7 INFO main 3509515] Confirming: 3/9
[7 INFO main 3511521] Confirming: 4/9
[7 INFO main 3513562] Confirming: 5/9
[7 INFO main 3515665] Confirming: 6/9
[7 INFO main 3517737] Confirming: 7/9
[7 INFO main 3519856] Confirming: 8/9
[7 INFO main 3521007] Verify.Homing -> Scout.Query | Arrived home
[7 INFO main 3521868] Confirming: 9/9
[7 INFO main 3522264] Scout.Query -> Verify.DriveTo | Go to unverified source
[7 INFO main 3547762] Verify.DriveTo -> Verify.Homing | Homing
[7 INFO main 3564111] Verify.Homing -> Scout.Query | Arrived home
[7 INFO main 3566836] Confirming: 1/9
[7 INFO main 3568946] Confirming: 2/9
[7 INFO main 3570965] Confirming: 3/9
[7 INFO main 3573011] Confirming: 4/9
[7 INFO main 3575024] Confirming: 5/9
[7 INFO main 3577279] Confirming: 6/9
[7 INFO main 3579399] Confirming: 7/9
[7 INFO main 3581437] Confirming: 9/9
[7 INFO main 3581491] Scout.Query -> Verify.DriveTo | Go to unverified source
[7 INFO main 3595451] Verify.DriveTo -> Verify.Homing | Homing
[7 INFO main 3626573] Confirming: 1/9
[7 INFO main 3628590] Confirming: 2/9
[7 INFO main 3629142] Verify.Homing -> Scout.Query | Arrived home
[7 INFO main 3630659] Confirming: 3/9
[7 INFO main 3632664] Confirming: 4/9
[7 INFO main 3634749] Confirming: 5/9
[7 INFO main 3636764] Confirming: 6/9
[7 INFO main 3638826] Confirming: 7/9
[7 INFO main 3641018] Confirming: 8/9
[7 INFO main 3643119] Confirming: 9/9
[7 INFO main 3643434] Scout.Query -> Verify.DriveTo | Go to unverified source
[7 INFO main 3690459] Verify.DriveTo -> Verify.Homing | Homing
[7 INFO main 3713833] Verify.Homing -> Scout.Query | Arrived home
[7 INFO main 3717052] Confirming: 1/9
[7 INFO main 3719116] Confirming: 2/9
[7 INFO main 3721198] Confirming: 3/9
[7 INFO main 3723255] Confirming: 4/9
[7 INFO main 3725348] Confirming: 5/9
[7 INFO main 3727466] Confirming: 7/9
[7 INFO main 3729511] Confirming: 8/9
[7 INFO main 3731586] Confirming: 9/9
[7 INFO main 3731926] Scout.Query -> Verify.DriveTo | Go to unverified source
[7 INFO main 3779874] Verify.DriveTo -> Verify.Homing | Homing
[7 INFO main 3806222] Verify.Homing -> Scout.Query | Arrived home
[7 INFO main 3806956] Confirming: 1/9
[7 INFO main 3809030] Confirming: 2/9
[7 INFO main 3811052] Confirming: 3/9
[7 INFO main 3813127] Confirming: 4/9
[7 INFO main 3815149] Confirming: 5/9
[7 INFO main 3817164] Confirming: 6/9
[7 INFO main 3819223] Confirming: 7/9
[7 INFO main 3821272] Confirming: 8/9
[7 INFO main 3823288] Confirming: 9/9
[7 INFO main 3823941] Scout.Query -> Verify.DriveTo | Go to unverified source
[7 INFO main 3877449] Verify.DriveTo -> Verify.Homing | Homing
[7 INFO main 3896128] Confirming: 1/9
[7 INFO main 3900224] Confirming: 3/9
[7 INFO main 3902271] Confirming: 4/9
[7 INFO main 3903331] Verify.Homing -> Scout.Query | Arrived home
[7 INFO main 3904345] Confirming: 5/9
[7 INFO main 3906431] Confirming: 6/9
[7 INFO main 3908508] Confirming: 7/9
[7 INFO main 3910670] Confirming: 8/9
[7 INFO main 3912891] Confirming: 9/9
[7 INFO main 3913521] Scout.Query -> Verify.DriveTo | Go to unverified source
[7 INFO main 3958223] Verify.DriveTo -> Verify.Homing | Homing
[7 INFO main 3987119] Confirming: 1/9
[7 INFO main 3989118] Confirming: 2/9
[7 INFO main 3991134] Confirming: 3/9
[7 INFO main 3993240] Confirming: 4/9
[7 INFO main 3993367] Verify.Homing -> Scout.Query | Arrived home
[7 INFO main 3995395] Confirming: 6/9
[7 INFO main 3997425] Confirming: 7/9
[7 INFO main 3999461] Confirming: 8/9
[7 INFO main 4001605] Confirming: 9/9
[7 INFO main 4002410] Scout.Query -> Verify.DriveTo | Go to unverified source
[7 INFO main 4083362] Verify.DriveTo -> Verify.Homing | Homing
[7 INFO main 4106798] Confirming: 1/9
[7 INFO main 4108813] Confirming: 2/9
[7 INFO main 4108813] Verify.Homing -> Scout.Query | Arrived home
[7 INFO main 4110822] Confirming: 3/9
[7 INFO main 4112895] Confirming: 4/9
[7 INFO main 4115039] Confirming: 5/9
[7 INFO main 4117182] Confirming: 6/9
[7 INFO main 4119229] Confirming: 7/9
[7 INFO main 4121296] Confirming: 8/9
[7 INFO main 4123392] Confirming: 9/9
[7 INFO main 4124047] Scout.Query -> Verify.DriveTo | Go to unverified source
[7 INFO main 4147504] Verify.DriveTo -> Verify.Homing | Homing
[7 INFO main 4166791] Confirming: 1/9
[7 INFO main 4168860] Confirming: 2/9
[7 INFO main 4170888] Confirming: 3/9
[7 INFO main 4172979] Confirming: 4/9
[7 INFO main 4174290] Verify.Homing -> Scout.Query | Arrived home
[7 INFO main 4175054] Confirming: 5/9
[7 INFO main 4177124] Confirming: 6/9
[7 INFO main 4179192] Confirming: 7/9
[7 INFO main 4181245] Confirming: 8/9
[7 INFO main 4183281] Confirming: 9/9
[7 INFO main 4183451] Scout.Query -> Verify.DriveTo | Go to unverified source
[7 INFO main 4265110] Verify.DriveTo -> Verify.Homing | Homing
[7 INFO main 4286203] Confirming: 1/9
[7 INFO main 4288301] Confirming: 2/9
[7 INFO main 4289938] Verify.Homing -> Scout.Query | Arrived home
[7 INFO main 4290408] Confirming: 3/9
[7 INFO main 4292431] Confirming: 4/9
[7 INFO main 4294519] Confirming: 5/9
[7 INFO main 4296634] Confirming: 6/9
[7 INFO main 4298706] Confirming: 7/9
[7 INFO main 4300770] Confirming: 8/9
[7 INFO main 4302807] Confirming: 9/9
[7 INFO main 4303683] Scout.Query -> Verify.DriveTo | Go to unverified source
[7 INFO main 4353475] Verify.DriveTo -> Verify.Homing | Homing
[7 INFO main 4377066] Confirming: 1/9
[7 INFO main 4379165] Confirming: 2/9
[7 INFO main 4381236] Confirming: 3/9
[7 INFO main 4381992] Verify.Homing -> Scout.Query | Arrived home
[7 INFO main 4383244] Confirming: 4/9
[7 INFO main 4385423] Confirming: 6/9
[7 INFO main 4389473] Confirming: 8/9
[7 INFO main 4391577] Confirming: 9/9
[7 INFO main 4392244] Scout.Query -> Verify.DriveTo | Go to unverified source
[7 INFO main 4439201] Verify.DriveTo -> Verify.Homing | Homing
[7 INFO main 4465452] Confirming: 1/9
[7 INFO main 4467770] Confirming: 2/9
[7 INFO main 4469908] Confirming: 3/9
[7 INFO main 4471969] Confirming: 4/9
[7 INFO main 4473723] Verify.Homing -> Scout.Query | Arrived home
[7 INFO main 4474106] Confirming: 5/9
[7 INFO main 4476158] Confirming: 6/9
[7 INFO main 4478254] Confirming: 7/9
[7 INFO main 4480538] Confirming: 8/9
[7 INFO main 4482546] Confirming: 9/9
[7 INFO main 4483158] Scout.Query -> Verify.DriveTo | Go to unverified source
[7 INFO main 4545592] Verify.DriveTo -> Verify.Homing | Homing
[7 INFO main 4556221] Confirming: 1/9
[7 INFO main 4558280] Confirming: 2/9
[7 INFO main 4560481] Confirming: 3/9
[7 INFO main 4562560] Confirming: 4/9
[7 INFO main 4564648] Confirming: 5/9
[7 INFO main 4566687] Confirming: 6/9
[7 INFO main 4568942] Confirming: 7/9
[7 INFO main 4570951] Confirming: 8/9
[7 INFO main 4572956] Confirming: 9/9
[7 INFO main 4584194] Verify.Homing -> Scout.Query | Arrived home
[7 INFO main 4584415] Scout.Query -> Verify.DriveTo | Go to unverified source
[7 INFO main 4650276] Verify.DriveTo -> Verify.Homing | Homing
[7 INFO main 4676538] Confirming: 1/9
[7 INFO main 4678562] Confirming: 2/9
[7 INFO main 4680574] Confirming: 3/9
[7 INFO main 4682632] Confirming: 4/9
[7 INFO main 4682854] Verify.Homing -> Scout.Query | Arrived home
[7 INFO main 4684930] Confirming: 5/9
[7 INFO main 4686960] Confirming: 6/9
[7 INFO main 4688967] Confirming: 7/9
[7 INFO main 4690978] Confirming: 8/9
[7 INFO main 4693158] Confirming: 9/9
[7 INFO main 4693764] Scout.Query -> Verify.DriveTo | Go to unverified source
[7 INFO main 4750452] Verify.DriveTo -> Verify.Homing | Homing
[7 INFO main 4766082] Confirming: 1/9
[7 INFO main 4768390] Confirming: 2/9
[7 INFO main 4770403] Confirming: 3/9
[7 INFO main 4772420] Confirming: 4/9
[7 INFO main 4774516] Confirming: 5/9
[7 INFO main 4776618] Confirming: 6/9
[7 INFO main 4777398] Verify.Homing -> Scout.Query | Arrived home
[7 INFO main 4778794] Confirming: 7/9
[7 INFO main 4780808] Confirming: 8/9
[7 INFO main 4782856] Confirming: 9/9
[7 INFO main 4783490] Scout.Query -> Verify.DriveTo | Go to unverified source
[7 INFO main 4822036] Verify.DriveTo -> Verify.Homing | Homing
[7 INFO main 4847626] Verify.Homing -> Scout.Query | Arrived home
[7 INFO main 4855721] Confirming: 1/9
[7 INFO main 4859746] Confirming: 3/9
[7 INFO main 4863952] Confirming: 5/9
[7 INFO main 4868034] Confirming: 7/9
[7 INFO main 4870029] Confirming: 8/9
[7 INFO main 4872123] Confirming: 9/9
[7 INFO main 4872389] Scout.Query -> Verify.DriveTo | Go to unverified source
[7 INFO main 4903425] Verify.DriveTo -> Verify.Homing | Homing
[7 INFO main 4916755] Confirming: 1/9
[7 INFO main 4918774] Confirming: 2/9
[7 INFO main 4920788] Confirming: 3/9
[7 INFO main 4923106] Confirming: 4/9
[7 INFO main 4925252] Confirming: 5/9
[7 INFO main 4927289] Confirming: 6/9
[7 INFO main 4929338] Confirming: 7/9
[7 INFO main 4931371] Confirming: 8/9
[7 INFO main 4931845] Verify.Homing -> Scout.Query | Arrived home
[7 INFO main 4933450] Confirming: 10/9
[7 INFO main 4934456] Scout.Query -> Verify.DriveTo | Go to unverified source
[7 INFO main 4966237] Verify.DriveTo -> Verify.Homing | Homing
[7 INFO main 4976623] Confirming: 1/9
[7 INFO main 4978689] Confirming: 2/9
[7 INFO main 4980700] Confirming: 3/9
[7 INFO main 4982714] Confirming: 4/9
[7 INFO main 4983071] Verify.Homing -> Scout.Query | Arrived home
[7 INFO main 4984753] Confirming: 5/9
[7 INFO main 4986929] Confirming: 6/9
[7 INFO main 4988976] Confirming: 7/9
[7 INFO main 4991072] Confirming: 8/9
[7 INFO main 4993152] Confirming: 9/9
[7 INFO main 4993284] Scout.Query -> Verify.DriveTo | Go to unverified source
[7 INFO main 5003563] Verify.DriveTo -> Verify.Homing | Homing
[7 INFO main 5016886] Verify.Homing -> Scout.Query | Arrived home
[7 INFO main 5036638] Confirming: 1/9
[7 INFO main 5038979] Confirming: 2/9
[7 INFO main 5041035] Confirming: 3/9
[7 INFO main 5043124] Confirming: 4/9
[7 INFO main 5045206] Confirming: 5/9
[7 INFO main 5051301] Confirming: 8/9
[7 INFO main 5053365] Confirming: 9/9
[7 INFO main 5066197] Scout.Query -> Scout.PrepSend | Homing
[7 INFO main 5066408] Scout.PrepSend -> Verify.Homing | Homing
[7 INFO main 5080867] Verify.Homing -> Scout.Query | Arrived home
[7 INFO main 5096328] Confirming: 1/9
[7 INFO main 5098371] Confirming: 2/9
[7 INFO main 5100389] Confirming: 3/9
[7 INFO main 5102429] Confirming: 4/9
[7 INFO main 5104489] Confirming: 5/9
[7 INFO main 5106560] Confirming: 6/9
[7 INFO main 5108669] Confirming: 7/9
[7 INFO main 5110755] Confirming: 8/9
[7 INFO main 5112773] Confirming: 9/9
[7 INFO main 5113715] Scout.Query -> Verify.DriveTo | Go to unverified source
[7 INFO main 5212859] Verify.DriveTo -> Verify.Homing | Homing
[7 INFO main 5243043] Verify.Homing -> Scout.Query | Arrived home
[7 INFO main 5246585] Confirming: 1/9
[7 INFO main 5248608] Confirming: 2/9
[7 INFO main 5250642] Confirming: 3/9
[7 INFO main 5252679] Confirming: 4/9
[7 INFO main 5254700] Confirming: 5/9
[7 INFO main 5256828] Confirming: 6/9
[7 INFO main 5258854] Confirming: 7/9
[7 INFO main 5260926] Confirming: 8/9
[7 INFO main 5262985] Confirming: 9/9
[7 INFO main 5263121] Scout.Query -> Verify.DriveTo | Go to unverified source
[7 INFO main 5285280] Verify.DriveTo -> Verify.Homing | Homing
[7 INFO main 5302164] Verify.Homing -> Scout.Query | Arrived home
[7 INFO main 5305420] Confirming: 1/9
[7 INFO main 5309690] Confirming: 3/9
[7 INFO main 5311752] Confirming: 4/9
[7 INFO main 5313822] Confirming: 5/9
[7 INFO main 5316040] Confirming: 6/9
[7 INFO main 5318165] Confirming: 7/9
[7 INFO main 5324303] Confirming: 10/9
[7 INFO main 5324867] Scout.Query -> Verify.DriveTo | Go to unverified source
[7 INFO main 5382900] Verify.DriveTo -> Verify.Homing | Homing
[7 INFO main 5396283] Confirming: 1/9
[7 INFO main 5398371] Confirming: 2/9
[7 INFO main 5400456] Confirming: 3/9
