[11 INFO main 27] Initialising Python Geth Console...
[11 INFO main 31] Initialising RandB board...
[11 INFO main 32] Initialising navigation...
[11 INFO main 32] Initialising random-walk...
[11 INFO main 32] Initialising odometry...
[11 INFO main 32] Initialising ground-sensors...
[11 INFO main 511] --//-- Starting Experiment --//--
[11 INFO main 1967] Idle.IDLE -> Scout.Query | Duration: 25.95
[11 INFO main 27286] Scout.Query -> Verify.DriveTo | Go to unverified source
[11 INFO main 37590] Verify.DriveTo -> Verify.Homing | Homing
[11 INFO main 47853] Confirming: 1/9
[11 INFO main 49888] Confirming: 3/9
[11 INFO main 51926] Confirming: 4/9
[11 INFO main 53042] Verify.Homing -> Scout.Query | Arrived home
[11 INFO main 53941] Confirming: 5/9
[11 INFO main 56031] Confirming: 6/9
[11 INFO main 58062] Confirming: 7/9
[11 INFO main 60091] Confirming: 8/9
[11 INFO main 64176] Confirming: 9/9
[11 INFO main 64221] Scout.Query -> Verify.DriveTo | Go to unverified source
[11 INFO main 168026] Verify.DriveTo -> Verify.Homing | Homing
[11 INFO main 185178] Verify.Homing -> Scout.Query | Arrived home
[11 INFO main 197923] Confirming: 2/9
[11 INFO main 199940] Confirming: 3/9
[11 INFO main 204006] Confirming: 5/9
[11 INFO main 206072] Confirming: 6/9
[11 INFO main 210081] Confirming: 7/9
[11 INFO main 212313] Confirming: 9/9
[11 INFO main 212995] Scout.Query -> Verify.DriveTo | Go to unverified source
[11 INFO main 246619] Verify.DriveTo -> Verify.Homing | Homing
[11 INFO main 257469] Confirming: 1/9
[11 INFO main 259523] Confirming: 2/9
[11 INFO main 261600] Confirming: 3/9
[11 INFO main 261600] Verify.Homing -> Scout.Query | Arrived home
[11 INFO main 263834] Confirming: 4/9
[11 INFO main 265851] Confirming: 5/9
[11 INFO main 267882] Confirming: 6/9
[11 INFO main 270290] Confirming: 7/9
[11 INFO main 272331] Confirming: 8/9
[11 INFO main 274423] Confirming: 9/9
[11 INFO main 275325] Scout.Query -> Verify.DriveTo | Go to unverified source
[11 INFO main 335585] Verify.DriveTo -> Verify.Homing | Homing
[11 INFO main 348101] Confirming: 1/9
[11 INFO main 350290] Confirming: 2/9
[11 INFO main 352263] Confirming: 3/9
[11 INFO main 354384] Confirming: 4/9
[11 INFO main 356396] Confirming: 5/9
[11 INFO main 358481] Confirming: 6/9
[11 INFO main 360531] Confirming: 7/9
[11 INFO main 362650] Confirming: 8/9
[11 INFO main 364648] Confirming: 9/9
[11 INFO main 373004] Verify.Homing -> Scout.Query | Arrived home
[11 INFO main 373166] Scout.Query -> Verify.DriveTo | Go to unverified source
[11 INFO main 427849] Verify.DriveTo -> Verify.Homing | Homing
[11 INFO main 438255] Confirming: 1/9
[11 INFO main 440287] Confirming: 2/9
[11 INFO main 442838] Verify.Homing -> Scout.Query | Arrived home
[11 INFO main 444331] Confirming: 4/9
[11 INFO main 446330] Confirming: 5/9
[11 INFO main 448492] Confirming: 6/9
[11 INFO main 450554] Confirming: 7/9
[11 INFO main 452870] Confirming: 8/9
[11 INFO main 455226] Confirming: 9/9
[11 INFO main 455790] Scout.Query -> Verify.DriveTo | Go to unverified source
[11 INFO main 461964] Verify.DriveTo -> Verify.Homing | Homing
[11 INFO main 461992] Verify.Homing -> Scout.Query | Arrived home
[11 INFO main 468169] Confirming: 1/9
[11 INFO main 472194] Confirming: 3/9
[11 INFO main 476395] Confirming: 5/9
[11 INFO main 478367] Confirming: 6/9
[11 INFO main 480489] Confirming: 7/9
[11 INFO main 482556] Confirming: 8/9
[11 INFO main 484609] Confirming: 9/9
[11 INFO main 484882] Scout.Query -> Verify.DriveTo | Go to unverified source
[11 INFO main 630950] Verify.DriveTo -> Verify.Homing | Homing
[11 INFO main 649818] Confirming: 1/9
[11 INFO main 651848] Confirming: 2/9
[11 INFO main 653982] Confirming: 4/9
[11 INFO main 655366] Verify.Homing -> Scout.Query | Arrived home
[11 INFO main 656104] Confirming: 5/9
[11 INFO main 658186] Confirming: 6/9
[11 INFO main 660262] Confirming: 7/9
[11 INFO main 662267] Confirming: 8/9
[11 INFO main 664292] Confirming: 9/9
[11 INFO main 664888] Scout.Query -> Verify.DriveTo | Go to unverified source
[11 INFO main 703901] Verify.DriveTo -> Verify.Homing | Homing
[11 INFO main 739072] Confirming: 1/9
[11 INFO main 741098] Confirming: 2/9
[11 INFO main 743176] Confirming: 3/9
[11 INFO main 745273] Confirming: 4/9
[11 INFO main 747358] Confirming: 5/9
[11 INFO main 749382] Confirming: 6/9
[11 INFO main 751463] Confirming: 7/9
[11 INFO main 753484] Confirming: 8/9
[11 INFO main 755548] Confirming: 9/9
[11 INFO main 759233] Verify.Homing -> Scout.Query | Arrived home
[11 INFO main 759333] Scout.Query -> Verify.DriveTo | Go to unverified source
[11 INFO main 774606] Verify.DriveTo -> Verify.Homing | Homing
[11 INFO main 787543] Verify.Homing -> Scout.Query | Arrived home
[11 INFO main 799468] Confirming: 1/9
[11 INFO main 801472] Confirming: 2/9
[11 INFO main 803492] Confirming: 3/9
[11 INFO main 805623] Confirming: 4/9
[11 INFO main 807627] Confirming: 5/9
[11 INFO main 809635] Confirming: 6/9
[11 INFO main 811679] Confirming: 7/9
[11 INFO main 813742] Confirming: 8/9
[11 INFO main 815832] Confirming: 9/9
[11 INFO main 815836] Scout.Query -> Scout.PrepSend | Homing
[11 INFO main 816051] Scout.PrepSend -> Verify.Homing | Homing
[11 INFO main 831592] Verify.Homing -> Scout.Query | Arrived home
[11 INFO main 859834] Confirming: 1/9
[11 INFO main 861846] Confirming: 2/9
[11 INFO main 863940] Confirming: 4/9
[11 INFO main 868190] Confirming: 6/9
[11 INFO main 870220] Confirming: 7/9
[11 INFO main 872227] Confirming: 8/9
[11 INFO main 874280] Confirming: 9/9
[11 INFO main 874284] Scout.Query -> Scout.PrepSend | Homing
[11 INFO main 874460] Scout.PrepSend -> Verify.Homing | Homing
[11 INFO main 884635] Confirming: 1/9
[11 INFO main 888851] Confirming: 3/9
[11 INFO main 888851] Verify.Homing -> Scout.Query | Arrived home
[11 INFO main 890889] Confirming: 4/9
[11 INFO main 893000] Confirming: 5/9
[11 INFO main 897254] Confirming: 7/9
[11 INFO main 899263] Confirming: 8/9
[11 INFO main 901355] Confirming: 9/9
[11 INFO main 902324] Scout.Query -> Verify.DriveTo | Go to unverified source
[11 INFO main 957735] Verify.DriveTo -> Verify.Homing | Homing
[11 INFO main 978504] Confirming: 1/9
[11 INFO main 980563] Confirming: 2/9
[11 INFO main 982652] Confirming: 3/9
[11 INFO main 984751] Confirming: 4/9
[11 INFO main 986826] Confirming: 5/9
[11 INFO main 988955] Confirming: 6/9
[11 INFO main 991068] Confirming: 7/9
[11 INFO main 993310] Confirming: 8/9
[11 INFO main 995397] Confirming: 9/9
[11 INFO main 1043843] Verify.Homing -> Scout.Query | Arrived home
[11 INFO main 1043975] Scout.Query -> Verify.DriveTo | Go to unverified source
[11 INFO main 1101656] Verify.DriveTo -> Verify.Homing | Homing
[11 INFO main 1118334] Verify.Homing -> Scout.Query | Arrived home
[11 INFO main 1129535] Confirming: 1/9
[11 INFO main 1132026] Confirming: 3/9
[11 INFO main 1134294] Confirming: 4/9
[11 INFO main 1136418] Confirming: 5/9
[11 INFO main 1138502] Confirming: 6/9
[11 INFO main 1140565] Confirming: 7/9
[11 INFO main 1142693] Confirming: 8/9
[11 INFO main 1144856] Confirming: 9/9
[11 INFO main 1145560] Scout.Query -> Verify.DriveTo | Go to unverified source
[11 INFO main 1205745] Verify.DriveTo -> Verify.Homing | Homing
[11 INFO main 1218096] Confirming: 1/9
[11 INFO main 1222175] Confirming: 3/9
[11 INFO main 1224265] Confirming: 4/9
[11 INFO main 1228308] Confirming: 6/9
[11 INFO main 1230382] Confirming: 7/9
[11 INFO main 1232470] Confirming: 8/9
[11 INFO main 1235772] Verify.Homing -> Scout.Query | Arrived home
[11 INFO main 1236565] Confirming: 10/9
[11 INFO main 1237012] Scout.Query -> Verify.DriveTo | Go to unverified source
[11 INFO main 1315333] Verify.DriveTo -> Verify.Homing | Homing
[11 INFO main 1338281] Confirming: 1/9
[11 INFO main 1342367] Confirming: 3/9
[11 INFO main 1342597] Verify.Homing -> Scout.Query | Arrived home
[11 INFO main 1344630] Confirming: 4/9
[11 INFO main 1346634] Confirming: 5/9
[11 INFO main 1348660] Confirming: 6/9
[11 INFO main 1350622] Confirming: 7/9
[11 INFO main 1352770] Confirming: 8/9
[11 INFO main 1355403] Confirming: 9/9
[11 INFO main 1355439] Scout.Query -> Verify.DriveTo | Go to unverified source
[11 INFO main 1464337] Verify.DriveTo -> Verify.Homing | Homing
[11 INFO main 1489269] Confirming: 1/9
[11 INFO main 1491316] Confirming: 2/9
[11 INFO main 1493335] Confirming: 3/9
[11 INFO main 1495407] Confirming: 4/9
[11 INFO main 1497402] Confirming: 5/9
[11 INFO main 1499450] Confirming: 6/9
[11 INFO main 1501495] Confirming: 7/9
[11 INFO main 1503569] Confirming: 8/9
[11 INFO main 1505620] Confirming: 9/9
[11 INFO main 1566357] Verify.Homing -> Scout.Query | Arrived home
[11 INFO main 1566499] Scout.Query -> Verify.DriveTo | Go to unverified source
[11 INFO main 1710213] Verify.DriveTo -> Verify.Homing | Homing
[11 INFO main 1730610] Confirming: 1/9
[11 INFO main 1732682] Confirming: 2/9
[11 INFO main 1734786] Confirming: 3/9
[11 INFO main 1736872] Confirming: 4/9
[11 INFO main 1738926] Confirming: 6/9
[11 INFO main 1743088] Confirming: 8/9
[11 INFO main 1747349] Confirming: 10/9
[11 INFO main 1755825] Verify.Homing -> Scout.Query | Arrived home
[11 INFO main 1756058] Scout.Query -> Verify.DriveTo | Go to unverified source
[11 INFO main 1769132] Verify.DriveTo -> Verify.Homing | Homing
[11 INFO main 1779647] Verify.Homing -> Scout.Query | Arrived home
[11 INFO main 1789546] Confirming: 1/9
[11 INFO main 1791681] Confirming: 2/9
[11 INFO main 1795821] Confirming: 4/9
[11 INFO main 1797915] Confirming: 5/9
[11 INFO main 1799974] Confirming: 6/9
[11 INFO main 1802036] Confirming: 7/9
[11 INFO main 1804080] Confirming: 8/9
[11 INFO main 1806098] Confirming: 9/9
[11 INFO main 1806459] Scout.Query -> Verify.DriveTo | Go to unverified source
[11 INFO main 1856330] Verify.DriveTo -> Verify.Homing | Homing
[11 INFO main 1870664] Confirming: 1/9
[11 INFO main 1872795] Confirming: 2/9
[11 INFO main 1874862] Confirming: 3/9
[11 INFO main 1875418] Verify.Homing -> Scout.Query | Arrived home
[11 INFO main 1876941] Confirming: 4/9
[11 INFO main 1878984] Confirming: 6/9
[11 INFO main 1881078] Confirming: 7/9
[11 INFO main 1883183] Confirming: 8/9
[11 INFO main 1885188] Confirming: 9/9
[11 INFO main 1886254] Scout.Query -> Verify.DriveTo | Go to unverified source
[11 INFO main 1926408] Verify.DriveTo -> Verify.Homing | Homing
[11 INFO main 1940976] Confirming: 2/9
[11 INFO main 1942217] Verify.Homing -> Scout.Query | Arrived home
[11 INFO main 1943027] Confirming: 3/9
[11 INFO main 1945128] Confirming: 4/9
[11 INFO main 1947238] Confirming: 5/9
[11 INFO main 1949326] Confirming: 6/9
[11 INFO main 1951392] Confirming: 7/9
[11 INFO main 1953458] Confirming: 8/9
[11 INFO main 1955501] Confirming: 9/9
[11 INFO main 1955990] Scout.Query -> Verify.DriveTo | Go to unverified source
[11 INFO main 2023233] Verify.DriveTo -> Verify.Homing | Homing
[11 INFO main 2047606] Verify.Homing -> Scout.Query | Arrived home
[11 INFO main 2060523] Confirming: 1/9
[11 INFO main 2062654] Confirming: 2/9
[11 INFO main 2064683] Confirming: 3/9
[11 INFO main 2066720] Confirming: 4/9
[11 INFO main 2068806] Confirming: 5/9
[11 INFO main 2070954] Confirming: 7/9
[11 INFO main 2072997] Confirming: 8/9
[11 INFO main 2077074] Confirming: 10/9
[11 INFO main 2077860] Scout.Query -> Verify.DriveTo | Go to unverified source
[11 INFO main 2089934] Verify.DriveTo -> Verify.Homing | Homing
[11 INFO main 2115758] Verify.Homing -> Scout.Query | Arrived home
[11 INFO main 2121188] Confirming: 2/9
[11 INFO main 2123236] Confirming: 3/9
[11 INFO main 2125320] Confirming: 4/9
[11 INFO main 2127547] Confirming: 5/9
[11 INFO main 2131636] Confirming: 7/9
[11 INFO main 2133687] Confirming: 8/9
[11 INFO main 2135770] Confirming: 9/9
[11 INFO main 2136404] Scout.Query -> Verify.DriveTo | Go to unverified source
[11 INFO main 2240757] Verify.DriveTo -> Verify.Homing | Homing
[11 INFO main 2262535] Verify.Homing -> Scout.Query | Arrived home
[11 INFO main 2269949] Confirming: 1/9
[11 INFO main 2271963] Confirming: 2/9
[11 INFO main 2274023] Confirming: 3/9
[11 INFO main 2276178] Confirming: 4/9
[11 INFO main 2278410] Confirming: 5/9
[11 INFO main 2280454] Confirming: 6/9
[11 INFO main 2282483] Confirming: 7/9
[11 INFO main 2284498] Confirming: 8/9
[11 INFO main 2286858] Confirming: 9/9
[11 INFO main 2287098] Scout.Query -> Verify.DriveTo | Go to unverified source
[11 INFO main 2343215] Verify.DriveTo -> Verify.Homing | Homing
[11 INFO main 2360118] Confirming: 1/9
[11 INFO main 2362197] Confirming: 2/9
[11 INFO main 2364233] Confirming: 3/9
[11 INFO main 2365389] Verify.Homing -> Scout.Query | Arrived home
[11 INFO main 2366267] Confirming: 4/9
[11 INFO main 2368323] Confirming: 5/9
[11 INFO main 2370384] Confirming: 6/9
[11 INFO main 2372575] Confirming: 7/9
[11 INFO main 2374650] Confirming: 8/9
[11 INFO main 2376775] Confirming: 9/9
[11 INFO main 2376820] Scout.Query -> Verify.DriveTo | Go to unverified source
[11 INFO main 2409756] Verify.DriveTo -> Verify.Homing | Homing
[11 INFO main 2420646] Confirming: 1/9
[11 INFO main 2422686] Confirming: 2/9
[11 INFO main 2424694] Confirming: 3/9
[11 INFO main 2426742] Confirming: 4/9
[11 INFO main 2428914] Confirming: 5/9
[11 INFO main 2431031] Confirming: 7/9
[11 INFO main 2433052] Confirming: 8/9
[11 INFO main 2435147] Confirming: 9/9
[11 INFO main 2436052] Verify.Homing -> Scout.Query | Arrived home
[11 INFO main 2436199] Scout.Query -> Verify.DriveTo | Go to unverified source
[11 INFO main 2539110] Verify.DriveTo -> Verify.Homing | Homing
[11 INFO main 2571038] Confirming: 2/9
[11 INFO main 2571776] Verify.Homing -> Scout.Query | Arrived home
[11 INFO main 2573055] Confirming: 3/9
[11 INFO main 2577164] Confirming: 5/9
[11 INFO main 2579228] Confirming: 6/9
[11 INFO main 2581298] Confirming: 7/9
[11 INFO main 2583368] Confirming: 8/9
[11 INFO main 2585383] Confirming: 9/9
[11 INFO main 2585430] Scout.Query -> Verify.DriveTo | Go to unverified source
[11 INFO main 2657909] Verify.DriveTo -> Verify.Homing | Homing
[11 INFO main 2689347] Confirming: 1/9
[11 INFO main 2691369] Confirming: 2/9
[11 INFO main 2693465] Confirming: 3/9
[11 INFO main 2697667] Confirming: 5/9
[11 INFO main 2699686] Confirming: 6/9
[11 INFO main 2701696] Confirming: 7/9
[11 INFO main 2703788] Confirming: 8/9
[11 INFO main 2704118] Verify.Homing -> Scout.Query | Arrived home
[11 INFO main 2705761] Confirming: 9/9
[11 INFO main 2706485] Scout.Query -> Verify.DriveTo | Go to unverified source
[11 INFO main 2897065] Verify.DriveTo -> Verify.Homing | Homing
[11 INFO main 2922999] Verify.Homing -> Scout.Query | Arrived home
[11 INFO main 2930696] Confirming: 1/9
[11 INFO main 2932775] Confirming: 2/9
[11 INFO main 2934845] Confirming: 3/9
[11 INFO main 2936852] Confirming: 4/9
[11 INFO main 2939015] Confirming: 6/9
[11 INFO main 2943100] Confirming: 8/9
[11 INFO main 2945178] Confirming: 9/9
[11 INFO main 2945857] Scout.Query -> Verify.DriveTo | Go to unverified source
[11 INFO main 3012670] Verify.DriveTo -> Verify.Homing | Homing
[11 INFO main 3020845] Confirming: 1/9
[11 INFO main 3023022] Confirming: 3/9
[11 INFO main 3027310] Confirming: 4/9
[11 INFO main 3029286] Confirming: 6/9
[11 INFO main 3031393] Confirming: 7/9
[11 INFO main 3033454] Confirming: 8/9
[11 INFO main 3035528] Confirming: 9/9
[11 INFO main 3040667] Verify.Homing -> Scout.Query | Arrived home
[11 INFO main 3040874] Scout.Query -> Verify.DriveTo | Go to unverified source
[11 INFO main 3099790] Verify.DriveTo -> Verify.Homing | Homing
[11 INFO main 3110349] Confirming: 1/9
[11 INFO main 3112398] Confirming: 2/9
[11 INFO main 3114428] Confirming: 3/9
[11 INFO main 3116474] Confirming: 4/9
[11 INFO main 3118396] Confirming: 5/9
[11 INFO main 3120529] Confirming: 6/9
[11 INFO main 3122616] Confirming: 7/9
[11 INFO main 3122747] Verify.Homing -> Scout.Query | Arrived home
[11 INFO main 3124679] Confirming: 8/9
[11 INFO main 3126705] Confirming: 9/9
[11 INFO main 3127442] Scout.Query -> Verify.DriveTo | Go to unverified source
[11 INFO main 3182549] Verify.DriveTo -> Verify.Homing | Homing
[11 INFO main 3197102] Verify.Homing -> Scout.Query | Arrived home
[11 INFO main 3199172] Confirming: 1/9
[11 INFO main 3203418] Confirming: 3/9
[11 INFO main 3205463] Confirming: 4/9
[11 INFO main 3207542] Confirming: 5/9
[11 INFO main 3209546] Confirming: 6/9
[11 INFO main 3211615] Confirming: 7/9
[11 INFO main 3213622] Confirming: 8/9
[11 INFO main 3215724] Confirming: 9/9
[11 INFO main 3215727] Scout.Query -> Scout.PrepSend | Homing
[11 INFO main 3215982] Scout.PrepSend -> Verify.Homing | Homing
[11 INFO main 3245033] Verify.Homing -> Scout.Query | Arrived home
[11 INFO main 3259866] Confirming: 1/9
[11 INFO main 3264000] Confirming: 3/9
[11 INFO main 3266043] Confirming: 4/9
[11 INFO main 3268077] Confirming: 5/9
[11 INFO main 3270190] Confirming: 6/9
[11 INFO main 3272280] Confirming: 7/9
[11 INFO main 3274284] Confirming: 8/9
[11 INFO main 3276362] Confirming: 9/9
[11 INFO main 3276676] Scout.Query -> Verify.DriveTo | Go to unverified source
[11 INFO main 3278883] Verify.DriveTo -> Verify.Homing | Homing
[11 INFO main 3289315] Confirming: 1/9
[11 INFO main 3291372] Confirming: 2/9
[11 INFO main 3293422] Confirming: 3/9
[11 INFO main 3295557] Confirming: 4/9
[11 INFO main 3297651] Confirming: 5/9
[11 INFO main 3299746] Confirming: 6/9
[11 INFO main 3299773] Verify.Homing -> Scout.Query | Arrived home
[11 INFO main 3301792] Confirming: 7/9
[11 INFO main 3303795] Confirming: 8/9
[11 INFO main 3305887] Confirming: 9/9
[11 INFO main 3306330] Scout.Query -> Verify.DriveTo | Go to unverified source
[11 INFO main 3322643] Verify.DriveTo -> Verify.Homing | Homing
[11 INFO main 3332356] Verify.Homing -> Scout.Query | Arrived home
[11 INFO main 3349848] Confirming: 1/9
[11 INFO main 3351856] Confirming: 2/9
[11 INFO main 3353920] Confirming: 3/9
[11 INFO main 3355924] Confirming: 4/9
[11 INFO main 3358022] Confirming: 5/9
[11 INFO main 3360109] Confirming: 6/9
[11 INFO main 3362134] Confirming: 7/9
[11 INFO main 3364165] Confirming: 8/9
[11 INFO main 3366279] Confirming: 9/9
[11 INFO main 3366734] Scout.Query -> Verify.DriveTo | Go to unverified source
[11 INFO main 3421203] Verify.DriveTo -> Verify.Homing | Homing
[11 INFO main 3434522] Verify.Homing -> Scout.Query | Arrived home
[11 INFO main 3439767] Confirming: 1/9
[11 INFO main 3441862] Confirming: 2/9
[11 INFO main 3444006] Confirming: 3/9
[11 INFO main 3446046] Confirming: 4/9
[11 INFO main 3448131] Confirming: 5/9
[11 INFO main 3450442] Confirming: 6/9
[11 INFO main 3452514] Confirming: 7/9
[11 INFO main 3454857] Confirming: 8/9
[11 INFO main 3456863] Confirming: 9/9
[11 INFO main 3457512] Scout.Query -> Verify.DriveTo | Go to unverified source
[11 INFO main 3513598] Verify.DriveTo -> Verify.Homing | Homing
[11 INFO main 3530369] Confirming: 1/9
[11 INFO main 3532367] Confirming: 2/9
[11 INFO main 3534523] Confirming: 3/9
[11 INFO main 3534524] Verify.Homing -> Scout.Query | Arrived home
[11 INFO main 3536636] Confirming: 4/9
[11 INFO main 3538677] Confirming: 5/9
[11 INFO main 3540874] Confirming: 7/9
[11 INFO main 3542983] Confirming: 8/9
[11 INFO main 3544986] Confirming: 9/9
[11 INFO main 3545331] Scout.Query -> Verify.DriveTo | Go to unverified source
[11 INFO main 3753439] Verify.DriveTo -> Verify.Homing | Homing
[11 INFO main 3770071] Confirming: 1/9
[11 INFO main 3772072] Confirming: 2/9
[11 INFO main 3772907] Verify.Homing -> Scout.Query | Arrived home
[11 INFO main 3774070] Confirming: 3/9
[11 INFO main 3776108] Confirming: 4/9
[11 INFO main 3778124] Confirming: 5/9
[11 INFO main 3780208] Confirming: 6/9
[11 INFO main 3782344] Confirming: 7/9
[11 INFO main 3784431] Confirming: 8/9
[11 INFO main 3786455] Confirming: 9/9
[11 INFO main 3787039] Scout.Query -> Verify.DriveTo | Go to unverified source
[11 INFO main 3858942] Verify.DriveTo -> Verify.Homing | Homing
[11 INFO main 3875659] Verify.Homing -> Scout.Query | Arrived home
[11 INFO main 3890240] Confirming: 1/9
[11 INFO main 3892253] Confirming: 2/9
[11 INFO main 3894328] Confirming: 3/9
[11 INFO main 3896441] Confirming: 4/9
[11 INFO main 3898472] Confirming: 5/9
[11 INFO main 3900712] Confirming: 6/9
[11 INFO main 3902803] Confirming: 7/9
[11 INFO main 3904980] Confirming: 9/9
[11 INFO main 3905035] Scout.Query -> Verify.DriveTo | Go to unverified source
[11 INFO main 3947773] Verify.DriveTo -> Verify.Homing | Homing
[11 INFO main 3965562] Verify.Homing -> Scout.Query | Arrived home
[11 INFO main 3979541] Confirming: 1/9
[11 INFO main 3981587] Confirming: 2/9
[11 INFO main 3983624] Confirming: 3/9
[11 INFO main 3985630] Confirming: 4/9
[11 INFO main 3987847] Confirming: 5/9
[11 INFO main 3989868] Confirming: 6/9
[11 INFO main 3991908] Confirming: 7/9
[11 INFO main 3994066] Confirming: 8/9
[11 INFO main 3996140] Confirming: 9/9
[11 INFO main 3996499] Scout.Query -> Verify.DriveTo | Go to unverified source
[11 INFO main 4150844] Verify.DriveTo -> Verify.Homing | Homing
[11 INFO main 4159682] Confirming: 1/9
[11 INFO main 4161754] Confirming: 2/9
[11 INFO main 4163811] Confirming: 3/9
[11 INFO main 4165868] Confirming: 4/9
[11 INFO main 4167888] Confirming: 5/9
[11 INFO main 4169983] Confirming: 6/9
[11 INFO main 4172054] Confirming: 7/9
[11 INFO main 4174237] Confirming: 8/9
[11 INFO main 4175303] Verify.Homing -> Scout.Query | Arrived home
[11 INFO main 4176354] Confirming: 9/9
[11 INFO main 4176718] Scout.Query -> Verify.DriveTo | Go to unverified source
[11 INFO main 4206447] Verify.DriveTo -> Verify.Homing | Homing
[11 INFO main 4220974] Confirming: 2/9
[11 INFO main 4222987] Confirming: 3/9
[11 INFO main 4223080] Verify.Homing -> Scout.Query | Arrived home
[11 INFO main 4227160] Confirming: 4/9
[11 INFO main 4229248] Confirming: 6/9
[11 INFO main 4231314] Confirming: 7/9
[11 INFO main 4233366] Confirming: 8/9
[11 INFO main 4235604] Confirming: 9/9
[11 INFO main 4236249] Scout.Query -> Verify.DriveTo | Go to unverified source
[11 INFO main 4349594] Verify.DriveTo -> Verify.Homing | Homing
[11 INFO main 4371427] Confirming: 2/9
[11 INFO main 4373541] Confirming: 3/9
[11 INFO main 4375810] Confirming: 4/9
[11 INFO main 4377431] Verify.Homing -> Scout.Query | Arrived home
[11 INFO main 4378059] Confirming: 5/9
[11 INFO main 4380091] Confirming: 6/9
[11 INFO main 4382128] Confirming: 7/9
[11 INFO main 4384608] Confirming: 8/9
[11 INFO main 4386781] Confirming: 9/9
[11 INFO main 4386893] Scout.Query -> Verify.DriveTo | Go to unverified source
[11 INFO main 4453657] Verify.DriveTo -> Verify.Homing | Homing
[11 INFO main 4459855] Confirming: 1/9
[11 INFO main 4462172] Confirming: 2/9
[11 INFO main 4464208] Confirming: 3/9
[11 INFO main 4466217] Confirming: 4/9
[11 INFO main 4468426] Confirming: 5/9
[11 INFO main 4470562] Confirming: 6/9
[11 INFO main 4472570] Confirming: 7/9
[11 INFO main 4474736] Confirming: 8/9
[11 INFO main 4476015] Verify.Homing -> Scout.Query | Arrived home
[11 INFO main 4476761] Confirming: 9/9
[11 INFO main 4477232] Scout.Query -> Verify.DriveTo | Go to unverified source
[11 INFO main 4505744] Verify.DriveTo -> Verify.Homing | Homing
[11 INFO main 4515574] Verify.Homing -> Scout.Query | Arrived home
[11 INFO main 4520554] Confirming: 1/9
[11 INFO main 4522619] Confirming: 2/9
[11 INFO main 4524770] Confirming: 3/9
[11 INFO main 4526950] Confirming: 5/9
[11 INFO main 4531011] Confirming: 7/9
[11 INFO main 4533246] Confirming: 8/9
[11 INFO main 4535261] Confirming: 9/9
[11 INFO main 4535380] Scout.Query -> Verify.DriveTo | Go to unverified source
[11 INFO main 4620649] Verify.DriveTo -> Verify.Homing | Homing
[11 INFO main 4631338] Confirming: 2/9
[11 INFO main 4633443] Confirming: 3/9
[11 INFO main 4635511] Confirming: 4/9
[11 INFO main 4637663] Confirming: 5/9
[11 INFO main 4639857] Confirming: 6/9
[11 INFO main 4641887] Confirming: 7/9
[11 INFO main 4644249] Confirming: 8/9
[11 INFO main 4646379] Confirming: 9/9
[11 INFO main 4661621] Verify.Homing -> Scout.Query | Arrived home
[11 INFO main 4662003] Scout.Query -> Verify.DriveTo | Go to unverified source
[11 INFO main 4836502] Verify.DriveTo -> Verify.Homing | Homing
[11 INFO main 4855925] Confirming: 1/9
[11 INFO main 4858437] Verify.Homing -> Scout.Query | Arrived home
[11 INFO main 4870368] Confirming: 2/9
[11 INFO main 4872414] Confirming: 3/9
[11 INFO main 4874465] Confirming: 4/9
[11 INFO main 4876733] Confirming: 5/9
[11 INFO main 4878754] Confirming: 6/9
[11 INFO main 4881084] Confirming: 8/9
[11 INFO main 4885222] Confirming: 10/9
[11 INFO main 4886444] Scout.Query -> Verify.DriveTo | Go to unverified source
[11 INFO main 4996556] Verify.DriveTo -> Verify.Homing | Homing
[11 INFO main 5027683] Confirming: 1/9
[11 INFO main 5029746] Confirming: 2/9
[11 INFO main 5031911] Confirming: 3/9
[11 INFO main 5032358] Verify.Homing -> Scout.Query | Arrived home
[11 INFO main 5034075] Confirming: 4/9
[11 INFO main 5036154] Confirming: 5/9
[11 INFO main 5038178] Confirming: 6/9
[11 INFO main 5040282] Confirming: 7/9
[11 INFO main 5042362] Confirming: 8/9
[11 INFO main 5044514] Confirming: 9/9
[11 INFO main 5044645] Scout.Query -> Verify.DriveTo | Go to unverified source
[11 INFO main 5135320] Verify.DriveTo -> Verify.Homing | Homing
[11 INFO main 5139899] Confirming: 1/9
[11 INFO main 5144349] Confirming: 2/9
[11 INFO main 5146386] Confirming: 3/9
[11 INFO main 5150541] Confirming: 6/9
[11 INFO main 5155083] Confirming: 8/9
[11 INFO main 5157175] Confirming: 9/9
[11 INFO main 5179073] Verify.Homing -> Scout.Query | Arrived home
[11 INFO main 5179724] Scout.Query -> Verify.DriveTo | Go to unverified source
[11 INFO main 5276080] Verify.DriveTo -> Verify.Homing | Homing
[11 INFO main 5304534] Confirming: 1/9
[11 INFO main 5306574] Confirming: 2/9
[11 INFO main 5308646] Confirming: 3/9
[11 INFO main 5310660] Confirming: 4/9
[11 INFO main 5312690] Confirming: 5/9
[11 INFO main 5314763] Confirming: 6/9
[11 INFO main 5316849] Confirming: 7/9
[11 INFO main 5317450] Verify.Homing -> Scout.Query | Arrived home
[11 INFO main 5318883] Confirming: 8/9
[11 INFO main 5321087] Confirming: 10/9
[11 INFO main 5329859] Scout.Query -> Verify.DriveTo | Go to unverified source
