[15 INFO main 30] Initialising Python Geth Console...
[15 INFO main 34] Initialising RandB board...
[15 INFO main 34] Initialising navigation...
[15 INFO main 34] Initialising random-walk...
[15 INFO main 34] Initialising odometry...
[15 INFO main 34] Initialising ground-sensors...
[15 INFO main 51] --//-- Starting Experiment --//--
[15 INFO main 1148] Idle.IDLE -> Scout.Query | Duration: 23.05
[15 INFO main 58635] Scout.Query -> Scout.GotoCenter | Drive to others reported pos
[15 INFO main 73246] Scout.GotoCenter -> Scout.Query | return to random walk
[15 INFO main 78654] Scout.Query -> Scout.GotoCenter | Drive to others reported pos
[15 INFO main 81356] Scout.GotoCenter -> Scout.Query | return to random walk
[15 INFO main 81657] Scout.Query -> Scout.GotoCenter | Drive to others reported pos
[15 INFO main 83259] Scout.GotoCenter -> Scout.Query | return to random walk
[15 INFO main 83667] Scout.Query -> Scout.GotoCenter | Drive to others reported pos
[15 INFO main 84360] Scout.GotoCenter -> Scout.Query | return to random walk
[15 INFO main 84668] Scout.Query -> Scout.GotoCenter | Drive to others reported pos
[15 INFO main 85750] Scout.GotoCenter -> Scout.Query | return to random walk
[15 INFO main 86670] Scout.Query -> Scout.GotoCenter | Drive to others reported pos
[15 INFO main 87367] Scout.GotoCenter -> Scout.Query | return to random walk
[15 INFO main 87673] Scout.Query -> Scout.GotoCenter | Drive to others reported pos
[15 INFO main 87966] Scout.GotoCenter -> Scout.Query | return to random walk
[15 INFO main 88770] Scout.Query -> Scout.GotoCenter | Drive to others reported pos
[15 INFO main 89370] Scout.GotoCenter -> Scout.Query | return to random walk
