[11 INFO main 60] Initialising Python Geth Console...
[11 INFO main 64] Initialising RandB board...
[11 INFO main 64] Initialising navigation...
[11 INFO main 64] Initialising random-walk...
[11 INFO main 64] Initialising odometry...
[11 INFO main 64] Initialising ground-sensors...
[11 INFO main 310] --//-- Starting Experiment --//--
[11 INFO main 1407] Idle.IDLE -> Scout.Query | Duration: 18.97
[11 INFO main 53078] Scout.Query -> Scout.GotoCenter | Drive to others reported pos
[11 INFO main 62390] Scout.GotoCenter -> Scout.Query | return to random walk
[11 INFO main 62590] Scout.Query -> Scout.GotoCenter | Drive to others reported pos
[11 INFO main 64195] Scout.GotoCenter -> Scout.Query | return to random walk
[11 INFO main 64696] Scout.Query -> Scout.GotoCenter | Drive to others reported pos
[11 INFO main 64791] Scout.GotoCenter -> Scout.Query | return to random walk
[11 INFO main 65701] Scout.Query -> Scout.GotoCenter | Drive to others reported pos
[11 INFO main 66394] Scout.GotoCenter -> Scout.Query | return to random walk
[11 INFO main 66802] Scout.Query -> Scout.GotoCenter | Drive to others reported pos
[11 INFO main 68303] Scout.GotoCenter -> Scout.Query | return to random walk
[11 INFO main 68905] Scout.Query -> Scout.GotoCenter | Drive to others reported pos
[11 INFO main 71497] Scout.GotoCenter -> Scout.Query | return to random walk
[11 INFO main 71908] Scout.Query -> Scout.GotoCenter | Drive to others reported pos
[11 INFO main 75011] Scout.GotoCenter -> Scout.Query | return to random walk
[11 INFO main 76114] Scout.Query -> Scout.GotoCenter | Drive to others reported pos
[11 INFO main 76406] Scout.GotoCenter -> Scout.Query | return to random walk
[11 INFO main 77211] Scout.Query -> Scout.GotoCenter | Drive to others reported pos
[11 INFO main 78513] Scout.GotoCenter -> Scout.Query | return to random walk
[11 INFO main 79413] Scout.Query -> Scout.GotoCenter | Drive to others reported pos
[11 INFO main 80518] Scout.GotoCenter -> Scout.Query | return to random walk
