[13 INFO main 30] Initialising Python Geth Console...
[13 INFO main 33] Initialising RandB board...
[13 INFO main 33] Initialising navigation...
[13 INFO main 33] Initialising random-walk...
[13 INFO main 33] Initialising odometry...
[13 INFO main 33] Initialising ground-sensors...
[13 INFO main 294] --//-- Starting Experiment --//--
[13 INFO main 1411] Idle.IDLE -> Scout.Query | Duration: 17.53
[13 INFO main 68790] Scout.Query -> Scout.GotoCenter | Drive to others reported pos
[13 INFO main 91516] Scout.GotoCenter -> Scout.Query | return to random walk
[13 INFO main 91613] Scout.Query -> Scout.GotoCenter | Drive to others reported pos
[13 INFO main 96718] Scout.GotoCenter -> Scout.Query | return to random walk
[13 INFO main 96923] Scout.Query -> Scout.GotoCenter | Drive to others reported pos
[13 INFO main 104833] Scout.GotoCenter -> Scout.Query | return to random walk
[13 INFO main 105532] Scout.Query -> Scout.GotoCenter | Drive to others reported pos
[13 INFO main 114137] Scout.GotoCenter -> Scout.Query | return to random walk
[13 INFO main 115044] Scout.Query -> Scout.GotoCenter | Drive to others reported pos
[13 INFO main 116544] Scout.GotoCenter -> Scout.Query | return to random walk
[13 INFO main 117145] Scout.Query -> Scout.GotoCenter | Drive to others reported pos
[13 INFO main 117448] Scout.GotoCenter -> Scout.Query | return to random walk
[13 INFO main 118148] Scout.Query -> Scout.GotoCenter | Drive to others reported pos
[13 INFO main 123646] Scout.GotoCenter -> Scout.Query | return to random walk
[13 INFO main 124456] Scout.Query -> Scout.GotoCenter | Drive to others reported pos
[13 INFO main 124860] Scout.GotoCenter -> Scout.Query | return to random walk
