[9 INFO main 30] Initialising Python Geth Console...
[9 INFO main 33] Initialising RandB board...
[9 INFO main 33] Initialising navigation...
[9 INFO main 33] Initialising random-walk...
[9 INFO main 33] Initialising odometry...
[9 INFO main 33] Initialising ground-sensors...
[9 INFO main 454] --//-- Starting Experiment --//--
[9 INFO main 1564] Idle.IDLE -> Scout.Query | Duration: 21.02
[9 INFO main 155857] Scout.Query -> Scout.GotoCenter | Drive to others reported pos
[9 INFO main 190198] Scout.GotoCenter -> Scout.Query | return to random walk
[9 INFO main 191004] Scout.Query -> Scout.GotoCenter | Drive to others reported pos
[9 INFO main 191904] Scout.GotoCenter -> Scout.Query | return to random walk
[9 INFO main 192005] Scout.Query -> Scout.GotoCenter | Drive to others reported pos
[9 INFO main 195007] Scout.GotoCenter -> Scout.Query | return to random walk
[9 INFO main 195112] Scout.Query -> Scout.GotoCenter | Drive to others reported pos
[9 INFO main 198309] Scout.GotoCenter -> Scout.Query | return to random walk
[9 INFO main 199216] Scout.Query -> Scout.GotoCenter | Drive to others reported pos
[9 INFO main 201917] Scout.GotoCenter -> Scout.Query | return to random walk
[9 INFO main 202318] Scout.Query -> Scout.GotoCenter | Drive to others reported pos
[9 INFO main 202919] Scout.GotoCenter -> Scout.Query | return to random walk
