[12 INFO main 30] Initialising Python Geth Console...
[12 INFO main 33] Initialising RandB board...
[12 INFO main 33] Initialising navigation...
[12 INFO main 33] Initialising random-walk...
[12 INFO main 33] Initialising odometry...
[12 INFO main 34] Initialising ground-sensors...
[12 INFO main 523] --//-- Starting Experiment --//--
[12 INFO main 1632] Idle.IDLE -> Scout.Query | Duration: 23.58
[12 INFO main 60401] Scout.Query -> Scout.GotoCenter | Drive to others reported pos
[12 INFO main 65096] Scout.GotoCenter -> Scout.Query | return to random walk
[12 INFO main 73106] Scout.Query -> Scout.GotoCenter | Drive to others reported pos
[12 INFO main 88932] Scout.GotoCenter -> Scout.Query | return to random walk
[12 INFO main 103255] Scout.Query -> Scout.GotoCenter | Drive to others reported pos
[12 INFO main 107253] Scout.GotoCenter -> Scout.Query | return to random walk
[12 INFO main 156423] Scout.Query -> Scout.GotoCenter | Drive to others reported pos
[12 INFO main 159020] Scout.GotoCenter -> Scout.Query | return to random walk
[12 INFO main 160622] Scout.Query -> Scout.GotoCenter | Drive to others reported pos
[12 INFO main 162524] Scout.GotoCenter -> Scout.Query | return to random walk
[12 INFO main 169039] Scout.Query -> Scout.GotoCenter | Drive to others reported pos
[12 INFO main 173040] Scout.GotoCenter -> Scout.Query | return to random walk
[12 INFO main 188466] Scout.Query -> Scout.GotoCenter | Drive to others reported pos
[12 INFO main 195070] Scout.GotoCenter -> Scout.Query | return to random walk
[12 INFO main 198875] Scout.Query -> Scout.GotoCenter | Drive to others reported pos
[12 INFO main 200679] Scout.GotoCenter -> Scout.Query | return to random walk
[12 INFO main 202979] Scout.Query -> Scout.GotoCenter | Drive to others reported pos
[12 INFO main 203777] Scout.GotoCenter -> Scout.Query | return to random walk
