[12 INFO main 27] Initialising Python Geth Console...
[12 INFO main 31] Initialising RandB board...
[12 INFO main 31] Initialising navigation...
[12 INFO main 31] Initialising random-walk...
[12 INFO main 31] Initialising odometry...
[12 INFO main 31] Initialising ground-sensors...
[12 INFO main 334] --//-- Starting Experiment --//--
[12 INFO main 1423] Idle.IDLE -> Scout.Query | Duration: 22.92
[12 INFO main 15690] Scout.Query -> Scout.GotoCenter | Drive to others reported pos
[12 INFO main 40968] Scout.GotoCenter -> Scout.Query | return to random walk
[12 INFO main 86575] Scout.Query -> Scout.GotoCenter | Drive to others reported pos
[12 INFO main 162250] Scout.GotoCenter -> Scout.Query | return to random walk
[12 INFO main 258679] Scout.Query -> Scout.GotoCenter | Drive to others reported pos
[12 INFO main 288041] Scout.GotoCenter -> Scout.Query | return to random walk
[12 INFO main 333995] Scout.Query -> Scout.GotoCenter | Drive to others reported pos
[12 INFO main 371981] Scout.GotoCenter -> Scout.Query | return to random walk
[12 INFO main 392545] Scout.Query -> Scout.GotoCenter | Drive to others reported pos
[12 INFO main 406456] Scout.GotoCenter -> Scout.Query | return to random walk
[12 INFO main 487694] Scout.Query -> Scout.GotoCenter | Drive to others reported pos
[12 INFO main 592588] Scout.GotoCenter -> Scout.Query | return to random walk
[12 INFO main 653896] Scout.Query -> Scout.GotoCenter | Drive to others reported pos
[12 INFO main 663124] Scout.GotoCenter -> Scout.Query | return to random walk
[12 INFO main 688596] Scout.Query -> Scout.GotoCenter | Drive to others reported pos
[12 INFO main 758518] Scout.GotoCenter -> Scout.Query | return to random walk
[12 INFO main 789000] Scout.Query -> Scout.GotoCenter | Drive to others reported pos
[12 INFO main 859389] Scout.GotoCenter -> Scout.Query | return to random walk
[12 INFO main 920281] Scout.Query -> Scout.GotoCenter | Drive to others reported pos
[12 INFO main 982504] Scout.GotoCenter -> Scout.Query | return to random walk
[12 INFO main 1028458] Scout.Query -> Scout.GotoCenter | Drive to others reported pos
[12 INFO main 1067573] Scout.GotoCenter -> Scout.Query | return to random walk
[12 INFO main 1143618] Scout.Query -> Scout.GotoCenter | Drive to others reported pos
[12 INFO main 1172112] Scout.GotoCenter -> Scout.Query | return to random walk
[12 INFO main 1355882] Scout.Query -> Scout.GotoCenter | Drive to others reported pos
