[7 INFO main 43] Initialising Python Geth Console...
[7 INFO main 47] Initialising RandB board...
[7 INFO main 47] Initialising navigation...
[7 INFO main 47] Initialising random-walk...
[7 INFO main 47] Initialising odometry...
[7 INFO main 47] Initialising ground-sensors...
[7 INFO main 547] --//-- Starting Experiment --//--
[7 INFO main 1643] Idle.IDLE -> Scout.Query | Duration: 22.05
[7 INFO main 95874] Scout.Query -> Scout.GotoCenter | Drive to others reported pos
[7 INFO main 108183] Scout.GotoCenter -> Scout.Query | return to random walk
[7 INFO main 108289] Scout.Query -> Scout.GotoCenter | Drive to others reported pos
[7 INFO main 111188] Scout.GotoCenter -> Scout.Query | return to random walk
[7 INFO main 111390] Scout.Query -> Scout.GotoCenter | Drive to others reported pos
[7 INFO main 112696] Scout.GotoCenter -> Scout.Query | return to random walk
[7 INFO main 208513] Scout.Query -> Scout.GotoCenter | Drive to others reported pos
[7 INFO main 226437] Scout.GotoCenter -> Scout.Query | return to random walk
[7 INFO main 226741] Scout.Query -> Scout.GotoCenter | Drive to others reported pos
[7 INFO main 228742] Scout.GotoCenter -> Scout.Query | return to random walk
[7 INFO main 228844] Scout.Query -> Scout.GotoCenter | Drive to others reported pos
[7 INFO main 229546] Scout.GotoCenter -> Scout.Query | return to random walk
