[2 INFO main 28] Initialising Python Geth Console...
[2 INFO main 32] Initialising RandB board...
[2 INFO main 32] Initialising navigation...
[2 INFO main 32] Initialising random-walk...
[2 INFO main 32] Initialising odometry...
[2 INFO main 32] Initialising ground-sensors...
[2 INFO main 885] --//-- Starting Experiment --//--
[2 INFO main 2346] Idle.IDLE -> Scout.Query | Duration: 31.50
[2 INFO main 40104] Scout.Query -> Verify.DriveTo | Go to unverified source
[2 INFO main 77594] Verify.DriveTo -> Verify.Homing | Homing
[2 INFO main 102336] Confirming: 2/9
[2 INFO main 106500] Confirming: 3/9
[2 INFO main 108641] Confirming: 4/9
[2 INFO main 110745] Confirming: 6/9
[2 INFO main 111844] Verify.Homing -> Scout.Query | Arrived home
[2 INFO main 112782] Confirming: 7/9
[2 INFO main 114871] Confirming: 8/9
[2 INFO main 118871] Confirming: 10/9
[2 INFO main 119523] Scout.Query -> Verify.DriveTo | Go to unverified source
[2 INFO main 138731] Verify.DriveTo -> Verify.Homing | Homing
[2 INFO main 162691] Verify.Homing -> Scout.Query | Arrived home
[2 INFO main 165858] Confirming: 1/9
[2 INFO main 167943] Confirming: 2/9
[2 INFO main 170008] Confirming: 3/9
[2 INFO main 172076] Confirming: 4/9
[2 INFO main 174107] Confirming: 5/9
[2 INFO main 176229] Confirming: 6/9
[2 INFO main 178281] Confirming: 7/9
[2 INFO main 180337] Confirming: 8/9
[2 INFO main 182401] Confirming: 10/9
[2 INFO main 182550] Scout.Query -> Verify.DriveTo | Go to unverified source
[2 INFO main 194481] Verify.DriveTo -> Verify.Homing | Homing
[2 INFO main 217085] Verify.Homing -> Scout.Query | Arrived home
[2 INFO main 219315] Confirming: 1/9
[2 INFO main 221371] Confirming: 2/9
[2 INFO main 223397] Confirming: 3/9
[2 INFO main 225452] Confirming: 4/9
[2 INFO main 227462] Confirming: 5/9
[2 INFO main 229508] Confirming: 6/9
[2 INFO main 231584] Confirming: 7/9
[2 INFO main 233632] Confirming: 8/9
[2 INFO main 237742] Confirming: 10/9
[2 INFO main 237763] Scout.Query -> Verify.DriveTo | Go to unverified source
[2 INFO main 260789] Verify.DriveTo -> Verify.Homing | Homing
[2 INFO main 285682] Confirming: 1/9
[2 INFO main 287709] Confirming: 2/9
[2 INFO main 289960] Confirming: 3/9
[2 INFO main 292021] Confirming: 4/9
[2 INFO main 294070] Confirming: 5/9
[2 INFO main 296133] Confirming: 6/9
[2 INFO main 298162] Confirming: 7/9
[2 INFO main 298786] Verify.Homing -> Scout.Query | Arrived home
[2 INFO main 300279] Confirming: 8/9
[2 INFO main 302312] Confirming: 9/9
[2 INFO main 302409] Scout.Query -> Verify.DriveTo | Go to unverified source
[2 INFO main 330089] Verify.DriveTo -> Verify.Homing | Homing
[2 INFO main 346667] Confirming: 2/9
[2 INFO main 347304] Verify.Homing -> Scout.Query | Arrived home
[2 INFO main 348708] Confirming: 3/9
[2 INFO main 350746] Confirming: 4/9
[2 INFO main 352853] Confirming: 5/9
[2 INFO main 354854] Confirming: 6/9
[2 INFO main 356930] Confirming: 7/9
[2 INFO main 358957] Confirming: 8/9
[2 INFO main 361029] Confirming: 9/9
[2 INFO main 361111] Scout.Query -> Verify.DriveTo | Go to unverified source
[2 INFO main 377477] Verify.DriveTo -> Verify.Homing | Homing
[2 INFO main 398710] Verify.Homing -> Scout.Query | Arrived home
[2 INFO main 407454] Confirming: 1/9
[2 INFO main 409462] Confirming: 3/9
[2 INFO main 417644] Confirming: 7/9
[2 INFO main 419672] Confirming: 8/9
[2 INFO main 421716] Confirming: 9/9
[2 INFO main 421799] Scout.Query -> Verify.DriveTo | Go to unverified source
[2 INFO main 455449] Verify.DriveTo -> Verify.Homing | Homing
[2 INFO main 457640] Confirming: 1/9
[2 INFO main 461821] Confirming: 2/9
[2 INFO main 464055] Confirming: 4/9
[2 INFO main 466102] Confirming: 5/9
[2 INFO main 468239] Confirming: 6/9
[2 INFO main 470283] Confirming: 7/9
[2 INFO main 472292] Confirming: 8/9
[2 INFO main 474395] Confirming: 9/9
[2 INFO main 484527] Verify.Homing -> Scout.Query | Arrived home
[2 INFO main 484656] Scout.Query -> Verify.DriveTo | Go to unverified source
[2 INFO main 517918] Verify.DriveTo -> Verify.Homing | Homing
[2 INFO main 526174] Confirming: 1/9
[2 INFO main 530294] Confirming: 3/9
[2 INFO main 532325] Confirming: 4/9
[2 INFO main 534360] Confirming: 5/9
[2 INFO main 536446] Confirming: 6/9
[2 INFO main 538503] Confirming: 7/9
[2 INFO main 540518] Confirming: 8/9
[2 INFO main 542604] Confirming: 9/9
[2 INFO main 543616] Verify.Homing -> Scout.Query | Arrived home
[2 INFO main 555510] Scout.Query -> Verify.DriveTo | Go to unverified source
[2 INFO main 589116] Verify.DriveTo -> Verify.Homing | Homing
[2 INFO main 606972] Verify.Homing -> Scout.Query | Arrived home
[2 INFO main 616129] Confirming: 1/9
[2 INFO main 618118] Confirming: 2/9
[2 INFO main 620255] Confirming: 3/9
[2 INFO main 622312] Confirming: 4/9
[2 INFO main 624396] Confirming: 5/9
[2 INFO main 626568] Confirming: 6/9
[2 INFO main 628668] Confirming: 7/9
[2 INFO main 630754] Confirming: 8/9
[2 INFO main 632972] Confirming: 9/9
[2 INFO main 633004] Scout.Query -> Verify.DriveTo | Go to unverified source
[2 INFO main 692020] Verify.DriveTo -> Verify.Homing | Homing
[2 INFO main 706529] Confirming: 1/9
[2 INFO main 710764] Confirming: 3/9
[2 INFO main 712838] Confirming: 4/9
[2 INFO main 716930] Confirming: 6/9
[2 INFO main 718979] Confirming: 7/9
[2 INFO main 718980] Verify.Homing -> Scout.Query | Arrived home
[2 INFO main 721160] Confirming: 8/9
[2 INFO main 723267] Confirming: 9/9
[2 INFO main 723536] Scout.Query -> Verify.DriveTo | Go to unverified source
[2 INFO main 769128] Verify.DriveTo -> Verify.Homing | Homing
[2 INFO main 793876] Verify.Homing -> Scout.Query | Arrived home
[2 INFO main 798630] Confirming: 2/9
[2 INFO main 800697] Confirming: 3/9
[2 INFO main 802724] Confirming: 4/9
[2 INFO main 804926] Confirming: 5/9
[2 INFO main 806946] Confirming: 6/9
[2 INFO main 808990] Confirming: 7/9
[2 INFO main 811006] Confirming: 8/9
[2 INFO main 813158] Confirming: 9/9
[2 INFO main 814121] Scout.Query -> Verify.DriveTo | Go to unverified source
[2 INFO main 852413] Verify.DriveTo -> Verify.Homing | Homing
[2 INFO main 858625] Confirming: 2/9
[2 INFO main 860664] Confirming: 3/9
[2 INFO main 862708] Confirming: 4/9
[2 INFO main 864779] Confirming: 5/9
[2 INFO main 866804] Confirming: 6/9
[2 INFO main 870854] Confirming: 8/9
[2 INFO main 872949] Confirming: 9/9
[2 INFO main 887757] Verify.Homing -> Scout.Query | Arrived home
[2 INFO main 887893] Scout.Query -> Verify.DriveTo | Go to unverified source
[2 INFO main 911958] Verify.DriveTo -> Verify.Homing | Homing
[2 INFO main 930889] Verify.Homing -> Scout.Query | Arrived home
[2 INFO main 947179] Confirming: 1/9
[2 INFO main 949187] Confirming: 2/9
[2 INFO main 951267] Confirming: 3/9
[2 INFO main 953321] Confirming: 4/9
[2 INFO main 955411] Confirming: 5/9
[2 INFO main 957483] Confirming: 6/9
[2 INFO main 959589] Confirming: 7/9
[2 INFO main 963682] Confirming: 9/9
[2 INFO main 964250] Scout.Query -> Verify.DriveTo | Go to unverified source
[2 INFO main 989478] Verify.DriveTo -> Verify.Homing | Homing
[2 INFO main 1008250] Confirming: 1/9
[2 INFO main 1010308] Confirming: 2/9
[2 INFO main 1012432] Confirming: 4/9
[2 INFO main 1014554] Confirming: 5/9
[2 INFO main 1016603] Confirming: 6/9
[2 INFO main 1018378] Verify.Homing -> Scout.Query | Arrived home
[2 INFO main 1020780] Confirming: 7/9
[2 INFO main 1022864] Confirming: 9/9
[2 INFO main 1023130] Scout.Query -> Verify.DriveTo | Go to unverified source
[2 INFO main 1058480] Verify.DriveTo -> Verify.Homing | Homing
[2 INFO main 1068816] Confirming: 2/9
[2 INFO main 1070837] Confirming: 3/9
[2 INFO main 1072914] Confirming: 4/9
[2 INFO main 1074952] Confirming: 5/9
[2 INFO main 1079169] Confirming: 7/9
[2 INFO main 1081271] Confirming: 8/9
[2 INFO main 1083283] Confirming: 9/9
[2 INFO main 1090443] Verify.Homing -> Scout.Query | Arrived home
[2 INFO main 1090568] Scout.Query -> Verify.DriveTo | Go to unverified source
[2 INFO main 1132994] Verify.DriveTo -> Verify.Homing | Homing
[2 INFO main 1158490] Confirming: 1/9
[2 INFO main 1160805] Confirming: 3/9
[2 INFO main 1162898] Confirming: 4/9
[2 INFO main 1164996] Confirming: 5/9
[2 INFO main 1167178] Confirming: 6/9
[2 INFO main 1169298] Confirming: 7/9
[2 INFO main 1171359] Confirming: 8/9
[2 INFO main 1172267] Verify.Homing -> Scout.Query | Arrived home
[2 INFO main 1173418] Confirming: 9/9
[2 INFO main 1173454] Scout.Query -> Verify.DriveTo | Go to unverified source
[2 INFO main 1225952] Verify.DriveTo -> Verify.Homing | Homing
[2 INFO main 1246837] Confirming: 1/9
[2 INFO main 1248881] Confirming: 2/9
[2 INFO main 1250897] Confirming: 3/9
[2 INFO main 1252789] Verify.Homing -> Scout.Query | Arrived home
[2 INFO main 1252994] Confirming: 4/9
[2 INFO main 1255021] Confirming: 5/9
[2 INFO main 1257034] Confirming: 6/9
[2 INFO main 1259128] Confirming: 7/9
[2 INFO main 1261229] Confirming: 8/9
[2 INFO main 1263289] Confirming: 9/9
[2 INFO main 1263791] Scout.Query -> Verify.DriveTo | Go to unverified source
[2 INFO main 1301974] Verify.DriveTo -> Verify.Homing | Homing
[2 INFO main 1308406] Confirming: 2/9
[2 INFO main 1312451] Confirming: 3/9
[2 INFO main 1314452] Confirming: 5/9
[2 INFO main 1316492] Confirming: 6/9
[2 INFO main 1318740] Confirming: 7/9
[2 INFO main 1320725] Confirming: 8/9
[2 INFO main 1322806] Confirming: 9/9
[2 INFO main 1325203] Verify.Homing -> Scout.Query | Arrived home
[2 INFO main 1325313] Scout.Query -> Verify.DriveTo | Go to unverified source
[2 INFO main 1369497] Verify.DriveTo -> Verify.Homing | Homing
[2 INFO main 1396862] Confirming: 1/9
[2 INFO main 1398888] Confirming: 2/9
[2 INFO main 1400945] Confirming: 3/9
[2 INFO main 1402984] Confirming: 4/9
[2 INFO main 1405000] Confirming: 5/9
[2 INFO main 1407218] Confirming: 6/9
[2 INFO main 1409272] Confirming: 7/9
[2 INFO main 1411340] Confirming: 8/9
[2 INFO main 1415509] Confirming: 9/9
[2 INFO main 1426650] Verify.Homing -> Scout.Query | Arrived home
[2 INFO main 1426790] Scout.Query -> Verify.DriveTo | Go to unverified source
[2 INFO main 1471011] Verify.DriveTo -> Verify.Homing | Homing
[2 INFO main 1488023] Confirming: 1/9
[2 INFO main 1490028] Confirming: 2/9
[2 INFO main 1492052] Confirming: 3/9
[2 INFO main 1494030] Confirming: 4/9
[2 INFO main 1496155] Confirming: 5/9
[2 INFO main 1498217] Confirming: 6/9
[2 INFO main 1500314] Confirming: 7/9
[2 INFO main 1501127] Verify.Homing -> Scout.Query | Arrived home
[2 INFO main 1502398] Confirming: 8/9
[2 INFO main 1504436] Confirming: 10/9
[2 INFO main 1504616] Scout.Query -> Verify.DriveTo | Go to unverified source
[2 INFO main 1536119] Verify.DriveTo -> Verify.Homing | Homing
[2 INFO main 1546685] Confirming: 1/9
[2 INFO main 1548776] Confirming: 2/9
[2 INFO main 1550738] Confirming: 3/9
[2 INFO main 1552807] Confirming: 4/9
[2 INFO main 1556891] Confirming: 6/9
[2 INFO main 1558943] Confirming: 7/9
[2 INFO main 1559075] Verify.Homing -> Scout.Query | Arrived home
[2 INFO main 1561034] Confirming: 8/9
[2 INFO main 1563044] Confirming: 9/9
[2 INFO main 1563523] Scout.Query -> Verify.DriveTo | Go to unverified source
[2 INFO main 1608304] Verify.DriveTo -> Verify.Homing | Homing
[2 INFO main 1628482] Verify.Homing -> Scout.Query | Arrived home
[2 INFO main 1637353] Confirming: 1/9
[2 INFO main 1639373] Confirming: 2/9
[2 INFO main 1641413] Confirming: 3/9
[2 INFO main 1643516] Confirming: 4/9
[2 INFO main 1645568] Confirming: 5/9
[2 INFO main 1647570] Confirming: 6/9
[2 INFO main 1649703] Confirming: 7/9
[2 INFO main 1651738] Confirming: 8/9
[2 INFO main 1653879] Confirming: 9/9
[2 INFO main 1654051] Scout.Query -> Verify.DriveTo | Go to unverified source
[2 INFO main 1687091] Verify.DriveTo -> Verify.Homing | Homing
[2 INFO main 1697966] Confirming: 1/9
[2 INFO main 1700012] Confirming: 2/9
[2 INFO main 1702030] Confirming: 3/9
[2 INFO main 1704154] Confirming: 4/9
[2 INFO main 1706324] Confirming: 5/9
[2 INFO main 1708317] Confirming: 6/9
[2 INFO main 1710430] Confirming: 8/9
[2 INFO main 1712471] Confirming: 9/9
[2 INFO main 1712737] Verify.Homing -> Scout.Query | Arrived home
[2 INFO main 1712880] Scout.Query -> Verify.DriveTo | Go to unverified source
[2 INFO main 1740113] Verify.DriveTo -> Verify.Homing | Homing
[2 INFO main 1756691] Confirming: 1/9
[2 INFO main 1758808] Confirming: 2/9
[2 INFO main 1760891] Confirming: 3/9
[2 INFO main 1762936] Confirming: 4/9
[2 INFO main 1765012] Confirming: 5/9
[2 INFO main 1767109] Confirming: 6/9
[2 INFO main 1769174] Confirming: 7/9
[2 INFO main 1771274] Confirming: 8/9
[2 INFO main 1773298] Confirming: 9/9
[2 INFO main 1779694] Verify.Homing -> Scout.Query | Arrived home
[2 INFO main 1779924] Scout.Query -> Verify.DriveTo | Go to unverified source
