[6 INFO main 29] Initialising Python Geth Console...
[6 INFO main 33] Initialising RandB board...
[6 INFO main 33] Initialising navigation...
[6 INFO main 33] Initialising random-walk...
[6 INFO main 33] Initialising odometry...
[6 INFO main 33] Initialising ground-sensors...
[6 INFO main 834] --//-- Starting Experiment --//--
[6 INFO main 1934] Idle.IDLE -> Scout.Query | Duration: 20.25
[6 INFO main 26138] Scout.Query -> Scout.GotoCenter | Drive to others reported pos
[6 INFO main 49250] Scout.GotoCenter -> Scout.Query | return to random walk
[6 INFO main 75813] Confirming: 1/8
[6 INFO main 77838] Confirming: 2/8
[6 INFO main 79921] Confirming: 3/8
[6 INFO main 81946] Confirming: 5/8
[6 INFO main 83979] Confirming: 6/8
[6 INFO main 86039] Confirming: 7/8
[6 INFO main 88091] Confirming: 8/8
[6 INFO main 273944] Scout.Query -> Scout.GotoCenter | Drive to others reported pos
[6 INFO main 315072] Scout.GotoCenter -> Scout.Query | return to random walk
[6 INFO main 329319] Confirming: 1/8
[6 INFO main 331407] Confirming: 2/8
[6 INFO main 333423] Confirming: 3/8
[6 INFO main 335563] Confirming: 4/8
[6 INFO main 337590] Confirming: 5/8
[6 INFO main 339647] Confirming: 6/8
[6 INFO main 341651] Confirming: 7/8
[6 INFO main 343729] Confirming: 8/8
[6 INFO main 507315] Confirming: 1/8
[6 INFO main 509410] Confirming: 2/8
[6 INFO main 511455] Confirming: 3/8
[6 INFO main 513495] Confirming: 4/8
[6 INFO main 515571] Confirming: 5/8
[6 INFO main 517655] Confirming: 6/8
[6 INFO main 519759] Confirming: 7/8
[6 INFO main 521826] Confirming: 8/8
[6 INFO main 524832] Scout.Query -> Scout.GotoCenter | Drive to others reported pos
[6 INFO main 563062] Scout.GotoCenter -> Scout.Query | return to random walk
[6 INFO main 569323] Confirming: 1/8
[6 INFO main 573415] Confirming: 2/8
[6 INFO main 575438] Confirming: 4/8
[6 INFO main 579599] Confirming: 6/8
[6 INFO main 581663] Confirming: 7/8
[6 INFO main 583679] Confirming: 8/8
[6 INFO main 940367] Confirming: 6/8
[6 INFO main 942395] Confirming: 7/8
[6 INFO main 944430] Confirming: 8/8
[6 INFO main 1058692] Scout.Query -> Scout.GotoCenter | Drive to others reported pos
[6 INFO main 1085525] Scout.GotoCenter -> Scout.Query | return to random walk
[6 INFO main 1108154] Confirming: 1/8
[6 INFO main 1110207] Confirming: 2/8
[6 INFO main 1112292] Confirming: 3/8
[6 INFO main 1114406] Confirming: 4/8
[6 INFO main 1116486] Confirming: 5/8
[6 INFO main 1118531] Confirming: 6/8
[6 INFO main 1120667] Confirming: 7/8
[6 INFO main 1122766] Confirming: 8/8
[6 INFO main 1126109] Scout.Query -> Scout.GotoCenter | Drive to others reported pos
[6 INFO main 1144264] Scout.GotoCenter -> Scout.Query | return to random walk
[6 INFO main 1198038] Confirming: 1/8
[6 INFO main 1200127] Confirming: 2/8
[6 INFO main 1202175] Confirming: 3/8
[6 INFO main 1204239] Confirming: 4/8
[6 INFO main 1206291] Confirming: 5/8
[6 INFO main 1208336] Confirming: 6/8
[6 INFO main 1210423] Confirming: 7/8
[6 INFO main 1212476] Confirming: 8/8
[6 INFO main 1215859] Scout.Query -> Scout.GotoCenter | Drive to others reported pos
[6 INFO main 1236322] Scout.GotoCenter -> Scout.Query | return to random walk
[6 INFO main 1258916] Confirming: 1/8
[6 INFO main 1260995] Confirming: 2/8
[6 INFO main 1263003] Confirming: 4/8
[6 INFO main 1265047] Confirming: 5/8
[6 INFO main 1267158] Confirming: 6/8
[6 INFO main 1271335] Confirming: 8/8
[6 INFO main 1504592] Scout.Query -> Scout.GotoCenter | Drive to others reported pos
[6 INFO main 1544334] Scout.GotoCenter -> Scout.Query | return to random walk
[6 INFO main 1562868] Confirming: 1/8
[6 INFO main 1567087] Confirming: 3/8
[6 INFO main 1569099] Confirming: 4/8
[6 INFO main 1573211] Confirming: 5/8
[6 INFO main 1575292] Confirming: 7/8
[6 INFO main 1577330] Confirming: 8/8
[6 INFO main 1923638] Scout.Query -> Scout.GotoCenter | Drive to others reported pos
[6 INFO main 1949528] Scout.GotoCenter -> Scout.Query | return to random walk
[6 INFO main 1994799] Confirming: 1/8
[6 INFO main 1996911] Confirming: 2/8
[6 INFO main 1998999] Confirming: 3/8
[6 INFO main 2001066] Confirming: 4/8
[6 INFO main 2003135] Confirming: 5/8
[6 INFO main 2005139] Confirming: 6/8
[6 INFO main 2007216] Confirming: 7/8
[6 INFO main 2009271] Confirming: 8/8
[6 INFO main 2010634] Scout.Query -> Scout.GotoCenter | Drive to others reported pos
[6 INFO main 2054559] Scout.GotoCenter -> Scout.Query | return to random walk
[6 INFO main 2085651] Confirming: 1/8
[6 INFO main 2087707] Confirming: 2/8
[6 INFO main 2089707] Confirming: 3/8
[6 INFO main 2091764] Confirming: 4/8
[6 INFO main 2093834] Confirming: 6/8
[6 INFO main 2095961] Confirming: 7/8
[6 INFO main 2098082] Confirming: 8/8
[6 INFO main 2100544] Scout.Query -> Scout.GotoCenter | Drive to others reported pos
[6 INFO main 2130459] Scout.GotoCenter -> Scout.Query | return to random walk
[6 INFO main 2145455] Confirming: 1/8
[6 INFO main 2147547] Confirming: 2/8
[6 INFO main 2149682] Confirming: 3/8
[6 INFO main 2151826] Confirming: 4/8
[6 INFO main 2153924] Confirming: 5/8
[6 INFO main 2164715] Confirming: 11/8
[6 INFO main 2166122] Scout.Query -> Scout.GotoCenter | Drive to others reported pos
[6 INFO main 2217527] Scout.GotoCenter -> Scout.Query | return to random walk
[6 INFO main 2232428] Confirming: 1/8
[6 INFO main 2234691] Confirming: 2/8
[6 INFO main 2236823] Confirming: 3/8
[6 INFO main 2239079] Confirming: 4/8
[6 INFO main 2241119] Confirming: 5/8
[6 INFO main 2243145] Confirming: 6/8
[6 INFO main 2245190] Confirming: 7/8
[6 INFO main 2247261] Confirming: 8/8
[6 INFO main 2588634] Scout.Query -> Scout.GotoCenter | Drive to others reported pos
[6 INFO main 2612718] Scout.GotoCenter -> Scout.Query | return to random walk
[6 INFO main 2635365] Confirming: 1/8
[6 INFO main 2637466] Confirming: 2/8
[6 INFO main 2639513] Confirming: 3/8
[6 INFO main 2641618] Confirming: 4/8
[6 INFO main 2643739] Confirming: 5/8
[6 INFO main 2645834] Confirming: 7/8
[6 INFO main 2647888] Confirming: 8/8
[6 INFO main 2648311] Scout.Query -> Scout.GotoCenter | Drive to others reported pos
[6 INFO main 2659393] Scout.GotoCenter -> Scout.Query | return to random walk
[6 INFO main 2678019] Confirming: 1/8
[6 INFO main 2680127] Confirming: 3/8
[6 INFO main 2684288] Confirming: 4/8
[6 INFO main 2686311] Confirming: 6/8
[6 INFO main 2688331] Confirming: 7/8
[6 INFO main 2690354] Confirming: 8/8
[6 INFO main 3011129] Scout.Query -> Scout.GotoCenter | Drive to others reported pos
[6 INFO main 3048521] Scout.GotoCenter -> Scout.Query | return to random walk
[6 INFO main 3079539] Confirming: 1/8
[6 INFO main 3081564] Confirming: 2/8
[6 INFO main 3083599] Confirming: 3/8
[6 INFO main 3085607] Confirming: 4/8
[6 INFO main 3140882] Confirming: 31/8
[6 INFO main 3145157] Scout.Query -> Scout.GotoCenter | Drive to others reported pos
[6 INFO main 3183854] Scout.GotoCenter -> Scout.Query | return to random walk
[6 INFO main 3190267] Confirming: 1/8
[6 INFO main 3192374] Confirming: 2/8
[6 INFO main 3194455] Confirming: 3/8
[6 INFO main 3197236] Confirming: 4/8
[6 INFO main 3199376] Confirming: 5/8
[6 INFO main 3201435] Confirming: 6/8
[6 INFO main 3203435] Confirming: 7/8
[6 INFO main 3205471] Confirming: 8/8
[6 INFO main 3603305] Scout.Query -> Scout.GotoCenter | Drive to others reported pos
[6 INFO main 3644075] Scout.GotoCenter -> Scout.Query | return to random walk
[6 INFO main 3660502] Confirming: 1/8
[6 INFO main 3662601] Confirming: 2/8
[6 INFO main 3664659] Confirming: 3/8
[6 INFO main 3666666] Confirming: 4/8
[6 INFO main 3668722] Confirming: 5/8
[6 INFO main 3670728] Confirming: 6/8
[6 INFO main 3672802] Confirming: 7/8
[6 INFO main 3674899] Confirming: 9/8
[6 INFO main 3679610] Scout.Query -> Scout.GotoCenter | Drive to others reported pos
[6 INFO main 3699931] Scout.GotoCenter -> Scout.Query | return to random walk
[6 INFO main 3720606] Confirming: 1/8
[6 INFO main 3722750] Confirming: 2/8
[6 INFO main 3724804] Confirming: 3/8
[6 INFO main 3726840] Confirming: 5/8
[6 INFO main 3728931] Confirming: 6/8
[6 INFO main 3730979] Confirming: 7/8
[6 INFO main 3735111] Confirming: 9/8
[6 INFO main 3735917] Scout.Query -> Scout.GotoCenter | Drive to others reported pos
[6 INFO main 3746600] Scout.GotoCenter -> Scout.Query | return to random walk
[6 INFO main 3812060] Confirming: 2/8
[6 INFO main 3816179] Confirming: 3/8
[6 INFO main 3818271] Confirming: 5/8
[6 INFO main 3822415] Confirming: 6/8
[6 INFO main 3824543] Confirming: 7/8
[6 INFO main 3826675] Confirming: 8/8
[6 INFO main 4004427] Confirming: 1/8
[6 INFO main 4006423] Confirming: 2/8
[6 INFO main 4008567] Confirming: 3/8
[6 INFO main 4010611] Confirming: 4/8
[6 INFO main 4012646] Confirming: 5/8
[6 INFO main 4014807] Confirming: 6/8
[6 INFO main 4016812] Confirming: 7/8
[6 INFO main 4018838] Confirming: 9/8
[6 INFO main 4019911] Scout.Query -> Scout.GotoCenter | Drive to others reported pos
[6 INFO main 4055475] Scout.GotoCenter -> Scout.Query | return to random walk
[6 INFO main 4063799] Confirming: 1/8
[6 INFO main 4065863] Confirming: 2/8
[6 INFO main 4067931] Confirming: 3/8
[6 INFO main 4070011] Confirming: 4/8
[6 INFO main 4072030] Confirming: 5/8
[6 INFO main 4074054] Confirming: 6/8
[6 INFO main 4076109] Confirming: 7/8
[6 INFO main 4078149] Confirming: 8/8
[6 INFO main 4396163] Confirming: 1/8
[6 INFO main 4398171] Confirming: 2/8
[6 INFO main 4400191] Confirming: 3/8
[6 INFO main 4402284] Confirming: 5/8
[6 INFO main 4404380] Confirming: 6/8
[6 INFO main 4406391] Confirming: 7/8
[6 INFO main 4408399] Confirming: 8/8
[6 INFO main 4409390] Scout.Query -> Scout.GotoCenter | Drive to others reported pos
[6 INFO main 4424511] Scout.GotoCenter -> Scout.Query | return to random walk
[6 INFO main 4455076] Confirming: 1/8
[6 INFO main 4457095] Confirming: 2/8
[6 INFO main 4459118] Confirming: 3/8
[6 INFO main 4461127] Confirming: 4/8
[6 INFO main 4463215] Confirming: 5/8
[6 INFO main 4465231] Confirming: 6/8
[6 INFO main 4467323] Confirming: 7/8
[6 INFO main 4469339] Confirming: 8/8
[6 INFO main 4470473] Scout.Query -> Scout.GotoCenter | Drive to others reported pos
[6 INFO main 4508843] Scout.GotoCenter -> Scout.Query | return to random walk
[6 INFO main 4515243] Confirming: 1/8
[6 INFO main 4517315] Confirming: 2/8
[6 INFO main 4519427] Confirming: 3/8
[6 INFO main 4521451] Confirming: 4/8
[6 INFO main 4523490] Confirming: 5/8
[6 INFO main 4525619] Confirming: 6/8
[6 INFO main 4527686] Confirming: 7/8
[6 INFO main 4529695] Confirming: 8/8
[6 INFO main 4534322] Scout.Query -> Scout.GotoCenter | Drive to others reported pos
[6 INFO main 4573711] Scout.GotoCenter -> Scout.Query | return to random walk
[6 INFO main 4602003] Confirming: 1/8
[6 INFO main 4604046] Confirming: 2/8
[6 INFO main 4606476] Confirming: 3/8
[6 INFO main 4608535] Confirming: 4/8
[6 INFO main 4610591] Confirming: 5/8
[6 INFO main 4612711] Confirming: 6/8
[6 INFO main 4615399] Confirming: 8/8
[6 INFO main 4619451] Scout.Query -> Scout.GotoCenter | Drive to others reported pos
[6 INFO main 4710350] Scout.GotoCenter -> Scout.Query | return to random walk
[6 INFO main 4725471] Confirming: 1/8
[6 INFO main 4727942] Confirming: 2/8
[6 INFO main 4730073] Confirming: 3/8
[6 INFO main 4732334] Confirming: 4/8
[6 INFO main 4736706] Confirming: 6/8
[6 INFO main 4738926] Confirming: 7/8
[6 INFO main 4740841] Confirming: 9/8
[6 INFO main 4746063] Scout.Query -> Scout.GotoCenter | Drive to others reported pos
[6 INFO main 4810791] Scout.GotoCenter -> Scout.Query | return to random walk
[6 INFO main 4815926] Confirming: 1/8
[6 INFO main 4818315] Confirming: 2/8
[6 INFO main 4820974] Confirming: 4/8
[6 INFO main 4823391] Confirming: 5/8
[6 INFO main 4826077] Confirming: 6/8
[6 INFO main 4828498] Confirming: 7/8
[6 INFO main 4830694] Confirming: 8/8
[6 INFO main 4832684] Scout.Query -> Scout.GotoCenter | Drive to others reported pos
[6 INFO main 4939065] Scout.GotoCenter -> Scout.Query | return to random walk
[6 INFO main 4955642] Confirming: 2/8
[6 INFO main 4958081] Confirming: 3/8
[6 INFO main 4960738] Confirming: 4/8
[6 INFO main 4963125] Confirming: 6/8
[6 INFO main 4965814] Confirming: 7/8
[6 INFO main 4968110] Confirming: 8/8
[6 INFO main 4971362] Scout.Query -> Scout.GotoCenter | Drive to others reported pos
[6 INFO main 6014206] Scout.GotoCenter -> Scout.Query | return to random walk
[6 INFO main 6048445] Confirming: 1/8
[6 INFO main 6050926] Confirming: 2/8
[6 INFO main 6053039] Confirming: 3/8
[6 INFO main 6055159] Confirming: 5/8
[6 INFO main 6059234] Confirming: 7/8
[6 INFO main 6063339] Confirming: 9/8
[6 INFO main 6066827] Scout.Query -> Scout.GotoCenter | Drive to others reported pos
[6 INFO main 6097913] Scout.GotoCenter -> Scout.Query | return to random walk
[6 INFO main 6108178] Confirming: 1/8
[6 INFO main 6110177] Confirming: 2/8
[6 INFO main 6114214] Confirming: 4/8
[6 INFO main 6124563] Confirming: 8/8
[6 INFO main 6128599] Scout.Query -> Scout.GotoCenter | Drive to others reported pos
[6 INFO main 6159129] Scout.GotoCenter -> Scout.Query | return to random walk
[6 INFO main 6169392] Confirming: 1/8
[6 INFO main 6171539] Confirming: 2/8
[6 INFO main 6173574] Confirming: 3/8
[6 INFO main 6175723] Confirming: 4/8
[6 INFO main 6177833] Confirming: 5/8
[6 INFO main 6179990] Confirming: 7/8
[6 INFO main 6184072] Confirming: 9/8
[6 INFO main 6578128] Scout.Query -> Scout.GotoCenter | Drive to others reported pos
[6 INFO main 6615147] Scout.GotoCenter -> Scout.Query | return to random walk
[6 INFO main 6625502] Confirming: 1/8
[6 INFO main 6627567] Confirming: 2/8
[6 INFO main 6629687] Confirming: 3/8
[6 INFO main 6631793] Confirming: 4/8
[6 INFO main 6633842] Confirming: 5/8
[6 INFO main 6635916] Confirming: 6/8
[6 INFO main 6639971] Confirming: 8/8
[6 INFO main 6813078] Scout.Query -> Scout.GotoCenter | Drive to others reported pos
[6 INFO main 6835596] Scout.GotoCenter -> Scout.Query | return to random walk
[6 INFO main 6850127] Confirming: 1/8
[6 INFO main 6852138] Confirming: 2/8
[6 INFO main 6854215] Confirming: 3/8
[6 INFO main 6856283] Confirming: 4/8
[6 INFO main 6858401] Confirming: 5/8
[6 INFO main 6860406] Confirming: 6/8
[6 INFO main 6862499] Confirming: 7/8
[6 INFO main 6864571] Confirming: 8/8
[6 INFO main 6866331] Scout.Query -> Scout.GotoCenter | Drive to others reported pos
[6 INFO main 6898807] Scout.GotoCenter -> Scout.Query | return to random walk
[6 INFO main 6911247] Confirming: 2/8
[6 INFO main 6913296] Confirming: 3/8
[6 INFO main 6915379] Confirming: 4/8
[6 INFO main 6919551] Confirming: 6/8
[6 INFO main 6921608] Confirming: 7/8
[6 INFO main 6923683] Confirming: 8/8
[6 INFO main 6924689] Scout.Query -> Scout.GotoCenter | Drive to others reported pos
[6 INFO main 6930297] Scout.GotoCenter -> Scout.Query | return to random walk
[6 INFO main 6942775] Confirming: 2/8
[6 INFO main 6944814] Confirming: 3/8
[6 INFO main 6946895] Confirming: 4/8
[6 INFO main 6948958] Confirming: 5/8
[6 INFO main 6950951] Confirming: 6/8
[6 INFO main 6953091] Confirming: 7/8
[6 INFO main 6955158] Confirming: 8/8
