[8 INFO main 29] Initialising Python Geth Console...
[8 INFO main 34] Initialising RandB board...
[8 INFO main 34] Initialising navigation...
[8 INFO main 34] Initialising random-walk...
[8 INFO main 34] Initialising odometry...
[8 INFO main 34] Initialising ground-sensors...
[8 INFO main 684] --//-- Starting Experiment --//--
[8 INFO main 1781] Idle.IDLE -> Scout.Query | Duration: 18.04
[8 INFO main 10916] Scout.Query -> Scout.GotoCenter | Drive to others reported pos
[8 INFO main 40310] Scout.GotoCenter -> Scout.Query | return to random walk
[8 INFO main 90956] Scout.Query -> Scout.GotoCenter | Drive to others reported pos
[8 INFO main 102744] Scout.GotoCenter -> Scout.Query | return to random walk
[8 INFO main 128423] Scout.Query -> Scout.GotoCenter | Drive to others reported pos
[8 INFO main 170766] Scout.GotoCenter -> Scout.Query | return to random walk
[8 INFO main 221973] Scout.Query -> Scout.GotoCenter | Drive to others reported pos
[8 INFO main 249644] Scout.GotoCenter -> Scout.Query | return to random walk
[8 INFO main 310731] Scout.Query -> Scout.GotoCenter | Drive to others reported pos
[8 INFO main 335759] Scout.GotoCenter -> Scout.Query | return to random walk
[8 INFO main 371299] Scout.Query -> Scout.GotoCenter | Drive to others reported pos
[8 INFO main 426715] Scout.GotoCenter -> Scout.Query | return to random walk
[8 INFO main 462530] Scout.Query -> Scout.GotoCenter | Drive to others reported pos
[8 INFO main 481421] Scout.GotoCenter -> Scout.Query | return to random walk
[8 INFO main 521854] Scout.Query -> Scout.GotoCenter | Drive to others reported pos
[8 INFO main 534942] Scout.GotoCenter -> Scout.Query | return to random walk
[8 INFO main 570691] Scout.Query -> Scout.GotoCenter | Drive to others reported pos
[8 INFO main 613030] Scout.GotoCenter -> Scout.Query | return to random walk
[8 INFO main 638660] Scout.Query -> Scout.GotoCenter | Drive to others reported pos
[8 INFO main 708767] Scout.GotoCenter -> Scout.Query | return to random walk
[8 INFO main 734538] Scout.Query -> Scout.GotoCenter | Drive to others reported pos
[8 INFO main 776116] Scout.GotoCenter -> Scout.Query | return to random walk
[8 INFO main 847317] Scout.Query -> Scout.GotoCenter | Drive to others reported pos
[8 INFO main 892073] Scout.GotoCenter -> Scout.Query | return to random walk
[8 INFO main 917609] Scout.Query -> Scout.GotoCenter | Drive to others reported pos
