[INFO main 26] Initialising Python Geth Console...
[INFO main 33] Initialising peer buffer...
[INFO main 33] Initialising TCP server...
[INFO main 33] Initialising RandB board...
[INFO main 33] Initialising ground-sensors...
[INFO main 33] Initialising random-walk...
[INFO main 381] Starting Experiment
[DEBUG events 9384] 0x0000000000000000000000000000000000000000
[DEBUG events 9387] Registered on-chain
[WARNING events 12378] execution reverted: Robot must register first

========= Remote Traceback (1) =========
Traceback (most recent call last):
  File "/usr/lib/python3.8/site-packages/rpyc/core/protocol.py", line 324, in _dispatch_request
    res = self._HANDLERS[handler](self, *args)
  File "/usr/lib/python3.8/site-packages/rpyc/core/protocol.py", line 592, in _handle_call
    return obj(*args, **dict(kwargs))
  File "/root/python_scripts/web3wrapper_docker.py", line 157, in exposed_call
    return self.w3if.call(function)
  File "/root/python_scripts/web3wrapper_docker.py", line 92, in call
    return getattr(self.sc.functions, func)().call()
  File "/usr/lib/python3.8/site-packages/web3/contract.py", line 957, in call
    return call_contract_function(
  File "/usr/lib/python3.8/site-packages/web3/contract.py", line 1501, in call_contract_function
    return_data = web3.eth.call(
  File "/usr/lib/python3.8/site-packages/web3/module.py", line 57, in caller
    result = w3.manager.request_blocking(method_str,
  File "/usr/lib/python3.8/site-packages/web3/manager.py", line 187, in request_blocking
    return self.formatted_response(response,
  File "/usr/lib/python3.8/site-packages/web3/manager.py", line 167, in formatted_response
    apply_error_formatters(error_formatters, response)
  File "/usr/lib/python3.8/site-packages/web3/manager.py", line 67, in apply_error_formatters
    formatted_resp = pipe(response, error_formatters)
  File "cytoolz/functoolz.pyx", line 667, in cytoolz.functoolz.pipe
  File "cytoolz/functoolz.pyx", line 642, in cytoolz.functoolz.c_pipe
  File "/usr/lib/python3.8/site-packages/web3/_utils/method_formatters.py", line 566, in raise_solidity_error_on_revert
    raise ContractLogicError(response['error']['message'])
web3.exceptions.ContractLogicError: execution reverted: Robot must register first

[INFO main 53411] Added peer: 3, enode: enode://3c33ae7edc95eb4c20fd325f31f5df9dba486f0acdbe04486516a47a84ec6864b863167006d3eb9d230817ee87f6e5659e405193cebc9841a2bf13a81c2d5161@10.0.1.10:30303?discport=0
[INFO main 60408] Removed peer: 3
[DEBUG events 64385] 0x633462025cF12D347C0dF50B2114E65aa364f0a6
[DEBUG events 64386] Registered on-chain
[DEBUG events 75375] Asked for UBI: 40
[DEBUG events 80374] 0x633462025cF12D347C0dF50B2114E65aa364f0a6
[DEBUG events 80374] Registered on-chain
[DEBUG events 87400] Asked for UBI: 40
[INFO main 119366] Added peer: 8, enode: enode://f2442c0a64783003f50557bda94f1f6467bd18686d6dc37ab2cc4ddadc5ca8e3202c9acea795aa27dfcfa073b4a1f6fc42f8a2a73d9bdfaa551540a8496004f8@10.0.1.8:30303?discport=0
[INFO main 125406] Removed peer: 8
[DEBUG events 127397] 0x633462025cF12D347C0dF50B2114E65aa364f0a6
[DEBUG events 127398] Registered on-chain
[INFO main 137400] Added peer: 3, enode: enode://3c33ae7edc95eb4c20fd325f31f5df9dba486f0acdbe04486516a47a84ec6864b863167006d3eb9d230817ee87f6e5659e405193cebc9841a2bf13a81c2d5161@10.0.1.10:30303?discport=0
[DEBUG voting 138386] Failed to vote: (0/1). Error: {'code': -32000, 'message': 'insufficient funds for gas * price + value'}

========= Remote Traceback (1) =========
Traceback (most recent call last):
  File "/usr/lib/python3.8/site-packages/rpyc/core/protocol.py", line 324, in _dispatch_request
    res = self._HANDLERS[handler](self, *args)
  File "/usr/lib/python3.8/site-packages/rpyc/core/protocol.py", line 592, in _handle_call
    return obj(*args, **dict(kwargs))
  File "/root/python_scripts/web3wrapper_docker.py", line 154, in exposed_transact2
    return self.w3if.transact2(function, arg1, str(arg2))
  File "/root/python_scripts/web3wrapper_docker.py", line 83, in transact2
    return getattr(self.sc.functions, func)(arg1).transact(ast.literal_eval(arg2))
  File "/usr/lib/python3.8/site-packages/web3/contract.py", line 997, in transact
    return transact_with_contract_function(
  File "/usr/lib/python3.8/site-packages/web3/contract.py", line 1590, in transact_with_contract_function
    txn_hash = web3.eth.send_transaction(transact_transaction)
  File "/usr/lib/python3.8/site-packages/web3/eth.py", line 686, in send_transaction
    return self._send_transaction(transaction)
  File "/usr/lib/python3.8/site-packages/web3/module.py", line 57, in caller
    result = w3.manager.request_blocking(method_str,
  File "/usr/lib/python3.8/site-packages/web3/manager.py", line 187, in request_blocking
    return self.formatted_response(response,
  File "/usr/lib/python3.8/site-packages/web3/manager.py", line 168, in formatted_response
    raise ValueError(response["error"])
ValueError: {'code': -32000, 'message': 'insufficient funds for gas * price + value'}

[INFO main 143429] Removed peer: 3
[DEBUG events 160377] 0x633462025cF12D347C0dF50B2114E65aa364f0a6
[DEBUG events 160385] Registered on-chain
[DEBUG voting 170412] Voted successfully: 0.34 (1/1)
[INFO main 178406] Added peer: 2, enode: enode://0be9c5db89a35a915a977b5a52aab2f3687297c9fc5695770abb8cfe90ecccd533f131baa745706b645ab8e39abb727b5c06942abe79e1fe13170f5f7e78fea3@10.0.1.9:30303?discport=0
[INFO main 183385] Added peer: 1, enode: enode://30a069f1d0c83acd907fcaaef1a0b08ab529a89de97abbcda2bfbeb473c3f98f9d3886806f2fba18fa9e23ac2dc10cdc8955af8f17c1813ff790c02340869648@10.0.1.3:30303?discport=0
[INFO main 186394] Removed peer: 2
[INFO main 190381] Added peer: 6, enode: enode://e31a4bdffa511af8b5ce4af6172a27294d6a6d95ef686498103978eba77854eac099016ddf6a5c9a61b04830204ff35e2a6b8d5a665d4eeb3db0247bd4be130e@10.0.1.6:30303?discport=0
[INFO main 190410] Removed peer: 1
[DEBUG events 191399] 0x633462025cF12D347C0dF50B2114E65aa364f0a6
[DEBUG events 191400] Registered on-chain
[INFO main 198382] Removed peer: 6
[DEBUG events 200376] Asked for UBI: 80
[INFO main 207410] Added peer: 6, enode: enode://e31a4bdffa511af8b5ce4af6172a27294d6a6d95ef686498103978eba77854eac099016ddf6a5c9a61b04830204ff35e2a6b8d5a665d4eeb3db0247bd4be130e@10.0.1.6:30303?discport=0
[INFO main 211407] Removed peer: 6
[INFO main 217429] Added peer: 7, enode: enode://a310081ea6cc027765f2323bff1a310961415763ec4029ef1fe546bea3f3416813d0ac52b209cf0b863c48cc1bd515ce2af963e4f723afccb7c883ba71a32531@10.0.1.7:30303?discport=0
[INFO main 220432] Added peer: 2, enode: enode://0be9c5db89a35a915a977b5a52aab2f3687297c9fc5695770abb8cfe90ecccd533f131baa745706b645ab8e39abb727b5c06942abe79e1fe13170f5f7e78fea3@10.0.1.9:30303?discport=0
[INFO main 224388] Added peer: 8, enode: enode://f2442c0a64783003f50557bda94f1f6467bd18686d6dc37ab2cc4ddadc5ca8e3202c9acea795aa27dfcfa073b4a1f6fc42f8a2a73d9bdfaa551540a8496004f8@10.0.1.8:30303?discport=0
[INFO main 225429] Removed peer: 7
[INFO main 229374] Removed peer: 2
[INFO main 231413] Removed peer: 8
[INFO main 234385] Added peer: 6, enode: enode://e31a4bdffa511af8b5ce4af6172a27294d6a6d95ef686498103978eba77854eac099016ddf6a5c9a61b04830204ff35e2a6b8d5a665d4eeb3db0247bd4be130e@10.0.1.6:30303?discport=0
[INFO main 241377] Removed peer: 6
[INFO main 317443] Added peer: 6, enode: enode://e31a4bdffa511af8b5ce4af6172a27294d6a6d95ef686498103978eba77854eac099016ddf6a5c9a61b04830204ff35e2a6b8d5a665d4eeb3db0247bd4be130e@10.0.1.6:30303?discport=0
[INFO main 320382] Added peer: 7, enode: enode://a310081ea6cc027765f2323bff1a310961415763ec4029ef1fe546bea3f3416813d0ac52b209cf0b863c48cc1bd515ce2af963e4f723afccb7c883ba71a32531@10.0.1.7:30303?discport=0
[INFO main 322406] Removed peer: 7
[INFO main 325420] Added peer: 5, enode: enode://028f2a05a92b2ca48eb633be946b8eb48fd5389047c55bf18e97b56baeadbffbb7ff593fcc5328d3c1aa00b03167789a96c9b867461f9028b033d21cea696797@10.0.1.5:30303?discport=0
[INFO main 326388] Removed peer: 6
[DEBUG events 327402] 0x633462025cF12D347C0dF50B2114E65aa364f0a6
[DEBUG events 327404] Registered on-chain
[INFO main 334432] Removed peer: 5
[DEBUG voting 335419] Voted successfully: 0.34 (1/1)
[INFO main 390395] Added peer: 7, enode: enode://a310081ea6cc027765f2323bff1a310961415763ec4029ef1fe546bea3f3416813d0ac52b209cf0b863c48cc1bd515ce2af963e4f723afccb7c883ba71a32531@10.0.1.7:30303?discport=0
[INFO main 396422] Removed peer: 7
[DEBUG events 407440] 0x633462025cF12D347C0dF50B2114E65aa364f0a6
[DEBUG events 408393] Registered on-chain
[DEBUG voting 416411] Voted successfully: 0.33 (1/1)
[INFO main 422435] Added peer: 8, enode: enode://f2442c0a64783003f50557bda94f1f6467bd18686d6dc37ab2cc4ddadc5ca8e3202c9acea795aa27dfcfa073b4a1f6fc42f8a2a73d9bdfaa551540a8496004f8@10.0.1.8:30303?discport=0
[DEBUG events 430430] 0x633462025cF12D347C0dF50B2114E65aa364f0a6
[DEBUG events 430433] Registered on-chain
[INFO main 431399] Removed peer: 8
[DEBUG events 440442] Asked for UBI: 20
[DEBUG voting 442418] Voted successfully: 0.31 (1/1)
[INFO main 454443] Added peer: 8, enode: enode://f2442c0a64783003f50557bda94f1f6467bd18686d6dc37ab2cc4ddadc5ca8e3202c9acea795aa27dfcfa073b4a1f6fc42f8a2a73d9bdfaa551540a8496004f8@10.0.1.8:30303?discport=0
[INFO main 458413] Removed peer: 8
[DEBUG events 472429] 0x633462025cF12D347C0dF50B2114E65aa364f0a6
[DEBUG events 472438] Registered on-chain
[INFO main 480429] Added peer: 2, enode: enode://0be9c5db89a35a915a977b5a52aab2f3687297c9fc5695770abb8cfe90ecccd533f131baa745706b645ab8e39abb727b5c06942abe79e1fe13170f5f7e78fea3@10.0.1.9:30303?discport=0
[DEBUG events 482409] Asked for UBI: 20
[DEBUG events 485418] Asked for payout: 106
[INFO main 488442] Removed peer: 2
[DEBUG events 494411] 0x633462025cF12D347C0dF50B2114E65aa364f0a6
[DEBUG events 494412] Registered on-chain
[DEBUG events 502409] Asked for payout: 106
[DEBUG voting 504423] Voted successfully: 0.30 (1/1)
[INFO main 546417] Added peer: 3, enode: enode://3c33ae7edc95eb4c20fd325f31f5df9dba486f0acdbe04486516a47a84ec6864b863167006d3eb9d230817ee87f6e5659e405193cebc9841a2bf13a81c2d5161@10.0.1.10:30303?discport=0
[INFO main 552415] Removed peer: 3
[DEBUG events 558413] 0x633462025cF12D347C0dF50B2114E65aa364f0a6
[DEBUG events 558418] Registered on-chain
[INFO main 559412] Added peer: 5, enode: enode://028f2a05a92b2ca48eb633be946b8eb48fd5389047c55bf18e97b56baeadbffbb7ff593fcc5328d3c1aa00b03167789a96c9b867461f9028b033d21cea696797@10.0.1.5:30303?discport=0
[INFO main 564427] Removed peer: 5
[DEBUG events 564471] Updated mean
[DEBUG voting 567419] Voted successfully: 0.29 (1/1)
[DEBUG events 575434] 0x633462025cF12D347C0dF50B2114E65aa364f0a6
[DEBUG events 575437] Registered on-chain
[DEBUG voting 583427] Voted successfully: 0.30 (1/1)
[INFO main 587427] Added peer: 8, enode: enode://f2442c0a64783003f50557bda94f1f6467bd18686d6dc37ab2cc4ddadc5ca8e3202c9acea795aa27dfcfa073b4a1f6fc42f8a2a73d9bdfaa551540a8496004f8@10.0.1.8:30303?discport=0
[DEBUG events 588434] 0x633462025cF12D347C0dF50B2114E65aa364f0a6
[DEBUG events 588440] Registered on-chain
[INFO main 594420] Removed peer: 8
[DEBUG voting 597437] Voted successfully: 0.30 (1/1)
[DEBUG events 604426] 0x633462025cF12D347C0dF50B2114E65aa364f0a6
[DEBUG events 604429] Registered on-chain
[DEBUG voting 613453] Voted successfully: 0.30 (1/1)
[INFO main 626437] Added peer: 3, enode: enode://3c33ae7edc95eb4c20fd325f31f5df9dba486f0acdbe04486516a47a84ec6864b863167006d3eb9d230817ee87f6e5659e405193cebc9841a2bf13a81c2d5161@10.0.1.10:30303?discport=0
[INFO main 630458] Removed peer: 3
[INFO main 640416] Added peer: 3, enode: enode://3c33ae7edc95eb4c20fd325f31f5df9dba486f0acdbe04486516a47a84ec6864b863167006d3eb9d230817ee87f6e5659e405193cebc9841a2bf13a81c2d5161@10.0.1.10:30303?discport=0
[INFO main 644420] Removed peer: 3
[INFO main 658451] Added peer: 3, enode: enode://3c33ae7edc95eb4c20fd325f31f5df9dba486f0acdbe04486516a47a84ec6864b863167006d3eb9d230817ee87f6e5659e405193cebc9841a2bf13a81c2d5161@10.0.1.10:30303?discport=0
[INFO main 661483] Removed peer: 3
[INFO main 665430] Added peer: 8, enode: enode://f2442c0a64783003f50557bda94f1f6467bd18686d6dc37ab2cc4ddadc5ca8e3202c9acea795aa27dfcfa073b4a1f6fc42f8a2a73d9bdfaa551540a8496004f8@10.0.1.8:30303?discport=0
[DEBUG events 670437] 0x633462025cF12D347C0dF50B2114E65aa364f0a6
[DEBUG events 670438] Registered on-chain
[INFO main 675454] Removed peer: 8
[DEBUG voting 678481] Voted successfully: 0.31 (1/1)
[INFO main 700448] Added peer: 3, enode: enode://3c33ae7edc95eb4c20fd325f31f5df9dba486f0acdbe04486516a47a84ec6864b863167006d3eb9d230817ee87f6e5659e405193cebc9841a2bf13a81c2d5161@10.0.1.10:30303?discport=0
[INFO main 704475] Added peer: 2, enode: enode://0be9c5db89a35a915a977b5a52aab2f3687297c9fc5695770abb8cfe90ecccd533f131baa745706b645ab8e39abb727b5c06942abe79e1fe13170f5f7e78fea3@10.0.1.9:30303?discport=0
[INFO main 707445] Removed peer: 3
[DEBUG events 709475] 0x633462025cF12D347C0dF50B2114E65aa364f0a6
[DEBUG events 709477] Registered on-chain
[INFO main 714456] Removed peer: 2
[DEBUG events 718427] Updated mean
[DEBUG events 726442] 0x633462025cF12D347C0dF50B2114E65aa364f0a6
[DEBUG events 726443] Registered on-chain
[INFO main 734434] Added peer: 3, enode: enode://3c33ae7edc95eb4c20fd325f31f5df9dba486f0acdbe04486516a47a84ec6864b863167006d3eb9d230817ee87f6e5659e405193cebc9841a2bf13a81c2d5161@10.0.1.10:30303?discport=0
[DEBUG events 735438] Updated mean
[INFO main 741455] Removed peer: 3
[INFO main 755428] Added peer: 3, enode: enode://3c33ae7edc95eb4c20fd325f31f5df9dba486f0acdbe04486516a47a84ec6864b863167006d3eb9d230817ee87f6e5659e405193cebc9841a2bf13a81c2d5161@10.0.1.10:30303?discport=0
[INFO main 759431] Removed peer: 3
[INFO main 779493] Added peer: 6, enode: enode://e31a4bdffa511af8b5ce4af6172a27294d6a6d95ef686498103978eba77854eac099016ddf6a5c9a61b04830204ff35e2a6b8d5a665d4eeb3db0247bd4be130e@10.0.1.6:30303?discport=0
[DEBUG events 791435] 0x633462025cF12D347C0dF50B2114E65aa364f0a6
[DEBUG events 791436] Registered on-chain
[INFO main 796439] Added peer: 8, enode: enode://f2442c0a64783003f50557bda94f1f6467bd18686d6dc37ab2cc4ddadc5ca8e3202c9acea795aa27dfcfa073b4a1f6fc42f8a2a73d9bdfaa551540a8496004f8@10.0.1.8:30303?discport=0
[DEBUG events 799482] Asked for UBI: 20
[DEBUG events 800476] Asked for payout: 192
[DEBUG events 801445] Updated mean
[INFO main 803466] Removed peer: 8
[INFO main 803484] Removed peer: 6
[INFO main 807442] Added peer: 6, enode: enode://e31a4bdffa511af8b5ce4af6172a27294d6a6d95ef686498103978eba77854eac099016ddf6a5c9a61b04830204ff35e2a6b8d5a665d4eeb3db0247bd4be130e@10.0.1.6:30303?discport=0
[DEBUG events 811447] 0x633462025cF12D347C0dF50B2114E65aa364f0a6
[DEBUG events 811448] Registered on-chain
[INFO main 814439] Removed peer: 6
[DEBUG events 819443] Asked for UBI: 20
[DEBUG events 820448] Asked for payout: 192
[DEBUG events 823439] Updated mean
[INFO main 826465] Added peer: 1, enode: enode://30a069f1d0c83acd907fcaaef1a0b08ab529a89de97abbcda2bfbeb473c3f98f9d3886806f2fba18fa9e23ac2dc10cdc8955af8f17c1813ff790c02340869648@10.0.1.3:30303?discport=0
[DEBUG events 833498] 0x633462025cF12D347C0dF50B2114E65aa364f0a6
[DEBUG events 833498] Registered on-chain
[INFO main 835477] Removed peer: 1
[DEBUG events 840441] Asked for UBI: 20
[DEBUG events 841449] Asked for payout: 192
[DEBUG events 843435] Updated mean
[INFO main 848444] Added peer: 1, enode: enode://30a069f1d0c83acd907fcaaef1a0b08ab529a89de97abbcda2bfbeb473c3f98f9d3886806f2fba18fa9e23ac2dc10cdc8955af8f17c1813ff790c02340869648@10.0.1.3:30303?discport=0
[INFO main 856455] Removed peer: 1
[INFO main 870463] Added peer: 1, enode: enode://30a069f1d0c83acd907fcaaef1a0b08ab529a89de97abbcda2bfbeb473c3f98f9d3886806f2fba18fa9e23ac2dc10cdc8955af8f17c1813ff790c02340869648@10.0.1.3:30303?discport=0
[INFO main 875438] Removed peer: 1
[INFO main 878450] Added peer: 1, enode: enode://30a069f1d0c83acd907fcaaef1a0b08ab529a89de97abbcda2bfbeb473c3f98f9d3886806f2fba18fa9e23ac2dc10cdc8955af8f17c1813ff790c02340869648@10.0.1.3:30303?discport=0
[INFO main 882445] Removed peer: 1
[INFO main 929463] Added peer: 1, enode: enode://30a069f1d0c83acd907fcaaef1a0b08ab529a89de97abbcda2bfbeb473c3f98f9d3886806f2fba18fa9e23ac2dc10cdc8955af8f17c1813ff790c02340869648@10.0.1.3:30303?discport=0
[INFO main 936460] Removed peer: 1
[INFO main 943445] Added peer: 3, enode: enode://3c33ae7edc95eb4c20fd325f31f5df9dba486f0acdbe04486516a47a84ec6864b863167006d3eb9d230817ee87f6e5659e405193cebc9841a2bf13a81c2d5161@10.0.1.10:30303?discport=0
[DEBUG events 943474] 0x633462025cF12D347C0dF50B2114E65aa364f0a6
[DEBUG events 943478] Registered on-chain
[INFO main 948492] Removed peer: 3
[DEBUG events 951456] Updated mean
[DEBUG voting 951514] Voted successfully: 0.30 (1/1)
