[3 INFO main 37] Initialising Python Geth Console...
[3 INFO main 42] Initialising RandB board...
[3 INFO main 42] Initialising navigation...
[3 INFO main 42] Initialising random-walk...
[3 INFO main 42] Initialising odometry...
[3 INFO main 42] Initialising ground-sensors...
[3 INFO main 1077] --//-- Starting Experiment --//--
[3 INFO main 2180] Idle.IDLE -> Scout.Query | Duration: 21.23
[3 INFO main 16234] Scout.Query -> Scout.GotoCenter | Drive to others reported pos
[3 INFO main 22807] Scout.GotoCenter -> Scout.Query | return to random walk
[3 INFO main 83746] Scout.Query -> Scout.GotoCenter | Drive to others reported pos
[3 INFO main 120486] Scout.GotoCenter -> Scout.Query | return to random walk
[3 INFO main 156202] Scout.Query -> Scout.GotoCenter | Drive to others reported pos
[3 INFO main 184764] Scout.GotoCenter -> Scout.Query | return to random walk
[3 INFO main 210038] Scout.Query -> Scout.GotoCenter | Drive to others reported pos
[3 INFO main 218819] Scout.GotoCenter -> Scout.Query | return to random walk
[3 INFO main 254791] Scout.Query -> Scout.GotoCenter | Drive to others reported pos
[3 INFO main 299712] Scout.GotoCenter -> Scout.Query | return to random walk
[3 INFO main 375915] Scout.Query -> Scout.GotoCenter | Drive to others reported pos
[3 INFO main 390172] Scout.GotoCenter -> Scout.Query | return to random walk
