[11 INFO main 27] Initialising Python Geth Console...
[11 INFO main 31] Initialising RandB board...
[11 INFO main 32] Initialising navigation...
[11 INFO main 32] Initialising random-walk...
[11 INFO main 32] Initialising odometry...
[11 INFO main 32] Initialising ground-sensors...
[11 INFO main 323] --//-- Starting Experiment --//--
[11 INFO main 1768] Idle.IDLE -> Scout.Query | Duration: 28.04
[11 INFO main 18693] Scout.Query -> Verify.DriveTo | Go to unverified source
[11 INFO main 51748] Verify.DriveTo -> Verify.Homing | Homing
[11 INFO main 59055] Verify.Homing -> Scout.Query | Arrived home
[11 INFO main 76607] Confirming: 1/9
[11 INFO main 78637] Confirming: 2/9
[11 INFO main 80738] Confirming: 3/9
[11 INFO main 82860] Confirming: 4/9
[11 INFO main 84864] Confirming: 5/9
[11 INFO main 86882] Confirming: 6/9
[11 INFO main 88911] Confirming: 7/9
[11 INFO main 91013] Confirming: 8/9
[11 INFO main 93070] Confirming: 9/9
[11 INFO main 93227] Scout.Query -> Verify.DriveTo | Go to unverified source
[11 INFO main 148760] Verify.DriveTo -> Verify.Homing | Homing
[11 INFO main 161318] Verify.Homing -> Scout.Query | Arrived home
[11 INFO main 167324] Confirming: 1/9
[11 INFO main 169388] Confirming: 2/9
[11 INFO main 171428] Confirming: 3/9
[11 INFO main 173501] Confirming: 4/9
[11 INFO main 175515] Confirming: 5/9
[11 INFO main 177568] Confirming: 6/9
[11 INFO main 179911] Confirming: 7/9
[11 INFO main 181938] Confirming: 9/9
[11 INFO main 182662] Scout.Query -> Verify.DriveTo | Go to unverified source
[11 INFO main 255713] Verify.DriveTo -> Verify.Homing | Homing
[11 INFO main 274889] Verify.Homing -> Scout.Query | Arrived home
[11 INFO main 287255] Confirming: 1/9
[11 INFO main 289268] Confirming: 2/9
[11 INFO main 291342] Confirming: 3/9
[11 INFO main 293299] Confirming: 4/9
[11 INFO main 295472] Confirming: 5/9
[11 INFO main 297593] Confirming: 6/9
[11 INFO main 299611] Confirming: 7/9
[11 INFO main 303718] Confirming: 8/9
[11 INFO main 305729] Confirming: 10/9
[11 INFO main 306454] Scout.Query -> Verify.DriveTo | Go to unverified source
[11 INFO main 406783] Verify.DriveTo -> Verify.Homing | Homing
[11 INFO main 430360] Verify.Homing -> Scout.Query | Arrived home
[11 INFO main 433760] Confirming: 1/9
[11 INFO main 435774] Confirming: 2/9
[11 INFO main 437840] Confirming: 3/9
[11 INFO main 439931] Confirming: 5/9
[11 INFO main 441984] Confirming: 6/9
[11 INFO main 446061] Confirming: 7/9
[11 INFO main 448103] Confirming: 8/9
[11 INFO main 450112] Confirming: 10/9
[11 INFO main 450141] Scout.Query -> Verify.DriveTo | Go to unverified source
[11 INFO main 475137] Verify.DriveTo -> Verify.Homing | Homing
[11 INFO main 498029] Confirming: 2/9
[11 INFO main 500134] Confirming: 3/9
[11 INFO main 502185] Confirming: 4/9
[11 INFO main 502584] Verify.Homing -> Scout.Query | Arrived home
[11 INFO main 506388] Confirming: 6/9
[11 INFO main 508461] Confirming: 7/9
[11 INFO main 510587] Confirming: 8/9
[11 INFO main 512618] Confirming: 9/9
[11 INFO main 512655] Scout.Query -> Verify.DriveTo | Go to unverified source
[11 INFO main 547800] Verify.DriveTo -> Verify.Homing | Homing
[11 INFO main 556575] Confirming: 1/9
[11 INFO main 558618] Confirming: 2/9
[11 INFO main 560624] Confirming: 3/9
[11 INFO main 562633] Confirming: 4/9
[11 INFO main 564733] Confirming: 5/9
[11 INFO main 566845] Confirming: 6/9
[11 INFO main 568876] Confirming: 7/9
[11 INFO main 570933] Confirming: 8/9
[11 INFO main 572983] Confirming: 9/9
[11 INFO main 581723] Verify.Homing -> Scout.Query | Arrived home
[11 INFO main 581848] Scout.Query -> Verify.DriveTo | Go to unverified source
[11 INFO main 745186] Verify.DriveTo -> Verify.Homing | Homing
[11 INFO main 755545] Confirming: 1/9
[11 INFO main 757583] Confirming: 2/9
[11 INFO main 759669] Confirming: 3/9
[11 INFO main 761751] Confirming: 4/9
[11 INFO main 763806] Confirming: 5/9
[11 INFO main 765883] Confirming: 6/9
[11 INFO main 767556] Verify.Homing -> Scout.Query | Arrived home
[11 INFO main 767898] Confirming: 7/9
[11 INFO main 769947] Confirming: 8/9
[11 INFO main 772070] Confirming: 10/9
[11 INFO main 772110] Scout.Query -> Verify.DriveTo | Go to unverified source
[11 INFO main 824344] Verify.DriveTo -> Verify.Homing | Homing
[11 INFO main 858303] Confirming: 1/9
[11 INFO main 858632] Verify.Homing -> Scout.Query | Arrived home
[11 INFO main 860351] Confirming: 2/9
[11 INFO main 862520] Confirming: 3/9
[11 INFO main 864526] Confirming: 4/9
[11 INFO main 866597] Confirming: 5/9
[11 INFO main 868678] Confirming: 6/9
[11 INFO main 870690] Confirming: 7/9
[11 INFO main 872807] Confirming: 8/9
[11 INFO main 874869] Confirming: 9/9
[11 INFO main 875548] Scout.Query -> Verify.DriveTo | Go to unverified source
[11 INFO main 918107] Verify.DriveTo -> Verify.Homing | Homing
[11 INFO main 941585] Verify.Homing -> Scout.Query | Arrived home
[11 INFO main 947638] Confirming: 1/9
[11 INFO main 949776] Confirming: 2/9
[11 INFO main 951798] Confirming: 3/9
[11 INFO main 953884] Confirming: 4/9
[11 INFO main 955967] Confirming: 5/9
[11 INFO main 958082] Confirming: 6/9
[11 INFO main 960145] Confirming: 7/9
[11 INFO main 962163] Confirming: 8/9
[11 INFO main 964168] Confirming: 9/9
[11 INFO main 964329] Scout.Query -> Verify.DriveTo | Go to unverified source
[11 INFO main 1026332] Verify.DriveTo -> Verify.Homing | Homing
[11 INFO main 1038864] Confirming: 1/9
[11 INFO main 1041103] Confirming: 2/9
[11 INFO main 1043138] Confirming: 4/9
[11 INFO main 1045302] Confirming: 5/9
[11 INFO main 1047517] Confirming: 6/9
[11 INFO main 1049580] Confirming: 7/9
[11 INFO main 1049580] Verify.Homing -> Scout.Query | Arrived home
[11 INFO main 1051604] Confirming: 8/9
[11 INFO main 1054008] Confirming: 9/9
[11 INFO main 1054651] Scout.Query -> Verify.DriveTo | Go to unverified source
[11 INFO main 1148096] Verify.DriveTo -> Verify.Homing | Homing
[11 INFO main 1158749] Confirming: 1/9
[11 INFO main 1160796] Confirming: 2/9
[11 INFO main 1162816] Confirming: 3/9
[11 INFO main 1164879] Confirming: 4/9
[11 INFO main 1166917] Confirming: 5/9
[11 INFO main 1169003] Confirming: 6/9
[11 INFO main 1171023] Confirming: 8/9
[11 INFO main 1173067] Confirming: 9/9
[11 INFO main 1173070] Verify.Homing -> Scout.Query | Arrived home
[11 INFO main 1173140] Scout.Query -> Verify.DriveTo | Go to unverified source
[11 INFO main 1250006] Verify.DriveTo -> Verify.Homing | Homing
[11 INFO main 1258582] Confirming: 1/9
[11 INFO main 1260614] Confirming: 2/9
[11 INFO main 1262619] Confirming: 3/9
[11 INFO main 1264706] Confirming: 4/9
[11 INFO main 1266073] Verify.Homing -> Scout.Query | Arrived home
[11 INFO main 1266794] Confirming: 5/9
[11 INFO main 1268870] Confirming: 6/9
[11 INFO main 1270870] Confirming: 7/9
[11 INFO main 1272974] Confirming: 8/9
[11 INFO main 1274990] Confirming: 10/9
[11 INFO main 1276050] Scout.Query -> Verify.DriveTo | Go to unverified source
[11 INFO main 1304333] Verify.DriveTo -> Verify.Homing | Homing
[11 INFO main 1321246] Verify.Homing -> Scout.Query | Arrived home
[11 INFO main 1337319] Confirming: 1/9
[11 INFO main 1339412] Confirming: 2/9
[11 INFO main 1343645] Confirming: 4/9
[11 INFO main 1347821] Confirming: 5/9
[11 INFO main 1349927] Confirming: 6/9
[11 INFO main 1352032] Confirming: 7/9
[11 INFO main 1354221] Confirming: 9/9
[11 INFO main 1354895] Scout.Query -> Verify.DriveTo | Go to unverified source
[11 INFO main 1392103] Verify.DriveTo -> Verify.Homing | Homing
[11 INFO main 1398265] Confirming: 1/9
[11 INFO main 1400312] Confirming: 2/9
[11 INFO main 1401857] Verify.Homing -> Scout.Query | Arrived home
[11 INFO main 1402328] Confirming: 3/9
[11 INFO main 1404377] Confirming: 4/9
[11 INFO main 1406459] Confirming: 5/9
[11 INFO main 1410572] Confirming: 7/9
[11 INFO main 1412664] Confirming: 8/9
[11 INFO main 1414685] Confirming: 9/9
[11 INFO main 1415695] Scout.Query -> Verify.DriveTo | Go to unverified source
[11 INFO main 1466018] Verify.DriveTo -> Verify.Homing | Homing
[11 INFO main 1477893] Verify.Homing -> Scout.Query | Arrived home
[11 INFO main 1491169] Confirming: 2/9
[11 INFO main 1493198] Confirming: 3/9
[11 INFO main 1495226] Confirming: 4/9
[11 INFO main 1497249] Confirming: 5/9
[11 INFO main 1499346] Confirming: 6/9
[11 INFO main 1501369] Confirming: 7/9
[11 INFO main 1505532] Confirming: 9/9
[11 INFO main 1505573] Scout.Query -> Verify.DriveTo | Go to unverified source
[11 INFO main 1531791] Verify.DriveTo -> Verify.Homing | Homing
[11 INFO main 1550544] Confirming: 1/9
[11 INFO main 1552790] Confirming: 2/9
[11 INFO main 1554808] Confirming: 3/9
[11 INFO main 1555305] Verify.Homing -> Scout.Query | Arrived home
[11 INFO main 1556947] Confirming: 4/9
[11 INFO main 1558934] Confirming: 6/9
[11 INFO main 1563092] Confirming: 8/9
[11 INFO main 1565214] Confirming: 9/9
[11 INFO main 1587710] Scout.Query -> Verify.DriveTo | Go to unverified source
[11 INFO main 1636923] Verify.DriveTo -> Verify.Homing | Homing
[11 INFO main 1658019] Verify.Homing -> Scout.Query | Arrived home
[11 INFO main 1670315] Confirming: 1/9
[11 INFO main 1672370] Confirming: 2/9
[11 INFO main 1674440] Confirming: 3/9
[11 INFO main 1676515] Confirming: 4/9
[11 INFO main 1678580] Confirming: 5/9
[11 INFO main 1680598] Confirming: 6/9
[11 INFO main 1682668] Confirming: 7/9
[11 INFO main 1684734] Confirming: 8/9
[11 INFO main 1686785] Confirming: 9/9
[11 INFO main 1686788] Scout.Query -> Scout.PrepSend | Homing
[11 INFO main 1687008] Scout.PrepSend -> Verify.Homing | Homing
[11 INFO main 1697440] Confirming: 1/9
[11 INFO main 1699516] Confirming: 3/9
[11 INFO main 1701830] Confirming: 4/9
[11 INFO main 1702184] Verify.Homing -> Scout.Query | Arrived home
[11 INFO main 1703916] Confirming: 5/9
[11 INFO main 1706001] Confirming: 6/9
[11 INFO main 1708039] Confirming: 7/9
[11 INFO main 1710075] Confirming: 8/9
[11 INFO main 1712247] Confirming: 9/9
[11 INFO main 1712424] Scout.Query -> Verify.DriveTo | Go to unverified source
