[9 INFO main 52] Initialising Python Geth Console...
[9 INFO main 56] Initialising RandB board...
[9 INFO main 56] Initialising navigation...
[9 INFO main 56] Initialising random-walk...
[9 INFO main 56] Initialising odometry...
[9 INFO main 56] Initialising ground-sensors...
[9 INFO main 526] --//-- Starting Experiment --//--
[9 INFO main 1626] Idle.IDLE -> Scout.Query | Duration: 23.62
[9 INFO main 111067] Scout.Query -> Scout.GotoCenter | Drive to others reported pos
[9 INFO main 122781] Scout.GotoCenter -> Scout.Query | return to random walk
[9 INFO main 123583] Scout.Query -> Scout.GotoCenter | Drive to others reported pos
[9 INFO main 127088] Scout.GotoCenter -> Scout.Query | return to random walk
[9 INFO main 127690] Scout.Query -> Scout.GotoCenter | Drive to others reported pos
[9 INFO main 129389] Scout.GotoCenter -> Scout.Query | return to random walk
[9 INFO main 129693] Scout.Query -> Scout.GotoCenter | Drive to others reported pos
[9 INFO main 133093] Scout.GotoCenter -> Scout.Query | return to random walk
[9 INFO main 133901] Scout.Query -> Scout.GotoCenter | Drive to others reported pos
[9 INFO main 133997] Scout.GotoCenter -> Scout.Query | return to random walk
[9 INFO main 135000] Scout.Query -> Scout.GotoCenter | Drive to others reported pos
[9 INFO main 136697] Scout.GotoCenter -> Scout.Query | return to random walk
[9 INFO main 137103] Scout.Query -> Scout.GotoCenter | Drive to others reported pos
[9 INFO main 137501] Scout.GotoCenter -> Scout.Query | return to random walk
