[3 INFO main 34] Initialising Python Geth Console...
[3 INFO main 39] Initialising RandB board...
[3 INFO main 39] Initialising navigation...
[3 INFO main 39] Initialising random-walk...
[3 INFO main 39] Initialising odometry...
[3 INFO main 39] Initialising ground-sensors...
[3 INFO main 922] --//-- Starting Experiment --//--
[3 INFO main 2027] Idle.IDLE -> Scout.Query | Duration: 23.13
[3 INFO main 11077] Scout.Query -> Scout.GotoCenter | Drive to others reported pos
[3 INFO main 50556] Scout.GotoCenter -> Scout.Query | return to random walk
[3 INFO main 75849] Scout.Query -> Scout.GotoCenter | Drive to others reported pos
[3 INFO main 113356] Scout.GotoCenter -> Scout.Query | return to random walk
[3 INFO main 169209] Scout.Query -> Scout.GotoCenter | Drive to others reported pos
[3 INFO main 201838] Scout.GotoCenter -> Scout.Query | return to random walk
[3 INFO main 247706] Scout.Query -> Scout.GotoCenter | Drive to others reported pos
[3 INFO main 291960] Scout.GotoCenter -> Scout.Query | return to random walk
[3 INFO main 317335] Scout.Query -> Scout.GotoCenter | Drive to others reported pos
[3 INFO main 324730] Scout.GotoCenter -> Scout.Query | return to random walk
[3 INFO main 410962] Scout.Query -> Scout.GotoCenter | Drive to others reported pos
[3 INFO main 427163] Scout.GotoCenter -> Scout.Query | return to random walk
[3 INFO main 493363] Scout.Query -> Scout.GotoCenter | Drive to others reported pos
[3 INFO main 496350] Scout.GotoCenter -> Scout.Query | return to random walk
[3 INFO main 533997] Scout.Query -> Scout.GotoCenter | Drive to others reported pos
[3 INFO main 549103] Scout.GotoCenter -> Scout.Query | return to random walk
[3 INFO main 605574] Scout.Query -> Scout.GotoCenter | Drive to others reported pos
[3 INFO main 645692] Scout.GotoCenter -> Scout.Query | return to random walk
[3 INFO main 726628] Scout.Query -> Scout.GotoCenter | Drive to others reported pos
[3 INFO main 761311] Scout.GotoCenter -> Scout.Query | return to random walk
[3 INFO main 807212] Scout.Query -> Scout.GotoCenter | Drive to others reported pos
[3 INFO main 835471] Scout.GotoCenter -> Scout.Query | return to random walk
[3 INFO main 866028] Scout.Query -> Scout.GotoCenter | Drive to others reported pos
[3 INFO main 902482] Scout.GotoCenter -> Scout.Query | return to random walk
[3 INFO main 927833] Scout.Query -> Scout.GotoCenter | Drive to others reported pos
[3 INFO main 959417] Scout.GotoCenter -> Scout.Query | return to random walk
[3 INFO main 1089949] Scout.Query -> Scout.GotoCenter | Drive to others reported pos
[3 INFO main 1106658] Scout.GotoCenter -> Scout.Query | return to random walk
[3 INFO main 1137467] Scout.Query -> Scout.GotoCenter | Drive to others reported pos
[3 INFO main 1181214] Scout.GotoCenter -> Scout.Query | return to random walk
[3 INFO main 1227110] Scout.Query -> Scout.GotoCenter | Drive to others reported pos
[3 INFO main 1281136] Scout.GotoCenter -> Scout.Query | return to random walk
[3 INFO main 1316607] Scout.Query -> Scout.GotoCenter | Drive to others reported pos
[3 INFO main 1332897] Scout.GotoCenter -> Scout.Query | return to random walk
