[5 INFO main 29] Initialising Python Geth Console...
[5 INFO main 33] Initialising RandB board...
[5 INFO main 33] Initialising navigation...
[5 INFO main 33] Initialising random-walk...
[5 INFO main 33] Initialising odometry...
[5 INFO main 33] Initialising ground-sensors...
[5 INFO main 921] --//-- Starting Experiment --//--
[5 INFO main 2025] Idle.IDLE -> Scout.Query | Duration: 19.95
[5 INFO main 113065] Scout.Query -> Scout.GotoCenter | Drive to others reported pos
[5 INFO main 133095] Scout.GotoCenter -> Scout.Query | return to random walk
[5 INFO main 133495] Scout.Query -> Scout.GotoCenter | Drive to others reported pos
[5 INFO main 134395] Scout.GotoCenter -> Scout.Query | return to random walk
[5 INFO main 134498] Scout.Query -> Scout.GotoCenter | Drive to others reported pos
[5 INFO main 134896] Scout.GotoCenter -> Scout.Query | return to random walk
[5 INFO main 135499] Scout.Query -> Scout.GotoCenter | Drive to others reported pos
[5 INFO main 136500] Scout.GotoCenter -> Scout.Query | return to random walk
[5 INFO main 137601] Scout.Query -> Scout.GotoCenter | Drive to others reported pos
[5 INFO main 137895] Scout.GotoCenter -> Scout.Query | return to random walk
[5 INFO main 138603] Scout.Query -> Scout.GotoCenter | Drive to others reported pos
[5 INFO main 138700] Scout.GotoCenter -> Scout.Query | return to random walk
[5 INFO main 139703] Scout.Query -> Scout.GotoCenter | Drive to others reported pos
[5 INFO main 139803] Scout.GotoCenter -> Scout.Query | return to random walk
[5 INFO main 140704] Scout.Query -> Scout.GotoCenter | Drive to others reported pos
[5 INFO main 141806] Scout.GotoCenter -> Scout.Query | return to random walk
