[11 INFO main 27] Initialising Python Geth Console...
[11 INFO main 32] Initialising RandB board...
[11 INFO main 32] Initialising navigation...
[11 INFO main 32] Initialising random-walk...
[11 INFO main 32] Initialising odometry...
[11 INFO main 32] Initialising ground-sensors...
[11 INFO main 378] --//-- Starting Experiment --//--
[11 INFO main 1863] Idle.IDLE -> Scout.Query | Duration: 28.71
[11 INFO main 19791] Scout.Query -> Verify.DriveTo | Go to unverified source
[11 INFO main 80582] Verify.DriveTo -> Verify.Homing | Homing
[11 INFO main 107360] Confirming: 1/9
[11 INFO main 109492] Confirming: 2/9
[11 INFO main 111491] Confirming: 3/9
[11 INFO main 113495] Confirming: 4/9
[11 INFO main 114450] Verify.Homing -> Scout.Query | Arrived home
[11 INFO main 115524] Confirming: 5/9
[11 INFO main 117577] Confirming: 6/9
[11 INFO main 119675] Confirming: 7/9
[11 INFO main 121772] Confirming: 9/9
[11 INFO main 121934] Scout.Query -> Verify.DriveTo | Go to unverified source
[11 INFO main 171335] Verify.DriveTo -> Verify.Homing | Homing
[11 INFO main 196135] Confirming: 1/9
[11 INFO main 198220] Confirming: 2/9
[11 INFO main 200353] Confirming: 3/9
[11 INFO main 204436] Confirming: 5/9
[11 INFO main 206552] Confirming: 6/9
[11 INFO main 208613] Confirming: 7/9
[11 INFO main 210706] Confirming: 8/9
[11 INFO main 212812] Confirming: 9/9
[11 INFO main 212839] Verify.Homing -> Scout.Query | Arrived home
[11 INFO main 212965] Scout.Query -> Verify.DriveTo | Go to unverified source
[11 INFO main 280857] Verify.DriveTo -> Verify.Homing | Homing
[11 INFO main 287079] Confirming: 1/9
[11 INFO main 289159] Confirming: 2/9
[11 INFO main 291264] Confirming: 3/9
[11 INFO main 293335] Confirming: 4/9
[11 INFO main 295346] Confirming: 5/9
[11 INFO main 297395] Confirming: 6/9
[11 INFO main 299459] Confirming: 7/9
[11 INFO main 301502] Confirming: 8/9
[11 INFO main 303683] Confirming: 10/9
[11 INFO main 306211] Verify.Homing -> Scout.Query | Arrived home
[11 INFO main 306329] Scout.Query -> Verify.DriveTo | Go to unverified source
[11 INFO main 314650] Verify.DriveTo -> Verify.Homing | Homing
[11 INFO main 317634] Verify.Homing -> Scout.Query | Arrived home
[11 INFO main 345921] Confirming: 1/9
[11 INFO main 347931] Confirming: 2/9
[11 INFO main 349998] Confirming: 3/9
[11 INFO main 354131] Confirming: 5/9
[11 INFO main 356122] Confirming: 6/9
[11 INFO main 358176] Confirming: 7/9
[11 INFO main 360279] Confirming: 8/9
[11 INFO main 366464] Confirming: 9/9
[11 INFO main 366869] Scout.Query -> Verify.DriveTo | Go to unverified source
[11 INFO main 437405] Verify.DriveTo -> Verify.Homing | Homing
[11 INFO main 449684] Verify.Homing -> Scout.Query | Arrived home
[11 INFO main 468940] Confirming: 2/9
[11 INFO main 470980] Confirming: 3/9
[11 INFO main 473044] Confirming: 4/9
[11 INFO main 475068] Confirming: 5/9
[11 INFO main 477135] Confirming: 6/9
[11 INFO main 479173] Confirming: 7/9
[11 INFO main 481254] Confirming: 8/9
[11 INFO main 483327] Confirming: 9/9
[11 INFO main 483528] Scout.Query -> Verify.DriveTo | Go to unverified source
[11 INFO main 512697] Verify.DriveTo -> Verify.Homing | Homing
[11 INFO main 529669] Verify.Homing -> Scout.Query | Arrived home
[11 INFO main 550710] Confirming: 2/9
[11 INFO main 552778] Confirming: 3/9
[11 INFO main 554816] Confirming: 4/9
[11 INFO main 556863] Confirming: 5/9
[11 INFO main 558917] Confirming: 6/9
[11 INFO main 562951] Confirming: 8/9
[11 INFO main 565063] Confirming: 9/9
[11 INFO main 565122] Scout.Query -> Verify.DriveTo | Go to unverified source
[11 INFO main 593998] Verify.DriveTo -> Verify.Homing | Homing
[11 INFO main 615276] Verify.Homing -> Scout.Query | Arrived home
[11 INFO main 616899] Confirming: 1/9
[11 INFO main 618901] Confirming: 2/9
[11 INFO main 620903] Confirming: 3/9
[11 INFO main 625100] Confirming: 5/9
[11 INFO main 627169] Confirming: 6/9
[11 INFO main 629231] Confirming: 7/9
[11 INFO main 631283] Confirming: 8/9
[11 INFO main 633744] Confirming: 9/9
[11 INFO main 634110] Scout.Query -> Verify.DriveTo | Go to unverified source
[11 INFO main 681367] Verify.DriveTo -> Verify.Homing | Homing
[11 INFO main 708767] Confirming: 2/9
[11 INFO main 710609] Verify.Homing -> Scout.Query | Arrived home
[11 INFO main 710918] Confirming: 3/9
[11 INFO main 713123] Confirming: 4/9
[11 INFO main 715196] Confirming: 5/9
[11 INFO main 717360] Confirming: 6/9
[11 INFO main 719384] Confirming: 7/9
[11 INFO main 721463] Confirming: 8/9
[11 INFO main 723756] Confirming: 10/9
[11 INFO main 723780] Scout.Query -> Verify.DriveTo | Go to unverified source
[11 INFO main 766884] Verify.DriveTo -> Verify.Homing | Homing
[11 INFO main 784491] Verify.Homing -> Scout.Query | Arrived home
[11 INFO main 795988] Confirming: 1/9
[11 INFO main 798074] Confirming: 2/9
[11 INFO main 800107] Confirming: 3/9
[11 INFO main 802199] Confirming: 4/9
[11 INFO main 804393] Confirming: 5/9
[11 INFO main 806522] Confirming: 6/9
[11 INFO main 808581] Confirming: 7/9
[11 INFO main 810619] Confirming: 8/9
[11 INFO main 812684] Confirming: 9/9
[11 INFO main 812714] Scout.Query -> Verify.DriveTo | Go to unverified source
[11 INFO main 895049] Verify.DriveTo -> Verify.Homing | Homing
[11 INFO main 917971] Confirming: 2/9
[11 INFO main 920128] Confirming: 3/9
[11 INFO main 922168] Confirming: 4/9
[11 INFO main 923674] Verify.Homing -> Scout.Query | Arrived home
[11 INFO main 924211] Confirming: 5/9
[11 INFO main 926301] Confirming: 6/9
[11 INFO main 928316] Confirming: 7/9
[11 INFO main 930378] Confirming: 8/9
[11 INFO main 932420] Confirming: 9/9
[11 INFO main 932476] Scout.Query -> Verify.DriveTo | Go to unverified source
[11 INFO main 957722] Verify.DriveTo -> Verify.Homing | Homing
[11 INFO main 970612] Verify.Homing -> Scout.Query | Arrived home
[11 INFO main 976224] Confirming: 1/9
[11 INFO main 978225] Confirming: 2/9
[11 INFO main 982415] Confirming: 4/9
[11 INFO main 984488] Confirming: 5/9
[11 INFO main 986540] Confirming: 6/9
[11 INFO main 988584] Confirming: 7/9
[11 INFO main 990675] Confirming: 8/9
[11 INFO main 992722] Confirming: 9/9
[11 INFO main 993468] Scout.Query -> Verify.DriveTo | Go to unverified source
[11 INFO main 1126119] Verify.DriveTo -> Verify.Homing | Homing
[11 INFO main 1147181] Verify.Homing -> Scout.Query | Arrived home
[11 INFO main 1159087] Confirming: 1/9
[11 INFO main 1161138] Confirming: 2/9
[11 INFO main 1163150] Confirming: 3/9
[11 INFO main 1165255] Confirming: 4/9
[11 INFO main 1167251] Confirming: 5/9
[11 INFO main 1169316] Confirming: 6/9
[11 INFO main 1171458] Confirming: 7/9
[11 INFO main 1173501] Confirming: 8/9
[11 INFO main 1175521] Confirming: 9/9
[11 INFO main 1176333] Scout.Query -> Verify.DriveTo | Go to unverified source
[11 INFO main 1215156] Verify.DriveTo -> Verify.Homing | Homing
[11 INFO main 1243064] Verify.Homing -> Scout.Query | Arrived home
[11 INFO main 1248857] Confirming: 1/9
[11 INFO main 1250857] Confirming: 2/9
[11 INFO main 1252938] Confirming: 3/9
[11 INFO main 1255009] Confirming: 4/9
[11 INFO main 1257046] Confirming: 5/9
[11 INFO main 1259099] Confirming: 6/9
[11 INFO main 1261131] Confirming: 7/9
[11 INFO main 1263136] Confirming: 8/9
[11 INFO main 1265145] Confirming: 9/9
[11 INFO main 1265578] Scout.Query -> Verify.DriveTo | Go to unverified source
[11 INFO main 1291345] Verify.DriveTo -> Verify.Homing | Homing
[11 INFO main 1306339] Verify.Homing -> Scout.Query | Arrived home
[11 INFO main 1308111] Confirming: 1/9
[11 INFO main 1312237] Confirming: 3/9
[11 INFO main 1314352] Confirming: 4/9
[11 INFO main 1318511] Confirming: 6/9
[11 INFO main 1320673] Confirming: 7/9
[11 INFO main 1324799] Confirming: 9/9
[11 INFO main 1325493] Scout.Query -> Verify.DriveTo | Go to unverified source
[11 INFO main 1359878] Verify.DriveTo -> Verify.Homing | Homing
[11 INFO main 1368234] Confirming: 1/9
[11 INFO main 1370322] Confirming: 2/9
[11 INFO main 1372296] Confirming: 3/9
[11 INFO main 1374462] Confirming: 4/9
[11 INFO main 1376536] Confirming: 5/9
[11 INFO main 1376904] Verify.Homing -> Scout.Query | Arrived home
[11 INFO main 1378616] Confirming: 6/9
[11 INFO main 1380699] Confirming: 7/9
[11 INFO main 1382764] Confirming: 8/9
[11 INFO main 1384973] Confirming: 9/9
[11 INFO main 1385012] Scout.Query -> Verify.DriveTo | Go to unverified source
[11 INFO main 1414218] Verify.DriveTo -> Verify.Homing | Homing
[11 INFO main 1426511] Verify.Homing -> Scout.Query | Arrived home
[11 INFO main 1428725] Confirming: 1/9
[11 INFO main 1430841] Confirming: 2/9
[11 INFO main 1432880] Confirming: 3/9
[11 INFO main 1434893] Confirming: 4/9
[11 INFO main 1436956] Confirming: 5/9
[11 INFO main 1438991] Confirming: 6/9
[11 INFO main 1441107] Confirming: 7/9
[11 INFO main 1443166] Confirming: 8/9
[11 INFO main 1445199] Confirming: 9/9
[11 INFO main 1445571] Scout.Query -> Verify.DriveTo | Go to unverified source
[11 INFO main 1525226] Verify.DriveTo -> Verify.Homing | Homing
[11 INFO main 1547895] Confirming: 1/9
[11 INFO main 1549905] Confirming: 2/9
[11 INFO main 1550205] Verify.Homing -> Scout.Query | Arrived home
[11 INFO main 1552010] Confirming: 3/9
[11 INFO main 1554128] Confirming: 4/9
[11 INFO main 1556186] Confirming: 5/9
[11 INFO main 1558234] Confirming: 6/9
[11 INFO main 1560325] Confirming: 7/9
[11 INFO main 1562334] Confirming: 8/9
[11 INFO main 1564440] Confirming: 9/9
[11 INFO main 1564478] Scout.Query -> Verify.DriveTo | Go to unverified source
[11 INFO main 1593218] Verify.DriveTo -> Verify.Homing | Homing
[11 INFO main 1608499] Confirming: 1/9
[11 INFO main 1610515] Confirming: 2/9
[11 INFO main 1612755] Confirming: 3/9
[11 INFO main 1614826] Confirming: 4/9
[11 INFO main 1616833] Confirming: 5/9
[11 INFO main 1618864] Confirming: 6/9
[11 INFO main 1621103] Confirming: 7/9
[11 INFO main 1621103] Verify.Homing -> Scout.Query | Arrived home
[11 INFO main 1623419] Confirming: 8/9
[11 INFO main 1625606] Confirming: 10/9
[11 INFO main 1625659] Scout.Query -> Verify.DriveTo | Go to unverified source
[11 INFO main 1693808] Verify.DriveTo -> Verify.Homing | Homing
[11 INFO main 1729399] Confirming: 1/9
[11 INFO main 1731459] Confirming: 2/9
[11 INFO main 1731459] Verify.Homing -> Scout.Query | Arrived home
[11 INFO main 1733481] Confirming: 3/9
[11 INFO main 1735533] Confirming: 5/9
[11 INFO main 1737615] Confirming: 6/9
[11 INFO main 1739695] Confirming: 7/9
[11 INFO main 1741700] Confirming: 8/9
[11 INFO main 1743759] Confirming: 9/9
[11 INFO main 1744387] Scout.Query -> Verify.DriveTo | Go to unverified source
[11 INFO main 1746252] Verify.DriveTo -> Verify.Homing | Homing
[11 INFO main 1754704] Verify.Homing -> Scout.Query | Arrived home
[11 INFO main 1758908] Confirming: 1/9
[11 INFO main 1761013] Confirming: 2/9
[11 INFO main 1763201] Confirming: 3/9
[11 INFO main 1765305] Confirming: 4/9
[11 INFO main 1767308] Confirming: 5/9
[11 INFO main 1769496] Confirming: 6/9
[11 INFO main 1771672] Confirming: 8/9
[11 INFO main 1773828] Confirming: 9/9
[11 INFO main 1773870] Scout.Query -> Verify.DriveTo | Go to unverified source
[11 INFO main 1816377] Verify.DriveTo -> Verify.Homing | Homing
[11 INFO main 1830625] Verify.Homing -> Scout.Query | Arrived home
[11 INFO main 1847689] Confirming: 2/9
[11 INFO main 1849847] Confirming: 3/9
[11 INFO main 1853996] Confirming: 4/9
[11 INFO main 1856025] Confirming: 5/9
[11 INFO main 1858132] Confirming: 7/9
[11 INFO main 1860163] Confirming: 8/9
[11 INFO main 1862256] Confirming: 9/9
[11 INFO main 1862960] Scout.Query -> Verify.DriveTo | Go to unverified source
[11 INFO main 1891518] Verify.DriveTo -> Verify.Homing | Homing
[11 INFO main 1908884] Confirming: 1/9
[11 INFO main 1910901] Confirming: 2/9
[11 INFO main 1913168] Confirming: 3/9
[11 INFO main 1915244] Confirming: 4/9
[11 INFO main 1917327] Confirming: 5/9
[11 INFO main 1919341] Confirming: 6/9
[11 INFO main 1920812] Verify.Homing -> Scout.Query | Arrived home
[11 INFO main 1921367] Confirming: 7/9
[11 INFO main 1923383] Confirming: 8/9
[11 INFO main 1925408] Confirming: 9/9
[11 INFO main 1925454] Scout.Query -> Verify.DriveTo | Go to unverified source
[11 INFO main 1978763] Verify.DriveTo -> Verify.Homing | Homing
[11 INFO main 1999998] Confirming: 2/9
[11 INFO main 2002081] Confirming: 3/9
[11 INFO main 2004158] Confirming: 4/9
[11 INFO main 2006169] Confirming: 5/9
[11 INFO main 2008271] Confirming: 6/9
[11 INFO main 2010347] Confirming: 7/9
[11 INFO main 2012404] Confirming: 8/9
[11 INFO main 2013044] Verify.Homing -> Scout.Query | Arrived home
[11 INFO main 2014426] Confirming: 9/9
[11 INFO main 2015326] Scout.Query -> Verify.DriveTo | Go to unverified source
[11 INFO main 2110741] Verify.DriveTo -> Verify.Homing | Homing
[11 INFO main 2119259] Confirming: 1/9
[11 INFO main 2121306] Confirming: 2/9
[11 INFO main 2125755] Confirming: 3/9
[11 INFO main 2127795] Confirming: 5/9
[11 INFO main 2129812] Confirming: 6/9
[11 INFO main 2131958] Confirming: 7/9
[11 INFO main 2133998] Confirming: 8/9
[11 INFO main 2136040] Confirming: 9/9
[11 INFO main 2185646] Verify.Homing -> Scout.Query | Arrived home
[11 INFO main 2185790] Scout.Query -> Verify.DriveTo | Go to unverified source
[11 INFO main 2202601] Verify.DriveTo -> Verify.Homing | Homing
[11 INFO main 2210997] Confirming: 2/9
[11 INFO main 2213149] Confirming: 3/9
[11 INFO main 2214989] Verify.Homing -> Scout.Query | Arrived home
[11 INFO main 2215150] Confirming: 4/9
[11 INFO main 2217567] Confirming: 5/9
[11 INFO main 2219658] Confirming: 6/9
[11 INFO main 2221722] Confirming: 7/9
[11 INFO main 2223747] Confirming: 8/9
[11 INFO main 2225850] Confirming: 9/9
[11 INFO main 2226267] Scout.Query -> Verify.DriveTo | Go to unverified source
[11 INFO main 2325098] Verify.DriveTo -> Verify.Homing | Homing
[11 INFO main 2360712] Confirming: 2/9
[11 INFO main 2364919] Confirming: 3/9
[11 INFO main 2366939] Confirming: 5/9
[11 INFO main 2369257] Confirming: 6/9
[11 INFO main 2371339] Confirming: 7/9
[11 INFO main 2375405] Confirming: 9/9
[11 INFO main 2382080] Verify.Homing -> Scout.Query | Arrived home
[11 INFO main 2382231] Scout.Query -> Verify.DriveTo | Go to unverified source
[11 INFO main 2421093] Verify.DriveTo -> Verify.Homing | Homing
[11 INFO main 2432735] Verify.Homing -> Scout.Query | Arrived home
[11 INFO main 2450303] Confirming: 1/9
[11 INFO main 2452303] Confirming: 2/9
[11 INFO main 2462816] Confirming: 7/9
[11 INFO main 2464987] Confirming: 8/9
[11 INFO main 2467151] Confirming: 9/9
[11 INFO main 2467190] Scout.Query -> Verify.DriveTo | Go to unverified source
[11 INFO main 2578799] Verify.DriveTo -> Verify.Homing | Homing
[11 INFO main 2603902] Confirming: 2/9
[11 INFO main 2605917] Confirming: 3/9
[11 INFO main 2609955] Confirming: 4/9
[11 INFO main 2610444] Verify.Homing -> Scout.Query | Arrived home
[11 INFO main 2612114] Confirming: 6/9
[11 INFO main 2614081] Confirming: 7/9
[11 INFO main 2616136] Confirming: 8/9
[11 INFO main 2618247] Confirming: 9/9
[11 INFO main 2618297] Scout.Query -> Verify.DriveTo | Go to unverified source
[11 INFO main 2660459] Verify.DriveTo -> Verify.Homing | Homing
[11 INFO main 2691825] Verify.Homing -> Scout.Query | Arrived home
[11 INFO main 2693938] Confirming: 2/9
[11 INFO main 2696343] Confirming: 3/9
[11 INFO main 2698418] Confirming: 4/9
[11 INFO main 2700510] Confirming: 5/9
[11 INFO main 2702607] Confirming: 6/9
[11 INFO main 2704627] Confirming: 7/9
[11 INFO main 2706669] Confirming: 8/9
[11 INFO main 2708661] Confirming: 9/9
[11 INFO main 2709437] Scout.Query -> Verify.DriveTo | Go to unverified source
[11 INFO main 2784514] Verify.DriveTo -> Verify.Homing | Homing
[11 INFO main 2813330] Confirming: 1/9
[11 INFO main 2813465] Verify.Homing -> Scout.Query | Arrived home
[11 INFO main 2815342] Confirming: 2/9
[11 INFO main 2817401] Confirming: 3/9
[11 INFO main 2819436] Confirming: 4/9
[11 INFO main 2821560] Confirming: 6/9
[11 INFO main 2825700] Confirming: 8/9
[11 INFO main 2827725] Confirming: 9/9
[11 INFO main 2828068] Scout.Query -> Verify.DriveTo | Go to unverified source
[11 INFO main 2935450] Verify.DriveTo -> Verify.Homing | Homing
[11 INFO main 2964824] Confirming: 1/9
[11 INFO main 2966827] Confirming: 2/9
[11 INFO main 2968335] Verify.Homing -> Scout.Query | Arrived home
[11 INFO main 2968959] Confirming: 3/9
[11 INFO main 2971132] Confirming: 5/9
[11 INFO main 2975228] Confirming: 7/9
[11 INFO main 2977263] Confirming: 8/9
[11 INFO main 2979273] Confirming: 9/9
[11 INFO main 2979317] Scout.Query -> Verify.DriveTo | Go to unverified source
[11 INFO main 3033948] Verify.DriveTo -> Verify.Homing | Homing
[11 INFO main 3054544] Confirming: 2/9
[11 INFO main 3058742] Confirming: 3/9
[11 INFO main 3060796] Confirming: 5/9
[11 INFO main 3064868] Confirming: 7/9
[11 INFO main 3066903] Confirming: 8/9
[11 INFO main 3071136] Confirming: 10/9
[11 INFO main 3085162] Verify.Homing -> Scout.Query | Arrived home
[11 INFO main 3085533] Scout.Query -> Verify.DriveTo | Go to unverified source
[11 INFO main 3133706] Verify.DriveTo -> Verify.Homing | Homing
[11 INFO main 3144115] Confirming: 1/9
[11 INFO main 3146165] Confirming: 2/9
[11 INFO main 3148170] Confirming: 3/9
[11 INFO main 3150323] Confirming: 4/9
[11 INFO main 3152409] Confirming: 5/9
[11 INFO main 3153725] Verify.Homing -> Scout.Query | Arrived home
[11 INFO main 3154428] Confirming: 6/9
[11 INFO main 3156537] Confirming: 8/9
[11 INFO main 3160600] Confirming: 10/9
[11 INFO main 3161451] Scout.Query -> Verify.DriveTo | Go to unverified source
[11 INFO main 3299674] Verify.DriveTo -> Verify.Homing | Homing
[11 INFO main 3322757] Confirming: 1/9
[11 INFO main 3326884] Confirming: 3/9
[11 INFO main 3331010] Confirming: 5/9
[11 INFO main 3333454] Verify.Homing -> Scout.Query | Arrived home
[11 INFO main 3335064] Confirming: 6/9
[11 INFO main 3337145] Confirming: 7/9
[11 INFO main 3339101] Confirming: 9/9
[11 INFO main 3339892] Scout.Query -> Verify.DriveTo | Go to unverified source
[11 INFO main 3380041] Verify.DriveTo -> Verify.Homing | Homing
[11 INFO main 3402586] Verify.Homing -> Scout.Query | Arrived home
[11 INFO main 3413824] Confirming: 1/9
[11 INFO main 3415838] Confirming: 2/9
[11 INFO main 3418055] Confirming: 3/9
[11 INFO main 3420315] Confirming: 4/9
[11 INFO main 3422375] Confirming: 5/9
[11 INFO main 3424383] Confirming: 6/9
[11 INFO main 3426479] Confirming: 7/9
[11 INFO main 3428606] Confirming: 8/9
[11 INFO main 3430619] Confirming: 9/9
[11 INFO main 3430675] Scout.Query -> Verify.DriveTo | Go to unverified source
[11 INFO main 3461807] Verify.DriveTo -> Verify.Homing | Homing
[11 INFO main 3472718] Confirming: 1/9
[11 INFO main 3474789] Confirming: 2/9
[11 INFO main 3476720] Confirming: 3/9
[11 INFO main 3478872] Confirming: 4/9
[11 INFO main 3480884] Confirming: 5/9
[11 INFO main 3483093] Confirming: 6/9
[11 INFO main 3485196] Confirming: 7/9
[11 INFO main 3487306] Confirming: 8/9
[11 INFO main 3489352] Confirming: 9/9
[11 INFO main 3507220] Verify.Homing -> Scout.Query | Arrived home
[11 INFO main 3507384] Scout.Query -> Verify.DriveTo | Go to unverified source
[11 INFO main 3603038] Verify.DriveTo -> Verify.Homing | Homing
[11 INFO main 3623739] Confirming: 1/9
[11 INFO main 3625760] Confirming: 2/9
[11 INFO main 3627907] Confirming: 3/9
[11 INFO main 3629948] Confirming: 4/9
[11 INFO main 3632019] Confirming: 5/9
[11 INFO main 3634147] Confirming: 6/9
[11 INFO main 3636212] Confirming: 7/9
[11 INFO main 3638252] Confirming: 8/9
[11 INFO main 3640332] Confirming: 9/9
[11 INFO main 3652457] Verify.Homing -> Scout.Query | Arrived home
[11 INFO main 3652669] Scout.Query -> Verify.DriveTo | Go to unverified source
[11 INFO main 3678223] Verify.DriveTo -> Verify.Homing | Homing
[11 INFO main 3682752] Confirming: 1/9
[11 INFO main 3684922] Confirming: 2/9
[11 INFO main 3686973] Confirming: 3/9
[11 INFO main 3689036] Confirming: 4/9
[11 INFO main 3691124] Confirming: 5/9
[11 INFO main 3693200] Confirming: 6/9
[11 INFO main 3695219] Confirming: 7/9
[11 INFO main 3697235] Confirming: 8/9
[11 INFO main 3697465] Verify.Homing -> Scout.Query | Arrived home
[11 INFO main 3699248] Confirming: 9/9
[11 INFO main 3699876] Scout.Query -> Verify.DriveTo | Go to unverified source
[11 INFO main 3750754] Verify.DriveTo -> Verify.Homing | Homing
[11 INFO main 3774008] Confirming: 1/9
[11 INFO main 3776075] Confirming: 2/9
[11 INFO main 3778110] Confirming: 3/9
[11 INFO main 3780210] Confirming: 4/9
[11 INFO main 3782008] Verify.Homing -> Scout.Query | Arrived home
[11 INFO main 3782321] Confirming: 5/9
[11 INFO main 3784327] Confirming: 6/9
[11 INFO main 3786388] Confirming: 7/9
[11 INFO main 3788404] Confirming: 8/9
[11 INFO main 3790462] Confirming: 9/9
[11 INFO main 3790928] Scout.Query -> Verify.DriveTo | Go to unverified source
[11 INFO main 3828003] Verify.DriveTo -> Verify.Homing | Homing
[11 INFO main 3834148] Confirming: 1/9
[11 INFO main 3836204] Confirming: 2/9
[11 INFO main 3838245] Confirming: 3/9
[11 INFO main 3840273] Confirming: 4/9
[11 INFO main 3842441] Confirming: 5/9
[11 INFO main 3844498] Confirming: 6/9
[11 INFO main 3846512] Confirming: 7/9
[11 INFO main 3846638] Verify.Homing -> Scout.Query | Arrived home
[11 INFO main 3848559] Confirming: 8/9
[11 INFO main 3850615] Confirming: 9/9
[11 INFO main 3850990] Scout.Query -> Verify.DriveTo | Go to unverified source
[11 INFO main 3929284] Verify.DriveTo -> Verify.Homing | Homing
[11 INFO main 3954437] Confirming: 1/9
[11 INFO main 3956645] Confirming: 3/9
[11 INFO main 3960744] Confirming: 5/9
[11 INFO main 3965123] Confirming: 7/9
[11 INFO main 3967487] Confirming: 8/9
[11 INFO main 3969518] Confirming: 9/9
[11 INFO main 4039906] Verify.Homing -> Scout.Query | Arrived home
[11 INFO main 4040446] Scout.Query -> Verify.DriveTo | Go to unverified source
[11 INFO main 4079919] Verify.DriveTo -> Verify.Homing | Homing
[11 INFO main 4095437] Verify.Homing -> Scout.Query | Arrived home
[11 INFO main 4103100] Confirming: 1/9
[11 INFO main 4105083] Confirming: 2/9
[11 INFO main 4107290] Confirming: 3/9
[11 INFO main 4109405] Confirming: 4/9
[11 INFO main 4111746] Confirming: 5/9
[11 INFO main 4113791] Confirming: 6/9
[11 INFO main 4115868] Confirming: 7/9
[11 INFO main 4117942] Confirming: 8/9
[11 INFO main 4119984] Confirming: 9/9
[11 INFO main 4121042] Scout.Query -> Verify.DriveTo | Go to unverified source
[11 INFO main 4148336] Verify.DriveTo -> Verify.Homing | Homing
[11 INFO main 4155374] Verify.Homing -> Scout.Query | Arrived home
[11 INFO main 4163380] Confirming: 1/9
[11 INFO main 4165462] Confirming: 2/9
[11 INFO main 4167564] Confirming: 3/9
[11 INFO main 4169619] Confirming: 4/9
[11 INFO main 4171757] Confirming: 5/9
[11 INFO main 4173927] Confirming: 6/9
[11 INFO main 4175953] Confirming: 7/9
[11 INFO main 4178075] Confirming: 8/9
[11 INFO main 4182171] Confirming: 10/9
[11 INFO main 4182228] Scout.Query -> Verify.DriveTo | Go to unverified source
[11 INFO main 4238409] Verify.DriveTo -> Verify.Homing | Homing
[11 INFO main 4253326] Confirming: 1/9
[11 INFO main 4259420] Confirming: 2/9
[11 INFO main 4261691] Confirming: 3/9
[11 INFO main 4263937] Confirming: 4/9
[11 INFO main 4270211] Confirming: 5/9
[11 INFO main 4272363] Confirming: 9/9
[11 INFO main 4275023] Verify.Homing -> Scout.Query | Arrived home
[11 INFO main 4275478] Scout.Query -> Verify.DriveTo | Go to unverified source
[11 INFO main 4349728] Verify.DriveTo -> Verify.Homing | Homing
[11 INFO main 4380169] Verify.Homing -> Scout.Query | Arrived home
[11 INFO main 4383713] Confirming: 2/9
[11 INFO main 4385763] Confirming: 3/9
[11 INFO main 4387856] Confirming: 4/9
[11 INFO main 4389953] Confirming: 5/9
[11 INFO main 4392013] Confirming: 6/9
[11 INFO main 4394062] Confirming: 7/9
[11 INFO main 4396083] Confirming: 8/9
[11 INFO main 4398191] Confirming: 9/9
[11 INFO main 4398309] Scout.Query -> Verify.DriveTo | Go to unverified source
[11 INFO main 4501060] Verify.DriveTo -> Verify.Homing | Homing
[11 INFO main 4526207] Confirming: 1/9
[11 INFO main 4528237] Confirming: 2/9
[11 INFO main 4530305] Confirming: 3/9
[11 INFO main 4531933] Verify.Homing -> Scout.Query | Arrived home
[11 INFO main 4532414] Confirming: 4/9
[11 INFO main 4536563] Confirming: 7/9
[11 INFO main 4540889] Confirming: 8/9
[11 INFO main 4542920] Confirming: 9/9
[11 INFO main 4543574] Scout.Query -> Verify.DriveTo | Go to unverified source
[11 INFO main 4606004] Verify.DriveTo -> Verify.Homing | Homing
[11 INFO main 4616719] Confirming: 2/9
[11 INFO main 4618865] Confirming: 3/9
[11 INFO main 4620875] Confirming: 4/9
[11 INFO main 4622849] Confirming: 5/9
[11 INFO main 4624995] Confirming: 6/9
[11 INFO main 4626999] Confirming: 7/9
[11 INFO main 4629068] Confirming: 8/9
[11 INFO main 4631099] Confirming: 9/9
[11 INFO main 4651781] Verify.Homing -> Scout.Query | Arrived home
[11 INFO main 4652366] Scout.Query -> Verify.DriveTo | Go to unverified source
[11 INFO main 4685205] Verify.DriveTo -> Verify.Homing | Homing
[11 INFO main 4691874] Confirming: 2/9
[11 INFO main 4693389] Verify.Homing -> Scout.Query | Arrived home
[11 INFO main 4694076] Confirming: 3/9
[11 INFO main 4696119] Confirming: 4/9
[11 INFO main 4698212] Confirming: 5/9
[11 INFO main 4700354] Confirming: 6/9
[11 INFO main 4702399] Confirming: 7/9
[11 INFO main 4704569] Confirming: 8/9
[11 INFO main 4706799] Confirming: 9/9
[11 INFO main 4706859] Scout.Query -> Verify.DriveTo | Go to unverified source
[11 INFO main 4760417] Verify.DriveTo -> Verify.Homing | Homing
[11 INFO main 4787961] Confirming: 1/9
[11 INFO main 4790114] Confirming: 2/9
[11 INFO main 4792134] Confirming: 3/9
[11 INFO main 4793875] Verify.Homing -> Scout.Query | Arrived home
[11 INFO main 4794159] Confirming: 4/9
[11 INFO main 4796178] Confirming: 5/9
[11 INFO main 4798142] Confirming: 6/9
[11 INFO main 4800581] Confirming: 7/9
[11 INFO main 4802636] Confirming: 8/9
[11 INFO main 4804735] Confirming: 9/9
[11 INFO main 4804823] Scout.Query -> Verify.DriveTo | Go to unverified source
[11 INFO main 4846025] Verify.DriveTo -> Verify.Homing | Homing
[11 INFO main 4856496] Confirming: 1/9
[11 INFO main 4858605] Confirming: 2/9
[11 INFO main 4861008] Confirming: 3/9
[11 INFO main 4863078] Confirming: 4/9
[11 INFO main 4865364] Confirming: 5/9
[11 INFO main 4867455] Confirming: 6/9
[11 INFO main 4869543] Confirming: 7/9
[11 INFO main 4871507] Confirming: 8/9
[11 INFO main 4873645] Confirming: 9/9
[11 INFO main 4874961] Verify.Homing -> Scout.Query | Arrived home
[11 INFO main 4875123] Scout.Query -> Verify.DriveTo | Go to unverified source
[11 INFO main 4934298] Verify.DriveTo -> Verify.Homing | Homing
[11 INFO main 4945249] Confirming: 1/9
[11 INFO main 4947314] Confirming: 2/9
[11 INFO main 4949354] Confirming: 3/9
[11 INFO main 4951392] Confirming: 4/9
[11 INFO main 4955479] Confirming: 5/9
[11 INFO main 4957630] Confirming: 7/9
[11 INFO main 4959667] Confirming: 8/9
[11 INFO main 4961761] Confirming: 9/9
[11 INFO main 4966317] Verify.Homing -> Scout.Query | Arrived home
[11 INFO main 4966436] Scout.Query -> Verify.DriveTo | Go to unverified source
[11 INFO main 5137726] Verify.DriveTo -> Verify.Homing | Homing
[11 INFO main 5157007] Confirming: 1/9
[11 INFO main 5159371] Confirming: 2/9
[11 INFO main 5161627] Confirming: 4/9
[11 INFO main 5163650] Confirming: 5/9
[11 INFO main 5164481] Verify.Homing -> Scout.Query | Arrived home
[11 INFO main 5167761] Confirming: 6/9
[11 INFO main 5169829] Confirming: 8/9
[11 INFO main 5172133] Confirming: 9/9
[11 INFO main 5172193] Scout.Query -> Verify.DriveTo | Go to unverified source
[11 INFO main 5233622] Verify.DriveTo -> Verify.Homing | Homing
[11 INFO main 5246231] Confirming: 1/9
[11 INFO main 5248241] Confirming: 2/9
[11 INFO main 5250447] Confirming: 3/9
[11 INFO main 5252472] Confirming: 4/9
[11 INFO main 5254396] Confirming: 5/9
[11 INFO main 5256746] Confirming: 6/9
[11 INFO main 5258795] Confirming: 7/9
[11 INFO main 5260991] Confirming: 8/9
[11 INFO main 5263079] Confirming: 9/9
[11 INFO main 5278176] Verify.Homing -> Scout.Query | Arrived home
[11 INFO main 5278234] Scout.Query -> Verify.DriveTo | Go to unverified source
[11 INFO main 5323026] Verify.DriveTo -> Verify.Homing | Homing
[11 INFO main 5337980] Confirming: 2/9
[11 INFO main 5340211] Verify.Homing -> Scout.Query | Arrived home
[11 INFO main 5342255] Confirming: 4/9
[11 INFO main 5344568] Confirming: 5/9
[11 INFO main 5346671] Confirming: 6/9
[11 INFO main 5350768] Confirming: 8/9
[11 INFO main 5352858] Confirming: 9/9
[11 INFO main 5353628] Scout.Query -> Verify.DriveTo | Go to unverified source
[11 INFO main 5379412] Verify.DriveTo -> Verify.Homing | Homing
[11 INFO main 5396459] Confirming: 1/9
[11 INFO main 5398467] Confirming: 2/9
[11 INFO main 5400484] Confirming: 3/9
