[14 INFO main 30] Initialising Python Geth Console...
[14 INFO main 34] Initialising RandB board...
[14 INFO main 34] Initialising navigation...
[14 INFO main 34] Initialising random-walk...
[14 INFO main 34] Initialising odometry...
[14 INFO main 34] Initialising ground-sensors...
[14 INFO main 186] --//-- Starting Experiment --//--
[14 INFO main 1286] Idle.IDLE -> Scout.Query | Duration: 19.46
[14 INFO main 40782] Scout.Query -> Scout.GotoCenter | Drive to others reported pos
[14 INFO main 52040] Scout.GotoCenter -> Scout.Query | return to random walk
[14 INFO main 60302] Confirming: 1/8
[14 INFO main 62367] Confirming: 2/8
[14 INFO main 64406] Confirming: 3/8
[14 INFO main 66406] Confirming: 4/8
[14 INFO main 68475] Confirming: 5/8
[14 INFO main 70427] Confirming: 6/8
[14 INFO main 72487] Confirming: 7/8
[14 INFO main 74547] Confirming: 8/8
[14 INFO main 266880] Scout.Query -> Scout.GotoCenter | Drive to others reported pos
[14 INFO main 295817] Scout.GotoCenter -> Scout.Query | return to random walk
[14 INFO main 310338] Confirming: 1/8
[14 INFO main 312409] Confirming: 2/8
[14 INFO main 314410] Confirming: 3/8
[14 INFO main 316422] Confirming: 4/8
[14 INFO main 318491] Confirming: 5/8
[14 INFO main 320587] Confirming: 6/8
[14 INFO main 322637] Confirming: 7/8
[14 INFO main 324667] Confirming: 8/8
