[2 INFO main 29] Initialising Python Geth Console...
[2 INFO main 33] Initialising RandB board...
[2 INFO main 33] Initialising navigation...
[2 INFO main 33] Initialising random-walk...
[2 INFO main 33] Initialising odometry...
[2 INFO main 33] Initialising ground-sensors...
[2 INFO main 745] --//-- Starting Experiment --//--
[2 INFO main 1847] Idle.IDLE -> Scout.Query | Duration: 22.99
[2 INFO main 51263] Scout.Query -> Scout.GotoCenter | Drive to others reported pos
[2 INFO main 57780] Scout.GotoCenter -> Scout.Query | return to random walk
[2 INFO main 82357] Confirming: 1/8
[2 INFO main 84453] Confirming: 2/8
[2 INFO main 86485] Confirming: 3/8
[2 INFO main 88545] Confirming: 4/8
[2 INFO main 90616] Confirming: 5/8
[2 INFO main 92629] Confirming: 6/8
[2 INFO main 94651] Confirming: 7/8
[2 INFO main 96661] Confirming: 8/8
[2 INFO main 98488] Scout.Query -> Scout.GotoCenter | Drive to others reported pos
[2 INFO main 115772] Scout.GotoCenter -> Scout.Query | return to random walk
[2 INFO main 142584] Confirming: 1/8
[2 INFO main 144726] Confirming: 2/8
[2 INFO main 146716] Confirming: 3/8
[2 INFO main 148797] Confirming: 4/8
[2 INFO main 150862] Confirming: 5/8
[2 INFO main 152881] Confirming: 6/8
[2 INFO main 154901] Confirming: 7/8
[2 INFO main 156961] Confirming: 8/8
[2 INFO main 640672] Confirming: 1/8
[2 INFO main 642737] Confirming: 2/8
[2 INFO main 644777] Confirming: 3/8
[2 INFO main 646817] Confirming: 4/8
[2 INFO main 648814] Confirming: 5/8
[2 INFO main 650861] Confirming: 6/8
[2 INFO main 652896] Confirming: 7/8
[2 INFO main 654934] Confirming: 8/8
[2 INFO main 886346] Confirming: 1/8
[2 INFO main 888385] Confirming: 2/8
[2 INFO main 890425] Confirming: 3/8
[2 INFO main 892363] Confirming: 4/8
[2 INFO main 894510] Confirming: 5/8
[2 INFO main 896593] Confirming: 7/8
[2 INFO main 900769] Confirming: 8/8
[2 INFO main 901481] Scout.Query -> Scout.GotoCenter | Drive to others reported pos
[2 INFO main 917120] Scout.GotoCenter -> Scout.Query | return to random walk
[2 INFO main 946068] Confirming: 1/8
[2 INFO main 948157] Confirming: 2/8
[2 INFO main 950242] Confirming: 3/8
[2 INFO main 952293] Confirming: 4/8
[2 INFO main 954429] Confirming: 5/8
[2 INFO main 956517] Confirming: 6/8
[2 INFO main 958597] Confirming: 7/8
[2 INFO main 960681] Confirming: 8/8
[2 INFO main 1294476] Confirming: 1/8
[2 INFO main 1296577] Confirming: 2/8
[2 INFO main 1298661] Confirming: 3/8
[2 INFO main 1300705] Confirming: 4/8
[2 INFO main 1302746] Confirming: 6/8
[2 INFO main 1304762] Confirming: 7/8
[2 INFO main 1306829] Confirming: 8/8
[2 INFO main 1306875] Scout.Query -> Scout.GotoCenter | Drive to others reported pos
[2 INFO main 1328944] Scout.GotoCenter -> Scout.Query | return to random walk
[2 INFO main 1337241] Confirming: 1/8
[2 INFO main 1339292] Confirming: 2/8
[2 INFO main 1341345] Confirming: 3/8
[2 INFO main 1343402] Confirming: 4/8
[2 INFO main 1345461] Confirming: 5/8
[2 INFO main 1347561] Confirming: 6/8
[2 INFO main 1349516] Confirming: 7/8
[2 INFO main 1351613] Confirming: 8/8
[2 INFO main 1668517] Scout.Query -> Scout.GotoCenter | Drive to others reported pos
[2 INFO main 1684158] Scout.GotoCenter -> Scout.Query | return to random walk
[2 INFO main 1704565] Confirming: 1/8
[2 INFO main 1706677] Confirming: 2/8
[2 INFO main 1708721] Confirming: 3/8
[2 INFO main 1710732] Confirming: 4/8
[2 INFO main 1712754] Confirming: 5/8
[2 INFO main 1714764] Confirming: 6/8
[2 INFO main 1716821] Confirming: 7/8
[2 INFO main 1718880] Confirming: 8/8
[2 INFO main 1719417] Scout.Query -> Scout.GotoCenter | Drive to others reported pos
[2 INFO main 1750881] Scout.GotoCenter -> Scout.Query | return to random walk
[2 INFO main 1765289] Confirming: 1/8
[2 INFO main 1767356] Confirming: 2/8
[2 INFO main 1769405] Confirming: 3/8
[2 INFO main 1771425] Confirming: 4/8
[2 INFO main 1773481] Confirming: 5/8
[2 INFO main 1775501] Confirming: 6/8
[2 INFO main 1777562] Confirming: 8/8
[2 INFO main 2104875] Scout.Query -> Scout.GotoCenter | Drive to others reported pos
[2 INFO main 2128893] Scout.GotoCenter -> Scout.Query | return to random walk
[2 INFO main 2160116] Confirming: 1/8
[2 INFO main 2162201] Confirming: 2/8
[2 INFO main 2164205] Confirming: 3/8
[2 INFO main 2166288] Confirming: 4/8
[2 INFO main 2168377] Confirming: 5/8
[2 INFO main 2170409] Confirming: 6/8
[2 INFO main 2172457] Confirming: 7/8
[2 INFO main 2174509] Confirming: 8/8
[2 INFO main 2322154] Scout.Query -> Scout.GotoCenter | Drive to others reported pos
[2 INFO main 2349076] Scout.GotoCenter -> Scout.Query | return to random walk
[2 INFO main 2375669] Confirming: 1/8
[2 INFO main 2377733] Confirming: 2/8
[2 INFO main 2381850] Confirming: 3/8
[2 INFO main 2383889] Confirming: 5/8
[2 INFO main 2387977] Confirming: 7/8
[2 INFO main 2390001] Confirming: 8/8
[2 INFO main 2406627] Scout.Query -> Scout.GotoCenter | Drive to others reported pos
[2 INFO main 2412429] Scout.GotoCenter -> Scout.Query | return to random walk
[2 INFO main 2437134] Confirming: 1/8
[2 INFO main 2439198] Confirming: 2/8
[2 INFO main 2441209] Confirming: 3/8
[2 INFO main 2443283] Confirming: 4/8
[2 INFO main 2445325] Confirming: 5/8
[2 INFO main 2447329] Confirming: 6/8
[2 INFO main 2449561] Confirming: 8/8
[2 INFO main 2718019] Scout.Query -> Scout.GotoCenter | Drive to others reported pos
[2 INFO main 2743751] Scout.GotoCenter -> Scout.Query | return to random walk
[2 INFO main 2768142] Confirming: 1/8
[2 INFO main 2770305] Confirming: 2/8
[2 INFO main 2772368] Confirming: 3/8
[2 INFO main 2774416] Confirming: 4/8
[2 INFO main 2776398] Confirming: 5/8
[2 INFO main 2778446] Confirming: 6/8
[2 INFO main 2780563] Confirming: 7/8
[2 INFO main 2782613] Confirming: 8/8
[2 INFO main 3046314] Scout.Query -> Scout.GotoCenter | Drive to others reported pos
[2 INFO main 3073820] Scout.GotoCenter -> Scout.Query | return to random walk
[2 INFO main 3098564] Confirming: 1/8
[2 INFO main 3100629] Confirming: 2/8
[2 INFO main 3102697] Confirming: 3/8
[2 INFO main 3104773] Confirming: 4/8
[2 INFO main 3106780] Confirming: 5/8
[2 INFO main 3108801] Confirming: 6/8
[2 INFO main 3110853] Confirming: 7/8
[2 INFO main 3113060] Confirming: 8/8
[2 INFO main 3376981] Confirming: 1/8
[2 INFO main 3393333] Confirming: 6/8
[2 INFO main 3395417] Confirming: 7/8
[2 INFO main 3397446] Confirming: 9/8
[2 INFO main 3439233] Scout.Query -> Scout.GotoCenter | Drive to others reported pos
[2 INFO main 3474310] Scout.GotoCenter -> Scout.Query | return to random walk
[2 INFO main 3496949] Confirming: 1/8
[2 INFO main 3501045] Confirming: 3/8
[2 INFO main 3503081] Confirming: 4/8
[2 INFO main 3505151] Confirming: 5/8
[2 INFO main 3507115] Confirming: 6/8
[2 INFO main 3509260] Confirming: 7/8
[2 INFO main 3511333] Confirming: 8/8
[2 INFO main 3525704] Scout.Query -> Scout.GotoCenter | Drive to others reported pos
[2 INFO main 3560079] Scout.GotoCenter -> Scout.Query | return to random walk
[2 INFO main 3572844] Confirming: 1/8
[2 INFO main 3576980] Confirming: 3/8
[2 INFO main 3579085] Confirming: 4/8
[2 INFO main 3581105] Confirming: 5/8
[2 INFO main 3583250] Confirming: 6/8
[2 INFO main 3585250] Confirming: 7/8
[2 INFO main 3587377] Confirming: 8/8
[2 INFO main 3590971] Scout.Query -> Scout.GotoCenter | Drive to others reported pos
[2 INFO main 3609022] Scout.GotoCenter -> Scout.Query | return to random walk
[2 INFO main 3617536] Confirming: 1/8
[2 INFO main 3621624] Confirming: 3/8
[2 INFO main 3623701] Confirming: 4/8
[2 INFO main 3627761] Confirming: 6/8
[2 INFO main 3629861] Confirming: 7/8
[2 INFO main 3631881] Confirming: 8/8
[2 INFO main 3771045] Confirming: 1/8
[2 INFO main 3773100] Confirming: 2/8
[2 INFO main 3777173] Confirming: 3/8
[2 INFO main 3783353] Confirming: 4/8
[2 INFO main 3787392] Confirming: 5/8
[2 INFO main 3789405] Confirming: 6/8
[2 INFO main 3791485] Confirming: 7/8
[2 INFO main 3793557] Confirming: 8/8
[2 INFO main 4116492] Scout.Query -> Scout.GotoCenter | Drive to others reported pos
[2 INFO main 4131001] Scout.GotoCenter -> Scout.Query | return to random walk
[2 INFO main 4153617] Confirming: 2/8
[2 INFO main 4157641] Confirming: 4/8
[2 INFO main 4159672] Confirming: 5/8
[2 INFO main 4161741] Confirming: 6/8
[2 INFO main 4163741] Confirming: 7/8
[2 INFO main 4165741] Confirming: 8/8
[2 INFO main 5678164] Scout.Query -> Scout.GotoCenter | Drive to others reported pos
[2 INFO main 5685323] Scout.GotoCenter -> Scout.Query | return to random walk
[2 INFO main 5706088] Confirming: 1/8
[2 INFO main 5708170] Confirming: 2/8
[2 INFO main 5710219] Confirming: 3/8
[2 INFO main 5712288] Confirming: 4/8
[2 INFO main 5714329] Confirming: 5/8
[2 INFO main 5716341] Confirming: 6/8
[2 INFO main 5718383] Confirming: 7/8
[2 INFO main 5720444] Confirming: 8/8
[2 INFO main 5720899] Scout.Query -> Scout.GotoCenter | Drive to others reported pos
[2 INFO main 5733195] Scout.GotoCenter -> Scout.Query | return to random walk
[2 INFO main 5766513] Confirming: 1/8
[2 INFO main 5768573] Confirming: 2/8
[2 INFO main 5770601] Confirming: 3/8
[2 INFO main 5772653] Confirming: 4/8
[2 INFO main 5774749] Confirming: 5/8
[2 INFO main 5776769] Confirming: 6/8
[2 INFO main 5778805] Confirming: 7/8
[2 INFO main 5780818] Confirming: 8/8
[2 INFO main 6198558] Scout.Query -> Scout.GotoCenter | Drive to others reported pos
[2 INFO main 6239165] Scout.GotoCenter -> Scout.Query | return to random walk
[2 INFO main 6255742] Confirming: 1/8
[2 INFO main 6257948] Confirming: 2/8
[2 INFO main 6260058] Confirming: 3/8
[2 INFO main 6262204] Confirming: 4/8
[2 INFO main 6264248] Confirming: 5/8
[2 INFO main 6266309] Confirming: 6/8
[2 INFO main 6268422] Confirming: 7/8
[2 INFO main 6270417] Confirming: 8/8
[2 INFO main 6868103] Scout.Query -> Scout.GotoCenter | Drive to others reported pos
[2 INFO main 6875629] Scout.GotoCenter -> Scout.Query | return to random walk
[2 INFO main 6881824] Confirming: 1/8
[2 INFO main 6883853] Confirming: 2/8
[2 INFO main 6885868] Confirming: 3/8
[2 INFO main 6887949] Confirming: 4/8
[2 INFO main 6889961] Confirming: 5/8
[2 INFO main 6892025] Confirming: 6/8
[2 INFO main 6894064] Confirming: 7/8
[2 INFO main 6896080] Confirming: 8/8
[2 INFO main 6926532] Scout.Query -> Scout.GotoCenter | Drive to others reported pos
[2 INFO main 6947312] Scout.GotoCenter -> Scout.Query | return to random walk
[2 INFO main 6971900] Confirming: 1/8
[2 INFO main 6974009] Confirming: 2/8
[2 INFO main 6976106] Confirming: 3/8
[2 INFO main 6978125] Confirming: 4/8
[2 INFO main 6980186] Confirming: 5/8
[2 INFO main 6982268] Confirming: 6/8
[2 INFO main 6984302] Confirming: 7/8
[2 INFO main 6986382] Confirming: 8/8
