[9 INFO main 28] Initialising Python Geth Console...
[9 INFO main 32] Initialising RandB board...
[9 INFO main 33] Initialising navigation...
[9 INFO main 33] Initialising random-walk...
[9 INFO main 33] Initialising odometry...
[9 INFO main 33] Initialising ground-sensors...
[9 INFO main 1356] --//-- Starting Experiment --//--
[9 INFO main 2456] Idle.IDLE -> Scout.Query | Duration: 22.82
[9 INFO main 11642] Scout.Query -> Scout.GotoCenter | Drive to others reported pos
[9 INFO main 48479] Scout.GotoCenter -> Scout.Query | return to random walk
[9 INFO main 84183] Scout.Query -> Scout.GotoCenter | Drive to others reported pos
[9 INFO main 108409] Scout.GotoCenter -> Scout.Query | return to random walk
[9 INFO main 154598] Scout.Query -> Scout.GotoCenter | Drive to others reported pos
[9 INFO main 177364] Scout.GotoCenter -> Scout.Query | return to random walk
[9 INFO main 202778] Scout.Query -> Scout.GotoCenter | Drive to others reported pos
[9 INFO main 260311] Scout.GotoCenter -> Scout.Query | return to random walk
[9 INFO main 296074] Scout.Query -> Scout.GotoCenter | Drive to others reported pos
[9 INFO main 304745] Scout.GotoCenter -> Scout.Query | return to random walk
[9 INFO main 452126] Scout.Query -> Scout.GotoCenter | Drive to others reported pos
[9 INFO main 527993] Scout.GotoCenter -> Scout.Query | return to random walk
[9 INFO main 573637] Scout.Query -> Scout.GotoCenter | Drive to others reported pos
[9 INFO main 601912] Scout.GotoCenter -> Scout.Query | return to random walk
[9 INFO main 783369] Scout.Query -> Scout.GotoCenter | Drive to others reported pos
[9 INFO main 806047] Scout.GotoCenter -> Scout.Query | return to random walk
[9 INFO main 862184] Scout.Query -> Scout.GotoCenter | Drive to others reported pos
[9 INFO main 941890] Scout.GotoCenter -> Scout.Query | return to random walk
[9 INFO main 972781] Scout.Query -> Scout.GotoCenter | Drive to others reported pos
[9 INFO main 985746] Scout.GotoCenter -> Scout.Query | return to random walk
[9 INFO main 1057496] Scout.Query -> Scout.GotoCenter | Drive to others reported pos
[9 INFO main 1083350] Scout.GotoCenter -> Scout.Query | return to random walk
[9 INFO main 1149473] Scout.Query -> Scout.GotoCenter | Drive to others reported pos
[9 INFO main 1172571] Scout.GotoCenter -> Scout.Query | return to random walk
[9 INFO main 1203009] Scout.Query -> Scout.GotoCenter | Drive to others reported pos
[9 INFO main 1274775] Scout.GotoCenter -> Scout.Query | return to random walk
