[10 INFO main 27] Initialising Python Geth Console...
[10 INFO main 32] Initialising RandB board...
[10 INFO main 32] Initialising navigation...
[10 INFO main 32] Initialising random-walk...
[10 INFO main 32] Initialising odometry...
[10 INFO main 32] Initialising ground-sensors...
[10 INFO main 417] --//-- Starting Experiment --//--
[10 INFO main 1969] Idle.IDLE -> Scout.Query | Duration: 29.67
[10 INFO main 47299] Scout.Query -> Verify.DriveTo | Go to unverified source
[10 INFO main 135639] Verify.DriveTo -> Verify.Homing | Homing
[10 INFO main 154335] Confirming: 1/9
[10 INFO main 156417] Confirming: 2/9
[10 INFO main 158267] Verify.Homing -> Scout.Query | Arrived home
[10 INFO main 158468] Confirming: 3/9
[10 INFO main 160488] Confirming: 4/9
[10 INFO main 162519] Confirming: 5/9
[10 INFO main 164521] Confirming: 6/9
[10 INFO main 166582] Confirming: 7/9
[10 INFO main 170686] Confirming: 9/9
[10 INFO main 171570] Scout.Query -> Verify.DriveTo | Go to unverified source
[10 INFO main 214272] Verify.DriveTo -> Verify.Homing | Homing
[10 INFO main 236573] Verify.Homing -> Scout.Query | Arrived home
[10 INFO main 243797] Confirming: 1/9
[10 INFO main 245868] Confirming: 2/9
[10 INFO main 248486] Confirming: 3/9
[10 INFO main 250550] Confirming: 4/9
[10 INFO main 252690] Confirming: 5/9
[10 INFO main 254796] Confirming: 6/9
[10 INFO main 256797] Confirming: 7/9
[10 INFO main 258896] Confirming: 8/9
[10 INFO main 260915] Confirming: 9/9
[10 INFO main 261296] Scout.Query -> Verify.DriveTo | Go to unverified source
[10 INFO main 302608] Verify.DriveTo -> Verify.Homing | Homing
[10 INFO main 322353] Verify.Homing -> Scout.Query | Arrived home
[10 INFO main 335507] Confirming: 1/9
[10 INFO main 337698] Confirming: 3/9
[10 INFO main 341755] Confirming: 5/9
[10 INFO main 343782] Confirming: 6/9
[10 INFO main 345855] Confirming: 7/9
[10 INFO main 347934] Confirming: 8/9
[10 INFO main 349949] Confirming: 9/9
[10 INFO main 350957] Scout.Query -> Verify.DriveTo | Go to unverified source
[10 INFO main 398565] Verify.DriveTo -> Verify.Homing | Homing
[10 INFO main 421567] Verify.Homing -> Scout.Query | Arrived home
[10 INFO main 425602] Confirming: 1/9
[10 INFO main 427615] Confirming: 2/9
[10 INFO main 429692] Confirming: 4/9
[10 INFO main 431717] Confirming: 5/9
[10 INFO main 433960] Confirming: 6/9
[10 INFO main 436006] Confirming: 7/9
[10 INFO main 438106] Confirming: 8/9
[10 INFO main 440114] Confirming: 9/9
[10 INFO main 440474] Scout.Query -> Verify.DriveTo | Go to unverified source
[10 INFO main 473959] Verify.DriveTo -> Verify.Homing | Homing
[10 INFO main 496351] Verify.Homing -> Scout.Query | Arrived home
[10 INFO main 546174] Confirming: 1/9
[10 INFO main 554500] Confirming: 5/9
[10 INFO main 556527] Confirming: 7/9
[10 INFO main 558542] Confirming: 8/9
[10 INFO main 560638] Confirming: 9/9
[10 INFO main 561358] Scout.Query -> Verify.DriveTo | Go to unverified source
[10 INFO main 660513] Verify.DriveTo -> Verify.Homing | Homing
[10 INFO main 668877] Confirming: 1/9
[10 INFO main 670940] Confirming: 2/9
[10 INFO main 673058] Confirming: 3/9
[10 INFO main 675187] Confirming: 4/9
[10 INFO main 677295] Confirming: 5/9
[10 INFO main 679377] Confirming: 6/9
[10 INFO main 681635] Confirming: 8/9
[10 INFO main 683268] Verify.Homing -> Scout.Query | Arrived home
[10 INFO main 683667] Confirming: 9/9
[10 INFO main 684467] Scout.Query -> Verify.DriveTo | Go to unverified source
[10 INFO main 726720] Verify.DriveTo -> Verify.Homing | Homing
[10 INFO main 755523] Confirming: 1/9
[10 INFO main 757630] Confirming: 3/9
[10 INFO main 759667] Verify.Homing -> Scout.Query | Arrived home
[10 INFO main 761673] Confirming: 5/9
[10 INFO main 765868] Confirming: 6/9
[10 INFO main 767991] Confirming: 8/9
[10 INFO main 770085] Confirming: 9/9
[10 INFO main 770643] Scout.Query -> Verify.DriveTo | Go to unverified source
[10 INFO main 822927] Verify.DriveTo -> Verify.Homing | Homing
[10 INFO main 841770] Verify.Homing -> Scout.Query | Arrived home
[10 INFO main 845637] Confirming: 1/9
[10 INFO main 847774] Confirming: 3/9
[10 INFO main 849967] Confirming: 4/9
[10 INFO main 851983] Confirming: 5/9
[10 INFO main 854072] Confirming: 6/9
[10 INFO main 856142] Confirming: 7/9
[10 INFO main 858142] Confirming: 8/9
[10 INFO main 860187] Confirming: 9/9
[10 INFO main 861219] Scout.Query -> Verify.DriveTo | Go to unverified source
[10 INFO main 945834] Verify.DriveTo -> Verify.Homing | Homing
[10 INFO main 958698] Confirming: 1/9
[10 INFO main 960888] Confirming: 2/9
[10 INFO main 962924] Confirming: 3/9
[10 INFO main 965015] Confirming: 4/9
[10 INFO main 967044] Confirming: 5/9
[10 INFO main 969152] Confirming: 6/9
[10 INFO main 971243] Confirming: 7/9
[10 INFO main 973514] Confirming: 8/9
[10 INFO main 973896] Verify.Homing -> Scout.Query | Arrived home
[10 INFO main 975563] Confirming: 9/9
[10 INFO main 976215] Scout.Query -> Verify.DriveTo | Go to unverified source
[10 INFO main 1004818] Verify.DriveTo -> Verify.Homing | Homing
[10 INFO main 1013191] Confirming: 1/9
[10 INFO main 1015386] Confirming: 2/9
[10 INFO main 1017430] Confirming: 3/9
[10 INFO main 1019456] Confirming: 4/9
[10 INFO main 1021530] Confirming: 5/9
[10 INFO main 1023538] Confirming: 6/9
[10 INFO main 1025367] Verify.Homing -> Scout.Query | Arrived home
[10 INFO main 1025620] Confirming: 8/9
[10 INFO main 1027650] Confirming: 9/9
[10 INFO main 1027906] Scout.Query -> Verify.DriveTo | Go to unverified source
[10 INFO main 1106277] Verify.DriveTo -> Verify.Homing | Homing
[10 INFO main 1112881] Confirming: 1/9
[10 INFO main 1115034] Confirming: 2/9
[10 INFO main 1117209] Confirming: 3/9
[10 INFO main 1119232] Confirming: 4/9
[10 INFO main 1121275] Confirming: 5/9
[10 INFO main 1123362] Confirming: 6/9
[10 INFO main 1127374] Confirming: 8/9
[10 INFO main 1131554] Confirming: 10/9
[10 INFO main 1132908] Verify.Homing -> Scout.Query | Arrived home
[10 INFO main 1133301] Scout.Query -> Verify.DriveTo | Go to unverified source
[10 INFO main 1181734] Verify.DriveTo -> Verify.Homing | Homing
[10 INFO main 1199914] Verify.Homing -> Scout.Query | Arrived home
[10 INFO main 1204530] Confirming: 1/9
[10 INFO main 1206595] Confirming: 2/9
[10 INFO main 1208624] Confirming: 3/9
[10 INFO main 1210764] Confirming: 4/9
[10 INFO main 1212866] Confirming: 5/9
[10 INFO main 1214982] Confirming: 6/9
[10 INFO main 1216998] Confirming: 7/9
[10 INFO main 1219027] Confirming: 8/9
[10 INFO main 1221078] Confirming: 9/9
[10 INFO main 1221593] Scout.Query -> Verify.DriveTo | Go to unverified source
[10 INFO main 1263930] Verify.DriveTo -> Verify.Homing | Homing
[10 INFO main 1284332] Verify.Homing -> Scout.Query | Arrived home
[10 INFO main 1295188] Confirming: 1/9
[10 INFO main 1297288] Confirming: 2/9
[10 INFO main 1299343] Confirming: 3/9
[10 INFO main 1301398] Confirming: 4/9
[10 INFO main 1303499] Confirming: 5/9
[10 INFO main 1305500] Confirming: 6/9
[10 INFO main 1307586] Confirming: 7/9
[10 INFO main 1309655] Confirming: 9/9
[10 INFO main 1310183] Scout.Query -> Verify.DriveTo | Go to unverified source
[10 INFO main 1377841] Verify.DriveTo -> Verify.Homing | Homing
[10 INFO main 1384285] Confirming: 1/9
[10 INFO main 1386509] Confirming: 2/9
[10 INFO main 1388749] Confirming: 3/9
[10 INFO main 1390868] Confirming: 4/9
[10 INFO main 1392930] Confirming: 5/9
[10 INFO main 1394983] Confirming: 6/9
[10 INFO main 1397002] Confirming: 7/9
[10 INFO main 1399114] Confirming: 8/9
[10 INFO main 1401179] Confirming: 9/9
[10 INFO main 1403764] Verify.Homing -> Scout.Query | Arrived home
[10 INFO main 1404009] Scout.Query -> Verify.DriveTo | Go to unverified source
[10 INFO main 1451768] Verify.DriveTo -> Verify.Homing | Homing
[10 INFO main 1468491] Confirming: 1/9
[10 INFO main 1470581] Confirming: 2/9
[10 INFO main 1471696] Verify.Homing -> Scout.Query | Arrived home
[10 INFO main 1472601] Confirming: 3/9
[10 INFO main 1474606] Confirming: 4/9
[10 INFO main 1476738] Confirming: 5/9
[10 INFO main 1478792] Confirming: 6/9
[10 INFO main 1480875] Confirming: 7/9
[10 INFO main 1482931] Confirming: 8/9
[10 INFO main 1485014] Confirming: 9/9
[10 INFO main 1485580] Scout.Query -> Verify.DriveTo | Go to unverified source
[10 INFO main 1517188] Verify.DriveTo -> Verify.Homing | Homing
[10 INFO main 1536109] Confirming: 2/9
[10 INFO main 1538137] Confirming: 3/9
[10 INFO main 1540253] Confirming: 4/9
[10 INFO main 1542289] Confirming: 5/9
[10 INFO main 1544377] Confirming: 6/9
[10 INFO main 1546440] Confirming: 7/9
[10 INFO main 1548488] Confirming: 8/9
[10 INFO main 1550514] Confirming: 9/9
[10 INFO main 1573338] Verify.Homing -> Scout.Query | Arrived home
[10 INFO main 1573548] Scout.Query -> Verify.DriveTo | Go to unverified source
[10 INFO main 1658488] Verify.DriveTo -> Verify.Homing | Homing
[10 INFO main 1681789] Verify.Homing -> Scout.Query | Arrived home
[10 INFO main 1685236] Confirming: 1/9
[10 INFO main 1687494] Confirming: 2/9
[10 INFO main 1689508] Confirming: 3/9
[10 INFO main 1691534] Confirming: 4/9
[10 INFO main 1693649] Confirming: 6/9
[10 INFO main 1697880] Confirming: 8/9
[10 INFO main 1699955] Confirming: 9/9
[10 INFO main 1700650] Scout.Query -> Verify.DriveTo | Go to unverified source
[10 INFO main 1722174] Verify.DriveTo -> Verify.Homing | Homing
[10 INFO main 1732950] Confirming: 1/9
[10 INFO main 1735012] Confirming: 2/9
[10 INFO main 1737030] Confirming: 3/9
[10 INFO main 1738863] Verify.Homing -> Scout.Query | Arrived home
[10 INFO main 1739127] Confirming: 4/9
[10 INFO main 1741186] Confirming: 5/9
[10 INFO main 1743243] Confirming: 6/9
[10 INFO main 1745286] Confirming: 7/9
[10 INFO main 1747371] Confirming: 8/9
[10 INFO main 1749442] Confirming: 9/9
[10 INFO main 1749758] Scout.Query -> Verify.DriveTo | Go to unverified source
[10 INFO main 1795372] Verify.DriveTo -> Verify.Homing | Homing
