[10 INFO main 51] Initialising Python Geth Console...
[10 INFO main 54] Initialising RandB board...
[10 INFO main 54] Initialising navigation...
[10 INFO main 55] Initialising random-walk...
[10 INFO main 55] Initialising odometry...
[10 INFO main 55] Initialising ground-sensors...
[10 INFO main 340] --//-- Starting Experiment --//--
[10 INFO main 1443] Idle.IDLE -> Scout.Query | Duration: 24.19
[10 INFO main 10532] Scout.Query -> Scout.GotoCenter | Drive to others reported pos
[10 INFO main 76762] Scout.GotoCenter -> Scout.Query | return to random walk
[10 INFO main 95266] Confirming: 1/8
[10 INFO main 111712] Confirming: 8/8
[10 INFO main 112191] Scout.Query -> Scout.GotoCenter | Drive to others reported pos
[10 INFO main 132142] Scout.GotoCenter -> Scout.Query | return to random walk
[10 INFO main 220194] Confirming: 2/8
[10 INFO main 222225] Confirming: 4/8
[10 INFO main 226185] Confirming: 6/8
[10 INFO main 228381] Confirming: 7/8
[10 INFO main 230450] Confirming: 8/8
[10 INFO main 233456] Scout.Query -> Scout.GotoCenter | Drive to others reported pos
[10 INFO main 262884] Scout.GotoCenter -> Scout.Query | return to random walk
[10 INFO main 277258] Confirming: 1/8
[10 INFO main 279337] Confirming: 3/8
[10 INFO main 283351] Confirming: 5/8
[10 INFO main 285402] Confirming: 6/8
[10 INFO main 287428] Confirming: 7/8
[10 INFO main 289482] Confirming: 8/8
[10 INFO main 887215] Scout.Query -> Scout.GotoCenter | Drive to others reported pos
[10 INFO main 1019052] Scout.GotoCenter -> Scout.Query | return to random walk
[10 INFO main 1043829] Confirming: 1/8
[10 INFO main 1045819] Confirming: 2/8
[10 INFO main 1049906] Confirming: 4/8
[10 INFO main 1056038] Confirming: 6/8
[10 INFO main 1058098] Confirming: 7/8
[10 INFO main 1062133] Confirming: 8/8
[10 INFO main 1064618] Scout.Query -> Scout.GotoCenter | Drive to others reported pos
[10 INFO main 1133538] Scout.GotoCenter -> Scout.Query | return to random walk
[10 INFO main 1145782] Confirming: 1/8
[10 INFO main 1147845] Confirming: 3/8
[10 INFO main 1149921] Confirming: 4/8
[10 INFO main 1154054] Confirming: 6/8
[10 INFO main 1156074] Confirming: 7/8
[10 INFO main 1158138] Confirming: 8/8
[10 INFO main 1233735] Scout.Query -> Scout.GotoCenter | Drive to others reported pos
[10 INFO main 1297715] Scout.GotoCenter -> Scout.Query | return to random walk
[10 INFO main 1326506] Confirming: 2/8
[10 INFO main 1328552] Confirming: 3/8
[10 INFO main 1330550] Confirming: 4/8
[10 INFO main 1332682] Confirming: 5/8
[10 INFO main 1334589] Confirming: 6/8
[10 INFO main 1336713] Confirming: 7/8
[10 INFO main 1338785] Confirming: 8/8
[10 INFO main 1343474] Scout.Query -> Scout.GotoCenter | Drive to others reported pos
[10 INFO main 1358222] Scout.GotoCenter -> Scout.Query | return to random walk
[10 INFO main 1372774] Confirming: 1/8
[10 INFO main 1374853] Confirming: 2/8
[10 INFO main 1376941] Confirming: 3/8
[10 INFO main 1378998] Confirming: 4/8
[10 INFO main 1381062] Confirming: 5/8
[10 INFO main 1383109] Confirming: 6/8
[10 INFO main 1385153] Confirming: 7/8
[10 INFO main 1387247] Confirming: 8/8
[10 INFO main 1389285] Scout.Query -> Scout.GotoCenter | Drive to others reported pos
[10 INFO main 1483417] Scout.GotoCenter -> Scout.Query | return to random walk
[10 INFO main 1506034] Confirming: 1/8
[10 INFO main 1508186] Confirming: 2/8
[10 INFO main 1510217] Confirming: 3/8
[10 INFO main 1512498] Confirming: 4/8
[10 INFO main 1514474] Confirming: 6/8
[10 INFO main 1518654] Confirming: 8/8
[10 INFO main 1837400] Scout.Query -> Scout.GotoCenter | Drive to others reported pos
[10 INFO main 1870300] Scout.GotoCenter -> Scout.Query | return to random walk
[10 INFO main 1890977] Confirming: 1/8
[10 INFO main 1892989] Confirming: 2/8
[10 INFO main 1895078] Confirming: 3/8
[10 INFO main 1897097] Confirming: 4/8
[10 INFO main 1899116] Confirming: 5/8
[10 INFO main 1901201] Confirming: 6/8
[10 INFO main 1903287] Confirming: 7/8
[10 INFO main 1905377] Confirming: 8/8
[10 INFO main 1906077] Scout.Query -> Scout.GotoCenter | Drive to others reported pos
[10 INFO main 1929121] Scout.GotoCenter -> Scout.Query | return to random walk
[10 INFO main 1951809] Confirming: 1/8
[10 INFO main 1953865] Confirming: 2/8
[10 INFO main 1955882] Confirming: 3/8
[10 INFO main 1957990] Confirming: 4/8
[10 INFO main 1960066] Confirming: 5/8
[10 INFO main 1962086] Confirming: 6/8
[10 INFO main 1964117] Confirming: 7/8
[10 INFO main 1966150] Confirming: 8/8
[10 INFO main 2232206] Scout.Query -> Scout.GotoCenter | Drive to others reported pos
[10 INFO main 2267911] Scout.GotoCenter -> Scout.Query | return to random walk
[10 INFO main 2286600] Confirming: 1/8
[10 INFO main 2288654] Confirming: 2/8
[10 INFO main 2290677] Confirming: 3/8
[10 INFO main 2292810] Confirming: 4/8
[10 INFO main 2294878] Confirming: 5/8
[10 INFO main 2296984] Confirming: 6/8
[10 INFO main 2299046] Confirming: 7/8
[10 INFO main 2301102] Confirming: 8/8
[10 INFO main 2303444] Scout.Query -> Scout.GotoCenter | Drive to others reported pos
[10 INFO main 2332137] Scout.GotoCenter -> Scout.Query | return to random walk
[10 INFO main 2346331] Confirming: 1/8
[10 INFO main 2348446] Confirming: 2/8
[10 INFO main 2350976] Confirming: 3/8
[10 INFO main 2353068] Confirming: 4/8
[10 INFO main 2355046] Confirming: 5/8
[10 INFO main 2357150] Confirming: 6/8
[10 INFO main 2359157] Confirming: 7/8
[10 INFO main 2361241] Confirming: 8/8
[10 INFO main 2509489] Scout.Query -> Scout.GotoCenter | Drive to others reported pos
[10 INFO main 2543904] Scout.GotoCenter -> Scout.Query | return to random walk
[10 INFO main 2558249] Confirming: 1/8
[10 INFO main 2560254] Confirming: 2/8
[10 INFO main 2562337] Confirming: 3/8
[10 INFO main 2564337] Confirming: 4/8
[10 INFO main 2566348] Confirming: 5/8
[10 INFO main 2568369] Confirming: 6/8
[10 INFO main 2570441] Confirming: 7/8
[10 INFO main 2572461] Confirming: 8/8
[10 INFO main 2579781] Scout.Query -> Scout.GotoCenter | Drive to others reported pos
[10 INFO main 2666505] Scout.GotoCenter -> Scout.Query | return to random walk
[10 INFO main 2678898] Confirming: 1/8
[10 INFO main 2680906] Confirming: 2/8
[10 INFO main 2682874] Confirming: 3/8
[10 INFO main 2684958] Confirming: 4/8
[10 INFO main 2687062] Confirming: 5/8
[10 INFO main 2689149] Confirming: 6/8
[10 INFO main 2691218] Confirming: 7/8
[10 INFO main 2693241] Confirming: 8/8
[10 INFO main 2696996] Scout.Query -> Scout.GotoCenter | Drive to others reported pos
[10 INFO main 2716783] Scout.GotoCenter -> Scout.Query | return to random walk
[10 INFO main 2725225] Confirming: 1/8
[10 INFO main 2748086] Confirming: 2/8
[10 INFO main 2750134] Confirming: 3/8
[10 INFO main 2752200] Confirming: 4/8
[10 INFO main 2754286] Confirming: 5/8
[10 INFO main 2756361] Confirming: 6/8
[10 INFO main 2760478] Confirming: 8/8
[10 INFO main 2873451] Scout.Query -> Scout.GotoCenter | Drive to others reported pos
[10 INFO main 2905113] Scout.GotoCenter -> Scout.Query | return to random walk
[10 INFO main 2911294] Confirming: 1/8
[10 INFO main 2913369] Confirming: 2/8
[10 INFO main 2915477] Confirming: 3/8
[10 INFO main 2917489] Confirming: 4/8
[10 INFO main 2919574] Confirming: 5/8
[10 INFO main 2921555] Confirming: 6/8
[10 INFO main 2923602] Confirming: 7/8
[10 INFO main 2925690] Confirming: 8/8
[10 INFO main 3168176] Scout.Query -> Scout.GotoCenter | Drive to others reported pos
[10 INFO main 3199653] Scout.GotoCenter -> Scout.Query | return to random walk
[10 INFO main 3230445] Confirming: 1/8
[10 INFO main 3232529] Confirming: 2/8
[10 INFO main 3234569] Confirming: 3/8
[10 INFO main 3236664] Confirming: 4/8
[10 INFO main 3238730] Confirming: 5/8
[10 INFO main 3240758] Confirming: 6/8
[10 INFO main 3242830] Confirming: 7/8
[10 INFO main 3244878] Confirming: 8/8
[10 INFO main 3245648] Scout.Query -> Scout.GotoCenter | Drive to others reported pos
[10 INFO main 3291478] Scout.GotoCenter -> Scout.Query | return to random walk
[10 INFO main 3322569] Confirming: 1/8
[10 INFO main 3345364] Confirming: 13/8
[10 INFO main 3347626] Scout.Query -> Scout.GotoCenter | Drive to others reported pos
[10 INFO main 3355386] Scout.GotoCenter -> Scout.Query | return to random walk
[10 INFO main 3380061] Confirming: 1/8
[10 INFO main 3382097] Confirming: 2/8
[10 INFO main 3384146] Confirming: 3/8
[10 INFO main 3386154] Confirming: 4/8
[10 INFO main 3388217] Confirming: 5/8
[10 INFO main 3390301] Confirming: 6/8
[10 INFO main 3392366] Confirming: 7/8
[10 INFO main 3394530] Confirming: 8/8
[10 INFO main 3396554] Scout.Query -> Scout.GotoCenter | Drive to others reported pos
[10 INFO main 3442049] Scout.GotoCenter -> Scout.Query | return to random walk
[10 INFO main 3469832] Confirming: 1/8
[10 INFO main 3472109] Confirming: 2/8
[10 INFO main 3474201] Confirming: 3/8
[10 INFO main 3476317] Confirming: 4/8
[10 INFO main 3478389] Confirming: 5/8
[10 INFO main 3480401] Confirming: 6/8
[10 INFO main 3482880] Confirming: 7/8
[10 INFO main 3484957] Confirming: 8/8
[10 INFO main 3982932] Scout.Query -> Scout.GotoCenter | Drive to others reported pos
[10 INFO main 3997989] Scout.GotoCenter -> Scout.Query | return to random walk
[10 INFO main 4031074] Confirming: 1/8
[10 INFO main 4033117] Confirming: 2/8
[10 INFO main 4035228] Confirming: 3/8
[10 INFO main 4037422] Confirming: 5/8
[10 INFO main 4039422] Confirming: 6/8
[10 INFO main 4043497] Confirming: 8/8
[10 INFO main 4433068] Scout.Query -> Scout.GotoCenter | Drive to others reported pos
[10 INFO main 4475821] Scout.GotoCenter -> Scout.Query | return to random walk
[10 INFO main 4486141] Confirming: 1/8
[10 INFO main 4488165] Confirming: 2/8
[10 INFO main 4490400] Confirming: 3/8
[10 INFO main 4492462] Confirming: 4/8
[10 INFO main 4494537] Confirming: 5/8
[10 INFO main 4496614] Confirming: 6/8
[10 INFO main 4498692] Confirming: 7/8
[10 INFO main 4500726] Confirming: 8/8
[10 INFO main 4546037] Confirming: 1/8
[10 INFO main 4548130] Confirming: 2/8
[10 INFO main 4550165] Confirming: 3/8
[10 INFO main 4552216] Confirming: 4/8
[10 INFO main 4554231] Confirming: 5/8
[10 INFO main 4556253] Confirming: 6/8
[10 INFO main 4560346] Confirming: 8/8
[10 INFO main 4561975] Scout.Query -> Scout.GotoCenter | Drive to others reported pos
[10 INFO main 4576848] Scout.GotoCenter -> Scout.Query | return to random walk
[10 INFO main 4605698] Confirming: 1/8
[10 INFO main 4607773] Confirming: 2/8
[10 INFO main 4609896] Confirming: 3/8
[10 INFO main 4611997] Confirming: 4/8
[10 INFO main 4614069] Confirming: 5/8
[10 INFO main 4616078] Confirming: 6/8
[10 INFO main 4618121] Confirming: 7/8
[10 INFO main 4620125] Confirming: 8/8
[10 INFO main 5133921] Scout.Query -> Scout.GotoCenter | Drive to others reported pos
[10 INFO main 5201931] Scout.GotoCenter -> Scout.Query | return to random walk
[10 INFO main 5210430] Confirming: 1/8
[10 INFO main 5212477] Confirming: 2/8
[10 INFO main 5214538] Confirming: 3/8
[10 INFO main 5216649] Confirming: 4/8
[10 INFO main 5218925] Confirming: 5/8
[10 INFO main 5220945] Confirming: 6/8
[10 INFO main 5223033] Confirming: 7/8
[10 INFO main 5225046] Confirming: 8/8
[10 INFO main 5313608] Scout.Query -> Scout.GotoCenter | Drive to others reported pos
[10 INFO main 5327651] Scout.GotoCenter -> Scout.Query | return to random walk
[10 INFO main 5358647] Confirming: 1/8
[10 INFO main 5362834] Confirming: 3/8
[10 INFO main 5364954] Confirming: 4/8
[10 INFO main 5367026] Confirming: 5/8
[10 INFO main 5369089] Confirming: 6/8
[10 INFO main 5371198] Confirming: 7/8
[10 INFO main 5373246] Confirming: 8/8
[10 INFO main 5374096] Scout.Query -> Scout.GotoCenter | Drive to others reported pos
[10 INFO main 5403550] Scout.GotoCenter -> Scout.Query | return to random walk
[10 INFO main 5422233] Confirming: 1/8
[10 INFO main 5424250] Confirming: 2/8
[10 INFO main 5426334] Confirming: 3/8
[10 INFO main 5428658] Confirming: 5/8
[10 INFO main 5430746] Confirming: 6/8
[10 INFO main 5432810] Confirming: 7/8
[10 INFO main 5435134] Confirming: 8/8
[10 INFO main 6269822] Scout.Query -> Scout.GotoCenter | Drive to others reported pos
[10 INFO main 6302625] Scout.GotoCenter -> Scout.Query | return to random walk
[10 INFO main 6315278] Confirming: 1/8
[10 INFO main 6317334] Confirming: 2/8
[10 INFO main 6319406] Confirming: 3/8
[10 INFO main 6321493] Confirming: 4/8
[10 INFO main 6323520] Confirming: 5/8
[10 INFO main 6325562] Confirming: 6/8
[10 INFO main 6327589] Confirming: 7/8
[10 INFO main 6329597] Confirming: 8/8
[10 INFO main 6333509] Scout.Query -> Scout.GotoCenter | Drive to others reported pos
[10 INFO main 6384104] Scout.GotoCenter -> Scout.Query | return to random walk
[10 INFO main 6404658] Confirming: 1/8
[10 INFO main 6406737] Confirming: 2/8
[10 INFO main 6408777] Confirming: 3/8
[10 INFO main 6410833] Confirming: 4/8
[10 INFO main 6413017] Confirming: 5/8
[10 INFO main 6415277] Confirming: 6/8
[10 INFO main 6421522] Confirming: 9/8
[10 INFO main 6698682] Scout.Query -> Scout.GotoCenter | Drive to others reported pos
[10 INFO main 6730013] Scout.GotoCenter -> Scout.Query | return to random walk
[10 INFO main 6750841] Confirming: 1/8
[10 INFO main 6752929] Confirming: 2/8
[10 INFO main 6755042] Confirming: 3/8
[10 INFO main 6757120] Confirming: 4/8
[10 INFO main 6759155] Confirming: 5/8
[10 INFO main 6761194] Confirming: 6/8
[10 INFO main 6763218] Confirming: 7/8
[10 INFO main 6765253] Confirming: 8/8
[10 INFO main 6765758] Scout.Query -> Scout.GotoCenter | Drive to others reported pos
[10 INFO main 6852481] Scout.GotoCenter -> Scout.Query | return to random walk
[10 INFO main 6858993] Confirming: 1/8
[10 INFO main 6863421] Confirming: 3/8
[10 INFO main 6865493] Confirming: 4/8
[10 INFO main 6867706] Confirming: 5/8
[10 INFO main 6869945] Confirming: 6/8
[10 INFO main 6871982] Confirming: 7/8
[10 INFO main 6874165] Confirming: 8/8
[10 INFO main 6903146] Scout.Query -> Scout.GotoCenter | Drive to others reported pos
[10 INFO main 6927063] Scout.GotoCenter -> Scout.Query | return to random walk
[10 INFO main 6962082] Confirming: 1/8
[10 INFO main 6964093] Confirming: 2/8
[10 INFO main 6966190] Confirming: 3/8
[10 INFO main 6968490] Confirming: 4/8
[10 INFO main 6970562] Confirming: 5/8
[10 INFO main 6972630] Confirming: 7/8
[10 INFO main 6974690] Confirming: 8/8
[10 INFO main 6978169] Scout.Query -> Scout.GotoCenter | Drive to others reported pos
[10 INFO main 7014242] Scout.GotoCenter -> Scout.Query | return to random walk
[10 INFO main 7052598] Confirming: 1/8
[10 INFO main 7054734] Confirming: 3/8
[10 INFO main 7056845] Confirming: 4/8
[10 INFO main 7061889] Confirming: 6/8
[10 INFO main 7064365] Confirming: 7/8
[10 INFO main 7066945] Confirming: 8/8
