[INFO main 28] Initialising peer buffer...
[INFO main 28] Initialising resource buffer...
[INFO main 28] Initialising TCP server...
[INFO main 28] Initialising RandB board...
[INFO main 28] Initialising ground-sensors...
[INFO main 28] Initialising random-walk...
[INFO main 1204] --//-- Starting Experiment --//--
[INFO main 28640] Added resource: {"x": 0.17, "y": -1.0, "radius": 0.06, "quantity": 1, "quality": "blue", "timeStamp": 0}
[INFO main 36048] Added resource: {"x": 0.23, "y": -0.63, "radius": 0.05, "quantity": 1, "quality": "green", "timeStamp": 0}
[INFO main 61575] Removed resource: {"x": 0.17, "y": -1.0, "radius": 0.06, "quantity": 1, "quality": "blue", "timeStamp": 0}
[INFO main 81195] Removed resource: {"x": 0.23, "y": -0.63, "radius": 0.05, "quantity": 1, "quality": "green", "timeStamp": 0}
[INFO main 113638] Added resource: {"x": -0.39, "y": -0.43, "radius": 0.05, "quantity": 1, "quality": "yellow", "timeStamp": 0}
[INFO main 140063] Added resource: {"x": -0.39, "y": -0.9, "radius": 0.05, "quantity": 1, "quality": "yellow", "timeStamp": 0}
[INFO main 141465] Added resource: {"x": -0.39, "y": -0.91, "radius": 0.05, "quantity": 1, "quality": "blue", "timeStamp": 0}
[INFO main 181811] Added resource: {"x": 0.28, "y": -0.82, "radius": 0.05, "quantity": 1, "quality": "red", "timeStamp": 0}
[INFO main 219755] Removed resource: {"x": -0.39, "y": -0.43, "radius": 0.05, "quantity": 1, "quality": "yellow", "timeStamp": 0}
[INFO main 232468] Removed resource: {"x": -0.39, "y": -0.9, "radius": 0.05, "quantity": 1, "quality": "yellow", "timeStamp": 0}
[INFO main 246983] Added resource: {"x": 0.32, "y": -0.93, "radius": 0.04, "quantity": 1, "quality": "red", "timeStamp": 0}
[INFO main 301953] Removed resource: {"x": -0.39, "y": -0.91, "radius": 0.05, "quantity": 1, "quality": "blue", "timeStamp": 0}
[INFO main 329377] Added resource: {"x": -1.0, "y": -0.35, "radius": 0.05, "quantity": 1, "quality": "blue", "timeStamp": 0}
[INFO main 423386] Added resource: {"x": -0.62, "y": -1.03, "radius": 0.06, "quantity": 1, "quality": "green", "timeStamp": 0}
[INFO main 458124] Added resource: {"x": 0.21, "y": -0.58, "radius": 0.04, "quantity": 1, "quality": "red", "timeStamp": 0}
[INFO main 508574] Removed resource: {"x": -1.0, "y": -0.35, "radius": 0.05, "quantity": 1, "quality": "blue", "timeStamp": 0}
