[11 INFO main 27] Initialising Python Geth Console...
[11 INFO main 31] Initialising RandB board...
[11 INFO main 32] Initialising navigation...
[11 INFO main 32] Initialising random-walk...
[11 INFO main 32] Initialising odometry...
[11 INFO main 32] Initialising ground-sensors...
[11 INFO main 700] --//-- Starting Experiment --//--
[11 INFO main 1798] Idle.IDLE -> Scout.Query | Duration: 16.99
[11 INFO main 11021] Scout.Query -> Scout.GotoCenter | Drive to others reported pos
[11 INFO main 34395] Scout.GotoCenter -> Scout.Query | return to random walk
[11 INFO main 95633] Scout.Query -> Scout.GotoCenter | Drive to others reported pos
[11 INFO main 106137] Scout.GotoCenter -> Scout.Query | return to random walk
[11 INFO main 156776] Scout.Query -> Scout.GotoCenter | Drive to others reported pos
[11 INFO main 185129] Scout.GotoCenter -> Scout.Query | return to random walk
[11 INFO main 215727] Scout.Query -> Scout.GotoCenter | Drive to others reported pos
[11 INFO main 217441] Scout.GotoCenter -> Scout.Query | return to random walk
[11 INFO main 324920] Scout.Query -> Scout.GotoCenter | Drive to others reported pos
[11 INFO main 336371] Scout.GotoCenter -> Scout.Query | return to random walk
[11 INFO main 362302] Scout.Query -> Scout.GotoCenter | Drive to others reported pos
[11 INFO main 380636] Scout.GotoCenter -> Scout.Query | return to random walk
[11 INFO main 512712] Scout.Query -> Scout.GotoCenter | Drive to others reported pos
[11 INFO main 551681] Scout.GotoCenter -> Scout.Query | return to random walk
[11 INFO main 633056] Scout.Query -> Scout.GotoCenter | Drive to others reported pos
