[3 INFO main 34] Initialising Python Geth Console...
[3 INFO main 38] Initialising RandB board...
[3 INFO main 38] Initialising navigation...
[3 INFO main 38] Initialising random-walk...
[3 INFO main 38] Initialising odometry...
[3 INFO main 38] Initialising ground-sensors...
[3 INFO main 1221] --//-- Starting Experiment --//--
[3 INFO main 2322] Idle.IDLE -> Scout.Query | Duration: 23.67
[3 INFO main 41681] Scout.Query -> Scout.GotoCenter | Drive to others reported pos
[3 INFO main 74295] Scout.GotoCenter -> Scout.Query | return to random walk
[3 INFO main 98982] Confirming: 1/8
[3 INFO main 103047] Confirming: 3/8
[3 INFO main 105105] Confirming: 4/8
[3 INFO main 107174] Confirming: 5/8
[3 INFO main 109196] Confirming: 6/8
[3 INFO main 111244] Confirming: 7/8
[3 INFO main 113388] Confirming: 8/8
[3 INFO main 114837] Scout.Query -> Scout.GotoCenter | Drive to others reported pos
[3 INFO main 141788] Scout.GotoCenter -> Scout.Query | return to random walk
[3 INFO main 160342] Confirming: 1/8
[3 INFO main 162438] Confirming: 2/8
[3 INFO main 164442] Confirming: 3/8
[3 INFO main 166514] Confirming: 4/8
[3 INFO main 168517] Confirming: 5/8
[3 INFO main 170558] Confirming: 6/8
[3 INFO main 172650] Confirming: 7/8
[3 INFO main 174705] Confirming: 9/8
[3 INFO main 449919] Scout.Query -> Scout.GotoCenter | Drive to others reported pos
[3 INFO main 653105] Scout.GotoCenter -> Scout.Query | return to random walk
[3 INFO main 659202] Confirming: 1/8
[3 INFO main 661394] Confirming: 2/8
[3 INFO main 663470] Confirming: 3/8
[3 INFO main 665558] Confirming: 4/8
[3 INFO main 667569] Confirming: 5/8
[3 INFO main 671685] Confirming: 6/8
[3 INFO main 673758] Confirming: 8/8
[3 INFO main 678770] Scout.Query -> Scout.GotoCenter | Drive to others reported pos
[3 INFO main 706192] Scout.GotoCenter -> Scout.Query | return to random walk
[3 INFO main 728910] Confirming: 1/8
[3 INFO main 733010] Confirming: 2/8
[3 INFO main 741214] Confirming: 4/8
[3 INFO main 745246] Confirming: 5/8
[3 INFO main 749358] Confirming: 6/8
[3 INFO main 759654] Confirming: 11/8
