[6 INFO main 27] Initialising Python Geth Console...
[6 INFO main 32] Initialising RandB board...
[6 INFO main 32] Initialising navigation...
[6 INFO main 32] Initialising random-walk...
[6 INFO main 32] Initialising odometry...
[6 INFO main 32] Initialising ground-sensors...
[6 INFO main 600] --//-- Starting Experiment --//--
[6 INFO main 2073] Idle.IDLE -> Scout.Query | Duration: 25.39
[6 INFO main 14864] Scout.Query -> Verify.DriveTo | Go to unverified source
[6 INFO main 28956] Verify.DriveTo -> Verify.Homing | Homing
[6 INFO main 53590] Confirming: 1/9
[6 INFO main 55678] Confirming: 2/9
[6 INFO main 57718] Confirming: 3/9
[6 INFO main 59807] Confirming: 4/9
[6 INFO main 61896] Confirming: 5/9
[6 INFO main 63984] Confirming: 6/9
[6 INFO main 66015] Confirming: 7/9
[6 INFO main 67527] Verify.Homing -> Scout.Query | Arrived home
[6 INFO main 68037] Confirming: 8/9
[6 INFO main 70124] Confirming: 9/9
[6 INFO main 70955] Scout.Query -> Verify.DriveTo | Go to unverified source
[6 INFO main 94995] Verify.DriveTo -> Verify.Homing | Homing
[6 INFO main 105334] Verify.Homing -> Scout.Query | Arrived home
[6 INFO main 159016] Confirming: 1/9
[6 INFO main 161040] Confirming: 2/9
[6 INFO main 165140] Confirming: 4/9
[6 INFO main 167140] Confirming: 5/9
[6 INFO main 169231] Confirming: 6/9
[6 INFO main 171401] Confirming: 7/9
[6 INFO main 173422] Confirming: 8/9
[6 INFO main 175497] Confirming: 9/9
[6 INFO main 175530] Scout.Query -> Verify.DriveTo | Go to unverified source
[6 INFO main 274054] Verify.DriveTo -> Verify.Homing | Homing
[6 INFO main 280253] Confirming: 1/9
[6 INFO main 282273] Confirming: 2/9
[6 INFO main 284344] Confirming: 3/9
[6 INFO main 286400] Confirming: 4/9
[6 INFO main 288552] Confirming: 5/9
[6 INFO main 290569] Confirming: 7/9
[6 INFO main 292650] Confirming: 8/9
[6 INFO main 294722] Confirming: 9/9
[6 INFO main 297803] Verify.Homing -> Scout.Query | Arrived home
[6 INFO main 297926] Scout.Query -> Verify.DriveTo | Go to unverified source
[6 INFO main 345061] Verify.DriveTo -> Verify.Homing | Homing
[6 INFO main 370052] Confirming: 1/9
[6 INFO main 372122] Confirming: 2/9
[6 INFO main 374125] Confirming: 3/9
[6 INFO main 376178] Confirming: 4/9
[6 INFO main 378198] Confirming: 5/9
[6 INFO main 380293] Confirming: 7/9
[6 INFO main 382616] Confirming: 8/9
[6 INFO main 384678] Confirming: 9/9
[6 INFO main 399865] Verify.Homing -> Scout.Query | Arrived home
[6 INFO main 400000] Scout.Query -> Verify.DriveTo | Go to unverified source
[6 INFO main 431935] Verify.DriveTo -> Verify.Homing | Homing
[6 INFO main 459044] Confirming: 1/9
[6 INFO main 459554] Verify.Homing -> Scout.Query | Arrived home
[6 INFO main 461127] Confirming: 2/9
[6 INFO main 463146] Confirming: 3/9
[6 INFO main 465250] Confirming: 4/9
[6 INFO main 467303] Confirming: 5/9
[6 INFO main 469386] Confirming: 6/9
[6 INFO main 471338] Confirming: 7/9
[6 INFO main 473562] Confirming: 8/9
[6 INFO main 475577] Confirming: 9/9
[6 INFO main 476541] Scout.Query -> Verify.DriveTo | Go to unverified source
[6 INFO main 514395] Verify.DriveTo -> Verify.Homing | Homing
[6 INFO main 549359] Confirming: 1/9
[6 INFO main 551393] Confirming: 2/9
[6 INFO main 553430] Confirming: 3/9
[6 INFO main 555518] Confirming: 4/9
[6 INFO main 555550] Verify.Homing -> Scout.Query | Arrived home
[6 INFO main 557696] Confirming: 5/9
[6 INFO main 559704] Confirming: 6/9
[6 INFO main 561729] Confirming: 7/9
[6 INFO main 563731] Confirming: 8/9
[6 INFO main 565736] Confirming: 9/9
[6 INFO main 566236] Scout.Query -> Verify.DriveTo | Go to unverified source
[6 INFO main 591234] Verify.DriveTo -> Verify.Homing | Homing
[6 INFO main 609713] Confirming: 1/9
[6 INFO main 611529] Verify.Homing -> Scout.Query | Arrived home
[6 INFO main 611737] Confirming: 2/9
[6 INFO main 613799] Confirming: 3/9
[6 INFO main 615909] Confirming: 4/9
[6 INFO main 617975] Confirming: 5/9
[6 INFO main 619992] Confirming: 6/9
[6 INFO main 622034] Confirming: 7/9
[6 INFO main 624084] Confirming: 8/9
[6 INFO main 626100] Confirming: 9/9
[6 INFO main 626887] Scout.Query -> Verify.DriveTo | Go to unverified source
[6 INFO main 652439] Verify.DriveTo -> Verify.Homing | Homing
[6 INFO main 668836] Confirming: 1/9
[6 INFO main 669629] Verify.Homing -> Scout.Query | Arrived home
[6 INFO main 671100] Confirming: 2/9
[6 INFO main 673117] Confirming: 3/9
[6 INFO main 675196] Confirming: 4/9
[6 INFO main 677305] Confirming: 5/9
[6 INFO main 679369] Confirming: 6/9
[6 INFO main 681433] Confirming: 7/9
[6 INFO main 683519] Confirming: 8/9
[6 INFO main 685533] Confirming: 9/9
[6 INFO main 685824] Scout.Query -> Verify.DriveTo | Go to unverified source
[6 INFO main 713944] Verify.DriveTo -> Verify.Homing | Homing
[6 INFO main 728672] Confirming: 1/9
[6 INFO main 732718] Confirming: 3/9
[6 INFO main 734749] Confirming: 4/9
[6 INFO main 736525] Verify.Homing -> Scout.Query | Arrived home
[6 INFO main 736998] Confirming: 5/9
[6 INFO main 739174] Confirming: 6/9
[6 INFO main 741267] Confirming: 7/9
[6 INFO main 743285] Confirming: 8/9
[6 INFO main 745289] Confirming: 9/9
[6 INFO main 745553] Scout.Query -> Verify.DriveTo | Go to unverified source
[6 INFO main 771858] Verify.DriveTo -> Verify.Homing | Homing
[6 INFO main 788288] Confirming: 1/9
[6 INFO main 792494] Confirming: 3/9
[6 INFO main 795925] Verify.Homing -> Scout.Query | Arrived home
[6 INFO main 796543] Confirming: 5/9
[6 INFO main 798687] Confirming: 6/9
[6 INFO main 800784] Confirming: 7/9
[6 INFO main 804830] Confirming: 9/9
[6 INFO main 805519] Scout.Query -> Verify.DriveTo | Go to unverified source
[6 INFO main 862343] Verify.DriveTo -> Verify.Homing | Homing
[6 INFO main 878797] Confirming: 1/9
[6 INFO main 881068] Confirming: 2/9
[6 INFO main 883186] Confirming: 3/9
[6 INFO main 885546] Confirming: 4/9
[6 INFO main 887877] Confirming: 5/9
[6 INFO main 889971] Confirming: 6/9
[6 INFO main 891996] Confirming: 7/9
[6 INFO main 892684] Verify.Homing -> Scout.Query | Arrived home
[6 INFO main 894008] Confirming: 8/9
[6 INFO main 896169] Confirming: 9/9
[6 INFO main 896212] Scout.Query -> Verify.DriveTo | Go to unverified source
[6 INFO main 932415] Verify.DriveTo -> Verify.Homing | Homing
[6 INFO main 939013] Confirming: 1/9
[6 INFO main 943093] Confirming: 3/9
[6 INFO main 945287] Confirming: 4/9
[6 INFO main 947306] Confirming: 5/9
[6 INFO main 949378] Confirming: 6/9
[6 INFO main 951416] Confirming: 7/9
[6 INFO main 952344] Verify.Homing -> Scout.Query | Arrived home
[6 INFO main 953428] Confirming: 8/9
[6 INFO main 955465] Confirming: 9/9
[6 INFO main 955495] Scout.Query -> Verify.DriveTo | Go to unverified source
[6 INFO main 982970] Verify.DriveTo -> Verify.Homing | Homing
[6 INFO main 997686] Confirming: 1/9
[6 INFO main 999778] Confirming: 2/9
[6 INFO main 1001837] Confirming: 3/9
[6 INFO main 1003845] Confirming: 4/9
[6 INFO main 1005981] Confirming: 5/9
[6 INFO main 1006505] Verify.Homing -> Scout.Query | Arrived home
[6 INFO main 1008059] Confirming: 6/9
[6 INFO main 1010067] Confirming: 7/9
[6 INFO main 1012174] Confirming: 8/9
[6 INFO main 1014363] Confirming: 10/9
[6 INFO main 1015025] Scout.Query -> Verify.DriveTo | Go to unverified source
[6 INFO main 1071808] Verify.DriveTo -> Verify.Homing | Homing
[6 INFO main 1088363] Confirming: 1/9
[6 INFO main 1090444] Confirming: 2/9
[6 INFO main 1092498] Confirming: 3/9
[6 INFO main 1094633] Confirming: 4/9
[6 INFO main 1096754] Confirming: 5/9
[6 INFO main 1098852] Confirming: 6/9
[6 INFO main 1100957] Confirming: 7/9
[6 INFO main 1101296] Verify.Homing -> Scout.Query | Arrived home
[6 INFO main 1102967] Confirming: 8/9
[6 INFO main 1104974] Confirming: 9/9
[6 INFO main 1105543] Scout.Query -> Verify.DriveTo | Go to unverified source
[6 INFO main 1133739] Verify.DriveTo -> Verify.Homing | Homing
[6 INFO main 1150143] Verify.Homing -> Scout.Query | Arrived home
[6 INFO main 1150345] Confirming: 1/9
[6 INFO main 1152355] Confirming: 3/9
[6 INFO main 1154375] Confirming: 4/9
[6 INFO main 1158481] Confirming: 5/9
[6 INFO main 1160520] Confirming: 7/9
[6 INFO main 1162607] Confirming: 8/9
[6 INFO main 1164785] Confirming: 9/9
[6 INFO main 1181154] Scout.Query -> Scout.PrepSend | Homing
[6 INFO main 1181454] Scout.PrepSend -> Verify.Homing | Homing
[6 INFO main 1198587] Verify.Homing -> Scout.Query | Arrived home
[6 INFO main 1210503] Confirming: 2/9
[6 INFO main 1212873] Confirming: 3/9
[6 INFO main 1214950] Confirming: 4/9
[6 INFO main 1216965] Confirming: 5/9
[6 INFO main 1219149] Confirming: 6/9
[6 INFO main 1221236] Confirming: 7/9
[6 INFO main 1223251] Confirming: 8/9
[6 INFO main 1225265] Confirming: 9/9
[6 INFO main 1225392] Scout.Query -> Scout.PrepSend | Homing
[6 INFO main 1225701] Scout.PrepSend -> Verify.Homing | Homing
[6 INFO main 1240733] Confirming: 2/9
[6 INFO main 1241096] Verify.Homing -> Scout.Query | Arrived home
[6 INFO main 1244816] Confirming: 4/9
[6 INFO main 1248851] Confirming: 6/9
[6 INFO main 1253050] Confirming: 8/9
[6 INFO main 1255062] Confirming: 9/9
[6 INFO main 1255225] Scout.Query -> Verify.DriveTo | Go to unverified source
[6 INFO main 1284530] Verify.DriveTo -> Verify.Homing | Homing
[6 INFO main 1301045] Confirming: 1/9
[6 INFO main 1303181] Confirming: 2/9
[6 INFO main 1305264] Confirming: 3/9
[6 INFO main 1307281] Confirming: 4/9
[6 INFO main 1309325] Confirming: 5/9
[6 INFO main 1311337] Confirming: 7/9
[6 INFO main 1315402] Confirming: 8/9
[6 INFO main 1317426] Confirming: 10/9
[6 INFO main 1318759] Verify.Homing -> Scout.Query | Arrived home
[6 INFO main 1318892] Scout.Query -> Verify.DriveTo | Go to unverified source
[6 INFO main 1340109] Verify.DriveTo -> Verify.Homing | Homing
[6 INFO main 1356131] Verify.Homing -> Scout.Query | Arrived home
[6 INFO main 1359515] Confirming: 1/9
[6 INFO main 1361598] Confirming: 2/9
[6 INFO main 1363646] Confirming: 3/9
[6 INFO main 1365665] Confirming: 4/9
[6 INFO main 1367669] Confirming: 5/9
[6 INFO main 1369813] Confirming: 6/9
[6 INFO main 1371911] Confirming: 7/9
[6 INFO main 1373989] Confirming: 8/9
[6 INFO main 1376005] Confirming: 9/9
[6 INFO main 1376257] Scout.Query -> Verify.DriveTo | Go to unverified source
[6 INFO main 1411133] Verify.DriveTo -> Verify.Homing | Homing
[6 INFO main 1428310] Verify.Homing -> Scout.Query | Arrived home
[6 INFO main 1451072] Confirming: 1/9
[6 INFO main 1453154] Confirming: 2/9
[6 INFO main 1455233] Confirming: 3/9
[6 INFO main 1457302] Confirming: 4/9
[6 INFO main 1459370] Confirming: 5/9
[6 INFO main 1461515] Confirming: 6/9
[6 INFO main 1463528] Confirming: 7/9
[6 INFO main 1465556] Confirming: 8/9
[6 INFO main 1467642] Confirming: 9/9
[6 INFO main 1467680] Scout.Query -> Verify.DriveTo | Go to unverified source
[6 INFO main 1501563] Verify.DriveTo -> Verify.Homing | Homing
[6 INFO main 1534005] Verify.Homing -> Scout.Query | Arrived home
[6 INFO main 1540096] Confirming: 1/9
[6 INFO main 1546385] Confirming: 2/9
[6 INFO main 1548389] Confirming: 3/9
[6 INFO main 1550429] Confirming: 4/9
[6 INFO main 1552520] Confirming: 5/9
[6 INFO main 1554538] Confirming: 6/9
[6 INFO main 1556669] Confirming: 7/9
[6 INFO main 1558774] Confirming: 8/9
[6 INFO main 1560842] Confirming: 9/9
[6 INFO main 1561587] Scout.Query -> Verify.DriveTo | Go to unverified source
[6 INFO main 1623951] Verify.DriveTo -> Verify.Homing | Homing
[6 INFO main 1634431] Confirming: 1/9
[6 INFO main 1636493] Confirming: 2/9
[6 INFO main 1638520] Confirming: 3/9
[6 INFO main 1640577] Confirming: 4/9
[6 INFO main 1642764] Confirming: 5/9
[6 INFO main 1644792] Confirming: 6/9
[6 INFO main 1647015] Confirming: 7/9
[6 INFO main 1649091] Confirming: 8/9
[6 INFO main 1651183] Confirming: 9/9
[6 INFO main 1651474] Verify.Homing -> Scout.Query | Arrived home
[6 INFO main 1651650] Scout.Query -> Verify.DriveTo | Go to unverified source
[6 INFO main 1732802] Verify.DriveTo -> Verify.Homing | Homing
[6 INFO main 1749920] Confirming: 2/9
[6 INFO main 1752025] Confirming: 3/9
[6 INFO main 1755138] Verify.Homing -> Scout.Query | Arrived home
[6 INFO main 1756137] Confirming: 5/9
[6 INFO main 1758280] Confirming: 6/9
[6 INFO main 1760328] Confirming: 7/9
[6 INFO main 1762358] Confirming: 8/9
[6 INFO main 1764416] Confirming: 9/9
[6 INFO main 1765159] Scout.Query -> Verify.DriveTo | Go to unverified source
