[13 INFO main 28] Initialising Python Geth Console...
[13 INFO main 32] Initialising RandB board...
[13 INFO main 32] Initialising navigation...
[13 INFO main 32] Initialising random-walk...
[13 INFO main 32] Initialising odometry...
[13 INFO main 32] Initialising ground-sensors...
[13 INFO main 193] --//-- Starting Experiment --//--
[13 INFO main 1681] Idle.IDLE -> Scout.Query | Duration: 28.01
[13 INFO main 15445] Scout.Query -> Scout.PrepSend | Homing
[13 INFO main 16493] Scout.PrepSend -> Verify.Homing | Homing
[13 INFO main 26555] Verify.Homing -> Scout.Query | Arrived home
[13 INFO main 31104] Confirming: 1/9
[13 INFO main 33169] Confirming: 2/9
[13 INFO main 35183] Confirming: 3/9
[13 INFO main 37203] Confirming: 4/9
[13 INFO main 39223] Confirming: 5/9
[13 INFO main 41402] Confirming: 6/9
[13 INFO main 43476] Confirming: 7/9
[13 INFO main 45554] Confirming: 8/9
[13 INFO main 47616] Confirming: 9/9
[13 INFO main 48063] Scout.Query -> Verify.DriveTo | Go to unverified source
[13 INFO main 65776] Verify.DriveTo -> Verify.Homing | Homing
[13 INFO main 65883] Verify.Homing -> Scout.Query | Arrived home
[13 INFO main 74410] Confirming: 1/9
[13 INFO main 76475] Confirming: 2/9
[13 INFO main 78474] Confirming: 3/9
[13 INFO main 80593] Confirming: 4/9
[13 INFO main 82665] Confirming: 5/9
[13 INFO main 86783] Confirming: 7/9
[13 INFO main 88879] Confirming: 8/9
[13 INFO main 90918] Confirming: 9/9
[13 INFO main 90922] Scout.Query -> Scout.PrepSend | Homing
[13 INFO main 91087] Scout.PrepSend -> Verify.Homing | Homing
[13 INFO main 103927] Confirming: 1/9
[13 INFO main 103927] Verify.Homing -> Scout.Query | Arrived home
[13 INFO main 106064] Confirming: 2/9
[13 INFO main 108696] Confirming: 3/9
[13 INFO main 110839] Confirming: 4/9
[13 INFO main 112879] Confirming: 5/9
[13 INFO main 114958] Confirming: 6/9
[13 INFO main 117018] Confirming: 7/9
[13 INFO main 119287] Confirming: 8/9
[13 INFO main 121308] Confirming: 9/9
[13 INFO main 121627] Scout.Query -> Verify.DriveTo | Go to unverified source
[13 INFO main 171804] Verify.DriveTo -> Verify.Homing | Homing
[13 INFO main 188734] Verify.Homing -> Scout.Query | Arrived home
[13 INFO main 194574] Confirming: 1/9
[13 INFO main 196599] Confirming: 2/9
[13 INFO main 198634] Confirming: 3/9
[13 INFO main 200696] Confirming: 4/9
[13 INFO main 202758] Confirming: 5/9
[13 INFO main 204802] Confirming: 6/9
[13 INFO main 206834] Confirming: 7/9
[13 INFO main 208835] Confirming: 8/9
[13 INFO main 211052] Confirming: 9/9
[13 INFO main 212260] Scout.Query -> Verify.DriveTo | Go to unverified source
[13 INFO main 289572] Verify.DriveTo -> Verify.Homing | Homing
[13 INFO main 316889] Confirming: 2/9
[13 INFO main 318929] Confirming: 3/9
[13 INFO main 321035] Confirming: 4/9
[13 INFO main 323047] Confirming: 5/9
[13 INFO main 323822] Verify.Homing -> Scout.Query | Arrived home
[13 INFO main 325112] Confirming: 6/9
[13 INFO main 327173] Confirming: 7/9
[13 INFO main 329250] Confirming: 8/9
[13 INFO main 331263] Confirming: 9/9
[13 INFO main 331546] Scout.Query -> Verify.DriveTo | Go to unverified source
[13 INFO main 390337] Verify.DriveTo -> Verify.Homing | Homing
[13 INFO main 407179] Confirming: 2/9
[13 INFO main 408644] Verify.Homing -> Scout.Query | Arrived home
[13 INFO main 409271] Confirming: 3/9
[13 INFO main 411368] Confirming: 4/9
[13 INFO main 413430] Confirming: 5/9
[13 INFO main 415486] Confirming: 6/9
[13 INFO main 417524] Confirming: 7/9
[13 INFO main 419568] Confirming: 8/9
[13 INFO main 421592] Confirming: 9/9
[13 INFO main 422044] Scout.Query -> Verify.DriveTo | Go to unverified source
[13 INFO main 454187] Verify.DriveTo -> Verify.Homing | Homing
[13 INFO main 471554] Verify.Homing -> Scout.Query | Arrived home
[13 INFO main 485781] Confirming: 2/9
[13 INFO main 487869] Confirming: 3/9
[13 INFO main 489949] Confirming: 4/9
[13 INFO main 491982] Confirming: 5/9
[13 INFO main 494029] Confirming: 6/9
[13 INFO main 498187] Confirming: 8/9
[13 INFO main 500272] Confirming: 9/9
[13 INFO main 500900] Scout.Query -> Verify.DriveTo | Go to unverified source
[13 INFO main 581085] Verify.DriveTo -> Verify.Homing | Homing
[13 INFO main 601244] Verify.Homing -> Scout.Query | Arrived home
[13 INFO main 621136] Confirming: 1/9
[13 INFO main 623182] Confirming: 2/9
[13 INFO main 625295] Confirming: 3/9
[13 INFO main 627303] Confirming: 4/9
[13 INFO main 629365] Confirming: 5/9
[13 INFO main 631355] Confirming: 6/9
[13 INFO main 633866] Confirming: 8/9
[13 INFO main 635951] Confirming: 9/9
[13 INFO main 636077] Scout.Query -> Verify.DriveTo | Go to unverified source
[13 INFO main 660989] Verify.DriveTo -> Verify.Homing | Homing
[13 INFO main 671494] Confirming: 1/9
[13 INFO main 673526] Confirming: 2/9
[13 INFO main 675562] Confirming: 3/9
[13 INFO main 677622] Confirming: 4/9
[13 INFO main 679717] Confirming: 6/9
[13 INFO main 684000] Confirming: 8/9
[13 INFO main 685576] Verify.Homing -> Scout.Query | Arrived home
[13 INFO main 686062] Confirming: 9/9
[13 INFO main 687012] Scout.Query -> Verify.DriveTo | Go to unverified source
[13 INFO main 763941] Verify.DriveTo -> Verify.Homing | Homing
[13 INFO main 770215] Confirming: 1/9
[13 INFO main 772454] Confirming: 2/9
[13 INFO main 774579] Confirming: 3/9
[13 INFO main 776760] Confirming: 4/9
[13 INFO main 778785] Confirming: 5/9
[13 INFO main 780906] Confirming: 6/9
[13 INFO main 783000] Confirming: 7/9
[13 INFO main 785300] Confirming: 8/9
[13 INFO main 787404] Confirming: 9/9
[13 INFO main 789219] Verify.Homing -> Scout.Query | Arrived home
[13 INFO main 789348] Scout.Query -> Verify.DriveTo | Go to unverified source
[13 INFO main 796656] Verify.DriveTo -> Verify.Homing | Homing
[13 INFO main 798593] Verify.Homing -> Scout.Query | Arrived home
[13 INFO main 831831] Confirming: 2/9
[13 INFO main 834032] Confirming: 3/9
[13 INFO main 836099] Confirming: 4/9
[13 INFO main 838121] Confirming: 5/9
[13 INFO main 842246] Confirming: 7/9
[13 INFO main 844436] Confirming: 8/9
[13 INFO main 846452] Confirming: 9/9
[13 INFO main 847256] Scout.Query -> Verify.DriveTo | Go to unverified source
[13 INFO main 918449] Verify.DriveTo -> Verify.Homing | Homing
[13 INFO main 948064] Confirming: 1/9
[13 INFO main 950089] Confirming: 3/9
[13 INFO main 952234] Confirming: 4/9
[13 INFO main 954350] Confirming: 5/9
[13 INFO main 956412] Confirming: 6/9
[13 INFO main 958418] Confirming: 7/9
[13 INFO main 959952] Verify.Homing -> Scout.Query | Arrived home
[13 INFO main 960468] Confirming: 8/9
[13 INFO main 962518] Confirming: 9/9
[13 INFO main 963444] Scout.Query -> Verify.DriveTo | Go to unverified source
[13 INFO main 981195] Verify.DriveTo -> Verify.Homing | Homing
[13 INFO main 997640] Verify.Homing -> Scout.Query | Arrived home
[13 INFO main 1010316] Confirming: 1/9
[13 INFO main 1012367] Confirming: 2/9
[13 INFO main 1014377] Confirming: 3/9
[13 INFO main 1016448] Confirming: 4/9
[13 INFO main 1018463] Confirming: 5/9
[13 INFO main 1020493] Confirming: 6/9
[13 INFO main 1022515] Confirming: 7/9
[13 INFO main 1024591] Confirming: 8/9
[13 INFO main 1026610] Confirming: 9/9
[13 INFO main 1027203] Scout.Query -> Verify.DriveTo | Go to unverified source
[13 INFO main 1062621] Verify.DriveTo -> Verify.Homing | Homing
[13 INFO main 1070975] Confirming: 1/9
[13 INFO main 1073136] Confirming: 2/9
[13 INFO main 1075288] Confirming: 3/9
[13 INFO main 1077323] Confirming: 4/9
[13 INFO main 1079342] Confirming: 5/9
[13 INFO main 1081387] Confirming: 6/9
[13 INFO main 1083444] Confirming: 7/9
[13 INFO main 1085753] Confirming: 9/9
[13 INFO main 1091833] Verify.Homing -> Scout.Query | Arrived home
[13 INFO main 1091967] Scout.Query -> Verify.DriveTo | Go to unverified source
[13 INFO main 1159123] Verify.DriveTo -> Verify.Homing | Homing
[13 INFO main 1186024] Verify.Homing -> Scout.Query | Arrived home
[13 INFO main 1192221] Confirming: 2/9
[13 INFO main 1194304] Confirming: 3/9
[13 INFO main 1196396] Confirming: 4/9
[13 INFO main 1198598] Confirming: 5/9
[13 INFO main 1200623] Confirming: 6/9
[13 INFO main 1204736] Confirming: 8/9
[13 INFO main 1206798] Confirming: 9/9
[13 INFO main 1207149] Scout.Query -> Verify.DriveTo | Go to unverified source
[13 INFO main 1321985] Verify.DriveTo -> Verify.Homing | Homing
[13 INFO main 1341051] Confirming: 1/9
[13 INFO main 1343119] Confirming: 2/9
[13 INFO main 1345131] Confirming: 3/9
[13 INFO main 1347130] Confirming: 4/9
[13 INFO main 1349233] Confirming: 5/9
[13 INFO main 1351264] Confirming: 6/9
[13 INFO main 1352310] Verify.Homing -> Scout.Query | Arrived home
[13 INFO main 1353374] Confirming: 7/9
[13 INFO main 1355463] Confirming: 8/9
[13 INFO main 1357555] Confirming: 9/9
[13 INFO main 1358161] Scout.Query -> Verify.DriveTo | Go to unverified source
[13 INFO main 1373702] Verify.DriveTo -> Verify.Homing | Homing
[13 INFO main 1385430] Verify.Homing -> Scout.Query | Arrived home
[13 INFO main 1400861] Confirming: 1/9
[13 INFO main 1402946] Confirming: 2/9
[13 INFO main 1405245] Confirming: 3/9
[13 INFO main 1407335] Confirming: 4/9
[13 INFO main 1411414] Confirming: 5/9
[13 INFO main 1413481] Confirming: 7/9
[13 INFO main 1415949] Confirming: 9/9
[13 INFO main 1415988] Scout.Query -> Verify.DriveTo | Go to unverified source
[13 INFO main 1434883] Verify.DriveTo -> Verify.Homing | Homing
[13 INFO main 1449119] Verify.Homing -> Scout.Query | Arrived home
[13 INFO main 1451668] Confirming: 1/9
[13 INFO main 1453722] Confirming: 2/9
[13 INFO main 1455738] Confirming: 4/9
[13 INFO main 1459745] Confirming: 6/9
[13 INFO main 1463856] Confirming: 8/9
[13 INFO main 1465967] Confirming: 9/9
[13 INFO main 1466474] Scout.Query -> Verify.DriveTo | Go to unverified source
[13 INFO main 1559814] Verify.DriveTo -> Verify.Homing | Homing
[13 INFO main 1580563] Confirming: 1/9
[13 INFO main 1582635] Confirming: 2/9
[13 INFO main 1584695] Confirming: 3/9
[13 INFO main 1586755] Confirming: 4/9
[13 INFO main 1588811] Confirming: 5/9
[13 INFO main 1590867] Confirming: 6/9
[13 INFO main 1593040] Confirming: 7/9
[13 INFO main 1595105] Confirming: 8/9
[13 INFO main 1597142] Confirming: 9/9
[13 INFO main 1598721] Verify.Homing -> Scout.Query | Arrived home
[13 INFO main 1598870] Scout.Query -> Verify.DriveTo | Go to unverified source
[13 INFO main 1672728] Verify.DriveTo -> Verify.Homing | Homing
[13 INFO main 1700370] Confirming: 1/9
[13 INFO main 1701458] Verify.Homing -> Scout.Query | Arrived home
[13 INFO main 1702472] Confirming: 2/9
[13 INFO main 1704582] Confirming: 3/9
[13 INFO main 1706599] Confirming: 4/9
[13 INFO main 1708699] Confirming: 5/9
[13 INFO main 1710801] Confirming: 6/9
[13 INFO main 1712828] Confirming: 7/9
[13 INFO main 1714979] Confirming: 8/9
[13 INFO main 1716987] Confirming: 9/9
[13 INFO main 1717749] Scout.Query -> Verify.DriveTo | Go to unverified source
[13 INFO main 1823649] Verify.DriveTo -> Verify.Homing | Homing
[13 INFO main 1847472] Verify.Homing -> Scout.Query | Arrived home
[13 INFO main 1850452] Confirming: 1/9
[13 INFO main 1854687] Confirming: 2/9
[13 INFO main 1856810] Confirming: 4/9
[13 INFO main 1858865] Confirming: 5/9
[13 INFO main 1860908] Confirming: 6/9
[13 INFO main 1862978] Confirming: 7/9
[13 INFO main 1865110] Confirming: 8/9
[13 INFO main 1867224] Confirming: 9/9
[13 INFO main 1868672] Scout.Query -> Verify.DriveTo | Go to unverified source
[13 INFO main 1934330] Verify.DriveTo -> Verify.Homing | Homing
[13 INFO main 1940526] Confirming: 1/9
[13 INFO main 1942833] Confirming: 2/9
[13 INFO main 1944848] Confirming: 3/9
[13 INFO main 1946888] Confirming: 4/9
[13 INFO main 1948916] Confirming: 5/9
[13 INFO main 1950946] Confirming: 6/9
[13 INFO main 1952978] Confirming: 7/9
[13 INFO main 1955119] Confirming: 8/9
[13 INFO main 1957081] Confirming: 9/9
[13 INFO main 1965705] Verify.Homing -> Scout.Query | Arrived home
[13 INFO main 1965747] Scout.Query -> Verify.DriveTo | Go to unverified source
[13 INFO main 2189175] Verify.DriveTo -> Verify.Homing | Homing
[13 INFO main 2210394] Confirming: 1/9
[13 INFO main 2212472] Confirming: 2/9
[13 INFO main 2214485] Confirming: 3/9
[13 INFO main 2216559] Confirming: 4/9
[13 INFO main 2218648] Confirming: 5/9
[13 INFO main 2220738] Confirming: 6/9
[13 INFO main 2222079] Verify.Homing -> Scout.Query | Arrived home
[13 INFO main 2222818] Confirming: 7/9
[13 INFO main 2224852] Confirming: 8/9
[13 INFO main 2226854] Confirming: 9/9
[13 INFO main 2227402] Scout.Query -> Verify.DriveTo | Go to unverified source
[13 INFO main 2338394] Verify.DriveTo -> Verify.Homing | Homing
[13 INFO main 2361143] Confirming: 1/9
[13 INFO main 2363171] Confirming: 2/9
[13 INFO main 2365658] Confirming: 3/9
[13 INFO main 2367838] Confirming: 5/9
[13 INFO main 2369926] Confirming: 6/9
[13 INFO main 2372014] Confirming: 7/9
[13 INFO main 2374126] Confirming: 8/9
[13 INFO main 2376270] Confirming: 9/9
[13 INFO main 2377635] Verify.Homing -> Scout.Query | Arrived home
[13 INFO main 2377772] Scout.Query -> Verify.DriveTo | Go to unverified source
[13 INFO main 2469115] Verify.DriveTo -> Verify.Homing | Homing
[13 INFO main 2481755] Confirming: 1/9
[13 INFO main 2483905] Confirming: 3/9
[13 INFO main 2485938] Confirming: 4/9
[13 INFO main 2487989] Confirming: 5/9
[13 INFO main 2490043] Confirming: 6/9
[13 INFO main 2492124] Confirming: 7/9
[13 INFO main 2494147] Confirming: 8/9
[13 INFO main 2496252] Confirming: 9/9
[13 INFO main 2499629] Verify.Homing -> Scout.Query | Arrived home
[13 INFO main 2499675] Scout.Query -> Verify.DriveTo | Go to unverified source
[13 INFO main 2630314] Verify.DriveTo -> Verify.Homing | Homing
[13 INFO main 2653245] Confirming: 1/9
[13 INFO main 2654629] Verify.Homing -> Scout.Query | Arrived home
[13 INFO main 2655316] Confirming: 2/9
[13 INFO main 2657269] Confirming: 3/9
[13 INFO main 2659556] Confirming: 4/9
[13 INFO main 2661561] Confirming: 5/9
[13 INFO main 2663609] Confirming: 6/9
[13 INFO main 2665702] Confirming: 7/9
[13 INFO main 2667864] Confirming: 8/9
[13 INFO main 2669952] Confirming: 10/9
[13 INFO main 2670526] Scout.Query -> Verify.DriveTo | Go to unverified source
[13 INFO main 2920591] Verify.DriveTo -> Verify.Homing | Homing
[13 INFO main 2930988] Confirming: 1/9
[13 INFO main 2933055] Confirming: 2/9
[13 INFO main 2935066] Confirming: 3/9
[13 INFO main 2937086] Confirming: 4/9
[13 INFO main 2939130] Confirming: 5/9
[13 INFO main 2941272] Confirming: 6/9
[13 INFO main 2943294] Confirming: 7/9
[13 INFO main 2943844] Verify.Homing -> Scout.Query | Arrived home
[13 INFO main 2945318] Confirming: 8/9
[13 INFO main 2947423] Confirming: 9/9
[13 INFO main 2947473] Scout.Query -> Verify.DriveTo | Go to unverified source
[13 INFO main 3088674] Verify.DriveTo -> Verify.Homing | Homing
[13 INFO main 3101240] Confirming: 1/9
[13 INFO main 3103305] Confirming: 2/9
[13 INFO main 3109415] Confirming: 4/9
[13 INFO main 3111426] Confirming: 6/9
[13 INFO main 3113472] Confirming: 7/9
[13 INFO main 3115568] Confirming: 8/9
[13 INFO main 3117660] Confirming: 9/9
[13 INFO main 3118437] Verify.Homing -> Scout.Query | Arrived home
[13 INFO main 3118500] Scout.Query -> Verify.DriveTo | Go to unverified source
[13 INFO main 3172105] Verify.DriveTo -> Verify.Homing | Homing
[13 INFO main 3186591] Verify.Homing -> Scout.Query | Arrived home
[13 INFO main 3201259] Confirming: 1/9
[13 INFO main 3203331] Confirming: 2/9
[13 INFO main 3205459] Confirming: 3/9
[13 INFO main 3207538] Confirming: 4/9
[13 INFO main 3209560] Confirming: 5/9
[13 INFO main 3211562] Confirming: 6/9
[13 INFO main 3213624] Confirming: 7/9
[13 INFO main 3215761] Confirming: 8/9
[13 INFO main 3217823] Confirming: 10/9
[13 INFO main 3218621] Scout.Query -> Verify.DriveTo | Go to unverified source
[13 INFO main 3319068] Verify.DriveTo -> Verify.Homing | Homing
[13 INFO main 3349308] Verify.Homing -> Scout.Query | Arrived home
[13 INFO main 3350329] Confirming: 1/9
[13 INFO main 3352346] Confirming: 2/9
[13 INFO main 3354434] Confirming: 3/9
[13 INFO main 3356484] Confirming: 4/9
[13 INFO main 3358538] Confirming: 5/9
[13 INFO main 3360582] Confirming: 6/9
[13 INFO main 3362815] Confirming: 7/9
[13 INFO main 3364891] Confirming: 8/9
[13 INFO main 3366958] Confirming: 9/9
[13 INFO main 3367013] Scout.Query -> Verify.DriveTo | Go to unverified source
[13 INFO main 3420180] Verify.DriveTo -> Verify.Homing | Homing
[13 INFO main 3442111] Confirming: 1/9
[13 INFO main 3444293] Confirming: 2/9
[13 INFO main 3446396] Confirming: 3/9
[13 INFO main 3448515] Confirming: 4/9
[13 INFO main 3449800] Verify.Homing -> Scout.Query | Arrived home
[13 INFO main 3450543] Confirming: 5/9
[13 INFO main 3452606] Confirming: 6/9
[13 INFO main 3454620] Confirming: 7/9
[13 INFO main 3458886] Confirming: 8/9
[13 INFO main 3460985] Confirming: 9/9
[13 INFO main 3461751] Scout.Query -> Verify.DriveTo | Go to unverified source
[13 INFO main 3502551] Verify.DriveTo -> Verify.Homing | Homing
[13 INFO main 3519545] Verify.Homing -> Scout.Query | Arrived home
[13 INFO main 3539865] Confirming: 3/9
[13 INFO main 3542009] Confirming: 5/9
[13 INFO main 3544136] Confirming: 6/9
[13 INFO main 3546182] Confirming: 7/9
[13 INFO main 3548200] Confirming: 8/9
[13 INFO main 3550240] Confirming: 9/9
[13 INFO main 3551071] Scout.Query -> Verify.DriveTo | Go to unverified source
[13 INFO main 3638764] Verify.DriveTo -> Verify.Homing | Homing
[13 INFO main 3655559] Confirming: 1/9
[13 INFO main 3657706] Confirming: 3/9
[13 INFO main 3659738] Confirming: 4/9
[13 INFO main 3663908] Confirming: 6/9
[13 INFO main 3666001] Confirming: 7/9
[13 INFO main 3667657] Verify.Homing -> Scout.Query | Arrived home
[13 INFO main 3668060] Confirming: 8/9
[13 INFO main 3672247] Confirming: 10/9
[13 INFO main 3673738] Scout.Query -> Verify.DriveTo | Go to unverified source
[13 INFO main 3752780] Verify.DriveTo -> Verify.Homing | Homing
[13 INFO main 3775748] Confirming: 2/9
[13 INFO main 3777816] Confirming: 3/9
[13 INFO main 3778849] Verify.Homing -> Scout.Query | Arrived home
[13 INFO main 3779938] Confirming: 4/9
[13 INFO main 3781974] Confirming: 5/9
[13 INFO main 3783984] Confirming: 6/9
[13 INFO main 3786071] Confirming: 7/9
[13 INFO main 3788120] Confirming: 8/9
[13 INFO main 3790322] Confirming: 9/9
[13 INFO main 3790470] Scout.Query -> Verify.DriveTo | Go to unverified source
[13 INFO main 3918103] Verify.DriveTo -> Verify.Homing | Homing
[13 INFO main 3944806] Verify.Homing -> Scout.Query | Arrived home
[13 INFO main 3955527] Confirming: 1/9
[13 INFO main 3957721] Confirming: 3/9
[13 INFO main 3959811] Confirming: 4/9
[13 INFO main 3963930] Confirming: 6/9
[13 INFO main 3966018] Confirming: 7/9
[13 INFO main 3968101] Confirming: 8/9
[13 INFO main 3970110] Confirming: 9/9
[13 INFO main 3970510] Scout.Query -> Verify.DriveTo | Go to unverified source
[13 INFO main 4053458] Verify.DriveTo -> Verify.Homing | Homing
[13 INFO main 4074943] Confirming: 1/9
[13 INFO main 4077172] Confirming: 2/9
[13 INFO main 4079368] Confirming: 3/9
[13 INFO main 4081442] Confirming: 4/9
[13 INFO main 4083475] Confirming: 5/9
[13 INFO main 4084264] Verify.Homing -> Scout.Query | Arrived home
[13 INFO main 4085701] Confirming: 6/9
[13 INFO main 4087708] Confirming: 8/9
[13 INFO main 4091761] Confirming: 10/9
[13 INFO main 4092022] Scout.Query -> Verify.DriveTo | Go to unverified source
[13 INFO main 4249237] Verify.DriveTo -> Verify.Homing | Homing
[13 INFO main 4255719] Confirming: 1/9
[13 INFO main 4257895] Confirming: 2/9
[13 INFO main 4259935] Confirming: 4/9
[13 INFO main 4261983] Confirming: 5/9
[13 INFO main 4264007] Confirming: 6/9
[13 INFO main 4266054] Confirming: 7/9
[13 INFO main 4268147] Confirming: 8/9
[13 INFO main 4270306] Confirming: 9/9
[13 INFO main 4273937] Verify.Homing -> Scout.Query | Arrived home
[13 INFO main 4273996] Scout.Query -> Verify.DriveTo | Go to unverified source
[13 INFO main 4322196] Verify.DriveTo -> Verify.Homing | Homing
[13 INFO main 4342624] Verify.Homing -> Scout.Query | Arrived home
[13 INFO main 4345302] Confirming: 1/9
[13 INFO main 4347326] Confirming: 2/9
[13 INFO main 4349338] Confirming: 3/9
[13 INFO main 4351375] Confirming: 4/9
[13 INFO main 4353399] Confirming: 5/9
[13 INFO main 4355467] Confirming: 6/9
[13 INFO main 4357552] Confirming: 7/9
[13 INFO main 4359582] Confirming: 8/9
[13 INFO main 4361659] Confirming: 9/9
[13 INFO main 4362484] Scout.Query -> Verify.DriveTo | Go to unverified source
[13 INFO main 4423750] Verify.DriveTo -> Verify.Homing | Homing
[13 INFO main 4434208] Confirming: 1/9
[13 INFO main 4436292] Confirming: 2/9
[13 INFO main 4438360] Confirming: 3/9
[13 INFO main 4440752] Confirming: 4/9
[13 INFO main 4442813] Confirming: 5/9
[13 INFO main 4444872] Confirming: 6/9
[13 INFO main 4446907] Confirming: 7/9
[13 INFO main 4448976] Confirming: 8/9
[13 INFO main 4450174] Verify.Homing -> Scout.Query | Arrived home
[13 INFO main 4451064] Confirming: 9/9
[13 INFO main 4451529] Scout.Query -> Verify.DriveTo | Go to unverified source
[13 INFO main 4512081] Verify.DriveTo -> Verify.Homing | Homing
[13 INFO main 4525376] Confirming: 1/9
[13 INFO main 4527473] Confirming: 2/9
[13 INFO main 4529551] Confirming: 3/9
[13 INFO main 4531656] Confirming: 4/9
[13 INFO main 4533835] Confirming: 6/9
[13 INFO main 4536042] Confirming: 7/9
[13 INFO main 4538059] Confirming: 8/9
[13 INFO main 4540274] Confirming: 9/9
[13 INFO main 4544107] Verify.Homing -> Scout.Query | Arrived home
[13 INFO main 4544318] Scout.Query -> Verify.DriveTo | Go to unverified source
[13 INFO main 4606436] Verify.DriveTo -> Verify.Homing | Homing
[13 INFO main 4615154] Confirming: 1/9
[13 INFO main 4617479] Confirming: 2/9
[13 INFO main 4619564] Confirming: 3/9
[13 INFO main 4621676] Confirming: 4/9
[13 INFO main 4624145] Confirming: 6/9
[13 INFO main 4626202] Confirming: 7/9
[13 INFO main 4628272] Confirming: 8/9
[13 INFO main 4630274] Confirming: 9/9
[13 INFO main 4637196] Verify.Homing -> Scout.Query | Arrived home
[13 INFO main 4637453] Scout.Query -> Verify.DriveTo | Go to unverified source
[13 INFO main 4681319] Verify.DriveTo -> Verify.Homing | Homing
[13 INFO main 4694395] Verify.Homing -> Scout.Query | Arrived home
[13 INFO main 4705387] Confirming: 1/9
[13 INFO main 4707487] Confirming: 2/9
[13 INFO main 4709410] Confirming: 3/9
[13 INFO main 4711522] Confirming: 4/9
[13 INFO main 4713587] Confirming: 5/9
[13 INFO main 4715881] Confirming: 7/9
[13 INFO main 4717916] Confirming: 8/9
[13 INFO main 4720066] Confirming: 9/9
[13 INFO main 4720916] Scout.Query -> Verify.DriveTo | Go to unverified source
[13 INFO main 4806940] Verify.DriveTo -> Verify.Homing | Homing
[13 INFO main 4824506] Confirming: 1/9
[13 INFO main 4826653] Confirming: 2/9
[13 INFO main 4829163] Confirming: 3/9
[13 INFO main 4831242] Confirming: 4/9
[13 INFO main 4835598] Confirming: 6/9
[13 INFO main 4837658] Confirming: 7/9
[13 INFO main 4839522] Verify.Homing -> Scout.Query | Arrived home
[13 INFO main 4839704] Confirming: 8/9
[13 INFO main 4841791] Confirming: 9/9
[13 INFO main 4841918] Scout.Query -> Verify.DriveTo | Go to unverified source
[13 INFO main 4926530] Verify.DriveTo -> Verify.Homing | Homing
[13 INFO main 4932733] Confirming: 1/9
[13 INFO main 4934776] Confirming: 2/9
[13 INFO main 4936853] Confirming: 3/9
[13 INFO main 4939063] Confirming: 4/9
[13 INFO main 4941169] Confirming: 5/9
[13 INFO main 4943336] Confirming: 6/9
[13 INFO main 4945457] Confirming: 7/9
[13 INFO main 4947478] Confirming: 8/9
[13 INFO main 4949733] Confirming: 10/9
[13 INFO main 4967541] Verify.Homing -> Scout.Query | Arrived home
[13 INFO main 4967698] Scout.Query -> Verify.DriveTo | Go to unverified source
[13 INFO main 5014045] Verify.DriveTo -> Verify.Homing | Homing
[13 INFO main 5035555] Confirming: 1/9
[13 INFO main 5037860] Confirming: 2/9
[13 INFO main 5040159] Confirming: 3/9
[13 INFO main 5042624] Confirming: 4/9
[13 INFO main 5044705] Confirming: 5/9
[13 INFO main 5046773] Confirming: 7/9
[13 INFO main 5051002] Confirming: 9/9
[13 INFO main 5056560] Verify.Homing -> Scout.Query | Arrived home
[13 INFO main 5056806] Scout.Query -> Verify.DriveTo | Go to unverified source
[13 INFO main 5104839] Verify.DriveTo -> Verify.Homing | Homing
[13 INFO main 5126282] Confirming: 1/9
[13 INFO main 5126283] Verify.Homing -> Scout.Query | Arrived home
[13 INFO main 5128365] Confirming: 2/9
[13 INFO main 5130417] Confirming: 3/9
[13 INFO main 5133043] Confirming: 5/9
[13 INFO main 5135242] Confirming: 6/9
[13 INFO main 5137272] Confirming: 7/9
[13 INFO main 5139326] Confirming: 8/9
[13 INFO main 5141439] Confirming: 9/9
[13 INFO main 5142207] Scout.Query -> Verify.DriveTo | Go to unverified source
[13 INFO main 5230577] Verify.DriveTo -> Verify.Homing | Homing
[13 INFO main 5245345] Confirming: 1/9
[13 INFO main 5247688] Confirming: 2/9
[13 INFO main 5249705] Confirming: 3/9
[13 INFO main 5251808] Confirming: 4/9
[13 INFO main 5253924] Confirming: 5/9
[13 INFO main 5255996] Confirming: 6/9
[13 INFO main 5258009] Confirming: 7/9
[13 INFO main 5260053] Confirming: 8/9
[13 INFO main 5262070] Confirming: 9/9
[13 INFO main 5283161] Verify.Homing -> Scout.Query | Arrived home
[13 INFO main 5283412] Scout.Query -> Verify.DriveTo | Go to unverified source
[13 INFO main 5363564] Verify.DriveTo -> Verify.Homing | Homing
[13 INFO main 5384733] Verify.Homing -> Scout.Query | Arrived home
[13 INFO main 5396058] Confirming: 1/9
[13 INFO main 5398378] Confirming: 2/9
[13 INFO main 5400502] Confirming: 3/9
