[12 INFO main 61] Initialising Python Geth Console...
[12 INFO main 64] Initialising RandB board...
[12 INFO main 64] Initialising navigation...
[12 INFO main 65] Initialising random-walk...
[12 INFO main 65] Initialising odometry...
[12 INFO main 65] Initialising ground-sensors...
[12 INFO main 409] --//-- Starting Experiment --//--
[12 INFO main 1507] Idle.IDLE -> Scout.Query | Duration: 19.86
[12 INFO main 52177] Scout.Query -> Scout.GotoCenter | Drive to others reported pos
[12 INFO main 58689] Scout.GotoCenter -> Scout.Query | return to random walk
[12 INFO main 59486] Scout.Query -> Scout.GotoCenter | Drive to others reported pos
[12 INFO main 59587] Scout.GotoCenter -> Scout.Query | return to random walk
[12 INFO main 60489] Scout.Query -> Scout.GotoCenter | Drive to others reported pos
[12 INFO main 62089] Scout.GotoCenter -> Scout.Query | return to random walk
[12 INFO main 62594] Scout.Query -> Scout.GotoCenter | Drive to others reported pos
[12 INFO main 63893] Scout.GotoCenter -> Scout.Query | return to random walk
[12 INFO main 64697] Scout.Query -> Scout.GotoCenter | Drive to others reported pos
[12 INFO main 68596] Scout.GotoCenter -> Scout.Query | return to random walk
[12 INFO main 68800] Scout.Query -> Scout.GotoCenter | Drive to others reported pos
[12 INFO main 69206] Scout.GotoCenter -> Scout.Query | return to random walk
