[8 INFO main 53] Initialising Python Geth Console...
[8 INFO main 56] Initialising RandB board...
[8 INFO main 57] Initialising navigation...
[8 INFO main 57] Initialising random-walk...
[8 INFO main 57] Initialising odometry...
[8 INFO main 57] Initialising ground-sensors...
[8 INFO main 631] --//-- Starting Experiment --//--
[8 INFO main 1730] Idle.IDLE -> Scout.Query | Duration: 22.60
[8 INFO main 24664] Scout.Query -> Scout.GotoCenter | Drive to others reported pos
[8 INFO main 34074] Scout.GotoCenter -> Scout.Query | return to random walk
[8 INFO main 34974] Scout.Query -> Scout.GotoCenter | Drive to others reported pos
[8 INFO main 38181] Scout.GotoCenter -> Scout.Query | return to random walk
[8 INFO main 39083] Scout.Query -> Scout.GotoCenter | Drive to others reported pos
[8 INFO main 40279] Scout.GotoCenter -> Scout.Query | return to random walk
[8 INFO main 41087] Scout.Query -> Scout.GotoCenter | Drive to others reported pos
[8 INFO main 41381] Scout.GotoCenter -> Scout.Query | return to random walk
[8 INFO main 42088] Scout.Query -> Scout.GotoCenter | Drive to others reported pos
[8 INFO main 42383] Scout.GotoCenter -> Scout.Query | return to random walk
[8 INFO main 43187] Scout.Query -> Scout.GotoCenter | Drive to others reported pos
[8 INFO main 43787] Scout.GotoCenter -> Scout.Query | return to random walk
[8 INFO main 44190] Scout.Query -> Scout.GotoCenter | Drive to others reported pos
[8 INFO main 44886] Scout.GotoCenter -> Scout.Query | return to random walk
[8 INFO main 45290] Scout.Query -> Scout.GotoCenter | Drive to others reported pos
[8 INFO main 45791] Scout.GotoCenter -> Scout.Query | return to random walk
[8 INFO main 46291] Scout.Query -> Scout.GotoCenter | Drive to others reported pos
[8 INFO main 48590] Scout.GotoCenter -> Scout.Query | return to random walk
[8 INFO main 49300] Scout.Query -> Scout.GotoCenter | Drive to others reported pos
[8 INFO main 52301] Scout.GotoCenter -> Scout.Query | return to random walk
[8 INFO main 52400] Scout.Query -> Scout.GotoCenter | Drive to others reported pos
[8 INFO main 52995] Scout.GotoCenter -> Scout.Query | return to random walk
[8 INFO main 53401] Scout.Query -> Scout.GotoCenter | Drive to others reported pos
[8 INFO main 53804] Scout.GotoCenter -> Scout.Query | return to random walk
[8 INFO main 54404] Scout.Query -> Scout.GotoCenter | Drive to others reported pos
[8 INFO main 54999] Scout.GotoCenter -> Scout.Query | return to random walk
[8 INFO main 55405] Scout.Query -> Scout.GotoCenter | Drive to others reported pos
[8 INFO main 57204] Scout.GotoCenter -> Scout.Query | return to random walk
[8 INFO main 57506] Scout.Query -> Scout.GotoCenter | Drive to others reported pos
[8 INFO main 57704] Scout.GotoCenter -> Scout.Query | return to random walk
[8 INFO main 58609] Scout.Query -> Scout.GotoCenter | Drive to others reported pos
[8 INFO main 59100] Scout.GotoCenter -> Scout.Query | return to random walk
[8 INFO main 59708] Scout.Query -> Scout.GotoCenter | Drive to others reported pos
[8 INFO main 59901] Scout.GotoCenter -> Scout.Query | return to random walk
[8 INFO main 60709] Scout.Query -> Scout.GotoCenter | Drive to others reported pos
[8 INFO main 60911] Scout.GotoCenter -> Scout.Query | return to random walk
[8 INFO main 61711] Scout.Query -> Scout.GotoCenter | Drive to others reported pos
[8 INFO main 61812] Scout.GotoCenter -> Scout.Query | return to random walk
[8 INFO main 62713] Scout.Query -> Scout.GotoCenter | Drive to others reported pos
[8 INFO main 63414] Scout.GotoCenter -> Scout.Query | return to random walk
[8 INFO main 63816] Scout.Query -> Scout.GotoCenter | Drive to others reported pos
[8 INFO main 64012] Scout.GotoCenter -> Scout.Query | return to random walk
[8 INFO main 64817] Scout.Query -> Scout.GotoCenter | Drive to others reported pos
[8 INFO main 65213] Scout.GotoCenter -> Scout.Query | return to random walk
[8 INFO main 65916] Scout.Query -> Scout.GotoCenter | Drive to others reported pos
[8 INFO main 66716] Scout.GotoCenter -> Scout.Query | return to random walk
[8 INFO main 66918] Scout.Query -> Scout.GotoCenter | Drive to others reported pos
[8 INFO main 67217] Scout.GotoCenter -> Scout.Query | return to random walk
[8 INFO main 67918] Scout.Query -> Scout.GotoCenter | Drive to others reported pos
[8 INFO main 68018] Scout.GotoCenter -> Scout.Query | return to random walk
