[8 INFO main 29] Initialising Python Geth Console...
[8 INFO main 33] Initialising RandB board...
[8 INFO main 33] Initialising navigation...
[8 INFO main 33] Initialising random-walk...
[8 INFO main 33] Initialising odometry...
[8 INFO main 33] Initialising ground-sensors...
[8 INFO main 569] --//-- Starting Experiment --//--
[8 INFO main 1668] Idle.IDLE -> Scout.Query | Duration: 19.86
[8 INFO main 56218] Scout.Query -> Scout.GotoCenter | Drive to others reported pos
[8 INFO main 82961] Scout.GotoCenter -> Scout.Query | return to random walk
[8 INFO main 89326] Confirming: 1/8
[8 INFO main 91465] Confirming: 2/8
[8 INFO main 93557] Confirming: 3/8
[8 INFO main 95690] Confirming: 4/8
[8 INFO main 97724] Confirming: 5/8
[8 INFO main 99756] Confirming: 6/8
[8 INFO main 101763] Confirming: 7/8
[8 INFO main 103772] Confirming: 8/8
[8 INFO main 310045] Scout.Query -> Scout.GotoCenter | Drive to others reported pos
[8 INFO main 333415] Scout.GotoCenter -> Scout.Query | return to random walk
[8 INFO main 358109] Confirming: 1/8
[8 INFO main 360204] Confirming: 2/8
[8 INFO main 362269] Confirming: 3/8
[8 INFO main 366328] Confirming: 5/8
[8 INFO main 368384] Confirming: 6/8
[8 INFO main 372498] Confirming: 8/8
[8 INFO main 526591] Scout.Query -> Scout.GotoCenter | Drive to others reported pos
[8 INFO main 540544] Scout.GotoCenter -> Scout.Query | return to random walk
[8 INFO main 567589] Confirming: 1/8
[8 INFO main 569625] Confirming: 2/8
[8 INFO main 571665] Confirming: 3/8
[8 INFO main 573736] Confirming: 4/8
[8 INFO main 575800] Confirming: 5/8
[8 INFO main 577853] Confirming: 6/8
[8 INFO main 579948] Confirming: 7/8
[8 INFO main 582000] Confirming: 8/8
[8 INFO main 586155] Scout.Query -> Scout.GotoCenter | Drive to others reported pos
[8 INFO main 634329] Scout.GotoCenter -> Scout.Query | return to random walk
[8 INFO main 648845] Confirming: 1/8
[8 INFO main 650944] Confirming: 2/8
[8 INFO main 652973] Confirming: 3/8
[8 INFO main 655024] Confirming: 4/8
[8 INFO main 657148] Confirming: 6/8
[8 INFO main 659273] Confirming: 7/8
[8 INFO main 663376] Confirming: 8/8
[8 INFO main 817651] Scout.Query -> Scout.GotoCenter | Drive to others reported pos
[8 INFO main 830320] Scout.GotoCenter -> Scout.Query | return to random walk
[8 INFO main 855228] Confirming: 1/8
[8 INFO main 859353] Confirming: 3/8
[8 INFO main 861424] Confirming: 4/8
[8 INFO main 863493] Confirming: 5/8
[8 INFO main 865564] Confirming: 6/8
[8 INFO main 867657] Confirming: 7/8
[8 INFO main 869701] Confirming: 8/8
[8 INFO main 876170] Scout.Query -> Scout.GotoCenter | Drive to others reported pos
[8 INFO main 883467] Scout.GotoCenter -> Scout.Query | return to random walk
[8 INFO main 914405] Confirming: 1/8
[8 INFO main 918508] Confirming: 3/8
[8 INFO main 922692] Confirming: 5/8
[8 INFO main 924728] Confirming: 6/8
[8 INFO main 926832] Confirming: 7/8
[8 INFO main 928919] Confirming: 8/8
[8 INFO main 1172285] Scout.Query -> Scout.GotoCenter | Drive to others reported pos
[8 INFO main 1199876] Scout.GotoCenter -> Scout.Query | return to random walk
[8 INFO main 1204029] Confirming: 1/8
[8 INFO main 1208173] Confirming: 3/8
[8 INFO main 1210181] Confirming: 4/8
[8 INFO main 1214209] Confirming: 6/8
[8 INFO main 1216405] Confirming: 7/8
[8 INFO main 1220535] Confirming: 9/8
[8 INFO main 1225290] Scout.Query -> Scout.GotoCenter | Drive to others reported pos
[8 INFO main 1245298] Scout.GotoCenter -> Scout.Query | return to random walk
[8 INFO main 1253524] Confirming: 1/8
[8 INFO main 1255532] Confirming: 2/8
[8 INFO main 1257612] Confirming: 3/8
[8 INFO main 1261697] Confirming: 5/8
[8 INFO main 1263804] Confirming: 6/8
[8 INFO main 1265821] Confirming: 7/8
[8 INFO main 1267869] Confirming: 8/8
[8 INFO main 1492278] Scout.Query -> Scout.GotoCenter | Drive to others reported pos
[8 INFO main 1508890] Scout.GotoCenter -> Scout.Query | return to random walk
[8 INFO main 1539892] Confirming: 2/8
[8 INFO main 1541961] Confirming: 3/8
[8 INFO main 1544012] Confirming: 4/8
[8 INFO main 1546028] Confirming: 5/8
[8 INFO main 1548201] Confirming: 6/8
[8 INFO main 1550197] Confirming: 7/8
[8 INFO main 1552292] Confirming: 8/8
[8 INFO main 1554710] Scout.Query -> Scout.GotoCenter | Drive to others reported pos
[8 INFO main 1606130] Scout.GotoCenter -> Scout.Query | return to random walk
[8 INFO main 1627019] Confirming: 2/8
[8 INFO main 1631304] Confirming: 4/8
[8 INFO main 1635424] Confirming: 5/8
[8 INFO main 1637536] Confirming: 7/8
[8 INFO main 1639621] Confirming: 8/8
[8 INFO main 1641720] Scout.Query -> Scout.GotoCenter | Drive to others reported pos
[8 INFO main 1665828] Scout.GotoCenter -> Scout.Query | return to random walk
[8 INFO main 1694753] Confirming: 1/8
[8 INFO main 1696860] Confirming: 2/8
[8 INFO main 1699060] Confirming: 3/8
[8 INFO main 1701152] Confirming: 4/8
[8 INFO main 1703292] Confirming: 5/8
[8 INFO main 1705324] Confirming: 7/8
[8 INFO main 1707441] Confirming: 8/8
[8 INFO main 1863160] Scout.Query -> Scout.GotoCenter | Drive to others reported pos
[8 INFO main 1890201] Scout.GotoCenter -> Scout.Query | return to random walk
[8 INFO main 1916980] Confirming: 1/8
[8 INFO main 1919028] Confirming: 2/8
[8 INFO main 1921048] Confirming: 4/8
[8 INFO main 1923049] Confirming: 5/8
[8 INFO main 1925104] Confirming: 6/8
[8 INFO main 1927165] Confirming: 7/8
[8 INFO main 1929193] Confirming: 8/8
[8 INFO main 2278612] Scout.Query -> Scout.GotoCenter | Drive to others reported pos
[8 INFO main 2303240] Scout.GotoCenter -> Scout.Query | return to random walk
[8 INFO main 2328056] Confirming: 1/8
[8 INFO main 2330090] Confirming: 2/8
[8 INFO main 2332093] Confirming: 3/8
[8 INFO main 2334156] Confirming: 4/8
[8 INFO main 2336241] Confirming: 5/8
[8 INFO main 2338313] Confirming: 6/8
[8 INFO main 2356992] Confirming: 15/8
[8 INFO main 2745118] Scout.Query -> Scout.GotoCenter | Drive to others reported pos
[8 INFO main 2798352] Scout.GotoCenter -> Scout.Query | return to random walk
[8 INFO main 2821068] Confirming: 1/8
[8 INFO main 2825225] Confirming: 3/8
[8 INFO main 2827237] Confirming: 4/8
[8 INFO main 2829253] Confirming: 5/8
[8 INFO main 2831333] Confirming: 6/8
[8 INFO main 2833349] Confirming: 7/8
[8 INFO main 2835413] Confirming: 8/8
[8 INFO main 2839121] Scout.Query -> Scout.GotoCenter | Drive to others reported pos
[8 INFO main 2871583] Scout.GotoCenter -> Scout.Query | return to random walk
[8 INFO main 2881893] Confirming: 1/8
[8 INFO main 2883973] Confirming: 2/8
[8 INFO main 2886116] Confirming: 3/8
[8 INFO main 2888249] Confirming: 4/8
[8 INFO main 2890317] Confirming: 5/8
[8 INFO main 2892401] Confirming: 6/8
[8 INFO main 2894449] Confirming: 7/8
[8 INFO main 2896484] Confirming: 8/8
[8 INFO main 3058928] Scout.Query -> Scout.GotoCenter | Drive to others reported pos
[8 INFO main 3133033] Scout.GotoCenter -> Scout.Query | return to random walk
[8 INFO main 3170208] Confirming: 2/8
[8 INFO main 3172305] Confirming: 3/8
[8 INFO main 3174357] Confirming: 4/8
[8 INFO main 3176448] Confirming: 5/8
[8 INFO main 3178465] Confirming: 6/8
[8 INFO main 3182576] Confirming: 7/8
[8 INFO main 3184656] Confirming: 9/8
[8 INFO main 3376185] Scout.Query -> Scout.GotoCenter | Drive to others reported pos
[8 INFO main 3419647] Scout.GotoCenter -> Scout.Query | return to random walk
[8 INFO main 3429921] Confirming: 1/8
[8 INFO main 3431941] Confirming: 2/8
[8 INFO main 3433969] Confirming: 3/8
[8 INFO main 3435976] Confirming: 4/8
[8 INFO main 3438053] Confirming: 6/8
[8 INFO main 3442161] Confirming: 8/8
[8 INFO main 3445238] Scout.Query -> Scout.GotoCenter | Drive to others reported pos
[8 INFO main 3470805] Scout.GotoCenter -> Scout.Query | return to random walk
[8 INFO main 3489332] Confirming: 1/8
[8 INFO main 3491589] Confirming: 2/8
[8 INFO main 3493569] Confirming: 3/8
[8 INFO main 3495696] Confirming: 4/8
[8 INFO main 3497765] Confirming: 5/8
[8 INFO main 3499833] Confirming: 6/8
[8 INFO main 3502052] Confirming: 8/8
[8 INFO main 3516170] Scout.Query -> Scout.GotoCenter | Drive to others reported pos
[8 INFO main 3526217] Scout.GotoCenter -> Scout.Query | return to random walk
[8 INFO main 3549104] Confirming: 1/8
[8 INFO main 3551309] Confirming: 2/8
[8 INFO main 3553401] Confirming: 3/8
[8 INFO main 3555496] Confirming: 4/8
[8 INFO main 3557632] Confirming: 5/8
[8 INFO main 3559777] Confirming: 6/8
[8 INFO main 3562085] Confirming: 8/8
[8 INFO main 3562297] Scout.Query -> Scout.GotoCenter | Drive to others reported pos
[8 INFO main 3570519] Scout.GotoCenter -> Scout.Query | return to random walk
[8 INFO main 3579200] Confirming: 1/8
[8 INFO main 3581212] Confirming: 2/8
[8 INFO main 3583400] Confirming: 3/8
[8 INFO main 3585593] Confirming: 4/8
[8 INFO main 3587648] Confirming: 5/8
[8 INFO main 3589936] Confirming: 6/8
[8 INFO main 3592241] Confirming: 8/8
[8 INFO main 3948296] Confirming: 2/8
[8 INFO main 3950309] Confirming: 3/8
[8 INFO main 3952323] Confirming: 4/8
[8 INFO main 3954340] Confirming: 5/8
[8 INFO main 3956379] Confirming: 6/8
[8 INFO main 3958429] Confirming: 7/8
[8 INFO main 3960416] Confirming: 8/8
[8 INFO main 3983526] Scout.Query -> Scout.GotoCenter | Drive to others reported pos
[8 INFO main 4021771] Scout.GotoCenter -> Scout.Query | return to random walk
[8 INFO main 4036221] Confirming: 1/8
[8 INFO main 4038204] Confirming: 2/8
[8 INFO main 4040321] Confirming: 3/8
[8 INFO main 4042403] Confirming: 4/8
[8 INFO main 4044433] Confirming: 5/8
[8 INFO main 4046463] Confirming: 6/8
[8 INFO main 4048464] Confirming: 7/8
[8 INFO main 4050593] Confirming: 8/8
[8 INFO main 4417188] Scout.Query -> Scout.GotoCenter | Drive to others reported pos
[8 INFO main 4483119] Scout.GotoCenter -> Scout.Query | return to random walk
[8 INFO main 4491547] Confirming: 1/8
[8 INFO main 4493609] Confirming: 2/8
[8 INFO main 4495744] Confirming: 3/8
[8 INFO main 4497793] Confirming: 4/8
[8 INFO main 4499947] Confirming: 5/8
[8 INFO main 4501972] Confirming: 6/8
[8 INFO main 4504081] Confirming: 8/8
[8 INFO main 4711161] Confirming: 1/8
[8 INFO main 4713193] Confirming: 2/8
[8 INFO main 4715213] Confirming: 3/8
[8 INFO main 4717277] Confirming: 4/8
[8 INFO main 4719348] Confirming: 5/8
[8 INFO main 4721424] Confirming: 6/8
[8 INFO main 4723449] Confirming: 7/8
[8 INFO main 4725473] Confirming: 9/8
[8 INFO main 5105460] Scout.Query -> Scout.GotoCenter | Drive to others reported pos
[8 INFO main 5142487] Scout.GotoCenter -> Scout.Query | return to random walk
[8 INFO main 5171523] Confirming: 1/8
[8 INFO main 5173616] Confirming: 3/8
[8 INFO main 5175693] Confirming: 4/8
[8 INFO main 5177788] Confirming: 5/8
[8 INFO main 5179849] Confirming: 6/8
[8 INFO main 5181924] Confirming: 7/8
[8 INFO main 5184015] Confirming: 8/8
[8 INFO main 5188641] Scout.Query -> Scout.GotoCenter | Drive to others reported pos
[8 INFO main 5230141] Scout.GotoCenter -> Scout.Query | return to random walk
[8 INFO main 5245016] Confirming: 2/8
[8 INFO main 5249284] Confirming: 4/8
[8 INFO main 5253428] Confirming: 6/8
[8 INFO main 5255608] Confirming: 7/8
[8 INFO main 5257660] Confirming: 8/8
[8 INFO main 5503526] Scout.Query -> Scout.GotoCenter | Drive to others reported pos
[8 INFO main 5531465] Scout.GotoCenter -> Scout.Query | return to random walk
[8 INFO main 5562316] Confirming: 1/8
[8 INFO main 5564349] Confirming: 2/8
[8 INFO main 5566357] Confirming: 3/8
[8 INFO main 5568331] Confirming: 4/8
[8 INFO main 5570457] Confirming: 5/8
[8 INFO main 5572492] Confirming: 6/8
[8 INFO main 5574532] Confirming: 7/8
[8 INFO main 5576596] Confirming: 8/8
[8 INFO main 5578961] Scout.Query -> Scout.GotoCenter | Drive to others reported pos
[8 INFO main 5599648] Scout.GotoCenter -> Scout.Query | return to random walk
[8 INFO main 5622309] Confirming: 1/8
[8 INFO main 5624359] Confirming: 2/8
[8 INFO main 5626451] Confirming: 3/8
[8 INFO main 5628526] Confirming: 4/8
[8 INFO main 5630800] Confirming: 5/8
[8 INFO main 5632863] Confirming: 6/8
[8 INFO main 5634902] Confirming: 7/8
[8 INFO main 5636984] Confirming: 8/8
[8 INFO main 5640718] Scout.Query -> Scout.GotoCenter | Drive to others reported pos
[8 INFO main 5641553] Scout.GotoCenter -> Scout.Query | return to random walk
[8 INFO main 5672888] Confirming: 1/8
[8 INFO main 5677313] Confirming: 3/8
[8 INFO main 5679333] Confirming: 4/8
[8 INFO main 5683683] Confirming: 6/8
[8 INFO main 5685757] Confirming: 7/8
[8 INFO main 5687821] Confirming: 8/8
[8 INFO main 6025620] Scout.Query -> Scout.GotoCenter | Drive to others reported pos
[8 INFO main 6142954] Scout.GotoCenter -> Scout.Query | return to random walk
[8 INFO main 6173751] Confirming: 1/8
[8 INFO main 6175813] Confirming: 2/8
[8 INFO main 6177881] Confirming: 3/8
[8 INFO main 6179897] Confirming: 4/8
[8 INFO main 6181929] Confirming: 5/8
[8 INFO main 6184015] Confirming: 6/8
[8 INFO main 6186108] Confirming: 7/8
[8 INFO main 6188109] Confirming: 8/8
[8 INFO main 6188603] Scout.Query -> Scout.GotoCenter | Drive to others reported pos
[8 INFO main 6273577] Scout.GotoCenter -> Scout.Query | return to random walk
[8 INFO main 6293608] Confirming: 1/8
[8 INFO main 6295808] Confirming: 2/8
[8 INFO main 6297908] Confirming: 3/8
[8 INFO main 6299993] Confirming: 4/8
[8 INFO main 6302385] Confirming: 5/8
[8 INFO main 6304416] Confirming: 6/8
[8 INFO main 6306512] Confirming: 7/8
[8 INFO main 6308532] Confirming: 8/8
[8 INFO main 6360307] Scout.Query -> Scout.GotoCenter | Drive to others reported pos
[8 INFO main 6468501] Scout.GotoCenter -> Scout.Query | return to random walk
[8 INFO main 6485317] Confirming: 1/8
[8 INFO main 6487548] Confirming: 2/8
[8 INFO main 6489533] Confirming: 3/8
[8 INFO main 6491653] Confirming: 4/8
[8 INFO main 6493768] Confirming: 5/8
[8 INFO main 6495845] Confirming: 6/8
[8 INFO main 6497945] Confirming: 7/8
[8 INFO main 6500181] Confirming: 8/8
[8 INFO main 6504414] Scout.Query -> Scout.GotoCenter | Drive to others reported pos
[8 INFO main 6568456] Scout.GotoCenter -> Scout.Query | return to random walk
[8 INFO main 6636548] Confirming: 1/8
[8 INFO main 6638788] Confirming: 2/8
[8 INFO main 6641552] Confirming: 4/8
[8 INFO main 6643791] Confirming: 5/8
[8 INFO main 6646691] Confirming: 6/8
[8 INFO main 6648780] Confirming: 7/8
[8 INFO main 6651772] Confirming: 9/8
[8 INFO main 6654755] Scout.Query -> Scout.GotoCenter | Drive to others reported pos
[8 INFO main 6664057] Scout.GotoCenter -> Scout.Query | return to random walk
[8 INFO main 6696860] Confirming: 1/8
[8 INFO main 6699515] Confirming: 3/8
[8 INFO main 6701899] Confirming: 4/8
[8 INFO main 6704527] Confirming: 5/8
[8 INFO main 6707048] Confirming: 6/8
[8 INFO main 6709551] Confirming: 7/8
[8 INFO main 6712128] Confirming: 9/8
