[1 INFO main 33] Initialising Python Geth Console...
[1 INFO main 38] Initialising RandB board...
[1 INFO main 38] Initialising navigation...
[1 INFO main 38] Initialising random-walk...
[1 INFO main 38] Initialising odometry...
[1 INFO main 38] Initialising ground-sensors...
[1 INFO main 1065] --//-- Starting Experiment --//--
[1 INFO main 2170] Idle.IDLE -> Scout.Query | Duration: 18.78
[1 INFO main 11188] Scout.Query -> Scout.GotoCenter | Drive to others reported pos
[1 INFO main 22781] Scout.GotoCenter -> Scout.Query | return to random walk
[1 INFO main 93961] Scout.Query -> Scout.GotoCenter | Drive to others reported pos
[1 INFO main 98076] Scout.GotoCenter -> Scout.Query | return to random walk
[1 INFO main 129487] Scout.Query -> Scout.GotoCenter | Drive to others reported pos
[1 INFO main 182281] Scout.GotoCenter -> Scout.Query | return to random walk
[1 INFO main 218077] Scout.Query -> Scout.GotoCenter | Drive to others reported pos
[1 INFO main 227752] Scout.GotoCenter -> Scout.Query | return to random walk
[1 INFO main 263256] Scout.Query -> Scout.GotoCenter | Drive to others reported pos
[1 INFO main 301129] Scout.GotoCenter -> Scout.Query | return to random walk
[1 INFO main 346705] Scout.Query -> Scout.GotoCenter | Drive to others reported pos
[1 INFO main 364843] Scout.GotoCenter -> Scout.Query | return to random walk
[1 INFO main 400382] Scout.Query -> Scout.GotoCenter | Drive to others reported pos
[1 INFO main 440103] Scout.GotoCenter -> Scout.Query | return to random walk
[1 INFO main 470455] Scout.Query -> Scout.GotoCenter | Drive to others reported pos
[1 INFO main 481063] Scout.GotoCenter -> Scout.Query | return to random walk
[1 INFO main 531740] Scout.Query -> Scout.GotoCenter | Drive to others reported pos
[1 INFO main 549181] Scout.GotoCenter -> Scout.Query | return to random walk
[1 INFO main 579695] Scout.Query -> Scout.GotoCenter | Drive to others reported pos
[1 INFO main 590940] Scout.GotoCenter -> Scout.Query | return to random walk
[1 INFO main 641717] Scout.Query -> Scout.GotoCenter | Drive to others reported pos
[1 INFO main 673948] Scout.GotoCenter -> Scout.Query | return to random walk
[1 INFO main 719439] Scout.Query -> Scout.GotoCenter | Drive to others reported pos
[1 INFO main 784177] Scout.GotoCenter -> Scout.Query | return to random walk
