[10 INFO main 29] Initialising Python Geth Console...
[10 INFO main 33] Initialising RandB board...
[10 INFO main 33] Initialising navigation...
[10 INFO main 33] Initialising random-walk...
[10 INFO main 33] Initialising odometry...
[10 INFO main 33] Initialising ground-sensors...
[10 INFO main 948] --//-- Starting Experiment --//--
[10 INFO main 2047] Idle.IDLE -> Scout.Query | Duration: 18.74
[10 INFO main 88771] Scout.Query -> Scout.GotoCenter | Drive to others reported pos
[10 INFO main 100976] Scout.GotoCenter -> Scout.Query | return to random walk
[10 INFO main 101172] Scout.Query -> Scout.GotoCenter | Drive to others reported pos
[10 INFO main 102781] Scout.GotoCenter -> Scout.Query | return to random walk
[10 INFO main 103282] Scout.Query -> Scout.GotoCenter | Drive to others reported pos
[10 INFO main 105883] Scout.GotoCenter -> Scout.Query | return to random walk
[10 INFO main 106386] Scout.Query -> Scout.GotoCenter | Drive to others reported pos
[10 INFO main 107384] Scout.GotoCenter -> Scout.Query | return to random walk
[10 INFO main 107484] Scout.Query -> Scout.GotoCenter | Drive to others reported pos
[10 INFO main 108486] Scout.GotoCenter -> Scout.Query | return to random walk
[10 INFO main 109487] Scout.Query -> Scout.GotoCenter | Drive to others reported pos
[10 INFO main 113792] Scout.GotoCenter -> Scout.Query | return to random walk
