[5 INFO main 27] Initialising Python Geth Console...
[5 INFO main 33] Initialising RandB board...
[5 INFO main 33] Initialising navigation...
[5 INFO main 33] Initialising random-walk...
[5 INFO main 33] Initialising odometry...
[5 INFO main 33] Initialising ground-sensors...
[5 INFO main 778] --//-- Starting Experiment --//--
[5 INFO main 2205] Idle.IDLE -> Scout.Query | Duration: 27.21
[5 INFO main 14907] Scout.Query -> Verify.DriveTo | Go to unverified source
[5 INFO main 34886] Verify.DriveTo -> Verify.Homing | Homing
[5 INFO main 49572] Confirming: 1/9
[5 INFO main 51303] Verify.Homing -> Scout.Query | Arrived home
[5 INFO main 51657] Confirming: 2/9
[5 INFO main 53733] Confirming: 3/9
[5 INFO main 55767] Confirming: 4/9
[5 INFO main 57797] Confirming: 5/9
[5 INFO main 59922] Confirming: 7/9
[5 INFO main 61963] Confirming: 8/9
[5 INFO main 63979] Confirming: 9/9
[5 INFO main 64134] Scout.Query -> Verify.DriveTo | Go to unverified source
[5 INFO main 94753] Verify.DriveTo -> Verify.Homing | Homing
[5 INFO main 109869] Confirming: 1/9
[5 INFO main 111877] Confirming: 2/9
[5 INFO main 113917] Confirming: 3/9
[5 INFO main 114231] Verify.Homing -> Scout.Query | Arrived home
[5 INFO main 115946] Confirming: 4/9
[5 INFO main 117973] Confirming: 5/9
[5 INFO main 120093] Confirming: 6/9
[5 INFO main 122178] Confirming: 7/9
[5 INFO main 124235] Confirming: 8/9
[5 INFO main 126296] Confirming: 10/9
[5 INFO main 126463] Scout.Query -> Verify.DriveTo | Go to unverified source
[5 INFO main 152757] Verify.DriveTo -> Verify.Homing | Homing
[5 INFO main 163599] Verify.Homing -> Scout.Query | Arrived home
[5 INFO main 170332] Confirming: 1/9
[5 INFO main 172410] Confirming: 2/9
[5 INFO main 174436] Confirming: 3/9
[5 INFO main 176451] Confirming: 4/9
[5 INFO main 178473] Confirming: 5/9
[5 INFO main 180714] Confirming: 6/9
[5 INFO main 182848] Confirming: 7/9
[5 INFO main 186965] Confirming: 8/9
[5 INFO main 197381] Confirming: 15/9
[5 INFO main 198156] Scout.Query -> Verify.DriveTo | Go to unverified source
[5 INFO main 441127] Verify.DriveTo -> Verify.Homing | Homing
[5 INFO main 470460] Confirming: 1/9
[5 INFO main 472533] Confirming: 2/9
[5 INFO main 474737] Confirming: 3/9
[5 INFO main 476783] Confirming: 4/9
[5 INFO main 478773] Confirming: 5/9
[5 INFO main 480911] Confirming: 7/9
[5 INFO main 482906] Confirming: 8/9
[5 INFO main 487047] Confirming: 10/9
[5 INFO main 539811] Verify.Homing -> Scout.Query | Arrived home
[5 INFO main 540102] Scout.Query -> Verify.DriveTo | Go to unverified source
[5 INFO main 581874] Verify.DriveTo -> Verify.Homing | Homing
[5 INFO main 594383] Verify.Homing -> Scout.Query | Arrived home
[5 INFO main 600272] Confirming: 1/9
[5 INFO main 602245] Confirming: 2/9
[5 INFO main 604324] Confirming: 3/9
[5 INFO main 606357] Confirming: 4/9
[5 INFO main 608558] Confirming: 5/9
[5 INFO main 610633] Confirming: 6/9
[5 INFO main 612728] Confirming: 7/9
[5 INFO main 614828] Confirming: 8/9
[5 INFO main 616855] Confirming: 9/9
[5 INFO main 617201] Scout.Query -> Verify.DriveTo | Go to unverified source
[5 INFO main 675995] Verify.DriveTo -> Verify.Homing | Homing
[5 INFO main 684327] Confirming: 1/9
[5 INFO main 692456] Confirming: 2/9
[5 INFO main 694592] Confirming: 3/9
[5 INFO main 696686] Confirming: 4/9
[5 INFO main 698727] Confirming: 5/9
[5 INFO main 700746] Confirming: 6/9
[5 INFO main 702866] Confirming: 7/9
[5 INFO main 705014] Confirming: 8/9
[5 INFO main 707065] Confirming: 9/9
[5 INFO main 710150] Verify.Homing -> Scout.Query | Arrived home
[5 INFO main 710303] Scout.Query -> Verify.DriveTo | Go to unverified source
[5 INFO main 739019] Verify.DriveTo -> Verify.Homing | Homing
[5 INFO main 750020] Verify.Homing -> Scout.Query | Arrived home
[5 INFO main 753582] Confirming: 1/9
[5 INFO main 755587] Confirming: 2/9
[5 INFO main 757834] Confirming: 3/9
[5 INFO main 759919] Confirming: 4/9
[5 INFO main 762010] Confirming: 5/9
[5 INFO main 764036] Confirming: 6/9
[5 INFO main 766086] Confirming: 7/9
[5 INFO main 768122] Confirming: 8/9
[5 INFO main 770197] Confirming: 9/9
[5 INFO main 770225] Scout.Query -> Verify.DriveTo | Go to unverified source
[5 INFO main 813408] Verify.DriveTo -> Verify.Homing | Homing
[5 INFO main 841499] Verify.Homing -> Scout.Query | Arrived home
[5 INFO main 844994] Confirming: 2/9
[5 INFO main 847093] Confirming: 3/9
[5 INFO main 849204] Confirming: 4/9
[5 INFO main 851219] Confirming: 5/9
[5 INFO main 853255] Confirming: 6/9
[5 INFO main 855317] Confirming: 7/9
[5 INFO main 859548] Confirming: 9/9
[5 INFO main 859820] Scout.Query -> Verify.DriveTo | Go to unverified source
[5 INFO main 883729] Verify.DriveTo -> Verify.Homing | Homing
[5 INFO main 896873] Verify.Homing -> Scout.Query | Arrived home
[5 INFO main 904176] Confirming: 1/9
[5 INFO main 906132] Confirming: 2/9
[5 INFO main 908287] Confirming: 3/9
[5 INFO main 910318] Confirming: 4/9
[5 INFO main 912391] Confirming: 5/9
[5 INFO main 914426] Confirming: 6/9
[5 INFO main 916575] Confirming: 7/9
[5 INFO main 918599] Confirming: 8/9
[5 INFO main 920679] Confirming: 9/9
[5 INFO main 921644] Scout.Query -> Verify.DriveTo | Go to unverified source
[5 INFO main 945938] Verify.DriveTo -> Verify.Homing | Homing
[5 INFO main 964405] Confirming: 1/9
[5 INFO main 966465] Confirming: 2/9
[5 INFO main 967189] Verify.Homing -> Scout.Query | Arrived home
[5 INFO main 968607] Confirming: 3/9
[5 INFO main 970707] Confirming: 4/9
[5 INFO main 972845] Confirming: 5/9
[5 INFO main 974916] Confirming: 7/9
[5 INFO main 976943] Confirming: 8/9
[5 INFO main 979020] Confirming: 9/9
[5 INFO main 979566] Scout.Query -> Verify.DriveTo | Go to unverified source
[5 INFO main 1001966] Verify.DriveTo -> Verify.Homing | Homing
[5 INFO main 1022526] Verify.Homing -> Scout.Query | Arrived home
[5 INFO main 1024856] Confirming: 1/9
[5 INFO main 1026864] Confirming: 2/9
[5 INFO main 1028913] Confirming: 3/9
[5 INFO main 1030986] Confirming: 5/9
[5 INFO main 1033014] Confirming: 6/9
[5 INFO main 1037261] Confirming: 7/9
[5 INFO main 1039300] Confirming: 8/9
[5 INFO main 1041308] Confirming: 9/9
[5 INFO main 1041336] Scout.Query -> Verify.DriveTo | Go to unverified source
[5 INFO main 1085705] Verify.DriveTo -> Verify.Homing | Homing
[5 INFO main 1114600] Confirming: 1/9
[5 INFO main 1115289] Verify.Homing -> Scout.Query | Arrived home
[5 INFO main 1116663] Confirming: 2/9
[5 INFO main 1118752] Confirming: 3/9
[5 INFO main 1120853] Confirming: 4/9
[5 INFO main 1122968] Confirming: 6/9
[5 INFO main 1125012] Confirming: 7/9
[5 INFO main 1129113] Confirming: 8/9
[5 INFO main 1131128] Confirming: 10/9
[5 INFO main 1131699] Scout.Query -> Verify.DriveTo | Go to unverified source
[5 INFO main 1169510] Verify.DriveTo -> Verify.Homing | Homing
[5 INFO main 1184024] Verify.Homing -> Scout.Query | Arrived home
[5 INFO main 1204945] Confirming: 1/9
[5 INFO main 1207049] Confirming: 3/9
[5 INFO main 1209103] Confirming: 4/9
[5 INFO main 1211193] Confirming: 5/9
[5 INFO main 1213413] Confirming: 6/9
[5 INFO main 1215469] Confirming: 7/9
[5 INFO main 1217477] Confirming: 8/9
[5 INFO main 1221642] Confirming: 10/9
[5 INFO main 1222379] Scout.Query -> Verify.DriveTo | Go to unverified source
[5 INFO main 1263794] Verify.DriveTo -> Verify.Homing | Homing
[5 INFO main 1288531] Verify.Homing -> Scout.Query | Arrived home
[5 INFO main 1293140] Confirming: 1/9
[5 INFO main 1295180] Confirming: 2/9
[5 INFO main 1297188] Confirming: 3/9
[5 INFO main 1299198] Confirming: 4/9
[5 INFO main 1301214] Confirming: 5/9
[5 INFO main 1305307] Confirming: 7/9
[5 INFO main 1309386] Confirming: 9/9
[5 INFO main 1310113] Scout.Query -> Verify.DriveTo | Go to unverified source
[5 INFO main 1343109] Verify.DriveTo -> Verify.Homing | Homing
[5 INFO main 1364759] Verify.Homing -> Scout.Query | Arrived home
[5 INFO main 1384865] Confirming: 1/9
[5 INFO main 1386879] Confirming: 2/9
[5 INFO main 1388971] Confirming: 4/9
[5 INFO main 1391012] Confirming: 5/9
[5 INFO main 1393029] Confirming: 6/9
[5 INFO main 1395116] Confirming: 7/9
[5 INFO main 1397169] Confirming: 8/9
[5 INFO main 1399261] Confirming: 9/9
[5 INFO main 1400276] Scout.Query -> Verify.DriveTo | Go to unverified source
[5 INFO main 1461089] Verify.DriveTo -> Verify.Homing | Homing
[5 INFO main 1494585] Verify.Homing -> Scout.Query | Arrived home
[5 INFO main 1504236] Confirming: 1/9
[5 INFO main 1506240] Confirming: 2/9
[5 INFO main 1508175] Confirming: 3/9
[5 INFO main 1510308] Confirming: 4/9
[5 INFO main 1512376] Confirming: 5/9
[5 INFO main 1514456] Confirming: 6/9
[5 INFO main 1516513] Confirming: 7/9
[5 INFO main 1518551] Confirming: 8/9
[5 INFO main 1520631] Confirming: 9/9
[5 INFO main 1520740] Scout.Query -> Verify.DriveTo | Go to unverified source
[5 INFO main 1563132] Verify.DriveTo -> Verify.Homing | Homing
[5 INFO main 1596142] Confirming: 1/9
[5 INFO main 1598223] Confirming: 2/9
[5 INFO main 1602331] Confirming: 4/9
[5 INFO main 1606474] Confirming: 5/9
[5 INFO main 1608533] Confirming: 7/9
[5 INFO main 1610498] Confirming: 8/9
[5 INFO main 1612604] Confirming: 9/9
[5 INFO main 1628873] Verify.Homing -> Scout.Query | Arrived home
[5 INFO main 1629012] Scout.Query -> Verify.DriveTo | Go to unverified source
[5 INFO main 1659052] Verify.DriveTo -> Verify.Homing | Homing
[5 INFO main 1674080] Verify.Homing -> Scout.Query | Arrived home
[5 INFO main 1690353] Confirming: 1/9
[5 INFO main 1692404] Confirming: 3/9
[5 INFO main 1694440] Confirming: 4/9
[5 INFO main 1696453] Confirming: 5/9
[5 INFO main 1698459] Confirming: 6/9
[5 INFO main 1700495] Confirming: 7/9
[5 INFO main 1702490] Confirming: 8/9
[5 INFO main 1708641] Confirming: 9/9
[5 INFO main 1708801] Scout.Query -> Verify.DriveTo | Go to unverified source
[5 INFO main 1770557] Verify.DriveTo -> Verify.Homing | Homing
[5 INFO main 1778848] Confirming: 1/9
[5 INFO main 1780889] Confirming: 2/9
[5 INFO main 1782945] Confirming: 3/9
[5 INFO main 1785033] Confirming: 4/9
[5 INFO main 1786982] Confirming: 5/9
[5 INFO main 1789171] Confirming: 6/9
[5 INFO main 1791285] Confirming: 7/9
[5 INFO main 1793329] Confirming: 8/9
[5 INFO main 1795453] Confirming: 9/9
[5 INFO main 1797908] Verify.Homing -> Scout.Query | Arrived home
[5 INFO main 1798045] Scout.Query -> Verify.DriveTo | Go to unverified source
[5 INFO main 1851884] Verify.DriveTo -> Verify.Homing | Homing
[5 INFO main 1870505] Confirming: 2/9
[5 INFO main 1872517] Confirming: 3/9
[5 INFO main 1873321] Verify.Homing -> Scout.Query | Arrived home
[5 INFO main 1874603] Confirming: 4/9
[5 INFO main 1876656] Confirming: 5/9
[5 INFO main 1878723] Confirming: 6/9
[5 INFO main 1880747] Confirming: 7/9
[5 INFO main 1882966] Confirming: 8/9
[5 INFO main 1885048] Confirming: 9/9
[5 INFO main 1885212] Scout.Query -> Verify.DriveTo | Go to unverified source
[5 INFO main 1920302] Verify.DriveTo -> Verify.Homing | Homing
[5 INFO main 1940553] Verify.Homing -> Scout.Query | Arrived home
[5 INFO main 1959692] Confirming: 1/9
[5 INFO main 1961763] Confirming: 2/9
[5 INFO main 1963790] Confirming: 3/9
[5 INFO main 1965941] Confirming: 5/9
[5 INFO main 1970025] Confirming: 6/9
[5 INFO main 1972118] Confirming: 7/9
[5 INFO main 1974172] Confirming: 8/9
[5 INFO main 1976163] Confirming: 9/9
[5 INFO main 1976164] Scout.Query -> Scout.PrepSend | Homing
[5 INFO main 1976341] Scout.PrepSend -> Verify.Homing | Homing
[5 INFO main 1991337] Confirming: 2/9
[5 INFO main 1993605] Confirming: 3/9
[5 INFO main 1995623] Confirming: 4/9
[5 INFO main 1995623] Verify.Homing -> Scout.Query | Arrived home
[5 INFO main 1997731] Confirming: 5/9
[5 INFO main 1999751] Confirming: 6/9
[5 INFO main 2001846] Confirming: 7/9
[5 INFO main 2003900] Confirming: 9/9
[5 INFO main 2003936] Scout.Query -> Verify.DriveTo | Go to unverified source
[5 INFO main 2013563] Verify.DriveTo -> Verify.Homing | Homing
[5 INFO main 2019856] Confirming: 1/9
[5 INFO main 2021955] Confirming: 3/9
[5 INFO main 2024009] Confirming: 4/9
[5 INFO main 2028172] Confirming: 6/9
[5 INFO main 2030229] Confirming: 7/9
[5 INFO main 2032315] Confirming: 8/9
[5 INFO main 2034318] Confirming: 9/9
[5 INFO main 2056691] Verify.Homing -> Scout.Query | Arrived home
[5 INFO main 2056835] Scout.Query -> Verify.DriveTo | Go to unverified source
[5 INFO main 2095243] Verify.DriveTo -> Verify.Homing | Homing
[5 INFO main 2109670] Confirming: 1/9
[5 INFO main 2111735] Confirming: 2/9
[5 INFO main 2113817] Confirming: 3/9
[5 INFO main 2115853] Confirming: 4/9
[5 INFO main 2117878] Confirming: 5/9
[5 INFO main 2118716] Verify.Homing -> Scout.Query | Arrived home
[5 INFO main 2119985] Confirming: 7/9
[5 INFO main 2124178] Confirming: 8/9
[5 INFO main 2126188] Confirming: 9/9
[5 INFO main 2126497] Scout.Query -> Verify.DriveTo | Go to unverified source
[5 INFO main 2166709] Verify.DriveTo -> Verify.Homing | Homing
[5 INFO main 2178431] Verify.Homing -> Scout.Query | Arrived home
[5 INFO main 2199848] Confirming: 1/9
[5 INFO main 2201864] Confirming: 2/9
[5 INFO main 2203863] Confirming: 3/9
[5 INFO main 2205907] Confirming: 4/9
[5 INFO main 2207947] Confirming: 6/9
[5 INFO main 2209952] Confirming: 7/9
[5 INFO main 2214153] Confirming: 9/9
[5 INFO main 2214241] Scout.Query -> Verify.DriveTo | Go to unverified source
[5 INFO main 2239956] Verify.DriveTo -> Verify.Homing | Homing
[5 INFO main 2258461] Confirming: 1/9
[5 INFO main 2260499] Confirming: 2/9
[5 INFO main 2262504] Confirming: 3/9
[5 INFO main 2264595] Confirming: 4/9
[5 INFO main 2266665] Confirming: 5/9
[5 INFO main 2267111] Verify.Homing -> Scout.Query | Arrived home
[5 INFO main 2268665] Confirming: 6/9
[5 INFO main 2270595] Confirming: 7/9
[5 INFO main 2272761] Confirming: 8/9
[5 INFO main 2274835] Confirming: 9/9
[5 INFO main 2274877] Scout.Query -> Verify.DriveTo | Go to unverified source
[5 INFO main 2302639] Verify.DriveTo -> Verify.Homing | Homing
[5 INFO main 2316623] Verify.Homing -> Scout.Query | Arrived home
[5 INFO main 2327348] Confirming: 1/9
[5 INFO main 2331468] Confirming: 2/9
[5 INFO main 2333511] Confirming: 3/9
[5 INFO main 2335633] Confirming: 4/9
[5 INFO main 2337665] Confirming: 6/9
[5 INFO main 2341830] Confirming: 7/9
[5 INFO main 2343911] Confirming: 8/9
[5 INFO main 2346233] Confirming: 10/9
[5 INFO main 2346459] Scout.Query -> Verify.DriveTo | Go to unverified source
[5 INFO main 2373984] Verify.DriveTo -> Verify.Homing | Homing
[5 INFO main 2380516] Confirming: 1/9
[5 INFO main 2382590] Confirming: 2/9
[5 INFO main 2384632] Confirming: 3/9
[5 INFO main 2386793] Confirming: 4/9
[5 INFO main 2388910] Confirming: 5/9
[5 INFO main 2390996] Confirming: 6/9
[5 INFO main 2392870] Verify.Homing -> Scout.Query | Arrived home
[5 INFO main 2393119] Confirming: 8/9
[5 INFO main 2397183] Confirming: 9/9
[5 INFO main 2402287] Scout.Query -> Verify.DriveTo | Go to unverified source
[5 INFO main 2428696] Verify.DriveTo -> Verify.Homing | Homing
[5 INFO main 2439408] Confirming: 1/9
[5 INFO main 2441412] Confirming: 2/9
[5 INFO main 2443424] Confirming: 3/9
[5 INFO main 2446255] Verify.Homing -> Scout.Query | Arrived home
[5 INFO main 2447456] Confirming: 5/9
[5 INFO main 2451555] Confirming: 6/9
[5 INFO main 2453613] Confirming: 8/9
[5 INFO main 2455684] Confirming: 9/9
[5 INFO main 2456026] Scout.Query -> Verify.DriveTo | Go to unverified source
[5 INFO main 2499006] Verify.DriveTo -> Verify.Homing | Homing
[5 INFO main 2523946] Verify.Homing -> Scout.Query | Arrived home
[5 INFO main 2530845] Confirming: 1/9
[5 INFO main 2532869] Confirming: 2/9
[5 INFO main 2534942] Confirming: 4/9
[5 INFO main 2536968] Confirming: 5/9
[5 INFO main 2538975] Confirming: 6/9
[5 INFO main 2541013] Confirming: 7/9
[5 INFO main 2543133] Confirming: 8/9
[5 INFO main 2545430] Confirming: 9/9
[5 INFO main 2545473] Scout.Query -> Verify.DriveTo | Go to unverified source
[5 INFO main 2609681] Verify.DriveTo -> Verify.Homing | Homing
[5 INFO main 2633911] Verify.Homing -> Scout.Query | Arrived home
[5 INFO main 2649004] Confirming: 1/9
[5 INFO main 2651149] Confirming: 2/9
[5 INFO main 2655334] Confirming: 4/9
[5 INFO main 2659463] Confirming: 6/9
[5 INFO main 2661500] Confirming: 7/9
[5 INFO main 2663513] Confirming: 8/9
[5 INFO main 2665772] Confirming: 9/9
[5 INFO main 2665875] Scout.Query -> Verify.DriveTo | Go to unverified source
[5 INFO main 2709145] Verify.DriveTo -> Verify.Homing | Homing
[5 INFO main 2717689] Confirming: 1/9
[5 INFO main 2719716] Confirming: 2/9
[5 INFO main 2723937] Confirming: 4/9
[5 INFO main 2726029] Confirming: 5/9
[5 INFO main 2728049] Confirming: 6/9
[5 INFO main 2728147] Verify.Homing -> Scout.Query | Arrived home
[5 INFO main 2730134] Confirming: 7/9
[5 INFO main 2732225] Confirming: 8/9
[5 INFO main 2734312] Confirming: 9/9
[5 INFO main 2734709] Scout.Query -> Verify.DriveTo | Go to unverified source
[5 INFO main 2786419] Verify.DriveTo -> Verify.Homing | Homing
[5 INFO main 2792668] Confirming: 1/9
[5 INFO main 2794699] Confirming: 2/9
[5 INFO main 2796767] Confirming: 3/9
[5 INFO main 2799166] Confirming: 4/9
[5 INFO main 2801214] Confirming: 6/9
[5 INFO main 2805257] Confirming: 8/9
[5 INFO main 2809336] Confirming: 9/9
[5 INFO main 2870687] Verify.Homing -> Scout.Query | Arrived home
[5 INFO main 2870842] Scout.Query -> Verify.DriveTo | Go to unverified source
[5 INFO main 2964930] Verify.DriveTo -> Verify.Homing | Homing
[5 INFO main 2977439] Verify.Homing -> Scout.Query | Arrived home
[5 INFO main 2982126] Confirming: 1/9
[5 INFO main 2984206] Confirming: 2/9
[5 INFO main 2986370] Confirming: 3/9
[5 INFO main 2988442] Confirming: 4/9
[5 INFO main 2990523] Confirming: 5/9
[5 INFO main 2992635] Confirming: 6/9
[5 INFO main 2994702] Confirming: 7/9
[5 INFO main 2996730] Confirming: 8/9
[5 INFO main 3000967] Confirming: 10/9
[5 INFO main 3001900] Scout.Query -> Verify.DriveTo | Go to unverified source
[5 INFO main 3072152] Verify.DriveTo -> Verify.Homing | Homing
[5 INFO main 3103866] Confirming: 1/9
[5 INFO main 3106222] Confirming: 2/9
[5 INFO main 3108259] Confirming: 4/9
[5 INFO main 3110269] Confirming: 5/9
[5 INFO main 3112364] Confirming: 6/9
[5 INFO main 3114424] Confirming: 7/9
[5 INFO main 3116573] Confirming: 8/9
[5 INFO main 3118714] Confirming: 9/9
[5 INFO main 3120970] Verify.Homing -> Scout.Query | Arrived home
[5 INFO main 3121393] Scout.Query -> Verify.DriveTo | Go to unverified source
[5 INFO main 3151726] Verify.DriveTo -> Verify.Homing | Homing
[5 INFO main 3162019] Confirming: 2/9
[5 INFO main 3164148] Confirming: 3/9
[5 INFO main 3166182] Confirming: 4/9
[5 INFO main 3168236] Confirming: 5/9
[5 INFO main 3170319] Confirming: 6/9
[5 INFO main 3174388] Confirming: 8/9
[5 INFO main 3176518] Confirming: 9/9
[5 INFO main 3181003] Verify.Homing -> Scout.Query | Arrived home
[5 INFO main 3181145] Scout.Query -> Verify.DriveTo | Go to unverified source
[5 INFO main 3245326] Verify.DriveTo -> Verify.Homing | Homing
[5 INFO main 3253748] Confirming: 1/9
[5 INFO main 3255763] Confirming: 2/9
[5 INFO main 3257899] Confirming: 4/9
[5 INFO main 3261999] Confirming: 5/9
[5 INFO main 3264065] Confirming: 7/9
[5 INFO main 3266104] Confirming: 8/9
[5 INFO main 3270238] Confirming: 10/9
[5 INFO main 3270660] Verify.Homing -> Scout.Query | Arrived home
[5 INFO main 3270808] Scout.Query -> Verify.DriveTo | Go to unverified source
[5 INFO main 3365764] Verify.DriveTo -> Verify.Homing | Homing
[5 INFO main 3374026] Confirming: 1/9
[5 INFO main 3376062] Confirming: 3/9
[5 INFO main 3378124] Confirming: 4/9
[5 INFO main 3382377] Confirming: 6/9
[5 INFO main 3386449] Confirming: 8/9
[5 INFO main 3388481] Confirming: 9/9
[5 INFO main 3397133] Verify.Homing -> Scout.Query | Arrived home
[5 INFO main 3397514] Scout.Query -> Verify.DriveTo | Go to unverified source
[5 INFO main 3476692] Verify.DriveTo -> Verify.Homing | Homing
[5 INFO main 3493385] Confirming: 1/9
[5 INFO main 3495404] Confirming: 2/9
[5 INFO main 3497709] Confirming: 3/9
[5 INFO main 3499838] Confirming: 4/9
[5 INFO main 3501854] Confirming: 5/9
[5 INFO main 3503911] Confirming: 6/9
[5 INFO main 3504710] Verify.Homing -> Scout.Query | Arrived home
[5 INFO main 3505888] Confirming: 8/9
[5 INFO main 3507973] Confirming: 9/9
[5 INFO main 3508025] Scout.Query -> Verify.DriveTo | Go to unverified source
[5 INFO main 3539279] Verify.DriveTo -> Verify.Homing | Homing
[5 INFO main 3553842] Confirming: 1/9
[5 INFO main 3555947] Confirming: 3/9
[5 INFO main 3558064] Confirming: 4/9
[5 INFO main 3560109] Confirming: 5/9
[5 INFO main 3564205] Confirming: 7/9
[5 INFO main 3565808] Verify.Homing -> Scout.Query | Arrived home
[5 INFO main 3566415] Confirming: 8/9
[5 INFO main 3568587] Confirming: 9/9
[5 INFO main 3569083] Scout.Query -> Verify.DriveTo | Go to unverified source
[5 INFO main 3610045] Verify.DriveTo -> Verify.Homing | Homing
[5 INFO main 3630909] Confirming: 1/9
[5 INFO main 3632966] Confirming: 3/9
[5 INFO main 3634984] Confirming: 4/9
[5 INFO main 3637693] Verify.Homing -> Scout.Query | Arrived home
[5 INFO main 3639063] Confirming: 5/9
[5 INFO main 3641150] Confirming: 6/9
[5 INFO main 3643181] Confirming: 8/9
[5 INFO main 3645270] Confirming: 9/9
[5 INFO main 3645903] Scout.Query -> Verify.DriveTo | Go to unverified source
[5 INFO main 3674077] Verify.DriveTo -> Verify.Homing | Homing
[5 INFO main 3686452] Confirming: 1/9
[5 INFO main 3688577] Confirming: 2/9
[5 INFO main 3690681] Confirming: 3/9
[5 INFO main 3692695] Confirming: 4/9
[5 INFO main 3694755] Confirming: 5/9
[5 INFO main 3696772] Confirming: 6/9
[5 INFO main 3698833] Confirming: 7/9
[5 INFO main 3700887] Confirming: 9/9
[5 INFO main 3725396] Verify.Homing -> Scout.Query | Arrived home
[5 INFO main 3725539] Scout.Query -> Verify.DriveTo | Go to unverified source
[5 INFO main 3782978] Verify.DriveTo -> Verify.Homing | Homing
[5 INFO main 3795328] Confirming: 1/9
[5 INFO main 3797328] Confirming: 2/9
[5 INFO main 3799366] Confirming: 3/9
[5 INFO main 3801528] Confirming: 4/9
[5 INFO main 3803566] Confirming: 5/9
[5 INFO main 3803956] Verify.Homing -> Scout.Query | Arrived home
[5 INFO main 3805570] Confirming: 6/9
[5 INFO main 3807621] Confirming: 7/9
[5 INFO main 3809627] Confirming: 8/9
[5 INFO main 3811648] Confirming: 9/9
[5 INFO main 3812333] Scout.Query -> Verify.DriveTo | Go to unverified source
[5 INFO main 3838201] Verify.DriveTo -> Verify.Homing | Homing
[5 INFO main 3854858] Confirming: 1/9
[5 INFO main 3856929] Confirming: 2/9
[5 INFO main 3859017] Confirming: 3/9
[5 INFO main 3861110] Confirming: 4/9
[5 INFO main 3863124] Confirming: 5/9
[5 INFO main 3865223] Confirming: 6/9
[5 INFO main 3867303] Confirming: 7/9
[5 INFO main 3867728] Verify.Homing -> Scout.Query | Arrived home
[5 INFO main 3869334] Confirming: 8/9
[5 INFO main 3871346] Confirming: 9/9
[5 INFO main 3871399] Scout.Query -> Verify.DriveTo | Go to unverified source
[5 INFO main 3906250] Verify.DriveTo -> Verify.Homing | Homing
[5 INFO main 3916659] Confirming: 2/9
[5 INFO main 3918774] Confirming: 3/9
[5 INFO main 3920957] Confirming: 4/9
[5 INFO main 3922976] Confirming: 5/9
[5 INFO main 3925148] Confirming: 6/9
[5 INFO main 3927287] Confirming: 7/9
[5 INFO main 3929331] Confirming: 8/9
[5 INFO main 3931377] Confirming: 9/9
[5 INFO main 3935764] Verify.Homing -> Scout.Query | Arrived home
[5 INFO main 3935966] Scout.Query -> Verify.DriveTo | Go to unverified source
[5 INFO main 3960926] Verify.DriveTo -> Verify.Homing | Homing
[5 INFO main 3975499] Confirming: 1/9
[5 INFO main 3977732] Confirming: 2/9
[5 INFO main 3979840] Confirming: 3/9
[5 INFO main 3981850] Confirming: 4/9
[5 INFO main 3983952] Confirming: 6/9
[5 INFO main 3985347] Verify.Homing -> Scout.Query | Arrived home
[5 INFO main 3985998] Confirming: 7/9
[5 INFO main 3988090] Confirming: 8/9
[5 INFO main 3990105] Confirming: 9/9
[5 INFO main 3990284] Scout.Query -> Verify.DriveTo | Go to unverified source
[5 INFO main 4026880] Verify.DriveTo -> Verify.Homing | Homing
[5 INFO main 4035350] Confirming: 1/9
[5 INFO main 4037436] Confirming: 2/9
[5 INFO main 4039595] Confirming: 3/9
[5 INFO main 4041634] Confirming: 4/9
[5 INFO main 4043727] Confirming: 5/9
[5 INFO main 4045713] Confirming: 6/9
[5 INFO main 4047623] Verify.Homing -> Scout.Query | Arrived home
[5 INFO main 4047839] Confirming: 7/9
[5 INFO main 4049931] Confirming: 8/9
[5 INFO main 4052032] Confirming: 9/9
[5 INFO main 4052088] Scout.Query -> Verify.DriveTo | Go to unverified source
[5 INFO main 4125200] Verify.DriveTo -> Verify.Homing | Homing
[5 INFO main 4154762] Confirming: 1/9
[5 INFO main 4156817] Confirming: 2/9
[5 INFO main 4158838] Confirming: 3/9
[5 INFO main 4160896] Confirming: 4/9
[5 INFO main 4162905] Confirming: 5/9
[5 INFO main 4162960] Verify.Homing -> Scout.Query | Arrived home
[5 INFO main 4165013] Confirming: 6/9
[5 INFO main 4167027] Confirming: 7/9
[5 INFO main 4168992] Confirming: 8/9
[5 INFO main 4171121] Confirming: 9/9
[5 INFO main 4171984] Scout.Query -> Verify.DriveTo | Go to unverified source
[5 INFO main 4209469] Verify.DriveTo -> Verify.Homing | Homing
[5 INFO main 4244940] Confirming: 1/9
[5 INFO main 4248832] Verify.Homing -> Scout.Query | Arrived home
[5 INFO main 4249045] Confirming: 3/9
[5 INFO main 4251125] Confirming: 4/9
[5 INFO main 4253203] Confirming: 5/9
[5 INFO main 4255288] Confirming: 6/9
[5 INFO main 4257203] Confirming: 7/9
[5 INFO main 4259386] Confirming: 8/9
[5 INFO main 4261474] Confirming: 9/9
[5 INFO main 4261763] Scout.Query -> Verify.DriveTo | Go to unverified source
[5 INFO main 4308396] Verify.DriveTo -> Verify.Homing | Homing
[5 INFO main 4335737] Confirming: 1/9
[5 INFO main 4337883] Confirming: 2/9
[5 INFO main 4340158] Confirming: 4/9
[5 INFO main 4344217] Confirming: 6/9
[5 INFO main 4346337] Confirming: 7/9
[5 INFO main 4348349] Confirming: 8/9
[5 INFO main 4350471] Confirming: 9/9
[5 INFO main 4368252] Verify.Homing -> Scout.Query | Arrived home
[5 INFO main 4368544] Scout.Query -> Verify.DriveTo | Go to unverified source
[5 INFO main 4397342] Verify.DriveTo -> Verify.Homing | Homing
[5 INFO main 4418774] Verify.Homing -> Scout.Query | Arrived home
[5 INFO main 4424198] Confirming: 1/9
[5 INFO main 4426208] Confirming: 2/9
[5 INFO main 4428372] Confirming: 3/9
[5 INFO main 4430402] Confirming: 4/9
[5 INFO main 4434507] Confirming: 6/9
[5 INFO main 4436585] Confirming: 7/9
[5 INFO main 4438784] Confirming: 8/9
[5 INFO main 4440792] Confirming: 9/9
[5 INFO main 4441087] Scout.Query -> Verify.DriveTo | Go to unverified source
[5 INFO main 4489642] Verify.DriveTo -> Verify.Homing | Homing
[5 INFO main 4506439] Confirming: 2/9
[5 INFO main 4508516] Confirming: 3/9
[5 INFO main 4510209] Verify.Homing -> Scout.Query | Arrived home
[5 INFO main 4510519] Confirming: 4/9
[5 INFO main 4512588] Confirming: 5/9
[5 INFO main 4514625] Confirming: 6/9
[5 INFO main 4516654] Confirming: 7/9
[5 INFO main 4518738] Confirming: 8/9
[5 INFO main 4520807] Confirming: 9/9
[5 INFO main 4521077] Scout.Query -> Verify.DriveTo | Go to unverified source
[5 INFO main 4556270] Verify.DriveTo -> Verify.Homing | Homing
[5 INFO main 4576974] Confirming: 2/9
[5 INFO main 4579053] Confirming: 3/9
[5 INFO main 4579711] Verify.Homing -> Scout.Query | Arrived home
[5 INFO main 4581141] Confirming: 4/9
[5 INFO main 4583193] Confirming: 5/9
[5 INFO main 4585197] Confirming: 6/9
[5 INFO main 4587233] Confirming: 7/9
[5 INFO main 4589320] Confirming: 8/9
[5 INFO main 4591387] Confirming: 9/9
[5 INFO main 4592029] Scout.Query -> Verify.DriveTo | Go to unverified source
[5 INFO main 4663603] Verify.DriveTo -> Verify.Homing | Homing
[5 INFO main 4687835] Verify.Homing -> Scout.Query | Arrived home
[5 INFO main 4694535] Confirming: 1/9
[5 INFO main 4696955] Confirming: 2/9
[5 INFO main 4698983] Confirming: 3/9
[5 INFO main 4701035] Confirming: 4/9
[5 INFO main 4703069] Confirming: 5/9
[5 INFO main 4705170] Confirming: 6/9
[5 INFO main 4707185] Confirming: 7/9
[5 INFO main 4709377] Confirming: 8/9
[5 INFO main 4711394] Confirming: 9/9
[5 INFO main 4711470] Scout.Query -> Verify.DriveTo | Go to unverified source
[5 INFO main 4750455] Verify.DriveTo -> Verify.Homing | Homing
[5 INFO main 4756727] Confirming: 2/9
[5 INFO main 4758868] Confirming: 3/9
[5 INFO main 4760900] Confirming: 4/9
[5 INFO main 4762938] Confirming: 5/9
[5 INFO main 4765128] Confirming: 6/9
[5 INFO main 4767145] Confirming: 7/9
[5 INFO main 4769277] Confirming: 8/9
[5 INFO main 4771290] Confirming: 9/9
[5 INFO main 4775914] Verify.Homing -> Scout.Query | Arrived home
[5 INFO main 4776070] Scout.Query -> Verify.DriveTo | Go to unverified source
[5 INFO main 4888791] Verify.DriveTo -> Verify.Homing | Homing
[5 INFO main 4905470] Confirming: 1/9
[5 INFO main 4907506] Confirming: 2/9
[5 INFO main 4909549] Confirming: 3/9
[5 INFO main 4911666] Confirming: 4/9
[5 INFO main 4913698] Confirming: 5/9
[5 INFO main 4915712] Confirming: 6/9
[5 INFO main 4917758] Confirming: 7/9
[5 INFO main 4919216] Verify.Homing -> Scout.Query | Arrived home
[5 INFO main 4919848] Confirming: 8/9
[5 INFO main 4921937] Confirming: 10/9
[5 INFO main 4922705] Scout.Query -> Verify.DriveTo | Go to unverified source
[5 INFO main 4985960] Verify.DriveTo -> Verify.Homing | Homing
[5 INFO main 4996423] Confirming: 2/9
[5 INFO main 4998401] Confirming: 3/9
[5 INFO main 5000616] Confirming: 4/9
[5 INFO main 5004697] Confirming: 5/9
[5 INFO main 5007315] Verify.Homing -> Scout.Query | Arrived home
[5 INFO main 5010973] Confirming: 9/9
[5 INFO main 5011032] Scout.Query -> Verify.DriveTo | Go to unverified source
[5 INFO main 5059052] Verify.DriveTo -> Verify.Homing | Homing
[5 INFO main 5079953] Confirming: 2/9
[5 INFO main 5084070] Confirming: 4/9
[5 INFO main 5086077] Confirming: 5/9
[5 INFO main 5088244] Confirming: 6/9
[5 INFO main 5090323] Confirming: 7/9
[5 INFO main 5092386] Confirming: 8/9
[5 INFO main 5094436] Confirming: 9/9
[5 INFO main 5113802] Verify.Homing -> Scout.Query | Arrived home
[5 INFO main 5113943] Scout.Query -> Verify.DriveTo | Go to unverified source
[5 INFO main 5173607] Verify.DriveTo -> Verify.Homing | Homing
[5 INFO main 5201098] Confirming: 1/9
[5 INFO main 5203162] Confirming: 2/9
[5 INFO main 5205300] Confirming: 3/9
[5 INFO main 5207403] Confirming: 4/9
[5 INFO main 5209406] Confirming: 5/9
[5 INFO main 5211426] Confirming: 6/9
[5 INFO main 5213479] Confirming: 7/9
[5 INFO main 5215757] Confirming: 8/9
[5 INFO main 5217798] Confirming: 9/9
[5 INFO main 5231290] Verify.Homing -> Scout.Query | Arrived home
[5 INFO main 5231455] Scout.Query -> Verify.DriveTo | Go to unverified source
[5 INFO main 5264747] Verify.DriveTo -> Verify.Homing | Homing
[5 INFO main 5285139] Verify.Homing -> Scout.Query | Arrived home
[5 INFO main 5296044] Confirming: 2/9
[5 INFO main 5298121] Confirming: 3/9
[5 INFO main 5302282] Confirming: 5/9
[5 INFO main 5304283] Confirming: 6/9
[5 INFO main 5306387] Confirming: 7/9
[5 INFO main 5310507] Confirming: 9/9
[5 INFO main 5310689] Scout.Query -> Verify.DriveTo | Go to unverified source
[5 INFO main 5365573] Verify.DriveTo -> Verify.Homing | Homing
[5 INFO main 5384499] Confirming: 1/9
[5 INFO main 5386586] Confirming: 2/9
[5 INFO main 5390807] Confirming: 4/9
[5 INFO main 5392896] Confirming: 5/9
[5 INFO main 5394933] Confirming: 6/9
[5 INFO main 5397023] Confirming: 7/9
[5 INFO main 5399077] Confirming: 8/9
[5 INFO main 5400679] Verify.Homing -> Scout.Query | Arrived home
