[6 INFO main 29] Initialising Python Geth Console...
[6 INFO main 33] Initialising RandB board...
[6 INFO main 33] Initialising navigation...
[6 INFO main 33] Initialising random-walk...
[6 INFO main 33] Initialising odometry...
[6 INFO main 33] Initialising ground-sensors...
[6 INFO main 1157] --//-- Starting Experiment --//--
[6 INFO main 2257] Idle.IDLE -> Scout.Query | Duration: 22.73
[6 INFO main 47016] Confirming: 1/8
[6 INFO main 49152] Confirming: 2/8
[6 INFO main 51185] Confirming: 3/8
[6 INFO main 53229] Confirming: 4/8
[6 INFO main 55268] Confirming: 5/8
[6 INFO main 57396] Confirming: 6/8
[6 INFO main 59464] Confirming: 7/8
[6 INFO main 61553] Confirming: 8/8
[6 INFO main 62097] Scout.Query -> Scout.GotoCenter | Drive to others reported pos
[6 INFO main 110106] Scout.GotoCenter -> Scout.Query | return to random walk
[6 INFO main 136949] Confirming: 1/8
[6 INFO main 138957] Confirming: 2/8
[6 INFO main 141048] Confirming: 3/8
[6 INFO main 143104] Confirming: 4/8
[6 INFO main 145153] Confirming: 5/8
[6 INFO main 147257] Confirming: 6/8
[6 INFO main 149357] Confirming: 7/8
[6 INFO main 151383] Confirming: 8/8
[6 INFO main 458346] Confirming: 1/8
[6 INFO main 464465] Confirming: 2/8
[6 INFO main 466497] Confirming: 3/8
[6 INFO main 468537] Confirming: 4/8
[6 INFO main 470561] Confirming: 5/8
[6 INFO main 472545] Confirming: 6/8
[6 INFO main 474563] Confirming: 7/8
[6 INFO main 476705] Confirming: 8/8
[6 INFO main 480208] Scout.Query -> Scout.GotoCenter | Drive to others reported pos
[6 INFO main 503801] Scout.GotoCenter -> Scout.Query | return to random walk
[6 INFO main 518252] Confirming: 1/8
[6 INFO main 520340] Confirming: 2/8
[6 INFO main 522364] Confirming: 3/8
[6 INFO main 524433] Confirming: 4/8
[6 INFO main 526437] Confirming: 5/8
[6 INFO main 528537] Confirming: 6/8
[6 INFO main 530620] Confirming: 7/8
[6 INFO main 532660] Confirming: 8/8
[6 INFO main 640316] Scout.Query -> Scout.GotoCenter | Drive to others reported pos
[6 INFO main 681698] Scout.GotoCenter -> Scout.Query | return to random walk
[6 INFO main 700248] Confirming: 1/8
[6 INFO main 702305] Confirming: 2/8
[6 INFO main 704304] Confirming: 3/8
[6 INFO main 706396] Confirming: 4/8
[6 INFO main 708441] Confirming: 5/8
[6 INFO main 710529] Confirming: 6/8
[6 INFO main 712552] Confirming: 7/8
[6 INFO main 714547] Confirming: 8/8
[6 INFO main 884552] Scout.Query -> Scout.GotoCenter | Drive to others reported pos
[6 INFO main 901292] Scout.GotoCenter -> Scout.Query | return to random walk
[6 INFO main 917781] Confirming: 1/8
[6 INFO main 919885] Confirming: 3/8
[6 INFO main 921929] Confirming: 4/8
[6 INFO main 924008] Confirming: 5/8
[6 INFO main 928161] Confirming: 6/8
[6 INFO main 930218] Confirming: 8/8
[6 INFO main 1188603] Scout.Query -> Scout.GotoCenter | Drive to others reported pos
[6 INFO main 1232748] Scout.GotoCenter -> Scout.Query | return to random walk
[6 INFO main 1257390] Confirming: 1/8
[6 INFO main 1259425] Confirming: 2/8
[6 INFO main 1261425] Confirming: 3/8
[6 INFO main 1263453] Confirming: 4/8
[6 INFO main 1265541] Confirming: 5/8
[6 INFO main 1267596] Confirming: 6/8
[6 INFO main 1269676] Confirming: 7/8
[6 INFO main 1271677] Confirming: 8/8
[6 INFO main 1273284] Scout.Query -> Scout.GotoCenter | Drive to others reported pos
[6 INFO main 1351944] Scout.GotoCenter -> Scout.Query | return to random walk
[6 INFO main 1377069] Confirming: 1/8
[6 INFO main 1379117] Confirming: 2/8
[6 INFO main 1381165] Confirming: 3/8
[6 INFO main 1383277] Confirming: 4/8
[6 INFO main 1385349] Confirming: 5/8
[6 INFO main 1387401] Confirming: 6/8
[6 INFO main 1389448] Confirming: 7/8
[6 INFO main 1391472] Confirming: 8/8
[6 INFO main 1392866] Scout.Query -> Scout.GotoCenter | Drive to others reported pos
[6 INFO main 1404673] Scout.GotoCenter -> Scout.Query | return to random walk
[6 INFO main 1435900] Confirming: 1/8
[6 INFO main 1437996] Confirming: 2/8
[6 INFO main 1440101] Confirming: 3/8
[6 INFO main 1442129] Confirming: 4/8
[6 INFO main 1444164] Confirming: 5/8
[6 INFO main 1446212] Confirming: 6/8
[6 INFO main 1448245] Confirming: 7/8
[6 INFO main 1450384] Confirming: 8/8
[6 INFO main 2235084] Scout.Query -> Scout.GotoCenter | Drive to others reported pos
[6 INFO main 2264164] Scout.GotoCenter -> Scout.Query | return to random walk
[6 INFO main 2286860] Confirming: 1/8
[6 INFO main 2288889] Confirming: 2/8
[6 INFO main 2290977] Confirming: 3/8
[6 INFO main 2292988] Confirming: 4/8
[6 INFO main 2294908] Confirming: 5/8
[6 INFO main 2297109] Confirming: 6/8
[6 INFO main 2299200] Confirming: 7/8
[6 INFO main 2301217] Confirming: 8/8
[6 INFO main 2304998] Scout.Query -> Scout.GotoCenter | Drive to others reported pos
[6 INFO main 2329068] Scout.GotoCenter -> Scout.Query | return to random walk
[6 INFO main 2335377] Confirming: 1/8
[6 INFO main 2337413] Confirming: 2/8
[6 INFO main 2339496] Confirming: 3/8
[6 INFO main 2341513] Confirming: 4/8
[6 INFO main 2343548] Confirming: 5/8
[6 INFO main 2345683] Confirming: 6/8
[6 INFO main 2347753] Confirming: 7/8
[6 INFO main 2349788] Confirming: 8/8
[6 INFO main 2358808] Scout.Query -> Scout.GotoCenter | Drive to others reported pos
[6 INFO main 2412113] Scout.GotoCenter -> Scout.Query | return to random walk
[6 INFO main 2418373] Confirming: 1/8
[6 INFO main 2420437] Confirming: 3/8
[6 INFO main 2426641] Confirming: 5/8
[6 INFO main 2428672] Confirming: 6/8
[6 INFO main 2430708] Confirming: 7/8
[6 INFO main 2432745] Confirming: 9/8
[6 INFO main 2447564] Scout.Query -> Scout.GotoCenter | Drive to others reported pos
[6 INFO main 2495894] Scout.GotoCenter -> Scout.Query | return to random walk
[6 INFO main 2526573] Confirming: 1/8
[6 INFO main 2615240] Confirming: 2/8
[6 INFO main 2617288] Confirming: 3/8
[6 INFO main 2619401] Confirming: 4/8
[6 INFO main 2623481] Confirming: 6/8
[6 INFO main 2627629] Confirming: 7/8
[6 INFO main 2631691] Confirming: 8/8
[6 INFO main 2959475] Scout.Query -> Scout.GotoCenter | Drive to others reported pos
[6 INFO main 3002041] Scout.GotoCenter -> Scout.Query | return to random walk
[6 INFO main 3020620] Confirming: 1/8
[6 INFO main 3022725] Confirming: 2/8
[6 INFO main 3024799] Confirming: 3/8
[6 INFO main 3026808] Confirming: 4/8
[6 INFO main 3028873] Confirming: 6/8
[6 INFO main 3030917] Confirming: 7/8
[6 INFO main 3032937] Confirming: 8/8
[6 INFO main 3468174] Scout.Query -> Scout.GotoCenter | Drive to others reported pos
[6 INFO main 3483323] Scout.GotoCenter -> Scout.Query | return to random walk
[6 INFO main 3510044] Confirming: 1/8
[6 INFO main 3512137] Confirming: 2/8
[6 INFO main 3514223] Confirming: 3/8
[6 INFO main 3516229] Confirming: 4/8
[6 INFO main 3518272] Confirming: 5/8
[6 INFO main 3520321] Confirming: 6/8
[6 INFO main 3522372] Confirming: 7/8
[6 INFO main 3524444] Confirming: 8/8
[6 INFO main 3529222] Scout.Query -> Scout.GotoCenter | Drive to others reported pos
[6 INFO main 3538857] Scout.GotoCenter -> Scout.Query | return to random walk
[6 INFO main 3571884] Confirming: 2/8
[6 INFO main 3573940] Confirming: 3/8
[6 INFO main 3575947] Confirming: 4/8
[6 INFO main 3578029] Confirming: 5/8
[6 INFO main 3580069] Confirming: 6/8
[6 INFO main 3582104] Confirming: 7/8
[6 INFO main 3584153] Confirming: 8/8
[6 INFO main 3584577] Scout.Query -> Scout.GotoCenter | Drive to others reported pos
[6 INFO main 3603178] Scout.GotoCenter -> Scout.Query | return to random walk
[6 INFO main 3624215] Confirming: 1/8
[6 INFO main 3626308] Confirming: 2/8
[6 INFO main 3628352] Confirming: 3/8
[6 INFO main 3632847] Confirming: 4/8
[6 INFO main 3634948] Confirming: 6/8
[6 INFO main 3637032] Confirming: 7/8
[6 INFO main 3639116] Confirming: 8/8
[6 INFO main 3644003] Scout.Query -> Scout.GotoCenter | Drive to others reported pos
[6 INFO main 3677377] Scout.GotoCenter -> Scout.Query | return to random walk
[6 INFO main 3691776] Confirming: 1/8
[6 INFO main 3693800] Confirming: 2/8
[6 INFO main 3695872] Confirming: 4/8
[6 INFO main 3698174] Confirming: 5/8
[6 INFO main 3702385] Confirming: 7/8
[6 INFO main 3704733] Confirming: 8/8
[6 INFO main 3708679] Scout.Query -> Scout.GotoCenter | Drive to others reported pos
[6 INFO main 3728160] Scout.GotoCenter -> Scout.Query | return to random walk
[6 INFO main 3738719] Confirming: 1/8
[6 INFO main 3740851] Confirming: 2/8
[6 INFO main 3742920] Confirming: 3/8
[6 INFO main 3745036] Confirming: 4/8
[6 INFO main 3747301] Confirming: 5/8
[6 INFO main 3749388] Confirming: 6/8
[6 INFO main 3751409] Confirming: 7/8
[6 INFO main 3753483] Confirming: 8/8
[6 INFO main 3754241] Scout.Query -> Scout.GotoCenter | Drive to others reported pos
[6 INFO main 3798253] Scout.GotoCenter -> Scout.Query | return to random walk
[6 INFO main 3811492] Confirming: 1/8
[6 INFO main 3813573] Confirming: 2/8
[6 INFO main 3815585] Confirming: 3/8
[6 INFO main 3817532] Confirming: 4/8
[6 INFO main 3819668] Confirming: 5/8
[6 INFO main 3822136] Confirming: 7/8
[6 INFO main 3826403] Confirming: 8/8
[6 INFO main 4354721] Scout.Query -> Scout.GotoCenter | Drive to others reported pos
[6 INFO main 4389864] Scout.GotoCenter -> Scout.Query | return to random walk
[6 INFO main 4396160] Confirming: 1/8
[6 INFO main 4398184] Confirming: 2/8
[6 INFO main 4400225] Confirming: 3/8
[6 INFO main 4402233] Confirming: 4/8
[6 INFO main 4404209] Confirming: 5/8
[6 INFO main 4406341] Confirming: 6/8
[6 INFO main 4408381] Confirming: 7/8
[6 INFO main 4410397] Confirming: 8/8
[6 INFO main 4410489] Scout.Query -> Scout.GotoCenter | Drive to others reported pos
[6 INFO main 4424791] Scout.GotoCenter -> Scout.Query | return to random walk
[6 INFO main 4457717] Confirming: 1/8
[6 INFO main 4459685] Confirming: 2/8
[6 INFO main 4461817] Confirming: 3/8
[6 INFO main 4463847] Confirming: 5/8
[6 INFO main 4465945] Confirming: 6/8
[6 INFO main 4468001] Confirming: 7/8
[6 INFO main 4472108] Confirming: 8/8
[6 INFO main 4475435] Scout.Query -> Scout.GotoCenter | Drive to others reported pos
[6 INFO main 4505896] Scout.GotoCenter -> Scout.Query | return to random walk
[6 INFO main 4516325] Confirming: 1/8
[6 INFO main 4520481] Confirming: 2/8
[6 INFO main 4522557] Confirming: 4/8
[6 INFO main 4524581] Confirming: 5/8
[6 INFO main 4528681] Confirming: 6/8
[6 INFO main 4530841] Confirming: 8/8
[6 INFO main 4612312] Scout.Query -> Scout.GotoCenter | Drive to others reported pos
[6 INFO main 4650573] Scout.GotoCenter -> Scout.Query | return to random walk
[6 INFO main 4667053] Confirming: 1/8
[6 INFO main 4669021] Confirming: 2/8
[6 INFO main 4671116] Confirming: 3/8
[6 INFO main 4673183] Confirming: 4/8
[6 INFO main 4675188] Confirming: 5/8
[6 INFO main 4677244] Confirming: 6/8
[6 INFO main 4679244] Confirming: 7/8
[6 INFO main 4681305] Confirming: 8/8
[6 INFO main 4686070] Scout.Query -> Scout.GotoCenter | Drive to others reported pos
[6 INFO main 4723358] Scout.GotoCenter -> Scout.Query | return to random walk
[6 INFO main 4756788] Confirming: 1/8
[6 INFO main 4758796] Confirming: 2/8
[6 INFO main 4762881] Confirming: 4/8
[6 INFO main 4764981] Confirming: 5/8
[6 INFO main 4767209] Confirming: 6/8
[6 INFO main 4769660] Confirming: 7/8
[6 INFO main 4771757] Confirming: 8/8
[6 INFO main 4774964] Scout.Query -> Scout.GotoCenter | Drive to others reported pos
[6 INFO main 4803131] Scout.GotoCenter -> Scout.Query | return to random walk
[6 INFO main 4817745] Confirming: 1/8
[6 INFO main 4819797] Confirming: 2/8
[6 INFO main 4821817] Confirming: 3/8
[6 INFO main 4823816] Confirming: 4/8
[6 INFO main 4825919] Confirming: 5/8
[6 INFO main 4828109] Confirming: 6/8
[6 INFO main 4830225] Confirming: 7/8
[6 INFO main 4832229] Confirming: 8/8
[6 INFO main 4833564] Scout.Query -> Scout.GotoCenter | Drive to others reported pos
[6 INFO main 4892212] Scout.GotoCenter -> Scout.Query | return to random walk
[6 INFO main 4906741] Confirming: 1/8
[6 INFO main 4908821] Confirming: 2/8
[6 INFO main 4912917] Confirming: 3/8
[6 INFO main 4914936] Confirming: 4/8
[6 INFO main 4917032] Confirming: 6/8
[6 INFO main 4919053] Confirming: 7/8
[6 INFO main 4921097] Confirming: 8/8
[6 INFO main 4922752] Scout.Query -> Scout.GotoCenter | Drive to others reported pos
[6 INFO main 4939307] Scout.GotoCenter -> Scout.Query | return to random walk
[6 INFO main 4960595] Confirming: 1/8
[6 INFO main 4966836] Confirming: 4/8
[6 INFO main 4968989] Confirming: 6/8
[6 INFO main 4973163] Confirming: 8/8
[6 INFO main 5041005] Confirming: 1/8
[6 INFO main 5043009] Confirming: 2/8
[6 INFO main 5045061] Confirming: 3/8
[6 INFO main 5047104] Confirming: 4/8
[6 INFO main 5049153] Confirming: 5/8
[6 INFO main 5051159] Confirming: 6/8
[6 INFO main 5053144] Confirming: 7/8
[6 INFO main 5055265] Confirming: 8/8
[6 INFO main 5055997] Scout.Query -> Scout.GotoCenter | Drive to others reported pos
[6 INFO main 5127858] Scout.GotoCenter -> Scout.Query | return to random walk
[6 INFO main 5161740] Confirming: 1/8
[6 INFO main 5163765] Confirming: 2/8
[6 INFO main 5165997] Confirming: 3/8
[6 INFO main 5168392] Confirming: 5/8
[6 INFO main 5170468] Confirming: 6/8
[6 INFO main 5172708] Confirming: 7/8
[6 INFO main 5174789] Confirming: 8/8
[6 INFO main 5537699] Scout.Query -> Scout.GotoCenter | Drive to others reported pos
[6 INFO main 5581570] Scout.GotoCenter -> Scout.Query | return to random walk
[6 INFO main 5612576] Confirming: 1/8
[6 INFO main 5614645] Confirming: 2/8
[6 INFO main 5616701] Confirming: 3/8
[6 INFO main 5618748] Confirming: 4/8
[6 INFO main 5620800] Confirming: 5/8
[6 INFO main 5622848] Confirming: 6/8
[6 INFO main 5624940] Confirming: 8/8
[6 INFO main 5627797] Scout.Query -> Scout.GotoCenter | Drive to others reported pos
[6 INFO main 5689930] Scout.GotoCenter -> Scout.Query | return to random walk
[6 INFO main 5702884] Confirming: 2/8
[6 INFO main 5705013] Confirming: 3/8
[6 INFO main 5707423] Confirming: 4/8
[6 INFO main 5709629] Confirming: 5/8
[6 INFO main 5711737] Confirming: 6/8
[6 INFO main 5713893] Confirming: 7/8
[6 INFO main 5715948] Confirming: 8/8
[6 INFO main 5720521] Scout.Query -> Scout.GotoCenter | Drive to others reported pos
[6 INFO main 5733282] Scout.GotoCenter -> Scout.Query | return to random walk
[6 INFO main 5761556] Confirming: 1/8
[6 INFO main 5764340] Confirming: 2/8
[6 INFO main 5766595] Confirming: 3/8
[6 INFO main 5768660] Confirming: 4/8
[6 INFO main 5771028] Confirming: 6/8
[6 INFO main 5773117] Confirming: 7/8
[6 INFO main 5775220] Confirming: 8/8
[6 INFO main 6912535] Scout.Query -> Scout.GotoCenter | Drive to others reported pos
[6 INFO main 6929301] Scout.GotoCenter -> Scout.Query | return to random walk
[6 INFO main 6955957] Confirming: 2/8
[6 INFO main 6958055] Confirming: 3/8
[6 INFO main 6960130] Confirming: 4/8
[6 INFO main 6962217] Confirming: 5/8
[6 INFO main 6966392] Confirming: 7/8
[6 INFO main 6968460] Confirming: 8/8
[6 INFO main 6970027] Scout.Query -> Scout.GotoCenter | Drive to others reported pos
[6 INFO main 7014630] Scout.GotoCenter -> Scout.Query | return to random walk
[6 INFO main 7070098] Confirming: 1/8
[6 INFO main 7076614] Confirming: 5/8
[6 INFO main 7078679] Confirming: 6/8
[6 INFO main 7080713] Confirming: 7/8
[6 INFO main 7084788] Confirming: 9/8
