[INFO main 33] Initialising peer buffer...
[INFO main 33] Initialising resource buffer...
[INFO main 33] Initialising TCP server...
[INFO main 33] Initialising RandB board...
[INFO main 33] Initialising ground-sensors...
[INFO main 33] Initialising random-walk...
[INFO main 1361] --//-- Starting Experiment --//--
[INFO main 21479] Added resource: {"x": -0.33, "y": 0.92, "radius": 0.05, "quantity": 1, "quality": "blue", "timeStamp": 0}
[INFO main 40197] Added resource: {"x": -0.54, "y": 0.7, "radius": 0.06, "quantity": 1, "quality": "yellow", "timeStamp": 0}
[INFO main 94748] Removed resource: {"x": -0.54, "y": 0.7, "radius": 0.06, "quantity": 1, "quality": "yellow", "timeStamp": 0}
[INFO main 109159] Added resource: {"x": -0.43, "y": 1.07, "radius": 0.05, "quantity": 1, "quality": "red", "timeStamp": 0}
[INFO main 137292] Added resource: {"x": -0.16, "y": 0.64, "radius": 0.05, "quantity": 1, "quality": "green", "timeStamp": 0}
[INFO main 162610] Added resource: {"x": -0.23, "y": 0.94, "radius": 0.05, "quantity": 1, "quality": "blue", "timeStamp": 0}
[INFO main 190638] Added resource: {"x": -0.25, "y": 0.76, "radius": 0.06, "quantity": 1, "quality": "green", "timeStamp": 0}
[INFO main 217878] Removed resource: {"x": -0.23, "y": 0.94, "radius": 0.05, "quantity": 1, "quality": "blue", "timeStamp": 0}
[INFO main 222970] Added resource: {"x": -0.29, "y": 1.18, "radius": 0.05, "quantity": 1, "quality": "yellow", "timeStamp": 0}
[INFO main 258603] Added resource: {"x": 0.31, "y": -0.08, "radius": 0.05, "quantity": 1, "quality": "blue", "timeStamp": 0}
[INFO main 273516] Added resource: {"x": -0.38, "y": -0.07, "radius": 0.06, "quantity": 1, "quality": "yellow", "timeStamp": 0}
[INFO main 305647] Removed resource: {"x": -0.38, "y": -0.07, "radius": 0.06, "quantity": 1, "quality": "yellow", "timeStamp": 0}
[INFO main 351291] Removed resource: {"x": -0.29, "y": 1.18, "radius": 0.05, "quantity": 1, "quality": "yellow", "timeStamp": 0}
[INFO main 386129] Removed resource: {"x": 0.31, "y": -0.08, "radius": 0.05, "quantity": 1, "quality": "blue", "timeStamp": 0}
[INFO main 429976] Removed resource: {"x": -0.33, "y": 0.92, "radius": 0.05, "quantity": 1, "quality": "blue", "timeStamp": 0}
[INFO main 473130] Added resource: {"x": -0.85, "y": -0.02, "radius": 0.05, "quantity": 1, "quality": "red", "timeStamp": 0}
[INFO main 499563] Removed resource: {"x": -0.16, "y": 0.64, "radius": 0.05, "quantity": 1, "quality": "green", "timeStamp": 0}
[INFO main 517584] Removed resource: {"x": -0.25, "y": 0.76, "radius": 0.06, "quantity": 1, "quality": "green", "timeStamp": 0}
[INFO main 562938] Added resource: {"x": 0.17, "y": -1.09, "radius": 0.06, "quantity": 1, "quality": "green", "timeStamp": 0}
