[8 INFO main 30] Initialising Python Geth Console...
[8 INFO main 34] Initialising RandB board...
[8 INFO main 34] Initialising navigation...
[8 INFO main 34] Initialising random-walk...
[8 INFO main 34] Initialising odometry...
[8 INFO main 34] Initialising ground-sensors...
[8 INFO main 481] --//-- Starting Experiment --//--
[8 INFO main 1580] Idle.IDLE -> Scout.Query | Duration: 19.44
[8 INFO main 27318] Scout.Query -> Scout.GotoCenter | Drive to others reported pos
[8 INFO main 37329] Scout.GotoCenter -> Scout.Query | Back to normal
[8 INFO main 53150] Scout.Query -> Scout.GotoCenter | Drive to others reported pos
[8 INFO main 65562] Scout.GotoCenter -> Scout.Query | return to random walk
[8 INFO main 77788] Scout.Query -> Scout.GotoCenter | Drive to others reported pos
[8 INFO main 78386] Scout.GotoCenter -> Scout.Query | return to random walk
[8 INFO main 78788] Scout.Query -> Scout.GotoCenter | Drive to others reported pos
[8 INFO main 81788] Scout.GotoCenter -> Scout.Query | return to random walk
[8 INFO main 88197] Scout.Query -> Scout.GotoCenter | Drive to others reported pos
[8 INFO main 88704] Scout.GotoCenter -> Scout.Query | return to random walk
[8 INFO main 106624] Scout.Query -> Scout.GotoCenter | Drive to others reported pos
[8 INFO main 106722] Scout.GotoCenter -> Scout.Query | return to random walk
[8 INFO main 118440] Scout.Query -> Scout.GotoCenter | Drive to others reported pos
[8 INFO main 124343] Scout.GotoCenter -> Scout.Query | return to random walk
[8 INFO main 171007] Scout.Query -> Scout.GotoCenter | Drive to others reported pos
[8 INFO main 184520] Scout.GotoCenter -> Scout.Query | return to random walk
[8 INFO main 191631] Scout.Query -> Scout.GotoCenter | Drive to others reported pos
[8 INFO main 196936] Scout.GotoCenter -> Scout.Query | return to random walk
[8 INFO main 207052] Scout.Query -> Scout.GotoCenter | Drive to others reported pos
[8 INFO main 214961] Scout.GotoCenter -> Scout.Query | return to random walk
[8 INFO main 251007] Scout.Query -> Scout.GotoCenter | Drive to others reported pos
[8 INFO main 267726] Scout.GotoCenter -> Scout.Query | return to random walk
[8 INFO main 283151] Scout.Query -> Scout.GotoCenter | Drive to others reported pos
[8 INFO main 286452] Scout.GotoCenter -> Scout.Query | return to random walk
[8 INFO main 289356] Scout.Query -> Scout.GotoCenter | Drive to others reported pos
[8 INFO main 294761] Scout.GotoCenter -> Scout.Query | return to random walk
[8 INFO main 304579] Scout.Query -> Scout.GotoCenter | Drive to others reported pos
[8 INFO main 304880] Scout.GotoCenter -> Scout.Query | return to random walk
[8 INFO main 336824] Scout.Query -> Scout.GotoCenter | Drive to others reported pos
[8 INFO main 350537] Scout.GotoCenter -> Scout.Query | return to random walk
[8 INFO main 353244] Scout.Query -> Scout.GotoCenter | Drive to others reported pos
[8 INFO main 355941] Scout.GotoCenter -> Scout.Query | return to random walk
[8 INFO main 378271] Scout.Query -> Scout.GotoCenter | Drive to others reported pos
[8 INFO main 398698] Scout.GotoCenter -> Scout.Query | return to random walk
[8 INFO main 415223] Scout.Query -> Scout.GotoCenter | Drive to others reported pos
[8 INFO main 418224] Scout.GotoCenter -> Scout.Query | Back to normal
