[INFO main 27] Initialising peer buffer...
[INFO main 28] Initialising resource buffer...
[INFO main 28] Initialising TCP server...
[INFO main 28] Initialising RandB board...
[INFO main 28] Initialising ground-sensors...
[INFO main 28] Initialising random-walk...
[INFO main 1328] --//-- Starting Experiment --//--
[INFO main 36371] Added resource: {"x": 0.97, "y": 0.69, "radius": 0.05, "quantity": 1, "quality": "red", "timeStamp": 0}
[INFO main 54993] Added resource: {"x": 0.22, "y": 1.05, "radius": 0.05, "quantity": 1, "quality": "blue", "timeStamp": 0}
[INFO main 56596] Removed resource: {"x": 0.22, "y": 1.05, "radius": 0.05, "quantity": 1, "quality": "blue", "timeStamp": 0}
[INFO main 91837] Added resource: {"x": -0.53, "y": -0.3, "radius": 0.06, "quantity": 1, "quality": "green", "timeStamp": 0}
[INFO main 97545] Added resource: {"x": -0.27, "y": -0.26, "radius": 0.04, "quantity": 1, "quality": "green", "timeStamp": 0}
[INFO main 110660] Removed resource: {"x": -0.27, "y": -0.26, "radius": 0.04, "quantity": 1, "quality": "green", "timeStamp": 0}
[INFO main 123675] Added resource: {"x": -0.04, "y": -0.5, "radius": 0.05, "quantity": 1, "quality": "yellow", "timeStamp": 0}
[INFO main 138593] Removed resource: {"x": -0.04, "y": -0.5, "radius": 0.05, "quantity": 1, "quality": "yellow", "timeStamp": 0}
[INFO main 166728] Added resource: {"x": -0.28, "y": -0.71, "radius": 0.05, "quantity": 1, "quality": "yellow", "timeStamp": 0}
[INFO main 182148] Added resource: {"x": -0.11, "y": -0.39, "radius": 0.05, "quantity": 1, "quality": "green", "timeStamp": 0}
[INFO main 197666] Removed resource: {"x": -0.28, "y": -0.71, "radius": 0.05, "quantity": 1, "quality": "yellow", "timeStamp": 0}
[INFO main 266249] Removed resource: {"x": -0.11, "y": -0.39, "radius": 0.05, "quantity": 1, "quality": "green", "timeStamp": 0}
[INFO main 290473] Removed resource: {"x": -0.53, "y": -0.3, "radius": 0.06, "quantity": 1, "quality": "green", "timeStamp": 0}
[INFO main 328618] Removed resource: {"x": 0.97, "y": 0.69, "radius": 0.05, "quantity": 1, "quality": "red", "timeStamp": 0}
[INFO main 339831] Added resource: {"x": 1.07, "y": 0.99, "radius": 0.05, "quantity": 1, "quality": "blue", "timeStamp": 0}
[INFO main 461471] Added resource: {"x": -0.67, "y": -0.89, "radius": 0.05, "quantity": 1, "quality": "red", "timeStamp": 0}
[INFO main 590819] Removed resource: {"x": 1.07, "y": 0.99, "radius": 0.05, "quantity": 1, "quality": "blue", "timeStamp": 0}
