[8 INFO main 27] Initialising Python Geth Console...
[8 INFO main 32] Initialising RandB board...
[8 INFO main 32] Initialising navigation...
[8 INFO main 32] Initialising random-walk...
[8 INFO main 33] Initialising odometry...
[8 INFO main 33] Initialising ground-sensors...
[8 INFO main 792] --//-- Starting Experiment --//--
[8 INFO main 1892] Idle.IDLE -> Scout.Query | Duration: 17.95
[8 INFO main 10997] Scout.Query -> Scout.GotoCenter | Drive to others reported pos
[8 INFO main 30287] Scout.GotoCenter -> Scout.Query | return to random walk
[8 INFO main 60780] Scout.Query -> Scout.GotoCenter | Drive to others reported pos
[8 INFO main 83092] Scout.GotoCenter -> Scout.Query | return to random walk
[8 INFO main 184633] Scout.Query -> Scout.GotoCenter | Drive to others reported pos
[8 INFO main 226421] Scout.GotoCenter -> Scout.Query | return to random walk
[8 INFO main 251760] Scout.Query -> Scout.GotoCenter | Drive to others reported pos
[8 INFO main 282979] Scout.GotoCenter -> Scout.Query | return to random walk
[8 INFO main 328513] Scout.Query -> Scout.GotoCenter | Drive to others reported pos
[8 INFO main 391634] Scout.GotoCenter -> Scout.Query | return to random walk
[8 INFO main 427162] Scout.Query -> Scout.GotoCenter | Drive to others reported pos
[8 INFO main 461099] Scout.GotoCenter -> Scout.Query | return to random walk
[8 INFO main 501984] Scout.Query -> Scout.GotoCenter | Drive to others reported pos
[8 INFO main 551619] Scout.GotoCenter -> Scout.Query | return to random walk
[8 INFO main 582369] Scout.Query -> Scout.GotoCenter | Drive to others reported pos
[8 INFO main 606261] Scout.GotoCenter -> Scout.Query | return to random walk
[8 INFO main 631718] Scout.Query -> Scout.GotoCenter | Drive to others reported pos
[8 INFO main 704504] Scout.GotoCenter -> Scout.Query | return to random walk
[8 INFO main 745449] Scout.Query -> Scout.GotoCenter | Drive to others reported pos
[8 INFO main 791485] Scout.GotoCenter -> Scout.Query | return to random walk
[8 INFO main 832165] Scout.Query -> Scout.GotoCenter | Drive to others reported pos
[8 INFO main 879113] Scout.GotoCenter -> Scout.Query | return to random walk
[8 INFO main 925078] Scout.Query -> Scout.GotoCenter | Drive to others reported pos
[8 INFO main 956198] Scout.GotoCenter -> Scout.Query | return to random walk
[8 INFO main 986947] Scout.Query -> Scout.GotoCenter | Drive to others reported pos
[8 INFO main 1034555] Scout.GotoCenter -> Scout.Query | return to random walk
