[8 INFO main 27] Initialising Python Geth Console...
[8 INFO main 32] Initialising RandB board...
[8 INFO main 32] Initialising navigation...
[8 INFO main 32] Initialising random-walk...
[8 INFO main 32] Initialising odometry...
[8 INFO main 32] Initialising ground-sensors...
[8 INFO main 981] --//-- Starting Experiment --//--
[8 INFO main 2090] Idle.IDLE -> Scout.Query | Duration: 23.10
[8 INFO main 26408] Scout.Query -> Scout.GotoCenter | Drive to others reported pos
[8 INFO main 84626] Scout.GotoCenter -> Scout.Query | return to random walk
[8 INFO main 130267] Scout.Query -> Scout.GotoCenter | Drive to others reported pos
[8 INFO main 164680] Scout.GotoCenter -> Scout.Query | return to random walk
[8 INFO main 205062] Scout.Query -> Scout.GotoCenter | Drive to others reported pos
[8 INFO main 230539] Scout.GotoCenter -> Scout.Query | return to random walk
[8 INFO main 281946] Scout.Query -> Scout.GotoCenter | Drive to others reported pos
[8 INFO main 312131] Scout.GotoCenter -> Scout.Query | return to random walk
[8 INFO main 472682] Scout.Query -> Scout.GotoCenter | Drive to others reported pos
[8 INFO main 505295] Scout.GotoCenter -> Scout.Query | return to random walk
[8 INFO main 556131] Scout.Query -> Scout.GotoCenter | Drive to others reported pos
[8 INFO main 593789] Scout.GotoCenter -> Scout.Query | return to random walk
[8 INFO main 645256] Scout.Query -> Scout.GotoCenter | Drive to others reported pos
[8 INFO main 652338] Scout.GotoCenter -> Scout.Query | return to random walk
[8 INFO main 708219] Scout.Query -> Scout.GotoCenter | Drive to others reported pos
