[3 INFO main 34] Initialising Python Geth Console...
[3 INFO main 38] Initialising RandB board...
[3 INFO main 38] Initialising navigation...
[3 INFO main 38] Initialising random-walk...
[3 INFO main 38] Initialising odometry...
[3 INFO main 38] Initialising ground-sensors...
[3 INFO main 1163] --//-- Starting Experiment --//--
[3 INFO main 2265] Idle.IDLE -> Scout.Query | Duration: 22.26
[3 INFO main 26396] Scout.Query -> Scout.GotoCenter | Drive to others reported pos
[3 INFO main 55278] Scout.GotoCenter -> Scout.Query | return to random walk
[3 INFO main 88094] Confirming: 1/8
[3 INFO main 90105] Confirming: 2/8
[3 INFO main 92154] Confirming: 3/8
[3 INFO main 94259] Confirming: 4/8
[3 INFO main 96331] Confirming: 6/8
[3 INFO main 98342] Confirming: 7/8
[3 INFO main 100392] Confirming: 8/8
[3 INFO main 101382] Scout.Query -> Scout.GotoCenter | Drive to others reported pos
[3 INFO main 141186] Scout.GotoCenter -> Scout.Query | return to random walk
[3 INFO main 147450] Confirming: 1/8
[3 INFO main 149539] Confirming: 2/8
[3 INFO main 151590] Confirming: 3/8
[3 INFO main 153605] Confirming: 4/8
[3 INFO main 155675] Confirming: 5/8
[3 INFO main 157635] Confirming: 6/8
[3 INFO main 159759] Confirming: 7/8
[3 INFO main 161715] Confirming: 8/8
[3 INFO main 373718] Scout.Query -> Scout.GotoCenter | Drive to others reported pos
[3 INFO main 403151] Scout.GotoCenter -> Scout.Query | return to random walk
[3 INFO main 429883] Confirming: 1/8
[3 INFO main 431931] Confirming: 2/8
[3 INFO main 433971] Confirming: 3/8
[3 INFO main 436055] Confirming: 4/8
[3 INFO main 438067] Confirming: 5/8
[3 INFO main 440119] Confirming: 6/8
[3 INFO main 442190] Confirming: 7/8
[3 INFO main 444172] Confirming: 8/8
[3 INFO main 560349] Scout.Query -> Scout.GotoCenter | Drive to others reported pos
[3 INFO main 568571] Scout.GotoCenter -> Scout.Query | return to random walk
[3 INFO main 581079] Confirming: 1/8
[3 INFO main 583155] Confirming: 2/8
[3 INFO main 585235] Confirming: 3/8
[3 INFO main 587322] Confirming: 4/8
[3 INFO main 589375] Confirming: 5/8
[3 INFO main 591430] Confirming: 6/8
[3 INFO main 593426] Confirming: 7/8
[3 INFO main 595473] Confirming: 8/8
[3 INFO main 599036] Scout.Query -> Scout.GotoCenter | Drive to others reported pos
[3 INFO main 624337] Scout.GotoCenter -> Scout.Query | return to random walk
[3 INFO main 644963] Confirming: 4/8
[3 INFO main 677611] Confirming: 5/8
[3 INFO main 679657] Confirming: 6/8
[3 INFO main 693987] Confirming: 13/8
[3 INFO main 973728] Scout.Query -> Scout.GotoCenter | Drive to others reported pos
[3 INFO main 1000651] Scout.GotoCenter -> Scout.Query | return to random walk
[3 INFO main 1025166] Confirming: 1/8
[3 INFO main 1027219] Confirming: 2/8
[3 INFO main 1029307] Confirming: 3/8
[3 INFO main 1031391] Confirming: 4/8
[3 INFO main 1033458] Confirming: 5/8
[3 INFO main 1035535] Confirming: 6/8
[3 INFO main 1037591] Confirming: 7/8
[3 INFO main 1039635] Confirming: 8/8
[3 INFO main 1568741] Scout.Query -> Scout.GotoCenter | Drive to others reported pos
[3 INFO main 1606589] Scout.GotoCenter -> Scout.Query | return to random walk
[3 INFO main 1631371] Confirming: 1/8
[3 INFO main 1633471] Confirming: 2/8
[3 INFO main 1635503] Confirming: 3/8
[3 INFO main 1637554] Confirming: 4/8
[3 INFO main 1639590] Confirming: 6/8
[3 INFO main 1647826] Confirming: 10/8
[3 INFO main 1652565] Scout.Query -> Scout.GotoCenter | Drive to others reported pos
[3 INFO main 1658330] Scout.GotoCenter -> Scout.Query | return to random walk
[3 INFO main 1678951] Confirming: 1/8
[3 INFO main 1680959] Confirming: 2/8
[3 INFO main 1683011] Confirming: 3/8
[3 INFO main 1684986] Confirming: 4/8
[3 INFO main 1687114] Confirming: 5/8
[3 INFO main 1689191] Confirming: 6/8
[3 INFO main 1691271] Confirming: 7/8
[3 INFO main 1693367] Confirming: 9/8
[3 INFO main 1996471] Confirming: 1/8
[3 INFO main 1998519] Confirming: 2/8
[3 INFO main 2000546] Confirming: 3/8
[3 INFO main 2002607] Confirming: 4/8
[3 INFO main 2004679] Confirming: 5/8
[3 INFO main 2006730] Confirming: 6/8
[3 INFO main 2008767] Confirming: 7/8
[3 INFO main 2010842] Confirming: 8/8
[3 INFO main 2013424] Scout.Query -> Scout.GotoCenter | Drive to others reported pos
[3 INFO main 2039633] Scout.GotoCenter -> Scout.Query | return to random walk
[3 INFO main 2056176] Confirming: 1/8
[3 INFO main 2058246] Confirming: 2/8
[3 INFO main 2060271] Confirming: 3/8
[3 INFO main 2062275] Confirming: 4/8
[3 INFO main 2064350] Confirming: 5/8
[3 INFO main 2066443] Confirming: 6/8
[3 INFO main 2068494] Confirming: 7/8
[3 INFO main 2070530] Confirming: 8/8
[3 INFO main 2334532] Scout.Query -> Scout.GotoCenter | Drive to others reported pos
[3 INFO main 2358735] Scout.GotoCenter -> Scout.Query | return to random walk
[3 INFO main 2389599] Confirming: 1/8
[3 INFO main 2391750] Confirming: 2/8
[3 INFO main 2393671] Confirming: 3/8
[3 INFO main 2395873] Confirming: 4/8
[3 INFO main 2397906] Confirming: 5/8
[3 INFO main 2400039] Confirming: 6/8
[3 INFO main 2402107] Confirming: 7/8
[3 INFO main 2404191] Confirming: 8/8
[3 INFO main 2560664] Scout.Query -> Scout.GotoCenter | Drive to others reported pos
[3 INFO main 2612299] Scout.GotoCenter -> Scout.Query | return to random walk
[3 INFO main 2622647] Confirming: 1/8
[3 INFO main 2624683] Confirming: 3/8
[3 INFO main 2626795] Confirming: 4/8
[3 INFO main 2628886] Confirming: 5/8
[3 INFO main 2630929] Confirming: 6/8
[3 INFO main 2635102] Confirming: 8/8
[3 INFO main 2638217] Scout.Query -> Scout.GotoCenter | Drive to others reported pos
[3 INFO main 3169464] Scout.GotoCenter -> Scout.Query | return to random walk
[3 INFO main 3181907] Confirming: 1/8
[3 INFO main 3183955] Confirming: 2/8
[3 INFO main 3185958] Confirming: 3/8
[3 INFO main 3188059] Confirming: 4/8
[3 INFO main 3190122] Confirming: 5/8
[3 INFO main 3192321] Confirming: 6/8
[3 INFO main 3194535] Confirming: 7/8
[3 INFO main 3196575] Confirming: 8/8
