[5 INFO main 43] Initialising Python Geth Console...
[5 INFO main 46] Initialising RandB board...
[5 INFO main 46] Initialising navigation...
[5 INFO main 47] Initialising random-walk...
[5 INFO main 47] Initialising odometry...
[5 INFO main 47] Initialising ground-sensors...
[5 INFO main 1071] --//-- Starting Experiment --//--
[5 INFO main 2171] Idle.IDLE -> Scout.Query | Duration: 17.54
[5 INFO main 92892] Scout.Query -> Scout.GotoCenter | Drive to others reported pos
[5 INFO main 113013] Scout.GotoCenter -> Scout.Query | return to random walk
[5 INFO main 113516] Scout.Query -> Scout.GotoCenter | Drive to others reported pos
[5 INFO main 113814] Scout.GotoCenter -> Scout.Query | return to random walk
[5 INFO main 114518] Scout.Query -> Scout.GotoCenter | Drive to others reported pos
[5 INFO main 115918] Scout.GotoCenter -> Scout.Query | return to random walk
[5 INFO main 116618] Scout.Query -> Scout.GotoCenter | Drive to others reported pos
[5 INFO main 117021] Scout.GotoCenter -> Scout.Query | return to random walk
[5 INFO main 117619] Scout.Query -> Scout.GotoCenter | Drive to others reported pos
[5 INFO main 119124] Scout.GotoCenter -> Scout.Query | return to random walk
[5 INFO main 119626] Scout.Query -> Scout.GotoCenter | Drive to others reported pos
[5 INFO main 120224] Scout.GotoCenter -> Scout.Query | return to random walk
[5 INFO main 120724] Scout.Query -> Scout.GotoCenter | Drive to others reported pos
[5 INFO main 121024] Scout.GotoCenter -> Scout.Query | return to random walk
[5 INFO main 121726] Scout.Query -> Scout.GotoCenter | Drive to others reported pos
[5 INFO main 121824] Scout.GotoCenter -> Scout.Query | return to random walk
[5 INFO main 122727] Scout.Query -> Scout.GotoCenter | Drive to others reported pos
[5 INFO main 123227] Scout.GotoCenter -> Scout.Query | return to random walk
[5 INFO main 123829] Scout.Query -> Scout.GotoCenter | Drive to others reported pos
[5 INFO main 123923] Scout.GotoCenter -> Scout.Query | return to random walk
[5 INFO main 124829] Scout.Query -> Scout.GotoCenter | Drive to others reported pos
[5 INFO main 125028] Scout.GotoCenter -> Scout.Query | return to random walk
[5 INFO main 125830] Scout.Query -> Scout.GotoCenter | Drive to others reported pos
[5 INFO main 127032] Scout.GotoCenter -> Scout.Query | return to random walk
[5 INFO main 127832] Scout.Query -> Scout.GotoCenter | Drive to others reported pos
[5 INFO main 128636] Scout.GotoCenter -> Scout.Query | return to random walk
[5 INFO main 128834] Scout.Query -> Scout.GotoCenter | Drive to others reported pos
[5 INFO main 130235] Scout.GotoCenter -> Scout.Query | return to random walk
[5 INFO main 130837] Scout.Query -> Scout.GotoCenter | Drive to others reported pos
[5 INFO main 132339] Scout.GotoCenter -> Scout.Query | return to random walk
[5 INFO main 132839] Scout.Query -> Scout.GotoCenter | Drive to others reported pos
[5 INFO main 133335] Scout.GotoCenter -> Scout.Query | return to random walk
[5 INFO main 133942] Scout.Query -> Scout.GotoCenter | Drive to others reported pos
[5 INFO main 134440] Scout.GotoCenter -> Scout.Query | return to random walk
[5 INFO main 135043] Scout.Query -> Scout.GotoCenter | Drive to others reported pos
[5 INFO main 135246] Scout.GotoCenter -> Scout.Query | return to random walk
[5 INFO main 136044] Scout.Query -> Scout.GotoCenter | Drive to others reported pos
[5 INFO main 136442] Scout.GotoCenter -> Scout.Query | return to random walk
[5 INFO main 137045] Scout.Query -> Scout.GotoCenter | Drive to others reported pos
[5 INFO main 137145] Scout.GotoCenter -> Scout.Query | return to random walk
[5 INFO main 138148] Scout.Query -> Scout.GotoCenter | Drive to others reported pos
[5 INFO main 138246] Scout.GotoCenter -> Scout.Query | return to random walk
[5 INFO main 139149] Scout.Query -> Scout.GotoCenter | Drive to others reported pos
[5 INFO main 139248] Scout.GotoCenter -> Scout.Query | return to random walk
[5 INFO main 140149] Scout.Query -> Scout.GotoCenter | Drive to others reported pos
[5 INFO main 140850] Scout.GotoCenter -> Scout.Query | return to random walk
[5 INFO main 141150] Scout.Query -> Scout.GotoCenter | Drive to others reported pos
[5 INFO main 141248] Scout.GotoCenter -> Scout.Query | return to random walk
[5 INFO main 142151] Scout.Query -> Scout.GotoCenter | Drive to others reported pos
[5 INFO main 142249] Scout.GotoCenter -> Scout.Query | return to random walk
[5 INFO main 143154] Scout.Query -> Scout.GotoCenter | Drive to others reported pos
[5 INFO main 143354] Scout.GotoCenter -> Scout.Query | return to random walk
[5 INFO main 144254] Scout.Query -> Scout.GotoCenter | Drive to others reported pos
[5 INFO main 145052] Scout.GotoCenter -> Scout.Query | return to random walk
[5 INFO main 145353] Scout.Query -> Scout.GotoCenter | Drive to others reported pos
[5 INFO main 145654] Scout.GotoCenter -> Scout.Query | return to random walk
[5 INFO main 146354] Scout.Query -> Scout.GotoCenter | Drive to others reported pos
[5 INFO main 147458] Scout.GotoCenter -> Scout.Query | return to random walk
[5 INFO main 148359] Scout.Query -> Scout.GotoCenter | Drive to others reported pos
[5 INFO main 148657] Scout.GotoCenter -> Scout.Query | return to random walk
[5 INFO main 149360] Scout.Query -> Scout.GotoCenter | Drive to others reported pos
[5 INFO main 149558] Scout.GotoCenter -> Scout.Query | return to random walk
[5 INFO main 150361] Scout.Query -> Scout.GotoCenter | Drive to others reported pos
[5 INFO main 150761] Scout.GotoCenter -> Scout.Query | return to random walk
[5 INFO main 151462] Scout.Query -> Scout.GotoCenter | Drive to others reported pos
[5 INFO main 151563] Scout.GotoCenter -> Scout.Query | return to random walk
[5 INFO main 152463] Scout.Query -> Scout.GotoCenter | Drive to others reported pos
[5 INFO main 152763] Scout.GotoCenter -> Scout.Query | return to random walk
[5 INFO main 153465] Scout.Query -> Scout.GotoCenter | Drive to others reported pos
[5 INFO main 154864] Scout.GotoCenter -> Scout.Query | return to random walk
[5 INFO main 155466] Scout.Query -> Scout.GotoCenter | Drive to others reported pos
[5 INFO main 155570] Scout.GotoCenter -> Scout.Query | return to random walk
[5 INFO main 156468] Scout.Query -> Scout.GotoCenter | Drive to others reported pos
[5 INFO main 156572] Scout.GotoCenter -> Scout.Query | return to random walk
[5 INFO main 157574] Scout.Query -> Scout.GotoCenter | Drive to others reported pos
[5 INFO main 157668] Scout.GotoCenter -> Scout.Query | return to random walk
