[14 INFO main 29] Initialising Python Geth Console...
[14 INFO main 32] Initialising RandB board...
[14 INFO main 32] Initialising navigation...
[14 INFO main 32] Initialising random-walk...
[14 INFO main 32] Initialising odometry...
[14 INFO main 32] Initialising ground-sensors...
[14 INFO main 195] --//-- Starting Experiment --//--
[14 INFO main 1292] Idle.IDLE -> Scout.Query | Duration: 23.25
[14 INFO main 46020] Scout.Query -> Scout.GotoCenter | Drive to others reported pos
[14 INFO main 147391] Scout.GotoCenter -> Scout.Query | return to random walk
[14 INFO main 172233] Confirming: 1/8
[14 INFO main 174313] Confirming: 2/8
[14 INFO main 176333] Confirming: 3/8
[14 INFO main 178428] Confirming: 4/8
[14 INFO main 180464] Confirming: 5/8
[14 INFO main 182525] Confirming: 6/8
[14 INFO main 184617] Confirming: 7/8
[14 INFO main 186708] Confirming: 8/8
[14 INFO main 188084] Scout.Query -> Scout.GotoCenter | Drive to others reported pos
[14 INFO main 226972] Scout.GotoCenter -> Scout.Query | return to random walk
[14 INFO main 261949] Confirming: 1/8
[14 INFO main 264041] Confirming: 2/8
[14 INFO main 266069] Confirming: 3/8
[14 INFO main 268165] Confirming: 4/8
[14 INFO main 270197] Confirming: 5/8
[14 INFO main 272289] Confirming: 6/8
[14 INFO main 274436] Confirming: 7/8
[14 INFO main 276488] Confirming: 8/8
[14 INFO main 277781] Scout.Query -> Scout.GotoCenter | Drive to others reported pos
[14 INFO main 325489] Scout.GotoCenter -> Scout.Query | return to random walk
[14 INFO main 337975] Confirming: 1/8
[14 INFO main 340016] Confirming: 2/8
[14 INFO main 342117] Confirming: 3/8
[14 INFO main 344157] Confirming: 4/8
[14 INFO main 346217] Confirming: 5/8
[14 INFO main 348229] Confirming: 6/8
[14 INFO main 350289] Confirming: 7/8
[14 INFO main 352388] Confirming: 8/8
[14 INFO main 355938] Scout.Query -> Scout.GotoCenter | Drive to others reported pos
[14 INFO main 370311] Scout.GotoCenter -> Scout.Query | return to random walk
[14 INFO main 413988] Confirming: 1/8
[14 INFO main 416028] Confirming: 2/8
[14 INFO main 418029] Confirming: 3/8
[14 INFO main 420080] Confirming: 4/8
[14 INFO main 422016] Confirming: 5/8
[14 INFO main 424237] Confirming: 6/8
[14 INFO main 426301] Confirming: 7/8
[14 INFO main 430462] Confirming: 8/8
[14 INFO main 431298] Scout.Query -> Scout.GotoCenter | Drive to others reported pos
[14 INFO main 522142] Scout.GotoCenter -> Scout.Query | return to random walk
[14 INFO main 536947] Confirming: 1/8
[14 INFO main 545093] Confirming: 2/8
[14 INFO main 547365] Confirming: 4/8
[14 INFO main 551573] Confirming: 5/8
[14 INFO main 553620] Confirming: 6/8
[14 INFO main 555656] Confirming: 7/8
[14 INFO main 557704] Confirming: 8/8
[14 INFO main 557811] Scout.Query -> Scout.GotoCenter | Drive to others reported pos
[14 INFO main 664346] Scout.GotoCenter -> Scout.Query | return to random walk
[14 INFO main 699461] Confirming: 1/8
[14 INFO main 701553] Confirming: 2/8
[14 INFO main 703637] Confirming: 3/8
[14 INFO main 705645] Confirming: 4/8
[14 INFO main 716044] Confirming: 8/8
