[7 INFO main 34] Initialising Python Geth Console...
[7 INFO main 38] Initialising RandB board...
[7 INFO main 39] Initialising navigation...
[7 INFO main 39] Initialising random-walk...
[7 INFO main 39] Initialising odometry...
[7 INFO main 39] Initialising ground-sensors...
[7 INFO main 845] --//-- Starting Experiment --//--
[7 INFO main 1949] Idle.IDLE -> Scout.Query | Duration: 20.06
[7 INFO main 41453] Scout.Query -> Scout.GotoCenter | Drive to others reported pos
[7 INFO main 58462] Scout.GotoCenter -> Scout.Query | return to random walk
[7 INFO main 91343] Confirming: 1/8
[7 INFO main 93371] Confirming: 2/8
[7 INFO main 95426] Confirming: 3/8
[7 INFO main 97431] Confirming: 4/8
[7 INFO main 99530] Confirming: 6/8
[7 INFO main 103648] Confirming: 8/8
[7 INFO main 104094] Scout.Query -> Scout.GotoCenter | Drive to others reported pos
[7 INFO main 131267] Scout.GotoCenter -> Scout.Query | return to random walk
[7 INFO main 151852] Confirming: 2/8
[7 INFO main 153952] Confirming: 3/8
[7 INFO main 156011] Confirming: 4/8
[7 INFO main 158016] Confirming: 5/8
[7 INFO main 162047] Confirming: 7/8
[7 INFO main 164059] Confirming: 8/8
[7 INFO main 167446] Scout.Query -> Scout.GotoCenter | Drive to others reported pos
[7 INFO main 197931] Scout.GotoCenter -> Scout.Query | return to random walk
[7 INFO main 210312] Confirming: 1/8
[7 INFO main 212354] Confirming: 2/8
[7 INFO main 214447] Confirming: 3/8
[7 INFO main 218524] Confirming: 5/8
[7 INFO main 220536] Confirming: 6/8
[7 INFO main 222572] Confirming: 7/8
[7 INFO main 224624] Confirming: 8/8
[7 INFO main 228758] Scout.Query -> Scout.GotoCenter | Drive to others reported pos
[7 INFO main 252634] Scout.GotoCenter -> Scout.Query | return to random walk
[7 INFO main 322300] Confirming: 1/8
[7 INFO main 324429] Confirming: 2/8
[7 INFO main 328487] Confirming: 3/8
[7 INFO main 330568] Confirming: 4/8
[7 INFO main 334644] Confirming: 5/8
[7 INFO main 336728] Confirming: 6/8
[7 INFO main 348972] Confirming: 11/8
[7 INFO main 404472] Scout.Query -> Scout.GotoCenter | Drive to others reported pos
[7 INFO main 431016] Scout.GotoCenter -> Scout.Query | return to random walk
[7 INFO main 455620] Confirming: 1/8
[7 INFO main 457671] Confirming: 2/8
[7 INFO main 461716] Confirming: 4/8
[7 INFO main 463795] Confirming: 5/8
[7 INFO main 465892] Confirming: 6/8
[7 INFO main 468000] Confirming: 7/8
[7 INFO main 472180] Confirming: 9/8
[7 INFO main 593114] Scout.Query -> Scout.GotoCenter | Drive to others reported pos
[7 INFO main 623962] Scout.GotoCenter -> Scout.Query | return to random walk
[7 INFO main 652812] Confirming: 1/8
[7 INFO main 654892] Confirming: 2/8
[7 INFO main 656972] Confirming: 3/8
[7 INFO main 658972] Confirming: 4/8
[7 INFO main 665071] Confirming: 7/8
[7 INFO main 667104] Confirming: 8/8
[7 INFO main 670191] Scout.Query -> Scout.GotoCenter | Drive to others reported pos
[7 INFO main 700768] Scout.GotoCenter -> Scout.Query | return to random walk
[7 INFO main 713035] Confirming: 1/8
[7 INFO main 715113] Confirming: 2/8
[7 INFO main 717131] Confirming: 3/8
[7 INFO main 719080] Confirming: 4/8
[7 INFO main 721375] Confirming: 5/8
[7 INFO main 723492] Confirming: 6/8
[7 INFO main 725540] Confirming: 7/8
[7 INFO main 727604] Confirming: 8/8
[7 INFO main 857648] Scout.Query -> Scout.GotoCenter | Drive to others reported pos
[7 INFO main 901512] Scout.GotoCenter -> Scout.Query | return to random walk
[7 INFO main 924368] Confirming: 1/8
[7 INFO main 928399] Confirming: 3/8
[7 INFO main 932527] Confirming: 5/8
[7 INFO main 934676] Confirming: 6/8
[7 INFO main 938879] Confirming: 8/8
[7 INFO main 942039] Scout.Query -> Scout.GotoCenter | Drive to others reported pos
[7 INFO main 969549] Scout.GotoCenter -> Scout.Query | return to random walk
[7 INFO main 986074] Confirming: 1/8
[7 INFO main 988091] Confirming: 3/8
[7 INFO main 990164] Confirming: 4/8
[7 INFO main 994331] Confirming: 5/8
[7 INFO main 996347] Confirming: 6/8
[7 INFO main 998424] Confirming: 8/8
[7 INFO main 1000227] Scout.Query -> Scout.GotoCenter | Drive to others reported pos
[7 INFO main 1014585] Scout.GotoCenter -> Scout.Query | return to random walk
[7 INFO main 1045598] Confirming: 1/8
[7 INFO main 1047767] Confirming: 2/8
[7 INFO main 1049848] Confirming: 3/8
[7 INFO main 1051912] Confirming: 4/8
[7 INFO main 1053944] Confirming: 5/8
[7 INFO main 1055994] Confirming: 6/8
[7 INFO main 1058092] Confirming: 7/8
[7 INFO main 1060144] Confirming: 9/8
[7 INFO main 1060288] Scout.Query -> Scout.GotoCenter | Drive to others reported pos
[7 INFO main 1082505] Scout.GotoCenter -> Scout.Query | return to random walk
[7 INFO main 1088732] Confirming: 1/8
[7 INFO main 1092856] Confirming: 3/8
[7 INFO main 1094923] Confirming: 4/8
[7 INFO main 1097018] Confirming: 5/8
[7 INFO main 1099038] Confirming: 6/8
[7 INFO main 1101080] Confirming: 7/8
[7 INFO main 1103341] Confirming: 8/8
[7 INFO main 1107945] Scout.Query -> Scout.GotoCenter | Drive to others reported pos
[7 INFO main 1124960] Scout.GotoCenter -> Scout.Query | return to random walk
[7 INFO main 1135371] Confirming: 1/8
[7 INFO main 1137464] Confirming: 2/8
[7 INFO main 1139492] Confirming: 3/8
[7 INFO main 1155844] Confirming: 6/8
[7 INFO main 1172363] Confirming: 10/8
[7 INFO main 1227607] Confirming: 1/8
[7 INFO main 1231733] Confirming: 2/8
[7 INFO main 1233824] Confirming: 3/8
[7 INFO main 1235868] Confirming: 4/8
[7 INFO main 1237976] Confirming: 5/8
[7 INFO main 1240024] Confirming: 6/8
[7 INFO main 1242076] Confirming: 7/8
[7 INFO main 1244131] Confirming: 8/8
[7 INFO main 1246782] Scout.Query -> Scout.GotoCenter | Drive to others reported pos
[7 INFO main 1254724] Scout.GotoCenter -> Scout.Query | return to random walk
[7 INFO main 1261014] Confirming: 2/8
[7 INFO main 1263048] Confirming: 3/8
[7 INFO main 1265087] Confirming: 4/8
[7 INFO main 1269144] Confirming: 5/8
[7 INFO main 1271180] Confirming: 6/8
[7 INFO main 1273272] Confirming: 8/8
[7 INFO main 1295674] Scout.Query -> Scout.GotoCenter | Drive to others reported pos
[7 INFO main 1309339] Scout.GotoCenter -> Scout.Query | return to random walk
[7 INFO main 1319656] Confirming: 1/8
[7 INFO main 1321716] Confirming: 2/8
[7 INFO main 1323803] Confirming: 3/8
[7 INFO main 1325876] Confirming: 4/8
[7 INFO main 1327964] Confirming: 5/8
[7 INFO main 1330032] Confirming: 6/8
[7 INFO main 1332100] Confirming: 7/8
[7 INFO main 1334304] Confirming: 8/8
[7 INFO main 1335022] Scout.Query -> Scout.GotoCenter | Drive to others reported pos
[7 INFO main 1335641] Scout.GotoCenter -> Scout.Query | return to random walk
[7 INFO main 1350173] Confirming: 2/8
[7 INFO main 1352275] Confirming: 3/8
[7 INFO main 1354280] Confirming: 4/8
[7 INFO main 1356299] Confirming: 5/8
[7 INFO main 1360543] Confirming: 6/8
[7 INFO main 1362636] Confirming: 8/8
[7 INFO main 1934240] Confirming: 2/8
[7 INFO main 1938299] Confirming: 4/8
[7 INFO main 1940359] Confirming: 5/8
[7 INFO main 1942388] Confirming: 6/8
[7 INFO main 1944419] Confirming: 7/8
[7 INFO main 1946447] Confirming: 9/8
[7 INFO main 2103390] Scout.Query -> Scout.GotoCenter | Drive to others reported pos
[7 INFO main 2136924] Scout.GotoCenter -> Scout.Query | return to random walk
[7 INFO main 2155397] Confirming: 1/8
[7 INFO main 2159536] Confirming: 3/8
[7 INFO main 2161503] Confirming: 4/8
[7 INFO main 2163712] Confirming: 5/8
[7 INFO main 2165812] Confirming: 6/8
[7 INFO main 2167836] Confirming: 7/8
[7 INFO main 2169848] Confirming: 8/8
[7 INFO main 2172935] Scout.Query -> Scout.GotoCenter | Drive to others reported pos
[7 INFO main 2186252] Scout.GotoCenter -> Scout.Query | return to random walk
[7 INFO main 2202743] Confirming: 1/8
[7 INFO main 2204759] Confirming: 2/8
[7 INFO main 2206808] Confirming: 3/8
[7 INFO main 2208828] Confirming: 4/8
[7 INFO main 2213063] Confirming: 6/8
[7 INFO main 2215160] Confirming: 7/8
[7 INFO main 2217180] Confirming: 8/8
[7 INFO main 2374021] Scout.Query -> Scout.GotoCenter | Drive to others reported pos
[7 INFO main 2402067] Scout.GotoCenter -> Scout.Query | return to random walk
[7 INFO main 2433019] Confirming: 2/8
[7 INFO main 2435060] Confirming: 3/8
[7 INFO main 2437068] Confirming: 4/8
[7 INFO main 2439156] Confirming: 5/8
[7 INFO main 2441219] Confirming: 6/8
[7 INFO main 2443275] Confirming: 7/8
[7 INFO main 2445364] Confirming: 8/8
[7 INFO main 2448138] Scout.Query -> Scout.GotoCenter | Drive to others reported pos
[7 INFO main 2470094] Scout.GotoCenter -> Scout.Query | return to random walk
[7 INFO main 2492959] Confirming: 1/8
[7 INFO main 2495019] Confirming: 3/8
[7 INFO main 2497047] Confirming: 4/8
[7 INFO main 2501059] Confirming: 6/8
[7 INFO main 2503209] Confirming: 7/8
[7 INFO main 2507260] Confirming: 8/8
[7 INFO main 2510901] Scout.Query -> Scout.GotoCenter | Drive to others reported pos
[7 INFO main 2528903] Scout.GotoCenter -> Scout.Query | return to random walk
[7 INFO main 2546003] Confirming: 1/8
[7 INFO main 2548091] Confirming: 2/8
[7 INFO main 2550139] Confirming: 3/8
[7 INFO main 2552152] Confirming: 4/8
[7 INFO main 2556308] Confirming: 6/8
[7 INFO main 2558307] Confirming: 7/8
[7 INFO main 2560371] Confirming: 8/8
[7 INFO main 2759332] Confirming: 1/8
[7 INFO main 2798240] Confirming: 3/8
[7 INFO main 2800309] Confirming: 4/8
[7 INFO main 2802413] Confirming: 5/8
[7 INFO main 2804447] Confirming: 6/8
[7 INFO main 2806520] Confirming: 7/8
[7 INFO main 2808544] Confirming: 8/8
[7 INFO main 2811965] Scout.Query -> Scout.GotoCenter | Drive to others reported pos
[7 INFO main 2832902] Scout.GotoCenter -> Scout.Query | return to random walk
[7 INFO main 2855804] Confirming: 1/8
[7 INFO main 2858007] Confirming: 2/8
[7 INFO main 2860080] Confirming: 4/8
[7 INFO main 2864147] Confirming: 6/8
[7 INFO main 2866232] Confirming: 7/8
[7 INFO main 2868245] Confirming: 8/8
[7 INFO main 2995834] Scout.Query -> Scout.GotoCenter | Drive to others reported pos
[7 INFO main 3028860] Scout.GotoCenter -> Scout.Query | return to random walk
[7 INFO main 3043207] Confirming: 1/8
[7 INFO main 3045295] Confirming: 2/8
[7 INFO main 3047307] Confirming: 3/8
[7 INFO main 3049387] Confirming: 4/8
[7 INFO main 3051471] Confirming: 5/8
[7 INFO main 3053480] Confirming: 6/8
[7 INFO main 3055543] Confirming: 7/8
[7 INFO main 3057607] Confirming: 8/8
[7 INFO main 3059451] Scout.Query -> Scout.GotoCenter | Drive to others reported pos
[7 INFO main 3068793] Scout.GotoCenter -> Scout.Query | return to random walk
[7 INFO main 3103707] Confirming: 1/8
[7 INFO main 3116000] Confirming: 7/8
[7 INFO main 3118169] Confirming: 8/8
