[5 INFO main 29] Initialising Python Geth Console...
[5 INFO main 33] Initialising RandB board...
[5 INFO main 33] Initialising navigation...
[5 INFO main 33] Initialising random-walk...
[5 INFO main 33] Initialising odometry...
[5 INFO main 33] Initialising ground-sensors...
[5 INFO main 824] --//-- Starting Experiment --//--
[5 INFO main 1924] Idle.IDLE -> Scout.Query | Duration: 18.58
[5 INFO main 48687] Scout.Query -> Scout.GotoCenter | Drive to others reported pos
[5 INFO main 49187] Scout.GotoCenter -> Scout.Query | return to random walk
[5 INFO main 49688] Scout.Query -> Scout.GotoCenter | Drive to others reported pos
[5 INFO main 49987] Scout.GotoCenter -> Scout.Query | return to random walk
[5 INFO main 50689] Scout.Query -> Scout.GotoCenter | Drive to others reported pos
[5 INFO main 52093] Scout.GotoCenter -> Scout.Query | return to random walk
[5 INFO main 52692] Scout.Query -> Scout.GotoCenter | Drive to others reported pos
[5 INFO main 53590] Scout.GotoCenter -> Scout.Query | return to random walk
[5 INFO main 53696] Scout.Query -> Scout.GotoCenter | Drive to others reported pos
[5 INFO main 54492] Scout.GotoCenter -> Scout.Query | return to random walk
[5 INFO main 54697] Scout.Query -> Scout.GotoCenter | Drive to others reported pos
[5 INFO main 54993] Scout.GotoCenter -> Scout.Query | return to random walk
[5 INFO main 55698] Scout.Query -> Scout.GotoCenter | Drive to others reported pos
[5 INFO main 56295] Scout.GotoCenter -> Scout.Query | return to random walk
[5 INFO main 56699] Scout.Query -> Scout.GotoCenter | Drive to others reported pos
[5 INFO main 57597] Scout.GotoCenter -> Scout.Query | return to random walk
[5 INFO main 57700] Scout.Query -> Scout.GotoCenter | Drive to others reported pos
[5 INFO main 57896] Scout.GotoCenter -> Scout.Query | return to random walk
[5 INFO main 58702] Scout.Query -> Scout.GotoCenter | Drive to others reported pos
[5 INFO main 58797] Scout.GotoCenter -> Scout.Query | return to random walk
[5 INFO main 59703] Scout.Query -> Scout.GotoCenter | Drive to others reported pos
[5 INFO main 60205] Scout.GotoCenter -> Scout.Query | return to random walk
[5 INFO main 60703] Scout.Query -> Scout.GotoCenter | Drive to others reported pos
[5 INFO main 60901] Scout.GotoCenter -> Scout.Query | return to random walk
[5 INFO main 61705] Scout.Query -> Scout.GotoCenter | Drive to others reported pos
[5 INFO main 64007] Scout.GotoCenter -> Scout.Query | return to random walk
[5 INFO main 64709] Scout.Query -> Scout.GotoCenter | Drive to others reported pos
[5 INFO main 66310] Scout.GotoCenter -> Scout.Query | return to random walk
[5 INFO main 66712] Scout.Query -> Scout.GotoCenter | Drive to others reported pos
[5 INFO main 66909] Scout.GotoCenter -> Scout.Query | return to random walk
[5 INFO main 67713] Scout.Query -> Scout.GotoCenter | Drive to others reported pos
[5 INFO main 68112] Scout.GotoCenter -> Scout.Query | return to random walk
[5 INFO main 68715] Scout.Query -> Scout.GotoCenter | Drive to others reported pos
[5 INFO main 68912] Scout.GotoCenter -> Scout.Query | return to random walk
[5 INFO main 69717] Scout.Query -> Scout.GotoCenter | Drive to others reported pos
[5 INFO main 70310] Scout.GotoCenter -> Scout.Query | return to random walk
[5 INFO main 70718] Scout.Query -> Scout.GotoCenter | Drive to others reported pos
[5 INFO main 70917] Scout.GotoCenter -> Scout.Query | return to random walk
[5 INFO main 71719] Scout.Query -> Scout.GotoCenter | Drive to others reported pos
[5 INFO main 71817] Scout.GotoCenter -> Scout.Query | return to random walk
[5 INFO main 72721] Scout.Query -> Scout.GotoCenter | Drive to others reported pos
[5 INFO main 74121] Scout.GotoCenter -> Scout.Query | return to random walk
[5 INFO main 74723] Scout.Query -> Scout.GotoCenter | Drive to others reported pos
[5 INFO main 75723] Scout.GotoCenter -> Scout.Query | return to random walk
[5 INFO main 76726] Scout.Query -> Scout.GotoCenter | Drive to others reported pos
[5 INFO main 77125] Scout.GotoCenter -> Scout.Query | return to random walk
[5 INFO main 77727] Scout.Query -> Scout.GotoCenter | Drive to others reported pos
[5 INFO main 78227] Scout.GotoCenter -> Scout.Query | return to random walk
[5 INFO main 78728] Scout.Query -> Scout.GotoCenter | Drive to others reported pos
[5 INFO main 78926] Scout.GotoCenter -> Scout.Query | return to random walk
[5 INFO main 79729] Scout.Query -> Scout.GotoCenter | Drive to others reported pos
[5 INFO main 80030] Scout.GotoCenter -> Scout.Query | return to random walk
[5 INFO main 80729] Scout.Query -> Scout.GotoCenter | Drive to others reported pos
[5 INFO main 80828] Scout.GotoCenter -> Scout.Query | return to random walk
[5 INFO main 81730] Scout.Query -> Scout.GotoCenter | Drive to others reported pos
[5 INFO main 82130] Scout.GotoCenter -> Scout.Query | return to random walk
[5 INFO main 82833] Scout.Query -> Scout.GotoCenter | Drive to others reported pos
[5 INFO main 83832] Scout.GotoCenter -> Scout.Query | return to random walk
[5 INFO main 83933] Scout.Query -> Scout.GotoCenter | Drive to others reported pos
[5 INFO main 86138] Scout.GotoCenter -> Scout.Query | return to random walk
[5 INFO main 87037] Scout.Query -> Scout.GotoCenter | Drive to others reported pos
[5 INFO main 87336] Scout.GotoCenter -> Scout.Query | return to random walk
[5 INFO main 88138] Scout.Query -> Scout.GotoCenter | Drive to others reported pos
[5 INFO main 88739] Scout.GotoCenter -> Scout.Query | return to random walk
[5 INFO main 89140] Scout.Query -> Scout.GotoCenter | Drive to others reported pos
[5 INFO main 89240] Scout.GotoCenter -> Scout.Query | return to random walk
[5 INFO main 90243] Scout.Query -> Scout.GotoCenter | Drive to others reported pos
[5 INFO main 90641] Scout.GotoCenter -> Scout.Query | return to random walk
[5 INFO main 91243] Scout.Query -> Scout.GotoCenter | Drive to others reported pos
[5 INFO main 92142] Scout.GotoCenter -> Scout.Query | return to random walk
[5 INFO main 92244] Scout.Query -> Scout.GotoCenter | Drive to others reported pos
[5 INFO main 92543] Scout.GotoCenter -> Scout.Query | return to random walk
[5 INFO main 93245] Scout.Query -> Scout.GotoCenter | Drive to others reported pos
[5 INFO main 94145] Scout.GotoCenter -> Scout.Query | return to random walk
[5 INFO main 94246] Scout.Query -> Scout.GotoCenter | Drive to others reported pos
[5 INFO main 94646] Scout.GotoCenter -> Scout.Query | return to random walk
[5 INFO main 95344] Scout.Query -> Scout.GotoCenter | Drive to others reported pos
[5 INFO main 95648] Scout.GotoCenter -> Scout.Query | return to random walk
[5 INFO main 96346] Scout.Query -> Scout.GotoCenter | Drive to others reported pos
[5 INFO main 96448] Scout.GotoCenter -> Scout.Query | return to random walk
[5 INFO main 97450] Scout.Query -> Scout.GotoCenter | Drive to others reported pos
[5 INFO main 99250] Scout.GotoCenter -> Scout.Query | return to random walk
[5 INFO main 99555] Scout.Query -> Scout.GotoCenter | Drive to others reported pos
[5 INFO main 99750] Scout.GotoCenter -> Scout.Query | return to random walk
[5 INFO main 100655] Scout.Query -> Scout.GotoCenter | Drive to others reported pos
[5 INFO main 101353] Scout.GotoCenter -> Scout.Query | return to random walk
[5 INFO main 101755] Scout.Query -> Scout.GotoCenter | Drive to others reported pos
[5 INFO main 101853] Scout.GotoCenter -> Scout.Query | return to random walk
[5 INFO main 102755] Scout.Query -> Scout.GotoCenter | Drive to others reported pos
[5 INFO main 102956] Scout.GotoCenter -> Scout.Query | return to random walk
[5 INFO main 103757] Scout.Query -> Scout.GotoCenter | Drive to others reported pos
[5 INFO main 105958] Scout.GotoCenter -> Scout.Query | return to random walk
[5 INFO main 106861] Scout.Query -> Scout.GotoCenter | Drive to others reported pos
[5 INFO main 106959] Scout.GotoCenter -> Scout.Query | return to random walk
[5 INFO main 107961] Scout.Query -> Scout.GotoCenter | Drive to others reported pos
[5 INFO main 108260] Scout.GotoCenter -> Scout.Query | return to random walk
[5 INFO main 109062] Scout.Query -> Scout.GotoCenter | Drive to others reported pos
[5 INFO main 109858] Scout.GotoCenter -> Scout.Query | return to random walk
[5 INFO main 110062] Scout.Query -> Scout.GotoCenter | Drive to others reported pos
[5 INFO main 110464] Scout.GotoCenter -> Scout.Query | return to random walk
[5 INFO main 111063] Scout.Query -> Scout.GotoCenter | Drive to others reported pos
[5 INFO main 111163] Scout.GotoCenter -> Scout.Query | return to random walk
[5 INFO main 112063] Scout.Query -> Scout.GotoCenter | Drive to others reported pos
[5 INFO main 112667] Scout.GotoCenter -> Scout.Query | return to random walk
[5 INFO main 113065] Scout.Query -> Scout.GotoCenter | Drive to others reported pos
[5 INFO main 113767] Scout.GotoCenter -> Scout.Query | return to random walk
[5 INFO main 114068] Scout.Query -> Scout.GotoCenter | Drive to others reported pos
[5 INFO main 114666] Scout.GotoCenter -> Scout.Query | return to random walk
[5 INFO main 115070] Scout.Query -> Scout.GotoCenter | Drive to others reported pos
[5 INFO main 116271] Scout.GotoCenter -> Scout.Query | return to random walk
[5 INFO main 117172] Scout.Query -> Scout.GotoCenter | Drive to others reported pos
[5 INFO main 118376] Scout.GotoCenter -> Scout.Query | return to random walk
[5 INFO main 119175] Scout.Query -> Scout.GotoCenter | Drive to others reported pos
[5 INFO main 119676] Scout.GotoCenter -> Scout.Query | return to random walk
[5 INFO main 120276] Scout.Query -> Scout.GotoCenter | Drive to others reported pos
[5 INFO main 120375] Scout.GotoCenter -> Scout.Query | return to random walk
[5 INFO main 121276] Scout.Query -> Scout.GotoCenter | Drive to others reported pos
[5 INFO main 122077] Scout.GotoCenter -> Scout.Query | return to random walk
[5 INFO main 122279] Scout.Query -> Scout.GotoCenter | Drive to others reported pos
[5 INFO main 122779] Scout.GotoCenter -> Scout.Query | return to random walk
[5 INFO main 123280] Scout.Query -> Scout.GotoCenter | Drive to others reported pos
[5 INFO main 123675] Scout.GotoCenter -> Scout.Query | return to random walk
[5 INFO main 124382] Scout.Query -> Scout.GotoCenter | Drive to others reported pos
[5 INFO main 124577] Scout.GotoCenter -> Scout.Query | return to random walk
[5 INFO main 125384] Scout.Query -> Scout.GotoCenter | Drive to others reported pos
[5 INFO main 125580] Scout.GotoCenter -> Scout.Query | return to random walk
[5 INFO main 126386] Scout.Query -> Scout.GotoCenter | Drive to others reported pos
[5 INFO main 126680] Scout.GotoCenter -> Scout.Query | return to random walk
[5 INFO main 127388] Scout.Query -> Scout.GotoCenter | Drive to others reported pos
[5 INFO main 127984] Scout.GotoCenter -> Scout.Query | return to random walk
[5 INFO main 128490] Scout.Query -> Scout.GotoCenter | Drive to others reported pos
[5 INFO main 128584] Scout.GotoCenter -> Scout.Query | return to random walk
[5 INFO main 129492] Scout.Query -> Scout.GotoCenter | Drive to others reported pos
[5 INFO main 130085] Scout.GotoCenter -> Scout.Query | return to random walk
[5 INFO main 130493] Scout.Query -> Scout.GotoCenter | Drive to others reported pos
[5 INFO main 130586] Scout.GotoCenter -> Scout.Query | return to random walk
[5 INFO main 131590] Scout.Query -> Scout.GotoCenter | Drive to others reported pos
[5 INFO main 131787] Scout.GotoCenter -> Scout.Query | return to random walk
[5 INFO main 132594] Scout.Query -> Scout.GotoCenter | Drive to others reported pos
[5 INFO main 133791] Scout.GotoCenter -> Scout.Query | return to random walk
[5 INFO main 134696] Scout.Query -> Scout.GotoCenter | Drive to others reported pos
[5 INFO main 134893] Scout.GotoCenter -> Scout.Query | return to random walk
[5 INFO main 135698] Scout.Query -> Scout.GotoCenter | Drive to others reported pos
[5 INFO main 135793] Scout.GotoCenter -> Scout.Query | return to random walk
[5 INFO main 136700] Scout.Query -> Scout.GotoCenter | Drive to others reported pos
[5 INFO main 137796] Scout.GotoCenter -> Scout.Query | return to random walk
[5 INFO main 138801] Scout.Query -> Scout.GotoCenter | Drive to others reported pos
[5 INFO main 139700] Scout.GotoCenter -> Scout.Query | return to random walk
[5 INFO main 139801] Scout.Query -> Scout.GotoCenter | Drive to others reported pos
[5 INFO main 140600] Scout.GotoCenter -> Scout.Query | return to random walk
[5 INFO main 140803] Scout.Query -> Scout.GotoCenter | Drive to others reported pos
[5 INFO main 141001] Scout.GotoCenter -> Scout.Query | return to random walk
[5 INFO main 141803] Scout.Query -> Scout.GotoCenter | Drive to others reported pos
[5 INFO main 141902] Scout.GotoCenter -> Scout.Query | return to random walk
[5 INFO main 142804] Scout.Query -> Scout.GotoCenter | Drive to others reported pos
[5 INFO main 142903] Scout.GotoCenter -> Scout.Query | return to random walk
[5 INFO main 143806] Scout.Query -> Scout.GotoCenter | Drive to others reported pos
[5 INFO main 145306] Scout.GotoCenter -> Scout.Query | return to random walk
[5 INFO main 145808] Scout.Query -> Scout.GotoCenter | Drive to others reported pos
[5 INFO main 146108] Scout.GotoCenter -> Scout.Query | return to random walk
[5 INFO main 146809] Scout.Query -> Scout.GotoCenter | Drive to others reported pos
[5 INFO main 147208] Scout.GotoCenter -> Scout.Query | return to random walk
[5 INFO main 147810] Scout.Query -> Scout.GotoCenter | Drive to others reported pos
[5 INFO main 148112] Scout.GotoCenter -> Scout.Query | return to random walk
[5 INFO main 148810] Scout.Query -> Scout.GotoCenter | Drive to others reported pos
[5 INFO main 150211] Scout.GotoCenter -> Scout.Query | return to random walk
[5 INFO main 150916] Scout.Query -> Scout.GotoCenter | Drive to others reported pos
[5 INFO main 153314] Scout.GotoCenter -> Scout.Query | return to random walk
[5 INFO main 154121] Scout.Query -> Scout.GotoCenter | Drive to others reported pos
[5 INFO main 155719] Scout.GotoCenter -> Scout.Query | return to random walk
[5 INFO main 156315] Scout.Query -> Scout.GotoCenter | Drive to others reported pos
[5 INFO main 156520] Scout.GotoCenter -> Scout.Query | return to random walk
[5 INFO main 157317] Scout.Query -> Scout.GotoCenter | Drive to others reported pos
[5 INFO main 158223] Scout.GotoCenter -> Scout.Query | return to random walk
[5 INFO main 158319] Scout.Query -> Scout.GotoCenter | Drive to others reported pos
[5 INFO main 158422] Scout.GotoCenter -> Scout.Query | return to random walk
[5 INFO main 159320] Scout.Query -> Scout.GotoCenter | Drive to others reported pos
[5 INFO main 159523] Scout.GotoCenter -> Scout.Query | return to random walk
[5 INFO main 160321] Scout.Query -> Scout.GotoCenter | Drive to others reported pos
[5 INFO main 160625] Scout.GotoCenter -> Scout.Query | return to random walk
[5 INFO main 161326] Scout.Query -> Scout.GotoCenter | Drive to others reported pos
[5 INFO main 161427] Scout.GotoCenter -> Scout.Query | return to random walk
[5 INFO main 162429] Scout.Query -> Scout.GotoCenter | Drive to others reported pos
[5 INFO main 162728] Scout.GotoCenter -> Scout.Query | return to random walk
[5 INFO main 163431] Scout.Query -> Scout.GotoCenter | Drive to others reported pos
[5 INFO main 163528] Scout.GotoCenter -> Scout.Query | return to random walk
[5 INFO main 164435] Scout.Query -> Scout.GotoCenter | Drive to others reported pos
[5 INFO main 165530] Scout.GotoCenter -> Scout.Query | return to random walk
[5 INFO main 166437] Scout.Query -> Scout.GotoCenter | Drive to others reported pos
[5 INFO main 166632] Scout.GotoCenter -> Scout.Query | return to random walk
[5 INFO main 167440] Scout.Query -> Scout.GotoCenter | Drive to others reported pos
[5 INFO main 168441] Scout.GotoCenter -> Scout.Query | return to random walk
[5 INFO main 169537] Scout.Query -> Scout.GotoCenter | Drive to others reported pos
[5 INFO main 170237] Scout.GotoCenter -> Scout.Query | return to random walk
[5 INFO main 170538] Scout.Query -> Scout.GotoCenter | Drive to others reported pos
[5 INFO main 170941] Scout.GotoCenter -> Scout.Query | return to random walk
[5 INFO main 171542] Scout.Query -> Scout.GotoCenter | Drive to others reported pos
[5 INFO main 173744] Scout.GotoCenter -> Scout.Query | return to random walk
[5 INFO main 174643] Scout.Query -> Scout.GotoCenter | Drive to others reported pos
[5 INFO main 176446] Scout.GotoCenter -> Scout.Query | return to random walk
[5 INFO main 176648] Scout.Query -> Scout.GotoCenter | Drive to others reported pos
[5 INFO main 177044] Scout.GotoCenter -> Scout.Query | return to random walk
[5 INFO main 177750] Scout.Query -> Scout.GotoCenter | Drive to others reported pos
[5 INFO main 177847] Scout.GotoCenter -> Scout.Query | return to random walk
[5 INFO main 178852] Scout.Query -> Scout.GotoCenter | Drive to others reported pos
[5 INFO main 179049] Scout.GotoCenter -> Scout.Query | return to random walk
[5 INFO main 179953] Scout.Query -> Scout.GotoCenter | Drive to others reported pos
[5 INFO main 180150] Scout.GotoCenter -> Scout.Query | return to random walk
[5 INFO main 180954] Scout.Query -> Scout.GotoCenter | Drive to others reported pos
[5 INFO main 181051] Scout.GotoCenter -> Scout.Query | return to random walk
[5 INFO main 181957] Scout.Query -> Scout.GotoCenter | Drive to others reported pos
[5 INFO main 182958] Scout.GotoCenter -> Scout.Query | return to random walk
[5 INFO main 183960] Scout.Query -> Scout.GotoCenter | Drive to others reported pos
[5 INFO main 184055] Scout.GotoCenter -> Scout.Query | return to random walk
[5 INFO main 184962] Scout.Query -> Scout.GotoCenter | Drive to others reported pos
[5 INFO main 185557] Scout.GotoCenter -> Scout.Query | return to random walk
[5 INFO main 185963] Scout.Query -> Scout.GotoCenter | Drive to others reported pos
[5 INFO main 186658] Scout.GotoCenter -> Scout.Query | return to random walk
[5 INFO main 186965] Scout.Query -> Scout.GotoCenter | Drive to others reported pos
[5 INFO main 187361] Scout.GotoCenter -> Scout.Query | return to random walk
[5 INFO main 187966] Scout.Query -> Scout.GotoCenter | Drive to others reported pos
[5 INFO main 188661] Scout.GotoCenter -> Scout.Query | return to random walk
[5 INFO main 188968] Scout.Query -> Scout.GotoCenter | Drive to others reported pos
[5 INFO main 190066] Scout.GotoCenter -> Scout.Query | return to random walk
[5 INFO main 191068] Scout.Query -> Scout.GotoCenter | Drive to others reported pos
[5 INFO main 191469] Scout.GotoCenter -> Scout.Query | return to random walk
[5 INFO main 192070] Scout.Query -> Scout.GotoCenter | Drive to others reported pos
[5 INFO main 193971] Scout.GotoCenter -> Scout.Query | return to random walk
[5 INFO main 194074] Scout.Query -> Scout.GotoCenter | Drive to others reported pos
[5 INFO main 195173] Scout.GotoCenter -> Scout.Query | return to random walk
[5 INFO main 196276] Scout.Query -> Scout.GotoCenter | Drive to others reported pos
[5 INFO main 196476] Scout.GotoCenter -> Scout.Query | return to random walk
[5 INFO main 197375] Scout.Query -> Scout.GotoCenter | Drive to others reported pos
[5 INFO main 197477] Scout.GotoCenter -> Scout.Query | return to random walk
[5 INFO main 198377] Scout.Query -> Scout.GotoCenter | Drive to others reported pos
[5 INFO main 198678] Scout.GotoCenter -> Scout.Query | return to random walk
[5 INFO main 199378] Scout.Query -> Scout.GotoCenter | Drive to others reported pos
[5 INFO main 199773] Scout.GotoCenter -> Scout.Query | return to random walk
[5 INFO main 200379] Scout.Query -> Scout.GotoCenter | Drive to others reported pos
[5 INFO main 200980] Scout.GotoCenter -> Scout.Query | return to random walk
[5 INFO main 201381] Scout.Query -> Scout.GotoCenter | Drive to others reported pos
[5 INFO main 201483] Scout.GotoCenter -> Scout.Query | return to random walk
[5 INFO main 202382] Scout.Query -> Scout.GotoCenter | Drive to others reported pos
[5 INFO main 203781] Scout.GotoCenter -> Scout.Query | return to random walk
[5 INFO main 204489] Scout.Query -> Scout.GotoCenter | Drive to others reported pos
[5 INFO main 204685] Scout.GotoCenter -> Scout.Query | return to random walk
[5 INFO main 205491] Scout.Query -> Scout.GotoCenter | Drive to others reported pos
[5 INFO main 205690] Scout.GotoCenter -> Scout.Query | return to random walk
[5 INFO main 206592] Scout.Query -> Scout.GotoCenter | Drive to others reported pos
[5 INFO main 206983] Scout.GotoCenter -> Scout.Query | return to random walk
[5 INFO main 207690] Scout.Query -> Scout.GotoCenter | Drive to others reported pos
[5 INFO main 207887] Scout.GotoCenter -> Scout.Query | return to random walk
[5 INFO main 208692] Scout.Query -> Scout.GotoCenter | Drive to others reported pos
[5 INFO main 209990] Scout.GotoCenter -> Scout.Query | return to random walk
[5 INFO main 210894] Scout.Query -> Scout.GotoCenter | Drive to others reported pos
[5 INFO main 211193] Scout.GotoCenter -> Scout.Query | return to random walk
[5 INFO main 211896] Scout.Query -> Scout.GotoCenter | Drive to others reported pos
[5 INFO main 212095] Scout.GotoCenter -> Scout.Query | return to random walk
[5 INFO main 212997] Scout.Query -> Scout.GotoCenter | Drive to others reported pos
[5 INFO main 213097] Scout.GotoCenter -> Scout.Query | return to random walk
[5 INFO main 213998] Scout.Query -> Scout.GotoCenter | Drive to others reported pos
[5 INFO main 214098] Scout.GotoCenter -> Scout.Query | return to random walk
[5 INFO main 214999] Scout.Query -> Scout.GotoCenter | Drive to others reported pos
[5 INFO main 215396] Scout.GotoCenter -> Scout.Query | return to random walk
[5 INFO main 216102] Scout.Query -> Scout.GotoCenter | Drive to others reported pos
[5 INFO main 216296] Scout.GotoCenter -> Scout.Query | return to random walk
[5 INFO main 217104] Scout.Query -> Scout.GotoCenter | Drive to others reported pos
[5 INFO main 217203] Scout.GotoCenter -> Scout.Query | return to random walk
[5 INFO main 218201] Scout.Query -> Scout.GotoCenter | Drive to others reported pos
[5 INFO main 218400] Scout.GotoCenter -> Scout.Query | return to random walk
[5 INFO main 219202] Scout.Query -> Scout.GotoCenter | Drive to others reported pos
[5 INFO main 220003] Scout.GotoCenter -> Scout.Query | return to random walk
[5 INFO main 220205] Scout.Query -> Scout.GotoCenter | Drive to others reported pos
[5 INFO main 220502] Scout.GotoCenter -> Scout.Query | return to random walk
[5 INFO main 221207] Scout.Query -> Scout.GotoCenter | Drive to others reported pos
[5 INFO main 221304] Scout.GotoCenter -> Scout.Query | return to random walk
[5 INFO main 222209] Scout.Query -> Scout.GotoCenter | Drive to others reported pos
[5 INFO main 222305] Scout.GotoCenter -> Scout.Query | return to random walk
[5 INFO main 223310] Scout.Query -> Scout.GotoCenter | Drive to others reported pos
[5 INFO main 223611] Scout.GotoCenter -> Scout.Query | return to random walk
[5 INFO main 224311] Scout.Query -> Scout.GotoCenter | Drive to others reported pos
[5 INFO main 225110] Scout.GotoCenter -> Scout.Query | return to random walk
[5 INFO main 225312] Scout.Query -> Scout.GotoCenter | Drive to others reported pos
[5 INFO main 226510] Scout.GotoCenter -> Scout.Query | return to random walk
[5 INFO main 227315] Scout.Query -> Scout.GotoCenter | Drive to others reported pos
[5 INFO main 227613] Scout.GotoCenter -> Scout.Query | return to random walk
[5 INFO main 228316] Scout.Query -> Scout.GotoCenter | Drive to others reported pos
[5 INFO main 228817] Scout.GotoCenter -> Scout.Query | return to random walk
[5 INFO main 229318] Scout.Query -> Scout.GotoCenter | Drive to others reported pos
[5 INFO main 230316] Scout.GotoCenter -> Scout.Query | return to random walk
[5 INFO main 230419] Scout.Query -> Scout.GotoCenter | Drive to others reported pos
[5 INFO main 230515] Scout.GotoCenter -> Scout.Query | return to random walk
[5 INFO main 231421] Scout.Query -> Scout.GotoCenter | Drive to others reported pos
[5 INFO main 231716] Scout.GotoCenter -> Scout.Query | return to random walk
[5 INFO main 232424] Scout.Query -> Scout.GotoCenter | Drive to others reported pos
[5 INFO main 233020] Scout.GotoCenter -> Scout.Query | return to random walk
[5 INFO main 233424] Scout.Query -> Scout.GotoCenter | Drive to others reported pos
[5 INFO main 233924] Scout.GotoCenter -> Scout.Query | return to random walk
[5 INFO main 234427] Scout.Query -> Scout.GotoCenter | Drive to others reported pos
[5 INFO main 234622] Scout.GotoCenter -> Scout.Query | return to random walk
[5 INFO main 235526] Scout.Query -> Scout.GotoCenter | Drive to others reported pos
[5 INFO main 235722] Scout.GotoCenter -> Scout.Query | return to random walk
[5 INFO main 236528] Scout.Query -> Scout.GotoCenter | Drive to others reported pos
[5 INFO main 236925] Scout.GotoCenter -> Scout.Query | return to random walk
[5 INFO main 237530] Scout.Query -> Scout.GotoCenter | Drive to others reported pos
[5 INFO main 239028] Scout.GotoCenter -> Scout.Query | return to random walk
[5 INFO main 239632] Scout.Query -> Scout.GotoCenter | Drive to others reported pos
[5 INFO main 239827] Scout.GotoCenter -> Scout.Query | return to random walk
[5 INFO main 240730] Scout.Query -> Scout.GotoCenter | Drive to others reported pos
[5 INFO main 242330] Scout.GotoCenter -> Scout.Query | return to random walk
[5 INFO main 242735] Scout.Query -> Scout.GotoCenter | Drive to others reported pos
[5 INFO main 243332] Scout.GotoCenter -> Scout.Query | return to random walk
[5 INFO main 243833] Scout.Query -> Scout.GotoCenter | Drive to others reported pos
[5 INFO main 243932] Scout.GotoCenter -> Scout.Query | return to random walk
[5 INFO main 244837] Scout.Query -> Scout.GotoCenter | Drive to others reported pos
[5 INFO main 246640] Scout.GotoCenter -> Scout.Query | return to random walk
[5 INFO main 246939] Scout.Query -> Scout.GotoCenter | Drive to others reported pos
[5 INFO main 247240] Scout.GotoCenter -> Scout.Query | return to random walk
[5 INFO main 247940] Scout.Query -> Scout.GotoCenter | Drive to others reported pos
[5 INFO main 248742] Scout.GotoCenter -> Scout.Query | return to random walk
[5 INFO main 248943] Scout.Query -> Scout.GotoCenter | Drive to others reported pos
[5 INFO main 250441] Scout.GotoCenter -> Scout.Query | return to random walk
[5 INFO main 251047] Scout.Query -> Scout.GotoCenter | Drive to others reported pos
[5 INFO main 251945] Scout.GotoCenter -> Scout.Query | return to random walk
[5 INFO main 252049] Scout.Query -> Scout.GotoCenter | Drive to others reported pos
[5 INFO main 253247] Scout.GotoCenter -> Scout.Query | return to random walk
[5 INFO main 254249] Scout.Query -> Scout.GotoCenter | Drive to others reported pos
[5 INFO main 254648] Scout.GotoCenter -> Scout.Query | return to random walk
[5 INFO main 255252] Scout.Query -> Scout.GotoCenter | Drive to others reported pos
[5 INFO main 256144] Scout.GotoCenter -> Scout.Query | return to random walk
[5 INFO main 256349] Scout.Query -> Scout.GotoCenter | Drive to others reported pos
[5 INFO main 256646] Scout.GotoCenter -> Scout.Query | return to random walk
[5 INFO main 257349] Scout.Query -> Scout.GotoCenter | Drive to others reported pos
[5 INFO main 257649] Scout.GotoCenter -> Scout.Query | return to random walk
[5 INFO main 258352] Scout.Query -> Scout.GotoCenter | Drive to others reported pos
[5 INFO main 258453] Scout.GotoCenter -> Scout.Query | return to random walk
[5 INFO main 259456] Scout.Query -> Scout.GotoCenter | Drive to others reported pos
[5 INFO main 260056] Scout.GotoCenter -> Scout.Query | return to random walk
[5 INFO main 260559] Scout.Query -> Scout.GotoCenter | Drive to others reported pos
[5 INFO main 260653] Scout.GotoCenter -> Scout.Query | return to random walk
[5 INFO main 261657] Scout.Query -> Scout.GotoCenter | Drive to others reported pos
[5 INFO main 263960] Scout.GotoCenter -> Scout.Query | return to random walk
[5 INFO main 264763] Scout.Query -> Scout.GotoCenter | Drive to others reported pos
[5 INFO main 265059] Scout.GotoCenter -> Scout.Query | return to random walk
[5 INFO main 265860] Scout.Query -> Scout.GotoCenter | Drive to others reported pos
[5 INFO main 265963] Scout.GotoCenter -> Scout.Query | return to random walk
[5 INFO main 266966] Scout.Query -> Scout.GotoCenter | Drive to others reported pos
[5 INFO main 267062] Scout.GotoCenter -> Scout.Query | return to random walk
[5 INFO main 267968] Scout.Query -> Scout.GotoCenter | Drive to others reported pos
[5 INFO main 270768] Scout.GotoCenter -> Scout.Query | return to random walk
[5 INFO main 271070] Scout.Query -> Scout.GotoCenter | Drive to others reported pos
[5 INFO main 272672] Scout.GotoCenter -> Scout.Query | return to random walk
[5 INFO main 273270] Scout.Query -> Scout.GotoCenter | Drive to others reported pos
[5 INFO main 273371] Scout.GotoCenter -> Scout.Query | return to random walk
[5 INFO main 274271] Scout.Query -> Scout.GotoCenter | Drive to others reported pos
[5 INFO main 275271] Scout.GotoCenter -> Scout.Query | return to random walk
[5 INFO main 275374] Scout.Query -> Scout.GotoCenter | Drive to others reported pos
[5 INFO main 277074] Scout.GotoCenter -> Scout.Query | return to random walk
[5 INFO main 277377] Scout.Query -> Scout.GotoCenter | Drive to others reported pos
[5 INFO main 279076] Scout.GotoCenter -> Scout.Query | return to random walk
[5 INFO main 279478] Scout.Query -> Scout.GotoCenter | Drive to others reported pos
[5 INFO main 279882] Scout.GotoCenter -> Scout.Query | return to random walk
[5 INFO main 280480] Scout.Query -> Scout.GotoCenter | Drive to others reported pos
[5 INFO main 280681] Scout.GotoCenter -> Scout.Query | return to random walk
[5 INFO main 281579] Scout.Query -> Scout.GotoCenter | Drive to others reported pos
[5 INFO main 284587] Scout.GotoCenter -> Scout.Query | return to random walk
[5 INFO main 285589] Scout.Query -> Scout.GotoCenter | Drive to others reported pos
[5 INFO main 286190] Scout.GotoCenter -> Scout.Query | return to random walk
[5 INFO main 286691] Scout.Query -> Scout.GotoCenter | Drive to others reported pos
[5 INFO main 287387] Scout.GotoCenter -> Scout.Query | return to random walk
[5 INFO main 287789] Scout.Query -> Scout.GotoCenter | Drive to others reported pos
[5 INFO main 288488] Scout.GotoCenter -> Scout.Query | return to random walk
[5 INFO main 288893] Scout.Query -> Scout.GotoCenter | Drive to others reported pos
[5 INFO main 288988] Scout.GotoCenter -> Scout.Query | return to random walk
[5 INFO main 289893] Scout.Query -> Scout.GotoCenter | Drive to others reported pos
[5 INFO main 289990] Scout.GotoCenter -> Scout.Query | return to random walk
[5 INFO main 290895] Scout.Query -> Scout.GotoCenter | Drive to others reported pos
[5 INFO main 291091] Scout.GotoCenter -> Scout.Query | return to random walk
[5 INFO main 291997] Scout.Query -> Scout.GotoCenter | Drive to others reported pos
[5 INFO main 292092] Scout.GotoCenter -> Scout.Query | return to random walk
[5 INFO main 293094] Scout.Query -> Scout.GotoCenter | Drive to others reported pos
[5 INFO main 293196] Scout.GotoCenter -> Scout.Query | return to random walk
[5 INFO main 294097] Scout.Query -> Scout.GotoCenter | Drive to others reported pos
[5 INFO main 294391] Scout.GotoCenter -> Scout.Query | return to random walk
[5 INFO main 295098] Scout.Query -> Scout.GotoCenter | Drive to others reported pos
[5 INFO main 295199] Scout.GotoCenter -> Scout.Query | return to random walk
[5 INFO main 296102] Scout.Query -> Scout.GotoCenter | Drive to others reported pos
[5 INFO main 296297] Scout.GotoCenter -> Scout.Query | return to random walk
[5 INFO main 297103] Scout.Query -> Scout.GotoCenter | Drive to others reported pos
[5 INFO main 297498] Scout.GotoCenter -> Scout.Query | return to random walk
[5 INFO main 298207] Scout.Query -> Scout.GotoCenter | Drive to others reported pos
[5 INFO main 298600] Scout.GotoCenter -> Scout.Query | return to random walk
[5 INFO main 299208] Scout.Query -> Scout.GotoCenter | Drive to others reported pos
[5 INFO main 299401] Scout.GotoCenter -> Scout.Query | return to random walk
[5 INFO main 300306] Scout.Query -> Scout.GotoCenter | Drive to others reported pos
[5 INFO main 300402] Scout.GotoCenter -> Scout.Query | return to random walk
