[11 INFO main 29] Initialising Python Geth Console...
[11 INFO main 33] Initialising RandB board...
[11 INFO main 33] Initialising navigation...
[11 INFO main 33] Initialising random-walk...
[11 INFO main 33] Initialising odometry...
[11 INFO main 33] Initialising ground-sensors...
[11 INFO main 273] --//-- Starting Experiment --//--
[11 INFO main 1385] Idle.IDLE -> Scout.Query | Duration: 21.96
[11 INFO main 57648] Scout.Query -> Scout.GotoCenter | Drive to others reported pos
[11 INFO main 58149] Scout.GotoCenter -> Scout.Query | return to random walk
[11 INFO main 58651] Scout.Query -> Scout.GotoCenter | Drive to others reported pos
[11 INFO main 60051] Scout.GotoCenter -> Scout.Query | return to random walk
[11 INFO main 60655] Scout.Query -> Scout.GotoCenter | Drive to others reported pos
[11 INFO main 60856] Scout.GotoCenter -> Scout.Query | return to random walk
[11 INFO main 61655] Scout.Query -> Scout.GotoCenter | Drive to others reported pos
[11 INFO main 62055] Scout.GotoCenter -> Scout.Query | return to random walk
[11 INFO main 62655] Scout.Query -> Scout.GotoCenter | Drive to others reported pos
[11 INFO main 65155] Scout.GotoCenter -> Scout.Query | return to random walk
[11 INFO main 65761] Scout.Query -> Scout.GotoCenter | Drive to others reported pos
[11 INFO main 67161] Scout.GotoCenter -> Scout.Query | return to random walk
[11 INFO main 67763] Scout.Query -> Scout.GotoCenter | Drive to others reported pos
[11 INFO main 68163] Scout.GotoCenter -> Scout.Query | return to random walk
[11 INFO main 68765] Scout.Query -> Scout.GotoCenter | Drive to others reported pos
[11 INFO main 73068] Scout.GotoCenter -> Scout.Query | return to random walk
[11 INFO main 73960] Scout.Query -> Scout.GotoCenter | Drive to others reported pos
[11 INFO main 74274] Scout.GotoCenter -> Scout.Query | return to random walk
[11 INFO main 74970] Scout.Query -> Scout.GotoCenter | Drive to others reported pos
[11 INFO main 75469] Scout.GotoCenter -> Scout.Query | return to random walk
[11 INFO main 75970] Scout.Query -> Scout.GotoCenter | Drive to others reported pos
[11 INFO main 77575] Scout.GotoCenter -> Scout.Query | return to random walk
[11 INFO main 77972] Scout.Query -> Scout.GotoCenter | Drive to others reported pos
[11 INFO main 82879] Scout.GotoCenter -> Scout.Query | return to random walk
[11 INFO main 83291] Scout.Query -> Scout.GotoCenter | Drive to others reported pos
[11 INFO main 84278] Scout.GotoCenter -> Scout.Query | return to random walk
[11 INFO main 84382] Scout.Query -> Scout.GotoCenter | Drive to others reported pos
[11 INFO main 86693] Scout.GotoCenter -> Scout.Query | return to random walk
[11 INFO main 87388] Scout.Query -> Scout.GotoCenter | Drive to others reported pos
[11 INFO main 88790] Scout.GotoCenter -> Scout.Query | return to random walk
[11 INFO main 89397] Scout.Query -> Scout.GotoCenter | Drive to others reported pos
[11 INFO main 89590] Scout.GotoCenter -> Scout.Query | return to random walk
[11 INFO main 90499] Scout.Query -> Scout.GotoCenter | Drive to others reported pos
[11 INFO main 90587] Scout.GotoCenter -> Scout.Query | return to random walk
[11 INFO main 91599] Scout.Query -> Scout.GotoCenter | Drive to others reported pos
[11 INFO main 92289] Scout.GotoCenter -> Scout.Query | return to random walk
[11 INFO main 92702] Scout.Query -> Scout.GotoCenter | Drive to others reported pos
[11 INFO main 96897] Scout.GotoCenter -> Scout.Query | return to random walk
[11 INFO main 97000] Scout.Query -> Scout.GotoCenter | Drive to others reported pos
[11 INFO main 97204] Scout.GotoCenter -> Scout.Query | return to random walk
[11 INFO main 98105] Scout.Query -> Scout.GotoCenter | Drive to others reported pos
[11 INFO main 98399] Scout.GotoCenter -> Scout.Query | return to random walk
[11 INFO main 99209] Scout.Query -> Scout.GotoCenter | Drive to others reported pos
[11 INFO main 102002] Scout.GotoCenter -> Scout.Query | return to random walk
[11 INFO main 102311] Scout.Query -> Scout.GotoCenter | Drive to others reported pos
[11 INFO main 102504] Scout.GotoCenter -> Scout.Query | return to random walk
[11 INFO main 103314] Scout.Query -> Scout.GotoCenter | Drive to others reported pos
[11 INFO main 103607] Scout.GotoCenter -> Scout.Query | return to random walk
[11 INFO main 104318] Scout.Query -> Scout.GotoCenter | Drive to others reported pos
[11 INFO main 104918] Scout.GotoCenter -> Scout.Query | return to random walk
[11 INFO main 105410] Scout.Query -> Scout.GotoCenter | Drive to others reported pos
[11 INFO main 105915] Scout.GotoCenter -> Scout.Query | return to random walk
[11 INFO main 106417] Scout.Query -> Scout.GotoCenter | Drive to others reported pos
[11 INFO main 107212] Scout.GotoCenter -> Scout.Query | return to random walk
[11 INFO main 107516] Scout.Query -> Scout.GotoCenter | Drive to others reported pos
[11 INFO main 109614] Scout.GotoCenter -> Scout.Query | return to random walk
[11 INFO main 110622] Scout.Query -> Scout.GotoCenter | Drive to others reported pos
[11 INFO main 110714] Scout.GotoCenter -> Scout.Query | return to random walk
[11 INFO main 111715] Scout.Query -> Scout.GotoCenter | Drive to others reported pos
[11 INFO main 111910] Scout.GotoCenter -> Scout.Query | return to random walk
[11 INFO main 112717] Scout.Query -> Scout.GotoCenter | Drive to others reported pos
[11 INFO main 113116] Scout.GotoCenter -> Scout.Query | return to random walk
[11 INFO main 113814] Scout.Query -> Scout.GotoCenter | Drive to others reported pos
[11 INFO main 114211] Scout.GotoCenter -> Scout.Query | return to random walk
[11 INFO main 114817] Scout.Query -> Scout.GotoCenter | Drive to others reported pos
[11 INFO main 114910] Scout.GotoCenter -> Scout.Query | return to random walk
[11 INFO main 115820] Scout.Query -> Scout.GotoCenter | Drive to others reported pos
[11 INFO main 118419] Scout.GotoCenter -> Scout.Query | return to random walk
[11 INFO main 118831] Scout.Query -> Scout.GotoCenter | Drive to others reported pos
[11 INFO main 122925] Scout.GotoCenter -> Scout.Query | return to random walk
[11 INFO main 123027] Scout.Query -> Scout.GotoCenter | Drive to others reported pos
[11 INFO main 124626] Scout.GotoCenter -> Scout.Query | return to random walk
[11 INFO main 125140] Scout.Query -> Scout.GotoCenter | Drive to others reported pos
[11 INFO main 125234] Scout.GotoCenter -> Scout.Query | return to random walk
[11 INFO main 126142] Scout.Query -> Scout.GotoCenter | Drive to others reported pos
[11 INFO main 127033] Scout.GotoCenter -> Scout.Query | return to random walk
[11 INFO main 127246] Scout.Query -> Scout.GotoCenter | Drive to others reported pos
[11 INFO main 131037] Scout.GotoCenter -> Scout.Query | return to random walk
[11 INFO main 131449] Scout.Query -> Scout.GotoCenter | Drive to others reported pos
[11 INFO main 131839] Scout.GotoCenter -> Scout.Query | return to random walk
[11 INFO main 132452] Scout.Query -> Scout.GotoCenter | Drive to others reported pos
[11 INFO main 134545] Scout.GotoCenter -> Scout.Query | return to random walk
[11 INFO main 134648] Scout.Query -> Scout.GotoCenter | Drive to others reported pos
[11 INFO main 135547] Scout.GotoCenter -> Scout.Query | return to random walk
[11 INFO main 135749] Scout.Query -> Scout.GotoCenter | Drive to others reported pos
[11 INFO main 136536] Scout.GotoCenter -> Scout.Query | return to random walk
[11 INFO main 136852] Scout.Query -> Scout.GotoCenter | Drive to others reported pos
[11 INFO main 137043] Scout.GotoCenter -> Scout.Query | return to random walk
[11 INFO main 137953] Scout.Query -> Scout.GotoCenter | Drive to others reported pos
[11 INFO main 138144] Scout.GotoCenter -> Scout.Query | return to random walk
[11 INFO main 138954] Scout.Query -> Scout.GotoCenter | Drive to others reported pos
[11 INFO main 139050] Scout.GotoCenter -> Scout.Query | return to random walk
[11 INFO main 140054] Scout.Query -> Scout.GotoCenter | Drive to others reported pos
[11 INFO main 140253] Scout.GotoCenter -> Scout.Query | return to random walk
[11 INFO main 141056] Scout.Query -> Scout.GotoCenter | Drive to others reported pos
[11 INFO main 141851] Scout.GotoCenter -> Scout.Query | return to random walk
[11 INFO main 142157] Scout.Query -> Scout.GotoCenter | Drive to others reported pos
[11 INFO main 142352] Scout.GotoCenter -> Scout.Query | return to random walk
[11 INFO main 143256] Scout.Query -> Scout.GotoCenter | Drive to others reported pos
[11 INFO main 144655] Scout.GotoCenter -> Scout.Query | return to random walk
[11 INFO main 145363] Scout.Query -> Scout.GotoCenter | Drive to others reported pos
[11 INFO main 150162] Scout.GotoCenter -> Scout.Query | return to random walk
[11 INFO main 150669] Scout.Query -> Scout.GotoCenter | Drive to others reported pos
[11 INFO main 151467] Scout.GotoCenter -> Scout.Query | return to random walk
[11 INFO main 151769] Scout.Query -> Scout.GotoCenter | Drive to others reported pos
[11 INFO main 152871] Scout.GotoCenter -> Scout.Query | return to random walk
[11 INFO main 153974] Scout.Query -> Scout.GotoCenter | Drive to others reported pos
[11 INFO main 154168] Scout.GotoCenter -> Scout.Query | return to random walk
[11 INFO main 155063] Scout.Query -> Scout.GotoCenter | Drive to others reported pos
[11 INFO main 157073] Scout.GotoCenter -> Scout.Query | return to random walk
[11 INFO main 158075] Scout.Query -> Scout.GotoCenter | Drive to others reported pos
[11 INFO main 160678] Scout.GotoCenter -> Scout.Query | return to random walk
[11 INFO main 161281] Scout.Query -> Scout.GotoCenter | Drive to others reported pos
[11 INFO main 165092] Scout.GotoCenter -> Scout.Query | return to random walk
[11 INFO main 165480] Scout.Query -> Scout.GotoCenter | Drive to others reported pos
[11 INFO main 166574] Scout.GotoCenter -> Scout.Query | return to random walk
[11 INFO main 167483] Scout.Query -> Scout.GotoCenter | Drive to others reported pos
[11 INFO main 168286] Scout.GotoCenter -> Scout.Query | return to random walk
[11 INFO main 168486] Scout.Query -> Scout.GotoCenter | Drive to others reported pos
[11 INFO main 169578] Scout.GotoCenter -> Scout.Query | return to random walk
[11 INFO main 170587] Scout.Query -> Scout.GotoCenter | Drive to others reported pos
[11 INFO main 171582] Scout.GotoCenter -> Scout.Query | return to random walk
[11 INFO main 171693] Scout.Query -> Scout.GotoCenter | Drive to others reported pos
[11 INFO main 173588] Scout.GotoCenter -> Scout.Query | return to random walk
[11 INFO main 173795] Scout.Query -> Scout.GotoCenter | Drive to others reported pos
[11 INFO main 173993] Scout.GotoCenter -> Scout.Query | return to random walk
[11 INFO main 174801] Scout.Query -> Scout.GotoCenter | Drive to others reported pos
[11 INFO main 177201] Scout.GotoCenter -> Scout.Query | return to random walk
[11 INFO main 178000] Scout.Query -> Scout.GotoCenter | Drive to others reported pos
[11 INFO main 178689] Scout.GotoCenter -> Scout.Query | return to random walk
[11 INFO main 179102] Scout.Query -> Scout.GotoCenter | Drive to others reported pos
[11 INFO main 180600] Scout.GotoCenter -> Scout.Query | return to random walk
[11 INFO main 181198] Scout.Query -> Scout.GotoCenter | Drive to others reported pos
[11 INFO main 184103] Scout.GotoCenter -> Scout.Query | return to random walk
[11 INFO main 184308] Scout.Query -> Scout.GotoCenter | Drive to others reported pos
[11 INFO main 189013] Scout.GotoCenter -> Scout.Query | return to random walk
[11 INFO main 189418] Scout.Query -> Scout.GotoCenter | Drive to others reported pos
[11 INFO main 191810] Scout.GotoCenter -> Scout.Query | return to random walk
[11 INFO main 192626] Scout.Query -> Scout.GotoCenter | Drive to others reported pos
[11 INFO main 196829] Scout.GotoCenter -> Scout.Query | return to random walk
[11 INFO main 196925] Scout.Query -> Scout.GotoCenter | Drive to others reported pos
[11 INFO main 197933] Scout.GotoCenter -> Scout.Query | return to random walk
[11 INFO main 199025] Scout.Query -> Scout.GotoCenter | Drive to others reported pos
[11 INFO main 199925] Scout.GotoCenter -> Scout.Query | return to random walk
[11 INFO main 200027] Scout.Query -> Scout.GotoCenter | Drive to others reported pos
[11 INFO main 201727] Scout.GotoCenter -> Scout.Query | return to random walk
[11 INFO main 202028] Scout.Query -> Scout.GotoCenter | Drive to others reported pos
[11 INFO main 203230] Scout.GotoCenter -> Scout.Query | return to random walk
[11 INFO main 204133] Scout.Query -> Scout.GotoCenter | Drive to others reported pos
[11 INFO main 205132] Scout.GotoCenter -> Scout.Query | return to random walk
[11 INFO main 205238] Scout.Query -> Scout.GotoCenter | Drive to others reported pos
[11 INFO main 205431] Scout.GotoCenter -> Scout.Query | return to random walk
[11 INFO main 206333] Scout.Query -> Scout.GotoCenter | Drive to others reported pos
[11 INFO main 206625] Scout.GotoCenter -> Scout.Query | return to random walk
[11 INFO main 207338] Scout.Query -> Scout.GotoCenter | Drive to others reported pos
[11 INFO main 210133] Scout.GotoCenter -> Scout.Query | return to random walk
[11 INFO main 210343] Scout.Query -> Scout.GotoCenter | Drive to others reported pos
[11 INFO main 212143] Scout.GotoCenter -> Scout.Query | return to random walk
[11 INFO main 212447] Scout.Query -> Scout.GotoCenter | Drive to others reported pos
[11 INFO main 213944] Scout.GotoCenter -> Scout.Query | return to random walk
[11 INFO main 214645] Scout.Query -> Scout.GotoCenter | Drive to others reported pos
[11 INFO main 220457] Scout.GotoCenter -> Scout.Query | return to random walk
[11 INFO main 220957] Scout.Query -> Scout.GotoCenter | Drive to others reported pos
[11 INFO main 222153] Scout.GotoCenter -> Scout.Query | return to random walk
[11 INFO main 223056] Scout.Query -> Scout.GotoCenter | Drive to others reported pos
[11 INFO main 225957] Scout.GotoCenter -> Scout.Query | return to random walk
[11 INFO main 226261] Scout.Query -> Scout.GotoCenter | Drive to others reported pos
[11 INFO main 231861] Scout.GotoCenter -> Scout.Query | return to random walk
[11 INFO main 232778] Scout.Query -> Scout.GotoCenter | Drive to others reported pos
[11 INFO main 233367] Scout.GotoCenter -> Scout.Query | return to random walk
[11 INFO main 233876] Scout.Query -> Scout.GotoCenter | Drive to others reported pos
[11 INFO main 235163] Scout.GotoCenter -> Scout.Query | return to random walk
[11 INFO main 235981] Scout.Query -> Scout.GotoCenter | Drive to others reported pos
[11 INFO main 236268] Scout.GotoCenter -> Scout.Query | return to random walk
[11 INFO main 237077] Scout.Query -> Scout.GotoCenter | Drive to others reported pos
[11 INFO main 238080] Scout.GotoCenter -> Scout.Query | return to random walk
[11 INFO main 239177] Scout.Query -> Scout.GotoCenter | Drive to others reported pos
[11 INFO main 239369] Scout.GotoCenter -> Scout.Query | return to random walk
[11 INFO main 240277] Scout.Query -> Scout.GotoCenter | Drive to others reported pos
[11 INFO main 240869] Scout.GotoCenter -> Scout.Query | return to random walk
[11 INFO main 241372] Scout.Query -> Scout.GotoCenter | Drive to others reported pos
[11 INFO main 242074] Scout.GotoCenter -> Scout.Query | return to random walk
[11 INFO main 242375] Scout.Query -> Scout.GotoCenter | Drive to others reported pos
[11 INFO main 242770] Scout.GotoCenter -> Scout.Query | return to random walk
[11 INFO main 243380] Scout.Query -> Scout.GotoCenter | Drive to others reported pos
[11 INFO main 245184] Scout.GotoCenter -> Scout.Query | return to random walk
[11 INFO main 245582] Scout.Query -> Scout.GotoCenter | Drive to others reported pos
[11 INFO main 247585] Scout.GotoCenter -> Scout.Query | return to random walk
[11 INFO main 248588] Scout.Query -> Scout.GotoCenter | Drive to others reported pos
[11 INFO main 248682] Scout.GotoCenter -> Scout.Query | return to random walk
[11 INFO main 249590] Scout.Query -> Scout.GotoCenter | Drive to others reported pos
[11 INFO main 250385] Scout.GotoCenter -> Scout.Query | return to random walk
[11 INFO main 250593] Scout.Query -> Scout.GotoCenter | Drive to others reported pos
[11 INFO main 254098] Scout.GotoCenter -> Scout.Query | return to random walk
[11 INFO main 254692] Scout.Query -> Scout.GotoCenter | Drive to others reported pos
[11 INFO main 258194] Scout.GotoCenter -> Scout.Query | return to random walk
[11 INFO main 258808] Scout.Query -> Scout.GotoCenter | Drive to others reported pos
[11 INFO main 258997] Scout.GotoCenter -> Scout.Query | return to random walk
[11 INFO main 259906] Scout.Query -> Scout.GotoCenter | Drive to others reported pos
[11 INFO main 260698] Scout.GotoCenter -> Scout.Query | return to random walk
[11 INFO main 260907] Scout.Query -> Scout.GotoCenter | Drive to others reported pos
[11 INFO main 261405] Scout.GotoCenter -> Scout.Query | return to random walk
[11 INFO main 261908] Scout.Query -> Scout.GotoCenter | Drive to others reported pos
[11 INFO main 265412] Scout.GotoCenter -> Scout.Query | return to random walk
[11 INFO main 266013] Scout.Query -> Scout.GotoCenter | Drive to others reported pos
[11 INFO main 268611] Scout.GotoCenter -> Scout.Query | return to random walk
[11 INFO main 269315] Scout.Query -> Scout.GotoCenter | Drive to others reported pos
[11 INFO main 270303] Scout.GotoCenter -> Scout.Query | return to random walk
[11 INFO main 270408] Scout.Query -> Scout.GotoCenter | Drive to others reported pos
[11 INFO main 270811] Scout.GotoCenter -> Scout.Query | return to random walk
[11 INFO main 271411] Scout.Query -> Scout.GotoCenter | Drive to others reported pos
[11 INFO main 271517] Scout.GotoCenter -> Scout.Query | return to random walk
[11 INFO main 272414] Scout.Query -> Scout.GotoCenter | Drive to others reported pos
[11 INFO main 272710] Scout.GotoCenter -> Scout.Query | return to random walk
[11 INFO main 273514] Scout.Query -> Scout.GotoCenter | Drive to others reported pos
[11 INFO main 275418] Scout.GotoCenter -> Scout.Query | return to random walk
[11 INFO main 275519] Scout.Query -> Scout.GotoCenter | Drive to others reported pos
[11 INFO main 275826] Scout.GotoCenter -> Scout.Query | return to random walk
[11 INFO main 276622] Scout.Query -> Scout.GotoCenter | Drive to others reported pos
[11 INFO main 278927] Scout.GotoCenter -> Scout.Query | return to random walk
[11 INFO main 279725] Scout.Query -> Scout.GotoCenter | Drive to others reported pos
[11 INFO main 281031] Scout.GotoCenter -> Scout.Query | return to random walk
[11 INFO main 281826] Scout.Query -> Scout.GotoCenter | Drive to others reported pos
[11 INFO main 282224] Scout.GotoCenter -> Scout.Query | return to random walk
[11 INFO main 282933] Scout.Query -> Scout.GotoCenter | Drive to others reported pos
[11 INFO main 284728] Scout.GotoCenter -> Scout.Query | return to random walk
[11 INFO main 285134] Scout.Query -> Scout.GotoCenter | Drive to others reported pos
[11 INFO main 286027] Scout.GotoCenter -> Scout.Query | return to random walk
[11 INFO main 286136] Scout.Query -> Scout.GotoCenter | Drive to others reported pos
[11 INFO main 287231] Scout.GotoCenter -> Scout.Query | return to random walk
[11 INFO main 288238] Scout.Query -> Scout.GotoCenter | Drive to others reported pos
[11 INFO main 289733] Scout.GotoCenter -> Scout.Query | return to random walk
[11 INFO main 290347] Scout.Query -> Scout.GotoCenter | Drive to others reported pos
[11 INFO main 290534] Scout.GotoCenter -> Scout.Query | return to random walk
[11 INFO main 291438] Scout.Query -> Scout.GotoCenter | Drive to others reported pos
[11 INFO main 291637] Scout.GotoCenter -> Scout.Query | return to random walk
[11 INFO main 292441] Scout.Query -> Scout.GotoCenter | Drive to others reported pos
[11 INFO main 293739] Scout.GotoCenter -> Scout.Query | return to random walk
[11 INFO main 294546] Scout.Query -> Scout.GotoCenter | Drive to others reported pos
[11 INFO main 296252] Scout.GotoCenter -> Scout.Query | return to random walk
[11 INFO main 296734] Scout.Query -> Scout.GotoCenter | Drive to others reported pos
[11 INFO main 298347] Scout.GotoCenter -> Scout.Query | return to random walk
[11 INFO main 298745] Scout.Query -> Scout.GotoCenter | Drive to others reported pos
[11 INFO main 299050] Scout.GotoCenter -> Scout.Query | return to random walk
[11 INFO main 299747] Scout.Query -> Scout.GotoCenter | Drive to others reported pos
[11 INFO main 302359] Scout.GotoCenter -> Scout.Query | return to random walk
[11 INFO main 302860] Scout.Query -> Scout.GotoCenter | Drive to others reported pos
[11 INFO main 303744] Scout.GotoCenter -> Scout.Query | return to random walk
[11 INFO main 303862] Scout.Query -> Scout.GotoCenter | Drive to others reported pos
[11 INFO main 305757] Scout.GotoCenter -> Scout.Query | return to random walk
[11 INFO main 305959] Scout.Query -> Scout.GotoCenter | Drive to others reported pos
[11 INFO main 306461] Scout.GotoCenter -> Scout.Query | return to random walk
[11 INFO main 306962] Scout.Query -> Scout.GotoCenter | Drive to others reported pos
[11 INFO main 307359] Scout.GotoCenter -> Scout.Query | return to random walk
[11 INFO main 308061] Scout.Query -> Scout.GotoCenter | Drive to others reported pos
[11 INFO main 308359] Scout.GotoCenter -> Scout.Query | return to random walk
[11 INFO main 309165] Scout.Query -> Scout.GotoCenter | Drive to others reported pos
[11 INFO main 309363] Scout.GotoCenter -> Scout.Query | return to random walk
[11 INFO main 310262] Scout.Query -> Scout.GotoCenter | Drive to others reported pos
[11 INFO main 318975] Scout.GotoCenter -> Scout.Query | return to random walk
[11 INFO main 319382] Scout.Query -> Scout.GotoCenter | Drive to others reported pos
[11 INFO main 322177] Scout.GotoCenter -> Scout.Query | return to random walk
[11 INFO main 322487] Scout.Query -> Scout.GotoCenter | Drive to others reported pos
[11 INFO main 322574] Scout.GotoCenter -> Scout.Query | return to random walk
[11 INFO main 323581] Scout.Query -> Scout.GotoCenter | Drive to others reported pos
[11 INFO main 323980] Scout.GotoCenter -> Scout.Query | return to random walk
[11 INFO main 324684] Scout.Query -> Scout.GotoCenter | Drive to others reported pos
[11 INFO main 325987] Scout.GotoCenter -> Scout.Query | return to random walk
[11 INFO main 326687] Scout.Query -> Scout.GotoCenter | Drive to others reported pos
[11 INFO main 326774] Scout.GotoCenter -> Scout.Query | return to random walk
[11 INFO main 327690] Scout.Query -> Scout.GotoCenter | Drive to others reported pos
[11 INFO main 327985] Scout.GotoCenter -> Scout.Query | return to random walk
[11 INFO main 328790] Scout.Query -> Scout.GotoCenter | Drive to others reported pos
[11 INFO main 333086] Scout.GotoCenter -> Scout.Query | return to random walk
[11 INFO main 333992] Scout.Query -> Scout.GotoCenter | Drive to others reported pos
[11 INFO main 334096] Scout.GotoCenter -> Scout.Query | return to random walk
[11 INFO main 334993] Scout.Query -> Scout.GotoCenter | Drive to others reported pos
[11 INFO main 336092] Scout.GotoCenter -> Scout.Query | return to random walk
[11 INFO main 337001] Scout.Query -> Scout.GotoCenter | Drive to others reported pos
[11 INFO main 341502] Scout.GotoCenter -> Scout.Query | return to random walk
[11 INFO main 342304] Scout.Query -> Scout.GotoCenter | Drive to others reported pos
[11 INFO main 348515] Scout.GotoCenter -> Scout.Query | return to random walk
[11 INFO main 349618] Scout.Query -> Scout.GotoCenter | Drive to others reported pos
[11 INFO main 353218] Scout.GotoCenter -> Scout.Query | return to random walk
[11 INFO main 353719] Scout.Query -> Scout.GotoCenter | Drive to others reported pos
[11 INFO main 354819] Scout.GotoCenter -> Scout.Query | return to random walk
[11 INFO main 355723] Scout.Query -> Scout.GotoCenter | Drive to others reported pos
[11 INFO main 361938] Scout.GotoCenter -> Scout.Query | return to random walk
[11 INFO main 362830] Scout.Query -> Scout.GotoCenter | Drive to others reported pos
[11 INFO main 365836] Scout.GotoCenter -> Scout.Query | return to random walk
[11 INFO main 366841] Scout.Query -> Scout.GotoCenter | Drive to others reported pos
[11 INFO main 367240] Scout.GotoCenter -> Scout.Query | return to random walk
[11 INFO main 367942] Scout.Query -> Scout.GotoCenter | Drive to others reported pos
[11 INFO main 368737] Scout.GotoCenter -> Scout.Query | return to random walk
[11 INFO main 368943] Scout.Query -> Scout.GotoCenter | Drive to others reported pos
[11 INFO main 369239] Scout.GotoCenter -> Scout.Query | return to random walk
[11 INFO main 369947] Scout.Query -> Scout.GotoCenter | Drive to others reported pos
[11 INFO main 371641] Scout.GotoCenter -> Scout.Query | return to random walk
[11 INFO main 372148] Scout.Query -> Scout.GotoCenter | Drive to others reported pos
[11 INFO main 375352] Scout.GotoCenter -> Scout.Query | return to random walk
[11 INFO main 376457] Scout.Query -> Scout.GotoCenter | Drive to others reported pos
[11 INFO main 379251] Scout.GotoCenter -> Scout.Query | return to random walk
[11 INFO main 379561] Scout.Query -> Scout.GotoCenter | Drive to others reported pos
[11 INFO main 388765] Scout.GotoCenter -> Scout.Query | return to random walk
[11 INFO main 389867] Scout.Query -> Scout.GotoCenter | Drive to others reported pos
[11 INFO main 395880] Scout.GotoCenter -> Scout.Query | return to random walk
[11 INFO main 396383] Scout.Query -> Scout.GotoCenter | Drive to others reported pos
[11 INFO main 396871] Scout.GotoCenter -> Scout.Query | return to random walk
[11 INFO main 397475] Scout.Query -> Scout.GotoCenter | Drive to others reported pos
[11 INFO main 398974] Scout.GotoCenter -> Scout.Query | return to random walk
[11 INFO main 399481] Scout.Query -> Scout.GotoCenter | Drive to others reported pos
[11 INFO main 404086] Scout.GotoCenter -> Scout.Query | return to random walk
[11 INFO main 404689] Scout.Query -> Scout.GotoCenter | Drive to others reported pos
[11 INFO main 405385] Scout.GotoCenter -> Scout.Query | return to random walk
[11 INFO main 405691] Scout.Query -> Scout.GotoCenter | Drive to others reported pos
[11 INFO main 406577] Scout.GotoCenter -> Scout.Query | return to random walk
[11 INFO main 406697] Scout.Query -> Scout.GotoCenter | Drive to others reported pos
[11 INFO main 406788] Scout.GotoCenter -> Scout.Query | return to random walk
[11 INFO main 407698] Scout.Query -> Scout.GotoCenter | Drive to others reported pos
[11 INFO main 407879] Scout.GotoCenter -> Scout.Query | return to random walk
[11 INFO main 408793] Scout.Query -> Scout.GotoCenter | Drive to others reported pos
[11 INFO main 409089] Scout.GotoCenter -> Scout.Query | return to random walk
[11 INFO main 409794] Scout.Query -> Scout.GotoCenter | Drive to others reported pos
[11 INFO main 415389] Scout.GotoCenter -> Scout.Query | return to random walk
[11 INFO main 416106] Scout.Query -> Scout.GotoCenter | Drive to others reported pos
[11 INFO main 419707] Scout.GotoCenter -> Scout.Query | return to random walk
[11 INFO main 420311] Scout.Query -> Scout.GotoCenter | Drive to others reported pos
[11 INFO main 426112] Scout.GotoCenter -> Scout.Query | return to random walk
[11 INFO main 426613] Scout.Query -> Scout.GotoCenter | Drive to others reported pos
[11 INFO main 427017] Scout.GotoCenter -> Scout.Query | return to random walk
[11 INFO main 427623] Scout.Query -> Scout.GotoCenter | Drive to others reported pos
[11 INFO main 429315] Scout.GotoCenter -> Scout.Query | return to random walk
[11 INFO main 429722] Scout.Query -> Scout.GotoCenter | Drive to others reported pos
[11 INFO main 430919] Scout.GotoCenter -> Scout.Query | return to random walk
[11 INFO main 431922] Scout.Query -> Scout.GotoCenter | Drive to others reported pos
[11 INFO main 437025] Scout.GotoCenter -> Scout.Query | return to random walk
[11 INFO main 437231] Scout.Query -> Scout.GotoCenter | Drive to others reported pos
[11 INFO main 438128] Scout.GotoCenter -> Scout.Query | return to random walk
[11 INFO main 438318] Scout.Query -> Scout.GotoCenter | Drive to others reported pos
[11 INFO main 440328] Scout.GotoCenter -> Scout.Query | return to random walk
[11 INFO main 441330] Scout.Query -> Scout.GotoCenter | Drive to others reported pos
[11 INFO main 443541] Scout.GotoCenter -> Scout.Query | return to random walk
[11 INFO main 444342] Scout.Query -> Scout.GotoCenter | Drive to others reported pos
[11 INFO main 446035] Scout.GotoCenter -> Scout.Query | return to random walk
[11 INFO main 446438] Scout.Query -> Scout.GotoCenter | Drive to others reported pos
[11 INFO main 450541] Scout.GotoCenter -> Scout.Query | return to random walk
[11 INFO main 450649] Scout.Query -> Scout.GotoCenter | Drive to others reported pos
[11 INFO main 455749] Scout.GotoCenter -> Scout.Query | return to random walk
[11 INFO main 456055] Scout.Query -> Scout.GotoCenter | Drive to others reported pos
[11 INFO main 459749] Scout.GotoCenter -> Scout.Query | return to random walk
[11 INFO main 460260] Scout.Query -> Scout.GotoCenter | Drive to others reported pos
[11 INFO main 473061] Scout.GotoCenter -> Scout.Query | return to random walk
[11 INFO main 473881] Scout.Query -> Scout.GotoCenter | Drive to others reported pos
[11 INFO main 474674] Scout.GotoCenter -> Scout.Query | return to random walk
[11 INFO main 474976] Scout.Query -> Scout.GotoCenter | Drive to others reported pos
[11 INFO main 478975] Scout.GotoCenter -> Scout.Query | return to random walk
[11 INFO main 479176] Scout.Query -> Scout.GotoCenter | Drive to others reported pos
[11 INFO main 479584] Scout.GotoCenter -> Scout.Query | return to random walk
[11 INFO main 480184] Scout.Query -> Scout.GotoCenter | Drive to others reported pos
[11 INFO main 481277] Scout.GotoCenter -> Scout.Query | return to random walk
[11 INFO main 482285] Scout.Query -> Scout.GotoCenter | Drive to others reported pos
[11 INFO main 484890] Scout.GotoCenter -> Scout.Query | return to random walk
[11 INFO main 485494] Scout.Query -> Scout.GotoCenter | Drive to others reported pos
[11 INFO main 489491] Scout.GotoCenter -> Scout.Query | return to random walk
[11 INFO main 489797] Scout.Query -> Scout.GotoCenter | Drive to others reported pos
[11 INFO main 490492] Scout.GotoCenter -> Scout.Query | return to random walk
[11 INFO main 490802] Scout.Query -> Scout.GotoCenter | Drive to others reported pos
[11 INFO main 491595] Scout.GotoCenter -> Scout.Query | return to random walk
[11 INFO main 491902] Scout.Query -> Scout.GotoCenter | Drive to others reported pos
[11 INFO main 492093] Scout.GotoCenter -> Scout.Query | return to random walk
[11 INFO main 493002] Scout.Query -> Scout.GotoCenter | Drive to others reported pos
[11 INFO main 494798] Scout.GotoCenter -> Scout.Query | return to random walk
[11 INFO main 495099] Scout.Query -> Scout.GotoCenter | Drive to others reported pos
[11 INFO main 495601] Scout.GotoCenter -> Scout.Query | return to random walk
[11 INFO main 496196] Scout.Query -> Scout.GotoCenter | Drive to others reported pos
[11 INFO main 500805] Scout.GotoCenter -> Scout.Query | return to random walk
[11 INFO main 501208] Scout.Query -> Scout.GotoCenter | Drive to others reported pos
[11 INFO main 502807] Scout.GotoCenter -> Scout.Query | return to random walk
[11 INFO main 503314] Scout.Query -> Scout.GotoCenter | Drive to others reported pos
[11 INFO main 505115] Scout.GotoCenter -> Scout.Query | return to random walk
[11 INFO main 505417] Scout.Query -> Scout.GotoCenter | Drive to others reported pos
[11 INFO main 505509] Scout.GotoCenter -> Scout.Query | return to random walk
[11 INFO main 506509] Scout.Query -> Scout.GotoCenter | Drive to others reported pos
[11 INFO main 506811] Scout.GotoCenter -> Scout.Query | return to random walk
[11 INFO main 507515] Scout.Query -> Scout.GotoCenter | Drive to others reported pos
[11 INFO main 508318] Scout.GotoCenter -> Scout.Query | return to random walk
[11 INFO main 508624] Scout.Query -> Scout.GotoCenter | Drive to others reported pos
[11 INFO main 509221] Scout.GotoCenter -> Scout.Query | return to random walk
[11 INFO main 509717] Scout.Query -> Scout.GotoCenter | Drive to others reported pos
[11 INFO main 511323] Scout.GotoCenter -> Scout.Query | return to random walk
[11 INFO main 511722] Scout.Query -> Scout.GotoCenter | Drive to others reported pos
[11 INFO main 512122] Scout.GotoCenter -> Scout.Query | return to random walk
[11 INFO main 512727] Scout.Query -> Scout.GotoCenter | Drive to others reported pos
[11 INFO main 514522] Scout.GotoCenter -> Scout.Query | return to random walk
[11 INFO main 514833] Scout.Query -> Scout.GotoCenter | Drive to others reported pos
[11 INFO main 517526] Scout.GotoCenter -> Scout.Query | return to random walk
[11 INFO main 518028] Scout.Query -> Scout.GotoCenter | Drive to others reported pos
[11 INFO main 523334] Scout.GotoCenter -> Scout.Query | return to random walk
[11 INFO main 524236] Scout.Query -> Scout.GotoCenter | Drive to others reported pos
[11 INFO main 525435] Scout.GotoCenter -> Scout.Query | return to random walk
[11 INFO main 526346] Scout.Query -> Scout.GotoCenter | Drive to others reported pos
[11 INFO main 532150] Scout.GotoCenter -> Scout.Query | return to random walk
[11 INFO main 532851] Scout.Query -> Scout.GotoCenter | Drive to others reported pos
[11 INFO main 539858] Scout.GotoCenter -> Scout.Query | return to random walk
[11 INFO main 540155] Scout.Query -> Scout.GotoCenter | Drive to others reported pos
[11 INFO main 543459] Scout.GotoCenter -> Scout.Query | return to random walk
[11 INFO main 544266] Scout.Query -> Scout.GotoCenter | Drive to others reported pos
[11 INFO main 547869] Scout.GotoCenter -> Scout.Query | return to random walk
[11 INFO main 548469] Scout.Query -> Scout.GotoCenter | Drive to others reported pos
[11 INFO main 548665] Scout.GotoCenter -> Scout.Query | return to random walk
[11 INFO main 549560] Scout.Query -> Scout.GotoCenter | Drive to others reported pos
[11 INFO main 554080] Scout.GotoCenter -> Scout.Query | return to random walk
[11 INFO main 554580] Scout.Query -> Scout.GotoCenter | Drive to others reported pos
[11 INFO main 555777] Scout.GotoCenter -> Scout.Query | return to random walk
[11 INFO main 556779] Scout.Query -> Scout.GotoCenter | Drive to others reported pos
[11 INFO main 560385] Scout.GotoCenter -> Scout.Query | return to random walk
[11 INFO main 560885] Scout.Query -> Scout.GotoCenter | Drive to others reported pos
[11 INFO main 563785] Scout.GotoCenter -> Scout.Query | return to random walk
[11 INFO main 563897] Scout.Query -> Scout.GotoCenter | Drive to others reported pos
[11 INFO main 566696] Scout.GotoCenter -> Scout.Query | return to random walk
[11 INFO main 567192] Scout.Query -> Scout.GotoCenter | Drive to others reported pos
[11 INFO main 571998] Scout.GotoCenter -> Scout.Query | return to random walk
[11 INFO main 572409] Scout.Query -> Scout.GotoCenter | Drive to others reported pos
[11 INFO main 572699] Scout.GotoCenter -> Scout.Query | return to random walk
[11 INFO main 573508] Scout.Query -> Scout.GotoCenter | Drive to others reported pos
[11 INFO main 574905] Scout.GotoCenter -> Scout.Query | return to random walk
[11 INFO main 575606] Scout.Query -> Scout.GotoCenter | Drive to others reported pos
[11 INFO main 577512] Scout.GotoCenter -> Scout.Query | return to random walk
[11 INFO main 577808] Scout.Query -> Scout.GotoCenter | Drive to others reported pos
[11 INFO main 582512] Scout.GotoCenter -> Scout.Query | return to random walk
[11 INFO main 583019] Scout.Query -> Scout.GotoCenter | Drive to others reported pos
[11 INFO main 585121] Scout.GotoCenter -> Scout.Query | return to random walk
[11 INFO main 585215] Scout.Query -> Scout.GotoCenter | Drive to others reported pos
[11 INFO main 586919] Scout.GotoCenter -> Scout.Query | return to random walk
[11 INFO main 587222] Scout.Query -> Scout.GotoCenter | Drive to others reported pos
[11 INFO main 588920] Scout.GotoCenter -> Scout.Query | return to random walk
[11 INFO main 589321] Scout.Query -> Scout.GotoCenter | Drive to others reported pos
[11 INFO main 590524] Scout.GotoCenter -> Scout.Query | return to random walk
[11 INFO main 591423] Scout.Query -> Scout.GotoCenter | Drive to others reported pos
[11 INFO main 592525] Scout.GotoCenter -> Scout.Query | return to random walk
[11 INFO main 593429] Scout.Query -> Scout.GotoCenter | Drive to others reported pos
[11 INFO main 593625] Scout.GotoCenter -> Scout.Query | return to random walk
[11 INFO main 594431] Scout.Query -> Scout.GotoCenter | Drive to others reported pos
[11 INFO main 596633] Scout.GotoCenter -> Scout.Query | return to random walk
[11 INFO main 597534] Scout.Query -> Scout.GotoCenter | Drive to others reported pos
[11 INFO main 599335] Scout.GotoCenter -> Scout.Query | return to random walk
[11 INFO main 599742] Scout.Query -> Scout.GotoCenter | Drive to others reported pos
