[4 INFO main 30] Initialising Python Geth Console...
[4 INFO main 34] Initialising RandB board...
[4 INFO main 34] Initialising navigation...
[4 INFO main 34] Initialising random-walk...
[4 INFO main 34] Initialising odometry...
[4 INFO main 34] Initialising ground-sensors...
[4 INFO main 1172] --//-- Starting Experiment --//--
[4 INFO main 2275] Idle.IDLE -> Scout.Query | Duration: 21.32
[4 INFO main 54445] Scout.Query -> Scout.GotoCenter | Drive to others reported pos
[4 INFO main 74570] Scout.GotoCenter -> Scout.Query | return to random walk
[4 INFO main 74870] Scout.Query -> Scout.GotoCenter | Drive to others reported pos
[4 INFO main 75471] Scout.GotoCenter -> Scout.Query | return to random walk
[4 INFO main 75872] Scout.Query -> Scout.GotoCenter | Drive to others reported pos
[4 INFO main 76674] Scout.GotoCenter -> Scout.Query | return to random walk
[4 INFO main 76873] Scout.Query -> Scout.GotoCenter | Drive to others reported pos
[4 INFO main 77272] Scout.GotoCenter -> Scout.Query | return to random walk
[4 INFO main 77874] Scout.Query -> Scout.GotoCenter | Drive to others reported pos
[4 INFO main 78076] Scout.GotoCenter -> Scout.Query | return to random walk
[4 INFO main 78875] Scout.Query -> Scout.GotoCenter | Drive to others reported pos
[4 INFO main 79175] Scout.GotoCenter -> Scout.Query | return to random walk
[4 INFO main 79876] Scout.Query -> Scout.GotoCenter | Drive to others reported pos
[4 INFO main 79975] Scout.GotoCenter -> Scout.Query | return to random walk
[4 INFO main 80878] Scout.Query -> Scout.GotoCenter | Drive to others reported pos
[4 INFO main 81379] Scout.GotoCenter -> Scout.Query | return to random walk
[4 INFO main 81880] Scout.Query -> Scout.GotoCenter | Drive to others reported pos
[4 INFO main 81978] Scout.GotoCenter -> Scout.Query | return to random walk
[4 INFO main 82881] Scout.Query -> Scout.GotoCenter | Drive to others reported pos
[4 INFO main 82979] Scout.GotoCenter -> Scout.Query | return to random walk
[4 INFO main 83882] Scout.Query -> Scout.GotoCenter | Drive to others reported pos
[4 INFO main 84281] Scout.GotoCenter -> Scout.Query | return to random walk
[4 INFO main 84884] Scout.Query -> Scout.GotoCenter | Drive to others reported pos
[4 INFO main 85483] Scout.GotoCenter -> Scout.Query | return to random walk
[4 INFO main 85885] Scout.Query -> Scout.GotoCenter | Drive to others reported pos
[4 INFO main 86184] Scout.GotoCenter -> Scout.Query | return to random walk
