[7 INFO main 28] Initialising Python Geth Console...
[7 INFO main 34] Initialising RandB board...
[7 INFO main 34] Initialising navigation...
[7 INFO main 34] Initialising random-walk...
[7 INFO main 34] Initialising odometry...
[7 INFO main 35] Initialising ground-sensors...
[7 INFO main 665] --//-- Starting Experiment --//--
[7 INFO main 2106] Idle.IDLE -> Scout.Query | Duration: 30.79
[7 INFO main 14802] Scout.Query -> Verify.DriveTo | Go to unverified source
[7 INFO main 29415] Verify.DriveTo -> Verify.Homing | Homing
[7 INFO main 44489] Verify.Homing -> Scout.Query | Arrived home
[7 INFO main 54466] Confirming: 1/9
[7 INFO main 56503] Confirming: 2/9
[7 INFO main 58528] Confirming: 3/9
[7 INFO main 60539] Confirming: 4/9
[7 INFO main 62578] Confirming: 5/9
[7 INFO main 64597] Confirming: 6/9
[7 INFO main 66636] Confirming: 7/9
[7 INFO main 68724] Confirming: 8/9
[7 INFO main 70794] Confirming: 9/9
[7 INFO main 71455] Scout.Query -> Verify.DriveTo | Go to unverified source
[7 INFO main 96141] Verify.DriveTo -> Verify.Homing | Homing
[7 INFO main 104379] Confirming: 1/9
[7 INFO main 108570] Confirming: 2/9
[7 INFO main 110625] Confirming: 4/9
[7 INFO main 112673] Confirming: 5/9
[7 INFO main 116968] Confirming: 6/9
[7 INFO main 118187] Verify.Homing -> Scout.Query | Arrived home
[7 INFO main 119087] Confirming: 7/9
[7 INFO main 121171] Confirming: 9/9
[7 INFO main 121251] Scout.Query -> Verify.DriveTo | Go to unverified source
[7 INFO main 284242] Verify.DriveTo -> Verify.Homing | Homing
[7 INFO main 296631] Confirming: 1/9
[7 INFO main 298672] Confirming: 2/9
[7 INFO main 300699] Confirming: 3/9
[7 INFO main 302757] Confirming: 4/9
[7 INFO main 304902] Confirming: 6/9
[7 INFO main 306905] Confirming: 7/9
[7 INFO main 308934] Confirming: 8/9
[7 INFO main 310987] Confirming: 9/9
[7 INFO main 311310] Verify.Homing -> Scout.Query | Arrived home
[7 INFO main 311441] Scout.Query -> Verify.DriveTo | Go to unverified source
[7 INFO main 336765] Verify.DriveTo -> Verify.Homing | Homing
[7 INFO main 355777] Confirming: 1/9
[7 INFO main 359816] Confirming: 3/9
[7 INFO main 359817] Verify.Homing -> Scout.Query | Arrived home
[7 INFO main 361825] Confirming: 4/9
[7 INFO main 363852] Confirming: 5/9
[7 INFO main 365964] Confirming: 6/9
[7 INFO main 367966] Confirming: 7/9
[7 INFO main 369965] Confirming: 8/9
[7 INFO main 371985] Confirming: 9/9
[7 INFO main 372637] Scout.Query -> Verify.DriveTo | Go to unverified source
[7 INFO main 418668] Verify.DriveTo -> Verify.Homing | Homing
[7 INFO main 434823] Verify.Homing -> Scout.Query | Arrived home
[7 INFO main 445607] Confirming: 1/9
[7 INFO main 447656] Confirming: 2/9
[7 INFO main 449688] Confirming: 3/9
[7 INFO main 451866] Confirming: 4/9
[7 INFO main 453852] Confirming: 5/9
[7 INFO main 455980] Confirming: 6/9
[7 INFO main 458062] Confirming: 7/9
[7 INFO main 460065] Confirming: 8/9
[7 INFO main 462074] Confirming: 9/9
[7 INFO main 462726] Scout.Query -> Verify.DriveTo | Go to unverified source
[7 INFO main 495506] Verify.DriveTo -> Verify.Homing | Homing
[7 INFO main 501968] Verify.Homing -> Scout.Query | Arrived home
[7 INFO main 503845] Confirming: 1/9
[7 INFO main 505921] Confirming: 2/9
[7 INFO main 508247] Confirming: 3/9
[7 INFO main 510279] Confirming: 4/9
[7 INFO main 512243] Confirming: 5/9
[7 INFO main 514344] Confirming: 6/9
[7 INFO main 516388] Confirming: 7/9
[7 INFO main 518587] Confirming: 8/9
[7 INFO main 520608] Confirming: 9/9
[7 INFO main 553010] Scout.Query -> Scout.PrepSend | Homing
[7 INFO main 553174] Scout.PrepSend -> Verify.Homing | Homing
[7 INFO main 564867] Verify.Homing -> Scout.Query | Arrived home
[7 INFO main 574393] Confirming: 1/9
[7 INFO main 576425] Confirming: 2/9
[7 INFO main 578460] Confirming: 3/9
[7 INFO main 580484] Confirming: 4/9
[7 INFO main 582548] Confirming: 5/9
[7 INFO main 586702] Confirming: 7/9
[7 INFO main 590891] Confirming: 8/9
[7 INFO main 593021] Confirming: 9/9
[7 INFO main 593050] Scout.Query -> Verify.DriveTo | Go to unverified source
[7 INFO main 611538] Verify.DriveTo -> Verify.Homing | Homing
[7 INFO main 617830] Confirming: 1/9
[7 INFO main 619837] Confirming: 2/9
[7 INFO main 621842] Confirming: 3/9
[7 INFO main 623887] Confirming: 4/9
[7 INFO main 627992] Confirming: 6/9
[7 INFO main 629998] Confirming: 7/9
[7 INFO main 632014] Confirming: 8/9
[7 INFO main 634203] Confirming: 9/9
[7 INFO main 635848] Verify.Homing -> Scout.Query | Arrived home
[7 INFO main 635969] Scout.Query -> Verify.DriveTo | Go to unverified source
[7 INFO main 668427] Verify.DriveTo -> Verify.Homing | Homing
[7 INFO main 685159] Confirming: 2/9
[7 INFO main 687255] Confirming: 3/9
[7 INFO main 687695] Verify.Homing -> Scout.Query | Arrived home
[7 INFO main 689329] Confirming: 4/9
[7 INFO main 693485] Confirming: 6/9
[7 INFO main 695495] Confirming: 7/9
[7 INFO main 697550] Confirming: 8/9
[7 INFO main 699624] Confirming: 9/9
[7 INFO main 700454] Scout.Query -> Verify.DriveTo | Go to unverified source
[7 INFO main 751782] Verify.DriveTo -> Verify.Homing | Homing
[7 INFO main 760222] Confirming: 1/9
[7 INFO main 762235] Confirming: 2/9
[7 INFO main 764255] Confirming: 3/9
[7 INFO main 766468] Confirming: 4/9
[7 INFO main 767209] Verify.Homing -> Scout.Query | Arrived home
[7 INFO main 768549] Confirming: 5/9
[7 INFO main 770626] Confirming: 6/9
[7 INFO main 772662] Confirming: 7/9
[7 INFO main 774672] Confirming: 8/9
[7 INFO main 776736] Confirming: 9/9
[7 INFO main 776964] Scout.Query -> Verify.DriveTo | Go to unverified source
[7 INFO main 847188] Verify.DriveTo -> Verify.Homing | Homing
[7 INFO main 872186] Confirming: 1/9
[7 INFO main 874281] Confirming: 2/9
[7 INFO main 876534] Confirming: 3/9
[7 INFO main 878635] Confirming: 4/9
[7 INFO main 880643] Confirming: 5/9
[7 INFO main 882705] Confirming: 6/9
[7 INFO main 883334] Verify.Homing -> Scout.Query | Arrived home
[7 INFO main 884754] Confirming: 7/9
[7 INFO main 886912] Confirming: 8/9
[7 INFO main 888956] Confirming: 9/9
[7 INFO main 889004] Scout.Query -> Verify.DriveTo | Go to unverified source
[7 INFO main 917646] Verify.DriveTo -> Verify.Homing | Homing
[7 INFO main 925366] Verify.Homing -> Scout.Query | Arrived home
[7 INFO main 939083] Confirming: 1/9
[7 INFO main 941104] Confirming: 2/9
[7 INFO main 943312] Confirming: 3/9
[7 INFO main 945397] Confirming: 4/9
[7 INFO main 947456] Confirming: 5/9
[7 INFO main 949492] Confirming: 6/9
[7 INFO main 951464] Confirming: 7/9
[7 INFO main 953588] Confirming: 8/9
[7 INFO main 955640] Confirming: 9/9
[7 INFO main 955677] Scout.Query -> Verify.DriveTo | Go to unverified source
[7 INFO main 981633] Verify.DriveTo -> Verify.Homing | Homing
[7 INFO main 1000405] Confirming: 1/9
[7 INFO main 1002423] Confirming: 2/9
[7 INFO main 1004433] Confirming: 3/9
[7 INFO main 1006494] Confirming: 4/9
[7 INFO main 1008386] Verify.Homing -> Scout.Query | Arrived home
[7 INFO main 1008597] Confirming: 5/9
[7 INFO main 1010924] Confirming: 7/9
[7 INFO main 1012937] Confirming: 8/9
[7 INFO main 1015084] Confirming: 9/9
[7 INFO main 1015422] Scout.Query -> Verify.DriveTo | Go to unverified source
[7 INFO main 1053380] Verify.DriveTo -> Verify.Homing | Homing
[7 INFO main 1059774] Confirming: 1/9
[7 INFO main 1061851] Confirming: 2/9
[7 INFO main 1063940] Confirming: 3/9
[7 INFO main 1065985] Confirming: 4/9
[7 INFO main 1068054] Confirming: 5/9
[7 INFO main 1070111] Confirming: 6/9
[7 INFO main 1072202] Confirming: 7/9
[7 INFO main 1074213] Confirming: 8/9
[7 INFO main 1076308] Confirming: 9/9
[7 INFO main 1079577] Verify.Homing -> Scout.Query | Arrived home
[7 INFO main 1079702] Scout.Query -> Verify.DriveTo | Go to unverified source
[7 INFO main 1127397] Verify.DriveTo -> Verify.Homing | Homing
[7 INFO main 1134117] Confirming: 1/9
[7 INFO main 1136198] Confirming: 2/9
[7 INFO main 1138270] Confirming: 3/9
[7 INFO main 1139553] Verify.Homing -> Scout.Query | Arrived home
[7 INFO main 1140340] Confirming: 4/9
[7 INFO main 1142434] Confirming: 5/9
[7 INFO main 1144556] Confirming: 6/9
[7 INFO main 1146660] Confirming: 7/9
[7 INFO main 1148721] Confirming: 8/9
[7 INFO main 1150730] Confirming: 9/9
[7 INFO main 1150989] Scout.Query -> Verify.DriveTo | Go to unverified source
[7 INFO main 1188838] Verify.DriveTo -> Verify.Homing | Homing
[7 INFO main 1205116] Verify.Homing -> Scout.Query | Arrived home
[7 INFO main 1209776] Confirming: 1/9
[7 INFO main 1211784] Confirming: 2/9
[7 INFO main 1213881] Confirming: 3/9
[7 INFO main 1215958] Confirming: 4/9
[7 INFO main 1217969] Confirming: 5/9
[7 INFO main 1220053] Confirming: 6/9
[7 INFO main 1222102] Confirming: 7/9
[7 INFO main 1224110] Confirming: 8/9
[7 INFO main 1226226] Confirming: 9/9
[7 INFO main 1226268] Scout.Query -> Verify.DriveTo | Go to unverified source
[7 INFO main 1253552] Verify.DriveTo -> Verify.Homing | Homing
[7 INFO main 1270492] Confirming: 1/9
[7 INFO main 1272594] Confirming: 2/9
[7 INFO main 1274662] Confirming: 3/9
[7 INFO main 1276701] Confirming: 4/9
[7 INFO main 1278718] Confirming: 5/9
[7 INFO main 1280787] Confirming: 7/9
[7 INFO main 1282804] Confirming: 8/9
[7 INFO main 1284911] Confirming: 9/9
[7 INFO main 1303581] Verify.Homing -> Scout.Query | Arrived home
[7 INFO main 1303732] Scout.Query -> Verify.DriveTo | Go to unverified source
[7 INFO main 1322051] Verify.DriveTo -> Verify.Homing | Homing
[7 INFO main 1330432] Confirming: 1/9
[7 INFO main 1332478] Confirming: 2/9
[7 INFO main 1334528] Confirming: 3/9
[7 INFO main 1336672] Confirming: 4/9
[7 INFO main 1336735] Verify.Homing -> Scout.Query | Arrived home
[7 INFO main 1338774] Confirming: 6/9
[7 INFO main 1342834] Confirming: 7/9
[7 INFO main 1344905] Confirming: 8/9
[7 INFO main 1347008] Confirming: 10/9
[7 INFO main 1347524] Scout.Query -> Verify.DriveTo | Go to unverified source
[7 INFO main 1369354] Verify.DriveTo -> Verify.Homing | Homing
[7 INFO main 1381141] Verify.Homing -> Scout.Query | Arrived home
[7 INFO main 1390067] Confirming: 1/9
[7 INFO main 1392144] Confirming: 2/9
[7 INFO main 1394223] Confirming: 3/9
[7 INFO main 1396265] Confirming: 4/9
[7 INFO main 1398277] Confirming: 5/9
[7 INFO main 1400382] Confirming: 6/9
[7 INFO main 1402402] Confirming: 7/9
[7 INFO main 1404475] Confirming: 8/9
[7 INFO main 1406541] Confirming: 9/9
[7 INFO main 1406905] Scout.Query -> Verify.DriveTo | Go to unverified source
[7 INFO main 1425614] Verify.DriveTo -> Verify.Homing | Homing
[7 INFO main 1448069] Verify.Homing -> Scout.Query | Arrived home
[7 INFO main 1450847] Confirming: 1/9
[7 INFO main 1452935] Confirming: 2/9
[7 INFO main 1455030] Confirming: 3/9
[7 INFO main 1457132] Confirming: 5/9
[7 INFO main 1459136] Confirming: 6/9
[7 INFO main 1461160] Confirming: 7/9
[7 INFO main 1463193] Confirming: 8/9
[7 INFO main 1465258] Confirming: 9/9
[7 INFO main 1467508] Scout.Query -> Verify.DriveTo | Go to unverified source
[7 INFO main 1509175] Verify.DriveTo -> Verify.Homing | Homing
[7 INFO main 1526371] Verify.Homing -> Scout.Query | Arrived home
[7 INFO main 1540073] Confirming: 1/9
[7 INFO main 1542093] Confirming: 2/9
[7 INFO main 1544151] Confirming: 3/9
[7 INFO main 1546195] Confirming: 4/9
[7 INFO main 1548232] Confirming: 5/9
[7 INFO main 1550285] Confirming: 6/9
[7 INFO main 1552308] Confirming: 7/9
[7 INFO main 1554354] Confirming: 8/9
[7 INFO main 1556420] Confirming: 9/9
[7 INFO main 1556482] Scout.Query -> Verify.DriveTo | Go to unverified source
[7 INFO main 1575232] Verify.DriveTo -> Verify.Homing | Homing
[7 INFO main 1589761] Confirming: 1/9
[7 INFO main 1591896] Confirming: 2/9
[7 INFO main 1594029] Confirming: 3/9
[7 INFO main 1596213] Confirming: 5/9
[7 INFO main 1598991] Verify.Homing -> Scout.Query | Arrived home
[7 INFO main 1600295] Confirming: 6/9
[7 INFO main 1602324] Confirming: 8/9
[7 INFO main 1604414] Confirming: 9/9
[7 INFO main 1604633] Scout.Query -> Verify.DriveTo | Go to unverified source
[7 INFO main 1627820] Verify.DriveTo -> Verify.Homing | Homing
[7 INFO main 1642399] Confirming: 1/9
[7 INFO main 1644584] Confirming: 2/9
[7 INFO main 1646828] Confirming: 3/9
[7 INFO main 1648859] Confirming: 4/9
[7 INFO main 1650927] Confirming: 5/9
[7 INFO main 1652647] Verify.Homing -> Scout.Query | Arrived home
[7 INFO main 1652978] Confirming: 6/9
[7 INFO main 1654989] Confirming: 7/9
[7 INFO main 1657181] Confirming: 8/9
[7 INFO main 1659278] Confirming: 9/9
[7 INFO main 1659462] Scout.Query -> Verify.DriveTo | Go to unverified source
[7 INFO main 1693099] Verify.DriveTo -> Verify.Homing | Homing
[7 INFO main 1710973] Verify.Homing -> Scout.Query | Arrived home
[7 INFO main 1726113] Confirming: 1/9
[7 INFO main 1728137] Confirming: 2/9
[7 INFO main 1730149] Confirming: 3/9
[7 INFO main 1732174] Confirming: 4/9
[7 INFO main 1734192] Confirming: 5/9
[7 INFO main 1736225] Confirming: 6/9
[7 INFO main 1738252] Confirming: 8/9
[7 INFO main 1742320] Confirming: 10/9
[7 INFO main 1742357] Scout.Query -> Verify.DriveTo | Go to unverified source
[7 INFO main 1762980] Verify.DriveTo -> Verify.Homing | Homing
[7 INFO main 1785781] Confirming: 2/9
[7 INFO main 1788200] Verify.Homing -> Scout.Query | Arrived home
[7 INFO main 1789788] Confirming: 4/9
[7 INFO main 1791804] Confirming: 5/9
[7 INFO main 1793839] Confirming: 6/9
[7 INFO main 1798037] Confirming: 7/9
[7 INFO main 1800057] Confirming: 9/9
[7 INFO main 1800095] Scout.Query -> Verify.DriveTo | Go to unverified source
[7 INFO main 1845018] Verify.DriveTo -> Verify.Homing | Homing
[7 INFO main 1866545] Verify.Homing -> Scout.Query | Arrived home
[7 INFO main 1870004] Confirming: 1/9
[7 INFO main 1874153] Confirming: 2/9
[7 INFO main 1876301] Confirming: 4/9
[7 INFO main 1894776] Confirming: 12/9
[7 INFO main 1894943] Scout.Query -> Verify.DriveTo | Go to unverified source
[7 INFO main 1950859] Verify.DriveTo -> Verify.Homing | Homing
[7 INFO main 1963361] Confirming: 1/9
[7 INFO main 1965401] Confirming: 2/9
[7 INFO main 1967423] Confirming: 3/9
[7 INFO main 1969480] Confirming: 4/9
[7 INFO main 1971575] Confirming: 5/9
[7 INFO main 1973604] Confirming: 6/9
[7 INFO main 1975671] Confirming: 7/9
[7 INFO main 1977771] Confirming: 9/9
[7 INFO main 1981900] Verify.Homing -> Scout.Query | Arrived home
[7 INFO main 1982041] Scout.Query -> Verify.DriveTo | Go to unverified source
[7 INFO main 2023502] Verify.DriveTo -> Verify.Homing | Homing
[7 INFO main 2053269] Verify.Homing -> Scout.Query | Arrived home
[7 INFO main 2055064] Confirming: 1/9
[7 INFO main 2057094] Confirming: 2/9
[7 INFO main 2059176] Confirming: 3/9
[7 INFO main 2061201] Confirming: 4/9
[7 INFO main 2063281] Confirming: 5/9
[7 INFO main 2065404] Confirming: 6/9
[7 INFO main 2067432] Confirming: 7/9
[7 INFO main 2069560] Confirming: 8/9
[7 INFO main 2071746] Confirming: 9/9
[7 INFO main 2072412] Scout.Query -> Verify.DriveTo | Go to unverified source
[7 INFO main 2106123] Verify.DriveTo -> Verify.Homing | Homing
[7 INFO main 2114626] Confirming: 1/9
[7 INFO main 2116687] Confirming: 2/9
[7 INFO main 2118700] Confirming: 3/9
[7 INFO main 2120751] Confirming: 4/9
[7 INFO main 2122845] Confirming: 5/9
[7 INFO main 2126968] Confirming: 7/9
[7 INFO main 2129029] Confirming: 8/9
[7 INFO main 2130806] Verify.Homing -> Scout.Query | Arrived home
[7 INFO main 2131106] Confirming: 9/9
[7 INFO main 2132077] Scout.Query -> Verify.DriveTo | Go to unverified source
[7 INFO main 2162337] Verify.DriveTo -> Verify.Homing | Homing
[7 INFO main 2175025] Confirming: 1/9
[7 INFO main 2177052] Confirming: 2/9
[7 INFO main 2179175] Confirming: 3/9
[7 INFO main 2181207] Confirming: 4/9
[7 INFO main 2183285] Confirming: 5/9
[7 INFO main 2185343] Confirming: 6/9
[7 INFO main 2186509] Verify.Homing -> Scout.Query | Arrived home
[7 INFO main 2187392] Confirming: 7/9
[7 INFO main 2189459] Confirming: 8/9
[7 INFO main 2191496] Confirming: 9/9
[7 INFO main 2192341] Scout.Query -> Verify.DriveTo | Go to unverified source
[7 INFO main 2234943] Verify.DriveTo -> Verify.Homing | Homing
[7 INFO main 2246619] Verify.Homing -> Scout.Query | Arrived home
[7 INFO main 2266052] Confirming: 2/9
[7 INFO main 2268251] Confirming: 3/9
[7 INFO main 2272324] Confirming: 4/9
[7 INFO main 2274395] Confirming: 6/9
[7 INFO main 2276430] Confirming: 7/9
[7 INFO main 2278529] Confirming: 8/9
[7 INFO main 2280562] Confirming: 9/9
[7 INFO main 2281352] Scout.Query -> Verify.DriveTo | Go to unverified source
[7 INFO main 2304269] Verify.DriveTo -> Verify.Homing | Homing
[7 INFO main 2317343] Verify.Homing -> Scout.Query | Arrived home
[7 INFO main 2326962] Confirming: 2/9
[7 INFO main 2329008] Confirming: 4/9
[7 INFO main 2333084] Confirming: 5/9
[7 INFO main 2335104] Confirming: 6/9
[7 INFO main 2337205] Confirming: 8/9
[7 INFO main 2341375] Confirming: 9/9
[7 INFO main 2341416] Scout.Query -> Verify.DriveTo | Go to unverified source
[7 INFO main 2378034] Verify.DriveTo -> Verify.Homing | Homing
[7 INFO main 2388454] Verify.Homing -> Scout.Query | Arrived home
[7 INFO main 2393114] Confirming: 2/9
[7 INFO main 2397181] Confirming: 3/9
[7 INFO main 2399183] Confirming: 4/9
[7 INFO main 2401263] Confirming: 6/9
[7 INFO main 2403351] Confirming: 7/9
[7 INFO main 2405388] Confirming: 8/9
[7 INFO main 2407458] Confirming: 9/9
[7 INFO main 2408133] Scout.Query -> Verify.DriveTo | Go to unverified source
[7 INFO main 2437839] Verify.DriveTo -> Verify.Homing | Homing
[7 INFO main 2446247] Confirming: 1/9
[7 INFO main 2448363] Confirming: 2/9
[7 INFO main 2451246] Verify.Homing -> Scout.Query | Arrived home
[7 INFO main 2452443] Confirming: 3/9
[7 INFO main 2454550] Confirming: 5/9
[7 INFO main 2456640] Confirming: 6/9
[7 INFO main 2458666] Confirming: 7/9
[7 INFO main 2460683] Confirming: 8/9
[7 INFO main 2462760] Confirming: 9/9
[7 INFO main 2463663] Scout.Query -> Verify.DriveTo | Go to unverified source
[7 INFO main 2497788] Verify.DriveTo -> Verify.Homing | Homing
[7 INFO main 2506248] Confirming: 1/9
[7 INFO main 2508275] Confirming: 2/9
[7 INFO main 2510352] Confirming: 3/9
[7 INFO main 2512398] Confirming: 4/9
[7 INFO main 2514476] Confirming: 5/9
[7 INFO main 2516480] Confirming: 6/9
[7 INFO main 2516845] Verify.Homing -> Scout.Query | Arrived home
[7 INFO main 2518532] Confirming: 7/9
[7 INFO main 2520812] Confirming: 9/9
[7 INFO main 2521391] Scout.Query -> Verify.DriveTo | Go to unverified source
[7 INFO main 2552036] Verify.DriveTo -> Verify.Homing | Homing
[7 INFO main 2566503] Confirming: 1/9
[7 INFO main 2570648] Confirming: 3/9
[7 INFO main 2572746] Confirming: 4/9
[7 INFO main 2573832] Verify.Homing -> Scout.Query | Arrived home
[7 INFO main 2574810] Confirming: 5/9
[7 INFO main 2576874] Confirming: 6/9
[7 INFO main 2578943] Confirming: 8/9
[7 INFO main 2580947] Confirming: 9/9
[7 INFO main 2581482] Scout.Query -> Verify.DriveTo | Go to unverified source
[7 INFO main 2627928] Verify.DriveTo -> Verify.Homing | Homing
[7 INFO main 2652281] Verify.Homing -> Scout.Query | Arrived home
[7 INFO main 2655031] Confirming: 1/9
[7 INFO main 2659099] Confirming: 3/9
[7 INFO main 2663203] Confirming: 4/9
[7 INFO main 2665296] Confirming: 6/9
[7 INFO main 2667340] Confirming: 7/9
[7 INFO main 2669421] Confirming: 8/9
[7 INFO main 2671496] Confirming: 9/9
[7 INFO main 2691996] Scout.Query -> Verify.DriveTo | Go to unverified source
[7 INFO main 2703475] Verify.DriveTo -> Verify.Homing | Homing
[7 INFO main 2713810] Confirming: 3/9
[7 INFO main 2715740] Verify.Homing -> Scout.Query | Arrived home
[7 INFO main 2715952] Confirming: 4/9
[7 INFO main 2717979] Confirming: 5/9
[7 INFO main 2720003] Confirming: 6/9
[7 INFO main 2724124] Confirming: 8/9
[7 INFO main 2726125] Confirming: 9/9
[7 INFO main 2726684] Scout.Query -> Verify.DriveTo | Go to unverified source
[7 INFO main 2759199] Verify.DriveTo -> Verify.Homing | Homing
[7 INFO main 2770197] Verify.Homing -> Scout.Query | Arrived home
[7 INFO main 2775980] Confirming: 1/9
[7 INFO main 2778254] Confirming: 2/9
[7 INFO main 2780327] Confirming: 3/9
[7 INFO main 2782391] Confirming: 4/9
[7 INFO main 2784450] Confirming: 5/9
[7 INFO main 2786532] Confirming: 6/9
[7 INFO main 2788549] Confirming: 7/9
[7 INFO main 2790597] Confirming: 8/9
[7 INFO main 2792656] Confirming: 9/9
[7 INFO main 2793915] Scout.Query -> Verify.DriveTo | Go to unverified source
[7 INFO main 2863367] Verify.DriveTo -> Verify.Homing | Homing
[7 INFO main 2894366] Verify.Homing -> Scout.Query | Arrived home
[7 INFO main 2897498] Confirming: 1/9
[7 INFO main 2899526] Confirming: 2/9
[7 INFO main 2901529] Confirming: 3/9
[7 INFO main 2903738] Confirming: 4/9
[7 INFO main 2905832] Confirming: 5/9
[7 INFO main 2907904] Confirming: 6/9
[7 INFO main 2910009] Confirming: 7/9
[7 INFO main 2912017] Confirming: 8/9
[7 INFO main 2914053] Confirming: 9/9
[7 INFO main 2914790] Scout.Query -> Verify.DriveTo | Go to unverified source
[7 INFO main 2982537] Verify.DriveTo -> Verify.Homing | Homing
[7 INFO main 2988879] Confirming: 1/9
[7 INFO main 2990960] Confirming: 2/9
[7 INFO main 2992973] Confirming: 3/9
[7 INFO main 2995184] Confirming: 4/9
[7 INFO main 2997167] Confirming: 5/9
[7 INFO main 2999226] Confirming: 6/9
[7 INFO main 3001369] Confirming: 7/9
[7 INFO main 3003384] Confirming: 8/9
[7 INFO main 3004796] Verify.Homing -> Scout.Query | Arrived home
[7 INFO main 3005391] Confirming: 9/9
[7 INFO main 3006002] Scout.Query -> Verify.DriveTo | Go to unverified source
[7 INFO main 3096923] Verify.DriveTo -> Verify.Homing | Homing
[7 INFO main 3109240] Confirming: 1/9
[7 INFO main 3111362] Confirming: 2/9
[7 INFO main 3113403] Confirming: 3/9
[7 INFO main 3115477] Confirming: 4/9
[7 INFO main 3117636] Confirming: 5/9
[7 INFO main 3119680] Confirming: 6/9
[7 INFO main 3121860] Confirming: 8/9
[7 INFO main 3123902] Confirming: 9/9
[7 INFO main 3164093] Verify.Homing -> Scout.Query | Arrived home
[7 INFO main 3164255] Scout.Query -> Verify.DriveTo | Go to unverified source
[7 INFO main 3204070] Verify.DriveTo -> Verify.Homing | Homing
[7 INFO main 3228978] Confirming: 1/9
[7 INFO main 3231122] Confirming: 2/9
[7 INFO main 3232418] Verify.Homing -> Scout.Query | Arrived home
[7 INFO main 3233286] Confirming: 3/9
[7 INFO main 3235393] Confirming: 4/9
[7 INFO main 3237800] Confirming: 5/9
[7 INFO main 3239909] Confirming: 6/9
[7 INFO main 3242217] Confirming: 7/9
[7 INFO main 3244320] Confirming: 9/9
[7 INFO main 3244374] Scout.Query -> Verify.DriveTo | Go to unverified source
[7 INFO main 3340112] Verify.DriveTo -> Verify.Homing | Homing
[7 INFO main 3349329] Confirming: 1/9
[7 INFO main 3351414] Confirming: 2/9
[7 INFO main 3353437] Confirming: 3/9
[7 INFO main 3355488] Confirming: 4/9
[7 INFO main 3357493] Confirming: 5/9
[7 INFO main 3359518] Confirming: 6/9
[7 INFO main 3361548] Confirming: 7/9
[7 INFO main 3363627] Confirming: 8/9
[7 INFO main 3363848] Verify.Homing -> Scout.Query | Arrived home
[7 INFO main 3365755] Confirming: 9/9
[7 INFO main 3366181] Scout.Query -> Verify.DriveTo | Go to unverified source
[7 INFO main 3416019] Verify.DriveTo -> Verify.Homing | Homing
[7 INFO main 3443744] Verify.Homing -> Scout.Query | Arrived home
[7 INFO main 3445370] Confirming: 1/9
[7 INFO main 3447468] Confirming: 2/9
[7 INFO main 3449575] Confirming: 3/9
[7 INFO main 3451679] Confirming: 4/9
[7 INFO main 3453765] Confirming: 6/9
[7 INFO main 3457918] Confirming: 7/9
[7 INFO main 3459949] Confirming: 8/9
[7 INFO main 3461991] Confirming: 10/9
[7 INFO main 3463122] Scout.Query -> Verify.DriveTo | Go to unverified source
[7 INFO main 3467414] Verify.DriveTo -> Verify.Homing | Homing
[7 INFO main 3475321] Verify.Homing -> Scout.Query | Arrived home
[7 INFO main 3498691] Confirming: 1/9
[7 INFO main 3502864] Confirming: 3/9
[7 INFO main 3505000] Confirming: 4/9
[7 INFO main 3507204] Confirming: 5/9
[7 INFO main 3509339] Confirming: 6/9
[7 INFO main 3511425] Confirming: 7/9
[7 INFO main 3513514] Confirming: 8/9
[7 INFO main 3515632] Confirming: 9/9
[7 INFO main 3516076] Scout.Query -> Verify.DriveTo | Go to unverified source
[7 INFO main 3551739] Verify.DriveTo -> Verify.Homing | Homing
[7 INFO main 3558141] Confirming: 1/9
[7 INFO main 3560242] Confirming: 2/9
[7 INFO main 3564309] Confirming: 4/9
[7 INFO main 3566557] Confirming: 5/9
[7 INFO main 3568583] Confirming: 6/9
[7 INFO main 3572595] Confirming: 8/9
[7 INFO main 3574652] Confirming: 9/9
[7 INFO main 3576714] Verify.Homing -> Scout.Query | Arrived home
[7 INFO main 3576752] Scout.Query -> Verify.DriveTo | Go to unverified source
[7 INFO main 3646528] Verify.DriveTo -> Verify.Homing | Homing
[7 INFO main 3675733] Confirming: 1/9
[7 INFO main 3677756] Verify.Homing -> Scout.Query | Arrived home
[7 INFO main 3679888] Confirming: 3/9
[7 INFO main 3681999] Confirming: 4/9
[7 INFO main 3684088] Confirming: 5/9
[7 INFO main 3686103] Confirming: 6/9
[7 INFO main 3688225] Confirming: 7/9
[7 INFO main 3690275] Confirming: 8/9
[7 INFO main 3692343] Confirming: 9/9
[7 INFO main 3692701] Scout.Query -> Verify.DriveTo | Go to unverified source
[7 INFO main 3716836] Verify.DriveTo -> Verify.Homing | Homing
[7 INFO main 3727361] Confirming: 1/9
[7 INFO main 3729583] Confirming: 2/9
[7 INFO main 3731634] Confirming: 3/9
[7 INFO main 3733781] Confirming: 4/9
[7 INFO main 3735895] Confirming: 5/9
[7 INFO main 3737995] Confirming: 6/9
[7 INFO main 3740052] Confirming: 7/9
[7 INFO main 3742135] Confirming: 8/9
[7 INFO main 3744203] Confirming: 9/9
[7 INFO main 3757589] Verify.Homing -> Scout.Query | Arrived home
[7 INFO main 3757732] Scout.Query -> Verify.DriveTo | Go to unverified source
[7 INFO main 3797310] Verify.DriveTo -> Verify.Homing | Homing
[7 INFO main 3815073] Verify.Homing -> Scout.Query | Arrived home
[7 INFO main 3830112] Confirming: 1/9
[7 INFO main 3832174] Confirming: 2/9
[7 INFO main 3834217] Confirming: 3/9
[7 INFO main 3836316] Confirming: 4/9
[7 INFO main 3838411] Confirming: 5/9
[7 INFO main 3840511] Confirming: 6/9
[7 INFO main 3842519] Confirming: 7/9
[7 INFO main 3844585] Confirming: 8/9
[7 INFO main 3846691] Confirming: 9/9
[7 INFO main 3846741] Scout.Query -> Verify.DriveTo | Go to unverified source
[7 INFO main 3879657] Verify.DriveTo -> Verify.Homing | Homing
[7 INFO main 3903952] Verify.Homing -> Scout.Query | Arrived home
[7 INFO main 3920973] Confirming: 1/9
[7 INFO main 3922948] Confirming: 2/9
[7 INFO main 3925144] Confirming: 3/9
[7 INFO main 3927280] Confirming: 4/9
[7 INFO main 3929323] Confirming: 5/9
[7 INFO main 3931375] Confirming: 6/9
[7 INFO main 3933467] Confirming: 7/9
[7 INFO main 3935568] Confirming: 8/9
[7 INFO main 3937605] Confirming: 9/9
[7 INFO main 3937738] Scout.Query -> Verify.DriveTo | Go to unverified source
[7 INFO main 3993376] Verify.DriveTo -> Verify.Homing | Homing
[7 INFO main 4011954] Confirming: 2/9
[7 INFO main 4012293] Verify.Homing -> Scout.Query | Arrived home
[7 INFO main 4014009] Confirming: 3/9
[7 INFO main 4016130] Confirming: 4/9
[7 INFO main 4018203] Confirming: 5/9
[7 INFO main 4020261] Confirming: 6/9
[7 INFO main 4022331] Confirming: 7/9
[7 INFO main 4024403] Confirming: 8/9
[7 INFO main 4026464] Confirming: 9/9
[7 INFO main 4026516] Scout.Query -> Verify.DriveTo | Go to unverified source
[7 INFO main 4051624] Verify.DriveTo -> Verify.Homing | Homing
[7 INFO main 4063346] Verify.Homing -> Scout.Query | Arrived home
[7 INFO main 4070576] Confirming: 1/9
[7 INFO main 4072617] Confirming: 2/9
[7 INFO main 4074724] Confirming: 3/9
[7 INFO main 4076859] Confirming: 4/9
[7 INFO main 4078883] Confirming: 5/9
[7 INFO main 4080911] Confirming: 6/9
[7 INFO main 4083013] Confirming: 7/9
[7 INFO main 4085039] Confirming: 8/9
[7 INFO main 4087106] Confirming: 9/9
[7 INFO main 4087520] Scout.Query -> Verify.DriveTo | Go to unverified source
[7 INFO main 4120259] Verify.DriveTo -> Verify.Homing | Homing
[7 INFO main 4130752] Confirming: 1/9
[7 INFO main 4132955] Confirming: 2/9
[7 INFO main 4135059] Confirming: 3/9
[7 INFO main 4137067] Confirming: 4/9
[7 INFO main 4139074] Confirming: 5/9
[7 INFO main 4140082] Verify.Homing -> Scout.Query | Arrived home
[7 INFO main 4141138] Confirming: 6/9
[7 INFO main 4143195] Confirming: 7/9
[7 INFO main 4145232] Confirming: 8/9
[7 INFO main 4147276] Confirming: 9/9
[7 INFO main 4147401] Scout.Query -> Verify.DriveTo | Go to unverified source
[7 INFO main 4212374] Verify.DriveTo -> Verify.Homing | Homing
[7 INFO main 4222966] Confirming: 2/9
[7 INFO main 4225072] Confirming: 3/9
[7 INFO main 4227116] Confirming: 4/9
[7 INFO main 4229159] Confirming: 5/9
[7 INFO main 4231227] Confirming: 6/9
[7 INFO main 4233327] Confirming: 7/9
[7 INFO main 4235425] Confirming: 8/9
[7 INFO main 4237454] Confirming: 9/9
[7 INFO main 4317912] Verify.Homing -> Scout.Query | Arrived home
[7 INFO main 4318068] Scout.Query -> Verify.DriveTo | Go to unverified source
[7 INFO main 4346966] Verify.DriveTo -> Verify.Homing | Homing
[7 INFO main 4366795] Verify.Homing -> Scout.Query | Arrived home
[7 INFO main 4369733] Confirming: 1/9
[7 INFO main 4371747] Confirming: 2/9
[7 INFO main 4373814] Confirming: 4/9
[7 INFO main 4375957] Confirming: 5/9
[7 INFO main 4378009] Confirming: 6/9
[7 INFO main 4380101] Confirming: 7/9
[7 INFO main 4384237] Confirming: 9/9
[7 INFO main 4384614] Scout.Query -> Verify.DriveTo | Go to unverified source
[7 INFO main 4427955] Verify.DriveTo -> Verify.Homing | Homing
[7 INFO main 4448349] Verify.Homing -> Scout.Query | Arrived home
[7 INFO main 4461299] Confirming: 1/9
[7 INFO main 4463412] Confirming: 2/9
[7 INFO main 4465408] Confirming: 3/9
[7 INFO main 4467513] Confirming: 4/9
[7 INFO main 4469602] Confirming: 5/9
[7 INFO main 4471628] Confirming: 6/9
[7 INFO main 4473707] Confirming: 7/9
[7 INFO main 4475711] Confirming: 8/9
[7 INFO main 4477792] Confirming: 10/9
[7 INFO main 4478644] Scout.Query -> Verify.DriveTo | Go to unverified source
[7 INFO main 4522873] Verify.DriveTo -> Verify.Homing | Homing
[7 INFO main 4547150] Verify.Homing -> Scout.Query | Arrived home
[7 INFO main 4551638] Confirming: 1/9
[7 INFO main 4553681] Confirming: 2/9
[7 INFO main 4555724] Confirming: 3/9
[7 INFO main 4559928] Confirming: 5/9
[7 INFO main 4561944] Confirming: 6/9
[7 INFO main 4564060] Confirming: 8/9
[7 INFO main 4566185] Confirming: 9/9
[7 INFO main 4566517] Scout.Query -> Verify.DriveTo | Go to unverified source
[7 INFO main 4618392] Verify.DriveTo -> Verify.Homing | Homing
[7 INFO main 4641104] Confirming: 1/9
[7 INFO main 4643147] Confirming: 2/9
[7 INFO main 4645229] Confirming: 3/9
[7 INFO main 4647242] Confirming: 4/9
[7 INFO main 4649294] Confirming: 5/9
[7 INFO main 4650593] Verify.Homing -> Scout.Query | Arrived home
[7 INFO main 4651380] Confirming: 6/9
[7 INFO main 4653430] Confirming: 7/9
[7 INFO main 4655441] Confirming: 8/9
[7 INFO main 4657546] Confirming: 9/9
[7 INFO main 4658276] Scout.Query -> Verify.DriveTo | Go to unverified source
[7 INFO main 4704320] Verify.DriveTo -> Verify.Homing | Homing
[7 INFO main 4727274] Verify.Homing -> Scout.Query | Arrived home
[7 INFO main 4731202] Confirming: 1/9
[7 INFO main 4733268] Confirming: 2/9
[7 INFO main 4735278] Confirming: 3/9
[7 INFO main 4737311] Confirming: 4/9
[7 INFO main 4739334] Confirming: 5/9
[7 INFO main 4741385] Confirming: 6/9
[7 INFO main 4743489] Confirming: 7/9
[7 INFO main 4745443] Confirming: 8/9
[7 INFO main 4747530] Confirming: 9/9
[7 INFO main 4748529] Scout.Query -> Verify.DriveTo | Go to unverified source
[7 INFO main 4773397] Verify.DriveTo -> Verify.Homing | Homing
[7 INFO main 4790086] Confirming: 1/9
[7 INFO main 4792112] Confirming: 2/9
[7 INFO main 4794203] Confirming: 3/9
[7 INFO main 4798268] Confirming: 5/9
[7 INFO main 4800368] Confirming: 6/9
[7 INFO main 4802399] Confirming: 7/9
[7 INFO main 4804501] Confirming: 8/9
[7 INFO main 4806586] Confirming: 9/9
[7 INFO main 4817555] Verify.Homing -> Scout.Query | Arrived home
[7 INFO main 4817687] Scout.Query -> Verify.DriveTo | Go to unverified source
[7 INFO main 4851824] Verify.DriveTo -> Verify.Homing | Homing
[7 INFO main 4864861] Verify.Homing -> Scout.Query | Arrived home
[7 INFO main 4866672] Confirming: 1/9
[7 INFO main 4868766] Confirming: 2/9
[7 INFO main 4870851] Confirming: 3/9
[7 INFO main 4872892] Confirming: 4/9
[7 INFO main 4874949] Confirming: 5/9
[7 INFO main 4877634] Confirming: 6/9
[7 INFO main 4879658] Confirming: 7/9
[7 INFO main 4881626] Confirming: 8/9
[7 INFO main 4883717] Confirming: 9/9
[7 INFO main 4884048] Scout.Query -> Verify.DriveTo | Go to unverified source
[7 INFO main 4923865] Verify.DriveTo -> Verify.Homing | Homing
[7 INFO main 4947018] Confirming: 1/9
[7 INFO main 4949128] Confirming: 2/9
[7 INFO main 4951231] Confirming: 3/9
[7 INFO main 4953307] Confirming: 4/9
[7 INFO main 4955364] Confirming: 5/9
[7 INFO main 4957417] Confirming: 6/9
[7 INFO main 4959433] Confirming: 7/9
[7 INFO main 4961473] Confirming: 8/9
[7 INFO main 4963506] Confirming: 9/9
[7 INFO main 4966524] Verify.Homing -> Scout.Query | Arrived home
[7 INFO main 4966688] Scout.Query -> Verify.DriveTo | Go to unverified source
[7 INFO main 5035887] Verify.DriveTo -> Verify.Homing | Homing
[7 INFO main 5054091] Verify.Homing -> Scout.Query | Arrived home
[7 INFO main 5060832] Confirming: 1/9
[7 INFO main 5062839] Confirming: 2/9
[7 INFO main 5064929] Confirming: 3/9
[7 INFO main 5067013] Confirming: 4/9
[7 INFO main 5075174] Confirming: 8/9
[7 INFO main 5077243] Confirming: 9/9
[7 INFO main 5077806] Scout.Query -> Verify.DriveTo | Go to unverified source
[7 INFO main 5120474] Verify.DriveTo -> Verify.Homing | Homing
[7 INFO main 5152356] Confirming: 2/9
[7 INFO main 5154409] Confirming: 3/9
[7 INFO main 5156424] Confirming: 4/9
[7 INFO main 5158465] Confirming: 5/9
[7 INFO main 5160541] Confirming: 6/9
[7 INFO main 5162548] Confirming: 7/9
[7 INFO main 5164641] Confirming: 8/9
[7 INFO main 5166818] Confirming: 9/9
[7 INFO main 5217685] Verify.Homing -> Scout.Query | Arrived home
[7 INFO main 5217816] Scout.Query -> Verify.DriveTo | Go to unverified source
[7 INFO main 5263900] Verify.DriveTo -> Verify.Homing | Homing
[7 INFO main 5270333] Confirming: 1/9
[7 INFO main 5272408] Confirming: 2/9
[7 INFO main 5274447] Confirming: 3/9
[7 INFO main 5276534] Confirming: 4/9
[7 INFO main 5278542] Confirming: 5/9
[7 INFO main 5280606] Confirming: 6/9
[7 INFO main 5282634] Confirming: 7/9
[7 INFO main 5284672] Confirming: 8/9
[7 INFO main 5286887] Verify.Homing -> Scout.Query | Arrived home
[7 INFO main 5288772] Confirming: 10/9
[7 INFO main 5289188] Scout.Query -> Verify.DriveTo | Go to unverified source
[7 INFO main 5340792] Verify.DriveTo -> Verify.Homing | Homing
[7 INFO main 5361618] Confirming: 1/9
[7 INFO main 5363679] Confirming: 2/9
[7 INFO main 5365696] Confirming: 3/9
[7 INFO main 5367726] Confirming: 4/9
[7 INFO main 5369951] Confirming: 6/9
[7 INFO main 5370765] Verify.Homing -> Scout.Query | Arrived home
[7 INFO main 5372042] Confirming: 7/9
[7 INFO main 5374095] Confirming: 8/9
[7 INFO main 5376155] Confirming: 9/9
[7 INFO main 5376876] Scout.Query -> Verify.DriveTo | Go to unverified source
