[13 INFO main 27] Initialising Python Geth Console...
[13 INFO main 32] Initialising RandB board...
[13 INFO main 32] Initialising navigation...
[13 INFO main 32] Initialising random-walk...
[13 INFO main 32] Initialising odometry...
[13 INFO main 32] Initialising ground-sensors...
[13 INFO main 182] --//-- Starting Experiment --//--
[13 INFO main 1653] Idle.IDLE -> Scout.Query | Duration: 24.95
[13 INFO main 16685] Scout.Query -> Verify.DriveTo | Go to unverified source
[13 INFO main 108947] Verify.DriveTo -> Verify.Homing | Homing
[13 INFO main 123027] Verify.Homing -> Scout.Query | Arrived home
[13 INFO main 253871] Confirming: 1/9
[13 INFO main 255880] Confirming: 2/9
[13 INFO main 258081] Confirming: 3/9
[13 INFO main 260167] Confirming: 4/9
[13 INFO main 262253] Confirming: 5/9
[13 INFO main 264302] Confirming: 6/9
[13 INFO main 266349] Confirming: 7/9
[13 INFO main 268348] Confirming: 8/9
[13 INFO main 270369] Confirming: 9/9
[13 INFO main 270372] Scout.Query -> Scout.PrepSend | Homing
[13 INFO main 270498] Scout.PrepSend -> Verify.Homing | Homing
[13 INFO main 284856] Confirming: 1/9
[13 INFO main 286890] Confirming: 2/9
[13 INFO main 288979] Confirming: 3/9
[13 INFO main 291044] Confirming: 4/9
[13 INFO main 293132] Confirming: 6/9
[13 INFO main 295154] Confirming: 7/9
[13 INFO main 297251] Confirming: 8/9
[13 INFO main 299368] Confirming: 9/9
[13 INFO main 301347] Verify.Homing -> Scout.Query | Arrived home
[13 INFO main 301391] Scout.Query -> Verify.DriveTo | Go to unverified source
[13 INFO main 373625] Verify.DriveTo -> Verify.Homing | Homing
[13 INFO main 404812] Confirming: 1/9
[13 INFO main 406856] Confirming: 2/9
[13 INFO main 407425] Verify.Homing -> Scout.Query | Arrived home
[13 INFO main 409010] Confirming: 3/9
[13 INFO main 411021] Confirming: 4/9
[13 INFO main 413100] Confirming: 5/9
[13 INFO main 415137] Confirming: 7/9
[13 INFO main 417201] Confirming: 8/9
[13 INFO main 419422] Confirming: 9/9
[13 INFO main 419459] Scout.Query -> Verify.DriveTo | Go to unverified source
[13 INFO main 528537] Verify.DriveTo -> Verify.Homing | Homing
[13 INFO main 554336] Confirming: 1/9
[13 INFO main 556401] Confirming: 2/9
[13 INFO main 558461] Confirming: 3/9
[13 INFO main 560531] Confirming: 4/9
[13 INFO main 562500] Confirming: 5/9
[13 INFO main 564550] Confirming: 6/9
[13 INFO main 566919] Confirming: 7/9
[13 INFO main 567516] Verify.Homing -> Scout.Query | Arrived home
[13 INFO main 569099] Confirming: 8/9
[13 INFO main 571243] Confirming: 9/9
[13 INFO main 572082] Scout.Query -> Verify.DriveTo | Go to unverified source
[13 INFO main 611598] Verify.DriveTo -> Verify.Homing | Homing
[13 INFO main 640136] Verify.Homing -> Scout.Query | Arrived home
[13 INFO main 645497] Confirming: 1/9
[13 INFO main 647517] Confirming: 2/9
[13 INFO main 649720] Confirming: 3/9
[13 INFO main 651682] Confirming: 4/9
[13 INFO main 653802] Confirming: 5/9
[13 INFO main 655880] Confirming: 6/9
[13 INFO main 657836] Confirming: 7/9
[13 INFO main 659951] Confirming: 8/9
[13 INFO main 662011] Confirming: 9/9
[13 INFO main 662042] Scout.Query -> Verify.DriveTo | Go to unverified source
[13 INFO main 666288] Verify.DriveTo -> Verify.Homing | Homing
[13 INFO main 669564] Verify.Homing -> Scout.Query | Arrived home
[13 INFO main 678755] Confirming: 3/9
[13 INFO main 680904] Confirming: 4/9
[13 INFO main 682967] Confirming: 5/9
[13 INFO main 684968] Confirming: 6/9
[13 INFO main 687065] Confirming: 7/9
[13 INFO main 691117] Confirming: 9/9
[13 INFO main 691172] Scout.Query -> Verify.DriveTo | Go to unverified source
[13 INFO main 835500] Verify.DriveTo -> Verify.Homing | Homing
[13 INFO main 849879] Confirming: 1/9
[13 INFO main 851953] Confirming: 2/9
[13 INFO main 853980] Confirming: 3/9
[13 INFO main 856002] Confirming: 5/9
[13 INFO main 860096] Confirming: 7/9
[13 INFO main 862088] Confirming: 8/9
[13 INFO main 863918] Verify.Homing -> Scout.Query | Arrived home
[13 INFO main 864220] Confirming: 9/9
[13 INFO main 864250] Scout.Query -> Verify.DriveTo | Go to unverified source
[13 INFO main 961179] Verify.DriveTo -> Verify.Homing | Homing
[13 INFO main 975643] Confirming: 1/9
[13 INFO main 977861] Confirming: 2/9
[13 INFO main 980064] Confirming: 3/9
[13 INFO main 982257] Confirming: 4/9
[13 INFO main 984397] Confirming: 6/9
[13 INFO main 988499] Confirming: 7/9
[13 INFO main 989400] Verify.Homing -> Scout.Query | Arrived home
[13 INFO main 990528] Confirming: 8/9
[13 INFO main 994559] Confirming: 10/9
[13 INFO main 995488] Scout.Query -> Verify.DriveTo | Go to unverified source
[13 INFO main 1023111] Verify.DriveTo -> Verify.Homing | Homing
[13 INFO main 1035852] Confirming: 1/9
[13 INFO main 1037957] Confirming: 2/9
[13 INFO main 1039972] Confirming: 3/9
[13 INFO main 1042063] Confirming: 4/9
[13 INFO main 1042064] Verify.Homing -> Scout.Query | Arrived home
[13 INFO main 1044190] Confirming: 5/9
[13 INFO main 1046227] Confirming: 6/9
[13 INFO main 1048240] Confirming: 7/9
[13 INFO main 1050288] Confirming: 8/9
[13 INFO main 1052307] Confirming: 9/9
[13 INFO main 1052347] Scout.Query -> Verify.DriveTo | Go to unverified source
[13 INFO main 1114571] Verify.DriveTo -> Verify.Homing | Homing
[13 INFO main 1126923] Confirming: 1/9
[13 INFO main 1129056] Confirming: 3/9
[13 INFO main 1133358] Confirming: 4/9
[13 INFO main 1135331] Confirming: 6/9
[13 INFO main 1137553] Confirming: 7/9
[13 INFO main 1139603] Confirming: 8/9
[13 INFO main 1142174] Verify.Homing -> Scout.Query | Arrived home
[13 INFO main 1143667] Confirming: 10/9
[13 INFO main 1143697] Scout.Query -> Verify.DriveTo | Go to unverified source
[13 INFO main 1196039] Verify.DriveTo -> Verify.Homing | Homing
[13 INFO main 1216092] Verify.Homing -> Scout.Query | Arrived home
[13 INFO main 1216912] Confirming: 1/9
[13 INFO main 1218907] Confirming: 2/9
[13 INFO main 1220979] Confirming: 3/9
[13 INFO main 1222986] Confirming: 4/9
[13 INFO main 1225017] Confirming: 6/9
[13 INFO main 1227117] Confirming: 7/9
[13 INFO main 1231232] Confirming: 9/9
[13 INFO main 1231645] Scout.Query -> Verify.DriveTo | Go to unverified source
[13 INFO main 1313280] Verify.DriveTo -> Verify.Homing | Homing
[13 INFO main 1332903] Verify.Homing -> Scout.Query | Arrived home
[13 INFO main 1336295] Confirming: 1/9
[13 INFO main 1338399] Confirming: 2/9
[13 INFO main 1340480] Confirming: 3/9
[13 INFO main 1342499] Confirming: 4/9
[13 INFO main 1344629] Confirming: 5/9
[13 INFO main 1346699] Confirming: 6/9
[13 INFO main 1348728] Confirming: 7/9
[13 INFO main 1350794] Confirming: 8/9
[13 INFO main 1352871] Confirming: 9/9
[13 INFO main 1353715] Scout.Query -> Verify.DriveTo | Go to unverified source
[13 INFO main 1383885] Verify.DriveTo -> Verify.Homing | Homing
[13 INFO main 1396312] Confirming: 1/9
[13 INFO main 1398377] Confirming: 2/9
[13 INFO main 1400388] Confirming: 3/9
[13 INFO main 1402460] Confirming: 4/9
[13 INFO main 1404213] Verify.Homing -> Scout.Query | Arrived home
[13 INFO main 1404561] Confirming: 5/9
[13 INFO main 1406583] Confirming: 6/9
[13 INFO main 1408617] Confirming: 7/9
[13 INFO main 1410635] Confirming: 8/9
[13 INFO main 1412732] Confirming: 9/9
[13 INFO main 1412770] Scout.Query -> Verify.DriveTo | Go to unverified source
[13 INFO main 1457591] Verify.DriveTo -> Verify.Homing | Homing
[13 INFO main 1474884] Verify.Homing -> Scout.Query | Arrived home
[13 INFO main 1486891] Confirming: 1/9
[13 INFO main 1488944] Confirming: 2/9
[13 INFO main 1491056] Confirming: 3/9
[13 INFO main 1493068] Confirming: 4/9
[13 INFO main 1495095] Confirming: 6/9
[13 INFO main 1497156] Confirming: 7/9
[13 INFO main 1499159] Confirming: 8/9
[13 INFO main 1501227] Confirming: 9/9
[13 INFO main 1501870] Scout.Query -> Verify.DriveTo | Go to unverified source
[13 INFO main 1526970] Verify.DriveTo -> Verify.Homing | Homing
[13 INFO main 1541363] Verify.Homing -> Scout.Query | Arrived home
[13 INFO main 1546010] Confirming: 1/9
[13 INFO main 1548079] Confirming: 2/9
[13 INFO main 1550181] Confirming: 3/9
[13 INFO main 1552194] Confirming: 4/9
[13 INFO main 1554161] Confirming: 5/9
[13 INFO main 1556365] Confirming: 6/9
[13 INFO main 1558444] Confirming: 7/9
[13 INFO main 1560454] Confirming: 8/9
[13 INFO main 1562538] Confirming: 9/9
[13 INFO main 1563146] Scout.Query -> Verify.DriveTo | Go to unverified source
[13 INFO main 1587201] Verify.DriveTo -> Verify.Homing | Homing
[13 INFO main 1600726] Verify.Homing -> Scout.Query | Arrived home
[13 INFO main 1606220] Confirming: 1/9
[13 INFO main 1608239] Confirming: 2/9
[13 INFO main 1610364] Confirming: 3/9
[13 INFO main 1612447] Confirming: 4/9
[13 INFO main 1614471] Confirming: 5/9
[13 INFO main 1616529] Confirming: 6/9
[13 INFO main 1618587] Confirming: 7/9
[13 INFO main 1620723] Confirming: 8/9
[13 INFO main 1622804] Confirming: 9/9
[13 INFO main 1623336] Scout.Query -> Verify.DriveTo | Go to unverified source
[13 INFO main 1681209] Verify.DriveTo -> Verify.Homing | Homing
[13 INFO main 1687587] Confirming: 1/9
[13 INFO main 1689740] Confirming: 2/9
[13 INFO main 1691765] Confirming: 3/9
[13 INFO main 1693804] Confirming: 4/9
[13 INFO main 1695887] Confirming: 5/9
[13 INFO main 1697948] Confirming: 6/9
[13 INFO main 1702068] Confirming: 8/9
[13 INFO main 1704135] Confirming: 9/9
[13 INFO main 1722938] Verify.Homing -> Scout.Query | Arrived home
[13 INFO main 1723073] Scout.Query -> Verify.DriveTo | Go to unverified source
[13 INFO main 1799721] Verify.DriveTo -> Verify.Homing | Homing
