[10 INFO main 30] Initialising Python Geth Console...
[10 INFO main 34] Initialising RandB board...
[10 INFO main 34] Initialising navigation...
[10 INFO main 34] Initialising random-walk...
[10 INFO main 34] Initialising odometry...
[10 INFO main 34] Initialising ground-sensors...
[10 INFO main 603] --//-- Starting Experiment --//--
[10 INFO main 1701] Idle.IDLE -> Scout.Query | Duration: 22.90
[10 INFO main 114353] Scout.Query -> Scout.GotoCenter | Drive to others reported pos
[10 INFO main 121160] Scout.GotoCenter -> Scout.Query | return to random walk
[10 INFO main 121662] Scout.Query -> Scout.GotoCenter | Drive to others reported pos
[10 INFO main 127866] Scout.GotoCenter -> Scout.Query | return to random walk
[10 INFO main 128071] Scout.Query -> Scout.GotoCenter | Drive to others reported pos
[10 INFO main 129270] Scout.GotoCenter -> Scout.Query | return to random walk
[10 INFO main 130276] Scout.Query -> Scout.GotoCenter | Drive to others reported pos
[10 INFO main 132573] Scout.GotoCenter -> Scout.Query | return to random walk
[10 INFO main 133480] Scout.Query -> Scout.GotoCenter | Drive to others reported pos
[10 INFO main 133570] Scout.GotoCenter -> Scout.Query | return to random walk
[10 INFO main 134582] Scout.Query -> Scout.GotoCenter | Drive to others reported pos
[10 INFO main 134976] Scout.GotoCenter -> Scout.Query | return to random walk
[10 INFO main 135583] Scout.Query -> Scout.GotoCenter | Drive to others reported pos
[10 INFO main 137185] Scout.GotoCenter -> Scout.Query | return to random walk
[10 INFO main 137687] Scout.Query -> Scout.GotoCenter | Drive to others reported pos
[10 INFO main 138282] Scout.GotoCenter -> Scout.Query | return to random walk
[10 INFO main 138688] Scout.Query -> Scout.GotoCenter | Drive to others reported pos
[10 INFO main 142288] Scout.GotoCenter -> Scout.Query | return to random walk
[10 INFO main 142992] Scout.Query -> Scout.GotoCenter | Drive to others reported pos
[10 INFO main 143386] Scout.GotoCenter -> Scout.Query | return to random walk
[10 INFO main 144085] Scout.Query -> Scout.GotoCenter | Drive to others reported pos
[10 INFO main 144487] Scout.GotoCenter -> Scout.Query | return to random walk
[10 INFO main 145088] Scout.Query -> Scout.GotoCenter | Drive to others reported pos
[10 INFO main 145388] Scout.GotoCenter -> Scout.Query | return to random walk
[10 INFO main 146089] Scout.Query -> Scout.GotoCenter | Drive to others reported pos
[10 INFO main 146989] Scout.GotoCenter -> Scout.Query | return to random walk
[10 INFO main 147089] Scout.Query -> Scout.GotoCenter | Drive to others reported pos
[10 INFO main 148392] Scout.GotoCenter -> Scout.Query | return to random walk
[10 INFO main 149196] Scout.Query -> Scout.GotoCenter | Drive to others reported pos
[10 INFO main 152102] Scout.GotoCenter -> Scout.Query | return to random walk
[10 INFO main 152304] Scout.Query -> Scout.GotoCenter | Drive to others reported pos
[10 INFO main 153806] Scout.GotoCenter -> Scout.Query | return to random walk
[10 INFO main 154307] Scout.Query -> Scout.GotoCenter | Drive to others reported pos
[10 INFO main 155809] Scout.GotoCenter -> Scout.Query | return to random walk
[10 INFO main 156409] Scout.Query -> Scout.GotoCenter | Drive to others reported pos
[10 INFO main 156502] Scout.GotoCenter -> Scout.Query | return to random walk
