[3 INFO main 32] Initialising Python Geth Console...
[3 INFO main 37] Initialising RandB board...
[3 INFO main 37] Initialising navigation...
[3 INFO main 37] Initialising random-walk...
[3 INFO main 37] Initialising odometry...
[3 INFO main 37] Initialising ground-sensors...
[3 INFO main 879] --//-- Starting Experiment --//--
[3 INFO main 1982] Idle.IDLE -> Scout.Query | Duration: 21.60
[3 INFO main 11019] Scout.Query -> Scout.GotoCenter | Drive to others reported pos
[3 INFO main 41298] Scout.GotoCenter -> Scout.Query | return to random walk
[3 INFO main 72250] Scout.Query -> Scout.GotoCenter | Drive to others reported pos
[3 INFO main 110186] Scout.GotoCenter -> Scout.Query | return to random walk
[3 INFO main 181394] Scout.Query -> Scout.GotoCenter | Drive to others reported pos
[3 INFO main 206109] Scout.GotoCenter -> Scout.Query | return to random walk
[3 INFO main 266894] Scout.Query -> Scout.GotoCenter | Drive to others reported pos
[3 INFO main 274180] Scout.GotoCenter -> Scout.Query | return to random walk
[3 INFO main 314798] Scout.Query -> Scout.GotoCenter | Drive to others reported pos
[3 INFO main 364840] Scout.GotoCenter -> Scout.Query | return to random walk
[3 INFO main 405475] Scout.Query -> Scout.GotoCenter | Drive to others reported pos
[3 INFO main 447859] Scout.GotoCenter -> Scout.Query | return to random walk
[3 INFO main 579706] Scout.Query -> Scout.GotoCenter | Drive to others reported pos
[3 INFO main 592968] Scout.GotoCenter -> Scout.Query | return to random walk
[3 INFO main 710774] Scout.Query -> Scout.GotoCenter | Drive to others reported pos
[3 INFO main 740355] Scout.GotoCenter -> Scout.Query | return to random walk
[3 INFO main 816248] Scout.Query -> Scout.GotoCenter | Drive to others reported pos
[3 INFO main 829388] Scout.GotoCenter -> Scout.Query | return to random walk
