[1 INFO main 35] Initialising Python Geth Console...
[1 INFO main 40] Initialising RandB board...
[1 INFO main 40] Initialising navigation...
[1 INFO main 40] Initialising random-walk...
[1 INFO main 41] Initialising odometry...
[1 INFO main 41] Initialising ground-sensors...
[1 INFO main 871] --//-- Starting Experiment --//--
[1 INFO main 1973] Idle.IDLE -> Scout.Query | Duration: 21.03
[1 INFO main 26210] Scout.Query -> Scout.GotoCenter | Drive to others reported pos
[1 INFO main 38681] Scout.GotoCenter -> Scout.Query | return to random walk
[1 INFO main 68986] Scout.Query -> Scout.GotoCenter | Drive to others reported pos
[1 INFO main 102166] Scout.GotoCenter -> Scout.Query | return to random walk
[1 INFO main 244081] Scout.Query -> Scout.GotoCenter | Drive to others reported pos
[1 INFO main 255616] Scout.GotoCenter -> Scout.Query | return to random walk
[1 INFO main 387384] Scout.Query -> Scout.GotoCenter | Drive to others reported pos
[1 INFO main 411137] Scout.GotoCenter -> Scout.Query | return to random walk
[1 INFO main 512790] Scout.Query -> Scout.GotoCenter | Drive to others reported pos
[1 INFO main 562068] Scout.GotoCenter -> Scout.Query | return to random walk
[1 INFO main 597475] Scout.Query -> Scout.GotoCenter | Drive to others reported pos
[1 INFO main 644031] Scout.GotoCenter -> Scout.Query | return to random walk
[1 INFO main 689793] Scout.Query -> Scout.GotoCenter | Drive to others reported pos
[1 INFO main 743636] Scout.GotoCenter -> Scout.Query | return to random walk
[1 INFO main 779157] Scout.Query -> Scout.GotoCenter | Drive to others reported pos
[1 INFO main 842773] Scout.GotoCenter -> Scout.Query | return to random walk
[1 INFO main 955974] Scout.Query -> Scout.GotoCenter | Drive to others reported pos
[1 INFO main 970030] Scout.GotoCenter -> Scout.Query | return to random walk
[1 INFO main 995872] Scout.Query -> Scout.GotoCenter | Drive to others reported pos
[1 INFO main 1036852] Scout.GotoCenter -> Scout.Query | return to random walk
[1 INFO main 1148496] Scout.Query -> Scout.GotoCenter | Drive to others reported pos
[1 INFO main 1164957] Scout.GotoCenter -> Scout.Query | return to random walk
[1 INFO main 1210751] Scout.Query -> Scout.GotoCenter | Drive to others reported pos
[1 INFO main 1246759] Scout.GotoCenter -> Scout.Query | return to random walk
[1 INFO main 1282527] Scout.Query -> Scout.GotoCenter | Drive to others reported pos
[1 INFO main 1320681] Scout.GotoCenter -> Scout.Query | return to random walk
