[1 INFO main 37] Initialising Python Geth Console...
[1 INFO main 40] Initialising RandB board...
[1 INFO main 40] Initialising navigation...
[1 INFO main 40] Initialising random-walk...
[1 INFO main 40] Initialising odometry...
[1 INFO main 40] Initialising ground-sensors...
[1 INFO main 1083] --//-- Starting Experiment --//--
[1 INFO main 2186] Idle.IDLE -> Scout.Query | Duration: 17.44
[1 INFO main 112635] Scout.Query -> Scout.GotoCenter | Drive to others reported pos
[1 INFO main 116840] Scout.GotoCenter -> Scout.Query | return to random walk
[1 INFO main 117641] Scout.Query -> Scout.GotoCenter | Drive to others reported pos
[1 INFO main 120144] Scout.GotoCenter -> Scout.Query | return to random walk
[1 INFO main 120645] Scout.Query -> Scout.GotoCenter | Drive to others reported pos
[1 INFO main 121046] Scout.GotoCenter -> Scout.Query | return to random walk
[1 INFO main 121646] Scout.Query -> Scout.GotoCenter | Drive to others reported pos
[1 INFO main 122347] Scout.GotoCenter -> Scout.Query | return to random walk
[1 INFO main 122647] Scout.Query -> Scout.GotoCenter | Drive to others reported pos
[1 INFO main 123050] Scout.GotoCenter -> Scout.Query | return to random walk
[1 INFO main 123649] Scout.Query -> Scout.GotoCenter | Drive to others reported pos
[1 INFO main 123748] Scout.GotoCenter -> Scout.Query | return to random walk
[1 INFO main 124650] Scout.Query -> Scout.GotoCenter | Drive to others reported pos
[1 INFO main 125052] Scout.GotoCenter -> Scout.Query | return to random walk
[1 INFO main 125651] Scout.Query -> Scout.GotoCenter | Drive to others reported pos
[1 INFO main 125751] Scout.GotoCenter -> Scout.Query | return to random walk
[1 INFO main 126653] Scout.Query -> Scout.GotoCenter | Drive to others reported pos
[1 INFO main 126953] Scout.GotoCenter -> Scout.Query | return to random walk
[1 INFO main 127653] Scout.Query -> Scout.GotoCenter | Drive to others reported pos
[1 INFO main 128056] Scout.GotoCenter -> Scout.Query | return to random walk
[1 INFO main 128655] Scout.Query -> Scout.GotoCenter | Drive to others reported pos
[1 INFO main 128954] Scout.GotoCenter -> Scout.Query | return to random walk
[1 INFO main 129656] Scout.Query -> Scout.GotoCenter | Drive to others reported pos
[1 INFO main 129956] Scout.GotoCenter -> Scout.Query | return to random walk
[1 INFO main 130657] Scout.Query -> Scout.GotoCenter | Drive to others reported pos
[1 INFO main 130757] Scout.GotoCenter -> Scout.Query | return to random walk
[1 INFO main 131659] Scout.Query -> Scout.GotoCenter | Drive to others reported pos
[1 INFO main 131857] Scout.GotoCenter -> Scout.Query | return to random walk
[1 INFO main 132659] Scout.Query -> Scout.GotoCenter | Drive to others reported pos
[1 INFO main 132759] Scout.GotoCenter -> Scout.Query | return to random walk
[1 INFO main 133661] Scout.Query -> Scout.GotoCenter | Drive to others reported pos
[1 INFO main 133761] Scout.GotoCenter -> Scout.Query | return to random walk
[1 INFO main 134662] Scout.Query -> Scout.GotoCenter | Drive to others reported pos
[1 INFO main 134762] Scout.GotoCenter -> Scout.Query | return to random walk
[1 INFO main 135663] Scout.Query -> Scout.GotoCenter | Drive to others reported pos
[1 INFO main 135863] Scout.GotoCenter -> Scout.Query | return to random walk
[1 INFO main 136664] Scout.Query -> Scout.GotoCenter | Drive to others reported pos
[1 INFO main 136764] Scout.GotoCenter -> Scout.Query | return to random walk
[1 INFO main 137666] Scout.Query -> Scout.GotoCenter | Drive to others reported pos
[1 INFO main 137764] Scout.GotoCenter -> Scout.Query | return to random walk
[1 INFO main 138667] Scout.Query -> Scout.GotoCenter | Drive to others reported pos
[1 INFO main 138767] Scout.GotoCenter -> Scout.Query | return to random walk
[1 INFO main 139668] Scout.Query -> Scout.GotoCenter | Drive to others reported pos
[1 INFO main 139766] Scout.GotoCenter -> Scout.Query | return to random walk
[1 INFO main 140669] Scout.Query -> Scout.GotoCenter | Drive to others reported pos
[1 INFO main 140769] Scout.GotoCenter -> Scout.Query | return to random walk
[1 INFO main 141671] Scout.Query -> Scout.GotoCenter | Drive to others reported pos
[1 INFO main 141769] Scout.GotoCenter -> Scout.Query | return to random walk
[1 INFO main 142671] Scout.Query -> Scout.GotoCenter | Drive to others reported pos
[1 INFO main 142770] Scout.GotoCenter -> Scout.Query | return to random walk
[1 INFO main 143673] Scout.Query -> Scout.GotoCenter | Drive to others reported pos
[1 INFO main 143771] Scout.GotoCenter -> Scout.Query | return to random walk
[1 INFO main 144674] Scout.Query -> Scout.GotoCenter | Drive to others reported pos
[1 INFO main 144774] Scout.GotoCenter -> Scout.Query | return to random walk
[1 INFO main 145675] Scout.Query -> Scout.GotoCenter | Drive to others reported pos
[1 INFO main 145775] Scout.GotoCenter -> Scout.Query | return to random walk
[1 INFO main 146676] Scout.Query -> Scout.GotoCenter | Drive to others reported pos
[1 INFO main 146776] Scout.GotoCenter -> Scout.Query | return to random walk
[1 INFO main 147678] Scout.Query -> Scout.GotoCenter | Drive to others reported pos
[1 INFO main 147777] Scout.GotoCenter -> Scout.Query | return to random walk
[1 INFO main 148679] Scout.Query -> Scout.GotoCenter | Drive to others reported pos
[1 INFO main 148779] Scout.GotoCenter -> Scout.Query | return to random walk
[1 INFO main 149680] Scout.Query -> Scout.GotoCenter | Drive to others reported pos
[1 INFO main 149780] Scout.GotoCenter -> Scout.Query | return to random walk
[1 INFO main 150682] Scout.Query -> Scout.GotoCenter | Drive to others reported pos
[1 INFO main 150782] Scout.GotoCenter -> Scout.Query | return to random walk
[1 INFO main 151685] Scout.Query -> Scout.GotoCenter | Drive to others reported pos
[1 INFO main 151783] Scout.GotoCenter -> Scout.Query | return to random walk
[1 INFO main 152686] Scout.Query -> Scout.GotoCenter | Drive to others reported pos
[1 INFO main 152784] Scout.GotoCenter -> Scout.Query | return to random walk
[1 INFO main 153688] Scout.Query -> Scout.GotoCenter | Drive to others reported pos
[1 INFO main 153786] Scout.GotoCenter -> Scout.Query | return to random walk
[1 INFO main 154789] Scout.Query -> Scout.GotoCenter | Drive to others reported pos
[1 INFO main 154887] Scout.GotoCenter -> Scout.Query | return to random walk
[1 INFO main 155790] Scout.Query -> Scout.GotoCenter | Drive to others reported pos
[1 INFO main 155887] Scout.GotoCenter -> Scout.Query | return to random walk
[1 INFO main 156792] Scout.Query -> Scout.GotoCenter | Drive to others reported pos
[1 INFO main 156890] Scout.GotoCenter -> Scout.Query | return to random walk
[1 INFO main 157793] Scout.Query -> Scout.GotoCenter | Drive to others reported pos
[1 INFO main 157891] Scout.GotoCenter -> Scout.Query | return to random walk
[1 INFO main 158794] Scout.Query -> Scout.GotoCenter | Drive to others reported pos
[1 INFO main 158892] Scout.GotoCenter -> Scout.Query | return to random walk
[1 INFO main 159796] Scout.Query -> Scout.GotoCenter | Drive to others reported pos
[1 INFO main 159994] Scout.GotoCenter -> Scout.Query | return to random walk
[1 INFO main 160796] Scout.Query -> Scout.GotoCenter | Drive to others reported pos
[1 INFO main 160895] Scout.GotoCenter -> Scout.Query | return to random walk
[1 INFO main 161798] Scout.Query -> Scout.GotoCenter | Drive to others reported pos
[1 INFO main 162096] Scout.GotoCenter -> Scout.Query | return to random walk
[1 INFO main 162799] Scout.Query -> Scout.GotoCenter | Drive to others reported pos
[1 INFO main 162897] Scout.GotoCenter -> Scout.Query | return to random walk
[1 INFO main 163800] Scout.Query -> Scout.GotoCenter | Drive to others reported pos
[1 INFO main 163898] Scout.GotoCenter -> Scout.Query | return to random walk
[1 INFO main 164802] Scout.Query -> Scout.GotoCenter | Drive to others reported pos
[1 INFO main 165100] Scout.GotoCenter -> Scout.Query | return to random walk
[1 INFO main 165803] Scout.Query -> Scout.GotoCenter | Drive to others reported pos
[1 INFO main 165901] Scout.GotoCenter -> Scout.Query | return to random walk
[1 INFO main 166804] Scout.Query -> Scout.GotoCenter | Drive to others reported pos
[1 INFO main 166901] Scout.GotoCenter -> Scout.Query | return to random walk
[1 INFO main 167806] Scout.Query -> Scout.GotoCenter | Drive to others reported pos
[1 INFO main 168306] Scout.GotoCenter -> Scout.Query | return to random walk
[1 INFO main 168807] Scout.Query -> Scout.GotoCenter | Drive to others reported pos
[1 INFO main 169106] Scout.GotoCenter -> Scout.Query | return to random walk
[1 INFO main 169808] Scout.Query -> Scout.GotoCenter | Drive to others reported pos
[1 INFO main 170006] Scout.GotoCenter -> Scout.Query | return to random walk
[1 INFO main 170810] Scout.Query -> Scout.GotoCenter | Drive to others reported pos
[1 INFO main 170908] Scout.GotoCenter -> Scout.Query | return to random walk
[1 INFO main 171811] Scout.Query -> Scout.GotoCenter | Drive to others reported pos
[1 INFO main 171909] Scout.GotoCenter -> Scout.Query | return to random walk
[1 INFO main 172912] Scout.Query -> Scout.GotoCenter | Drive to others reported pos
[1 INFO main 173211] Scout.GotoCenter -> Scout.Query | return to random walk
[1 INFO main 173914] Scout.Query -> Scout.GotoCenter | Drive to others reported pos
[1 INFO main 174414] Scout.GotoCenter -> Scout.Query | return to random walk
[1 INFO main 174914] Scout.Query -> Scout.GotoCenter | Drive to others reported pos
[1 INFO main 175814] Scout.GotoCenter -> Scout.Query | return to random walk
[1 INFO main 175916] Scout.Query -> Scout.GotoCenter | Drive to others reported pos
[1 INFO main 176115] Scout.GotoCenter -> Scout.Query | return to random walk
[1 INFO main 176917] Scout.Query -> Scout.GotoCenter | Drive to others reported pos
[1 INFO main 177016] Scout.GotoCenter -> Scout.Query | return to random walk
[1 INFO main 177919] Scout.Query -> Scout.GotoCenter | Drive to others reported pos
[1 INFO main 178017] Scout.GotoCenter -> Scout.Query | return to random walk
[1 INFO main 179021] Scout.Query -> Scout.GotoCenter | Drive to others reported pos
[1 INFO main 179119] Scout.GotoCenter -> Scout.Query | return to random walk
[1 INFO main 180022] Scout.Query -> Scout.GotoCenter | Drive to others reported pos
[1 INFO main 180120] Scout.GotoCenter -> Scout.Query | return to random walk
[1 INFO main 181023] Scout.Query -> Scout.GotoCenter | Drive to others reported pos
[1 INFO main 181121] Scout.GotoCenter -> Scout.Query | return to random walk
[1 INFO main 182025] Scout.Query -> Scout.GotoCenter | Drive to others reported pos
[1 INFO main 182122] Scout.GotoCenter -> Scout.Query | return to random walk
[1 INFO main 183025] Scout.Query -> Scout.GotoCenter | Drive to others reported pos
[1 INFO main 183124] Scout.GotoCenter -> Scout.Query | return to random walk
[1 INFO main 184026] Scout.Query -> Scout.GotoCenter | Drive to others reported pos
[1 INFO main 184124] Scout.GotoCenter -> Scout.Query | return to random walk
[1 INFO main 185027] Scout.Query -> Scout.GotoCenter | Drive to others reported pos
[1 INFO main 185126] Scout.GotoCenter -> Scout.Query | return to random walk
[1 INFO main 186129] Scout.Query -> Scout.GotoCenter | Drive to others reported pos
[1 INFO main 186227] Scout.GotoCenter -> Scout.Query | return to random walk
[1 INFO main 187130] Scout.Query -> Scout.GotoCenter | Drive to others reported pos
[1 INFO main 187228] Scout.GotoCenter -> Scout.Query | return to random walk
[1 INFO main 188131] Scout.Query -> Scout.GotoCenter | Drive to others reported pos
[1 INFO main 188230] Scout.GotoCenter -> Scout.Query | return to random walk
[1 INFO main 189133] Scout.Query -> Scout.GotoCenter | Drive to others reported pos
[1 INFO main 189231] Scout.GotoCenter -> Scout.Query | return to random walk
[1 INFO main 190134] Scout.Query -> Scout.GotoCenter | Drive to others reported pos
[1 INFO main 190233] Scout.GotoCenter -> Scout.Query | return to random walk
[1 INFO main 191136] Scout.Query -> Scout.GotoCenter | Drive to others reported pos
[1 INFO main 192035] Scout.GotoCenter -> Scout.Query | return to random walk
[1 INFO main 192137] Scout.Query -> Scout.GotoCenter | Drive to others reported pos
[1 INFO main 193036] Scout.GotoCenter -> Scout.Query | return to random walk
[1 INFO main 193138] Scout.Query -> Scout.GotoCenter | Drive to others reported pos
[1 INFO main 193537] Scout.GotoCenter -> Scout.Query | return to random walk
[1 INFO main 194140] Scout.Query -> Scout.GotoCenter | Drive to others reported pos
[1 INFO main 194338] Scout.GotoCenter -> Scout.Query | return to random walk
[1 INFO main 195141] Scout.Query -> Scout.GotoCenter | Drive to others reported pos
[1 INFO main 196142] Scout.GotoCenter -> Scout.Query | return to random walk
[1 INFO main 197143] Scout.Query -> Scout.GotoCenter | Drive to others reported pos
[1 INFO main 197342] Scout.GotoCenter -> Scout.Query | return to random walk
[1 INFO main 198145] Scout.Query -> Scout.GotoCenter | Drive to others reported pos
[1 INFO main 198944] Scout.GotoCenter -> Scout.Query | return to random walk
[1 INFO main 199146] Scout.Query -> Scout.GotoCenter | Drive to others reported pos
[1 INFO main 199244] Scout.GotoCenter -> Scout.Query | return to random walk
[1 INFO main 200148] Scout.Query -> Scout.GotoCenter | Drive to others reported pos
[1 INFO main 200747] Scout.GotoCenter -> Scout.Query | return to random walk
[1 INFO main 201149] Scout.Query -> Scout.GotoCenter | Drive to others reported pos
[1 INFO main 201247] Scout.GotoCenter -> Scout.Query | return to random walk
[1 INFO main 202150] Scout.Query -> Scout.GotoCenter | Drive to others reported pos
[1 INFO main 202248] Scout.GotoCenter -> Scout.Query | return to random walk
[1 INFO main 203151] Scout.Query -> Scout.GotoCenter | Drive to others reported pos
[1 INFO main 203250] Scout.GotoCenter -> Scout.Query | return to random walk
[1 INFO main 204152] Scout.Query -> Scout.GotoCenter | Drive to others reported pos
[1 INFO main 204251] Scout.GotoCenter -> Scout.Query | return to random walk
[1 INFO main 205154] Scout.Query -> Scout.GotoCenter | Drive to others reported pos
[1 INFO main 205252] Scout.GotoCenter -> Scout.Query | return to random walk
[1 INFO main 206155] Scout.Query -> Scout.GotoCenter | Drive to others reported pos
[1 INFO main 206354] Scout.GotoCenter -> Scout.Query | return to random walk
[1 INFO main 207157] Scout.Query -> Scout.GotoCenter | Drive to others reported pos
[1 INFO main 208056] Scout.GotoCenter -> Scout.Query | return to random walk
[1 INFO main 208158] Scout.Query -> Scout.GotoCenter | Drive to others reported pos
[1 INFO main 208256] Scout.GotoCenter -> Scout.Query | return to random walk
[1 INFO main 209159] Scout.Query -> Scout.GotoCenter | Drive to others reported pos
[1 INFO main 209759] Scout.GotoCenter -> Scout.Query | return to random walk
[1 INFO main 210161] Scout.Query -> Scout.GotoCenter | Drive to others reported pos
[1 INFO main 210559] Scout.GotoCenter -> Scout.Query | return to random walk
[1 INFO main 211162] Scout.Query -> Scout.GotoCenter | Drive to others reported pos
[1 INFO main 211360] Scout.GotoCenter -> Scout.Query | return to random walk
[1 INFO main 212163] Scout.Query -> Scout.GotoCenter | Drive to others reported pos
[1 INFO main 212261] Scout.GotoCenter -> Scout.Query | return to random walk
[1 INFO main 213164] Scout.Query -> Scout.GotoCenter | Drive to others reported pos
[1 INFO main 213762] Scout.GotoCenter -> Scout.Query | return to random walk
[1 INFO main 214165] Scout.Query -> Scout.GotoCenter | Drive to others reported pos
[1 INFO main 214262] Scout.GotoCenter -> Scout.Query | return to random walk
[1 INFO main 215167] Scout.Query -> Scout.GotoCenter | Drive to others reported pos
[1 INFO main 215365] Scout.GotoCenter -> Scout.Query | return to random walk
[1 INFO main 216168] Scout.Query -> Scout.GotoCenter | Drive to others reported pos
[1 INFO main 216265] Scout.GotoCenter -> Scout.Query | return to random walk
[1 INFO main 217169] Scout.Query -> Scout.GotoCenter | Drive to others reported pos
[1 INFO main 217266] Scout.GotoCenter -> Scout.Query | return to random walk
[1 INFO main 218170] Scout.Query -> Scout.GotoCenter | Drive to others reported pos
[1 INFO main 218269] Scout.GotoCenter -> Scout.Query | return to random walk
[1 INFO main 219172] Scout.Query -> Scout.GotoCenter | Drive to others reported pos
[1 INFO main 219268] Scout.GotoCenter -> Scout.Query | return to random walk
[1 INFO main 220172] Scout.Query -> Scout.GotoCenter | Drive to others reported pos
[1 INFO main 220269] Scout.GotoCenter -> Scout.Query | return to random walk
[1 INFO main 221273] Scout.Query -> Scout.GotoCenter | Drive to others reported pos
[1 INFO main 221372] Scout.GotoCenter -> Scout.Query | return to random walk
[1 INFO main 222275] Scout.Query -> Scout.GotoCenter | Drive to others reported pos
[1 INFO main 222373] Scout.GotoCenter -> Scout.Query | return to random walk
[1 INFO main 223276] Scout.Query -> Scout.GotoCenter | Drive to others reported pos
[1 INFO main 223575] Scout.GotoCenter -> Scout.Query | return to random walk
[1 INFO main 224278] Scout.Query -> Scout.GotoCenter | Drive to others reported pos
[1 INFO main 224376] Scout.GotoCenter -> Scout.Query | return to random walk
[1 INFO main 225279] Scout.Query -> Scout.GotoCenter | Drive to others reported pos
[1 INFO main 225377] Scout.GotoCenter -> Scout.Query | return to random walk
[1 INFO main 226281] Scout.Query -> Scout.GotoCenter | Drive to others reported pos
[1 INFO main 226379] Scout.GotoCenter -> Scout.Query | return to random walk
[1 INFO main 227281] Scout.Query -> Scout.GotoCenter | Drive to others reported pos
[1 INFO main 227480] Scout.GotoCenter -> Scout.Query | return to random walk
[1 INFO main 228283] Scout.Query -> Scout.GotoCenter | Drive to others reported pos
[1 INFO main 228881] Scout.GotoCenter -> Scout.Query | return to random walk
[1 INFO main 229284] Scout.Query -> Scout.GotoCenter | Drive to others reported pos
[1 INFO main 229382] Scout.GotoCenter -> Scout.Query | return to random walk
[1 INFO main 230285] Scout.Query -> Scout.GotoCenter | Drive to others reported pos
[1 INFO main 230384] Scout.GotoCenter -> Scout.Query | return to random walk
[1 INFO main 231286] Scout.Query -> Scout.GotoCenter | Drive to others reported pos
[1 INFO main 231385] Scout.GotoCenter -> Scout.Query | return to random walk
[1 INFO main 232288] Scout.Query -> Scout.GotoCenter | Drive to others reported pos
[1 INFO main 232386] Scout.GotoCenter -> Scout.Query | return to random walk
[1 INFO main 233289] Scout.Query -> Scout.GotoCenter | Drive to others reported pos
[1 INFO main 233388] Scout.GotoCenter -> Scout.Query | return to random walk
[1 INFO main 234290] Scout.Query -> Scout.GotoCenter | Drive to others reported pos
[1 INFO main 234489] Scout.GotoCenter -> Scout.Query | return to random walk
[1 INFO main 235292] Scout.Query -> Scout.GotoCenter | Drive to others reported pos
[1 INFO main 235390] Scout.GotoCenter -> Scout.Query | return to random walk
[1 INFO main 236293] Scout.Query -> Scout.GotoCenter | Drive to others reported pos
[1 INFO main 236692] Scout.GotoCenter -> Scout.Query | return to random walk
[1 INFO main 237294] Scout.Query -> Scout.GotoCenter | Drive to others reported pos
[1 INFO main 237393] Scout.GotoCenter -> Scout.Query | return to random walk
[1 INFO main 238295] Scout.Query -> Scout.GotoCenter | Drive to others reported pos
[1 INFO main 238394] Scout.GotoCenter -> Scout.Query | return to random walk
[1 INFO main 239302] Scout.Query -> Scout.GotoCenter | Drive to others reported pos
[1 INFO main 239400] Scout.GotoCenter -> Scout.Query | return to random walk
[1 INFO main 240402] Scout.Query -> Scout.GotoCenter | Drive to others reported pos
[1 INFO main 240502] Scout.GotoCenter -> Scout.Query | return to random walk
[1 INFO main 241403] Scout.Query -> Scout.GotoCenter | Drive to others reported pos
[1 INFO main 241703] Scout.GotoCenter -> Scout.Query | return to random walk
[1 INFO main 242404] Scout.Query -> Scout.GotoCenter | Drive to others reported pos
[1 INFO main 242504] Scout.GotoCenter -> Scout.Query | return to random walk
[1 INFO main 243406] Scout.Query -> Scout.GotoCenter | Drive to others reported pos
[1 INFO main 243505] Scout.GotoCenter -> Scout.Query | return to random walk
[1 INFO main 244507] Scout.Query -> Scout.GotoCenter | Drive to others reported pos
[1 INFO main 245007] Scout.GotoCenter -> Scout.Query | return to random walk
[1 INFO main 245508] Scout.Query -> Scout.GotoCenter | Drive to others reported pos
[1 INFO main 245608] Scout.GotoCenter -> Scout.Query | return to random walk
[1 INFO main 246610] Scout.Query -> Scout.GotoCenter | Drive to others reported pos
[1 INFO main 247008] Scout.GotoCenter -> Scout.Query | return to random walk
[1 INFO main 247611] Scout.Query -> Scout.GotoCenter | Drive to others reported pos
[1 INFO main 247710] Scout.GotoCenter -> Scout.Query | return to random walk
[1 INFO main 248612] Scout.Query -> Scout.GotoCenter | Drive to others reported pos
[1 INFO main 248712] Scout.GotoCenter -> Scout.Query | return to random walk
[1 INFO main 249613] Scout.Query -> Scout.GotoCenter | Drive to others reported pos
[1 INFO main 249815] Scout.GotoCenter -> Scout.Query | return to random walk
[1 INFO main 250615] Scout.Query -> Scout.GotoCenter | Drive to others reported pos
[1 INFO main 250715] Scout.GotoCenter -> Scout.Query | return to random walk
[1 INFO main 251616] Scout.Query -> Scout.GotoCenter | Drive to others reported pos
[1 INFO main 251716] Scout.GotoCenter -> Scout.Query | return to random walk
[1 INFO main 252617] Scout.Query -> Scout.GotoCenter | Drive to others reported pos
[1 INFO main 252819] Scout.GotoCenter -> Scout.Query | return to random walk
[1 INFO main 253618] Scout.Query -> Scout.GotoCenter | Drive to others reported pos
[1 INFO main 253821] Scout.GotoCenter -> Scout.Query | return to random walk
[1 INFO main 254619] Scout.Query -> Scout.GotoCenter | Drive to others reported pos
[1 INFO main 255120] Scout.GotoCenter -> Scout.Query | return to random walk
[1 INFO main 255621] Scout.Query -> Scout.GotoCenter | Drive to others reported pos
[1 INFO main 255721] Scout.GotoCenter -> Scout.Query | return to random walk
[1 INFO main 256622] Scout.Query -> Scout.GotoCenter | Drive to others reported pos
[1 INFO main 256824] Scout.GotoCenter -> Scout.Query | return to random walk
[1 INFO main 257623] Scout.Query -> Scout.GotoCenter | Drive to others reported pos
[1 INFO main 257723] Scout.GotoCenter -> Scout.Query | return to random walk
[1 INFO main 258624] Scout.Query -> Scout.GotoCenter | Drive to others reported pos
[1 INFO main 259325] Scout.GotoCenter -> Scout.Query | return to random walk
[1 INFO main 259626] Scout.Query -> Scout.GotoCenter | Drive to others reported pos
[1 INFO main 259927] Scout.GotoCenter -> Scout.Query | return to random walk
[1 INFO main 260627] Scout.Query -> Scout.GotoCenter | Drive to others reported pos
[1 INFO main 260727] Scout.GotoCenter -> Scout.Query | return to random walk
[1 INFO main 261628] Scout.Query -> Scout.GotoCenter | Drive to others reported pos
[1 INFO main 262228] Scout.GotoCenter -> Scout.Query | return to random walk
[1 INFO main 262629] Scout.Query -> Scout.GotoCenter | Drive to others reported pos
[1 INFO main 262729] Scout.GotoCenter -> Scout.Query | return to random walk
[1 INFO main 263630] Scout.Query -> Scout.GotoCenter | Drive to others reported pos
[1 INFO main 263830] Scout.GotoCenter -> Scout.Query | return to random walk
[1 INFO main 264631] Scout.Query -> Scout.GotoCenter | Drive to others reported pos
[1 INFO main 264731] Scout.GotoCenter -> Scout.Query | return to random walk
[1 INFO main 265633] Scout.Query -> Scout.GotoCenter | Drive to others reported pos
[1 INFO main 266035] Scout.GotoCenter -> Scout.Query | return to random walk
[1 INFO main 266634] Scout.Query -> Scout.GotoCenter | Drive to others reported pos
[1 INFO main 267036] Scout.GotoCenter -> Scout.Query | return to random walk
[1 INFO main 267635] Scout.Query -> Scout.GotoCenter | Drive to others reported pos
[1 INFO main 268136] Scout.GotoCenter -> Scout.Query | return to random walk
[1 INFO main 268637] Scout.Query -> Scout.GotoCenter | Drive to others reported pos
[1 INFO main 269338] Scout.GotoCenter -> Scout.Query | return to random walk
[1 INFO main 269638] Scout.Query -> Scout.GotoCenter | Drive to others reported pos
[1 INFO main 269938] Scout.GotoCenter -> Scout.Query | return to random walk
[1 INFO main 270639] Scout.Query -> Scout.GotoCenter | Drive to others reported pos
[1 INFO main 270738] Scout.GotoCenter -> Scout.Query | return to random walk
[1 INFO main 271640] Scout.Query -> Scout.GotoCenter | Drive to others reported pos
[1 INFO main 272042] Scout.GotoCenter -> Scout.Query | return to random walk
[1 INFO main 272641] Scout.Query -> Scout.GotoCenter | Drive to others reported pos
[1 INFO main 272741] Scout.GotoCenter -> Scout.Query | return to random walk
[1 INFO main 273643] Scout.Query -> Scout.GotoCenter | Drive to others reported pos
[1 INFO main 274143] Scout.GotoCenter -> Scout.Query | return to random walk
[1 INFO main 274644] Scout.Query -> Scout.GotoCenter | Drive to others reported pos
[1 INFO main 274744] Scout.GotoCenter -> Scout.Query | return to random walk
[1 INFO main 275645] Scout.Query -> Scout.GotoCenter | Drive to others reported pos
[1 INFO main 275745] Scout.GotoCenter -> Scout.Query | return to random walk
[1 INFO main 276647] Scout.Query -> Scout.GotoCenter | Drive to others reported pos
[1 INFO main 276747] Scout.GotoCenter -> Scout.Query | return to random walk
[1 INFO main 277649] Scout.Query -> Scout.GotoCenter | Drive to others reported pos
[1 INFO main 277747] Scout.GotoCenter -> Scout.Query | return to random walk
[1 INFO main 278651] Scout.Query -> Scout.GotoCenter | Drive to others reported pos
[1 INFO main 279951] Scout.GotoCenter -> Scout.Query | return to random walk
[1 INFO main 280654] Scout.Query -> Scout.GotoCenter | Drive to others reported pos
[1 INFO main 280852] Scout.GotoCenter -> Scout.Query | return to random walk
[1 INFO main 281655] Scout.Query -> Scout.GotoCenter | Drive to others reported pos
[1 INFO main 281753] Scout.GotoCenter -> Scout.Query | return to random walk
[1 INFO main 282656] Scout.Query -> Scout.GotoCenter | Drive to others reported pos
[1 INFO main 283755] Scout.GotoCenter -> Scout.Query | return to random walk
[1 INFO main 284658] Scout.Query -> Scout.GotoCenter | Drive to others reported pos
[1 INFO main 284856] Scout.GotoCenter -> Scout.Query | return to random walk
[1 INFO main 285659] Scout.Query -> Scout.GotoCenter | Drive to others reported pos
[1 INFO main 285958] Scout.GotoCenter -> Scout.Query | return to random walk
[1 INFO main 286661] Scout.Query -> Scout.GotoCenter | Drive to others reported pos
[1 INFO main 286859] Scout.GotoCenter -> Scout.Query | return to random walk
[1 INFO main 287662] Scout.Query -> Scout.GotoCenter | Drive to others reported pos
[1 INFO main 288163] Scout.GotoCenter -> Scout.Query | return to random walk
[1 INFO main 288664] Scout.Query -> Scout.GotoCenter | Drive to others reported pos
[1 INFO main 288862] Scout.GotoCenter -> Scout.Query | return to random walk
[1 INFO main 289665] Scout.Query -> Scout.GotoCenter | Drive to others reported pos
[1 INFO main 290263] Scout.GotoCenter -> Scout.Query | return to random walk
[1 INFO main 290667] Scout.Query -> Scout.GotoCenter | Drive to others reported pos
[1 INFO main 291566] Scout.GotoCenter -> Scout.Query | return to random walk
[1 INFO main 291765] Scout.Query -> Scout.GotoCenter | Drive to others reported pos
[1 INFO main 292167] Scout.GotoCenter -> Scout.Query | return to random walk
[1 INFO main 292767] Scout.Query -> Scout.GotoCenter | Drive to others reported pos
[1 INFO main 292869] Scout.GotoCenter -> Scout.Query | return to random walk
[1 INFO main 293769] Scout.Query -> Scout.GotoCenter | Drive to others reported pos
[1 INFO main 294570] Scout.GotoCenter -> Scout.Query | return to random walk
[1 INFO main 294770] Scout.Query -> Scout.GotoCenter | Drive to others reported pos
[1 INFO main 295571] Scout.GotoCenter -> Scout.Query | return to random walk
[1 INFO main 295772] Scout.Query -> Scout.GotoCenter | Drive to others reported pos
[1 INFO main 295872] Scout.GotoCenter -> Scout.Query | return to random walk
[1 INFO main 296773] Scout.Query -> Scout.GotoCenter | Drive to others reported pos
[1 INFO main 296973] Scout.GotoCenter -> Scout.Query | return to random walk
[1 INFO main 297774] Scout.Query -> Scout.GotoCenter | Drive to others reported pos
[1 INFO main 297974] Scout.GotoCenter -> Scout.Query | return to random walk
[1 INFO main 298775] Scout.Query -> Scout.GotoCenter | Drive to others reported pos
[1 INFO main 298976] Scout.GotoCenter -> Scout.Query | return to random walk
[1 INFO main 299777] Scout.Query -> Scout.GotoCenter | Drive to others reported pos
[1 INFO main 299878] Scout.GotoCenter -> Scout.Query | return to random walk
[1 INFO main 300777] Scout.Query -> Scout.GotoCenter | Drive to others reported pos
[1 INFO main 300880] Scout.GotoCenter -> Scout.Query | return to random walk
[1 INFO main 301779] Scout.Query -> Scout.GotoCenter | Drive to others reported pos
[1 INFO main 302078] Scout.GotoCenter -> Scout.Query | return to random walk
[1 INFO main 302780] Scout.Query -> Scout.GotoCenter | Drive to others reported pos
[1 INFO main 303382] Scout.GotoCenter -> Scout.Query | return to random walk
[1 INFO main 303781] Scout.Query -> Scout.GotoCenter | Drive to others reported pos
[1 INFO main 304082] Scout.GotoCenter -> Scout.Query | return to random walk
[1 INFO main 304885] Scout.Query -> Scout.GotoCenter | Drive to others reported pos
[1 INFO main 304983] Scout.GotoCenter -> Scout.Query | return to random walk
[1 INFO main 305885] Scout.Query -> Scout.GotoCenter | Drive to others reported pos
[1 INFO main 305984] Scout.GotoCenter -> Scout.Query | return to random walk
[1 INFO main 306887] Scout.Query -> Scout.GotoCenter | Drive to others reported pos
[1 INFO main 307086] Scout.GotoCenter -> Scout.Query | return to random walk
[1 INFO main 307888] Scout.Query -> Scout.GotoCenter | Drive to others reported pos
[1 INFO main 307987] Scout.GotoCenter -> Scout.Query | return to random walk
[1 INFO main 308890] Scout.Query -> Scout.GotoCenter | Drive to others reported pos
[1 INFO main 308988] Scout.GotoCenter -> Scout.Query | return to random walk
[1 INFO main 309891] Scout.Query -> Scout.GotoCenter | Drive to others reported pos
[1 INFO main 310189] Scout.GotoCenter -> Scout.Query | return to random walk
[1 INFO main 310892] Scout.Query -> Scout.GotoCenter | Drive to others reported pos
[1 INFO main 311691] Scout.GotoCenter -> Scout.Query | return to random walk
[1 INFO main 311894] Scout.Query -> Scout.GotoCenter | Drive to others reported pos
[1 INFO main 312092] Scout.GotoCenter -> Scout.Query | return to random walk
[1 INFO main 312894] Scout.Query -> Scout.GotoCenter | Drive to others reported pos
[1 INFO main 313395] Scout.GotoCenter -> Scout.Query | return to random walk
[1 INFO main 313895] Scout.Query -> Scout.GotoCenter | Drive to others reported pos
[1 INFO main 313994] Scout.GotoCenter -> Scout.Query | return to random walk
[1 INFO main 314897] Scout.Query -> Scout.GotoCenter | Drive to others reported pos
[1 INFO main 315096] Scout.GotoCenter -> Scout.Query | return to random walk
[1 INFO main 315899] Scout.Query -> Scout.GotoCenter | Drive to others reported pos
[1 INFO main 316497] Scout.GotoCenter -> Scout.Query | return to random walk
[1 INFO main 316900] Scout.Query -> Scout.GotoCenter | Drive to others reported pos
[1 INFO main 317198] Scout.GotoCenter -> Scout.Query | return to random walk
[1 INFO main 317901] Scout.Query -> Scout.GotoCenter | Drive to others reported pos
[1 INFO main 317999] Scout.GotoCenter -> Scout.Query | return to random walk
[1 INFO main 318902] Scout.Query -> Scout.GotoCenter | Drive to others reported pos
[1 INFO main 319101] Scout.GotoCenter -> Scout.Query | return to random walk
[1 INFO main 319904] Scout.Query -> Scout.GotoCenter | Drive to others reported pos
[1 INFO main 320002] Scout.GotoCenter -> Scout.Query | return to random walk
[1 INFO main 320905] Scout.Query -> Scout.GotoCenter | Drive to others reported pos
[1 INFO main 321004] Scout.GotoCenter -> Scout.Query | return to random walk
[1 INFO main 321907] Scout.Query -> Scout.GotoCenter | Drive to others reported pos
[1 INFO main 322005] Scout.GotoCenter -> Scout.Query | return to random walk
[1 INFO main 322908] Scout.Query -> Scout.GotoCenter | Drive to others reported pos
[1 INFO main 323106] Scout.GotoCenter -> Scout.Query | return to random walk
[1 INFO main 323909] Scout.Query -> Scout.GotoCenter | Drive to others reported pos
[1 INFO main 324008] Scout.GotoCenter -> Scout.Query | return to random walk
[1 INFO main 324910] Scout.Query -> Scout.GotoCenter | Drive to others reported pos
[1 INFO main 325009] Scout.GotoCenter -> Scout.Query | return to random walk
[1 INFO main 326012] Scout.Query -> Scout.GotoCenter | Drive to others reported pos
[1 INFO main 326110] Scout.GotoCenter -> Scout.Query | return to random walk
[1 INFO main 327113] Scout.Query -> Scout.GotoCenter | Drive to others reported pos
[1 INFO main 327712] Scout.GotoCenter -> Scout.Query | return to random walk
[1 INFO main 328115] Scout.Query -> Scout.GotoCenter | Drive to others reported pos
[1 INFO main 331217] Scout.GotoCenter -> Scout.Query | return to random walk
[1 INFO main 332120] Scout.Query -> Scout.GotoCenter | Drive to others reported pos
[1 INFO main 333520] Scout.GotoCenter -> Scout.Query | return to random walk
[1 INFO main 334122] Scout.Query -> Scout.GotoCenter | Drive to others reported pos
[1 INFO main 334221] Scout.GotoCenter -> Scout.Query | return to random walk
[1 INFO main 335124] Scout.Query -> Scout.GotoCenter | Drive to others reported pos
[1 INFO main 335723] Scout.GotoCenter -> Scout.Query | return to random walk
[1 INFO main 336125] Scout.Query -> Scout.GotoCenter | Drive to others reported pos
[1 INFO main 337826] Scout.GotoCenter -> Scout.Query | return to random walk
[1 INFO main 338128] Scout.Query -> Scout.GotoCenter | Drive to others reported pos
[1 INFO main 338226] Scout.GotoCenter -> Scout.Query | return to random walk
[1 INFO main 339129] Scout.Query -> Scout.GotoCenter | Drive to others reported pos
[1 INFO main 339428] Scout.GotoCenter -> Scout.Query | return to random walk
[1 INFO main 340130] Scout.Query -> Scout.GotoCenter | Drive to others reported pos
[1 INFO main 340429] Scout.GotoCenter -> Scout.Query | return to random walk
[1 INFO main 341131] Scout.Query -> Scout.GotoCenter | Drive to others reported pos
[1 INFO main 341831] Scout.GotoCenter -> Scout.Query | return to random walk
[1 INFO main 342132] Scout.Query -> Scout.GotoCenter | Drive to others reported pos
[1 INFO main 342231] Scout.GotoCenter -> Scout.Query | return to random walk
[1 INFO main 343134] Scout.Query -> Scout.GotoCenter | Drive to others reported pos
[1 INFO main 346138] Scout.GotoCenter -> Scout.Query | return to random walk
[1 INFO main 347140] Scout.Query -> Scout.GotoCenter | Drive to others reported pos
[1 INFO main 347438] Scout.GotoCenter -> Scout.Query | return to random walk
[1 INFO main 348140] Scout.Query -> Scout.GotoCenter | Drive to others reported pos
[1 INFO main 348440] Scout.GotoCenter -> Scout.Query | return to random walk
[1 INFO main 349142] Scout.Query -> Scout.GotoCenter | Drive to others reported pos
[1 INFO main 349241] Scout.GotoCenter -> Scout.Query | return to random walk
[1 INFO main 350143] Scout.Query -> Scout.GotoCenter | Drive to others reported pos
[1 INFO main 350943] Scout.GotoCenter -> Scout.Query | return to random walk
[1 INFO main 351145] Scout.Query -> Scout.GotoCenter | Drive to others reported pos
[1 INFO main 351342] Scout.GotoCenter -> Scout.Query | return to random walk
[1 INFO main 352146] Scout.Query -> Scout.GotoCenter | Drive to others reported pos
[1 INFO main 352445] Scout.GotoCenter -> Scout.Query | return to random walk
[1 INFO main 353148] Scout.Query -> Scout.GotoCenter | Drive to others reported pos
[1 INFO main 353648] Scout.GotoCenter -> Scout.Query | return to random walk
[1 INFO main 354148] Scout.Query -> Scout.GotoCenter | Drive to others reported pos
[1 INFO main 354546] Scout.GotoCenter -> Scout.Query | return to random walk
[1 INFO main 355150] Scout.Query -> Scout.GotoCenter | Drive to others reported pos
[1 INFO main 355249] Scout.GotoCenter -> Scout.Query | return to random walk
[1 INFO main 356151] Scout.Query -> Scout.GotoCenter | Drive to others reported pos
[1 INFO main 357451] Scout.GotoCenter -> Scout.Query | return to random walk
[1 INFO main 358155] Scout.Query -> Scout.GotoCenter | Drive to others reported pos
[1 INFO main 358453] Scout.GotoCenter -> Scout.Query | return to random walk
[1 INFO main 359156] Scout.Query -> Scout.GotoCenter | Drive to others reported pos
[1 INFO main 361057] Scout.GotoCenter -> Scout.Query | return to random walk
[1 INFO main 361158] Scout.Query -> Scout.GotoCenter | Drive to others reported pos
[1 INFO main 361357] Scout.GotoCenter -> Scout.Query | return to random walk
[1 INFO main 362159] Scout.Query -> Scout.GotoCenter | Drive to others reported pos
[1 INFO main 363059] Scout.GotoCenter -> Scout.Query | return to random walk
[1 INFO main 363162] Scout.Query -> Scout.GotoCenter | Drive to others reported pos
[1 INFO main 363560] Scout.GotoCenter -> Scout.Query | return to random walk
[1 INFO main 364162] Scout.Query -> Scout.GotoCenter | Drive to others reported pos
[1 INFO main 365462] Scout.GotoCenter -> Scout.Query | return to random walk
[1 INFO main 366164] Scout.Query -> Scout.GotoCenter | Drive to others reported pos
[1 INFO main 367166] Scout.GotoCenter -> Scout.Query | return to random walk
[1 INFO main 368167] Scout.Query -> Scout.GotoCenter | Drive to others reported pos
[1 INFO main 368466] Scout.GotoCenter -> Scout.Query | return to random walk
[1 INFO main 369169] Scout.Query -> Scout.GotoCenter | Drive to others reported pos
[1 INFO main 369567] Scout.GotoCenter -> Scout.Query | return to random walk
[1 INFO main 370170] Scout.Query -> Scout.GotoCenter | Drive to others reported pos
[1 INFO main 370268] Scout.GotoCenter -> Scout.Query | return to random walk
[1 INFO main 371171] Scout.Query -> Scout.GotoCenter | Drive to others reported pos
[1 INFO main 371270] Scout.GotoCenter -> Scout.Query | return to random walk
[1 INFO main 372172] Scout.Query -> Scout.GotoCenter | Drive to others reported pos
[1 INFO main 372271] Scout.GotoCenter -> Scout.Query | return to random walk
[1 INFO main 373174] Scout.Query -> Scout.GotoCenter | Drive to others reported pos
[1 INFO main 374073] Scout.GotoCenter -> Scout.Query | return to random walk
[1 INFO main 374175] Scout.Query -> Scout.GotoCenter | Drive to others reported pos
[1 INFO main 374274] Scout.GotoCenter -> Scout.Query | return to random walk
[1 INFO main 375177] Scout.Query -> Scout.GotoCenter | Drive to others reported pos
[1 INFO main 375275] Scout.GotoCenter -> Scout.Query | return to random walk
[1 INFO main 376178] Scout.Query -> Scout.GotoCenter | Drive to others reported pos
[1 INFO main 376877] Scout.GotoCenter -> Scout.Query | return to random walk
[1 INFO main 377179] Scout.Query -> Scout.GotoCenter | Drive to others reported pos
[1 INFO main 377578] Scout.GotoCenter -> Scout.Query | return to random walk
[1 INFO main 378181] Scout.Query -> Scout.GotoCenter | Drive to others reported pos
[1 INFO main 379480] Scout.GotoCenter -> Scout.Query | return to random walk
[1 INFO main 380183] Scout.Query -> Scout.GotoCenter | Drive to others reported pos
[1 INFO main 380381] Scout.GotoCenter -> Scout.Query | return to random walk
[1 INFO main 381184] Scout.Query -> Scout.GotoCenter | Drive to others reported pos
[1 INFO main 381582] Scout.GotoCenter -> Scout.Query | return to random walk
[1 INFO main 382185] Scout.Query -> Scout.GotoCenter | Drive to others reported pos
[1 INFO main 382885] Scout.GotoCenter -> Scout.Query | return to random walk
[1 INFO main 383186] Scout.Query -> Scout.GotoCenter | Drive to others reported pos
[1 INFO main 383385] Scout.GotoCenter -> Scout.Query | return to random walk
[1 INFO main 384188] Scout.Query -> Scout.GotoCenter | Drive to others reported pos
[1 INFO main 384287] Scout.GotoCenter -> Scout.Query | return to random walk
[1 INFO main 385190] Scout.Query -> Scout.GotoCenter | Drive to others reported pos
[1 INFO main 385288] Scout.GotoCenter -> Scout.Query | return to random walk
[1 INFO main 386191] Scout.Query -> Scout.GotoCenter | Drive to others reported pos
[1 INFO main 386490] Scout.GotoCenter -> Scout.Query | return to random walk
[1 INFO main 387192] Scout.Query -> Scout.GotoCenter | Drive to others reported pos
[1 INFO main 387291] Scout.GotoCenter -> Scout.Query | return to random walk
[1 INFO main 388194] Scout.Query -> Scout.GotoCenter | Drive to others reported pos
[1 INFO main 388292] Scout.GotoCenter -> Scout.Query | return to random walk
[1 INFO main 389195] Scout.Query -> Scout.GotoCenter | Drive to others reported pos
[1 INFO main 389293] Scout.GotoCenter -> Scout.Query | return to random walk
[1 INFO main 390196] Scout.Query -> Scout.GotoCenter | Drive to others reported pos
[1 INFO main 390395] Scout.GotoCenter -> Scout.Query | return to random walk
[1 INFO main 391197] Scout.Query -> Scout.GotoCenter | Drive to others reported pos
[1 INFO main 391396] Scout.GotoCenter -> Scout.Query | return to random walk
[1 INFO main 392198] Scout.Query -> Scout.GotoCenter | Drive to others reported pos
[1 INFO main 392297] Scout.GotoCenter -> Scout.Query | return to random walk
[1 INFO main 393200] Scout.Query -> Scout.GotoCenter | Drive to others reported pos
[1 INFO main 393298] Scout.GotoCenter -> Scout.Query | return to random walk
[1 INFO main 394203] Scout.Query -> Scout.GotoCenter | Drive to others reported pos
[1 INFO main 394501] Scout.GotoCenter -> Scout.Query | return to random walk
[1 INFO main 395301] Scout.Query -> Scout.GotoCenter | Drive to others reported pos
[1 INFO main 395401] Scout.GotoCenter -> Scout.Query | return to random walk
[1 INFO main 396303] Scout.Query -> Scout.GotoCenter | Drive to others reported pos
[1 INFO main 396603] Scout.GotoCenter -> Scout.Query | return to random walk
[1 INFO main 397304] Scout.Query -> Scout.GotoCenter | Drive to others reported pos
[1 INFO main 397504] Scout.GotoCenter -> Scout.Query | return to random walk
[1 INFO main 398305] Scout.Query -> Scout.GotoCenter | Drive to others reported pos
[1 INFO main 398406] Scout.GotoCenter -> Scout.Query | return to random walk
[1 INFO main 399307] Scout.Query -> Scout.GotoCenter | Drive to others reported pos
[1 INFO main 399908] Scout.GotoCenter -> Scout.Query | return to random walk
[1 INFO main 400308] Scout.Query -> Scout.GotoCenter | Drive to others reported pos
[1 INFO main 400408] Scout.GotoCenter -> Scout.Query | return to random walk
[1 INFO main 401310] Scout.Query -> Scout.GotoCenter | Drive to others reported pos
[1 INFO main 401410] Scout.GotoCenter -> Scout.Query | return to random walk
[1 INFO main 402311] Scout.Query -> Scout.GotoCenter | Drive to others reported pos
[1 INFO main 402713] Scout.GotoCenter -> Scout.Query | return to random walk
[1 INFO main 403312] Scout.Query -> Scout.GotoCenter | Drive to others reported pos
[1 INFO main 403413] Scout.GotoCenter -> Scout.Query | return to random walk
[1 INFO main 404314] Scout.Query -> Scout.GotoCenter | Drive to others reported pos
[1 INFO main 404414] Scout.GotoCenter -> Scout.Query | return to random walk
[1 INFO main 405315] Scout.Query -> Scout.GotoCenter | Drive to others reported pos
[1 INFO main 405616] Scout.GotoCenter -> Scout.Query | return to random walk
[1 INFO main 406317] Scout.Query -> Scout.GotoCenter | Drive to others reported pos
[1 INFO main 407118] Scout.GotoCenter -> Scout.Query | return to random walk
[1 INFO main 407418] Scout.Query -> Scout.GotoCenter | Drive to others reported pos
[1 INFO main 407619] Scout.GotoCenter -> Scout.Query | return to random walk
[1 INFO main 408421] Scout.Query -> Scout.GotoCenter | Drive to others reported pos
[1 INFO main 408519] Scout.GotoCenter -> Scout.Query | return to random walk
[1 INFO main 409422] Scout.Query -> Scout.GotoCenter | Drive to others reported pos
[1 INFO main 409521] Scout.GotoCenter -> Scout.Query | return to random walk
[1 INFO main 410424] Scout.Query -> Scout.GotoCenter | Drive to others reported pos
[1 INFO main 410622] Scout.GotoCenter -> Scout.Query | return to random walk
[1 INFO main 411425] Scout.Query -> Scout.GotoCenter | Drive to others reported pos
[1 INFO main 413226] Scout.GotoCenter -> Scout.Query | return to random walk
[1 INFO main 413428] Scout.Query -> Scout.GotoCenter | Drive to others reported pos
[1 INFO main 413526] Scout.GotoCenter -> Scout.Query | return to random walk
[1 INFO main 414428] Scout.Query -> Scout.GotoCenter | Drive to others reported pos
[1 INFO main 414527] Scout.GotoCenter -> Scout.Query | return to random walk
[1 INFO main 415430] Scout.Query -> Scout.GotoCenter | Drive to others reported pos
[1 INFO main 417031] Scout.GotoCenter -> Scout.Query | return to random walk
[1 INFO main 417433] Scout.Query -> Scout.GotoCenter | Drive to others reported pos
[1 INFO main 418233] Scout.GotoCenter -> Scout.Query | return to random walk
[1 INFO main 418535] Scout.Query -> Scout.GotoCenter | Drive to others reported pos
[1 INFO main 418834] Scout.GotoCenter -> Scout.Query | return to random walk
[1 INFO main 419536] Scout.Query -> Scout.GotoCenter | Drive to others reported pos
[1 INFO main 419635] Scout.GotoCenter -> Scout.Query | return to random walk
[1 INFO main 420538] Scout.Query -> Scout.GotoCenter | Drive to others reported pos
[1 INFO main 420836] Scout.GotoCenter -> Scout.Query | return to random walk
[1 INFO main 421539] Scout.Query -> Scout.GotoCenter | Drive to others reported pos
[1 INFO main 421938] Scout.GotoCenter -> Scout.Query | return to random walk
[1 INFO main 422540] Scout.Query -> Scout.GotoCenter | Drive to others reported pos
[1 INFO main 422639] Scout.GotoCenter -> Scout.Query | return to random walk
[1 INFO main 423541] Scout.Query -> Scout.GotoCenter | Drive to others reported pos
[1 INFO main 423639] Scout.GotoCenter -> Scout.Query | return to random walk
[1 INFO main 424542] Scout.Query -> Scout.GotoCenter | Drive to others reported pos
[1 INFO main 425144] Scout.GotoCenter -> Scout.Query | return to random walk
[1 INFO main 425644] Scout.Query -> Scout.GotoCenter | Drive to others reported pos
[1 INFO main 425743] Scout.GotoCenter -> Scout.Query | return to random walk
[1 INFO main 426645] Scout.Query -> Scout.GotoCenter | Drive to others reported pos
[1 INFO main 426744] Scout.GotoCenter -> Scout.Query | return to random walk
[1 INFO main 427647] Scout.Query -> Scout.GotoCenter | Drive to others reported pos
[1 INFO main 427745] Scout.GotoCenter -> Scout.Query | return to random walk
[1 INFO main 428648] Scout.Query -> Scout.GotoCenter | Drive to others reported pos
[1 INFO main 428747] Scout.GotoCenter -> Scout.Query | return to random walk
[1 INFO main 429650] Scout.Query -> Scout.GotoCenter | Drive to others reported pos
[1 INFO main 429748] Scout.GotoCenter -> Scout.Query | return to random walk
[1 INFO main 430651] Scout.Query -> Scout.GotoCenter | Drive to others reported pos
[1 INFO main 430849] Scout.GotoCenter -> Scout.Query | return to random walk
[1 INFO main 431652] Scout.Query -> Scout.GotoCenter | Drive to others reported pos
[1 INFO main 431750] Scout.GotoCenter -> Scout.Query | return to random walk
[1 INFO main 432653] Scout.Query -> Scout.GotoCenter | Drive to others reported pos
[1 INFO main 432751] Scout.GotoCenter -> Scout.Query | return to random walk
[1 INFO main 433654] Scout.Query -> Scout.GotoCenter | Drive to others reported pos
[1 INFO main 433753] Scout.GotoCenter -> Scout.Query | return to random walk
[1 INFO main 434656] Scout.Query -> Scout.GotoCenter | Drive to others reported pos
[1 INFO main 434754] Scout.GotoCenter -> Scout.Query | return to random walk
[1 INFO main 435657] Scout.Query -> Scout.GotoCenter | Drive to others reported pos
[1 INFO main 435956] Scout.GotoCenter -> Scout.Query | return to random walk
[1 INFO main 436658] Scout.Query -> Scout.GotoCenter | Drive to others reported pos
[1 INFO main 436757] Scout.GotoCenter -> Scout.Query | return to random walk
[1 INFO main 437660] Scout.Query -> Scout.GotoCenter | Drive to others reported pos
[1 INFO main 437758] Scout.GotoCenter -> Scout.Query | return to random walk
[1 INFO main 438661] Scout.Query -> Scout.GotoCenter | Drive to others reported pos
[1 INFO main 438759] Scout.GotoCenter -> Scout.Query | return to random walk
[1 INFO main 439662] Scout.Query -> Scout.GotoCenter | Drive to others reported pos
[1 INFO main 439761] Scout.GotoCenter -> Scout.Query | return to random walk
[1 INFO main 440663] Scout.Query -> Scout.GotoCenter | Drive to others reported pos
[1 INFO main 440761] Scout.GotoCenter -> Scout.Query | return to random walk
[1 INFO main 441664] Scout.Query -> Scout.GotoCenter | Drive to others reported pos
[1 INFO main 441864] Scout.GotoCenter -> Scout.Query | return to random walk
[1 INFO main 442666] Scout.Query -> Scout.GotoCenter | Drive to others reported pos
[1 INFO main 442865] Scout.GotoCenter -> Scout.Query | return to random walk
[1 INFO main 443670] Scout.Query -> Scout.GotoCenter | Drive to others reported pos
[1 INFO main 443966] Scout.GotoCenter -> Scout.Query | return to random walk
[1 INFO main 444765] Scout.Query -> Scout.GotoCenter | Drive to others reported pos
[1 INFO main 445068] Scout.GotoCenter -> Scout.Query | return to random walk
[1 INFO main 445766] Scout.Query -> Scout.GotoCenter | Drive to others reported pos
[1 INFO main 445868] Scout.GotoCenter -> Scout.Query | return to random walk
[1 INFO main 446769] Scout.Query -> Scout.GotoCenter | Drive to others reported pos
[1 INFO main 446970] Scout.GotoCenter -> Scout.Query | return to random walk
[1 INFO main 447772] Scout.Query -> Scout.GotoCenter | Drive to others reported pos
[1 INFO main 447871] Scout.GotoCenter -> Scout.Query | return to random walk
[1 INFO main 448872] Scout.Query -> Scout.GotoCenter | Drive to others reported pos
[1 INFO main 448972] Scout.GotoCenter -> Scout.Query | return to random walk
[1 INFO main 449873] Scout.Query -> Scout.GotoCenter | Drive to others reported pos
[1 INFO main 449974] Scout.GotoCenter -> Scout.Query | return to random walk
[1 INFO main 450874] Scout.Query -> Scout.GotoCenter | Drive to others reported pos
[1 INFO main 450975] Scout.GotoCenter -> Scout.Query | return to random walk
[1 INFO main 451876] Scout.Query -> Scout.GotoCenter | Drive to others reported pos
[1 INFO main 451976] Scout.GotoCenter -> Scout.Query | return to random walk
[1 INFO main 452877] Scout.Query -> Scout.GotoCenter | Drive to others reported pos
[1 INFO main 453078] Scout.GotoCenter -> Scout.Query | return to random walk
[1 INFO main 453879] Scout.Query -> Scout.GotoCenter | Drive to others reported pos
[1 INFO main 454379] Scout.GotoCenter -> Scout.Query | return to random walk
[1 INFO main 454880] Scout.Query -> Scout.GotoCenter | Drive to others reported pos
[1 INFO main 455180] Scout.GotoCenter -> Scout.Query | return to random walk
[1 INFO main 455881] Scout.Query -> Scout.GotoCenter | Drive to others reported pos
[1 INFO main 455981] Scout.GotoCenter -> Scout.Query | return to random walk
[1 INFO main 456884] Scout.Query -> Scout.GotoCenter | Drive to others reported pos
[1 INFO main 456982] Scout.GotoCenter -> Scout.Query | return to random walk
[1 INFO main 457884] Scout.Query -> Scout.GotoCenter | Drive to others reported pos
[1 INFO main 457985] Scout.GotoCenter -> Scout.Query | return to random walk
[1 INFO main 458884] Scout.Query -> Scout.GotoCenter | Drive to others reported pos
[1 INFO main 459285] Scout.GotoCenter -> Scout.Query | return to random walk
[1 INFO main 459886] Scout.Query -> Scout.GotoCenter | Drive to others reported pos
[1 INFO main 460086] Scout.GotoCenter -> Scout.Query | return to random walk
[1 INFO main 460887] Scout.Query -> Scout.GotoCenter | Drive to others reported pos
[1 INFO main 460989] Scout.GotoCenter -> Scout.Query | return to random walk
[1 INFO main 461888] Scout.Query -> Scout.GotoCenter | Drive to others reported pos
[1 INFO main 461990] Scout.GotoCenter -> Scout.Query | return to random walk
[1 INFO main 462890] Scout.Query -> Scout.GotoCenter | Drive to others reported pos
[1 INFO main 462991] Scout.GotoCenter -> Scout.Query | return to random walk
[1 INFO main 463890] Scout.Query -> Scout.GotoCenter | Drive to others reported pos
[1 INFO main 463992] Scout.GotoCenter -> Scout.Query | return to random walk
[1 INFO main 464891] Scout.Query -> Scout.GotoCenter | Drive to others reported pos
[1 INFO main 465192] Scout.GotoCenter -> Scout.Query | return to random walk
[1 INFO main 465892] Scout.Query -> Scout.GotoCenter | Drive to others reported pos
[1 INFO main 465994] Scout.GotoCenter -> Scout.Query | return to random walk
[1 INFO main 466894] Scout.Query -> Scout.GotoCenter | Drive to others reported pos
[1 INFO main 467094] Scout.GotoCenter -> Scout.Query | return to random walk
[1 INFO main 467895] Scout.Query -> Scout.GotoCenter | Drive to others reported pos
[1 INFO main 467997] Scout.GotoCenter -> Scout.Query | return to random walk
[1 INFO main 468896] Scout.Query -> Scout.GotoCenter | Drive to others reported pos
[1 INFO main 468998] Scout.GotoCenter -> Scout.Query | return to random walk
[1 INFO main 469999] Scout.Query -> Scout.GotoCenter | Drive to others reported pos
[1 INFO main 470297] Scout.GotoCenter -> Scout.Query | return to random walk
[1 INFO main 471000] Scout.Query -> Scout.GotoCenter | Drive to others reported pos
[1 INFO main 471500] Scout.GotoCenter -> Scout.Query | return to random walk
[1 INFO main 472001] Scout.Query -> Scout.GotoCenter | Drive to others reported pos
[1 INFO main 472200] Scout.GotoCenter -> Scout.Query | return to random walk
[1 INFO main 473002] Scout.Query -> Scout.GotoCenter | Drive to others reported pos
[1 INFO main 473301] Scout.GotoCenter -> Scout.Query | return to random walk
[1 INFO main 474004] Scout.Query -> Scout.GotoCenter | Drive to others reported pos
[1 INFO main 474103] Scout.GotoCenter -> Scout.Query | return to random walk
[1 INFO main 475005] Scout.Query -> Scout.GotoCenter | Drive to others reported pos
[1 INFO main 475104] Scout.GotoCenter -> Scout.Query | return to random walk
[1 INFO main 476006] Scout.Query -> Scout.GotoCenter | Drive to others reported pos
[1 INFO main 476105] Scout.GotoCenter -> Scout.Query | return to random walk
[1 INFO main 477008] Scout.Query -> Scout.GotoCenter | Drive to others reported pos
[1 INFO main 477207] Scout.GotoCenter -> Scout.Query | return to random walk
[1 INFO main 478009] Scout.Query -> Scout.GotoCenter | Drive to others reported pos
[1 INFO main 478208] Scout.GotoCenter -> Scout.Query | return to random walk
[1 INFO main 479011] Scout.Query -> Scout.GotoCenter | Drive to others reported pos
[1 INFO main 479109] Scout.GotoCenter -> Scout.Query | return to random walk
[1 INFO main 480012] Scout.Query -> Scout.GotoCenter | Drive to others reported pos
[1 INFO main 482515] Scout.GotoCenter -> Scout.Query | return to random walk
[1 INFO main 483016] Scout.Query -> Scout.GotoCenter | Drive to others reported pos
[1 INFO main 483414] Scout.GotoCenter -> Scout.Query | return to random walk
[1 INFO main 484016] Scout.Query -> Scout.GotoCenter | Drive to others reported pos
[1 INFO main 484115] Scout.GotoCenter -> Scout.Query | return to random walk
[1 INFO main 485019] Scout.Query -> Scout.GotoCenter | Drive to others reported pos
[1 INFO main 486318] Scout.GotoCenter -> Scout.Query | return to random walk
[1 INFO main 487021] Scout.Query -> Scout.GotoCenter | Drive to others reported pos
[1 INFO main 487619] Scout.GotoCenter -> Scout.Query | return to random walk
[1 INFO main 488022] Scout.Query -> Scout.GotoCenter | Drive to others reported pos
[1 INFO main 494529] Scout.GotoCenter -> Scout.Query | return to random walk
[1 INFO main 495230] Scout.Query -> Scout.GotoCenter | Drive to others reported pos
[1 INFO main 497532] Scout.GotoCenter -> Scout.Query | return to random walk
[1 INFO main 498235] Scout.Query -> Scout.GotoCenter | Drive to others reported pos
[1 INFO main 499236] Scout.GotoCenter -> Scout.Query | return to random walk
[1 INFO main 500237] Scout.Query -> Scout.GotoCenter | Drive to others reported pos
[1 INFO main 500536] Scout.GotoCenter -> Scout.Query | return to random walk
[1 INFO main 501338] Scout.Query -> Scout.GotoCenter | Drive to others reported pos
[1 INFO main 501537] Scout.GotoCenter -> Scout.Query | return to random walk
[1 INFO main 502339] Scout.Query -> Scout.GotoCenter | Drive to others reported pos
[1 INFO main 502439] Scout.GotoCenter -> Scout.Query | return to random walk
[1 INFO main 503342] Scout.Query -> Scout.GotoCenter | Drive to others reported pos
[1 INFO main 503439] Scout.GotoCenter -> Scout.Query | return to random walk
[1 INFO main 504342] Scout.Query -> Scout.GotoCenter | Drive to others reported pos
[1 INFO main 504843] Scout.GotoCenter -> Scout.Query | return to random walk
[1 INFO main 505344] Scout.Query -> Scout.GotoCenter | Drive to others reported pos
[1 INFO main 506243] Scout.GotoCenter -> Scout.Query | return to random walk
[1 INFO main 506444] Scout.Query -> Scout.GotoCenter | Drive to others reported pos
[1 INFO main 507045] Scout.GotoCenter -> Scout.Query | return to random walk
[1 INFO main 507447] Scout.Query -> Scout.GotoCenter | Drive to others reported pos
[1 INFO main 508747] Scout.GotoCenter -> Scout.Query | return to random walk
[1 INFO main 509449] Scout.Query -> Scout.GotoCenter | Drive to others reported pos
[1 INFO main 510849] Scout.GotoCenter -> Scout.Query | return to random walk
[1 INFO main 511452] Scout.Query -> Scout.GotoCenter | Drive to others reported pos
[1 INFO main 511551] Scout.GotoCenter -> Scout.Query | return to random walk
[1 INFO main 512453] Scout.Query -> Scout.GotoCenter | Drive to others reported pos
[1 INFO main 514456] Scout.GotoCenter -> Scout.Query | return to random walk
[1 INFO main 515457] Scout.Query -> Scout.GotoCenter | Drive to others reported pos
[1 INFO main 516257] Scout.GotoCenter -> Scout.Query | return to random walk
[1 INFO main 516458] Scout.Query -> Scout.GotoCenter | Drive to others reported pos
[1 INFO main 517157] Scout.GotoCenter -> Scout.Query | return to random walk
[1 INFO main 517461] Scout.Query -> Scout.GotoCenter | Drive to others reported pos
[1 INFO main 518860] Scout.GotoCenter -> Scout.Query | return to random walk
[1 INFO main 519462] Scout.Query -> Scout.GotoCenter | Drive to others reported pos
[1 INFO main 519861] Scout.GotoCenter -> Scout.Query | return to random walk
[1 INFO main 520464] Scout.Query -> Scout.GotoCenter | Drive to others reported pos
[1 INFO main 522063] Scout.GotoCenter -> Scout.Query | return to random walk
[1 INFO main 522466] Scout.Query -> Scout.GotoCenter | Drive to others reported pos
[1 INFO main 522665] Scout.GotoCenter -> Scout.Query | return to random walk
[1 INFO main 523467] Scout.Query -> Scout.GotoCenter | Drive to others reported pos
[1 INFO main 523666] Scout.GotoCenter -> Scout.Query | return to random walk
[1 INFO main 524468] Scout.Query -> Scout.GotoCenter | Drive to others reported pos
[1 INFO main 525368] Scout.GotoCenter -> Scout.Query | return to random walk
[1 INFO main 525470] Scout.Query -> Scout.GotoCenter | Drive to others reported pos
[1 INFO main 525869] Scout.GotoCenter -> Scout.Query | return to random walk
[1 INFO main 526471] Scout.Query -> Scout.GotoCenter | Drive to others reported pos
[1 INFO main 527072] Scout.GotoCenter -> Scout.Query | return to random walk
[1 INFO main 527572] Scout.Query -> Scout.GotoCenter | Drive to others reported pos
[1 INFO main 527671] Scout.GotoCenter -> Scout.Query | return to random walk
[1 INFO main 528574] Scout.Query -> Scout.GotoCenter | Drive to others reported pos
[1 INFO main 528771] Scout.GotoCenter -> Scout.Query | return to random walk
[1 INFO main 529575] Scout.Query -> Scout.GotoCenter | Drive to others reported pos
[1 INFO main 530076] Scout.GotoCenter -> Scout.Query | return to random walk
[1 INFO main 530577] Scout.Query -> Scout.GotoCenter | Drive to others reported pos
[1 INFO main 531776] Scout.GotoCenter -> Scout.Query | return to random walk
[1 INFO main 532579] Scout.Query -> Scout.GotoCenter | Drive to others reported pos
[1 INFO main 534581] Scout.GotoCenter -> Scout.Query | return to random walk
[1 INFO main 535582] Scout.Query -> Scout.GotoCenter | Drive to others reported pos
[1 INFO main 535681] Scout.GotoCenter -> Scout.Query | return to random walk
[1 INFO main 536584] Scout.Query -> Scout.GotoCenter | Drive to others reported pos
[1 INFO main 537784] Scout.GotoCenter -> Scout.Query | return to random walk
[1 INFO main 538687] Scout.Query -> Scout.GotoCenter | Drive to others reported pos
[1 INFO main 538785] Scout.GotoCenter -> Scout.Query | return to random walk
[1 INFO main 539688] Scout.Query -> Scout.GotoCenter | Drive to others reported pos
[1 INFO main 539786] Scout.GotoCenter -> Scout.Query | return to random walk
[1 INFO main 540689] Scout.Query -> Scout.GotoCenter | Drive to others reported pos
[1 INFO main 540788] Scout.GotoCenter -> Scout.Query | return to random walk
[1 INFO main 541691] Scout.Query -> Scout.GotoCenter | Drive to others reported pos
[1 INFO main 542390] Scout.GotoCenter -> Scout.Query | return to random walk
[1 INFO main 542692] Scout.Query -> Scout.GotoCenter | Drive to others reported pos
[1 INFO main 543391] Scout.GotoCenter -> Scout.Query | return to random walk
[1 INFO main 543693] Scout.Query -> Scout.GotoCenter | Drive to others reported pos
[1 INFO main 543792] Scout.GotoCenter -> Scout.Query | return to random walk
[1 INFO main 544694] Scout.Query -> Scout.GotoCenter | Drive to others reported pos
[1 INFO main 544993] Scout.GotoCenter -> Scout.Query | return to random walk
[1 INFO main 545696] Scout.Query -> Scout.GotoCenter | Drive to others reported pos
[1 INFO main 545894] Scout.GotoCenter -> Scout.Query | return to random walk
[1 INFO main 546696] Scout.Query -> Scout.GotoCenter | Drive to others reported pos
[1 INFO main 546895] Scout.GotoCenter -> Scout.Query | return to random walk
[1 INFO main 547697] Scout.Query -> Scout.GotoCenter | Drive to others reported pos
[1 INFO main 548397] Scout.GotoCenter -> Scout.Query | return to random walk
[1 INFO main 548699] Scout.Query -> Scout.GotoCenter | Drive to others reported pos
[1 INFO main 549299] Scout.GotoCenter -> Scout.Query | return to random walk
[1 INFO main 549701] Scout.Query -> Scout.GotoCenter | Drive to others reported pos
[1 INFO main 550099] Scout.GotoCenter -> Scout.Query | return to random walk
[1 INFO main 550702] Scout.Query -> Scout.GotoCenter | Drive to others reported pos
[1 INFO main 552102] Scout.GotoCenter -> Scout.Query | return to random walk
[1 INFO main 552705] Scout.Query -> Scout.GotoCenter | Drive to others reported pos
[1 INFO main 553003] Scout.GotoCenter -> Scout.Query | return to random walk
[1 INFO main 553706] Scout.Query -> Scout.GotoCenter | Drive to others reported pos
[1 INFO main 553804] Scout.GotoCenter -> Scout.Query | return to random walk
[1 INFO main 554707] Scout.Query -> Scout.GotoCenter | Drive to others reported pos
[1 INFO main 554805] Scout.GotoCenter -> Scout.Query | return to random walk
[1 INFO main 555708] Scout.Query -> Scout.GotoCenter | Drive to others reported pos
[1 INFO main 556407] Scout.GotoCenter -> Scout.Query | return to random walk
[1 INFO main 556709] Scout.Query -> Scout.GotoCenter | Drive to others reported pos
[1 INFO main 556908] Scout.GotoCenter -> Scout.Query | return to random walk
[1 INFO main 557711] Scout.Query -> Scout.GotoCenter | Drive to others reported pos
[1 INFO main 557809] Scout.GotoCenter -> Scout.Query | return to random walk
[1 INFO main 558712] Scout.Query -> Scout.GotoCenter | Drive to others reported pos
[1 INFO main 559511] Scout.GotoCenter -> Scout.Query | return to random walk
[1 INFO main 559713] Scout.Query -> Scout.GotoCenter | Drive to others reported pos
[1 INFO main 559810] Scout.GotoCenter -> Scout.Query | return to random walk
[1 INFO main 560714] Scout.Query -> Scout.GotoCenter | Drive to others reported pos
[1 INFO main 560812] Scout.GotoCenter -> Scout.Query | return to random walk
[1 INFO main 561716] Scout.Query -> Scout.GotoCenter | Drive to others reported pos
[1 INFO main 561914] Scout.GotoCenter -> Scout.Query | return to random walk
[1 INFO main 562717] Scout.Query -> Scout.GotoCenter | Drive to others reported pos
[1 INFO main 564117] Scout.GotoCenter -> Scout.Query | return to random walk
[1 INFO main 564719] Scout.Query -> Scout.GotoCenter | Drive to others reported pos
[1 INFO main 565018] Scout.GotoCenter -> Scout.Query | return to random walk
[1 INFO main 565721] Scout.Query -> Scout.GotoCenter | Drive to others reported pos
[1 INFO main 565919] Scout.GotoCenter -> Scout.Query | return to random walk
[1 INFO main 566722] Scout.Query -> Scout.GotoCenter | Drive to others reported pos
[1 INFO main 566820] Scout.GotoCenter -> Scout.Query | return to random walk
[1 INFO main 567723] Scout.Query -> Scout.GotoCenter | Drive to others reported pos
[1 INFO main 567822] Scout.GotoCenter -> Scout.Query | return to random walk
[1 INFO main 568725] Scout.Query -> Scout.GotoCenter | Drive to others reported pos
[1 INFO main 569226] Scout.GotoCenter -> Scout.Query | return to random walk
[1 INFO main 569726] Scout.Query -> Scout.GotoCenter | Drive to others reported pos
[1 INFO main 569925] Scout.GotoCenter -> Scout.Query | return to random walk
[1 INFO main 570727] Scout.Query -> Scout.GotoCenter | Drive to others reported pos
[1 INFO main 570926] Scout.GotoCenter -> Scout.Query | return to random walk
[1 INFO main 571729] Scout.Query -> Scout.GotoCenter | Drive to others reported pos
[1 INFO main 571827] Scout.GotoCenter -> Scout.Query | return to random walk
[1 INFO main 572830] Scout.Query -> Scout.GotoCenter | Drive to others reported pos
[1 INFO main 572928] Scout.GotoCenter -> Scout.Query | return to random walk
[1 INFO main 573831] Scout.Query -> Scout.GotoCenter | Drive to others reported pos
[1 INFO main 573930] Scout.GotoCenter -> Scout.Query | return to random walk
[1 INFO main 574833] Scout.Query -> Scout.GotoCenter | Drive to others reported pos
[1 INFO main 574931] Scout.GotoCenter -> Scout.Query | return to random walk
[1 INFO main 575834] Scout.Query -> Scout.GotoCenter | Drive to others reported pos
[1 INFO main 575932] Scout.GotoCenter -> Scout.Query | return to random walk
[1 INFO main 576835] Scout.Query -> Scout.GotoCenter | Drive to others reported pos
[1 INFO main 577034] Scout.GotoCenter -> Scout.Query | return to random walk
[1 INFO main 577936] Scout.Query -> Scout.GotoCenter | Drive to others reported pos
[1 INFO main 578035] Scout.GotoCenter -> Scout.Query | return to random walk
[1 INFO main 578937] Scout.Query -> Scout.GotoCenter | Drive to others reported pos
[1 INFO main 579136] Scout.GotoCenter -> Scout.Query | return to random walk
[1 INFO main 579939] Scout.Query -> Scout.GotoCenter | Drive to others reported pos
[1 INFO main 580237] Scout.GotoCenter -> Scout.Query | return to random walk
[1 INFO main 580940] Scout.Query -> Scout.GotoCenter | Drive to others reported pos
[1 INFO main 581039] Scout.GotoCenter -> Scout.Query | return to random walk
[1 INFO main 581942] Scout.Query -> Scout.GotoCenter | Drive to others reported pos
[1 INFO main 582040] Scout.GotoCenter -> Scout.Query | return to random walk
[1 INFO main 582943] Scout.Query -> Scout.GotoCenter | Drive to others reported pos
[1 INFO main 583141] Scout.GotoCenter -> Scout.Query | return to random walk
[1 INFO main 583944] Scout.Query -> Scout.GotoCenter | Drive to others reported pos
[1 INFO main 584042] Scout.GotoCenter -> Scout.Query | return to random walk
[1 INFO main 584945] Scout.Query -> Scout.GotoCenter | Drive to others reported pos
[1 INFO main 585044] Scout.GotoCenter -> Scout.Query | return to random walk
[1 INFO main 585947] Scout.Query -> Scout.GotoCenter | Drive to others reported pos
[1 INFO main 586145] Scout.GotoCenter -> Scout.Query | return to random walk
[1 INFO main 586948] Scout.Query -> Scout.GotoCenter | Drive to others reported pos
[1 INFO main 587146] Scout.GotoCenter -> Scout.Query | return to random walk
[1 INFO main 587949] Scout.Query -> Scout.GotoCenter | Drive to others reported pos
[1 INFO main 588047] Scout.GotoCenter -> Scout.Query | return to random walk
[1 INFO main 588950] Scout.Query -> Scout.GotoCenter | Drive to others reported pos
[1 INFO main 589048] Scout.GotoCenter -> Scout.Query | return to random walk
[1 INFO main 589951] Scout.Query -> Scout.GotoCenter | Drive to others reported pos
[1 INFO main 590050] Scout.GotoCenter -> Scout.Query | return to random walk
[1 INFO main 590953] Scout.Query -> Scout.GotoCenter | Drive to others reported pos
[1 INFO main 591151] Scout.GotoCenter -> Scout.Query | return to random walk
[1 INFO main 591954] Scout.Query -> Scout.GotoCenter | Drive to others reported pos
[1 INFO main 592052] Scout.GotoCenter -> Scout.Query | return to random walk
[1 INFO main 592955] Scout.Query -> Scout.GotoCenter | Drive to others reported pos
[1 INFO main 593253] Scout.GotoCenter -> Scout.Query | return to random walk
[1 INFO main 593956] Scout.Query -> Scout.GotoCenter | Drive to others reported pos
[1 INFO main 594054] Scout.GotoCenter -> Scout.Query | return to random walk
[1 INFO main 594957] Scout.Query -> Scout.GotoCenter | Drive to others reported pos
[1 INFO main 595056] Scout.GotoCenter -> Scout.Query | return to random walk
[1 INFO main 595959] Scout.Query -> Scout.GotoCenter | Drive to others reported pos
[1 INFO main 596057] Scout.GotoCenter -> Scout.Query | return to random walk
[1 INFO main 596960] Scout.Query -> Scout.GotoCenter | Drive to others reported pos
[1 INFO main 597058] Scout.GotoCenter -> Scout.Query | return to random walk
[1 INFO main 597961] Scout.Query -> Scout.GotoCenter | Drive to others reported pos
[1 INFO main 598059] Scout.GotoCenter -> Scout.Query | return to random walk
[1 INFO main 598962] Scout.Query -> Scout.GotoCenter | Drive to others reported pos
[1 INFO main 599261] Scout.GotoCenter -> Scout.Query | return to random walk
[1 INFO main 599963] Scout.Query -> Scout.GotoCenter | Drive to others reported pos
[1 INFO main 600262] Scout.GotoCenter -> Scout.Query | return to random walk
[1 INFO main 600964] Scout.Query -> Scout.GotoCenter | Drive to others reported pos
[1 INFO main 601063] Scout.GotoCenter -> Scout.Query | return to random walk
