[2 INFO main 28] Initialising Python Geth Console...
[2 INFO main 33] Initialising RandB board...
[2 INFO main 33] Initialising navigation...
[2 INFO main 33] Initialising random-walk...
[2 INFO main 33] Initialising odometry...
[2 INFO main 33] Initialising ground-sensors...
[2 INFO main 1082] --//-- Starting Experiment --//--
[2 INFO main 2457] Idle.IDLE -> Scout.Query | Duration: 30.86
[2 INFO main 30105] Scout.Query -> Scout.PrepSend | Homing
[2 INFO main 30320] Scout.PrepSend -> Verify.Homing | Homing
[2 INFO main 44512] Verify.Homing -> Scout.Query | Arrived home
[2 INFO main 58080] Confirming: 2/9
[2 INFO main 66248] Confirming: 3/9
[2 INFO main 115770] Confirming: 8/9
[2 INFO main 117851] Confirming: 9/9
[2 INFO main 118297] Scout.Query -> Verify.DriveTo | Go to unverified source
[2 INFO main 133832] Verify.DriveTo -> Verify.Homing | Homing
[2 INFO main 154662] Verify.Homing -> Scout.Query | Arrived home
[2 INFO main 160548] Confirming: 1/9
[2 INFO main 162596] Confirming: 2/9
[2 INFO main 164686] Confirming: 3/9
[2 INFO main 168893] Confirming: 5/9
[2 INFO main 171031] Confirming: 6/9
[2 INFO main 173117] Confirming: 7/9
[2 INFO main 177344] Confirming: 8/9
[2 INFO main 228360] Confirming: 34/9
[2 INFO main 228391] Scout.Query -> Verify.DriveTo | Go to unverified source
[2 INFO main 347178] Verify.DriveTo -> Verify.Homing | Homing
[2 INFO main 370713] Confirming: 1/9
[2 INFO main 372744] Confirming: 2/9
[2 INFO main 373076] Verify.Homing -> Scout.Query | Arrived home
[2 INFO main 374803] Confirming: 3/9
[2 INFO main 376902] Confirming: 4/9
[2 INFO main 378938] Confirming: 5/9
[2 INFO main 380995] Confirming: 6/9
[2 INFO main 383030] Confirming: 7/9
[2 INFO main 385056] Confirming: 8/9
[2 INFO main 387109] Confirming: 9/9
[2 INFO main 387375] Scout.Query -> Verify.DriveTo | Go to unverified source
[2 INFO main 408164] Verify.DriveTo -> Verify.Homing | Homing
[2 INFO main 430796] Confirming: 1/9
[2 INFO main 432800] Confirming: 2/9
[2 INFO main 434833] Confirming: 3/9
[2 INFO main 436168] Verify.Homing -> Scout.Query | Arrived home
[2 INFO main 436886] Confirming: 4/9
[2 INFO main 438995] Confirming: 5/9
[2 INFO main 441281] Confirming: 6/9
[2 INFO main 443354] Confirming: 7/9
[2 INFO main 445506] Confirming: 9/9
[2 INFO main 446616] Scout.Query -> Verify.DriveTo | Go to unverified source
[2 INFO main 516407] Verify.DriveTo -> Verify.Homing | Homing
[2 INFO main 549783] Confirming: 1/9
[2 INFO main 551834] Confirming: 2/9
[2 INFO main 553867] Confirming: 3/9
[2 INFO main 554994] Verify.Homing -> Scout.Query | Arrived home
[2 INFO main 556037] Confirming: 4/9
[2 INFO main 560163] Confirming: 5/9
[2 INFO main 562206] Confirming: 6/9
[2 INFO main 564285] Confirming: 8/9
[2 INFO main 566316] Confirming: 9/9
[2 INFO main 567014] Scout.Query -> Verify.DriveTo | Go to unverified source
[2 INFO main 603710] Verify.DriveTo -> Verify.Homing | Homing
[2 INFO main 612010] Confirming: 2/9
[2 INFO main 614060] Confirming: 3/9
[2 INFO main 616088] Confirming: 4/9
[2 INFO main 618153] Confirming: 5/9
[2 INFO main 620175] Confirming: 6/9
[2 INFO main 622195] Confirming: 7/9
[2 INFO main 624275] Confirming: 8/9
[2 INFO main 626278] Confirming: 9/9
[2 INFO main 641447] Verify.Homing -> Scout.Query | Arrived home
[2 INFO main 641575] Scout.Query -> Verify.DriveTo | Go to unverified source
[2 INFO main 677842] Verify.DriveTo -> Verify.Homing | Homing
[2 INFO main 690300] Confirming: 1/9
[2 INFO main 692388] Confirming: 2/9
[2 INFO main 694441] Confirming: 3/9
[2 INFO main 696493] Confirming: 4/9
[2 INFO main 696933] Verify.Homing -> Scout.Query | Arrived home
[2 INFO main 698577] Confirming: 5/9
[2 INFO main 700635] Confirming: 6/9
[2 INFO main 702677] Confirming: 7/9
[2 INFO main 704712] Confirming: 8/9
[2 INFO main 706789] Confirming: 9/9
[2 INFO main 707602] Scout.Query -> Verify.DriveTo | Go to unverified source
[2 INFO main 725130] Verify.DriveTo -> Verify.Homing | Homing
[2 INFO main 749197] Verify.Homing -> Scout.Query | Arrived home
[2 INFO main 760293] Confirming: 1/9
[2 INFO main 762341] Confirming: 2/9
[2 INFO main 764428] Confirming: 3/9
[2 INFO main 766501] Confirming: 4/9
[2 INFO main 768590] Confirming: 5/9
[2 INFO main 770653] Confirming: 6/9
[2 INFO main 772731] Confirming: 7/9
[2 INFO main 774814] Confirming: 8/9
[2 INFO main 776889] Confirming: 9/9
[2 INFO main 777526] Scout.Query -> Verify.DriveTo | Go to unverified source
[2 INFO main 805363] Verify.DriveTo -> Verify.Homing | Homing
[2 INFO main 821867] Confirming: 1/9
[2 INFO main 823945] Confirming: 2/9
[2 INFO main 824545] Verify.Homing -> Scout.Query | Arrived home
[2 INFO main 828009] Confirming: 3/9
[2 INFO main 830022] Confirming: 5/9
[2 INFO main 834066] Confirming: 7/9
[2 INFO main 838245] Confirming: 9/9
[2 INFO main 838612] Scout.Query -> Verify.DriveTo | Go to unverified source
[2 INFO main 877898] Verify.DriveTo -> Verify.Homing | Homing
[2 INFO main 903500] Verify.Homing -> Scout.Query | Arrived home
[2 INFO main 913383] Confirming: 2/9
[2 INFO main 915458] Confirming: 3/9
[2 INFO main 917485] Confirming: 4/9
[2 INFO main 919506] Confirming: 5/9
[2 INFO main 921553] Confirming: 6/9
[2 INFO main 925899] Confirming: 8/9
[2 INFO main 927983] Confirming: 9/9
[2 INFO main 928416] Scout.Query -> Verify.DriveTo | Go to unverified source
[2 INFO main 975516] Verify.DriveTo -> Verify.Homing | Homing
[2 INFO main 1002329] Verify.Homing -> Scout.Query | Arrived home
[2 INFO main 1002733] Confirming: 1/9
[2 INFO main 1004772] Confirming: 2/9
[2 INFO main 1006826] Confirming: 3/9
[2 INFO main 1008950] Confirming: 4/9
[2 INFO main 1010993] Confirming: 5/9
[2 INFO main 1013083] Confirming: 6/9
[2 INFO main 1015133] Confirming: 7/9
[2 INFO main 1017139] Confirming: 8/9
[2 INFO main 1019216] Confirming: 9/9
[2 INFO main 1019943] Scout.Query -> Verify.DriveTo | Go to unverified source
[2 INFO main 1054953] Verify.DriveTo -> Verify.Homing | Homing
[2 INFO main 1063288] Confirming: 1/9
[2 INFO main 1065470] Confirming: 2/9
[2 INFO main 1067538] Confirming: 3/9
[2 INFO main 1069591] Confirming: 4/9
[2 INFO main 1071681] Confirming: 5/9
[2 INFO main 1073690] Confirming: 6/9
[2 INFO main 1075635] Confirming: 7/9
[2 INFO main 1077771] Confirming: 8/9
[2 INFO main 1079826] Confirming: 9/9
[2 INFO main 1090137] Verify.Homing -> Scout.Query | Arrived home
[2 INFO main 1090270] Scout.Query -> Verify.DriveTo | Go to unverified source
[2 INFO main 1264194] Verify.DriveTo -> Verify.Homing | Homing
[2 INFO main 1294318] Verify.Homing -> Scout.Query | Arrived home
[2 INFO main 1307713] Confirming: 1/9
[2 INFO main 1311801] Confirming: 3/9
[2 INFO main 1313946] Confirming: 4/9
[2 INFO main 1316047] Confirming: 5/9
[2 INFO main 1318089] Confirming: 6/9
[2 INFO main 1320169] Confirming: 7/9
[2 INFO main 1322195] Confirming: 8/9
[2 INFO main 1324327] Confirming: 9/9
[2 INFO main 1324779] Scout.Query -> Verify.DriveTo | Go to unverified source
[2 INFO main 1387649] Verify.DriveTo -> Verify.Homing | Homing
[2 INFO main 1397905] Confirming: 1/9
[2 INFO main 1399986] Confirming: 2/9
[2 INFO main 1402041] Confirming: 3/9
[2 INFO main 1404066] Confirming: 4/9
[2 INFO main 1406087] Confirming: 5/9
[2 INFO main 1408113] Confirming: 6/9
[2 INFO main 1410191] Confirming: 7/9
[2 INFO main 1411895] Verify.Homing -> Scout.Query | Arrived home
[2 INFO main 1412280] Confirming: 8/9
[2 INFO main 1414282] Confirming: 9/9
[2 INFO main 1414319] Scout.Query -> Verify.DriveTo | Go to unverified source
[2 INFO main 1449812] Verify.DriveTo -> Verify.Homing | Homing
[2 INFO main 1473188] Verify.Homing -> Scout.Query | Arrived home
[2 INFO main 1488876] Confirming: 1/9
[2 INFO main 1490904] Confirming: 3/9
[2 INFO main 1503286] Confirming: 9/9
[2 INFO main 1504088] Scout.Query -> Verify.DriveTo | Go to unverified source
[2 INFO main 1563253] Verify.DriveTo -> Verify.Homing | Homing
[2 INFO main 1585777] Verify.Homing -> Scout.Query | Arrived home
[2 INFO main 1608514] Confirming: 2/9
[2 INFO main 1610560] Confirming: 3/9
[2 INFO main 1614656] Confirming: 5/9
[2 INFO main 1618804] Confirming: 6/9
[2 INFO main 1620894] Confirming: 7/9
[2 INFO main 1622936] Confirming: 8/9
[2 INFO main 1625001] Confirming: 9/9
[2 INFO main 1625341] Scout.Query -> Verify.DriveTo | Go to unverified source
[2 INFO main 1647467] Verify.DriveTo -> Verify.Homing | Homing
[2 INFO main 1653666] Confirming: 1/9
[2 INFO main 1655698] Confirming: 2/9
[2 INFO main 1659739] Confirming: 4/9
[2 INFO main 1661765] Confirming: 5/9
[2 INFO main 1663861] Confirming: 6/9
[2 INFO main 1665871] Confirming: 7/9
[2 INFO main 1667939] Confirming: 8/9
[2 INFO main 1670023] Confirming: 9/9
[2 INFO main 1673124] Verify.Homing -> Scout.Query | Arrived home
[2 INFO main 1673260] Scout.Query -> Verify.DriveTo | Go to unverified source
[2 INFO main 1737005] Verify.DriveTo -> Verify.Homing | Homing
[2 INFO main 1756812] Verify.Homing -> Scout.Query | Arrived home
[2 INFO main 1757660] Confirming: 1/9
[2 INFO main 1759669] Confirming: 2/9
[2 INFO main 1761721] Confirming: 3/9
[2 INFO main 1763813] Confirming: 4/9
[2 INFO main 1767866] Confirming: 6/9
[2 INFO main 1769870] Confirming: 7/9
[2 INFO main 1771911] Confirming: 8/9
[2 INFO main 1776007] Confirming: 9/9
[2 INFO main 1776176] Scout.Query -> Verify.DriveTo | Go to unverified source
[2 INFO main 1789169] Verify.DriveTo -> Verify.Homing | Homing
