[11 INFO main 29] Initialising Python Geth Console...
[11 INFO main 33] Initialising RandB board...
[11 INFO main 33] Initialising navigation...
[11 INFO main 33] Initialising random-walk...
[11 INFO main 33] Initialising odometry...
[11 INFO main 33] Initialising ground-sensors...
[11 INFO main 331] --//-- Starting Experiment --//--
[11 INFO main 1429] Idle.IDLE -> Scout.Query | Duration: 20.04
[11 INFO main 36486] Scout.Query -> Scout.GotoCenter | Drive to others reported pos
[11 INFO main 44587] Scout.GotoCenter -> Scout.Query | return to random walk
[11 INFO main 44886] Scout.Query -> Scout.GotoCenter | Drive to others reported pos
[11 INFO main 52998] Scout.GotoCenter -> Scout.Query | return to random walk
[11 INFO main 53100] Scout.Query -> Scout.GotoCenter | Drive to others reported pos
[11 INFO main 53200] Scout.GotoCenter -> Scout.Query | return to random walk
[11 INFO main 54100] Scout.Query -> Scout.GotoCenter | Drive to others reported pos
[11 INFO main 54501] Scout.GotoCenter -> Scout.Query | return to random walk
[11 INFO main 55102] Scout.Query -> Scout.GotoCenter | Drive to others reported pos
[11 INFO main 58406] Scout.GotoCenter -> Scout.Query | return to random walk
[11 INFO main 65618] Scout.Query -> Scout.GotoCenter | Drive to others reported pos
[11 INFO main 66316] Scout.GotoCenter -> Scout.Query | return to random walk
[11 INFO main 66618] Scout.Query -> Scout.GotoCenter | Drive to others reported pos
[11 INFO main 68016] Scout.GotoCenter -> Scout.Query | return to random walk
[11 INFO main 68622] Scout.Query -> Scout.GotoCenter | Drive to others reported pos
[11 INFO main 69420] Scout.GotoCenter -> Scout.Query | return to random walk
[11 INFO main 69623] Scout.Query -> Scout.GotoCenter | Drive to others reported pos
[11 INFO main 75228] Scout.GotoCenter -> Scout.Query | return to random walk
