[6 INFO main 27] Initialising Python Geth Console...
[6 INFO main 33] Initialising RandB board...
[6 INFO main 33] Initialising navigation...
[6 INFO main 33] Initialising random-walk...
[6 INFO main 33] Initialising odometry...
[6 INFO main 33] Initialising ground-sensors...
[6 INFO main 1011] --//-- Starting Experiment --//--
[6 INFO main 2110] Idle.IDLE -> Scout.Query | Duration: 27.50
[6 INFO main 31370] Scout.Query -> Scout.GotoCenter | Drive to others reported pos
[6 INFO main 51580] Scout.GotoCenter -> Scout.Query | return to random walk
[6 INFO main 87487] Scout.Query -> Scout.GotoCenter | Drive to others reported pos
[6 INFO main 110274] Scout.GotoCenter -> Scout.Query | return to random walk
[6 INFO main 135588] Scout.Query -> Scout.GotoCenter | Drive to others reported pos
[6 INFO main 160711] Scout.GotoCenter -> Scout.Query | return to random walk
[6 INFO main 226359] Scout.Query -> Scout.GotoCenter | Drive to others reported pos
[6 INFO main 250110] Scout.GotoCenter -> Scout.Query | return to random walk
[6 INFO main 324685] Scout.Query -> Scout.GotoCenter | Drive to others reported pos
[6 INFO main 332569] Scout.GotoCenter -> Scout.Query | return to random walk
[6 INFO main 363244] Scout.Query -> Scout.GotoCenter | Drive to others reported pos
[6 INFO main 371371] Scout.GotoCenter -> Scout.Query | return to random walk
[6 INFO main 507021] Scout.Query -> Scout.GotoCenter | Drive to others reported pos
[6 INFO main 552942] Scout.GotoCenter -> Scout.Query | return to random walk
