[3 INFO main 34] Initialising Python Geth Console...
[3 INFO main 38] Initialising RandB board...
[3 INFO main 38] Initialising navigation...
[3 INFO main 39] Initialising random-walk...
[3 INFO main 39] Initialising odometry...
[3 INFO main 39] Initialising ground-sensors...
[3 INFO main 767] --//-- Starting Experiment --//--
[3 INFO main 1867] Idle.IDLE -> Scout.Query | Duration: 19.95
[3 INFO main 51442] Scout.Query -> Scout.GotoCenter | Drive to others reported pos
[3 INFO main 85807] Scout.GotoCenter -> Scout.Query | return to random walk
[3 INFO main 141505] Scout.Query -> Scout.GotoCenter | Drive to others reported pos
[3 INFO main 165082] Scout.GotoCenter -> Scout.Query | return to random walk
[3 INFO main 261256] Scout.Query -> Scout.GotoCenter | Drive to others reported pos
[3 INFO main 297606] Scout.GotoCenter -> Scout.Query | return to random walk
[3 INFO main 450343] Scout.Query -> Scout.GotoCenter | Drive to others reported pos
[3 INFO main 459148] Scout.GotoCenter -> Scout.Query | return to random walk
[3 INFO main 515135] Scout.Query -> Scout.GotoCenter | Drive to others reported pos
[3 INFO main 539351] Scout.GotoCenter -> Scout.Query | return to random walk
[3 INFO main 575134] Scout.Query -> Scout.GotoCenter | Drive to others reported pos
[3 INFO main 601232] Scout.GotoCenter -> Scout.Query | return to random walk
[3 INFO main 631900] Scout.Query -> Scout.GotoCenter | Drive to others reported pos
[3 INFO main 676896] Scout.GotoCenter -> Scout.Query | return to random walk
[3 INFO main 742865] Scout.Query -> Scout.GotoCenter | Drive to others reported pos
[3 INFO main 763569] Scout.GotoCenter -> Scout.Query | return to random walk
[3 INFO main 814181] Scout.Query -> Scout.GotoCenter | Drive to others reported pos
[3 INFO main 824625] Scout.GotoCenter -> Scout.Query | return to random walk
[3 INFO main 870407] Scout.Query -> Scout.GotoCenter | Drive to others reported pos
[3 INFO main 881002] Scout.GotoCenter -> Scout.Query | return to random walk
[3 INFO main 952350] Scout.Query -> Scout.GotoCenter | Drive to others reported pos
[3 INFO main 970889] Scout.GotoCenter -> Scout.Query | return to random walk
[3 INFO main 1001554] Scout.Query -> Scout.GotoCenter | Drive to others reported pos
[3 INFO main 1047284] Scout.GotoCenter -> Scout.Query | return to random walk
[3 INFO main 1093189] Scout.Query -> Scout.GotoCenter | Drive to others reported pos
[3 INFO main 1113279] Scout.GotoCenter -> Scout.Query | return to random walk
[3 INFO main 1214969] Scout.Query -> Scout.GotoCenter | Drive to others reported pos
[3 INFO main 1244869] Scout.GotoCenter -> Scout.Query | return to random walk
[3 INFO main 1285923] Scout.Query -> Scout.GotoCenter | Drive to others reported pos
[3 INFO main 1316603] Scout.GotoCenter -> Scout.Query | return to random walk
