[14 INFO main 63] Initialising Python Geth Console...
[14 INFO main 67] Initialising RandB board...
[14 INFO main 67] Initialising navigation...
[14 INFO main 67] Initialising random-walk...
[14 INFO main 67] Initialising odometry...
[14 INFO main 67] Initialising ground-sensors...
[14 INFO main 131] --//-- Starting Experiment --//--
[14 INFO main 1229] Idle.IDLE -> Scout.Query | Duration: 20.16
[14 INFO main 45973] Scout.Query -> Scout.GotoCenter | Drive to others reported pos
[14 INFO main 138393] Scout.GotoCenter -> Scout.Query | return to random walk
[14 INFO main 161243] Confirming: 1/8
[14 INFO main 165359] Confirming: 3/8
[14 INFO main 169510] Confirming: 4/8
[14 INFO main 171534] Confirming: 5/8
[14 INFO main 173594] Confirming: 7/8
[14 INFO main 177719] Confirming: 8/8
[14 INFO main 224339] Scout.Query -> Scout.GotoCenter | Drive to others reported pos
[14 INFO main 247492] Scout.GotoCenter -> Scout.Query | return to random walk
[14 INFO main 264121] Confirming: 2/8
[14 INFO main 268146] Confirming: 4/8
[14 INFO main 272286] Confirming: 6/8
[14 INFO main 274366] Confirming: 7/8
[14 INFO main 276369] Confirming: 8/8
[14 INFO main 277862] Scout.Query -> Scout.GotoCenter | Drive to others reported pos
[14 INFO main 303426] Scout.GotoCenter -> Scout.Query | return to random walk
[14 INFO main 322110] Confirming: 1/8
[14 INFO main 326236] Confirming: 2/8
[14 INFO main 328274] Confirming: 4/8
[14 INFO main 330344] Confirming: 5/8
[14 INFO main 332443] Confirming: 6/8
[14 INFO main 334458] Confirming: 7/8
[14 INFO main 336495] Confirming: 8/8
[14 INFO main 793446] Scout.Query -> Scout.GotoCenter | Drive to others reported pos
[14 INFO main 981546] Scout.GotoCenter -> Scout.Query | return to random walk
[14 INFO main 993963] Confirming: 1/8
[14 INFO main 996038] Confirming: 2/8
[14 INFO main 998218] Confirming: 3/8
[14 INFO main 1000251] Confirming: 4/8
[14 INFO main 1002231] Confirming: 5/8
[14 INFO main 1004538] Confirming: 6/8
[14 INFO main 1006566] Confirming: 7/8
[14 INFO main 1008630] Confirming: 8/8
[14 INFO main 1012253] Scout.Query -> Scout.GotoCenter | Drive to others reported pos
[14 INFO main 1055913] Scout.GotoCenter -> Scout.Query | return to random walk
[14 INFO main 1070327] Confirming: 3/8
[14 INFO main 1074302] Confirming: 5/8
[14 INFO main 1076426] Confirming: 6/8
[14 INFO main 1078536] Confirming: 7/8
[14 INFO main 1080585] Confirming: 8/8
[14 INFO main 1081499] Scout.Query -> Scout.GotoCenter | Drive to others reported pos
[14 INFO main 1175284] Scout.GotoCenter -> Scout.Query | return to random walk
[14 INFO main 1183622] Confirming: 1/8
[14 INFO main 1185674] Confirming: 2/8
[14 INFO main 1187742] Confirming: 3/8
[14 INFO main 1189994] Confirming: 4/8
[14 INFO main 1192091] Confirming: 6/8
[14 INFO main 1194251] Confirming: 7/8
[14 INFO main 1198435] Confirming: 9/8
[14 INFO main 1240949] Scout.Query -> Scout.GotoCenter | Drive to others reported pos
[14 INFO main 1279294] Scout.GotoCenter -> Scout.Query | return to random walk
[14 INFO main 1302051] Confirming: 1/8
[14 INFO main 1304159] Confirming: 2/8
[14 INFO main 1308358] Confirming: 4/8
[14 INFO main 1310398] Confirming: 5/8
[14 INFO main 1312430] Confirming: 6/8
[14 INFO main 1314538] Confirming: 7/8
[14 INFO main 1316582] Confirming: 8/8
[14 INFO main 1380646] Scout.Query -> Scout.GotoCenter | Drive to others reported pos
[14 INFO main 1404019] Scout.GotoCenter -> Scout.Query | return to random walk
[14 INFO main 1424865] Confirming: 2/8
[14 INFO main 1428947] Confirming: 4/8
[14 INFO main 1433027] Confirming: 5/8
[14 INFO main 1435138] Confirming: 6/8
[14 INFO main 1437238] Confirming: 7/8
[14 INFO main 1441254] Confirming: 10/8
[14 INFO main 1544686] Scout.Query -> Scout.GotoCenter | Drive to others reported pos
[14 INFO main 1546682] Scout.GotoCenter -> Scout.Query | return to random walk
[14 INFO main 1584001] Confirming: 1/8
[14 INFO main 1586010] Confirming: 2/8
[14 INFO main 1588058] Confirming: 3/8
[14 INFO main 1590138] Confirming: 4/8
[14 INFO main 1592167] Confirming: 5/8
[14 INFO main 1594207] Confirming: 6/8
[14 INFO main 1596252] Confirming: 8/8
[14 INFO main 1600484] Scout.Query -> Scout.GotoCenter | Drive to others reported pos
[14 INFO main 1645659] Scout.GotoCenter -> Scout.Query | return to random walk
[14 INFO main 1672538] Confirming: 1/8
[14 INFO main 1674575] Confirming: 2/8
[14 INFO main 1676705] Confirming: 3/8
[14 INFO main 1678793] Confirming: 4/8
[14 INFO main 1680819] Confirming: 5/8
[14 INFO main 1682870] Confirming: 6/8
[14 INFO main 1684934] Confirming: 7/8
[14 INFO main 1687015] Confirming: 8/8
[14 INFO main 1691707] Scout.Query -> Scout.GotoCenter | Drive to others reported pos
[14 INFO main 1692784] Scout.GotoCenter -> Scout.Query | return to random walk
[14 INFO main 1703227] Confirming: 1/8
[14 INFO main 1705299] Confirming: 2/8
[14 INFO main 1709302] Confirming: 4/8
[14 INFO main 1711479] Confirming: 5/8
[14 INFO main 1713503] Confirming: 6/8
[14 INFO main 1715619] Confirming: 7/8
[14 INFO main 1717654] Confirming: 8/8
[14 INFO main 1722240] Scout.Query -> Scout.GotoCenter | Drive to others reported pos
[14 INFO main 1786247] Scout.GotoCenter -> Scout.Query | return to random walk
[14 INFO main 1822630] Confirming: 1/8
[14 INFO main 1824695] Confirming: 2/8
[14 INFO main 1826783] Confirming: 3/8
[14 INFO main 1831253] Confirming: 4/8
[14 INFO main 1835654] Confirming: 6/8
[14 INFO main 1839833] Confirming: 8/8
[14 INFO main 2262557] Scout.Query -> Scout.GotoCenter | Drive to others reported pos
[14 INFO main 2578282] Scout.GotoCenter -> Scout.Query | return to random walk
[14 INFO main 2597017] Confirming: 1/8
[14 INFO main 2599071] Confirming: 2/8
[14 INFO main 2601138] Confirming: 3/8
[14 INFO main 2603161] Confirming: 4/8
[14 INFO main 2605186] Confirming: 5/8
[14 INFO main 2607245] Confirming: 6/8
[14 INFO main 2613447] Confirming: 7/8
[14 INFO main 2615450] Confirming: 9/8
[14 INFO main 2628961] Scout.Query -> Scout.GotoCenter | Drive to others reported pos
[14 INFO main 2695278] Scout.GotoCenter -> Scout.Query | return to random walk
[14 INFO main 2718029] Confirming: 1/8
[14 INFO main 2720070] Confirming: 2/8
[14 INFO main 2722126] Confirming: 3/8
[14 INFO main 2724052] Confirming: 4/8
[14 INFO main 2726190] Confirming: 5/8
[14 INFO main 2728266] Confirming: 6/8
[14 INFO main 2730311] Confirming: 7/8
[14 INFO main 2732342] Confirming: 8/8
[14 INFO main 2736170] Scout.Query -> Scout.GotoCenter | Drive to others reported pos
[14 INFO main 2951761] Scout.GotoCenter -> Scout.Query | return to random walk
[14 INFO main 2968800] Confirming: 1/8
[14 INFO main 2972923] Confirming: 3/8
[14 INFO main 2975155] Confirming: 4/8
[14 INFO main 2977318] Confirming: 5/8
[14 INFO main 2979506] Confirming: 7/8
[14 INFO main 2983775] Confirming: 8/8
[14 INFO main 3316073] Scout.Query -> Scout.GotoCenter | Drive to others reported pos
[14 INFO main 3449609] Scout.GotoCenter -> Scout.Query | return to random walk
[14 INFO main 3462482] Confirming: 1/8
[14 INFO main 3464571] Confirming: 2/8
[14 INFO main 3466564] Confirming: 3/8
[14 INFO main 3468634] Confirming: 4/8
[14 INFO main 3470998] Confirming: 5/8
[14 INFO main 3473156] Confirming: 6/8
[14 INFO main 3475294] Confirming: 7/8
[14 INFO main 3477854] Confirming: 9/8
[14 INFO main 3480263] Scout.Query -> Scout.GotoCenter | Drive to others reported pos
[14 INFO main 3678442] Scout.GotoCenter -> Scout.Query | return to random walk
[14 INFO main 3705886] Confirming: 1/8
[14 INFO main 3707951] Confirming: 2/8
[14 INFO main 3710014] Confirming: 4/8
[14 INFO main 3714094] Confirming: 5/8
[14 INFO main 3716138] Confirming: 6/8
[14 INFO main 3718398] Confirming: 7/8
[14 INFO main 3722478] Confirming: 9/8
[14 INFO main 3801612] Confirming: 1/8
[14 INFO main 3803718] Confirming: 2/8
[14 INFO main 3805720] Confirming: 3/8
[14 INFO main 3807770] Confirming: 4/8
[14 INFO main 3809807] Confirming: 5/8
[14 INFO main 3811841] Confirming: 6/8
[14 INFO main 3813914] Confirming: 7/8
[14 INFO main 3815994] Confirming: 8/8
