[8 INFO main 27] Initialising Python Geth Console...
[8 INFO main 32] Initialising RandB board...
[8 INFO main 32] Initialising navigation...
[8 INFO main 32] Initialising random-walk...
[8 INFO main 32] Initialising odometry...
[8 INFO main 32] Initialising ground-sensors...
[8 INFO main 696] --//-- Starting Experiment --//--
[8 INFO main 1797] Idle.IDLE -> Scout.Query | Duration: 22.17
[8 INFO main 10921] Scout.Query -> Scout.GotoCenter | Drive to others reported pos
[8 INFO main 20869] Scout.GotoCenter -> Scout.Query | return to random walk
[8 INFO main 66539] Scout.Query -> Scout.GotoCenter | Drive to others reported pos
[8 INFO main 101644] Scout.GotoCenter -> Scout.Query | return to random walk
[8 INFO main 152275] Scout.Query -> Scout.GotoCenter | Drive to others reported pos
[8 INFO main 215828] Scout.GotoCenter -> Scout.Query | return to random walk
[8 INFO main 257148] Scout.Query -> Scout.GotoCenter | Drive to others reported pos
[8 INFO main 274921] Scout.GotoCenter -> Scout.Query | return to random walk
[8 INFO main 310628] Scout.Query -> Scout.GotoCenter | Drive to others reported pos
[8 INFO main 349126] Scout.GotoCenter -> Scout.Query | return to random walk
[8 INFO main 430032] Scout.Query -> Scout.GotoCenter | Drive to others reported pos
[8 INFO main 460289] Scout.GotoCenter -> Scout.Query | return to random walk
[8 INFO main 516198] Scout.Query -> Scout.GotoCenter | Drive to others reported pos
[8 INFO main 574049] Scout.GotoCenter -> Scout.Query | return to random walk
[8 INFO main 766858] Scout.Query -> Scout.GotoCenter | Drive to others reported pos
[8 INFO main 795232] Scout.GotoCenter -> Scout.Query | return to random walk
