[5 INFO main 27] Initialising Python Geth Console...
[5 INFO main 31] Initialising RandB board...
[5 INFO main 32] Initialising navigation...
[5 INFO main 32] Initialising random-walk...
[5 INFO main 32] Initialising odometry...
[5 INFO main 32] Initialising ground-sensors...
[5 INFO main 880] --//-- Starting Experiment --//--
[5 INFO main 2297] Idle.IDLE -> Scout.Query | Duration: 28.15
[5 INFO main 19215] Scout.Query -> Verify.DriveTo | Go to unverified source
[5 INFO main 51244] Verify.DriveTo -> Verify.Homing | Homing
[5 INFO main 79979] Confirming: 1/9
[5 INFO main 82035] Confirming: 2/9
[5 INFO main 84140] Confirming: 3/9
[5 INFO main 86203] Confirming: 5/9
[5 INFO main 90305] Confirming: 7/9
[5 INFO main 92361] Confirming: 8/9
[5 INFO main 94476] Confirming: 9/9
[5 INFO main 96406] Verify.Homing -> Scout.Query | Arrived home
[5 INFO main 114350] Scout.Query -> Verify.DriveTo | Go to unverified source
[5 INFO main 147316] Verify.DriveTo -> Verify.Homing | Homing
[5 INFO main 170126] Confirming: 1/9
[5 INFO main 172158] Confirming: 2/9
[5 INFO main 174229] Confirming: 4/9
[5 INFO main 176347] Confirming: 5/9
[5 INFO main 178442] Confirming: 6/9
[5 INFO main 178465] Verify.Homing -> Scout.Query | Arrived home
[5 INFO main 180533] Confirming: 7/9
[5 INFO main 182561] Confirming: 8/9
[5 INFO main 184734] Confirming: 9/9
[5 INFO main 186970] Scout.Query -> Verify.DriveTo | Go to unverified source
[5 INFO main 232155] Verify.DriveTo -> Verify.Homing | Homing
[5 INFO main 250989] Verify.Homing -> Scout.Query | Arrived home
[5 INFO main 259141] Confirming: 1/9
[5 INFO main 261273] Confirming: 2/9
[5 INFO main 263298] Confirming: 3/9
[5 INFO main 265316] Confirming: 4/9
[5 INFO main 267329] Confirming: 5/9
[5 INFO main 269351] Confirming: 6/9
[5 INFO main 271535] Confirming: 7/9
[5 INFO main 273628] Confirming: 8/9
[5 INFO main 275668] Confirming: 9/9
[5 INFO main 276208] Scout.Query -> Verify.DriveTo | Go to unverified source
[5 INFO main 304500] Verify.DriveTo -> Verify.Homing | Homing
[5 INFO main 335635] Confirming: 1/9
[5 INFO main 337712] Confirming: 2/9
[5 INFO main 339796] Confirming: 3/9
[5 INFO main 341827] Confirming: 4/9
[5 INFO main 343876] Confirming: 5/9
[5 INFO main 345856] Confirming: 6/9
[5 INFO main 347918] Confirming: 7/9
[5 INFO main 349957] Confirming: 8/9
[5 INFO main 352032] Confirming: 9/9
[5 INFO main 354194] Verify.Homing -> Scout.Query | Arrived home
[5 INFO main 354396] Scout.Query -> Verify.DriveTo | Go to unverified source
[5 INFO main 386306] Verify.DriveTo -> Verify.Homing | Homing
[5 INFO main 408986] Confirming: 1/9
[5 INFO main 408987] Verify.Homing -> Scout.Query | Arrived home
[5 INFO main 411049] Confirming: 2/9
[5 INFO main 413103] Confirming: 3/9
[5 INFO main 415162] Confirming: 4/9
[5 INFO main 417164] Confirming: 5/9
[5 INFO main 419281] Confirming: 6/9
[5 INFO main 421361] Confirming: 7/9
[5 INFO main 423419] Confirming: 8/9
[5 INFO main 425483] Confirming: 9/9
[5 INFO main 425510] Scout.Query -> Verify.DriveTo | Go to unverified source
[5 INFO main 455822] Verify.DriveTo -> Verify.Homing | Homing
[5 INFO main 462125] Confirming: 1/9
[5 INFO main 464208] Confirming: 2/9
[5 INFO main 466302] Confirming: 4/9
[5 INFO main 468385] Confirming: 5/9
[5 INFO main 470447] Confirming: 6/9
[5 INFO main 472547] Confirming: 7/9
[5 INFO main 474631] Confirming: 8/9
[5 INFO main 474967] Verify.Homing -> Scout.Query | Arrived home
[5 INFO main 476718] Confirming: 9/9
[5 INFO main 477236] Scout.Query -> Verify.DriveTo | Go to unverified source
[5 INFO main 504255] Verify.DriveTo -> Verify.Homing | Homing
[5 INFO main 529375] Confirming: 1/9
[5 INFO main 531403] Confirming: 2/9
[5 INFO main 533477] Confirming: 3/9
[5 INFO main 535556] Confirming: 4/9
[5 INFO main 537573] Confirming: 5/9
[5 INFO main 539612] Confirming: 6/9
[5 INFO main 539916] Verify.Homing -> Scout.Query | Arrived home
[5 INFO main 541699] Confirming: 7/9
[5 INFO main 543762] Confirming: 8/9
[5 INFO main 545865] Confirming: 9/9
[5 INFO main 546738] Scout.Query -> Verify.DriveTo | Go to unverified source
[5 INFO main 581938] Verify.DriveTo -> Verify.Homing | Homing
[5 INFO main 618422] Verify.Homing -> Scout.Query | Arrived home
[5 INFO main 619764] Confirming: 1/9
[5 INFO main 621848] Confirming: 2/9
[5 INFO main 623885] Confirming: 3/9
[5 INFO main 625967] Confirming: 4/9
[5 INFO main 628006] Confirming: 5/9
[5 INFO main 630062] Confirming: 6/9
[5 INFO main 632138] Confirming: 7/9
[5 INFO main 634255] Confirming: 8/9
[5 INFO main 636256] Confirming: 9/9
[5 INFO main 636288] Scout.Query -> Verify.DriveTo | Go to unverified source
[5 INFO main 670872] Verify.DriveTo -> Verify.Homing | Homing
[5 INFO main 679369] Confirming: 1/9
[5 INFO main 683417] Confirming: 3/9
[5 INFO main 685458] Confirming: 4/9
[5 INFO main 689545] Confirming: 6/9
[5 INFO main 691579] Confirming: 7/9
[5 INFO main 693715] Confirming: 8/9
[5 INFO main 695816] Confirming: 9/9
[5 INFO main 698089] Verify.Homing -> Scout.Query | Arrived home
[5 INFO main 698217] Scout.Query -> Verify.DriveTo | Go to unverified source
[5 INFO main 730638] Verify.DriveTo -> Verify.Homing | Homing
[5 INFO main 741020] Confirming: 1/9
[5 INFO main 743116] Confirming: 2/9
[5 INFO main 745194] Confirming: 3/9
[5 INFO main 747205] Confirming: 5/9
[5 INFO main 747206] Verify.Homing -> Scout.Query | Arrived home
[5 INFO main 749259] Confirming: 6/9
[5 INFO main 751289] Confirming: 7/9
[5 INFO main 755373] Confirming: 9/9
[5 INFO main 755499] Scout.Query -> Verify.DriveTo | Go to unverified source
[5 INFO main 809651] Verify.DriveTo -> Verify.Homing | Homing
[5 INFO main 830804] Confirming: 1/9
[5 INFO main 832893] Confirming: 2/9
[5 INFO main 834913] Confirming: 3/9
[5 INFO main 836940] Confirming: 4/9
[5 INFO main 837067] Verify.Homing -> Scout.Query | Arrived home
[5 INFO main 839080] Confirming: 5/9
[5 INFO main 841101] Confirming: 6/9
[5 INFO main 843165] Confirming: 7/9
[5 INFO main 845238] Confirming: 9/9
[5 INFO main 846079] Scout.Query -> Verify.DriveTo | Go to unverified source
[5 INFO main 890937] Verify.DriveTo -> Verify.Homing | Homing
[5 INFO main 909919] Verify.Homing -> Scout.Query | Arrived home
[5 INFO main 920373] Confirming: 1/9
[5 INFO main 922433] Confirming: 2/9
[5 INFO main 924474] Confirming: 3/9
[5 INFO main 926587] Confirming: 4/9
[5 INFO main 928622] Confirming: 5/9
[5 INFO main 930629] Confirming: 6/9
[5 INFO main 932674] Confirming: 7/9
[5 INFO main 934732] Confirming: 8/9
[5 INFO main 936822] Confirming: 9/9
[5 INFO main 937462] Scout.Query -> Verify.DriveTo | Go to unverified source
[5 INFO main 990671] Verify.DriveTo -> Verify.Homing | Homing
[5 INFO main 1011248] Confirming: 2/9
[5 INFO main 1013336] Confirming: 3/9
[5 INFO main 1017473] Confirming: 5/9
[5 INFO main 1017608] Verify.Homing -> Scout.Query | Arrived home
[5 INFO main 1019487] Confirming: 6/9
[5 INFO main 1023614] Confirming: 7/9
[5 INFO main 1025659] Confirming: 8/9
[5 INFO main 1027764] Confirming: 10/9
[5 INFO main 1028540] Scout.Query -> Verify.DriveTo | Go to unverified source
[5 INFO main 1073234] Verify.DriveTo -> Verify.Homing | Homing
[5 INFO main 1091859] Verify.Homing -> Scout.Query | Arrived home
[5 INFO main 1100333] Confirming: 1/9
[5 INFO main 1102339] Confirming: 2/9
[5 INFO main 1104457] Confirming: 3/9
[5 INFO main 1106501] Confirming: 4/9
[5 INFO main 1108530] Confirming: 5/9
[5 INFO main 1110553] Confirming: 6/9
[5 INFO main 1112563] Confirming: 7/9
[5 INFO main 1114774] Confirming: 8/9
[5 INFO main 1116781] Confirming: 9/9
[5 INFO main 1116985] Scout.Query -> Verify.DriveTo | Go to unverified source
[5 INFO main 1170032] Verify.DriveTo -> Verify.Homing | Homing
[5 INFO main 1178440] Confirming: 1/9
[5 INFO main 1180585] Confirming: 2/9
[5 INFO main 1182611] Confirming: 3/9
[5 INFO main 1184713] Confirming: 4/9
[5 INFO main 1186714] Confirming: 5/9
[5 INFO main 1190844] Confirming: 7/9
[5 INFO main 1192929] Confirming: 8/9
[5 INFO main 1194979] Confirming: 9/9
[5 INFO main 1195562] Verify.Homing -> Scout.Query | Arrived home
[5 INFO main 1195940] Scout.Query -> Verify.DriveTo | Go to unverified source
[5 INFO main 1238667] Verify.DriveTo -> Verify.Homing | Homing
[5 INFO main 1260504] Verify.Homing -> Scout.Query | Arrived home
[5 INFO main 1263462] Confirming: 1/9
[5 INFO main 1265631] Confirming: 2/9
[5 INFO main 1267697] Confirming: 3/9
[5 INFO main 1269765] Confirming: 4/9
[5 INFO main 1271819] Confirming: 5/9
[5 INFO main 1276038] Confirming: 7/9
[5 INFO main 1278125] Confirming: 8/9
[5 INFO main 1280191] Confirming: 9/9
[5 INFO main 1280646] Scout.Query -> Verify.DriveTo | Go to unverified source
[5 INFO main 1288184] Verify.DriveTo -> Verify.Homing | Homing
[5 INFO main 1302392] Verify.Homing -> Scout.Query | Arrived home
[5 INFO main 1311058] Confirming: 1/9
[5 INFO main 1315259] Confirming: 3/9
[5 INFO main 1317296] Confirming: 4/9
[5 INFO main 1319500] Confirming: 5/9
[5 INFO main 1321519] Confirming: 6/9
[5 INFO main 1323538] Confirming: 7/9
[5 INFO main 1325654] Confirming: 8/9
[5 INFO main 1327661] Confirming: 9/9
[5 INFO main 1327697] Scout.Query -> Verify.DriveTo | Go to unverified source
[5 INFO main 1385138] Verify.DriveTo -> Verify.Homing | Homing
[5 INFO main 1401631] Confirming: 1/9
[5 INFO main 1405990] Confirming: 3/9
[5 INFO main 1408049] Confirming: 4/9
[5 INFO main 1410124] Confirming: 5/9
[5 INFO main 1412159] Confirming: 6/9
[5 INFO main 1412937] Verify.Homing -> Scout.Query | Arrived home
[5 INFO main 1414181] Confirming: 7/9
[5 INFO main 1416281] Confirming: 9/9
[5 INFO main 1416320] Scout.Query -> Verify.DriveTo | Go to unverified source
[5 INFO main 1459483] Verify.DriveTo -> Verify.Homing | Homing
[5 INFO main 1482656] Verify.Homing -> Scout.Query | Arrived home
[5 INFO main 1490993] Confirming: 1/9
[5 INFO main 1493077] Confirming: 2/9
[5 INFO main 1495134] Confirming: 3/9
[5 INFO main 1497189] Confirming: 4/9
[5 INFO main 1499317] Confirming: 5/9
[5 INFO main 1501413] Confirming: 6/9
[5 INFO main 1503435] Confirming: 7/9
[5 INFO main 1505514] Confirming: 8/9
[5 INFO main 1507596] Confirming: 9/9
[5 INFO main 1508042] Scout.Query -> Verify.DriveTo | Go to unverified source
[5 INFO main 1586626] Verify.DriveTo -> Verify.Homing | Homing
[5 INFO main 1601647] Confirming: 1/9
[5 INFO main 1603672] Confirming: 2/9
[5 INFO main 1605722] Confirming: 3/9
[5 INFO main 1607834] Confirming: 4/9
[5 INFO main 1609885] Confirming: 5/9
[5 INFO main 1612049] Confirming: 6/9
[5 INFO main 1614063] Confirming: 7/9
[5 INFO main 1615600] Verify.Homing -> Scout.Query | Arrived home
[5 INFO main 1616094] Confirming: 8/9
[5 INFO main 1618142] Confirming: 9/9
[5 INFO main 1619124] Scout.Query -> Verify.DriveTo | Go to unverified source
[5 INFO main 1668767] Verify.DriveTo -> Verify.Homing | Homing
[5 INFO main 1700778] Confirming: 1/9
[5 INFO main 1702800] Confirming: 2/9
[5 INFO main 1704945] Confirming: 3/9
[5 INFO main 1707072] Confirming: 4/9
[5 INFO main 1711138] Confirming: 6/9
[5 INFO main 1712315] Verify.Homing -> Scout.Query | Arrived home
[5 INFO main 1713246] Confirming: 7/9
[5 INFO main 1715365] Confirming: 8/9
[5 INFO main 1717415] Confirming: 9/9
[5 INFO main 1718024] Scout.Query -> Verify.DriveTo | Go to unverified source
[5 INFO main 1765037] Verify.DriveTo -> Verify.Homing | Homing
[5 INFO main 1787698] Confirming: 1/9
[5 INFO main 1791799] Confirming: 2/9
[5 INFO main 1792671] Verify.Homing -> Scout.Query | Arrived home
[5 INFO main 1793805] Confirming: 3/9
[5 INFO main 1795932] Confirming: 5/9
[5 INFO main 1798041] Confirming: 6/9
[5 INFO main 1800074] Confirming: 7/9
