[12 INFO main 26] Initialising Python Geth Console...
[12 INFO main 31] Initialising RandB board...
[12 INFO main 32] Initialising navigation...
[12 INFO main 32] Initialising random-walk...
[12 INFO main 32] Initialising odometry...
[12 INFO main 32] Initialising ground-sensors...
[12 INFO main 241] --//-- Starting Experiment --//--
[12 INFO main 1690] Idle.IDLE -> Scout.Query | Duration: 23.89
[12 INFO main 25781] Scout.Query -> Verify.DriveTo | Go to unverified source
[12 INFO main 193583] Verify.DriveTo -> Verify.Homing | Homing
[12 INFO main 213080] Verify.Homing -> Scout.Query | Arrived home
[12 INFO main 218287] Confirming: 1/9
[12 INFO main 220334] Confirming: 2/9
[12 INFO main 222366] Confirming: 3/9
[12 INFO main 224415] Confirming: 4/9
[12 INFO main 226445] Confirming: 5/9
[12 INFO main 228485] Confirming: 6/9
[12 INFO main 230516] Confirming: 7/9
[12 INFO main 232502] Confirming: 8/9
[12 INFO main 234610] Confirming: 9/9
[12 INFO main 235263] Scout.Query -> Verify.DriveTo | Go to unverified source
[12 INFO main 280292] Verify.DriveTo -> Verify.Homing | Homing
[12 INFO main 299982] Verify.Homing -> Scout.Query | Arrived home
[12 INFO main 309511] Confirming: 1/9
[12 INFO main 311623] Confirming: 3/9
[12 INFO main 315774] Confirming: 4/9
[12 INFO main 317792] Confirming: 6/9
[12 INFO main 319847] Confirming: 7/9
[12 INFO main 323941] Confirming: 9/9
[12 INFO main 323945] Scout.Query -> Scout.PrepSend | Homing
[12 INFO main 324032] Scout.PrepSend -> Verify.Homing | Homing
[12 INFO main 338485] Confirming: 1/9
[12 INFO main 340522] Confirming: 2/9
[12 INFO main 341360] Verify.Homing -> Scout.Query | Arrived home
[12 INFO main 342590] Confirming: 3/9
[12 INFO main 344797] Confirming: 4/9
[12 INFO main 346809] Confirming: 5/9
[12 INFO main 348857] Confirming: 6/9
[12 INFO main 350897] Confirming: 7/9
[12 INFO main 352961] Confirming: 8/9
[12 INFO main 355168] Confirming: 9/9
[12 INFO main 355421] Scout.Query -> Verify.DriveTo | Go to unverified source
[12 INFO main 405177] Verify.DriveTo -> Verify.Homing | Homing
[12 INFO main 427968] Confirming: 1/9
[12 INFO main 430012] Confirming: 2/9
[12 INFO main 432190] Confirming: 3/9
[12 INFO main 432991] Verify.Homing -> Scout.Query | Arrived home
[12 INFO main 434259] Confirming: 4/9
[12 INFO main 436266] Confirming: 5/9
[12 INFO main 438336] Confirming: 6/9
[12 INFO main 440613] Confirming: 7/9
[12 INFO main 442640] Confirming: 8/9
[12 INFO main 444663] Confirming: 9/9
[12 INFO main 445055] Scout.Query -> Verify.DriveTo | Go to unverified source
[12 INFO main 585276] Verify.DriveTo -> Verify.Homing | Homing
[12 INFO main 610021] Confirming: 1/9
[12 INFO main 612056] Confirming: 3/9
[12 INFO main 614133] Confirming: 4/9
[12 INFO main 616141] Verify.Homing -> Scout.Query | Arrived home
[12 INFO main 618203] Confirming: 6/9
[12 INFO main 620319] Confirming: 7/9
[12 INFO main 622375] Confirming: 8/9
[12 INFO main 624520] Confirming: 9/9
[12 INFO main 624929] Scout.Query -> Verify.DriveTo | Go to unverified source
[12 INFO main 667848] Verify.DriveTo -> Verify.Homing | Homing
[12 INFO main 682929] Verify.Homing -> Scout.Query | Arrived home
[12 INFO main 715590] Confirming: 1/9
[12 INFO main 717665] Confirming: 2/9
[12 INFO main 719659] Confirming: 4/9
[12 INFO main 721786] Confirming: 5/9
[12 INFO main 723964] Confirming: 6/9
[12 INFO main 726100] Confirming: 7/9
[12 INFO main 728200] Confirming: 8/9
[12 INFO main 730366] Confirming: 9/9
[12 INFO main 730896] Scout.Query -> Verify.DriveTo | Go to unverified source
[12 INFO main 819372] Verify.DriveTo -> Verify.Homing | Homing
[12 INFO main 848591] Confirming: 1/9
[12 INFO main 850605] Confirming: 2/9
[12 INFO main 852652] Confirming: 3/9
[12 INFO main 854701] Confirming: 4/9
[12 INFO main 856786] Confirming: 5/9
[12 INFO main 856909] Verify.Homing -> Scout.Query | Arrived home
[12 INFO main 858815] Confirming: 6/9
[12 INFO main 860823] Confirming: 7/9
[12 INFO main 862875] Confirming: 8/9
[12 INFO main 865091] Confirming: 9/9
[12 INFO main 865766] Scout.Query -> Verify.DriveTo | Go to unverified source
[12 INFO main 878448] Verify.DriveTo -> Verify.Homing | Homing
[12 INFO main 893263] Verify.Homing -> Scout.Query | Arrived home
[12 INFO main 909455] Confirming: 1/9
[12 INFO main 911546] Confirming: 2/9
[12 INFO main 913614] Confirming: 4/9
[12 INFO main 915661] Confirming: 5/9
[12 INFO main 917734] Confirming: 6/9
[12 INFO main 919818] Confirming: 7/9
[12 INFO main 921880] Confirming: 8/9
[12 INFO main 923941] Confirming: 9/9
[12 INFO main 924696] Scout.Query -> Verify.DriveTo | Go to unverified source
[12 INFO main 1007804] Verify.DriveTo -> Verify.Homing | Homing
[12 INFO main 1028449] Confirming: 1/9
[12 INFO main 1030595] Confirming: 2/9
[12 INFO main 1030727] Verify.Homing -> Scout.Query | Arrived home
[12 INFO main 1032613] Confirming: 3/9
[12 INFO main 1034677] Confirming: 4/9
[12 INFO main 1036725] Confirming: 5/9
[12 INFO main 1038795] Confirming: 6/9
[12 INFO main 1040809] Confirming: 7/9
[12 INFO main 1042829] Confirming: 8/9
[12 INFO main 1044896] Confirming: 9/9
[12 INFO main 1044932] Scout.Query -> Verify.DriveTo | Go to unverified source
[12 INFO main 1126661] Verify.DriveTo -> Verify.Homing | Homing
[12 INFO main 1147767] Confirming: 1/9
[12 INFO main 1149799] Confirming: 2/9
[12 INFO main 1151754] Confirming: 3/9
[12 INFO main 1153921] Confirming: 4/9
[12 INFO main 1156009] Confirming: 5/9
[12 INFO main 1158017] Confirming: 6/9
[12 INFO main 1160045] Confirming: 7/9
[12 INFO main 1162142] Confirming: 8/9
[12 INFO main 1164201] Confirming: 9/9
[12 INFO main 1167783] Verify.Homing -> Scout.Query | Arrived home
[12 INFO main 1167987] Scout.Query -> Verify.DriveTo | Go to unverified source
[12 INFO main 1261128] Verify.DriveTo -> Verify.Homing | Homing
[12 INFO main 1269425] Confirming: 1/9
[12 INFO main 1271446] Confirming: 2/9
[12 INFO main 1273550] Confirming: 4/9
[12 INFO main 1275648] Confirming: 5/9
[12 INFO main 1279762] Confirming: 7/9
[12 INFO main 1281754] Confirming: 8/9
[12 INFO main 1283757] Confirming: 9/9
[12 INFO main 1289237] Verify.Homing -> Scout.Query | Arrived home
[12 INFO main 1289351] Scout.Query -> Verify.DriveTo | Go to unverified source
[12 INFO main 1329437] Verify.DriveTo -> Verify.Homing | Homing
[12 INFO main 1355351] Verify.Homing -> Scout.Query | Arrived home
[12 INFO main 1358753] Confirming: 1/9
[12 INFO main 1360778] Confirming: 2/9
[12 INFO main 1362934] Confirming: 3/9
[12 INFO main 1365031] Confirming: 4/9
[12 INFO main 1367043] Confirming: 5/9
[12 INFO main 1369133] Confirming: 6/9
[12 INFO main 1371183] Confirming: 7/9
[12 INFO main 1373190] Confirming: 8/9
[12 INFO main 1375208] Confirming: 9/9
[12 INFO main 1375889] Scout.Query -> Verify.DriveTo | Go to unverified source
[12 INFO main 1418046] Verify.DriveTo -> Verify.Homing | Homing
[12 INFO main 1435352] Confirming: 1/9
[12 INFO main 1449775] Confirming: 2/9
[12 INFO main 1451833] Confirming: 3/9
[12 INFO main 1451919] Verify.Homing -> Scout.Query | Arrived home
[12 INFO main 1453884] Confirming: 4/9
[12 INFO main 1455927] Confirming: 5/9
[12 INFO main 1457940] Confirming: 6/9
[12 INFO main 1459956] Confirming: 7/9
[12 INFO main 1462097] Confirming: 8/9
[12 INFO main 1464165] Confirming: 9/9
[12 INFO main 1464336] Scout.Query -> Verify.DriveTo | Go to unverified source
[12 INFO main 1512992] Verify.DriveTo -> Verify.Homing | Homing
[12 INFO main 1536746] Verify.Homing -> Scout.Query | Arrived home
[12 INFO main 1538439] Confirming: 1/9
[12 INFO main 1540617] Confirming: 2/9
[12 INFO main 1542672] Confirming: 3/9
[12 INFO main 1544786] Confirming: 4/9
[12 INFO main 1546850] Confirming: 5/9
[12 INFO main 1548918] Confirming: 6/9
[12 INFO main 1550941] Confirming: 7/9
[12 INFO main 1553020] Confirming: 8/9
[12 INFO main 1555160] Confirming: 9/9
[12 INFO main 1555198] Scout.Query -> Verify.DriveTo | Go to unverified source
[12 INFO main 1598445] Verify.DriveTo -> Verify.Homing | Homing
[12 INFO main 1621180] Verify.Homing -> Scout.Query | Arrived home
[12 INFO main 1623602] Confirming: 1/9
[12 INFO main 1625692] Confirming: 2/9
[12 INFO main 1628477] Confirming: 4/9
[12 INFO main 1630479] Confirming: 5/9
[12 INFO main 1632539] Confirming: 6/9
[12 INFO main 1634563] Confirming: 7/9
[12 INFO main 1636642] Confirming: 8/9
[12 INFO main 1638693] Confirming: 9/9
[12 INFO main 1638731] Scout.Query -> Verify.DriveTo | Go to unverified source
[12 INFO main 1672405] Verify.DriveTo -> Verify.Homing | Homing
[12 INFO main 1689492] Confirming: 1/9
[12 INFO main 1691583] Confirming: 3/9
[12 INFO main 1693641] Confirming: 4/9
[12 INFO main 1695759] Confirming: 5/9
[12 INFO main 1697762] Confirming: 6/9
[12 INFO main 1699871] Confirming: 7/9
[12 INFO main 1704026] Confirming: 9/9
[12 INFO main 1720798] Verify.Homing -> Scout.Query | Arrived home
[12 INFO main 1720935] Scout.Query -> Verify.DriveTo | Go to unverified source
[12 INFO main 1744173] Verify.DriveTo -> Verify.Homing | Homing
[12 INFO main 1758584] Verify.Homing -> Scout.Query | Arrived home
[12 INFO main 1778137] Confirming: 1/9
[12 INFO main 1780242] Confirming: 2/9
[12 INFO main 1782317] Confirming: 3/9
[12 INFO main 1784389] Confirming: 4/9
[12 INFO main 1786443] Confirming: 5/9
[12 INFO main 1788489] Confirming: 6/9
[12 INFO main 1790530] Confirming: 7/9
[12 INFO main 1792678] Confirming: 8/9
[12 INFO main 1794779] Confirming: 9/9
[12 INFO main 1795166] Scout.Query -> Verify.DriveTo | Go to unverified source
[12 INFO main 1847015] Verify.DriveTo -> Verify.Homing | Homing
[12 INFO main 1862933] Verify.Homing -> Scout.Query | Arrived home
[12 INFO main 1869942] Confirming: 1/9
[12 INFO main 1872083] Confirming: 2/9
[12 INFO main 1874094] Confirming: 4/9
[12 INFO main 1876353] Confirming: 5/9
[12 INFO main 1880639] Confirming: 7/9
[12 INFO main 1882720] Confirming: 8/9
[12 INFO main 1884887] Confirming: 9/9
[12 INFO main 1885270] Scout.Query -> Verify.DriveTo | Go to unverified source
[12 INFO main 1894809] Verify.DriveTo -> Verify.Homing | Homing
[12 INFO main 1896592] Verify.Homing -> Scout.Query | Arrived home
[12 INFO main 1930281] Confirming: 2/9
[12 INFO main 1932396] Confirming: 3/9
[12 INFO main 1934482] Confirming: 4/9
[12 INFO main 1936503] Confirming: 5/9
[12 INFO main 1938891] Confirming: 6/9
[12 INFO main 1941010] Confirming: 7/9
[12 INFO main 1943058] Confirming: 8/9
[12 INFO main 1945255] Confirming: 9/9
[12 INFO main 1945259] Scout.Query -> Scout.PrepSend | Homing
[12 INFO main 1945881] Scout.PrepSend -> Verify.Homing | Homing
[12 INFO main 1958454] Confirming: 1/9
[12 INFO main 1962561] Confirming: 3/9
[12 INFO main 1964667] Confirming: 4/9
[12 INFO main 1966671] Confirming: 5/9
[12 INFO main 1968672] Confirming: 6/9
[12 INFO main 1970889] Confirming: 7/9
[12 INFO main 1972635] Verify.Homing -> Scout.Query | Arrived home
[12 INFO main 1973085] Confirming: 8/9
[12 INFO main 1975158] Confirming: 9/9
[12 INFO main 1976082] Scout.Query -> Verify.DriveTo | Go to unverified source
[12 INFO main 2001169] Verify.DriveTo -> Verify.Homing | Homing
[12 INFO main 2015687] Verify.Homing -> Scout.Query | Arrived home
[12 INFO main 2018217] Confirming: 1/9
[12 INFO main 2020356] Confirming: 2/9
[12 INFO main 2022809] Confirming: 3/9
[12 INFO main 2024862] Confirming: 4/9
[12 INFO main 2026954] Confirming: 5/9
[12 INFO main 2028993] Confirming: 6/9
[12 INFO main 2031109] Confirming: 7/9
[12 INFO main 2033150] Confirming: 8/9
[12 INFO main 2035166] Confirming: 9/9
[12 INFO main 2035765] Scout.Query -> Verify.DriveTo | Go to unverified source
[12 INFO main 2092917] Verify.DriveTo -> Verify.Homing | Homing
[12 INFO main 2109149] Verify.Homing -> Scout.Query | Arrived home
[12 INFO main 2109453] Confirming: 1/9
[12 INFO main 2111490] Confirming: 2/9
[12 INFO main 2113556] Confirming: 3/9
[12 INFO main 2115664] Confirming: 5/9
[12 INFO main 2117725] Confirming: 6/9
[12 INFO main 2121806] Confirming: 8/9
[12 INFO main 2123820] Confirming: 9/9
[12 INFO main 2124326] Scout.Query -> Verify.DriveTo | Go to unverified source
[12 INFO main 2154677] Verify.DriveTo -> Verify.Homing | Homing
[12 INFO main 2169247] Confirming: 1/9
[12 INFO main 2169247] Verify.Homing -> Scout.Query | Arrived home
[12 INFO main 2171361] Confirming: 2/9
[12 INFO main 2173459] Confirming: 3/9
[12 INFO main 2175536] Confirming: 5/9
[12 INFO main 2177552] Confirming: 6/9
[12 INFO main 2181597] Confirming: 8/9
[12 INFO main 2183712] Confirming: 9/9
[12 INFO main 2184468] Scout.Query -> Verify.DriveTo | Go to unverified source
[12 INFO main 2267038] Verify.DriveTo -> Verify.Homing | Homing
[12 INFO main 2288022] Confirming: 1/9
[12 INFO main 2290203] Confirming: 2/9
[12 INFO main 2292316] Confirming: 3/9
[12 INFO main 2293593] Verify.Homing -> Scout.Query | Arrived home
[12 INFO main 2294343] Confirming: 4/9
[12 INFO main 2296459] Confirming: 5/9
[12 INFO main 2298475] Confirming: 6/9
[12 INFO main 2300542] Confirming: 7/9
[12 INFO main 2302720] Confirming: 8/9
[12 INFO main 2304887] Confirming: 9/9
[12 INFO main 2304945] Scout.Query -> Verify.DriveTo | Go to unverified source
[12 INFO main 2358427] Verify.DriveTo -> Verify.Homing | Homing
[12 INFO main 2374183] Verify.Homing -> Scout.Query | Arrived home
[12 INFO main 2379122] Confirming: 1/9
[12 INFO main 2381158] Confirming: 2/9
[12 INFO main 2383216] Confirming: 3/9
[12 INFO main 2385414] Confirming: 4/9
[12 INFO main 2387500] Confirming: 5/9
[12 INFO main 2389505] Confirming: 6/9
[12 INFO main 2391667] Confirming: 7/9
[12 INFO main 2394090] Confirming: 9/9
[12 INFO main 2394142] Scout.Query -> Verify.DriveTo | Go to unverified source
[12 INFO main 2471112] Verify.DriveTo -> Verify.Homing | Homing
[12 INFO main 2491177] Verify.Homing -> Scout.Query | Arrived home
[12 INFO main 2498006] Confirming: 1/9
[12 INFO main 2500071] Confirming: 2/9
[12 INFO main 2502102] Confirming: 3/9
[12 INFO main 2504189] Confirming: 4/9
[12 INFO main 2506242] Confirming: 5/9
[12 INFO main 2508303] Confirming: 6/9
[12 INFO main 2510363] Confirming: 7/9
[12 INFO main 2512457] Confirming: 8/9
[12 INFO main 2514598] Confirming: 9/9
[12 INFO main 2515026] Scout.Query -> Verify.DriveTo | Go to unverified source
[12 INFO main 2590812] Verify.DriveTo -> Verify.Homing | Homing
[12 INFO main 2605845] Verify.Homing -> Scout.Query | Arrived home
[12 INFO main 2618218] Confirming: 1/9
[12 INFO main 2620218] Confirming: 2/9
[12 INFO main 2622248] Confirming: 3/9
[12 INFO main 2624334] Confirming: 4/9
[12 INFO main 2626357] Confirming: 5/9
[12 INFO main 2628375] Confirming: 6/9
[12 INFO main 2630431] Confirming: 7/9
[12 INFO main 2632461] Confirming: 8/9
[12 INFO main 2634573] Confirming: 9/9
[12 INFO main 2634575] Scout.Query -> Scout.PrepSend | Homing
[12 INFO main 2635063] Scout.PrepSend -> Verify.Homing | Homing
[12 INFO main 2649632] Confirming: 2/9
[12 INFO main 2651695] Confirming: 3/9
[12 INFO main 2653749] Confirming: 4/9
[12 INFO main 2655799] Confirming: 5/9
[12 INFO main 2657762] Confirming: 6/9
[12 INFO main 2659906] Confirming: 7/9
[12 INFO main 2661535] Verify.Homing -> Scout.Query | Arrived home
[12 INFO main 2664041] Confirming: 9/9
[12 INFO main 2664094] Scout.Query -> Verify.DriveTo | Go to unverified source
[12 INFO main 2707682] Verify.DriveTo -> Verify.Homing | Homing
[12 INFO main 2739141] Confirming: 1/9
[12 INFO main 2741194] Confirming: 2/9
[12 INFO main 2741850] Verify.Homing -> Scout.Query | Arrived home
[12 INFO main 2743300] Confirming: 3/9
[12 INFO main 2745334] Confirming: 4/9
[12 INFO main 2747423] Confirming: 5/9
[12 INFO main 2749434] Confirming: 6/9
[12 INFO main 2751455] Confirming: 7/9
[12 INFO main 2753463] Confirming: 8/9
[12 INFO main 2755420] Confirming: 9/9
[12 INFO main 2756370] Scout.Query -> Verify.DriveTo | Go to unverified source
[12 INFO main 2831203] Verify.DriveTo -> Verify.Homing | Homing
[12 INFO main 2858587] Confirming: 1/9
[12 INFO main 2860632] Confirming: 2/9
[12 INFO main 2862661] Confirming: 3/9
[12 INFO main 2864889] Confirming: 4/9
[12 INFO main 2866901] Confirming: 5/9
[12 INFO main 2868957] Confirming: 6/9
[12 INFO main 2870145] Verify.Homing -> Scout.Query | Arrived home
[12 INFO main 2870993] Confirming: 7/9
[12 INFO main 2873057] Confirming: 8/9
[12 INFO main 2875205] Confirming: 9/9
[12 INFO main 2876020] Scout.Query -> Verify.DriveTo | Go to unverified source
[12 INFO main 2911307] Verify.DriveTo -> Verify.Homing | Homing
[12 INFO main 2919608] Confirming: 2/9
[12 INFO main 2921677] Confirming: 3/9
[12 INFO main 2923757] Confirming: 4/9
[12 INFO main 2925789] Confirming: 5/9
[12 INFO main 2927868] Confirming: 6/9
[12 INFO main 2928754] Verify.Homing -> Scout.Query | Arrived home
[12 INFO main 2929951] Confirming: 7/9
[12 INFO main 2932012] Confirming: 8/9
[12 INFO main 2934098] Confirming: 9/9
[12 INFO main 2934713] Scout.Query -> Verify.DriveTo | Go to unverified source
[12 INFO main 2984700] Verify.DriveTo -> Verify.Homing | Homing
[12 INFO main 3008271] Confirming: 1/9
[12 INFO main 3010297] Confirming: 2/9
[12 INFO main 3012372] Confirming: 3/9
[12 INFO main 3014393] Confirming: 4/9
[12 INFO main 3015475] Verify.Homing -> Scout.Query | Arrived home
[12 INFO main 3016402] Confirming: 5/9
[12 INFO main 3018693] Confirming: 6/9
[12 INFO main 3020749] Confirming: 7/9
[12 INFO main 3022705] Confirming: 8/9
[12 INFO main 3024909] Confirming: 9/9
[12 INFO main 3025291] Scout.Query -> Verify.DriveTo | Go to unverified source
[12 INFO main 3144636] Verify.DriveTo -> Verify.Homing | Homing
[12 INFO main 3159541] Confirming: 2/9
[12 INFO main 3161597] Confirming: 3/9
[12 INFO main 3163724] Confirming: 4/9
[12 INFO main 3165734] Confirming: 5/9
[12 INFO main 3167826] Confirming: 6/9
[12 INFO main 3171916] Confirming: 7/9
[12 INFO main 3173960] Confirming: 9/9
[12 INFO main 3181918] Verify.Homing -> Scout.Query | Arrived home
[12 INFO main 3182087] Scout.Query -> Verify.DriveTo | Go to unverified source
[12 INFO main 3279409] Verify.DriveTo -> Verify.Homing | Homing
[12 INFO main 3308301] Confirming: 1/9
[12 INFO main 3310467] Confirming: 2/9
[12 INFO main 3312618] Confirming: 3/9
[12 INFO main 3314694] Confirming: 4/9
[12 INFO main 3316709] Confirming: 5/9
[12 INFO main 3318690] Confirming: 6/9
[12 INFO main 3320855] Confirming: 7/9
[12 INFO main 3322914] Confirming: 8/9
[12 INFO main 3325003] Confirming: 9/9
[12 INFO main 3333775] Verify.Homing -> Scout.Query | Arrived home
[12 INFO main 3333965] Scout.Query -> Verify.DriveTo | Go to unverified source
[12 INFO main 3403601] Verify.DriveTo -> Verify.Homing | Homing
[12 INFO main 3424782] Confirming: 1/9
[12 INFO main 3426824] Confirming: 2/9
[12 INFO main 3428862] Confirming: 3/9
[12 INFO main 3431099] Confirming: 4/9
[12 INFO main 3432922] Verify.Homing -> Scout.Query | Arrived home
[12 INFO main 3433251] Confirming: 5/9
[12 INFO main 3435252] Confirming: 6/9
[12 INFO main 3437347] Confirming: 7/9
[12 INFO main 3439476] Confirming: 8/9
[12 INFO main 3441496] Confirming: 9/9
[12 INFO main 3442349] Scout.Query -> Verify.DriveTo | Go to unverified source
[12 INFO main 3460172] Verify.DriveTo -> Verify.Homing | Homing
[12 INFO main 3506866] Confirming: 1/9
[12 INFO main 3506901] Verify.Homing -> Scout.Query | Arrived home
[12 INFO main 3508864] Confirming: 2/9
[12 INFO main 3510924] Confirming: 3/9
[12 INFO main 3513038] Confirming: 4/9
[12 INFO main 3515184] Confirming: 5/9
[12 INFO main 3517253] Confirming: 6/9
[12 INFO main 3519326] Confirming: 7/9
[12 INFO main 3521329] Confirming: 8/9
[12 INFO main 3523405] Confirming: 9/9
[12 INFO main 3523591] Scout.Query -> Verify.DriveTo | Go to unverified source
[12 INFO main 3616601] Verify.DriveTo -> Verify.Homing | Homing
[12 INFO main 3639650] Confirming: 1/9
[12 INFO main 3641760] Confirming: 3/9
[12 INFO main 3643913] Confirming: 4/9
[12 INFO main 3645949] Confirming: 5/9
[12 INFO main 3647195] Verify.Homing -> Scout.Query | Arrived home
[12 INFO main 3647965] Confirming: 6/9
[12 INFO main 3650068] Confirming: 7/9
[12 INFO main 3652100] Confirming: 8/9
[12 INFO main 3654138] Confirming: 9/9
[12 INFO main 3655332] Scout.Query -> Verify.DriveTo | Go to unverified source
[12 INFO main 3718144] Verify.DriveTo -> Verify.Homing | Homing
[12 INFO main 3728666] Confirming: 1/9
[12 INFO main 3730716] Confirming: 2/9
[12 INFO main 3732754] Confirming: 3/9
[12 INFO main 3734555] Verify.Homing -> Scout.Query | Arrived home
[12 INFO main 3734785] Confirming: 4/9
[12 INFO main 3736805] Confirming: 5/9
[12 INFO main 3738903] Confirming: 6/9
[12 INFO main 3740967] Confirming: 7/9
[12 INFO main 3742995] Confirming: 8/9
[12 INFO main 3745021] Confirming: 9/9
[12 INFO main 3745312] Scout.Query -> Verify.DriveTo | Go to unverified source
[12 INFO main 3774570] Verify.DriveTo -> Verify.Homing | Homing
[12 INFO main 3788605] Verify.Homing -> Scout.Query | Arrived home
[12 INFO main 3789709] Confirming: 2/9
[12 INFO main 3793851] Confirming: 3/9
[12 INFO main 3795885] Confirming: 5/9
[12 INFO main 3797905] Confirming: 6/9
[12 INFO main 3800194] Confirming: 7/9
[12 INFO main 3802269] Confirming: 8/9
[12 INFO main 3804227] Confirming: 9/9
[12 INFO main 3804436] Scout.Query -> Verify.DriveTo | Go to unverified source
[12 INFO main 3885514] Verify.DriveTo -> Verify.Homing | Homing
[12 INFO main 3908947] Confirming: 1/9
[12 INFO main 3911198] Confirming: 2/9
[12 INFO main 3913277] Confirming: 3/9
[12 INFO main 3914154] Verify.Homing -> Scout.Query | Arrived home
[12 INFO main 3915371] Confirming: 4/9
[12 INFO main 3917457] Confirming: 5/9
[12 INFO main 3919518] Confirming: 7/9
[12 INFO main 3921566] Confirming: 8/9
[12 INFO main 3923616] Confirming: 9/9
[12 INFO main 3924449] Scout.Query -> Verify.DriveTo | Go to unverified source
[12 INFO main 4086696] Verify.DriveTo -> Verify.Homing | Homing
[12 INFO main 4119129] Confirming: 1/9
[12 INFO main 4121237] Confirming: 2/9
[12 INFO main 4123444] Confirming: 3/9
[12 INFO main 4123677] Verify.Homing -> Scout.Query | Arrived home
[12 INFO main 4125504] Confirming: 4/9
[12 INFO main 4127582] Confirming: 5/9
[12 INFO main 4129615] Confirming: 7/9
[12 INFO main 4131725] Confirming: 8/9
[12 INFO main 4133897] Confirming: 9/9
[12 INFO main 4134364] Scout.Query -> Verify.DriveTo | Go to unverified source
[12 INFO main 4224217] Verify.DriveTo -> Verify.Homing | Homing
[12 INFO main 4239116] Confirming: 1/9
[12 INFO main 4241184] Confirming: 2/9
[12 INFO main 4243289] Confirming: 3/9
[12 INFO main 4245322] Confirming: 4/9
[12 INFO main 4247481] Confirming: 5/9
[12 INFO main 4249710] Confirming: 6/9
[12 INFO main 4251842] Confirming: 8/9
[12 INFO main 4253872] Confirming: 9/9
[12 INFO main 4292417] Verify.Homing -> Scout.Query | Arrived home
[12 INFO main 4292650] Scout.Query -> Verify.DriveTo | Go to unverified source
[12 INFO main 4429918] Verify.DriveTo -> Verify.Homing | Homing
[12 INFO main 4449215] Confirming: 1/9
[12 INFO main 4451283] Confirming: 2/9
[12 INFO main 4453379] Confirming: 3/9
[12 INFO main 4455481] Confirming: 4/9
[12 INFO main 4458029] Confirming: 5/9
[12 INFO main 4460498] Confirming: 7/9
[12 INFO main 4462505] Confirming: 8/9
[12 INFO main 4464967] Confirming: 9/9
[12 INFO main 4471178] Verify.Homing -> Scout.Query | Arrived home
[12 INFO main 4471613] Scout.Query -> Verify.DriveTo | Go to unverified source
[12 INFO main 4583271] Verify.DriveTo -> Verify.Homing | Homing
[12 INFO main 4597934] Confirming: 1/9
[12 INFO main 4602013] Confirming: 3/9
[12 INFO main 4604101] Confirming: 4/9
[12 INFO main 4606206] Confirming: 5/9
[12 INFO main 4608247] Confirming: 6/9
[12 INFO main 4610893] Confirming: 7/9
[12 INFO main 4613147] Confirming: 8/9
[12 INFO main 4615209] Confirming: 9/9
[12 INFO main 4618750] Verify.Homing -> Scout.Query | Arrived home
[12 INFO main 4618819] Scout.Query -> Verify.DriveTo | Go to unverified source
[12 INFO main 4786874] Verify.DriveTo -> Verify.Homing | Homing
[12 INFO main 4795577] Confirming: 2/9
[12 INFO main 4797638] Confirming: 3/9
[12 INFO main 4799985] Confirming: 4/9
[12 INFO main 4801996] Confirming: 5/9
[12 INFO main 4804010] Confirming: 6/9
[12 INFO main 4806105] Confirming: 7/9
[12 INFO main 4808155] Confirming: 8/9
[12 INFO main 4810054] Verify.Homing -> Scout.Query | Arrived home
[12 INFO main 4810347] Confirming: 9/9
[12 INFO main 4810482] Scout.Query -> Verify.DriveTo | Go to unverified source
[12 INFO main 4868533] Verify.DriveTo -> Verify.Homing | Homing
[12 INFO main 4898572] Confirming: 1/9
[12 INFO main 4900640] Confirming: 2/9
[12 INFO main 4902076] Verify.Homing -> Scout.Query | Arrived home
[12 INFO main 4902647] Confirming: 3/9
[12 INFO main 4904915] Confirming: 4/9
[12 INFO main 4907025] Confirming: 5/9
[12 INFO main 4909378] Confirming: 6/9
[12 INFO main 4911419] Confirming: 7/9
[12 INFO main 4913685] Confirming: 9/9
[12 INFO main 4913817] Scout.Query -> Verify.DriveTo | Go to unverified source
[12 INFO main 5021423] Verify.DriveTo -> Verify.Homing | Homing
[12 INFO main 5049320] Confirming: 1/9
[12 INFO main 5051358] Confirming: 2/9
[12 INFO main 5053463] Confirming: 3/9
[12 INFO main 5055479] Confirming: 4/9
[12 INFO main 5057566] Confirming: 6/9
[12 INFO main 5059843] Confirming: 7/9
[12 INFO main 5062480] Confirming: 8/9
[12 INFO main 5064490] Confirming: 9/9
[12 INFO main 5077596] Verify.Homing -> Scout.Query | Arrived home
[12 INFO main 5077737] Scout.Query -> Verify.DriveTo | Go to unverified source
[12 INFO main 5162964] Verify.DriveTo -> Verify.Homing | Homing
[12 INFO main 5169460] Confirming: 1/9
[12 INFO main 5171524] Confirming: 3/9
[12 INFO main 5175858] Confirming: 5/9
[12 INFO main 5178275] Confirming: 6/9
[12 INFO main 5180575] Confirming: 7/9
[12 INFO main 5182717] Confirming: 8/9
[12 INFO main 5184952] Confirming: 9/9
[12 INFO main 5198899] Verify.Homing -> Scout.Query | Arrived home
[12 INFO main 5198962] Scout.Query -> Verify.DriveTo | Go to unverified source
[12 INFO main 5340576] Verify.DriveTo -> Verify.Homing | Homing
[12 INFO main 5349202] Confirming: 1/9
[12 INFO main 5351250] Confirming: 2/9
[12 INFO main 5353422] Confirming: 3/9
[12 INFO main 5355442] Confirming: 4/9
[12 INFO main 5357501] Confirming: 5/9
[12 INFO main 5359647] Confirming: 7/9
[12 INFO main 5361878] Confirming: 8/9
[12 INFO main 5365978] Confirming: 10/9
[12 INFO main 5377557] Verify.Homing -> Scout.Query | Arrived home
[12 INFO main 5377706] Scout.Query -> Verify.DriveTo | Go to unverified source
