[1 INFO main 34] Initialising Python Geth Console...
[1 INFO main 38] Initialising RandB board...
[1 INFO main 39] Initialising navigation...
[1 INFO main 39] Initialising random-walk...
[1 INFO main 39] Initialising odometry...
[1 INFO main 39] Initialising ground-sensors...
[1 INFO main 853] --//-- Starting Experiment --//--
[1 INFO main 2283] Idle.IDLE -> Scout.Query | Duration: 30.41
[1 INFO main 15042] Scout.Query -> Verify.DriveTo | Go to unverified source
[1 INFO main 48549] Verify.DriveTo -> Verify.Homing | Homing
[1 INFO main 65012] Confirming: 1/9
[1 INFO main 67043] Confirming: 2/9
[1 INFO main 71121] Confirming: 3/9
[1 INFO main 73272] Confirming: 5/9
[1 INFO main 75445] Confirming: 6/9
[1 INFO main 77556] Confirming: 7/9
[1 INFO main 79616] Confirming: 8/9
[1 INFO main 81490] Verify.Homing -> Scout.Query | Arrived home
[1 INFO main 81704] Confirming: 9/9
[1 INFO main 81732] Scout.Query -> Verify.DriveTo | Go to unverified source
[1 INFO main 127187] Verify.DriveTo -> Verify.Homing | Homing
[1 INFO main 133525] Confirming: 1/9
[1 INFO main 135586] Confirming: 2/9
[1 INFO main 137658] Confirming: 3/9
[1 INFO main 140132] Verify.Homing -> Scout.Query | Arrived home
[1 INFO main 141723] Confirming: 5/9
[1 INFO main 143752] Confirming: 6/9
[1 INFO main 145811] Confirming: 7/9
[1 INFO main 147848] Confirming: 8/9
[1 INFO main 149989] Confirming: 9/9
[1 INFO main 150014] Scout.Query -> Verify.DriveTo | Go to unverified source
[1 INFO main 190168] Verify.DriveTo -> Verify.Homing | Homing
[1 INFO main 207493] Confirming: 2/9
[1 INFO main 211694] Confirming: 3/9
[1 INFO main 213745] Confirming: 5/9
[1 INFO main 215783] Confirming: 6/9
[1 INFO main 217791] Confirming: 7/9
[1 INFO main 219855] Confirming: 8/9
[1 INFO main 221949] Confirming: 9/9
[1 INFO main 223415] Verify.Homing -> Scout.Query | Arrived home
[1 INFO main 223544] Scout.Query -> Verify.DriveTo | Go to unverified source
[1 INFO main 254499] Verify.DriveTo -> Verify.Homing | Homing
[1 INFO main 271243] Confirming: 1/9
[1 INFO main 275585] Confirming: 3/9
[1 INFO main 277550] Confirming: 4/9
[1 INFO main 279676] Confirming: 5/9
[1 INFO main 281720] Confirming: 6/9
[1 INFO main 283865] Confirming: 7/9
[1 INFO main 285146] Verify.Homing -> Scout.Query | Arrived home
[1 INFO main 285952] Confirming: 8/9
[1 INFO main 288023] Confirming: 9/9
[1 INFO main 288361] Scout.Query -> Verify.DriveTo | Go to unverified source
[1 INFO main 332227] Verify.DriveTo -> Verify.Homing | Homing
[1 INFO main 344765] Confirming: 2/9
[1 INFO main 346845] Confirming: 3/9
[1 INFO main 350973] Confirming: 5/9
[1 INFO main 355065] Confirming: 7/9
[1 INFO main 355415] Verify.Homing -> Scout.Query | Arrived home
[1 INFO main 359142] Confirming: 8/9
[1 INFO main 370129] Confirming: 14/9
[1 INFO main 370781] Scout.Query -> Verify.DriveTo | Go to unverified source
[1 INFO main 477769] Verify.DriveTo -> Verify.Homing | Homing
[1 INFO main 496237] Confirming: 3/9
[1 INFO main 498303] Confirming: 4/9
[1 INFO main 500387] Confirming: 5/9
[1 INFO main 501369] Verify.Homing -> Scout.Query | Arrived home
[1 INFO main 502397] Confirming: 6/9
[1 INFO main 506497] Confirming: 8/9
[1 INFO main 508521] Confirming: 9/9
[1 INFO main 508878] Scout.Query -> Verify.DriveTo | Go to unverified source
[1 INFO main 554460] Verify.DriveTo -> Verify.Homing | Homing
[1 INFO main 576254] Verify.Homing -> Scout.Query | Arrived home
[1 INFO main 576953] Confirming: 2/9
[1 INFO main 581140] Confirming: 3/9
[1 INFO main 583149] Confirming: 4/9
[1 INFO main 585179] Confirming: 6/9
[1 INFO main 589209] Confirming: 8/9
[1 INFO main 591399] Confirming: 9/9
[1 INFO main 591702] Scout.Query -> Verify.DriveTo | Go to unverified source
[1 INFO main 636482] Verify.DriveTo -> Verify.Homing | Homing
[1 INFO main 665528] Verify.Homing -> Scout.Query | Arrived home
[1 INFO main 673621] Confirming: 1/9
[1 INFO main 675689] Confirming: 2/9
[1 INFO main 677807] Confirming: 3/9
[1 INFO main 679855] Confirming: 4/9
[1 INFO main 681935] Confirming: 5/9
[1 INFO main 684007] Confirming: 6/9
[1 INFO main 686020] Confirming: 7/9
[1 INFO main 687994] Confirming: 8/9
[1 INFO main 692113] Confirming: 9/9
[1 INFO main 692753] Scout.Query -> Verify.DriveTo | Go to unverified source
[1 INFO main 721798] Verify.DriveTo -> Verify.Homing | Homing
[1 INFO main 745877] Verify.Homing -> Scout.Query | Arrived home
[1 INFO main 934442] Confirming: 7/9
[1 INFO main 957193] Confirming: 8/9
[1 INFO main 959201] Confirming: 10/9
[1 INFO main 959991] Scout.Query -> Verify.DriveTo | Go to unverified source
[1 INFO main 997526] Verify.DriveTo -> Verify.Homing | Homing
[1 INFO main 1003880] Confirming: 1/9
[1 INFO main 1005932] Confirming: 2/9
[1 INFO main 1007931] Confirming: 3/9
[1 INFO main 1009949] Confirming: 4/9
[1 INFO main 1012053] Confirming: 5/9
[1 INFO main 1014091] Confirming: 6/9
[1 INFO main 1016180] Confirming: 7/9
[1 INFO main 1018229] Confirming: 8/9
[1 INFO main 1020335] Confirming: 9/9
[1 INFO main 1021005] Verify.Homing -> Scout.Query | Arrived home
[1 INFO main 1021139] Scout.Query -> Verify.DriveTo | Go to unverified source
[1 INFO main 1050082] Verify.DriveTo -> Verify.Homing | Homing
[1 INFO main 1064476] Confirming: 2/9
[1 INFO main 1068686] Confirming: 4/9
[1 INFO main 1070691] Confirming: 5/9
[1 INFO main 1072783] Confirming: 6/9
[1 INFO main 1074798] Confirming: 7/9
[1 INFO main 1076987] Confirming: 8/9
[1 INFO main 1080621] Verify.Homing -> Scout.Query | Arrived home
[1 INFO main 1081100] Confirming: 10/9
[1 INFO main 1081929] Scout.Query -> Verify.DriveTo | Go to unverified source
[1 INFO main 1126013] Verify.DriveTo -> Verify.Homing | Homing
[1 INFO main 1144744] Confirming: 1/9
[1 INFO main 1149109] Confirming: 3/9
[1 INFO main 1151126] Confirming: 4/9
[1 INFO main 1153147] Confirming: 5/9
[1 INFO main 1155151] Confirming: 6/9
[1 INFO main 1157245] Confirming: 7/9
[1 INFO main 1161413] Confirming: 9/9
[1 INFO main 1173602] Verify.Homing -> Scout.Query | Arrived home
[1 INFO main 1173820] Scout.Query -> Verify.DriveTo | Go to unverified source
[1 INFO main 1214398] Verify.DriveTo -> Verify.Homing | Homing
[1 INFO main 1230921] Confirming: 1/9
[1 INFO main 1232936] Confirming: 2/9
[1 INFO main 1234955] Confirming: 4/9
[1 INFO main 1237065] Confirming: 5/9
[1 INFO main 1241116] Confirming: 6/9
[1 INFO main 1243132] Confirming: 8/9
[1 INFO main 1244815] Verify.Homing -> Scout.Query | Arrived home
[1 INFO main 1245197] Confirming: 9/9
[1 INFO main 1245238] Scout.Query -> Verify.DriveTo | Go to unverified source
[1 INFO main 1303331] Verify.DriveTo -> Verify.Homing | Homing
[1 INFO main 1325950] Verify.Homing -> Scout.Query | Arrived home
[1 INFO main 1336021] Confirming: 2/9
[1 INFO main 1340252] Confirming: 4/9
[1 INFO main 1342461] Confirming: 5/9
[1 INFO main 1344551] Confirming: 6/9
[1 INFO main 1346625] Confirming: 7/9
[1 INFO main 1348708] Confirming: 8/9
[1 INFO main 1350781] Confirming: 9/9
[1 INFO main 1351574] Scout.Query -> Verify.DriveTo | Go to unverified source
[1 INFO main 1369847] Verify.DriveTo -> Verify.Homing | Homing
[1 INFO main 1396110] Verify.Homing -> Scout.Query | Arrived home
[1 INFO main 1396608] Confirming: 1/9
[1 INFO main 1398708] Confirming: 3/9
[1 INFO main 1400846] Confirming: 4/9
[1 INFO main 1404887] Confirming: 5/9
[1 INFO main 1406910] Confirming: 6/9
[1 INFO main 1409032] Confirming: 8/9
[1 INFO main 1411074] Confirming: 9/9
[1 INFO main 1411133] Scout.Query -> Verify.DriveTo | Go to unverified source
[1 INFO main 1430591] Verify.DriveTo -> Verify.Homing | Homing
[1 INFO main 1456265] Confirming: 1/9
[1 INFO main 1458286] Confirming: 2/9
[1 INFO main 1460296] Confirming: 3/9
[1 INFO main 1462437] Confirming: 4/9
[1 INFO main 1464652] Confirming: 6/9
[1 INFO main 1468729] Confirming: 8/9
[1 INFO main 1470759] Confirming: 9/9
[1 INFO main 1471855] Verify.Homing -> Scout.Query | Arrived home
[1 INFO main 1472478] Scout.Query -> Verify.DriveTo | Go to unverified source
[1 INFO main 1541929] Verify.DriveTo -> Verify.Homing | Homing
[1 INFO main 1548146] Confirming: 1/9
[1 INFO main 1550320] Confirming: 2/9
[1 INFO main 1552407] Confirming: 3/9
[1 INFO main 1554488] Confirming: 4/9
[1 INFO main 1556525] Confirming: 5/9
[1 INFO main 1558625] Confirming: 6/9
[1 INFO main 1560685] Confirming: 7/9
[1 INFO main 1562745] Confirming: 8/9
[1 INFO main 1564808] Confirming: 9/9
[1 INFO main 1567975] Verify.Homing -> Scout.Query | Arrived home
[1 INFO main 1568218] Scout.Query -> Verify.DriveTo | Go to unverified source
[1 INFO main 1609651] Verify.DriveTo -> Verify.Homing | Homing
[1 INFO main 1637650] Verify.Homing -> Scout.Query | Arrived home
[1 INFO main 1638631] Confirming: 1/9
[1 INFO main 1640716] Confirming: 2/9
[1 INFO main 1642765] Confirming: 3/9
[1 INFO main 1646867] Confirming: 5/9
[1 INFO main 1648917] Confirming: 6/9
[1 INFO main 1650976] Confirming: 7/9
[1 INFO main 1653029] Confirming: 8/9
[1 INFO main 1655110] Confirming: 9/9
[1 INFO main 1655149] Scout.Query -> Verify.DriveTo | Go to unverified source
[1 INFO main 1688351] Verify.DriveTo -> Verify.Homing | Homing
[1 INFO main 1718901] Verify.Homing -> Scout.Query | Arrived home
[1 INFO main 1727992] Confirming: 1/9
[1 INFO main 1730046] Confirming: 2/9
[1 INFO main 1734127] Confirming: 4/9
[1 INFO main 1738263] Confirming: 6/9
[1 INFO main 1740351] Confirming: 7/9
[1 INFO main 1744464] Confirming: 9/9
[1 INFO main 1745234] Scout.Query -> Verify.DriveTo | Go to unverified source
[1 INFO main 1783142] Verify.DriveTo -> Verify.Homing | Homing
