[2 INFO main 28] Initialising Python Geth Console...
[2 INFO main 33] Initialising RandB board...
[2 INFO main 33] Initialising navigation...
[2 INFO main 33] Initialising random-walk...
[2 INFO main 33] Initialising odometry...
[2 INFO main 33] Initialising ground-sensors...
[2 INFO main 877] --//-- Starting Experiment --//--
[2 INFO main 1983] Idle.IDLE -> Scout.Query | Duration: 20.82
[2 INFO main 16016] Scout.Query -> Scout.GotoCenter | Drive to others reported pos
[2 INFO main 38846] Scout.GotoCenter -> Scout.Query | return to random walk
[2 INFO main 104824] Scout.Query -> Scout.GotoCenter | Drive to others reported pos
[2 INFO main 146321] Scout.GotoCenter -> Scout.Query | return to random walk
[2 INFO main 202200] Scout.Query -> Scout.GotoCenter | Drive to others reported pos
[2 INFO main 241689] Scout.GotoCenter -> Scout.Query | return to random walk
[2 INFO main 272310] Scout.Query -> Scout.GotoCenter | Drive to others reported pos
[2 INFO main 311666] Scout.GotoCenter -> Scout.Query | return to random walk
[2 INFO main 357366] Scout.Query -> Scout.GotoCenter | Drive to others reported pos
[2 INFO main 391373] Scout.GotoCenter -> Scout.Query | return to random walk
[2 INFO main 416876] Scout.Query -> Scout.GotoCenter | Drive to others reported pos
[2 INFO main 452059] Scout.GotoCenter -> Scout.Query | return to random walk
[2 INFO main 583407] Scout.Query -> Scout.GotoCenter | Drive to others reported pos
[2 INFO main 630378] Scout.GotoCenter -> Scout.Query | return to random walk
[2 INFO main 747161] Scout.Query -> Scout.GotoCenter | Drive to others reported pos
[2 INFO main 787582] Scout.GotoCenter -> Scout.Query | return to random walk
[2 INFO main 838318] Scout.Query -> Scout.GotoCenter | Drive to others reported pos
[2 INFO main 870425] Scout.GotoCenter -> Scout.Query | return to random walk
[2 INFO main 946508] Scout.Query -> Scout.GotoCenter | Drive to others reported pos
