[INFO main 27] Initialising peer buffer...
[INFO main 28] Initialising resource buffer...
[INFO main 28] Initialising TCP server...
[INFO main 28] Initialising RandB board...
[INFO main 28] Initialising ground-sensors...
[INFO main 28] Initialising random-walk...
[INFO main 1119] --//-- Starting Experiment --//--
[INFO main 14531] Added resource: {"x": 0.34, "y": 0.17, "radius": 0.06, "quantity": 1, "quality": "green", "timeStamp": 0}
[INFO main 22541] Added resource: {"x": 0.5, "y": -0.17, "radius": 0.05, "quantity": 1, "quality": "blue", "timeStamp": 0}
[INFO main 45468] Added resource: {"x": 1.08, "y": -0.59, "radius": 0.05, "quantity": 1, "quality": "blue", "timeStamp": 0}
[INFO main 71597] Removed resource: {"x": 0.5, "y": -0.17, "radius": 0.05, "quantity": 1, "quality": "blue", "timeStamp": 0}
[INFO main 109941] Added resource: {"x": -0.7, "y": -0.85, "radius": 0.05, "quantity": 1, "quality": "yellow", "timeStamp": 0}
[INFO main 115346] Added resource: {"x": -0.54, "y": -0.65, "radius": 0.05, "quantity": 1, "quality": "green", "timeStamp": 0}
[INFO main 215759] Removed resource: {"x": -0.7, "y": -0.85, "radius": 0.05, "quantity": 1, "quality": "yellow", "timeStamp": 0}
[INFO main 321770] Added resource: {"x": 0.78, "y": -0.34, "radius": 0.05, "quantity": 1, "quality": "yellow", "timeStamp": 0}
[INFO main 330881] Added resource: {"x": 0.35, "y": -0.2, "radius": 0.06, "quantity": 1, "quality": "green", "timeStamp": 0}
[INFO main 348300] Removed resource: {"x": 0.78, "y": -0.34, "radius": 0.05, "quantity": 1, "quality": "yellow", "timeStamp": 0}
[INFO main 360913] Removed resource: {"x": 1.08, "y": -0.59, "radius": 0.05, "quantity": 1, "quality": "blue", "timeStamp": 0}
[INFO main 364817] Added resource: {"x": 0.87, "y": -0.55, "radius": 0.06, "quantity": 1, "quality": "red", "timeStamp": 0}
[INFO main 407064] Removed resource: {"x": 0.34, "y": 0.17, "radius": 0.06, "quantity": 1, "quality": "green", "timeStamp": 0}
[INFO main 444606] Removed resource: {"x": 0.35, "y": -0.2, "radius": 0.06, "quantity": 1, "quality": "green", "timeStamp": 0}
[INFO main 506875] Added resource: {"x": 0.14, "y": -0.63, "radius": 0.04, "quantity": 1, "quality": "blue", "timeStamp": 0}
[INFO main 524594] Removed resource: {"x": 0.14, "y": -0.63, "radius": 0.04, "quantity": 1, "quality": "blue", "timeStamp": 0}
[INFO main 571144] Added resource: {"x": 1.11, "y": -0.86, "radius": 0.04, "quantity": 1, "quality": "yellow", "timeStamp": 0}
