[8 INFO main 27] Initialising Python Geth Console...
[8 INFO main 32] Initialising RandB board...
[8 INFO main 32] Initialising navigation...
[8 INFO main 32] Initialising random-walk...
[8 INFO main 32] Initialising odometry...
[8 INFO main 32] Initialising ground-sensors...
[8 INFO main 532] --//-- Starting Experiment --//--
[8 INFO main 1950] Idle.IDLE -> Scout.Query | Duration: 29.12
[8 INFO main 10594] Scout.Query -> Verify.DriveTo | Go to unverified source
[8 INFO main 83727] Verify.DriveTo -> Verify.Homing | Homing
[8 INFO main 99777] Verify.Homing -> Scout.Query | Arrived home
[8 INFO main 112506] Confirming: 2/9
[8 INFO main 114619] Confirming: 3/9
[8 INFO main 116619] Confirming: 4/9
[8 INFO main 118657] Confirming: 5/9
[8 INFO main 120595] Confirming: 6/9
[8 INFO main 122725] Confirming: 7/9
[8 INFO main 124794] Confirming: 8/9
[8 INFO main 126802] Confirming: 9/9
[8 INFO main 126908] Scout.Query -> Verify.DriveTo | Go to unverified source
[8 INFO main 166933] Verify.DriveTo -> Verify.Homing | Homing
[8 INFO main 171159] Confirming: 1/9
[8 INFO main 173294] Confirming: 2/9
[8 INFO main 175377] Confirming: 3/9
[8 INFO main 177462] Confirming: 4/9
[8 INFO main 181460] Confirming: 6/9
[8 INFO main 183580] Confirming: 7/9
[8 INFO main 185586] Confirming: 8/9
[8 INFO main 187641] Confirming: 9/9
[8 INFO main 187773] Verify.Homing -> Scout.Query | Arrived home
[8 INFO main 187901] Scout.Query -> Verify.DriveTo | Go to unverified source
[8 INFO main 209570] Verify.DriveTo -> Verify.Homing | Homing
[8 INFO main 227741] Verify.Homing -> Scout.Query | Arrived home
[8 INFO main 232464] Confirming: 2/9
[8 INFO main 234499] Confirming: 3/9
[8 INFO main 236533] Confirming: 4/9
[8 INFO main 238591] Confirming: 5/9
[8 INFO main 240622] Confirming: 6/9
[8 INFO main 242634] Confirming: 7/9
[8 INFO main 244594] Confirming: 8/9
[8 INFO main 246701] Confirming: 9/9
[8 INFO main 247003] Scout.Query -> Verify.DriveTo | Go to unverified source
[8 INFO main 284936] Verify.DriveTo -> Verify.Homing | Homing
[8 INFO main 291249] Confirming: 1/9
[8 INFO main 293342] Confirming: 2/9
[8 INFO main 295355] Confirming: 3/9
[8 INFO main 297413] Confirming: 4/9
[8 INFO main 299494] Confirming: 5/9
[8 INFO main 301530] Confirming: 6/9
[8 INFO main 303575] Confirming: 7/9
[8 INFO main 305773] Confirming: 8/9
[8 INFO main 307870] Confirming: 9/9
[8 INFO main 334065] Verify.Homing -> Scout.Query | Arrived home
[8 INFO main 334106] Scout.Query -> Verify.DriveTo | Go to unverified source
[8 INFO main 362431] Verify.DriveTo -> Verify.Homing | Homing
[8 INFO main 377525] Verify.Homing -> Scout.Query | Arrived home
[8 INFO main 381350] Confirming: 1/9
[8 INFO main 383357] Confirming: 2/9
[8 INFO main 385386] Confirming: 3/9
[8 INFO main 387484] Confirming: 4/9
[8 INFO main 389572] Confirming: 5/9
[8 INFO main 392443] Confirming: 7/9
[8 INFO main 394628] Confirming: 8/9
[8 INFO main 396786] Confirming: 9/9
[8 INFO main 396791] Scout.Query -> Scout.PrepSend | Homing
[8 INFO main 397032] Scout.PrepSend -> Verify.Homing | Homing
[8 INFO main 411538] Confirming: 1/9
[8 INFO main 412699] Verify.Homing -> Scout.Query | Arrived home
[8 INFO main 413718] Confirming: 2/9
[8 INFO main 415886] Confirming: 3/9
[8 INFO main 417899] Confirming: 4/9
[8 INFO main 419936] Confirming: 5/9
[8 INFO main 422338] Confirming: 7/9
[8 INFO main 426525] Confirming: 9/9
[8 INFO main 426552] Scout.Query -> Verify.DriveTo | Go to unverified source
[8 INFO main 476389] Verify.DriveTo -> Verify.Homing | Homing
[8 INFO main 480972] Confirming: 1/9
[8 INFO main 483232] Confirming: 2/9
[8 INFO main 485341] Confirming: 3/9
[8 INFO main 487362] Confirming: 4/9
[8 INFO main 489557] Confirming: 5/9
[8 INFO main 491572] Confirming: 6/9
[8 INFO main 493718] Confirming: 7/9
[8 INFO main 495750] Confirming: 8/9
[8 INFO main 497846] Confirming: 9/9
[8 INFO main 511585] Verify.Homing -> Scout.Query | Arrived home
[8 INFO main 511712] Scout.Query -> Verify.DriveTo | Go to unverified source
[8 INFO main 537415] Verify.DriveTo -> Verify.Homing | Homing
[8 INFO main 562545] Confirming: 1/9
[8 INFO main 564620] Confirming: 3/9
[8 INFO main 566673] Confirming: 4/9
[8 INFO main 568772] Confirming: 5/9
[8 INFO main 570791] Confirming: 6/9
[8 INFO main 572879] Confirming: 7/9
[8 INFO main 573762] Verify.Homing -> Scout.Query | Arrived home
[8 INFO main 574890] Confirming: 8/9
[8 INFO main 577068] Confirming: 9/9
[8 INFO main 577339] Scout.Query -> Verify.DriveTo | Go to unverified source
[8 INFO main 613223] Verify.DriveTo -> Verify.Homing | Homing
[8 INFO main 621452] Confirming: 1/9
[8 INFO main 623478] Confirming: 2/9
[8 INFO main 625531] Confirming: 3/9
[8 INFO main 627698] Confirming: 4/9
[8 INFO main 629739] Confirming: 5/9
[8 INFO main 631763] Confirming: 6/9
[8 INFO main 633894] Confirming: 7/9
[8 INFO main 635956] Confirming: 8/9
[8 INFO main 637982] Confirming: 9/9
[8 INFO main 638402] Verify.Homing -> Scout.Query | Arrived home
[8 INFO main 638506] Scout.Query -> Verify.DriveTo | Go to unverified source
[8 INFO main 678857] Verify.DriveTo -> Verify.Homing | Homing
[8 INFO main 691637] Verify.Homing -> Scout.Query | Arrived home
[8 INFO main 711996] Confirming: 1/9
[8 INFO main 714040] Confirming: 2/9
[8 INFO main 716143] Confirming: 4/9
[8 INFO main 718150] Confirming: 5/9
[8 INFO main 722229] Confirming: 7/9
[8 INFO main 724247] Confirming: 8/9
[8 INFO main 728502] Confirming: 10/9
[8 INFO main 728980] Scout.Query -> Verify.DriveTo | Go to unverified source
[8 INFO main 801830] Verify.DriveTo -> Verify.Homing | Homing
[8 INFO main 830699] Confirming: 1/9
[8 INFO main 832778] Confirming: 2/9
[8 INFO main 834894] Confirming: 3/9
[8 INFO main 836926] Confirming: 4/9
[8 INFO main 839014] Confirming: 5/9
[8 INFO main 841098] Confirming: 6/9
[8 INFO main 843399] Confirming: 7/9
[8 INFO main 845444] Confirming: 8/9
[8 INFO main 845826] Verify.Homing -> Scout.Query | Arrived home
[8 INFO main 847524] Confirming: 9/9
[8 INFO main 848078] Scout.Query -> Verify.DriveTo | Go to unverified source
[8 INFO main 954283] Verify.DriveTo -> Verify.Homing | Homing
[8 INFO main 981544] Confirming: 1/9
[8 INFO main 981570] Verify.Homing -> Scout.Query | Arrived home
[8 INFO main 983583] Confirming: 2/9
[8 INFO main 985640] Confirming: 3/9
[8 INFO main 987732] Confirming: 4/9
[8 INFO main 989752] Confirming: 5/9
[8 INFO main 991839] Confirming: 6/9
[8 INFO main 993907] Confirming: 7/9
[8 INFO main 995991] Confirming: 8/9
[8 INFO main 998035] Confirming: 9/9
[8 INFO main 998797] Scout.Query -> Verify.DriveTo | Go to unverified source
[8 INFO main 1046202] Verify.DriveTo -> Verify.Homing | Homing
[8 INFO main 1063432] Verify.Homing -> Scout.Query | Arrived home
[8 INFO main 1073176] Confirming: 2/9
[8 INFO main 1075263] Confirming: 3/9
[8 INFO main 1077266] Confirming: 4/9
[8 INFO main 1079280] Confirming: 5/9
[8 INFO main 1081598] Confirming: 6/9
[8 INFO main 1083692] Confirming: 7/9
[8 INFO main 1085752] Confirming: 8/9
[8 INFO main 1087764] Confirming: 9/9
[8 INFO main 1087795] Scout.Query -> Verify.DriveTo | Go to unverified source
[8 INFO main 1115841] Verify.DriveTo -> Verify.Homing | Homing
[8 INFO main 1132399] Confirming: 1/9
[8 INFO main 1134539] Confirming: 2/9
[8 INFO main 1136864] Confirming: 4/9
[8 INFO main 1137755] Verify.Homing -> Scout.Query | Arrived home
[8 INFO main 1138939] Confirming: 5/9
[8 INFO main 1140988] Confirming: 6/9
[8 INFO main 1142990] Confirming: 7/9
[8 INFO main 1145016] Confirming: 8/9
[8 INFO main 1147065] Confirming: 9/9
[8 INFO main 1169270] Scout.Query -> Verify.DriveTo | Go to unverified source
[8 INFO main 1196624] Verify.DriveTo -> Verify.Homing | Homing
[8 INFO main 1214047] Verify.Homing -> Scout.Query | Arrived home
[8 INFO main 1219266] Confirming: 1/9
[8 INFO main 1221329] Confirming: 2/9
[8 INFO main 1223344] Confirming: 3/9
[8 INFO main 1225453] Confirming: 4/9
[8 INFO main 1229569] Confirming: 6/9
[8 INFO main 1231660] Confirming: 7/9
[8 INFO main 1233722] Confirming: 8/9
[8 INFO main 1235779] Confirming: 9/9
[8 INFO main 1236093] Scout.Query -> Verify.DriveTo | Go to unverified source
[8 INFO main 1286239] Verify.DriveTo -> Verify.Homing | Homing
[8 INFO main 1311166] Confirming: 1/9
[8 INFO main 1313264] Confirming: 2/9
[8 INFO main 1315120] Verify.Homing -> Scout.Query | Arrived home
[8 INFO main 1315323] Confirming: 3/9
[8 INFO main 1317385] Confirming: 4/9
[8 INFO main 1319493] Confirming: 5/9
[8 INFO main 1323569] Confirming: 7/9
[8 INFO main 1325662] Confirming: 8/9
[8 INFO main 1327727] Confirming: 9/9
[8 INFO main 1328287] Scout.Query -> Verify.DriveTo | Go to unverified source
[8 INFO main 1356025] Verify.DriveTo -> Verify.Homing | Homing
[8 INFO main 1364832] Verify.Homing -> Scout.Query | Arrived home
[8 INFO main 1372635] Confirming: 2/9
[8 INFO main 1374688] Confirming: 3/9
[8 INFO main 1376702] Confirming: 4/9
[8 INFO main 1380938] Confirming: 6/9
[8 INFO main 1382981] Confirming: 7/9
[8 INFO main 1385080] Confirming: 8/9
[8 INFO main 1389214] Confirming: 10/9
[8 INFO main 1389982] Scout.Query -> Verify.DriveTo | Go to unverified source
[8 INFO main 1412518] Verify.DriveTo -> Verify.Homing | Homing
[8 INFO main 1431121] Confirming: 1/9
[8 INFO main 1431121] Verify.Homing -> Scout.Query | Arrived home
[8 INFO main 1433171] Confirming: 2/9
[8 INFO main 1435181] Confirming: 3/9
[8 INFO main 1437330] Confirming: 4/9
[8 INFO main 1439405] Confirming: 5/9
[8 INFO main 1441457] Confirming: 6/9
[8 INFO main 1443532] Confirming: 7/9
[8 INFO main 1445610] Confirming: 8/9
[8 INFO main 1447727] Confirming: 9/9
[8 INFO main 1448228] Scout.Query -> Verify.DriveTo | Go to unverified source
[8 INFO main 1485911] Verify.DriveTo -> Verify.Homing | Homing
[8 INFO main 1492204] Confirming: 2/9
[8 INFO main 1494208] Confirming: 3/9
[8 INFO main 1496310] Confirming: 4/9
[8 INFO main 1500417] Confirming: 6/9
[8 INFO main 1504468] Confirming: 8/9
[8 INFO main 1508599] Confirming: 10/9
[8 INFO main 1509028] Verify.Homing -> Scout.Query | Arrived home
[8 INFO main 1509174] Scout.Query -> Verify.DriveTo | Go to unverified source
[8 INFO main 1585515] Verify.DriveTo -> Verify.Homing | Homing
[8 INFO main 1606982] Verify.Homing -> Scout.Query | Arrived home
[8 INFO main 1610810] Confirming: 1/9
[8 INFO main 1612920] Confirming: 2/9
[8 INFO main 1614946] Confirming: 3/9
[8 INFO main 1617030] Confirming: 4/9
[8 INFO main 1619137] Confirming: 5/9
[8 INFO main 1621196] Confirming: 6/9
[8 INFO main 1623294] Confirming: 7/9
[8 INFO main 1625404] Confirming: 8/9
[8 INFO main 1627433] Confirming: 9/9
[8 INFO main 1628037] Scout.Query -> Verify.DriveTo | Go to unverified source
[8 INFO main 1675773] Verify.DriveTo -> Verify.Homing | Homing
[8 INFO main 1701026] Confirming: 1/9
[8 INFO main 1703092] Confirming: 2/9
[8 INFO main 1705188] Confirming: 3/9
[8 INFO main 1707210] Confirming: 4/9
[8 INFO main 1709319] Confirming: 5/9
[8 INFO main 1711363] Confirming: 6/9
[8 INFO main 1712306] Verify.Homing -> Scout.Query | Arrived home
[8 INFO main 1713427] Confirming: 7/9
[8 INFO main 1715520] Confirming: 8/9
[8 INFO main 1717573] Confirming: 9/9
[8 INFO main 1718162] Scout.Query -> Verify.DriveTo | Go to unverified source
[8 INFO main 1772325] Verify.DriveTo -> Verify.Homing | Homing
[8 INFO main 1791569] Confirming: 1/9
[8 INFO main 1793571] Confirming: 2/9
[8 INFO main 1793571] Verify.Homing -> Scout.Query | Arrived home
[8 INFO main 1795700] Confirming: 3/9
[8 INFO main 1797714] Confirming: 4/9
[8 INFO main 1799753] Confirming: 5/9
[8 INFO main 1802039] Confirming: 6/9
[8 INFO main 1804054] Confirming: 7/9
[8 INFO main 1806223] Confirming: 9/9
[8 INFO main 1806319] Scout.Query -> Verify.DriveTo | Go to unverified source
[8 INFO main 1847498] Verify.DriveTo -> Verify.Homing | Homing
[8 INFO main 1871266] Verify.Homing -> Scout.Query | Arrived home
[8 INFO main 1872369] Confirming: 1/9
[8 INFO main 1874480] Confirming: 2/9
[8 INFO main 1876506] Confirming: 3/9
[8 INFO main 1878567] Confirming: 4/9
[8 INFO main 1880607] Confirming: 5/9
[8 INFO main 1882688] Confirming: 6/9
[8 INFO main 1884737] Confirming: 7/9
[8 INFO main 1886749] Confirming: 8/9
[8 INFO main 1888814] Confirming: 9/9
[8 INFO main 1889115] Scout.Query -> Verify.DriveTo | Go to unverified source
[8 INFO main 1961512] Verify.DriveTo -> Verify.Homing | Homing
[8 INFO main 1971916] Confirming: 1/9
[8 INFO main 1973990] Confirming: 2/9
[8 INFO main 1976036] Confirming: 3/9
[8 INFO main 1978071] Confirming: 4/9
[8 INFO main 1980121] Confirming: 6/9
[8 INFO main 1982135] Confirming: 7/9
[8 INFO main 1983478] Verify.Homing -> Scout.Query | Arrived home
[8 INFO main 1984139] Confirming: 8/9
[8 INFO main 1986101] Confirming: 9/9
[8 INFO main 1986734] Scout.Query -> Verify.DriveTo | Go to unverified source
[8 INFO main 2009331] Verify.DriveTo -> Verify.Homing | Homing
[8 INFO main 2020425] Verify.Homing -> Scout.Query | Arrived home
[8 INFO main 2030364] Confirming: 1/9
[8 INFO main 2032478] Confirming: 2/9
[8 INFO main 2034719] Confirming: 3/9
[8 INFO main 2036825] Confirming: 4/9
[8 INFO main 2038881] Confirming: 5/9
[8 INFO main 2040912] Confirming: 6/9
[8 INFO main 2042921] Confirming: 7/9
[8 INFO main 2045158] Confirming: 8/9
[8 INFO main 2047235] Confirming: 9/9
[8 INFO main 2047281] Scout.Query -> Verify.DriveTo | Go to unverified source
[8 INFO main 2080802] Verify.DriveTo -> Verify.Homing | Homing
[8 INFO main 2084992] Verify.Homing -> Scout.Query | Arrived home
[8 INFO main 2091252] Confirming: 1/9
[8 INFO main 2093293] Confirming: 2/9
[8 INFO main 2095334] Confirming: 3/9
[8 INFO main 2097427] Confirming: 4/9
[8 INFO main 2099478] Confirming: 5/9
[8 INFO main 2101500] Confirming: 6/9
[8 INFO main 2103594] Confirming: 7/9
[8 INFO main 2105667] Confirming: 8/9
[8 INFO main 2107820] Confirming: 9/9
[8 INFO main 2108192] Scout.Query -> Verify.DriveTo | Go to unverified source
[8 INFO main 2127416] Verify.DriveTo -> Verify.Homing | Homing
[8 INFO main 2136490] Verify.Homing -> Scout.Query | Arrived home
[8 INFO main 2152670] Confirming: 2/9
[8 INFO main 2154823] Confirming: 3/9
[8 INFO main 2156778] Confirming: 4/9
[8 INFO main 2158885] Confirming: 5/9
[8 INFO main 2160912] Confirming: 6/9
[8 INFO main 2162912] Confirming: 7/9
[8 INFO main 2165036] Confirming: 8/9
[8 INFO main 2167136] Confirming: 9/9
[8 INFO main 2168138] Scout.Query -> Verify.DriveTo | Go to unverified source
[8 INFO main 2238732] Verify.DriveTo -> Verify.Homing | Homing
[8 INFO main 2261280] Verify.Homing -> Scout.Query | Arrived home
[8 INFO main 2272579] Confirming: 1/9
[8 INFO main 2274760] Confirming: 2/9
[8 INFO main 2276771] Confirming: 4/9
[8 INFO main 2278939] Confirming: 5/9
[8 INFO main 2283103] Confirming: 7/9
[8 INFO main 2285164] Confirming: 8/9
[8 INFO main 2287177] Confirming: 9/9
[8 INFO main 2288076] Scout.Query -> Verify.DriveTo | Go to unverified source
[8 INFO main 2345447] Verify.DriveTo -> Verify.Homing | Homing
[8 INFO main 2361859] Confirming: 1/9
[8 INFO main 2363898] Confirming: 2/9
[8 INFO main 2365982] Confirming: 3/9
[8 INFO main 2366209] Verify.Homing -> Scout.Query | Arrived home
[8 INFO main 2368066] Confirming: 4/9
[8 INFO main 2370104] Confirming: 6/9
[8 INFO main 2374190] Confirming: 7/9
[8 INFO main 2376247] Confirming: 8/9
[8 INFO main 2378447] Confirming: 9/9
[8 INFO main 2378494] Scout.Query -> Verify.DriveTo | Go to unverified source
[8 INFO main 2478274] Verify.DriveTo -> Verify.Homing | Homing
[8 INFO main 2504782] Verify.Homing -> Scout.Query | Arrived home
[8 INFO main 2511580] Confirming: 1/9
[8 INFO main 2513736] Confirming: 2/9
[8 INFO main 2515826] Confirming: 3/9
[8 INFO main 2517929] Confirming: 4/9
[8 INFO main 2520051] Confirming: 5/9
[8 INFO main 2522247] Confirming: 7/9
[8 INFO main 2524404] Confirming: 8/9
[8 INFO main 2526561] Confirming: 9/9
[8 INFO main 2527328] Scout.Query -> Verify.DriveTo | Go to unverified source
[8 INFO main 2570930] Verify.DriveTo -> Verify.Homing | Homing
[8 INFO main 2596229] Verify.Homing -> Scout.Query | Arrived home
[8 INFO main 2602013] Confirming: 1/9
[8 INFO main 2604263] Confirming: 3/9
[8 INFO main 2606392] Confirming: 4/9
[8 INFO main 2610515] Confirming: 6/9
[8 INFO main 2612584] Confirming: 7/9
[8 INFO main 2614732] Confirming: 8/9
[8 INFO main 2617061] Confirming: 9/9
[8 INFO main 2617105] Scout.Query -> Verify.DriveTo | Go to unverified source
[8 INFO main 2664167] Verify.DriveTo -> Verify.Homing | Homing
[8 INFO main 2689660] Verify.Homing -> Scout.Query | Arrived home
[8 INFO main 2691372] Confirming: 1/9
[8 INFO main 2693382] Confirming: 2/9
[8 INFO main 2695354] Confirming: 3/9
[8 INFO main 2697493] Confirming: 4/9
[8 INFO main 2699540] Confirming: 5/9
[8 INFO main 2701757] Confirming: 6/9
[8 INFO main 2703842] Confirming: 7/9
[8 INFO main 2705936] Confirming: 8/9
[8 INFO main 2708025] Confirming: 9/9
[8 INFO main 2708685] Scout.Query -> Verify.DriveTo | Go to unverified source
[8 INFO main 2739032] Verify.DriveTo -> Verify.Homing | Homing
[8 INFO main 2750583] Confirming: 1/9
[8 INFO main 2752657] Confirming: 2/9
[8 INFO main 2754667] Confirming: 3/9
[8 INFO main 2756686] Confirming: 4/9
[8 INFO main 2758988] Confirming: 5/9
[8 INFO main 2760479] Verify.Homing -> Scout.Query | Arrived home
[8 INFO main 2760997] Confirming: 6/9
[8 INFO main 2763160] Confirming: 7/9
[8 INFO main 2765289] Confirming: 8/9
[8 INFO main 2767397] Confirming: 9/9
[8 INFO main 2767680] Scout.Query -> Verify.DriveTo | Go to unverified source
[8 INFO main 2818144] Verify.DriveTo -> Verify.Homing | Homing
[8 INFO main 2826128] Verify.Homing -> Scout.Query | Arrived home
[8 INFO main 2841520] Confirming: 1/9
[8 INFO main 2843630] Confirming: 2/9
[8 INFO main 2845647] Confirming: 3/9
[8 INFO main 2847741] Confirming: 4/9
[8 INFO main 2849755] Confirming: 5/9
[8 INFO main 2851851] Confirming: 6/9
[8 INFO main 2853845] Confirming: 7/9
[8 INFO main 2855873] Confirming: 8/9
[8 INFO main 2857936] Confirming: 9/9
[8 INFO main 2859047] Scout.Query -> Verify.DriveTo | Go to unverified source
[8 INFO main 2939853] Verify.DriveTo -> Verify.Homing | Homing
[8 INFO main 2960368] Confirming: 1/9
[8 INFO main 2962433] Confirming: 2/9
[8 INFO main 2964448] Confirming: 3/9
[8 INFO main 2966647] Confirming: 4/9
[8 INFO main 2968713] Confirming: 5/9
[8 INFO main 2970778] Confirming: 6/9
[8 INFO main 2972813] Confirming: 7/9
[8 INFO main 2974929] Confirming: 8/9
[8 INFO main 2977053] Confirming: 9/9
[8 INFO main 2978517] Verify.Homing -> Scout.Query | Arrived home
[8 INFO main 2978605] Scout.Query -> Verify.DriveTo | Go to unverified source
[8 INFO main 3050027] Verify.DriveTo -> Verify.Homing | Homing
[8 INFO main 3080676] Confirming: 1/9
[8 INFO main 3082778] Confirming: 2/9
[8 INFO main 3084925] Confirming: 3/9
[8 INFO main 3086290] Verify.Homing -> Scout.Query | Arrived home
[8 INFO main 3086976] Confirming: 4/9
[8 INFO main 3088991] Confirming: 5/9
[8 INFO main 3091105] Confirming: 6/9
[8 INFO main 3093138] Confirming: 7/9
[8 INFO main 3095271] Confirming: 8/9
[8 INFO main 3097423] Confirming: 9/9
[8 INFO main 3097477] Scout.Query -> Verify.DriveTo | Go to unverified source
[8 INFO main 3190840] Verify.DriveTo -> Verify.Homing | Homing
[8 INFO main 3220985] Verify.Homing -> Scout.Query | Arrived home
[8 INFO main 3231362] Confirming: 1/9
[8 INFO main 3233377] Confirming: 2/9
[8 INFO main 3235446] Confirming: 3/9
[8 INFO main 3237525] Confirming: 4/9
[8 INFO main 3239664] Confirming: 5/9
[8 INFO main 3241676] Confirming: 6/9
[8 INFO main 3243774] Confirming: 7/9
[8 INFO main 3245796] Confirming: 8/9
[8 INFO main 3247834] Confirming: 9/9
[8 INFO main 3248112] Scout.Query -> Verify.DriveTo | Go to unverified source
[8 INFO main 3286346] Verify.DriveTo -> Verify.Homing | Homing
[8 INFO main 3307756] Verify.Homing -> Scout.Query | Arrived home
[8 INFO main 3320323] Confirming: 1/9
[8 INFO main 3322401] Confirming: 2/9
[8 INFO main 3324507] Confirming: 3/9
[8 INFO main 3326592] Confirming: 4/9
[8 INFO main 3328710] Confirming: 5/9
[8 INFO main 3330810] Confirming: 6/9
[8 INFO main 3332862] Confirming: 7/9
[8 INFO main 3336896] Confirming: 9/9
[8 INFO main 3336955] Scout.Query -> Verify.DriveTo | Go to unverified source
[8 INFO main 3439704] Verify.DriveTo -> Verify.Homing | Homing
[8 INFO main 3460740] Confirming: 1/9
[8 INFO main 3462774] Confirming: 2/9
[8 INFO main 3464973] Confirming: 3/9
[8 INFO main 3467026] Confirming: 4/9
[8 INFO main 3469080] Confirming: 5/9
[8 INFO main 3470046] Verify.Homing -> Scout.Query | Arrived home
[8 INFO main 3471283] Confirming: 6/9
[8 INFO main 3473295] Confirming: 7/9
[8 INFO main 3475381] Confirming: 8/9
[8 INFO main 3477508] Confirming: 9/9
[8 INFO main 3478289] Scout.Query -> Verify.DriveTo | Go to unverified source
[8 INFO main 3557259] Verify.DriveTo -> Verify.Homing | Homing
[8 INFO main 3590538] Confirming: 1/9
[8 INFO main 3592546] Confirming: 2/9
[8 INFO main 3594574] Confirming: 3/9
[8 INFO main 3596042] Verify.Homing -> Scout.Query | Arrived home
[8 INFO main 3596952] Confirming: 4/9
[8 INFO main 3599126] Confirming: 5/9
[8 INFO main 3601142] Confirming: 6/9
[8 INFO main 3603899] Confirming: 7/9
[8 INFO main 3606019] Confirming: 8/9
[8 INFO main 3608050] Confirming: 9/9
[8 INFO main 3609144] Scout.Query -> Verify.DriveTo | Go to unverified source
[8 INFO main 3678349] Verify.DriveTo -> Verify.Homing | Homing
[8 INFO main 3700708] Verify.Homing -> Scout.Query | Arrived home
[8 INFO main 3713142] Confirming: 2/9
[8 INFO main 3715302] Confirming: 3/9
[8 INFO main 3717325] Confirming: 4/9
[8 INFO main 3721450] Confirming: 6/9
[8 INFO main 3723554] Confirming: 7/9
[8 INFO main 3725635] Confirming: 8/9
[8 INFO main 3727729] Confirming: 9/9
[8 INFO main 3728721] Scout.Query -> Verify.DriveTo | Go to unverified source
[8 INFO main 3792191] Verify.DriveTo -> Verify.Homing | Homing
[8 INFO main 3803099] Confirming: 2/9
[8 INFO main 3805226] Confirming: 3/9
[8 INFO main 3807325] Confirming: 4/9
[8 INFO main 3809362] Confirming: 5/9
[8 INFO main 3811410] Confirming: 6/9
[8 INFO main 3815466] Confirming: 7/9
[8 INFO main 3817469] Confirming: 9/9
[8 INFO main 3823308] Verify.Homing -> Scout.Query | Arrived home
[8 INFO main 3823637] Scout.Query -> Verify.DriveTo | Go to unverified source
[8 INFO main 3860704] Verify.DriveTo -> Verify.Homing | Homing
[8 INFO main 3892916] Confirming: 1/9
[8 INFO main 3893296] Verify.Homing -> Scout.Query | Arrived home
[8 INFO main 3895070] Confirming: 2/9
[8 INFO main 3897094] Confirming: 3/9
[8 INFO main 3899167] Confirming: 5/9
[8 INFO main 3903312] Confirming: 7/9
[8 INFO main 3907469] Confirming: 9/9
[8 INFO main 3907901] Scout.Query -> Verify.DriveTo | Go to unverified source
[8 INFO main 3963914] Verify.DriveTo -> Verify.Homing | Homing
[8 INFO main 3982820] Confirming: 1/9
[8 INFO main 3984848] Confirming: 2/9
[8 INFO main 3986895] Confirming: 3/9
[8 INFO main 3988931] Confirming: 4/9
[8 INFO main 3991275] Confirming: 6/9
[8 INFO main 3993308] Confirming: 7/9
[8 INFO main 3994498] Verify.Homing -> Scout.Query | Arrived home
[8 INFO main 3995318] Confirming: 8/9
[8 INFO main 3997403] Confirming: 9/9
[8 INFO main 3998120] Scout.Query -> Verify.DriveTo | Go to unverified source
[8 INFO main 4019389] Verify.DriveTo -> Verify.Homing | Homing
[8 INFO main 4039218] Verify.Homing -> Scout.Query | Arrived home
[8 INFO main 4042432] Confirming: 1/9
[8 INFO main 4046764] Confirming: 3/9
[8 INFO main 4048855] Confirming: 4/9
[8 INFO main 4050862] Confirming: 5/9
[8 INFO main 4053424] Confirming: 7/9
[8 INFO main 4055516] Confirming: 8/9
[8 INFO main 4057585] Confirming: 9/9
[8 INFO main 4057645] Scout.Query -> Verify.DriveTo | Go to unverified source
[8 INFO main 4140411] Verify.DriveTo -> Verify.Homing | Homing
[8 INFO main 4163030] Confirming: 1/9
[8 INFO main 4164177] Verify.Homing -> Scout.Query | Arrived home
[8 INFO main 4165099] Confirming: 2/9
[8 INFO main 4167085] Confirming: 3/9
[8 INFO main 4169327] Confirming: 4/9
[8 INFO main 4171367] Confirming: 6/9
[8 INFO main 4175514] Confirming: 8/9
[8 INFO main 4177631] Confirming: 9/9
[8 INFO main 4177958] Scout.Query -> Verify.DriveTo | Go to unverified source
[8 INFO main 4238072] Verify.DriveTo -> Verify.Homing | Homing
[8 INFO main 4253608] Confirming: 2/9
[8 INFO main 4255767] Confirming: 3/9
[8 INFO main 4257820] Confirming: 4/9
[8 INFO main 4257848] Verify.Homing -> Scout.Query | Arrived home
[8 INFO main 4260001] Confirming: 5/9
[8 INFO main 4262429] Confirming: 6/9
[8 INFO main 4264592] Confirming: 7/9
[8 INFO main 4266661] Confirming: 8/9
[8 INFO main 4268690] Confirming: 9/9
[8 INFO main 4269506] Scout.Query -> Verify.DriveTo | Go to unverified source
[8 INFO main 4313864] Verify.DriveTo -> Verify.Homing | Homing
[8 INFO main 4339272] Verify.Homing -> Scout.Query | Arrived home
[8 INFO main 4341418] Confirming: 1/9
[8 INFO main 4345488] Confirming: 3/9
[8 INFO main 4347504] Confirming: 4/9
[8 INFO main 4349637] Confirming: 5/9
[8 INFO main 4351686] Confirming: 6/9
[8 INFO main 4353709] Confirming: 7/9
[8 INFO main 4355754] Confirming: 8/9
[8 INFO main 4357811] Confirming: 9/9
[8 INFO main 4358657] Scout.Query -> Verify.DriveTo | Go to unverified source
[8 INFO main 4396141] Verify.DriveTo -> Verify.Homing | Homing
[8 INFO main 4402530] Confirming: 1/9
[8 INFO main 4404678] Confirming: 2/9
[8 INFO main 4406806] Confirming: 3/9
[8 INFO main 4409634] Confirming: 4/9
[8 INFO main 4411690] Confirming: 6/9
[8 INFO main 4413762] Confirming: 7/9
[8 INFO main 4415901] Confirming: 8/9
[8 INFO main 4417962] Confirming: 9/9
[8 INFO main 4430861] Verify.Homing -> Scout.Query | Arrived home
[8 INFO main 4431658] Scout.Query -> Verify.DriveTo | Go to unverified source
[8 INFO main 4490430] Verify.DriveTo -> Verify.Homing | Homing
[8 INFO main 4514215] Verify.Homing -> Scout.Query | Arrived home
[8 INFO main 4522329] Confirming: 1/9
[8 INFO main 4524966] Confirming: 2/9
[8 INFO main 4527008] Confirming: 3/9
[8 INFO main 4529426] Confirming: 5/9
[8 INFO main 4531697] Confirming: 6/9
[8 INFO main 4535923] Confirming: 8/9
[8 INFO main 4537982] Confirming: 9/9
[8 INFO main 4538837] Scout.Query -> Verify.DriveTo | Go to unverified source
[8 INFO main 4629507] Verify.DriveTo -> Verify.Homing | Homing
[8 INFO main 4642136] Confirming: 1/9
[8 INFO main 4644217] Confirming: 2/9
[8 INFO main 4646281] Confirming: 3/9
[8 INFO main 4648381] Confirming: 4/9
[8 INFO main 4650430] Confirming: 5/9
[8 INFO main 4652544] Confirming: 6/9
[8 INFO main 4654610] Confirming: 7/9
[8 INFO main 4656657] Confirming: 8/9
[8 INFO main 4658811] Confirming: 9/9
[8 INFO main 4665169] Verify.Homing -> Scout.Query | Arrived home
[8 INFO main 4665221] Scout.Query -> Verify.DriveTo | Go to unverified source
[8 INFO main 4724943] Verify.DriveTo -> Verify.Homing | Homing
[8 INFO main 4731362] Confirming: 1/9
[8 INFO main 4733449] Confirming: 2/9
[8 INFO main 4737706] Confirming: 4/9
[8 INFO main 4741947] Confirming: 6/9
[8 INFO main 4744027] Confirming: 7/9
[8 INFO main 4746262] Confirming: 8/9
[8 INFO main 4748490] Confirming: 9/9
[8 INFO main 4749382] Verify.Homing -> Scout.Query | Arrived home
[8 INFO main 4749636] Scout.Query -> Verify.DriveTo | Go to unverified source
[8 INFO main 4833574] Verify.DriveTo -> Verify.Homing | Homing
[8 INFO main 4852443] Confirming: 1/9
[8 INFO main 4854681] Confirming: 2/9
[8 INFO main 4856839] Confirming: 3/9
[8 INFO main 4858838] Confirming: 4/9
[8 INFO main 4861085] Confirming: 5/9
[8 INFO main 4863237] Confirming: 7/9
[8 INFO main 4865257] Confirming: 8/9
[8 INFO main 4866702] Verify.Homing -> Scout.Query | Arrived home
[8 INFO main 4867309] Confirming: 9/9
[8 INFO main 4867955] Scout.Query -> Verify.DriveTo | Go to unverified source
[8 INFO main 4910246] Verify.DriveTo -> Verify.Homing | Homing
[8 INFO main 4940401] Verify.Homing -> Scout.Query | Arrived home
[8 INFO main 4941993] Confirming: 1/9
[8 INFO main 4944485] Confirming: 2/9
[8 INFO main 4946549] Confirming: 3/9
[8 INFO main 4948593] Confirming: 4/9
[8 INFO main 4950610] Confirming: 5/9
[8 INFO main 4952635] Confirming: 6/9
[8 INFO main 4954689] Confirming: 7/9
[8 INFO main 4956868] Confirming: 8/9
[8 INFO main 4958958] Confirming: 9/9
[8 INFO main 4959218] Scout.Query -> Verify.DriveTo | Go to unverified source
[8 INFO main 4998308] Verify.DriveTo -> Verify.Homing | Homing
[8 INFO main 5023151] Verify.Homing -> Scout.Query | Arrived home
[8 INFO main 5033911] Confirming: 2/9
[8 INFO main 5036080] Confirming: 3/9
[8 INFO main 5038238] Confirming: 4/9
[8 INFO main 5040371] Confirming: 5/9
[8 INFO main 5042465] Confirming: 6/9
[8 INFO main 5044659] Confirming: 7/9
[8 INFO main 5046733] Confirming: 8/9
[8 INFO main 5048877] Confirming: 9/9
[8 INFO main 5050047] Scout.Query -> Verify.DriveTo | Go to unverified source
[8 INFO main 5110301] Verify.DriveTo -> Verify.Homing | Homing
[8 INFO main 5122922] Confirming: 1/9
[8 INFO main 5125053] Confirming: 2/9
[8 INFO main 5127222] Confirming: 4/9
[8 INFO main 5129241] Confirming: 5/9
[8 INFO main 5131345] Confirming: 6/9
[8 INFO main 5133378] Confirming: 7/9
[8 INFO main 5135358] Confirming: 8/9
[8 INFO main 5139754] Confirming: 10/9
[8 INFO main 5143721] Verify.Homing -> Scout.Query | Arrived home
[8 INFO main 5143951] Scout.Query -> Verify.DriveTo | Go to unverified source
[8 INFO main 5224981] Verify.DriveTo -> Verify.Homing | Homing
[8 INFO main 5241980] Confirming: 1/9
[8 INFO main 5244062] Confirming: 2/9
[8 INFO main 5246284] Confirming: 3/9
[8 INFO main 5248527] Confirming: 4/9
[8 INFO main 5250313] Verify.Homing -> Scout.Query | Arrived home
[8 INFO main 5250828] Confirming: 5/9
[8 INFO main 5253235] Confirming: 7/9
[8 INFO main 5255384] Confirming: 8/9
[8 INFO main 5257499] Confirming: 9/9
[8 INFO main 5258050] Scout.Query -> Verify.DriveTo | Go to unverified source
[8 INFO main 5294672] Verify.DriveTo -> Verify.Homing | Homing
[8 INFO main 5301542] Confirming: 1/9
[8 INFO main 5303608] Confirming: 2/9
[8 INFO main 5305760] Confirming: 3/9
[8 INFO main 5307790] Confirming: 4/9
[8 INFO main 5309804] Confirming: 5/9
[8 INFO main 5312083] Confirming: 6/9
[8 INFO main 5314175] Confirming: 7/9
[8 INFO main 5315301] Verify.Homing -> Scout.Query | Arrived home
[8 INFO main 5316178] Confirming: 8/9
[8 INFO main 5318222] Confirming: 9/9
[8 INFO main 5318983] Scout.Query -> Verify.DriveTo | Go to unverified source
[8 INFO main 5386868] Verify.DriveTo -> Verify.Homing | Homing
