[INFO main 26] Initialising Python Geth Console...
[INFO main 32] Initialising peer buffer...
[INFO main 32] Initialising TCP server...
[INFO main 32] Initialising RandB board...
[INFO main 32] Initialising ground-sensors...
[INFO main 32] Initialising random-walk...
[INFO main 438] Starting Experiment
[DEBUG events 466] 0x0000000000000000000000000000000000000000
[DEBUG events 466] Registered on-chain
[WARNING events 483] execution reverted: Robot must register first

========= Remote Traceback (1) =========
Traceback (most recent call last):
  File "/usr/lib/python3.8/site-packages/rpyc/core/protocol.py", line 324, in _dispatch_request
    res = self._HANDLERS[handler](self, *args)
  File "/usr/lib/python3.8/site-packages/rpyc/core/protocol.py", line 592, in _handle_call
    return obj(*args, **dict(kwargs))
  File "/root/python_scripts/web3wrapper_docker.py", line 157, in exposed_call
    return self.w3if.call(function)
  File "/root/python_scripts/web3wrapper_docker.py", line 92, in call
    return getattr(self.sc.functions, func)().call()
  File "/usr/lib/python3.8/site-packages/web3/contract.py", line 957, in call
    return call_contract_function(
  File "/usr/lib/python3.8/site-packages/web3/contract.py", line 1501, in call_contract_function
    return_data = web3.eth.call(
  File "/usr/lib/python3.8/site-packages/web3/module.py", line 57, in caller
    result = w3.manager.request_blocking(method_str,
  File "/usr/lib/python3.8/site-packages/web3/manager.py", line 187, in request_blocking
    return self.formatted_response(response,
  File "/usr/lib/python3.8/site-packages/web3/manager.py", line 167, in formatted_response
    apply_error_formatters(error_formatters, response)
  File "/usr/lib/python3.8/site-packages/web3/manager.py", line 67, in apply_error_formatters
    formatted_resp = pipe(response, error_formatters)
  File "cytoolz/functoolz.pyx", line 667, in cytoolz.functoolz.pipe
  File "cytoolz/functoolz.pyx", line 642, in cytoolz.functoolz.c_pipe
  File "/usr/lib/python3.8/site-packages/web3/_utils/method_formatters.py", line 566, in raise_solidity_error_on_revert
    raise ContractLogicError(response['error']['message'])
web3.exceptions.ContractLogicError: execution reverted: Robot must register first

[INFO main 42433] Added peer: 8, enode: enode://f2442c0a64783003f50557bda94f1f6467bd18686d6dc37ab2cc4ddadc5ca8e3202c9acea795aa27dfcfa073b4a1f6fc42f8a2a73d9bdfaa551540a8496004f8@10.0.1.8:30303?discport=0
[INFO main 48442] Removed peer: 8
[DEBUG events 51440] 0x0000000000000000000000000000000000000000
[DEBUG events 51443] Registered on-chain
[WARNING events 53422] execution reverted: Robot must register first

========= Remote Traceback (1) =========
Traceback (most recent call last):
  File "/usr/lib/python3.8/site-packages/rpyc/core/protocol.py", line 324, in _dispatch_request
    res = self._HANDLERS[handler](self, *args)
  File "/usr/lib/python3.8/site-packages/rpyc/core/protocol.py", line 592, in _handle_call
    return obj(*args, **dict(kwargs))
  File "/root/python_scripts/web3wrapper_docker.py", line 157, in exposed_call
    return self.w3if.call(function)
  File "/root/python_scripts/web3wrapper_docker.py", line 92, in call
    return getattr(self.sc.functions, func)().call()
  File "/usr/lib/python3.8/site-packages/web3/contract.py", line 957, in call
    return call_contract_function(
  File "/usr/lib/python3.8/site-packages/web3/contract.py", line 1501, in call_contract_function
    return_data = web3.eth.call(
  File "/usr/lib/python3.8/site-packages/web3/module.py", line 57, in caller
    result = w3.manager.request_blocking(method_str,
  File "/usr/lib/python3.8/site-packages/web3/manager.py", line 187, in request_blocking
    return self.formatted_response(response,
  File "/usr/lib/python3.8/site-packages/web3/manager.py", line 167, in formatted_response
    apply_error_formatters(error_formatters, response)
  File "/usr/lib/python3.8/site-packages/web3/manager.py", line 67, in apply_error_formatters
    formatted_resp = pipe(response, error_formatters)
  File "cytoolz/functoolz.pyx", line 667, in cytoolz.functoolz.pipe
  File "cytoolz/functoolz.pyx", line 642, in cytoolz.functoolz.c_pipe
  File "/usr/lib/python3.8/site-packages/web3/_utils/method_formatters.py", line 566, in raise_solidity_error_on_revert
    raise ContractLogicError(response['error']['message'])
web3.exceptions.ContractLogicError: execution reverted: Robot must register first

[INFO main 55433] Added peer: 4, enode: enode://f64474eae5a5ff3a33661794c321c295b8dd3f9cbc2c02ae378425b695f1f06838bb6915f57a7f6a78dd146bbb515718e5edb2642e76dff5adab54f39d26e324@10.0.1.11:30303?discport=0
[INFO main 60445] Removed peer: 4
[DEBUG events 65422] 0x05d6edC4ff8ef40321aBCf7886Bc606ed13327b0
[DEBUG events 65423] Registered on-chain
[INFO main 66489] Added peer: 1, enode: enode://30a069f1d0c83acd907fcaaef1a0b08ab529a89de97abbcda2bfbeb473c3f98f9d3886806f2fba18fa9e23ac2dc10cdc8955af8f17c1813ff790c02340869648@10.0.1.3:30303?discport=0
[INFO main 70460] Removed peer: 1
[DEBUG events 73438] Asked for UBI: 40
[INFO main 84434] Added peer: 8, enode: enode://f2442c0a64783003f50557bda94f1f6467bd18686d6dc37ab2cc4ddadc5ca8e3202c9acea795aa27dfcfa073b4a1f6fc42f8a2a73d9bdfaa551540a8496004f8@10.0.1.8:30303?discport=0
[INFO main 91431] Removed peer: 8
[INFO main 101469] Added peer: 1, enode: enode://30a069f1d0c83acd907fcaaef1a0b08ab529a89de97abbcda2bfbeb473c3f98f9d3886806f2fba18fa9e23ac2dc10cdc8955af8f17c1813ff790c02340869648@10.0.1.3:30303?discport=0
[INFO main 107446] Removed peer: 1
[INFO main 112433] Added peer: 2, enode: enode://0be9c5db89a35a915a977b5a52aab2f3687297c9fc5695770abb8cfe90ecccd533f131baa745706b645ab8e39abb727b5c06942abe79e1fe13170f5f7e78fea3@10.0.1.9:30303?discport=0
[DEBUG events 119477] 0x05d6edC4ff8ef40321aBCf7886Bc606ed13327b0
[DEBUG events 119479] Registered on-chain
[INFO main 120448] Removed peer: 2
[DEBUG voting 131463] Voted successfully: 0.34 (1/1)
[DEBUG events 139466] 0x05d6edC4ff8ef40321aBCf7886Bc606ed13327b0
[DEBUG events 139468] Registered on-chain
[INFO main 140437] Added peer: 4, enode: enode://f64474eae5a5ff3a33661794c321c295b8dd3f9cbc2c02ae378425b695f1f06838bb6915f57a7f6a78dd146bbb515718e5edb2642e76dff5adab54f39d26e324@10.0.1.11:30303?discport=0
[INFO main 143485] Removed peer: 4
[DEBUG events 148446] Asked for UBI: 20
[DEBUG voting 151430] Voted successfully: 0.32 (1/1)
[DEBUG events 158478] 0x05d6edC4ff8ef40321aBCf7886Bc606ed13327b0
[DEBUG events 158478] Registered on-chain
[DEBUG events 168434] Asked for UBI: 20
[DEBUG voting 170438] Voted successfully: 0.34 (1/1)
[INFO main 171487] Added peer: 6, enode: enode://e31a4bdffa511af8b5ce4af6172a27294d6a6d95ef686498103978eba77854eac099016ddf6a5c9a61b04830204ff35e2a6b8d5a665d4eeb3db0247bd4be130e@10.0.1.6:30303?discport=0
[INFO main 176486] Removed peer: 6
[DEBUG events 180459] 0x05d6edC4ff8ef40321aBCf7886Bc606ed13327b0
[DEBUG events 180465] Registered on-chain
[DEBUG events 189476] Asked for UBI: 20
[DEBUG voting 191453] Voted successfully: 0.32 (1/1)
[INFO main 201490] Added peer: 5, enode: enode://028f2a05a92b2ca48eb633be946b8eb48fd5389047c55bf18e97b56baeadbffbb7ff593fcc5328d3c1aa00b03167789a96c9b867461f9028b033d21cea696797@10.0.1.5:30303?discport=0
[INFO main 207477] Removed peer: 5
[DEBUG events 213439] 0x05d6edC4ff8ef40321aBCf7886Bc606ed13327b0
[DEBUG events 213447] Registered on-chain
[DEBUG events 219439] Asked for UBI: 20
[DEBUG voting 220496] Voted successfully: 0.31 (1/1)
[INFO main 332494] Added peer: 2, enode: enode://0be9c5db89a35a915a977b5a52aab2f3687297c9fc5695770abb8cfe90ecccd533f131baa745706b645ab8e39abb727b5c06942abe79e1fe13170f5f7e78fea3@10.0.1.9:30303?discport=0
[INFO main 333449] Added peer: 5, enode: enode://028f2a05a92b2ca48eb633be946b8eb48fd5389047c55bf18e97b56baeadbffbb7ff593fcc5328d3c1aa00b03167789a96c9b867461f9028b033d21cea696797@10.0.1.5:30303?discport=0
[INFO main 342462] Removed peer: 2
[DEBUG events 342507] 0x05d6edC4ff8ef40321aBCf7886Bc606ed13327b0
[DEBUG events 343456] Registered on-chain
[INFO main 345456] Added peer: 1, enode: enode://30a069f1d0c83acd907fcaaef1a0b08ab529a89de97abbcda2bfbeb473c3f98f9d3886806f2fba18fa9e23ac2dc10cdc8955af8f17c1813ff790c02340869648@10.0.1.3:30303?discport=0
[INFO main 348505] Removed peer: 5
[INFO main 350502] Removed peer: 1
[INFO main 354462] Added peer: 7, enode: enode://a310081ea6cc027765f2323bff1a310961415763ec4029ef1fe546bea3f3416813d0ac52b209cf0b863c48cc1bd515ce2af963e4f723afccb7c883ba71a32531@10.0.1.7:30303?discport=0
[DEBUG events 357461] 0x05d6edC4ff8ef40321aBCf7886Bc606ed13327b0
[DEBUG events 357474] Registered on-chain
[INFO main 361526] Removed peer: 7
[DEBUG events 362549] Asked for payout: 80
[INFO main 413457] Added peer: 5, enode: enode://028f2a05a92b2ca48eb633be946b8eb48fd5389047c55bf18e97b56baeadbffbb7ff593fcc5328d3c1aa00b03167789a96c9b867461f9028b033d21cea696797@10.0.1.5:30303?discport=0
[INFO main 417478] Removed peer: 5
[INFO main 420521] Added peer: 2, enode: enode://0be9c5db89a35a915a977b5a52aab2f3687297c9fc5695770abb8cfe90ecccd533f131baa745706b645ab8e39abb727b5c06942abe79e1fe13170f5f7e78fea3@10.0.1.9:30303?discport=0
[DEBUG events 422478] 0x05d6edC4ff8ef40321aBCf7886Bc606ed13327b0
[DEBUG events 422481] Registered on-chain
[INFO main 428481] Removed peer: 2
[DEBUG events 431468] Asked for UBI: 20
[INFO main 432486] Added peer: 1, enode: enode://30a069f1d0c83acd907fcaaef1a0b08ab529a89de97abbcda2bfbeb473c3f98f9d3886806f2fba18fa9e23ac2dc10cdc8955af8f17c1813ff790c02340869648@10.0.1.3:30303?discport=0
[DEBUG events 432507] Asked for payout: 80
[INFO main 438497] Removed peer: 1
[DEBUG events 444507] 0x05d6edC4ff8ef40321aBCf7886Bc606ed13327b0
[DEBUG events 444508] Registered on-chain
[DEBUG voting 452472] Voted successfully: 0.28 (1/1)
[DEBUG events 460497] 0x05d6edC4ff8ef40321aBCf7886Bc606ed13327b0
[DEBUG events 460498] Registered on-chain
[DEBUG voting 470487] Voted successfully: 0.27 (1/1)
[INFO main 478516] Added peer: 7, enode: enode://a310081ea6cc027765f2323bff1a310961415763ec4029ef1fe546bea3f3416813d0ac52b209cf0b863c48cc1bd515ce2af963e4f723afccb7c883ba71a32531@10.0.1.7:30303?discport=0
[INFO main 485527] Removed peer: 7
[INFO main 506501] Added peer: 2, enode: enode://0be9c5db89a35a915a977b5a52aab2f3687297c9fc5695770abb8cfe90ecccd533f131baa745706b645ab8e39abb727b5c06942abe79e1fe13170f5f7e78fea3@10.0.1.9:30303?discport=0
[INFO main 513527] Removed peer: 2
[DEBUG events 518488] 0x05d6edC4ff8ef40321aBCf7886Bc606ed13327b0
[DEBUG events 518488] Registered on-chain
[DEBUG voting 527504] Voted successfully: 0.27 (1/1)
[DEBUG events 532504] 0x05d6edC4ff8ef40321aBCf7886Bc606ed13327b0
[DEBUG events 532510] Registered on-chain
[DEBUG events 540512] Updated mean
[INFO main 545517] Added peer: 4, enode: enode://f64474eae5a5ff3a33661794c321c295b8dd3f9cbc2c02ae378425b695f1f06838bb6915f57a7f6a78dd146bbb515718e5edb2642e76dff5adab54f39d26e324@10.0.1.11:30303?discport=0
[DEBUG events 547472] 0x05d6edC4ff8ef40321aBCf7886Bc606ed13327b0
[DEBUG events 547473] Registered on-chain
[DEBUG events 553526] Updated mean
[INFO main 555477] Removed peer: 4
[INFO main 570535] Added peer: 2, enode: enode://0be9c5db89a35a915a977b5a52aab2f3687297c9fc5695770abb8cfe90ecccd533f131baa745706b645ab8e39abb727b5c06942abe79e1fe13170f5f7e78fea3@10.0.1.9:30303?discport=0
[INFO main 577537] Removed peer: 2
[INFO main 625486] Added peer: 4, enode: enode://f64474eae5a5ff3a33661794c321c295b8dd3f9cbc2c02ae378425b695f1f06838bb6915f57a7f6a78dd146bbb515718e5edb2642e76dff5adab54f39d26e324@10.0.1.11:30303?discport=0
[INFO main 630491] Removed peer: 4
[DEBUG events 636503] 0x05d6edC4ff8ef40321aBCf7886Bc606ed13327b0
[DEBUG events 636503] Registered on-chain
[INFO main 640495] Added peer: 4, enode: enode://f64474eae5a5ff3a33661794c321c295b8dd3f9cbc2c02ae378425b695f1f06838bb6915f57a7f6a78dd146bbb515718e5edb2642e76dff5adab54f39d26e324@10.0.1.11:30303?discport=0
[DEBUG events 645535] Asked for payout: 135
[INFO main 645538] Removed peer: 4
[INFO main 658505] Added peer: 4, enode: enode://f64474eae5a5ff3a33661794c321c295b8dd3f9cbc2c02ae378425b695f1f06838bb6915f57a7f6a78dd146bbb515718e5edb2642e76dff5adab54f39d26e324@10.0.1.11:30303?discport=0
[INFO main 661549] Removed peer: 4
[INFO main 693489] Added peer: 1, enode: enode://30a069f1d0c83acd907fcaaef1a0b08ab529a89de97abbcda2bfbeb473c3f98f9d3886806f2fba18fa9e23ac2dc10cdc8955af8f17c1813ff790c02340869648@10.0.1.3:30303?discport=0
[INFO main 696581] Removed peer: 1
[DEBUG events 699530] 0x05d6edC4ff8ef40321aBCf7886Bc606ed13327b0
[DEBUG events 699530] Registered on-chain
[INFO main 701577] Added peer: 4, enode: enode://f64474eae5a5ff3a33661794c321c295b8dd3f9cbc2c02ae378425b695f1f06838bb6915f57a7f6a78dd146bbb515718e5edb2642e76dff5adab54f39d26e324@10.0.1.11:30303?discport=0
[DEBUG events 704559] Asked for payout: 135
[INFO main 706502] Removed peer: 4
[INFO main 733564] Added peer: 4, enode: enode://f64474eae5a5ff3a33661794c321c295b8dd3f9cbc2c02ae378425b695f1f06838bb6915f57a7f6a78dd146bbb515718e5edb2642e76dff5adab54f39d26e324@10.0.1.11:30303?discport=0
[INFO main 740498] Removed peer: 4
[DEBUG events 741523] 0x05d6edC4ff8ef40321aBCf7886Bc606ed13327b0
[DEBUG events 741527] Registered on-chain
[DEBUG events 750554] Updated mean
[DEBUG voting 752501] Voted successfully: 0.25 (1/1)
[INFO main 754527] Added peer: 4, enode: enode://f64474eae5a5ff3a33661794c321c295b8dd3f9cbc2c02ae378425b695f1f06838bb6915f57a7f6a78dd146bbb515718e5edb2642e76dff5adab54f39d26e324@10.0.1.11:30303?discport=0
[INFO main 758555] Removed peer: 4
[INFO main 792501] Added peer: 8, enode: enode://f2442c0a64783003f50557bda94f1f6467bd18686d6dc37ab2cc4ddadc5ca8e3202c9acea795aa27dfcfa073b4a1f6fc42f8a2a73d9bdfaa551540a8496004f8@10.0.1.8:30303?discport=0
[INFO main 797519] Removed peer: 8
[DEBUG events 800499] 0x05d6edC4ff8ef40321aBCf7886Bc606ed13327b0
[DEBUG events 800500] Registered on-chain
[INFO main 802529] Added peer: 8, enode: enode://f2442c0a64783003f50557bda94f1f6467bd18686d6dc37ab2cc4ddadc5ca8e3202c9acea795aa27dfcfa073b4a1f6fc42f8a2a73d9bdfaa551540a8496004f8@10.0.1.8:30303?discport=0
[DEBUG events 807504] Updated mean
[INFO main 808501] Removed peer: 8
[DEBUG voting 809540] Voted successfully: 0.25 (1/1)
[INFO main 818561] Added peer: 6, enode: enode://e31a4bdffa511af8b5ce4af6172a27294d6a6d95ef686498103978eba77854eac099016ddf6a5c9a61b04830204ff35e2a6b8d5a665d4eeb3db0247bd4be130e@10.0.1.6:30303?discport=0
[INFO main 828542] Removed peer: 6
[DEBUG events 836511] 0x05d6edC4ff8ef40321aBCf7886Bc606ed13327b0
[DEBUG events 836512] Registered on-chain
[DEBUG events 842507] Asked for UBI: 20
[DEBUG voting 843530] Voted successfully: 0.25 (1/1)
[INFO main 860513] Added peer: 7, enode: enode://a310081ea6cc027765f2323bff1a310961415763ec4029ef1fe546bea3f3416813d0ac52b209cf0b863c48cc1bd515ce2af963e4f723afccb7c883ba71a32531@10.0.1.7:30303?discport=0
[INFO main 865525] Removed peer: 7
[INFO main 905534] Added peer: 7, enode: enode://a310081ea6cc027765f2323bff1a310961415763ec4029ef1fe546bea3f3416813d0ac52b209cf0b863c48cc1bd515ce2af963e4f723afccb7c883ba71a32531@10.0.1.7:30303?discport=0
[INFO main 909571] Removed peer: 7
[INFO main 942576] Added peer: 1, enode: enode://30a069f1d0c83acd907fcaaef1a0b08ab529a89de97abbcda2bfbeb473c3f98f9d3886806f2fba18fa9e23ac2dc10cdc8955af8f17c1813ff790c02340869648@10.0.1.3:30303?discport=0
[INFO main 943534] Added peer: 4, enode: enode://f64474eae5a5ff3a33661794c321c295b8dd3f9cbc2c02ae378425b695f1f06838bb6915f57a7f6a78dd146bbb515718e5edb2642e76dff5adab54f39d26e324@10.0.1.11:30303?discport=0
[INFO main 948544] Removed peer: 1
[INFO main 948594] Removed peer: 4
[DEBUG events 951553] 0x05d6edC4ff8ef40321aBCf7886Bc606ed13327b0
[DEBUG events 951553] Registered on-chain
[DEBUG events 951618] Updated mean
