[14 INFO main 31] Initialising Python Geth Console...
[14 INFO main 34] Initialising RandB board...
[14 INFO main 34] Initialising navigation...
[14 INFO main 35] Initialising random-walk...
[14 INFO main 35] Initialising odometry...
[14 INFO main 35] Initialising ground-sensors...
[14 INFO main 101] --//-- Starting Experiment --//--
[14 INFO main 1197] Idle.IDLE -> Scout.Query | Duration: 24.80
[14 INFO main 36248] Scout.Query -> Scout.GotoCenter | Drive to others reported pos
[14 INFO main 41048] Scout.GotoCenter -> Scout.Query | return to random walk
[14 INFO main 41360] Scout.Query -> Scout.GotoCenter | Drive to others reported pos
[14 INFO main 45258] Scout.GotoCenter -> Scout.Query | return to random walk
[14 INFO main 45766] Scout.Query -> Scout.GotoCenter | Drive to others reported pos
[14 INFO main 46560] Scout.GotoCenter -> Scout.Query | return to random walk
[14 INFO main 46865] Scout.Query -> Scout.GotoCenter | Drive to others reported pos
[14 INFO main 47057] Scout.GotoCenter -> Scout.Query | return to random walk
[14 INFO main 47971] Scout.Query -> Scout.GotoCenter | Drive to others reported pos
[14 INFO main 48363] Scout.GotoCenter -> Scout.Query | return to random walk
[14 INFO main 48973] Scout.Query -> Scout.GotoCenter | Drive to others reported pos
[14 INFO main 50863] Scout.GotoCenter -> Scout.Query | return to random walk
[14 INFO main 51174] Scout.Query -> Scout.GotoCenter | Drive to others reported pos
[14 INFO main 53774] Scout.GotoCenter -> Scout.Query | return to random walk
[14 INFO main 54372] Scout.Query -> Scout.GotoCenter | Drive to others reported pos
[14 INFO main 54469] Scout.GotoCenter -> Scout.Query | return to random walk
[14 INFO main 55380] Scout.Query -> Scout.GotoCenter | Drive to others reported pos
[14 INFO main 55471] Scout.GotoCenter -> Scout.Query | return to random walk
[14 INFO main 56383] Scout.Query -> Scout.GotoCenter | Drive to others reported pos
[14 INFO main 56472] Scout.GotoCenter -> Scout.Query | return to random walk
[14 INFO main 57478] Scout.Query -> Scout.GotoCenter | Drive to others reported pos
[14 INFO main 59175] Scout.GotoCenter -> Scout.Query | return to random walk
[14 INFO main 59480] Scout.Query -> Scout.GotoCenter | Drive to others reported pos
[14 INFO main 62280] Scout.GotoCenter -> Scout.Query | return to random walk
[14 INFO main 62686] Scout.Query -> Scout.GotoCenter | Drive to others reported pos
[14 INFO main 62980] Scout.GotoCenter -> Scout.Query | return to random walk
[14 INFO main 63787] Scout.Query -> Scout.GotoCenter | Drive to others reported pos
[14 INFO main 63982] Scout.GotoCenter -> Scout.Query | return to random walk
[14 INFO main 64788] Scout.Query -> Scout.GotoCenter | Drive to others reported pos
[14 INFO main 77189] Scout.GotoCenter -> Scout.Query | return to random walk
[14 INFO main 77607] Scout.Query -> Scout.GotoCenter | Drive to others reported pos
[14 INFO main 77806] Scout.GotoCenter -> Scout.Query | return to random walk
[14 INFO main 78710] Scout.Query -> Scout.GotoCenter | Drive to others reported pos
[14 INFO main 79603] Scout.GotoCenter -> Scout.Query | return to random walk
[14 INFO main 79809] Scout.Query -> Scout.GotoCenter | Drive to others reported pos
[14 INFO main 84712] Scout.GotoCenter -> Scout.Query | return to random walk
