[9 INFO main 26] Initialising Python Geth Console...
[9 INFO main 31] Initialising RandB board...
[9 INFO main 31] Initialising navigation...
[9 INFO main 31] Initialising random-walk...
[9 INFO main 31] Initialising odometry...
[9 INFO main 31] Initialising ground-sensors...
[9 INFO main 673] --//-- Starting Experiment --//--
[9 INFO main 1778] Idle.IDLE -> Scout.Query | Duration: 19.45
[9 INFO main 11036] Scout.Query -> Scout.GotoCenter | Drive to others reported pos
[9 INFO main 72471] Scout.GotoCenter -> Scout.Query | return to random walk
[9 INFO main 108200] Scout.Query -> Scout.GotoCenter | Drive to others reported pos
[9 INFO main 161551] Scout.GotoCenter -> Scout.Query | return to random walk
[9 INFO main 318975] Scout.Query -> Scout.GotoCenter | Drive to others reported pos
[9 INFO main 343245] Scout.GotoCenter -> Scout.Query | return to random walk
[9 INFO main 460148] Scout.Query -> Scout.GotoCenter | Drive to others reported pos
[9 INFO main 499439] Scout.GotoCenter -> Scout.Query | return to random walk
[9 INFO main 540310] Scout.Query -> Scout.GotoCenter | Drive to others reported pos
[9 INFO main 558033] Scout.GotoCenter -> Scout.Query | return to random walk
[9 INFO main 593600] Scout.Query -> Scout.GotoCenter | Drive to others reported pos
[9 INFO main 609345] Scout.GotoCenter -> Scout.Query | return to random walk
[9 INFO main 665004] Scout.Query -> Scout.GotoCenter | Drive to others reported pos
[9 INFO main 699168] Scout.GotoCenter -> Scout.Query | return to random walk
[9 INFO main 745056] Scout.Query -> Scout.GotoCenter | Drive to others reported pos
