[6 INFO main 27] Initialising Python Geth Console...
[6 INFO main 32] Initialising RandB board...
[6 INFO main 32] Initialising navigation...
[6 INFO main 32] Initialising random-walk...
[6 INFO main 32] Initialising odometry...
[6 INFO main 32] Initialising ground-sensors...
[6 INFO main 1027] --//-- Starting Experiment --//--
[6 INFO main 2125] Idle.IDLE -> Scout.Query | Duration: 23.37
[6 INFO main 56658] Scout.Query -> Scout.GotoCenter | Drive to others reported pos
[6 INFO main 72992] Scout.GotoCenter -> Scout.Query | return to random walk
[6 INFO main 98224] Scout.Query -> Scout.GotoCenter | Drive to others reported pos
[6 INFO main 139050] Scout.GotoCenter -> Scout.Query | return to random walk
[6 INFO main 220317] Scout.Query -> Scout.GotoCenter | Drive to others reported pos
[6 INFO main 227418] Scout.GotoCenter -> Scout.Query | return to random walk
[6 INFO main 283182] Scout.Query -> Scout.GotoCenter | Drive to others reported pos
[6 INFO main 311674] Scout.GotoCenter -> Scout.Query | return to random walk
[6 INFO main 342105] Scout.Query -> Scout.GotoCenter | Drive to others reported pos
[6 INFO main 386705] Scout.GotoCenter -> Scout.Query | return to random walk
[6 INFO main 432959] Scout.Query -> Scout.GotoCenter | Drive to others reported pos
[6 INFO main 463502] Scout.GotoCenter -> Scout.Query | return to random walk
[6 INFO main 493958] Scout.Query -> Scout.GotoCenter | Drive to others reported pos
[6 INFO main 514171] Scout.GotoCenter -> Scout.Query | return to random walk
[6 INFO main 651661] Scout.Query -> Scout.GotoCenter | Drive to others reported pos
[6 INFO main 687654] Scout.GotoCenter -> Scout.Query | return to random walk
[6 INFO main 733616] Scout.Query -> Scout.GotoCenter | Drive to others reported pos
[6 INFO main 768615] Scout.GotoCenter -> Scout.Query | return to random walk
[6 INFO main 824571] Scout.Query -> Scout.GotoCenter | Drive to others reported pos
[6 INFO main 847068] Scout.GotoCenter -> Scout.Query | return to random walk
