[8 INFO main 27] Initialising Python Geth Console...
[8 INFO main 32] Initialising RandB board...
[8 INFO main 32] Initialising navigation...
[8 INFO main 32] Initialising random-walk...
[8 INFO main 32] Initialising odometry...
[8 INFO main 32] Initialising ground-sensors...
[8 INFO main 536] --//-- Starting Experiment --//--
[8 INFO main 2021] Idle.IDLE -> Scout.Query | Duration: 27.92
[8 INFO main 55124] Scout.Query -> Verify.DriveTo | Go to unverified source
[8 INFO main 105729] Verify.DriveTo -> Verify.Homing | Homing
[8 INFO main 132862] Verify.Homing -> Scout.Query | Arrived home
[8 INFO main 142792] Confirming: 1/9
[8 INFO main 146885] Confirming: 3/9
[8 INFO main 148936] Confirming: 4/9
[8 INFO main 150959] Confirming: 5/9
[8 INFO main 153008] Confirming: 6/9
[8 INFO main 155118] Confirming: 7/9
[8 INFO main 157156] Confirming: 8/9
[8 INFO main 159277] Confirming: 9/9
[8 INFO main 160003] Scout.Query -> Verify.DriveTo | Go to unverified source
[8 INFO main 196480] Verify.DriveTo -> Verify.Homing | Homing
[8 INFO main 202718] Confirming: 1/9
[8 INFO main 204793] Confirming: 2/9
[8 INFO main 206796] Confirming: 3/9
[8 INFO main 208796] Confirming: 4/9
[8 INFO main 210988] Confirming: 5/9
[8 INFO main 213021] Confirming: 6/9
[8 INFO main 215035] Confirming: 7/9
[8 INFO main 217050] Confirming: 8/9
[8 INFO main 219113] Confirming: 9/9
[8 INFO main 220412] Verify.Homing -> Scout.Query | Arrived home
[8 INFO main 220476] Scout.Query -> Verify.DriveTo | Go to unverified source
[8 INFO main 256844] Verify.DriveTo -> Verify.Homing | Homing
[8 INFO main 262976] Confirming: 1/9
[8 INFO main 265045] Confirming: 2/9
[8 INFO main 267054] Confirming: 3/9
[8 INFO main 269070] Confirming: 4/9
[8 INFO main 271117] Confirming: 5/9
[8 INFO main 272317] Verify.Homing -> Scout.Query | Arrived home
[8 INFO main 273375] Confirming: 6/9
[8 INFO main 275478] Confirming: 7/9
[8 INFO main 277552] Confirming: 8/9
[8 INFO main 279587] Confirming: 9/9
[8 INFO main 280157] Scout.Query -> Verify.DriveTo | Go to unverified source
[8 INFO main 359592] Verify.DriveTo -> Verify.Homing | Homing
[8 INFO main 375256] Verify.Homing -> Scout.Query | Arrived home
[8 INFO main 380414] Confirming: 2/9
[8 INFO main 382627] Confirming: 3/9
[8 INFO main 386832] Confirming: 5/9
[8 INFO main 388913] Confirming: 6/9
[8 INFO main 390915] Confirming: 7/9
[8 INFO main 392938] Confirming: 8/9
[8 INFO main 395024] Confirming: 9/9
[8 INFO main 395640] Scout.Query -> Verify.DriveTo | Go to unverified source
[8 INFO main 494012] Verify.DriveTo -> Verify.Homing | Homing
[8 INFO main 506754] Confirming: 1/9
[8 INFO main 508840] Confirming: 2/9
[8 INFO main 510896] Confirming: 3/9
[8 INFO main 513023] Confirming: 4/9
[8 INFO main 513574] Verify.Homing -> Scout.Query | Arrived home
[8 INFO main 515079] Confirming: 5/9
[8 INFO main 517141] Confirming: 6/9
[8 INFO main 519181] Confirming: 7/9
[8 INFO main 521305] Confirming: 8/9
[8 INFO main 523340] Confirming: 9/9
[8 INFO main 523872] Scout.Query -> Verify.DriveTo | Go to unverified source
[8 INFO main 592091] Verify.DriveTo -> Verify.Homing | Homing
[8 INFO main 596585] Confirming: 1/9
[8 INFO main 598656] Confirming: 2/9
[8 INFO main 600736] Confirming: 3/9
[8 INFO main 602781] Confirming: 4/9
[8 INFO main 605097] Confirming: 5/9
[8 INFO main 607230] Confirming: 6/9
[8 INFO main 609275] Confirming: 7/9
[8 INFO main 611330] Confirming: 8/9
[8 INFO main 613337] Confirming: 9/9
[8 INFO main 616758] Verify.Homing -> Scout.Query | Arrived home
[8 INFO main 616883] Scout.Query -> Verify.DriveTo | Go to unverified source
[8 INFO main 669371] Verify.DriveTo -> Verify.Homing | Homing
[8 INFO main 688252] Confirming: 1/9
[8 INFO main 690272] Confirming: 2/9
[8 INFO main 692297] Confirming: 4/9
[8 INFO main 696413] Confirming: 6/9
[8 INFO main 698429] Confirming: 7/9
[8 INFO main 700450] Confirming: 8/9
[8 INFO main 702476] Confirming: 9/9
[8 INFO main 708723] Verify.Homing -> Scout.Query | Arrived home
[8 INFO main 708855] Scout.Query -> Verify.DriveTo | Go to unverified source
[8 INFO main 745936] Verify.DriveTo -> Verify.Homing | Homing
[8 INFO main 762010] Verify.Homing -> Scout.Query | Arrived home
[8 INFO main 778888] Confirming: 1/9
[8 INFO main 780893] Confirming: 3/9
[8 INFO main 783060] Confirming: 4/9
[8 INFO main 785037] Confirming: 5/9
[8 INFO main 787174] Confirming: 6/9
[8 INFO main 789243] Confirming: 7/9
[8 INFO main 791285] Confirming: 8/9
[8 INFO main 793283] Confirming: 9/9
[8 INFO main 793645] Scout.Query -> Verify.DriveTo | Go to unverified source
[8 INFO main 865793] Verify.DriveTo -> Verify.Homing | Homing
[8 INFO main 889067] Verify.Homing -> Scout.Query | Arrived home
[8 INFO main 898687] Confirming: 1/9
[8 INFO main 900700] Confirming: 2/9
[8 INFO main 902821] Confirming: 3/9
[8 INFO main 904946] Confirming: 4/9
[8 INFO main 906946] Confirming: 5/9
[8 INFO main 927458] Confirming: 15/9
[8 INFO main 928311] Scout.Query -> Verify.DriveTo | Go to unverified source
[8 INFO main 1004756] Verify.DriveTo -> Verify.Homing | Homing
[8 INFO main 1017124] Confirming: 1/9
[8 INFO main 1019180] Confirming: 2/9
[8 INFO main 1021280] Confirming: 3/9
[8 INFO main 1023560] Confirming: 4/9
[8 INFO main 1025090] Verify.Homing -> Scout.Query | Arrived home
[8 INFO main 1025587] Confirming: 5/9
[8 INFO main 1027668] Confirming: 6/9
[8 INFO main 1029667] Confirming: 7/9
[8 INFO main 1031708] Confirming: 8/9
[8 INFO main 1033736] Confirming: 9/9
[8 INFO main 1033893] Scout.Query -> Verify.DriveTo | Go to unverified source
[8 INFO main 1053895] Verify.DriveTo -> Verify.Homing | Homing
[8 INFO main 1064144] Confirming: 1/9
[8 INFO main 1066283] Confirming: 2/9
[8 INFO main 1068357] Confirming: 4/9
[8 INFO main 1072399] Confirming: 6/9
[8 INFO main 1072424] Verify.Homing -> Scout.Query | Arrived home
[8 INFO main 1076489] Confirming: 8/9
[8 INFO main 1078620] Confirming: 9/9
[8 INFO main 1079101] Scout.Query -> Verify.DriveTo | Go to unverified source
[8 INFO main 1110532] Verify.DriveTo -> Verify.Homing | Homing
[8 INFO main 1133645] Verify.Homing -> Scout.Query | Arrived home
[8 INFO main 1137851] Confirming: 1/9
[8 INFO main 1140080] Confirming: 2/9
[8 INFO main 1142176] Confirming: 3/9
[8 INFO main 1144232] Confirming: 4/9
[8 INFO main 1146331] Confirming: 6/9
[8 INFO main 1150415] Confirming: 8/9
[8 INFO main 1154526] Confirming: 10/9
[8 INFO main 1154887] Scout.Query -> Verify.DriveTo | Go to unverified source
[8 INFO main 1180205] Verify.DriveTo -> Verify.Homing | Homing
[8 INFO main 1192481] Verify.Homing -> Scout.Query | Arrived home
[8 INFO main 1196814] Confirming: 1/9
[8 INFO main 1198887] Confirming: 2/9
[8 INFO main 1200994] Confirming: 3/9
[8 INFO main 1203048] Confirming: 4/9
[8 INFO main 1205093] Confirming: 5/9
[8 INFO main 1207181] Confirming: 6/9
[8 INFO main 1209248] Confirming: 7/9
[8 INFO main 1211294] Confirming: 8/9
[8 INFO main 1213395] Confirming: 9/9
[8 INFO main 1214106] Scout.Query -> Verify.DriveTo | Go to unverified source
[8 INFO main 1271795] Verify.DriveTo -> Verify.Homing | Homing
[8 INFO main 1286341] Confirming: 1/9
[8 INFO main 1288396] Confirming: 2/9
[8 INFO main 1289009] Verify.Homing -> Scout.Query | Arrived home
[8 INFO main 1290600] Confirming: 3/9
[8 INFO main 1292661] Confirming: 4/9
[8 INFO main 1294670] Confirming: 5/9
[8 INFO main 1296955] Confirming: 6/9
[8 INFO main 1298968] Confirming: 7/9
[8 INFO main 1301069] Confirming: 8/9
[8 INFO main 1303168] Confirming: 9/9
[8 INFO main 1303309] Scout.Query -> Verify.DriveTo | Go to unverified source
[8 INFO main 1336412] Verify.DriveTo -> Verify.Homing | Homing
[8 INFO main 1347047] Confirming: 1/9
[8 INFO main 1349146] Confirming: 2/9
[8 INFO main 1351188] Confirming: 3/9
[8 INFO main 1353652] Confirming: 4/9
[8 INFO main 1355662] Confirming: 5/9
[8 INFO main 1357706] Confirming: 6/9
[8 INFO main 1359776] Confirming: 7/9
[8 INFO main 1361787] Confirming: 8/9
[8 INFO main 1363997] Confirming: 9/9
[8 INFO main 1373542] Verify.Homing -> Scout.Query | Arrived home
[8 INFO main 1373680] Scout.Query -> Verify.DriveTo | Go to unverified source
[8 INFO main 1408235] Verify.DriveTo -> Verify.Homing | Homing
[8 INFO main 1422541] Verify.Homing -> Scout.Query | Arrived home
[8 INFO main 1437732] Confirming: 1/9
[8 INFO main 1439737] Confirming: 2/9
[8 INFO main 1441797] Confirming: 3/9
[8 INFO main 1443901] Confirming: 4/9
[8 INFO main 1445909] Confirming: 5/9
[8 INFO main 1448147] Confirming: 6/9
[8 INFO main 1450204] Confirming: 7/9
[8 INFO main 1452262] Confirming: 8/9
[8 INFO main 1454360] Confirming: 10/9
[8 INFO main 1455123] Scout.Query -> Verify.DriveTo | Go to unverified source
[8 INFO main 1479428] Verify.DriveTo -> Verify.Homing | Homing
[8 INFO main 1489684] Confirming: 2/9
[8 INFO main 1499963] Confirming: 7/9
[8 INFO main 1500547] Verify.Homing -> Scout.Query | Arrived home
[8 INFO main 1502018] Confirming: 8/9
[8 INFO main 1504030] Confirming: 9/9
[8 INFO main 1504933] Scout.Query -> Verify.DriveTo | Go to unverified source
[8 INFO main 1564236] Verify.DriveTo -> Verify.Homing | Homing
[8 INFO main 1580865] Confirming: 1/9
[8 INFO main 1584996] Confirming: 2/9
[8 INFO main 1585381] Verify.Homing -> Scout.Query | Arrived home
[8 INFO main 1587039] Confirming: 4/9
[8 INFO main 1589087] Confirming: 5/9
[8 INFO main 1591369] Confirming: 6/9
[8 INFO main 1593438] Confirming: 7/9
[8 INFO main 1595396] Confirming: 8/9
[8 INFO main 1597432] Confirming: 9/9
[8 INFO main 1597535] Scout.Query -> Verify.DriveTo | Go to unverified source
[8 INFO main 1667251] Verify.DriveTo -> Verify.Homing | Homing
[8 INFO main 1677904] Confirming: 1/9
[8 INFO main 1679998] Confirming: 2/9
[8 INFO main 1682027] Confirming: 3/9
[8 INFO main 1684124] Confirming: 4/9
[8 INFO main 1686204] Confirming: 5/9
[8 INFO main 1686398] Verify.Homing -> Scout.Query | Arrived home
[8 INFO main 1688235] Confirming: 6/9
[8 INFO main 1690440] Confirming: 8/9
[8 INFO main 1692464] Confirming: 9/9
[8 INFO main 1692642] Scout.Query -> Verify.DriveTo | Go to unverified source
[8 INFO main 1727805] Verify.DriveTo -> Verify.Homing | Homing
[8 INFO main 1738261] Confirming: 1/9
[8 INFO main 1740264] Confirming: 2/9
[8 INFO main 1742419] Confirming: 4/9
[8 INFO main 1742899] Verify.Homing -> Scout.Query | Arrived home
[8 INFO main 1746475] Confirming: 5/9
[8 INFO main 1748569] Confirming: 7/9
[8 INFO main 1750597] Confirming: 8/9
[8 INFO main 1752687] Confirming: 9/9
[8 INFO main 1752728] Scout.Query -> Verify.DriveTo | Go to unverified source
[8 INFO main 1772886] Verify.DriveTo -> Verify.Homing | Homing
[8 INFO main 1777376] Verify.Homing -> Scout.Query | Arrived home
[8 INFO main 1797907] Confirming: 1/9
[8 INFO main 1799946] Confirming: 2/9
[8 INFO main 1802015] Confirming: 3/9
[8 INFO main 1803960] Confirming: 4/9
[8 INFO main 1806081] Confirming: 5/9
[8 INFO main 1808097] Confirming: 6/9
[8 INFO main 1810191] Confirming: 7/9
[8 INFO main 1812224] Confirming: 8/9
[8 INFO main 1814321] Confirming: 9/9
[8 INFO main 1815164] Scout.Query -> Verify.DriveTo | Go to unverified source
[8 INFO main 1838053] Verify.DriveTo -> Verify.Homing | Homing
[8 INFO main 1856575] Confirming: 1/9
[8 INFO main 1858606] Confirming: 2/9
[8 INFO main 1861047] Verify.Homing -> Scout.Query | Arrived home
[8 INFO main 1862730] Confirming: 4/9
[8 INFO main 1864798] Confirming: 5/9
[8 INFO main 1866879] Confirming: 6/9
[8 INFO main 1868945] Confirming: 7/9
[8 INFO main 1871047] Confirming: 8/9
[8 INFO main 1873162] Confirming: 9/9
[8 INFO main 1873206] Scout.Query -> Verify.DriveTo | Go to unverified source
[8 INFO main 1937600] Verify.DriveTo -> Verify.Homing | Homing
[8 INFO main 1961166] Verify.Homing -> Scout.Query | Arrived home
[8 INFO main 1977797] Confirming: 1/9
[8 INFO main 1979875] Confirming: 2/9
[8 INFO main 1981942] Confirming: 3/9
[8 INFO main 1984037] Confirming: 4/9
[8 INFO main 1986174] Confirming: 5/9
[8 INFO main 1988278] Confirming: 6/9
[8 INFO main 1990364] Confirming: 7/9
[8 INFO main 1992461] Confirming: 9/9
[8 INFO main 1993241] Scout.Query -> Verify.DriveTo | Go to unverified source
[8 INFO main 2056235] Verify.DriveTo -> Verify.Homing | Homing
[8 INFO main 2066714] Confirming: 1/9
[8 INFO main 2068728] Confirming: 2/9
[8 INFO main 2070774] Confirming: 3/9
[8 INFO main 2072866] Confirming: 4/9
[8 INFO main 2074887] Confirming: 5/9
[8 INFO main 2076924] Confirming: 6/9
[8 INFO main 2078960] Confirming: 7/9
[8 INFO main 2081010] Confirming: 8/9
[8 INFO main 2083105] Confirming: 9/9
[8 INFO main 2094772] Verify.Homing -> Scout.Query | Arrived home
[8 INFO main 2095017] Scout.Query -> Verify.DriveTo | Go to unverified source
[8 INFO main 2119293] Verify.DriveTo -> Verify.Homing | Homing
[8 INFO main 2127718] Confirming: 1/9
[8 INFO main 2129761] Confirming: 2/9
[8 INFO main 2131856] Confirming: 3/9
[8 INFO main 2133878] Confirming: 4/9
[8 INFO main 2135928] Confirming: 5/9
[8 INFO main 2137972] Confirming: 6/9
[8 INFO main 2140042] Confirming: 7/9
[8 INFO main 2142153] Confirming: 8/9
[8 INFO main 2144234] Confirming: 9/9
[8 INFO main 2150286] Verify.Homing -> Scout.Query | Arrived home
[8 INFO main 2150444] Scout.Query -> Verify.DriveTo | Go to unverified source
[8 INFO main 2176017] Verify.DriveTo -> Verify.Homing | Homing
[8 INFO main 2185095] Verify.Homing -> Scout.Query | Arrived home
[8 INFO main 2188470] Confirming: 1/9
[8 INFO main 2190500] Confirming: 3/9
[8 INFO main 2194669] Confirming: 5/9
[8 INFO main 2198781] Confirming: 6/9
[8 INFO main 2200845] Confirming: 8/9
[8 INFO main 2202907] Confirming: 9/9
[8 INFO main 2203884] Scout.Query -> Verify.DriveTo | Go to unverified source
[8 INFO main 2225289] Verify.DriveTo -> Verify.Homing | Homing
[8 INFO main 2239084] Verify.Homing -> Scout.Query | Arrived home
[8 INFO main 2248398] Confirming: 1/9
[8 INFO main 2250565] Confirming: 3/9
[8 INFO main 2254738] Confirming: 4/9
[8 INFO main 2256746] Confirming: 6/9
[8 INFO main 2258816] Confirming: 7/9
[8 INFO main 2260720] Confirming: 8/9
[8 INFO main 2262915] Confirming: 9/9
[8 INFO main 2263768] Scout.Query -> Verify.DriveTo | Go to unverified source
[8 INFO main 2321737] Verify.DriveTo -> Verify.Homing | Homing
[8 INFO main 2336374] Confirming: 1/9
[8 INFO main 2338488] Confirming: 2/9
[8 INFO main 2340533] Confirming: 3/9
[8 INFO main 2344587] Confirming: 5/9
[8 INFO main 2346765] Confirming: 6/9
[8 INFO main 2349120] Confirming: 7/9
[8 INFO main 2351128] Confirming: 8/9
[8 INFO main 2353370] Confirming: 9/9
[8 INFO main 2366924] Verify.Homing -> Scout.Query | Arrived home
[8 INFO main 2367059] Scout.Query -> Verify.DriveTo | Go to unverified source
[8 INFO main 2437553] Verify.DriveTo -> Verify.Homing | Homing
[8 INFO main 2458355] Confirming: 2/9
[8 INFO main 2460419] Confirming: 3/9
[8 INFO main 2462436] Confirming: 4/9
[8 INFO main 2464521] Confirming: 5/9
[8 INFO main 2466560] Confirming: 6/9
[8 INFO main 2468565] Confirming: 7/9
[8 INFO main 2470637] Confirming: 8/9
[8 INFO main 2472750] Confirming: 9/9
[8 INFO main 2490455] Verify.Homing -> Scout.Query | Arrived home
[8 INFO main 2490633] Scout.Query -> Verify.DriveTo | Go to unverified source
[8 INFO main 2558257] Verify.DriveTo -> Verify.Homing | Homing
[8 INFO main 2575348] Verify.Homing -> Scout.Query | Arrived home
[8 INFO main 2577436] Confirming: 1/9
[8 INFO main 2579499] Confirming: 2/9
[8 INFO main 2581568] Confirming: 3/9
[8 INFO main 2583608] Confirming: 4/9
[8 INFO main 2585678] Confirming: 5/9
[8 INFO main 2587710] Confirming: 6/9
[8 INFO main 2589756] Confirming: 7/9
[8 INFO main 2591897] Confirming: 8/9
[8 INFO main 2593922] Confirming: 9/9
[8 INFO main 2593962] Scout.Query -> Verify.DriveTo | Go to unverified source
[8 INFO main 2602757] Verify.DriveTo -> Verify.Homing | Homing
[8 INFO main 2617498] Verify.Homing -> Scout.Query | Arrived home
[8 INFO main 2637833] Confirming: 1/9
[8 INFO main 2639921] Confirming: 2/9
[8 INFO main 2642022] Confirming: 3/9
[8 INFO main 2644067] Confirming: 4/9
[8 INFO main 2646160] Confirming: 5/9
[8 INFO main 2648346] Confirming: 7/9
[8 INFO main 2652378] Confirming: 9/9
[8 INFO main 2652602] Scout.Query -> Verify.DriveTo | Go to unverified source
[8 INFO main 2685093] Verify.DriveTo -> Verify.Homing | Homing
[8 INFO main 2700952] Verify.Homing -> Scout.Query | Arrived home
[8 INFO main 2726846] Confirming: 1/9
[8 INFO main 2728897] Confirming: 2/9
[8 INFO main 2730907] Confirming: 3/9
[8 INFO main 2732972] Confirming: 4/9
[8 INFO main 2734982] Confirming: 5/9
[8 INFO main 2737081] Confirming: 6/9
[8 INFO main 2739178] Confirming: 7/9
[8 INFO main 2741196] Confirming: 8/9
[8 INFO main 2743360] Confirming: 9/9
[8 INFO main 2743413] Scout.Query -> Verify.DriveTo | Go to unverified source
[8 INFO main 2797977] Verify.DriveTo -> Verify.Homing | Homing
[8 INFO main 2804285] Confirming: 1/9
[8 INFO main 2806289] Confirming: 2/9
[8 INFO main 2810387] Confirming: 3/9
[8 INFO main 2812525] Confirming: 5/9
[8 INFO main 2815752] Verify.Homing -> Scout.Query | Arrived home
[8 INFO main 2816561] Confirming: 7/9
[8 INFO main 2820721] Confirming: 8/9
[8 INFO main 2822907] Confirming: 10/9
[8 INFO main 2822953] Scout.Query -> Verify.DriveTo | Go to unverified source
[8 INFO main 2900590] Verify.DriveTo -> Verify.Homing | Homing
[8 INFO main 2906814] Confirming: 1/9
[8 INFO main 2908830] Confirming: 2/9
[8 INFO main 2910870] Confirming: 3/9
[8 INFO main 2910870] Verify.Homing -> Scout.Query | Arrived home
[8 INFO main 2912897] Confirming: 4/9
[8 INFO main 2914987] Confirming: 5/9
[8 INFO main 2917005] Confirming: 6/9
[8 INFO main 2919077] Confirming: 7/9
[8 INFO main 2921168] Confirming: 8/9
[8 INFO main 2923261] Confirming: 9/9
[8 INFO main 2923812] Scout.Query -> Verify.DriveTo | Go to unverified source
[8 INFO main 2944988] Verify.DriveTo -> Verify.Homing | Homing
[8 INFO main 2958682] Verify.Homing -> Scout.Query | Arrived home
[8 INFO main 2967680] Confirming: 1/9
[8 INFO main 2969722] Confirming: 2/9
[8 INFO main 2971752] Confirming: 3/9
[8 INFO main 2973771] Confirming: 4/9
[8 INFO main 2975798] Confirming: 5/9
[8 INFO main 2977866] Confirming: 6/9
[8 INFO main 2979864] Confirming: 7/9
[8 INFO main 2982092] Confirming: 8/9
[8 INFO main 2984142] Confirming: 9/9
[8 INFO main 2984558] Scout.Query -> Verify.DriveTo | Go to unverified source
[8 INFO main 3080820] Verify.DriveTo -> Verify.Homing | Homing
[8 INFO main 3087017] Confirming: 1/9
[8 INFO main 3089116] Confirming: 2/9
[8 INFO main 3091130] Confirming: 3/9
[8 INFO main 3093215] Confirming: 4/9
[8 INFO main 3095246] Confirming: 5/9
[8 INFO main 3097349] Confirming: 6/9
[8 INFO main 3099356] Confirming: 7/9
[8 INFO main 3101468] Confirming: 8/9
[8 INFO main 3103474] Confirming: 9/9
[8 INFO main 3114818] Verify.Homing -> Scout.Query | Arrived home
[8 INFO main 3114976] Scout.Query -> Verify.DriveTo | Go to unverified source
[8 INFO main 3161009] Verify.DriveTo -> Verify.Homing | Homing
[8 INFO main 3171911] Confirming: 1/9
[8 INFO main 3173969] Confirming: 2/9
[8 INFO main 3176006] Confirming: 3/9
[8 INFO main 3178057] Confirming: 4/9
[8 INFO main 3180065] Confirming: 5/9
[8 INFO main 3182150] Confirming: 6/9
[8 INFO main 3183732] Verify.Homing -> Scout.Query | Arrived home
[8 INFO main 3184181] Confirming: 7/9
[8 INFO main 3186268] Confirming: 8/9
[8 INFO main 3188283] Confirming: 9/9
[8 INFO main 3189273] Scout.Query -> Verify.DriveTo | Go to unverified source
[8 INFO main 3246974] Verify.DriveTo -> Verify.Homing | Homing
[8 INFO main 3267694] Confirming: 1/9
[8 INFO main 3268099] Verify.Homing -> Scout.Query | Arrived home
[8 INFO main 3269754] Confirming: 2/9
[8 INFO main 3271926] Confirming: 3/9
[8 INFO main 3274049] Confirming: 4/9
[8 INFO main 3276144] Confirming: 5/9
[8 INFO main 3278164] Confirming: 6/9
[8 INFO main 3280200] Confirming: 7/9
[8 INFO main 3282334] Confirming: 9/9
[8 INFO main 3282648] Scout.Query -> Verify.DriveTo | Go to unverified source
[8 INFO main 3341523] Verify.DriveTo -> Verify.Homing | Homing
[8 INFO main 3358351] Confirming: 1/9
[8 INFO main 3360448] Confirming: 3/9
[8 INFO main 3364676] Confirming: 4/9
[8 INFO main 3366768] Confirming: 5/9
[8 INFO main 3368829] Confirming: 7/9
[8 INFO main 3370864] Confirming: 8/9
[8 INFO main 3372943] Confirming: 9/9
[8 INFO main 3375305] Verify.Homing -> Scout.Query | Arrived home
[8 INFO main 3375538] Scout.Query -> Verify.DriveTo | Go to unverified source
[8 INFO main 3407259] Verify.DriveTo -> Verify.Homing | Homing
[8 INFO main 3417606] Confirming: 1/9
[8 INFO main 3419685] Confirming: 2/9
[8 INFO main 3421748] Confirming: 3/9
[8 INFO main 3422192] Verify.Homing -> Scout.Query | Arrived home
[8 INFO main 3423844] Confirming: 4/9
[8 INFO main 3425839] Confirming: 5/9
[8 INFO main 3427933] Confirming: 6/9
[8 INFO main 3430009] Confirming: 7/9
[8 INFO main 3432102] Confirming: 8/9
[8 INFO main 3434183] Confirming: 9/9
[8 INFO main 3434428] Scout.Query -> Verify.DriveTo | Go to unverified source
[8 INFO main 3455284] Verify.DriveTo -> Verify.Homing | Homing
[8 INFO main 3478244] Confirming: 1/9
[8 INFO main 3480332] Confirming: 3/9
[8 INFO main 3482400] Confirming: 4/9
[8 INFO main 3484527] Confirming: 5/9
[8 INFO main 3487612] Verify.Homing -> Scout.Query | Arrived home
[8 INFO main 3488573] Confirming: 7/9
[8 INFO main 3492731] Confirming: 9/9
[8 INFO main 3493228] Scout.Query -> Verify.DriveTo | Go to unverified source
[8 INFO main 3537516] Verify.DriveTo -> Verify.Homing | Homing
[8 INFO main 3559804] Verify.Homing -> Scout.Query | Arrived home
[8 INFO main 3562729] Confirming: 1/9
[8 INFO main 3564860] Confirming: 2/9
[8 INFO main 3569011] Confirming: 4/9
[8 INFO main 3571042] Confirming: 5/9
[8 INFO main 3573113] Confirming: 6/9
[8 INFO main 3575153] Confirming: 7/9
[8 INFO main 3577174] Confirming: 8/9
[8 INFO main 3579344] Confirming: 9/9
[8 INFO main 3579766] Scout.Query -> Verify.DriveTo | Go to unverified source
[8 INFO main 3672098] Verify.DriveTo -> Verify.Homing | Homing
[8 INFO main 3688809] Confirming: 1/9
[8 INFO main 3690858] Confirming: 2/9
[8 INFO main 3692938] Confirming: 3/9
[8 INFO main 3694993] Confirming: 4/9
[8 INFO main 3697023] Confirming: 5/9
[8 INFO main 3699079] Confirming: 6/9
[8 INFO main 3701170] Confirming: 7/9
[8 INFO main 3703244] Confirming: 8/9
[8 INFO main 3705298] Confirming: 9/9
[8 INFO main 3710705] Verify.Homing -> Scout.Query | Arrived home
[8 INFO main 3710843] Scout.Query -> Verify.DriveTo | Go to unverified source
[8 INFO main 3770229] Verify.DriveTo -> Verify.Homing | Homing
[8 INFO main 3778474] Confirming: 1/9
[8 INFO main 3780490] Confirming: 2/9
[8 INFO main 3782524] Confirming: 3/9
[8 INFO main 3784629] Confirming: 4/9
[8 INFO main 3786671] Confirming: 5/9
[8 INFO main 3788699] Confirming: 6/9
[8 INFO main 3790778] Confirming: 7/9
[8 INFO main 3792834] Confirming: 8/9
[8 INFO main 3792835] Verify.Homing -> Scout.Query | Arrived home
[8 INFO main 3794901] Confirming: 9/9
[8 INFO main 3795610] Scout.Query -> Verify.DriveTo | Go to unverified source
[8 INFO main 3810625] Verify.DriveTo -> Verify.Homing | Homing
[8 INFO main 3820160] Verify.Homing -> Scout.Query | Arrived home
[8 INFO main 3837954] Confirming: 1/9
[8 INFO main 3840084] Confirming: 2/9
[8 INFO main 3842219] Confirming: 3/9
[8 INFO main 3844276] Confirming: 4/9
[8 INFO main 3846284] Confirming: 5/9
[8 INFO main 3848528] Confirming: 6/9
[8 INFO main 3850554] Confirming: 7/9
[8 INFO main 3852594] Confirming: 8/9
[8 INFO main 3854643] Confirming: 9/9
[8 INFO main 3855385] Scout.Query -> Verify.DriveTo | Go to unverified source
[8 INFO main 3883514] Verify.DriveTo -> Verify.Homing | Homing
[8 INFO main 3898078] Confirming: 1/9
[8 INFO main 3899830] Verify.Homing -> Scout.Query | Arrived home
[8 INFO main 3900197] Confirming: 2/9
[8 INFO main 3902228] Confirming: 3/9
[8 INFO main 3904290] Confirming: 4/9
[8 INFO main 3906293] Confirming: 5/9
[8 INFO main 3910433] Confirming: 6/9
[8 INFO main 3912497] Confirming: 8/9
[8 INFO main 3914520] Confirming: 9/9
[8 INFO main 3915034] Scout.Query -> Verify.DriveTo | Go to unverified source
[8 INFO main 3962776] Verify.DriveTo -> Verify.Homing | Homing
[8 INFO main 3988180] Confirming: 1/9
[8 INFO main 3990286] Confirming: 2/9
[8 INFO main 3992320] Confirming: 3/9
[8 INFO main 3994334] Confirming: 4/9
[8 INFO main 3996428] Confirming: 5/9
[8 INFO main 3998387] Confirming: 6/9
[8 INFO main 4000612] Confirming: 7/9
[8 INFO main 4002670] Confirming: 8/9
[8 INFO main 4004693] Confirming: 9/9
[8 INFO main 4008312] Verify.Homing -> Scout.Query | Arrived home
[8 INFO main 4008459] Scout.Query -> Verify.DriveTo | Go to unverified source
[8 INFO main 4088189] Verify.DriveTo -> Verify.Homing | Homing
[8 INFO main 4108161] Confirming: 1/9
[8 INFO main 4110164] Confirming: 2/9
[8 INFO main 4112347] Confirming: 3/9
[8 INFO main 4114361] Confirming: 4/9
[8 INFO main 4116427] Confirming: 5/9
[8 INFO main 4118476] Confirming: 6/9
[8 INFO main 4120493] Confirming: 7/9
[8 INFO main 4122527] Confirming: 8/9
[8 INFO main 4124590] Confirming: 9/9
[8 INFO main 4127621] Verify.Homing -> Scout.Query | Arrived home
[8 INFO main 4128223] Scout.Query -> Verify.DriveTo | Go to unverified source
[8 INFO main 4179314] Verify.DriveTo -> Verify.Homing | Homing
[8 INFO main 4198964] Confirming: 1/9
[8 INFO main 4201077] Confirming: 2/9
[8 INFO main 4203185] Confirming: 3/9
[8 INFO main 4205230] Confirming: 4/9
[8 INFO main 4207259] Confirming: 5/9
[8 INFO main 4209278] Confirming: 6/9
[8 INFO main 4211515] Confirming: 7/9
[8 INFO main 4212685] Verify.Homing -> Scout.Query | Arrived home
[8 INFO main 4213587] Confirming: 8/9
[8 INFO main 4215663] Confirming: 10/9
[8 INFO main 4216653] Scout.Query -> Verify.DriveTo | Go to unverified source
[8 INFO main 4310701] Verify.DriveTo -> Verify.Homing | Homing
[8 INFO main 4319331] Confirming: 2/9
[8 INFO main 4321594] Confirming: 3/9
[8 INFO main 4323652] Confirming: 4/9
[8 INFO main 4325868] Confirming: 5/9
[8 INFO main 4327992] Confirming: 6/9
[8 INFO main 4330002] Confirming: 7/9
[8 INFO main 4332054] Confirming: 8/9
[8 INFO main 4334104] Confirming: 9/9
[8 INFO main 4337186] Verify.Homing -> Scout.Query | Arrived home
[8 INFO main 4337343] Scout.Query -> Verify.DriveTo | Go to unverified source
[8 INFO main 4389378] Verify.DriveTo -> Verify.Homing | Homing
[8 INFO main 4408640] Confirming: 1/9
[8 INFO main 4410740] Confirming: 2/9
[8 INFO main 4412748] Confirming: 3/9
[8 INFO main 4414851] Confirming: 4/9
[8 INFO main 4416893] Confirming: 5/9
[8 INFO main 4418916] Confirming: 6/9
[8 INFO main 4418933] Verify.Homing -> Scout.Query | Arrived home
[8 INFO main 4420943] Confirming: 7/9
[8 INFO main 4423101] Confirming: 8/9
[8 INFO main 4425164] Confirming: 9/9
[8 INFO main 4425871] Scout.Query -> Verify.DriveTo | Go to unverified source
[8 INFO main 4472967] Verify.DriveTo -> Verify.Homing | Homing
[8 INFO main 4485361] Confirming: 1/9
[8 INFO main 4487488] Confirming: 2/9
[8 INFO main 4490741] Confirming: 3/9
[8 INFO main 4492799] Confirming: 4/9
[8 INFO main 4494968] Confirming: 5/9
[8 INFO main 4497057] Confirming: 6/9
[8 INFO main 4499159] Confirming: 7/9
[8 INFO main 4501204] Confirming: 8/9
[8 INFO main 4503220] Confirming: 9/9
[8 INFO main 4509912] Verify.Homing -> Scout.Query | Arrived home
[8 INFO main 4509978] Scout.Query -> Verify.DriveTo | Go to unverified source
[8 INFO main 4563382] Verify.DriveTo -> Verify.Homing | Homing
[8 INFO main 4587615] Confirming: 1/9
[8 INFO main 4589614] Confirming: 2/9
[8 INFO main 4591624] Confirming: 3/9
[8 INFO main 4593851] Confirming: 4/9
[8 INFO main 4596008] Confirming: 5/9
[8 INFO main 4598024] Confirming: 6/9
[8 INFO main 4600144] Confirming: 7/9
[8 INFO main 4602279] Confirming: 8/9
[8 INFO main 4604330] Confirming: 9/9
[8 INFO main 4623866] Verify.Homing -> Scout.Query | Arrived home
[8 INFO main 4624197] Scout.Query -> Verify.DriveTo | Go to unverified source
[8 INFO main 4685511] Verify.DriveTo -> Verify.Homing | Homing
[8 INFO main 4708642] Confirming: 1/9
[8 INFO main 4710694] Confirming: 2/9
[8 INFO main 4712783] Confirming: 3/9
[8 INFO main 4714802] Confirming: 4/9
[8 INFO main 4716880] Confirming: 5/9
[8 INFO main 4718901] Confirming: 6/9
[8 INFO main 4719571] Verify.Homing -> Scout.Query | Arrived home
[8 INFO main 4721001] Confirming: 7/9
[8 INFO main 4723020] Confirming: 8/9
[8 INFO main 4725034] Confirming: 9/9
[8 INFO main 4725332] Scout.Query -> Verify.DriveTo | Go to unverified source
[8 INFO main 4790307] Verify.DriveTo -> Verify.Homing | Homing
[8 INFO main 4811305] Verify.Homing -> Scout.Query | Arrived home
[8 INFO main 4828895] Confirming: 1/9
[8 INFO main 4831099] Confirming: 2/9
[8 INFO main 4833300] Confirming: 3/9
[8 INFO main 4835824] Confirming: 4/9
[8 INFO main 4838061] Confirming: 6/9
[8 INFO main 4840106] Confirming: 7/9
[8 INFO main 4842118] Confirming: 8/9
[8 INFO main 4844300] Confirming: 9/9
[8 INFO main 4844432] Scout.Query -> Verify.DriveTo | Go to unverified source
[8 INFO main 4950354] Verify.DriveTo -> Verify.Homing | Homing
[8 INFO main 4978667] Confirming: 1/9
[8 INFO main 4980714] Confirming: 2/9
[8 INFO main 4982784] Confirming: 3/9
[8 INFO main 4984843] Confirming: 4/9
[8 INFO main 4986884] Confirming: 5/9
[8 INFO main 4988284] Verify.Homing -> Scout.Query | Arrived home
[8 INFO main 4989077] Confirming: 6/9
[8 INFO main 4991156] Confirming: 7/9
[8 INFO main 4993176] Confirming: 8/9
[8 INFO main 4995404] Confirming: 10/9
[8 INFO main 4995521] Scout.Query -> Verify.DriveTo | Go to unverified source
[8 INFO main 5058259] Verify.DriveTo -> Verify.Homing | Homing
[8 INFO main 5069168] Confirming: 1/9
[8 INFO main 5071652] Confirming: 3/9
[8 INFO main 5073917] Confirming: 4/9
[8 INFO main 5075920] Confirming: 5/9
[8 INFO main 5078038] Confirming: 6/9
[8 INFO main 5080076] Confirming: 7/9
[8 INFO main 5082085] Confirming: 8/9
[8 INFO main 5084352] Confirming: 9/9
[8 INFO main 5099474] Verify.Homing -> Scout.Query | Arrived home
[8 INFO main 5099916] Scout.Query -> Verify.DriveTo | Go to unverified source
[8 INFO main 5108700] Verify.DriveTo -> Verify.Homing | Homing
[8 INFO main 5117768] Verify.Homing -> Scout.Query | Arrived home
[8 INFO main 5127483] Confirming: 1/9
[8 INFO main 5129566] Confirming: 2/9
[8 INFO main 5133742] Confirming: 3/9
[8 INFO main 5135873] Confirming: 5/9
[8 INFO main 5138074] Confirming: 6/9
[8 INFO main 5140156] Confirming: 7/9
[8 INFO main 5142169] Confirming: 8/9
[8 INFO main 5144129] Confirming: 9/9
[8 INFO main 5144839] Scout.Query -> Verify.DriveTo | Go to unverified source
[8 INFO main 5202045] Verify.DriveTo -> Verify.Homing | Homing
[8 INFO main 5219712] Confirming: 2/9
[8 INFO main 5221813] Confirming: 3/9
[8 INFO main 5223868] Confirming: 4/9
[8 INFO main 5225883] Confirming: 5/9
[8 INFO main 5227917] Confirming: 6/9
[8 INFO main 5230258] Confirming: 7/9
[8 INFO main 5232345] Confirming: 8/9
[8 INFO main 5232495] Verify.Homing -> Scout.Query | Arrived home
[8 INFO main 5234471] Confirming: 9/9
[8 INFO main 5234981] Scout.Query -> Verify.DriveTo | Go to unverified source
[8 INFO main 5303467] Verify.DriveTo -> Verify.Homing | Homing
[8 INFO main 5337624] Confirming: 1/9
[8 INFO main 5339777] Confirming: 2/9
[8 INFO main 5341882] Confirming: 3/9
[8 INFO main 5343950] Confirming: 4/9
[8 INFO main 5345972] Confirming: 5/9
[8 INFO main 5347989] Confirming: 6/9
[8 INFO main 5350001] Confirming: 7/9
[8 INFO main 5352216] Confirming: 8/9
[8 INFO main 5354251] Confirming: 9/9
[8 INFO main 5356405] Verify.Homing -> Scout.Query | Arrived home
[8 INFO main 5356635] Scout.Query -> Verify.DriveTo | Go to unverified source
[8 INFO main 5389730] Verify.DriveTo -> Verify.Homing | Homing
[8 INFO main 5398642] Confirming: 1/9
[8 INFO main 5400696] Confirming: 2/9
