[13 INFO main 30] Initialising Python Geth Console...
[13 INFO main 33] Initialising RandB board...
[13 INFO main 33] Initialising navigation...
[13 INFO main 33] Initialising random-walk...
[13 INFO main 33] Initialising odometry...
[13 INFO main 33] Initialising ground-sensors...
[13 INFO main 235] --//-- Starting Experiment --//--
[13 INFO main 1337] Idle.IDLE -> Scout.Query | Duration: 19.54
[13 INFO main 72327] Scout.Query -> Scout.GotoCenter | Drive to others reported pos
[13 INFO main 94855] Scout.GotoCenter -> Scout.Query | return to random walk
[13 INFO main 95467] Scout.Query -> Scout.GotoCenter | Drive to others reported pos
[13 INFO main 96256] Scout.GotoCenter -> Scout.Query | return to random walk
[13 INFO main 96568] Scout.Query -> Scout.GotoCenter | Drive to others reported pos
[13 INFO main 97060] Scout.GotoCenter -> Scout.Query | return to random walk
[13 INFO main 97652] Scout.Query -> Scout.GotoCenter | Drive to others reported pos
[13 INFO main 98063] Scout.GotoCenter -> Scout.Query | return to random walk
[13 INFO main 98656] Scout.Query -> Scout.GotoCenter | Drive to others reported pos
[13 INFO main 99359] Scout.GotoCenter -> Scout.Query | return to random walk
[13 INFO main 99661] Scout.Query -> Scout.GotoCenter | Drive to others reported pos
[13 INFO main 102269] Scout.GotoCenter -> Scout.Query | return to random walk
