[10 INFO main 55] Initialising Python Geth Console...
[10 INFO main 61] Initialising RandB board...
[10 INFO main 61] Initialising navigation...
[10 INFO main 61] Initialising random-walk...
[10 INFO main 61] Initialising odometry...
[10 INFO main 61] Initialising ground-sensors...
[10 INFO main 371] --//-- Starting Experiment --//--
[10 INFO main 1891] Idle.IDLE -> Scout.Query | Duration: 30.34
[10 INFO main 39255] Scout.Query -> Verify.DriveTo | Go to unverified source
[10 INFO main 68250] Verify.DriveTo -> Verify.Homing | Homing
[10 INFO main 78799] Confirming: 1/9
[10 INFO main 80818] Confirming: 2/9
[10 INFO main 82907] Confirming: 3/9
[10 INFO main 84998] Confirming: 4/9
[10 INFO main 87028] Confirming: 5/9
[10 INFO main 89166] Confirming: 6/9
[10 INFO main 91278] Confirming: 7/9
[10 INFO main 93566] Confirming: 8/9
[10 INFO main 95595] Confirming: 9/9
[10 INFO main 99891] Verify.Homing -> Scout.Query | Arrived home
[10 INFO main 99934] Scout.Query -> Verify.DriveTo | Go to unverified source
[10 INFO main 139046] Verify.DriveTo -> Verify.Homing | Homing
[10 INFO main 161799] Verify.Homing -> Scout.Query | Arrived home
[10 INFO main 170930] Confirming: 1/9
[10 INFO main 172972] Confirming: 2/9
[10 INFO main 175092] Confirming: 4/9
[10 INFO main 177105] Confirming: 5/9
[10 INFO main 179163] Confirming: 6/9
[10 INFO main 181206] Confirming: 7/9
[10 INFO main 183218] Confirming: 8/9
[10 INFO main 185306] Confirming: 9/9
[10 INFO main 185330] Scout.Query -> Verify.DriveTo | Go to unverified source
[10 INFO main 321237] Verify.DriveTo -> Verify.Homing | Homing
[10 INFO main 341064] Verify.Homing -> Scout.Query | Arrived home
[10 INFO main 351038] Confirming: 1/9
[10 INFO main 353058] Confirming: 2/9
[10 INFO main 355658] Confirming: 3/9
[10 INFO main 357697] Confirming: 4/9
[10 INFO main 359947] Confirming: 5/9
[10 INFO main 362426] Confirming: 6/9
[10 INFO main 404519] Confirming: 26/9
[10 INFO main 405270] Scout.Query -> Verify.DriveTo | Go to unverified source
[10 INFO main 564659] Verify.DriveTo -> Verify.Homing | Homing
[10 INFO main 585193] Verify.Homing -> Scout.Query | Arrived home
[10 INFO main 589584] Confirming: 1/9
[10 INFO main 591681] Confirming: 2/9
[10 INFO main 593724] Confirming: 3/9
[10 INFO main 595775] Confirming: 4/9
[10 INFO main 597831] Confirming: 5/9
[10 INFO main 599887] Confirming: 6/9
[10 INFO main 601940] Confirming: 7/9
[10 INFO main 605989] Confirming: 9/9
[10 INFO main 606018] Scout.Query -> Verify.DriveTo | Go to unverified source
[10 INFO main 642932] Verify.DriveTo -> Verify.Homing | Homing
[10 INFO main 650264] Verify.Homing -> Scout.Query | Arrived home
[10 INFO main 651225] Confirming: 1/9
[10 INFO main 653322] Confirming: 2/9
[10 INFO main 655447] Confirming: 4/9
[10 INFO main 659612] Confirming: 6/9
[10 INFO main 663714] Confirming: 8/9
[10 INFO main 666144] Confirming: 9/9
[10 INFO main 666590] Scout.Query -> Verify.DriveTo | Go to unverified source
[10 INFO main 697779] Verify.DriveTo -> Verify.Homing | Homing
[10 INFO main 731302] Verify.Homing -> Scout.Query | Arrived home
[10 INFO main 735223] Confirming: 1/9
[10 INFO main 737283] Confirming: 2/9
[10 INFO main 739297] Confirming: 3/9
[10 INFO main 741382] Confirming: 4/9
[10 INFO main 743397] Confirming: 5/9
[10 INFO main 745344] Confirming: 6/9
[10 INFO main 747504] Confirming: 7/9
[10 INFO main 749560] Confirming: 9/9
[10 INFO main 749820] Scout.Query -> Verify.DriveTo | Go to unverified source
[10 INFO main 834772] Verify.DriveTo -> Verify.Homing | Homing
[10 INFO main 857925] Confirming: 1/9
[10 INFO main 858054] Verify.Homing -> Scout.Query | Arrived home
[10 INFO main 860086] Confirming: 2/9
[10 INFO main 862203] Confirming: 3/9
[10 INFO main 864281] Confirming: 4/9
[10 INFO main 866483] Confirming: 5/9
[10 INFO main 868501] Confirming: 6/9
[10 INFO main 872566] Confirming: 8/9
[10 INFO main 876739] Confirming: 10/9
[10 INFO main 877060] Scout.Query -> Verify.DriveTo | Go to unverified source
[10 INFO main 937053] Verify.DriveTo -> Verify.Homing | Homing
[10 INFO main 953928] Confirming: 1/9
[10 INFO main 955929] Confirming: 3/9
[10 INFO main 957958] Confirming: 4/9
[10 INFO main 960276] Confirming: 5/9
[10 INFO main 962298] Confirming: 6/9
[10 INFO main 964403] Confirming: 7/9
[10 INFO main 966460] Confirming: 8/9
[10 INFO main 968464] Confirming: 9/9
[10 INFO main 971613] Verify.Homing -> Scout.Query | Arrived home
[10 INFO main 971823] Scout.Query -> Verify.DriveTo | Go to unverified source
[10 INFO main 1075491] Verify.DriveTo -> Verify.Homing | Homing
[10 INFO main 1099546] Verify.Homing -> Scout.Query | Arrived home
[10 INFO main 1102734] Confirming: 1/9
[10 INFO main 1104768] Confirming: 2/9
[10 INFO main 1106850] Confirming: 3/9
[10 INFO main 1108864] Confirming: 4/9
[10 INFO main 1110915] Confirming: 5/9
[10 INFO main 1113036] Confirming: 6/9
[10 INFO main 1115111] Confirming: 7/9
[10 INFO main 1117154] Confirming: 8/9
[10 INFO main 1119161] Confirming: 9/9
[10 INFO main 1119838] Scout.Query -> Verify.DriveTo | Go to unverified source
[10 INFO main 1171015] Verify.DriveTo -> Verify.Homing | Homing
[10 INFO main 1183595] Verify.Homing -> Scout.Query | Arrived home
[10 INFO main 1193892] Confirming: 1/9
[10 INFO main 1196035] Confirming: 2/9
[10 INFO main 1198116] Confirming: 3/9
[10 INFO main 1200151] Confirming: 4/9
[10 INFO main 1202163] Confirming: 5/9
[10 INFO main 1204263] Confirming: 6/9
[10 INFO main 1206382] Confirming: 7/9
[10 INFO main 1208410] Confirming: 9/9
[10 INFO main 1209297] Scout.Query -> Verify.DriveTo | Go to unverified source
[10 INFO main 1229057] Verify.DriveTo -> Verify.Homing | Homing
[10 INFO main 1248695] Verify.Homing -> Scout.Query | Arrived home
[10 INFO main 1254153] Confirming: 1/9
[10 INFO main 1256227] Confirming: 2/9
[10 INFO main 1258395] Confirming: 4/9
[10 INFO main 1262584] Confirming: 6/9
[10 INFO main 1266670] Confirming: 8/9
[10 INFO main 1270751] Confirming: 10/9
[10 INFO main 1271606] Scout.Query -> Verify.DriveTo | Go to unverified source
[10 INFO main 1409619] Verify.DriveTo -> Verify.Homing | Homing
[10 INFO main 1418751] Confirming: 2/9
[10 INFO main 1420927] Confirming: 3/9
[10 INFO main 1422976] Confirming: 4/9
[10 INFO main 1425102] Confirming: 5/9
[10 INFO main 1427192] Confirming: 6/9
[10 INFO main 1429290] Confirming: 7/9
[10 INFO main 1431393] Confirming: 8/9
[10 INFO main 1433476] Confirming: 10/9
[10 INFO main 1442768] Verify.Homing -> Scout.Query | Arrived home
[10 INFO main 1442932] Scout.Query -> Verify.DriveTo | Go to unverified source
[10 INFO main 1473841] Verify.DriveTo -> Verify.Homing | Homing
[10 INFO main 1496977] Confirming: 1/9
[10 INFO main 1499018] Confirming: 2/9
[10 INFO main 1501355] Confirming: 3/9
[10 INFO main 1501525] Verify.Homing -> Scout.Query | Arrived home
[10 INFO main 1503383] Confirming: 4/9
[10 INFO main 1505404] Confirming: 5/9
[10 INFO main 1507473] Confirming: 6/9
[10 INFO main 1509558] Confirming: 8/9
[10 INFO main 1511812] Confirming: 9/9
[10 INFO main 1512564] Scout.Query -> Verify.DriveTo | Go to unverified source
[10 INFO main 1560495] Verify.DriveTo -> Verify.Homing | Homing
[10 INFO main 1581349] Confirming: 1/9
[10 INFO main 1583368] Confirming: 2/9
[10 INFO main 1585372] Confirming: 3/9
[10 INFO main 1587434] Confirming: 4/9
[10 INFO main 1587963] Verify.Homing -> Scout.Query | Arrived home
[10 INFO main 1589491] Confirming: 5/9
[10 INFO main 1591563] Confirming: 6/9
[10 INFO main 1593795] Confirming: 8/9
[10 INFO main 1598027] Confirming: 10/9
[10 INFO main 1598505] Scout.Query -> Verify.DriveTo | Go to unverified source
[10 INFO main 1630361] Verify.DriveTo -> Verify.Homing | Homing
[10 INFO main 1641975] Verify.Homing -> Scout.Query | Arrived home
[10 INFO main 1676299] Confirming: 1/9
[10 INFO main 1678365] Confirming: 2/9
[10 INFO main 1680432] Confirming: 3/9
[10 INFO main 1682529] Confirming: 4/9
[10 INFO main 1684555] Confirming: 5/9
[10 INFO main 1686628] Confirming: 6/9
[10 INFO main 1688651] Confirming: 7/9
[10 INFO main 1694872] Confirming: 8/9
[10 INFO main 1698902] Confirming: 12/9
[10 INFO main 1698940] Scout.Query -> Verify.DriveTo | Go to unverified source
[10 INFO main 1748889] Verify.DriveTo -> Verify.Homing | Homing
[10 INFO main 1761298] Confirming: 1/9
[10 INFO main 1763351] Confirming: 2/9
[10 INFO main 1765374] Confirming: 3/9
[10 INFO main 1767450] Confirming: 4/9
[10 INFO main 1768179] Verify.Homing -> Scout.Query | Arrived home
[10 INFO main 1769555] Confirming: 6/9
[10 INFO main 1773639] Confirming: 7/9
[10 INFO main 1775711] Confirming: 8/9
[10 INFO main 1777762] Confirming: 9/9
[10 INFO main 1778525] Scout.Query -> Verify.DriveTo | Go to unverified source
