[8 INFO main 51] Initialising Python Geth Console...
[8 INFO main 55] Initialising RandB board...
[8 INFO main 55] Initialising navigation...
[8 INFO main 55] Initialising random-walk...
[8 INFO main 55] Initialising odometry...
[8 INFO main 55] Initialising ground-sensors...
[8 INFO main 523] --//-- Starting Experiment --//--
[8 INFO main 1632] Idle.IDLE -> Scout.Query | Duration: 23.97
[8 INFO main 101956] Scout.Query -> Scout.GotoCenter | Drive to others reported pos
[8 INFO main 104759] Scout.GotoCenter -> Scout.Query | return to random walk
[8 INFO main 105065] Scout.Query -> Scout.GotoCenter | Drive to others reported pos
[8 INFO main 108959] Scout.GotoCenter -> Scout.Query | return to random walk
[8 INFO main 109265] Scout.Query -> Scout.GotoCenter | Drive to others reported pos
[8 INFO main 110665] Scout.GotoCenter -> Scout.Query | return to random walk
[8 INFO main 111470] Scout.Query -> Scout.GotoCenter | Drive to others reported pos
[8 INFO main 112662] Scout.GotoCenter -> Scout.Query | return to random walk
[8 INFO main 113566] Scout.Query -> Scout.GotoCenter | Drive to others reported pos
[8 INFO main 114267] Scout.GotoCenter -> Scout.Query | return to random walk
[8 INFO main 114569] Scout.Query -> Scout.GotoCenter | Drive to others reported pos
[8 INFO main 115268] Scout.GotoCenter -> Scout.Query | return to random walk
[8 INFO main 115571] Scout.Query -> Scout.GotoCenter | Drive to others reported pos
[8 INFO main 115773] Scout.GotoCenter -> Scout.Query | return to random walk
[8 INFO main 116573] Scout.Query -> Scout.GotoCenter | Drive to others reported pos
[8 INFO main 117074] Scout.GotoCenter -> Scout.Query | return to random walk
[8 INFO main 117574] Scout.Query -> Scout.GotoCenter | Drive to others reported pos
[8 INFO main 117674] Scout.GotoCenter -> Scout.Query | return to random walk
[8 INFO main 118576] Scout.Query -> Scout.GotoCenter | Drive to others reported pos
[8 INFO main 118674] Scout.GotoCenter -> Scout.Query | return to random walk
[8 INFO main 119577] Scout.Query -> Scout.GotoCenter | Drive to others reported pos
[8 INFO main 120477] Scout.GotoCenter -> Scout.Query | return to random walk
[8 INFO main 120579] Scout.Query -> Scout.GotoCenter | Drive to others reported pos
[8 INFO main 121473] Scout.GotoCenter -> Scout.Query | return to random walk
[8 INFO main 121584] Scout.Query -> Scout.GotoCenter | Drive to others reported pos
[8 INFO main 123183] Scout.GotoCenter -> Scout.Query | return to random walk
[8 INFO main 123688] Scout.Query -> Scout.GotoCenter | Drive to others reported pos
[8 INFO main 123776] Scout.GotoCenter -> Scout.Query | return to random walk
[8 INFO main 124786] Scout.Query -> Scout.GotoCenter | Drive to others reported pos
[8 INFO main 124884] Scout.GotoCenter -> Scout.Query | return to random walk
[8 INFO main 125880] Scout.Query -> Scout.GotoCenter | Drive to others reported pos
[8 INFO main 128087] Scout.GotoCenter -> Scout.Query | return to random walk
