[14 INFO main 69] Initialising Python Geth Console...
[14 INFO main 73] Initialising RandB board...
[14 INFO main 73] Initialising navigation...
[14 INFO main 73] Initialising random-walk...
[14 INFO main 73] Initialising odometry...
[14 INFO main 74] Initialising ground-sensors...
[14 INFO main 387] --//-- Starting Experiment --//--
[14 INFO main 1484] Idle.IDLE -> Scout.Query | Duration: 18.94
[14 INFO main 69876] Scout.Query -> Scout.GotoCenter | Drive to others reported pos
[14 INFO main 81794] Scout.GotoCenter -> Scout.Query | return to random walk
[14 INFO main 82293] Scout.Query -> Scout.GotoCenter | Drive to others reported pos
[14 INFO main 83695] Scout.GotoCenter -> Scout.Query | return to random walk
[14 INFO main 84497] Scout.Query -> Scout.GotoCenter | Drive to others reported pos
[14 INFO main 84793] Scout.GotoCenter -> Scout.Query | return to random walk
[14 INFO main 85498] Scout.Query -> Scout.GotoCenter | Drive to others reported pos
[14 INFO main 88399] Scout.GotoCenter -> Scout.Query | return to random walk
[14 INFO main 88593] Scout.Query -> Scout.GotoCenter | Drive to others reported pos
[14 INFO main 89998] Scout.GotoCenter -> Scout.Query | return to random walk
[14 INFO main 90703] Scout.Query -> Scout.GotoCenter | Drive to others reported pos
[14 INFO main 91799] Scout.GotoCenter -> Scout.Query | return to random walk
[14 INFO main 92704] Scout.Query -> Scout.GotoCenter | Drive to others reported pos
[14 INFO main 94006] Scout.GotoCenter -> Scout.Query | return to random walk
