[7 INFO main 27] Initialising Python Geth Console...
[7 INFO main 32] Initialising RandB board...
[7 INFO main 32] Initialising navigation...
[7 INFO main 32] Initialising random-walk...
[7 INFO main 32] Initialising odometry...
[7 INFO main 32] Initialising ground-sensors...
[7 INFO main 674] --//-- Starting Experiment --//--
[7 INFO main 1773] Idle.IDLE -> Scout.Query | Duration: 25.40
[7 INFO main 10900] Scout.Query -> Scout.GotoCenter | Drive to others reported pos
[7 INFO main 31191] Scout.GotoCenter -> Scout.Query | return to random walk
[7 INFO main 72086] Scout.Query -> Scout.GotoCenter | Drive to others reported pos
[7 INFO main 123917] Scout.GotoCenter -> Scout.Query | return to random walk
[7 INFO main 184938] Scout.Query -> Scout.GotoCenter | Drive to others reported pos
[7 INFO main 188173] Scout.GotoCenter -> Scout.Query | return to random walk
[7 INFO main 369876] Scout.Query -> Scout.GotoCenter | Drive to others reported pos
[7 INFO main 386900] Scout.GotoCenter -> Scout.Query | return to random walk
[7 INFO main 478031] Scout.Query -> Scout.GotoCenter | Drive to others reported pos
[7 INFO main 519098] Scout.GotoCenter -> Scout.Query | return to random walk
[7 INFO main 853473] Scout.Query -> Scout.GotoCenter | Drive to others reported pos
[7 INFO main 863936] Scout.GotoCenter -> Scout.Query | return to random walk
[7 INFO main 889224] Scout.Query -> Scout.GotoCenter | Drive to others reported pos
[7 INFO main 915003] Scout.GotoCenter -> Scout.Query | return to random walk
