[INFO main 26] Initialising peer buffer...
[INFO main 26] Initialising resource buffer...
[INFO main 26] Initialising TCP server...
[INFO main 26] Initialising RandB board...
[INFO main 26] Initialising ground-sensors...
[INFO main 26] Initialising random-walk...
[INFO main 280] --//-- Starting Experiment --//--
[INFO main 576] Added resource: {"x": -0.54, "y": -0.4, "radius": 0.05, "quantity": 1, "quality": "red", "timeStamp": 0}
[INFO main 6494] Added resource: {"x": -0.68, "y": -0.54, "radius": 0.05, "quantity": 1, "quality": "yellow", "timeStamp": 0}
[INFO main 39918] Added resource: {"x": -0.29, "y": -0.19, "radius": 0.05, "quantity": 1, "quality": "yellow", "timeStamp": 0}
[INFO main 46225] Removed resource: {"x": -0.29, "y": -0.19, "radius": 0.05, "quantity": 1, "quality": "yellow", "timeStamp": 0}
[INFO main 49541] Added resource: {"x": -0.43, "y": -0.26, "radius": 0.04, "quantity": 1, "quality": "green", "timeStamp": 0}
[INFO main 100687] Removed resource: {"x": -0.68, "y": -0.54, "radius": 0.05, "quantity": 1, "quality": "yellow", "timeStamp": 0}
[INFO main 113098] Added resource: {"x": -0.16, "y": -0.28, "radius": 0.05, "quantity": 1, "quality": "blue", "timeStamp": 0}
[INFO main 137128] Removed resource: {"x": -0.16, "y": -0.28, "radius": 0.05, "quantity": 1, "quality": "blue", "timeStamp": 0}
[INFO main 290293] Removed resource: {"x": -0.43, "y": -0.26, "radius": 0.04, "quantity": 1, "quality": "green", "timeStamp": 0}
[INFO main 290594] Added resource: {"x": -0.46, "y": -0.29, "radius": 0.05, "quantity": 1, "quality": "yellow", "timeStamp": 0}
[INFO main 322229] Removed resource: {"x": -0.46, "y": -0.29, "radius": 0.05, "quantity": 1, "quality": "yellow", "timeStamp": 0}
[INFO main 369377] Removed resource: {"x": -0.54, "y": -0.4, "radius": 0.05, "quantity": 1, "quality": "red", "timeStamp": 0}
[INFO main 409822] Added resource: {"x": -0.33, "y": 0.66, "radius": 0.06, "quantity": 1, "quality": "yellow", "timeStamp": 0}
[INFO main 433346] Removed resource: {"x": -0.33, "y": 0.66, "radius": 0.06, "quantity": 1, "quality": "yellow", "timeStamp": 0}
[INFO main 441255] Added resource: {"x": -0.37, "y": 1.06, "radius": 0.06, "quantity": 1, "quality": "green", "timeStamp": 0}
[INFO main 579201] Added resource: {"x": -0.22, "y": 0.58, "radius": 0.05, "quantity": 1, "quality": "green", "timeStamp": 0}
[INFO main 596821] Removed resource: {"x": -0.22, "y": 0.58, "radius": 0.05, "quantity": 1, "quality": "green", "timeStamp": 0}
