[12 INFO main 28] Initialising Python Geth Console...
[12 INFO main 32] Initialising RandB board...
[12 INFO main 32] Initialising navigation...
[12 INFO main 32] Initialising random-walk...
[12 INFO main 32] Initialising odometry...
[12 INFO main 32] Initialising ground-sensors...
[12 INFO main 292] --//-- Starting Experiment --//--
[12 INFO main 1391] Idle.IDLE -> Scout.Query | Duration: 18.47
[12 INFO main 20782] Scout.Query -> Scout.GotoCenter | Drive to others reported pos
[12 INFO main 82842] Scout.GotoCenter -> Scout.Query | return to random walk
[12 INFO main 93247] Confirming: 1/8
[12 INFO main 95319] Confirming: 2/8
[12 INFO main 97339] Confirming: 3/8
[12 INFO main 99396] Confirming: 4/8
[12 INFO main 101409] Confirming: 6/8
[12 INFO main 103443] Confirming: 7/8
[12 INFO main 105466] Confirming: 8/8
[12 INFO main 108520] Scout.Query -> Scout.GotoCenter | Drive to others reported pos
[12 INFO main 145705] Scout.GotoCenter -> Scout.Query | return to random walk
[12 INFO main 154051] Confirming: 1/8
[12 INFO main 156125] Confirming: 3/8
[12 INFO main 160243] Confirming: 5/8
[12 INFO main 162244] Confirming: 6/8
[12 INFO main 164323] Confirming: 7/8
[12 INFO main 166415] Confirming: 8/8
[12 INFO main 377632] Scout.Query -> Scout.GotoCenter | Drive to others reported pos
[12 INFO main 499287] Scout.GotoCenter -> Scout.Query | return to random walk
[12 INFO main 523860] Confirming: 1/8
[12 INFO main 525850] Confirming: 2/8
[12 INFO main 527935] Confirming: 3/8
[12 INFO main 529951] Confirming: 4/8
[12 INFO main 532021] Confirming: 5/8
[12 INFO main 534103] Confirming: 6/8
[12 INFO main 536134] Confirming: 7/8
[12 INFO main 538231] Confirming: 8/8
[12 INFO main 560184] Scout.Query -> Scout.GotoCenter | Drive to others reported pos
[12 INFO main 643507] Scout.GotoCenter -> Scout.Query | return to random walk
[12 INFO main 676311] Confirming: 1/8
[12 INFO main 678359] Confirming: 2/8
[12 INFO main 680435] Confirming: 4/8
[12 INFO main 682518] Confirming: 5/8
[12 INFO main 684599] Confirming: 6/8
[12 INFO main 688783] Confirming: 8/8
[12 INFO main 689096] Scout.Query -> Scout.GotoCenter | Drive to others reported pos
[12 INFO main 737981] Scout.GotoCenter -> Scout.Query | return to random walk
[12 INFO main 771300] Confirming: 1/8
[12 INFO main 796404] Confirming: 2/8
[12 INFO main 798479] Confirming: 3/8
[12 INFO main 800572] Confirming: 4/8
[12 INFO main 802587] Confirming: 5/8
[12 INFO main 806751] Confirming: 6/8
[12 INFO main 808803] Confirming: 8/8
[12 INFO main 965329] Scout.Query -> Scout.GotoCenter | Drive to others reported pos
[12 INFO main 1090830] Scout.GotoCenter -> Scout.Query | return to random walk
[12 INFO main 1113583] Confirming: 1/8
[12 INFO main 1123891] Confirming: 6/8
[12 INFO main 1125923] Confirming: 7/8
[12 INFO main 1127943] Confirming: 8/8
[12 INFO main 1566091] Scout.Query -> Scout.GotoCenter | Drive to others reported pos
[12 INFO main 1629848] Scout.GotoCenter -> Scout.Query | return to random walk
[12 INFO main 1636087] Confirming: 1/8
[12 INFO main 1638130] Confirming: 2/8
[12 INFO main 1640178] Confirming: 3/8
[12 INFO main 1642194] Confirming: 4/8
[12 INFO main 1644255] Confirming: 5/8
[12 INFO main 1646360] Confirming: 6/8
[12 INFO main 1648379] Confirming: 7/8
[12 INFO main 1650414] Confirming: 9/8
[12 INFO main 1655256] Scout.Query -> Scout.GotoCenter | Drive to others reported pos
[12 INFO main 1741011] Scout.GotoCenter -> Scout.Query | return to random walk
[12 INFO main 1755698] Confirming: 1/8
[12 INFO main 1757819] Confirming: 2/8
[12 INFO main 1759863] Confirming: 3/8
[12 INFO main 1761879] Confirming: 4/8
[12 INFO main 1763907] Confirming: 5/8
[12 INFO main 1765983] Confirming: 6/8
[12 INFO main 1767995] Confirming: 7/8
[12 INFO main 1770087] Confirming: 8/8
[12 INFO main 1966079] Confirming: 1/8
[12 INFO main 2003067] Confirming: 3/8
[12 INFO main 2007156] Confirming: 5/8
[12 INFO main 2009232] Confirming: 6/8
[12 INFO main 2011278] Confirming: 7/8
[12 INFO main 2013390] Confirming: 8/8
[12 INFO main 2013443] Scout.Query -> Scout.GotoCenter | Drive to others reported pos
[12 INFO main 2043822] Scout.GotoCenter -> Scout.Query | return to random walk
[12 INFO main 2064527] Confirming: 2/8
[12 INFO main 2066679] Confirming: 4/8
[12 INFO main 2068720] Confirming: 5/8
[12 INFO main 2070747] Confirming: 6/8
[12 INFO main 2072918] Confirming: 7/8
[12 INFO main 2074974] Confirming: 8/8
[12 INFO main 2079279] Scout.Query -> Scout.GotoCenter | Drive to others reported pos
[12 INFO main 2081384] Scout.GotoCenter -> Scout.Query | return to random walk
[12 INFO main 2091923] Confirming: 1/8
[12 INFO main 2093975] Confirming: 2/8
[12 INFO main 2096007] Confirming: 3/8
[12 INFO main 2098123] Confirming: 4/8
[12 INFO main 2100150] Confirming: 5/8
[12 INFO main 2102167] Confirming: 6/8
[12 INFO main 2104207] Confirming: 7/8
[12 INFO main 2106414] Confirming: 9/8
[12 INFO main 2334153] Scout.Query -> Scout.GotoCenter | Drive to others reported pos
[12 INFO main 2419470] Scout.GotoCenter -> Scout.Query | return to random walk
[12 INFO main 2454659] Confirming: 1/8
[12 INFO main 2456675] Confirming: 2/8
[12 INFO main 2458675] Confirming: 3/8
[12 INFO main 2460743] Confirming: 4/8
[12 INFO main 2462883] Confirming: 5/8
[12 INFO main 2464895] Confirming: 6/8
[12 INFO main 2466951] Confirming: 7/8
[12 INFO main 2468999] Confirming: 8/8
[12 INFO main 2561335] Confirming: 1/8
[12 INFO main 2563335] Confirming: 2/8
[12 INFO main 2565431] Confirming: 4/8
[12 INFO main 2569464] Confirming: 5/8
[12 INFO main 2571402] Confirming: 6/8
[12 INFO main 2573591] Confirming: 8/8
[12 INFO main 2577188] Scout.Query -> Scout.GotoCenter | Drive to others reported pos
[12 INFO main 2675762] Scout.GotoCenter -> Scout.Query | return to random walk
[12 INFO main 2716895] Confirming: 1/8
[12 INFO main 2718927] Confirming: 2/8
[12 INFO main 2720971] Confirming: 3/8
[12 INFO main 2722971] Confirming: 4/8
[12 INFO main 2724971] Confirming: 5/8
[12 INFO main 2727051] Confirming: 6/8
[12 INFO main 2729067] Confirming: 7/8
[12 INFO main 2731123] Confirming: 8/8
