[13 INFO main 27] Initialising Python Geth Console...
[13 INFO main 31] Initialising RandB board...
[13 INFO main 31] Initialising navigation...
[13 INFO main 31] Initialising random-walk...
[13 INFO main 31] Initialising odometry...
[13 INFO main 31] Initialising ground-sensors...
[13 INFO main 288] --//-- Starting Experiment --//--
[13 INFO main 1758] Idle.IDLE -> Scout.Query | Duration: 28.18
[13 INFO main 19206] Scout.Query -> Scout.PrepSend | Homing
[13 INFO main 19421] Scout.PrepSend -> Verify.Homing | Homing
[13 INFO main 30281] Confirming: 1/9
[13 INFO main 32342] Confirming: 2/9
[13 INFO main 32940] Verify.Homing -> Scout.Query | Arrived home
[13 INFO main 34397] Confirming: 3/9
[13 INFO main 36390] Confirming: 4/9
[13 INFO main 38435] Confirming: 5/9
[13 INFO main 40450] Confirming: 6/9
[13 INFO main 42539] Confirming: 7/9
[13 INFO main 44576] Confirming: 8/9
[13 INFO main 46583] Confirming: 9/9
[13 INFO main 47051] Scout.Query -> Verify.DriveTo | Go to unverified source
[13 INFO main 79318] Verify.DriveTo -> Verify.Homing | Homing
[13 INFO main 93675] Verify.Homing -> Scout.Query | Arrived home
[13 INFO main 102158] Confirming: 1/9
[13 INFO main 104189] Confirming: 2/9
[13 INFO main 106198] Confirming: 3/9
[13 INFO main 108210] Confirming: 4/9
[13 INFO main 110260] Confirming: 5/9
[13 INFO main 112317] Confirming: 6/9
[13 INFO main 114326] Confirming: 7/9
[13 INFO main 116346] Confirming: 8/9
[13 INFO main 118379] Confirming: 9/9
[13 INFO main 118405] Scout.Query -> Verify.DriveTo | Go to unverified source
[13 INFO main 215569] Verify.DriveTo -> Verify.Homing | Homing
[13 INFO main 223984] Confirming: 2/9
[13 INFO main 228079] Confirming: 3/9
[13 INFO main 230126] Confirming: 4/9
[13 INFO main 232196] Confirming: 5/9
[13 INFO main 234215] Confirming: 6/9
[13 INFO main 236300] Confirming: 7/9
[13 INFO main 238309] Confirming: 8/9
[13 INFO main 240338] Confirming: 9/9
[13 INFO main 254121] Verify.Homing -> Scout.Query | Arrived home
[13 INFO main 254432] Scout.Query -> Verify.DriveTo | Go to unverified source
[13 INFO main 317257] Verify.DriveTo -> Verify.Homing | Homing
[13 INFO main 341806] Verify.Homing -> Scout.Query | Arrived home
[13 INFO main 343176] Confirming: 1/9
[13 INFO main 345237] Confirming: 2/9
[13 INFO main 347337] Confirming: 3/9
[13 INFO main 349345] Confirming: 4/9
[13 INFO main 351644] Confirming: 5/9
[13 INFO main 353658] Confirming: 6/9
[13 INFO main 355691] Confirming: 7/9
[13 INFO main 357721] Confirming: 8/9
[13 INFO main 359735] Confirming: 9/9
[13 INFO main 360508] Scout.Query -> Verify.DriveTo | Go to unverified source
[13 INFO main 386974] Verify.DriveTo -> Verify.Homing | Homing
[13 INFO main 395410] Verify.Homing -> Scout.Query | Arrived home
[13 INFO main 403492] Confirming: 1/9
[13 INFO main 407662] Confirming: 2/9
[13 INFO main 409726] Confirming: 4/9
[13 INFO main 411860] Confirming: 5/9
[13 INFO main 413870] Confirming: 6/9
[13 INFO main 415971] Confirming: 7/9
[13 INFO main 418050] Confirming: 8/9
[13 INFO main 422181] Confirming: 10/9
[13 INFO main 423074] Scout.Query -> Verify.DriveTo | Go to unverified source
[13 INFO main 445692] Verify.DriveTo -> Verify.Homing | Homing
[13 INFO main 467373] Verify.Homing -> Scout.Query | Arrived home
[13 INFO main 495634] Confirming: 1/9
[13 INFO main 497730] Confirming: 3/9
[13 INFO main 502010] Confirming: 4/9
[13 INFO main 504097] Confirming: 5/9
[13 INFO main 506343] Confirming: 7/9
[13 INFO main 508390] Confirming: 8/9
[13 INFO main 510407] Confirming: 9/9
[13 INFO main 510436] Scout.Query -> Verify.DriveTo | Go to unverified source
[13 INFO main 541765] Verify.DriveTo -> Verify.Homing | Homing
[13 INFO main 563312] Verify.Homing -> Scout.Query | Arrived home
[13 INFO main 584429] Confirming: 1/9
[13 INFO main 586509] Confirming: 2/9
[13 INFO main 588543] Confirming: 3/9
[13 INFO main 592716] Confirming: 4/9
[13 INFO main 594925] Confirming: 6/9
[13 INFO main 597125] Confirming: 7/9
[13 INFO main 599584] Confirming: 8/9
[13 INFO main 601766] Confirming: 10/9
[13 INFO main 602254] Scout.Query -> Verify.DriveTo | Go to unverified source
[13 INFO main 702725] Verify.DriveTo -> Verify.Homing | Homing
[13 INFO main 730544] Verify.Homing -> Scout.Query | Arrived home
[13 INFO main 733741] Confirming: 1/9
[13 INFO main 735842] Confirming: 2/9
[13 INFO main 737877] Confirming: 3/9
[13 INFO main 739902] Confirming: 4/9
[13 INFO main 744079] Confirming: 5/9
[13 INFO main 746151] Confirming: 7/9
[13 INFO main 748186] Confirming: 8/9
[13 INFO main 750198] Confirming: 9/9
[13 INFO main 750904] Scout.Query -> Verify.DriveTo | Go to unverified source
[13 INFO main 822190] Verify.DriveTo -> Verify.Homing | Homing
[13 INFO main 846357] Verify.Homing -> Scout.Query | Arrived home
[13 INFO main 855719] Confirming: 2/9
[13 INFO main 857740] Confirming: 3/9
[13 INFO main 859856] Confirming: 4/9
[13 INFO main 864022] Confirming: 6/9
[13 INFO main 866197] Confirming: 7/9
[13 INFO main 868263] Confirming: 8/9
[13 INFO main 870345] Confirming: 9/9
[13 INFO main 870376] Scout.Query -> Verify.DriveTo | Go to unverified source
[13 INFO main 1181753] Verify.DriveTo -> Verify.Homing | Homing
[13 INFO main 1203295] Verify.Homing -> Scout.Query | Arrived home
[13 INFO main 1213643] Confirming: 1/9
[13 INFO main 1215851] Confirming: 3/9
[13 INFO main 1220028] Confirming: 5/9
[13 INFO main 1222052] Confirming: 6/9
[13 INFO main 1224147] Confirming: 7/9
[13 INFO main 1226187] Confirming: 8/9
[13 INFO main 1228193] Confirming: 9/9
[13 INFO main 1228374] Scout.Query -> Verify.DriveTo | Go to unverified source
[13 INFO main 1258770] Verify.DriveTo -> Verify.Homing | Homing
[13 INFO main 1268720] Verify.Homing -> Scout.Query | Arrived home
[13 INFO main 1275796] Confirming: 1/9
[13 INFO main 1277814] Confirming: 3/9
[13 INFO main 1279906] Confirming: 4/9
[13 INFO main 1281922] Confirming: 5/9
[13 INFO main 1283950] Confirming: 6/9
[13 INFO main 1286104] Confirming: 7/9
[13 INFO main 1288199] Confirming: 8/9
[13 INFO main 1292566] Confirming: 10/9
[13 INFO main 1292600] Scout.Query -> Verify.DriveTo | Go to unverified source
[13 INFO main 1326415] Verify.DriveTo -> Verify.Homing | Homing
[13 INFO main 1331362] Verify.Homing -> Scout.Query | Arrived home
[13 INFO main 1334815] Confirming: 1/9
[13 INFO main 1336894] Confirming: 2/9
[13 INFO main 1338951] Confirming: 3/9
[13 INFO main 1340917] Confirming: 4/9
[13 INFO main 1343062] Confirming: 5/9
[13 INFO main 1345141] Confirming: 6/9
[13 INFO main 1347188] Confirming: 7/9
[13 INFO main 1349307] Confirming: 8/9
[13 INFO main 1351353] Confirming: 9/9
[13 INFO main 1351925] Scout.Query -> Verify.DriveTo | Go to unverified source
[13 INFO main 1393353] Verify.DriveTo -> Verify.Homing | Homing
[13 INFO main 1412516] Verify.Homing -> Scout.Query | Arrived home
[13 INFO main 1424180] Confirming: 1/9
[13 INFO main 1426263] Confirming: 2/9
[13 INFO main 1428469] Confirming: 3/9
[13 INFO main 1430505] Confirming: 4/9
[13 INFO main 1432559] Confirming: 5/9
[13 INFO main 1434758] Confirming: 6/9
[13 INFO main 1436850] Confirming: 7/9
[13 INFO main 1439137] Confirming: 8/9
[13 INFO main 1441346] Confirming: 9/9
[13 INFO main 1441441] Scout.Query -> Verify.DriveTo | Go to unverified source
[13 INFO main 1483721] Verify.DriveTo -> Verify.Homing | Homing
[13 INFO main 1506505] Verify.Homing -> Scout.Query | Arrived home
[13 INFO main 1515417] Confirming: 1/9
[13 INFO main 1517492] Confirming: 2/9
[13 INFO main 1519571] Confirming: 3/9
[13 INFO main 1521636] Confirming: 4/9
[13 INFO main 1523667] Confirming: 6/9
[13 INFO main 1527782] Confirming: 8/9
[13 INFO main 1529909] Confirming: 9/9
[13 INFO main 1530081] Scout.Query -> Verify.DriveTo | Go to unverified source
[13 INFO main 1572621] Verify.DriveTo -> Verify.Homing | Homing
[13 INFO main 1584980] Verify.Homing -> Scout.Query | Arrived home
[13 INFO main 1603938] Confirming: 1/9
[13 INFO main 1606072] Confirming: 2/9
[13 INFO main 1608108] Confirming: 3/9
[13 INFO main 1612224] Confirming: 5/9
[13 INFO main 1614255] Confirming: 6/9
[13 INFO main 1616386] Confirming: 7/9
[13 INFO main 1618545] Confirming: 8/9
[13 INFO main 1620682] Confirming: 9/9
[13 INFO main 1621434] Scout.Query -> Verify.DriveTo | Go to unverified source
[13 INFO main 1621852] Verify.DriveTo -> Verify.Homing | Homing
[13 INFO main 1634156] Confirming: 1/9
[13 INFO main 1636222] Confirming: 2/9
[13 INFO main 1638169] Confirming: 3/9
[13 INFO main 1640274] Confirming: 4/9
[13 INFO main 1642332] Confirming: 5/9
[13 INFO main 1644432] Confirming: 6/9
[13 INFO main 1646501] Confirming: 7/9
[13 INFO main 1648590] Confirming: 8/9
[13 INFO main 1650860] Confirming: 9/9
[13 INFO main 1657798] Verify.Homing -> Scout.Query | Arrived home
[13 INFO main 1657857] Scout.Query -> Verify.DriveTo | Go to unverified source
[13 INFO main 1714916] Verify.DriveTo -> Verify.Homing | Homing
[13 INFO main 1725431] Confirming: 1/9
[13 INFO main 1727526] Confirming: 2/9
[13 INFO main 1729529] Confirming: 3/9
[13 INFO main 1731614] Confirming: 4/9
[13 INFO main 1733715] Confirming: 5/9
[13 INFO main 1735717] Confirming: 6/9
[13 INFO main 1735718] Verify.Homing -> Scout.Query | Arrived home
[13 INFO main 1737775] Confirming: 7/9
[13 INFO main 1739817] Confirming: 8/9
[13 INFO main 1741892] Confirming: 9/9
[13 INFO main 1741928] Scout.Query -> Verify.DriveTo | Go to unverified source
[13 INFO main 1822379] Verify.DriveTo -> Verify.Homing | Homing
[13 INFO main 1843933] Verify.Homing -> Scout.Query | Arrived home
[13 INFO main 1845365] Confirming: 1/9
[13 INFO main 1847451] Confirming: 2/9
[13 INFO main 1849561] Confirming: 3/9
[13 INFO main 1851600] Confirming: 4/9
[13 INFO main 1853642] Confirming: 5/9
[13 INFO main 1855682] Confirming: 6/9
[13 INFO main 1857721] Confirming: 7/9
[13 INFO main 1859843] Confirming: 8/9
[13 INFO main 1861949] Confirming: 9/9
[13 INFO main 1862790] Scout.Query -> Verify.DriveTo | Go to unverified source
[13 INFO main 1965865] Verify.DriveTo -> Verify.Homing | Homing
[13 INFO main 1991107] Confirming: 1/9
[13 INFO main 1994562] Verify.Homing -> Scout.Query | Arrived home
[13 INFO main 1995216] Confirming: 2/9
[13 INFO main 1997273] Confirming: 4/9
[13 INFO main 1999438] Confirming: 5/9
[13 INFO main 2001465] Confirming: 6/9
[13 INFO main 2003477] Confirming: 7/9
[13 INFO main 2007698] Confirming: 9/9
[13 INFO main 2007792] Scout.Query -> Verify.DriveTo | Go to unverified source
[13 INFO main 2090240] Verify.DriveTo -> Verify.Homing | Homing
[13 INFO main 2107557] Verify.Homing -> Scout.Query | Arrived home
[13 INFO main 2117397] Confirming: 2/9
[13 INFO main 2119423] Confirming: 3/9
[13 INFO main 2121467] Confirming: 4/9
[13 INFO main 2123542] Confirming: 5/9
[13 INFO main 2125629] Confirming: 6/9
[13 INFO main 2127655] Confirming: 7/9
[13 INFO main 2129757] Confirming: 8/9
[13 INFO main 2131850] Confirming: 9/9
[13 INFO main 2132604] Scout.Query -> Verify.DriveTo | Go to unverified source
[13 INFO main 2204359] Verify.DriveTo -> Verify.Homing | Homing
[13 INFO main 2220428] Verify.Homing -> Scout.Query | Arrived home
[13 INFO main 2235642] Confirming: 1/9
[13 INFO main 2237726] Confirming: 2/9
[13 INFO main 2239807] Confirming: 3/9
[13 INFO main 2241918] Confirming: 4/9
[13 INFO main 2243968] Confirming: 5/9
[13 INFO main 2246228] Confirming: 6/9
[13 INFO main 2248242] Confirming: 7/9
[13 INFO main 2250297] Confirming: 8/9
[13 INFO main 2252325] Confirming: 9/9
[13 INFO main 2252822] Scout.Query -> Verify.DriveTo | Go to unverified source
[13 INFO main 2301248] Verify.DriveTo -> Verify.Homing | Homing
[13 INFO main 2326476] Confirming: 1/9
[13 INFO main 2328524] Confirming: 2/9
[13 INFO main 2330562] Confirming: 3/9
[13 INFO main 2332574] Confirming: 4/9
[13 INFO main 2333365] Verify.Homing -> Scout.Query | Arrived home
[13 INFO main 2334583] Confirming: 5/9
[13 INFO main 2336635] Confirming: 6/9
[13 INFO main 2338649] Confirming: 7/9
[13 INFO main 2340781] Confirming: 9/9
[13 INFO main 2341299] Scout.Query -> Verify.DriveTo | Go to unverified source
[13 INFO main 2404232] Verify.DriveTo -> Verify.Homing | Homing
[13 INFO main 2415164] Confirming: 1/9
[13 INFO main 2417230] Confirming: 2/9
[13 INFO main 2419238] Confirming: 3/9
[13 INFO main 2421293] Confirming: 4/9
[13 INFO main 2422224] Verify.Homing -> Scout.Query | Arrived home
[13 INFO main 2423341] Confirming: 5/9
[13 INFO main 2425412] Confirming: 6/9
[13 INFO main 2427529] Confirming: 7/9
[13 INFO main 2429556] Confirming: 8/9
[13 INFO main 2431579] Confirming: 9/9
[13 INFO main 2432697] Scout.Query -> Verify.DriveTo | Go to unverified source
[13 INFO main 2463166] Verify.DriveTo -> Verify.Homing | Homing
[13 INFO main 2475853] Confirming: 1/9
[13 INFO main 2477878] Confirming: 2/9
[13 INFO main 2479968] Confirming: 3/9
[13 INFO main 2482019] Confirming: 4/9
[13 INFO main 2484205] Confirming: 5/9
[13 INFO main 2484490] Verify.Homing -> Scout.Query | Arrived home
[13 INFO main 2486298] Confirming: 6/9
[13 INFO main 2488326] Confirming: 7/9
[13 INFO main 2490417] Confirming: 8/9
[13 INFO main 2492461] Confirming: 9/9
[13 INFO main 2493224] Scout.Query -> Verify.DriveTo | Go to unverified source
[13 INFO main 2532539] Verify.DriveTo -> Verify.Homing | Homing
[13 INFO main 2553244] Verify.Homing -> Scout.Query | Arrived home
[13 INFO main 2566624] Confirming: 1/9
[13 INFO main 2568747] Confirming: 3/9
[13 INFO main 2572938] Confirming: 5/9
[13 INFO main 2577046] Confirming: 7/9
[13 INFO main 2579112] Confirming: 8/9
[13 INFO main 2581184] Confirming: 9/9
[13 INFO main 2581236] Scout.Query -> Verify.DriveTo | Go to unverified source
[13 INFO main 2718173] Verify.DriveTo -> Verify.Homing | Homing
[13 INFO main 2745361] Confirming: 1/9
[13 INFO main 2745862] Verify.Homing -> Scout.Query | Arrived home
[13 INFO main 2747390] Confirming: 2/9
[13 INFO main 2749431] Confirming: 3/9
[13 INFO main 2751439] Confirming: 4/9
[13 INFO main 2753450] Confirming: 5/9
[13 INFO main 2757686] Confirming: 7/9
[13 INFO main 2759773] Confirming: 8/9
[13 INFO main 2761874] Confirming: 9/9
[13 INFO main 2762819] Scout.Query -> Verify.DriveTo | Go to unverified source
[13 INFO main 2790446] Verify.DriveTo -> Verify.Homing | Homing
[13 INFO main 2798544] Verify.Homing -> Scout.Query | Arrived home
[13 INFO main 2805094] Confirming: 1/9
[13 INFO main 2807148] Confirming: 2/9
[13 INFO main 2809252] Confirming: 3/9
[13 INFO main 2811347] Confirming: 4/9
[13 INFO main 2813359] Confirming: 5/9
[13 INFO main 2815407] Confirming: 6/9
[13 INFO main 2817469] Confirming: 7/9
[13 INFO main 2819581] Confirming: 8/9
[13 INFO main 2821650] Confirming: 9/9
[13 INFO main 2822683] Scout.Query -> Verify.DriveTo | Go to unverified source
[13 INFO main 2866797] Verify.DriveTo -> Verify.Homing | Homing
[13 INFO main 2886618] Verify.Homing -> Scout.Query | Arrived home
[13 INFO main 2896382] Confirming: 1/9
[13 INFO main 2898396] Confirming: 2/9
[13 INFO main 2900455] Confirming: 3/9
[13 INFO main 2902529] Confirming: 4/9
[13 INFO main 2904659] Confirming: 5/9
[13 INFO main 2906750] Confirming: 7/9
[13 INFO main 2908787] Confirming: 8/9
[13 INFO main 2910857] Confirming: 9/9
[13 INFO main 2910904] Scout.Query -> Verify.DriveTo | Go to unverified source
[13 INFO main 2968949] Verify.DriveTo -> Verify.Homing | Homing
[13 INFO main 2985547] Confirming: 1/9
[13 INFO main 2987585] Confirming: 2/9
[13 INFO main 2989621] Confirming: 3/9
[13 INFO main 2991759] Confirming: 4/9
[13 INFO main 2993792] Confirming: 5/9
[13 INFO main 2995865] Confirming: 6/9
[13 INFO main 2997957] Confirming: 7/9
[13 INFO main 3000141] Confirming: 8/9
[13 INFO main 3002214] Confirming: 9/9
[13 INFO main 3013524] Verify.Homing -> Scout.Query | Arrived home
[13 INFO main 3013862] Scout.Query -> Verify.DriveTo | Go to unverified source
[13 INFO main 3045120] Verify.DriveTo -> Verify.Homing | Homing
[13 INFO main 3054084] Verify.Homing -> Scout.Query | Arrived home
[13 INFO main 3076483] Confirming: 1/9
[13 INFO main 3078579] Confirming: 2/9
[13 INFO main 3080607] Confirming: 3/9
[13 INFO main 3082652] Confirming: 5/9
[13 INFO main 3084821] Confirming: 6/9
[13 INFO main 3086857] Confirming: 7/9
[13 INFO main 3088868] Confirming: 8/9
[13 INFO main 3091049] Confirming: 9/9
[13 INFO main 3091520] Scout.Query -> Verify.DriveTo | Go to unverified source
[13 INFO main 3231871] Verify.DriveTo -> Verify.Homing | Homing
[13 INFO main 3250856] Confirming: 1/9
[13 INFO main 3253065] Confirming: 3/9
[13 INFO main 3255071] Confirming: 4/9
[13 INFO main 3257206] Confirming: 5/9
[13 INFO main 3259269] Confirming: 6/9
[13 INFO main 3263384] Confirming: 8/9
[13 INFO main 3265582] Confirming: 9/9
[13 INFO main 3269583] Verify.Homing -> Scout.Query | Arrived home
[13 INFO main 3270016] Scout.Query -> Verify.DriveTo | Go to unverified source
[13 INFO main 3302068] Verify.DriveTo -> Verify.Homing | Homing
[13 INFO main 3316622] Confirming: 1/9
[13 INFO main 3318690] Confirming: 3/9
[13 INFO main 3319272] Verify.Homing -> Scout.Query | Arrived home
[13 INFO main 3320751] Confirming: 4/9
[13 INFO main 3322806] Confirming: 5/9
[13 INFO main 3324865] Confirming: 6/9
[13 INFO main 3327006] Confirming: 7/9
[13 INFO main 3329066] Confirming: 8/9
[13 INFO main 3333144] Confirming: 10/9
[13 INFO main 3333447] Scout.Query -> Verify.DriveTo | Go to unverified source
[13 INFO main 3511861] Verify.DriveTo -> Verify.Homing | Homing
[13 INFO main 3524710] Confirming: 1/9
[13 INFO main 3526573] Verify.Homing -> Scout.Query | Arrived home
[13 INFO main 3529035] Confirming: 3/9
[13 INFO main 3533083] Confirming: 4/9
[13 INFO main 3535091] Confirming: 6/9
[13 INFO main 3537274] Confirming: 7/9
[13 INFO main 3539344] Confirming: 8/9
[13 INFO main 3541371] Confirming: 9/9
[13 INFO main 3542374] Scout.Query -> Verify.DriveTo | Go to unverified source
[13 INFO main 3622842] Verify.DriveTo -> Verify.Homing | Homing
[13 INFO main 3643481] Verify.Homing -> Scout.Query | Arrived home
[13 INFO main 3645632] Confirming: 1/9
[13 INFO main 3647819] Confirming: 2/9
[13 INFO main 3649862] Confirming: 3/9
[13 INFO main 3651970] Confirming: 4/9
[13 INFO main 3653999] Confirming: 5/9
[13 INFO main 3656106] Confirming: 6/9
[13 INFO main 3658181] Confirming: 7/9
[13 INFO main 3660185] Confirming: 8/9
[13 INFO main 3662304] Confirming: 9/9
[13 INFO main 3663230] Scout.Query -> Verify.DriveTo | Go to unverified source
[13 INFO main 3713991] Verify.DriveTo -> Verify.Homing | Homing
[13 INFO main 3728714] Verify.Homing -> Scout.Query | Arrived home
[13 INFO main 3734924] Confirming: 1/9
[13 INFO main 3736992] Confirming: 2/9
[13 INFO main 3739004] Confirming: 3/9
[13 INFO main 3741085] Confirming: 4/9
[13 INFO main 3743332] Confirming: 5/9
[13 INFO main 3745418] Confirming: 6/9
[13 INFO main 3747473] Confirming: 7/9
[13 INFO main 3749550] Confirming: 8/9
[13 INFO main 3751628] Confirming: 9/9
[13 INFO main 3752342] Scout.Query -> Verify.DriveTo | Go to unverified source
[13 INFO main 3804900] Verify.DriveTo -> Verify.Homing | Homing
[13 INFO main 3826621] Confirming: 1/9
[13 INFO main 3828710] Confirming: 3/9
[13 INFO main 3829369] Verify.Homing -> Scout.Query | Arrived home
[13 INFO main 3830795] Confirming: 4/9
[13 INFO main 3833003] Confirming: 5/9
[13 INFO main 3835069] Confirming: 6/9
[13 INFO main 3837135] Confirming: 7/9
[13 INFO main 3839322] Confirming: 8/9
[13 INFO main 3841326] Confirming: 9/9
[13 INFO main 3841992] Scout.Query -> Verify.DriveTo | Go to unverified source
[13 INFO main 3947646] Verify.DriveTo -> Verify.Homing | Homing
[13 INFO main 3968008] Verify.Homing -> Scout.Query | Arrived home
[13 INFO main 3975000] Confirming: 1/9
[13 INFO main 3977353] Confirming: 2/9
[13 INFO main 3979426] Confirming: 3/9
[13 INFO main 3981474] Confirming: 4/9
[13 INFO main 3983507] Confirming: 5/9
[13 INFO main 3985517] Confirming: 6/9
[13 INFO main 3987732] Confirming: 7/9
[13 INFO main 3989760] Confirming: 8/9
[13 INFO main 3991795] Confirming: 9/9
[13 INFO main 3991913] Scout.Query -> Verify.DriveTo | Go to unverified source
[13 INFO main 4006773] Verify.DriveTo -> Verify.Homing | Homing
[13 INFO main 4012878] Verify.Homing -> Scout.Query | Arrived home
[13 INFO main 4035854] Confirming: 1/9
[13 INFO main 4038000] Confirming: 2/9
[13 INFO main 4040136] Confirming: 3/9
[13 INFO main 4042269] Confirming: 4/9
[13 INFO main 4044344] Confirming: 5/9
[13 INFO main 4046364] Confirming: 6/9
[13 INFO main 4048423] Confirming: 7/9
[13 INFO main 4050880] Confirming: 9/9
[13 INFO main 4051011] Scout.Query -> Verify.DriveTo | Go to unverified source
[13 INFO main 4116561] Verify.DriveTo -> Verify.Homing | Homing
[13 INFO main 4125057] Confirming: 1/9
[13 INFO main 4127427] Confirming: 2/9
[13 INFO main 4129545] Confirming: 3/9
[13 INFO main 4131562] Confirming: 4/9
[13 INFO main 4133783] Confirming: 5/9
[13 INFO main 4135823] Confirming: 6/9
[13 INFO main 4136761] Verify.Homing -> Scout.Query | Arrived home
[13 INFO main 4137849] Confirming: 7/9
[13 INFO main 4139889] Confirming: 8/9
[13 INFO main 4141907] Confirming: 9/9
[13 INFO main 4142104] Scout.Query -> Verify.DriveTo | Go to unverified source
[13 INFO main 4202464] Verify.DriveTo -> Verify.Homing | Homing
[13 INFO main 4215149] Confirming: 1/9
[13 INFO main 4217309] Confirming: 2/9
[13 INFO main 4219339] Confirming: 3/9
[13 INFO main 4221417] Confirming: 4/9
[13 INFO main 4223481] Confirming: 5/9
[13 INFO main 4225533] Confirming: 6/9
[13 INFO main 4227630] Confirming: 7/9
[13 INFO main 4229702] Confirming: 8/9
[13 INFO main 4231749] Confirming: 9/9
[13 INFO main 4233667] Verify.Homing -> Scout.Query | Arrived home
[13 INFO main 4233894] Scout.Query -> Verify.DriveTo | Go to unverified source
[13 INFO main 4303566] Verify.DriveTo -> Verify.Homing | Homing
[13 INFO main 4335405] Confirming: 1/9
[13 INFO main 4337549] Confirming: 2/9
[13 INFO main 4338054] Verify.Homing -> Scout.Query | Arrived home
[13 INFO main 4339635] Confirming: 3/9
[13 INFO main 4341847] Confirming: 4/9
[13 INFO main 4343946] Confirming: 5/9
[13 INFO main 4346148] Confirming: 6/9
[13 INFO main 4348264] Confirming: 7/9
[13 INFO main 4350361] Confirming: 8/9
[13 INFO main 4352429] Confirming: 9/9
[13 INFO main 4353002] Scout.Query -> Verify.DriveTo | Go to unverified source
[13 INFO main 4370437] Verify.DriveTo -> Verify.Homing | Homing
[13 INFO main 4378810] Verify.Homing -> Scout.Query | Arrived home
[13 INFO main 4395316] Confirming: 1/9
[13 INFO main 4397489] Confirming: 2/9
[13 INFO main 4399673] Confirming: 3/9
[13 INFO main 4401738] Confirming: 4/9
[13 INFO main 4403813] Confirming: 5/9
[13 INFO main 4405888] Confirming: 6/9
[13 INFO main 4407938] Confirming: 7/9
[13 INFO main 4410012] Confirming: 8/9
[13 INFO main 4412181] Confirming: 9/9
[13 INFO main 4412660] Scout.Query -> Verify.DriveTo | Go to unverified source
[13 INFO main 4511924] Verify.DriveTo -> Verify.Homing | Homing
[13 INFO main 4538346] Verify.Homing -> Scout.Query | Arrived home
[13 INFO main 4546776] Confirming: 2/9
[13 INFO main 4548840] Confirming: 3/9
[13 INFO main 4551138] Confirming: 4/9
[13 INFO main 4553146] Confirming: 5/9
[13 INFO main 4557287] Confirming: 7/9
[13 INFO main 4559378] Confirming: 8/9
[13 INFO main 4561453] Confirming: 9/9
[13 INFO main 4561514] Scout.Query -> Verify.DriveTo | Go to unverified source
[13 INFO main 4802241] Verify.DriveTo -> Verify.Homing | Homing
[13 INFO main 4815180] Confirming: 1/9
[13 INFO main 4817208] Confirming: 2/9
[13 INFO main 4821264] Confirming: 4/9
[13 INFO main 4823670] Confirming: 5/9
[13 INFO main 4825769] Confirming: 6/9
[13 INFO main 4827795] Confirming: 7/9
[13 INFO main 4829881] Confirming: 8/9
[13 INFO main 4830412] Verify.Homing -> Scout.Query | Arrived home
[13 INFO main 4831906] Confirming: 9/9
[13 INFO main 4832044] Scout.Query -> Verify.DriveTo | Go to unverified source
[13 INFO main 5003115] Verify.DriveTo -> Verify.Homing | Homing
[13 INFO main 5015919] Confirming: 1/9
[13 INFO main 5018173] Confirming: 2/9
[13 INFO main 5020219] Confirming: 3/9
[13 INFO main 5022326] Confirming: 4/9
[13 INFO main 5024395] Confirming: 5/9
[13 INFO main 5026501] Confirming: 6/9
[13 INFO main 5029064] Confirming: 8/9
[13 INFO main 5031089] Confirming: 9/9
[13 INFO main 5039188] Verify.Homing -> Scout.Query | Arrived home
[13 INFO main 5039413] Scout.Query -> Verify.DriveTo | Go to unverified source
[13 INFO main 5075438] Verify.DriveTo -> Verify.Homing | Homing
[13 INFO main 5089590] Verify.Homing -> Scout.Query | Arrived home
[13 INFO main 5093061] Confirming: 3/9
[13 INFO main 5095187] Confirming: 4/9
[13 INFO main 5099748] Confirming: 5/9
[13 INFO main 5101855] Confirming: 7/9
[13 INFO main 5106494] Confirming: 9/9
[13 INFO main 5106819] Scout.Query -> Verify.DriveTo | Go to unverified source
[13 INFO main 5151793] Verify.DriveTo -> Verify.Homing | Homing
[13 INFO main 5181066] Confirming: 1/9
[13 INFO main 5183034] Confirming: 3/9
[13 INFO main 5185153] Confirming: 4/9
[13 INFO main 5187267] Confirming: 5/9
[13 INFO main 5191725] Confirming: 7/9
[13 INFO main 5193790] Confirming: 8/9
[13 INFO main 5195952] Confirming: 9/9
[13 INFO main 5211098] Verify.Homing -> Scout.Query | Arrived home
[13 INFO main 5211368] Scout.Query -> Verify.DriveTo | Go to unverified source
[13 INFO main 5282125] Verify.DriveTo -> Verify.Homing | Homing
[13 INFO main 5299412] Confirming: 1/9
[13 INFO main 5301438] Confirming: 2/9
[13 INFO main 5303506] Confirming: 3/9
[13 INFO main 5305536] Confirming: 4/9
[13 INFO main 5307561] Confirming: 5/9
[13 INFO main 5309675] Confirming: 6/9
[13 INFO main 5311725] Confirming: 7/9
[13 INFO main 5313833] Confirming: 8/9
[13 INFO main 5315903] Confirming: 9/9
[13 INFO main 5318121] Verify.Homing -> Scout.Query | Arrived home
[13 INFO main 5318364] Scout.Query -> Verify.DriveTo | Go to unverified source
[13 INFO main 5343924] Verify.DriveTo -> Verify.Homing | Homing
[13 INFO main 5358832] Confirming: 1/9
[13 INFO main 5358970] Verify.Homing -> Scout.Query | Arrived home
[13 INFO main 5360888] Confirming: 2/9
[13 INFO main 5363031] Confirming: 3/9
[13 INFO main 5367273] Confirming: 5/9
[13 INFO main 5369379] Confirming: 6/9
[13 INFO main 5371697] Confirming: 7/9
[13 INFO main 5373789] Confirming: 8/9
[13 INFO main 5375804] Confirming: 9/9
[13 INFO main 5376053] Scout.Query -> Verify.DriveTo | Go to unverified source
