[12 INFO main 60] Initialising Python Geth Console...
[12 INFO main 64] Initialising RandB board...
[12 INFO main 64] Initialising navigation...
[12 INFO main 64] Initialising random-walk...
[12 INFO main 64] Initialising odometry...
[12 INFO main 64] Initialising ground-sensors...
[12 INFO main 358] --//-- Starting Experiment --//--
[12 INFO main 1455] Idle.IDLE -> Scout.Query | Duration: 20.00
[12 INFO main 54334] Scout.Query -> Scout.GotoCenter | Drive to others reported pos
[12 INFO main 64649] Scout.GotoCenter -> Scout.Query | return to random walk
[12 INFO main 65546] Scout.Query -> Scout.GotoCenter | Drive to others reported pos
[12 INFO main 66237] Scout.GotoCenter -> Scout.Query | return to random walk
[12 INFO main 66647] Scout.Query -> Scout.GotoCenter | Drive to others reported pos
[12 INFO main 72353] Scout.GotoCenter -> Scout.Query | return to random walk
[12 INFO main 80875] Scout.Query -> Scout.GotoCenter | Drive to others reported pos
[12 INFO main 81764] Scout.GotoCenter -> Scout.Query | return to random walk
[12 INFO main 81973] Scout.Query -> Scout.GotoCenter | Drive to others reported pos
[12 INFO main 84468] Scout.GotoCenter -> Scout.Query | return to random walk
[12 INFO main 85080] Scout.Query -> Scout.GotoCenter | Drive to others reported pos
[12 INFO main 87071] Scout.GotoCenter -> Scout.Query | return to random walk
