[15 INFO main 27] Initialising Python Geth Console...
[15 INFO main 74] Initialising RandB board...
[15 INFO main 74] Initialising navigation...
[15 INFO main 74] Initialising random-walk...
[15 INFO main 74] Initialising odometry...
[15 INFO main 74] Initialising ground-sensors...
[15 INFO main 96] --//-- Starting Experiment --//--
[15 INFO main 1567] Idle.IDLE -> Faulty.Pending | 
[15 INFO main 21428] Faulty.Pending -> Faulty.DriveTo | Drive to fake source point
[15 INFO main 49215] Faulty.DriveTo -> Faulty.Homing | Homing
[15 INFO main 66438] Faulty.Homing -> Faulty.Pending | Pending random walk
[15 INFO main 66449] Faulty.Pending -> Faulty.DriveTo | Drive to fake source point
[15 INFO main 74200] Confirming: 1/9
[15 INFO main 76235] Confirming: 2/9
[15 INFO main 78240] Confirming: 3/9
[15 INFO main 80330] Confirming: 4/9
[15 INFO main 82578] Confirming: 5/9
[15 INFO main 84600] Confirming: 6/9
[15 INFO main 86635] Confirming: 7/9
[15 INFO main 88683] Confirming: 8/9
[15 INFO main 90649] Confirming: 9/9
[15 INFO main 105082] Faulty.DriveTo -> Faulty.Homing | Homing
[15 INFO main 132683] Faulty.Homing -> Faulty.Pending | Pending random walk
[15 INFO main 132736] Faulty.Pending -> Faulty.DriveTo | Drive to fake source point
[15 INFO main 134535] Confirming: 1/9
[15 INFO main 136580] Confirming: 2/9
[15 INFO main 138962] Confirming: 3/9
[15 INFO main 141012] Confirming: 4/9
[15 INFO main 143072] Confirming: 5/9
[15 INFO main 145067] Confirming: 6/9
[15 INFO main 147080] Confirming: 7/9
[15 INFO main 149250] Confirming: 8/9
[15 INFO main 151275] Confirming: 9/9
[15 INFO main 174765] Faulty.DriveTo -> Faulty.Homing | Homing
[15 INFO main 194093] Confirming: 1/9
[15 INFO main 196116] Confirming: 2/9
[15 INFO main 198179] Confirming: 3/9
[15 INFO main 198186] Faulty.Homing -> Faulty.Pending | Pending random walk
[15 INFO main 198371] Faulty.Pending -> Faulty.DriveTo | Drive to fake source point
[15 INFO main 200363] Confirming: 4/9
[15 INFO main 202463] Confirming: 5/9
[15 INFO main 204656] Confirming: 6/9
[15 INFO main 207285] Confirming: 7/9
[15 INFO main 209323] Confirming: 8/9
[15 INFO main 211351] Confirming: 9/9
[15 INFO main 268646] Faulty.DriveTo -> Faulty.Homing | Homing
[15 INFO main 283394] Confirming: 1/9
[15 INFO main 285449] Confirming: 2/9
[15 INFO main 287524] Confirming: 3/9
[15 INFO main 289882] Confirming: 4/9
[15 INFO main 291352] Faulty.Homing -> Faulty.Pending | Pending random walk
[15 INFO main 291454] Faulty.Pending -> Faulty.DriveTo | Drive to fake source point
[15 INFO main 291915] Confirming: 5/9
[15 INFO main 294033] Confirming: 6/9
[15 INFO main 296183] Confirming: 7/9
[15 INFO main 298404] Confirming: 8/9
[15 INFO main 300476] Confirming: 9/9
[15 INFO main 346698] Faulty.DriveTo -> Faulty.Homing | Homing
[15 INFO main 373288] Confirming: 1/9
[15 INFO main 375431] Confirming: 2/9
[15 INFO main 376785] Faulty.Homing -> Faulty.Pending | Pending random walk
[15 INFO main 376960] Faulty.Pending -> Faulty.DriveTo | Drive to fake source point
[15 INFO main 377540] Confirming: 4/9
[15 INFO main 379552] Confirming: 5/9
[15 INFO main 381644] Confirming: 6/9
[15 INFO main 383719] Confirming: 7/9
[15 INFO main 385739] Confirming: 8/9
[15 INFO main 389921] Confirming: 10/9
[15 INFO main 399760] Faulty.DriveTo -> Faulty.Homing | Homing
[15 INFO main 418881] Faulty.Homing -> Faulty.Pending | Pending random walk
[15 INFO main 419170] Faulty.Pending -> Faulty.DriveTo | Drive to fake source point
[15 INFO main 434654] Confirming: 1/9
[15 INFO main 436693] Confirming: 2/9
[15 INFO main 438782] Confirming: 3/9
[15 INFO main 440840] Confirming: 4/9
[15 INFO main 442920] Confirming: 5/9
[15 INFO main 444979] Confirming: 6/9
[15 INFO main 446976] Confirming: 7/9
[15 INFO main 449030] Confirming: 8/9
[15 INFO main 451100] Confirming: 9/9
[15 INFO main 457890] Faulty.DriveTo -> Faulty.Homing | Homing
[15 INFO main 464039] Confirming: 1/9
[15 INFO main 466099] Confirming: 2/9
[15 INFO main 468121] Confirming: 3/9
[15 INFO main 470224] Confirming: 4/9
[15 INFO main 472231] Confirming: 5/9
[15 INFO main 474254] Confirming: 6/9
[15 INFO main 476295] Confirming: 7/9
[15 INFO main 478378] Confirming: 8/9
[15 INFO main 480421] Confirming: 9/9
[15 INFO main 484377] Faulty.Homing -> Faulty.Pending | Pending random walk
[15 INFO main 484477] Faulty.Pending -> Faulty.DriveTo | Drive to fake source point
[15 INFO main 558045] Faulty.DriveTo -> Faulty.Homing | Homing
[15 INFO main 584870] Confirming: 2/9
[15 INFO main 585077] Faulty.Homing -> Faulty.Pending | Pending random walk
[15 INFO main 585099] Faulty.Pending -> Faulty.DriveTo | Drive to fake source point
[15 INFO main 586878] Confirming: 3/9
[15 INFO main 588898] Confirming: 4/9
[15 INFO main 590979] Confirming: 5/9
[15 INFO main 593050] Confirming: 6/9
[15 INFO main 595083] Confirming: 7/9
[15 INFO main 597110] Confirming: 8/9
[15 INFO main 599220] Confirming: 9/9
[15 INFO main 626242] Faulty.DriveTo -> Faulty.Homing | Homing
[15 INFO main 634536] Confirming: 1/9
[15 INFO main 636607] Confirming: 2/9
[15 INFO main 638733] Confirming: 3/9
[15 INFO main 640742] Confirming: 4/9
[15 INFO main 642794] Confirming: 5/9
[15 INFO main 644802] Confirming: 6/9
[15 INFO main 646855] Confirming: 7/9
[15 INFO main 648894] Confirming: 8/9
[15 INFO main 650951] Confirming: 9/9
[15 INFO main 651971] Faulty.Homing -> Faulty.Pending | Pending random walk
[15 INFO main 652186] Faulty.Pending -> Faulty.DriveTo | Drive to fake source point
[15 INFO main 711028] Faulty.DriveTo -> Faulty.Homing | Homing
[15 INFO main 734264] Confirming: 1/9
[15 INFO main 735194] Faulty.Homing -> Faulty.Pending | Pending random walk
[15 INFO main 735283] Faulty.Pending -> Faulty.DriveTo | Drive to fake source point
[15 INFO main 736376] Confirming: 2/9
[15 INFO main 738401] Confirming: 3/9
[15 INFO main 740440] Confirming: 4/9
[15 INFO main 742490] Confirming: 5/9
[15 INFO main 747044] Confirming: 7/9
[15 INFO main 749150] Confirming: 8/9
[15 INFO main 751210] Confirming: 9/9
[15 INFO main 784830] Faulty.DriveTo -> Faulty.Homing | Homing
[15 INFO main 795199] Confirming: 1/9
[15 INFO main 797288] Confirming: 2/9
[15 INFO main 799345] Confirming: 3/9
[15 INFO main 801447] Confirming: 5/9
[15 INFO main 803466] Confirming: 6/9
[15 INFO main 805516] Confirming: 7/9
[15 INFO main 807724] Confirming: 8/9
[15 INFO main 809978] Faulty.Homing -> Faulty.Pending | Pending random walk
[15 INFO main 810083] Faulty.Pending -> Faulty.DriveTo | Drive to fake source point
[15 INFO main 811869] Confirming: 10/9
[15 INFO main 839834] Faulty.DriveTo -> Faulty.Homing | Homing
[15 INFO main 854408] Confirming: 1/9
[15 INFO main 856427] Confirming: 2/9
[15 INFO main 858442] Confirming: 3/9
[15 INFO main 860471] Confirming: 4/9
[15 INFO main 862777] Confirming: 5/9
[15 INFO main 864786] Confirming: 6/9
[15 INFO main 866791] Confirming: 7/9
[15 INFO main 868738] Confirming: 8/9
[15 INFO main 869600] Faulty.Homing -> Faulty.Pending | Pending random walk
[15 INFO main 869840] Faulty.Pending -> Faulty.DriveTo | Drive to fake source point
[15 INFO main 870990] Confirming: 9/9
[15 INFO main 924765] Faulty.DriveTo -> Faulty.Homing | Homing
[15 INFO main 945243] Confirming: 1/9
[15 INFO main 945817] Faulty.Homing -> Faulty.Pending | Pending random walk
[15 INFO main 946016] Faulty.Pending -> Faulty.DriveTo | Drive to fake source point
[15 INFO main 947409] Confirming: 2/9
[15 INFO main 949494] Confirming: 4/9
[15 INFO main 951567] Confirming: 5/9
[15 INFO main 953580] Confirming: 6/9
[15 INFO main 955606] Confirming: 7/9
[15 INFO main 957718] Confirming: 8/9
[15 INFO main 959856] Confirming: 9/9
[15 INFO main 977448] Faulty.DriveTo -> Faulty.Homing | Homing
[15 INFO main 1003879] Confirming: 1/9
[15 INFO main 1005920] Confirming: 2/9
[15 INFO main 1007966] Confirming: 3/9
[15 INFO main 1010081] Confirming: 4/9
[15 INFO main 1012144] Confirming: 5/9
[15 INFO main 1014177] Confirming: 6/9
[15 INFO main 1015391] Faulty.Homing -> Faulty.Pending | Pending random walk
[15 INFO main 1015660] Faulty.Pending -> Faulty.DriveTo | Drive to fake source point
[15 INFO main 1016233] Confirming: 7/9
[15 INFO main 1018246] Confirming: 8/9
[15 INFO main 1020349] Confirming: 9/9
[15 INFO main 1034567] Faulty.DriveTo -> Faulty.Homing | Homing
[15 INFO main 1047555] Faulty.Homing -> Faulty.Pending | Pending random walk
[15 INFO main 1047808] Faulty.Pending -> Faulty.DriveTo | Drive to fake source point
[15 INFO main 1063496] Confirming: 1/9
[15 INFO main 1067621] Confirming: 3/9
[15 INFO main 1071715] Confirming: 5/9
[15 INFO main 1073820] Confirming: 6/9
[15 INFO main 1075949] Confirming: 7/9
[15 INFO main 1078074] Confirming: 8/9
[15 INFO main 1080147] Confirming: 9/9
[15 INFO main 1103265] Faulty.DriveTo -> Faulty.Homing | Homing
[15 INFO main 1119881] Confirming: 1/9
[15 INFO main 1121929] Confirming: 2/9
[15 INFO main 1124032] Confirming: 3/9
[15 INFO main 1126096] Confirming: 4/9
[15 INFO main 1128142] Confirming: 5/9
[15 INFO main 1130146] Confirming: 6/9
[15 INFO main 1132268] Confirming: 7/9
[15 INFO main 1134365] Confirming: 8/9
[15 INFO main 1136378] Confirming: 9/9
[15 INFO main 1141083] Faulty.Homing -> Faulty.Pending | Pending random walk
[15 INFO main 1141103] Faulty.Pending -> Faulty.DriveTo | Drive to fake source point
[15 INFO main 1158087] Faulty.DriveTo -> Faulty.Homing | Homing
[15 INFO main 1164706] Confirming: 1/9
[15 INFO main 1166742] Confirming: 2/9
[15 INFO main 1168848] Confirming: 3/9
[15 INFO main 1170880] Confirming: 4/9
[15 INFO main 1172861] Confirming: 5/9
[15 INFO main 1174959] Confirming: 6/9
[15 INFO main 1177079] Confirming: 7/9
[15 INFO main 1179107] Confirming: 8/9
[15 INFO main 1181186] Confirming: 9/9
[15 INFO main 1204365] Faulty.Homing -> Faulty.Pending | Pending random walk
[15 INFO main 1204546] Faulty.Pending -> Faulty.DriveTo | Drive to fake source point
[15 INFO main 1254112] Faulty.DriveTo -> Faulty.Homing | Homing
[15 INFO main 1260377] Confirming: 1/9
[15 INFO main 1262442] Confirming: 2/9
[15 INFO main 1264439] Confirming: 3/9
[15 INFO main 1266807] Confirming: 4/9
[15 INFO main 1268896] Confirming: 5/9
[15 INFO main 1270971] Confirming: 6/9
[15 INFO main 1273080] Confirming: 7/9
[15 INFO main 1275093] Confirming: 8/9
[15 INFO main 1277114] Confirming: 9/9
[15 INFO main 1279223] Faulty.Homing -> Faulty.Pending | Pending random walk
[15 INFO main 1279316] Faulty.Pending -> Faulty.DriveTo | Drive to fake source point
[15 INFO main 1327825] Faulty.DriveTo -> Faulty.Homing | Homing
[15 INFO main 1334178] Confirming: 1/9
[15 INFO main 1336227] Confirming: 2/9
[15 INFO main 1338248] Confirming: 3/9
[15 INFO main 1340309] Confirming: 4/9
[15 INFO main 1342466] Confirming: 5/9
[15 INFO main 1344554] Confirming: 6/9
[15 INFO main 1346607] Confirming: 7/9
[15 INFO main 1348606] Confirming: 8/9
[15 INFO main 1348761] Faulty.Homing -> Faulty.Pending | Pending random walk
[15 INFO main 1348854] Faulty.Pending -> Faulty.DriveTo | Drive to fake source point
[15 INFO main 1350725] Confirming: 9/9
[15 INFO main 1386138] Faulty.DriveTo -> Faulty.Homing | Homing
[15 INFO main 1394723] Confirming: 1/9
[15 INFO main 1396890] Confirming: 2/9
[15 INFO main 1398894] Confirming: 3/9
[15 INFO main 1400954] Confirming: 4/9
[15 INFO main 1402962] Confirming: 5/9
[15 INFO main 1405071] Confirming: 6/9
[15 INFO main 1407156] Confirming: 7/9
[15 INFO main 1409171] Confirming: 8/9
[15 INFO main 1411206] Confirming: 9/9
[15 INFO main 1414582] Faulty.Homing -> Faulty.Pending | Pending random walk
[15 INFO main 1414674] Faulty.Pending -> Faulty.DriveTo | Drive to fake source point
[15 INFO main 1449320] Faulty.DriveTo -> Faulty.Homing | Homing
[15 INFO main 1453600] Confirming: 1/9
[15 INFO main 1457735] Confirming: 3/9
[15 INFO main 1459759] Confirming: 4/9
[15 INFO main 1461852] Confirming: 5/9
[15 INFO main 1463994] Confirming: 6/9
[15 INFO main 1466037] Confirming: 7/9
[15 INFO main 1468047] Confirming: 8/9
[15 INFO main 1470112] Confirming: 9/9
[15 INFO main 1470123] Faulty.Homing -> Faulty.Pending | Pending random walk
[15 INFO main 1470155] Faulty.Pending -> Faulty.DriveTo | Drive to fake source point
[15 INFO main 1499456] Faulty.DriveTo -> Faulty.Homing | Homing
[15 INFO main 1514127] Confirming: 1/9
[15 INFO main 1516134] Confirming: 2/9
[15 INFO main 1518163] Confirming: 3/9
[15 INFO main 1520392] Confirming: 4/9
[15 INFO main 1522364] Confirming: 5/9
[15 INFO main 1524406] Confirming: 6/9
[15 INFO main 1526437] Confirming: 7/9
[15 INFO main 1528533] Confirming: 8/9
[15 INFO main 1528934] Faulty.Homing -> Faulty.Pending | Pending random walk
[15 INFO main 1528978] Faulty.Pending -> Faulty.DriveTo | Drive to fake source point
[15 INFO main 1530550] Confirming: 9/9
[15 INFO main 1573865] Faulty.DriveTo -> Faulty.Homing | Homing
[15 INFO main 1598006] Faulty.Homing -> Faulty.Pending | Pending random walk
[15 INFO main 1598046] Faulty.Pending -> Faulty.DriveTo | Drive to fake source point
[15 INFO main 1601235] Confirming: 1/9
[15 INFO main 1603282] Confirming: 2/9
[15 INFO main 1605330] Confirming: 3/9
[15 INFO main 1607507] Confirming: 5/9
[15 INFO main 1609583] Confirming: 6/9
[15 INFO main 1611620] Confirming: 7/9
[15 INFO main 1615770] Confirming: 9/9
[15 INFO main 1632601] Faulty.DriveTo -> Faulty.Homing | Homing
[15 INFO main 1655025] Faulty.Homing -> Faulty.Pending | Pending random walk
[15 INFO main 1655490] Faulty.Pending -> Faulty.DriveTo | Drive to fake source point
[15 INFO main 1657935] Confirming: 1/9
[15 INFO main 1660035] Confirming: 2/9
[15 INFO main 1664187] Confirming: 4/9
[15 INFO main 1666350] Confirming: 5/9
[15 INFO main 1668505] Confirming: 6/9
[15 INFO main 1670575] Confirming: 7/9
[15 INFO main 1672643] Confirming: 8/9
[15 INFO main 1674762] Confirming: 9/9
[15 INFO main 1705643] Faulty.DriveTo -> Faulty.Homing | Homing
[15 INFO main 1709821] Confirming: 1/9
[15 INFO main 1713987] Confirming: 2/9
[15 INFO main 1716095] Confirming: 4/9
[15 INFO main 1718094] Confirming: 5/9
[15 INFO main 1720184] Confirming: 6/9
[15 INFO main 1722229] Confirming: 7/9
[15 INFO main 1726370] Confirming: 9/9
[15 INFO main 1731310] Faulty.Homing -> Faulty.Pending | Pending random walk
[15 INFO main 1731396] Faulty.Pending -> Faulty.DriveTo | Drive to fake source point
[15 INFO main 1763510] Faulty.DriveTo -> Faulty.Homing | Homing
[15 INFO main 1784139] Confirming: 1/9
[15 INFO main 1786199] Confirming: 2/9
[15 INFO main 1788258] Confirming: 3/9
[15 INFO main 1790299] Confirming: 4/9
[15 INFO main 1791188] Faulty.Homing -> Faulty.Pending | Pending random walk
[15 INFO main 1791396] Faulty.Pending -> Faulty.DriveTo | Drive to fake source point
[15 INFO main 1792324] Confirming: 5/9
[15 INFO main 1796520] Confirming: 7/9
[15 INFO main 1798607] Confirming: 8/9
