[INFO main 27] Initialising peer buffer...
[INFO main 27] Initialising resource buffer...
[INFO main 27] Initialising TCP server...
[INFO main 27] Initialising RandB board...
[INFO main 28] Initialising ground-sensors...
[INFO main 28] Initialising random-walk...
[INFO main 893] --//-- Starting Experiment --//--
[INFO main 27025] Added resource: {"x": 0.56, "y": -1.14, "radius": 0.05, "quantity": 1, "quality": "red", "timeStamp": 0}
[INFO main 65274] Added resource: {"x": 0.52, "y": -0.37, "radius": 0.04, "quantity": 1, "quality": "red", "timeStamp": 0}
[INFO main 69879] Added resource: {"x": 0.32, "y": -0.32, "radius": 0.05, "quantity": 1, "quality": "green", "timeStamp": 0}
[INFO main 79992] Added resource: {"x": 0.38, "y": -0.52, "radius": 0.04, "quantity": 1, "quality": "yellow", "timeStamp": 0}
[INFO main 110631] Added resource: {"x": 0.65, "y": -0.62, "radius": 0.05, "quantity": 1, "quality": "blue", "timeStamp": 0}
[INFO main 114936] Added resource: {"x": 0.5, "y": -0.47, "radius": 0.06, "quantity": 1, "quality": "green", "timeStamp": 0}
[INFO main 143876] Removed resource: {"x": 0.38, "y": -0.52, "radius": 0.04, "quantity": 1, "quality": "yellow", "timeStamp": 0}
[INFO main 161197] Removed resource: {"x": 0.65, "y": -0.62, "radius": 0.05, "quantity": 1, "quality": "blue", "timeStamp": 0}
[INFO main 183425] Removed resource: {"x": 0.32, "y": -0.32, "radius": 0.05, "quantity": 1, "quality": "green", "timeStamp": 0}
[INFO main 202650] Removed resource: {"x": 0.5, "y": -0.47, "radius": 0.06, "quantity": 1, "quality": "green", "timeStamp": 0}
[INFO main 227182] Added resource: {"x": -0.08, "y": -1.03, "radius": 0.05, "quantity": 1, "quality": "blue", "timeStamp": 0}
[INFO main 229785] Added resource: {"x": 0.0, "y": -0.92, "radius": 0.05, "quantity": 1, "quality": "blue", "timeStamp": 0}
[INFO main 234893] Added resource: {"x": -0.0, "y": -0.67, "radius": 0.04, "quantity": 1, "quality": "blue", "timeStamp": 0}
[INFO main 254016] Removed resource: {"x": -0.0, "y": -0.67, "radius": 0.04, "quantity": 1, "quality": "blue", "timeStamp": 0}
[INFO main 289258] Removed resource: {"x": 0.0, "y": -0.92, "radius": 0.05, "quantity": 1, "quality": "blue", "timeStamp": 0}
[INFO main 359648] Removed resource: {"x": -0.08, "y": -1.03, "radius": 0.05, "quantity": 1, "quality": "blue", "timeStamp": 0}
[INFO main 429936] Added resource: {"x": 0.28, "y": 1.18, "radius": 0.04, "quantity": 1, "quality": "blue", "timeStamp": 0}
[INFO main 471190] Added resource: {"x": 0.25, "y": 1.06, "radius": 0.04, "quantity": 1, "quality": "yellow", "timeStamp": 0}
[INFO main 508134] Removed resource: {"x": 0.25, "y": 1.06, "radius": 0.04, "quantity": 1, "quality": "yellow", "timeStamp": 0}
[INFO main 523250] Removed resource: {"x": 0.28, "y": 1.18, "radius": 0.04, "quantity": 1, "quality": "blue", "timeStamp": 0}
[INFO main 538965] Added resource: {"x": 0.58, "y": 0.99, "radius": 0.05, "quantity": 1, "quality": "red", "timeStamp": 0}
[INFO main 596727] Removed resource: {"x": 0.52, "y": -0.37, "radius": 0.04, "quantity": 1, "quality": "red", "timeStamp": 0}
[INFO main 597028] Added resource: {"x": 0.54, "y": -0.35, "radius": 0.05, "quantity": 1, "quality": "green", "timeStamp": 0}
