[13 INFO main 30] Initialising Python Geth Console...
[13 INFO main 34] Initialising RandB board...
[13 INFO main 34] Initialising navigation...
[13 INFO main 34] Initialising random-walk...
[13 INFO main 34] Initialising odometry...
[13 INFO main 34] Initialising ground-sensors...
[13 INFO main 283] --//-- Starting Experiment --//--
[13 INFO main 1382] Idle.IDLE -> Scout.Query | Duration: 22.99
[13 INFO main 37043] Scout.Query -> Scout.GotoCenter | Drive to others reported pos
[13 INFO main 44342] Scout.GotoCenter -> Scout.Query | return to random walk
[13 INFO main 45343] Scout.Query -> Scout.GotoCenter | Drive to others reported pos
[13 INFO main 45643] Scout.GotoCenter -> Scout.Query | return to random walk
[13 INFO main 46345] Scout.Query -> Scout.GotoCenter | Drive to others reported pos
[13 INFO main 46544] Scout.GotoCenter -> Scout.Query | return to random walk
[13 INFO main 47445] Scout.Query -> Scout.GotoCenter | Drive to others reported pos
[13 INFO main 55057] Scout.GotoCenter -> Scout.Query | return to random walk
[13 INFO main 55760] Scout.Query -> Scout.GotoCenter | Drive to others reported pos
[13 INFO main 56558] Scout.GotoCenter -> Scout.Query | return to random walk
[13 INFO main 56761] Scout.Query -> Scout.GotoCenter | Drive to others reported pos
[13 INFO main 64869] Scout.GotoCenter -> Scout.Query | return to random walk
[13 INFO main 65174] Scout.Query -> Scout.GotoCenter | Drive to others reported pos
[13 INFO main 67576] Scout.GotoCenter -> Scout.Query | return to random walk
[13 INFO main 68375] Scout.Query -> Scout.GotoCenter | Drive to others reported pos
[13 INFO main 69273] Scout.GotoCenter -> Scout.Query | return to random walk
[13 INFO main 69377] Scout.Query -> Scout.GotoCenter | Drive to others reported pos
[13 INFO main 76480] Scout.GotoCenter -> Scout.Query | return to random walk
[13 INFO main 76589] Scout.Query -> Scout.GotoCenter | Drive to others reported pos
[13 INFO main 78283] Scout.GotoCenter -> Scout.Query | return to random walk
[13 INFO main 78688] Scout.Query -> Scout.GotoCenter | Drive to others reported pos
[13 INFO main 79582] Scout.GotoCenter -> Scout.Query | return to random walk
[13 INFO main 79693] Scout.Query -> Scout.GotoCenter | Drive to others reported pos
[13 INFO main 82294] Scout.GotoCenter -> Scout.Query | return to random walk
[13 INFO main 82799] Scout.Query -> Scout.GotoCenter | Drive to others reported pos
[13 INFO main 86195] Scout.GotoCenter -> Scout.Query | return to random walk
[13 INFO main 87101] Scout.Query -> Scout.GotoCenter | Drive to others reported pos
[13 INFO main 87293] Scout.GotoCenter -> Scout.Query | return to random walk
[13 INFO main 88102] Scout.Query -> Scout.GotoCenter | Drive to others reported pos
[13 INFO main 88387] Scout.GotoCenter -> Scout.Query | return to random walk
[13 INFO main 89203] Scout.Query -> Scout.GotoCenter | Drive to others reported pos
[13 INFO main 93503] Scout.GotoCenter -> Scout.Query | return to random walk
[13 INFO main 94505] Scout.Query -> Scout.GotoCenter | Drive to others reported pos
[13 INFO main 98708] Scout.GotoCenter -> Scout.Query | return to random walk
[13 INFO main 99608] Scout.Query -> Scout.GotoCenter | Drive to others reported pos
[13 INFO main 100822] Scout.GotoCenter -> Scout.Query | return to random walk
[13 INFO main 101612] Scout.Query -> Scout.GotoCenter | Drive to others reported pos
[13 INFO main 103407] Scout.GotoCenter -> Scout.Query | return to random walk
[13 INFO main 103627] Scout.Query -> Scout.GotoCenter | Drive to others reported pos
[13 INFO main 104314] Scout.GotoCenter -> Scout.Query | return to random walk
[13 INFO main 104630] Scout.Query -> Scout.GotoCenter | Drive to others reported pos
[13 INFO main 106230] Scout.GotoCenter -> Scout.Query | return to random walk
[13 INFO main 106732] Scout.Query -> Scout.GotoCenter | Drive to others reported pos
[13 INFO main 107418] Scout.GotoCenter -> Scout.Query | return to random walk
[13 INFO main 107734] Scout.Query -> Scout.GotoCenter | Drive to others reported pos
[13 INFO main 110119] Scout.GotoCenter -> Scout.Query | return to random walk
[13 INFO main 110933] Scout.Query -> Scout.GotoCenter | Drive to others reported pos
[13 INFO main 112128] Scout.GotoCenter -> Scout.Query | return to random walk
[13 INFO main 113116] Scout.Query -> Scout.GotoCenter | Drive to others reported pos
[13 INFO main 123936] Scout.GotoCenter -> Scout.Query | return to random walk
[13 INFO main 124552] Scout.Query -> Scout.GotoCenter | Drive to others reported pos
[13 INFO main 125239] Scout.GotoCenter -> Scout.Query | return to random walk
[13 INFO main 125651] Scout.Query -> Scout.GotoCenter | Drive to others reported pos
[13 INFO main 132647] Scout.GotoCenter -> Scout.Query | return to random walk
[13 INFO main 133060] Scout.Query -> Scout.GotoCenter | Drive to others reported pos
[13 INFO main 133951] Scout.GotoCenter -> Scout.Query | return to random walk
[13 INFO main 134161] Scout.Query -> Scout.GotoCenter | Drive to others reported pos
[13 INFO main 134753] Scout.GotoCenter -> Scout.Query | return to random walk
[13 INFO main 135163] Scout.Query -> Scout.GotoCenter | Drive to others reported pos
[13 INFO main 137055] Scout.GotoCenter -> Scout.Query | return to random walk
[13 INFO main 137363] Scout.Query -> Scout.GotoCenter | Drive to others reported pos
[13 INFO main 140367] Scout.GotoCenter -> Scout.Query | return to random walk
[13 INFO main 140566] Scout.Query -> Scout.GotoCenter | Drive to others reported pos
[13 INFO main 140660] Scout.GotoCenter -> Scout.Query | return to random walk
[13 INFO main 141669] Scout.Query -> Scout.GotoCenter | Drive to others reported pos
[13 INFO main 144764] Scout.GotoCenter -> Scout.Query | return to random walk
[13 INFO main 144874] Scout.Query -> Scout.GotoCenter | Drive to others reported pos
[13 INFO main 145065] Scout.GotoCenter -> Scout.Query | return to random walk
[13 INFO main 145876] Scout.Query -> Scout.GotoCenter | Drive to others reported pos
[13 INFO main 146568] Scout.GotoCenter -> Scout.Query | return to random walk
[13 INFO main 146974] Scout.Query -> Scout.GotoCenter | Drive to others reported pos
[13 INFO main 147478] Scout.GotoCenter -> Scout.Query | return to random walk
[13 INFO main 147979] Scout.Query -> Scout.GotoCenter | Drive to others reported pos
[13 INFO main 152076] Scout.GotoCenter -> Scout.Query | return to random walk
[13 INFO main 152271] Scout.Query -> Scout.GotoCenter | Drive to others reported pos
[13 INFO main 155180] Scout.GotoCenter -> Scout.Query | return to random walk
[13 INFO main 155290] Scout.Query -> Scout.GotoCenter | Drive to others reported pos
[13 INFO main 155577] Scout.GotoCenter -> Scout.Query | return to random walk
[13 INFO main 156387] Scout.Query -> Scout.GotoCenter | Drive to others reported pos
[13 INFO main 158086] Scout.GotoCenter -> Scout.Query | return to random walk
[13 INFO main 158590] Scout.Query -> Scout.GotoCenter | Drive to others reported pos
[13 INFO main 161383] Scout.GotoCenter -> Scout.Query | return to random walk
[13 INFO main 161596] Scout.Query -> Scout.GotoCenter | Drive to others reported pos
[13 INFO main 162790] Scout.GotoCenter -> Scout.Query | return to random walk
[13 INFO main 163699] Scout.Query -> Scout.GotoCenter | Drive to others reported pos
[13 INFO main 170399] Scout.GotoCenter -> Scout.Query | return to random walk
[13 INFO main 171104] Scout.Query -> Scout.GotoCenter | Drive to others reported pos
[13 INFO main 171500] Scout.GotoCenter -> Scout.Query | return to random walk
[13 INFO main 172210] Scout.Query -> Scout.GotoCenter | Drive to others reported pos
[13 INFO main 172294] Scout.GotoCenter -> Scout.Query | return to random walk
[13 INFO main 173211] Scout.Query -> Scout.GotoCenter | Drive to others reported pos
[13 INFO main 174213] Scout.GotoCenter -> Scout.Query | return to random walk
[13 INFO main 175312] Scout.Query -> Scout.GotoCenter | Drive to others reported pos
[13 INFO main 177110] Scout.GotoCenter -> Scout.Query | return to random walk
[13 INFO main 177403] Scout.Query -> Scout.GotoCenter | Drive to others reported pos
[13 INFO main 185719] Scout.GotoCenter -> Scout.Query | return to random walk
[13 INFO main 185820] Scout.Query -> Scout.GotoCenter | Drive to others reported pos
[13 INFO main 186320] Scout.GotoCenter -> Scout.Query | return to random walk
[13 INFO main 186821] Scout.Query -> Scout.GotoCenter | Drive to others reported pos
[13 INFO main 190426] Scout.GotoCenter -> Scout.Query | return to random walk
[13 INFO main 190928] Scout.Query -> Scout.GotoCenter | Drive to others reported pos
[13 INFO main 191223] Scout.GotoCenter -> Scout.Query | return to random walk
[13 INFO main 192020] Scout.Query -> Scout.GotoCenter | Drive to others reported pos
[13 INFO main 192224] Scout.GotoCenter -> Scout.Query | return to random walk
[13 INFO main 193025] Scout.Query -> Scout.GotoCenter | Drive to others reported pos
[13 INFO main 199423] Scout.GotoCenter -> Scout.Query | return to random walk
[13 INFO main 200244] Scout.Query -> Scout.GotoCenter | Drive to others reported pos
[13 INFO main 202233] Scout.GotoCenter -> Scout.Query | return to random walk
[13 INFO main 202435] Scout.Query -> Scout.GotoCenter | Drive to others reported pos
[13 INFO main 205846] Scout.GotoCenter -> Scout.Query | return to random walk
[13 INFO main 206540] Scout.Query -> Scout.GotoCenter | Drive to others reported pos
[13 INFO main 215052] Scout.GotoCenter -> Scout.Query | return to random walk
[13 INFO main 215759] Scout.Query -> Scout.GotoCenter | Drive to others reported pos
[13 INFO main 221460] Scout.GotoCenter -> Scout.Query | return to random walk
[13 INFO main 222161] Scout.Query -> Scout.GotoCenter | Drive to others reported pos
[13 INFO main 223368] Scout.GotoCenter -> Scout.Query | return to random walk
[13 INFO main 224268] Scout.Query -> Scout.GotoCenter | Drive to others reported pos
[13 INFO main 225169] Scout.GotoCenter -> Scout.Query | return to random walk
[13 INFO main 225269] Scout.Query -> Scout.GotoCenter | Drive to others reported pos
[13 INFO main 226671] Scout.GotoCenter -> Scout.Query | return to random walk
[13 INFO main 227367] Scout.Query -> Scout.GotoCenter | Drive to others reported pos
[13 INFO main 229666] Scout.GotoCenter -> Scout.Query | return to random walk
[13 INFO main 230472] Scout.Query -> Scout.GotoCenter | Drive to others reported pos
[13 INFO main 230877] Scout.GotoCenter -> Scout.Query | return to random walk
[13 INFO main 231574] Scout.Query -> Scout.GotoCenter | Drive to others reported pos
[13 INFO main 237083] Scout.GotoCenter -> Scout.Query | return to random walk
[13 INFO main 237889] Scout.Query -> Scout.GotoCenter | Drive to others reported pos
[13 INFO main 239584] Scout.GotoCenter -> Scout.Query | return to random walk
[13 INFO main 239989] Scout.Query -> Scout.GotoCenter | Drive to others reported pos
[13 INFO main 242585] Scout.GotoCenter -> Scout.Query | return to random walk
[13 INFO main 243197] Scout.Query -> Scout.GotoCenter | Drive to others reported pos
[13 INFO main 243896] Scout.GotoCenter -> Scout.Query | return to random walk
[13 INFO main 244296] Scout.Query -> Scout.GotoCenter | Drive to others reported pos
[13 INFO main 248097] Scout.GotoCenter -> Scout.Query | return to random walk
[13 INFO main 248499] Scout.Query -> Scout.GotoCenter | Drive to others reported pos
[13 INFO main 258514] Scout.GotoCenter -> Scout.Query | return to random walk
[13 INFO main 259015] Scout.Query -> Scout.GotoCenter | Drive to others reported pos
[13 INFO main 261613] Scout.GotoCenter -> Scout.Query | return to random walk
[13 INFO main 262217] Scout.Query -> Scout.GotoCenter | Drive to others reported pos
[13 INFO main 265622] Scout.GotoCenter -> Scout.Query | return to random walk
[13 INFO main 266416] Scout.Query -> Scout.GotoCenter | Drive to others reported pos
[13 INFO main 269526] Scout.GotoCenter -> Scout.Query | return to random walk
[13 INFO main 270529] Scout.Query -> Scout.GotoCenter | Drive to others reported pos
[13 INFO main 271326] Scout.GotoCenter -> Scout.Query | return to random walk
[13 INFO main 271634] Scout.Query -> Scout.GotoCenter | Drive to others reported pos
[13 INFO main 273732] Scout.GotoCenter -> Scout.Query | return to random walk
[13 INFO main 274839] Scout.Query -> Scout.GotoCenter | Drive to others reported pos
[13 INFO main 275839] Scout.GotoCenter -> Scout.Query | return to random walk
[13 INFO main 276938] Scout.Query -> Scout.GotoCenter | Drive to others reported pos
[13 INFO main 277835] Scout.GotoCenter -> Scout.Query | return to random walk
[13 INFO main 278023] Scout.Query -> Scout.GotoCenter | Drive to others reported pos
[13 INFO main 279036] Scout.GotoCenter -> Scout.Query | return to random walk
[13 INFO main 280036] Scout.Query -> Scout.GotoCenter | Drive to others reported pos
[13 INFO main 281042] Scout.GotoCenter -> Scout.Query | return to random walk
[13 INFO main 282136] Scout.Query -> Scout.GotoCenter | Drive to others reported pos
[13 INFO main 287648] Scout.GotoCenter -> Scout.Query | return to random walk
[13 INFO main 288348] Scout.Query -> Scout.GotoCenter | Drive to others reported pos
[13 INFO main 295156] Scout.GotoCenter -> Scout.Query | return to random walk
[13 INFO main 295556] Scout.Query -> Scout.GotoCenter | Drive to others reported pos
[13 INFO main 297359] Scout.GotoCenter -> Scout.Query | return to random walk
[13 INFO main 297661] Scout.Query -> Scout.GotoCenter | Drive to others reported pos
[13 INFO main 298460] Scout.GotoCenter -> Scout.Query | return to random walk
[13 INFO main 298759] Scout.Query -> Scout.GotoCenter | Drive to others reported pos
[13 INFO main 299361] Scout.GotoCenter -> Scout.Query | return to random walk
[13 INFO main 299763] Scout.Query -> Scout.GotoCenter | Drive to others reported pos
[13 INFO main 301061] Scout.GotoCenter -> Scout.Query | return to random walk
[13 INFO main 301959] Scout.Query -> Scout.GotoCenter | Drive to others reported pos
[13 INFO main 303368] Scout.GotoCenter -> Scout.Query | return to random walk
[13 INFO main 303959] Scout.Query -> Scout.GotoCenter | Drive to others reported pos
[13 INFO main 305167] Scout.GotoCenter -> Scout.Query | return to random walk
[13 INFO main 306073] Scout.Query -> Scout.GotoCenter | Drive to others reported pos
[13 INFO main 306768] Scout.GotoCenter -> Scout.Query | return to random walk
[13 INFO main 307075] Scout.Query -> Scout.GotoCenter | Drive to others reported pos
[13 INFO main 308474] Scout.GotoCenter -> Scout.Query | return to random walk
[13 INFO main 309174] Scout.Query -> Scout.GotoCenter | Drive to others reported pos
[13 INFO main 309472] Scout.GotoCenter -> Scout.Query | return to random walk
[13 INFO main 310272] Scout.Query -> Scout.GotoCenter | Drive to others reported pos
[13 INFO main 311177] Scout.GotoCenter -> Scout.Query | return to random walk
[13 INFO main 311274] Scout.Query -> Scout.GotoCenter | Drive to others reported pos
[13 INFO main 315279] Scout.GotoCenter -> Scout.Query | return to random walk
[13 INFO main 315488] Scout.Query -> Scout.GotoCenter | Drive to others reported pos
[13 INFO main 319682] Scout.GotoCenter -> Scout.Query | return to random walk
[13 INFO main 320696] Scout.Query -> Scout.GotoCenter | Drive to others reported pos
[13 INFO main 323388] Scout.GotoCenter -> Scout.Query | return to random walk
[13 INFO main 323792] Scout.Query -> Scout.GotoCenter | Drive to others reported pos
[13 INFO main 326093] Scout.GotoCenter -> Scout.Query | return to random walk
[13 INFO main 326796] Scout.Query -> Scout.GotoCenter | Drive to others reported pos
[13 INFO main 327894] Scout.GotoCenter -> Scout.Query | return to random walk
[13 INFO main 328810] Scout.Query -> Scout.GotoCenter | Drive to others reported pos
[13 INFO main 329812] Scout.GotoCenter -> Scout.Query | return to random walk
[13 INFO main 330911] Scout.Query -> Scout.GotoCenter | Drive to others reported pos
[13 INFO main 331601] Scout.GotoCenter -> Scout.Query | return to random walk
[13 INFO main 332007] Scout.Query -> Scout.GotoCenter | Drive to others reported pos
[13 INFO main 333102] Scout.GotoCenter -> Scout.Query | return to random walk
[13 INFO main 334106] Scout.Query -> Scout.GotoCenter | Drive to others reported pos
[13 INFO main 341017] Scout.GotoCenter -> Scout.Query | return to random walk
[13 INFO main 341519] Scout.Query -> Scout.GotoCenter | Drive to others reported pos
[13 INFO main 343215] Scout.GotoCenter -> Scout.Query | return to random walk
[13 INFO main 343719] Scout.Query -> Scout.GotoCenter | Drive to others reported pos
[13 INFO main 344617] Scout.GotoCenter -> Scout.Query | return to random walk
[13 INFO main 344822] Scout.Query -> Scout.GotoCenter | Drive to others reported pos
[13 INFO main 345616] Scout.GotoCenter -> Scout.Query | return to random walk
[13 INFO main 345823] Scout.Query -> Scout.GotoCenter | Drive to others reported pos
[13 INFO main 348121] Scout.GotoCenter -> Scout.Query | return to random walk
[13 INFO main 349027] Scout.Query -> Scout.GotoCenter | Drive to others reported pos
[13 INFO main 349824] Scout.GotoCenter -> Scout.Query | return to random walk
[13 INFO main 350030] Scout.Query -> Scout.GotoCenter | Drive to others reported pos
[13 INFO main 352126] Scout.GotoCenter -> Scout.Query | return to random walk
[13 INFO main 353136] Scout.Query -> Scout.GotoCenter | Drive to others reported pos
[13 INFO main 354028] Scout.GotoCenter -> Scout.Query | return to random walk
[13 INFO main 354229] Scout.Query -> Scout.GotoCenter | Drive to others reported pos
[13 INFO main 357431] Scout.GotoCenter -> Scout.Query | return to random walk
[13 INFO main 358339] Scout.Query -> Scout.GotoCenter | Drive to others reported pos
[13 INFO main 358934] Scout.GotoCenter -> Scout.Query | return to random walk
[13 INFO main 359429] Scout.Query -> Scout.GotoCenter | Drive to others reported pos
[13 INFO main 362142] Scout.GotoCenter -> Scout.Query | return to random walk
[13 INFO main 362540] Scout.Query -> Scout.GotoCenter | Drive to others reported pos
[13 INFO main 363740] Scout.GotoCenter -> Scout.Query | return to random walk
[13 INFO main 364542] Scout.Query -> Scout.GotoCenter | Drive to others reported pos
[13 INFO main 376847] Scout.GotoCenter -> Scout.Query | return to random walk
[13 INFO main 377258] Scout.Query -> Scout.GotoCenter | Drive to others reported pos
[13 INFO main 377557] Scout.GotoCenter -> Scout.Query | return to random walk
[13 INFO main 378259] Scout.Query -> Scout.GotoCenter | Drive to others reported pos
[13 INFO main 380362] Scout.GotoCenter -> Scout.Query | return to random walk
