[13 INFO main 30] Initialising Python Geth Console...
[13 INFO main 34] Initialising RandB board...
[13 INFO main 34] Initialising navigation...
[13 INFO main 34] Initialising random-walk...
[13 INFO main 34] Initialising odometry...
[13 INFO main 34] Initialising ground-sensors...
[13 INFO main 297] --//-- Starting Experiment --//--
[13 INFO main 1407] Idle.IDLE -> Scout.Query | Duration: 22.34
[13 INFO main 82706] Scout.Query -> Scout.GotoCenter | Drive to others reported pos
[13 INFO main 89514] Scout.GotoCenter -> Scout.Query | return to random walk
[13 INFO main 89916] Scout.Query -> Scout.GotoCenter | Drive to others reported pos
[13 INFO main 90614] Scout.GotoCenter -> Scout.Query | return to random walk
[13 INFO main 90916] Scout.Query -> Scout.GotoCenter | Drive to others reported pos
[13 INFO main 99516] Scout.GotoCenter -> Scout.Query | return to random walk
[13 INFO main 100137] Scout.Query -> Scout.GotoCenter | Drive to others reported pos
[13 INFO main 101131] Scout.GotoCenter -> Scout.Query | return to random walk
[13 INFO main 101227] Scout.Query -> Scout.GotoCenter | Drive to others reported pos
[13 INFO main 103831] Scout.GotoCenter -> Scout.Query | return to random walk
[13 INFO main 104332] Scout.Query -> Scout.GotoCenter | Drive to others reported pos
[13 INFO main 104633] Scout.GotoCenter -> Scout.Query | return to random walk
[13 INFO main 105439] Scout.Query -> Scout.GotoCenter | Drive to others reported pos
[13 INFO main 105635] Scout.GotoCenter -> Scout.Query | return to random walk
[13 INFO main 106538] Scout.Query -> Scout.GotoCenter | Drive to others reported pos
[13 INFO main 107038] Scout.GotoCenter -> Scout.Query | return to random walk
[13 INFO main 107540] Scout.Query -> Scout.GotoCenter | Drive to others reported pos
[13 INFO main 110130] Scout.GotoCenter -> Scout.Query | return to random walk
[13 INFO main 110739] Scout.Query -> Scout.GotoCenter | Drive to others reported pos
[13 INFO main 111530] Scout.GotoCenter -> Scout.Query | return to random walk
[13 INFO main 111743] Scout.Query -> Scout.GotoCenter | Drive to others reported pos
[13 INFO main 113441] Scout.GotoCenter -> Scout.Query | return to random walk
[13 INFO main 113949] Scout.Query -> Scout.GotoCenter | Drive to others reported pos
[13 INFO main 116246] Scout.GotoCenter -> Scout.Query | return to random walk
[13 INFO main 117045] Scout.Query -> Scout.GotoCenter | Drive to others reported pos
[13 INFO main 130059] Scout.GotoCenter -> Scout.Query | return to random walk
[13 INFO main 130772] Scout.Query -> Scout.GotoCenter | Drive to others reported pos
[13 INFO main 137560] Scout.GotoCenter -> Scout.Query | return to random walk
[13 INFO main 138277] Scout.Query -> Scout.GotoCenter | Drive to others reported pos
[13 INFO main 138977] Scout.GotoCenter -> Scout.Query | return to random walk
[13 INFO main 139277] Scout.Query -> Scout.GotoCenter | Drive to others reported pos
[13 INFO main 144678] Scout.GotoCenter -> Scout.Query | return to random walk
[13 INFO main 145480] Scout.Query -> Scout.GotoCenter | Drive to others reported pos
[13 INFO main 147790] Scout.GotoCenter -> Scout.Query | return to random walk
[13 INFO main 148582] Scout.Query -> Scout.GotoCenter | Drive to others reported pos
[13 INFO main 148786] Scout.GotoCenter -> Scout.Query | return to random walk
[13 INFO main 149582] Scout.Query -> Scout.GotoCenter | Drive to others reported pos
[13 INFO main 149892] Scout.GotoCenter -> Scout.Query | return to random walk
[13 INFO main 150585] Scout.Query -> Scout.GotoCenter | Drive to others reported pos
[13 INFO main 154597] Scout.GotoCenter -> Scout.Query | return to random walk
[13 INFO main 154689] Scout.Query -> Scout.GotoCenter | Drive to others reported pos
[13 INFO main 157795] Scout.GotoCenter -> Scout.Query | return to random walk
