[2 INFO main 28] Initialising Python Geth Console...
[2 INFO main 33] Initialising RandB board...
[2 INFO main 33] Initialising navigation...
[2 INFO main 33] Initialising random-walk...
[2 INFO main 33] Initialising odometry...
[2 INFO main 33] Initialising ground-sensors...
[2 INFO main 975] --//-- Starting Experiment --//--
[2 INFO main 2077] Idle.IDLE -> Scout.Query | Duration: 19.80
[2 INFO main 16153] Scout.Query -> Scout.GotoCenter | Drive to others reported pos
[2 INFO main 38680] Scout.GotoCenter -> Scout.Query | return to random walk
[2 INFO main 84443] Scout.Query -> Scout.GotoCenter | Drive to others reported pos
[2 INFO main 146437] Scout.GotoCenter -> Scout.Query | return to random walk
[2 INFO main 177289] Scout.Query -> Scout.GotoCenter | Drive to others reported pos
[2 INFO main 219656] Scout.GotoCenter -> Scout.Query | return to random walk
[2 INFO main 423589] Scout.Query -> Scout.GotoCenter | Drive to others reported pos
[2 INFO main 477656] Scout.GotoCenter -> Scout.Query | return to random walk
[2 INFO main 513871] Scout.Query -> Scout.GotoCenter | Drive to others reported pos
[2 INFO main 569957] Scout.GotoCenter -> Scout.Query | return to random walk
[2 INFO main 595387] Scout.Query -> Scout.GotoCenter | Drive to others reported pos
[2 INFO main 627047] Scout.GotoCenter -> Scout.Query | return to random walk
[2 INFO main 698164] Scout.Query -> Scout.GotoCenter | Drive to others reported pos
[2 INFO main 719685] Scout.GotoCenter -> Scout.Query | return to random walk
