[11 INFO main 28] Initialising Python Geth Console...
[11 INFO main 34] Initialising RandB board...
[11 INFO main 34] Initialising navigation...
[11 INFO main 34] Initialising random-walk...
[11 INFO main 34] Initialising odometry...
[11 INFO main 34] Initialising ground-sensors...
[11 INFO main 293] --//-- Starting Experiment --//--
[11 INFO main 1828] Idle.IDLE -> Scout.Query | Duration: 29.13
[11 INFO main 39201] Scout.Query -> Verify.DriveTo | Go to unverified source
[11 INFO main 148632] Verify.DriveTo -> Verify.Homing | Homing
[11 INFO main 171985] Verify.Homing -> Scout.Query | Arrived home
[11 INFO main 181784] Confirming: 1/9
[11 INFO main 183911] Confirming: 2/9
[11 INFO main 186032] Confirming: 3/9
[11 INFO main 188058] Confirming: 4/9
[11 INFO main 190132] Confirming: 5/9
[11 INFO main 192195] Confirming: 6/9
[11 INFO main 194214] Confirming: 7/9
[11 INFO main 196260] Confirming: 8/9
[11 INFO main 198267] Confirming: 9/9
[11 INFO main 198488] Scout.Query -> Verify.DriveTo | Go to unverified source
[11 INFO main 232105] Verify.DriveTo -> Verify.Homing | Homing
[11 INFO main 242739] Confirming: 1/9
[11 INFO main 244751] Confirming: 2/9
[11 INFO main 246855] Confirming: 3/9
[11 INFO main 247852] Verify.Homing -> Scout.Query | Arrived home
[11 INFO main 248887] Confirming: 4/9
[11 INFO main 253076] Confirming: 6/9
[11 INFO main 255091] Confirming: 7/9
[11 INFO main 257112] Confirming: 8/9
[11 INFO main 259107] Confirming: 9/9
[11 INFO main 259755] Scout.Query -> Verify.DriveTo | Go to unverified source
[11 INFO main 309880] Verify.DriveTo -> Verify.Homing | Homing
[11 INFO main 326984] Verify.Homing -> Scout.Query | Arrived home
[11 INFO main 333175] Confirming: 1/9
[11 INFO main 335228] Confirming: 2/9
[11 INFO main 337316] Confirming: 4/9
[11 INFO main 339537] Confirming: 5/9
[11 INFO main 343699] Confirming: 7/9
[11 INFO main 347793] Confirming: 9/9
[11 INFO main 347861] Scout.Query -> Verify.DriveTo | Go to unverified source
[11 INFO main 378895] Verify.DriveTo -> Verify.Homing | Homing
[11 INFO main 394327] Confirming: 1/9
[11 INFO main 398372] Confirming: 2/9
[11 INFO main 399025] Verify.Homing -> Scout.Query | Arrived home
[11 INFO main 425585] Confirming: 3/9
[11 INFO main 427633] Confirming: 4/9
[11 INFO main 431708] Confirming: 6/9
[11 INFO main 433715] Confirming: 7/9
[11 INFO main 435723] Confirming: 8/9
[11 INFO main 437793] Confirming: 9/9
[11 INFO main 437817] Scout.Query -> Verify.DriveTo | Go to unverified source
[11 INFO main 498463] Verify.DriveTo -> Verify.Homing | Homing
[11 INFO main 504706] Confirming: 1/9
[11 INFO main 506821] Confirming: 2/9
[11 INFO main 508842] Confirming: 3/9
[11 INFO main 510857] Confirming: 4/9
[11 INFO main 512880] Confirming: 5/9
[11 INFO main 514904] Confirming: 6/9
[11 INFO main 514904] Verify.Homing -> Scout.Query | Arrived home
[11 INFO main 516913] Confirming: 7/9
[11 INFO main 519018] Confirming: 8/9
[11 INFO main 521019] Confirming: 9/9
[11 INFO main 521448] Scout.Query -> Verify.DriveTo | Go to unverified source
[11 INFO main 645748] Verify.DriveTo -> Verify.Homing | Homing
[11 INFO main 663101] Confirming: 1/9
[11 INFO main 665228] Confirming: 2/9
[11 INFO main 667232] Confirming: 3/9
[11 INFO main 669296] Confirming: 4/9
[11 INFO main 671336] Confirming: 5/9
[11 INFO main 672981] Verify.Homing -> Scout.Query | Arrived home
[11 INFO main 673399] Confirming: 6/9
[11 INFO main 675516] Confirming: 8/9
[11 INFO main 677582] Confirming: 9/9
[11 INFO main 677747] Scout.Query -> Verify.DriveTo | Go to unverified source
[11 INFO main 796095] Verify.DriveTo -> Verify.Homing | Homing
[11 INFO main 810906] Confirming: 1/9
[11 INFO main 812977] Confirming: 2/9
[11 INFO main 815530] Confirming: 3/9
[11 INFO main 817631] Confirming: 4/9
[11 INFO main 821848] Confirming: 6/9
[11 INFO main 824049] Confirming: 7/9
[11 INFO main 826461] Confirming: 8/9
[11 INFO main 827498] Verify.Homing -> Scout.Query | Arrived home
[11 INFO main 828483] Confirming: 9/9
[11 INFO main 828846] Scout.Query -> Verify.DriveTo | Go to unverified source
[11 INFO main 928454] Verify.DriveTo -> Verify.Homing | Homing
[11 INFO main 943384] Confirming: 2/9
[11 INFO main 945484] Confirming: 4/9
[11 INFO main 949516] Confirming: 6/9
[11 INFO main 953954] Confirming: 7/9
[11 INFO main 955956] Confirming: 9/9
[11 INFO main 964505] Verify.Homing -> Scout.Query | Arrived home
[11 INFO main 964696] Scout.Query -> Verify.DriveTo | Go to unverified source
[11 INFO main 1012419] Verify.DriveTo -> Verify.Homing | Homing
[11 INFO main 1024826] Confirming: 1/9
[11 INFO main 1027045] Confirming: 2/9
[11 INFO main 1029063] Confirming: 3/9
[11 INFO main 1031127] Confirming: 4/9
[11 INFO main 1033137] Confirming: 5/9
[11 INFO main 1035335] Confirming: 6/9
[11 INFO main 1037401] Confirming: 8/9
[11 INFO main 1039416] Confirming: 9/9
[11 INFO main 1040492] Verify.Homing -> Scout.Query | Arrived home
[11 INFO main 1040734] Scout.Query -> Verify.DriveTo | Go to unverified source
[11 INFO main 1167867] Verify.DriveTo -> Verify.Homing | Homing
[11 INFO main 1176277] Confirming: 1/9
[11 INFO main 1178371] Confirming: 3/9
[11 INFO main 1182529] Confirming: 4/9
[11 INFO main 1184551] Confirming: 5/9
[11 INFO main 1186617] Confirming: 7/9
[11 INFO main 1188694] Confirming: 8/9
[11 INFO main 1190743] Confirming: 9/9
[11 INFO main 1275048] Verify.Homing -> Scout.Query | Arrived home
[11 INFO main 1275074] Scout.Query -> Verify.DriveTo | Go to unverified source
[11 INFO main 1310540] Verify.DriveTo -> Verify.Homing | Homing
[11 INFO main 1325516] Confirming: 1/9
[11 INFO main 1329601] Confirming: 4/9
[11 INFO main 1331613] Confirming: 5/9
[11 INFO main 1331613] Verify.Homing -> Scout.Query | Arrived home
[11 INFO main 1335829] Confirming: 6/9
[11 INFO main 1337873] Confirming: 8/9
[11 INFO main 1339900] Confirming: 9/9
[11 INFO main 1340634] Scout.Query -> Verify.DriveTo | Go to unverified source
[11 INFO main 1428277] Verify.DriveTo -> Verify.Homing | Homing
[11 INFO main 1449035] Confirming: 1/9
[11 INFO main 1451063] Confirming: 2/9
[11 INFO main 1453144] Confirming: 3/9
[11 INFO main 1455167] Confirming: 4/9
[11 INFO main 1457176] Confirming: 5/9
[11 INFO main 1458774] Verify.Homing -> Scout.Query | Arrived home
[11 INFO main 1459181] Confirming: 6/9
[11 INFO main 1461211] Confirming: 7/9
[11 INFO main 1463219] Confirming: 8/9
[11 INFO main 1465292] Confirming: 9/9
[11 INFO main 1465598] Scout.Query -> Verify.DriveTo | Go to unverified source
[11 INFO main 1503536] Verify.DriveTo -> Verify.Homing | Homing
[11 INFO main 1507945] Confirming: 1/9
[11 INFO main 1510006] Confirming: 2/9
[11 INFO main 1512114] Confirming: 3/9
[11 INFO main 1514265] Confirming: 4/9
[11 INFO main 1516276] Confirming: 5/9
[11 INFO main 1518462] Confirming: 6/9
[11 INFO main 1520521] Confirming: 7/9
[11 INFO main 1522542] Confirming: 8/9
[11 INFO main 1523969] Verify.Homing -> Scout.Query | Arrived home
[11 INFO main 1524571] Confirming: 9/9
[11 INFO main 1525228] Scout.Query -> Verify.DriveTo | Go to unverified source
[11 INFO main 1564248] Verify.DriveTo -> Verify.Homing | Homing
[11 INFO main 1583717] Verify.Homing -> Scout.Query | Arrived home
[11 INFO main 1593370] Confirming: 3/9
[11 INFO main 1597522] Confirming: 5/9
[11 INFO main 1599585] Confirming: 6/9
[11 INFO main 1604107] Confirming: 7/9
[11 INFO main 1606170] Confirming: 9/9
[11 INFO main 1606437] Scout.Query -> Verify.DriveTo | Go to unverified source
[11 INFO main 1650199] Verify.DriveTo -> Verify.Homing | Homing
[11 INFO main 1664945] Confirming: 1/9
[11 INFO main 1666969] Confirming: 2/9
[11 INFO main 1668984] Confirming: 3/9
[11 INFO main 1670809] Verify.Homing -> Scout.Query | Arrived home
[11 INFO main 1671012] Confirming: 4/9
[11 INFO main 1673039] Confirming: 5/9
[11 INFO main 1675106] Confirming: 6/9
[11 INFO main 1677051] Confirming: 7/9
[11 INFO main 1679173] Confirming: 8/9
[11 INFO main 1681186] Confirming: 9/9
[11 INFO main 1681831] Scout.Query -> Verify.DriveTo | Go to unverified source
[11 INFO main 1727241] Verify.DriveTo -> Verify.Homing | Homing
[11 INFO main 1747842] Confirming: 1/9
[11 INFO main 1749860] Confirming: 2/9
[11 INFO main 1751941] Confirming: 3/9
[11 INFO main 1753967] Confirming: 4/9
[11 INFO main 1754793] Verify.Homing -> Scout.Query | Arrived home
[11 INFO main 1755996] Confirming: 5/9
[11 INFO main 1760136] Confirming: 7/9
[11 INFO main 1762185] Confirming: 8/9
[11 INFO main 1764208] Confirming: 9/9
[11 INFO main 1764574] Scout.Query -> Verify.DriveTo | Go to unverified source
