[4 INFO main 27] Initialising Python Geth Console...
[4 INFO main 32] Initialising RandB board...
[4 INFO main 32] Initialising navigation...
[4 INFO main 32] Initialising random-walk...
[4 INFO main 32] Initialising odometry...
[4 INFO main 32] Initialising ground-sensors...
[4 INFO main 652] --//-- Starting Experiment --//--
[4 INFO main 2008] Idle.IDLE -> Scout.Query | Duration: 27.96
[4 INFO main 28331] Scout.Query -> Verify.DriveTo | Go to unverified source
[4 INFO main 66339] Verify.DriveTo -> Verify.Homing | Homing
[4 INFO main 94397] Verify.Homing -> Scout.Query | Arrived home
[4 INFO main 101722] Confirming: 1/9
[4 INFO main 103742] Confirming: 2/9
[4 INFO main 105838] Confirming: 3/9
[4 INFO main 107846] Confirming: 4/9
[4 INFO main 109930] Confirming: 5/9
[4 INFO main 112066] Confirming: 6/9
[4 INFO main 114094] Confirming: 7/9
[4 INFO main 116139] Confirming: 8/9
[4 INFO main 118143] Confirming: 9/9
[4 INFO main 118861] Scout.Query -> Verify.DriveTo | Go to unverified source
[4 INFO main 168239] Verify.DriveTo -> Verify.Homing | Homing
[4 INFO main 189003] Confirming: 1/9
[4 INFO main 191089] Confirming: 2/9
[4 INFO main 193177] Confirming: 3/9
[4 INFO main 194906] Verify.Homing -> Scout.Query | Arrived home
[4 INFO main 230449] Confirming: 5/9
[4 INFO main 232521] Confirming: 6/9
[4 INFO main 234612] Confirming: 7/9
[4 INFO main 236601] Confirming: 8/9
[4 INFO main 238858] Confirming: 9/9
[4 INFO main 238887] Scout.Query -> Verify.DriveTo | Go to unverified source
[4 INFO main 279978] Verify.DriveTo -> Verify.Homing | Homing
[4 INFO main 298879] Verify.Homing -> Scout.Query | Arrived home
[4 INFO main 304597] Confirming: 2/9
[4 INFO main 306750] Confirming: 3/9
[4 INFO main 308889] Confirming: 4/9
[4 INFO main 311106] Confirming: 5/9
[4 INFO main 313198] Confirming: 6/9
[4 INFO main 315283] Confirming: 8/9
[4 INFO main 317407] Confirming: 9/9
[4 INFO main 317863] Scout.Query -> Verify.DriveTo | Go to unverified source
[4 INFO main 339255] Verify.DriveTo -> Verify.Homing | Homing
[4 INFO main 359792] Verify.Homing -> Scout.Query | Arrived home
[4 INFO main 374793] Confirming: 1/9
[4 INFO main 376921] Confirming: 2/9
[4 INFO main 379003] Confirming: 3/9
[4 INFO main 381033] Confirming: 4/9
[4 INFO main 383049] Confirming: 5/9
[4 INFO main 385079] Confirming: 6/9
[4 INFO main 387206] Confirming: 7/9
[4 INFO main 389254] Confirming: 9/9
[4 INFO main 389257] Scout.Query -> Scout.PrepSend | Homing
[4 INFO main 389339] Scout.PrepSend -> Verify.Homing | Homing
[4 INFO main 399745] Confirming: 1/9
[4 INFO main 401837] Confirming: 2/9
[4 INFO main 403889] Confirming: 3/9
[4 INFO main 404852] Verify.Homing -> Scout.Query | Arrived home
[4 INFO main 405957] Confirming: 4/9
[4 INFO main 407986] Confirming: 5/9
[4 INFO main 409992] Confirming: 6/9
[4 INFO main 412125] Confirming: 7/9
[4 INFO main 414222] Confirming: 8/9
[4 INFO main 416259] Confirming: 9/9
[4 INFO main 416870] Scout.Query -> Verify.DriveTo | Go to unverified source
[4 INFO main 443511] Verify.DriveTo -> Verify.Homing | Homing
[4 INFO main 464545] Confirming: 1/9
[4 INFO main 466609] Confirming: 2/9
[4 INFO main 468698] Confirming: 3/9
[4 INFO main 470826] Confirming: 4/9
[4 INFO main 472922] Confirming: 5/9
[4 INFO main 474983] Confirming: 6/9
[4 INFO main 477050] Confirming: 7/9
[4 INFO main 479117] Confirming: 8/9
[4 INFO main 481131] Confirming: 9/9
[4 INFO main 487793] Verify.Homing -> Scout.Query | Arrived home
[4 INFO main 487926] Scout.Query -> Verify.DriveTo | Go to unverified source
[4 INFO main 517127] Verify.DriveTo -> Verify.Homing | Homing
[4 INFO main 523526] Confirming: 1/9
[4 INFO main 525561] Confirming: 2/9
[4 INFO main 527641] Confirming: 3/9
[4 INFO main 531692] Confirming: 5/9
[4 INFO main 533756] Confirming: 6/9
[4 INFO main 534978] Verify.Homing -> Scout.Query | Arrived home
[4 INFO main 535818] Confirming: 7/9
[4 INFO main 537962] Confirming: 8/9
[4 INFO main 539990] Confirming: 9/9
[4 INFO main 540158] Scout.Query -> Verify.DriveTo | Go to unverified source
[4 INFO main 584727] Verify.DriveTo -> Verify.Homing | Homing
[4 INFO main 613907] Confirming: 1/9
[4 INFO main 615918] Confirming: 2/9
[4 INFO main 616319] Verify.Homing -> Scout.Query | Arrived home
[4 INFO main 617984] Confirming: 3/9
[4 INFO main 620230] Confirming: 4/9
[4 INFO main 622293] Confirming: 5/9
[4 INFO main 624335] Confirming: 6/9
[4 INFO main 626414] Confirming: 7/9
[4 INFO main 628454] Confirming: 8/9
[4 INFO main 630473] Confirming: 9/9
[4 INFO main 630500] Scout.Query -> Verify.DriveTo | Go to unverified source
[4 INFO main 665770] Verify.DriveTo -> Verify.Homing | Homing
[4 INFO main 686200] Confirming: 1/9
[4 INFO main 687404] Verify.Homing -> Scout.Query | Arrived home
[4 INFO main 688267] Confirming: 2/9
[4 INFO main 690366] Confirming: 3/9
[4 INFO main 692361] Confirming: 4/9
[4 INFO main 694373] Confirming: 5/9
[4 INFO main 696415] Confirming: 6/9
[4 INFO main 698492] Confirming: 7/9
[4 INFO main 700589] Confirming: 8/9
[4 INFO main 702631] Confirming: 9/9
[4 INFO main 702802] Scout.Query -> Verify.DriveTo | Go to unverified source
[4 INFO main 739363] Verify.DriveTo -> Verify.Homing | Homing
[4 INFO main 765727] Verify.Homing -> Scout.Query | Arrived home
[4 INFO main 766661] Confirming: 2/9
[4 INFO main 768704] Confirming: 3/9
[4 INFO main 770809] Confirming: 4/9
[4 INFO main 772865] Confirming: 5/9
[4 INFO main 774933] Confirming: 6/9
[4 INFO main 777025] Confirming: 7/9
[4 INFO main 779092] Confirming: 8/9
[4 INFO main 781210] Confirming: 9/9
[4 INFO main 781242] Scout.Query -> Verify.DriveTo | Go to unverified source
[4 INFO main 832100] Verify.DriveTo -> Verify.Homing | Homing
[4 INFO main 850900] Confirming: 1/9
[4 INFO main 855077] Confirming: 3/9
[4 INFO main 855506] Verify.Homing -> Scout.Query | Arrived home
[4 INFO main 857109] Confirming: 4/9
[4 INFO main 859237] Confirming: 6/9
[4 INFO main 861306] Confirming: 7/9
[4 INFO main 865451] Confirming: 9/9
[4 INFO main 865633] Scout.Query -> Verify.DriveTo | Go to unverified source
[4 INFO main 888239] Verify.DriveTo -> Verify.Homing | Homing
[4 INFO main 913298] Confirming: 1/9
[4 INFO main 915635] Verify.Homing -> Scout.Query | Arrived home
[4 INFO main 917652] Confirming: 3/9
[4 INFO main 919781] Confirming: 4/9
[4 INFO main 921830] Confirming: 5/9
[4 INFO main 925822] Confirming: 7/9
[4 INFO main 929985] Confirming: 9/9
[4 INFO main 930539] Scout.Query -> Verify.DriveTo | Go to unverified source
[4 INFO main 974808] Verify.DriveTo -> Verify.Homing | Homing
[4 INFO main 993701] Confirming: 2/9
[4 INFO main 998078] Verify.Homing -> Scout.Query | Arrived home
[4 INFO main 1004067] Confirming: 6/9
[4 INFO main 1006174] Confirming: 8/9
[4 INFO main 1008290] Confirming: 9/9
[4 INFO main 1009143] Scout.Query -> Verify.DriveTo | Go to unverified source
[4 INFO main 1049569] Verify.DriveTo -> Verify.Homing | Homing
[4 INFO main 1064167] Confirming: 1/9
[4 INFO main 1066238] Confirming: 2/9
[4 INFO main 1068278] Confirming: 3/9
[4 INFO main 1068279] Verify.Homing -> Scout.Query | Arrived home
[4 INFO main 1070279] Confirming: 4/9
[4 INFO main 1072436] Confirming: 5/9
[4 INFO main 1074442] Confirming: 6/9
[4 INFO main 1076526] Confirming: 7/9
[4 INFO main 1078544] Confirming: 8/9
[4 INFO main 1080714] Confirming: 9/9
[4 INFO main 1081291] Scout.Query -> Verify.DriveTo | Go to unverified source
[4 INFO main 1130273] Verify.DriveTo -> Verify.Homing | Homing
[4 INFO main 1140653] Confirming: 1/9
[4 INFO main 1142811] Confirming: 2/9
[4 INFO main 1144834] Confirming: 3/9
[4 INFO main 1146858] Confirming: 4/9
[4 INFO main 1148902] Confirming: 5/9
[4 INFO main 1150915] Confirming: 6/9
[4 INFO main 1152919] Confirming: 7/9
[4 INFO main 1154949] Confirming: 8/9
[4 INFO main 1155461] Verify.Homing -> Scout.Query | Arrived home
[4 INFO main 1157004] Confirming: 9/9
[4 INFO main 1157711] Scout.Query -> Verify.DriveTo | Go to unverified source
[4 INFO main 1203753] Verify.DriveTo -> Verify.Homing | Homing
[4 INFO main 1214230] Confirming: 1/9
[4 INFO main 1216239] Confirming: 2/9
[4 INFO main 1218312] Confirming: 3/9
[4 INFO main 1220328] Confirming: 4/9
[4 INFO main 1222492] Confirming: 5/9
[4 INFO main 1223139] Verify.Homing -> Scout.Query | Arrived home
[4 INFO main 1224569] Confirming: 6/9
[4 INFO main 1226619] Confirming: 7/9
[4 INFO main 1228670] Confirming: 8/9
[4 INFO main 1230761] Confirming: 9/9
[4 INFO main 1230805] Scout.Query -> Verify.DriveTo | Go to unverified source
[4 INFO main 1275292] Verify.DriveTo -> Verify.Homing | Homing
[4 INFO main 1297087] Verify.Homing -> Scout.Query | Arrived home
[4 INFO main 1304302] Confirming: 1/9
[4 INFO main 1306372] Confirming: 2/9
[4 INFO main 1308449] Confirming: 3/9
[4 INFO main 1310490] Confirming: 4/9
[4 INFO main 1312534] Confirming: 5/9
[4 INFO main 1314567] Confirming: 6/9
[4 INFO main 1316609] Confirming: 7/9
[4 INFO main 1318637] Confirming: 8/9
[4 INFO main 1320659] Confirming: 9/9
[4 INFO main 1321136] Scout.Query -> Verify.DriveTo | Go to unverified source
[4 INFO main 1365391] Verify.DriveTo -> Verify.Homing | Homing
[4 INFO main 1381990] Confirming: 1/9
[4 INFO main 1384081] Confirming: 2/9
[4 INFO main 1386166] Confirming: 3/9
[4 INFO main 1386889] Verify.Homing -> Scout.Query | Arrived home
[4 INFO main 1388254] Confirming: 4/9
[4 INFO main 1390392] Confirming: 5/9
[4 INFO main 1394439] Confirming: 7/9
[4 INFO main 1396513] Confirming: 8/9
[4 INFO main 1398547] Confirming: 9/9
[4 INFO main 1398684] Scout.Query -> Verify.DriveTo | Go to unverified source
[4 INFO main 1430103] Verify.DriveTo -> Verify.Homing | Homing
[4 INFO main 1451775] Verify.Homing -> Scout.Query | Arrived home
[4 INFO main 1454770] Confirming: 1/9
[4 INFO main 1456818] Confirming: 2/9
[4 INFO main 1458856] Confirming: 3/9
[4 INFO main 1460852] Confirming: 4/9
[4 INFO main 1462872] Confirming: 5/9
[4 INFO main 1464955] Confirming: 6/9
[4 INFO main 1467011] Confirming: 7/9
[4 INFO main 1469021] Confirming: 8/9
[4 INFO main 1471069] Confirming: 9/9
[4 INFO main 1471290] Scout.Query -> Verify.DriveTo | Go to unverified source
[4 INFO main 1505420] Verify.DriveTo -> Verify.Homing | Homing
[4 INFO main 1513817] Confirming: 1/9
[4 INFO main 1517978] Confirming: 3/9
[4 INFO main 1520065] Confirming: 4/9
[4 INFO main 1522073] Confirming: 5/9
[4 INFO main 1524125] Confirming: 6/9
[4 INFO main 1526146] Confirming: 7/9
[4 INFO main 1528181] Confirming: 8/9
[4 INFO main 1530206] Confirming: 9/9
[4 INFO main 1531443] Verify.Homing -> Scout.Query | Arrived home
[4 INFO main 1531576] Scout.Query -> Verify.DriveTo | Go to unverified source
[4 INFO main 1550960] Verify.DriveTo -> Verify.Homing | Homing
[4 INFO main 1574029] Confirming: 1/9
[4 INFO main 1576025] Confirming: 2/9
[4 INFO main 1578095] Confirming: 3/9
[4 INFO main 1578242] Verify.Homing -> Scout.Query | Arrived home
[4 INFO main 1580106] Confirming: 4/9
[4 INFO main 1582198] Confirming: 5/9
[4 INFO main 1584388] Confirming: 6/9
[4 INFO main 1586441] Confirming: 7/9
[4 INFO main 1588529] Confirming: 8/9
[4 INFO main 1590593] Confirming: 9/9
[4 INFO main 1591211] Scout.Query -> Verify.DriveTo | Go to unverified source
[4 INFO main 1624270] Verify.DriveTo -> Verify.Homing | Homing
[4 INFO main 1634810] Confirming: 1/9
[4 INFO main 1636893] Confirming: 2/9
[4 INFO main 1638984] Confirming: 3/9
[4 INFO main 1641043] Confirming: 4/9
[4 INFO main 1641279] Verify.Homing -> Scout.Query | Arrived home
[4 INFO main 1643137] Confirming: 5/9
[4 INFO main 1645176] Confirming: 6/9
[4 INFO main 1647205] Confirming: 8/9
[4 INFO main 1651248] Confirming: 10/9
[4 INFO main 1651915] Scout.Query -> Verify.DriveTo | Go to unverified source
[4 INFO main 1706099] Verify.DriveTo -> Verify.Homing | Homing
[4 INFO main 1723355] Confirming: 1/9
[4 INFO main 1725393] Confirming: 2/9
[4 INFO main 1727443] Confirming: 3/9
[4 INFO main 1731815] Confirming: 5/9
[4 INFO main 1733853] Confirming: 6/9
[4 INFO main 1735881] Confirming: 7/9
[4 INFO main 1737216] Verify.Homing -> Scout.Query | Arrived home
[4 INFO main 1737934] Confirming: 8/9
[4 INFO main 1739980] Confirming: 9/9
[4 INFO main 1740546] Scout.Query -> Verify.DriveTo | Go to unverified source
