[10 INFO main 26] Initialising Python Geth Console...
[10 INFO main 31] Initialising RandB board...
[10 INFO main 31] Initialising navigation...
[10 INFO main 31] Initialising random-walk...
[10 INFO main 31] Initialising odometry...
[10 INFO main 31] Initialising ground-sensors...
[10 INFO main 479] --//-- Starting Experiment --//--
[10 INFO main 1586] Idle.IDLE -> Scout.Query | Duration: 19.34
[10 INFO main 26077] Scout.Query -> Scout.GotoCenter | Drive to others reported pos
[10 INFO main 65483] Scout.GotoCenter -> Scout.Query | return to random walk
[10 INFO main 111049] Scout.Query -> Scout.GotoCenter | Drive to others reported pos
[10 INFO main 170545] Scout.GotoCenter -> Scout.Query | return to random walk
[10 INFO main 200911] Scout.Query -> Scout.GotoCenter | Drive to others reported pos
[10 INFO main 246934] Scout.GotoCenter -> Scout.Query | return to random walk
[10 INFO main 287462] Scout.Query -> Scout.GotoCenter | Drive to others reported pos
[10 INFO main 387511] Scout.GotoCenter -> Scout.Query | return to random walk
[10 INFO main 505163] Scout.Query -> Scout.GotoCenter | Drive to others reported pos
[10 INFO main 555929] Scout.GotoCenter -> Scout.Query | return to random walk
[10 INFO main 596937] Scout.Query -> Scout.GotoCenter | Drive to others reported pos
[10 INFO main 650839] Scout.GotoCenter -> Scout.Query | return to random walk
