[5 INFO main 30] Initialising Python Geth Console...
[5 INFO main 33] Initialising RandB board...
[5 INFO main 34] Initialising navigation...
[5 INFO main 34] Initialising random-walk...
[5 INFO main 34] Initialising odometry...
[5 INFO main 34] Initialising ground-sensors...
[5 INFO main 935] --//-- Starting Experiment --//--
[5 INFO main 2036] Idle.IDLE -> Scout.Query | Duration: 20.65
[5 INFO main 100164] Scout.Query -> Scout.GotoCenter | Drive to others reported pos
[5 INFO main 120387] Scout.GotoCenter -> Scout.Query | return to random walk
[5 INFO main 120686] Scout.Query -> Scout.GotoCenter | Drive to others reported pos
[5 INFO main 120786] Scout.GotoCenter -> Scout.Query | return to random walk
[5 INFO main 121691] Scout.Query -> Scout.GotoCenter | Drive to others reported pos
[5 INFO main 122089] Scout.GotoCenter -> Scout.Query | return to random walk
[5 INFO main 122788] Scout.Query -> Scout.GotoCenter | Drive to others reported pos
[5 INFO main 123190] Scout.GotoCenter -> Scout.Query | return to random walk
[5 INFO main 123789] Scout.Query -> Scout.GotoCenter | Drive to others reported pos
[5 INFO main 123890] Scout.GotoCenter -> Scout.Query | return to random walk
[5 INFO main 124891] Scout.Query -> Scout.GotoCenter | Drive to others reported pos
[5 INFO main 125392] Scout.GotoCenter -> Scout.Query | return to random walk
[5 INFO main 125892] Scout.Query -> Scout.GotoCenter | Drive to others reported pos
[5 INFO main 126493] Scout.GotoCenter -> Scout.Query | return to random walk
[5 INFO main 126894] Scout.Query -> Scout.GotoCenter | Drive to others reported pos
[5 INFO main 127793] Scout.GotoCenter -> Scout.Query | return to random walk
[5 INFO main 127894] Scout.Query -> Scout.GotoCenter | Drive to others reported pos
[5 INFO main 127994] Scout.GotoCenter -> Scout.Query | return to random walk
[5 INFO main 128997] Scout.Query -> Scout.GotoCenter | Drive to others reported pos
[5 INFO main 129796] Scout.GotoCenter -> Scout.Query | return to random walk
[5 INFO main 129998] Scout.Query -> Scout.GotoCenter | Drive to others reported pos
[5 INFO main 130497] Scout.GotoCenter -> Scout.Query | return to random walk
[5 INFO main 130999] Scout.Query -> Scout.GotoCenter | Drive to others reported pos
[5 INFO main 131398] Scout.GotoCenter -> Scout.Query | return to random walk
[5 INFO main 132000] Scout.Query -> Scout.GotoCenter | Drive to others reported pos
[5 INFO main 132202] Scout.GotoCenter -> Scout.Query | return to random walk
[5 INFO main 133001] Scout.Query -> Scout.GotoCenter | Drive to others reported pos
[5 INFO main 133300] Scout.GotoCenter -> Scout.Query | return to random walk
[5 INFO main 134002] Scout.Query -> Scout.GotoCenter | Drive to others reported pos
[5 INFO main 134104] Scout.GotoCenter -> Scout.Query | return to random walk
[5 INFO main 135005] Scout.Query -> Scout.GotoCenter | Drive to others reported pos
[5 INFO main 135606] Scout.GotoCenter -> Scout.Query | return to random walk
[5 INFO main 136005] Scout.Query -> Scout.GotoCenter | Drive to others reported pos
[5 INFO main 137001] Scout.GotoCenter -> Scout.Query | return to random walk
[5 INFO main 137109] Scout.Query -> Scout.GotoCenter | Drive to others reported pos
[5 INFO main 137206] Scout.GotoCenter -> Scout.Query | return to random walk
[5 INFO main 138110] Scout.Query -> Scout.GotoCenter | Drive to others reported pos
[5 INFO main 138505] Scout.GotoCenter -> Scout.Query | return to random walk
[5 INFO main 139111] Scout.Query -> Scout.GotoCenter | Drive to others reported pos
[5 INFO main 139808] Scout.GotoCenter -> Scout.Query | return to random walk
[5 INFO main 140213] Scout.Query -> Scout.GotoCenter | Drive to others reported pos
[5 INFO main 140308] Scout.GotoCenter -> Scout.Query | return to random walk
[5 INFO main 141311] Scout.Query -> Scout.GotoCenter | Drive to others reported pos
[5 INFO main 142009] Scout.GotoCenter -> Scout.Query | return to random walk
[5 INFO main 142312] Scout.Query -> Scout.GotoCenter | Drive to others reported pos
[5 INFO main 142412] Scout.GotoCenter -> Scout.Query | return to random walk
[5 INFO main 143314] Scout.Query -> Scout.GotoCenter | Drive to others reported pos
[5 INFO main 143512] Scout.GotoCenter -> Scout.Query | return to random walk
[5 INFO main 144315] Scout.Query -> Scout.GotoCenter | Drive to others reported pos
[5 INFO main 145212] Scout.GotoCenter -> Scout.Query | return to random walk
[5 INFO main 145319] Scout.Query -> Scout.GotoCenter | Drive to others reported pos
[5 INFO main 146818] Scout.GotoCenter -> Scout.Query | return to random walk
[5 INFO main 147420] Scout.Query -> Scout.GotoCenter | Drive to others reported pos
[5 INFO main 147617] Scout.GotoCenter -> Scout.Query | return to random walk
