[INFO main 27] Initialising Python Geth Console...
[INFO main 34] Initialising peer buffer...
[INFO main 34] Initialising TCP server...
[INFO main 35] Initialising RandB board...
[INFO main 35] Initialising ground-sensors...
[INFO main 35] Initialising random-walk...
[INFO main 259] Starting Experiment
[DEBUG events 5724] 0x0000000000000000000000000000000000000000
[DEBUG events 5724] Registered on-chain
[WARNING events 6776] execution reverted: Robot must register first

========= Remote Traceback (1) =========
Traceback (most recent call last):
  File "/usr/lib/python3.8/site-packages/rpyc/core/protocol.py", line 324, in _dispatch_request
    res = self._HANDLERS[handler](self, *args)
  File "/usr/lib/python3.8/site-packages/rpyc/core/protocol.py", line 592, in _handle_call
    return obj(*args, **dict(kwargs))
  File "/root/python_scripts/web3wrapper_docker.py", line 157, in exposed_call
    return self.w3if.call(function)
  File "/root/python_scripts/web3wrapper_docker.py", line 92, in call
    return getattr(self.sc.functions, func)().call()
  File "/usr/lib/python3.8/site-packages/web3/contract.py", line 957, in call
    return call_contract_function(
  File "/usr/lib/python3.8/site-packages/web3/contract.py", line 1501, in call_contract_function
    return_data = web3.eth.call(
  File "/usr/lib/python3.8/site-packages/web3/module.py", line 57, in caller
    result = w3.manager.request_blocking(method_str,
  File "/usr/lib/python3.8/site-packages/web3/manager.py", line 187, in request_blocking
    return self.formatted_response(response,
  File "/usr/lib/python3.8/site-packages/web3/manager.py", line 167, in formatted_response
    apply_error_formatters(error_formatters, response)
  File "/usr/lib/python3.8/site-packages/web3/manager.py", line 67, in apply_error_formatters
    formatted_resp = pipe(response, error_formatters)
  File "cytoolz/functoolz.pyx", line 667, in cytoolz.functoolz.pipe
  File "cytoolz/functoolz.pyx", line 642, in cytoolz.functoolz.c_pipe
  File "/usr/lib/python3.8/site-packages/web3/_utils/method_formatters.py", line 566, in raise_solidity_error_on_revert
    raise ContractLogicError(response['error']['message'])
web3.exceptions.ContractLogicError: execution reverted: Robot must register first

[INFO main 7207] Added peer: 5, enode: enode://21f623c2bef8740576cd4bd33148ac91210d9343f250532f88805a5f4dec690fda9454a7368fba38e970eb1239d0a7355d43b031ec2e72d281a642610a636dbf@10.0.1.7:30303?discport=0
[DEBUG events 11718] 0x0000000000000000000000000000000000000000
[DEBUG events 11719] Registered on-chain
[INFO main 12786] Removed peer: 5
[WARNING events 13201] execution reverted: Robot must register first

========= Remote Traceback (1) =========
Traceback (most recent call last):
  File "/usr/lib/python3.8/site-packages/rpyc/core/protocol.py", line 324, in _dispatch_request
    res = self._HANDLERS[handler](self, *args)
  File "/usr/lib/python3.8/site-packages/rpyc/core/protocol.py", line 592, in _handle_call
    return obj(*args, **dict(kwargs))
  File "/root/python_scripts/web3wrapper_docker.py", line 157, in exposed_call
    return self.w3if.call(function)
  File "/root/python_scripts/web3wrapper_docker.py", line 92, in call
    return getattr(self.sc.functions, func)().call()
  File "/usr/lib/python3.8/site-packages/web3/contract.py", line 957, in call
    return call_contract_function(
  File "/usr/lib/python3.8/site-packages/web3/contract.py", line 1501, in call_contract_function
    return_data = web3.eth.call(
  File "/usr/lib/python3.8/site-packages/web3/module.py", line 57, in caller
    result = w3.manager.request_blocking(method_str,
  File "/usr/lib/python3.8/site-packages/web3/manager.py", line 187, in request_blocking
    return self.formatted_response(response,
  File "/usr/lib/python3.8/site-packages/web3/manager.py", line 167, in formatted_response
    apply_error_formatters(error_formatters, response)
  File "/usr/lib/python3.8/site-packages/web3/manager.py", line 67, in apply_error_formatters
    formatted_resp = pipe(response, error_formatters)
  File "cytoolz/functoolz.pyx", line 667, in cytoolz.functoolz.pipe
  File "cytoolz/functoolz.pyx", line 642, in cytoolz.functoolz.c_pipe
  File "/usr/lib/python3.8/site-packages/web3/_utils/method_formatters.py", line 566, in raise_solidity_error_on_revert
    raise ContractLogicError(response['error']['message'])
web3.exceptions.ContractLogicError: execution reverted: Robot must register first

[DEBUG events 18211] 0xc72B1b70e69D270544369132d53529e37Be87742
[DEBUG events 18212] Registered on-chain
[INFO main 21200] Added peer: 2, enode: enode://62f604a0970c8b2cd1f5c041fa5c0f0b5c7a57d7b63c8a358d6662679fc9e13fab001e75a7d1505e26b13c7d06c2f8ac92fe42c7ea5d1950e401736267cff7ff@10.0.1.4:30303?discport=0
[DEBUG events 23194] Asked for UBI: 40
[INFO main 25221] Removed peer: 2
[INFO main 33705] Added peer: 3, enode: enode://c30debd41efcb8977ad2de5125c5424d36ba7d0e04d6ecf89c62c4501025c54e53c72ae2632f4e20cd21eabefda4cc26ae0bbce63cbecb3fada66ebc75dca07e@10.0.1.5:30303?discport=0
[INFO main 35223] Removed peer: 3
[DEBUG events 42698] 0xc72B1b70e69D270544369132d53529e37Be87742
[DEBUG events 42699] Registered on-chain
[INFO main 44280] Added peer: 5, enode: enode://21f623c2bef8740576cd4bd33148ac91210d9343f250532f88805a5f4dec690fda9454a7368fba38e970eb1239d0a7355d43b031ec2e72d281a642610a636dbf@10.0.1.7:30303?discport=0
[DEBUG events 48212] Asked for UBI: 40
[INFO main 49738] Removed peer: 5
[DEBUG events 53272] 0xc72B1b70e69D270544369132d53529e37Be87742
[DEBUG events 53273] Registered on-chain
[INFO main 55268] Added peer: 3, enode: enode://c30debd41efcb8977ad2de5125c5424d36ba7d0e04d6ecf89c62c4501025c54e53c72ae2632f4e20cd21eabefda4cc26ae0bbce63cbecb3fada66ebc75dca07e@10.0.1.5:30303?discport=0
[INFO main 57730] Added peer: 1, enode: enode://d31025a90dd2112fe8388c055068d3b59ae571a26657f084dfa8795247f15a539a9de95434a68c9513b45a7b47670fd5de748c5633ae4f6bf866f0b10198017f@10.0.1.3:30303?discport=0
[DEBUG voting 59704] Voted successfully: 0.31 (1/1)
[INFO main 62723] Removed peer: 3
[INFO main 66204] Added peer: 2, enode: enode://62f604a0970c8b2cd1f5c041fa5c0f0b5c7a57d7b63c8a358d6662679fc9e13fab001e75a7d1505e26b13c7d06c2f8ac92fe42c7ea5d1950e401736267cff7ff@10.0.1.4:30303?discport=0
[INFO main 70772] Added peer: 8, enode: enode://0d1a86af06a995e7713ecee5724a44cf75855a71971dcc386c90276bcf223d4df8ebc116e47bf11e15e1395b039f55dfbf75704ced2650fb6bd53e59f9b904f7@10.0.1.10:30303?discport=0
[INFO main 71232] Removed peer: 1
[DEBUG events 72238] 0xc72B1b70e69D270544369132d53529e37Be87742
[DEBUG events 72239] Registered on-chain
[INFO main 72705] Removed peer: 2
[DEBUG voting 77216] Voted successfully: 0.32 (1/1)
[INFO main 77723] Removed peer: 8
[INFO main 79251] Added peer: 1, enode: enode://d31025a90dd2112fe8388c055068d3b59ae571a26657f084dfa8795247f15a539a9de95434a68c9513b45a7b47670fd5de748c5633ae4f6bf866f0b10198017f@10.0.1.3:30303?discport=0
[INFO main 79281] Added peer: 2, enode: enode://62f604a0970c8b2cd1f5c041fa5c0f0b5c7a57d7b63c8a358d6662679fc9e13fab001e75a7d1505e26b13c7d06c2f8ac92fe42c7ea5d1950e401736267cff7ff@10.0.1.4:30303?discport=0
[INFO main 80725] Removed peer: 2
[INFO main 83233] Added peer: 4, enode: enode://eccb081bf20059b203c05857e7338440303465235eb7f3f868f11edc6e8d02e8d2d5b610aa72b16f53e08224a96dc8cd62defb091f34d5a5dc759973e45524ad@10.0.1.6:30303?discport=0
[INFO main 83287] Removed peer: 1
[DEBUG events 84287] 0xc72B1b70e69D270544369132d53529e37Be87742
[DEBUG events 84287] Registered on-chain
[INFO main 88218] Added peer: 1, enode: enode://d31025a90dd2112fe8388c055068d3b59ae571a26657f084dfa8795247f15a539a9de95434a68c9513b45a7b47670fd5de748c5633ae4f6bf866f0b10198017f@10.0.1.3:30303?discport=0
[DEBUG voting 90224] Voted successfully: 0.28 (1/1)
[INFO main 90255] Removed peer: 4
[INFO main 94755] Removed peer: 1
[DEBUG events 96207] 0xc72B1b70e69D270544369132d53529e37Be87742
[DEBUG events 96216] Registered on-chain
[INFO main 99718] Added peer: 5, enode: enode://21f623c2bef8740576cd4bd33148ac91210d9343f250532f88805a5f4dec690fda9454a7368fba38e970eb1239d0a7355d43b031ec2e72d281a642610a636dbf@10.0.1.7:30303?discport=0
[DEBUG events 101210] Updated mean
[INFO main 103209] Removed peer: 5
[INFO main 115272] Added peer: 4, enode: enode://eccb081bf20059b203c05857e7338440303465235eb7f3f868f11edc6e8d02e8d2d5b610aa72b16f53e08224a96dc8cd62defb091f34d5a5dc759973e45524ad@10.0.1.6:30303?discport=0
[INFO main 115740] Added peer: 6, enode: enode://41cb46b05c0f7db419296b4afe528f83bd7453951ea5815a6117cff830da484f8e2c5b3f24a7e7945ed5ac421ee917427eb8bb008610d11f1414ef385e96739d@10.0.1.8:30303?discport=0
[DEBUG events 120725] 0xc72B1b70e69D270544369132d53529e37Be87742
[DEBUG events 120729] Registered on-chain
[INFO main 120740] Added peer: 8, enode: enode://0d1a86af06a995e7713ecee5724a44cf75855a71971dcc386c90276bcf223d4df8ebc116e47bf11e15e1395b039f55dfbf75704ced2650fb6bd53e59f9b904f7@10.0.1.10:30303?discport=0
[INFO main 121222] Added peer: 1, enode: enode://d31025a90dd2112fe8388c055068d3b59ae571a26657f084dfa8795247f15a539a9de95434a68c9513b45a7b47670fd5de748c5633ae4f6bf866f0b10198017f@10.0.1.3:30303?discport=0
[INFO main 122226] Removed peer: 4
[INFO main 122308] Removed peer: 6
[DEBUG events 125292] Asked for UBI: 20
[DEBUG events 125718] Asked for payout: 80
[INFO main 127721] Removed peer: 8
[INFO main 128263] Removed peer: 1
[INFO main 134721] Added peer: 4, enode: enode://eccb081bf20059b203c05857e7338440303465235eb7f3f868f11edc6e8d02e8d2d5b610aa72b16f53e08224a96dc8cd62defb091f34d5a5dc759973e45524ad@10.0.1.6:30303?discport=0
[DEBUG events 138261] 0xc72B1b70e69D270544369132d53529e37Be87742
[DEBUG events 138277] Registered on-chain
[INFO main 139219] Removed peer: 4
[INFO main 140738] Added peer: 4, enode: enode://eccb081bf20059b203c05857e7338440303465235eb7f3f868f11edc6e8d02e8d2d5b610aa72b16f53e08224a96dc8cd62defb091f34d5a5dc759973e45524ad@10.0.1.6:30303?discport=0
[DEBUG events 144230] Asked for UBI: 20
[DEBUG events 145244] Asked for payout: 80
[INFO main 146736] Added peer: 8, enode: enode://0d1a86af06a995e7713ecee5724a44cf75855a71971dcc386c90276bcf223d4df8ebc116e47bf11e15e1395b039f55dfbf75704ced2650fb6bd53e59f9b904f7@10.0.1.10:30303?discport=0
[INFO main 148270] Added peer: 3, enode: enode://c30debd41efcb8977ad2de5125c5424d36ba7d0e04d6ecf89c62c4501025c54e53c72ae2632f4e20cd21eabefda4cc26ae0bbce63cbecb3fada66ebc75dca07e@10.0.1.5:30303?discport=0
[INFO main 149217] Removed peer: 4
[DEBUG events 153722] 0xc72B1b70e69D270544369132d53529e37Be87742
[DEBUG events 153722] Registered on-chain
[INFO main 154252] Removed peer: 8
[INFO main 159229] Added peer: 4, enode: enode://eccb081bf20059b203c05857e7338440303465235eb7f3f868f11edc6e8d02e8d2d5b610aa72b16f53e08224a96dc8cd62defb091f34d5a5dc759973e45524ad@10.0.1.6:30303?discport=0
[DEBUG voting 159250] Voted successfully: 0.27 (1/1)
[INFO main 162263] Added peer: 5, enode: enode://21f623c2bef8740576cd4bd33148ac91210d9343f250532f88805a5f4dec690fda9454a7368fba38e970eb1239d0a7355d43b031ec2e72d281a642610a636dbf@10.0.1.7:30303?discport=0
[DEBUG events 164250] 0xc72B1b70e69D270544369132d53529e37Be87742
[DEBUG events 164251] Registered on-chain
[INFO main 164762] Added peer: 6, enode: enode://41cb46b05c0f7db419296b4afe528f83bd7453951ea5815a6117cff830da484f8e2c5b3f24a7e7945ed5ac421ee917427eb8bb008610d11f1414ef385e96739d@10.0.1.8:30303?discport=0
[INFO main 165266] Removed peer: 3
[INFO main 170225] Removed peer: 5
[DEBUG voting 170750] Voted successfully: 0.27 (1/1)
[INFO main 172734] Removed peer: 4
[INFO main 173252] Removed peer: 6
[DEBUG events 177232] 0xc72B1b70e69D270544369132d53529e37Be87742
[DEBUG events 177232] Registered on-chain
[INFO main 180730] Added peer: 5, enode: enode://21f623c2bef8740576cd4bd33148ac91210d9343f250532f88805a5f4dec690fda9454a7368fba38e970eb1239d0a7355d43b031ec2e72d281a642610a636dbf@10.0.1.7:30303?discport=0
[INFO main 182228] Added peer: 6, enode: enode://41cb46b05c0f7db419296b4afe528f83bd7453951ea5815a6117cff830da484f8e2c5b3f24a7e7945ed5ac421ee917427eb8bb008610d11f1414ef385e96739d@10.0.1.8:30303?discport=0
[DEBUG events 184751] Updated mean
[DEBUG voting 186237] Failed to vote: (0/1). Error: {'code': -32000, 'message': 'insufficient funds for gas * price + value'}

========= Remote Traceback (1) =========
Traceback (most recent call last):
  File "/usr/lib/python3.8/site-packages/rpyc/core/protocol.py", line 324, in _dispatch_request
    res = self._HANDLERS[handler](self, *args)
  File "/usr/lib/python3.8/site-packages/rpyc/core/protocol.py", line 592, in _handle_call
    return obj(*args, **dict(kwargs))
  File "/root/python_scripts/web3wrapper_docker.py", line 154, in exposed_transact2
    return self.w3if.transact2(function, arg1, str(arg2))
  File "/root/python_scripts/web3wrapper_docker.py", line 83, in transact2
    return getattr(self.sc.functions, func)(arg1).transact(ast.literal_eval(arg2))
  File "/usr/lib/python3.8/site-packages/web3/contract.py", line 997, in transact
    return transact_with_contract_function(
  File "/usr/lib/python3.8/site-packages/web3/contract.py", line 1590, in transact_with_contract_function
    txn_hash = web3.eth.send_transaction(transact_transaction)
  File "/usr/lib/python3.8/site-packages/web3/eth.py", line 686, in send_transaction
    return self._send_transaction(transaction)
  File "/usr/lib/python3.8/site-packages/web3/module.py", line 57, in caller
    result = w3.manager.request_blocking(method_str,
  File "/usr/lib/python3.8/site-packages/web3/manager.py", line 187, in request_blocking
    return self.formatted_response(response,
  File "/usr/lib/python3.8/site-packages/web3/manager.py", line 168, in formatted_response
    raise ValueError(response["error"])
ValueError: {'code': -32000, 'message': 'insufficient funds for gas * price + value'}

[INFO main 186363] Removed peer: 5
[INFO main 188303] Added peer: 1, enode: enode://d31025a90dd2112fe8388c055068d3b59ae571a26657f084dfa8795247f15a539a9de95434a68c9513b45a7b47670fd5de748c5633ae4f6bf866f0b10198017f@10.0.1.3:30303?discport=0
[DEBUG events 190229] 0xc72B1b70e69D270544369132d53529e37Be87742
[DEBUG events 190264] Registered on-chain
[INFO main 193313] Removed peer: 6
[INFO main 195751] Removed peer: 1
[INFO main 196781] Added peer: 1, enode: enode://d31025a90dd2112fe8388c055068d3b59ae571a26657f084dfa8795247f15a539a9de95434a68c9513b45a7b47670fd5de748c5633ae4f6bf866f0b10198017f@10.0.1.3:30303?discport=0
[DEBUG events 201312] 0xc72B1b70e69D270544369132d53529e37Be87742
[DEBUG events 201314] Registered on-chain
[INFO main 201315] Added peer: 4, enode: enode://eccb081bf20059b203c05857e7338440303465235eb7f3f868f11edc6e8d02e8d2d5b610aa72b16f53e08224a96dc8cd62defb091f34d5a5dc759973e45524ad@10.0.1.6:30303?discport=0
[INFO main 203731] Added peer: 8, enode: enode://0d1a86af06a995e7713ecee5724a44cf75855a71971dcc386c90276bcf223d4df8ebc116e47bf11e15e1395b039f55dfbf75704ced2650fb6bd53e59f9b904f7@10.0.1.10:30303?discport=0
[INFO main 204235] Removed peer: 1
[DEBUG events 206735] Asked for payout: 90
[INFO main 207234] Removed peer: 4
[INFO main 210729] Removed peer: 8
[DEBUG events 211253] 0xc72B1b70e69D270544369132d53529e37Be87742
[DEBUG events 211254] Registered on-chain
[INFO main 214763] Added peer: 5, enode: enode://21f623c2bef8740576cd4bd33148ac91210d9343f250532f88805a5f4dec690fda9454a7368fba38e970eb1239d0a7355d43b031ec2e72d281a642610a636dbf@10.0.1.7:30303?discport=0
[DEBUG events 215838] Asked for payout: 90
[INFO main 217276] Removed peer: 5
[DEBUG events 220744] 0xc72B1b70e69D270544369132d53529e37Be87742
[DEBUG events 220748] Registered on-chain
[INFO main 222293] Added peer: 8, enode: enode://0d1a86af06a995e7713ecee5724a44cf75855a71971dcc386c90276bcf223d4df8ebc116e47bf11e15e1395b039f55dfbf75704ced2650fb6bd53e59f9b904f7@10.0.1.10:30303?discport=0
[INFO main 223745] Added peer: 2, enode: enode://62f604a0970c8b2cd1f5c041fa5c0f0b5c7a57d7b63c8a358d6662679fc9e13fab001e75a7d1505e26b13c7d06c2f8ac92fe42c7ea5d1950e401736267cff7ff@10.0.1.4:30303?discport=0
[DEBUG events 224313] Asked for payout: 90
[INFO main 226233] Removed peer: 8
[INFO main 228289] Added peer: 8, enode: enode://0d1a86af06a995e7713ecee5724a44cf75855a71971dcc386c90276bcf223d4df8ebc116e47bf11e15e1395b039f55dfbf75704ced2650fb6bd53e59f9b904f7@10.0.1.10:30303?discport=0
[DEBUG events 230246] 0xc72B1b70e69D270544369132d53529e37Be87742
[DEBUG events 230250] Registered on-chain
[INFO main 231734] Added peer: 1, enode: enode://d31025a90dd2112fe8388c055068d3b59ae571a26657f084dfa8795247f15a539a9de95434a68c9513b45a7b47670fd5de748c5633ae4f6bf866f0b10198017f@10.0.1.3:30303?discport=0
[INFO main 232234] Added peer: 6, enode: enode://41cb46b05c0f7db419296b4afe528f83bd7453951ea5815a6117cff830da484f8e2c5b3f24a7e7945ed5ac421ee917427eb8bb008610d11f1414ef385e96739d@10.0.1.8:30303?discport=0
[INFO main 233236] Removed peer: 2
[DEBUG events 235291] Asked for payout: 90
[INFO main 235766] Added peer: 4, enode: enode://eccb081bf20059b203c05857e7338440303465235eb7f3f868f11edc6e8d02e8d2d5b610aa72b16f53e08224a96dc8cd62defb091f34d5a5dc759973e45524ad@10.0.1.6:30303?discport=0
[INFO main 236249] Removed peer: 8
[DEBUG events 238755] 0xc72B1b70e69D270544369132d53529e37Be87742
[DEBUG events 238756] Registered on-chain
[INFO main 239245] Removed peer: 6
[INFO main 242279] Added peer: 6, enode: enode://41cb46b05c0f7db419296b4afe528f83bd7453951ea5815a6117cff830da484f8e2c5b3f24a7e7945ed5ac421ee917427eb8bb008610d11f1414ef385e96739d@10.0.1.8:30303?discport=0
[INFO main 242343] Removed peer: 1
[DEBUG events 244750] Asked for UBI: 20
[DEBUG voting 245738] Voted successfully: 0.25 (1/1)
[INFO main 246317] Removed peer: 4
[INFO main 247237] Removed peer: 6
[INFO main 248750] Added peer: 5, enode: enode://21f623c2bef8740576cd4bd33148ac91210d9343f250532f88805a5f4dec690fda9454a7368fba38e970eb1239d0a7355d43b031ec2e72d281a642610a636dbf@10.0.1.7:30303?discport=0
[INFO main 251794] Removed peer: 5
[DEBUG events 253269] 0xc72B1b70e69D270544369132d53529e37Be87742
[DEBUG events 253274] Registered on-chain
[INFO main 256744] Added peer: 2, enode: enode://62f604a0970c8b2cd1f5c041fa5c0f0b5c7a57d7b63c8a358d6662679fc9e13fab001e75a7d1505e26b13c7d06c2f8ac92fe42c7ea5d1950e401736267cff7ff@10.0.1.4:30303?discport=0
[DEBUG events 257341] Asked for UBI: 20
[DEBUG events 257829] Asked for payout: 90
[INFO main 258807] Removed peer: 2
[INFO main 264787] Added peer: 8, enode: enode://0d1a86af06a995e7713ecee5724a44cf75855a71971dcc386c90276bcf223d4df8ebc116e47bf11e15e1395b039f55dfbf75704ced2650fb6bd53e59f9b904f7@10.0.1.10:30303?discport=0
[DEBUG events 269750] 0xc72B1b70e69D270544369132d53529e37Be87742
[DEBUG events 269752] Registered on-chain
[INFO main 270253] Added peer: 5, enode: enode://21f623c2bef8740576cd4bd33148ac91210d9343f250532f88805a5f4dec690fda9454a7368fba38e970eb1239d0a7355d43b031ec2e72d281a642610a636dbf@10.0.1.7:30303?discport=0
[INFO main 273250] Added peer: 4, enode: enode://eccb081bf20059b203c05857e7338440303465235eb7f3f868f11edc6e8d02e8d2d5b610aa72b16f53e08224a96dc8cd62defb091f34d5a5dc759973e45524ad@10.0.1.6:30303?discport=0
[DEBUG events 275303] Updated mean
[DEBUG voting 276270] Voted successfully: 0.26 (1/1)
[INFO main 276748] Removed peer: 5
[INFO main 280263] Removed peer: 8
[INFO main 280318] Removed peer: 4
[DEBUG events 281795] 0xc72B1b70e69D270544369132d53529e37Be87742
[DEBUG events 281796] Registered on-chain
[DEBUG events 287254] Updated mean
[DEBUG voting 288277] Voted successfully: 0.25 (1/1)
[INFO main 293280] Added peer: 2, enode: enode://62f604a0970c8b2cd1f5c041fa5c0f0b5c7a57d7b63c8a358d6662679fc9e13fab001e75a7d1505e26b13c7d06c2f8ac92fe42c7ea5d1950e401736267cff7ff@10.0.1.4:30303?discport=0
[DEBUG events 296261] 0xc72B1b70e69D270544369132d53529e37Be87742
[DEBUG events 296266] Registered on-chain
[INFO main 296753] Removed peer: 2
[INFO main 299774] Added peer: 8, enode: enode://0d1a86af06a995e7713ecee5724a44cf75855a71971dcc386c90276bcf223d4df8ebc116e47bf11e15e1395b039f55dfbf75704ced2650fb6bd53e59f9b904f7@10.0.1.10:30303?discport=0
[DEBUG events 302249] Updated mean
[DEBUG voting 303261] Voted successfully: 0.26 (1/1)
[INFO main 305316] Removed peer: 8
[DEBUG events 311765] 0xc72B1b70e69D270544369132d53529e37Be87742
[DEBUG events 311774] Registered on-chain
[INFO main 311851] Added peer: 4, enode: enode://eccb081bf20059b203c05857e7338440303465235eb7f3f868f11edc6e8d02e8d2d5b610aa72b16f53e08224a96dc8cd62defb091f34d5a5dc759973e45524ad@10.0.1.6:30303?discport=0
[INFO main 318777] Removed peer: 4
[INFO main 319274] Added peer: 4, enode: enode://eccb081bf20059b203c05857e7338440303465235eb7f3f868f11edc6e8d02e8d2d5b610aa72b16f53e08224a96dc8cd62defb091f34d5a5dc759973e45524ad@10.0.1.6:30303?discport=0
[INFO main 321787] Added peer: 6, enode: enode://41cb46b05c0f7db419296b4afe528f83bd7453951ea5815a6117cff830da484f8e2c5b3f24a7e7945ed5ac421ee917427eb8bb008610d11f1414ef385e96739d@10.0.1.8:30303?discport=0
[INFO main 323260] Added peer: 8, enode: enode://0d1a86af06a995e7713ecee5724a44cf75855a71971dcc386c90276bcf223d4df8ebc116e47bf11e15e1395b039f55dfbf75704ced2650fb6bd53e59f9b904f7@10.0.1.10:30303?discport=0
[INFO main 325327] Removed peer: 6
[INFO main 327829] Added peer: 2, enode: enode://62f604a0970c8b2cd1f5c041fa5c0f0b5c7a57d7b63c8a358d6662679fc9e13fab001e75a7d1505e26b13c7d06c2f8ac92fe42c7ea5d1950e401736267cff7ff@10.0.1.4:30303?discport=0
[INFO main 328260] Removed peer: 8
[INFO main 328775] Removed peer: 4
[DEBUG events 331786] 0xc72B1b70e69D270544369132d53529e37Be87742
[DEBUG events 331788] Registered on-chain
[INFO main 332265] Removed peer: 2
[DEBUG events 337360] Asked for payout: 53
[DEBUG events 341792] 0xc72B1b70e69D270544369132d53529e37Be87742
[DEBUG events 341809] Registered on-chain
[INFO main 342284] Added peer: 5, enode: enode://21f623c2bef8740576cd4bd33148ac91210d9343f250532f88805a5f4dec690fda9454a7368fba38e970eb1239d0a7355d43b031ec2e72d281a642610a636dbf@10.0.1.7:30303?discport=0
[INFO main 344317] Removed peer: 5
[DEBUG events 346772] Asked for payout: 53
[INFO main 350328] Added peer: 3, enode: enode://c30debd41efcb8977ad2de5125c5424d36ba7d0e04d6ecf89c62c4501025c54e53c72ae2632f4e20cd21eabefda4cc26ae0bbce63cbecb3fada66ebc75dca07e@10.0.1.5:30303?discport=0
[DEBUG events 350834] 0xc72B1b70e69D270544369132d53529e37Be87742
[DEBUG events 350838] Registered on-chain
[DEBUG events 356816] Asked for payout: 80
[INFO main 357782] Removed peer: 3
[DEBUG voting 357790] Voted successfully: 0.26 (1/1)
[INFO main 364287] Added peer: 6, enode: enode://41cb46b05c0f7db419296b4afe528f83bd7453951ea5815a6117cff830da484f8e2c5b3f24a7e7945ed5ac421ee917427eb8bb008610d11f1414ef385e96739d@10.0.1.8:30303?discport=0
[INFO main 369335] Removed peer: 6
[INFO main 370825] Added peer: 3, enode: enode://c30debd41efcb8977ad2de5125c5424d36ba7d0e04d6ecf89c62c4501025c54e53c72ae2632f4e20cd21eabefda4cc26ae0bbce63cbecb3fada66ebc75dca07e@10.0.1.5:30303?discport=0
[INFO main 372293] Added peer: 2, enode: enode://62f604a0970c8b2cd1f5c041fa5c0f0b5c7a57d7b63c8a358d6662679fc9e13fab001e75a7d1505e26b13c7d06c2f8ac92fe42c7ea5d1950e401736267cff7ff@10.0.1.4:30303?discport=0
[INFO main 373857] Added peer: 4, enode: enode://eccb081bf20059b203c05857e7338440303465235eb7f3f868f11edc6e8d02e8d2d5b610aa72b16f53e08224a96dc8cd62defb091f34d5a5dc759973e45524ad@10.0.1.6:30303?discport=0
[DEBUG events 375811] 0xc72B1b70e69D270544369132d53529e37Be87742
[DEBUG events 375817] Registered on-chain
[INFO main 376272] Removed peer: 2
[INFO main 376280] Removed peer: 3
[DEBUG voting 376442] Voted successfully: 0.26 (1/1)
