[15 INFO main 30] Initialising Python Geth Console...
[15 INFO main 33] Initialising RandB board...
[15 INFO main 33] Initialising navigation...
[15 INFO main 33] Initialising random-walk...
[15 INFO main 33] Initialising odometry...
[15 INFO main 33] Initialising ground-sensors...
[15 INFO main 51] --//-- Starting Experiment --//--
[15 INFO main 1152] Idle.IDLE -> Scout.Query | Duration: 23.05
[15 INFO main 25515] Scout.Query -> Scout.GotoCenter | Drive to others reported pos
[15 INFO main 32145] Scout.GotoCenter -> Scout.Query | return to random walk
[15 INFO main 58995] Confirming: 2/8
[15 INFO main 61006] Confirming: 3/8
[15 INFO main 62979] Confirming: 4/8
[15 INFO main 65182] Confirming: 5/8
[15 INFO main 67221] Confirming: 6/8
[15 INFO main 69242] Confirming: 7/8
[15 INFO main 71169] Confirming: 8/8
[15 INFO main 72946] Scout.Query -> Scout.GotoCenter | Drive to others reported pos
[15 INFO main 83263] Scout.GotoCenter -> Scout.Query | return to random walk
[15 INFO main 97821] Confirming: 1/8
[15 INFO main 112205] Confirming: 3/8
[15 INFO main 116240] Confirming: 4/8
[15 INFO main 118246] Confirming: 6/8
[15 INFO main 120297] Confirming: 7/8
[15 INFO main 122313] Confirming: 8/8
[15 INFO main 402366] Scout.Query -> Scout.GotoCenter | Drive to others reported pos
[15 INFO main 448872] Scout.GotoCenter -> Scout.Query | return to random walk
[15 INFO main 457170] Confirming: 1/8
[15 INFO main 459269] Confirming: 2/8
[15 INFO main 461315] Confirming: 3/8
[15 INFO main 463326] Confirming: 4/8
[15 INFO main 465437] Confirming: 5/8
[15 INFO main 467514] Confirming: 6/8
[15 INFO main 469590] Confirming: 7/8
[15 INFO main 471623] Confirming: 8/8
[15 INFO main 596118] Scout.Query -> Scout.GotoCenter | Drive to others reported pos
[15 INFO main 622892] Scout.GotoCenter -> Scout.Query | return to random walk
[15 INFO main 643554] Confirming: 1/8
[15 INFO main 645662] Confirming: 2/8
[15 INFO main 647581] Confirming: 4/8
[15 INFO main 651789] Confirming: 5/8
[15 INFO main 653846] Confirming: 7/8
[15 INFO main 655921] Confirming: 8/8
[15 INFO main 658402] Scout.Query -> Scout.GotoCenter | Drive to others reported pos
[15 INFO main 741221] Scout.GotoCenter -> Scout.Query | return to random walk
[15 INFO main 749538] Confirming: 2/8
[15 INFO main 751571] Confirming: 3/8
[15 INFO main 753597] Confirming: 4/8
[15 INFO main 755641] Confirming: 5/8
[15 INFO main 757726] Confirming: 6/8
[15 INFO main 759810] Confirming: 7/8
[15 INFO main 761901] Confirming: 8/8
[15 INFO main 766685] Scout.Query -> Scout.GotoCenter | Drive to others reported pos
[15 INFO main 798205] Scout.GotoCenter -> Scout.Query | return to random walk
[15 INFO main 818854] Confirming: 1/8
[15 INFO main 820877] Confirming: 2/8
[15 INFO main 822905] Confirming: 3/8
[15 INFO main 824868] Confirming: 4/8
[15 INFO main 827034] Confirming: 5/8
[15 INFO main 829058] Confirming: 6/8
[15 INFO main 831103] Confirming: 7/8
[15 INFO main 833134] Confirming: 8/8
[15 INFO main 871211] Scout.Query -> Scout.GotoCenter | Drive to others reported pos
[15 INFO main 881672] Scout.GotoCenter -> Scout.Query | return to random walk
[15 INFO main 914578] Confirming: 1/8
[15 INFO main 916602] Confirming: 2/8
[15 INFO main 918610] Confirming: 3/8
[15 INFO main 920702] Confirming: 4/8
[15 INFO main 922693] Confirming: 5/8
[15 INFO main 924813] Confirming: 6/8
[15 INFO main 926877] Confirming: 7/8
[15 INFO main 928895] Confirming: 8/8
[15 INFO main 933138] Scout.Query -> Scout.GotoCenter | Drive to others reported pos
[15 INFO main 991749] Scout.GotoCenter -> Scout.Query | return to random walk
[15 INFO main 1035276] Confirming: 1/8
[15 INFO main 1037322] Confirming: 2/8
[15 INFO main 1039408] Confirming: 3/8
[15 INFO main 1041569] Confirming: 4/8
[15 INFO main 1043663] Confirming: 5/8
[15 INFO main 1045699] Confirming: 7/8
[15 INFO main 1049908] Confirming: 8/8
[15 INFO main 1052593] Scout.Query -> Scout.GotoCenter | Drive to others reported pos
[15 INFO main 1057722] Scout.GotoCenter -> Scout.Query | return to random walk
[15 INFO main 1063990] Confirming: 1/8
[15 INFO main 1066078] Confirming: 2/8
[15 INFO main 1068143] Confirming: 3/8
[15 INFO main 1072221] Confirming: 4/8
[15 INFO main 1074266] Confirming: 6/8
[15 INFO main 1078398] Confirming: 8/8
[15 INFO main 1224853] Scout.Query -> Scout.GotoCenter | Drive to others reported pos
[15 INFO main 1255572] Scout.GotoCenter -> Scout.Query | return to random walk
[15 INFO main 1278485] Confirming: 1/8
[15 INFO main 1280566] Confirming: 2/8
[15 INFO main 1282621] Confirming: 3/8
[15 INFO main 1286730] Confirming: 5/8
[15 INFO main 1290805] Confirming: 7/8
[15 INFO main 1292809] Confirming: 8/8
[15 INFO main 1296438] Scout.Query -> Scout.GotoCenter | Drive to others reported pos
[15 INFO main 1301445] Scout.GotoCenter -> Scout.Query | return to random walk
[15 INFO main 1324190] Confirming: 1/8
[15 INFO main 1326286] Confirming: 2/8
[15 INFO main 1328487] Confirming: 3/8
[15 INFO main 1330514] Confirming: 5/8
[15 INFO main 1332557] Confirming: 6/8
[15 INFO main 1334675] Confirming: 7/8
[15 INFO main 1336738] Confirming: 8/8
[15 INFO main 1337108] Scout.Query -> Scout.GotoCenter | Drive to others reported pos
[15 INFO main 1406273] Scout.GotoCenter -> Scout.Query | return to random walk
[15 INFO main 1463565] Confirming: 1/8
[15 INFO main 1466085] Confirming: 2/8
[15 INFO main 1468203] Confirming: 3/8
[15 INFO main 1470267] Confirming: 5/8
[15 INFO main 1472203] Confirming: 6/8
[15 INFO main 1474334] Confirming: 7/8
[15 INFO main 1476834] Confirming: 8/8
[15 INFO main 1477585] Scout.Query -> Scout.GotoCenter | Drive to others reported pos
[15 INFO main 1536484] Scout.GotoCenter -> Scout.Query | return to random walk
[15 INFO main 1553693] Confirming: 1/8
[15 INFO main 1555985] Confirming: 2/8
[15 INFO main 1558042] Confirming: 3/8
[15 INFO main 1560122] Confirming: 4/8
[15 INFO main 1562079] Confirming: 5/8
[15 INFO main 1564190] Confirming: 6/8
[15 INFO main 1566893] Confirming: 8/8
[15 INFO main 1932682] Scout.Query -> Scout.GotoCenter | Drive to others reported pos
[15 INFO main 1957494] Scout.GotoCenter -> Scout.Query | return to random walk
[15 INFO main 1994870] Confirming: 1/8
[15 INFO main 1996946] Confirming: 2/8
[15 INFO main 1999006] Confirming: 3/8
[15 INFO main 2001022] Confirming: 4/8
[15 INFO main 2003089] Confirming: 5/8
[15 INFO main 2005110] Confirming: 6/8
[15 INFO main 2007230] Confirming: 7/8
[15 INFO main 2009302] Confirming: 9/8
[15 INFO main 2104165] Scout.Query -> Scout.GotoCenter | Drive to others reported pos
[15 INFO main 2142047] Scout.GotoCenter -> Scout.Query | return to random walk
[15 INFO main 2175054] Confirming: 1/8
[15 INFO main 2177074] Confirming: 2/8
[15 INFO main 2179138] Confirming: 3/8
[15 INFO main 2181238] Confirming: 5/8
[15 INFO main 2185406] Confirming: 6/8
[15 INFO main 2187398] Confirming: 7/8
[15 INFO main 2191491] Confirming: 8/8
[15 INFO main 2193164] Scout.Query -> Scout.GotoCenter | Drive to others reported pos
[15 INFO main 2269599] Scout.GotoCenter -> Scout.Query | return to random walk
[15 INFO main 2325642] Confirming: 3/8
[15 INFO main 2327902] Confirming: 5/8
[15 INFO main 2332090] Confirming: 6/8
[15 INFO main 2334202] Confirming: 7/8
[15 INFO main 2336253] Confirming: 8/8
[15 INFO main 2390969] Scout.Query -> Scout.GotoCenter | Drive to others reported pos
[15 INFO main 2421487] Scout.GotoCenter -> Scout.Query | return to random walk
[15 INFO main 2481462] Confirming: 1/8
[15 INFO main 2483651] Confirming: 2/8
[15 INFO main 2485702] Confirming: 3/8
[15 INFO main 2487758] Confirming: 4/8
[15 INFO main 2489874] Confirming: 5/8
[15 INFO main 2492029] Confirming: 6/8
[15 INFO main 2494094] Confirming: 7/8
[15 INFO main 2496130] Confirming: 8/8
[15 INFO main 2498453] Scout.Query -> Scout.GotoCenter | Drive to others reported pos
[15 INFO main 2617013] Scout.GotoCenter -> Scout.Query | return to random walk
[15 INFO main 2632125] Confirming: 1/8
[15 INFO main 2634214] Confirming: 2/8
[15 INFO main 2636210] Confirming: 3/8
[15 INFO main 2638238] Confirming: 4/8
[15 INFO main 2640314] Confirming: 5/8
[15 INFO main 2642334] Confirming: 6/8
[15 INFO main 2644451] Confirming: 7/8
[15 INFO main 2646542] Confirming: 8/8
[15 INFO main 2767622] Confirming: 2/8
[15 INFO main 2771894] Confirming: 4/8
[15 INFO main 2773886] Confirming: 5/8
[15 INFO main 2776018] Confirming: 6/8
[15 INFO main 2777987] Confirming: 7/8
[15 INFO main 2780118] Confirming: 8/8
[15 INFO main 2784226] Scout.Query -> Scout.GotoCenter | Drive to others reported pos
[15 INFO main 2800815] Scout.GotoCenter -> Scout.Query | return to random walk
[15 INFO main 2815627] Confirming: 2/8
[15 INFO main 2817689] Confirming: 3/8
[15 INFO main 2819738] Confirming: 4/8
[15 INFO main 2821742] Confirming: 5/8
[15 INFO main 2824054] Confirming: 6/8
[15 INFO main 2826138] Confirming: 7/8
[15 INFO main 2828205] Confirming: 8/8
[15 INFO main 3004236] Scout.Query -> Scout.GotoCenter | Drive to others reported pos
[15 INFO main 3072370] Scout.GotoCenter -> Scout.Query | return to random walk
[15 INFO main 3092974] Confirming: 1/8
[15 INFO main 3095070] Confirming: 2/8
[15 INFO main 3097089] Confirming: 3/8
[15 INFO main 3099098] Confirming: 4/8
[15 INFO main 3101130] Confirming: 5/8
[15 INFO main 3103230] Confirming: 6/8
[15 INFO main 3105195] Confirming: 8/8
[15 INFO main 3108380] Scout.Query -> Scout.GotoCenter | Drive to others reported pos
[15 INFO main 3132144] Scout.GotoCenter -> Scout.Query | return to random walk
[15 INFO main 3142518] Confirming: 1/8
[15 INFO main 3146677] Confirming: 2/8
[15 INFO main 3148717] Confirming: 3/8
[15 INFO main 3150810] Confirming: 4/8
[15 INFO main 3152871] Confirming: 5/8
[15 INFO main 3157210] Confirming: 7/8
[15 INFO main 3159218] Confirming: 8/8
[15 INFO main 3164188] Scout.Query -> Scout.GotoCenter | Drive to others reported pos
[15 INFO main 3206645] Scout.GotoCenter -> Scout.Query | return to random walk
[15 INFO main 3230122] Confirming: 1/8
[15 INFO main 3232135] Confirming: 2/8
[15 INFO main 3234141] Confirming: 3/8
[15 INFO main 3236144] Confirming: 4/8
[15 INFO main 3238186] Confirming: 5/8
[15 INFO main 3240553] Confirming: 7/8
[15 INFO main 3244646] Confirming: 9/8
