[8 INFO main 28] Initialising Python Geth Console...
[8 INFO main 33] Initialising RandB board...
[8 INFO main 33] Initialising navigation...
[8 INFO main 33] Initialising random-walk...
[8 INFO main 33] Initialising odometry...
[8 INFO main 33] Initialising ground-sensors...
[8 INFO main 1105] --//-- Starting Experiment --//--
[8 INFO main 2198] Idle.IDLE -> Scout.Query | Duration: 19.69
[8 INFO main 11323] Scout.Query -> Scout.GotoCenter | Drive to others reported pos
[8 INFO main 25074] Scout.GotoCenter -> Scout.Query | return to random walk
[8 INFO main 71537] Scout.Query -> Scout.GotoCenter | Drive to others reported pos
[8 INFO main 85098] Scout.GotoCenter -> Scout.Query | return to random walk
[8 INFO main 207282] Scout.Query -> Scout.GotoCenter | Drive to others reported pos
[8 INFO main 232262] Scout.GotoCenter -> Scout.Query | return to random walk
[8 INFO main 427613] Scout.Query -> Scout.GotoCenter | Drive to others reported pos
[8 INFO main 506922] Scout.GotoCenter -> Scout.Query | return to random walk
[8 INFO main 577907] Scout.Query -> Scout.GotoCenter | Drive to others reported pos
[8 INFO main 636089] Scout.GotoCenter -> Scout.Query | return to random walk
[8 INFO main 697180] Scout.Query -> Scout.GotoCenter | Drive to others reported pos
[8 INFO main 744585] Scout.GotoCenter -> Scout.Query | return to random walk
[8 INFO main 780101] Scout.Query -> Scout.GotoCenter | Drive to others reported pos
[8 INFO main 810735] Scout.GotoCenter -> Scout.Query | return to random walk
[8 INFO main 841439] Scout.Query -> Scout.GotoCenter | Drive to others reported pos
[8 INFO main 871548] Scout.GotoCenter -> Scout.Query | return to random walk
[8 INFO main 902234] Scout.Query -> Scout.GotoCenter | Drive to others reported pos
[8 INFO main 935499] Scout.GotoCenter -> Scout.Query | return to random walk
[8 INFO main 971200] Scout.Query -> Scout.GotoCenter | Drive to others reported pos
