[INFO main 27] Initialising peer buffer...
[INFO main 27] Initialising resource buffer...
[INFO main 27] Initialising TCP server...
[INFO main 27] Initialising RandB board...
[INFO main 27] Initialising ground-sensors...
[INFO main 27] Initialising random-walk...
[INFO main 844] --//-- Starting Experiment --//--
[INFO main 18965] Added resource: {"x": -0.72, "y": 0.2, "radius": 0.06, "quantity": 1, "quality": "red", "timeStamp": 0}
[INFO main 41692] Removed resource: {"x": -0.72, "y": 0.2, "radius": 0.06, "quantity": 1, "quality": "red", "timeStamp": 0}
[INFO main 68023] Added resource: {"x": -0.3, "y": 1.14, "radius": 0.05, "quantity": 1, "quality": "yellow", "timeStamp": 0}
[INFO main 94456] Added resource: {"x": -0.11, "y": 0.54, "radius": 0.05, "quantity": 1, "quality": "green", "timeStamp": 0}
[INFO main 143116] Removed resource: {"x": -0.3, "y": 1.14, "radius": 0.05, "quantity": 1, "quality": "yellow", "timeStamp": 0}
[INFO main 161538] Removed resource: {"x": -0.11, "y": 0.54, "radius": 0.05, "quantity": 1, "quality": "green", "timeStamp": 0}
[INFO main 226117] Added resource: {"x": -0.17, "y": 0.72, "radius": 0.05, "quantity": 1, "quality": "red", "timeStamp": 0}
[INFO main 233627] Added resource: {"x": -0.09, "y": 0.4, "radius": 0.05, "quantity": 1, "quality": "green", "timeStamp": 0}
[INFO main 244040] Removed resource: {"x": -0.09, "y": 0.4, "radius": 0.05, "quantity": 1, "quality": "green", "timeStamp": 0}
[INFO main 275178] Removed resource: {"x": -0.17, "y": 0.72, "radius": 0.05, "quantity": 1, "quality": "red", "timeStamp": 0}
[INFO main 296404] Added resource: {"x": -1.15, "y": 0.79, "radius": 0.04, "quantity": 1, "quality": "red", "timeStamp": 0}
[INFO main 300910] Added resource: {"x": -1.02, "y": 0.66, "radius": 0.05, "quantity": 1, "quality": "yellow", "timeStamp": 0}
[INFO main 327841] Added resource: {"x": -0.47, "y": 0.23, "radius": 0.04, "quantity": 1, "quality": "red", "timeStamp": 0}
[INFO main 354974] Removed resource: {"x": -1.02, "y": 0.66, "radius": 0.05, "quantity": 1, "quality": "yellow", "timeStamp": 0}
[INFO main 416057] Added resource: {"x": -0.85, "y": -0.46, "radius": 0.06, "quantity": 1, "quality": "red", "timeStamp": 0}
[INFO main 454293] Removed resource: {"x": -0.47, "y": 0.23, "radius": 0.04, "quantity": 1, "quality": "red", "timeStamp": 0}
[INFO main 510860] Added resource: {"x": -1.09, "y": -0.29, "radius": 0.05, "quantity": 1, "quality": "blue", "timeStamp": 0}
[INFO main 555713] Removed resource: {"x": -1.09, "y": -0.29, "radius": 0.05, "quantity": 1, "quality": "blue", "timeStamp": 0}
[INFO main 564222] Added resource: {"x": -1.01, "y": -0.4, "radius": 0.05, "quantity": 1, "quality": "green", "timeStamp": 0}
[INFO main 569234] Added resource: {"x": -0.8, "y": -0.28, "radius": 0.05, "quantity": 1, "quality": "yellow", "timeStamp": 0}
[INFO main 573734] Added resource: {"x": -0.57, "y": -0.22, "radius": 0.05, "quantity": 1, "quality": "green", "timeStamp": 0}
