[9 INFO main 32] Initialising Python Geth Console...
[9 INFO main 36] Initialising RandB board...
[9 INFO main 36] Initialising navigation...
[9 INFO main 36] Initialising random-walk...
[9 INFO main 36] Initialising odometry...
[9 INFO main 36] Initialising ground-sensors...
[9 INFO main 717] --//-- Starting Experiment --//--
[9 INFO main 1820] Idle.IDLE -> Scout.Query | Duration: 21.87
[9 INFO main 31183] Scout.Query -> Scout.GotoCenter | Drive to others reported pos
[9 INFO main 54979] Scout.GotoCenter -> Scout.Query | return to random walk
[9 INFO main 63262] Confirming: 1/8
[9 INFO main 65334] Confirming: 3/8
[9 INFO main 67377] Confirming: 4/8
[9 INFO main 71421] Confirming: 6/8
[9 INFO main 73558] Confirming: 7/8
[9 INFO main 75622] Confirming: 8/8
[9 INFO main 80408] Scout.Query -> Scout.GotoCenter | Drive to others reported pos
[9 INFO main 81744] Scout.GotoCenter -> Scout.Query | return to random walk
[9 INFO main 124944] Confirming: 1/8
[9 INFO main 127097] Confirming: 3/8
[9 INFO main 131249] Confirming: 4/8
[9 INFO main 133326] Confirming: 5/8
[9 INFO main 135392] Confirming: 7/8
[9 INFO main 137397] Confirming: 8/8
[9 INFO main 404444] Scout.Query -> Scout.GotoCenter | Drive to others reported pos
[9 INFO main 423831] Scout.GotoCenter -> Scout.Query | return to random walk
[9 INFO main 436369] Confirming: 1/8
[9 INFO main 438471] Confirming: 2/8
[9 INFO main 440510] Confirming: 3/8
[9 INFO main 442595] Confirming: 4/8
[9 INFO main 444664] Confirming: 5/8
[9 INFO main 446722] Confirming: 6/8
[9 INFO main 448733] Confirming: 7/8
[9 INFO main 450758] Confirming: 8/8
[9 INFO main 601594] Scout.Query -> Scout.GotoCenter | Drive to others reported pos
[9 INFO main 637854] Scout.GotoCenter -> Scout.Query | return to random walk
[9 INFO main 656326] Confirming: 1/8
[9 INFO main 660446] Confirming: 3/8
[9 INFO main 662498] Confirming: 4/8
[9 INFO main 664547] Confirming: 5/8
[9 INFO main 666562] Confirming: 6/8
[9 INFO main 668658] Confirming: 7/8
[9 INFO main 670738] Confirming: 8/8
[9 INFO main 673384] Scout.Query -> Scout.GotoCenter | Drive to others reported pos
[9 INFO main 682119] Scout.GotoCenter -> Scout.Query | return to random walk
[9 INFO main 717118] Confirming: 1/8
[9 INFO main 719201] Confirming: 2/8
[9 INFO main 721361] Confirming: 3/8
[9 INFO main 723482] Confirming: 4/8
[9 INFO main 725529] Confirming: 5/8
[9 INFO main 727594] Confirming: 6/8
[9 INFO main 735870] Confirming: 8/8
[9 INFO main 860759] Confirming: 2/8
[9 INFO main 864838] Confirming: 4/8
[9 INFO main 868942] Confirming: 6/8
[9 INFO main 870970] Confirming: 7/8
[9 INFO main 872999] Confirming: 8/8
[9 INFO main 875004] Scout.Query -> Scout.GotoCenter | Drive to others reported pos
[9 INFO main 909960] Scout.GotoCenter -> Scout.Query | return to random walk
[9 INFO main 920486] Confirming: 1/8
[9 INFO main 922449] Confirming: 2/8
[9 INFO main 924598] Confirming: 3/8
[9 INFO main 928622] Confirming: 5/8
[9 INFO main 930722] Confirming: 6/8
[9 INFO main 932766] Confirming: 7/8
[9 INFO main 934814] Confirming: 8/8
[9 INFO main 1230994] Scout.Query -> Scout.GotoCenter | Drive to others reported pos
[9 INFO main 1261885] Scout.GotoCenter -> Scout.Query | return to random walk
[9 INFO main 1294565] Confirming: 1/8
[9 INFO main 1296574] Confirming: 2/8
[9 INFO main 1298722] Confirming: 3/8
[9 INFO main 1300814] Confirming: 4/8
[9 INFO main 1302830] Confirming: 5/8
[9 INFO main 1304793] Confirming: 6/8
[9 INFO main 1306914] Confirming: 7/8
[9 INFO main 1309040] Confirming: 9/8
[9 INFO main 1312797] Scout.Query -> Scout.GotoCenter | Drive to others reported pos
[9 INFO main 1338050] Scout.GotoCenter -> Scout.Query | return to random walk
[9 INFO main 1354890] Confirming: 1/8
[9 INFO main 1356913] Confirming: 2/8
[9 INFO main 1358953] Confirming: 3/8
[9 INFO main 1361051] Confirming: 4/8
[9 INFO main 1363062] Confirming: 5/8
[9 INFO main 1365066] Confirming: 6/8
[9 INFO main 1367066] Confirming: 7/8
[9 INFO main 1369174] Confirming: 8/8
[9 INFO main 1933874] Scout.Query -> Scout.GotoCenter | Drive to others reported pos
[9 INFO main 1943236] Scout.GotoCenter -> Scout.Query | return to random walk
[9 INFO main 1978242] Confirming: 1/8
[9 INFO main 1980246] Confirming: 2/8
[9 INFO main 1982298] Confirming: 3/8
[9 INFO main 1984354] Confirming: 4/8
[9 INFO main 1986382] Confirming: 5/8
[9 INFO main 1988498] Confirming: 6/8
[9 INFO main 1990602] Confirming: 7/8
[9 INFO main 1992625] Confirming: 8/8
[9 INFO main 2100511] Scout.Query -> Scout.GotoCenter | Drive to others reported pos
[9 INFO main 2130404] Scout.GotoCenter -> Scout.Query | return to random walk
[9 INFO main 2159090] Confirming: 1/8
[9 INFO main 2161094] Confirming: 2/8
[9 INFO main 2163277] Confirming: 3/8
[9 INFO main 2165329] Confirming: 4/8
[9 INFO main 2167354] Confirming: 5/8
[9 INFO main 2169394] Confirming: 6/8
[9 INFO main 2171433] Confirming: 7/8
[9 INFO main 2173454] Confirming: 8/8
[9 INFO main 2381903] Scout.Query -> Scout.GotoCenter | Drive to others reported pos
[9 INFO main 2402259] Scout.GotoCenter -> Scout.Query | return to random walk
[9 INFO main 2435511] Confirming: 1/8
[9 INFO main 2437530] Confirming: 2/8
[9 INFO main 2439618] Confirming: 3/8
[9 INFO main 2441690] Confirming: 4/8
[9 INFO main 2443726] Confirming: 5/8
[9 INFO main 2445822] Confirming: 6/8
[9 INFO main 2447861] Confirming: 7/8
[9 INFO main 2449898] Confirming: 8/8
[9 INFO main 2461154] Scout.Query -> Scout.GotoCenter | Drive to others reported pos
[9 INFO main 2476657] Scout.GotoCenter -> Scout.Query | return to random walk
[9 INFO main 2495249] Confirming: 1/8
[9 INFO main 2497231] Confirming: 2/8
[9 INFO main 2499358] Confirming: 3/8
[9 INFO main 2501382] Confirming: 4/8
[9 INFO main 2503446] Confirming: 5/8
[9 INFO main 2505473] Confirming: 6/8
[9 INFO main 2507819] Confirming: 7/8
[9 INFO main 2509898] Confirming: 8/8
[9 INFO main 2534515] Scout.Query -> Scout.GotoCenter | Drive to others reported pos
[9 INFO main 2538570] Scout.GotoCenter -> Scout.Query | return to random walk
[9 INFO main 2551286] Confirming: 1/8
[9 INFO main 2553526] Confirming: 2/8
[9 INFO main 2555594] Confirming: 3/8
[9 INFO main 2557669] Confirming: 4/8
[9 INFO main 2559674] Confirming: 5/8
[9 INFO main 2576134] Confirming: 13/8
[9 INFO main 2580725] Scout.Query -> Scout.GotoCenter | Drive to others reported pos
[9 INFO main 2606999] Scout.GotoCenter -> Scout.Query | return to random walk
[9 INFO main 2617536] Confirming: 1/8
[9 INFO main 2619873] Confirming: 2/8
[9 INFO main 2621885] Confirming: 3/8
[9 INFO main 2623969] Confirming: 4/8
[9 INFO main 2626033] Confirming: 5/8
[9 INFO main 2628134] Confirming: 7/8
[9 INFO main 2632423] Confirming: 8/8
[9 INFO main 2633022] Scout.Query -> Scout.GotoCenter | Drive to others reported pos
[9 INFO main 2649780] Scout.GotoCenter -> Scout.Query | return to random walk
[9 INFO main 2676704] Confirming: 1/8
[9 INFO main 2680881] Confirming: 3/8
[9 INFO main 2682986] Confirming: 4/8
[9 INFO main 2685046] Confirming: 5/8
[9 INFO main 2687122] Confirming: 6/8
[9 INFO main 2689234] Confirming: 7/8
[9 INFO main 2691233] Confirming: 8/8
[9 INFO main 2696251] Scout.Query -> Scout.GotoCenter | Drive to others reported pos
[9 INFO main 2714027] Scout.GotoCenter -> Scout.Query | return to random walk
[9 INFO main 2724560] Confirming: 1/8
[9 INFO main 2726669] Confirming: 2/8
[9 INFO main 2728715] Confirming: 3/8
[9 INFO main 2730729] Confirming: 4/8
[9 INFO main 2734806] Confirming: 5/8
[9 INFO main 2736731] Confirming: 6/8
[9 INFO main 2740786] Confirming: 8/8
[9 INFO main 2759605] Scout.Query -> Scout.GotoCenter | Drive to others reported pos
[9 INFO main 2789341] Scout.GotoCenter -> Scout.Query | return to random walk
[9 INFO main 2799683] Confirming: 1/8
[9 INFO main 2801738] Confirming: 2/8
[9 INFO main 2803745] Confirming: 3/8
[9 INFO main 2809934] Confirming: 6/8
[9 INFO main 2820258] Confirming: 12/8
[9 INFO main 2824999] Scout.Query -> Scout.GotoCenter | Drive to others reported pos
[9 INFO main 2850881] Scout.GotoCenter -> Scout.Query | return to random walk
[9 INFO main 2859258] Confirming: 1/8
[9 INFO main 2861321] Confirming: 2/8
[9 INFO main 2863370] Confirming: 3/8
[9 INFO main 2865425] Confirming: 4/8
[9 INFO main 2867514] Confirming: 5/8
[9 INFO main 2869770] Confirming: 6/8
[9 INFO main 2871889] Confirming: 8/8
[9 INFO main 2999102] Scout.Query -> Scout.GotoCenter | Drive to others reported pos
[9 INFO main 3030260] Scout.GotoCenter -> Scout.Query | return to random walk
[9 INFO main 3046842] Confirming: 1/8
[9 INFO main 3048901] Confirming: 2/8
[9 INFO main 3050909] Confirming: 3/8
[9 INFO main 3053011] Confirming: 4/8
[9 INFO main 3055066] Confirming: 5/8
[9 INFO main 3057146] Confirming: 6/8
[9 INFO main 3059153] Confirming: 7/8
[9 INFO main 3061214] Confirming: 8/8
[9 INFO main 3073215] Scout.Query -> Scout.GotoCenter | Drive to others reported pos
[9 INFO main 3073737] Scout.GotoCenter -> Scout.Query | return to random walk
[9 INFO main 3240454] Confirming: 1/8
[9 INFO main 3242542] Confirming: 2/8
[9 INFO main 3244864] Confirming: 3/8
[9 INFO main 3246974] Confirming: 4/8
[9 INFO main 3249262] Confirming: 6/8
[9 INFO main 3251674] Confirming: 7/8
[9 INFO main 3253706] Confirming: 8/8
