[INFO main 26] Initialising peer buffer...
[INFO main 26] Initialising resource buffer...
[INFO main 26] Initialising TCP server...
[INFO main 27] Initialising RandB board...
[INFO main 27] Initialising ground-sensors...
[INFO main 27] Initialising random-walk...
[INFO main 343] --//-- Starting Experiment --//--
[INFO main 136012] Added resource: {"x": 1.05, "y": 0.93, "radius": 0.05, "quantity": 1, "quality": "yellow", "timeStamp": 0}
[INFO main 136012] Removed resource: {"x": 1.05, "y": 0.93, "radius": 0.05, "quantity": 1, "quality": "yellow", "timeStamp": 0}
[INFO main 207204] Added resource: {"x": -0.49, "y": 0.63, "radius": 0.04, "quantity": 1, "quality": "blue", "timeStamp": 0}
[INFO main 230735] Removed resource: {"x": -0.49, "y": 0.63, "radius": 0.04, "quantity": 1, "quality": "blue", "timeStamp": 0}
[INFO main 293209] Added resource: {"x": -1.22, "y": -0.13, "radius": 0.05, "quantity": 1, "quality": "red", "timeStamp": 0}
[INFO main 299315] Added resource: {"x": -0.92, "y": -0.15, "radius": 0.05, "quantity": 1, "quality": "blue", "timeStamp": 0}
[INFO main 338869] Added resource: {"x": 0.35, "y": -0.82, "radius": 0.05, "quantity": 1, "quality": "blue", "timeStamp": 0}
[INFO main 419068] Added resource: {"x": 0.02, "y": 0.64, "radius": 0.06, "quantity": 1, "quality": "green", "timeStamp": 0}
[INFO main 456815] Added resource: {"x": 0.73, "y": 0.01, "radius": 0.05, "quantity": 1, "quality": "blue", "timeStamp": 0}
[INFO main 479642] Removed resource: {"x": 0.73, "y": 0.01, "radius": 0.05, "quantity": 1, "quality": "blue", "timeStamp": 0}
[INFO main 494058] Added resource: {"x": 1.13, "y": -0.02, "radius": 0.04, "quantity": 1, "quality": "red", "timeStamp": 0}
[INFO main 497162] Added resource: {"x": 0.96, "y": 0.0, "radius": 0.05, "quantity": 1, "quality": "yellow", "timeStamp": 0}
[INFO main 527501] Removed resource: {"x": 0.96, "y": 0.0, "radius": 0.05, "quantity": 1, "quality": "yellow", "timeStamp": 0}
[INFO main 600293] Removed resource: {"x": 0.35, "y": -0.82, "radius": 0.05, "quantity": 1, "quality": "blue", "timeStamp": 0}
