[13 INFO main 26] Initialising Python Geth Console...
[13 INFO main 31] Initialising RandB board...
[13 INFO main 31] Initialising navigation...
[13 INFO main 31] Initialising random-walk...
[13 INFO main 31] Initialising odometry...
[13 INFO main 31] Initialising ground-sensors...
[13 INFO main 343] --//-- Starting Experiment --//--
[13 INFO main 1437] Idle.IDLE -> Scout.Query | Duration: 21.64
[13 INFO main 20878] Scout.Query -> Scout.GotoCenter | Drive to others reported pos
[13 INFO main 69189] Scout.GotoCenter -> Scout.Query | return to random walk
[13 INFO main 110042] Scout.Query -> Scout.GotoCenter | Drive to others reported pos
[13 INFO main 130946] Scout.GotoCenter -> Scout.Query | return to random walk
[13 INFO main 176722] Scout.Query -> Scout.GotoCenter | Drive to others reported pos
[13 INFO main 207780] Scout.GotoCenter -> Scout.Query | return to random walk
[13 INFO main 273968] Scout.Query -> Scout.GotoCenter | Drive to others reported pos
[13 INFO main 355565] Scout.GotoCenter -> Scout.Query | return to random walk
[13 INFO main 406936] Scout.Query -> Scout.GotoCenter | Drive to others reported pos
[13 INFO main 451830] Scout.GotoCenter -> Scout.Query | return to random walk
[13 INFO main 497512] Scout.Query -> Scout.GotoCenter | Drive to others reported pos
[13 INFO main 520374] Scout.GotoCenter -> Scout.Query | return to random walk
[13 INFO main 560917] Scout.Query -> Scout.GotoCenter | Drive to others reported pos
[13 INFO main 591473] Scout.GotoCenter -> Scout.Query | return to random walk
