[3 INFO main 30] Initialising Python Geth Console...
[3 INFO main 33] Initialising RandB board...
[3 INFO main 33] Initialising navigation...
[3 INFO main 33] Initialising random-walk...
[3 INFO main 34] Initialising odometry...
[3 INFO main 34] Initialising ground-sensors...
[3 INFO main 1166] --//-- Starting Experiment --//--
[3 INFO main 2270] Idle.IDLE -> Scout.Query | Duration: 21.54
[3 INFO main 12583] Scout.Query -> Scout.GotoCenter | Drive to others reported pos
[3 INFO main 15685] Scout.GotoCenter -> Scout.Query | return to random walk
[3 INFO main 16591] Scout.Query -> Scout.GotoCenter | Drive to others reported pos
[3 INFO main 19490] Scout.GotoCenter -> Scout.Query | return to random walk
[3 INFO main 19692] Scout.Query -> Scout.GotoCenter | Drive to others reported pos
[3 INFO main 20095] Scout.GotoCenter -> Scout.Query | return to random walk
[3 INFO main 20693] Scout.Query -> Scout.GotoCenter | Drive to others reported pos
[3 INFO main 20792] Scout.GotoCenter -> Scout.Query | return to random walk
[3 INFO main 21695] Scout.Query -> Scout.GotoCenter | Drive to others reported pos
[3 INFO main 21894] Scout.GotoCenter -> Scout.Query | return to random walk
[3 INFO main 22696] Scout.Query -> Scout.GotoCenter | Drive to others reported pos
[3 INFO main 22795] Scout.GotoCenter -> Scout.Query | return to random walk
[3 INFO main 23697] Scout.Query -> Scout.GotoCenter | Drive to others reported pos
[3 INFO main 23796] Scout.GotoCenter -> Scout.Query | return to random walk
[3 INFO main 24699] Scout.Query -> Scout.GotoCenter | Drive to others reported pos
[3 INFO main 25398] Scout.GotoCenter -> Scout.Query | return to random walk
[3 INFO main 25700] Scout.Query -> Scout.GotoCenter | Drive to others reported pos
[3 INFO main 26399] Scout.GotoCenter -> Scout.Query | return to random walk
[3 INFO main 26797] Scout.Query -> Scout.GotoCenter | Drive to others reported pos
[3 INFO main 27901] Scout.GotoCenter -> Scout.Query | return to random walk
[3 INFO main 28803] Scout.Query -> Scout.GotoCenter | Drive to others reported pos
[3 INFO main 29301] Scout.GotoCenter -> Scout.Query | return to random walk
[3 INFO main 29803] Scout.Query -> Scout.GotoCenter | Drive to others reported pos
[3 INFO main 29905] Scout.GotoCenter -> Scout.Query | return to random walk
[3 INFO main 30805] Scout.Query -> Scout.GotoCenter | Drive to others reported pos
[3 INFO main 31407] Scout.GotoCenter -> Scout.Query | return to random walk
[3 INFO main 31806] Scout.Query -> Scout.GotoCenter | Drive to others reported pos
[3 INFO main 32710] Scout.GotoCenter -> Scout.Query | return to random walk
[3 INFO main 32807] Scout.Query -> Scout.GotoCenter | Drive to others reported pos
[3 INFO main 32909] Scout.GotoCenter -> Scout.Query | return to random walk
[3 INFO main 33809] Scout.Query -> Scout.GotoCenter | Drive to others reported pos
[3 INFO main 33910] Scout.GotoCenter -> Scout.Query | return to random walk
[3 INFO main 34810] Scout.Query -> Scout.GotoCenter | Drive to others reported pos
[3 INFO main 35010] Scout.GotoCenter -> Scout.Query | return to random walk
[3 INFO main 35811] Scout.Query -> Scout.GotoCenter | Drive to others reported pos
[3 INFO main 36011] Scout.GotoCenter -> Scout.Query | return to random walk
[3 INFO main 36812] Scout.Query -> Scout.GotoCenter | Drive to others reported pos
[3 INFO main 37314] Scout.GotoCenter -> Scout.Query | return to random walk
[3 INFO main 37815] Scout.Query -> Scout.GotoCenter | Drive to others reported pos
[3 INFO main 38113] Scout.GotoCenter -> Scout.Query | return to random walk
[3 INFO main 38816] Scout.Query -> Scout.GotoCenter | Drive to others reported pos
[3 INFO main 38916] Scout.GotoCenter -> Scout.Query | return to random walk
[3 INFO main 39818] Scout.Query -> Scout.GotoCenter | Drive to others reported pos
[3 INFO main 40318] Scout.GotoCenter -> Scout.Query | return to random walk
[3 INFO main 40819] Scout.Query -> Scout.GotoCenter | Drive to others reported pos
[3 INFO main 40919] Scout.GotoCenter -> Scout.Query | return to random walk
[3 INFO main 41820] Scout.Query -> Scout.GotoCenter | Drive to others reported pos
[3 INFO main 42221] Scout.GotoCenter -> Scout.Query | return to random walk
[3 INFO main 42822] Scout.Query -> Scout.GotoCenter | Drive to others reported pos
[3 INFO main 43021] Scout.GotoCenter -> Scout.Query | return to random walk
[3 INFO main 43924] Scout.Query -> Scout.GotoCenter | Drive to others reported pos
[3 INFO main 44425] Scout.GotoCenter -> Scout.Query | return to random walk
[3 INFO main 44926] Scout.Query -> Scout.GotoCenter | Drive to others reported pos
[3 INFO main 45023] Scout.GotoCenter -> Scout.Query | return to random walk
[3 INFO main 45926] Scout.Query -> Scout.GotoCenter | Drive to others reported pos
[3 INFO main 48931] Scout.GotoCenter -> Scout.Query | return to random walk
[3 INFO main 49932] Scout.Query -> Scout.GotoCenter | Drive to others reported pos
[3 INFO main 50030] Scout.GotoCenter -> Scout.Query | return to random walk
[3 INFO main 50934] Scout.Query -> Scout.GotoCenter | Drive to others reported pos
[3 INFO main 51331] Scout.GotoCenter -> Scout.Query | return to random walk
[3 INFO main 51934] Scout.Query -> Scout.GotoCenter | Drive to others reported pos
[3 INFO main 52132] Scout.GotoCenter -> Scout.Query | return to random walk
[3 INFO main 52936] Scout.Query -> Scout.GotoCenter | Drive to others reported pos
[3 INFO main 53333] Scout.GotoCenter -> Scout.Query | return to random walk
[3 INFO main 53936] Scout.Query -> Scout.GotoCenter | Drive to others reported pos
[3 INFO main 54736] Scout.GotoCenter -> Scout.Query | return to random walk
[3 INFO main 54937] Scout.Query -> Scout.GotoCenter | Drive to others reported pos
[3 INFO main 55335] Scout.GotoCenter -> Scout.Query | return to random walk
[3 INFO main 55939] Scout.Query -> Scout.GotoCenter | Drive to others reported pos
[3 INFO main 56036] Scout.GotoCenter -> Scout.Query | return to random walk
[3 INFO main 56940] Scout.Query -> Scout.GotoCenter | Drive to others reported pos
[3 INFO main 57638] Scout.GotoCenter -> Scout.Query | return to random walk
[3 INFO main 58041] Scout.Query -> Scout.GotoCenter | Drive to others reported pos
[3 INFO main 58339] Scout.GotoCenter -> Scout.Query | return to random walk
[3 INFO main 59042] Scout.Query -> Scout.GotoCenter | Drive to others reported pos
[3 INFO main 59440] Scout.GotoCenter -> Scout.Query | return to random walk
[3 INFO main 60044] Scout.Query -> Scout.GotoCenter | Drive to others reported pos
[3 INFO main 60142] Scout.GotoCenter -> Scout.Query | return to random walk
[3 INFO main 61045] Scout.Query -> Scout.GotoCenter | Drive to others reported pos
[3 INFO main 61142] Scout.GotoCenter -> Scout.Query | return to random walk
[3 INFO main 62046] Scout.Query -> Scout.GotoCenter | Drive to others reported pos
[3 INFO main 62144] Scout.GotoCenter -> Scout.Query | return to random walk
[3 INFO main 63047] Scout.Query -> Scout.GotoCenter | Drive to others reported pos
[3 INFO main 63144] Scout.GotoCenter -> Scout.Query | return to random walk
[3 INFO main 64047] Scout.Query -> Scout.GotoCenter | Drive to others reported pos
[3 INFO main 64148] Scout.GotoCenter -> Scout.Query | return to random walk
[3 INFO main 65048] Scout.Query -> Scout.GotoCenter | Drive to others reported pos
[3 INFO main 65149] Scout.GotoCenter -> Scout.Query | return to random walk
[3 INFO main 66056] Scout.Query -> Scout.GotoCenter | Drive to others reported pos
[3 INFO main 67160] Scout.GotoCenter -> Scout.Query | return to random walk
[3 INFO main 68061] Scout.Query -> Scout.GotoCenter | Drive to others reported pos
[3 INFO main 69361] Scout.GotoCenter -> Scout.Query | return to random walk
[3 INFO main 70063] Scout.Query -> Scout.GotoCenter | Drive to others reported pos
[3 INFO main 70164] Scout.GotoCenter -> Scout.Query | return to random walk
[3 INFO main 71064] Scout.Query -> Scout.GotoCenter | Drive to others reported pos
[3 INFO main 71165] Scout.GotoCenter -> Scout.Query | return to random walk
[3 INFO main 72066] Scout.Query -> Scout.GotoCenter | Drive to others reported pos
[3 INFO main 72365] Scout.GotoCenter -> Scout.Query | return to random walk
[3 INFO main 73067] Scout.Query -> Scout.GotoCenter | Drive to others reported pos
[3 INFO main 73366] Scout.GotoCenter -> Scout.Query | return to random walk
[3 INFO main 74069] Scout.Query -> Scout.GotoCenter | Drive to others reported pos
[3 INFO main 74469] Scout.GotoCenter -> Scout.Query | return to random walk
[3 INFO main 75170] Scout.Query -> Scout.GotoCenter | Drive to others reported pos
[3 INFO main 75271] Scout.GotoCenter -> Scout.Query | return to random walk
[3 INFO main 76171] Scout.Query -> Scout.GotoCenter | Drive to others reported pos
[3 INFO main 76271] Scout.GotoCenter -> Scout.Query | return to random walk
[3 INFO main 77172] Scout.Query -> Scout.GotoCenter | Drive to others reported pos
[3 INFO main 77373] Scout.GotoCenter -> Scout.Query | return to random walk
[3 INFO main 78174] Scout.Query -> Scout.GotoCenter | Drive to others reported pos
[3 INFO main 78773] Scout.GotoCenter -> Scout.Query | return to random walk
[3 INFO main 79175] Scout.Query -> Scout.GotoCenter | Drive to others reported pos
[3 INFO main 79371] Scout.GotoCenter -> Scout.Query | return to random walk
[3 INFO main 80176] Scout.Query -> Scout.GotoCenter | Drive to others reported pos
[3 INFO main 80577] Scout.GotoCenter -> Scout.Query | return to random walk
[3 INFO main 81179] Scout.Query -> Scout.GotoCenter | Drive to others reported pos
[3 INFO main 81376] Scout.GotoCenter -> Scout.Query | return to random walk
[3 INFO main 82179] Scout.Query -> Scout.GotoCenter | Drive to others reported pos
[3 INFO main 82278] Scout.GotoCenter -> Scout.Query | return to random walk
[3 INFO main 83181] Scout.Query -> Scout.GotoCenter | Drive to others reported pos
[3 INFO main 83579] Scout.GotoCenter -> Scout.Query | return to random walk
[3 INFO main 84182] Scout.Query -> Scout.GotoCenter | Drive to others reported pos
[3 INFO main 84683] Scout.GotoCenter -> Scout.Query | return to random walk
[3 INFO main 85183] Scout.Query -> Scout.GotoCenter | Drive to others reported pos
[3 INFO main 87085] Scout.GotoCenter -> Scout.Query | return to random walk
[3 INFO main 87186] Scout.Query -> Scout.GotoCenter | Drive to others reported pos
[3 INFO main 87585] Scout.GotoCenter -> Scout.Query | return to random walk
[3 INFO main 88187] Scout.Query -> Scout.GotoCenter | Drive to others reported pos
[3 INFO main 88385] Scout.GotoCenter -> Scout.Query | return to random walk
[3 INFO main 89188] Scout.Query -> Scout.GotoCenter | Drive to others reported pos
[3 INFO main 89286] Scout.GotoCenter -> Scout.Query | return to random walk
[3 INFO main 90189] Scout.Query -> Scout.GotoCenter | Drive to others reported pos
[3 INFO main 90385] Scout.GotoCenter -> Scout.Query | return to random walk
[3 INFO main 91191] Scout.Query -> Scout.GotoCenter | Drive to others reported pos
[3 INFO main 91388] Scout.GotoCenter -> Scout.Query | return to random walk
[3 INFO main 92194] Scout.Query -> Scout.GotoCenter | Drive to others reported pos
[3 INFO main 92490] Scout.GotoCenter -> Scout.Query | return to random walk
[3 INFO main 93195] Scout.Query -> Scout.GotoCenter | Drive to others reported pos
[3 INFO main 93892] Scout.GotoCenter -> Scout.Query | return to random walk
[3 INFO main 94196] Scout.Query -> Scout.GotoCenter | Drive to others reported pos
[3 INFO main 94292] Scout.GotoCenter -> Scout.Query | return to random walk
[3 INFO main 95197] Scout.Query -> Scout.GotoCenter | Drive to others reported pos
[3 INFO main 95494] Scout.GotoCenter -> Scout.Query | return to random walk
[3 INFO main 96198] Scout.Query -> Scout.GotoCenter | Drive to others reported pos
[3 INFO main 96294] Scout.GotoCenter -> Scout.Query | return to random walk
[3 INFO main 97199] Scout.Query -> Scout.GotoCenter | Drive to others reported pos
[3 INFO main 97495] Scout.GotoCenter -> Scout.Query | return to random walk
[3 INFO main 98200] Scout.Query -> Scout.GotoCenter | Drive to others reported pos
[3 INFO main 98297] Scout.GotoCenter -> Scout.Query | return to random walk
[3 INFO main 99202] Scout.Query -> Scout.GotoCenter | Drive to others reported pos
[3 INFO main 99298] Scout.GotoCenter -> Scout.Query | return to random walk
[3 INFO main 100202] Scout.Query -> Scout.GotoCenter | Drive to others reported pos
[3 INFO main 100299] Scout.GotoCenter -> Scout.Query | return to random walk
[3 INFO main 101204] Scout.Query -> Scout.GotoCenter | Drive to others reported pos
[3 INFO main 101401] Scout.GotoCenter -> Scout.Query | return to random walk
[3 INFO main 102205] Scout.Query -> Scout.GotoCenter | Drive to others reported pos
[3 INFO main 102302] Scout.GotoCenter -> Scout.Query | return to random walk
[3 INFO main 103207] Scout.Query -> Scout.GotoCenter | Drive to others reported pos
[3 INFO main 103301] Scout.GotoCenter -> Scout.Query | return to random walk
[3 INFO main 104208] Scout.Query -> Scout.GotoCenter | Drive to others reported pos
[3 INFO main 104405] Scout.GotoCenter -> Scout.Query | return to random walk
[3 INFO main 105210] Scout.Query -> Scout.GotoCenter | Drive to others reported pos
[3 INFO main 105406] Scout.GotoCenter -> Scout.Query | return to random walk
[3 INFO main 106308] Scout.Query -> Scout.GotoCenter | Drive to others reported pos
[3 INFO main 106407] Scout.GotoCenter -> Scout.Query | return to random walk
[3 INFO main 107310] Scout.Query -> Scout.GotoCenter | Drive to others reported pos
[3 INFO main 107408] Scout.GotoCenter -> Scout.Query | return to random walk
[3 INFO main 108408] Scout.Query -> Scout.GotoCenter | Drive to others reported pos
[3 INFO main 108509] Scout.GotoCenter -> Scout.Query | return to random walk
[3 INFO main 109410] Scout.Query -> Scout.GotoCenter | Drive to others reported pos
[3 INFO main 109610] Scout.GotoCenter -> Scout.Query | return to random walk
[3 INFO main 110511] Scout.Query -> Scout.GotoCenter | Drive to others reported pos
[3 INFO main 110609] Scout.GotoCenter -> Scout.Query | return to random walk
[3 INFO main 111611] Scout.Query -> Scout.GotoCenter | Drive to others reported pos
[3 INFO main 111710] Scout.GotoCenter -> Scout.Query | return to random walk
[3 INFO main 112612] Scout.Query -> Scout.GotoCenter | Drive to others reported pos
[3 INFO main 112711] Scout.GotoCenter -> Scout.Query | return to random walk
[3 INFO main 113613] Scout.Query -> Scout.GotoCenter | Drive to others reported pos
[3 INFO main 117219] Scout.GotoCenter -> Scout.Query | return to random walk
[3 INFO main 117619] Scout.Query -> Scout.GotoCenter | Drive to others reported pos
[3 INFO main 118821] Scout.GotoCenter -> Scout.Query | return to random walk
[3 INFO main 119622] Scout.Query -> Scout.GotoCenter | Drive to others reported pos
[3 INFO main 119822] Scout.GotoCenter -> Scout.Query | return to random walk
[3 INFO main 120623] Scout.Query -> Scout.GotoCenter | Drive to others reported pos
[3 INFO main 120724] Scout.GotoCenter -> Scout.Query | return to random walk
[3 INFO main 121624] Scout.Query -> Scout.GotoCenter | Drive to others reported pos
[3 INFO main 122027] Scout.GotoCenter -> Scout.Query | return to random walk
[3 INFO main 122626] Scout.Query -> Scout.GotoCenter | Drive to others reported pos
[3 INFO main 123628] Scout.GotoCenter -> Scout.Query | return to random walk
[3 INFO main 124629] Scout.Query -> Scout.GotoCenter | Drive to others reported pos
[3 INFO main 124928] Scout.GotoCenter -> Scout.Query | return to random walk
[3 INFO main 125631] Scout.Query -> Scout.GotoCenter | Drive to others reported pos
[3 INFO main 125929] Scout.GotoCenter -> Scout.Query | return to random walk
[3 INFO main 126632] Scout.Query -> Scout.GotoCenter | Drive to others reported pos
[3 INFO main 126930] Scout.GotoCenter -> Scout.Query | return to random walk
[3 INFO main 127633] Scout.Query -> Scout.GotoCenter | Drive to others reported pos
[3 INFO main 127731] Scout.GotoCenter -> Scout.Query | return to random walk
