[10 INFO main 28] Initialising Python Geth Console...
[10 INFO main 33] Initialising RandB board...
[10 INFO main 33] Initialising navigation...
[10 INFO main 33] Initialising random-walk...
[10 INFO main 33] Initialising odometry...
[10 INFO main 33] Initialising ground-sensors...
[10 INFO main 529] --//-- Starting Experiment --//--
[10 INFO main 1633] Idle.IDLE -> Scout.Query | Duration: 22.14
[10 INFO main 15835] Scout.Query -> Scout.GotoCenter | Drive to others reported pos
[10 INFO main 56966] Scout.GotoCenter -> Scout.Query | return to random walk
[10 INFO main 82370] Scout.Query -> Scout.GotoCenter | Drive to others reported pos
[10 INFO main 118003] Scout.GotoCenter -> Scout.Query | return to random walk
[10 INFO main 199169] Scout.Query -> Scout.GotoCenter | Drive to others reported pos
[10 INFO main 216782] Scout.GotoCenter -> Scout.Query | return to random walk
[10 INFO main 252384] Scout.Query -> Scout.GotoCenter | Drive to others reported pos
[10 INFO main 261861] Scout.GotoCenter -> Scout.Query | return to random walk
[10 INFO main 307700] Scout.Query -> Scout.GotoCenter | Drive to others reported pos
[10 INFO main 341036] Scout.GotoCenter -> Scout.Query | return to random walk
[10 INFO main 371394] Scout.Query -> Scout.GotoCenter | Drive to others reported pos
[10 INFO main 375113] Scout.GotoCenter -> Scout.Query | return to random walk
[10 INFO main 416883] Scout.Query -> Scout.GotoCenter | Drive to others reported pos
