[2 INFO main 28] Initialising Python Geth Console...
[2 INFO main 32] Initialising RandB board...
[2 INFO main 32] Initialising navigation...
[2 INFO main 32] Initialising random-walk...
[2 INFO main 32] Initialising odometry...
[2 INFO main 32] Initialising ground-sensors...
[2 INFO main 971] --//-- Starting Experiment --//--
[2 INFO main 2071] Idle.IDLE -> Scout.Query | Duration: 25.20
[2 INFO main 46461] Scout.Query -> Scout.GotoCenter | Drive to others reported pos
[2 INFO main 89876] Scout.GotoCenter -> Scout.Query | return to random walk
[2 INFO main 98227] Confirming: 1/8
[2 INFO main 100227] Confirming: 2/8
[2 INFO main 102258] Confirming: 3/8
[2 INFO main 104314] Confirming: 4/8
[2 INFO main 106367] Confirming: 5/8
[2 INFO main 108372] Confirming: 6/8
[2 INFO main 110481] Confirming: 7/8
[2 INFO main 112529] Confirming: 8/8
[2 INFO main 115291] Scout.Query -> Scout.GotoCenter | Drive to others reported pos
[2 INFO main 125471] Scout.GotoCenter -> Scout.Query | return to random walk
[2 INFO main 158326] Confirming: 1/8
[2 INFO main 162399] Confirming: 3/8
[2 INFO main 164406] Confirming: 4/8
[2 INFO main 168412] Confirming: 6/8
[2 INFO main 172453] Confirming: 8/8
[2 INFO main 397701] Scout.Query -> Scout.GotoCenter | Drive to others reported pos
[2 INFO main 452330] Scout.GotoCenter -> Scout.Query | return to random walk
[2 INFO main 495447] Confirming: 1/8
[2 INFO main 522246] Confirming: 2/8
[2 INFO main 532379] Confirming: 3/8
[2 INFO main 534414] Confirming: 4/8
[2 INFO main 536451] Confirming: 5/8
[2 INFO main 538478] Confirming: 6/8
[2 INFO main 540567] Confirming: 7/8
[2 INFO main 542595] Confirming: 8/8
[2 INFO main 618388] Scout.Query -> Scout.GotoCenter | Drive to others reported pos
[2 INFO main 655634] Scout.GotoCenter -> Scout.Query | return to random walk
[2 INFO main 661886] Confirming: 1/8
[2 INFO main 663871] Confirming: 2/8
[2 INFO main 665987] Confirming: 3/8
[2 INFO main 668088] Confirming: 4/8
[2 INFO main 670165] Confirming: 5/8
[2 INFO main 672214] Confirming: 6/8
[2 INFO main 676249] Confirming: 8/8
[2 INFO main 897672] Confirming: 1/8
[2 INFO main 899648] Confirming: 2/8
[2 INFO main 901752] Confirming: 3/8
[2 INFO main 903746] Confirming: 4/8
[2 INFO main 905830] Confirming: 5/8
[2 INFO main 907831] Confirming: 6/8
[2 INFO main 909899] Confirming: 7/8
[2 INFO main 911949] Confirming: 9/8
[2 INFO main 916613] Scout.Query -> Scout.GotoCenter | Drive to others reported pos
[2 INFO main 936378] Scout.GotoCenter -> Scout.Query | return to random walk
[2 INFO main 957054] Confirming: 1/8
[2 INFO main 959110] Confirming: 2/8
[2 INFO main 961114] Confirming: 3/8
[2 INFO main 963205] Confirming: 4/8
[2 INFO main 965254] Confirming: 5/8
[2 INFO main 967273] Confirming: 6/8
[2 INFO main 969364] Confirming: 7/8
[2 INFO main 971391] Confirming: 8/8
[2 INFO main 972045] Scout.Query -> Scout.GotoCenter | Drive to others reported pos
[2 INFO main 1012920] Scout.GotoCenter -> Scout.Query | return to random walk
[2 INFO main 1049930] Confirming: 2/8
[2 INFO main 1051977] Confirming: 3/8
[2 INFO main 1054052] Confirming: 4/8
[2 INFO main 1056171] Confirming: 5/8
[2 INFO main 1058226] Confirming: 6/8
[2 INFO main 1070630] Confirming: 12/8
[2 INFO main 1570798] Confirming: 1/8
[2 INFO main 1572898] Confirming: 4/8
[2 INFO main 1577030] Confirming: 6/8
[2 INFO main 1579078] Confirming: 7/8
[2 INFO main 1585250] Confirming: 9/8
[2 INFO main 1831694] Scout.Query -> Scout.GotoCenter | Drive to others reported pos
[2 INFO main 1850651] Scout.GotoCenter -> Scout.Query | return to random walk
[2 INFO main 1879546] Confirming: 1/8
[2 INFO main 1881638] Confirming: 2/8
[2 INFO main 1883678] Confirming: 3/8
[2 INFO main 1885798] Confirming: 4/8
[2 INFO main 1887871] Confirming: 5/8
[2 INFO main 1889926] Confirming: 6/8
[2 INFO main 1891977] Confirming: 7/8
[2 INFO main 1894006] Confirming: 8/8
[2 INFO main 2032512] Scout.Query -> Scout.GotoCenter | Drive to others reported pos
[2 INFO main 2071731] Scout.GotoCenter -> Scout.Query | return to random walk
[2 INFO main 2100598] Confirming: 1/8
[2 INFO main 2102642] Confirming: 2/8
[2 INFO main 2104698] Confirming: 3/8
[2 INFO main 2106735] Confirming: 4/8
[2 INFO main 2108770] Confirming: 5/8
[2 INFO main 2110806] Confirming: 6/8
[2 INFO main 2112862] Confirming: 7/8
[2 INFO main 2114898] Confirming: 8/8
[2 INFO main 2117474] Scout.Query -> Scout.GotoCenter | Drive to others reported pos
[2 INFO main 2136875] Scout.GotoCenter -> Scout.Query | return to random walk
[2 INFO main 2159302] Confirming: 1/8
[2 INFO main 2161370] Confirming: 2/8
[2 INFO main 2163311] Confirming: 3/8
[2 INFO main 2165462] Confirming: 4/8
[2 INFO main 2167516] Confirming: 5/8
[2 INFO main 2169650] Confirming: 6/8
[2 INFO main 2171659] Confirming: 7/8
[2 INFO main 2173758] Confirming: 8/8
[2 INFO main 2455938] Scout.Query -> Scout.GotoCenter | Drive to others reported pos
[2 INFO main 2481474] Scout.GotoCenter -> Scout.Query | return to random walk
[2 INFO main 2493855] Confirming: 1/8
[2 INFO main 2497938] Confirming: 3/8
[2 INFO main 2499919] Confirming: 5/8
[2 INFO main 2504053] Confirming: 7/8
[2 INFO main 2506050] Confirming: 8/8
[2 INFO main 2674652] Scout.Query -> Scout.GotoCenter | Drive to others reported pos
[2 INFO main 2708395] Scout.GotoCenter -> Scout.Query | return to random walk
[2 INFO main 2720746] Confirming: 1/8
[2 INFO main 2722802] Confirming: 2/8
[2 INFO main 2724758] Confirming: 3/8
[2 INFO main 2726814] Confirming: 4/8
[2 INFO main 2728942] Confirming: 5/8
[2 INFO main 2730986] Confirming: 6/8
[2 INFO main 2733034] Confirming: 7/8
[2 INFO main 2735122] Confirming: 8/8
[2 INFO main 2738806] Scout.Query -> Scout.GotoCenter | Drive to others reported pos
[2 INFO main 2752540] Scout.GotoCenter -> Scout.Query | return to random walk
[2 INFO main 2770878] Confirming: 1/8
[2 INFO main 2772913] Confirming: 2/8
[2 INFO main 2774950] Confirming: 3/8
[2 INFO main 2777010] Confirming: 4/8
[2 INFO main 2779090] Confirming: 5/8
[2 INFO main 2781122] Confirming: 6/8
[2 INFO main 2783154] Confirming: 7/8
[2 INFO main 2785162] Confirming: 8/8
[2 INFO main 2788328] Scout.Query -> Scout.GotoCenter | Drive to others reported pos
[2 INFO main 2814146] Scout.GotoCenter -> Scout.Query | return to random walk
[2 INFO main 2840873] Confirming: 1/8
[2 INFO main 2842946] Confirming: 2/8
[2 INFO main 2844954] Confirming: 3/8
[2 INFO main 2853290] Confirming: 7/8
[2 INFO main 2855379] Confirming: 8/8
[2 INFO main 3477523] Scout.Query -> Scout.GotoCenter | Drive to others reported pos
[2 INFO main 3486835] Scout.GotoCenter -> Scout.Query | return to random walk
[2 INFO main 3515155] Confirming: 1/8
[2 INFO main 3517201] Confirming: 2/8
[2 INFO main 3519242] Confirming: 3/8
[2 INFO main 3521273] Confirming: 4/8
[2 INFO main 3523358] Confirming: 5/8
[2 INFO main 3525454] Confirming: 6/8
[2 INFO main 3527405] Confirming: 7/8
[2 INFO main 3529558] Confirming: 8/8
[2 INFO main 3664550] Scout.Query -> Scout.GotoCenter | Drive to others reported pos
[2 INFO main 3688934] Scout.GotoCenter -> Scout.Query | return to random walk
[2 INFO main 3697222] Confirming: 1/8
[2 INFO main 3699298] Confirming: 2/8
[2 INFO main 3701369] Confirming: 3/8
[2 INFO main 3703324] Confirming: 4/8
[2 INFO main 3705434] Confirming: 5/8
[2 INFO main 3707469] Confirming: 6/8
[2 INFO main 3709486] Confirming: 7/8
[2 INFO main 3711529] Confirming: 8/8
[2 INFO main 3714326] Scout.Query -> Scout.GotoCenter | Drive to others reported pos
[2 INFO main 3724255] Scout.GotoCenter -> Scout.Query | return to random walk
[2 INFO main 3757150] Confirming: 1/8
[2 INFO main 3759309] Confirming: 2/8
[2 INFO main 3761330] Confirming: 3/8
[2 INFO main 3763427] Confirming: 4/8
[2 INFO main 3765462] Confirming: 5/8
[2 INFO main 3767506] Confirming: 6/8
[2 INFO main 3769558] Confirming: 7/8
[2 INFO main 3771635] Confirming: 8/8
[2 INFO main 4314959] Scout.Query -> Scout.GotoCenter | Drive to others reported pos
[2 INFO main 4325692] Scout.GotoCenter -> Scout.Query | return to random walk
[2 INFO main 4350426] Confirming: 1/8
[2 INFO main 4352409] Confirming: 2/8
[2 INFO main 4354514] Confirming: 3/8
[2 INFO main 4356586] Confirming: 4/8
[2 INFO main 4358678] Confirming: 5/8
[2 INFO main 4360648] Confirming: 6/8
[2 INFO main 4362825] Confirming: 7/8
[2 INFO main 4364867] Confirming: 8/8
[2 INFO main 4366383] Scout.Query -> Scout.GotoCenter | Drive to others reported pos
[2 INFO main 4379250] Scout.GotoCenter -> Scout.Query | return to random walk
[2 INFO main 4387552] Confirming: 1/8
[2 INFO main 4389523] Confirming: 2/8
[2 INFO main 4391656] Confirming: 3/8
[2 INFO main 4393734] Confirming: 4/8
[2 INFO main 4395782] Confirming: 5/8
[2 INFO main 4397816] Confirming: 6/8
[2 INFO main 4399946] Confirming: 7/8
[2 INFO main 4401986] Confirming: 8/8
[2 INFO main 4652213] Scout.Query -> Scout.GotoCenter | Drive to others reported pos
[2 INFO main 4696523] Scout.GotoCenter -> Scout.Query | return to random walk
[2 INFO main 4721058] Confirming: 1/8
[2 INFO main 4723074] Confirming: 2/8
[2 INFO main 4725125] Confirming: 3/8
[2 INFO main 4727182] Confirming: 4/8
[2 INFO main 4729218] Confirming: 5/8
[2 INFO main 4731222] Confirming: 6/8
[2 INFO main 4733290] Confirming: 7/8
[2 INFO main 4735346] Confirming: 8/8
[2 INFO main 4850253] Scout.Query -> Scout.GotoCenter | Drive to others reported pos
[2 INFO main 4886300] Scout.GotoCenter -> Scout.Query | return to random walk
[2 INFO main 4902787] Confirming: 1/8
[2 INFO main 4904878] Confirming: 2/8
[2 INFO main 4906870] Confirming: 3/8
[2 INFO main 4909018] Confirming: 4/8
[2 INFO main 4911070] Confirming: 5/8
[2 INFO main 4913133] Confirming: 6/8
[2 INFO main 4915257] Confirming: 7/8
[2 INFO main 4917244] Confirming: 8/8
[2 INFO main 5142913] Confirming: 1/8
[2 INFO main 5146998] Confirming: 3/8
[2 INFO main 5149064] Confirming: 4/8
[2 INFO main 5151081] Confirming: 5/8
[2 INFO main 5153053] Confirming: 6/8
[2 INFO main 5155141] Confirming: 7/8
[2 INFO main 5157173] Confirming: 8/8
[2 INFO main 5174555] Scout.Query -> Scout.GotoCenter | Drive to others reported pos
[2 INFO main 5191758] Scout.GotoCenter -> Scout.Query | return to random walk
[2 INFO main 5202106] Confirming: 1/8
[2 INFO main 5204186] Confirming: 2/8
[2 INFO main 5206277] Confirming: 3/8
[2 INFO main 5208282] Confirming: 4/8
[2 INFO main 5210306] Confirming: 5/8
[2 INFO main 5212269] Confirming: 6/8
[2 INFO main 5214358] Confirming: 7/8
[2 INFO main 5216457] Confirming: 8/8
[2 INFO main 5217520] Scout.Query -> Scout.GotoCenter | Drive to others reported pos
[2 INFO main 5229116] Scout.GotoCenter -> Scout.Query | return to random walk
[2 INFO main 5262437] Confirming: 1/8
[2 INFO main 5264497] Confirming: 2/8
[2 INFO main 5266514] Confirming: 3/8
[2 INFO main 5268582] Confirming: 4/8
[2 INFO main 5270676] Confirming: 5/8
[2 INFO main 5272720] Confirming: 6/8
[2 INFO main 5274796] Confirming: 7/8
[2 INFO main 5276805] Confirming: 8/8
[2 INFO main 5280133] Scout.Query -> Scout.GotoCenter | Drive to others reported pos
[2 INFO main 5316171] Scout.GotoCenter -> Scout.Query | return to random walk
[2 INFO main 5322467] Confirming: 1/8
[2 INFO main 5324566] Confirming: 2/8
[2 INFO main 5326642] Confirming: 3/8
[2 INFO main 5328683] Confirming: 4/8
[2 INFO main 5330766] Confirming: 5/8
[2 INFO main 5332886] Confirming: 6/8
[2 INFO main 5334890] Confirming: 7/8
[2 INFO main 5336957] Confirming: 8/8
[2 INFO main 5341863] Scout.Query -> Scout.GotoCenter | Drive to others reported pos
[2 INFO main 5360096] Scout.GotoCenter -> Scout.Query | return to random walk
[2 INFO main 5383897] Confirming: 1/8
[2 INFO main 5385974] Confirming: 3/8
[2 INFO main 5388326] Confirming: 4/8
[2 INFO main 5390413] Confirming: 5/8
[2 INFO main 5392421] Confirming: 6/8
[2 INFO main 5394601] Confirming: 7/8
[2 INFO main 5396701] Confirming: 8/8
[2 INFO main 5401660] Scout.Query -> Scout.GotoCenter | Drive to others reported pos
[2 INFO main 5416764] Scout.GotoCenter -> Scout.Query | return to random walk
[2 INFO main 5442080] Confirming: 1/8
[2 INFO main 5444230] Confirming: 2/8
[2 INFO main 5446711] Confirming: 3/8
[2 INFO main 5449222] Confirming: 4/8
[2 INFO main 5451340] Confirming: 5/8
[2 INFO main 5453341] Confirming: 6/8
[2 INFO main 5455340] Confirming: 7/8
[2 INFO main 5457434] Confirming: 8/8
[2 INFO main 5493030] Scout.Query -> Scout.GotoCenter | Drive to others reported pos
[2 INFO main 5523540] Scout.GotoCenter -> Scout.Query | return to random walk
[2 INFO main 5533903] Confirming: 1/8
[2 INFO main 5536934] Confirming: 3/8
[2 INFO main 5539021] Confirming: 4/8
[2 INFO main 5541950] Confirming: 6/8
[2 INFO main 5544029] Confirming: 7/8
[2 INFO main 5546997] Confirming: 8/8
[2 INFO main 5589452] Scout.Query -> Scout.GotoCenter | Drive to others reported pos
[2 INFO main 5604621] Scout.GotoCenter -> Scout.Query | return to random walk
[2 INFO main 5622735] Confirming: 1/8
[2 INFO main 5624936] Confirming: 2/8
[2 INFO main 5627774] Confirming: 3/8
[2 INFO main 5629919] Confirming: 5/8
[2 INFO main 5633479] Confirming: 6/8
[2 INFO main 5636179] Confirming: 8/8
[2 INFO main 5636826] Scout.Query -> Scout.GotoCenter | Drive to others reported pos
[2 INFO main 5680020] Scout.GotoCenter -> Scout.Query | return to random walk
[2 INFO main 5713721] Confirming: 1/8
[2 INFO main 5716007] Confirming: 3/8
[2 INFO main 5719005] Confirming: 4/8
[2 INFO main 5721093] Confirming: 5/8
[2 INFO main 5723989] Confirming: 7/8
[2 INFO main 5726061] Confirming: 8/8
[2 INFO main 5729358] Scout.Query -> Scout.GotoCenter | Drive to others reported pos
[2 INFO main 5754621] Scout.GotoCenter -> Scout.Query | return to random walk
[2 INFO main 5773742] Confirming: 1/8
[2 INFO main 5776170] Confirming: 3/8
[2 INFO main 5778969] Confirming: 4/8
[2 INFO main 5781382] Confirming: 5/8
[2 INFO main 5783881] Confirming: 6/8
[2 INFO main 5785974] Confirming: 7/8
[2 INFO main 5788006] Confirming: 9/8
[2 INFO main 6078924] Scout.Query -> Scout.GotoCenter | Drive to others reported pos
[2 INFO main 6097114] Scout.GotoCenter -> Scout.Query | return to random walk
[2 INFO main 6107378] Confirming: 1/8
[2 INFO main 6109348] Confirming: 2/8
[2 INFO main 6111462] Confirming: 3/8
[2 INFO main 6113547] Confirming: 4/8
[2 INFO main 6115557] Confirming: 5/8
[2 INFO main 6117579] Confirming: 6/8
[2 INFO main 6119555] Confirming: 7/8
[2 INFO main 6121607] Confirming: 8/8
[2 INFO main 6122679] Scout.Query -> Scout.GotoCenter | Drive to others reported pos
[2 INFO main 6136615] Scout.GotoCenter -> Scout.Query | return to random walk
[2 INFO main 6165465] Confirming: 1/8
[2 INFO main 6167562] Confirming: 2/8
[2 INFO main 6169602] Confirming: 3/8
[2 INFO main 6171581] Confirming: 4/8
[2 INFO main 6173722] Confirming: 5/8
[2 INFO main 6175761] Confirming: 6/8
[2 INFO main 6177857] Confirming: 7/8
[2 INFO main 6179862] Confirming: 8/8
[2 INFO main 6836539] Scout.Query -> Scout.GotoCenter | Drive to others reported pos
[2 INFO main 6869960] Scout.GotoCenter -> Scout.Query | return to random walk
[2 INFO main 6888409] Confirming: 1/8
[2 INFO main 6890409] Confirming: 2/8
[2 INFO main 6892455] Confirming: 3/8
[2 INFO main 6894570] Confirming: 4/8
[2 INFO main 6896617] Confirming: 5/8
[2 INFO main 6898646] Confirming: 6/8
[2 INFO main 6900730] Confirming: 7/8
[2 INFO main 6902826] Confirming: 8/8
[2 INFO main 6905593] Scout.Query -> Scout.GotoCenter | Drive to others reported pos
[2 INFO main 6916961] Scout.GotoCenter -> Scout.Query | return to random walk
[2 INFO main 6950165] Confirming: 2/8
[2 INFO main 6952181] Confirming: 3/8
[2 INFO main 6956324] Confirming: 5/8
[2 INFO main 6958355] Confirming: 6/8
[2 INFO main 6960418] Confirming: 7/8
[2 INFO main 6962450] Confirming: 8/8
[2 INFO main 6962720] Scout.Query -> Scout.GotoCenter | Drive to others reported pos
[2 INFO main 6978741] Scout.GotoCenter -> Scout.Query | return to random walk
[2 INFO main 7008098] Confirming: 1/8
[2 INFO main 7010183] Confirming: 2/8
[2 INFO main 7012205] Confirming: 3/8
[2 INFO main 7014565] Confirming: 4/8
[2 INFO main 7016685] Confirming: 5/8
[2 INFO main 7019022] Confirming: 6/8
[2 INFO main 7021462] Confirming: 7/8
[2 INFO main 7023585] Confirming: 8/8
[2 INFO main 7025061] Scout.Query -> Scout.GotoCenter | Drive to others reported pos
[2 INFO main 7052819] Scout.GotoCenter -> Scout.Query | return to random walk
[2 INFO main 7082560] Confirming: 1/8
[2 INFO main 7084921] Confirming: 2/8
[2 INFO main 7087628] Confirming: 4/8
[2 INFO main 7090038] Confirming: 5/8
[2 INFO main 7092721] Confirming: 6/8
[2 INFO main 7095153] Confirming: 8/8
