[6 INFO main 30] Initialising Python Geth Console...
[6 INFO main 33] Initialising RandB board...
[6 INFO main 33] Initialising navigation...
[6 INFO main 33] Initialising random-walk...
[6 INFO main 34] Initialising odometry...
[6 INFO main 34] Initialising ground-sensors...
[6 INFO main 1132] --//-- Starting Experiment --//--
[6 INFO main 2229] Idle.IDLE -> Scout.Query | Duration: 24.81
[6 INFO main 107863] Scout.Query -> Scout.GotoCenter | Drive to others reported pos
[6 INFO main 123679] Scout.GotoCenter -> Scout.Query | return to random walk
[6 INFO main 124383] Scout.Query -> Scout.GotoCenter | Drive to others reported pos
[6 INFO main 125285] Scout.GotoCenter -> Scout.Query | return to random walk
[6 INFO main 125486] Scout.Query -> Scout.GotoCenter | Drive to others reported pos
[6 INFO main 125785] Scout.GotoCenter -> Scout.Query | return to random walk
[6 INFO main 126578] Scout.Query -> Scout.GotoCenter | Drive to others reported pos
[6 INFO main 126982] Scout.GotoCenter -> Scout.Query | return to random walk
[6 INFO main 127585] Scout.Query -> Scout.GotoCenter | Drive to others reported pos
[6 INFO main 128485] Scout.GotoCenter -> Scout.Query | return to random walk
[6 INFO main 128586] Scout.Query -> Scout.GotoCenter | Drive to others reported pos
[6 INFO main 128689] Scout.GotoCenter -> Scout.Query | return to random walk
[6 INFO main 129587] Scout.Query -> Scout.GotoCenter | Drive to others reported pos
[6 INFO main 130086] Scout.GotoCenter -> Scout.Query | return to random walk
[6 INFO main 130588] Scout.Query -> Scout.GotoCenter | Drive to others reported pos
[6 INFO main 130790] Scout.GotoCenter -> Scout.Query | return to random walk
[6 INFO main 131589] Scout.Query -> Scout.GotoCenter | Drive to others reported pos
[6 INFO main 133996] Scout.GotoCenter -> Scout.Query | return to random walk
[6 INFO main 137699] Scout.Query -> Scout.GotoCenter | Drive to others reported pos
[6 INFO main 138797] Scout.GotoCenter -> Scout.Query | return to random walk
[6 INFO main 139802] Scout.Query -> Scout.GotoCenter | Drive to others reported pos
[6 INFO main 140004] Scout.GotoCenter -> Scout.Query | return to random walk
[6 INFO main 140802] Scout.Query -> Scout.GotoCenter | Drive to others reported pos
[6 INFO main 141702] Scout.GotoCenter -> Scout.Query | return to random walk
[6 INFO main 141803] Scout.Query -> Scout.GotoCenter | Drive to others reported pos
[6 INFO main 141903] Scout.GotoCenter -> Scout.Query | return to random walk
