[INFO main 28] Initialising peer buffer...
[INFO main 28] Initialising resource buffer...
[INFO main 28] Initialising TCP server...
[INFO main 28] Initialising RandB board...
[INFO main 28] Initialising ground-sensors...
[INFO main 28] Initialising random-walk...
[INFO main 1193] --//-- Starting Experiment --//--
[INFO main 19715] Added resource: {"x": -0.03, "y": -0.62, "radius": 0.06, "quantity": 1, "quality": "red", "timeStamp": 0}
[INFO main 38536] Added resource: {"x": 0.5, "y": -1.12, "radius": 0.04, "quantity": 1, "quality": "red", "timeStamp": 0}
[INFO main 42641] Added resource: {"x": 0.65, "y": -0.96, "radius": 0.05, "quantity": 1, "quality": "green", "timeStamp": 0}
[INFO main 56459] Removed resource: {"x": 0.65, "y": -0.96, "radius": 0.05, "quantity": 1, "quality": "green", "timeStamp": 0}
[INFO main 102214] Added resource: {"x": 0.34, "y": -0.06, "radius": 0.06, "quantity": 1, "quality": "red", "timeStamp": 0}
[INFO main 108921] Removed resource: {"x": 0.34, "y": -0.06, "radius": 0.06, "quantity": 1, "quality": "red", "timeStamp": 0}
[INFO main 156279] Added resource: {"x": -0.6, "y": -1.09, "radius": 0.04, "quantity": 1, "quality": "red", "timeStamp": 0}
[INFO main 264606] Added resource: {"x": 0.6, "y": 1.01, "radius": 0.05, "quantity": 1, "quality": "red", "timeStamp": 0}
[INFO main 301848] Added resource: {"x": -0.04, "y": -0.5, "radius": 0.05, "quantity": 1, "quality": "green", "timeStamp": 0}
[INFO main 318369] Removed resource: {"x": -0.04, "y": -0.5, "radius": 0.05, "quantity": 1, "quality": "green", "timeStamp": 0}
[INFO main 329181] Added resource: {"x": 0.28, "y": -0.72, "radius": 0.05, "quantity": 1, "quality": "red", "timeStamp": 0}
[INFO main 382540] Removed resource: {"x": -0.03, "y": -0.62, "radius": 0.06, "quantity": 1, "quality": "red", "timeStamp": 0}
[INFO main 479051] Added resource: {"x": 0.97, "y": 1.04, "radius": 0.04, "quantity": 1, "quality": "green", "timeStamp": 0}
