[3 INFO main 33] Initialising Python Geth Console...
[3 INFO main 38] Initialising RandB board...
[3 INFO main 38] Initialising navigation...
[3 INFO main 38] Initialising random-walk...
[3 INFO main 38] Initialising odometry...
[3 INFO main 38] Initialising ground-sensors...
[3 INFO main 951] --//-- Starting Experiment --//--
[3 INFO main 2053] Idle.IDLE -> Scout.Query | Duration: 19.84
[3 INFO main 11061] Scout.Query -> Scout.GotoCenter | Drive to others reported pos
[3 INFO main 54060] Scout.GotoCenter -> Scout.Query | return to random walk
[3 INFO main 104735] Scout.Query -> Scout.GotoCenter | Drive to others reported pos
[3 INFO main 114700] Scout.GotoCenter -> Scout.Query | return to random walk
[3 INFO main 155383] Scout.Query -> Scout.GotoCenter | Drive to others reported pos
[3 INFO main 177236] Scout.GotoCenter -> Scout.Query | return to random walk
[3 INFO main 258208] Scout.Query -> Scout.GotoCenter | Drive to others reported pos
[3 INFO main 285998] Scout.GotoCenter -> Scout.Query | return to random walk
[3 INFO main 316551] Scout.Query -> Scout.GotoCenter | Drive to others reported pos
[3 INFO main 358476] Scout.GotoCenter -> Scout.Query | return to random walk
[3 INFO main 516396] Scout.Query -> Scout.GotoCenter | Drive to others reported pos
[3 INFO main 518473] Scout.GotoCenter -> Scout.Query | return to random walk
[3 INFO main 562054] Scout.Query -> Scout.GotoCenter | Drive to others reported pos
[3 INFO main 595174] Scout.GotoCenter -> Scout.Query | return to random walk
[3 INFO main 681466] Scout.Query -> Scout.GotoCenter | Drive to others reported pos
[3 INFO main 722403] Scout.GotoCenter -> Scout.Query | return to random walk
[3 INFO main 783967] Scout.Query -> Scout.GotoCenter | Drive to others reported pos
[3 INFO main 813853] Scout.GotoCenter -> Scout.Query | return to random walk
[3 INFO main 854531] Scout.Query -> Scout.GotoCenter | Drive to others reported pos
[3 INFO main 883457] Scout.GotoCenter -> Scout.Query | return to random walk
