[5 INFO main 27] Initialising Python Geth Console...
[5 INFO main 32] Initialising RandB board...
[5 INFO main 32] Initialising navigation...
[5 INFO main 32] Initialising random-walk...
[5 INFO main 32] Initialising odometry...
[5 INFO main 32] Initialising ground-sensors...
[5 INFO main 791] --//-- Starting Experiment --//--
[5 INFO main 1892] Idle.IDLE -> Scout.Query | Duration: 22.32
[5 INFO main 11011] Scout.Query -> Scout.GotoCenter | Drive to others reported pos
[5 INFO main 40231] Scout.GotoCenter -> Scout.Query | return to random walk
[5 INFO main 101173] Scout.Query -> Scout.GotoCenter | Drive to others reported pos
[5 INFO main 137268] Scout.GotoCenter -> Scout.Query | return to random walk
[5 INFO main 249929] Scout.Query -> Scout.GotoCenter | Drive to others reported pos
[5 INFO main 265700] Scout.GotoCenter -> Scout.Query | return to random walk
[5 INFO main 311358] Scout.Query -> Scout.GotoCenter | Drive to others reported pos
[5 INFO main 356466] Scout.GotoCenter -> Scout.Query | return to random walk
[5 INFO main 511910] Scout.Query -> Scout.GotoCenter | Drive to others reported pos
[5 INFO main 523915] Scout.GotoCenter -> Scout.Query | return to random walk
[5 INFO main 599823] Scout.Query -> Scout.GotoCenter | Drive to others reported pos
[5 INFO main 624713] Scout.GotoCenter -> Scout.Query | return to random walk
[5 INFO main 670668] Scout.Query -> Scout.GotoCenter | Drive to others reported pos
[5 INFO main 693121] Scout.GotoCenter -> Scout.Query | return to random walk
[5 INFO main 759106] Scout.Query -> Scout.GotoCenter | Drive to others reported pos
