[9 INFO main 27] Initialising Python Geth Console...
[9 INFO main 32] Initialising RandB board...
[9 INFO main 32] Initialising navigation...
[9 INFO main 32] Initialising random-walk...
[9 INFO main 32] Initialising odometry...
[9 INFO main 32] Initialising ground-sensors...
[9 INFO main 443] --//-- Starting Experiment --//--
[9 INFO main 1849] Idle.IDLE -> Scout.Query | Duration: 27.46
[9 INFO main 17927] Scout.Query -> Verify.DriveTo | Go to unverified source
[9 INFO main 60994] Verify.DriveTo -> Verify.Homing | Homing
[9 INFO main 75606] Confirming: 1/9
[9 INFO main 77880] Confirming: 2/9
[9 INFO main 79959] Confirming: 3/9
[9 INFO main 82004] Confirming: 4/9
[9 INFO main 84091] Confirming: 5/9
[9 INFO main 86124] Confirming: 7/9
[9 INFO main 86757] Verify.Homing -> Scout.Query | Arrived home
[9 INFO main 90607] Confirming: 9/9
[9 INFO main 90638] Scout.Query -> Verify.DriveTo | Go to unverified source
[9 INFO main 135362] Verify.DriveTo -> Verify.Homing | Homing
[9 INFO main 150011] Confirming: 2/9
[9 INFO main 154135] Confirming: 4/9
[9 INFO main 156150] Confirming: 5/9
[9 INFO main 157510] Verify.Homing -> Scout.Query | Arrived home
[9 INFO main 158217] Confirming: 6/9
[9 INFO main 162373] Confirming: 8/9
[9 INFO main 164400] Confirming: 9/9
[9 INFO main 165220] Scout.Query -> Verify.DriveTo | Go to unverified source
[9 INFO main 209608] Verify.DriveTo -> Verify.Homing | Homing
[9 INFO main 238934] Confirming: 1/9
[9 INFO main 240941] Confirming: 2/9
[9 INFO main 242984] Confirming: 3/9
[9 INFO main 244988] Confirming: 4/9
[9 INFO main 247084] Confirming: 5/9
[9 INFO main 249131] Confirming: 6/9
[9 INFO main 251236] Confirming: 7/9
[9 INFO main 252093] Verify.Homing -> Scout.Query | Arrived home
[9 INFO main 253301] Confirming: 8/9
[9 INFO main 255303] Confirming: 9/9
[9 INFO main 255353] Scout.Query -> Verify.DriveTo | Go to unverified source
[9 INFO main 324848] Verify.DriveTo -> Verify.Homing | Homing
[9 INFO main 349326] Verify.Homing -> Scout.Query | Arrived home
[9 INFO main 359980] Confirming: 1/9
[9 INFO main 362160] Confirming: 2/9
[9 INFO main 364251] Confirming: 3/9
[9 INFO main 366275] Confirming: 4/9
[9 INFO main 368359] Confirming: 5/9
[9 INFO main 370441] Confirming: 6/9
[9 INFO main 372478] Confirming: 7/9
[9 INFO main 374548] Confirming: 8/9
[9 INFO main 376589] Confirming: 9/9
[9 INFO main 377652] Scout.Query -> Verify.DriveTo | Go to unverified source
[9 INFO main 442355] Verify.DriveTo -> Verify.Homing | Homing
[9 INFO main 449081] Confirming: 1/9
[9 INFO main 451174] Confirming: 2/9
[9 INFO main 453191] Confirming: 3/9
[9 INFO main 455283] Confirming: 4/9
[9 INFO main 457372] Confirming: 5/9
[9 INFO main 459526] Confirming: 6/9
[9 INFO main 461606] Confirming: 7/9
[9 INFO main 463702] Confirming: 8/9
[9 INFO main 465738] Confirming: 9/9
[9 INFO main 476822] Verify.Homing -> Scout.Query | Arrived home
[9 INFO main 477064] Scout.Query -> Verify.DriveTo | Go to unverified source
[9 INFO main 499951] Verify.DriveTo -> Verify.Homing | Homing
[9 INFO main 510459] Confirming: 1/9
[9 INFO main 511369] Verify.Homing -> Scout.Query | Arrived home
[9 INFO main 512896] Confirming: 2/9
[9 INFO main 514993] Confirming: 4/9
[9 INFO main 519230] Confirming: 5/9
[9 INFO main 521475] Confirming: 7/9
[9 INFO main 523488] Confirming: 8/9
[9 INFO main 525493] Confirming: 9/9
[9 INFO main 525705] Scout.Query -> Verify.DriveTo | Go to unverified source
[9 INFO main 576342] Verify.DriveTo -> Verify.Homing | Homing
[9 INFO main 608294] Verify.Homing -> Scout.Query | Arrived home
[9 INFO main 616130] Confirming: 1/9
[9 INFO main 618162] Confirming: 2/9
[9 INFO main 620254] Confirming: 3/9
[9 INFO main 622288] Confirming: 4/9
[9 INFO main 624384] Confirming: 5/9
[9 INFO main 626459] Confirming: 6/9
[9 INFO main 628547] Confirming: 7/9
[9 INFO main 630663] Confirming: 8/9
[9 INFO main 632733] Confirming: 9/9
[9 INFO main 633071] Scout.Query -> Verify.DriveTo | Go to unverified source
[9 INFO main 659161] Verify.DriveTo -> Verify.Homing | Homing
[9 INFO main 671919] Confirming: 1/9
[9 INFO main 673949] Confirming: 2/9
[9 INFO main 676043] Confirming: 3/9
[9 INFO main 678039] Confirming: 4/9
[9 INFO main 680119] Confirming: 5/9
[9 INFO main 682172] Confirming: 6/9
[9 INFO main 684230] Confirming: 7/9
[9 INFO main 686414] Confirming: 8/9
[9 INFO main 688480] Confirming: 9/9
[9 INFO main 697879] Verify.Homing -> Scout.Query | Arrived home
[9 INFO main 698100] Scout.Query -> Verify.DriveTo | Go to unverified source
[9 INFO main 713509] Verify.DriveTo -> Verify.Homing | Homing
[9 INFO main 728328] Verify.Homing -> Scout.Query | Arrived home
[9 INFO main 750719] Confirming: 1/9
[9 INFO main 752729] Confirming: 2/9
[9 INFO main 754802] Confirming: 3/9
[9 INFO main 756820] Confirming: 4/9
[9 INFO main 758875] Confirming: 5/9
[9 INFO main 760924] Confirming: 7/9
[9 INFO main 764999] Confirming: 8/9
[9 INFO main 767036] Confirming: 9/9
[9 INFO main 767067] Scout.Query -> Verify.DriveTo | Go to unverified source
[9 INFO main 826892] Verify.DriveTo -> Verify.Homing | Homing
[9 INFO main 841332] Confirming: 2/9
[9 INFO main 843380] Confirming: 3/9
[9 INFO main 845407] Confirming: 4/9
[9 INFO main 845772] Verify.Homing -> Scout.Query | Arrived home
[9 INFO main 847428] Confirming: 5/9
[9 INFO main 849511] Confirming: 6/9
[9 INFO main 851583] Confirming: 7/9
[9 INFO main 853665] Confirming: 8/9
[9 INFO main 855666] Confirming: 9/9
[9 INFO main 856466] Scout.Query -> Verify.DriveTo | Go to unverified source
[9 INFO main 936537] Verify.DriveTo -> Verify.Homing | Homing
[9 INFO main 951334] Confirming: 1/9
[9 INFO main 953520] Confirming: 2/9
[9 INFO main 955581] Confirming: 3/9
[9 INFO main 957623] Confirming: 4/9
[9 INFO main 959629] Confirming: 5/9
[9 INFO main 961776] Confirming: 6/9
[9 INFO main 963864] Confirming: 7/9
[9 INFO main 965940] Confirming: 8/9
[9 INFO main 967966] Confirming: 9/9
[9 INFO main 970597] Verify.Homing -> Scout.Query | Arrived home
[9 INFO main 970658] Scout.Query -> Verify.DriveTo | Go to unverified source
[9 INFO main 1002269] Verify.DriveTo -> Verify.Homing | Homing
[9 INFO main 1016559] Verify.Homing -> Scout.Query | Arrived home
[9 INFO main 1020944] Confirming: 1/9
[9 INFO main 1023064] Confirming: 2/9
[9 INFO main 1025156] Confirming: 3/9
[9 INFO main 1027227] Confirming: 4/9
[9 INFO main 1029296] Confirming: 6/9
[9 INFO main 1031452] Confirming: 7/9
[9 INFO main 1033555] Confirming: 8/9
[9 INFO main 1037623] Confirming: 10/9
[9 INFO main 1038148] Scout.Query -> Verify.DriveTo | Go to unverified source
[9 INFO main 1063518] Verify.DriveTo -> Verify.Homing | Homing
[9 INFO main 1076185] Confirming: 1/9
[9 INFO main 1078230] Confirming: 2/9
[9 INFO main 1080262] Confirming: 3/9
[9 INFO main 1082275] Confirming: 4/9
[9 INFO main 1082895] Verify.Homing -> Scout.Query | Arrived home
[9 INFO main 1084348] Confirming: 5/9
[9 INFO main 1086354] Confirming: 6/9
[9 INFO main 1088429] Confirming: 7/9
[9 INFO main 1090534] Confirming: 8/9
[9 INFO main 1092589] Confirming: 9/9
[9 INFO main 1093130] Scout.Query -> Verify.DriveTo | Go to unverified source
[9 INFO main 1148702] Verify.DriveTo -> Verify.Homing | Homing
[9 INFO main 1169443] Confirming: 1/9
[9 INFO main 1170625] Verify.Homing -> Scout.Query | Arrived home
[9 INFO main 1171471] Confirming: 2/9
[9 INFO main 1175553] Confirming: 4/9
[9 INFO main 1177644] Confirming: 5/9
[9 INFO main 1179656] Confirming: 6/9
[9 INFO main 1181764] Confirming: 7/9
[9 INFO main 1183856] Confirming: 8/9
[9 INFO main 1185895] Confirming: 9/9
[9 INFO main 1186050] Scout.Query -> Verify.DriveTo | Go to unverified source
[9 INFO main 1247717] Verify.DriveTo -> Verify.Homing | Homing
[9 INFO main 1260115] Confirming: 1/9
[9 INFO main 1262160] Confirming: 2/9
[9 INFO main 1264207] Confirming: 3/9
[9 INFO main 1265424] Verify.Homing -> Scout.Query | Arrived home
[9 INFO main 1266370] Confirming: 4/9
[9 INFO main 1268498] Confirming: 5/9
[9 INFO main 1270626] Confirming: 6/9
[9 INFO main 1272726] Confirming: 7/9
[9 INFO main 1274823] Confirming: 8/9
[9 INFO main 1276910] Confirming: 9/9
[9 INFO main 1277371] Scout.Query -> Verify.DriveTo | Go to unverified source
[9 INFO main 1309395] Verify.DriveTo -> Verify.Homing | Homing
[9 INFO main 1320034] Confirming: 1/9
[9 INFO main 1322086] Confirming: 2/9
[9 INFO main 1324106] Confirming: 3/9
[9 INFO main 1326188] Confirming: 4/9
[9 INFO main 1328234] Confirming: 5/9
[9 INFO main 1330321] Confirming: 6/9
[9 INFO main 1330629] Verify.Homing -> Scout.Query | Arrived home
[9 INFO main 1332370] Confirming: 7/9
[9 INFO main 1334429] Confirming: 8/9
[9 INFO main 1338558] Confirming: 10/9
[9 INFO main 1339061] Scout.Query -> Verify.DriveTo | Go to unverified source
[9 INFO main 1357147] Verify.DriveTo -> Verify.Homing | Homing
[9 INFO main 1370747] Verify.Homing -> Scout.Query | Arrived home
[9 INFO main 1380063] Confirming: 1/9
[9 INFO main 1382139] Confirming: 2/9
[9 INFO main 1384211] Confirming: 3/9
[9 INFO main 1386315] Confirming: 4/9
[9 INFO main 1390408] Confirming: 6/9
[9 INFO main 1392448] Confirming: 7/9
[9 INFO main 1394565] Confirming: 8/9
[9 INFO main 1396652] Confirming: 9/9
[9 INFO main 1396953] Scout.Query -> Verify.DriveTo | Go to unverified source
[9 INFO main 1479945] Verify.DriveTo -> Verify.Homing | Homing
[9 INFO main 1500806] Confirming: 1/9
[9 INFO main 1502949] Confirming: 2/9
[9 INFO main 1504993] Confirming: 3/9
[9 INFO main 1507150] Confirming: 4/9
[9 INFO main 1509322] Confirming: 5/9
[9 INFO main 1511451] Confirming: 6/9
[9 INFO main 1512594] Verify.Homing -> Scout.Query | Arrived home
[9 INFO main 1513542] Confirming: 7/9
[9 INFO main 1515651] Confirming: 8/9
[9 INFO main 1517668] Confirming: 9/9
[9 INFO main 1518413] Scout.Query -> Verify.DriveTo | Go to unverified source
[9 INFO main 1555780] Verify.DriveTo -> Verify.Homing | Homing
[9 INFO main 1559943] Confirming: 1/9
[9 INFO main 1564056] Confirming: 2/9
[9 INFO main 1566109] Confirming: 3/9
[9 INFO main 1568195] Confirming: 5/9
[9 INFO main 1570217] Confirming: 6/9
[9 INFO main 1572220] Confirming: 7/9
[9 INFO main 1572220] Verify.Homing -> Scout.Query | Arrived home
[9 INFO main 1574264] Confirming: 8/9
[9 INFO main 1576292] Confirming: 9/9
[9 INFO main 1576571] Scout.Query -> Verify.DriveTo | Go to unverified source
[9 INFO main 1597583] Verify.DriveTo -> Verify.Homing | Homing
[9 INFO main 1615967] Verify.Homing -> Scout.Query | Arrived home
[9 INFO main 1620596] Confirming: 1/9
[9 INFO main 1622764] Confirming: 2/9
[9 INFO main 1626926] Confirming: 4/9
[9 INFO main 1628967] Confirming: 5/9
[9 INFO main 1631148] Confirming: 6/9
[9 INFO main 1633295] Confirming: 7/9
[9 INFO main 1635442] Confirming: 8/9
[9 INFO main 1637497] Confirming: 9/9
[9 INFO main 1638163] Scout.Query -> Verify.DriveTo | Go to unverified source
[9 INFO main 1705842] Verify.DriveTo -> Verify.Homing | Homing
[9 INFO main 1741229] Confirming: 1/9
[9 INFO main 1742557] Verify.Homing -> Scout.Query | Arrived home
[9 INFO main 1743262] Confirming: 2/9
[9 INFO main 1745310] Confirming: 3/9
[9 INFO main 1747316] Confirming: 4/9
[9 INFO main 1749558] Confirming: 5/9
[9 INFO main 1751561] Confirming: 6/9
[9 INFO main 1753600] Confirming: 7/9
[9 INFO main 1755613] Confirming: 8/9
[9 INFO main 1757660] Confirming: 9/9
[9 INFO main 1758131] Scout.Query -> Verify.DriveTo | Go to unverified source
