[2 INFO main 28] Initialising Python Geth Console...
[2 INFO main 33] Initialising RandB board...
[2 INFO main 33] Initialising navigation...
[2 INFO main 33] Initialising random-walk...
[2 INFO main 33] Initialising odometry...
[2 INFO main 33] Initialising ground-sensors...
[2 INFO main 746] --//-- Starting Experiment --//--
[2 INFO main 2108] Idle.IDLE -> Scout.Query | Duration: 26.78
[2 INFO main 21601] Scout.Query -> Verify.DriveTo | Go to unverified source
[2 INFO main 37016] Verify.DriveTo -> Verify.Homing | Homing
[2 INFO main 67746] Confirming: 1/9
[2 INFO main 69832] Confirming: 2/9
[2 INFO main 71877] Confirming: 3/9
[2 INFO main 73761] Verify.Homing -> Scout.Query | Arrived home
[2 INFO main 73967] Confirming: 4/9
[2 INFO main 76060] Confirming: 5/9
[2 INFO main 78153] Confirming: 6/9
[2 INFO main 80198] Confirming: 7/9
[2 INFO main 82269] Confirming: 8/9
[2 INFO main 84306] Confirming: 9/9
[2 INFO main 85015] Scout.Query -> Verify.DriveTo | Go to unverified source
[2 INFO main 131881] Verify.DriveTo -> Verify.Homing | Homing
[2 INFO main 146461] Confirming: 1/9
[2 INFO main 148508] Confirming: 2/9
[2 INFO main 150614] Confirming: 3/9
[2 INFO main 152628] Confirming: 4/9
[2 INFO main 154706] Confirming: 5/9
[2 INFO main 156770] Confirming: 6/9
[2 INFO main 158795] Confirming: 7/9
[2 INFO main 159303] Verify.Homing -> Scout.Query | Arrived home
[2 INFO main 162905] Confirming: 9/9
[2 INFO main 163651] Scout.Query -> Verify.DriveTo | Go to unverified source
[2 INFO main 194897] Verify.DriveTo -> Verify.Homing | Homing
[2 INFO main 215355] Verify.Homing -> Scout.Query | Arrived home
[2 INFO main 217693] Confirming: 1/9
[2 INFO main 219765] Confirming: 2/9
[2 INFO main 221818] Confirming: 4/9
[2 INFO main 225984] Confirming: 5/9
[2 INFO main 228042] Confirming: 7/9
[2 INFO main 230048] Confirming: 8/9
[2 INFO main 232092] Confirming: 9/9
[2 INFO main 232880] Scout.Query -> Verify.DriveTo | Go to unverified source
[2 INFO main 253697] Verify.DriveTo -> Verify.Homing | Homing
[2 INFO main 276327] Verify.Homing -> Scout.Query | Arrived home
[2 INFO main 278549] Confirming: 1/9
[2 INFO main 280642] Confirming: 2/9
[2 INFO main 282903] Confirming: 3/9
[2 INFO main 284945] Confirming: 4/9
[2 INFO main 287014] Confirming: 5/9
[2 INFO main 289080] Confirming: 6/9
[2 INFO main 291162] Confirming: 7/9
[2 INFO main 293219] Confirming: 8/9
[2 INFO main 295310] Confirming: 9/9
[2 INFO main 295968] Scout.Query -> Verify.DriveTo | Go to unverified source
[2 INFO main 323135] Verify.DriveTo -> Verify.Homing | Homing
[2 INFO main 340755] Verify.Homing -> Scout.Query | Arrived home
[2 INFO main 368721] Confirming: 1/9
[2 INFO main 370834] Confirming: 2/9
[2 INFO main 372920] Confirming: 3/9
[2 INFO main 374963] Confirming: 4/9
[2 INFO main 376967] Confirming: 5/9
[2 INFO main 378994] Confirming: 6/9
[2 INFO main 381041] Confirming: 7/9
[2 INFO main 383097] Confirming: 8/9
[2 INFO main 385165] Confirming: 9/9
[2 INFO main 385200] Scout.Query -> Verify.DriveTo | Go to unverified source
[2 INFO main 438589] Verify.DriveTo -> Verify.Homing | Homing
[2 INFO main 459198] Confirming: 1/9
[2 INFO main 459445] Verify.Homing -> Scout.Query | Arrived home
[2 INFO main 461195] Confirming: 2/9
[2 INFO main 463244] Confirming: 3/9
[2 INFO main 465303] Confirming: 4/9
[2 INFO main 467323] Confirming: 5/9
[2 INFO main 469401] Confirming: 6/9
[2 INFO main 471487] Confirming: 7/9
[2 INFO main 473585] Confirming: 8/9
[2 INFO main 475661] Confirming: 9/9
[2 INFO main 475822] Scout.Query -> Verify.DriveTo | Go to unverified source
[2 INFO main 508488] Verify.DriveTo -> Verify.Homing | Homing
[2 INFO main 518855] Confirming: 1/9
[2 INFO main 520950] Confirming: 2/9
[2 INFO main 522956] Confirming: 3/9
[2 INFO main 525003] Confirming: 4/9
[2 INFO main 527065] Confirming: 5/9
[2 INFO main 529139] Confirming: 6/9
[2 INFO main 531020] Verify.Homing -> Scout.Query | Arrived home
[2 INFO main 531239] Confirming: 7/9
[2 INFO main 533234] Confirming: 8/9
[2 INFO main 535298] Confirming: 9/9
[2 INFO main 535695] Scout.Query -> Verify.DriveTo | Go to unverified source
[2 INFO main 572319] Verify.DriveTo -> Verify.Homing | Homing
[2 INFO main 580676] Confirming: 1/9
[2 INFO main 582774] Confirming: 2/9
[2 INFO main 584913] Confirming: 4/9
[2 INFO main 587042] Confirming: 5/9
[2 INFO main 591150] Confirming: 6/9
[2 INFO main 593155] Confirming: 7/9
[2 INFO main 593289] Verify.Homing -> Scout.Query | Arrived home
[2 INFO main 595181] Confirming: 8/9
[2 INFO main 597312] Confirming: 9/9
[2 INFO main 601012] Scout.Query -> Verify.DriveTo | Go to unverified source
[2 INFO main 649233] Verify.DriveTo -> Verify.Homing | Homing
[2 INFO main 671422] Verify.Homing -> Scout.Query | Arrived home
[2 INFO main 671726] Confirming: 1/9
[2 INFO main 673754] Confirming: 2/9
[2 INFO main 675837] Confirming: 3/9
[2 INFO main 677867] Confirming: 4/9
[2 INFO main 679871] Confirming: 5/9
[2 INFO main 681873] Confirming: 6/9
[2 INFO main 683953] Confirming: 7/9
[2 INFO main 685964] Confirming: 8/9
[2 INFO main 687993] Confirming: 9/9
[2 INFO main 688787] Scout.Query -> Verify.DriveTo | Go to unverified source
[2 INFO main 793781] Verify.DriveTo -> Verify.Homing | Homing
[2 INFO main 820512] Verify.Homing -> Scout.Query | Arrived home
[2 INFO main 822886] Confirming: 2/9
[2 INFO main 826999] Confirming: 4/9
[2 INFO main 829084] Confirming: 5/9
[2 INFO main 831116] Confirming: 6/9
[2 INFO main 833178] Confirming: 7/9
[2 INFO main 837409] Confirming: 9/9
[2 INFO main 837579] Scout.Query -> Verify.DriveTo | Go to unverified source
[2 INFO main 871309] Verify.DriveTo -> Verify.Homing | Homing
[2 INFO main 881706] Confirming: 1/9
[2 INFO main 883854] Confirming: 2/9
[2 INFO main 885888] Confirming: 3/9
[2 INFO main 887914] Confirming: 4/9
[2 INFO main 889977] Confirming: 5/9
[2 INFO main 892039] Confirming: 6/9
[2 INFO main 894137] Confirming: 7/9
[2 INFO main 896202] Confirming: 8/9
[2 INFO main 898240] Confirming: 9/9
[2 INFO main 899302] Verify.Homing -> Scout.Query | Arrived home
[2 INFO main 899434] Scout.Query -> Verify.DriveTo | Go to unverified source
[2 INFO main 933032] Verify.DriveTo -> Verify.Homing | Homing
[2 INFO main 941397] Confirming: 1/9
[2 INFO main 943465] Confirming: 2/9
[2 INFO main 945535] Confirming: 3/9
[2 INFO main 947580] Confirming: 4/9
[2 INFO main 949669] Confirming: 5/9
[2 INFO main 951719] Confirming: 6/9
[2 INFO main 953741] Confirming: 7/9
[2 INFO main 957829] Confirming: 8/9
[2 INFO main 959848] Confirming: 10/9
[2 INFO main 962712] Verify.Homing -> Scout.Query | Arrived home
[2 INFO main 962841] Scout.Query -> Verify.DriveTo | Go to unverified source
[2 INFO main 995203] Verify.DriveTo -> Verify.Homing | Homing
[2 INFO main 1032322] Confirming: 1/9
[2 INFO main 1034534] Confirming: 2/9
[2 INFO main 1036567] Confirming: 3/9
[2 INFO main 1038366] Verify.Homing -> Scout.Query | Arrived home
[2 INFO main 1038610] Confirming: 4/9
[2 INFO main 1040625] Confirming: 5/9
[2 INFO main 1042670] Confirming: 6/9
[2 INFO main 1044771] Confirming: 7/9
[2 INFO main 1046762] Confirming: 9/9
[2 INFO main 1046932] Scout.Query -> Verify.DriveTo | Go to unverified source
[2 INFO main 1082787] Verify.DriveTo -> Verify.Homing | Homing
[2 INFO main 1091321] Confirming: 1/9
[2 INFO main 1093328] Confirming: 2/9
[2 INFO main 1095447] Confirming: 3/9
[2 INFO main 1097449] Confirming: 4/9
[2 INFO main 1099470] Confirming: 5/9
[2 INFO main 1101522] Confirming: 6/9
[2 INFO main 1103544] Confirming: 7/9
[2 INFO main 1107670] Confirming: 9/9
[2 INFO main 1117130] Verify.Homing -> Scout.Query | Arrived home
[2 INFO main 1117292] Scout.Query -> Verify.DriveTo | Go to unverified source
[2 INFO main 1185895] Verify.DriveTo -> Verify.Homing | Homing
[2 INFO main 1212486] Verify.Homing -> Scout.Query | Arrived home
[2 INFO main 1212857] Confirming: 1/9
[2 INFO main 1214928] Confirming: 3/9
[2 INFO main 1217010] Confirming: 4/9
[2 INFO main 1221103] Confirming: 6/9
[2 INFO main 1223107] Confirming: 7/9
[2 INFO main 1225186] Confirming: 8/9
[2 INFO main 1227204] Confirming: 9/9
[2 INFO main 1227539] Scout.Query -> Verify.DriveTo | Go to unverified source
[2 INFO main 1276612] Verify.DriveTo -> Verify.Homing | Homing
[2 INFO main 1300661] Verify.Homing -> Scout.Query | Arrived home
[2 INFO main 1301558] Confirming: 1/9
[2 INFO main 1303610] Confirming: 2/9
[2 INFO main 1305677] Confirming: 3/9
[2 INFO main 1307713] Confirming: 4/9
[2 INFO main 1309747] Confirming: 5/9
[2 INFO main 1317865] Confirming: 9/9
[2 INFO main 1318025] Scout.Query -> Verify.DriveTo | Go to unverified source
[2 INFO main 1358028] Verify.DriveTo -> Verify.Homing | Homing
[2 INFO main 1379460] Verify.Homing -> Scout.Query | Arrived home
[2 INFO main 1393195] Confirming: 1/9
[2 INFO main 1395222] Confirming: 2/9
[2 INFO main 1397296] Confirming: 4/9
[2 INFO main 1399308] Confirming: 5/9
[2 INFO main 1401403] Confirming: 6/9
[2 INFO main 1403426] Confirming: 7/9
[2 INFO main 1405576] Confirming: 8/9
[2 INFO main 1407696] Confirming: 9/9
[2 INFO main 1407897] Scout.Query -> Verify.DriveTo | Go to unverified source
[2 INFO main 1451465] Verify.DriveTo -> Verify.Homing | Homing
[2 INFO main 1473209] Verify.Homing -> Scout.Query | Arrived home
[2 INFO main 1482315] Confirming: 1/9
[2 INFO main 1484423] Confirming: 2/9
[2 INFO main 1486475] Confirming: 3/9
[2 INFO main 1492566] Confirming: 5/9
[2 INFO main 1500787] Confirming: 11/9
[2 INFO main 1501320] Scout.Query -> Verify.DriveTo | Go to unverified source
[2 INFO main 1529546] Verify.DriveTo -> Verify.Homing | Homing
[2 INFO main 1542132] Confirming: 1/9
[2 INFO main 1544154] Confirming: 2/9
[2 INFO main 1546210] Confirming: 3/9
[2 INFO main 1548302] Confirming: 4/9
[2 INFO main 1550353] Confirming: 5/9
[2 INFO main 1552430] Confirming: 6/9
[2 INFO main 1554655] Confirming: 7/9
[2 INFO main 1555242] Verify.Homing -> Scout.Query | Arrived home
[2 INFO main 1556699] Confirming: 8/9
[2 INFO main 1558789] Confirming: 10/9
[2 INFO main 1558827] Scout.Query -> Verify.DriveTo | Go to unverified source
[2 INFO main 1606359] Verify.DriveTo -> Verify.Homing | Homing
[2 INFO main 1627074] Confirming: 1/9
[2 INFO main 1629142] Confirming: 2/9
[2 INFO main 1630739] Verify.Homing -> Scout.Query | Arrived home
[2 INFO main 1631182] Confirming: 3/9
[2 INFO main 1635238] Confirming: 4/9
[2 INFO main 1637310] Confirming: 6/9
[2 INFO main 1639354] Confirming: 7/9
[2 INFO main 1641364] Confirming: 8/9
[2 INFO main 1643375] Confirming: 9/9
[2 INFO main 1644075] Scout.Query -> Verify.DriveTo | Go to unverified source
[2 INFO main 1697003] Verify.DriveTo -> Verify.Homing | Homing
[2 INFO main 1717630] Verify.Homing -> Scout.Query | Arrived home
[2 INFO main 1721985] Confirming: 1/9
[2 INFO main 1724053] Confirming: 2/9
[2 INFO main 1726148] Confirming: 3/9
[2 INFO main 1728227] Confirming: 4/9
[2 INFO main 1730298] Confirming: 5/9
[2 INFO main 1732330] Confirming: 6/9
[2 INFO main 1734340] Confirming: 7/9
[2 INFO main 1736355] Confirming: 8/9
[2 INFO main 1738407] Confirming: 9/9
[2 INFO main 1738447] Scout.Query -> Verify.DriveTo | Go to unverified source
[2 INFO main 1768406] Verify.DriveTo -> Verify.Homing | Homing
[2 INFO main 1786854] Verify.Homing -> Scout.Query | Arrived home
