[11 INFO main 29] Initialising Python Geth Console...
[11 INFO main 33] Initialising RandB board...
[11 INFO main 33] Initialising navigation...
[11 INFO main 33] Initialising random-walk...
[11 INFO main 33] Initialising odometry...
[11 INFO main 33] Initialising ground-sensors...
[11 INFO main 737] --//-- Starting Experiment --//--
[11 INFO main 1844] Idle.IDLE -> Scout.Query | Duration: 25.16
[11 INFO main 194893] Scout.Query -> Scout.GotoCenter | Drive to others reported pos
[11 INFO main 210311] Scout.GotoCenter -> Scout.Query | return to random walk
[11 INFO main 219928] Scout.Query -> Scout.GotoCenter | Drive to others reported pos
[11 INFO main 222423] Scout.GotoCenter -> Scout.Query | Back to normal
[11 INFO main 242855] Scout.Query -> Scout.GotoCenter | Drive to others reported pos
[11 INFO main 245058] Scout.GotoCenter -> Scout.Query | return to random walk
[11 INFO main 253267] Scout.Query -> Scout.GotoCenter | Drive to others reported pos
[11 INFO main 256070] Scout.GotoCenter -> Scout.Query | return to random walk
[11 INFO main 257471] Scout.Query -> Scout.GotoCenter | Drive to others reported pos
[11 INFO main 259970] Scout.GotoCenter -> Scout.Query | return to random walk
[11 INFO main 282306] Scout.Query -> Scout.GotoCenter | Drive to others reported pos
[11 INFO main 303931] Scout.GotoCenter -> Scout.Query | return to random walk
