[INFO main 28] Initialising peer buffer...
[INFO main 28] Initialising resource buffer...
[INFO main 28] Initialising TCP server...
[INFO main 28] Initialising RandB board...
[INFO main 28] Initialising ground-sensors...
[INFO main 28] Initialising random-walk...
[INFO main 916] --//-- Starting Experiment --//--
[INFO main 33463] Added resource: {"x": 0.73, "y": -1.04, "radius": 0.05, "quantity": 1, "quality": "red", "timeStamp": 0}
[INFO main 62186] Added resource: {"x": 0.64, "y": -0.47, "radius": 0.06, "quantity": 1, "quality": "green", "timeStamp": 0}
[INFO main 68693] Added resource: {"x": 0.54, "y": -0.16, "radius": 0.04, "quantity": 1, "quality": "green", "timeStamp": 0}
[INFO main 80006] Removed resource: {"x": 0.54, "y": -0.16, "radius": 0.04, "quantity": 1, "quality": "green", "timeStamp": 0}
[INFO main 184929] Added resource: {"x": -1.2, "y": -0.63, "radius": 0.05, "quantity": 1, "quality": "yellow", "timeStamp": 0}
[INFO main 229476] Added resource: {"x": -0.76, "y": -0.53, "radius": 0.05, "quantity": 1, "quality": "green", "timeStamp": 0}
[INFO main 260711] Added resource: {"x": -0.92, "y": -0.4, "radius": 0.05, "quantity": 1, "quality": "blue", "timeStamp": 0}
[INFO main 265316] Added resource: {"x": -0.69, "y": -0.37, "radius": 0.05, "quantity": 1, "quality": "red", "timeStamp": 0}
[INFO main 303561] Removed resource: {"x": -1.2, "y": -0.63, "radius": 0.05, "quantity": 1, "quality": "yellow", "timeStamp": 0}
[INFO main 314971] Added resource: {"x": -0.76, "y": -0.64, "radius": 0.04, "quantity": 1, "quality": "blue", "timeStamp": 0}
[INFO main 363925] Removed resource: {"x": -0.76, "y": -0.64, "radius": 0.04, "quantity": 1, "quality": "blue", "timeStamp": 0}
[INFO main 371234] Added resource: {"x": -0.99, "y": -0.88, "radius": 0.04, "quantity": 1, "quality": "yellow", "timeStamp": 0}
[INFO main 424293] Removed resource: {"x": -0.99, "y": -0.88, "radius": 0.04, "quantity": 1, "quality": "yellow", "timeStamp": 0}
[INFO main 437709] Added resource: {"x": -1.05, "y": -1.07, "radius": 0.05, "quantity": 1, "quality": "green", "timeStamp": 0}
[INFO main 490868] Removed resource: {"x": -0.92, "y": -0.4, "radius": 0.05, "quantity": 1, "quality": "blue", "timeStamp": 0}
[INFO main 497273] Added resource: {"x": -1.2, "y": -0.51, "radius": 0.05, "quantity": 1, "quality": "yellow", "timeStamp": 0}
[INFO main 593779] Removed resource: {"x": -1.2, "y": -0.51, "radius": 0.05, "quantity": 1, "quality": "yellow", "timeStamp": 0}
[INFO main 596082] Added resource: {"x": -1.17, "y": -0.59, "radius": 0.06, "quantity": 1, "quality": "red", "timeStamp": 0}
[INFO main 599685] Added resource: {"x": -1.02, "y": -0.52, "radius": 0.05, "quantity": 1, "quality": "green", "timeStamp": 0}
