[10 INFO main 29] Initialising Python Geth Console...
[10 INFO main 33] Initialising RandB board...
[10 INFO main 34] Initialising navigation...
[10 INFO main 34] Initialising random-walk...
[10 INFO main 34] Initialising odometry...
[10 INFO main 34] Initialising ground-sensors...
[10 INFO main 507] --//-- Starting Experiment --//--
[10 INFO main 1616] Idle.IDLE -> Scout.Query | Duration: 20.13
[10 INFO main 429583] Scout.Query -> Scout.GotoCenter | Drive to others reported pos
[10 INFO main 439284] Scout.GotoCenter -> Scout.Query | return to random walk
[10 INFO main 440179] Scout.Query -> Scout.GotoCenter | Drive to others reported pos
[10 INFO main 440789] Scout.GotoCenter -> Scout.Query | return to random walk
[10 INFO main 441194] Scout.Query -> Scout.GotoCenter | Drive to others reported pos
[10 INFO main 442087] Scout.GotoCenter -> Scout.Query | return to random walk
[10 INFO main 442299] Scout.Query -> Scout.GotoCenter | Drive to others reported pos
[10 INFO main 445493] Scout.GotoCenter -> Scout.Query | return to random walk
[10 INFO main 446405] Scout.Query -> Scout.GotoCenter | Drive to others reported pos
[10 INFO main 446686] Scout.GotoCenter -> Scout.Query | return to random walk
[10 INFO main 447499] Scout.Query -> Scout.GotoCenter | Drive to others reported pos
[10 INFO main 448007] Scout.GotoCenter -> Scout.Query | return to random walk
[10 INFO main 448508] Scout.Query -> Scout.GotoCenter | Drive to others reported pos
[10 INFO main 448794] Scout.GotoCenter -> Scout.Query | return to random walk
[10 INFO main 449603] Scout.Query -> Scout.GotoCenter | Drive to others reported pos
[10 INFO main 454006] Scout.GotoCenter -> Scout.Query | return to random walk
[10 INFO main 454706] Scout.Query -> Scout.GotoCenter | Drive to others reported pos
[10 INFO main 456798] Scout.GotoCenter -> Scout.Query | return to random walk
[10 INFO main 456908] Scout.Query -> Scout.GotoCenter | Drive to others reported pos
[10 INFO main 457308] Scout.GotoCenter -> Scout.Query | return to random walk
[10 INFO main 458011] Scout.Query -> Scout.GotoCenter | Drive to others reported pos
[10 INFO main 458409] Scout.GotoCenter -> Scout.Query | return to random walk
[10 INFO main 459113] Scout.Query -> Scout.GotoCenter | Drive to others reported pos
[10 INFO main 459709] Scout.GotoCenter -> Scout.Query | return to random walk
[10 INFO main 460115] Scout.Query -> Scout.GotoCenter | Drive to others reported pos
[10 INFO main 461412] Scout.GotoCenter -> Scout.Query | return to random walk
[10 INFO main 462206] Scout.Query -> Scout.GotoCenter | Drive to others reported pos
[10 INFO main 464512] Scout.GotoCenter -> Scout.Query | return to random walk
[10 INFO main 465320] Scout.Query -> Scout.GotoCenter | Drive to others reported pos
[10 INFO main 465716] Scout.GotoCenter -> Scout.Query | return to random walk
[10 INFO main 466324] Scout.Query -> Scout.GotoCenter | Drive to others reported pos
[10 INFO main 472123] Scout.GotoCenter -> Scout.Query | return to random walk
[10 INFO main 472531] Scout.Query -> Scout.GotoCenter | Drive to others reported pos
[10 INFO main 474729] Scout.GotoCenter -> Scout.Query | return to random walk
[10 INFO main 475635] Scout.Query -> Scout.GotoCenter | Drive to others reported pos
[10 INFO main 476735] Scout.GotoCenter -> Scout.Query | return to random walk
[10 INFO main 477837] Scout.Query -> Scout.GotoCenter | Drive to others reported pos
[10 INFO main 478333] Scout.GotoCenter -> Scout.Query | return to random walk
[10 INFO main 478937] Scout.Query -> Scout.GotoCenter | Drive to others reported pos
[10 INFO main 484045] Scout.GotoCenter -> Scout.Query | return to random walk
[10 INFO main 485048] Scout.Query -> Scout.GotoCenter | Drive to others reported pos
[10 INFO main 487543] Scout.GotoCenter -> Scout.Query | return to random walk
[10 INFO main 488152] Scout.Query -> Scout.GotoCenter | Drive to others reported pos
[10 INFO main 491450] Scout.GotoCenter -> Scout.Query | return to random walk
[10 INFO main 492454] Scout.Query -> Scout.GotoCenter | Drive to others reported pos
[10 INFO main 492949] Scout.GotoCenter -> Scout.Query | return to random walk
[10 INFO main 493455] Scout.Query -> Scout.GotoCenter | Drive to others reported pos
[10 INFO main 496357] Scout.GotoCenter -> Scout.Query | return to random walk
[10 INFO main 496462] Scout.Query -> Scout.GotoCenter | Drive to others reported pos
[10 INFO main 498557] Scout.GotoCenter -> Scout.Query | return to random walk
[10 INFO main 498660] Scout.Query -> Scout.GotoCenter | Drive to others reported pos
[10 INFO main 503063] Scout.GotoCenter -> Scout.Query | return to random walk
[10 INFO main 503977] Scout.Query -> Scout.GotoCenter | Drive to others reported pos
[10 INFO main 504577] Scout.GotoCenter -> Scout.Query | return to random walk
[10 INFO main 505069] Scout.Query -> Scout.GotoCenter | Drive to others reported pos
[10 INFO main 507369] Scout.GotoCenter -> Scout.Query | return to random walk
[10 INFO main 508282] Scout.Query -> Scout.GotoCenter | Drive to others reported pos
[10 INFO main 512174] Scout.GotoCenter -> Scout.Query | return to random walk
[10 INFO main 512484] Scout.Query -> Scout.GotoCenter | Drive to others reported pos
[10 INFO main 514177] Scout.GotoCenter -> Scout.Query | return to random walk
[10 INFO main 514489] Scout.Query -> Scout.GotoCenter | Drive to others reported pos
[10 INFO main 514577] Scout.GotoCenter -> Scout.Query | return to random walk
[10 INFO main 515587] Scout.Query -> Scout.GotoCenter | Drive to others reported pos
[10 INFO main 518683] Scout.GotoCenter -> Scout.Query | return to random walk
[10 INFO main 518792] Scout.Query -> Scout.GotoCenter | Drive to others reported pos
[10 INFO main 520178] Scout.GotoCenter -> Scout.Query | return to random walk
[10 INFO main 520793] Scout.Query -> Scout.GotoCenter | Drive to others reported pos
[10 INFO main 521388] Scout.GotoCenter -> Scout.Query | return to random walk
[10 INFO main 521891] Scout.Query -> Scout.GotoCenter | Drive to others reported pos
[10 INFO main 522790] Scout.GotoCenter -> Scout.Query | return to random walk
[10 INFO main 522896] Scout.Query -> Scout.GotoCenter | Drive to others reported pos
[10 INFO main 524090] Scout.GotoCenter -> Scout.Query | return to random walk
[10 INFO main 525091] Scout.Query -> Scout.GotoCenter | Drive to others reported pos
[10 INFO main 525294] Scout.GotoCenter -> Scout.Query | return to random walk
[10 INFO main 526094] Scout.Query -> Scout.GotoCenter | Drive to others reported pos
[10 INFO main 527894] Scout.GotoCenter -> Scout.Query | return to random walk
[10 INFO main 528098] Scout.Query -> Scout.GotoCenter | Drive to others reported pos
[10 INFO main 529600] Scout.GotoCenter -> Scout.Query | return to random walk
[10 INFO main 530101] Scout.Query -> Scout.GotoCenter | Drive to others reported pos
[10 INFO main 533099] Scout.GotoCenter -> Scout.Query | return to random walk
[10 INFO main 533204] Scout.Query -> Scout.GotoCenter | Drive to others reported pos
[10 INFO main 535405] Scout.GotoCenter -> Scout.Query | return to random walk
[10 INFO main 536310] Scout.Query -> Scout.GotoCenter | Drive to others reported pos
[10 INFO main 538208] Scout.GotoCenter -> Scout.Query | return to random walk
[10 INFO main 538511] Scout.Query -> Scout.GotoCenter | Drive to others reported pos
[10 INFO main 539409] Scout.GotoCenter -> Scout.Query | return to random walk
[10 INFO main 539513] Scout.Query -> Scout.GotoCenter | Drive to others reported pos
[10 INFO main 539610] Scout.GotoCenter -> Scout.Query | return to random walk
[10 INFO main 540514] Scout.Query -> Scout.GotoCenter | Drive to others reported pos
[10 INFO main 540713] Scout.GotoCenter -> Scout.Query | return to random walk
[10 INFO main 541515] Scout.Query -> Scout.GotoCenter | Drive to others reported pos
[10 INFO main 541921] Scout.GotoCenter -> Scout.Query | return to random walk
[10 INFO main 542518] Scout.Query -> Scout.GotoCenter | Drive to others reported pos
[10 INFO main 543819] Scout.GotoCenter -> Scout.Query | return to random walk
[10 INFO main 544625] Scout.Query -> Scout.GotoCenter | Drive to others reported pos
[10 INFO main 545218] Scout.GotoCenter -> Scout.Query | return to random walk
[10 INFO main 545724] Scout.Query -> Scout.GotoCenter | Drive to others reported pos
[10 INFO main 546022] Scout.GotoCenter -> Scout.Query | return to random walk
[10 INFO main 546817] Scout.Query -> Scout.GotoCenter | Drive to others reported pos
[10 INFO main 546928] Scout.GotoCenter -> Scout.Query | return to random walk
[10 INFO main 547820] Scout.Query -> Scout.GotoCenter | Drive to others reported pos
[10 INFO main 555930] Scout.GotoCenter -> Scout.Query | return to random walk
[10 INFO main 556144] Scout.Query -> Scout.GotoCenter | Drive to others reported pos
[10 INFO main 557532] Scout.GotoCenter -> Scout.Query | return to random walk
[10 INFO main 558239] Scout.Query -> Scout.GotoCenter | Drive to others reported pos
[10 INFO main 558435] Scout.GotoCenter -> Scout.Query | return to random walk
[10 INFO main 559342] Scout.Query -> Scout.GotoCenter | Drive to others reported pos
[10 INFO main 563344] Scout.GotoCenter -> Scout.Query | return to random walk
[10 INFO main 563547] Scout.Query -> Scout.GotoCenter | Drive to others reported pos
[10 INFO main 564242] Scout.GotoCenter -> Scout.Query | return to random walk
[10 INFO main 564549] Scout.Query -> Scout.GotoCenter | Drive to others reported pos
[10 INFO main 567048] Scout.GotoCenter -> Scout.Query | return to random walk
[10 INFO main 567651] Scout.Query -> Scout.GotoCenter | Drive to others reported pos
[10 INFO main 567844] Scout.GotoCenter -> Scout.Query | return to random walk
[10 INFO main 568657] Scout.Query -> Scout.GotoCenter | Drive to others reported pos
[10 INFO main 570751] Scout.GotoCenter -> Scout.Query | return to random walk
[10 INFO main 571755] Scout.Query -> Scout.GotoCenter | Drive to others reported pos
[10 INFO main 572859] Scout.GotoCenter -> Scout.Query | return to random walk
[10 INFO main 573966] Scout.Query -> Scout.GotoCenter | Drive to others reported pos
[10 INFO main 575355] Scout.GotoCenter -> Scout.Query | return to random walk
[10 INFO main 576065] Scout.Query -> Scout.GotoCenter | Drive to others reported pos
[10 INFO main 578558] Scout.GotoCenter -> Scout.Query | return to random walk
[10 INFO main 579266] Scout.Query -> Scout.GotoCenter | Drive to others reported pos
[10 INFO main 579960] Scout.GotoCenter -> Scout.Query | return to random walk
[10 INFO main 580367] Scout.Query -> Scout.GotoCenter | Drive to others reported pos
[10 INFO main 582365] Scout.GotoCenter -> Scout.Query | return to random walk
[10 INFO main 582462] Scout.Query -> Scout.GotoCenter | Drive to others reported pos
[10 INFO main 584270] Scout.GotoCenter -> Scout.Query | return to random walk
[10 INFO main 584467] Scout.Query -> Scout.GotoCenter | Drive to others reported pos
[10 INFO main 586173] Scout.GotoCenter -> Scout.Query | return to random walk
[10 INFO main 586471] Scout.Query -> Scout.GotoCenter | Drive to others reported pos
[10 INFO main 587472] Scout.GotoCenter -> Scout.Query | return to random walk
[10 INFO main 588476] Scout.Query -> Scout.GotoCenter | Drive to others reported pos
[10 INFO main 590667] Scout.GotoCenter -> Scout.Query | return to random walk
[10 INFO main 591575] Scout.Query -> Scout.GotoCenter | Drive to others reported pos
[10 INFO main 592274] Scout.GotoCenter -> Scout.Query | return to random walk
[10 INFO main 592577] Scout.Query -> Scout.GotoCenter | Drive to others reported pos
[10 INFO main 594480] Scout.GotoCenter -> Scout.Query | return to random walk
[10 INFO main 594688] Scout.Query -> Scout.GotoCenter | Drive to others reported pos
[10 INFO main 596888] Scout.GotoCenter -> Scout.Query | return to random walk
[10 INFO main 597991] Scout.Query -> Scout.GotoCenter | Drive to others reported pos
[10 INFO main 598287] Scout.GotoCenter -> Scout.Query | return to random walk
[10 INFO main 599091] Scout.Query -> Scout.GotoCenter | Drive to others reported pos
[10 INFO main 600288] Scout.GotoCenter -> Scout.Query | return to random walk
