[11 INFO main 30] Initialising Python Geth Console...
[11 INFO main 34] Initialising RandB board...
[11 INFO main 34] Initialising navigation...
[11 INFO main 34] Initialising random-walk...
[11 INFO main 34] Initialising odometry...
[11 INFO main 34] Initialising ground-sensors...
[11 INFO main 408] --//-- Starting Experiment --//--
[11 INFO main 1506] Idle.IDLE -> Scout.Query | Duration: 23.03
[11 INFO main 102342] Scout.Query -> Scout.GotoCenter | Drive to others reported pos
[11 INFO main 108749] Scout.GotoCenter -> Scout.Query | return to random walk
[11 INFO main 186752] Scout.Query -> Scout.GotoCenter | Drive to others reported pos
[11 INFO main 197161] Scout.GotoCenter -> Scout.Query | return to random walk
[11 INFO main 197458] Scout.Query -> Scout.GotoCenter | Drive to others reported pos
[11 INFO main 198957] Scout.GotoCenter -> Scout.Query | return to random walk
[11 INFO main 199562] Scout.Query -> Scout.GotoCenter | Drive to others reported pos
[11 INFO main 200964] Scout.GotoCenter -> Scout.Query | return to random walk
[11 INFO main 201565] Scout.Query -> Scout.GotoCenter | Drive to others reported pos
[11 INFO main 203266] Scout.GotoCenter -> Scout.Query | return to random walk
[11 INFO main 203665] Scout.Query -> Scout.GotoCenter | Drive to others reported pos
[11 INFO main 206670] Scout.GotoCenter -> Scout.Query | return to random walk
[11 INFO main 207671] Scout.Query -> Scout.GotoCenter | Drive to others reported pos
[11 INFO main 212281] Scout.GotoCenter -> Scout.Query | return to random walk
