[INFO main 80] Initialising peer buffer...
[INFO main 80] Initialising resource buffer...
[INFO main 80] Initialising TCP server...
[INFO main 80] Initialising RandB board...
[INFO main 80] Initialising ground-sensors...
[INFO main 80] Initialising random-walk...
[INFO main 515] --//-- Starting Experiment --//--
[INFO main 21239] Added resource: {"x": -1.22, "y": 0.84, "radius": 0.06, "quantity": 1, "quality": "blue", "timeStamp": 0}
[INFO main 90328] Removed resource: {"x": -1.22, "y": 0.84, "radius": 0.06, "quantity": 1, "quality": "blue", "timeStamp": 0}
[INFO main 115959] Added resource: {"x": -0.06, "y": 1.13, "radius": 0.04, "quantity": 1, "quality": "green", "timeStamp": 0}
[INFO main 156209] Removed resource: {"x": -0.06, "y": 1.13, "radius": 0.04, "quantity": 1, "quality": "green", "timeStamp": 0}
[INFO main 237708] Added resource: {"x": 0.61, "y": 0.24, "radius": 0.05, "quantity": 1, "quality": "green", "timeStamp": 0}
[INFO main 257314] Removed resource: {"x": 0.61, "y": 0.24, "radius": 0.05, "quantity": 1, "quality": "green", "timeStamp": 0}
[INFO main 347499] Added resource: {"x": 0.2, "y": -0.54, "radius": 0.05, "quantity": 1, "quality": "yellow", "timeStamp": 0}
[INFO main 397861] Removed resource: {"x": 0.2, "y": -0.54, "radius": 0.05, "quantity": 1, "quality": "yellow", "timeStamp": 0}
[INFO main 468429] Added resource: {"x": -0.5, "y": 0.31, "radius": 0.05, "quantity": 1, "quality": "yellow", "timeStamp": 0}
[INFO main 484148] Removed resource: {"x": -0.5, "y": 0.31, "radius": 0.05, "quantity": 1, "quality": "yellow", "timeStamp": 0}
[INFO main 495556] Added resource: {"x": -0.94, "y": 0.6, "radius": 0.05, "quantity": 1, "quality": "yellow", "timeStamp": 0}
[INFO main 532589] Removed resource: {"x": -0.94, "y": 0.6, "radius": 0.05, "quantity": 1, "quality": "yellow", "timeStamp": 0}
[INFO main 546903] Added resource: {"x": -0.9, "y": 0.84, "radius": 0.05, "quantity": 1, "quality": "green", "timeStamp": 0}
