[3 INFO main 35] Initialising Python Geth Console...
[3 INFO main 39] Initialising RandB board...
[3 INFO main 39] Initialising navigation...
[3 INFO main 39] Initialising random-walk...
[3 INFO main 39] Initialising odometry...
[3 INFO main 39] Initialising ground-sensors...
[3 INFO main 740] --//-- Starting Experiment --//--
[3 INFO main 1841] Idle.IDLE -> Scout.Query | Duration: 21.28
[3 INFO main 43698] Scout.Query -> Scout.GotoCenter | Drive to others reported pos
[3 INFO main 57514] Scout.GotoCenter -> Scout.Query | Back to normal
[3 INFO main 110477] Scout.Query -> Scout.GotoCenter | Drive to others reported pos
[3 INFO main 121792] Scout.GotoCenter -> Scout.Query | return to random walk
[3 INFO main 159943] Scout.Query -> Scout.GotoCenter | Drive to others reported pos
[3 INFO main 175262] Scout.GotoCenter -> Scout.Query | return to random walk
[3 INFO main 176364] Scout.Query -> Scout.GotoCenter | Drive to others reported pos
[3 INFO main 176865] Scout.GotoCenter -> Scout.Query | return to random walk
[3 INFO main 192684] Scout.Query -> Scout.GotoCenter | Drive to others reported pos
[3 INFO main 197989] Scout.GotoCenter -> Scout.Query | Back to normal
[3 INFO main 200696] Scout.Query -> Scout.GotoCenter | Drive to others reported pos
[3 INFO main 201694] Scout.GotoCenter -> Scout.Query | return to random walk
