[3 INFO main 34] Initialising Python Geth Console...
[3 INFO main 38] Initialising RandB board...
[3 INFO main 38] Initialising navigation...
[3 INFO main 38] Initialising random-walk...
[3 INFO main 38] Initialising odometry...
[3 INFO main 38] Initialising ground-sensors...
[3 INFO main 973] --//-- Starting Experiment --//--
[3 INFO main 2075] Idle.IDLE -> Scout.Query | Duration: 19.20
[3 INFO main 46467] Scout.Query -> Scout.GotoCenter | Drive to others reported pos
[3 INFO main 68842] Scout.GotoCenter -> Scout.Query | return to random walk
[3 INFO main 79188] Confirming: 1/8
[3 INFO main 81224] Confirming: 2/8
[3 INFO main 83227] Confirming: 3/8
[3 INFO main 85312] Confirming: 4/8
[3 INFO main 87400] Confirming: 5/8
[3 INFO main 89474] Confirming: 6/8
[3 INFO main 91479] Confirming: 7/8
[3 INFO main 93495] Confirming: 8/8
[3 INFO main 94135] Scout.Query -> Scout.GotoCenter | Drive to others reported pos
[3 INFO main 120271] Scout.GotoCenter -> Scout.Query | return to random walk
[3 INFO main 130636] Confirming: 1/8
[3 INFO main 132660] Confirming: 2/8
[3 INFO main 134667] Confirming: 3/8
[3 INFO main 136716] Confirming: 4/8
[3 INFO main 138724] Confirming: 5/8
[3 INFO main 140871] Confirming: 6/8
[3 INFO main 142952] Confirming: 7/8
[3 INFO main 145021] Confirming: 8/8
[3 INFO main 4476312] Scout.Query -> Scout.GotoCenter | Drive to others reported pos
[3 INFO main 4535553] Scout.GotoCenter -> Scout.Query | return to random walk
[3 INFO main 4560280] Confirming: 1/8
[3 INFO main 4562360] Confirming: 2/8
[3 INFO main 4564443] Confirming: 3/8
[3 INFO main 4566526] Confirming: 4/8
[3 INFO main 4568618] Confirming: 6/8
[3 INFO main 4570700] Confirming: 7/8
[3 INFO main 4572735] Confirming: 8/8
[3 INFO main 4722551] Scout.Query -> Scout.GotoCenter | Drive to others reported pos
[3 INFO main 4749882] Scout.GotoCenter -> Scout.Query | return to random walk
[3 INFO main 4770491] Confirming: 1/8
[3 INFO main 4772564] Confirming: 2/8
[3 INFO main 4774567] Confirming: 3/8
[3 INFO main 4776588] Confirming: 4/8
[3 INFO main 4778664] Confirming: 5/8
[3 INFO main 4780672] Confirming: 6/8
[3 INFO main 4782679] Confirming: 7/8
[3 INFO main 4784755] Confirming: 8/8
[3 INFO main 5122329] Confirming: 1/8
[3 INFO main 5124412] Confirming: 2/8
[3 INFO main 5126436] Confirming: 3/8
[3 INFO main 5128500] Confirming: 4/8
[3 INFO main 5130511] Confirming: 5/8
[3 INFO main 5132588] Confirming: 7/8
[3 INFO main 5136610] Confirming: 9/8
[3 INFO main 5136878] Scout.Query -> Scout.GotoCenter | Drive to others reported pos
