[8 INFO main 30] Initialising Python Geth Console...
[8 INFO main 34] Initialising RandB board...
[8 INFO main 34] Initialising navigation...
[8 INFO main 34] Initialising random-walk...
[8 INFO main 34] Initialising odometry...
[8 INFO main 34] Initialising ground-sensors...
[8 INFO main 914] --//-- Starting Experiment --//--
[8 INFO main 2018] Idle.IDLE -> Scout.Query | Duration: 22.46
[8 INFO main 113962] Scout.Query -> Scout.GotoCenter | Drive to others reported pos
[8 INFO main 116768] Scout.GotoCenter -> Scout.Query | return to random walk
[8 INFO main 116966] Scout.Query -> Scout.GotoCenter | Drive to others reported pos
[8 INFO main 118567] Scout.GotoCenter -> Scout.Query | return to random walk
[8 INFO main 118972] Scout.Query -> Scout.GotoCenter | Drive to others reported pos
[8 INFO main 125878] Scout.GotoCenter -> Scout.Query | return to random walk
[8 INFO main 126483] Scout.Query -> Scout.GotoCenter | Drive to others reported pos
[8 INFO main 127483] Scout.GotoCenter -> Scout.Query | return to random walk
[8 INFO main 128485] Scout.Query -> Scout.GotoCenter | Drive to others reported pos
[8 INFO main 129783] Scout.GotoCenter -> Scout.Query | return to random walk
[8 INFO main 130488] Scout.Query -> Scout.GotoCenter | Drive to others reported pos
[8 INFO main 132079] Scout.GotoCenter -> Scout.Query | return to random walk
[8 INFO main 132588] Scout.Query -> Scout.GotoCenter | Drive to others reported pos
[8 INFO main 132886] Scout.GotoCenter -> Scout.Query | return to random walk
[8 INFO main 133589] Scout.Query -> Scout.GotoCenter | Drive to others reported pos
[8 INFO main 136090] Scout.GotoCenter -> Scout.Query | return to random walk
[8 INFO main 136692] Scout.Query -> Scout.GotoCenter | Drive to others reported pos
[8 INFO main 136890] Scout.GotoCenter -> Scout.Query | return to random walk
[8 INFO main 137696] Scout.Query -> Scout.GotoCenter | Drive to others reported pos
[8 INFO main 138798] Scout.GotoCenter -> Scout.Query | return to random walk
[8 INFO main 139900] Scout.Query -> Scout.GotoCenter | Drive to others reported pos
[8 INFO main 139994] Scout.GotoCenter -> Scout.Query | return to random walk
[8 INFO main 140993] Scout.Query -> Scout.GotoCenter | Drive to others reported pos
[8 INFO main 142998] Scout.GotoCenter -> Scout.Query | return to random walk
[8 INFO main 143999] Scout.Query -> Scout.GotoCenter | Drive to others reported pos
[8 INFO main 145502] Scout.GotoCenter -> Scout.Query | return to random walk
[8 INFO main 146008] Scout.Query -> Scout.GotoCenter | Drive to others reported pos
[8 INFO main 148004] Scout.GotoCenter -> Scout.Query | return to random walk
[8 INFO main 148208] Scout.Query -> Scout.GotoCenter | Drive to others reported pos
[8 INFO main 149410] Scout.GotoCenter -> Scout.Query | return to random walk
[8 INFO main 150214] Scout.Query -> Scout.GotoCenter | Drive to others reported pos
[8 INFO main 153514] Scout.GotoCenter -> Scout.Query | return to random walk
[8 INFO main 154416] Scout.Query -> Scout.GotoCenter | Drive to others reported pos
[8 INFO main 154915] Scout.GotoCenter -> Scout.Query | return to random walk
[8 INFO main 155418] Scout.Query -> Scout.GotoCenter | Drive to others reported pos
[8 INFO main 155517] Scout.GotoCenter -> Scout.Query | return to random walk
[8 INFO main 156521] Scout.Query -> Scout.GotoCenter | Drive to others reported pos
[8 INFO main 157918] Scout.GotoCenter -> Scout.Query | return to random walk
[8 INFO main 158623] Scout.Query -> Scout.GotoCenter | Drive to others reported pos
[8 INFO main 159721] Scout.GotoCenter -> Scout.Query | return to random walk
[8 INFO main 160723] Scout.Query -> Scout.GotoCenter | Drive to others reported pos
[8 INFO main 161425] Scout.GotoCenter -> Scout.Query | return to random walk
[8 INFO main 161728] Scout.Query -> Scout.GotoCenter | Drive to others reported pos
[8 INFO main 162323] Scout.GotoCenter -> Scout.Query | return to random walk
[8 INFO main 162829] Scout.Query -> Scout.GotoCenter | Drive to others reported pos
[8 INFO main 163024] Scout.GotoCenter -> Scout.Query | return to random walk
[8 INFO main 163830] Scout.Query -> Scout.GotoCenter | Drive to others reported pos
[8 INFO main 164225] Scout.GotoCenter -> Scout.Query | return to random walk
[8 INFO main 164831] Scout.Query -> Scout.GotoCenter | Drive to others reported pos
[8 INFO main 165025] Scout.GotoCenter -> Scout.Query | return to random walk
[8 INFO main 165934] Scout.Query -> Scout.GotoCenter | Drive to others reported pos
[8 INFO main 166127] Scout.GotoCenter -> Scout.Query | return to random walk
[8 INFO main 166935] Scout.Query -> Scout.GotoCenter | Drive to others reported pos
[8 INFO main 167331] Scout.GotoCenter -> Scout.Query | return to random walk
[8 INFO main 168032] Scout.Query -> Scout.GotoCenter | Drive to others reported pos
[8 INFO main 168229] Scout.GotoCenter -> Scout.Query | return to random walk
[8 INFO main 169033] Scout.Query -> Scout.GotoCenter | Drive to others reported pos
[8 INFO main 169634] Scout.GotoCenter -> Scout.Query | return to random walk
[8 INFO main 170037] Scout.Query -> Scout.GotoCenter | Drive to others reported pos
[8 INFO main 172334] Scout.GotoCenter -> Scout.Query | return to random walk
[8 INFO main 173140] Scout.Query -> Scout.GotoCenter | Drive to others reported pos
[8 INFO main 173641] Scout.GotoCenter -> Scout.Query | return to random walk
[8 INFO main 174240] Scout.Query -> Scout.GotoCenter | Drive to others reported pos
[8 INFO main 174841] Scout.GotoCenter -> Scout.Query | return to random walk
[8 INFO main 175240] Scout.Query -> Scout.GotoCenter | Drive to others reported pos
[8 INFO main 176239] Scout.GotoCenter -> Scout.Query | return to random walk
[8 INFO main 176346] Scout.Query -> Scout.GotoCenter | Drive to others reported pos
[8 INFO main 176740] Scout.GotoCenter -> Scout.Query | return to random walk
[8 INFO main 177444] Scout.Query -> Scout.GotoCenter | Drive to others reported pos
[8 INFO main 177643] Scout.GotoCenter -> Scout.Query | return to random walk
[8 INFO main 178446] Scout.Query -> Scout.GotoCenter | Drive to others reported pos
[8 INFO main 178743] Scout.GotoCenter -> Scout.Query | return to random walk
[8 INFO main 179449] Scout.Query -> Scout.GotoCenter | Drive to others reported pos
[8 INFO main 180144] Scout.GotoCenter -> Scout.Query | return to random walk
[8 INFO main 180551] Scout.Query -> Scout.GotoCenter | Drive to others reported pos
[8 INFO main 181648] Scout.GotoCenter -> Scout.Query | return to random walk
[8 INFO main 182652] Scout.Query -> Scout.GotoCenter | Drive to others reported pos
[8 INFO main 185455] Scout.GotoCenter -> Scout.Query | return to random walk
[8 INFO main 185662] Scout.Query -> Scout.GotoCenter | Drive to others reported pos
[8 INFO main 186955] Scout.GotoCenter -> Scout.Query | return to random walk
[8 INFO main 187859] Scout.Query -> Scout.GotoCenter | Drive to others reported pos
[8 INFO main 188056] Scout.GotoCenter -> Scout.Query | return to random walk
[8 INFO main 188861] Scout.Query -> Scout.GotoCenter | Drive to others reported pos
[8 INFO main 189058] Scout.GotoCenter -> Scout.Query | return to random walk
