[7 INFO main 27] Initialising Python Geth Console...
[7 INFO main 32] Initialising RandB board...
[7 INFO main 32] Initialising navigation...
[7 INFO main 32] Initialising random-walk...
[7 INFO main 32] Initialising odometry...
[7 INFO main 32] Initialising ground-sensors...
[7 INFO main 494] --//-- Starting Experiment --//--
[7 INFO main 1903] Idle.IDLE -> Scout.Query | Duration: 27.69
[7 INFO main 22037] Scout.Query -> Scout.PrepSend | Homing
[7 INFO main 22193] Scout.PrepSend -> Verify.Homing | Homing
[7 INFO main 35670] Verify.Homing -> Scout.Query | Arrived home
[7 INFO main 45531] Confirming: 3/9
[7 INFO main 59887] Confirming: 4/9
[7 INFO main 61950] Confirming: 5/9
[7 INFO main 64022] Confirming: 6/9
[7 INFO main 66116] Confirming: 7/9
[7 INFO main 68180] Confirming: 8/9
[7 INFO main 70279] Confirming: 10/9
[7 INFO main 70306] Scout.Query -> Verify.DriveTo | Go to unverified source
[7 INFO main 124666] Verify.DriveTo -> Verify.Homing | Homing
[7 INFO main 145625] Verify.Homing -> Scout.Query | Arrived home
[7 INFO main 151704] Confirming: 1/9
[7 INFO main 153902] Confirming: 2/9
[7 INFO main 155859] Confirming: 3/9
[7 INFO main 157988] Confirming: 4/9
[7 INFO main 160074] Confirming: 6/9
[7 INFO main 162115] Confirming: 7/9
[7 INFO main 164187] Confirming: 8/9
[7 INFO main 166324] Confirming: 9/9
[7 INFO main 167303] Scout.Query -> Verify.DriveTo | Go to unverified source
[7 INFO main 172163] Verify.DriveTo -> Verify.Homing | Homing
[7 INFO main 178635] Verify.Homing -> Scout.Query | Arrived home
[7 INFO main 180686] Confirming: 1/9
[7 INFO main 182700] Confirming: 2/9
[7 INFO main 184729] Confirming: 3/9
[7 INFO main 186905] Confirming: 4/9
[7 INFO main 188929] Confirming: 5/9
[7 INFO main 191014] Confirming: 6/9
[7 INFO main 193076] Confirming: 7/9
[7 INFO main 195130] Confirming: 8/9
[7 INFO main 197172] Confirming: 9/9
[7 INFO main 198043] Scout.Query -> Verify.DriveTo | Go to unverified source
[7 INFO main 233182] Verify.DriveTo -> Verify.Homing | Homing
[7 INFO main 241925] Confirming: 1/9
[7 INFO main 244316] Confirming: 3/9
[7 INFO main 246611] Confirming: 4/9
[7 INFO main 248599] Confirming: 5/9
[7 INFO main 250644] Confirming: 6/9
[7 INFO main 252740] Confirming: 7/9
[7 INFO main 254782] Confirming: 8/9
[7 INFO main 256942] Confirming: 9/9
[7 INFO main 257173] Verify.Homing -> Scout.Query | Arrived home
[7 INFO main 257294] Scout.Query -> Verify.DriveTo | Go to unverified source
[7 INFO main 289786] Verify.DriveTo -> Verify.Homing | Homing
[7 INFO main 330836] Confirming: 1/9
[7 INFO main 332902] Confirming: 2/9
[7 INFO main 334220] Verify.Homing -> Scout.Query | Arrived home
[7 INFO main 334972] Confirming: 3/9
[7 INFO main 337135] Confirming: 4/9
[7 INFO main 339197] Confirming: 5/9
[7 INFO main 341289] Confirming: 6/9
[7 INFO main 343324] Confirming: 7/9
[7 INFO main 345399] Confirming: 8/9
[7 INFO main 347431] Confirming: 9/9
[7 INFO main 347463] Scout.Query -> Verify.DriveTo | Go to unverified source
[7 INFO main 395398] Verify.DriveTo -> Verify.Homing | Homing
[7 INFO main 415277] Verify.Homing -> Scout.Query | Arrived home
[7 INFO main 422476] Confirming: 2/9
[7 INFO main 426542] Confirming: 4/9
[7 INFO main 428645] Confirming: 5/9
[7 INFO main 430831] Confirming: 6/9
[7 INFO main 432906] Confirming: 7/9
[7 INFO main 434996] Confirming: 8/9
[7 INFO main 437032] Confirming: 9/9
[7 INFO main 437201] Scout.Query -> Verify.DriveTo | Go to unverified source
[7 INFO main 465632] Verify.DriveTo -> Verify.Homing | Homing
[7 INFO main 496629] Confirming: 1/9
[7 INFO main 498647] Confirming: 2/9
[7 INFO main 500710] Confirming: 3/9
[7 INFO main 502890] Confirming: 4/9
[7 INFO main 505347] Confirming: 5/9
[7 INFO main 507362] Confirming: 6/9
[7 INFO main 509369] Confirming: 7/9
[7 INFO main 511436] Confirming: 8/9
[7 INFO main 513511] Confirming: 9/9
[7 INFO main 523256] Verify.Homing -> Scout.Query | Arrived home
[7 INFO main 523456] Scout.Query -> Verify.DriveTo | Go to unverified source
[7 INFO main 557960] Verify.DriveTo -> Verify.Homing | Homing
[7 INFO main 570437] Confirming: 1/9
[7 INFO main 572496] Confirming: 2/9
[7 INFO main 574552] Confirming: 3/9
[7 INFO main 576628] Confirming: 4/9
[7 INFO main 578727] Confirming: 5/9
[7 INFO main 580783] Confirming: 6/9
[7 INFO main 582860] Confirming: 7/9
[7 INFO main 583030] Verify.Homing -> Scout.Query | Arrived home
[7 INFO main 584909] Confirming: 8/9
[7 INFO main 586969] Confirming: 9/9
[7 INFO main 587437] Scout.Query -> Verify.DriveTo | Go to unverified source
[7 INFO main 629345] Verify.DriveTo -> Verify.Homing | Homing
[7 INFO main 646025] Confirming: 1/9
[7 INFO main 648030] Confirming: 2/9
[7 INFO main 650063] Confirming: 4/9
[7 INFO main 652074] Confirming: 5/9
[7 INFO main 652403] Verify.Homing -> Scout.Query | Arrived home
[7 INFO main 654148] Confirming: 6/9
[7 INFO main 656118] Confirming: 7/9
[7 INFO main 658145] Confirming: 8/9
[7 INFO main 660240] Confirming: 9/9
[7 INFO main 660271] Scout.Query -> Verify.DriveTo | Go to unverified source
[7 INFO main 742351] Verify.DriveTo -> Verify.Homing | Homing
[7 INFO main 750661] Confirming: 1/9
[7 INFO main 752771] Confirming: 2/9
[7 INFO main 754948] Confirming: 3/9
[7 INFO main 756977] Confirming: 4/9
[7 INFO main 759051] Confirming: 5/9
[7 INFO main 761061] Confirming: 6/9
[7 INFO main 763137] Confirming: 7/9
[7 INFO main 765229] Confirming: 8/9
[7 INFO main 767271] Confirming: 9/9
[7 INFO main 772219] Verify.Homing -> Scout.Query | Arrived home
[7 INFO main 772356] Scout.Query -> Verify.DriveTo | Go to unverified source
[7 INFO main 828838] Verify.DriveTo -> Verify.Homing | Homing
[7 INFO main 841260] Confirming: 1/9
[7 INFO main 843354] Confirming: 2/9
[7 INFO main 845621] Confirming: 3/9
[7 INFO main 847674] Confirming: 4/9
[7 INFO main 849733] Confirming: 5/9
[7 INFO main 851774] Confirming: 6/9
[7 INFO main 853819] Confirming: 7/9
[7 INFO main 855844] Confirming: 8/9
[7 INFO main 857908] Confirming: 9/9
[7 INFO main 894420] Verify.Homing -> Scout.Query | Arrived home
[7 INFO main 894552] Scout.Query -> Verify.DriveTo | Go to unverified source
[7 INFO main 974419] Verify.DriveTo -> Verify.Homing | Homing
[7 INFO main 991142] Confirming: 1/9
[7 INFO main 995161] Confirming: 3/9
[7 INFO main 997238] Confirming: 4/9
[7 INFO main 998158] Verify.Homing -> Scout.Query | Arrived home
[7 INFO main 999404] Confirming: 5/9
[7 INFO main 1001420] Confirming: 6/9
[7 INFO main 1003416] Confirming: 7/9
[7 INFO main 1005506] Confirming: 8/9
[7 INFO main 1007547] Confirming: 9/9
[7 INFO main 1008449] Scout.Query -> Verify.DriveTo | Go to unverified source
[7 INFO main 1073936] Verify.DriveTo -> Verify.Homing | Homing
[7 INFO main 1080074] Confirming: 1/9
[7 INFO main 1082169] Confirming: 2/9
[7 INFO main 1084299] Confirming: 3/9
[7 INFO main 1086324] Confirming: 4/9
[7 INFO main 1090404] Confirming: 6/9
[7 INFO main 1092436] Confirming: 7/9
[7 INFO main 1094509] Confirming: 8/9
[7 INFO main 1096603] Confirming: 9/9
[7 INFO main 1112161] Verify.Homing -> Scout.Query | Arrived home
[7 INFO main 1112590] Scout.Query -> Verify.DriveTo | Go to unverified source
[7 INFO main 1153721] Verify.DriveTo -> Verify.Homing | Homing
[7 INFO main 1170252] Confirming: 1/9
[7 INFO main 1172401] Confirming: 2/9
[7 INFO main 1176582] Confirming: 4/9
[7 INFO main 1176953] Verify.Homing -> Scout.Query | Arrived home
[7 INFO main 1178622] Confirming: 5/9
[7 INFO main 1180631] Confirming: 6/9
[7 INFO main 1182772] Confirming: 7/9
[7 INFO main 1184798] Confirming: 8/9
[7 INFO main 1186873] Confirming: 9/9
[7 INFO main 1186975] Scout.Query -> Verify.DriveTo | Go to unverified source
[7 INFO main 1255845] Verify.DriveTo -> Verify.Homing | Homing
[7 INFO main 1262143] Confirming: 1/9
[7 INFO main 1264167] Confirming: 3/9
[7 INFO main 1266190] Confirming: 4/9
[7 INFO main 1268259] Confirming: 5/9
[7 INFO main 1270343] Confirming: 6/9
[7 INFO main 1272413] Confirming: 7/9
[7 INFO main 1274419] Confirming: 8/9
[7 INFO main 1276416] Confirming: 9/9
[7 INFO main 1277740] Verify.Homing -> Scout.Query | Arrived home
[7 INFO main 1277772] Scout.Query -> Verify.DriveTo | Go to unverified source
[7 INFO main 1314159] Verify.DriveTo -> Verify.Homing | Homing
[7 INFO main 1322365] Confirming: 2/9
[7 INFO main 1324453] Confirming: 3/9
[7 INFO main 1326776] Confirming: 4/9
[7 INFO main 1330831] Confirming: 6/9
[7 INFO main 1332830] Confirming: 7/9
[7 INFO main 1334978] Confirming: 8/9
[7 INFO main 1337037] Confirming: 9/9
[7 INFO main 1346189] Verify.Homing -> Scout.Query | Arrived home
[7 INFO main 1346533] Scout.Query -> Verify.DriveTo | Go to unverified source
[7 INFO main 1394039] Verify.DriveTo -> Verify.Homing | Homing
[7 INFO main 1410544] Confirming: 1/9
[7 INFO main 1414675] Confirming: 3/9
[7 INFO main 1416702] Confirming: 4/9
[7 INFO main 1418774] Confirming: 5/9
[7 INFO main 1420860] Confirming: 6/9
[7 INFO main 1422819] Confirming: 7/9
[7 INFO main 1424851] Confirming: 8/9
[7 INFO main 1427062] Confirming: 9/9
[7 INFO main 1427602] Verify.Homing -> Scout.Query | Arrived home
[7 INFO main 1427670] Scout.Query -> Verify.DriveTo | Go to unverified source
[7 INFO main 1464148] Verify.DriveTo -> Verify.Homing | Homing
[7 INFO main 1476537] Confirming: 1/9
[7 INFO main 1478588] Confirming: 2/9
[7 INFO main 1480711] Confirming: 3/9
[7 INFO main 1482902] Confirming: 4/9
[7 INFO main 1484701] Verify.Homing -> Scout.Query | Arrived home
[7 INFO main 1485095] Confirming: 5/9
[7 INFO main 1487183] Confirming: 6/9
[7 INFO main 1489288] Confirming: 7/9
[7 INFO main 1491273] Confirming: 8/9
[7 INFO main 1493400] Confirming: 9/9
[7 INFO main 1493572] Scout.Query -> Verify.DriveTo | Go to unverified source
[7 INFO main 1571716] Verify.DriveTo -> Verify.Homing | Homing
[7 INFO main 1590278] Confirming: 1/9
[7 INFO main 1592297] Confirming: 2/9
[7 INFO main 1594499] Confirming: 4/9
[7 INFO main 1596666] Confirming: 5/9
[7 INFO main 1599944] Verify.Homing -> Scout.Query | Arrived home
[7 INFO main 1600803] Confirming: 7/9
[7 INFO main 1602910] Confirming: 8/9
[7 INFO main 1605055] Confirming: 9/9
[7 INFO main 1605529] Scout.Query -> Verify.DriveTo | Go to unverified source
[7 INFO main 1623706] Verify.DriveTo -> Verify.Homing | Homing
[7 INFO main 1643818] Verify.Homing -> Scout.Query | Arrived home
[7 INFO main 1663286] Confirming: 5/9
[7 INFO main 1665350] Confirming: 6/9
[7 INFO main 1667367] Confirming: 7/9
[7 INFO main 1669390] Confirming: 8/9
[7 INFO main 1671456] Confirming: 9/9
[7 INFO main 1671499] Scout.Query -> Verify.DriveTo | Go to unverified source
[7 INFO main 1756351] Verify.DriveTo -> Verify.Homing | Homing
[7 INFO main 1771276] Confirming: 1/9
[7 INFO main 1773365] Confirming: 2/9
[7 INFO main 1777614] Confirming: 4/9
[7 INFO main 1779344] Verify.Homing -> Scout.Query | Arrived home
[7 INFO main 1779662] Confirming: 5/9
[7 INFO main 1781752] Confirming: 6/9
[7 INFO main 1783831] Confirming: 7/9
[7 INFO main 1785931] Confirming: 8/9
[7 INFO main 1787977] Confirming: 9/9
[7 INFO main 1788451] Scout.Query -> Verify.DriveTo | Go to unverified source
