[6 INFO main 27] Initialising Python Geth Console...
[6 INFO main 32] Initialising RandB board...
[6 INFO main 32] Initialising navigation...
[6 INFO main 32] Initialising random-walk...
[6 INFO main 32] Initialising odometry...
[6 INFO main 32] Initialising ground-sensors...
[6 INFO main 634] --//-- Starting Experiment --//--
[6 INFO main 2027] Idle.IDLE -> Scout.Query | Duration: 30.29
[6 INFO main 23333] Scout.Query -> Verify.DriveTo | Go to unverified source
[6 INFO main 66706] Verify.DriveTo -> Verify.Homing | Homing
[6 INFO main 88914] Verify.Homing -> Scout.Query | Arrived home
[6 INFO main 89351] Confirming: 1/9
[6 INFO main 91427] Confirming: 2/9
[6 INFO main 93656] Confirming: 3/9
[6 INFO main 95759] Confirming: 4/9
[6 INFO main 97768] Confirming: 5/9
[6 INFO main 99839] Confirming: 6/9
[6 INFO main 101905] Confirming: 7/9
[6 INFO main 103989] Confirming: 9/9
[6 INFO main 104276] Scout.Query -> Verify.DriveTo | Go to unverified source
[6 INFO main 178755] Verify.DriveTo -> Verify.Homing | Homing
[6 INFO main 189495] Confirming: 1/9
[6 INFO main 191496] Confirming: 2/9
[6 INFO main 193537] Confirming: 3/9
[6 INFO main 195565] Confirming: 4/9
[6 INFO main 197671] Confirming: 5/9
[6 INFO main 199756] Confirming: 6/9
[6 INFO main 201831] Confirming: 7/9
[6 INFO main 203919] Confirming: 9/9
[6 INFO main 230135] Verify.Homing -> Scout.Query | Arrived home
[6 INFO main 230260] Scout.Query -> Verify.DriveTo | Go to unverified source
[6 INFO main 265508] Verify.DriveTo -> Verify.Homing | Homing
[6 INFO main 278209] Confirming: 1/9
[6 INFO main 280158] Confirming: 2/9
[6 INFO main 282344] Confirming: 3/9
[6 INFO main 284502] Confirming: 4/9
[6 INFO main 286539] Confirming: 5/9
[6 INFO main 288188] Verify.Homing -> Scout.Query | Arrived home
[6 INFO main 288563] Confirming: 6/9
[6 INFO main 290606] Confirming: 7/9
[6 INFO main 292639] Confirming: 8/9
[6 INFO main 294843] Confirming: 9/9
[6 INFO main 295593] Scout.Query -> Verify.DriveTo | Go to unverified source
[6 INFO main 341217] Verify.DriveTo -> Verify.Homing | Homing
[6 INFO main 366485] Verify.Homing -> Scout.Query | Arrived home
[6 INFO main 368234] Confirming: 1/9
[6 INFO main 370250] Confirming: 2/9
[6 INFO main 372445] Confirming: 3/9
[6 INFO main 374498] Confirming: 4/9
[6 INFO main 378620] Confirming: 6/9
[6 INFO main 380663] Confirming: 7/9
[6 INFO main 382737] Confirming: 8/9
[6 INFO main 384796] Confirming: 9/9
[6 INFO main 385253] Scout.Query -> Verify.DriveTo | Go to unverified source
[6 INFO main 410206] Verify.DriveTo -> Verify.Homing | Homing
[6 INFO main 428941] Confirming: 1/9
[6 INFO main 430940] Confirming: 2/9
[6 INFO main 433029] Confirming: 3/9
[6 INFO main 435087] Confirming: 4/9
[6 INFO main 437088] Confirming: 5/9
[6 INFO main 437089] Verify.Homing -> Scout.Query | Arrived home
[6 INFO main 439208] Confirming: 6/9
[6 INFO main 441274] Confirming: 7/9
[6 INFO main 443307] Confirming: 8/9
[6 INFO main 445359] Confirming: 9/9
[6 INFO main 445581] Scout.Query -> Verify.DriveTo | Go to unverified source
[6 INFO main 487063] Verify.DriveTo -> Verify.Homing | Homing
[6 INFO main 518117] Confirming: 1/9
[6 INFO main 520122] Confirming: 2/9
[6 INFO main 524245] Confirming: 4/9
[6 INFO main 526315] Confirming: 5/9
[6 INFO main 528400] Confirming: 6/9
[6 INFO main 532560] Confirming: 8/9
[6 INFO main 534120] Verify.Homing -> Scout.Query | Arrived home
[6 INFO main 534562] Confirming: 9/9
[6 INFO main 535323] Scout.Query -> Verify.DriveTo | Go to unverified source
[6 INFO main 580232] Verify.DriveTo -> Verify.Homing | Homing
[6 INFO main 595948] Verify.Homing -> Scout.Query | Arrived home
[6 INFO main 596707] Confirming: 1/9
[6 INFO main 598841] Confirming: 2/9
[6 INFO main 600880] Confirming: 3/9
[6 INFO main 602952] Confirming: 4/9
[6 INFO main 604990] Confirming: 5/9
[6 INFO main 607153] Confirming: 6/9
[6 INFO main 609232] Confirming: 7/9
[6 INFO main 611260] Confirming: 8/9
[6 INFO main 613291] Confirming: 9/9
[6 INFO main 613323] Scout.Query -> Verify.DriveTo | Go to unverified source
[6 INFO main 648945] Verify.DriveTo -> Verify.Homing | Homing
[6 INFO main 669729] Confirming: 1/9
[6 INFO main 670014] Verify.Homing -> Scout.Query | Arrived home
[6 INFO main 671861] Confirming: 2/9
[6 INFO main 673924] Confirming: 4/9
[6 INFO main 676002] Confirming: 5/9
[6 INFO main 680126] Confirming: 7/9
[6 INFO main 682174] Confirming: 8/9
[6 INFO main 684305] Confirming: 9/9
[6 INFO main 684347] Scout.Query -> Verify.DriveTo | Go to unverified source
[6 INFO main 733466] Verify.DriveTo -> Verify.Homing | Homing
[6 INFO main 758288] Confirming: 1/9
[6 INFO main 760302] Confirming: 2/9
[6 INFO main 762661] Confirming: 3/9
[6 INFO main 763119] Verify.Homing -> Scout.Query | Arrived home
[6 INFO main 764699] Confirming: 4/9
[6 INFO main 766744] Confirming: 5/9
[6 INFO main 768806] Confirming: 6/9
[6 INFO main 770837] Confirming: 7/9
[6 INFO main 772884] Confirming: 8/9
[6 INFO main 774927] Confirming: 9/9
[6 INFO main 775089] Scout.Query -> Verify.DriveTo | Go to unverified source
[6 INFO main 785671] Verify.DriveTo -> Verify.Homing | Homing
[6 INFO main 794101] Verify.Homing -> Scout.Query | Arrived home
[6 INFO main 818845] Confirming: 1/9
[6 INFO main 820886] Confirming: 2/9
[6 INFO main 823029] Confirming: 3/9
[6 INFO main 825046] Confirming: 4/9
[6 INFO main 827076] Confirming: 5/9
[6 INFO main 829081] Confirming: 6/9
[6 INFO main 831096] Confirming: 7/9
[6 INFO main 833112] Confirming: 8/9
[6 INFO main 835269] Confirming: 9/9
[6 INFO main 836036] Scout.Query -> Verify.DriveTo | Go to unverified source
[6 INFO main 858486] Verify.DriveTo -> Verify.Homing | Homing
[6 INFO main 872848] Confirming: 1/9
[6 INFO main 874935] Confirming: 2/9
[6 INFO main 876967] Confirming: 3/9
[6 INFO main 879013] Confirming: 4/9
[6 INFO main 881184] Confirming: 5/9
[6 INFO main 883246] Confirming: 6/9
[6 INFO main 885259] Confirming: 7/9
[6 INFO main 885632] Verify.Homing -> Scout.Query | Arrived home
[6 INFO main 887325] Confirming: 8/9
[6 INFO main 889357] Confirming: 9/9
[6 INFO main 890024] Scout.Query -> Verify.DriveTo | Go to unverified source
[6 INFO main 919433] Verify.DriveTo -> Verify.Homing | Homing
[6 INFO main 938281] Confirming: 1/9
[6 INFO main 940315] Confirming: 2/9
[6 INFO main 942387] Confirming: 3/9
[6 INFO main 944543] Confirming: 4/9
[6 INFO main 946550] Confirming: 5/9
[6 INFO main 948643] Confirming: 6/9
[6 INFO main 948829] Verify.Homing -> Scout.Query | Arrived home
[6 INFO main 950668] Confirming: 7/9
[6 INFO main 952937] Confirming: 8/9
[6 INFO main 954861] Confirming: 9/9
[6 INFO main 955377] Scout.Query -> Verify.DriveTo | Go to unverified source
[6 INFO main 1000492] Verify.DriveTo -> Verify.Homing | Homing
[6 INFO main 1025268] Verify.Homing -> Scout.Query | Arrived home
[6 INFO main 1029406] Confirming: 1/9
[6 INFO main 1031449] Confirming: 2/9
[6 INFO main 1033522] Confirming: 3/9
[6 INFO main 1035547] Confirming: 4/9
[6 INFO main 1039571] Confirming: 6/9
[6 INFO main 1041659] Confirming: 7/9
[6 INFO main 1043676] Confirming: 8/9
[6 INFO main 1045790] Confirming: 9/9
[6 INFO main 1046491] Scout.Query -> Verify.DriveTo | Go to unverified source
[6 INFO main 1080377] Verify.DriveTo -> Verify.Homing | Homing
[6 INFO main 1088649] Confirming: 1/9
[6 INFO main 1090671] Confirming: 2/9
[6 INFO main 1092723] Confirming: 3/9
[6 INFO main 1094734] Confirming: 4/9
[6 INFO main 1098915] Confirming: 5/9
[6 INFO main 1101044] Confirming: 6/9
[6 INFO main 1103628] Verify.Homing -> Scout.Query | Arrived home
[6 INFO main 1109334] Confirming: 10/9
[6 INFO main 1109424] Scout.Query -> Verify.DriveTo | Go to unverified source
[6 INFO main 1222292] Verify.DriveTo -> Verify.Homing | Homing
[6 INFO main 1238999] Confirming: 1/9
[6 INFO main 1241144] Confirming: 2/9
[6 INFO main 1241923] Verify.Homing -> Scout.Query | Arrived home
[6 INFO main 1243180] Confirming: 3/9
[6 INFO main 1245243] Confirming: 4/9
[6 INFO main 1247279] Confirming: 5/9
[6 INFO main 1249343] Confirming: 6/9
[6 INFO main 1251357] Confirming: 7/9
[6 INFO main 1253345] Confirming: 8/9
[6 INFO main 1255419] Confirming: 9/9
[6 INFO main 1256118] Scout.Query -> Verify.DriveTo | Go to unverified source
[6 INFO main 1321707] Verify.DriveTo -> Verify.Homing | Homing
[6 INFO main 1329875] Confirming: 1/9
[6 INFO main 1331969] Confirming: 3/9
[6 INFO main 1336124] Confirming: 5/9
[6 INFO main 1338141] Confirming: 6/9
[6 INFO main 1340194] Confirming: 7/9
[6 INFO main 1342292] Confirming: 8/9
[6 INFO main 1344348] Confirming: 9/9
[6 INFO main 1347375] Verify.Homing -> Scout.Query | Arrived home
[6 INFO main 1347517] Scout.Query -> Verify.DriveTo | Go to unverified source
[6 INFO main 1379045] Verify.DriveTo -> Verify.Homing | Homing
[6 INFO main 1389414] Confirming: 1/9
[6 INFO main 1391419] Confirming: 2/9
[6 INFO main 1393486] Confirming: 3/9
[6 INFO main 1395597] Confirming: 4/9
[6 INFO main 1397765] Confirming: 5/9
[6 INFO main 1400066] Confirming: 6/9
[6 INFO main 1402193] Confirming: 8/9
[6 INFO main 1402983] Verify.Homing -> Scout.Query | Arrived home
[6 INFO main 1406351] Confirming: 10/9
[6 INFO main 1406387] Scout.Query -> Verify.DriveTo | Go to unverified source
[6 INFO main 1457115] Verify.DriveTo -> Verify.Homing | Homing
[6 INFO main 1473408] Verify.Homing -> Scout.Query | Arrived home
[6 INFO main 1480081] Confirming: 2/9
[6 INFO main 1484168] Confirming: 4/9
[6 INFO main 1486244] Confirming: 5/9
[6 INFO main 1488323] Confirming: 6/9
[6 INFO main 1490460] Confirming: 7/9
[6 INFO main 1492496] Confirming: 8/9
[6 INFO main 1494559] Confirming: 9/9
[6 INFO main 1494869] Scout.Query -> Verify.DriveTo | Go to unverified source
[6 INFO main 1520218] Verify.DriveTo -> Verify.Homing | Homing
[6 INFO main 1547892] Verify.Homing -> Scout.Query | Arrived home
[6 INFO main 1569785] Confirming: 1/9
[6 INFO main 1571900] Confirming: 2/9
[6 INFO main 1574063] Confirming: 4/9
[6 INFO main 1578223] Confirming: 5/9
[6 INFO main 1580263] Confirming: 6/9
[6 INFO main 1582399] Confirming: 7/9
[6 INFO main 1584411] Confirming: 8/9
[6 INFO main 1586457] Confirming: 10/9
[6 INFO main 1586816] Scout.Query -> Verify.DriveTo | Go to unverified source
[6 INFO main 1624601] Verify.DriveTo -> Verify.Homing | Homing
[6 INFO main 1647350] Confirming: 1/9
[6 INFO main 1649359] Confirming: 2/9
[6 INFO main 1651417] Confirming: 3/9
[6 INFO main 1652992] Verify.Homing -> Scout.Query | Arrived home
[6 INFO main 1653373] Confirming: 4/9
[6 INFO main 1655529] Confirming: 5/9
[6 INFO main 1657604] Confirming: 6/9
[6 INFO main 1659659] Confirming: 7/9
[6 INFO main 1661723] Confirming: 8/9
[6 INFO main 1663814] Confirming: 9/9
[6 INFO main 1664786] Scout.Query -> Verify.DriveTo | Go to unverified source
[6 INFO main 1712949] Verify.DriveTo -> Verify.Homing | Homing
[6 INFO main 1719422] Confirming: 1/9
[6 INFO main 1721485] Confirming: 2/9
[6 INFO main 1723515] Confirming: 3/9
[6 INFO main 1725639] Confirming: 4/9
[6 INFO main 1727757] Confirming: 5/9
[6 INFO main 1729771] Confirming: 6/9
[6 INFO main 1731835] Confirming: 7/9
[6 INFO main 1733875] Confirming: 8/9
[6 INFO main 1735957] Confirming: 10/9
[6 INFO main 1740909] Verify.Homing -> Scout.Query | Arrived home
[6 INFO main 1740955] Scout.Query -> Verify.DriveTo | Go to unverified source
[6 INFO main 1778143] Verify.DriveTo -> Verify.Homing | Homing
[6 INFO main 1798308] Verify.Homing -> Scout.Query | Arrived home
