[11 INFO main 30] Initialising Python Geth Console...
[11 INFO main 34] Initialising RandB board...
[11 INFO main 34] Initialising navigation...
[11 INFO main 34] Initialising random-walk...
[11 INFO main 34] Initialising odometry...
[11 INFO main 34] Initialising ground-sensors...
[11 INFO main 411] --//-- Starting Experiment --//--
[11 INFO main 1513] Idle.IDLE -> Scout.Query | Duration: 20.07
[11 INFO main 41772] Scout.Query -> Scout.GotoCenter | Drive to others reported pos
[11 INFO main 61493] Scout.GotoCenter -> Scout.Query | return to random walk
[11 INFO main 61797] Scout.Query -> Scout.GotoCenter | Drive to others reported pos
[11 INFO main 62996] Scout.GotoCenter -> Scout.Query | return to random walk
[11 INFO main 64001] Scout.Query -> Scout.GotoCenter | Drive to others reported pos
[11 INFO main 65793] Scout.GotoCenter -> Scout.Query | return to random walk
[11 INFO main 66100] Scout.Query -> Scout.GotoCenter | Drive to others reported pos
[11 INFO main 68804] Scout.GotoCenter -> Scout.Query | return to random walk
[11 INFO main 69306] Scout.Query -> Scout.GotoCenter | Drive to others reported pos
[11 INFO main 71000] Scout.GotoCenter -> Scout.Query | return to random walk
[11 INFO main 71408] Scout.Query -> Scout.GotoCenter | Drive to others reported pos
[11 INFO main 73805] Scout.GotoCenter -> Scout.Query | return to random walk
[11 INFO main 74599] Scout.Query -> Scout.GotoCenter | Drive to others reported pos
[11 INFO main 76308] Scout.GotoCenter -> Scout.Query | return to random walk
[11 INFO main 76714] Scout.Query -> Scout.GotoCenter | Drive to others reported pos
[11 INFO main 77310] Scout.GotoCenter -> Scout.Query | return to random walk
