[9 INFO main 29] Initialising Python Geth Console...
[9 INFO main 33] Initialising RandB board...
[9 INFO main 33] Initialising navigation...
[9 INFO main 33] Initialising random-walk...
[9 INFO main 33] Initialising odometry...
[9 INFO main 33] Initialising ground-sensors...
[9 INFO main 391] --//-- Starting Experiment --//--
[9 INFO main 1490] Idle.IDLE -> Scout.Query | Duration: 23.20
[9 INFO main 51159] Scout.Query -> Scout.GotoCenter | Drive to others reported pos
[9 INFO main 86480] Scout.GotoCenter -> Scout.Query | return to random walk
[9 INFO main 105013] Confirming: 1/8
[9 INFO main 107104] Confirming: 2/8
[9 INFO main 109111] Confirming: 3/8
[9 INFO main 111098] Confirming: 4/8
[9 INFO main 113135] Confirming: 5/8
[9 INFO main 115339] Confirming: 7/8
[9 INFO main 119540] Confirming: 9/8
[9 INFO main 122370] Scout.Query -> Scout.GotoCenter | Drive to others reported pos
[9 INFO main 161805] Scout.GotoCenter -> Scout.Query | return to random walk
[9 INFO main 194654] Confirming: 1/8
[9 INFO main 196785] Confirming: 2/8
[9 INFO main 198801] Confirming: 3/8
[9 INFO main 200845] Confirming: 4/8
[9 INFO main 202997] Confirming: 5/8
[9 INFO main 205025] Confirming: 6/8
[9 INFO main 207037] Confirming: 7/8
[9 INFO main 209100] Confirming: 8/8
[9 INFO main 638349] Scout.Query -> Scout.GotoCenter | Drive to others reported pos
[9 INFO main 650347] Scout.GotoCenter -> Scout.Query | return to random walk
[9 INFO main 662669] Confirming: 1/8
[9 INFO main 664641] Confirming: 2/8
[9 INFO main 666745] Confirming: 3/8
[9 INFO main 670793] Confirming: 5/8
[9 INFO main 672892] Confirming: 6/8
[9 INFO main 674933] Confirming: 7/8
[9 INFO main 677011] Confirming: 8/8
[9 INFO main 680906] Scout.Query -> Scout.GotoCenter | Drive to others reported pos
[9 INFO main 774777] Scout.GotoCenter -> Scout.Query | return to random walk
[9 INFO main 783108] Confirming: 1/8
[9 INFO main 785125] Confirming: 2/8
[9 INFO main 787221] Confirming: 3/8
[9 INFO main 789305] Confirming: 4/8
[9 INFO main 791348] Confirming: 5/8
[9 INFO main 793396] Confirming: 6/8
[9 INFO main 795424] Confirming: 7/8
[9 INFO main 799507] Confirming: 9/8
[9 INFO main 889000] Scout.Query -> Scout.GotoCenter | Drive to others reported pos
[9 INFO main 921062] Scout.GotoCenter -> Scout.Query | return to random walk
[9 INFO main 960187] Confirming: 1/8
[9 INFO main 962295] Confirming: 2/8
[9 INFO main 964353] Confirming: 3/8
[9 INFO main 966488] Confirming: 4/8
[9 INFO main 968569] Confirming: 6/8
[9 INFO main 970585] Confirming: 7/8
[9 INFO main 972668] Confirming: 8/8
[9 INFO main 977209] Scout.Query -> Scout.GotoCenter | Drive to others reported pos
[9 INFO main 1013867] Scout.GotoCenter -> Scout.Query | return to random walk
[9 INFO main 1044877] Confirming: 1/8
[9 INFO main 1061189] Confirming: 2/8
[9 INFO main 1063329] Confirming: 3/8
[9 INFO main 1069485] Confirming: 6/8
[9 INFO main 1071536] Confirming: 7/8
[9 INFO main 1073573] Confirming: 8/8
[9 INFO main 1074787] Scout.Query -> Scout.GotoCenter | Drive to others reported pos
[9 INFO main 1172832] Scout.GotoCenter -> Scout.Query | return to random walk
[9 INFO main 1187441] Confirming: 1/8
[9 INFO main 1189453] Confirming: 2/8
[9 INFO main 1191523] Confirming: 3/8
[9 INFO main 1193593] Confirming: 4/8
[9 INFO main 1195645] Confirming: 5/8
[9 INFO main 1197644] Confirming: 6/8
[9 INFO main 1199721] Confirming: 7/8
[9 INFO main 1201792] Confirming: 8/8
[9 INFO main 1294160] Scout.Query -> Scout.GotoCenter | Drive to others reported pos
[9 INFO main 1359834] Scout.GotoCenter -> Scout.Query | return to random walk
[9 INFO main 1374689] Confirming: 1/8
[9 INFO main 1376724] Confirming: 2/8
[9 INFO main 1378729] Confirming: 3/8
[9 INFO main 1380820] Confirming: 4/8
[9 INFO main 1382856] Confirming: 5/8
[9 INFO main 1384852] Confirming: 6/8
[9 INFO main 1386896] Confirming: 7/8
[9 INFO main 1388937] Confirming: 8/8
[9 INFO main 1390654] Scout.Query -> Scout.GotoCenter | Drive to others reported pos
[9 INFO main 1470639] Scout.GotoCenter -> Scout.Query | return to random walk
[9 INFO main 1495760] Confirming: 1/8
[9 INFO main 1497805] Confirming: 2/8
[9 INFO main 1499909] Confirming: 3/8
[9 INFO main 1501937] Confirming: 4/8
[9 INFO main 1503977] Confirming: 5/8
[9 INFO main 1506008] Confirming: 6/8
[9 INFO main 1508087] Confirming: 7/8
[9 INFO main 1510121] Confirming: 8/8
[9 INFO main 1511713] Scout.Query -> Scout.GotoCenter | Drive to others reported pos
[9 INFO main 1580396] Scout.GotoCenter -> Scout.Query | return to random walk
[9 INFO main 1603125] Confirming: 1/8
[9 INFO main 1607216] Confirming: 3/8
[9 INFO main 1609357] Confirming: 4/8
[9 INFO main 1613525] Confirming: 5/8
[9 INFO main 1615637] Confirming: 6/8
[9 INFO main 1617805] Confirming: 8/8
[9 INFO main 1666571] Scout.Query -> Scout.GotoCenter | Drive to others reported pos
[9 INFO main 1732350] Scout.GotoCenter -> Scout.Query | return to random walk
[9 INFO main 1757081] Confirming: 1/8
[9 INFO main 1759167] Confirming: 3/8
[9 INFO main 1761265] Confirming: 4/8
[9 INFO main 1763297] Confirming: 5/8
[9 INFO main 1765356] Confirming: 6/8
[9 INFO main 1769381] Confirming: 8/8
[9 INFO main 1773234] Scout.Query -> Scout.GotoCenter | Drive to others reported pos
[9 INFO main 1850983] Scout.GotoCenter -> Scout.Query | return to random walk
[9 INFO main 1876113] Confirming: 1/8
[9 INFO main 1878143] Confirming: 2/8
[9 INFO main 1882281] Confirming: 4/8
[9 INFO main 1886369] Confirming: 6/8
[9 INFO main 1888442] Confirming: 7/8
[9 INFO main 1890513] Confirming: 8/8
[9 INFO main 1891861] Scout.Query -> Scout.GotoCenter | Drive to others reported pos
[9 INFO main 1993713] Scout.GotoCenter -> Scout.Query | return to random walk
[9 INFO main 1997908] Confirming: 1/8
[9 INFO main 1999960] Confirming: 2/8
[9 INFO main 2001985] Confirming: 3/8
[9 INFO main 2004060] Confirming: 4/8
[9 INFO main 2006153] Confirming: 5/8
[9 INFO main 2010369] Confirming: 6/8
[9 INFO main 2012381] Confirming: 8/8
[9 INFO main 2104823] Scout.Query -> Scout.GotoCenter | Drive to others reported pos
[9 INFO main 2131594] Scout.GotoCenter -> Scout.Query | return to random walk
[9 INFO main 2152438] Confirming: 1/8
[9 INFO main 2154508] Confirming: 2/8
[9 INFO main 2156533] Confirming: 3/8
[9 INFO main 2158616] Confirming: 4/8
[9 INFO main 2160624] Confirming: 5/8
[9 INFO main 2162644] Confirming: 6/8
[9 INFO main 2164777] Confirming: 7/8
[9 INFO main 2168933] Confirming: 9/8
[9 INFO main 2333797] Confirming: 2/8
[9 INFO main 2335897] Confirming: 3/8
[9 INFO main 2337956] Confirming: 4/8
[9 INFO main 2339985] Confirming: 5/8
[9 INFO main 2344065] Confirming: 7/8
[9 INFO main 2348141] Confirming: 8/8
[9 INFO main 2349734] Scout.Query -> Scout.GotoCenter | Drive to others reported pos
[9 INFO main 2377595] Scout.GotoCenter -> Scout.Query | return to random walk
[9 INFO main 2396224] Confirming: 1/8
[9 INFO main 2398211] Confirming: 2/8
[9 INFO main 2400357] Confirming: 3/8
[9 INFO main 2402423] Confirming: 4/8
[9 INFO main 2404460] Confirming: 5/8
[9 INFO main 2406541] Confirming: 6/8
[9 INFO main 2408560] Confirming: 7/8
[9 INFO main 2410565] Confirming: 8/8
[9 INFO main 2725582] Scout.Query -> Scout.GotoCenter | Drive to others reported pos
[9 INFO main 2815711] Scout.GotoCenter -> Scout.Query | return to random walk
[9 INFO main 2836196] Confirming: 2/8
[9 INFO main 2838244] Confirming: 3/8
[9 INFO main 2840252] Confirming: 4/8
[9 INFO main 2842301] Confirming: 5/8
[9 INFO main 2844425] Confirming: 6/8
[9 INFO main 2846449] Confirming: 7/8
[9 INFO main 2848664] Confirming: 8/8
[9 INFO main 3049498] Scout.Query -> Scout.GotoCenter | Drive to others reported pos
[9 INFO main 3096450] Scout.GotoCenter -> Scout.Query | return to random walk
[9 INFO main 3131641] Confirming: 2/8
[9 INFO main 3133676] Confirming: 3/8
[9 INFO main 3135740] Confirming: 4/8
[9 INFO main 3139817] Confirming: 6/8
[9 INFO main 3141877] Confirming: 7/8
[9 INFO main 3145909] Confirming: 8/8
[9 INFO main 3379226] Scout.Query -> Scout.GotoCenter | Drive to others reported pos
[9 INFO main 3421504] Scout.GotoCenter -> Scout.Query | return to random walk
[9 INFO main 3429784] Confirming: 1/8
[9 INFO main 3431871] Confirming: 2/8
[9 INFO main 3433959] Confirming: 3/8
[9 INFO main 3435965] Confirming: 4/8
[9 INFO main 3437973] Confirming: 5/8
[9 INFO main 3439988] Confirming: 6/8
[9 INFO main 3441995] Confirming: 7/8
[9 INFO main 3444049] Confirming: 8/8
[9 INFO main 3446871] Scout.Query -> Scout.GotoCenter | Drive to others reported pos
[9 INFO main 3497197] Scout.GotoCenter -> Scout.Query | return to random walk
[9 INFO main 3519859] Confirming: 1/8
[9 INFO main 3521996] Confirming: 2/8
[9 INFO main 3524039] Confirming: 3/8
[9 INFO main 3526084] Confirming: 4/8
[9 INFO main 3528092] Confirming: 5/8
[9 INFO main 3530137] Confirming: 6/8
[9 INFO main 3532149] Confirming: 7/8
[9 INFO main 3534188] Confirming: 8/8
[9 INFO main 3798721] Scout.Query -> Scout.GotoCenter | Drive to others reported pos
[9 INFO main 3829090] Scout.GotoCenter -> Scout.Query | return to random walk
[9 INFO main 3874637] Confirming: 2/8
[9 INFO main 3876992] Confirming: 3/8
[9 INFO main 3879093] Confirming: 4/8
[9 INFO main 3881289] Confirming: 5/8
[9 INFO main 3883373] Confirming: 6/8
[9 INFO main 3885449] Confirming: 8/8
[9 INFO main 3890249] Scout.Query -> Scout.GotoCenter | Drive to others reported pos
[9 INFO main 4040484] Scout.GotoCenter -> Scout.Query | return to random walk
[9 INFO main 4067785] Confirming: 3/8
[9 INFO main 4069864] Confirming: 4/8
[9 INFO main 4071864] Confirming: 6/8
[9 INFO main 4073892] Confirming: 7/8
[9 INFO main 4075959] Confirming: 8/8
[9 INFO main 4116645] Scout.Query -> Scout.GotoCenter | Drive to others reported pos
[9 INFO main 4135988] Scout.GotoCenter -> Scout.Query | return to random walk
[9 INFO main 4144364] Confirming: 1/8
[9 INFO main 4146445] Confirming: 2/8
[9 INFO main 4148539] Confirming: 3/8
[9 INFO main 4150636] Confirming: 4/8
[9 INFO main 4152641] Confirming: 5/8
[9 INFO main 4154644] Confirming: 6/8
[9 INFO main 4156660] Confirming: 7/8
[9 INFO main 4158689] Confirming: 8/8
[9 INFO main 5678037] Scout.Query -> Scout.GotoCenter | Drive to others reported pos
[9 INFO main 5729090] Scout.GotoCenter -> Scout.Query | return to random walk
[9 INFO main 5758150] Confirming: 1/8
[9 INFO main 5760263] Confirming: 2/8
[9 INFO main 5762356] Confirming: 3/8
[9 INFO main 5764396] Confirming: 4/8
[9 INFO main 5766496] Confirming: 5/8
[9 INFO main 5768536] Confirming: 6/8
[9 INFO main 5770560] Confirming: 7/8
[9 INFO main 5772780] Confirming: 8/8
[9 INFO main 5774965] Scout.Query -> Scout.GotoCenter | Drive to others reported pos
[9 INFO main 5787351] Scout.GotoCenter -> Scout.Query | return to random walk
[9 INFO main 5820541] Confirming: 1/8
[9 INFO main 5822493] Confirming: 3/8
[9 INFO main 5824654] Confirming: 4/8
[9 INFO main 5827040] Confirming: 5/8
[9 INFO main 5829097] Confirming: 6/8
[9 INFO main 5833480] Confirming: 8/8
[9 INFO main 5844316] Scout.Query -> Scout.GotoCenter | Drive to others reported pos
[9 INFO main 5854069] Scout.GotoCenter -> Scout.Query | return to random walk
[9 INFO main 5865355] Confirming: 5/8
[9 INFO main 5884976] Confirming: 6/8
[9 INFO main 5886984] Confirming: 7/8
[9 INFO main 5889012] Confirming: 8/8
[9 INFO main 6199729] Scout.Query -> Scout.GotoCenter | Drive to others reported pos
[9 INFO main 6242309] Scout.GotoCenter -> Scout.Query | return to random walk
[9 INFO main 6246573] Confirming: 1/8
[9 INFO main 6250625] Confirming: 3/8
[9 INFO main 6252624] Confirming: 4/8
[9 INFO main 6254648] Confirming: 5/8
[9 INFO main 6258740] Confirming: 7/8
[9 INFO main 6260764] Confirming: 8/8
[9 INFO main 6860611] Scout.Query -> Scout.GotoCenter | Drive to others reported pos
[9 INFO main 6947842] Scout.GotoCenter -> Scout.Query | return to random walk
[9 INFO main 6993745] Confirming: 1/8
[9 INFO main 6995828] Confirming: 2/8
[9 INFO main 6997841] Confirming: 3/8
[9 INFO main 6999913] Confirming: 4/8
[9 INFO main 7001980] Confirming: 5/8
[9 INFO main 7004016] Confirming: 6/8
[9 INFO main 7006029] Confirming: 7/8
[9 INFO main 7008033] Confirming: 8/8
[9 INFO main 7009256] Scout.Query -> Scout.GotoCenter | Drive to others reported pos
[9 INFO main 7056051] Scout.GotoCenter -> Scout.Query | return to random walk
[9 INFO main 7064545] Confirming: 2/8
[9 INFO main 7066617] Confirming: 3/8
[9 INFO main 7070709] Confirming: 5/8
[9 INFO main 7072800] Confirming: 6/8
[9 INFO main 7074990] Confirming: 7/8
[9 INFO main 7077064] Confirming: 8/8
[9 INFO main 7081603] Scout.Query -> Scout.GotoCenter | Drive to others reported pos
[9 INFO main 7093866] Scout.GotoCenter -> Scout.Query | return to random walk
[9 INFO main 7115012] Confirming: 2/8
[9 INFO main 7117080] Confirming: 3/8
[9 INFO main 7119164] Confirming: 4/8
[9 INFO main 7121276] Confirming: 5/8
[9 INFO main 7123361] Confirming: 6/8
[9 INFO main 7127485] Confirming: 8/8
[9 INFO main 7129418] Scout.Query -> Scout.GotoCenter | Drive to others reported pos
