[10 INFO main 27] Initialising Python Geth Console...
[10 INFO main 32] Initialising RandB board...
[10 INFO main 32] Initialising navigation...
[10 INFO main 32] Initialising random-walk...
[10 INFO main 32] Initialising odometry...
[10 INFO main 32] Initialising ground-sensors...
[10 INFO main 627] --//-- Starting Experiment --//--
[10 INFO main 1731] Idle.IDLE -> Scout.Query | Duration: 19.71
[10 INFO main 11017] Scout.Query -> Scout.GotoCenter | Drive to others reported pos
[10 INFO main 32539] Scout.GotoCenter -> Scout.Query | return to random walk
[10 INFO main 83648] Scout.Query -> Scout.GotoCenter | Drive to others reported pos
[10 INFO main 201891] Scout.GotoCenter -> Scout.Query | return to random walk
[10 INFO main 278082] Scout.Query -> Scout.GotoCenter | Drive to others reported pos
[10 INFO main 332855] Scout.GotoCenter -> Scout.Query | return to random walk
[10 INFO main 358200] Scout.Query -> Scout.GotoCenter | Drive to others reported pos
[10 INFO main 398042] Scout.GotoCenter -> Scout.Query | return to random walk
[10 INFO main 474295] Scout.Query -> Scout.GotoCenter | Drive to others reported pos
[10 INFO main 517881] Scout.GotoCenter -> Scout.Query | return to random walk
[10 INFO main 569068] Scout.Query -> Scout.GotoCenter | Drive to others reported pos
[10 INFO main 609856] Scout.GotoCenter -> Scout.Query | return to random walk
[10 INFO main 665785] Scout.Query -> Scout.GotoCenter | Drive to others reported pos
[10 INFO main 706429] Scout.GotoCenter -> Scout.Query | return to random walk
[10 INFO main 741974] Scout.Query -> Scout.GotoCenter | Drive to others reported pos
