[7 INFO main 44] Initialising Python Geth Console...
[7 INFO main 48] Initialising RandB board...
[7 INFO main 48] Initialising navigation...
[7 INFO main 48] Initialising random-walk...
[7 INFO main 48] Initialising odometry...
[7 INFO main 48] Initialising ground-sensors...
[7 INFO main 502] --//-- Starting Experiment --//--
[7 INFO main 1602] Idle.IDLE -> Scout.Query | Duration: 23.18
[7 INFO main 133866] Scout.Query -> Scout.GotoCenter | Drive to others reported pos
[7 INFO main 145982] Scout.GotoCenter -> Scout.Query | return to random walk
[7 INFO main 146387] Scout.Query -> Scout.GotoCenter | Drive to others reported pos
[7 INFO main 147582] Scout.GotoCenter -> Scout.Query | return to random walk
[7 INFO main 148490] Scout.Query -> Scout.GotoCenter | Drive to others reported pos
[7 INFO main 148684] Scout.GotoCenter -> Scout.Query | return to random walk
[7 INFO main 149590] Scout.Query -> Scout.GotoCenter | Drive to others reported pos
[7 INFO main 149985] Scout.GotoCenter -> Scout.Query | return to random walk
[7 INFO main 150592] Scout.Query -> Scout.GotoCenter | Drive to others reported pos
[7 INFO main 150887] Scout.GotoCenter -> Scout.Query | return to random walk
[7 INFO main 151593] Scout.Query -> Scout.GotoCenter | Drive to others reported pos
[7 INFO main 154297] Scout.GotoCenter -> Scout.Query | return to random walk
[7 INFO main 154691] Scout.Query -> Scout.GotoCenter | Drive to others reported pos
[7 INFO main 157290] Scout.GotoCenter -> Scout.Query | return to random walk
[7 INFO main 157696] Scout.Query -> Scout.GotoCenter | Drive to others reported pos
[7 INFO main 158000] Scout.GotoCenter -> Scout.Query | return to random walk
[7 INFO main 158699] Scout.Query -> Scout.GotoCenter | Drive to others reported pos
[7 INFO main 161299] Scout.GotoCenter -> Scout.Query | return to random walk
[7 INFO main 161901] Scout.Query -> Scout.GotoCenter | Drive to others reported pos
[7 INFO main 162602] Scout.GotoCenter -> Scout.Query | return to random walk
[7 INFO main 162998] Scout.Query -> Scout.GotoCenter | Drive to others reported pos
[7 INFO main 163307] Scout.GotoCenter -> Scout.Query | return to random walk
[7 INFO main 164005] Scout.Query -> Scout.GotoCenter | Drive to others reported pos
[7 INFO main 164407] Scout.GotoCenter -> Scout.Query | return to random walk
[7 INFO main 165005] Scout.Query -> Scout.GotoCenter | Drive to others reported pos
[7 INFO main 166104] Scout.GotoCenter -> Scout.Query | return to random walk
[7 INFO main 167012] Scout.Query -> Scout.GotoCenter | Drive to others reported pos
[7 INFO main 170814] Scout.GotoCenter -> Scout.Query | return to random walk
[7 INFO main 171210] Scout.Query -> Scout.GotoCenter | Drive to others reported pos
[7 INFO main 171310] Scout.GotoCenter -> Scout.Query | return to random walk
[7 INFO main 172211] Scout.Query -> Scout.GotoCenter | Drive to others reported pos
[7 INFO main 172812] Scout.GotoCenter -> Scout.Query | return to random walk
[7 INFO main 173212] Scout.Query -> Scout.GotoCenter | Drive to others reported pos
[7 INFO main 174721] Scout.GotoCenter -> Scout.Query | return to random walk
[7 INFO main 175222] Scout.Query -> Scout.GotoCenter | Drive to others reported pos
[7 INFO main 175315] Scout.GotoCenter -> Scout.Query | return to random walk
[7 INFO main 176323] Scout.Query -> Scout.GotoCenter | Drive to others reported pos
[7 INFO main 176514] Scout.GotoCenter -> Scout.Query | return to random walk
[7 INFO main 177425] Scout.Query -> Scout.GotoCenter | Drive to others reported pos
[7 INFO main 177717] Scout.GotoCenter -> Scout.Query | return to random walk
[7 INFO main 178425] Scout.Query -> Scout.GotoCenter | Drive to others reported pos
[7 INFO main 181623] Scout.GotoCenter -> Scout.Query | return to random walk
[7 INFO main 182631] Scout.Query -> Scout.GotoCenter | Drive to others reported pos
[7 INFO main 182926] Scout.GotoCenter -> Scout.Query | return to random walk
[7 INFO main 183632] Scout.Query -> Scout.GotoCenter | Drive to others reported pos
[7 INFO main 184132] Scout.GotoCenter -> Scout.Query | return to random walk
[7 INFO main 184633] Scout.Query -> Scout.GotoCenter | Drive to others reported pos
[7 INFO main 184928] Scout.GotoCenter -> Scout.Query | return to random walk
[7 INFO main 185634] Scout.Query -> Scout.GotoCenter | Drive to others reported pos
[7 INFO main 186828] Scout.GotoCenter -> Scout.Query | return to random walk
[7 INFO main 187637] Scout.Query -> Scout.GotoCenter | Drive to others reported pos
[7 INFO main 188530] Scout.GotoCenter -> Scout.Query | return to random walk
[7 INFO main 188638] Scout.Query -> Scout.GotoCenter | Drive to others reported pos
[7 INFO main 189031] Scout.GotoCenter -> Scout.Query | return to random walk
[7 INFO main 189732] Scout.Query -> Scout.GotoCenter | Drive to others reported pos
[7 INFO main 190233] Scout.GotoCenter -> Scout.Query | return to random walk
[7 INFO main 190734] Scout.Query -> Scout.GotoCenter | Drive to others reported pos
[7 INFO main 191835] Scout.GotoCenter -> Scout.Query | return to random walk
[7 INFO main 192837] Scout.Query -> Scout.GotoCenter | Drive to others reported pos
[7 INFO main 192940] Scout.GotoCenter -> Scout.Query | return to random walk
[7 INFO main 193838] Scout.Query -> Scout.GotoCenter | Drive to others reported pos
[7 INFO main 195245] Scout.GotoCenter -> Scout.Query | return to random walk
[7 INFO main 195841] Scout.Query -> Scout.GotoCenter | Drive to others reported pos
[7 INFO main 196345] Scout.GotoCenter -> Scout.Query | return to random walk
[7 INFO main 196845] Scout.Query -> Scout.GotoCenter | Drive to others reported pos
[7 INFO main 197144] Scout.GotoCenter -> Scout.Query | return to random walk
[7 INFO main 197947] Scout.Query -> Scout.GotoCenter | Drive to others reported pos
[7 INFO main 198448] Scout.GotoCenter -> Scout.Query | return to random walk
[7 INFO main 198950] Scout.Query -> Scout.GotoCenter | Drive to others reported pos
[7 INFO main 199148] Scout.GotoCenter -> Scout.Query | return to random walk
[7 INFO main 199951] Scout.Query -> Scout.GotoCenter | Drive to others reported pos
[7 INFO main 201249] Scout.GotoCenter -> Scout.Query | return to random walk
[7 INFO main 201953] Scout.Query -> Scout.GotoCenter | Drive to others reported pos
[7 INFO main 202345] Scout.GotoCenter -> Scout.Query | return to random walk
[7 INFO main 202955] Scout.Query -> Scout.GotoCenter | Drive to others reported pos
[7 INFO main 203551] Scout.GotoCenter -> Scout.Query | return to random walk
[7 INFO main 203956] Scout.Query -> Scout.GotoCenter | Drive to others reported pos
[7 INFO main 205458] Scout.GotoCenter -> Scout.Query | return to random walk
[7 INFO main 271239] Scout.Query -> Scout.GotoCenter | Drive to others reported pos
[7 INFO main 288162] Scout.GotoCenter -> Scout.Query | return to random walk
[7 INFO main 288662] Scout.Query -> Scout.GotoCenter | Drive to others reported pos
[7 INFO main 289561] Scout.GotoCenter -> Scout.Query | return to random walk
[7 INFO main 289663] Scout.Query -> Scout.GotoCenter | Drive to others reported pos
[7 INFO main 290766] Scout.GotoCenter -> Scout.Query | return to random walk
