[3 INFO main 37] Initialising Python Geth Console...
[3 INFO main 42] Initialising RandB board...
[3 INFO main 42] Initialising navigation...
[3 INFO main 42] Initialising random-walk...
[3 INFO main 42] Initialising odometry...
[3 INFO main 42] Initialising ground-sensors...
[3 INFO main 1384] --//-- Starting Experiment --//--
[3 INFO main 2486] Idle.IDLE -> Scout.Query | Duration: 18.31
[3 INFO main 26670] Scout.Query -> Scout.GotoCenter | Drive to others reported pos
[3 INFO main 52170] Scout.GotoCenter -> Scout.Query | return to random walk
[3 INFO main 136523] Scout.Query -> Scout.GotoCenter | Drive to others reported pos
[3 INFO main 177304] Scout.GotoCenter -> Scout.Query | return to random walk
[3 INFO main 242976] Scout.Query -> Scout.GotoCenter | Drive to others reported pos
[3 INFO main 270289] Scout.GotoCenter -> Scout.Query | return to random walk
[3 INFO main 315944] Scout.Query -> Scout.GotoCenter | Drive to others reported pos
[3 INFO main 352511] Scout.GotoCenter -> Scout.Query | return to random walk
[3 INFO main 467691] Scout.Query -> Scout.GotoCenter | Drive to others reported pos
[3 INFO main 502090] Scout.GotoCenter -> Scout.Query | return to random walk
[3 INFO main 588273] Scout.Query -> Scout.GotoCenter | Drive to others reported pos
[3 INFO main 701683] Scout.GotoCenter -> Scout.Query | return to random walk
[3 INFO main 737369] Scout.Query -> Scout.GotoCenter | Drive to others reported pos
[3 INFO main 759818] Scout.GotoCenter -> Scout.Query | return to random walk
[3 INFO main 805767] Scout.Query -> Scout.GotoCenter | Drive to others reported pos
[3 INFO main 843589] Scout.GotoCenter -> Scout.Query | return to random walk
