[10 INFO main 50] Initialising Python Geth Console...
[10 INFO main 54] Initialising RandB board...
[10 INFO main 54] Initialising navigation...
[10 INFO main 55] Initialising random-walk...
[10 INFO main 55] Initialising odometry...
[10 INFO main 55] Initialising ground-sensors...
[10 INFO main 543] --//-- Starting Experiment --//--
[10 INFO main 1649] Idle.IDLE -> Scout.Query | Duration: 22.34
[10 INFO main 10848] Scout.Query -> Scout.GotoCenter | Drive to others reported pos
[10 INFO main 42683] Scout.GotoCenter -> Scout.Query | return to random walk
[10 INFO main 83678] Scout.Query -> Scout.GotoCenter | Drive to others reported pos
[10 INFO main 149017] Scout.GotoCenter -> Scout.Query | return to random walk
[10 INFO main 174574] Scout.Query -> Scout.GotoCenter | Drive to others reported pos
[10 INFO main 211171] Scout.GotoCenter -> Scout.Query | return to random walk
[10 INFO main 252272] Scout.Query -> Scout.GotoCenter | Drive to others reported pos
[10 INFO main 275416] Scout.GotoCenter -> Scout.Query | return to random walk
[10 INFO main 316563] Scout.Query -> Scout.GotoCenter | Drive to others reported pos
[10 INFO main 344689] Scout.GotoCenter -> Scout.Query | return to random walk
[10 INFO main 446524] Scout.Query -> Scout.GotoCenter | Drive to others reported pos
[10 INFO main 490561] Scout.GotoCenter -> Scout.Query | return to random walk
[10 INFO main 561804] Scout.Query -> Scout.GotoCenter | Drive to others reported pos
[10 INFO main 589401] Scout.GotoCenter -> Scout.Query | return to random walk
[10 INFO main 625008] Scout.Query -> Scout.GotoCenter | Drive to others reported pos
[10 INFO main 684391] Scout.GotoCenter -> Scout.Query | return to random walk
[10 INFO main 709790] Scout.Query -> Scout.GotoCenter | Drive to others reported pos
[10 INFO main 765913] Scout.GotoCenter -> Scout.Query | return to random walk
[10 INFO main 801687] Scout.Query -> Scout.GotoCenter | Drive to others reported pos
[10 INFO main 844562] Scout.GotoCenter -> Scout.Query | return to random walk
