[5 INFO main 30] Initialising Python Geth Console...
[5 INFO main 34] Initialising RandB board...
[5 INFO main 34] Initialising navigation...
[5 INFO main 34] Initialising random-walk...
[5 INFO main 34] Initialising odometry...
[5 INFO main 34] Initialising ground-sensors...
[5 INFO main 1072] --//-- Starting Experiment --//--
[5 INFO main 2176] Idle.IDLE -> Scout.Query | Duration: 20.65
[5 INFO main 47835] Scout.Query -> Scout.GotoCenter | Drive to others reported pos
[5 INFO main 49635] Scout.GotoCenter -> Scout.Query | return to random walk
[5 INFO main 49838] Scout.Query -> Scout.GotoCenter | Drive to others reported pos
[5 INFO main 51137] Scout.GotoCenter -> Scout.Query | return to random walk
[5 INFO main 51839] Scout.Query -> Scout.GotoCenter | Drive to others reported pos
[5 INFO main 53037] Scout.GotoCenter -> Scout.Query | return to random walk
[5 INFO main 53841] Scout.Query -> Scout.GotoCenter | Drive to others reported pos
[5 INFO main 55344] Scout.GotoCenter -> Scout.Query | return to random walk
[5 INFO main 55845] Scout.Query -> Scout.GotoCenter | Drive to others reported pos
[5 INFO main 56345] Scout.GotoCenter -> Scout.Query | return to random walk
[5 INFO main 56846] Scout.Query -> Scout.GotoCenter | Drive to others reported pos
[5 INFO main 56942] Scout.GotoCenter -> Scout.Query | return to random walk
[5 INFO main 57947] Scout.Query -> Scout.GotoCenter | Drive to others reported pos
[5 INFO main 58044] Scout.GotoCenter -> Scout.Query | return to random walk
[5 INFO main 59046] Scout.Query -> Scout.GotoCenter | Drive to others reported pos
[5 INFO main 59146] Scout.GotoCenter -> Scout.Query | return to random walk
[5 INFO main 60048] Scout.Query -> Scout.GotoCenter | Drive to others reported pos
[5 INFO main 63153] Scout.GotoCenter -> Scout.Query | return to random walk
[5 INFO main 64247] Scout.Query -> Scout.GotoCenter | Drive to others reported pos
[5 INFO main 64354] Scout.GotoCenter -> Scout.Query | return to random walk
[5 INFO main 65252] Scout.Query -> Scout.GotoCenter | Drive to others reported pos
[5 INFO main 65356] Scout.GotoCenter -> Scout.Query | return to random walk
[5 INFO main 66258] Scout.Query -> Scout.GotoCenter | Drive to others reported pos
[5 INFO main 66563] Scout.GotoCenter -> Scout.Query | return to random walk
[5 INFO main 67263] Scout.Query -> Scout.GotoCenter | Drive to others reported pos
[5 INFO main 67467] Scout.GotoCenter -> Scout.Query | return to random walk
[5 INFO main 68265] Scout.Query -> Scout.GotoCenter | Drive to others reported pos
[5 INFO main 69570] Scout.GotoCenter -> Scout.Query | return to random walk
[5 INFO main 70267] Scout.Query -> Scout.GotoCenter | Drive to others reported pos
[5 INFO main 70668] Scout.GotoCenter -> Scout.Query | return to random walk
[5 INFO main 71268] Scout.Query -> Scout.GotoCenter | Drive to others reported pos
[5 INFO main 71370] Scout.GotoCenter -> Scout.Query | return to random walk
[5 INFO main 72270] Scout.Query -> Scout.GotoCenter | Drive to others reported pos
[5 INFO main 72570] Scout.GotoCenter -> Scout.Query | return to random walk
[5 INFO main 73271] Scout.Query -> Scout.GotoCenter | Drive to others reported pos
[5 INFO main 73676] Scout.GotoCenter -> Scout.Query | return to random walk
[5 INFO main 74272] Scout.Query -> Scout.GotoCenter | Drive to others reported pos
[5 INFO main 74677] Scout.GotoCenter -> Scout.Query | return to random walk
[5 INFO main 75275] Scout.Query -> Scout.GotoCenter | Drive to others reported pos
[5 INFO main 75375] Scout.GotoCenter -> Scout.Query | return to random walk
[5 INFO main 76376] Scout.Query -> Scout.GotoCenter | Drive to others reported pos
[5 INFO main 77676] Scout.GotoCenter -> Scout.Query | return to random walk
[5 INFO main 78479] Scout.Query -> Scout.GotoCenter | Drive to others reported pos
[5 INFO main 78678] Scout.GotoCenter -> Scout.Query | return to random walk
[5 INFO main 79480] Scout.Query -> Scout.GotoCenter | Drive to others reported pos
[5 INFO main 80680] Scout.GotoCenter -> Scout.Query | return to random walk
[5 INFO main 81484] Scout.Query -> Scout.GotoCenter | Drive to others reported pos
[5 INFO main 83688] Scout.GotoCenter -> Scout.Query | return to random walk
[5 INFO main 84688] Scout.Query -> Scout.GotoCenter | Drive to others reported pos
[5 INFO main 84885] Scout.GotoCenter -> Scout.Query | return to random walk
[5 INFO main 85691] Scout.Query -> Scout.GotoCenter | Drive to others reported pos
[5 INFO main 85787] Scout.GotoCenter -> Scout.Query | return to random walk
[5 INFO main 86791] Scout.Query -> Scout.GotoCenter | Drive to others reported pos
[5 INFO main 88592] Scout.GotoCenter -> Scout.Query | return to random walk
[5 INFO main 88891] Scout.Query -> Scout.GotoCenter | Drive to others reported pos
[5 INFO main 88993] Scout.GotoCenter -> Scout.Query | return to random walk
[5 INFO main 89894] Scout.Query -> Scout.GotoCenter | Drive to others reported pos
[5 INFO main 91395] Scout.GotoCenter -> Scout.Query | return to random walk
[5 INFO main 91996] Scout.Query -> Scout.GotoCenter | Drive to others reported pos
[5 INFO main 92695] Scout.GotoCenter -> Scout.Query | return to random walk
[5 INFO main 93102] Scout.Query -> Scout.GotoCenter | Drive to others reported pos
[5 INFO main 93797] Scout.GotoCenter -> Scout.Query | return to random walk
[5 INFO main 94103] Scout.Query -> Scout.GotoCenter | Drive to others reported pos
[5 INFO main 94197] Scout.GotoCenter -> Scout.Query | return to random walk
[5 INFO main 95199] Scout.Query -> Scout.GotoCenter | Drive to others reported pos
[5 INFO main 96603] Scout.GotoCenter -> Scout.Query | return to random walk
[5 INFO main 97202] Scout.Query -> Scout.GotoCenter | Drive to others reported pos
[5 INFO main 97400] Scout.GotoCenter -> Scout.Query | return to random walk
[5 INFO main 98203] Scout.Query -> Scout.GotoCenter | Drive to others reported pos
[5 INFO main 98606] Scout.GotoCenter -> Scout.Query | return to random walk
[5 INFO main 99304] Scout.Query -> Scout.GotoCenter | Drive to others reported pos
[5 INFO main 99505] Scout.GotoCenter -> Scout.Query | return to random walk
[5 INFO main 100306] Scout.Query -> Scout.GotoCenter | Drive to others reported pos
[5 INFO main 100705] Scout.GotoCenter -> Scout.Query | return to random walk
[5 INFO main 101307] Scout.Query -> Scout.GotoCenter | Drive to others reported pos
[5 INFO main 101405] Scout.GotoCenter -> Scout.Query | return to random walk
[5 INFO main 102309] Scout.Query -> Scout.GotoCenter | Drive to others reported pos
[5 INFO main 103010] Scout.GotoCenter -> Scout.Query | return to random walk
[5 INFO main 103410] Scout.Query -> Scout.GotoCenter | Drive to others reported pos
[5 INFO main 104514] Scout.GotoCenter -> Scout.Query | return to random walk
[5 INFO main 105615] Scout.Query -> Scout.GotoCenter | Drive to others reported pos
[5 INFO main 106913] Scout.GotoCenter -> Scout.Query | return to random walk
[5 INFO main 107616] Scout.Query -> Scout.GotoCenter | Drive to others reported pos
[5 INFO main 107716] Scout.GotoCenter -> Scout.Query | return to random walk
[5 INFO main 108620] Scout.Query -> Scout.GotoCenter | Drive to others reported pos
[5 INFO main 110818] Scout.GotoCenter -> Scout.Query | return to random walk
[5 INFO main 111918] Scout.Query -> Scout.GotoCenter | Drive to others reported pos
[5 INFO main 112016] Scout.GotoCenter -> Scout.Query | return to random walk
[5 INFO main 112921] Scout.Query -> Scout.GotoCenter | Drive to others reported pos
[5 INFO main 113215] Scout.GotoCenter -> Scout.Query | return to random walk
[5 INFO main 113926] Scout.Query -> Scout.GotoCenter | Drive to others reported pos
[5 INFO main 114520] Scout.GotoCenter -> Scout.Query | return to random walk
[5 INFO main 114927] Scout.Query -> Scout.GotoCenter | Drive to others reported pos
[5 INFO main 115622] Scout.GotoCenter -> Scout.Query | return to random walk
[5 INFO main 116026] Scout.Query -> Scout.GotoCenter | Drive to others reported pos
[5 INFO main 116122] Scout.GotoCenter -> Scout.Query | return to random walk
[5 INFO main 117027] Scout.Query -> Scout.GotoCenter | Drive to others reported pos
[5 INFO main 117425] Scout.GotoCenter -> Scout.Query | return to random walk
[5 INFO main 118028] Scout.Query -> Scout.GotoCenter | Drive to others reported pos
[5 INFO main 118529] Scout.GotoCenter -> Scout.Query | return to random walk
[5 INFO main 119130] Scout.Query -> Scout.GotoCenter | Drive to others reported pos
[5 INFO main 119429] Scout.GotoCenter -> Scout.Query | return to random walk
[5 INFO main 120131] Scout.Query -> Scout.GotoCenter | Drive to others reported pos
[5 INFO main 120528] Scout.GotoCenter -> Scout.Query | return to random walk
[5 INFO main 121232] Scout.Query -> Scout.GotoCenter | Drive to others reported pos
[5 INFO main 121431] Scout.GotoCenter -> Scout.Query | return to random walk
[5 INFO main 122334] Scout.Query -> Scout.GotoCenter | Drive to others reported pos
[5 INFO main 122733] Scout.GotoCenter -> Scout.Query | return to random walk
[5 INFO main 123337] Scout.Query -> Scout.GotoCenter | Drive to others reported pos
[5 INFO main 123533] Scout.GotoCenter -> Scout.Query | return to random walk
[5 INFO main 124438] Scout.Query -> Scout.GotoCenter | Drive to others reported pos
[5 INFO main 124936] Scout.GotoCenter -> Scout.Query | return to random walk
[5 INFO main 125538] Scout.Query -> Scout.GotoCenter | Drive to others reported pos
[5 INFO main 125635] Scout.GotoCenter -> Scout.Query | return to random walk
[5 INFO main 126637] Scout.Query -> Scout.GotoCenter | Drive to others reported pos
[5 INFO main 126836] Scout.GotoCenter -> Scout.Query | return to random walk
[5 INFO main 127638] Scout.Query -> Scout.GotoCenter | Drive to others reported pos
[5 INFO main 128040] Scout.GotoCenter -> Scout.Query | return to random walk
[5 INFO main 128639] Scout.Query -> Scout.GotoCenter | Drive to others reported pos
[5 INFO main 129238] Scout.GotoCenter -> Scout.Query | return to random walk
[5 INFO main 129641] Scout.Query -> Scout.GotoCenter | Drive to others reported pos
[5 INFO main 129840] Scout.GotoCenter -> Scout.Query | return to random walk
[5 INFO main 130645] Scout.Query -> Scout.GotoCenter | Drive to others reported pos
[5 INFO main 130741] Scout.GotoCenter -> Scout.Query | return to random walk
[5 INFO main 131646] Scout.Query -> Scout.GotoCenter | Drive to others reported pos
[5 INFO main 132445] Scout.GotoCenter -> Scout.Query | return to random walk
[5 INFO main 132745] Scout.Query -> Scout.GotoCenter | Drive to others reported pos
[5 INFO main 132946] Scout.GotoCenter -> Scout.Query | return to random walk
[5 INFO main 133746] Scout.Query -> Scout.GotoCenter | Drive to others reported pos
[5 INFO main 133845] Scout.GotoCenter -> Scout.Query | return to random walk
[5 INFO main 134748] Scout.Query -> Scout.GotoCenter | Drive to others reported pos
[5 INFO main 134947] Scout.GotoCenter -> Scout.Query | return to random walk
[5 INFO main 135845] Scout.Query -> Scout.GotoCenter | Drive to others reported pos
[5 INFO main 136247] Scout.GotoCenter -> Scout.Query | return to random walk
[5 INFO main 136849] Scout.Query -> Scout.GotoCenter | Drive to others reported pos
[5 INFO main 137652] Scout.GotoCenter -> Scout.Query | return to random walk
[5 INFO main 137850] Scout.Query -> Scout.GotoCenter | Drive to others reported pos
[5 INFO main 138153] Scout.GotoCenter -> Scout.Query | return to random walk
[5 INFO main 138851] Scout.Query -> Scout.GotoCenter | Drive to others reported pos
[5 INFO main 138952] Scout.GotoCenter -> Scout.Query | return to random walk
[5 INFO main 139853] Scout.Query -> Scout.GotoCenter | Drive to others reported pos
[5 INFO main 140053] Scout.GotoCenter -> Scout.Query | return to random walk
[5 INFO main 140856] Scout.Query -> Scout.GotoCenter | Drive to others reported pos
[5 INFO main 141253] Scout.GotoCenter -> Scout.Query | return to random walk
[5 INFO main 141858] Scout.Query -> Scout.GotoCenter | Drive to others reported pos
[5 INFO main 141957] Scout.GotoCenter -> Scout.Query | return to random walk
[5 INFO main 142859] Scout.Query -> Scout.GotoCenter | Drive to others reported pos
[5 INFO main 142959] Scout.GotoCenter -> Scout.Query | return to random walk
