[8 INFO main 28] Initialising Python Geth Console...
[8 INFO main 33] Initialising RandB board...
[8 INFO main 33] Initialising navigation...
[8 INFO main 33] Initialising random-walk...
[8 INFO main 33] Initialising odometry...
[8 INFO main 33] Initialising ground-sensors...
[8 INFO main 693] --//-- Starting Experiment --//--
[8 INFO main 1792] Idle.IDLE -> Scout.Query | Duration: 18.99
[8 INFO main 61461] Scout.Query -> Scout.GotoCenter | Drive to others reported pos
[8 INFO main 93223] Scout.GotoCenter -> Scout.Query | return to random walk
[8 INFO main 144326] Scout.Query -> Scout.GotoCenter | Drive to others reported pos
[8 INFO main 172748] Scout.GotoCenter -> Scout.Query | return to random walk
[8 INFO main 243652] Scout.Query -> Scout.GotoCenter | Drive to others reported pos
[8 INFO main 287124] Scout.GotoCenter -> Scout.Query | return to random walk
[8 INFO main 322852] Scout.Query -> Scout.GotoCenter | Drive to others reported pos
[8 INFO main 366268] Scout.GotoCenter -> Scout.Query | return to random walk
[8 INFO main 588626] Scout.Query -> Scout.GotoCenter | Drive to others reported pos
[8 INFO main 625314] Scout.GotoCenter -> Scout.Query | return to random walk
[8 INFO main 701372] Scout.Query -> Scout.GotoCenter | Drive to others reported pos
[8 INFO main 710903] Scout.GotoCenter -> Scout.Query | return to random walk
[8 INFO main 817155] Scout.Query -> Scout.GotoCenter | Drive to others reported pos
[8 INFO main 874468] Scout.GotoCenter -> Scout.Query | return to random walk
[8 INFO main 1423626] Scout.Query -> Scout.GotoCenter | Drive to others reported pos
[8 INFO main 1441570] Scout.GotoCenter -> Scout.Query | return to random walk
[8 INFO main 1472150] Scout.Query -> Scout.GotoCenter | Drive to others reported pos
[8 INFO main 1493409] Scout.GotoCenter -> Scout.Query | return to random walk
