[9 INFO main 27] Initialising Python Geth Console...
[9 INFO main 32] Initialising RandB board...
[9 INFO main 32] Initialising navigation...
[9 INFO main 32] Initialising random-walk...
[9 INFO main 32] Initialising odometry...
[9 INFO main 32] Initialising ground-sensors...
[9 INFO main 543] --//-- Starting Experiment --//--
[9 INFO main 1637] Idle.IDLE -> Scout.Query | Duration: 22.94
[9 INFO main 10744] Scout.Query -> Scout.GotoCenter | Drive to others reported pos
[9 INFO main 26958] Scout.GotoCenter -> Scout.Query | return to random walk
[9 INFO main 72763] Scout.Query -> Scout.GotoCenter | Drive to others reported pos
[9 INFO main 120748] Scout.GotoCenter -> Scout.Query | return to random walk
[9 INFO main 156368] Scout.Query -> Scout.GotoCenter | Drive to others reported pos
[9 INFO main 210687] Scout.GotoCenter -> Scout.Query | return to random walk
[9 INFO main 246339] Scout.Query -> Scout.GotoCenter | Drive to others reported pos
[9 INFO main 279765] Scout.GotoCenter -> Scout.Query | return to random walk
[9 INFO main 374275] Scout.Query -> Scout.GotoCenter | Drive to others reported pos
[9 INFO main 407218] Scout.GotoCenter -> Scout.Query | return to random walk
[9 INFO main 443200] Scout.Query -> Scout.GotoCenter | Drive to others reported pos
[9 INFO main 498884] Scout.GotoCenter -> Scout.Query | return to random walk
[9 INFO main 554882] Scout.Query -> Scout.GotoCenter | Drive to others reported pos
[9 INFO main 618330] Scout.GotoCenter -> Scout.Query | return to random walk
[9 INFO main 653832] Scout.Query -> Scout.GotoCenter | Drive to others reported pos
[9 INFO main 720148] Scout.GotoCenter -> Scout.Query | return to random walk
[9 INFO main 755716] Scout.Query -> Scout.GotoCenter | Drive to others reported pos
[9 INFO main 789118] Scout.GotoCenter -> Scout.Query | return to random walk
[9 INFO main 905634] Scout.Query -> Scout.GotoCenter | Drive to others reported pos
[9 INFO main 945215] Scout.GotoCenter -> Scout.Query | return to random walk
[9 INFO main 965689] Scout.Query -> Scout.GotoCenter | Drive to others reported pos
[9 INFO main 1015513] Scout.GotoCenter -> Scout.Query | return to random walk
[9 INFO main 1056320] Scout.Query -> Scout.GotoCenter | Drive to others reported pos
[9 INFO main 1082722] Scout.GotoCenter -> Scout.Query | return to random walk
