[10 INFO main 51] Initialising Python Geth Console...
[10 INFO main 55] Initialising RandB board...
[10 INFO main 55] Initialising navigation...
[10 INFO main 55] Initialising random-walk...
[10 INFO main 55] Initialising odometry...
[10 INFO main 55] Initialising ground-sensors...
[10 INFO main 386] --//-- Starting Experiment --//--
[10 INFO main 1485] Idle.IDLE -> Scout.Query | Duration: 18.72
[10 INFO main 45748] Scout.Query -> Scout.GotoCenter | Drive to others reported pos
[10 INFO main 86005] Scout.GotoCenter -> Scout.Query | return to random walk
[10 INFO main 99621] Scout.Query -> Scout.GotoCenter | Drive to others reported pos
[10 INFO main 101726] Scout.GotoCenter -> Scout.Query | return to random walk
[10 INFO main 149181] Scout.Query -> Scout.GotoCenter | Drive to others reported pos
[10 INFO main 167604] Scout.GotoCenter -> Scout.Query | return to random walk
[10 INFO main 190535] Scout.Query -> Scout.GotoCenter | Drive to others reported pos
[10 INFO main 190637] Scout.GotoCenter -> Scout.Query | return to random walk
[10 INFO main 194541] Scout.Query -> Scout.GotoCenter | Drive to others reported pos
[10 INFO main 195332] Scout.GotoCenter -> Scout.Query | return to random walk
[10 INFO main 207056] Scout.Query -> Scout.GotoCenter | Drive to others reported pos
[10 INFO main 212957] Scout.GotoCenter -> Scout.Query | return to random walk
[10 INFO main 224286] Scout.Query -> Scout.GotoCenter | Drive to others reported pos
[10 INFO main 225986] Scout.GotoCenter -> Scout.Query | return to random walk
[10 INFO main 248010] Scout.Query -> Scout.GotoCenter | Drive to others reported pos
[10 INFO main 255824] Scout.GotoCenter -> Scout.Query | return to random walk
[10 INFO main 302781] Scout.Query -> Scout.GotoCenter | Drive to others reported pos
[10 INFO main 326009] Scout.GotoCenter -> Scout.Query | return to random walk
[10 INFO main 335022] Scout.Query -> Scout.GotoCenter | Drive to others reported pos
[10 INFO main 336022] Scout.GotoCenter -> Scout.Query | return to random walk
[10 INFO main 394005] Scout.Query -> Scout.GotoCenter | Drive to others reported pos
[10 INFO main 394506] Scout.GotoCenter -> Scout.Query | return to random walk
[10 INFO main 409516] Scout.Query -> Scout.GotoCenter | Drive to others reported pos
[10 INFO main 411121] Scout.GotoCenter -> Scout.Query | return to random walk
[10 INFO main 469601] Scout.Query -> Scout.GotoCenter | Drive to others reported pos
[10 INFO main 486819] Scout.GotoCenter -> Scout.Query | Back to normal
[10 INFO main 549092] Scout.Query -> Scout.GotoCenter | Drive to others reported pos
[10 INFO main 588452] Scout.GotoCenter -> Scout.Query | return to random walk
[10 INFO main 591053] Scout.Query -> Scout.GotoCenter | Drive to others reported pos
[10 INFO main 591857] Scout.GotoCenter -> Scout.Query | return to random walk
[10 INFO main 598265] Scout.Query -> Scout.GotoCenter | Drive to others reported pos
