[14 INFO main 26] Initialising Python Geth Console...
[14 INFO main 31] Initialising RandB board...
[14 INFO main 31] Initialising navigation...
[14 INFO main 31] Initialising random-walk...
[14 INFO main 31] Initialising odometry...
[14 INFO main 31] Initialising ground-sensors...
[14 INFO main 146] --//-- Starting Experiment --//--
[14 INFO main 1617] Idle.IDLE -> Scout.Query | Duration: 26.05
[14 INFO main 10337] Scout.Query -> Verify.DriveTo | Go to unverified source
[14 INFO main 44203] Verify.DriveTo -> Verify.Homing | Homing
[14 INFO main 54542] Verify.Homing -> Scout.Query | Arrived home
[14 INFO main 61231] Confirming: 1/9
[14 INFO main 63314] Confirming: 2/9
[14 INFO main 65368] Confirming: 3/9
[14 INFO main 67450] Confirming: 4/9
[14 INFO main 69474] Confirming: 5/9
[14 INFO main 71582] Confirming: 6/9
[14 INFO main 73584] Confirming: 7/9
[14 INFO main 75669] Confirming: 8/9
[14 INFO main 77597] Confirming: 9/9
[14 INFO main 77820] Scout.Query -> Verify.DriveTo | Go to unverified source
[14 INFO main 91173] Verify.DriveTo -> Verify.Homing | Homing
[14 INFO main 95387] Verify.Homing -> Scout.Query | Arrived home
[14 INFO main 210388] Confirming: 1/9
[14 INFO main 212480] Confirming: 2/9
[14 INFO main 214552] Confirming: 3/9
[14 INFO main 218644] Confirming: 5/9
[14 INFO main 220701] Confirming: 6/9
[14 INFO main 222778] Confirming: 7/9
[14 INFO main 224872] Confirming: 8/9
[14 INFO main 227003] Confirming: 9/9
[14 INFO main 227646] Scout.Query -> Verify.DriveTo | Go to unverified source
[14 INFO main 279984] Verify.DriveTo -> Verify.Homing | Homing
[14 INFO main 300620] Confirming: 1/9
[14 INFO main 302784] Confirming: 2/9
[14 INFO main 304845] Confirming: 3/9
[14 INFO main 306948] Confirming: 4/9
[14 INFO main 309015] Confirming: 5/9
[14 INFO main 309615] Verify.Homing -> Scout.Query | Arrived home
[14 INFO main 311047] Confirming: 6/9
[14 INFO main 313105] Confirming: 7/9
[14 INFO main 315115] Confirming: 8/9
[14 INFO main 317176] Confirming: 9/9
[14 INFO main 317204] Scout.Query -> Verify.DriveTo | Go to unverified source
[14 INFO main 512044] Verify.DriveTo -> Verify.Homing | Homing
[14 INFO main 541627] Confirming: 1/9
[14 INFO main 542949] Verify.Homing -> Scout.Query | Arrived home
[14 INFO main 543746] Confirming: 2/9
[14 INFO main 545788] Confirming: 4/9
[14 INFO main 547869] Confirming: 5/9
[14 INFO main 549907] Confirming: 6/9
[14 INFO main 551915] Confirming: 7/9
[14 INFO main 554043] Confirming: 8/9
[14 INFO main 558094] Confirming: 10/9
[14 INFO main 558750] Scout.Query -> Verify.DriveTo | Go to unverified source
[14 INFO main 607858] Verify.DriveTo -> Verify.Homing | Homing
[14 INFO main 627638] Verify.Homing -> Scout.Query | Arrived home
[14 INFO main 630860] Confirming: 1/9
[14 INFO main 632971] Confirming: 2/9
[14 INFO main 635045] Confirming: 3/9
[14 INFO main 637144] Confirming: 4/9
[14 INFO main 639220] Confirming: 5/9
[14 INFO main 641255] Confirming: 6/9
[14 INFO main 643278] Confirming: 7/9
[14 INFO main 645300] Confirming: 8/9
[14 INFO main 647335] Confirming: 9/9
[14 INFO main 647872] Scout.Query -> Verify.DriveTo | Go to unverified source
[14 INFO main 761960] Verify.DriveTo -> Verify.Homing | Homing
[14 INFO main 780764] Confirming: 1/9
[14 INFO main 782876] Confirming: 2/9
[14 INFO main 783714] Verify.Homing -> Scout.Query | Arrived home
[14 INFO main 784941] Confirming: 3/9
[14 INFO main 787009] Confirming: 4/9
[14 INFO main 789066] Confirming: 5/9
[14 INFO main 791073] Confirming: 6/9
[14 INFO main 793111] Confirming: 7/9
[14 INFO main 795288] Confirming: 8/9
[14 INFO main 797343] Confirming: 9/9
[14 INFO main 798090] Scout.Query -> Verify.DriveTo | Go to unverified source
[14 INFO main 852476] Verify.DriveTo -> Verify.Homing | Homing
[14 INFO main 868618] Verify.Homing -> Scout.Query | Arrived home
[14 INFO main 871482] Confirming: 1/9
[14 INFO main 873686] Confirming: 2/9
[14 INFO main 875711] Confirming: 4/9
[14 INFO main 877757] Confirming: 5/9
[14 INFO main 881837] Confirming: 7/9
[14 INFO main 883912] Confirming: 8/9
[14 INFO main 885922] Confirming: 9/9
[14 INFO main 886020] Scout.Query -> Verify.DriveTo | Go to unverified source
[14 INFO main 926092] Verify.DriveTo -> Verify.Homing | Homing
[14 INFO main 930253] Confirming: 1/9
[14 INFO main 932314] Confirming: 2/9
[14 INFO main 934317] Confirming: 3/9
[14 INFO main 936337] Confirming: 4/9
[14 INFO main 938461] Confirming: 5/9
[14 INFO main 940514] Confirming: 6/9
[14 INFO main 942541] Confirming: 7/9
[14 INFO main 942769] Verify.Homing -> Scout.Query | Arrived home
[14 INFO main 944652] Confirming: 8/9
[14 INFO main 946669] Confirming: 9/9
[14 INFO main 947250] Scout.Query -> Verify.DriveTo | Go to unverified source
[14 INFO main 1010500] Verify.DriveTo -> Verify.Homing | Homing
[14 INFO main 1021012] Confirming: 1/9
[14 INFO main 1023217] Confirming: 2/9
[14 INFO main 1025534] Confirming: 3/9
[14 INFO main 1027584] Confirming: 4/9
[14 INFO main 1029717] Confirming: 6/9
[14 INFO main 1031793] Confirming: 7/9
[14 INFO main 1035622] Verify.Homing -> Scout.Query | Arrived home
[14 INFO main 1035859] Confirming: 9/9
[14 INFO main 1036704] Scout.Query -> Verify.DriveTo | Go to unverified source
[14 INFO main 1147533] Verify.DriveTo -> Verify.Homing | Homing
[14 INFO main 1160664] Verify.Homing -> Scout.Query | Arrived home
[14 INFO main 1162156] Confirming: 1/9
[14 INFO main 1164186] Confirming: 2/9
[14 INFO main 1166272] Confirming: 3/9
[14 INFO main 1168383] Confirming: 4/9
[14 INFO main 1170482] Confirming: 5/9
[14 INFO main 1172604] Confirming: 6/9
[14 INFO main 1174636] Confirming: 7/9
[14 INFO main 1176678] Confirming: 8/9
[14 INFO main 1178706] Confirming: 9/9
[14 INFO main 1179301] Scout.Query -> Verify.DriveTo | Go to unverified source
[14 INFO main 1196848] Verify.DriveTo -> Verify.Homing | Homing
[14 INFO main 1200852] Verify.Homing -> Scout.Query | Arrived home
[14 INFO main 1238468] Confirming: 1/9
[14 INFO main 1240569] Confirming: 2/9
[14 INFO main 1242634] Confirming: 3/9
[14 INFO main 1244653] Confirming: 4/9
[14 INFO main 1246740] Confirming: 5/9
[14 INFO main 1248827] Confirming: 6/9
[14 INFO main 1250862] Confirming: 7/9
[14 INFO main 1252870] Confirming: 8/9
[14 INFO main 1254971] Confirming: 9/9
[14 INFO main 1255475] Scout.Query -> Verify.DriveTo | Go to unverified source
[14 INFO main 1281755] Verify.DriveTo -> Verify.Homing | Homing
[14 INFO main 1302022] Verify.Homing -> Scout.Query | Arrived home
[14 INFO main 1322236] Confirming: 2/9
[14 INFO main 1324279] Confirming: 3/9
[14 INFO main 1326285] Confirming: 4/9
[14 INFO main 1328378] Confirming: 5/9
[14 INFO main 1332477] Confirming: 7/9
[14 INFO main 1334561] Confirming: 8/9
[14 INFO main 1336584] Confirming: 9/9
[14 INFO main 1337280] Scout.Query -> Verify.DriveTo | Go to unverified source
[14 INFO main 1358556] Verify.DriveTo -> Verify.Homing | Homing
[14 INFO main 1366990] Confirming: 1/9
[14 INFO main 1369004] Confirming: 2/9
[14 INFO main 1371132] Confirming: 3/9
[14 INFO main 1373140] Confirming: 4/9
[14 INFO main 1375187] Confirming: 5/9
[14 INFO main 1376645] Verify.Homing -> Scout.Query | Arrived home
[14 INFO main 1377296] Confirming: 6/9
[14 INFO main 1379355] Confirming: 7/9
[14 INFO main 1381424] Confirming: 8/9
[14 INFO main 1383506] Confirming: 9/9
[14 INFO main 1383547] Scout.Query -> Verify.DriveTo | Go to unverified source
[14 INFO main 1457719] Verify.DriveTo -> Verify.Homing | Homing
[14 INFO main 1472120] Confirming: 1/9
[14 INFO main 1474183] Confirming: 2/9
[14 INFO main 1476265] Confirming: 4/9
[14 INFO main 1476397] Verify.Homing -> Scout.Query | Arrived home
[14 INFO main 1478383] Confirming: 5/9
[14 INFO main 1480431] Confirming: 6/9
[14 INFO main 1482465] Confirming: 7/9
[14 INFO main 1484573] Confirming: 8/9
[14 INFO main 1486636] Confirming: 9/9
[14 INFO main 1487111] Scout.Query -> Verify.DriveTo | Go to unverified source
[14 INFO main 1607633] Verify.DriveTo -> Verify.Homing | Homing
[14 INFO main 1615997] Confirming: 1/9
[14 INFO main 1618060] Confirming: 2/9
[14 INFO main 1618191] Verify.Homing -> Scout.Query | Arrived home
[14 INFO main 1620198] Confirming: 3/9
[14 INFO main 1622430] Confirming: 4/9
[14 INFO main 1624464] Confirming: 5/9
[14 INFO main 1626509] Confirming: 6/9
[14 INFO main 1628743] Confirming: 7/9
[14 INFO main 1630813] Confirming: 8/9
[14 INFO main 1632872] Confirming: 9/9
[14 INFO main 1632907] Scout.Query -> Verify.DriveTo | Go to unverified source
[14 INFO main 1763786] Verify.DriveTo -> Verify.Homing | Homing
[14 INFO main 1770271] Confirming: 1/9
[14 INFO main 1772411] Confirming: 2/9
[14 INFO main 1774673] Confirming: 3/9
[14 INFO main 1776826] Confirming: 4/9
[14 INFO main 1778886] Confirming: 5/9
[14 INFO main 1780946] Confirming: 6/9
[14 INFO main 1783035] Confirming: 7/9
[14 INFO main 1785081] Confirming: 8/9
[14 INFO main 1787193] Confirming: 9/9
[14 INFO main 1789442] Verify.Homing -> Scout.Query | Arrived home
[14 INFO main 1789766] Scout.Query -> Verify.DriveTo | Go to unverified source
[14 INFO main 1839605] Verify.DriveTo -> Verify.Homing | Homing
[14 INFO main 1856744] Verify.Homing -> Scout.Query | Arrived home
[14 INFO main 1860934] Confirming: 1/9
[14 INFO main 1862951] Confirming: 2/9
[14 INFO main 1864997] Confirming: 3/9
[14 INFO main 1867051] Confirming: 4/9
[14 INFO main 1869148] Confirming: 5/9
[14 INFO main 1871212] Confirming: 6/9
[14 INFO main 1873338] Confirming: 7/9
[14 INFO main 1875404] Confirming: 8/9
[14 INFO main 1877425] Confirming: 9/9
[14 INFO main 1877467] Scout.Query -> Verify.DriveTo | Go to unverified source
[14 INFO main 1899448] Verify.DriveTo -> Verify.Homing | Homing
[14 INFO main 1910749] Verify.Homing -> Scout.Query | Arrived home
[14 INFO main 1920228] Confirming: 1/9
[14 INFO main 1924284] Confirming: 2/9
[14 INFO main 1926299] Confirming: 4/9
[14 INFO main 1928297] Confirming: 5/9
[14 INFO main 1930369] Confirming: 6/9
[14 INFO main 1932332] Confirming: 7/9
[14 INFO main 1934430] Confirming: 8/9
[14 INFO main 1936557] Confirming: 9/9
[14 INFO main 1936641] Scout.Query -> Verify.DriveTo | Go to unverified source
[14 INFO main 1952256] Verify.DriveTo -> Verify.Homing | Homing
[14 INFO main 1966994] Verify.Homing -> Scout.Query | Arrived home
[14 INFO main 1981858] Confirming: 2/9
[14 INFO main 1983851] Confirming: 3/9
[14 INFO main 1985874] Confirming: 4/9
[14 INFO main 1988211] Confirming: 5/9
[14 INFO main 1990291] Confirming: 6/9
[14 INFO main 1992292] Confirming: 7/9
[14 INFO main 1994303] Confirming: 8/9
[14 INFO main 1996484] Confirming: 9/9
[14 INFO main 1996993] Scout.Query -> Verify.DriveTo | Go to unverified source
[14 INFO main 2064466] Verify.DriveTo -> Verify.Homing | Homing
[14 INFO main 2071148] Confirming: 1/9
[14 INFO main 2073206] Confirming: 2/9
[14 INFO main 2075275] Confirming: 3/9
[14 INFO main 2075401] Verify.Homing -> Scout.Query | Arrived home
[14 INFO main 2077341] Confirming: 4/9
[14 INFO main 2079473] Confirming: 5/9
[14 INFO main 2081770] Confirming: 7/9
[14 INFO main 2085915] Confirming: 8/9
[14 INFO main 2087936] Confirming: 10/9
[14 INFO main 2088482] Scout.Query -> Verify.DriveTo | Go to unverified source
[14 INFO main 2110550] Verify.DriveTo -> Verify.Homing | Homing
[14 INFO main 2122967] Verify.Homing -> Scout.Query | Arrived home
[14 INFO main 2129858] Confirming: 1/9
[14 INFO main 2131957] Confirming: 2/9
[14 INFO main 2136076] Confirming: 4/9
[14 INFO main 2138089] Confirming: 5/9
[14 INFO main 2140091] Confirming: 6/9
[14 INFO main 2142296] Confirming: 7/9
[14 INFO main 2144295] Confirming: 8/9
[14 INFO main 2146404] Confirming: 9/9
[14 INFO main 2146907] Scout.Query -> Verify.DriveTo | Go to unverified source
[14 INFO main 2228757] Verify.DriveTo -> Verify.Homing | Homing
[14 INFO main 2243146] Confirming: 3/9
[14 INFO main 2245316] Confirming: 4/9
[14 INFO main 2247440] Confirming: 5/9
[14 INFO main 2249507] Confirming: 6/9
[14 INFO main 2251596] Confirming: 7/9
[14 INFO main 2253690] Confirming: 9/9
[14 INFO main 2258028] Verify.Homing -> Scout.Query | Arrived home
[14 INFO main 2258275] Scout.Query -> Verify.DriveTo | Go to unverified source
[14 INFO main 2306078] Verify.DriveTo -> Verify.Homing | Homing
[14 INFO main 2323289] Confirming: 1/9
[14 INFO main 2325333] Confirming: 2/9
[14 INFO main 2325334] Verify.Homing -> Scout.Query | Arrived home
[14 INFO main 2327460] Confirming: 3/9
[14 INFO main 2329624] Confirming: 4/9
[14 INFO main 2331677] Confirming: 5/9
[14 INFO main 2333733] Confirming: 6/9
[14 INFO main 2335824] Confirming: 8/9
[14 INFO main 2337925] Confirming: 9/9
[14 INFO main 2338453] Scout.Query -> Verify.DriveTo | Go to unverified source
[14 INFO main 2441449] Verify.DriveTo -> Verify.Homing | Homing
[14 INFO main 2460544] Confirming: 1/9
[14 INFO main 2461956] Verify.Homing -> Scout.Query | Arrived home
[14 INFO main 2462629] Confirming: 2/9
[14 INFO main 2464678] Confirming: 3/9
[14 INFO main 2466818] Confirming: 4/9
[14 INFO main 2469001] Confirming: 5/9
[14 INFO main 2471256] Confirming: 6/9
[14 INFO main 2473337] Confirming: 7/9
[14 INFO main 2475337] Confirming: 8/9
[14 INFO main 2477409] Confirming: 9/9
[14 INFO main 2477919] Scout.Query -> Verify.DriveTo | Go to unverified source
[14 INFO main 2536550] Verify.DriveTo -> Verify.Homing | Homing
[14 INFO main 2551641] Confirming: 1/9
[14 INFO main 2554014] Confirming: 3/9
[14 INFO main 2556120] Confirming: 4/9
[14 INFO main 2558144] Confirming: 5/9
[14 INFO main 2560437] Confirming: 6/9
[14 INFO main 2562483] Confirming: 7/9
[14 INFO main 2564602] Confirming: 8/9
[14 INFO main 2566652] Confirming: 9/9
[14 INFO main 2587392] Verify.Homing -> Scout.Query | Arrived home
[14 INFO main 2587713] Scout.Query -> Verify.DriveTo | Go to unverified source
[14 INFO main 2634934] Verify.DriveTo -> Verify.Homing | Homing
[14 INFO main 2641185] Confirming: 1/9
[14 INFO main 2643224] Confirming: 2/9
[14 INFO main 2645258] Confirming: 3/9
[14 INFO main 2647394] Confirming: 4/9
[14 INFO main 2649524] Confirming: 5/9
[14 INFO main 2651556] Confirming: 6/9
[14 INFO main 2653594] Confirming: 7/9
[14 INFO main 2655625] Confirming: 8/9
[14 INFO main 2657694] Confirming: 10/9
[14 INFO main 2665043] Verify.Homing -> Scout.Query | Arrived home
[14 INFO main 2665105] Scout.Query -> Verify.DriveTo | Go to unverified source
[14 INFO main 2715916] Verify.DriveTo -> Verify.Homing | Homing
[14 INFO main 2731568] Confirming: 1/9
[14 INFO main 2733638] Confirming: 2/9
[14 INFO main 2735885] Confirming: 3/9
[14 INFO main 2736163] Verify.Homing -> Scout.Query | Arrived home
[14 INFO main 2738432] Confirming: 5/9
[14 INFO main 2740634] Confirming: 6/9
[14 INFO main 2742837] Confirming: 7/9
[14 INFO main 2744927] Confirming: 8/9
[14 INFO main 2747060] Confirming: 9/9
[14 INFO main 2747355] Scout.Query -> Verify.DriveTo | Go to unverified source
[14 INFO main 2969883] Verify.DriveTo -> Verify.Homing | Homing
[14 INFO main 3001614] Verify.Homing -> Scout.Query | Arrived home
[14 INFO main 3018594] Confirming: 10/9
[14 INFO main 3018726] Scout.Query -> Verify.DriveTo | Go to unverified source
[14 INFO main 3077242] Verify.DriveTo -> Verify.Homing | Homing
[14 INFO main 3090299] Confirming: 1/9
[14 INFO main 3092375] Confirming: 2/9
[14 INFO main 3094430] Confirming: 3/9
[14 INFO main 3096448] Confirming: 4/9
[14 INFO main 3098548] Confirming: 5/9
[14 INFO main 3100555] Confirming: 6/9
[14 INFO main 3103028] Confirming: 7/9
[14 INFO main 3103572] Verify.Homing -> Scout.Query | Arrived home
[14 INFO main 3105517] Confirming: 8/9
[14 INFO main 3107534] Confirming: 9/9
[14 INFO main 3108051] Scout.Query -> Verify.DriveTo | Go to unverified source
[14 INFO main 3254065] Verify.DriveTo -> Verify.Homing | Homing
[14 INFO main 3271039] Confirming: 1/9
[14 INFO main 3273136] Confirming: 2/9
[14 INFO main 3275184] Confirming: 3/9
[14 INFO main 3277228] Confirming: 4/9
[14 INFO main 3279246] Confirming: 5/9
[14 INFO main 3281433] Confirming: 6/9
[14 INFO main 3283563] Confirming: 7/9
[14 INFO main 3285821] Confirming: 8/9
[14 INFO main 3288058] Confirming: 10/9
[14 INFO main 3289689] Verify.Homing -> Scout.Query | Arrived home
[14 INFO main 3289850] Scout.Query -> Verify.DriveTo | Go to unverified source
[14 INFO main 3302928] Verify.DriveTo -> Verify.Homing | Homing
[14 INFO main 3310772] Verify.Homing -> Scout.Query | Arrived home
[14 INFO main 3330534] Confirming: 1/9
[14 INFO main 3332584] Confirming: 2/9
[14 INFO main 3336744] Confirming: 4/9
[14 INFO main 3338884] Confirming: 5/9
[14 INFO main 3340960] Confirming: 6/9
[14 INFO main 3342971] Confirming: 7/9
[14 INFO main 3345018] Confirming: 8/9
[14 INFO main 3347089] Confirming: 9/9
[14 INFO main 3347758] Scout.Query -> Verify.DriveTo | Go to unverified source
[14 INFO main 3400733] Verify.DriveTo -> Verify.Homing | Homing
[14 INFO main 3419261] Verify.Homing -> Scout.Query | Arrived home
[14 INFO main 3420421] Confirming: 1/9
[14 INFO main 3422521] Confirming: 2/9
[14 INFO main 3424644] Confirming: 3/9
[14 INFO main 3426747] Confirming: 4/9
[14 INFO main 3428808] Confirming: 5/9
[14 INFO main 3430821] Confirming: 6/9
[14 INFO main 3432912] Confirming: 7/9
[14 INFO main 3435252] Confirming: 8/9
[14 INFO main 3437257] Confirming: 9/9
[14 INFO main 3437729] Scout.Query -> Verify.DriveTo | Go to unverified source
[14 INFO main 3581773] Verify.DriveTo -> Verify.Homing | Homing
[14 INFO main 3596678] Verify.Homing -> Scout.Query | Arrived home
[14 INFO main 3601733] Confirming: 2/9
[14 INFO main 3603945] Confirming: 3/9
[14 INFO main 3606148] Confirming: 4/9
[14 INFO main 3608224] Confirming: 5/9
[14 INFO main 3610300] Confirming: 6/9
[14 INFO main 3612410] Confirming: 7/9
[14 INFO main 3614596] Confirming: 8/9
[14 INFO main 3616623] Confirming: 9/9
[14 INFO main 3617585] Scout.Query -> Verify.DriveTo | Go to unverified source
[14 INFO main 3778199] Verify.DriveTo -> Verify.Homing | Homing
[14 INFO main 3804878] Verify.Homing -> Scout.Query | Arrived home
[14 INFO main 3811865] Confirming: 1/9
[14 INFO main 3813937] Confirming: 2/9
[14 INFO main 3816033] Confirming: 3/9
[14 INFO main 3818270] Confirming: 4/9
[14 INFO main 3820276] Confirming: 5/9
[14 INFO main 3822391] Confirming: 6/9
[14 INFO main 3824407] Confirming: 7/9
[14 INFO main 3826572] Confirming: 8/9
[14 INFO main 3828656] Confirming: 9/9
[14 INFO main 3828795] Scout.Query -> Verify.DriveTo | Go to unverified source
[14 INFO main 3934829] Verify.DriveTo -> Verify.Homing | Homing
[14 INFO main 3952245] Verify.Homing -> Scout.Query | Arrived home
[14 INFO main 3962658] Confirming: 1/9
[14 INFO main 3964804] Confirming: 2/9
[14 INFO main 3966838] Confirming: 3/9
[14 INFO main 3969037] Confirming: 5/9
[14 INFO main 3971469] Confirming: 6/9
[14 INFO main 3973551] Confirming: 7/9
[14 INFO main 3975674] Confirming: 8/9
[14 INFO main 3977765] Confirming: 9/9
[14 INFO main 3977824] Scout.Query -> Verify.DriveTo | Go to unverified source
[14 INFO main 4074497] Verify.DriveTo -> Verify.Homing | Homing
[14 INFO main 4080987] Confirming: 1/9
[14 INFO main 4083063] Confirming: 2/9
[14 INFO main 4087324] Confirming: 4/9
[14 INFO main 4089367] Confirming: 5/9
[14 INFO main 4091377] Confirming: 6/9
[14 INFO main 4093502] Confirming: 7/9
[14 INFO main 4095609] Confirming: 8/9
[14 INFO main 4097710] Confirming: 9/9
[14 INFO main 4100030] Verify.Homing -> Scout.Query | Arrived home
[14 INFO main 4100309] Scout.Query -> Verify.DriveTo | Go to unverified source
[14 INFO main 4264971] Verify.DriveTo -> Verify.Homing | Homing
[14 INFO main 4292436] Confirming: 1/9
[14 INFO main 4294448] Confirming: 2/9
[14 INFO main 4296628] Confirming: 3/9
[14 INFO main 4298806] Confirming: 5/9
[14 INFO main 4300924] Confirming: 6/9
[14 INFO main 4305082] Confirming: 8/9
[14 INFO main 4307197] Confirming: 9/9
[14 INFO main 4320133] Verify.Homing -> Scout.Query | Arrived home
[14 INFO main 4320410] Scout.Query -> Verify.DriveTo | Go to unverified source
[14 INFO main 4377099] Verify.DriveTo -> Verify.Homing | Homing
[14 INFO main 4402748] Confirming: 1/9
[14 INFO main 4404917] Confirming: 2/9
[14 INFO main 4407142] Confirming: 3/9
[14 INFO main 4407680] Verify.Homing -> Scout.Query | Arrived home
[14 INFO main 4409357] Confirming: 4/9
[14 INFO main 4411413] Confirming: 5/9
[14 INFO main 4413493] Confirming: 6/9
[14 INFO main 4415760] Confirming: 7/9
[14 INFO main 4417781] Confirming: 8/9
[14 INFO main 4419799] Confirming: 9/9
[14 INFO main 4420271] Scout.Query -> Verify.DriveTo | Go to unverified source
[14 INFO main 4513505] Verify.DriveTo -> Verify.Homing | Homing
[14 INFO main 4532981] Confirming: 1/9
[14 INFO main 4535008] Confirming: 3/9
[14 INFO main 4537049] Confirming: 4/9
[14 INFO main 4539078] Confirming: 5/9
[14 INFO main 4541103] Confirming: 6/9
[14 INFO main 4543112] Confirming: 7/9
[14 INFO main 4545190] Confirming: 8/9
[14 INFO main 4547199] Confirming: 9/9
[14 INFO main 4566006] Verify.Homing -> Scout.Query | Arrived home
[14 INFO main 4566173] Scout.Query -> Verify.DriveTo | Go to unverified source
[14 INFO main 4660165] Verify.DriveTo -> Verify.Homing | Homing
[14 INFO main 4682205] Confirming: 1/9
[14 INFO main 4684308] Confirming: 2/9
[14 INFO main 4686550] Confirming: 3/9
[14 INFO main 4686856] Verify.Homing -> Scout.Query | Arrived home
[14 INFO main 4688649] Confirming: 4/9
[14 INFO main 4690743] Confirming: 6/9
[14 INFO main 4692906] Confirming: 7/9
[14 INFO main 4694952] Confirming: 8/9
[14 INFO main 4699157] Confirming: 10/9
[14 INFO main 4699499] Scout.Query -> Verify.DriveTo | Go to unverified source
[14 INFO main 4822672] Verify.DriveTo -> Verify.Homing | Homing
[14 INFO main 4830919] Confirming: 1/9
[14 INFO main 4835364] Confirming: 3/9
[14 INFO main 4837522] Confirming: 4/9
[14 INFO main 4839596] Confirming: 5/9
[14 INFO main 4841783] Confirming: 6/9
[14 INFO main 4843837] Confirming: 7/9
[14 INFO main 4845950] Confirming: 8/9
[14 INFO main 4848285] Confirming: 9/9
[14 INFO main 4852336] Verify.Homing -> Scout.Query | Arrived home
[14 INFO main 4852489] Scout.Query -> Verify.DriveTo | Go to unverified source
[14 INFO main 4957866] Verify.DriveTo -> Verify.Homing | Homing
[14 INFO main 4968752] Confirming: 1/9
[14 INFO main 4970845] Confirming: 2/9
[14 INFO main 4972924] Confirming: 3/9
[14 INFO main 4975046] Confirming: 4/9
[14 INFO main 4977296] Confirming: 5/9
[14 INFO main 4979323] Confirming: 6/9
[14 INFO main 4981395] Confirming: 7/9
[14 INFO main 4983484] Confirming: 8/9
[14 INFO main 4985530] Confirming: 9/9
[14 INFO main 4993822] Verify.Homing -> Scout.Query | Arrived home
[14 INFO main 4993964] Scout.Query -> Verify.DriveTo | Go to unverified source
[14 INFO main 5073975] Verify.DriveTo -> Verify.Homing | Homing
[14 INFO main 5100844] Verify.Homing -> Scout.Query | Arrived home
[14 INFO main 5102004] Confirming: 1/9
[14 INFO main 5104118] Confirming: 2/9
[14 INFO main 5106211] Confirming: 3/9
[14 INFO main 5108447] Confirming: 4/9
[14 INFO main 5110492] Confirming: 5/9
[14 INFO main 5112698] Confirming: 6/9
[14 INFO main 5114804] Confirming: 8/9
[14 INFO main 5117236] Confirming: 9/9
[14 INFO main 5117366] Scout.Query -> Verify.DriveTo | Go to unverified source
[14 INFO main 5148106] Verify.DriveTo -> Verify.Homing | Homing
[14 INFO main 5163501] Confirming: 2/9
[14 INFO main 5165520] Confirming: 3/9
[14 INFO main 5165650] Verify.Homing -> Scout.Query | Arrived home
[14 INFO main 5169614] Confirming: 5/9
[14 INFO main 5171615] Confirming: 6/9
[14 INFO main 5173697] Confirming: 7/9
[14 INFO main 5175723] Confirming: 8/9
[14 INFO main 5177857] Confirming: 9/9
[14 INFO main 5178356] Scout.Query -> Verify.DriveTo | Go to unverified source
[14 INFO main 5274240] Verify.DriveTo -> Verify.Homing | Homing
[14 INFO main 5281110] Confirming: 1/9
[14 INFO main 5283164] Confirming: 2/9
[14 INFO main 5285204] Confirming: 3/9
[14 INFO main 5287283] Confirming: 4/9
[14 INFO main 5289343] Confirming: 5/9
[14 INFO main 5291785] Confirming: 6/9
[14 INFO main 5293801] Confirming: 7/9
[14 INFO main 5295900] Confirming: 8/9
[14 INFO main 5298028] Confirming: 9/9
[14 INFO main 5319950] Verify.Homing -> Scout.Query | Arrived home
[14 INFO main 5320274] Scout.Query -> Verify.DriveTo | Go to unverified source
