[INFO main 24] Initialising Python Geth Console...
[INFO main 31] Initialising peer buffer...
[INFO main 31] Initialising TCP server...
[INFO main 31] Initialising RandB board...
[INFO main 31] Initialising ground-sensors...
[INFO main 32] Initialising random-walk...
[INFO main 368] Starting Experiment
[DEBUG events 11355] 0x0000000000000000000000000000000000000000
[DEBUG events 11356] Registered on-chain
[WARNING events 13355] execution reverted: Robot must register first

========= Remote Traceback (1) =========
Traceback (most recent call last):
  File "/usr/lib/python3.8/site-packages/rpyc/core/protocol.py", line 324, in _dispatch_request
    res = self._HANDLERS[handler](self, *args)
  File "/usr/lib/python3.8/site-packages/rpyc/core/protocol.py", line 592, in _handle_call
    return obj(*args, **dict(kwargs))
  File "/root/python_scripts/web3wrapper_docker.py", line 157, in exposed_call
    return self.w3if.call(function)
  File "/root/python_scripts/web3wrapper_docker.py", line 92, in call
    return getattr(self.sc.functions, func)().call()
  File "/usr/lib/python3.8/site-packages/web3/contract.py", line 957, in call
    return call_contract_function(
  File "/usr/lib/python3.8/site-packages/web3/contract.py", line 1501, in call_contract_function
    return_data = web3.eth.call(
  File "/usr/lib/python3.8/site-packages/web3/module.py", line 57, in caller
    result = w3.manager.request_blocking(method_str,
  File "/usr/lib/python3.8/site-packages/web3/manager.py", line 187, in request_blocking
    return self.formatted_response(response,
  File "/usr/lib/python3.8/site-packages/web3/manager.py", line 167, in formatted_response
    apply_error_formatters(error_formatters, response)
  File "/usr/lib/python3.8/site-packages/web3/manager.py", line 67, in apply_error_formatters
    formatted_resp = pipe(response, error_formatters)
  File "cytoolz/functoolz.pyx", line 667, in cytoolz.functoolz.pipe
  File "cytoolz/functoolz.pyx", line 642, in cytoolz.functoolz.c_pipe
  File "/usr/lib/python3.8/site-packages/web3/_utils/method_formatters.py", line 566, in raise_solidity_error_on_revert
    raise ContractLogicError(response['error']['message'])
web3.exceptions.ContractLogicError: execution reverted: Robot must register first

[INFO main 55375] Added peer: 6, enode: enode://ba542274bb634a99d9aaffdea74ff4b32af5ad85f157298d0f6b5e6a6f5a7be022b65b40c33561e3860140b6971c11c6ef99f1b3fb3e535d015a7f38032d95c0@10.0.1.9:30303?discport=0
[INFO main 62373] Removed peer: 6
[DEBUG events 71363] 0x0000000000000000000000000000000000000000
[DEBUG events 71364] Registered on-chain
[WARNING events 73347] execution reverted: Robot must register first

========= Remote Traceback (1) =========
Traceback (most recent call last):
  File "/usr/lib/python3.8/site-packages/rpyc/core/protocol.py", line 324, in _dispatch_request
    res = self._HANDLERS[handler](self, *args)
  File "/usr/lib/python3.8/site-packages/rpyc/core/protocol.py", line 592, in _handle_call
    return obj(*args, **dict(kwargs))
  File "/root/python_scripts/web3wrapper_docker.py", line 157, in exposed_call
    return self.w3if.call(function)
  File "/root/python_scripts/web3wrapper_docker.py", line 92, in call
    return getattr(self.sc.functions, func)().call()
  File "/usr/lib/python3.8/site-packages/web3/contract.py", line 957, in call
    return call_contract_function(
  File "/usr/lib/python3.8/site-packages/web3/contract.py", line 1501, in call_contract_function
    return_data = web3.eth.call(
  File "/usr/lib/python3.8/site-packages/web3/module.py", line 57, in caller
    result = w3.manager.request_blocking(method_str,
  File "/usr/lib/python3.8/site-packages/web3/manager.py", line 187, in request_blocking
    return self.formatted_response(response,
  File "/usr/lib/python3.8/site-packages/web3/manager.py", line 167, in formatted_response
    apply_error_formatters(error_formatters, response)
  File "/usr/lib/python3.8/site-packages/web3/manager.py", line 67, in apply_error_formatters
    formatted_resp = pipe(response, error_formatters)
  File "cytoolz/functoolz.pyx", line 667, in cytoolz.functoolz.pipe
  File "cytoolz/functoolz.pyx", line 642, in cytoolz.functoolz.c_pipe
  File "/usr/lib/python3.8/site-packages/web3/_utils/method_formatters.py", line 566, in raise_solidity_error_on_revert
    raise ContractLogicError(response['error']['message'])
web3.exceptions.ContractLogicError: execution reverted: Robot must register first

[INFO main 145370] Added peer: 1, enode: enode://3f0517e78b10aac4631ec0c42aeebd543456af5a6ec060ea97d12d3e7ab1650face5bc62d658d8f1a56ccb7a252c4e2a1db5202b01d9247e798b1d87e5ba9785@10.0.1.3:30303?discport=0
[INFO main 148370] Removed peer: 1
[DEBUG events 156358] 0x0000000000000000000000000000000000000000
[DEBUG events 156358] Registered on-chain
[WARNING events 158406] execution reverted: Robot must register first

========= Remote Traceback (1) =========
Traceback (most recent call last):
  File "/usr/lib/python3.8/site-packages/rpyc/core/protocol.py", line 324, in _dispatch_request
    res = self._HANDLERS[handler](self, *args)
  File "/usr/lib/python3.8/site-packages/rpyc/core/protocol.py", line 592, in _handle_call
    return obj(*args, **dict(kwargs))
  File "/root/python_scripts/web3wrapper_docker.py", line 157, in exposed_call
    return self.w3if.call(function)
  File "/root/python_scripts/web3wrapper_docker.py", line 92, in call
    return getattr(self.sc.functions, func)().call()
  File "/usr/lib/python3.8/site-packages/web3/contract.py", line 957, in call
    return call_contract_function(
  File "/usr/lib/python3.8/site-packages/web3/contract.py", line 1501, in call_contract_function
    return_data = web3.eth.call(
  File "/usr/lib/python3.8/site-packages/web3/module.py", line 57, in caller
    result = w3.manager.request_blocking(method_str,
  File "/usr/lib/python3.8/site-packages/web3/manager.py", line 187, in request_blocking
    return self.formatted_response(response,
  File "/usr/lib/python3.8/site-packages/web3/manager.py", line 167, in formatted_response
    apply_error_formatters(error_formatters, response)
  File "/usr/lib/python3.8/site-packages/web3/manager.py", line 67, in apply_error_formatters
    formatted_resp = pipe(response, error_formatters)
  File "cytoolz/functoolz.pyx", line 667, in cytoolz.functoolz.pipe
  File "cytoolz/functoolz.pyx", line 642, in cytoolz.functoolz.c_pipe
  File "/usr/lib/python3.8/site-packages/web3/_utils/method_formatters.py", line 566, in raise_solidity_error_on_revert
    raise ContractLogicError(response['error']['message'])
web3.exceptions.ContractLogicError: execution reverted: Robot must register first

[INFO main 193421] Added peer: 6, enode: enode://ba542274bb634a99d9aaffdea74ff4b32af5ad85f157298d0f6b5e6a6f5a7be022b65b40c33561e3860140b6971c11c6ef99f1b3fb3e535d015a7f38032d95c0@10.0.1.9:30303?discport=0
[INFO main 201375] Removed peer: 6
[DEBUG events 203364] 0x633462025cF12D347C0dF50B2114E65aa364f0a6
[DEBUG events 203367] Registered on-chain
[DEBUG events 214382] Asked for UBI: 80
[DEBUG events 222429] 0x633462025cF12D347C0dF50B2114E65aa364f0a6
[DEBUG events 222429] Registered on-chain
[DEBUG events 231436] Asked for UBI: 80
[INFO main 241430] Added peer: 5, enode: enode://f956d9aca296f3429f9e540f7bf9db5f0d5bab62a049ab4a5c7c7ce63667f74823be883bf52e855be4e2051c47cf175ad171de2abe7246d3a5468a3eba5b3659@10.0.1.8:30303?discport=0
[INFO main 243432] Removed peer: 5
[INFO main 298438] Added peer: 2, enode: enode://b9a676c7350a2d0e7e06ceab109e23f8c9a66e728a0310cd36d41e4a1fd5a7156c9119ad261f8b7bc9ac3626499addffdf073c0ba40f2479bacce2724ebd0de2@10.0.1.5:30303?discport=0
[INFO main 299455] Removed peer: 2
[DEBUG events 318406] 0x633462025cF12D347C0dF50B2114E65aa364f0a6
[DEBUG events 318408] Registered on-chain
[DEBUG events 327445] Asked for UBI: 80
[INFO main 334396] Added peer: 6, enode: enode://ba542274bb634a99d9aaffdea74ff4b32af5ad85f157298d0f6b5e6a6f5a7be022b65b40c33561e3860140b6971c11c6ef99f1b3fb3e535d015a7f38032d95c0@10.0.1.9:30303?discport=0
[INFO main 337454] Added peer: 8, enode: enode://7d7162c3e0a4e07b2d2549443acfe354ff80d74fe5a51d6f5afe71f5e07320d5454f59f96d22a7134b32840918e0efae34505c445dca2cdee248d5f599e2f984@10.0.1.4:30303?discport=0
[INFO main 339398] Removed peer: 6
[INFO main 343375] Removed peer: 8
[INFO main 375408] Added peer: 5, enode: enode://f956d9aca296f3429f9e540f7bf9db5f0d5bab62a049ab4a5c7c7ce63667f74823be883bf52e855be4e2051c47cf175ad171de2abe7246d3a5468a3eba5b3659@10.0.1.8:30303?discport=0
[INFO main 379394] Removed peer: 5
[DEBUG events 384382] 0x633462025cF12D347C0dF50B2114E65aa364f0a6
[DEBUG events 384382] Registered on-chain
[INFO main 390408] Added peer: 6, enode: enode://ba542274bb634a99d9aaffdea74ff4b32af5ad85f157298d0f6b5e6a6f5a7be022b65b40c33561e3860140b6971c11c6ef99f1b3fb3e535d015a7f38032d95c0@10.0.1.9:30303?discport=0
[DEBUG events 392405] Updated mean
[INFO main 392409] Removed peer: 6
[DEBUG voting 393438] Voted successfully: 0.00 (1/1)
[INFO main 400381] Added peer: 5, enode: enode://f956d9aca296f3429f9e540f7bf9db5f0d5bab62a049ab4a5c7c7ce63667f74823be883bf52e855be4e2051c47cf175ad171de2abe7246d3a5468a3eba5b3659@10.0.1.8:30303?discport=0
[INFO main 403389] Removed peer: 5
[INFO main 413389] Added peer: 3, enode: enode://5a6f39b8f3db4a6c7a7b29ebb4347d7b5290fdc41a4cd7968f2d2849253b0e800990ca16f67089a75bfdf4c34c70979e82c24f6e235425776ffb8d808484fbdc@10.0.1.6:30303?discport=0
[INFO main 419391] Removed peer: 3
[INFO main 443402] Added peer: 1, enode: enode://3f0517e78b10aac4631ec0c42aeebd543456af5a6ec060ea97d12d3e7ab1650face5bc62d658d8f1a56ccb7a252c4e2a1db5202b01d9247e798b1d87e5ba9785@10.0.1.3:30303?discport=0
[INFO main 449455] Added peer: 2, enode: enode://b9a676c7350a2d0e7e06ceab109e23f8c9a66e728a0310cd36d41e4a1fd5a7156c9119ad261f8b7bc9ac3626499addffdf073c0ba40f2479bacce2724ebd0de2@10.0.1.5:30303?discport=0
[INFO main 450423] Removed peer: 1
[INFO main 455409] Removed peer: 2
[DEBUG events 456442] 0x633462025cF12D347C0dF50B2114E65aa364f0a6
[DEBUG events 456445] Registered on-chain
[DEBUG events 463441] Asked for UBI: 20
[DEBUG voting 465408] Voted successfully: 0.00 (1/1)
[INFO main 468392] Added peer: 8, enode: enode://7d7162c3e0a4e07b2d2549443acfe354ff80d74fe5a51d6f5afe71f5e07320d5454f59f96d22a7134b32840918e0efae34505c445dca2cdee248d5f599e2f984@10.0.1.4:30303?discport=0
[INFO main 471479] Added peer: 7, enode: enode://faddafcfa9f633175b6b58574992e9b052e4ab81a8212c3d6217194e9b19be2d5484889a612e4a359d71ecf57a597138376a52412f1bb8c00bd90b8d1a4ad242@10.0.1.10:30303?discport=0
[INFO main 475395] Removed peer: 8
[INFO main 476392] Removed peer: 7
[DEBUG events 478408] 0x633462025cF12D347C0dF50B2114E65aa364f0a6
[DEBUG events 478414] Registered on-chain
[DEBUG events 486390] Asked for UBI: 20
[DEBUG voting 488436] Voted successfully: 0.00 (1/1)
[INFO main 586402] Added peer: 7, enode: enode://faddafcfa9f633175b6b58574992e9b052e4ab81a8212c3d6217194e9b19be2d5484889a612e4a359d71ecf57a597138376a52412f1bb8c00bd90b8d1a4ad242@10.0.1.10:30303?discport=0
[INFO main 591443] Removed peer: 7
[INFO main 593417] Added peer: 3, enode: enode://5a6f39b8f3db4a6c7a7b29ebb4347d7b5290fdc41a4cd7968f2d2849253b0e800990ca16f67089a75bfdf4c34c70979e82c24f6e235425776ffb8d808484fbdc@10.0.1.6:30303?discport=0
[INFO main 595421] Removed peer: 3
[DEBUG events 605455] 0x633462025cF12D347C0dF50B2114E65aa364f0a6
[DEBUG events 605455] Registered on-chain
[INFO main 608466] Added peer: 7, enode: enode://faddafcfa9f633175b6b58574992e9b052e4ab81a8212c3d6217194e9b19be2d5484889a612e4a359d71ecf57a597138376a52412f1bb8c00bd90b8d1a4ad242@10.0.1.10:30303?discport=0
[INFO main 613407] Removed peer: 7
[INFO main 624412] Added peer: 3, enode: enode://5a6f39b8f3db4a6c7a7b29ebb4347d7b5290fdc41a4cd7968f2d2849253b0e800990ca16f67089a75bfdf4c34c70979e82c24f6e235425776ffb8d808484fbdc@10.0.1.6:30303?discport=0
[INFO main 625428] Removed peer: 3
[INFO main 672413] Added peer: 1, enode: enode://3f0517e78b10aac4631ec0c42aeebd543456af5a6ec060ea97d12d3e7ab1650face5bc62d658d8f1a56ccb7a252c4e2a1db5202b01d9247e798b1d87e5ba9785@10.0.1.3:30303?discport=0
[INFO main 679442] Removed peer: 1
[DEBUG events 682474] 0x633462025cF12D347C0dF50B2114E65aa364f0a6
[DEBUG events 682476] Registered on-chain
[INFO main 685476] Added peer: 5, enode: enode://f956d9aca296f3429f9e540f7bf9db5f0d5bab62a049ab4a5c7c7ce63667f74823be883bf52e855be4e2051c47cf175ad171de2abe7246d3a5468a3eba5b3659@10.0.1.8:30303?discport=0
[INFO main 689433] Added peer: 1, enode: enode://3f0517e78b10aac4631ec0c42aeebd543456af5a6ec060ea97d12d3e7ab1650face5bc62d658d8f1a56ccb7a252c4e2a1db5202b01d9247e798b1d87e5ba9785@10.0.1.3:30303?discport=0
[DEBUG events 691462] Updated mean
[INFO main 692477] Removed peer: 1
[INFO main 694432] Removed peer: 5
[DEBUG events 704481] 0x633462025cF12D347C0dF50B2114E65aa364f0a6
[DEBUG events 704481] Registered on-chain
[DEBUG events 713416] Updated mean
[INFO main 742467] Added peer: 8, enode: enode://7d7162c3e0a4e07b2d2549443acfe354ff80d74fe5a51d6f5afe71f5e07320d5454f59f96d22a7134b32840918e0efae34505c445dca2cdee248d5f599e2f984@10.0.1.4:30303?discport=0
[DEBUG events 749437] 0x633462025cF12D347C0dF50B2114E65aa364f0a6
[DEBUG events 749438] Registered on-chain
[INFO main 750418] Removed peer: 8
[DEBUG events 759431] Updated mean
[DEBUG events 768428] 0x633462025cF12D347C0dF50B2114E65aa364f0a6
[DEBUG events 768430] Registered on-chain
[DEBUG events 775439] Updated mean
[INFO main 792421] Added peer: 6, enode: enode://ba542274bb634a99d9aaffdea74ff4b32af5ad85f157298d0f6b5e6a6f5a7be022b65b40c33561e3860140b6971c11c6ef99f1b3fb3e535d015a7f38032d95c0@10.0.1.9:30303?discport=0
[INFO main 795448] Removed peer: 6
[INFO main 845435] Added peer: 1, enode: enode://3f0517e78b10aac4631ec0c42aeebd543456af5a6ec060ea97d12d3e7ab1650face5bc62d658d8f1a56ccb7a252c4e2a1db5202b01d9247e798b1d87e5ba9785@10.0.1.3:30303?discport=0
[INFO main 849431] Removed peer: 1
[INFO main 879505] Added peer: 8, enode: enode://7d7162c3e0a4e07b2d2549443acfe354ff80d74fe5a51d6f5afe71f5e07320d5454f59f96d22a7134b32840918e0efae34505c445dca2cdee248d5f599e2f984@10.0.1.4:30303?discport=0
[INFO main 884444] Removed peer: 8
[DEBUG events 886453] 0x633462025cF12D347C0dF50B2114E65aa364f0a6
[DEBUG events 886456] Registered on-chain
[INFO main 927447] Added peer: 7, enode: enode://faddafcfa9f633175b6b58574992e9b052e4ab81a8212c3d6217194e9b19be2d5484889a612e4a359d71ecf57a597138376a52412f1bb8c00bd90b8d1a4ad242@10.0.1.10:30303?discport=0
[INFO main 930491] Removed peer: 7
[INFO main 935449] Added peer: 6, enode: enode://ba542274bb634a99d9aaffdea74ff4b32af5ad85f157298d0f6b5e6a6f5a7be022b65b40c33561e3860140b6971c11c6ef99f1b3fb3e535d015a7f38032d95c0@10.0.1.9:30303?discport=0
[DEBUG events 940454] 0x633462025cF12D347C0dF50B2114E65aa364f0a6
[DEBUG events 940455] Registered on-chain
[INFO main 941482] Removed peer: 6
[DEBUG events 949484] Asked for UBI: 20
[DEBUG events 957440] 0x633462025cF12D347C0dF50B2114E65aa364f0a6
[DEBUG events 957440] Registered on-chain
[DEBUG events 966461] Asked for UBI: 20
[INFO main 968462] Added peer: 6, enode: enode://ba542274bb634a99d9aaffdea74ff4b32af5ad85f157298d0f6b5e6a6f5a7be022b65b40c33561e3860140b6971c11c6ef99f1b3fb3e535d015a7f38032d95c0@10.0.1.9:30303?discport=0
[INFO main 973442] Removed peer: 6
[DEBUG events 976503] 0x633462025cF12D347C0dF50B2114E65aa364f0a6
[DEBUG events 976503] Registered on-chain
[DEBUG events 986493] Asked for UBI: 20
[DEBUG events 988466] Updated mean
[INFO main 989518] Added peer: 7, enode: enode://faddafcfa9f633175b6b58574992e9b052e4ab81a8212c3d6217194e9b19be2d5484889a612e4a359d71ecf57a597138376a52412f1bb8c00bd90b8d1a4ad242@10.0.1.10:30303?discport=0
[INFO main 994503] Removed peer: 7
[INFO main 1051476] Added peer: 1, enode: enode://3f0517e78b10aac4631ec0c42aeebd543456af5a6ec060ea97d12d3e7ab1650face5bc62d658d8f1a56ccb7a252c4e2a1db5202b01d9247e798b1d87e5ba9785@10.0.1.3:30303?discport=0
[INFO main 1056470] Removed peer: 1
[DEBUG events 1060506] 0x633462025cF12D347C0dF50B2114E65aa364f0a6
[DEBUG events 1060507] Registered on-chain
[INFO main 1111540] Added peer: 5, enode: enode://f956d9aca296f3429f9e540f7bf9db5f0d5bab62a049ab4a5c7c7ce63667f74823be883bf52e855be4e2051c47cf175ad171de2abe7246d3a5468a3eba5b3659@10.0.1.8:30303?discport=0
[INFO main 1115474] Added peer: 2, enode: enode://b9a676c7350a2d0e7e06ceab109e23f8c9a66e728a0310cd36d41e4a1fd5a7156c9119ad261f8b7bc9ac3626499addffdf073c0ba40f2479bacce2724ebd0de2@10.0.1.5:30303?discport=0
[INFO main 1117475] Removed peer: 2
[INFO main 1118467] Removed peer: 5
[DEBUG events 1119505] 0x633462025cF12D347C0dF50B2114E65aa364f0a6
[DEBUG events 1119506] Registered on-chain
[DEBUG events 1133512] 0x633462025cF12D347C0dF50B2114E65aa364f0a6
[DEBUG events 1133514] Registered on-chain
[INFO main 1149499] Added peer: 1, enode: enode://3f0517e78b10aac4631ec0c42aeebd543456af5a6ec060ea97d12d3e7ab1650face5bc62d658d8f1a56ccb7a252c4e2a1db5202b01d9247e798b1d87e5ba9785@10.0.1.3:30303?discport=0
[INFO main 1155464] Removed peer: 1
[DEBUG events 1156498] 0x633462025cF12D347C0dF50B2114E65aa364f0a6
[DEBUG events 1156504] Registered on-chain
[INFO main 1182476] Added peer: 6, enode: enode://ba542274bb634a99d9aaffdea74ff4b32af5ad85f157298d0f6b5e6a6f5a7be022b65b40c33561e3860140b6971c11c6ef99f1b3fb3e535d015a7f38032d95c0@10.0.1.9:30303?discport=0
[INFO main 1185494] Added peer: 7, enode: enode://faddafcfa9f633175b6b58574992e9b052e4ab81a8212c3d6217194e9b19be2d5484889a612e4a359d71ecf57a597138376a52412f1bb8c00bd90b8d1a4ad242@10.0.1.10:30303?discport=0
[INFO main 1189472] Removed peer: 6
[INFO main 1190498] Removed peer: 7
[DEBUG events 1196464] 0x633462025cF12D347C0dF50B2114E65aa364f0a6
[DEBUG events 1196467] Registered on-chain
[DEBUG events 1203476] Updated mean
[INFO main 1252515] Added peer: 2, enode: enode://b9a676c7350a2d0e7e06ceab109e23f8c9a66e728a0310cd36d41e4a1fd5a7156c9119ad261f8b7bc9ac3626499addffdf073c0ba40f2479bacce2724ebd0de2@10.0.1.5:30303?discport=0
[INFO main 1254545] Removed peer: 2
[DEBUG events 1260504] 0x633462025cF12D347C0dF50B2114E65aa364f0a6
[DEBUG events 1260506] Registered on-chain
[INFO main 1290500] Added peer: 7, enode: enode://faddafcfa9f633175b6b58574992e9b052e4ab81a8212c3d6217194e9b19be2d5484889a612e4a359d71ecf57a597138376a52412f1bb8c00bd90b8d1a4ad242@10.0.1.10:30303?discport=0
[INFO main 1295504] Removed peer: 7
[INFO main 1312539] Added peer: 1, enode: enode://3f0517e78b10aac4631ec0c42aeebd543456af5a6ec060ea97d12d3e7ab1650face5bc62d658d8f1a56ccb7a252c4e2a1db5202b01d9247e798b1d87e5ba9785@10.0.1.3:30303?discport=0
[DEBUG events 1317544] 0x633462025cF12D347C0dF50B2114E65aa364f0a6
[DEBUG events 1317544] Registered on-chain
[INFO main 1317546] Removed peer: 1
[INFO main 1374515] Added peer: 5, enode: enode://f956d9aca296f3429f9e540f7bf9db5f0d5bab62a049ab4a5c7c7ce63667f74823be883bf52e855be4e2051c47cf175ad171de2abe7246d3a5468a3eba5b3659@10.0.1.8:30303?discport=0
[INFO main 1379543] Removed peer: 5
