[12 INFO main 27] Initialising Python Geth Console...
[12 INFO main 31] Initialising RandB board...
[12 INFO main 31] Initialising navigation...
[12 INFO main 32] Initialising random-walk...
[12 INFO main 32] Initialising odometry...
[12 INFO main 32] Initialising ground-sensors...
[12 INFO main 330] --//-- Starting Experiment --//--
[12 INFO main 1869] Idle.IDLE -> Scout.Query | Duration: 26.75
[12 INFO main 26959] Scout.Query -> Scout.PrepSend | Homing
[12 INFO main 27169] Scout.PrepSend -> Verify.Homing | Homing
[12 INFO main 33601] Confirming: 1/9
[12 INFO main 35698] Confirming: 2/9
[12 INFO main 37728] Confirming: 4/9
[12 INFO main 39771] Confirming: 5/9
[12 INFO main 40424] Verify.Homing -> Scout.Query | Arrived home
[12 INFO main 41900] Confirming: 6/9
[12 INFO main 43941] Confirming: 7/9
[12 INFO main 45990] Confirming: 8/9
[12 INFO main 47998] Confirming: 9/9
[12 INFO main 48643] Scout.Query -> Verify.DriveTo | Go to unverified source
[12 INFO main 142152] Verify.DriveTo -> Verify.Homing | Homing
[12 INFO main 152803] Confirming: 1/9
[12 INFO main 154879] Confirming: 2/9
[12 INFO main 156936] Confirming: 3/9
[12 INFO main 158991] Confirming: 4/9
[12 INFO main 161075] Confirming: 5/9
[12 INFO main 163146] Confirming: 6/9
[12 INFO main 165483] Confirming: 7/9
[12 INFO main 166249] Verify.Homing -> Scout.Query | Arrived home
[12 INFO main 167546] Confirming: 9/9
[12 INFO main 168447] Scout.Query -> Verify.DriveTo | Go to unverified source
[12 INFO main 204600] Verify.DriveTo -> Verify.Homing | Homing
[12 INFO main 234240] Verify.Homing -> Scout.Query | Arrived home
[12 INFO main 241834] Confirming: 1/9
[12 INFO main 245927] Confirming: 2/9
[12 INFO main 248182] Confirming: 4/9
[12 INFO main 250239] Confirming: 5/9
[12 INFO main 252354] Confirming: 6/9
[12 INFO main 254377] Confirming: 7/9
[12 INFO main 258469] Confirming: 9/9
[12 INFO main 258548] Scout.Query -> Verify.DriveTo | Go to unverified source
[12 INFO main 286167] Verify.DriveTo -> Verify.Homing | Homing
[12 INFO main 296507] Verify.Homing -> Scout.Query | Arrived home
[12 INFO main 302929] Confirming: 1/9
[12 INFO main 304978] Confirming: 2/9
[12 INFO main 306995] Confirming: 3/9
[12 INFO main 311186] Confirming: 5/9
[12 INFO main 313248] Confirming: 6/9
[12 INFO main 315261] Confirming: 7/9
[12 INFO main 317329] Confirming: 8/9
[12 INFO main 319492] Confirming: 9/9
[12 INFO main 319516] Scout.Query -> Verify.DriveTo | Go to unverified source
[12 INFO main 402795] Verify.DriveTo -> Verify.Homing | Homing
[12 INFO main 421908] Confirming: 1/9
[12 INFO main 423465] Verify.Homing -> Scout.Query | Arrived home
[12 INFO main 426093] Confirming: 3/9
[12 INFO main 428101] Confirming: 4/9
[12 INFO main 430203] Confirming: 5/9
[12 INFO main 432314] Confirming: 6/9
[12 INFO main 434382] Confirming: 7/9
[12 INFO main 436489] Confirming: 8/9
[12 INFO main 438543] Confirming: 9/9
[12 INFO main 438903] Scout.Query -> Verify.DriveTo | Go to unverified source
[12 INFO main 487405] Verify.DriveTo -> Verify.Homing | Homing
[12 INFO main 507084] Verify.Homing -> Scout.Query | Arrived home
[12 INFO main 512359] Confirming: 1/9
[12 INFO main 514385] Confirming: 2/9
[12 INFO main 516461] Confirming: 3/9
[12 INFO main 518552] Confirming: 4/9
[12 INFO main 520572] Confirming: 5/9
[12 INFO main 522634] Confirming: 6/9
[12 INFO main 524655] Confirming: 7/9
[12 INFO main 526717] Confirming: 8/9
[12 INFO main 530761] Confirming: 9/9
[12 INFO main 531385] Scout.Query -> Verify.DriveTo | Go to unverified source
[12 INFO main 601184] Verify.DriveTo -> Verify.Homing | Homing
[12 INFO main 632427] Confirming: 1/9
[12 INFO main 634440] Confirming: 2/9
[12 INFO main 638513] Confirming: 3/9
[12 INFO main 640539] Confirming: 5/9
[12 INFO main 641510] Verify.Homing -> Scout.Query | Arrived home
[12 INFO main 642586] Confirming: 6/9
[12 INFO main 644708] Confirming: 7/9
[12 INFO main 646706] Confirming: 8/9
[12 INFO main 648830] Confirming: 9/9
[12 INFO main 655808] Scout.Query -> Verify.DriveTo | Go to unverified source
[12 INFO main 682955] Verify.DriveTo -> Verify.Homing | Homing
[12 INFO main 692918] Verify.Homing -> Scout.Query | Arrived home
[12 INFO main 693741] Confirming: 2/9
[12 INFO main 695770] Confirming: 3/9
[12 INFO main 697815] Confirming: 4/9
[12 INFO main 699921] Confirming: 5/9
[12 INFO main 701932] Confirming: 6/9
[12 INFO main 703948] Confirming: 7/9
[12 INFO main 706017] Confirming: 8/9
[12 INFO main 710173] Confirming: 9/9
[12 INFO main 760487] Scout.Query -> Verify.DriveTo | Go to unverified source
[12 INFO main 915236] Verify.DriveTo -> Verify.Homing | Homing
[12 INFO main 931731] Confirming: 1/9
[12 INFO main 935964] Confirming: 2/9
[12 INFO main 938050] Confirming: 4/9
[12 INFO main 940179] Confirming: 5/9
[12 INFO main 941258] Verify.Homing -> Scout.Query | Arrived home
[12 INFO main 942313] Confirming: 6/9
[12 INFO main 944323] Confirming: 7/9
[12 INFO main 946397] Confirming: 8/9
[12 INFO main 948423] Confirming: 9/9
[12 INFO main 948686] Scout.Query -> Verify.DriveTo | Go to unverified source
[12 INFO main 1044093] Verify.DriveTo -> Verify.Homing | Homing
[12 INFO main 1052330] Confirming: 1/9
[12 INFO main 1054601] Confirming: 2/9
[12 INFO main 1056670] Confirming: 3/9
[12 INFO main 1058935] Confirming: 4/9
[12 INFO main 1060966] Confirming: 5/9
[12 INFO main 1063016] Confirming: 6/9
[12 INFO main 1065033] Confirming: 7/9
[12 INFO main 1065527] Verify.Homing -> Scout.Query | Arrived home
[12 INFO main 1067049] Confirming: 8/9
[12 INFO main 1069228] Confirming: 9/9
[12 INFO main 1069261] Scout.Query -> Verify.DriveTo | Go to unverified source
[12 INFO main 1126953] Verify.DriveTo -> Verify.Homing | Homing
[12 INFO main 1143503] Confirming: 1/9
[12 INFO main 1145505] Confirming: 2/9
[12 INFO main 1147595] Confirming: 3/9
[12 INFO main 1149651] Confirming: 5/9
[12 INFO main 1150731] Verify.Homing -> Scout.Query | Arrived home
[12 INFO main 1151750] Confirming: 6/9
[12 INFO main 1153786] Confirming: 7/9
[12 INFO main 1157966] Confirming: 9/9
[12 INFO main 1158635] Scout.Query -> Verify.DriveTo | Go to unverified source
[12 INFO main 1307916] Verify.DriveTo -> Verify.Homing | Homing
[12 INFO main 1322417] Confirming: 1/9
[12 INFO main 1324456] Confirming: 2/9
[12 INFO main 1326546] Confirming: 3/9
[12 INFO main 1328636] Confirming: 4/9
[12 INFO main 1330725] Confirming: 5/9
[12 INFO main 1332782] Confirming: 6/9
[12 INFO main 1334808] Confirming: 7/9
[12 INFO main 1336833] Confirming: 8/9
[12 INFO main 1338909] Confirming: 9/9
[12 INFO main 1339456] Verify.Homing -> Scout.Query | Arrived home
[12 INFO main 1339491] Scout.Query -> Verify.DriveTo | Go to unverified source
[12 INFO main 1360064] Verify.DriveTo -> Verify.Homing | Homing
[12 INFO main 1373600] Verify.Homing -> Scout.Query | Arrived home
[12 INFO main 1383071] Confirming: 1/9
[12 INFO main 1385120] Confirming: 2/9
[12 INFO main 1387173] Confirming: 3/9
[12 INFO main 1389322] Confirming: 4/9
[12 INFO main 1391330] Confirming: 5/9
[12 INFO main 1393357] Confirming: 6/9
[12 INFO main 1395443] Confirming: 7/9
[12 INFO main 1397522] Confirming: 8/9
[12 INFO main 1399551] Confirming: 10/9
[12 INFO main 1399851] Scout.Query -> Verify.DriveTo | Go to unverified source
[12 INFO main 1470241] Verify.DriveTo -> Verify.Homing | Homing
[12 INFO main 1503205] Confirming: 1/9
[12 INFO main 1503205] Verify.Homing -> Scout.Query | Arrived home
[12 INFO main 1505489] Confirming: 2/9
[12 INFO main 1507563] Confirming: 3/9
[12 INFO main 1509573] Confirming: 5/9
[12 INFO main 1513769] Confirming: 6/9
[12 INFO main 1515916] Confirming: 7/9
[12 INFO main 1518004] Confirming: 9/9
[12 INFO main 1518411] Scout.Query -> Verify.DriveTo | Go to unverified source
[12 INFO main 1522811] Verify.DriveTo -> Verify.Homing | Homing
[12 INFO main 1533250] Confirming: 1/9
[12 INFO main 1535318] Confirming: 2/9
[12 INFO main 1535318] Verify.Homing -> Scout.Query | Arrived home
[12 INFO main 1537402] Confirming: 3/9
[12 INFO main 1539500] Confirming: 4/9
[12 INFO main 1541592] Confirming: 5/9
[12 INFO main 1543569] Confirming: 7/9
[12 INFO main 1545762] Confirming: 8/9
[12 INFO main 1549918] Confirming: 10/9
[12 INFO main 1550404] Scout.Query -> Verify.DriveTo | Go to unverified source
[12 INFO main 1579250] Verify.DriveTo -> Verify.Homing | Homing
[12 INFO main 1593605] Confirming: 2/9
[12 INFO main 1595307] Verify.Homing -> Scout.Query | Arrived home
[12 INFO main 1597762] Confirming: 4/9
[12 INFO main 1601767] Confirming: 5/9
[12 INFO main 1603873] Confirming: 6/9
[12 INFO main 1605880] Confirming: 7/9
[12 INFO main 1608028] Confirming: 8/9
[12 INFO main 1610080] Confirming: 9/9
[12 INFO main 1610123] Scout.Query -> Verify.DriveTo | Go to unverified source
[12 INFO main 1708918] Verify.DriveTo -> Verify.Homing | Homing
[12 INFO main 1737472] Verify.Homing -> Scout.Query | Arrived home
[12 INFO main 1742662] Confirming: 1/9
[12 INFO main 1744741] Confirming: 2/9
[12 INFO main 1746953] Confirming: 3/9
[12 INFO main 1749239] Confirming: 4/9
[12 INFO main 1751326] Confirming: 5/9
[12 INFO main 1753506] Confirming: 6/9
[12 INFO main 1755535] Confirming: 7/9
[12 INFO main 1757561] Confirming: 9/9
[12 INFO main 1758637] Scout.Query -> Verify.DriveTo | Go to unverified source
[12 INFO main 1770391] Verify.DriveTo -> Verify.Homing | Homing
