[2 INFO main 28] Initialising Python Geth Console...
[2 INFO main 34] Initialising RandB board...
[2 INFO main 34] Initialising navigation...
[2 INFO main 34] Initialising random-walk...
[2 INFO main 34] Initialising odometry...
[2 INFO main 34] Initialising ground-sensors...
[2 INFO main 1024] --//-- Starting Experiment --//--
[2 INFO main 2127] Idle.IDLE -> Scout.Query | Duration: 20.36
[2 INFO main 16180] Scout.Query -> Scout.GotoCenter | Drive to others reported pos
[2 INFO main 37507] Scout.GotoCenter -> Scout.Query | return to random walk
[2 INFO main 83186] Scout.Query -> Scout.GotoCenter | Drive to others reported pos
[2 INFO main 123300] Scout.GotoCenter -> Scout.Query | return to random walk
[2 INFO main 173776] Scout.Query -> Scout.GotoCenter | Drive to others reported pos
[2 INFO main 204597] Scout.GotoCenter -> Scout.Query | return to random walk
[2 INFO main 224913] Scout.Query -> Scout.GotoCenter | Drive to others reported pos
[2 INFO main 234557] Scout.GotoCenter -> Scout.Query | return to random walk
[2 INFO main 265244] Scout.Query -> Scout.GotoCenter | Drive to others reported pos
[2 INFO main 278268] Scout.GotoCenter -> Scout.Query | return to random walk
[2 INFO main 328976] Scout.Query -> Scout.GotoCenter | Drive to others reported pos
[2 INFO main 353441] Scout.GotoCenter -> Scout.Query | return to random walk
[2 INFO main 384364] Scout.Query -> Scout.GotoCenter | Drive to others reported pos
[2 INFO main 396934] Scout.GotoCenter -> Scout.Query | return to random walk
[2 INFO main 452648] Scout.Query -> Scout.GotoCenter | Drive to others reported pos
