[5 INFO main 27] Initialising Python Geth Console...
[5 INFO main 32] Initialising RandB board...
[5 INFO main 32] Initialising navigation...
[5 INFO main 32] Initialising random-walk...
[5 INFO main 32] Initialising odometry...
[5 INFO main 32] Initialising ground-sensors...
[5 INFO main 1062] --//-- Starting Experiment --//--
[5 INFO main 2160] Idle.IDLE -> Scout.Query | Duration: 22.37
[5 INFO main 26311] Scout.Query -> Scout.GotoCenter | Drive to others reported pos
[5 INFO main 65399] Scout.GotoCenter -> Scout.Query | return to random walk
[5 INFO main 91013] Scout.Query -> Scout.GotoCenter | Drive to others reported pos
[5 INFO main 112298] Scout.GotoCenter -> Scout.Query | return to random walk
[5 INFO main 157938] Scout.Query -> Scout.GotoCenter | Drive to others reported pos
[5 INFO main 199851] Scout.GotoCenter -> Scout.Query | return to random walk
[5 INFO main 250601] Scout.Query -> Scout.GotoCenter | Drive to others reported pos
[5 INFO main 277553] Scout.GotoCenter -> Scout.Query | return to random walk
[5 INFO main 308472] Scout.Query -> Scout.GotoCenter | Drive to others reported pos
[5 INFO main 343914] Scout.GotoCenter -> Scout.Query | return to random walk
[5 INFO main 519297] Scout.Query -> Scout.GotoCenter | Drive to others reported pos
[5 INFO main 558489] Scout.GotoCenter -> Scout.Query | return to random walk
