[5 INFO main 27] Initialising Python Geth Console...
[5 INFO main 32] Initialising RandB board...
[5 INFO main 32] Initialising navigation...
[5 INFO main 32] Initialising random-walk...
[5 INFO main 32] Initialising odometry...
[5 INFO main 32] Initialising ground-sensors...
[5 INFO main 889] --//-- Starting Experiment --//--
[5 INFO main 1992] Idle.IDLE -> Scout.Query | Duration: 19.93
[5 INFO main 26213] Scout.Query -> Scout.GotoCenter | Drive to others reported pos
[5 INFO main 64158] Scout.GotoCenter -> Scout.Query | return to random walk
[5 INFO main 147304] Scout.Query -> Scout.GotoCenter | Drive to others reported pos
[5 INFO main 168970] Scout.GotoCenter -> Scout.Query | return to random walk
[5 INFO main 269997] Scout.Query -> Scout.GotoCenter | Drive to others reported pos
[5 INFO main 319220] Scout.GotoCenter -> Scout.Query | return to random walk
[5 INFO main 349617] Scout.Query -> Scout.GotoCenter | Drive to others reported pos
[5 INFO main 386116] Scout.GotoCenter -> Scout.Query | return to random walk
[5 INFO main 416559] Scout.Query -> Scout.GotoCenter | Drive to others reported pos
[5 INFO main 476505] Scout.GotoCenter -> Scout.Query | return to random walk
[5 INFO main 517086] Scout.Query -> Scout.GotoCenter | Drive to others reported pos
[5 INFO main 574443] Scout.GotoCenter -> Scout.Query | return to random walk
[5 INFO main 645687] Scout.Query -> Scout.GotoCenter | Drive to others reported pos
[5 INFO main 692698] Scout.GotoCenter -> Scout.Query | return to random walk
