[4 INFO main 27] Initialising Python Geth Console...
[4 INFO main 32] Initialising RandB board...
[4 INFO main 32] Initialising navigation...
[4 INFO main 32] Initialising random-walk...
[4 INFO main 32] Initialising odometry...
[4 INFO main 32] Initialising ground-sensors...
[4 INFO main 883] --//-- Starting Experiment --//--
[4 INFO main 2298] Idle.IDLE -> Scout.Query | Duration: 24.83
[4 INFO main 24514] Scout.Query -> Scout.PrepSend | Homing
[4 INFO main 24701] Scout.PrepSend -> Verify.Homing | Homing
[4 INFO main 40126] Verify.Homing -> Scout.Query | Arrived home
[4 INFO main 43308] Confirming: 1/9
[4 INFO main 47334] Confirming: 3/9
[4 INFO main 51416] Confirming: 5/9
[4 INFO main 53472] Confirming: 6/9
[4 INFO main 55518] Confirming: 7/9
[4 INFO main 57526] Confirming: 8/9
[4 INFO main 59599] Confirming: 9/9
[4 INFO main 59603] Scout.Query -> Scout.PrepSend | Homing
[4 INFO main 59685] Scout.PrepSend -> Verify.Homing | Homing
[4 INFO main 72501] Confirming: 1/9
[4 INFO main 74545] Confirming: 2/9
[4 INFO main 76631] Confirming: 3/9
[4 INFO main 78677] Confirming: 4/9
[4 INFO main 80738] Confirming: 5/9
[4 INFO main 82837] Confirming: 6/9
[4 INFO main 84903] Confirming: 7/9
[4 INFO main 86976] Confirming: 8/9
[4 INFO main 86997] Verify.Homing -> Scout.Query | Arrived home
[4 INFO main 89149] Confirming: 9/9
[4 INFO main 89204] Scout.Query -> Verify.DriveTo | Go to unverified source
[4 INFO main 163895] Verify.DriveTo -> Verify.Homing | Homing
[4 INFO main 188982] Verify.Homing -> Scout.Query | Arrived home
[4 INFO main 193085] Confirming: 1/9
[4 INFO main 195374] Confirming: 2/9
[4 INFO main 197420] Confirming: 3/9
[4 INFO main 199494] Confirming: 4/9
[4 INFO main 201549] Confirming: 5/9
[4 INFO main 203521] Confirming: 6/9
[4 INFO main 205621] Confirming: 7/9
[4 INFO main 207704] Confirming: 8/9
[4 INFO main 209768] Confirming: 9/9
[4 INFO main 210406] Scout.Query -> Verify.DriveTo | Go to unverified source
[4 INFO main 256316] Verify.DriveTo -> Verify.Homing | Homing
[4 INFO main 266629] Confirming: 1/9
[4 INFO main 270723] Confirming: 3/9
[4 INFO main 272807] Confirming: 4/9
[4 INFO main 274855] Confirming: 5/9
[4 INFO main 276951] Confirming: 6/9
[4 INFO main 279019] Confirming: 7/9
[4 INFO main 280695] Verify.Homing -> Scout.Query | Arrived home
[4 INFO main 281107] Confirming: 8/9
[4 INFO main 283157] Confirming: 10/9
[4 INFO main 283184] Scout.Query -> Verify.DriveTo | Go to unverified source
[4 INFO main 414664] Verify.DriveTo -> Verify.Homing | Homing
[4 INFO main 438141] Confirming: 2/9
[4 INFO main 442252] Confirming: 4/9
[4 INFO main 446399] Confirming: 6/9
[4 INFO main 448529] Confirming: 7/9
[4 INFO main 450587] Confirming: 8/9
[4 INFO main 452616] Confirming: 9/9
[4 INFO main 457664] Verify.Homing -> Scout.Query | Arrived home
[4 INFO main 457790] Scout.Query -> Verify.DriveTo | Go to unverified source
[4 INFO main 504093] Verify.DriveTo -> Verify.Homing | Homing
[4 INFO main 522628] Verify.Homing -> Scout.Query | Arrived home
[4 INFO main 528829] Confirming: 2/9
[4 INFO main 532831] Confirming: 4/9
[4 INFO main 534899] Confirming: 5/9
[4 INFO main 536981] Confirming: 6/9
[4 INFO main 539011] Confirming: 7/9
[4 INFO main 543376] Confirming: 9/9
[4 INFO main 543908] Scout.Query -> Verify.DriveTo | Go to unverified source
[4 INFO main 612234] Verify.DriveTo -> Verify.Homing | Homing
[4 INFO main 631466] Verify.Homing -> Scout.Query | Arrived home
[4 INFO main 647632] Confirming: 1/9
[4 INFO main 649732] Confirming: 2/9
[4 INFO main 651968] Confirming: 4/9
[4 INFO main 654007] Confirming: 5/9
[4 INFO main 656094] Confirming: 6/9
[4 INFO main 660251] Confirming: 8/9
[4 INFO main 662313] Confirming: 9/9
[4 INFO main 662345] Scout.Query -> Verify.DriveTo | Go to unverified source
[4 INFO main 698609] Verify.DriveTo -> Verify.Homing | Homing
[4 INFO main 707014] Confirming: 1/9
[4 INFO main 709093] Confirming: 2/9
[4 INFO main 711195] Confirming: 3/9
[4 INFO main 714003] Confirming: 5/9
[4 INFO main 718217] Confirming: 6/9
[4 INFO main 720267] Confirming: 7/9
[4 INFO main 722261] Confirming: 9/9
[4 INFO main 727498] Verify.Homing -> Scout.Query | Arrived home
[4 INFO main 727627] Scout.Query -> Verify.DriveTo | Go to unverified source
[4 INFO main 773537] Verify.DriveTo -> Verify.Homing | Homing
[4 INFO main 796726] Confirming: 1/9
[4 INFO main 798871] Confirming: 2/9
[4 INFO main 798871] Verify.Homing -> Scout.Query | Arrived home
[4 INFO main 800901] Confirming: 3/9
[4 INFO main 802953] Confirming: 4/9
[4 INFO main 805013] Confirming: 5/9
[4 INFO main 807025] Confirming: 6/9
[4 INFO main 809066] Confirming: 7/9
[4 INFO main 811123] Confirming: 8/9
[4 INFO main 815293] Confirming: 10/9
[4 INFO main 815859] Scout.Query -> Verify.DriveTo | Go to unverified source
[4 INFO main 835822] Verify.DriveTo -> Verify.Homing | Homing
[4 INFO main 840035] Confirming: 1/9
[4 INFO main 842152] Confirming: 2/9
[4 INFO main 844211] Confirming: 3/9
[4 INFO main 848354] Confirming: 5/9
[4 INFO main 850450] Confirming: 6/9
[4 INFO main 852517] Confirming: 7/9
[4 INFO main 854529] Confirming: 8/9
[4 INFO main 856607] Confirming: 9/9
[4 INFO main 861621] Verify.Homing -> Scout.Query | Arrived home
[4 INFO main 861751] Scout.Query -> Verify.DriveTo | Go to unverified source
[4 INFO main 887360] Verify.DriveTo -> Verify.Homing | Homing
[4 INFO main 901217] Verify.Homing -> Scout.Query | Arrived home
[4 INFO main 906237] Confirming: 1/9
[4 INFO main 908363] Confirming: 2/9
[4 INFO main 910645] Confirming: 3/9
[4 INFO main 912706] Confirming: 4/9
[4 INFO main 914726] Confirming: 5/9
[4 INFO main 916800] Confirming: 6/9
[4 INFO main 918800] Confirming: 7/9
[4 INFO main 920919] Confirming: 8/9
[4 INFO main 922930] Confirming: 9/9
[4 INFO main 923610] Scout.Query -> Verify.DriveTo | Go to unverified source
[4 INFO main 958492] Verify.DriveTo -> Verify.Homing | Homing
[4 INFO main 977003] Confirming: 1/9
[4 INFO main 979089] Confirming: 2/9
[4 INFO main 981165] Confirming: 3/9
[4 INFO main 983214] Confirming: 4/9
[4 INFO main 987394] Confirming: 6/9
[4 INFO main 989234] Verify.Homing -> Scout.Query | Arrived home
[4 INFO main 989499] Confirming: 7/9
[4 INFO main 991513] Confirming: 8/9
[4 INFO main 993598] Confirming: 9/9
[4 INFO main 993874] Scout.Query -> Verify.DriveTo | Go to unverified source
[4 INFO main 1021900] Verify.DriveTo -> Verify.Homing | Homing
[4 INFO main 1036539] Confirming: 1/9
[4 INFO main 1038538] Confirming: 2/9
[4 INFO main 1042678] Confirming: 4/9
[4 INFO main 1044774] Confirming: 5/9
[4 INFO main 1046825] Confirming: 6/9
[4 INFO main 1048822] Confirming: 7/9
[4 INFO main 1050877] Confirming: 8/9
[4 INFO main 1051985] Verify.Homing -> Scout.Query | Arrived home
[4 INFO main 1052894] Confirming: 9/9
[4 INFO main 1053201] Scout.Query -> Verify.DriveTo | Go to unverified source
[4 INFO main 1096106] Verify.DriveTo -> Verify.Homing | Homing
[4 INFO main 1115333] Verify.Homing -> Scout.Query | Arrived home
[4 INFO main 1153807] Confirming: 1/9
[4 INFO main 1155921] Confirming: 2/9
[4 INFO main 1158022] Confirming: 4/9
[4 INFO main 1160042] Confirming: 5/9
[4 INFO main 1164137] Confirming: 7/9
[4 INFO main 1168381] Confirming: 9/9
[4 INFO main 1168411] Scout.Query -> Verify.DriveTo | Go to unverified source
[4 INFO main 1234598] Verify.DriveTo -> Verify.Homing | Homing
[4 INFO main 1247232] Confirming: 1/9
[4 INFO main 1249307] Confirming: 2/9
[4 INFO main 1251320] Confirming: 3/9
[4 INFO main 1253335] Confirming: 4/9
[4 INFO main 1255353] Confirming: 5/9
[4 INFO main 1257353] Confirming: 6/9
[4 INFO main 1259621] Confirming: 7/9
[4 INFO main 1261643] Confirming: 8/9
[4 INFO main 1263687] Confirming: 9/9
[4 INFO main 1264301] Verify.Homing -> Scout.Query | Arrived home
[4 INFO main 1264545] Scout.Query -> Verify.DriveTo | Go to unverified source
[4 INFO main 1294364] Verify.DriveTo -> Verify.Homing | Homing
[4 INFO main 1306798] Confirming: 1/9
[4 INFO main 1308830] Confirming: 2/9
[4 INFO main 1310945] Confirming: 3/9
[4 INFO main 1312967] Confirming: 4/9
[4 INFO main 1315042] Confirming: 5/9
[4 INFO main 1316909] Verify.Homing -> Scout.Query | Arrived home
[4 INFO main 1317116] Confirming: 6/9
[4 INFO main 1319202] Confirming: 7/9
[4 INFO main 1321311] Confirming: 8/9
[4 INFO main 1323331] Confirming: 9/9
[4 INFO main 1323688] Scout.Query -> Verify.DriveTo | Go to unverified source
[4 INFO main 1367224] Verify.DriveTo -> Verify.Homing | Homing
[4 INFO main 1396597] Confirming: 1/9
[4 INFO main 1398650] Confirming: 2/9
[4 INFO main 1400759] Confirming: 3/9
[4 INFO main 1402180] Verify.Homing -> Scout.Query | Arrived home
[4 INFO main 1402777] Confirming: 4/9
[4 INFO main 1406922] Confirming: 6/9
[4 INFO main 1409009] Confirming: 7/9
[4 INFO main 1411041] Confirming: 8/9
[4 INFO main 1413145] Confirming: 9/9
[4 INFO main 1413311] Scout.Query -> Verify.DriveTo | Go to unverified source
[4 INFO main 1443750] Verify.DriveTo -> Verify.Homing | Homing
[4 INFO main 1456187] Confirming: 1/9
[4 INFO main 1460206] Confirming: 3/9
[4 INFO main 1462233] Confirming: 4/9
[4 INFO main 1464279] Confirming: 5/9
[4 INFO main 1466454] Confirming: 6/9
[4 INFO main 1466536] Verify.Homing -> Scout.Query | Arrived home
[4 INFO main 1468507] Confirming: 7/9
[4 INFO main 1470541] Confirming: 8/9
[4 INFO main 1472625] Confirming: 9/9
[4 INFO main 1472921] Scout.Query -> Verify.DriveTo | Go to unverified source
[4 INFO main 1520926] Verify.DriveTo -> Verify.Homing | Homing
[4 INFO main 1540238] Verify.Homing -> Scout.Query | Arrived home
[4 INFO main 1547645] Confirming: 1/9
[4 INFO main 1549756] Confirming: 2/9
[4 INFO main 1551778] Confirming: 3/9
[4 INFO main 1553890] Confirming: 5/9
[4 INFO main 1555904] Confirming: 6/9
[4 INFO main 1560055] Confirming: 7/9
[4 INFO main 1562366] Confirming: 9/9
[4 INFO main 1562400] Scout.Query -> Verify.DriveTo | Go to unverified source
[4 INFO main 1595655] Verify.DriveTo -> Verify.Homing | Homing
[4 INFO main 1606015] Confirming: 1/9
[4 INFO main 1608036] Confirming: 2/9
[4 INFO main 1610173] Confirming: 3/9
[4 INFO main 1612261] Confirming: 4/9
[4 INFO main 1614295] Confirming: 5/9
[4 INFO main 1616389] Confirming: 6/9
[4 INFO main 1618447] Confirming: 7/9
[4 INFO main 1620524] Confirming: 8/9
[4 INFO main 1622625] Confirming: 9/9
[4 INFO main 1626671] Verify.Homing -> Scout.Query | Arrived home
[4 INFO main 1626811] Scout.Query -> Verify.DriveTo | Go to unverified source
[4 INFO main 1663784] Verify.DriveTo -> Verify.Homing | Homing
[4 INFO main 1697065] Confirming: 1/9
[4 INFO main 1699194] Confirming: 2/9
[4 INFO main 1701266] Confirming: 3/9
[4 INFO main 1703305] Confirming: 4/9
[4 INFO main 1705379] Confirming: 5/9
[4 INFO main 1707415] Confirming: 6/9
[4 INFO main 1709413] Confirming: 7/9
[4 INFO main 1711465] Confirming: 8/9
[4 INFO main 1712078] Verify.Homing -> Scout.Query | Arrived home
[4 INFO main 1713492] Confirming: 9/9
[4 INFO main 1713533] Scout.Query -> Verify.DriveTo | Go to unverified source
[4 INFO main 1742446] Verify.DriveTo -> Verify.Homing | Homing
[4 INFO main 1752942] Confirming: 1/9
[4 INFO main 1754974] Confirming: 2/9
[4 INFO main 1756973] Confirming: 3/9
[4 INFO main 1758981] Confirming: 4/9
[4 INFO main 1761151] Confirming: 5/9
[4 INFO main 1763230] Confirming: 6/9
[4 INFO main 1765214] Confirming: 7/9
[4 INFO main 1767339] Confirming: 8/9
[4 INFO main 1769415] Confirming: 9/9
[4 INFO main 1775178] Verify.Homing -> Scout.Query | Arrived home
[4 INFO main 1775372] Scout.Query -> Verify.DriveTo | Go to unverified source
