[12 INFO main 26] Initialising Python Geth Console...
[12 INFO main 32] Initialising RandB board...
[12 INFO main 32] Initialising navigation...
[12 INFO main 32] Initialising random-walk...
[12 INFO main 32] Initialising odometry...
[12 INFO main 32] Initialising ground-sensors...
[12 INFO main 335] --//-- Starting Experiment --//--
[12 INFO main 1802] Idle.IDLE -> Scout.Query | Duration: 27.83
[12 INFO main 17696] Scout.Query -> Verify.DriveTo | Go to unverified source
[12 INFO main 107276] Verify.DriveTo -> Verify.Homing | Homing
[12 INFO main 122019] Confirming: 1/9
[12 INFO main 124047] Confirming: 2/9
[12 INFO main 126047] Confirming: 3/9
[12 INFO main 128135] Confirming: 4/9
[12 INFO main 130224] Confirming: 5/9
[12 INFO main 132228] Confirming: 6/9
[12 INFO main 134320] Confirming: 7/9
[12 INFO main 136344] Confirming: 8/9
[12 INFO main 138401] Confirming: 9/9
[12 INFO main 138968] Verify.Homing -> Scout.Query | Arrived home
[12 INFO main 139158] Scout.Query -> Verify.DriveTo | Go to unverified source
[12 INFO main 185476] Verify.DriveTo -> Verify.Homing | Homing
[12 INFO main 206291] Verify.Homing -> Scout.Query | Arrived home
[12 INFO main 233106] Confirming: 1/9
[12 INFO main 235400] Confirming: 2/9
[12 INFO main 237449] Confirming: 3/9
[12 INFO main 239513] Confirming: 4/9
[12 INFO main 241698] Confirming: 6/9
[12 INFO main 245760] Confirming: 7/9
[12 INFO main 247871] Confirming: 8/9
[12 INFO main 249959] Confirming: 9/9
[12 INFO main 250124] Scout.Query -> Verify.DriveTo | Go to unverified source
[12 INFO main 275592] Verify.DriveTo -> Verify.Homing | Homing
[12 INFO main 293996] Verify.Homing -> Scout.Query | Arrived home
[12 INFO main 302548] Confirming: 1/9
[12 INFO main 304598] Confirming: 2/9
[12 INFO main 306688] Confirming: 3/9
[12 INFO main 308777] Confirming: 4/9
[12 INFO main 310809] Confirming: 5/9
[12 INFO main 312976] Confirming: 6/9
[12 INFO main 315046] Confirming: 7/9
[12 INFO main 317093] Confirming: 8/9
[12 INFO main 319103] Confirming: 9/9
[12 INFO main 319128] Scout.Query -> Verify.DriveTo | Go to unverified source
[12 INFO main 370111] Verify.DriveTo -> Verify.Homing | Homing
[12 INFO main 390765] Verify.Homing -> Scout.Query | Arrived home
[12 INFO main 450960] Confirming: 1/9
[12 INFO main 461201] Confirming: 5/9
[12 INFO main 463226] Confirming: 7/9
[12 INFO main 465328] Confirming: 8/9
[12 INFO main 467410] Confirming: 9/9
[12 INFO main 468060] Scout.Query -> Verify.DriveTo | Go to unverified source
[12 INFO main 548825] Verify.DriveTo -> Verify.Homing | Homing
[12 INFO main 572187] Confirming: 1/9
[12 INFO main 574322] Confirming: 2/9
[12 INFO main 574531] Verify.Homing -> Scout.Query | Arrived home
[12 INFO main 576331] Confirming: 3/9
[12 INFO main 578549] Confirming: 4/9
[12 INFO main 580653] Confirming: 5/9
[12 INFO main 582744] Confirming: 6/9
[12 INFO main 584913] Confirming: 7/9
[12 INFO main 586936] Confirming: 8/9
[12 INFO main 588978] Confirming: 9/9
[12 INFO main 589656] Scout.Query -> Verify.DriveTo | Go to unverified source
[12 INFO main 650262] Verify.DriveTo -> Verify.Homing | Homing
[12 INFO main 664981] Confirming: 2/9
[12 INFO main 667167] Confirming: 3/9
[12 INFO main 669187] Confirming: 4/9
[12 INFO main 671414] Confirming: 5/9
[12 INFO main 673457] Confirming: 6/9
[12 INFO main 675522] Confirming: 7/9
[12 INFO main 677653] Confirming: 8/9
[12 INFO main 679249] Verify.Homing -> Scout.Query | Arrived home
[12 INFO main 679754] Confirming: 9/9
[12 INFO main 680628] Scout.Query -> Verify.DriveTo | Go to unverified source
[12 INFO main 688648] Verify.DriveTo -> Verify.Homing | Homing
[12 INFO main 691838] Verify.Homing -> Scout.Query | Arrived home
[12 INFO main 723899] Confirming: 1/9
[12 INFO main 726080] Confirming: 2/9
[12 INFO main 728134] Confirming: 3/9
[12 INFO main 730200] Confirming: 4/9
[12 INFO main 732321] Confirming: 5/9
[12 INFO main 734383] Confirming: 6/9
[12 INFO main 736397] Confirming: 7/9
[12 INFO main 738502] Confirming: 8/9
[12 INFO main 740588] Confirming: 9/9
[12 INFO main 740591] Scout.Query -> Scout.PrepSend | Homing
[12 INFO main 740696] Scout.PrepSend -> Verify.Homing | Homing
[12 INFO main 753186] Confirming: 1/9
[12 INFO main 755247] Confirming: 2/9
[12 INFO main 757303] Confirming: 3/9
[12 INFO main 757803] Verify.Homing -> Scout.Query | Arrived home
[12 INFO main 759349] Confirming: 4/9
[12 INFO main 761350] Confirming: 5/9
[12 INFO main 763366] Confirming: 6/9
[12 INFO main 765445] Confirming: 7/9
[12 INFO main 767544] Confirming: 8/9
[12 INFO main 769542] Confirming: 9/9
[12 INFO main 769850] Scout.Query -> Verify.DriveTo | Go to unverified source
[12 INFO main 788922] Verify.DriveTo -> Verify.Homing | Homing
[12 INFO main 802994] Verify.Homing -> Scout.Query | Arrived home
[12 INFO main 813997] Confirming: 1/9
[12 INFO main 816098] Confirming: 2/9
[12 INFO main 818230] Confirming: 3/9
[12 INFO main 820428] Confirming: 4/9
[12 INFO main 822738] Confirming: 6/9
[12 INFO main 824668] Confirming: 7/9
[12 INFO main 826808] Confirming: 8/9
[12 INFO main 830939] Confirming: 10/9
[12 INFO main 830942] Scout.Query -> Scout.PrepSend | Homing
[12 INFO main 831398] Scout.PrepSend -> Verify.Homing | Homing
[12 INFO main 843909] Confirming: 1/9
[12 INFO main 845922] Confirming: 2/9
[12 INFO main 848112] Confirming: 3/9
[12 INFO main 850132] Confirming: 4/9
[12 INFO main 852293] Confirming: 5/9
[12 INFO main 853994] Verify.Homing -> Scout.Query | Arrived home
[12 INFO main 854324] Confirming: 6/9
[12 INFO main 856350] Confirming: 7/9
[12 INFO main 858400] Confirming: 8/9
[12 INFO main 860471] Confirming: 9/9
[12 INFO main 860593] Scout.Query -> Verify.DriveTo | Go to unverified source
[12 INFO main 1015099] Verify.DriveTo -> Verify.Homing | Homing
[12 INFO main 1023683] Confirming: 1/9
[12 INFO main 1025773] Confirming: 2/9
[12 INFO main 1027832] Confirming: 3/9
[12 INFO main 1029878] Confirming: 4/9
[12 INFO main 1031926] Confirming: 5/9
[12 INFO main 1034011] Confirming: 6/9
[12 INFO main 1036093] Confirming: 7/9
[12 INFO main 1038178] Confirming: 8/9
[12 INFO main 1040188] Confirming: 9/9
[12 INFO main 1043786] Verify.Homing -> Scout.Query | Arrived home
[12 INFO main 1043967] Scout.Query -> Verify.DriveTo | Go to unverified source
[12 INFO main 1120240] Verify.DriveTo -> Verify.Homing | Homing
[12 INFO main 1130416] Confirming: 1/9
[12 INFO main 1132497] Confirming: 2/9
[12 INFO main 1134600] Confirming: 3/9
[12 INFO main 1136645] Confirming: 4/9
[12 INFO main 1138665] Confirming: 6/9
[12 INFO main 1142820] Confirming: 8/9
[12 INFO main 1144999] Confirming: 9/9
[12 INFO main 1145002] Verify.Homing -> Scout.Query | Arrived home
[12 INFO main 1145106] Scout.Query -> Verify.DriveTo | Go to unverified source
[12 INFO main 1231938] Verify.DriveTo -> Verify.Homing | Homing
[12 INFO main 1253035] Confirming: 1/9
[12 INFO main 1255181] Confirming: 2/9
[12 INFO main 1257179] Confirming: 3/9
[12 INFO main 1257180] Verify.Homing -> Scout.Query | Arrived home
[12 INFO main 1259255] Confirming: 4/9
[12 INFO main 1261311] Confirming: 5/9
[12 INFO main 1263317] Confirming: 6/9
[12 INFO main 1265400] Confirming: 7/9
[12 INFO main 1267417] Confirming: 8/9
[12 INFO main 1269516] Confirming: 9/9
[12 INFO main 1269556] Scout.Query -> Verify.DriveTo | Go to unverified source
[12 INFO main 1294113] Verify.DriveTo -> Verify.Homing | Homing
[12 INFO main 1319614] Verify.Homing -> Scout.Query | Arrived home
[12 INFO main 1325393] Confirming: 1/9
[12 INFO main 1327512] Confirming: 2/9
[12 INFO main 1329583] Confirming: 3/9
[12 INFO main 1331608] Confirming: 4/9
[12 INFO main 1333686] Confirming: 5/9
[12 INFO main 1335744] Confirming: 6/9
[12 INFO main 1337782] Confirming: 7/9
[12 INFO main 1339896] Confirming: 8/9
[12 INFO main 1341950] Confirming: 10/9
[12 INFO main 1341953] Scout.Query -> Scout.PrepSend | Homing
[12 INFO main 1342049] Scout.PrepSend -> Verify.Homing | Homing
[12 INFO main 1356896] Confirming: 2/9
[12 INFO main 1358909] Confirming: 3/9
[12 INFO main 1359050] Verify.Homing -> Scout.Query | Arrived home
[12 INFO main 1360973] Confirming: 4/9
[12 INFO main 1363029] Confirming: 5/9
[12 INFO main 1365061] Confirming: 6/9
[12 INFO main 1367177] Confirming: 7/9
[12 INFO main 1369185] Confirming: 8/9
[12 INFO main 1371321] Confirming: 9/9
[12 INFO main 1371742] Scout.Query -> Verify.DriveTo | Go to unverified source
[12 INFO main 1431881] Verify.DriveTo -> Verify.Homing | Homing
[12 INFO main 1444504] Confirming: 1/9
[12 INFO main 1446724] Confirming: 2/9
[12 INFO main 1448750] Confirming: 3/9
[12 INFO main 1450815] Confirming: 4/9
[12 INFO main 1452835] Confirming: 5/9
[12 INFO main 1454953] Confirming: 6/9
[12 INFO main 1457057] Confirming: 7/9
[12 INFO main 1459072] Confirming: 8/9
[12 INFO main 1461123] Confirming: 9/9
[12 INFO main 1463348] Verify.Homing -> Scout.Query | Arrived home
[12 INFO main 1463544] Scout.Query -> Verify.DriveTo | Go to unverified source
[12 INFO main 1489422] Verify.DriveTo -> Verify.Homing | Homing
[12 INFO main 1497830] Verify.Homing -> Scout.Query | Arrived home
[12 INFO main 1504361] Confirming: 2/9
[12 INFO main 1506373] Confirming: 3/9
[12 INFO main 1508486] Confirming: 4/9
[12 INFO main 1510517] Confirming: 5/9
[12 INFO main 1512603] Confirming: 6/9
[12 INFO main 1514717] Confirming: 7/9
[12 INFO main 1516739] Confirming: 8/9
[12 INFO main 1520879] Confirming: 10/9
[12 INFO main 1520921] Scout.Query -> Verify.DriveTo | Go to unverified source
[12 INFO main 1579255] Verify.DriveTo -> Verify.Homing | Homing
[12 INFO main 1594270] Confirming: 1/9
[12 INFO main 1596378] Confirming: 2/9
[12 INFO main 1598684] Confirming: 3/9
[12 INFO main 1600684] Confirming: 4/9
[12 INFO main 1602790] Confirming: 5/9
[12 INFO main 1604794] Confirming: 6/9
[12 INFO main 1607048] Confirming: 7/9
[12 INFO main 1607292] Verify.Homing -> Scout.Query | Arrived home
[12 INFO main 1609102] Confirming: 8/9
[12 INFO main 1611268] Confirming: 9/9
[12 INFO main 1611780] Scout.Query -> Verify.DriveTo | Go to unverified source
[12 INFO main 1659221] Verify.DriveTo -> Verify.Homing | Homing
[12 INFO main 1673732] Confirming: 2/9
[12 INFO main 1675826] Confirming: 3/9
[12 INFO main 1677985] Confirming: 4/9
[12 INFO main 1682145] Confirming: 5/9
[12 INFO main 1684205] Confirming: 7/9
[12 INFO main 1686532] Confirming: 8/9
[12 INFO main 1688671] Confirming: 9/9
[12 INFO main 1694511] Verify.Homing -> Scout.Query | Arrived home
[12 INFO main 1694650] Scout.Query -> Verify.DriveTo | Go to unverified source
[12 INFO main 1765370] Verify.DriveTo -> Verify.Homing | Homing
[12 INFO main 1775735] Confirming: 1/9
[12 INFO main 1776887] Verify.Homing -> Scout.Query | Arrived home
[12 INFO main 1777888] Confirming: 2/9
[12 INFO main 1780001] Confirming: 3/9
[12 INFO main 1782018] Confirming: 4/9
[12 INFO main 1784026] Confirming: 5/9
[12 INFO main 1786031] Confirming: 6/9
[12 INFO main 1788058] Confirming: 7/9
[12 INFO main 1790076] Confirming: 8/9
[12 INFO main 1792098] Confirming: 9/9
[12 INFO main 1792171] Scout.Query -> Verify.DriveTo | Go to unverified source
