[15 INFO main 30] Initialising Python Geth Console...
[15 INFO main 34] Initialising RandB board...
[15 INFO main 34] Initialising navigation...
[15 INFO main 34] Initialising random-walk...
[15 INFO main 34] Initialising odometry...
[15 INFO main 34] Initialising ground-sensors...
[15 INFO main 52] --//-- Starting Experiment --//--
[15 INFO main 1151] Idle.IDLE -> Scout.Query | Duration: 23.05
[15 INFO main 27683] Scout.Query -> Scout.GotoCenter | Drive to others reported pos
[15 INFO main 30892] Scout.GotoCenter -> Scout.Query | return to random walk
[15 INFO main 31994] Scout.Query -> Scout.GotoCenter | Drive to others reported pos
[15 INFO main 32495] Scout.GotoCenter -> Scout.Query | return to random walk
[15 INFO main 32996] Scout.Query -> Scout.GotoCenter | Drive to others reported pos
[15 INFO main 34795] Scout.GotoCenter -> Scout.Query | return to random walk
[15 INFO main 35198] Scout.Query -> Scout.GotoCenter | Drive to others reported pos
[15 INFO main 35994] Scout.GotoCenter -> Scout.Query | return to random walk
[15 INFO main 36200] Scout.Query -> Scout.GotoCenter | Drive to others reported pos
[15 INFO main 40592] Scout.GotoCenter -> Scout.Query | return to random walk
[15 INFO main 41308] Scout.Query -> Scout.GotoCenter | Drive to others reported pos
[15 INFO main 43696] Scout.GotoCenter -> Scout.Query | return to random walk
