[15 INFO main 27] Initialising Python Geth Console...
[15 INFO main 31] Initialising RandB board...
[15 INFO main 31] Initialising navigation...
[15 INFO main 31] Initialising random-walk...
[15 INFO main 31] Initialising odometry...
[15 INFO main 32] Initialising ground-sensors...
[15 INFO main 53] --//-- Starting Experiment --//--
[15 INFO main 1634] Idle.IDLE -> Faulty.Pending | 
[15 INFO main 21159] Faulty.Pending -> Faulty.DriveTo | Drive to fake source point
[15 INFO main 72038] Faulty.DriveTo -> Faulty.Homing | Homing
[15 INFO main 94783] Faulty.Homing -> Faulty.Pending | Pending random walk
[15 INFO main 94820] Faulty.Pending -> Faulty.DriveTo | Drive to fake source point
[15 INFO main 105321] Confirming: 1/9
[15 INFO main 107327] Confirming: 3/9
[15 INFO main 111395] Confirming: 5/9
[15 INFO main 113477] Confirming: 6/9
[15 INFO main 117518] Confirming: 8/9
[15 INFO main 121652] Confirming: 9/9
[15 INFO main 134033] Faulty.DriveTo -> Faulty.Homing | Homing
[15 INFO main 153328] Confirming: 1/9
[15 INFO main 155481] Confirming: 2/9
[15 INFO main 157557] Confirming: 3/9
[15 INFO main 159726] Confirming: 4/9
[15 INFO main 161036] Faulty.Homing -> Faulty.Pending | Pending random walk
[15 INFO main 161195] Faulty.Pending -> Faulty.DriveTo | Drive to fake source point
[15 INFO main 163831] Confirming: 6/9
[15 INFO main 167916] Confirming: 8/9
[15 INFO main 172050] Confirming: 10/9
[15 INFO main 209917] Faulty.DriveTo -> Faulty.Homing | Homing
[15 INFO main 224804] Confirming: 1/9
[15 INFO main 227082] Confirming: 2/9
[15 INFO main 229130] Confirming: 3/9
[15 INFO main 231190] Confirming: 4/9
[15 INFO main 235326] Confirming: 6/9
[15 INFO main 237481] Confirming: 7/9
[15 INFO main 239524] Confirming: 9/9
[15 INFO main 242030] Faulty.Homing -> Faulty.Pending | Pending random walk
[15 INFO main 242706] Faulty.Pending -> Faulty.DriveTo | Drive to fake source point
[15 INFO main 267051] Faulty.DriveTo -> Faulty.Homing | Homing
[15 INFO main 283990] Confirming: 1/9
[15 INFO main 285993] Confirming: 2/9
[15 INFO main 286331] Faulty.Homing -> Faulty.Pending | Pending random walk
[15 INFO main 286525] Faulty.Pending -> Faulty.DriveTo | Drive to fake source point
[15 INFO main 288193] Confirming: 3/9
[15 INFO main 290304] Confirming: 4/9
[15 INFO main 292407] Confirming: 5/9
[15 INFO main 294470] Confirming: 6/9
[15 INFO main 296551] Confirming: 7/9
[15 INFO main 298632] Confirming: 8/9
[15 INFO main 300692] Confirming: 9/9
[15 INFO main 333283] Faulty.DriveTo -> Faulty.Homing | Homing
[15 INFO main 337446] Confirming: 1/9
[15 INFO main 341953] Confirming: 3/9
[15 INFO main 346067] Confirming: 4/9
[15 INFO main 348160] Confirming: 6/9
[15 INFO main 352275] Confirming: 8/9
[15 INFO main 354452] Confirming: 9/9
[15 INFO main 361117] Faulty.Homing -> Faulty.Pending | Pending random walk
[15 INFO main 361283] Faulty.Pending -> Faulty.DriveTo | Drive to fake source point
[15 INFO main 394195] Faulty.DriveTo -> Faulty.Homing | Homing
[15 INFO main 414413] Faulty.Homing -> Faulty.Pending | Pending random walk
[15 INFO main 414503] Faulty.Pending -> Faulty.DriveTo | Drive to fake source point
[15 INFO main 434175] Confirming: 1/9
[15 INFO main 436319] Confirming: 2/9
[15 INFO main 438374] Confirming: 3/9
[15 INFO main 440461] Confirming: 4/9
[15 INFO main 444487] Confirming: 6/9
[15 INFO main 446490] Confirming: 7/9
[15 INFO main 448564] Confirming: 8/9
[15 INFO main 450631] Confirming: 9/9
[15 INFO main 462687] Faulty.DriveTo -> Faulty.Homing | Homing
[15 INFO main 486153] Faulty.Homing -> Faulty.Pending | Pending random walk
[15 INFO main 486242] Faulty.Pending -> Faulty.DriveTo | Drive to fake source point
[15 INFO main 494058] Confirming: 1/9
[15 INFO main 496249] Confirming: 2/9
[15 INFO main 498280] Confirming: 3/9
[15 INFO main 500513] Confirming: 4/9
[15 INFO main 508933] Confirming: 8/9
[15 INFO main 510948] Confirming: 9/9
[15 INFO main 525427] Faulty.DriveTo -> Faulty.Homing | Homing
[15 INFO main 555190] Confirming: 1/9
[15 INFO main 557205] Confirming: 2/9
[15 INFO main 559253] Confirming: 3/9
[15 INFO main 560382] Faulty.Homing -> Faulty.Pending | Pending random walk
[15 INFO main 560477] Faulty.Pending -> Faulty.DriveTo | Drive to fake source point
[15 INFO main 561290] Confirming: 4/9
[15 INFO main 563312] Confirming: 6/9
[15 INFO main 565318] Confirming: 7/9
[15 INFO main 567360] Confirming: 8/9
[15 INFO main 569390] Confirming: 9/9
[15 INFO main 599957] Faulty.DriveTo -> Faulty.Homing | Homing
[15 INFO main 614473] Confirming: 1/9
[15 INFO main 616530] Confirming: 2/9
[15 INFO main 618525] Confirming: 3/9
[15 INFO main 620628] Confirming: 4/9
[15 INFO main 622743] Confirming: 5/9
[15 INFO main 624756] Confirming: 6/9
[15 INFO main 626814] Confirming: 7/9
[15 INFO main 627970] Faulty.Homing -> Faulty.Pending | Pending random walk
[15 INFO main 628054] Faulty.Pending -> Faulty.DriveTo | Drive to fake source point
[15 INFO main 628855] Confirming: 8/9
[15 INFO main 630923] Confirming: 9/9
[15 INFO main 732922] Faulty.DriveTo -> Faulty.Homing | Homing
[15 INFO main 753379] Faulty.Homing -> Faulty.Pending | Pending random walk
[15 INFO main 753661] Faulty.Pending -> Faulty.DriveTo | Drive to fake source point
[15 INFO main 763823] Confirming: 1/9
[15 INFO main 766087] Confirming: 2/9
[15 INFO main 768098] Confirming: 3/9
[15 INFO main 770118] Confirming: 4/9
[15 INFO main 772279] Confirming: 5/9
[15 INFO main 776388] Confirming: 7/9
[15 INFO main 778398] Confirming: 8/9
[15 INFO main 780467] Confirming: 9/9
[15 INFO main 785252] Faulty.DriveTo -> Faulty.Homing | Homing
[15 INFO main 793757] Confirming: 1/9
[15 INFO main 795824] Confirming: 2/9
[15 INFO main 797882] Confirming: 3/9
[15 INFO main 799935] Confirming: 4/9
[15 INFO main 802051] Confirming: 5/9
[15 INFO main 804093] Confirming: 6/9
[15 INFO main 806221] Confirming: 7/9
[15 INFO main 808199] Confirming: 8/9
[15 INFO main 810293] Confirming: 9/9
[15 INFO main 812417] Faulty.Homing -> Faulty.Pending | Pending random walk
[15 INFO main 812540] Faulty.Pending -> Faulty.DriveTo | Drive to fake source point
[15 INFO main 847615] Faulty.DriveTo -> Faulty.Homing | Homing
[15 INFO main 872682] Faulty.Homing -> Faulty.Pending | Pending random walk
[15 INFO main 873115] Faulty.Pending -> Faulty.DriveTo | Drive to fake source point
[15 INFO main 881379] Confirming: 1/9
[15 INFO main 883447] Confirming: 3/9
[15 INFO main 887485] Confirming: 4/9
[15 INFO main 889515] Confirming: 6/9
[15 INFO main 891601] Confirming: 7/9
[15 INFO main 893658] Confirming: 8/9
[15 INFO main 895722] Confirming: 9/9
[15 INFO main 944877] Faulty.DriveTo -> Faulty.Homing | Homing
[15 INFO main 964752] Faulty.Homing -> Faulty.Pending | Pending random walk
[15 INFO main 964980] Faulty.Pending -> Faulty.DriveTo | Drive to fake source point
[15 INFO main 974238] Confirming: 1/9
[15 INFO main 976566] Confirming: 2/9
[15 INFO main 978570] Confirming: 3/9
[15 INFO main 980612] Confirming: 4/9
[15 INFO main 982629] Confirming: 5/9
[15 INFO main 984679] Confirming: 6/9
[15 INFO main 986849] Confirming: 7/9
[15 INFO main 988893] Confirming: 8/9
[15 INFO main 990941] Confirming: 9/9
[15 INFO main 999276] Faulty.DriveTo -> Faulty.Homing | Homing
[15 INFO main 1005674] Confirming: 1/9
[15 INFO main 1007686] Confirming: 3/9
[15 INFO main 1011918] Confirming: 5/9
[15 INFO main 1016063] Confirming: 7/9
[15 INFO main 1018254] Confirming: 8/9
[15 INFO main 1020276] Confirming: 9/9
[15 INFO main 1022956] Faulty.Homing -> Faulty.Pending | Pending random walk
[15 INFO main 1023088] Faulty.Pending -> Faulty.DriveTo | Drive to fake source point
[15 INFO main 1078512] Faulty.DriveTo -> Faulty.Homing | Homing
[15 INFO main 1095006] Confirming: 1/9
[15 INFO main 1097010] Confirming: 2/9
[15 INFO main 1099027] Confirming: 3/9
[15 INFO main 1100353] Faulty.Homing -> Faulty.Pending | Pending random walk
[15 INFO main 1100436] Faulty.Pending -> Faulty.DriveTo | Drive to fake source point
[15 INFO main 1101129] Confirming: 4/9
[15 INFO main 1103205] Confirming: 5/9
[15 INFO main 1105296] Confirming: 6/9
[15 INFO main 1107310] Confirming: 7/9
[15 INFO main 1109366] Confirming: 9/9
[15 INFO main 1122470] Faulty.DriveTo -> Faulty.Homing | Homing
[15 INFO main 1141605] Faulty.Homing -> Faulty.Pending | Pending random walk
[15 INFO main 1141617] Faulty.Pending -> Faulty.DriveTo | Drive to fake source point
[15 INFO main 1153818] Confirming: 1/9
[15 INFO main 1155836] Confirming: 2/9
[15 INFO main 1157854] Confirming: 3/9
[15 INFO main 1159864] Confirming: 4/9
[15 INFO main 1161983] Confirming: 5/9
[15 INFO main 1164039] Confirming: 6/9
[15 INFO main 1166066] Confirming: 7/9
[15 INFO main 1168006] Confirming: 8/9
[15 INFO main 1172261] Confirming: 10/9
[15 INFO main 1181437] Faulty.DriveTo -> Faulty.Homing | Homing
[15 INFO main 1198838] Faulty.Homing -> Faulty.Pending | Pending random walk
[15 INFO main 1198928] Faulty.Pending -> Faulty.DriveTo | Drive to fake source point
[15 INFO main 1214895] Confirming: 1/9
[15 INFO main 1216946] Confirming: 2/9
[15 INFO main 1218994] Confirming: 3/9
[15 INFO main 1221167] Confirming: 4/9
[15 INFO main 1223346] Confirming: 6/9
[15 INFO main 1225430] Confirming: 7/9
[15 INFO main 1227498] Confirming: 8/9
[15 INFO main 1231586] Confirming: 10/9
[15 INFO main 1237615] Faulty.DriveTo -> Faulty.Homing | Homing
[15 INFO main 1260111] Faulty.Homing -> Faulty.Pending | Pending random walk
[15 INFO main 1260185] Faulty.Pending -> Faulty.DriveTo | Drive to fake source point
[15 INFO main 1274799] Confirming: 1/9
[15 INFO main 1276845] Confirming: 2/9
[15 INFO main 1279212] Confirming: 3/9
[15 INFO main 1281275] Confirming: 5/9
[15 INFO main 1285485] Confirming: 7/9
[15 INFO main 1287501] Confirming: 8/9
[15 INFO main 1291565] Confirming: 9/9
[15 INFO main 1291857] Faulty.DriveTo -> Faulty.Homing | Homing
[15 INFO main 1304358] Confirming: 1/9
[15 INFO main 1306442] Confirming: 2/9
[15 INFO main 1308548] Confirming: 3/9
[15 INFO main 1310669] Confirming: 4/9
[15 INFO main 1312366] Faulty.Homing -> Faulty.Pending | Pending random walk
[15 INFO main 1312463] Faulty.Pending -> Faulty.DriveTo | Drive to fake source point
[15 INFO main 1312717] Confirming: 5/9
[15 INFO main 1314984] Confirming: 6/9
[15 INFO main 1316997] Confirming: 7/9
[15 INFO main 1319050] Confirming: 8/9
[15 INFO main 1321107] Confirming: 9/9
[15 INFO main 1355391] Faulty.DriveTo -> Faulty.Homing | Homing
[15 INFO main 1363741] Confirming: 1/9
[15 INFO main 1365747] Confirming: 2/9
[15 INFO main 1367876] Confirming: 3/9
[15 INFO main 1369973] Confirming: 4/9
[15 INFO main 1372035] Confirming: 5/9
[15 INFO main 1374058] Confirming: 6/9
[15 INFO main 1376381] Confirming: 7/9
[15 INFO main 1378502] Confirming: 8/9
[15 INFO main 1380784] Confirming: 9/9
[15 INFO main 1398793] Faulty.Homing -> Faulty.Pending | Pending random walk
[15 INFO main 1399040] Faulty.Pending -> Faulty.DriveTo | Drive to fake source point
[15 INFO main 1434331] Faulty.DriveTo -> Faulty.Homing | Homing
[15 INFO main 1453308] Confirming: 1/9
[15 INFO main 1455369] Confirming: 2/9
[15 INFO main 1457470] Confirming: 3/9
[15 INFO main 1459536] Confirming: 4/9
[15 INFO main 1461615] Confirming: 5/9
[15 INFO main 1463782] Confirming: 6/9
[15 INFO main 1465187] Faulty.Homing -> Faulty.Pending | Pending random walk
[15 INFO main 1465217] Faulty.Pending -> Faulty.DriveTo | Drive to fake source point
[15 INFO main 1467892] Confirming: 8/9
[15 INFO main 1470060] Confirming: 9/9
[15 INFO main 1546093] Faulty.DriveTo -> Faulty.Homing | Homing
[15 INFO main 1567555] Faulty.Homing -> Faulty.Pending | Pending random walk
[15 INFO main 1567674] Faulty.Pending -> Faulty.DriveTo | Drive to fake source point
[15 INFO main 1575094] Confirming: 1/9
[15 INFO main 1577201] Confirming: 2/9
[15 INFO main 1579280] Confirming: 3/9
[15 INFO main 1581357] Confirming: 5/9
[15 INFO main 1583389] Confirming: 6/9
[15 INFO main 1585406] Confirming: 7/9
[15 INFO main 1589546] Confirming: 8/9
[15 INFO main 1591648] Confirming: 10/9
[15 INFO main 1622150] Faulty.DriveTo -> Faulty.Homing | Homing
[15 INFO main 1634622] Confirming: 1/9
[15 INFO main 1636691] Confirming: 2/9
[15 INFO main 1638732] Confirming: 3/9
[15 INFO main 1640787] Confirming: 4/9
[15 INFO main 1642785] Confirming: 5/9
[15 INFO main 1644369] Faulty.Homing -> Faulty.Pending | Pending random walk
[15 INFO main 1644458] Faulty.Pending -> Faulty.DriveTo | Drive to fake source point
[15 INFO main 1645003] Confirming: 6/9
[15 INFO main 1647053] Confirming: 7/9
[15 INFO main 1649054] Confirming: 8/9
[15 INFO main 1651243] Confirming: 9/9
[15 INFO main 1676973] Faulty.DriveTo -> Faulty.Homing | Homing
[15 INFO main 1687648] Confirming: 2/9
[15 INFO main 1689750] Confirming: 3/9
[15 INFO main 1694024] Confirming: 5/9
[15 INFO main 1695680] Faulty.Homing -> Faulty.Pending | Pending random walk
[15 INFO main 1695778] Faulty.Pending -> Faulty.DriveTo | Drive to fake source point
[15 INFO main 1696087] Confirming: 6/9
[15 INFO main 1698183] Confirming: 7/9
[15 INFO main 1700404] Confirming: 8/9
[15 INFO main 1702485] Confirming: 9/9
[15 INFO main 1739108] Faulty.DriveTo -> Faulty.Homing | Homing
[15 INFO main 1753886] Confirming: 1/9
[15 INFO main 1756016] Confirming: 2/9
[15 INFO main 1758074] Confirming: 3/9
[15 INFO main 1760103] Confirming: 4/9
[15 INFO main 1762223] Confirming: 5/9
[15 INFO main 1764299] Confirming: 6/9
[15 INFO main 1766386] Confirming: 7/9
[15 INFO main 1768535] Confirming: 8/9
[15 INFO main 1770606] Confirming: 9/9
[15 INFO main 1773282] Faulty.Homing -> Faulty.Pending | Pending random walk
[15 INFO main 1773309] Faulty.Pending -> Faulty.DriveTo | Drive to fake source point
[15 INFO main 1796074] Faulty.DriveTo -> Faulty.Homing | Homing
