[7 INFO main 27] Initialising Python Geth Console...
[7 INFO main 32] Initialising RandB board...
[7 INFO main 32] Initialising navigation...
[7 INFO main 32] Initialising random-walk...
[7 INFO main 32] Initialising odometry...
[7 INFO main 32] Initialising ground-sensors...
[7 INFO main 681] --//-- Starting Experiment --//--
[7 INFO main 1782] Idle.IDLE -> Scout.Query | Duration: 21.37
[7 INFO main 10915] Scout.Query -> Scout.GotoCenter | Drive to others reported pos
[7 INFO main 71893] Scout.GotoCenter -> Scout.Query | return to random walk
[7 INFO main 102461] Scout.Query -> Scout.GotoCenter | Drive to others reported pos
[7 INFO main 133098] Scout.GotoCenter -> Scout.Query | return to random walk
[7 INFO main 207250] Scout.Query -> Scout.GotoCenter | Drive to others reported pos
[7 INFO main 224803] Scout.GotoCenter -> Scout.Query | return to random walk
[7 INFO main 275593] Scout.Query -> Scout.GotoCenter | Drive to others reported pos
[7 INFO main 347612] Scout.GotoCenter -> Scout.Query | return to random walk
[7 INFO main 372957] Scout.Query -> Scout.GotoCenter | Drive to others reported pos
[7 INFO main 421576] Scout.GotoCenter -> Scout.Query | return to random walk
[7 INFO main 451989] Scout.Query -> Scout.GotoCenter | Drive to others reported pos
[7 INFO main 512748] Scout.GotoCenter -> Scout.Query | return to random walk
[7 INFO main 548111] Scout.Query -> Scout.GotoCenter | Drive to others reported pos
[7 INFO main 584206] Scout.GotoCenter -> Scout.Query | return to random walk
[7 INFO main 706698] Scout.Query -> Scout.GotoCenter | Drive to others reported pos
[7 INFO main 767096] Scout.GotoCenter -> Scout.Query | return to random walk
