[INFO main 82] Initialising peer buffer...
[INFO main 82] Initialising resource buffer...
[INFO main 82] Initialising TCP server...
[INFO main 82] Initialising RandB board...
[INFO main 82] Initialising ground-sensors...
[INFO main 82] Initialising random-walk...
[INFO main 509] --//-- Starting Experiment --//--
[INFO main 34648] Added resource: {"x": -0.95, "y": 0.41, "radius": 0.04, "quantity": 1, "quality": "green", "timeStamp": 0}
[INFO main 56276] Removed resource: {"x": -0.95, "y": 0.41, "radius": 0.04, "quantity": 1, "quality": "green", "timeStamp": 0}
[INFO main 62581] Added resource: {"x": -0.7, "y": 0.37, "radius": 0.05, "quantity": 1, "quality": "red", "timeStamp": 0}
[INFO main 96719] Added resource: {"x": -1.16, "y": -0.44, "radius": 0.04, "quantity": 1, "quality": "blue", "timeStamp": 0}
[INFO main 181817] Removed resource: {"x": -1.16, "y": -0.44, "radius": 0.04, "quantity": 1, "quality": "blue", "timeStamp": 0}
[INFO main 208948] Added resource: {"x": -0.96, "y": -0.13, "radius": 0.05, "quantity": 1, "quality": "blue", "timeStamp": 0}
[INFO main 219060] Added resource: {"x": -0.56, "y": -0.01, "radius": 0.05, "quantity": 1, "quality": "green", "timeStamp": 0}
[INFO main 249693] Added resource: {"x": -0.57, "y": -0.28, "radius": 0.05, "quantity": 1, "quality": "green", "timeStamp": 0}
[INFO main 270216] Added resource: {"x": -0.73, "y": -0.06, "radius": 0.05, "quantity": 1, "quality": "yellow", "timeStamp": 0}
[INFO main 277128] Added resource: {"x": -0.44, "y": 0.02, "radius": 0.05, "quantity": 1, "quality": "blue", "timeStamp": 0}
[INFO main 321774] Removed resource: {"x": -0.73, "y": -0.06, "radius": 0.05, "quantity": 1, "quality": "yellow", "timeStamp": 0}
[INFO main 347101] Removed resource: {"x": -0.44, "y": 0.02, "radius": 0.05, "quantity": 1, "quality": "blue", "timeStamp": 0}
[INFO main 374945] Removed resource: {"x": -0.96, "y": -0.13, "radius": 0.05, "quantity": 1, "quality": "blue", "timeStamp": 0}
[INFO main 384141] Added resource: {"x": -1.12, "y": 0.0, "radius": 0.05, "quantity": 1, "quality": "green", "timeStamp": 0}
[INFO main 423598] Added resource: {"x": 0.25, "y": -0.88, "radius": 0.06, "quantity": 1, "quality": "green", "timeStamp": 0}
[INFO main 430093] Added resource: {"x": 0.21, "y": -0.58, "radius": 0.04, "quantity": 1, "quality": "red", "timeStamp": 0}
[INFO main 481249] Added resource: {"x": 1.23, "y": 1.07, "radius": 0.06, "quantity": 1, "quality": "green", "timeStamp": 0}
[INFO main 499071] Added resource: {"x": 0.55, "y": 0.59, "radius": 0.05, "quantity": 1, "quality": "green", "timeStamp": 0}
[INFO main 578255] Removed resource: {"x": -0.56, "y": -0.01, "radius": 0.05, "quantity": 1, "quality": "green", "timeStamp": 0}
