[INFO main 28] Initialising peer buffer...
[INFO main 28] Initialising resource buffer...
[INFO main 28] Initialising TCP server...
[INFO main 28] Initialising RandB board...
[INFO main 28] Initialising ground-sensors...
[INFO main 28] Initialising random-walk...
[INFO main 942] --//-- Starting Experiment --//--
[INFO main 15160] Added resource: {"x": 0.14, "y": -0.67, "radius": 0.05, "quantity": 1, "quality": "yellow", "timeStamp": 0}
[INFO main 36388] Removed resource: {"x": 0.14, "y": -0.67, "radius": 0.05, "quantity": 1, "quality": "yellow", "timeStamp": 0}
[INFO main 116289] Added resource: {"x": -0.57, "y": 0.01, "radius": 0.05, "quantity": 1, "quality": "green", "timeStamp": 0}
[INFO main 131406] Removed resource: {"x": -0.57, "y": 0.01, "radius": 0.05, "quantity": 1, "quality": "green", "timeStamp": 0}
[INFO main 163247] Added resource: {"x": -0.84, "y": 0.92, "radius": 0.05, "quantity": 1, "quality": "blue", "timeStamp": 0}
[INFO main 203390] Added resource: {"x": -0.76, "y": 0.78, "radius": 0.05, "quantity": 1, "quality": "red", "timeStamp": 0}
[INFO main 216401] Added resource: {"x": -0.26, "y": 0.4, "radius": 0.05, "quantity": 1, "quality": "blue", "timeStamp": 0}
[INFO main 227313] Removed resource: {"x": -0.26, "y": 0.4, "radius": 0.05, "quantity": 1, "quality": "blue", "timeStamp": 0}
[INFO main 250233] Added resource: {"x": -0.26, "y": -0.38, "radius": 0.05, "quantity": 1, "quality": "red", "timeStamp": 0}
[INFO main 297979] Removed resource: {"x": -0.84, "y": 0.92, "radius": 0.05, "quantity": 1, "quality": "blue", "timeStamp": 0}
[INFO main 326907] Added resource: {"x": -1.11, "y": 0.23, "radius": 0.05, "quantity": 1, "quality": "green", "timeStamp": 0}
[INFO main 351432] Added resource: {"x": -0.35, "y": 0.15, "radius": 0.06, "quantity": 1, "quality": "blue", "timeStamp": 0}
[INFO main 358944] Removed resource: {"x": -0.35, "y": 0.15, "radius": 0.06, "quantity": 1, "quality": "blue", "timeStamp": 0}
[INFO main 386071] Added resource: {"x": -1.0, "y": -0.0, "radius": 0.05, "quantity": 1, "quality": "yellow", "timeStamp": 0}
[INFO main 439233] Added resource: {"x": -0.88, "y": -0.0, "radius": 0.05, "quantity": 1, "quality": "yellow", "timeStamp": 0}
[INFO main 443733] Added resource: {"x": -0.66, "y": -0.05, "radius": 0.05, "quantity": 1, "quality": "red", "timeStamp": 0}
[INFO main 448036] Added resource: {"x": -0.46, "y": -0.04, "radius": 0.04, "quantity": 1, "quality": "green", "timeStamp": 0}
[INFO main 467857] Removed resource: {"x": -0.88, "y": -0.0, "radius": 0.05, "quantity": 1, "quality": "yellow", "timeStamp": 0}
[INFO main 481380] Removed resource: {"x": -1.0, "y": -0.0, "radius": 0.05, "quantity": 1, "quality": "yellow", "timeStamp": 0}
[INFO main 490679] Added resource: {"x": -0.63, "y": -0.26, "radius": 0.06, "quantity": 1, "quality": "green", "timeStamp": 0}
[INFO main 506697] Removed resource: {"x": -0.46, "y": -0.04, "radius": 0.04, "quantity": 1, "quality": "green", "timeStamp": 0}
