[1 INFO main 35] Initialising Python Geth Console...
[1 INFO main 41] Initialising RandB board...
[1 INFO main 41] Initialising navigation...
[1 INFO main 41] Initialising random-walk...
[1 INFO main 41] Initialising odometry...
[1 INFO main 41] Initialising ground-sensors...
[1 INFO main 1169] --//-- Starting Experiment --//--
[1 INFO main 2273] Idle.IDLE -> Scout.Query | Duration: 21.57
[1 INFO main 11244] Scout.Query -> Scout.GotoCenter | Drive to others reported pos
[1 INFO main 39791] Scout.GotoCenter -> Scout.Query | return to random walk
[1 INFO main 105820] Scout.Query -> Scout.GotoCenter | Drive to others reported pos
[1 INFO main 137705] Scout.GotoCenter -> Scout.Query | return to random walk
[1 INFO main 183191] Scout.Query -> Scout.GotoCenter | Drive to others reported pos
[1 INFO main 189496] Scout.GotoCenter -> Scout.Query | return to random walk
[1 INFO main 215083] Scout.Query -> Scout.GotoCenter | Drive to others reported pos
[1 INFO main 255500] Scout.GotoCenter -> Scout.Query | return to random walk
[1 INFO main 281217] Scout.Query -> Scout.GotoCenter | Drive to others reported pos
[1 INFO main 335741] Scout.GotoCenter -> Scout.Query | return to random walk
[1 INFO main 492904] Scout.Query -> Scout.GotoCenter | Drive to others reported pos
[1 INFO main 513056] Scout.GotoCenter -> Scout.Query | return to random walk
[1 INFO main 548611] Scout.Query -> Scout.GotoCenter | Drive to others reported pos
[1 INFO main 590469] Scout.GotoCenter -> Scout.Query | return to random walk
[1 INFO main 661300] Scout.Query -> Scout.GotoCenter | Drive to others reported pos
[1 INFO main 690652] Scout.GotoCenter -> Scout.Query | return to random walk
[1 INFO main 736178] Scout.Query -> Scout.GotoCenter | Drive to others reported pos
[1 INFO main 770795] Scout.GotoCenter -> Scout.Query | return to random walk
[1 INFO main 816677] Scout.Query -> Scout.GotoCenter | Drive to others reported pos
[1 INFO main 842667] Scout.GotoCenter -> Scout.Query | return to random walk
[1 INFO main 888533] Scout.Query -> Scout.GotoCenter | Drive to others reported pos
[1 INFO main 894457] Scout.GotoCenter -> Scout.Query | return to random walk
[1 INFO main 929888] Scout.Query -> Scout.GotoCenter | Drive to others reported pos
[1 INFO main 944529] Scout.GotoCenter -> Scout.Query | return to random walk
[1 INFO main 1076186] Scout.Query -> Scout.GotoCenter | Drive to others reported pos
