[INFO main 32] Initialising peer buffer...
[INFO main 32] Initialising resource buffer...
[INFO main 32] Initialising TCP server...
[INFO main 32] Initialising RandB board...
[INFO main 32] Initialising ground-sensors...
[INFO main 32] Initialising random-walk...
[INFO main 100] --//-- Starting Experiment --//--
[INFO main 56170] Added resource: {"x": 1.17, "y": 0.25, "radius": 0.05, "quantity": 1, "quality": "yellow", "timeStamp": 0}
[INFO main 56170] Removed resource: {"x": 1.17, "y": 0.25, "radius": 0.05, "quantity": 1, "quality": "yellow", "timeStamp": 0}
[INFO main 114643] Added resource: {"x": -0.28, "y": -1.16, "radius": 0.05, "quantity": 1, "quality": "green", "timeStamp": 0}
[INFO main 132467] Added resource: {"x": -0.07, "y": -0.31, "radius": 0.05, "quantity": 1, "quality": "green", "timeStamp": 0}
[INFO main 155501] Added resource: {"x": -0.38, "y": -0.82, "radius": 0.05, "quantity": 1, "quality": "blue", "timeStamp": 0}
[INFO main 232597] Removed resource: {"x": -0.38, "y": -0.82, "radius": 0.05, "quantity": 1, "quality": "blue", "timeStamp": 0}
[INFO main 247716] Added resource: {"x": -0.45, "y": -0.99, "radius": 0.05, "quantity": 1, "quality": "yellow", "timeStamp": 0}
[INFO main 256926] Added resource: {"x": -0.27, "y": -0.6, "radius": 0.05, "quantity": 1, "quality": "green", "timeStamp": 0}
[INFO main 309894] Removed resource: {"x": -0.45, "y": -0.99, "radius": 0.05, "quantity": 1, "quality": "yellow", "timeStamp": 0}
[INFO main 314703] Added resource: {"x": -0.65, "y": -1.09, "radius": 0.04, "quantity": 1, "quality": "blue", "timeStamp": 0}
[INFO main 400509] Removed resource: {"x": -0.65, "y": -1.09, "radius": 0.04, "quantity": 1, "quality": "blue", "timeStamp": 0}
[INFO main 407618] Added resource: {"x": -0.91, "y": -1.13, "radius": 0.05, "quantity": 1, "quality": "yellow", "timeStamp": 0}
[INFO main 471099] Added resource: {"x": 0.41, "y": -0.26, "radius": 0.05, "quantity": 1, "quality": "green", "timeStamp": 0}
[INFO main 507046] Removed resource: {"x": -0.91, "y": -1.13, "radius": 0.05, "quantity": 1, "quality": "yellow", "timeStamp": 0}
[INFO main 549699] Removed resource: {"x": -0.07, "y": -0.31, "radius": 0.05, "quantity": 1, "quality": "green", "timeStamp": 0}
