[6 INFO main 27] Initialising Python Geth Console...
[6 INFO main 32] Initialising RandB board...
[6 INFO main 32] Initialising navigation...
[6 INFO main 32] Initialising random-walk...
[6 INFO main 32] Initialising odometry...
[6 INFO main 32] Initialising ground-sensors...
[6 INFO main 791] --//-- Starting Experiment --//--
[6 INFO main 2216] Idle.IDLE -> Scout.Query | Duration: 28.90
[6 INFO main 50528] Scout.Query -> Verify.DriveTo | Go to unverified source
[6 INFO main 89400] Verify.DriveTo -> Verify.Homing | Homing
[6 INFO main 103756] Verify.Homing -> Scout.Query | Arrived home
[6 INFO main 115980] Confirming: 1/9
[6 INFO main 118046] Confirming: 2/9
[6 INFO main 120086] Confirming: 3/9
[6 INFO main 122141] Confirming: 4/9
[6 INFO main 124433] Confirming: 6/9
[6 INFO main 128666] Confirming: 8/9
[6 INFO main 130695] Confirming: 9/9
[6 INFO main 131167] Scout.Query -> Verify.DriveTo | Go to unverified source
[6 INFO main 159005] Verify.DriveTo -> Verify.Homing | Homing
[6 INFO main 175995] Confirming: 1/9
[6 INFO main 178050] Confirming: 2/9
[6 INFO main 180188] Confirming: 3/9
[6 INFO main 182246] Confirming: 4/9
[6 INFO main 183792] Verify.Homing -> Scout.Query | Arrived home
[6 INFO main 184298] Confirming: 6/9
[6 INFO main 186953] Confirming: 7/9
[6 INFO main 189079] Confirming: 8/9
[6 INFO main 191210] Confirming: 9/9
[6 INFO main 191637] Scout.Query -> Verify.DriveTo | Go to unverified source
[6 INFO main 233999] Verify.DriveTo -> Verify.Homing | Homing
[6 INFO main 251749] Verify.Homing -> Scout.Query | Arrived home
[6 INFO main 266179] Confirming: 1/9
[6 INFO main 268229] Confirming: 2/9
[6 INFO main 270275] Confirming: 4/9
[6 INFO main 272356] Confirming: 5/9
[6 INFO main 276481] Confirming: 6/9
[6 INFO main 278479] Confirming: 7/9
[6 INFO main 280553] Confirming: 8/9
[6 INFO main 282653] Confirming: 10/9
[6 INFO main 283340] Scout.Query -> Verify.DriveTo | Go to unverified source
[6 INFO main 359364] Verify.DriveTo -> Verify.Homing | Homing
[6 INFO main 382454] Verify.Homing -> Scout.Query | Arrived home
[6 INFO main 384260] Confirming: 1/9
[6 INFO main 386311] Confirming: 2/9
[6 INFO main 388401] Confirming: 3/9
[6 INFO main 390471] Confirming: 4/9
[6 INFO main 392596] Confirming: 5/9
[6 INFO main 394636] Confirming: 6/9
[6 INFO main 396699] Confirming: 7/9
[6 INFO main 398810] Confirming: 8/9
[6 INFO main 400859] Confirming: 9/9
[6 INFO main 400988] Scout.Query -> Verify.DriveTo | Go to unverified source
[6 INFO main 424680] Verify.DriveTo -> Verify.Homing | Homing
[6 INFO main 434575] Verify.Homing -> Scout.Query | Arrived home
[6 INFO main 445297] Confirming: 1/9
[6 INFO main 447319] Confirming: 2/9
[6 INFO main 449472] Confirming: 3/9
[6 INFO main 451527] Confirming: 4/9
[6 INFO main 453572] Confirming: 5/9
[6 INFO main 455597] Confirming: 6/9
[6 INFO main 457635] Confirming: 7/9
[6 INFO main 459643] Confirming: 8/9
[6 INFO main 461745] Confirming: 9/9
[6 INFO main 461818] Scout.Query -> Verify.DriveTo | Go to unverified source
[6 INFO main 510302] Verify.DriveTo -> Verify.Homing | Homing
[6 INFO main 534504] Verify.Homing -> Scout.Query | Arrived home
[6 INFO main 535963] Confirming: 1/9
[6 INFO main 538048] Confirming: 2/9
[6 INFO main 540112] Confirming: 3/9
[6 INFO main 542149] Confirming: 4/9
[6 INFO main 544184] Confirming: 5/9
[6 INFO main 546207] Confirming: 6/9
[6 INFO main 548353] Confirming: 8/9
[6 INFO main 550438] Confirming: 9/9
[6 INFO main 550969] Scout.Query -> Verify.DriveTo | Go to unverified source
[6 INFO main 605509] Verify.DriveTo -> Verify.Homing | Homing
[6 INFO main 626114] Confirming: 1/9
[6 INFO main 628164] Confirming: 2/9
[6 INFO main 630227] Confirming: 3/9
[6 INFO main 632242] Confirming: 4/9
[6 INFO main 634353] Confirming: 6/9
[6 INFO main 634708] Verify.Homing -> Scout.Query | Arrived home
[6 INFO main 636395] Confirming: 7/9
[6 INFO main 638409] Confirming: 8/9
[6 INFO main 640458] Confirming: 9/9
[6 INFO main 641260] Scout.Query -> Verify.DriveTo | Go to unverified source
[6 INFO main 707337] Verify.DriveTo -> Verify.Homing | Homing
[6 INFO main 715674] Confirming: 1/9
[6 INFO main 717771] Confirming: 2/9
[6 INFO main 719787] Confirming: 3/9
[6 INFO main 721889] Confirming: 4/9
[6 INFO main 723945] Confirming: 5/9
[6 INFO main 726005] Confirming: 6/9
[6 INFO main 726490] Verify.Homing -> Scout.Query | Arrived home
[6 INFO main 728117] Confirming: 7/9
[6 INFO main 730150] Confirming: 8/9
[6 INFO main 732159] Confirming: 9/9
[6 INFO main 732196] Scout.Query -> Verify.DriveTo | Go to unverified source
[6 INFO main 772085] Verify.DriveTo -> Verify.Homing | Homing
[6 INFO main 791667] Verify.Homing -> Scout.Query | Arrived home
[6 INFO main 806152] Confirming: 1/9
[6 INFO main 808193] Confirming: 2/9
[6 INFO main 810244] Confirming: 3/9
[6 INFO main 812279] Confirming: 4/9
[6 INFO main 814319] Confirming: 5/9
[6 INFO main 816375] Confirming: 6/9
[6 INFO main 818463] Confirming: 7/9
[6 INFO main 820531] Confirming: 8/9
[6 INFO main 822527] Confirming: 9/9
[6 INFO main 822531] Scout.Query -> Scout.PrepSend | Homing
[6 INFO main 822715] Scout.PrepSend -> Verify.Homing | Homing
[6 INFO main 835355] Confirming: 1/9
[6 INFO main 836741] Verify.Homing -> Scout.Query | Arrived home
[6 INFO main 839528] Confirming: 2/9
[6 INFO main 841544] Confirming: 3/9
[6 INFO main 843657] Confirming: 5/9
[6 INFO main 845773] Confirming: 6/9
[6 INFO main 847802] Confirming: 7/9
[6 INFO main 850028] Confirming: 8/9
[6 INFO main 852049] Confirming: 9/9
[6 INFO main 852499] Scout.Query -> Verify.DriveTo | Go to unverified source
[6 INFO main 884767] Verify.DriveTo -> Verify.Homing | Homing
[6 INFO main 897237] Confirming: 1/9
[6 INFO main 899312] Confirming: 3/9
[6 INFO main 901467] Confirming: 4/9
[6 INFO main 904197] Verify.Homing -> Scout.Query | Arrived home
[6 INFO main 905611] Confirming: 6/9
[6 INFO main 907679] Confirming: 7/9
[6 INFO main 909726] Confirming: 8/9
[6 INFO main 911797] Confirming: 9/9
[6 INFO main 912347] Scout.Query -> Verify.DriveTo | Go to unverified source
[6 INFO main 942326] Verify.DriveTo -> Verify.Homing | Homing
[6 INFO main 956959] Confirming: 1/9
[6 INFO main 959030] Confirming: 2/9
[6 INFO main 960392] Verify.Homing -> Scout.Query | Arrived home
[6 INFO main 961097] Confirming: 3/9
[6 INFO main 963192] Confirming: 4/9
[6 INFO main 965274] Confirming: 5/9
[6 INFO main 967284] Confirming: 7/9
[6 INFO main 969301] Confirming: 8/9
[6 INFO main 971515] Confirming: 9/9
[6 INFO main 971874] Scout.Query -> Verify.DriveTo | Go to unverified source
[6 INFO main 1028632] Verify.DriveTo -> Verify.Homing | Homing
[6 INFO main 1047206] Confirming: 1/9
[6 INFO main 1049253] Confirming: 3/9
[6 INFO main 1051349] Confirming: 4/9
[6 INFO main 1053442] Confirming: 5/9
[6 INFO main 1055523] Confirming: 6/9
[6 INFO main 1057019] Verify.Homing -> Scout.Query | Arrived home
[6 INFO main 1057595] Confirming: 7/9
[6 INFO main 1059664] Confirming: 8/9
[6 INFO main 1061685] Confirming: 9/9
[6 INFO main 1062501] Scout.Query -> Verify.DriveTo | Go to unverified source
[6 INFO main 1115989] Verify.DriveTo -> Verify.Homing | Homing
[6 INFO main 1137260] Confirming: 2/9
[6 INFO main 1141356] Confirming: 3/9
[6 INFO main 1143376] Confirming: 5/9
[6 INFO main 1145417] Confirming: 6/9
[6 INFO main 1147429] Confirming: 7/9
[6 INFO main 1149405] Confirming: 8/9
[6 INFO main 1151548] Confirming: 9/9
[6 INFO main 1155802] Verify.Homing -> Scout.Query | Arrived home
[6 INFO main 1155936] Scout.Query -> Verify.DriveTo | Go to unverified source
[6 INFO main 1180397] Verify.DriveTo -> Verify.Homing | Homing
[6 INFO main 1197493] Confirming: 2/9
[6 INFO main 1199511] Confirming: 3/9
[6 INFO main 1201995] Verify.Homing -> Scout.Query | Arrived home
[6 INFO main 1203594] Confirming: 5/9
[6 INFO main 1205643] Confirming: 6/9
[6 INFO main 1207697] Confirming: 7/9
[6 INFO main 1209896] Confirming: 8/9
[6 INFO main 1211936] Confirming: 9/9
[6 INFO main 1212101] Scout.Query -> Verify.DriveTo | Go to unverified source
[6 INFO main 1232756] Verify.DriveTo -> Verify.Homing | Homing
[6 INFO main 1244642] Verify.Homing -> Scout.Query | Arrived home
[6 INFO main 1255274] Confirming: 1/9
[6 INFO main 1257305] Confirming: 2/9
[6 INFO main 1259588] Confirming: 3/9
[6 INFO main 1261646] Confirming: 4/9
[6 INFO main 1263739] Confirming: 5/9
[6 INFO main 1265827] Confirming: 6/9
[6 INFO main 1267876] Confirming: 7/9
[6 INFO main 1270026] Confirming: 8/9
[6 INFO main 1272033] Confirming: 9/9
[6 INFO main 1272346] Scout.Query -> Verify.DriveTo | Go to unverified source
[6 INFO main 1349150] Verify.DriveTo -> Verify.Homing | Homing
[6 INFO main 1376613] Confirming: 1/9
[6 INFO main 1378580] Confirming: 2/9
[6 INFO main 1380726] Confirming: 3/9
[6 INFO main 1382825] Confirming: 4/9
[6 INFO main 1384849] Confirming: 5/9
[6 INFO main 1386861] Confirming: 6/9
[6 INFO main 1388868] Confirming: 7/9
[6 INFO main 1389200] Verify.Homing -> Scout.Query | Arrived home
[6 INFO main 1390935] Confirming: 8/9
[6 INFO main 1393011] Confirming: 9/9
[6 INFO main 1393044] Scout.Query -> Verify.DriveTo | Go to unverified source
[6 INFO main 1441144] Verify.DriveTo -> Verify.Homing | Homing
[6 INFO main 1461875] Verify.Homing -> Scout.Query | Arrived home
[6 INFO main 1468806] Confirming: 2/9
[6 INFO main 1470758] Confirming: 3/9
[6 INFO main 1473073] Confirming: 4/9
[6 INFO main 1475091] Confirming: 5/9
[6 INFO main 1477181] Confirming: 6/9
[6 INFO main 1479261] Confirming: 7/9
[6 INFO main 1481392] Confirming: 8/9
[6 INFO main 1483414] Confirming: 9/9
[6 INFO main 1483505] Scout.Query -> Verify.DriveTo | Go to unverified source
[6 INFO main 1509073] Verify.DriveTo -> Verify.Homing | Homing
[6 INFO main 1527719] Confirming: 1/9
[6 INFO main 1529824] Confirming: 2/9
[6 INFO main 1531545] Verify.Homing -> Scout.Query | Arrived home
[6 INFO main 1531877] Confirming: 3/9
[6 INFO main 1533960] Confirming: 4/9
[6 INFO main 1536052] Confirming: 5/9
[6 INFO main 1538107] Confirming: 6/9
[6 INFO main 1540187] Confirming: 7/9
[6 INFO main 1542254] Confirming: 9/9
[6 INFO main 1542540] Scout.Query -> Verify.DriveTo | Go to unverified source
[6 INFO main 1587044] Verify.DriveTo -> Verify.Homing | Homing
[6 INFO main 1614477] Verify.Homing -> Scout.Query | Arrived home
[6 INFO main 1618315] Confirming: 2/9
[6 INFO main 1620310] Confirming: 3/9
[6 INFO main 1624559] Confirming: 5/9
[6 INFO main 1626887] Confirming: 6/9
[6 INFO main 1629035] Confirming: 7/9
[6 INFO main 1631098] Confirming: 8/9
[6 INFO main 1635278] Confirming: 10/9
[6 INFO main 1635440] Scout.Query -> Verify.DriveTo | Go to unverified source
[6 INFO main 1672335] Verify.DriveTo -> Verify.Homing | Homing
[6 INFO main 1700883] Verify.Homing -> Scout.Query | Arrived home
[6 INFO main 1706259] Confirming: 1/9
[6 INFO main 1710556] Confirming: 3/9
[6 INFO main 1712630] Confirming: 4/9
[6 INFO main 1714762] Confirming: 5/9
[6 INFO main 1716826] Confirming: 6/9
[6 INFO main 1718854] Confirming: 7/9
[6 INFO main 1720949] Confirming: 8/9
[6 INFO main 1725047] Confirming: 10/9
[6 INFO main 1725576] Scout.Query -> Verify.DriveTo | Go to unverified source
[6 INFO main 1752961] Verify.DriveTo -> Verify.Homing | Homing
[6 INFO main 1766883] Verify.Homing -> Scout.Query | Arrived home
[6 INFO main 1767400] Confirming: 1/9
[6 INFO main 1769468] Confirming: 2/9
[6 INFO main 1771490] Confirming: 3/9
[6 INFO main 1773551] Confirming: 4/9
[6 INFO main 1775583] Confirming: 5/9
[6 INFO main 1777629] Confirming: 6/9
[6 INFO main 1779642] Confirming: 7/9
[6 INFO main 1781718] Confirming: 8/9
[6 INFO main 1783769] Confirming: 9/9
[6 INFO main 1784347] Scout.Query -> Verify.DriveTo | Go to unverified source
[6 INFO main 1834539] Verify.DriveTo -> Verify.Homing | Homing
[6 INFO main 1857499] Confirming: 1/9
[6 INFO main 1859687] Confirming: 2/9
[6 INFO main 1860062] Verify.Homing -> Scout.Query | Arrived home
[6 INFO main 1861765] Confirming: 3/9
[6 INFO main 1863886] Confirming: 4/9
[6 INFO main 1865921] Confirming: 5/9
[6 INFO main 1870697] Confirming: 8/9
[6 INFO main 1872727] Confirming: 9/9
[6 INFO main 1872988] Scout.Query -> Verify.DriveTo | Go to unverified source
[6 INFO main 1912569] Verify.DriveTo -> Verify.Homing | Homing
[6 INFO main 1947667] Confirming: 1/9
[6 INFO main 1949660] Confirming: 2/9
[6 INFO main 1951723] Confirming: 3/9
[6 INFO main 1953797] Confirming: 4/9
[6 INFO main 1955892] Confirming: 5/9
[6 INFO main 1958016] Confirming: 6/9
[6 INFO main 1960010] Confirming: 7/9
[6 INFO main 1962027] Confirming: 8/9
[6 INFO main 1964041] Confirming: 9/9
[6 INFO main 1970097] Verify.Homing -> Scout.Query | Arrived home
[6 INFO main 1970243] Scout.Query -> Verify.DriveTo | Go to unverified source
[6 INFO main 1995880] Verify.DriveTo -> Verify.Homing | Homing
[6 INFO main 2008230] Confirming: 1/9
[6 INFO main 2010291] Confirming: 2/9
[6 INFO main 2012349] Confirming: 3/9
[6 INFO main 2014362] Confirming: 5/9
[6 INFO main 2016963] Verify.Homing -> Scout.Query | Arrived home
[6 INFO main 2018564] Confirming: 7/9
[6 INFO main 2020634] Confirming: 8/9
[6 INFO main 2022822] Confirming: 9/9
[6 INFO main 2023435] Scout.Query -> Verify.DriveTo | Go to unverified source
[6 INFO main 2062319] Verify.DriveTo -> Verify.Homing | Homing
[6 INFO main 2087752] Verify.Homing -> Scout.Query | Arrived home
[6 INFO main 2098162] Confirming: 1/9
[6 INFO main 2100161] Confirming: 2/9
[6 INFO main 2102163] Confirming: 3/9
[6 INFO main 2104288] Confirming: 4/9
[6 INFO main 2106472] Confirming: 6/9
[6 INFO main 2110578] Confirming: 7/9
[6 INFO main 2112609] Confirming: 8/9
[6 INFO main 2114843] Confirming: 10/9
[6 INFO main 2114885] Scout.Query -> Verify.DriveTo | Go to unverified source
[6 INFO main 2202306] Verify.DriveTo -> Verify.Homing | Homing
[6 INFO main 2218780] Confirming: 2/9
[6 INFO main 2220819] Confirming: 3/9
[6 INFO main 2224958] Confirming: 5/9
[6 INFO main 2229093] Confirming: 7/9
[6 INFO main 2231196] Confirming: 8/9
[6 INFO main 2233279] Confirming: 9/9
[6 INFO main 2266961] Verify.Homing -> Scout.Query | Arrived home
[6 INFO main 2267154] Scout.Query -> Verify.DriveTo | Go to unverified source
[6 INFO main 2321278] Verify.DriveTo -> Verify.Homing | Homing
[6 INFO main 2338022] Confirming: 1/9
[6 INFO main 2340127] Confirming: 2/9
[6 INFO main 2340693] Verify.Homing -> Scout.Query | Arrived home
[6 INFO main 2342147] Confirming: 3/9
[6 INFO main 2344188] Confirming: 4/9
[6 INFO main 2346276] Confirming: 5/9
[6 INFO main 2348296] Confirming: 6/9
[6 INFO main 2350339] Confirming: 7/9
[6 INFO main 2352369] Confirming: 9/9
[6 INFO main 2352729] Scout.Query -> Verify.DriveTo | Go to unverified source
[6 INFO main 2396634] Verify.DriveTo -> Verify.Homing | Homing
[6 INFO main 2423422] Verify.Homing -> Scout.Query | Arrived home
[6 INFO main 2427573] Confirming: 1/9
[6 INFO main 2429667] Confirming: 2/9
[6 INFO main 2431780] Confirming: 3/9
[6 INFO main 2433865] Confirming: 4/9
[6 INFO main 2435935] Confirming: 5/9
[6 INFO main 2437999] Confirming: 6/9
[6 INFO main 2440016] Confirming: 7/9
[6 INFO main 2442299] Confirming: 8/9
[6 INFO main 2444316] Confirming: 9/9
[6 INFO main 2444881] Scout.Query -> Verify.DriveTo | Go to unverified source
[6 INFO main 2492339] Verify.DriveTo -> Verify.Homing | Homing
[6 INFO main 2515068] Verify.Homing -> Scout.Query | Arrived home
[6 INFO main 2517633] Confirming: 1/9
[6 INFO main 2519842] Confirming: 2/9
[6 INFO main 2521931] Confirming: 3/9
[6 INFO main 2524026] Confirming: 4/9
[6 INFO main 2526091] Confirming: 5/9
[6 INFO main 2528135] Confirming: 6/9
[6 INFO main 2530265] Confirming: 7/9
[6 INFO main 2532280] Confirming: 8/9
[6 INFO main 2534365] Confirming: 9/9
[6 INFO main 2534943] Scout.Query -> Verify.DriveTo | Go to unverified source
[6 INFO main 2565326] Verify.DriveTo -> Verify.Homing | Homing
[6 INFO main 2579798] Confirming: 1/9
[6 INFO main 2582143] Confirming: 2/9
[6 INFO main 2584254] Confirming: 3/9
[6 INFO main 2588436] Confirming: 5/9
[6 INFO main 2590451] Confirming: 6/9
[6 INFO main 2591041] Verify.Homing -> Scout.Query | Arrived home
[6 INFO main 2592711] Confirming: 7/9
[6 INFO main 2594767] Confirming: 8/9
[6 INFO main 2596860] Confirming: 9/9
[6 INFO main 2597110] Scout.Query -> Verify.DriveTo | Go to unverified source
