[12 INFO main 69] Initialising Python Geth Console...
[12 INFO main 72] Initialising RandB board...
[12 INFO main 73] Initialising navigation...
[12 INFO main 73] Initialising random-walk...
[12 INFO main 73] Initialising odometry...
[12 INFO main 73] Initialising ground-sensors...
[12 INFO main 477] --//-- Starting Experiment --//--
[12 INFO main 1594] Idle.IDLE -> Scout.Query | Duration: 23.59
[12 INFO main 52250] Scout.Query -> Scout.GotoCenter | Drive to others reported pos
[12 INFO main 64167] Scout.GotoCenter -> Scout.Query | return to random walk
[12 INFO main 123732] Scout.Query -> Scout.GotoCenter | Drive to others reported pos
[12 INFO main 131545] Scout.GotoCenter -> Scout.Query | return to random walk
[12 INFO main 131945] Scout.Query -> Scout.GotoCenter | Drive to others reported pos
[12 INFO main 132044] Scout.GotoCenter -> Scout.Query | return to random walk
[12 INFO main 132948] Scout.Query -> Scout.GotoCenter | Drive to others reported pos
[12 INFO main 139153] Scout.GotoCenter -> Scout.Query | return to random walk
[12 INFO main 139363] Scout.Query -> Scout.GotoCenter | Drive to others reported pos
[12 INFO main 140058] Scout.GotoCenter -> Scout.Query | return to random walk
[12 INFO main 140367] Scout.Query -> Scout.GotoCenter | Drive to others reported pos
[12 INFO main 140557] Scout.GotoCenter -> Scout.Query | return to random walk
[12 INFO main 141466] Scout.Query -> Scout.GotoCenter | Drive to others reported pos
[12 INFO main 145564] Scout.GotoCenter -> Scout.Query | return to random walk
[12 INFO main 146565] Scout.Query -> Scout.GotoCenter | Drive to others reported pos
[12 INFO main 147066] Scout.GotoCenter -> Scout.Query | return to random walk
