[10 INFO main 29] Initialising Python Geth Console...
[10 INFO main 33] Initialising RandB board...
[10 INFO main 33] Initialising navigation...
[10 INFO main 33] Initialising random-walk...
[10 INFO main 33] Initialising odometry...
[10 INFO main 33] Initialising ground-sensors...
[10 INFO main 503] --//-- Starting Experiment --//--
[10 INFO main 1602] Idle.IDLE -> Scout.Query | Duration: 20.67
[10 INFO main 98234] Scout.Query -> Scout.GotoCenter | Drive to others reported pos
[10 INFO main 103739] Scout.GotoCenter -> Scout.Query | return to random walk
[10 INFO main 104336] Scout.Query -> Scout.GotoCenter | Drive to others reported pos
[10 INFO main 104938] Scout.GotoCenter -> Scout.Query | return to random walk
[10 INFO main 105340] Scout.Query -> Scout.GotoCenter | Drive to others reported pos
[10 INFO main 106539] Scout.GotoCenter -> Scout.Query | return to random walk
[10 INFO main 107442] Scout.Query -> Scout.GotoCenter | Drive to others reported pos
[10 INFO main 108539] Scout.GotoCenter -> Scout.Query | return to random walk
[10 INFO main 109546] Scout.Query -> Scout.GotoCenter | Drive to others reported pos
[10 INFO main 110341] Scout.GotoCenter -> Scout.Query | return to random walk
[10 INFO main 110639] Scout.Query -> Scout.GotoCenter | Drive to others reported pos
[10 INFO main 112540] Scout.GotoCenter -> Scout.Query | return to random walk
