[10 INFO main 26] Initialising Python Geth Console...
[10 INFO main 31] Initialising RandB board...
[10 INFO main 31] Initialising navigation...
[10 INFO main 31] Initialising random-walk...
[10 INFO main 31] Initialising odometry...
[10 INFO main 31] Initialising ground-sensors...
[10 INFO main 373] --//-- Starting Experiment --//--
[10 INFO main 1471] Idle.IDLE -> Scout.Query | Duration: 22.30
[10 INFO main 50878] Scout.Query -> Scout.GotoCenter | Drive to others reported pos
[10 INFO main 66836] Scout.GotoCenter -> Scout.Query | return to random walk
[10 INFO main 92216] Scout.Query -> Scout.GotoCenter | Drive to others reported pos
[10 INFO main 130969] Scout.GotoCenter -> Scout.Query | return to random walk
[10 INFO main 171557] Scout.Query -> Scout.GotoCenter | Drive to others reported pos
[10 INFO main 206453] Scout.GotoCenter -> Scout.Query | return to random walk
[10 INFO main 272396] Scout.Query -> Scout.GotoCenter | Drive to others reported pos
[10 INFO main 294485] Scout.GotoCenter -> Scout.Query | return to random walk
[10 INFO main 334978] Scout.Query -> Scout.GotoCenter | Drive to others reported pos
[10 INFO main 359895] Scout.GotoCenter -> Scout.Query | return to random walk
[10 INFO main 395543] Scout.Query -> Scout.GotoCenter | Drive to others reported pos
[10 INFO main 436690] Scout.GotoCenter -> Scout.Query | return to random walk
[10 INFO main 503001] Scout.Query -> Scout.GotoCenter | Drive to others reported pos
[10 INFO main 532353] Scout.GotoCenter -> Scout.Query | return to random walk
[10 INFO main 577808] Scout.Query -> Scout.GotoCenter | Drive to others reported pos
[10 INFO main 586755] Scout.GotoCenter -> Scout.Query | return to random walk
