[3 INFO main 35] Initialising Python Geth Console...
[3 INFO main 39] Initialising RandB board...
[3 INFO main 39] Initialising navigation...
[3 INFO main 39] Initialising random-walk...
[3 INFO main 39] Initialising odometry...
[3 INFO main 39] Initialising ground-sensors...
[3 INFO main 1305] --//-- Starting Experiment --//--
[3 INFO main 2617] Idle.IDLE -> Scout.Query | Duration: 20.70
[3 INFO main 11420] Scout.Query -> Scout.GotoCenter | Drive to others reported pos
[3 INFO main 65420] Scout.GotoCenter -> Scout.Query | return to random walk
[3 INFO main 65520] Scout.Query -> Scout.GotoCenter | Drive to others reported pos
[3 INFO main 67423] Scout.GotoCenter -> Scout.Query | return to random walk
[3 INFO main 70522] Scout.Query -> Scout.GotoCenter | Drive to others reported pos
[3 INFO main 84621] Scout.GotoCenter -> Scout.Query | return to random walk
[3 INFO main 84720] Scout.Query -> Scout.GotoCenter | Drive to others reported pos
[3 INFO main 92820] Scout.GotoCenter -> Scout.Query | return to random walk
[3 INFO main 92925] Scout.Query -> Scout.GotoCenter | Drive to others reported pos
[3 INFO main 93620] Scout.GotoCenter -> Scout.Query | return to random walk
[3 INFO main 98024] Scout.Query -> Scout.GotoCenter | Drive to others reported pos
[3 INFO main 98220] Scout.GotoCenter -> Scout.Query | return to random walk
[3 INFO main 103121] Scout.Query -> Scout.GotoCenter | Drive to others reported pos
[3 INFO main 117223] Scout.GotoCenter -> Scout.Query | return to random walk
[3 INFO main 117318] Scout.Query -> Scout.GotoCenter | Drive to others reported pos
[3 INFO main 120120] Scout.GotoCenter -> Scout.Query | return to random walk
[3 INFO main 122321] Scout.Query -> Scout.GotoCenter | Drive to others reported pos
[3 INFO main 135023] Scout.GotoCenter -> Scout.Query | return to random walk
[3 INFO main 135121] Scout.Query -> Scout.GotoCenter | Drive to others reported pos
[3 INFO main 135920] Scout.GotoCenter -> Scout.Query | return to random walk
[3 INFO main 140125] Scout.Query -> Scout.GotoCenter | Drive to others reported pos
[3 INFO main 141420] Scout.GotoCenter -> Scout.Query | return to random walk
[3 INFO main 145220] Scout.Query -> Scout.GotoCenter | Drive to others reported pos
[3 INFO main 149120] Scout.GotoCenter -> Scout.Query | return to random walk
[3 INFO main 150220] Scout.Query -> Scout.GotoCenter | Drive to others reported pos
[3 INFO main 169856] Scout.GotoCenter -> Scout.Query | return to random walk
[3 INFO main 169986] Scout.Query -> Scout.GotoCenter | Drive to others reported pos
[3 INFO main 175220] Scout.GotoCenter -> Scout.Query | return to random walk
[3 INFO main 175319] Scout.Query -> Scout.GotoCenter | Drive to others reported pos
