[14 INFO main 27] Initialising Python Geth Console...
[14 INFO main 75] Initialising RandB board...
[14 INFO main 75] Initialising navigation...
[14 INFO main 75] Initialising random-walk...
[14 INFO main 75] Initialising odometry...
[14 INFO main 75] Initialising ground-sensors...
[14 INFO main 242] --//-- Starting Experiment --//--
[14 INFO main 1719] Idle.IDLE -> Scout.Query | Duration: 27.01
[14 INFO main 3440] Scout.Query -> Scout.PrepSend | Homing
[14 INFO main 3604] Scout.PrepSend -> Verify.Homing | Homing
[14 INFO main 14081] Verify.Homing -> Scout.Query | Arrived home
[14 INFO main 28949] Confirming: 1/9
[14 INFO main 30927] Confirming: 2/9
[14 INFO main 33008] Confirming: 3/9
[14 INFO main 35060] Confirming: 4/9
[14 INFO main 37055] Confirming: 5/9
[14 INFO main 39124] Confirming: 6/9
[14 INFO main 41137] Confirming: 7/9
[14 INFO main 43193] Confirming: 8/9
[14 INFO main 45305] Confirming: 9/9
[14 INFO main 45965] Scout.Query -> Verify.DriveTo | Go to unverified source
[14 INFO main 95528] Verify.DriveTo -> Verify.Homing | Homing
[14 INFO main 110442] Verify.Homing -> Scout.Query | Arrived home
[14 INFO main 120241] Confirming: 1/9
[14 INFO main 122289] Confirming: 2/9
[14 INFO main 124400] Confirming: 3/9
[14 INFO main 126432] Confirming: 4/9
[14 INFO main 128506] Confirming: 5/9
[14 INFO main 130575] Confirming: 6/9
[14 INFO main 132601] Confirming: 7/9
[14 INFO main 134797] Confirming: 8/9
[14 INFO main 136764] Confirming: 9/9
[14 INFO main 137749] Scout.Query -> Verify.DriveTo | Go to unverified source
[14 INFO main 197829] Verify.DriveTo -> Verify.Homing | Homing
[14 INFO main 222499] Verify.Homing -> Scout.Query | Arrived home
[14 INFO main 241861] Confirming: 1/9
[14 INFO main 243936] Confirming: 2/9
[14 INFO main 246020] Confirming: 3/9
[14 INFO main 248022] Confirming: 4/9
[14 INFO main 250109] Confirming: 5/9
[14 INFO main 252205] Confirming: 6/9
[14 INFO main 254249] Confirming: 7/9
[14 INFO main 256283] Confirming: 8/9
[14 INFO main 258317] Confirming: 9/9
[14 INFO main 258610] Scout.Query -> Verify.DriveTo | Go to unverified source
[14 INFO main 473043] Verify.DriveTo -> Verify.Homing | Homing
[14 INFO main 504154] Confirming: 2/9
[14 INFO main 506407] Confirming: 3/9
[14 INFO main 508446] Confirming: 4/9
[14 INFO main 510495] Confirming: 5/9
[14 INFO main 512602] Confirming: 6/9
[14 INFO main 514684] Confirming: 7/9
[14 INFO main 516692] Confirming: 8/9
[14 INFO main 518032] Verify.Homing -> Scout.Query | Arrived home
[14 INFO main 518732] Confirming: 9/9
[14 INFO main 519185] Scout.Query -> Verify.DriveTo | Go to unverified source
[14 INFO main 606776] Verify.DriveTo -> Verify.Homing | Homing
[14 INFO main 626741] Verify.Homing -> Scout.Query | Arrived home
[14 INFO main 632224] Confirming: 1/9
[14 INFO main 634469] Confirming: 2/9
[14 INFO main 636626] Confirming: 3/9
[14 INFO main 638750] Confirming: 4/9
[14 INFO main 640846] Confirming: 5/9
[14 INFO main 642856] Confirming: 6/9
[14 INFO main 644913] Confirming: 7/9
[14 INFO main 647051] Confirming: 8/9
[14 INFO main 649113] Confirming: 9/9
[14 INFO main 649579] Scout.Query -> Verify.DriveTo | Go to unverified source
[14 INFO main 711139] Verify.DriveTo -> Verify.Homing | Homing
[14 INFO main 711267] Verify.Homing -> Scout.Query | Arrived home
[14 INFO main 721749] Confirming: 1/9
[14 INFO main 723806] Confirming: 2/9
[14 INFO main 725936] Confirming: 3/9
[14 INFO main 728017] Confirming: 4/9
[14 INFO main 730065] Confirming: 5/9
[14 INFO main 732139] Confirming: 6/9
[14 INFO main 734190] Confirming: 7/9
[14 INFO main 736238] Confirming: 8/9
[14 INFO main 738321] Confirming: 9/9
[14 INFO main 739060] Scout.Query -> Verify.DriveTo | Go to unverified source
[14 INFO main 894188] Verify.DriveTo -> Verify.Homing | Homing
[14 INFO main 902943] Confirming: 2/9
[14 INFO main 905002] Confirming: 3/9
[14 INFO main 907086] Confirming: 4/9
[14 INFO main 909157] Confirming: 5/9
[14 INFO main 911192] Confirming: 6/9
[14 INFO main 913313] Confirming: 7/9
[14 INFO main 915337] Confirming: 8/9
[14 INFO main 917455] Confirming: 9/9
[14 INFO main 922388] Verify.Homing -> Scout.Query | Arrived home
[14 INFO main 922441] Scout.Query -> Verify.DriveTo | Go to unverified source
[14 INFO main 1007124] Verify.DriveTo -> Verify.Homing | Homing
[14 INFO main 1023973] Confirming: 1/9
[14 INFO main 1026146] Confirming: 3/9
[14 INFO main 1026998] Verify.Homing -> Scout.Query | Arrived home
[14 INFO main 1028165] Confirming: 4/9
[14 INFO main 1030400] Confirming: 5/9
[14 INFO main 1032512] Confirming: 6/9
[14 INFO main 1034867] Confirming: 7/9
[14 INFO main 1036896] Confirming: 8/9
[14 INFO main 1038932] Confirming: 9/9
[14 INFO main 1039700] Scout.Query -> Verify.DriveTo | Go to unverified source
[14 INFO main 1206763] Verify.DriveTo -> Verify.Homing | Homing
[14 INFO main 1234461] Confirming: 2/9
[14 INFO main 1235502] Verify.Homing -> Scout.Query | Arrived home
[14 INFO main 1236524] Confirming: 3/9
[14 INFO main 1238626] Confirming: 4/9
[14 INFO main 1240634] Confirming: 5/9
[14 INFO main 1242691] Confirming: 6/9
[14 INFO main 1244742] Confirming: 7/9
[14 INFO main 1246761] Confirming: 8/9
[14 INFO main 1248810] Confirming: 9/9
[14 INFO main 1249228] Scout.Query -> Verify.DriveTo | Go to unverified source
[14 INFO main 1270665] Verify.DriveTo -> Verify.Homing | Homing
[14 INFO main 1285465] Verify.Homing -> Scout.Query | Arrived home
[14 INFO main 1293385] Confirming: 1/9
[14 INFO main 1295451] Confirming: 2/9
[14 INFO main 1297503] Confirming: 3/9
[14 INFO main 1299592] Confirming: 5/9
[14 INFO main 1303717] Confirming: 6/9
[14 INFO main 1305713] Confirming: 8/9
[14 INFO main 1307759] Confirming: 9/9
[14 INFO main 1308372] Scout.Query -> Verify.DriveTo | Go to unverified source
[14 INFO main 1398140] Verify.DriveTo -> Verify.Homing | Homing
[14 INFO main 1412903] Confirming: 1/9
[14 INFO main 1414931] Confirming: 2/9
[14 INFO main 1417068] Confirming: 3/9
[14 INFO main 1419103] Confirming: 4/9
[14 INFO main 1421118] Confirming: 5/9
[14 INFO main 1423153] Confirming: 6/9
[14 INFO main 1423462] Verify.Homing -> Scout.Query | Arrived home
[14 INFO main 1425254] Confirming: 7/9
[14 INFO main 1427309] Confirming: 8/9
[14 INFO main 1433533] Confirming: 11/9
[14 INFO main 1433567] Scout.Query -> Verify.DriveTo | Go to unverified source
[14 INFO main 1470450] Verify.DriveTo -> Verify.Homing | Homing
[14 INFO main 1484225] Verify.Homing -> Scout.Query | Arrived home
[14 INFO main 1501982] Confirming: 1/9
[14 INFO main 1504178] Confirming: 2/9
[14 INFO main 1506235] Confirming: 3/9
[14 INFO main 1508360] Confirming: 4/9
[14 INFO main 1510402] Confirming: 5/9
[14 INFO main 1512607] Confirming: 6/9
[14 INFO main 1514637] Confirming: 7/9
[14 INFO main 1516658] Confirming: 8/9
[14 INFO main 1518664] Confirming: 9/9
[14 INFO main 1519589] Scout.Query -> Verify.DriveTo | Go to unverified source
[14 INFO main 1582147] Verify.DriveTo -> Verify.Homing | Homing
[14 INFO main 1592704] Confirming: 1/9
[14 INFO main 1594781] Confirming: 2/9
[14 INFO main 1596904] Confirming: 3/9
[14 INFO main 1598989] Confirming: 4/9
[14 INFO main 1600990] Confirming: 5/9
[14 INFO main 1603018] Confirming: 6/9
[14 INFO main 1603526] Verify.Homing -> Scout.Query | Arrived home
[14 INFO main 1605052] Confirming: 7/9
[14 INFO main 1607206] Confirming: 8/9
[14 INFO main 1609216] Confirming: 9/9
[14 INFO main 1609557] Scout.Query -> Verify.DriveTo | Go to unverified source
[14 INFO main 1634175] Verify.DriveTo -> Verify.Homing | Homing
[14 INFO main 1649830] Verify.Homing -> Scout.Query | Arrived home
[14 INFO main 1652853] Confirming: 1/9
[14 INFO main 1654971] Confirming: 2/9
[14 INFO main 1656994] Confirming: 3/9
[14 INFO main 1659056] Confirming: 4/9
[14 INFO main 1661264] Confirming: 5/9
[14 INFO main 1663278] Confirming: 6/9
[14 INFO main 1665283] Confirming: 7/9
[14 INFO main 1667294] Confirming: 8/9
[14 INFO main 1669307] Confirming: 9/9
[14 INFO main 1669351] Scout.Query -> Verify.DriveTo | Go to unverified source
[14 INFO main 1697642] Verify.DriveTo -> Verify.Homing | Homing
[14 INFO main 1705798] Confirming: 1/9
[14 INFO main 1724814] Verify.Homing -> Scout.Query | Arrived home
[14 INFO main 1734626] Confirming: 2/9
[14 INFO main 1736613] Confirming: 4/9
[14 INFO main 1738767] Confirming: 5/9
[14 INFO main 1742919] Confirming: 7/9
[14 INFO main 1745021] Confirming: 8/9
[14 INFO main 1747186] Confirming: 9/9
[14 INFO main 1747223] Scout.Query -> Verify.DriveTo | Go to unverified source
[14 INFO main 1845517] Verify.DriveTo -> Verify.Homing | Homing
[14 INFO main 1864459] Confirming: 1/9
[14 INFO main 1866582] Confirming: 2/9
[14 INFO main 1868586] Confirming: 3/9
[14 INFO main 1870582] Confirming: 4/9
[14 INFO main 1871733] Verify.Homing -> Scout.Query | Arrived home
[14 INFO main 1872700] Confirming: 6/9
[14 INFO main 1874755] Confirming: 7/9
[14 INFO main 1878894] Confirming: 9/9
[14 INFO main 1879416] Scout.Query -> Verify.DriveTo | Go to unverified source
[14 INFO main 2096521] Verify.DriveTo -> Verify.Homing | Homing
[14 INFO main 2107010] Confirming: 2/9
[14 INFO main 2111173] Confirming: 4/9
[14 INFO main 2113199] Confirming: 5/9
[14 INFO main 2115296] Confirming: 6/9
[14 INFO main 2115793] Verify.Homing -> Scout.Query | Arrived home
[14 INFO main 2117459] Confirming: 7/9
[14 INFO main 2119490] Confirming: 8/9
[14 INFO main 2121527] Confirming: 9/9
[14 INFO main 2122334] Scout.Query -> Verify.DriveTo | Go to unverified source
[14 INFO main 2225874] Verify.DriveTo -> Verify.Homing | Homing
[14 INFO main 2253169] Confirming: 1/9
[14 INFO main 2255313] Confirming: 2/9
[14 INFO main 2257078] Verify.Homing -> Scout.Query | Arrived home
[14 INFO main 2257342] Confirming: 3/9
[14 INFO main 2259363] Confirming: 4/9
[14 INFO main 2261488] Confirming: 5/9
[14 INFO main 2263515] Confirming: 6/9
[14 INFO main 2265598] Confirming: 7/9
[14 INFO main 2267622] Confirming: 8/9
[14 INFO main 2269782] Confirming: 9/9
[14 INFO main 2270106] Scout.Query -> Verify.DriveTo | Go to unverified source
[14 INFO main 2416666] Verify.DriveTo -> Verify.Homing | Homing
[14 INFO main 2433335] Confirming: 1/9
[14 INFO main 2435453] Confirming: 2/9
[14 INFO main 2437443] Confirming: 3/9
[14 INFO main 2439599] Confirming: 4/9
[14 INFO main 2441634] Confirming: 5/9
[14 INFO main 2443634] Confirming: 6/9
[14 INFO main 2445742] Confirming: 7/9
[14 INFO main 2446035] Verify.Homing -> Scout.Query | Arrived home
[14 INFO main 2447802] Confirming: 8/9
[14 INFO main 2449802] Confirming: 9/9
[14 INFO main 2450418] Scout.Query -> Verify.DriveTo | Go to unverified source
[14 INFO main 2473807] Verify.DriveTo -> Verify.Homing | Homing
[14 INFO main 2490758] Verify.Homing -> Scout.Query | Arrived home
[14 INFO main 2494542] Confirming: 1/9
[14 INFO main 2496545] Confirming: 2/9
[14 INFO main 2498633] Confirming: 4/9
[14 INFO main 2500678] Confirming: 5/9
[14 INFO main 2502889] Confirming: 6/9
[14 INFO main 2505002] Confirming: 7/9
[14 INFO main 2507041] Confirming: 8/9
[14 INFO main 2509071] Confirming: 9/9
[14 INFO main 2509202] Scout.Query -> Verify.DriveTo | Go to unverified source
[14 INFO main 2548294] Verify.DriveTo -> Verify.Homing | Homing
[14 INFO main 2552624] Confirming: 1/9
[14 INFO main 2556922] Confirming: 3/9
[14 INFO main 2559126] Confirming: 4/9
[14 INFO main 2561336] Confirming: 5/9
[14 INFO main 2563378] Confirming: 6/9
[14 INFO main 2565342] Confirming: 7/9
[14 INFO main 2567456] Confirming: 8/9
[14 INFO main 2569433] Confirming: 9/9
[14 INFO main 2570137] Verify.Homing -> Scout.Query | Arrived home
[14 INFO main 2570412] Scout.Query -> Verify.DriveTo | Go to unverified source
[14 INFO main 2728620] Verify.DriveTo -> Verify.Homing | Homing
[14 INFO main 2752957] Verify.Homing -> Scout.Query | Arrived home
[14 INFO main 2764031] Confirming: 1/9
[14 INFO main 2766067] Confirming: 2/9
[14 INFO main 2768179] Confirming: 3/9
[14 INFO main 2770220] Confirming: 4/9
[14 INFO main 2772313] Confirming: 5/9
[14 INFO main 2774413] Confirming: 6/9
[14 INFO main 2776442] Confirming: 7/9
[14 INFO main 2778472] Confirming: 8/9
[14 INFO main 2780533] Confirming: 9/9
[14 INFO main 2781200] Scout.Query -> Verify.DriveTo | Go to unverified source
[14 INFO main 2829558] Verify.DriveTo -> Verify.Homing | Homing
[14 INFO main 2848163] Verify.Homing -> Scout.Query | Arrived home
[14 INFO main 2854348] Confirming: 1/9
[14 INFO main 2856382] Confirming: 2/9
[14 INFO main 2858423] Confirming: 3/9
[14 INFO main 2860442] Confirming: 4/9
[14 INFO main 2862485] Confirming: 5/9
[14 INFO main 2864668] Confirming: 6/9
[14 INFO main 2868918] Confirming: 9/9
[14 INFO main 2869746] Scout.Query -> Verify.DriveTo | Go to unverified source
[14 INFO main 2925187] Verify.DriveTo -> Verify.Homing | Homing
[14 INFO main 2944071] Confirming: 1/9
[14 INFO main 2946156] Confirming: 2/9
[14 INFO main 2948180] Confirming: 3/9
[14 INFO main 2949736] Verify.Homing -> Scout.Query | Arrived home
[14 INFO main 2950233] Confirming: 4/9
[14 INFO main 2952308] Confirming: 5/9
[14 INFO main 2954481] Confirming: 6/9
[14 INFO main 2956596] Confirming: 8/9
[14 INFO main 2960663] Confirming: 9/9
[14 INFO main 2961237] Scout.Query -> Verify.DriveTo | Go to unverified source
[14 INFO main 3037463] Verify.DriveTo -> Verify.Homing | Homing
[14 INFO main 3062592] Confirming: 1/9
[14 INFO main 3064702] Confirming: 2/9
[14 INFO main 3066812] Confirming: 3/9
[14 INFO main 3069063] Confirming: 4/9
[14 INFO main 3071130] Confirming: 5/9
[14 INFO main 3073359] Confirming: 6/9
[14 INFO main 3075386] Confirming: 7/9
[14 INFO main 3077470] Confirming: 8/9
[14 INFO main 3079496] Confirming: 9/9
[14 INFO main 3091380] Verify.Homing -> Scout.Query | Arrived home
[14 INFO main 3091510] Scout.Query -> Verify.DriveTo | Go to unverified source
[14 INFO main 3142028] Verify.DriveTo -> Verify.Homing | Homing
[14 INFO main 3154502] Confirming: 1/9
[14 INFO main 3156602] Confirming: 3/9
[14 INFO main 3158605] Confirming: 4/9
[14 INFO main 3162816] Confirming: 6/9
[14 INFO main 3166900] Confirming: 7/9
[14 INFO main 3168987] Confirming: 9/9
[14 INFO main 3200714] Verify.Homing -> Scout.Query | Arrived home
[14 INFO main 3200791] Scout.Query -> Verify.DriveTo | Go to unverified source
[14 INFO main 3264062] Verify.DriveTo -> Verify.Homing | Homing
[14 INFO main 3272247] Confirming: 1/9
[14 INFO main 3274252] Confirming: 2/9
[14 INFO main 3276331] Confirming: 3/9
[14 INFO main 3278409] Confirming: 4/9
[14 INFO main 3280463] Confirming: 5/9
[14 INFO main 3282488] Confirming: 6/9
[14 INFO main 3284544] Confirming: 7/9
[14 INFO main 3286599] Confirming: 9/9
[14 INFO main 3287338] Verify.Homing -> Scout.Query | Arrived home
[14 INFO main 3287423] Scout.Query -> Verify.DriveTo | Go to unverified source
[14 INFO main 3320525] Verify.DriveTo -> Verify.Homing | Homing
[14 INFO main 3333503] Confirming: 1/9
[14 INFO main 3335557] Confirming: 2/9
[14 INFO main 3336358] Verify.Homing -> Scout.Query | Arrived home
[14 INFO main 3337655] Confirming: 3/9
[14 INFO main 3339666] Confirming: 4/9
[14 INFO main 3341769] Confirming: 5/9
[14 INFO main 3343794] Confirming: 6/9
[14 INFO main 3345839] Confirming: 7/9
[14 INFO main 3347869] Confirming: 8/9
[14 INFO main 3349884] Confirming: 9/9
[14 INFO main 3349998] Scout.Query -> Verify.DriveTo | Go to unverified source
[14 INFO main 3455951] Verify.DriveTo -> Verify.Homing | Homing
[14 INFO main 3484598] Confirming: 1/9
[14 INFO main 3485414] Verify.Homing -> Scout.Query | Arrived home
[14 INFO main 3486614] Confirming: 3/9
[14 INFO main 3490763] Confirming: 5/9
[14 INFO main 3492821] Confirming: 6/9
[14 INFO main 3494904] Confirming: 7/9
[14 INFO main 3496973] Confirming: 8/9
[14 INFO main 3498993] Confirming: 9/9
[14 INFO main 3499826] Scout.Query -> Verify.DriveTo | Go to unverified source
[14 INFO main 3553369] Verify.DriveTo -> Verify.Homing | Homing
[14 INFO main 3569729] Verify.Homing -> Scout.Query | Arrived home
[14 INFO main 3574273] Confirming: 1/9
[14 INFO main 3576444] Confirming: 2/9
[14 INFO main 3578529] Confirming: 3/9
[14 INFO main 3580536] Confirming: 4/9
[14 INFO main 3582551] Confirming: 5/9
[14 INFO main 3585044] Confirming: 7/9
[14 INFO main 3589205] Confirming: 9/9
[14 INFO main 3589256] Scout.Query -> Verify.DriveTo | Go to unverified source
[14 INFO main 3706938] Verify.DriveTo -> Verify.Homing | Homing
[14 INFO main 3723791] Confirming: 1/9
[14 INFO main 3725804] Confirming: 2/9
[14 INFO main 3726597] Verify.Homing -> Scout.Query | Arrived home
[14 INFO main 3727858] Confirming: 3/9
[14 INFO main 3729915] Confirming: 4/9
[14 INFO main 3732047] Confirming: 5/9
[14 INFO main 3734090] Confirming: 6/9
[14 INFO main 3736098] Confirming: 7/9
[14 INFO main 3738143] Confirming: 8/9
[14 INFO main 3740249] Confirming: 9/9
[14 INFO main 3740304] Scout.Query -> Verify.DriveTo | Go to unverified source
[14 INFO main 3776608] Verify.DriveTo -> Verify.Homing | Homing
[14 INFO main 3782925] Confirming: 1/9
[14 INFO main 3787235] Confirming: 3/9
[14 INFO main 3789279] Confirming: 4/9
[14 INFO main 3790930] Verify.Homing -> Scout.Query | Arrived home
[14 INFO main 3791379] Confirming: 5/9
[14 INFO main 3793462] Confirming: 6/9
[14 INFO main 3795518] Confirming: 7/9
[14 INFO main 3797724] Confirming: 8/9
[14 INFO main 3799728] Confirming: 9/9
[14 INFO main 3799851] Scout.Query -> Verify.DriveTo | Go to unverified source
[14 INFO main 3897898] Verify.DriveTo -> Verify.Homing | Homing
[14 INFO main 3904114] Confirming: 1/9
[14 INFO main 3906234] Confirming: 2/9
[14 INFO main 3908326] Confirming: 3/9
[14 INFO main 3910382] Confirming: 4/9
[14 INFO main 3912458] Confirming: 5/9
[14 INFO main 3914520] Confirming: 6/9
[14 INFO main 3916674] Confirming: 8/9
[14 INFO main 3918682] Confirming: 9/9
[14 INFO main 3926669] Verify.Homing -> Scout.Query | Arrived home
[14 INFO main 3926819] Scout.Query -> Verify.DriveTo | Go to unverified source
[14 INFO main 4125561] Verify.DriveTo -> Verify.Homing | Homing
[14 INFO main 4142957] Confirming: 1/9
[14 INFO main 4145029] Confirming: 2/9
[14 INFO main 4147222] Confirming: 3/9
[14 INFO main 4149297] Confirming: 4/9
[14 INFO main 4151390] Confirming: 5/9
[14 INFO main 4153540] Confirming: 6/9
[14 INFO main 4155271] Verify.Homing -> Scout.Query | Arrived home
[14 INFO main 4155604] Confirming: 7/9
[14 INFO main 4157680] Confirming: 8/9
[14 INFO main 4160201] Confirming: 9/9
[14 INFO main 4160259] Scout.Query -> Verify.DriveTo | Go to unverified source
[14 INFO main 4178523] Verify.DriveTo -> Verify.Homing | Homing
[14 INFO main 4181869] Verify.Homing -> Scout.Query | Arrived home
[14 INFO main 4203632] Confirming: 1/9
[14 INFO main 4205831] Confirming: 2/9
[14 INFO main 4207883] Confirming: 3/9
[14 INFO main 4209885] Confirming: 4/9
[14 INFO main 4211913] Confirming: 5/9
[14 INFO main 4213955] Confirming: 6/9
[14 INFO main 4216213] Confirming: 7/9
[14 INFO main 4218277] Confirming: 8/9
[14 INFO main 4220356] Confirming: 9/9
[14 INFO main 4220488] Scout.Query -> Verify.DriveTo | Go to unverified source
[14 INFO main 4266102] Verify.DriveTo -> Verify.Homing | Homing
[14 INFO main 4282253] Verify.Homing -> Scout.Query | Arrived home
[14 INFO main 4293451] Confirming: 1/9
[14 INFO main 4295663] Confirming: 2/9
[14 INFO main 4297716] Confirming: 3/9
[14 INFO main 4299696] Confirming: 4/9
[14 INFO main 4301997] Confirming: 5/9
[14 INFO main 4304035] Confirming: 6/9
[14 INFO main 4306118] Confirming: 7/9
[14 INFO main 4308413] Confirming: 8/9
[14 INFO main 4310650] Confirming: 10/9
[14 INFO main 4310769] Scout.Query -> Verify.DriveTo | Go to unverified source
[14 INFO main 4372714] Verify.DriveTo -> Verify.Homing | Homing
[14 INFO main 4383671] Confirming: 1/9
[14 INFO main 4385754] Confirming: 2/9
[14 INFO main 4387759] Confirming: 3/9
[14 INFO main 4389794] Confirming: 4/9
[14 INFO main 4391887] Confirming: 5/9
[14 INFO main 4394323] Confirming: 6/9
[14 INFO main 4396407] Confirming: 7/9
[14 INFO main 4398530] Confirming: 8/9
[14 INFO main 4400570] Confirming: 9/9
[14 INFO main 4402416] Verify.Homing -> Scout.Query | Arrived home
[14 INFO main 4402472] Scout.Query -> Verify.DriveTo | Go to unverified source
[14 INFO main 4444725] Verify.DriveTo -> Verify.Homing | Homing
[14 INFO main 4465490] Verify.Homing -> Scout.Query | Arrived home
[14 INFO main 4473898] Confirming: 1/9
[14 INFO main 4476194] Confirming: 2/9
[14 INFO main 4478201] Confirming: 3/9
[14 INFO main 4480179] Confirming: 4/9
[14 INFO main 4482418] Confirming: 5/9
[14 INFO main 4484904] Confirming: 7/9
[14 INFO main 4487038] Confirming: 8/9
[14 INFO main 4489293] Confirming: 9/9
[14 INFO main 4489355] Scout.Query -> Verify.DriveTo | Go to unverified source
[14 INFO main 4590222] Verify.DriveTo -> Verify.Homing | Homing
[14 INFO main 4610559] Verify.Homing -> Scout.Query | Arrived home
[14 INFO main 4623106] Confirming: 1/9
[14 INFO main 4625214] Confirming: 2/9
[14 INFO main 4629548] Confirming: 4/9
[14 INFO main 4631640] Confirming: 5/9
[14 INFO main 4633650] Confirming: 6/9
[14 INFO main 4635763] Confirming: 7/9
[14 INFO main 4637898] Confirming: 8/9
[14 INFO main 4640047] Confirming: 9/9
[14 INFO main 4640106] Scout.Query -> Verify.DriveTo | Go to unverified source
[14 INFO main 4830573] Verify.DriveTo -> Verify.Homing | Homing
[14 INFO main 4855715] Verify.Homing -> Scout.Query | Arrived home
[14 INFO main 4859874] Confirming: 1/9
[14 INFO main 4863807] Confirming: 3/9
[14 INFO main 4866052] Confirming: 4/9
[14 INFO main 4868132] Confirming: 5/9
[14 INFO main 4870160] Confirming: 6/9
[14 INFO main 4872251] Confirming: 7/9
[14 INFO main 4874297] Confirming: 8/9
[14 INFO main 4876576] Confirming: 9/9
[14 INFO main 4877454] Scout.Query -> Verify.DriveTo | Go to unverified source
[14 INFO main 5099160] Verify.DriveTo -> Verify.Homing | Homing
[14 INFO main 5107521] Confirming: 1/9
[14 INFO main 5109647] Confirming: 2/9
[14 INFO main 5111691] Confirming: 3/9
[14 INFO main 5113714] Confirming: 4/9
[14 INFO main 5118111] Confirming: 6/9
[14 INFO main 5120515] Confirming: 7/9
[14 INFO main 5122584] Confirming: 8/9
[14 INFO main 5124665] Confirming: 9/9
[14 INFO main 5125104] Verify.Homing -> Scout.Query | Arrived home
[14 INFO main 5125477] Scout.Query -> Verify.DriveTo | Go to unverified source
[14 INFO main 5169056] Verify.DriveTo -> Verify.Homing | Homing
[14 INFO main 5197597] Verify.Homing -> Scout.Query | Arrived home
[14 INFO main 5198165] Confirming: 1/9
[14 INFO main 5200180] Confirming: 2/9
[14 INFO main 5202231] Confirming: 3/9
[14 INFO main 5204228] Confirming: 4/9
[14 INFO main 5206335] Confirming: 5/9
[14 INFO main 5208626] Confirming: 7/9
[14 INFO main 5213010] Confirming: 8/9
[14 INFO main 5215041] Confirming: 10/9
[14 INFO main 5216066] Scout.Query -> Verify.DriveTo | Go to unverified source
[14 INFO main 5360998] Verify.DriveTo -> Verify.Homing | Homing
[14 INFO main 5377899] Confirming: 1/9
[14 INFO main 5380031] Confirming: 2/9
[14 INFO main 5382077] Confirming: 3/9
[14 INFO main 5384216] Confirming: 4/9
[14 INFO main 5386223] Confirming: 5/9
[14 INFO main 5388536] Confirming: 6/9
[14 INFO main 5390635] Confirming: 8/9
[14 INFO main 5392653] Confirming: 9/9
