[13 INFO main 27] Initialising Python Geth Console...
[13 INFO main 32] Initialising RandB board...
[13 INFO main 32] Initialising navigation...
[13 INFO main 32] Initialising random-walk...
[13 INFO main 32] Initialising odometry...
[13 INFO main 32] Initialising ground-sensors...
[13 INFO main 149] --//-- Starting Experiment --//--
[13 INFO main 1661] Idle.IDLE -> Scout.Query | Duration: 29.95
[13 INFO main 40295] Scout.Query -> Verify.DriveTo | Go to unverified source
[13 INFO main 157529] Verify.DriveTo -> Verify.Homing | Homing
[13 INFO main 174447] Confirming: 1/9
[13 INFO main 176557] Confirming: 2/9
[13 INFO main 178563] Confirming: 3/9
[13 INFO main 180822] Confirming: 4/9
[13 INFO main 182944] Confirming: 5/9
[13 INFO main 185033] Confirming: 6/9
[13 INFO main 186457] Verify.Homing -> Scout.Query | Arrived home
[13 INFO main 187103] Confirming: 7/9
[13 INFO main 189194] Confirming: 8/9
[13 INFO main 191281] Confirming: 9/9
[13 INFO main 192069] Scout.Query -> Verify.DriveTo | Go to unverified source
[13 INFO main 248990] Verify.DriveTo -> Verify.Homing | Homing
[13 INFO main 277432] Verify.Homing -> Scout.Query | Arrived home
[13 INFO main 284462] Confirming: 2/9
[13 INFO main 286561] Confirming: 3/9
[13 INFO main 288633] Confirming: 4/9
[13 INFO main 290772] Confirming: 5/9
[13 INFO main 292911] Confirming: 6/9
[13 INFO main 294911] Confirming: 7/9
[13 INFO main 296927] Confirming: 8/9
[13 INFO main 298979] Confirming: 9/9
[13 INFO main 299006] Scout.Query -> Verify.DriveTo | Go to unverified source
[13 INFO main 460374] Verify.DriveTo -> Verify.Homing | Homing
[13 INFO main 479854] Verify.Homing -> Scout.Query | Arrived home
[13 INFO main 492107] Confirming: 1/9
[13 INFO main 494133] Confirming: 2/9
[13 INFO main 496202] Confirming: 3/9
[13 INFO main 498222] Confirming: 4/9
[13 INFO main 500267] Confirming: 5/9
[13 INFO main 502373] Confirming: 6/9
[13 INFO main 504466] Confirming: 7/9
[13 INFO main 506568] Confirming: 8/9
[13 INFO main 508660] Confirming: 9/9
[13 INFO main 509489] Scout.Query -> Verify.DriveTo | Go to unverified source
[13 INFO main 598356] Verify.DriveTo -> Verify.Homing | Homing
[13 INFO main 613040] Confirming: 1/9
[13 INFO main 615047] Confirming: 2/9
[13 INFO main 617143] Confirming: 3/9
[13 INFO main 619419] Confirming: 4/9
[13 INFO main 620256] Verify.Homing -> Scout.Query | Arrived home
[13 INFO main 621501] Confirming: 6/9
[13 INFO main 623599] Confirming: 7/9
[13 INFO main 625676] Confirming: 8/9
[13 INFO main 627715] Confirming: 9/9
[13 INFO main 628173] Scout.Query -> Verify.DriveTo | Go to unverified source
[13 INFO main 658168] Verify.DriveTo -> Verify.Homing | Homing
[13 INFO main 671268] Verify.Homing -> Scout.Query | Arrived home
[13 INFO main 673071] Confirming: 1/9
[13 INFO main 675140] Confirming: 2/9
[13 INFO main 677181] Confirming: 3/9
[13 INFO main 679241] Confirming: 4/9
[13 INFO main 681441] Confirming: 5/9
[13 INFO main 683448] Confirming: 6/9
[13 INFO main 685549] Confirming: 7/9
[13 INFO main 687652] Confirming: 9/9
[13 INFO main 688706] Scout.Query -> Verify.DriveTo | Go to unverified source
[13 INFO main 726064] Verify.DriveTo -> Verify.Homing | Homing
[13 INFO main 734301] Confirming: 1/9
[13 INFO main 736468] Confirming: 3/9
[13 INFO main 740798] Confirming: 5/9
[13 INFO main 742841] Confirming: 6/9
[13 INFO main 744920] Confirming: 7/9
[13 INFO main 746559] Verify.Homing -> Scout.Query | Arrived home
[13 INFO main 749028] Confirming: 9/9
[13 INFO main 749912] Scout.Query -> Verify.DriveTo | Go to unverified source
[13 INFO main 796174] Verify.DriveTo -> Verify.Homing | Homing
[13 INFO main 819908] Verify.Homing -> Scout.Query | Arrived home
[13 INFO main 822997] Confirming: 1/9
[13 INFO main 825089] Confirming: 2/9
[13 INFO main 827209] Confirming: 3/9
[13 INFO main 829289] Confirming: 4/9
[13 INFO main 833387] Confirming: 6/9
[13 INFO main 835593] Confirming: 7/9
[13 INFO main 837603] Confirming: 8/9
[13 INFO main 839665] Confirming: 9/9
[13 INFO main 839864] Scout.Query -> Verify.DriveTo | Go to unverified source
[13 INFO main 896575] Verify.DriveTo -> Verify.Homing | Homing
[13 INFO main 913047] Confirming: 1/9
[13 INFO main 915121] Confirming: 2/9
[13 INFO main 917140] Confirming: 3/9
[13 INFO main 919243] Confirming: 4/9
[13 INFO main 923336] Confirming: 5/9
[13 INFO main 925451] Confirming: 7/9
[13 INFO main 927513] Confirming: 8/9
[13 INFO main 929514] Confirming: 9/9
[13 INFO main 963929] Verify.Homing -> Scout.Query | Arrived home
[13 INFO main 964256] Scout.Query -> Verify.DriveTo | Go to unverified source
[13 INFO main 1069282] Verify.DriveTo -> Verify.Homing | Homing
[13 INFO main 1092403] Verify.Homing -> Scout.Query | Arrived home
[13 INFO main 1094639] Confirming: 1/9
[13 INFO main 1096732] Confirming: 3/9
[13 INFO main 1098751] Confirming: 4/9
[13 INFO main 1100843] Confirming: 5/9
[13 INFO main 1102860] Confirming: 6/9
[13 INFO main 1104958] Confirming: 7/9
[13 INFO main 1106984] Confirming: 8/9
[13 INFO main 1108997] Confirming: 9/9
[13 INFO main 1109937] Scout.Query -> Verify.DriveTo | Go to unverified source
[13 INFO main 1177276] Verify.DriveTo -> Verify.Homing | Homing
[13 INFO main 1205876] Verify.Homing -> Scout.Query | Arrived home
[13 INFO main 1216386] Confirming: 1/9
[13 INFO main 1218463] Confirming: 2/9
[13 INFO main 1220623] Confirming: 3/9
[13 INFO main 1222755] Confirming: 4/9
[13 INFO main 1227056] Confirming: 6/9
[13 INFO main 1229091] Confirming: 7/9
[13 INFO main 1231099] Confirming: 8/9
[13 INFO main 1233344] Confirming: 9/9
[13 INFO main 1233783] Scout.Query -> Verify.DriveTo | Go to unverified source
[13 INFO main 1347672] Verify.DriveTo -> Verify.Homing | Homing
[13 INFO main 1366721] Confirming: 1/9
[13 INFO main 1368755] Confirming: 2/9
[13 INFO main 1370832] Confirming: 3/9
[13 INFO main 1372865] Confirming: 4/9
[13 INFO main 1374487] Verify.Homing -> Scout.Query | Arrived home
[13 INFO main 1374907] Confirming: 5/9
[13 INFO main 1376952] Confirming: 6/9
[13 INFO main 1379007] Confirming: 7/9
[13 INFO main 1381088] Confirming: 8/9
[13 INFO main 1383099] Confirming: 9/9
[13 INFO main 1383145] Scout.Query -> Verify.DriveTo | Go to unverified source
[13 INFO main 1400087] Verify.DriveTo -> Verify.Homing | Homing
[13 INFO main 1406817] Verify.Homing -> Scout.Query | Arrived home
[13 INFO main 1427004] Confirming: 1/9
[13 INFO main 1429137] Confirming: 2/9
[13 INFO main 1431198] Confirming: 3/9
[13 INFO main 1433248] Confirming: 4/9
[13 INFO main 1435358] Confirming: 5/9
[13 INFO main 1437357] Confirming: 6/9
[13 INFO main 1439370] Confirming: 7/9
[13 INFO main 1441441] Confirming: 9/9
[13 INFO main 1441477] Scout.Query -> Verify.DriveTo | Go to unverified source
[13 INFO main 1499143] Verify.DriveTo -> Verify.Homing | Homing
[13 INFO main 1522140] Verify.Homing -> Scout.Query | Arrived home
[13 INFO main 1546620] Confirming: 1/9
[13 INFO main 1548687] Confirming: 2/9
[13 INFO main 1550702] Confirming: 3/9
[13 INFO main 1552714] Confirming: 4/9
[13 INFO main 1554767] Confirming: 5/9
[13 INFO main 1556828] Confirming: 6/9
[13 INFO main 1558890] Confirming: 7/9
[13 INFO main 1560935] Confirming: 8/9
[13 INFO main 1563012] Confirming: 9/9
[13 INFO main 1563550] Scout.Query -> Verify.DriveTo | Go to unverified source
[13 INFO main 1576696] Verify.DriveTo -> Verify.Homing | Homing
[13 INFO main 1597808] Verify.Homing -> Scout.Query | Arrived home
[13 INFO main 1605657] Confirming: 1/9
[13 INFO main 1607707] Confirming: 2/9
[13 INFO main 1609808] Confirming: 3/9
[13 INFO main 1611839] Confirming: 4/9
[13 INFO main 1613935] Confirming: 5/9
[13 INFO main 1616083] Confirming: 6/9
[13 INFO main 1618213] Confirming: 7/9
[13 INFO main 1620233] Confirming: 8/9
[13 INFO main 1622264] Confirming: 9/9
[13 INFO main 1622822] Scout.Query -> Verify.DriveTo | Go to unverified source
[13 INFO main 1717931] Verify.DriveTo -> Verify.Homing | Homing
[13 INFO main 1726163] Confirming: 1/9
[13 INFO main 1728206] Confirming: 2/9
[13 INFO main 1730279] Confirming: 3/9
[13 INFO main 1732278] Confirming: 4/9
[13 INFO main 1734329] Confirming: 5/9
[13 INFO main 1734820] Verify.Homing -> Scout.Query | Arrived home
[13 INFO main 1736384] Confirming: 6/9
[13 INFO main 1738458] Confirming: 7/9
[13 INFO main 1740504] Confirming: 8/9
[13 INFO main 1742621] Confirming: 9/9
[13 INFO main 1743587] Scout.Query -> Verify.DriveTo | Go to unverified source
[13 INFO main 1759627] Verify.DriveTo -> Verify.Homing | Homing
[13 INFO main 1772895] Verify.Homing -> Scout.Query | Arrived home
[13 INFO main 1787053] Confirming: 1/9
[13 INFO main 1789139] Confirming: 2/9
[13 INFO main 1791201] Confirming: 3/9
[13 INFO main 1793227] Confirming: 4/9
[13 INFO main 1795301] Confirming: 5/9
[13 INFO main 1797327] Confirming: 6/9
[13 INFO main 1799356] Confirming: 7/9
[13 INFO main 1801379] Confirming: 8/9
[13 INFO main 1803388] Confirming: 9/9
[13 INFO main 1803601] Scout.Query -> Verify.DriveTo | Go to unverified source
[13 INFO main 1818038] Verify.DriveTo -> Verify.Homing | Homing
[13 INFO main 1839884] Verify.Homing -> Scout.Query | Arrived home
[13 INFO main 1847186] Confirming: 1/9
[13 INFO main 1849226] Confirming: 2/9
[13 INFO main 1851264] Confirming: 3/9
[13 INFO main 1853347] Confirming: 4/9
[13 INFO main 1855561] Confirming: 6/9
[13 INFO main 1859638] Confirming: 8/9
[13 INFO main 1863713] Confirming: 9/9
[13 INFO main 1864689] Scout.Query -> Verify.DriveTo | Go to unverified source
[13 INFO main 1947189] Verify.DriveTo -> Verify.Homing | Homing
[13 INFO main 1966288] Confirming: 1/9
[13 INFO main 1968380] Confirming: 2/9
[13 INFO main 1970406] Confirming: 3/9
[13 INFO main 1972413] Confirming: 4/9
[13 INFO main 1974502] Confirming: 5/9
[13 INFO main 1976603] Confirming: 6/9
[13 INFO main 1978642] Confirming: 7/9
[13 INFO main 1980728] Confirming: 8/9
[13 INFO main 1982769] Confirming: 9/9
[13 INFO main 1987944] Verify.Homing -> Scout.Query | Arrived home
[13 INFO main 1988212] Scout.Query -> Verify.DriveTo | Go to unverified source
[13 INFO main 2010617] Verify.DriveTo -> Verify.Homing | Homing
[13 INFO main 2023147] Verify.Homing -> Scout.Query | Arrived home
[13 INFO main 2027007] Confirming: 1/9
[13 INFO main 2029202] Confirming: 2/9
[13 INFO main 2031228] Confirming: 3/9
[13 INFO main 2033250] Confirming: 4/9
[13 INFO main 2035271] Confirming: 5/9
[13 INFO main 2037359] Confirming: 6/9
[13 INFO main 2039579] Confirming: 8/9
[13 INFO main 2041732] Confirming: 9/9
[13 INFO main 2041777] Scout.Query -> Verify.DriveTo | Go to unverified source
[13 INFO main 2141343] Verify.DriveTo -> Verify.Homing | Homing
[13 INFO main 2172628] Confirming: 1/9
[13 INFO main 2174710] Confirming: 2/9
[13 INFO main 2176604] Verify.Homing -> Scout.Query | Arrived home
[13 INFO main 2176731] Confirming: 3/9
[13 INFO main 2178755] Confirming: 4/9
[13 INFO main 2180923] Confirming: 5/9
[13 INFO main 2182969] Confirming: 6/9
[13 INFO main 2185007] Confirming: 7/9
[13 INFO main 2187064] Confirming: 8/9
[13 INFO main 2189132] Confirming: 9/9
[13 INFO main 2189800] Scout.Query -> Verify.DriveTo | Go to unverified source
[13 INFO main 2330995] Verify.DriveTo -> Verify.Homing | Homing
[13 INFO main 2355962] Confirming: 1/9
[13 INFO main 2356185] Verify.Homing -> Scout.Query | Arrived home
[13 INFO main 2358035] Confirming: 2/9
[13 INFO main 2360113] Confirming: 3/9
[13 INFO main 2362146] Confirming: 4/9
[13 INFO main 2364168] Confirming: 5/9
[13 INFO main 2366264] Confirming: 6/9
[13 INFO main 2368365] Confirming: 7/9
[13 INFO main 2370435] Confirming: 8/9
[13 INFO main 2372466] Confirming: 9/9
[13 INFO main 2372795] Scout.Query -> Verify.DriveTo | Go to unverified source
[13 INFO main 2479166] Verify.DriveTo -> Verify.Homing | Homing
[13 INFO main 2506394] Confirming: 1/9
[13 INFO main 2508424] Confirming: 2/9
[13 INFO main 2510430] Confirming: 3/9
[13 INFO main 2512624] Confirming: 4/9
[13 INFO main 2514663] Confirming: 5/9
[13 INFO main 2516669] Confirming: 6/9
[13 INFO main 2518699] Confirming: 7/9
[13 INFO main 2520761] Confirming: 8/9
[13 INFO main 2522853] Confirming: 9/9
[13 INFO main 2523102] Verify.Homing -> Scout.Query | Arrived home
[13 INFO main 2523171] Scout.Query -> Verify.DriveTo | Go to unverified source
[13 INFO main 2582923] Verify.DriveTo -> Verify.Homing | Homing
[13 INFO main 2597357] Confirming: 1/9
[13 INFO main 2599419] Confirming: 2/9
[13 INFO main 2601312] Verify.Homing -> Scout.Query | Arrived home
[13 INFO main 2601429] Confirming: 3/9
[13 INFO main 2603587] Confirming: 5/9
[13 INFO main 2605691] Confirming: 6/9
[13 INFO main 2607704] Confirming: 7/9
[13 INFO main 2611900] Confirming: 9/9
[13 INFO main 2612815] Scout.Query -> Verify.DriveTo | Go to unverified source
[13 INFO main 2652915] Verify.DriveTo -> Verify.Homing | Homing
[13 INFO main 2686612] Confirming: 1/9
[13 INFO main 2686835] Verify.Homing -> Scout.Query | Arrived home
[13 INFO main 2688831] Confirming: 2/9
[13 INFO main 2690880] Confirming: 3/9
[13 INFO main 2692939] Confirming: 4/9
[13 INFO main 2695067] Confirming: 5/9
[13 INFO main 2697131] Confirming: 6/9
[13 INFO main 2699159] Confirming: 7/9
[13 INFO main 2701191] Confirming: 8/9
[13 INFO main 2703258] Confirming: 9/9
[13 INFO main 2703799] Scout.Query -> Verify.DriveTo | Go to unverified source
[13 INFO main 2753735] Verify.DriveTo -> Verify.Homing | Homing
[13 INFO main 2776767] Confirming: 1/9
[13 INFO main 2778872] Confirming: 2/9
[13 INFO main 2780928] Confirming: 3/9
[13 INFO main 2783072] Confirming: 4/9
[13 INFO main 2785315] Confirming: 5/9
[13 INFO main 2787427] Confirming: 6/9
[13 INFO main 2788100] Verify.Homing -> Scout.Query | Arrived home
[13 INFO main 2789611] Confirming: 8/9
[13 INFO main 2791807] Confirming: 9/9
[13 INFO main 2792457] Scout.Query -> Verify.DriveTo | Go to unverified source
[13 INFO main 2864494] Verify.DriveTo -> Verify.Homing | Homing
[13 INFO main 2888981] Verify.Homing -> Scout.Query | Arrived home
[13 INFO main 2896593] Confirming: 1/9
[13 INFO main 2898642] Confirming: 2/9
[13 INFO main 2900659] Confirming: 3/9
[13 INFO main 2904898] Confirming: 5/9
[13 INFO main 2906900] Confirming: 6/9
[13 INFO main 2919787] Confirming: 12/9
[13 INFO main 2920269] Scout.Query -> Verify.DriveTo | Go to unverified source
[13 INFO main 2983157] Verify.DriveTo -> Verify.Homing | Homing
[13 INFO main 3002061] Confirming: 1/9
[13 INFO main 3004112] Confirming: 2/9
[13 INFO main 3006240] Confirming: 3/9
[13 INFO main 3008381] Confirming: 4/9
[13 INFO main 3010383] Confirming: 5/9
[13 INFO main 3012623] Confirming: 6/9
[13 INFO main 3014699] Confirming: 7/9
[13 INFO main 3016745] Confirming: 8/9
[13 INFO main 3018834] Confirming: 9/9
[13 INFO main 3078722] Verify.Homing -> Scout.Query | Arrived home
[13 INFO main 3078793] Scout.Query -> Verify.DriveTo | Go to unverified source
[13 INFO main 3117009] Verify.DriveTo -> Verify.Homing | Homing
[13 INFO main 3136653] Confirming: 1/9
[13 INFO main 3138839] Confirming: 2/9
[13 INFO main 3140847] Confirming: 3/9
[13 INFO main 3140977] Verify.Homing -> Scout.Query | Arrived home
[13 INFO main 3142932] Confirming: 4/9
[13 INFO main 3145125] Confirming: 5/9
[13 INFO main 3147160] Confirming: 6/9
[13 INFO main 3149262] Confirming: 7/9
[13 INFO main 3151271] Confirming: 8/9
[13 INFO main 3153494] Confirming: 10/9
[13 INFO main 3153552] Scout.Query -> Verify.DriveTo | Go to unverified source
[13 INFO main 3191232] Verify.DriveTo -> Verify.Homing | Homing
[13 INFO main 3195459] Confirming: 1/9
[13 INFO main 3197528] Confirming: 2/9
[13 INFO main 3199587] Confirming: 3/9
[13 INFO main 3203697] Confirming: 4/9
[13 INFO main 3205764] Confirming: 5/9
[13 INFO main 3207925] Confirming: 7/9
[13 INFO main 3208051] Verify.Homing -> Scout.Query | Arrived home
[13 INFO main 3212183] Confirming: 9/9
[13 INFO main 3212512] Scout.Query -> Verify.DriveTo | Go to unverified source
[13 INFO main 3249057] Verify.DriveTo -> Verify.Homing | Homing
[13 INFO main 3273240] Verify.Homing -> Scout.Query | Arrived home
[13 INFO main 3274389] Confirming: 1/9
[13 INFO main 3276488] Confirming: 2/9
[13 INFO main 3278587] Confirming: 3/9
[13 INFO main 3280751] Confirming: 4/9
[13 INFO main 3282833] Confirming: 5/9
[13 INFO main 3284828] Confirming: 6/9
[13 INFO main 3286978] Confirming: 7/9
[13 INFO main 3288983] Confirming: 8/9
[13 INFO main 3291026] Confirming: 9/9
[13 INFO main 3291924] Scout.Query -> Verify.DriveTo | Go to unverified source
[13 INFO main 3336674] Verify.DriveTo -> Verify.Homing | Homing
[13 INFO main 3339067] Confirming: 1/9
[13 INFO main 3343263] Confirming: 2/9
[13 INFO main 3345493] Confirming: 4/9
[13 INFO main 3349579] Confirming: 5/9
[13 INFO main 3351696] Confirming: 7/9
[13 INFO main 3353676] Confirming: 8/9
[13 INFO main 3355259] Verify.Homing -> Scout.Query | Arrived home
[13 INFO main 3355783] Confirming: 9/9
[13 INFO main 3356438] Scout.Query -> Verify.DriveTo | Go to unverified source
[13 INFO main 3460105] Verify.DriveTo -> Verify.Homing | Homing
[13 INFO main 3468491] Confirming: 2/9
[13 INFO main 3470600] Confirming: 3/9
[13 INFO main 3472691] Confirming: 4/9
[13 INFO main 3474775] Confirming: 5/9
[13 INFO main 3476957] Confirming: 6/9
[13 INFO main 3478996] Confirming: 7/9
[13 INFO main 3481310] Confirming: 8/9
[13 INFO main 3483524] Confirming: 9/9
[13 INFO main 3491546] Verify.Homing -> Scout.Query | Arrived home
[13 INFO main 3491764] Scout.Query -> Verify.DriveTo | Go to unverified source
[13 INFO main 3548851] Verify.DriveTo -> Verify.Homing | Homing
[13 INFO main 3557045] Confirming: 1/9
[13 INFO main 3559107] Confirming: 2/9
[13 INFO main 3561191] Confirming: 3/9
[13 INFO main 3563222] Confirming: 4/9
[13 INFO main 3565264] Confirming: 5/9
[13 INFO main 3567277] Confirming: 6/9
[13 INFO main 3569320] Confirming: 7/9
[13 INFO main 3571504] Confirming: 8/9
[13 INFO main 3573510] Confirming: 9/9
[13 INFO main 3573692] Verify.Homing -> Scout.Query | Arrived home
[13 INFO main 3574173] Scout.Query -> Verify.DriveTo | Go to unverified source
[13 INFO main 3684888] Verify.DriveTo -> Verify.Homing | Homing
[13 INFO main 3701908] Verify.Homing -> Scout.Query | Arrived home
[13 INFO main 3708250] Confirming: 1/9
[13 INFO main 3710365] Confirming: 2/9
[13 INFO main 3712536] Confirming: 4/9
[13 INFO main 3714779] Confirming: 5/9
[13 INFO main 3716857] Confirming: 6/9
[13 INFO main 3718904] Confirming: 7/9
[13 INFO main 3720962] Confirming: 8/9
[13 INFO main 3723029] Confirming: 9/9
[13 INFO main 3723671] Scout.Query -> Verify.DriveTo | Go to unverified source
[13 INFO main 3738833] Verify.DriveTo -> Verify.Homing | Homing
[13 INFO main 3744800] Verify.Homing -> Scout.Query | Arrived home
[13 INFO main 3768319] Confirming: 1/9
[13 INFO main 3770412] Confirming: 2/9
[13 INFO main 3772415] Confirming: 3/9
[13 INFO main 3774668] Confirming: 4/9
[13 INFO main 3776675] Confirming: 6/9
[13 INFO main 3778741] Confirming: 7/9
[13 INFO main 3780840] Confirming: 8/9
[13 INFO main 3784941] Confirming: 9/9
[13 INFO main 3785784] Scout.Query -> Verify.DriveTo | Go to unverified source
[13 INFO main 3864620] Verify.DriveTo -> Verify.Homing | Homing
[13 INFO main 3887462] Confirming: 1/9
[13 INFO main 3888359] Verify.Homing -> Scout.Query | Arrived home
[13 INFO main 3889580] Confirming: 2/9
[13 INFO main 3891584] Confirming: 3/9
[13 INFO main 3893767] Confirming: 4/9
[13 INFO main 3896003] Confirming: 5/9
[13 INFO main 3898175] Confirming: 6/9
[13 INFO main 3900262] Confirming: 7/9
[13 INFO main 3902286] Confirming: 8/9
[13 INFO main 3904415] Confirming: 9/9
[13 INFO main 3905186] Scout.Query -> Verify.DriveTo | Go to unverified source
[13 INFO main 4035602] Verify.DriveTo -> Verify.Homing | Homing
[13 INFO main 4063596] Verify.Homing -> Scout.Query | Arrived home
[13 INFO main 4068901] Confirming: 2/9
[13 INFO main 4070941] Confirming: 3/9
[13 INFO main 4073007] Confirming: 4/9
[13 INFO main 4075042] Confirming: 5/9
[13 INFO main 4079057] Confirming: 7/9
[13 INFO main 4081143] Confirming: 8/9
[13 INFO main 4083166] Confirming: 9/9
[13 INFO main 4083335] Scout.Query -> Verify.DriveTo | Go to unverified source
[13 INFO main 4114794] Verify.DriveTo -> Verify.Homing | Homing
[13 INFO main 4127284] Confirming: 1/9
[13 INFO main 4129620] Confirming: 2/9
[13 INFO main 4131673] Confirming: 3/9
[13 INFO main 4132274] Verify.Homing -> Scout.Query | Arrived home
[13 INFO main 4133744] Confirming: 4/9
[13 INFO main 4135810] Confirming: 5/9
[13 INFO main 4137876] Confirming: 6/9
[13 INFO main 4139957] Confirming: 7/9
[13 INFO main 4141992] Confirming: 8/9
[13 INFO main 4144172] Confirming: 9/9
[13 INFO main 4144291] Scout.Query -> Verify.DriveTo | Go to unverified source
[13 INFO main 4172674] Verify.DriveTo -> Verify.Homing | Homing
[13 INFO main 4187815] Confirming: 1/9
[13 INFO main 4189828] Confirming: 2/9
[13 INFO main 4191397] Verify.Homing -> Scout.Query | Arrived home
[13 INFO main 4191847] Confirming: 3/9
[13 INFO main 4193936] Confirming: 4/9
[13 INFO main 4195948] Confirming: 5/9
[13 INFO main 4198029] Confirming: 6/9
[13 INFO main 4200260] Confirming: 7/9
[13 INFO main 4202379] Confirming: 8/9
[13 INFO main 4204455] Confirming: 9/9
[13 INFO main 4205141] Scout.Query -> Verify.DriveTo | Go to unverified source
[13 INFO main 4328181] Verify.DriveTo -> Verify.Homing | Homing
[13 INFO main 4368023] Verify.Homing -> Scout.Query | Arrived home
[13 INFO main 4368384] Confirming: 1/9
[13 INFO main 4370528] Confirming: 3/9
[13 INFO main 4372586] Confirming: 4/9
[13 INFO main 4374592] Confirming: 5/9
[13 INFO main 4376711] Confirming: 6/9
[13 INFO main 4378727] Confirming: 7/9
[13 INFO main 4380835] Confirming: 8/9
[13 INFO main 4382990] Confirming: 9/9
[13 INFO main 4383281] Scout.Query -> Verify.DriveTo | Go to unverified source
[13 INFO main 4447173] Verify.DriveTo -> Verify.Homing | Homing
[13 INFO main 4458141] Confirming: 1/9
[13 INFO main 4460466] Confirming: 3/9
[13 INFO main 4462512] Confirming: 4/9
[13 INFO main 4464716] Confirming: 5/9
[13 INFO main 4466822] Confirming: 6/9
[13 INFO main 4468838] Confirming: 7/9
[13 INFO main 4470906] Confirming: 8/9
[13 INFO main 4472978] Confirming: 9/9
[13 INFO main 4475316] Verify.Homing -> Scout.Query | Arrived home
[13 INFO main 4475572] Scout.Query -> Verify.DriveTo | Go to unverified source
[13 INFO main 4554833] Verify.DriveTo -> Verify.Homing | Homing
[13 INFO main 4566397] Verify.Homing -> Scout.Query | Arrived home
[13 INFO main 4578507] Confirming: 2/9
[13 INFO main 4580798] Confirming: 3/9
[13 INFO main 4583068] Confirming: 4/9
[13 INFO main 4585162] Confirming: 5/9
[13 INFO main 4587168] Confirming: 6/9
[13 INFO main 4589189] Confirming: 7/9
[13 INFO main 4591238] Confirming: 8/9
[13 INFO main 4593257] Confirming: 9/9
[13 INFO main 4593313] Scout.Query -> Verify.DriveTo | Go to unverified source
[13 INFO main 4673173] Verify.DriveTo -> Verify.Homing | Homing
[13 INFO main 4696567] Confirming: 1/9
[13 INFO main 4698656] Confirming: 2/9
[13 INFO main 4700778] Confirming: 3/9
[13 INFO main 4702882] Confirming: 4/9
[13 INFO main 4705828] Confirming: 5/9
[13 INFO main 4708032] Confirming: 6/9
[13 INFO main 4710096] Confirming: 7/9
[13 INFO main 4712407] Confirming: 8/9
[13 INFO main 4714658] Confirming: 10/9
[13 INFO main 4718211] Verify.Homing -> Scout.Query | Arrived home
[13 INFO main 4718276] Scout.Query -> Verify.DriveTo | Go to unverified source
[13 INFO main 4770087] Verify.DriveTo -> Verify.Homing | Homing
[13 INFO main 4786766] Confirming: 1/9
[13 INFO main 4788849] Confirming: 2/9
[13 INFO main 4791311] Confirming: 3/9
[13 INFO main 4793504] Confirming: 4/9
[13 INFO main 4795711] Confirming: 5/9
[13 INFO main 4797730] Confirming: 6/9
[13 INFO main 4799783] Confirming: 7/9
[13 INFO main 4801873] Confirming: 8/9
[13 INFO main 4804208] Confirming: 9/9
[13 INFO main 4812142] Verify.Homing -> Scout.Query | Arrived home
[13 INFO main 4812345] Scout.Query -> Verify.DriveTo | Go to unverified source
[13 INFO main 4962372] Verify.DriveTo -> Verify.Homing | Homing
[13 INFO main 4966635] Confirming: 1/9
[13 INFO main 4968671] Confirming: 2/9
[13 INFO main 4971068] Confirming: 3/9
[13 INFO main 4973743] Confirming: 4/9
[13 INFO main 4975767] Confirming: 5/9
[13 INFO main 4978046] Confirming: 6/9
[13 INFO main 4980122] Confirming: 7/9
[13 INFO main 4982274] Confirming: 8/9
[13 INFO main 4984366] Confirming: 9/9
[13 INFO main 4989587] Verify.Homing -> Scout.Query | Arrived home
[13 INFO main 4989970] Scout.Query -> Verify.DriveTo | Go to unverified source
[13 INFO main 5027310] Verify.DriveTo -> Verify.Homing | Homing
[13 INFO main 5047548] Verify.Homing -> Scout.Query | Arrived home
[13 INFO main 5056674] Confirming: 2/9
[13 INFO main 5060719] Confirming: 4/9
[13 INFO main 5063149] Confirming: 5/9
[13 INFO main 5065254] Confirming: 6/9
[13 INFO main 5067277] Confirming: 7/9
[13 INFO main 5071573] Confirming: 9/9
[13 INFO main 5072301] Scout.Query -> Verify.DriveTo | Go to unverified source
[13 INFO main 5204036] Verify.DriveTo -> Verify.Homing | Homing
[13 INFO main 5238683] Confirming: 1/9
[13 INFO main 5240683] Confirming: 3/9
[13 INFO main 5243206] Confirming: 4/9
[13 INFO main 5245309] Confirming: 5/9
[13 INFO main 5247350] Confirming: 6/9
[13 INFO main 5249471] Confirming: 7/9
[13 INFO main 5251533] Confirming: 8/9
[13 INFO main 5253543] Confirming: 9/9
[13 INFO main 5257844] Verify.Homing -> Scout.Query | Arrived home
[13 INFO main 5258090] Scout.Query -> Verify.DriveTo | Go to unverified source
[13 INFO main 5347276] Verify.DriveTo -> Verify.Homing | Homing
[13 INFO main 5381903] Verify.Homing -> Scout.Query | Arrived home
[13 INFO main 5388288] Confirming: 1/9
[13 INFO main 5390335] Confirming: 2/9
[13 INFO main 5392364] Confirming: 3/9
[13 INFO main 5394739] Confirming: 4/9
[13 INFO main 5397167] Confirming: 6/9
[13 INFO main 5399303] Confirming: 7/9
