[3 INFO main 35] Initialising Python Geth Console...
[3 INFO main 39] Initialising RandB board...
[3 INFO main 39] Initialising navigation...
[3 INFO main 39] Initialising random-walk...
[3 INFO main 39] Initialising odometry...
[3 INFO main 39] Initialising ground-sensors...
[3 INFO main 1022] --//-- Starting Experiment --//--
[3 INFO main 2124] Idle.IDLE -> Scout.Query | Duration: 20.21
[3 INFO main 3225] Scout.Query -> Scout.GotoCenter | Drive to others reported pos
[3 INFO main 9333] Scout.GotoCenter -> Scout.Query | return to random walk
[3 INFO main 10235] Scout.Query -> Scout.GotoCenter | Drive to others reported pos
[3 INFO main 10334] Scout.GotoCenter -> Scout.Query | return to random walk
[3 INFO main 11236] Scout.Query -> Scout.GotoCenter | Drive to others reported pos
[3 INFO main 11335] Scout.GotoCenter -> Scout.Query | return to random walk
[3 INFO main 12238] Scout.Query -> Scout.GotoCenter | Drive to others reported pos
[3 INFO main 12640] Scout.GotoCenter -> Scout.Query | return to random walk
[3 INFO main 13239] Scout.Query -> Scout.GotoCenter | Drive to others reported pos
[3 INFO main 13338] Scout.GotoCenter -> Scout.Query | return to random walk
[3 INFO main 14241] Scout.Query -> Scout.GotoCenter | Drive to others reported pos
[3 INFO main 14339] Scout.GotoCenter -> Scout.Query | return to random walk
[3 INFO main 15242] Scout.Query -> Scout.GotoCenter | Drive to others reported pos
[3 INFO main 15541] Scout.GotoCenter -> Scout.Query | return to random walk
[3 INFO main 16243] Scout.Query -> Scout.GotoCenter | Drive to others reported pos
[3 INFO main 16744] Scout.GotoCenter -> Scout.Query | return to random walk
[3 INFO main 17245] Scout.Query -> Scout.GotoCenter | Drive to others reported pos
[3 INFO main 20047] Scout.GotoCenter -> Scout.Query | return to random walk
[3 INFO main 20249] Scout.Query -> Scout.GotoCenter | Drive to others reported pos
[3 INFO main 23754] Scout.GotoCenter -> Scout.Query | return to random walk
[3 INFO main 24254] Scout.Query -> Scout.GotoCenter | Drive to others reported pos
[3 INFO main 24953] Scout.GotoCenter -> Scout.Query | return to random walk
[3 INFO main 25257] Scout.Query -> Scout.GotoCenter | Drive to others reported pos
[3 INFO main 25656] Scout.GotoCenter -> Scout.Query | return to random walk
