[4 INFO main 27] Initialising Python Geth Console...
[4 INFO main 31] Initialising RandB board...
[4 INFO main 31] Initialising navigation...
[4 INFO main 32] Initialising random-walk...
[4 INFO main 32] Initialising odometry...
[4 INFO main 32] Initialising ground-sensors...
[4 INFO main 835] --//-- Starting Experiment --//--
[4 INFO main 2256] Idle.IDLE -> Scout.Query | Duration: 29.23
[4 INFO main 23599] Scout.Query -> Verify.DriveTo | Go to unverified source
[4 INFO main 84193] Verify.DriveTo -> Verify.Homing | Homing
[4 INFO main 98844] Confirming: 1/9
[4 INFO main 100960] Confirming: 2/9
[4 INFO main 103352] Confirming: 3/9
[4 INFO main 105353] Confirming: 4/9
[4 INFO main 107401] Confirming: 5/9
[4 INFO main 109815] Confirming: 6/9
[4 INFO main 110907] Verify.Homing -> Scout.Query | Arrived home
[4 INFO main 111912] Confirming: 7/9
[4 INFO main 113917] Confirming: 8/9
[4 INFO main 115994] Confirming: 9/9
[4 INFO main 116028] Scout.Query -> Verify.DriveTo | Go to unverified source
[4 INFO main 146709] Verify.DriveTo -> Verify.Homing | Homing
[4 INFO main 163282] Confirming: 1/9
[4 INFO main 165359] Confirming: 2/9
[4 INFO main 167380] Confirming: 3/9
[4 INFO main 169392] Confirming: 4/9
[4 INFO main 171414] Confirming: 5/9
[4 INFO main 173446] Confirming: 6/9
[4 INFO main 175487] Confirming: 7/9
[4 INFO main 177528] Confirming: 8/9
[4 INFO main 179594] Confirming: 9/9
[4 INFO main 186366] Verify.Homing -> Scout.Query | Arrived home
[4 INFO main 186687] Scout.Query -> Verify.DriveTo | Go to unverified source
[4 INFO main 192939] Verify.DriveTo -> Verify.Homing | Homing
[4 INFO main 193077] Verify.Homing -> Scout.Query | Arrived home
[4 INFO main 224367] Confirming: 2/9
[4 INFO main 226451] Confirming: 3/9
[4 INFO main 228944] Confirming: 4/9
[4 INFO main 230955] Confirming: 5/9
[4 INFO main 232961] Confirming: 6/9
[4 INFO main 235030] Confirming: 7/9
[4 INFO main 237030] Confirming: 8/9
[4 INFO main 239164] Confirming: 9/9
[4 INFO main 239915] Scout.Query -> Verify.DriveTo | Go to unverified source
[4 INFO main 275671] Verify.DriveTo -> Verify.Homing | Homing
[4 INFO main 284122] Confirming: 1/9
[4 INFO main 286168] Confirming: 2/9
[4 INFO main 288177] Confirming: 3/9
[4 INFO main 290436] Confirming: 5/9
[4 INFO main 294542] Confirming: 6/9
[4 INFO main 296556] Confirming: 8/9
[4 INFO main 298639] Confirming: 9/9
[4 INFO main 301912] Verify.Homing -> Scout.Query | Arrived home
[4 INFO main 302110] Scout.Query -> Verify.DriveTo | Go to unverified source
[4 INFO main 337366] Verify.DriveTo -> Verify.Homing | Homing
[4 INFO main 343725] Confirming: 1/9
[4 INFO main 345819] Confirming: 2/9
[4 INFO main 347820] Confirming: 3/9
[4 INFO main 349823] Confirming: 4/9
[4 INFO main 351989] Confirming: 5/9
[4 INFO main 354077] Confirming: 6/9
[4 INFO main 356109] Confirming: 7/9
[4 INFO main 358112] Confirming: 8/9
[4 INFO main 360201] Confirming: 9/9
[4 INFO main 368951] Verify.Homing -> Scout.Query | Arrived home
[4 INFO main 369083] Scout.Query -> Verify.DriveTo | Go to unverified source
[4 INFO main 406535] Verify.DriveTo -> Verify.Homing | Homing
[4 INFO main 433584] Confirming: 1/9
[4 INFO main 435624] Confirming: 2/9
[4 INFO main 437330] Verify.Homing -> Scout.Query | Arrived home
[4 INFO main 437656] Confirming: 3/9
[4 INFO main 439664] Confirming: 4/9
[4 INFO main 441720] Confirming: 5/9
[4 INFO main 445780] Confirming: 6/9
[4 INFO main 452097] Confirming: 7/9
[4 INFO main 454132] Confirming: 8/9
[4 INFO main 456201] Confirming: 9/9
[4 INFO main 456750] Scout.Query -> Verify.DriveTo | Go to unverified source
[4 INFO main 515562] Verify.DriveTo -> Verify.Homing | Homing
[4 INFO main 530014] Confirming: 1/9
[4 INFO main 532158] Confirming: 2/9
[4 INFO main 534176] Confirming: 3/9
[4 INFO main 536246] Confirming: 4/9
[4 INFO main 536538] Verify.Homing -> Scout.Query | Arrived home
[4 INFO main 538324] Confirming: 5/9
[4 INFO main 540398] Confirming: 6/9
[4 INFO main 542483] Confirming: 8/9
[4 INFO main 544575] Confirming: 9/9
[4 INFO main 545358] Scout.Query -> Verify.DriveTo | Go to unverified source
[4 INFO main 583228] Verify.DriveTo -> Verify.Homing | Homing
[4 INFO main 601293] Verify.Homing -> Scout.Query | Arrived home
[4 INFO main 618487] Confirming: 1/9
[4 INFO main 620509] Confirming: 2/9
[4 INFO main 624633] Confirming: 3/9
[4 INFO main 626657] Confirming: 5/9
[4 INFO main 628933] Confirming: 6/9
[4 INFO main 633188] Confirming: 8/9
[4 INFO main 635281] Confirming: 9/9
[4 INFO main 635891] Scout.Query -> Verify.DriveTo | Go to unverified source
[4 INFO main 667854] Verify.DriveTo -> Verify.Homing | Homing
[4 INFO main 704675] Verify.Homing -> Scout.Query | Arrived home
[4 INFO main 710890] Confirming: 1/9
[4 INFO main 712897] Confirming: 3/9
[4 INFO main 715004] Confirming: 4/9
[4 INFO main 717021] Confirming: 5/9
[4 INFO main 719111] Confirming: 6/9
[4 INFO main 721110] Confirming: 7/9
[4 INFO main 723186] Confirming: 8/9
[4 INFO main 725296] Confirming: 9/9
[4 INFO main 725342] Scout.Query -> Verify.DriveTo | Go to unverified source
[4 INFO main 766224] Verify.DriveTo -> Verify.Homing | Homing
[4 INFO main 799118] Confirming: 1/9
[4 INFO main 801484] Confirming: 2/9
[4 INFO main 803529] Confirming: 3/9
[4 INFO main 805546] Confirming: 4/9
[4 INFO main 807506] Confirming: 5/9
[4 INFO main 809583] Confirming: 6/9
[4 INFO main 811628] Confirming: 7/9
[4 INFO main 812970] Verify.Homing -> Scout.Query | Arrived home
[4 INFO main 813692] Confirming: 8/9
[4 INFO main 815733] Confirming: 9/9
[4 INFO main 816741] Scout.Query -> Verify.DriveTo | Go to unverified source
[4 INFO main 861139] Verify.DriveTo -> Verify.Homing | Homing
[4 INFO main 883529] Verify.Homing -> Scout.Query | Arrived home
[4 INFO main 888548] Confirming: 1/9
[4 INFO main 890630] Confirming: 2/9
[4 INFO main 892675] Confirming: 3/9
[4 INFO main 894748] Confirming: 4/9
[4 INFO main 896792] Confirming: 5/9
[4 INFO main 898801] Confirming: 6/9
[4 INFO main 900873] Confirming: 7/9
[4 INFO main 902896] Confirming: 8/9
[4 INFO main 904935] Confirming: 9/9
[4 INFO main 905801] Scout.Query -> Verify.DriveTo | Go to unverified source
[4 INFO main 930929] Verify.DriveTo -> Verify.Homing | Homing
[4 INFO main 959540] Verify.Homing -> Scout.Query | Arrived home
[4 INFO main 980444] Confirming: 1/9
[4 INFO main 982568] Confirming: 3/9
[4 INFO main 986701] Confirming: 5/9
[4 INFO main 990819] Confirming: 6/9
[4 INFO main 992970] Confirming: 8/9
[4 INFO main 995122] Confirming: 9/9
[4 INFO main 995162] Scout.Query -> Verify.DriveTo | Go to unverified source
[4 INFO main 1047108] Verify.DriveTo -> Verify.Homing | Homing
[4 INFO main 1070246] Confirming: 1/9
[4 INFO main 1072404] Confirming: 3/9
[4 INFO main 1076075] Verify.Homing -> Scout.Query | Arrived home
[4 INFO main 1076533] Confirming: 4/9
[4 INFO main 1078548] Confirming: 6/9
[4 INFO main 1080635] Confirming: 7/9
[4 INFO main 1082817] Confirming: 8/9
[4 INFO main 1084933] Confirming: 9/9
[4 INFO main 1084974] Scout.Query -> Verify.DriveTo | Go to unverified source
[4 INFO main 1131109] Verify.DriveTo -> Verify.Homing | Homing
[4 INFO main 1146248] Verify.Homing -> Scout.Query | Arrived home
[4 INFO main 1154133] Confirming: 1/9
[4 INFO main 1156160] Confirming: 2/9
[4 INFO main 1158263] Confirming: 3/9
[4 INFO main 1160333] Confirming: 4/9
[4 INFO main 1162480] Confirming: 6/9
[4 INFO main 1166616] Confirming: 8/9
[4 INFO main 1168644] Confirming: 9/9
[4 INFO main 1168683] Scout.Query -> Verify.DriveTo | Go to unverified source
[4 INFO main 1193418] Verify.DriveTo -> Verify.Homing | Homing
[4 INFO main 1220481] Confirming: 2/9
[4 INFO main 1222533] Confirming: 3/9
[4 INFO main 1224670] Confirming: 4/9
[4 INFO main 1224670] Verify.Homing -> Scout.Query | Arrived home
[4 INFO main 1226717] Confirming: 5/9
[4 INFO main 1230785] Confirming: 7/9
[4 INFO main 1232848] Confirming: 8/9
[4 INFO main 1234958] Confirming: 9/9
[4 INFO main 1236141] Scout.Query -> Verify.DriveTo | Go to unverified source
[4 INFO main 1274042] Verify.DriveTo -> Verify.Homing | Homing
[4 INFO main 1280312] Confirming: 1/9
[4 INFO main 1282387] Confirming: 3/9
[4 INFO main 1284460] Confirming: 4/9
[4 INFO main 1288585] Confirming: 6/9
[4 INFO main 1290669] Confirming: 7/9
[4 INFO main 1292692] Confirming: 8/9
[4 INFO main 1294236] Verify.Homing -> Scout.Query | Arrived home
[4 INFO main 1294746] Confirming: 9/9
[4 INFO main 1295765] Scout.Query -> Verify.DriveTo | Go to unverified source
[4 INFO main 1328417] Verify.DriveTo -> Verify.Homing | Homing
[4 INFO main 1339318] Confirming: 1/9
[4 INFO main 1341354] Confirming: 2/9
[4 INFO main 1343356] Confirming: 3/9
[4 INFO main 1345378] Confirming: 4/9
[4 INFO main 1347529] Confirming: 5/9
[4 INFO main 1347529] Verify.Homing -> Scout.Query | Arrived home
[4 INFO main 1349576] Confirming: 6/9
[4 INFO main 1351664] Confirming: 7/9
[4 INFO main 1353751] Confirming: 8/9
[4 INFO main 1355826] Confirming: 9/9
[4 INFO main 1356171] Scout.Query -> Verify.DriveTo | Go to unverified source
[4 INFO main 1396446] Verify.DriveTo -> Verify.Homing | Homing
[4 INFO main 1430025] Confirming: 1/9
[4 INFO main 1432088] Confirming: 2/9
[4 INFO main 1432361] Verify.Homing -> Scout.Query | Arrived home
[4 INFO main 1436230] Confirming: 4/9
[4 INFO main 1438261] Confirming: 5/9
[4 INFO main 1440283] Confirming: 6/9
[4 INFO main 1442411] Confirming: 7/9
[4 INFO main 1444507] Confirming: 9/9
[4 INFO main 1444676] Scout.Query -> Verify.DriveTo | Go to unverified source
[4 INFO main 1498007] Verify.DriveTo -> Verify.Homing | Homing
[4 INFO main 1519144] Confirming: 1/9
[4 INFO main 1521200] Confirming: 2/9
[4 INFO main 1523216] Confirming: 3/9
[4 INFO main 1525271] Confirming: 4/9
[4 INFO main 1527364] Confirming: 5/9
[4 INFO main 1531513] Confirming: 7/9
[4 INFO main 1533606] Confirming: 8/9
[4 INFO main 1535709] Confirming: 9/9
[4 INFO main 1537501] Verify.Homing -> Scout.Query | Arrived home
[4 INFO main 1537644] Scout.Query -> Verify.DriveTo | Go to unverified source
[4 INFO main 1590383] Verify.DriveTo -> Verify.Homing | Homing
[4 INFO main 1609444] Confirming: 1/9
[4 INFO main 1611500] Confirming: 2/9
[4 INFO main 1613708] Confirming: 3/9
[4 INFO main 1615796] Confirming: 4/9
[4 INFO main 1617818] Confirming: 5/9
[4 INFO main 1619820] Confirming: 6/9
[4 INFO main 1621948] Confirming: 7/9
[4 INFO main 1624041] Confirming: 8/9
[4 INFO main 1626362] Confirming: 10/9
[4 INFO main 1635098] Verify.Homing -> Scout.Query | Arrived home
[4 INFO main 1635240] Scout.Query -> Verify.DriveTo | Go to unverified source
[4 INFO main 1673480] Verify.DriveTo -> Verify.Homing | Homing
[4 INFO main 1697840] Verify.Homing -> Scout.Query | Arrived home
[4 INFO main 1698834] Confirming: 1/9
[4 INFO main 1700906] Confirming: 2/9
[4 INFO main 1703013] Confirming: 3/9
[4 INFO main 1705119] Confirming: 4/9
[4 INFO main 1707139] Confirming: 5/9
[4 INFO main 1709229] Confirming: 6/9
[4 INFO main 1711260] Confirming: 7/9
[4 INFO main 1713286] Confirming: 8/9
[4 INFO main 1715353] Confirming: 9/9
[4 INFO main 1715786] Scout.Query -> Verify.DriveTo | Go to unverified source
[4 INFO main 1755014] Verify.DriveTo -> Verify.Homing | Homing
[4 INFO main 1782332] Verify.Homing -> Scout.Query | Arrived home
[4 INFO main 1783811] Confirming: 1/9
[4 INFO main 1785965] Confirming: 2/9
[4 INFO main 1788103] Confirming: 3/9
[4 INFO main 1790127] Confirming: 4/9
[4 INFO main 1792168] Confirming: 5/9
[4 INFO main 1794184] Confirming: 6/9
[4 INFO main 1796222] Confirming: 7/9
[4 INFO main 1798248] Confirming: 8/9
[4 INFO main 1800376] Confirming: 9/9
[4 INFO main 1800426] Scout.Query -> Verify.DriveTo | Go to unverified source
[4 INFO main 1845649] Verify.DriveTo -> Verify.Homing | Homing
[4 INFO main 1876770] Verify.Homing -> Scout.Query | Arrived home
[4 INFO main 1880815] Confirming: 2/9
[4 INFO main 1882882] Confirming: 3/9
[4 INFO main 1884975] Confirming: 4/9
[4 INFO main 1887040] Confirming: 5/9
[4 INFO main 1889119] Confirming: 6/9
[4 INFO main 1891138] Confirming: 7/9
[4 INFO main 1893212] Confirming: 8/9
[4 INFO main 1895212] Confirming: 9/9
[4 INFO main 1895413] Scout.Query -> Verify.DriveTo | Go to unverified source
[4 INFO main 1932784] Verify.DriveTo -> Verify.Homing | Homing
[4 INFO main 1938989] Confirming: 1/9
[4 INFO main 1941065] Confirming: 2/9
[4 INFO main 1943227] Confirming: 3/9
[4 INFO main 1945251] Confirming: 4/9
[4 INFO main 1947292] Confirming: 5/9
[4 INFO main 1949421] Confirming: 6/9
[4 INFO main 1951421] Confirming: 7/9
[4 INFO main 1953457] Confirming: 8/9
[4 INFO main 1955588] Confirming: 9/9
[4 INFO main 1963081] Verify.Homing -> Scout.Query | Arrived home
[4 INFO main 1963240] Scout.Query -> Verify.DriveTo | Go to unverified source
[4 INFO main 2001983] Verify.DriveTo -> Verify.Homing | Homing
[4 INFO main 2023846] Verify.Homing -> Scout.Query | Arrived home
[4 INFO main 2028646] Confirming: 1/9
[4 INFO main 2030666] Confirming: 2/9
[4 INFO main 2032715] Confirming: 3/9
[4 INFO main 2034761] Confirming: 4/9
[4 INFO main 2036687] Confirming: 5/9
[4 INFO main 2038854] Confirming: 6/9
[4 INFO main 2040894] Confirming: 7/9
[4 INFO main 2043005] Confirming: 8/9
[4 INFO main 2045013] Confirming: 9/9
[4 INFO main 2046038] Scout.Query -> Verify.DriveTo | Go to unverified source
[4 INFO main 2076294] Verify.DriveTo -> Verify.Homing | Homing
[4 INFO main 2088856] Confirming: 1/9
[4 INFO main 2090952] Confirming: 2/9
[4 INFO main 2095026] Confirming: 3/9
[4 INFO main 2097068] Confirming: 5/9
[4 INFO main 2099217] Confirming: 6/9
[4 INFO main 2101253] Confirming: 7/9
[4 INFO main 2103264] Confirming: 8/9
[4 INFO main 2105336] Confirming: 9/9
[4 INFO main 2111017] Verify.Homing -> Scout.Query | Arrived home
[4 INFO main 2111166] Scout.Query -> Verify.DriveTo | Go to unverified source
[4 INFO main 2140448] Verify.DriveTo -> Verify.Homing | Homing
[4 INFO main 2148994] Confirming: 1/9
[4 INFO main 2151018] Confirming: 2/9
[4 INFO main 2153067] Confirming: 3/9
[4 INFO main 2155295] Confirming: 4/9
[4 INFO main 2157391] Confirming: 5/9
[4 INFO main 2159469] Confirming: 6/9
[4 INFO main 2161477] Confirming: 7/9
[4 INFO main 2163576] Confirming: 8/9
[4 INFO main 2165572] Confirming: 9/9
[4 INFO main 2172734] Verify.Homing -> Scout.Query | Arrived home
[4 INFO main 2172888] Scout.Query -> Verify.DriveTo | Go to unverified source
[4 INFO main 2212891] Verify.DriveTo -> Verify.Homing | Homing
[4 INFO main 2240386] Confirming: 2/9
[4 INFO main 2242435] Confirming: 3/9
[4 INFO main 2244492] Confirming: 4/9
[4 INFO main 2246506] Confirming: 5/9
[4 INFO main 2248532] Confirming: 6/9
[4 INFO main 2249280] Verify.Homing -> Scout.Query | Arrived home
[4 INFO main 2250592] Confirming: 7/9
[4 INFO main 2252642] Confirming: 8/9
[4 INFO main 2254736] Confirming: 9/9
[4 INFO main 2254906] Scout.Query -> Verify.DriveTo | Go to unverified source
[4 INFO main 2295669] Verify.DriveTo -> Verify.Homing | Homing
[4 INFO main 2330594] Confirming: 2/9
[4 INFO main 2332692] Confirming: 3/9
[4 INFO main 2334830] Confirming: 4/9
[4 INFO main 2336906] Confirming: 5/9
[4 INFO main 2338533] Verify.Homing -> Scout.Query | Arrived home
[4 INFO main 2338939] Confirming: 6/9
[4 INFO main 2340996] Confirming: 7/9
[4 INFO main 2343067] Confirming: 8/9
[4 INFO main 2345148] Confirming: 9/9
[4 INFO main 2347258] Scout.Query -> Verify.DriveTo | Go to unverified source
[4 INFO main 2383691] Verify.DriveTo -> Verify.Homing | Homing
[4 INFO main 2389931] Confirming: 1/9
[4 INFO main 2391932] Confirming: 2/9
[4 INFO main 2394194] Confirming: 3/9
[4 INFO main 2396477] Confirming: 4/9
[4 INFO main 2398580] Confirming: 6/9
[4 INFO main 2400614] Confirming: 7/9
[4 INFO main 2402832] Confirming: 8/9
[4 INFO main 2404938] Confirming: 9/9
[4 INFO main 2420048] Verify.Homing -> Scout.Query | Arrived home
[4 INFO main 2420205] Scout.Query -> Verify.DriveTo | Go to unverified source
[4 INFO main 2477320] Verify.DriveTo -> Verify.Homing | Homing
[4 INFO main 2508765] Confirming: 1/9
[4 INFO main 2510890] Confirming: 2/9
[4 INFO main 2513052] Confirming: 3/9
[4 INFO main 2515076] Confirming: 4/9
[4 INFO main 2517226] Confirming: 5/9
[4 INFO main 2519301] Confirming: 6/9
[4 INFO main 2521535] Confirming: 7/9
[4 INFO main 2522709] Verify.Homing -> Scout.Query | Arrived home
[4 INFO main 2523800] Confirming: 8/9
[4 INFO main 2525958] Confirming: 9/9
[4 INFO main 2526342] Scout.Query -> Verify.DriveTo | Go to unverified source
[4 INFO main 2607950] Verify.DriveTo -> Verify.Homing | Homing
[4 INFO main 2626431] Confirming: 1/9
[4 INFO main 2628422] Confirming: 3/9
[4 INFO main 2629851] Verify.Homing -> Scout.Query | Arrived home
[4 INFO main 2630525] Confirming: 4/9
[4 INFO main 2632624] Confirming: 5/9
[4 INFO main 2636688] Confirming: 7/9
[4 INFO main 2640862] Confirming: 9/9
[4 INFO main 2641079] Scout.Query -> Verify.DriveTo | Go to unverified source
[4 INFO main 2665747] Verify.DriveTo -> Verify.Homing | Homing
[4 INFO main 2681892] Verify.Homing -> Scout.Query | Arrived home
[4 INFO main 2688844] Confirming: 1/9
[4 INFO main 2691017] Confirming: 2/9
[4 INFO main 2693108] Confirming: 3/9
[4 INFO main 2695142] Confirming: 4/9
[4 INFO main 2697186] Confirming: 5/9
[4 INFO main 2699201] Confirming: 6/9
[4 INFO main 2701274] Confirming: 7/9
[4 INFO main 2703311] Confirming: 8/9
[4 INFO main 2705365] Confirming: 9/9
[4 INFO main 2705991] Scout.Query -> Verify.DriveTo | Go to unverified source
[4 INFO main 2719696] Verify.DriveTo -> Verify.Homing | Homing
[4 INFO main 2745017] Verify.Homing -> Scout.Query | Arrived home
[4 INFO main 2749609] Confirming: 1/9
[4 INFO main 2751629] Confirming: 2/9
[4 INFO main 2753738] Confirming: 3/9
[4 INFO main 2755834] Confirming: 4/9
[4 INFO main 2758010] Confirming: 5/9
[4 INFO main 2760078] Confirming: 6/9
[4 INFO main 2762152] Confirming: 7/9
[4 INFO main 2764216] Confirming: 8/9
[4 INFO main 2766316] Confirming: 9/9
[4 INFO main 2766373] Scout.Query -> Verify.DriveTo | Go to unverified source
[4 INFO main 2815055] Verify.DriveTo -> Verify.Homing | Homing
[4 INFO main 2836195] Verify.Homing -> Scout.Query | Arrived home
[4 INFO main 2839819] Confirming: 1/9
[4 INFO main 2841839] Confirming: 2/9
[4 INFO main 2843914] Confirming: 3/9
[4 INFO main 2845946] Confirming: 4/9
[4 INFO main 2848024] Confirming: 5/9
[4 INFO main 2850114] Confirming: 6/9
[4 INFO main 2852215] Confirming: 7/9
[4 INFO main 2854316] Confirming: 8/9
[4 INFO main 2856358] Confirming: 9/9
[4 INFO main 2856686] Scout.Query -> Verify.DriveTo | Go to unverified source
[4 INFO main 2894898] Verify.DriveTo -> Verify.Homing | Homing
[4 INFO main 2927627] Verify.Homing -> Scout.Query | Arrived home
[4 INFO main 2930089] Confirming: 1/9
[4 INFO main 2932164] Confirming: 2/9
[4 INFO main 2934200] Confirming: 3/9
[4 INFO main 2936257] Confirming: 4/9
[4 INFO main 2938259] Confirming: 5/9
[4 INFO main 2940277] Confirming: 6/9
[4 INFO main 2942349] Confirming: 7/9
[4 INFO main 2944338] Confirming: 8/9
[4 INFO main 2946456] Confirming: 10/9
[4 INFO main 2946509] Scout.Query -> Verify.DriveTo | Go to unverified source
[4 INFO main 2992071] Verify.DriveTo -> Verify.Homing | Homing
[4 INFO main 3018204] Verify.Homing -> Scout.Query | Arrived home
[4 INFO main 3018876] Confirming: 1/9
[4 INFO main 3020995] Confirming: 2/9
[4 INFO main 3023135] Confirming: 3/9
[4 INFO main 3025188] Confirming: 4/9
[4 INFO main 3027261] Confirming: 5/9
[4 INFO main 3029347] Confirming: 6/9
[4 INFO main 3031435] Confirming: 7/9
[4 INFO main 3033520] Confirming: 8/9
[4 INFO main 3035551] Confirming: 9/9
[4 INFO main 3035959] Scout.Query -> Verify.DriveTo | Go to unverified source
[4 INFO main 3248178] Verify.DriveTo -> Verify.Homing | Homing
[4 INFO main 3258547] Confirming: 1/9
[4 INFO main 3260580] Confirming: 2/9
[4 INFO main 3262678] Confirming: 3/9
[4 INFO main 3264707] Confirming: 4/9
[4 INFO main 3266784] Confirming: 5/9
[4 INFO main 3268801] Confirming: 6/9
[4 INFO main 3270840] Confirming: 7/9
[4 INFO main 3272845] Confirming: 8/9
[4 INFO main 3274859] Confirming: 9/9
[4 INFO main 3310757] Verify.Homing -> Scout.Query | Arrived home
[4 INFO main 3310915] Scout.Query -> Verify.DriveTo | Go to unverified source
[4 INFO main 3354332] Verify.DriveTo -> Verify.Homing | Homing
[4 INFO main 3379173] Confirming: 1/9
[4 INFO main 3383267] Confirming: 2/9
[4 INFO main 3385359] Confirming: 3/9
[4 INFO main 3387427] Confirming: 5/9
[4 INFO main 3389576] Confirming: 6/9
[4 INFO main 3391588] Confirming: 7/9
[4 INFO main 3393588] Confirming: 8/9
[4 INFO main 3395692] Confirming: 9/9
[4 INFO main 3416003] Verify.Homing -> Scout.Query | Arrived home
[4 INFO main 3416251] Scout.Query -> Verify.DriveTo | Go to unverified source
[4 INFO main 3464292] Verify.DriveTo -> Verify.Homing | Homing
[4 INFO main 3473110] Confirming: 1/9
[4 INFO main 3475183] Confirming: 2/9
[4 INFO main 3477250] Confirming: 3/9
[4 INFO main 3479263] Confirming: 4/9
[4 INFO main 3481278] Confirming: 5/9
[4 INFO main 3483368] Confirming: 6/9
[4 INFO main 3485409] Confirming: 7/9
[4 INFO main 3487463] Confirming: 8/9
[4 INFO main 3489517] Confirming: 9/9
[4 INFO main 3499570] Verify.Homing -> Scout.Query | Arrived home
[4 INFO main 3499733] Scout.Query -> Verify.DriveTo | Go to unverified source
[4 INFO main 3537286] Verify.DriveTo -> Verify.Homing | Homing
[4 INFO main 3564071] Confirming: 1/9
[4 INFO main 3566432] Confirming: 2/9
[4 INFO main 3568947] Confirming: 4/9
[4 INFO main 3570360] Verify.Homing -> Scout.Query | Arrived home
[4 INFO main 3571031] Confirming: 5/9
[4 INFO main 3573129] Confirming: 6/9
[4 INFO main 3575211] Confirming: 7/9
[4 INFO main 3577374] Confirming: 8/9
[4 INFO main 3579462] Confirming: 9/9
[4 INFO main 3579713] Scout.Query -> Verify.DriveTo | Go to unverified source
[4 INFO main 3621161] Verify.DriveTo -> Verify.Homing | Homing
[4 INFO main 3643320] Verify.Homing -> Scout.Query | Arrived home
[4 INFO main 3652844] Confirming: 1/9
[4 INFO main 3654968] Confirming: 2/9
[4 INFO main 3657029] Confirming: 3/9
[4 INFO main 3659080] Confirming: 4/9
[4 INFO main 3661124] Confirming: 5/9
[4 INFO main 3663196] Confirming: 6/9
[4 INFO main 3665288] Confirming: 7/9
[4 INFO main 3667289] Confirming: 8/9
[4 INFO main 3669337] Confirming: 9/9
[4 INFO main 3670099] Scout.Query -> Verify.DriveTo | Go to unverified source
[4 INFO main 3696820] Verify.DriveTo -> Verify.Homing | Homing
[4 INFO main 3713822] Confirming: 1/9
[4 INFO main 3715897] Confirming: 2/9
[4 INFO main 3717908] Confirming: 3/9
[4 INFO main 3719972] Confirming: 4/9
[4 INFO main 3722032] Confirming: 5/9
[4 INFO main 3724112] Confirming: 6/9
[4 INFO main 3726248] Confirming: 7/9
[4 INFO main 3727551] Verify.Homing -> Scout.Query | Arrived home
[4 INFO main 3728255] Confirming: 8/9
[4 INFO main 3730334] Confirming: 9/9
[4 INFO main 3731109] Scout.Query -> Verify.DriveTo | Go to unverified source
[4 INFO main 3774418] Verify.DriveTo -> Verify.Homing | Homing
[4 INFO main 3802441] Verify.Homing -> Scout.Query | Arrived home
[4 INFO main 3804309] Confirming: 1/9
[4 INFO main 3806479] Confirming: 2/9
[4 INFO main 3808503] Confirming: 4/9
[4 INFO main 3810521] Confirming: 5/9
[4 INFO main 3812606] Confirming: 6/9
[4 INFO main 3814686] Confirming: 7/9
[4 INFO main 3818855] Confirming: 9/9
[4 INFO main 3819038] Scout.Query -> Verify.DriveTo | Go to unverified source
[4 INFO main 3853934] Verify.DriveTo -> Verify.Homing | Homing
[4 INFO main 3864424] Confirming: 1/9
[4 INFO main 3866516] Confirming: 3/9
[4 INFO main 3868593] Confirming: 4/9
[4 INFO main 3870815] Confirming: 5/9
[4 INFO main 3872825] Confirming: 6/9
[4 INFO main 3874846] Confirming: 7/9
[4 INFO main 3876965] Confirming: 8/9
[4 INFO main 3878961] Confirming: 9/9
[4 INFO main 3886069] Verify.Homing -> Scout.Query | Arrived home
[4 INFO main 3886374] Scout.Query -> Verify.DriveTo | Go to unverified source
[4 INFO main 3922593] Verify.DriveTo -> Verify.Homing | Homing
[4 INFO main 3949275] Verify.Homing -> Scout.Query | Arrived home
[4 INFO main 3953761] Confirming: 1/9
[4 INFO main 3955767] Confirming: 2/9
[4 INFO main 3957999] Confirming: 3/9
[4 INFO main 3960099] Confirming: 4/9
[4 INFO main 3962202] Confirming: 5/9
[4 INFO main 3964220] Confirming: 6/9
[4 INFO main 3966253] Confirming: 7/9
[4 INFO main 3968337] Confirming: 8/9
[4 INFO main 3970355] Confirming: 9/9
[4 INFO main 3970840] Scout.Query -> Verify.DriveTo | Go to unverified source
[4 INFO main 3988265] Verify.DriveTo -> Verify.Homing | Homing
[4 INFO main 4005478] Confirming: 1/9
[4 INFO main 4007705] Confirming: 2/9
[4 INFO main 4009797] Confirming: 3/9
[4 INFO main 4011851] Confirming: 4/9
[4 INFO main 4013991] Confirming: 5/9
[4 INFO main 4015970] Confirming: 6/9
[4 INFO main 4018155] Confirming: 7/9
[4 INFO main 4020189] Confirming: 8/9
[4 INFO main 4021521] Verify.Homing -> Scout.Query | Arrived home
[4 INFO main 4022291] Confirming: 9/9
[4 INFO main 4023069] Scout.Query -> Verify.DriveTo | Go to unverified source
[4 INFO main 4071556] Verify.DriveTo -> Verify.Homing | Homing
[4 INFO main 4102562] Verify.Homing -> Scout.Query | Arrived home
[4 INFO main 4103278] Confirming: 1/9
[4 INFO main 4105293] Confirming: 2/9
[4 INFO main 4107442] Confirming: 3/9
[4 INFO main 4109580] Confirming: 4/9
[4 INFO main 4111625] Confirming: 5/9
[4 INFO main 4113627] Confirming: 6/9
[4 INFO main 4115671] Confirming: 7/9
[4 INFO main 4117793] Confirming: 8/9
[4 INFO main 4119897] Confirming: 9/9
[4 INFO main 4120460] Scout.Query -> Verify.DriveTo | Go to unverified source
[4 INFO main 4170958] Verify.DriveTo -> Verify.Homing | Homing
[4 INFO main 4192099] Confirming: 1/9
[4 INFO main 4194149] Confirming: 2/9
[4 INFO main 4196266] Confirming: 3/9
[4 INFO main 4198127] Verify.Homing -> Scout.Query | Arrived home
[4 INFO main 4198368] Confirming: 4/9
[4 INFO main 4200453] Confirming: 6/9
[4 INFO main 4202632] Confirming: 7/9
[4 INFO main 4204719] Confirming: 8/9
[4 INFO main 4206737] Confirming: 9/9
[4 INFO main 4207089] Scout.Query -> Verify.DriveTo | Go to unverified source
[4 INFO main 4232394] Verify.DriveTo -> Verify.Homing | Homing
[4 INFO main 4247687] Verify.Homing -> Scout.Query | Arrived home
[4 INFO main 4253799] Confirming: 1/9
[4 INFO main 4255850] Confirming: 2/9
[4 INFO main 4257896] Confirming: 3/9
[4 INFO main 4259909] Confirming: 4/9
[4 INFO main 4262066] Confirming: 5/9
[4 INFO main 4264088] Confirming: 6/9
[4 INFO main 4266130] Confirming: 7/9
[4 INFO main 4268211] Confirming: 8/9
[4 INFO main 4270373] Confirming: 10/9
[4 INFO main 4270842] Scout.Query -> Verify.DriveTo | Go to unverified source
[4 INFO main 4311269] Verify.DriveTo -> Verify.Homing | Homing
[4 INFO main 4334190] Confirming: 1/9
[4 INFO main 4336218] Confirming: 2/9
[4 INFO main 4338230] Confirming: 3/9
[4 INFO main 4340254] Confirming: 4/9
[4 INFO main 4342305] Confirming: 5/9
[4 INFO main 4344385] Confirming: 7/9
[4 INFO main 4346471] Confirming: 8/9
[4 INFO main 4346603] Verify.Homing -> Scout.Query | Arrived home
[4 INFO main 4348753] Confirming: 9/9
[4 INFO main 4349020] Scout.Query -> Verify.DriveTo | Go to unverified source
[4 INFO main 4409328] Verify.DriveTo -> Verify.Homing | Homing
[4 INFO main 4434427] Confirming: 2/9
[4 INFO main 4436620] Confirming: 3/9
[4 INFO main 4438665] Confirming: 4/9
[4 INFO main 4439729] Verify.Homing -> Scout.Query | Arrived home
[4 INFO main 4440712] Confirming: 5/9
[4 INFO main 4442768] Confirming: 6/9
[4 INFO main 4444779] Confirming: 7/9
[4 INFO main 4446790] Confirming: 8/9
[4 INFO main 4448846] Confirming: 9/9
[4 INFO main 4449102] Scout.Query -> Verify.DriveTo | Go to unverified source
[4 INFO main 4504722] Verify.DriveTo -> Verify.Homing | Homing
[4 INFO main 4523391] Confirming: 1/9
[4 INFO main 4525574] Confirming: 2/9
[4 INFO main 4527589] Confirming: 3/9
[4 INFO main 4529626] Confirming: 4/9
[4 INFO main 4531657] Confirming: 5/9
[4 INFO main 4533720] Confirming: 6/9
[4 INFO main 4535807] Confirming: 7/9
[4 INFO main 4537831] Confirming: 8/9
[4 INFO main 4540315] Confirming: 9/9
[4 INFO main 4551129] Verify.Homing -> Scout.Query | Arrived home
[4 INFO main 4551367] Scout.Query -> Verify.DriveTo | Go to unverified source
[4 INFO main 4594086] Verify.DriveTo -> Verify.Homing | Homing
[4 INFO main 4613401] Confirming: 1/9
[4 INFO main 4615475] Confirming: 2/9
[4 INFO main 4617527] Confirming: 3/9
[4 INFO main 4619630] Confirming: 4/9
[4 INFO main 4621693] Confirming: 5/9
[4 INFO main 4623707] Confirming: 6/9
[4 INFO main 4625776] Confirming: 7/9
[4 INFO main 4627596] Verify.Homing -> Scout.Query | Arrived home
[4 INFO main 4627806] Confirming: 8/9
[4 INFO main 4629838] Confirming: 9/9
[4 INFO main 4629970] Scout.Query -> Verify.DriveTo | Go to unverified source
[4 INFO main 4679187] Verify.DriveTo -> Verify.Homing | Homing
[4 INFO main 4702388] Confirming: 1/9
[4 INFO main 4705001] Confirming: 2/9
[4 INFO main 4707102] Confirming: 3/9
[4 INFO main 4709348] Confirming: 4/9
[4 INFO main 4711377] Confirming: 5/9
[4 INFO main 4713453] Confirming: 6/9
[4 INFO main 4713586] Verify.Homing -> Scout.Query | Arrived home
[4 INFO main 4715565] Confirming: 7/9
[4 INFO main 4717569] Confirming: 8/9
[4 INFO main 4719711] Confirming: 9/9
[4 INFO main 4720203] Scout.Query -> Verify.DriveTo | Go to unverified source
[4 INFO main 4760223] Verify.DriveTo -> Verify.Homing | Homing
[4 INFO main 4784435] Confirming: 2/9
[4 INFO main 4786581] Confirming: 3/9
[4 INFO main 4789004] Verify.Homing -> Scout.Query | Arrived home
[4 INFO main 4790804] Confirming: 5/9
[4 INFO main 4793619] Confirming: 6/9
[4 INFO main 4795702] Confirming: 7/9
[4 INFO main 4797945] Confirming: 8/9
[4 INFO main 4800032] Confirming: 9/9
[4 INFO main 4800167] Scout.Query -> Verify.DriveTo | Go to unverified source
[4 INFO main 4843058] Verify.DriveTo -> Verify.Homing | Homing
[4 INFO main 4854050] Confirming: 1/9
[4 INFO main 4856143] Confirming: 2/9
[4 INFO main 4858243] Confirming: 3/9
[4 INFO main 4860342] Confirming: 4/9
[4 INFO main 4862426] Confirming: 5/9
[4 INFO main 4864718] Confirming: 7/9
[4 INFO main 4866831] Confirming: 8/9
[4 INFO main 4868849] Confirming: 9/9
[4 INFO main 4880437] Verify.Homing -> Scout.Query | Arrived home
[4 INFO main 4880689] Scout.Query -> Verify.DriveTo | Go to unverified source
[4 INFO main 4924875] Verify.DriveTo -> Verify.Homing | Homing
[4 INFO main 4945880] Confirming: 2/9
[4 INFO main 4947905] Confirming: 3/9
[4 INFO main 4949988] Confirming: 4/9
[4 INFO main 4952020] Confirming: 5/9
[4 INFO main 4954147] Confirming: 6/9
[4 INFO main 4956248] Confirming: 7/9
[4 INFO main 4956248] Verify.Homing -> Scout.Query | Arrived home
[4 INFO main 4958283] Confirming: 8/9
[4 INFO main 4960388] Confirming: 10/9
[4 INFO main 4960707] Scout.Query -> Verify.DriveTo | Go to unverified source
[4 INFO main 5013941] Verify.DriveTo -> Verify.Homing | Homing
[4 INFO main 5035628] Confirming: 2/9
[4 INFO main 5038070] Confirming: 3/9
[4 INFO main 5040147] Confirming: 4/9
[4 INFO main 5042199] Confirming: 5/9
[4 INFO main 5044289] Confirming: 6/9
[4 INFO main 5046357] Confirming: 7/9
[4 INFO main 5048540] Confirming: 8/9
[4 INFO main 5052654] Confirming: 10/9
[4 INFO main 5063186] Verify.Homing -> Scout.Query | Arrived home
[4 INFO main 5063417] Scout.Query -> Verify.DriveTo | Go to unverified source
[4 INFO main 5100078] Verify.DriveTo -> Verify.Homing | Homing
[4 INFO main 5112833] Confirming: 1/9
[4 INFO main 5114970] Confirming: 2/9
[4 INFO main 5117101] Confirming: 3/9
[4 INFO main 5119201] Confirming: 4/9
[4 INFO main 5120401] Verify.Homing -> Scout.Query | Arrived home
[4 INFO main 5121308] Confirming: 5/9
[4 INFO main 5123377] Confirming: 6/9
[4 INFO main 5125393] Confirming: 8/9
[4 INFO main 5129778] Confirming: 10/9
[4 INFO main 5129904] Scout.Query -> Verify.DriveTo | Go to unverified source
[4 INFO main 5161273] Verify.DriveTo -> Verify.Homing | Homing
[4 INFO main 5185389] Confirming: 2/9
[4 INFO main 5187424] Confirming: 3/9
[4 INFO main 5189516] Confirming: 4/9
[4 INFO main 5193658] Confirming: 6/9
[4 INFO main 5193658] Verify.Homing -> Scout.Query | Arrived home
[4 INFO main 5196023] Confirming: 7/9
[4 INFO main 5198105] Confirming: 8/9
[4 INFO main 5200159] Confirming: 9/9
[4 INFO main 5216056] Scout.Query -> Verify.DriveTo | Go to unverified source
[4 INFO main 5273991] Verify.DriveTo -> Verify.Homing | Homing
[4 INFO main 5303591] Confirming: 1/9
[4 INFO main 5305720] Confirming: 2/9
[4 INFO main 5307767] Confirming: 3/9
[4 INFO main 5311935] Confirming: 5/9
[4 INFO main 5313660] Verify.Homing -> Scout.Query | Arrived home
[4 INFO main 5314077] Confirming: 6/9
[4 INFO main 5316189] Confirming: 7/9
[4 INFO main 5318214] Confirming: 8/9
[4 INFO main 5320493] Confirming: 9/9
[4 INFO main 5342226] Scout.Query -> Verify.DriveTo | Go to unverified source
