[2 INFO main 27] Initialising Python Geth Console...
[2 INFO main 32] Initialising RandB board...
[2 INFO main 32] Initialising navigation...
[2 INFO main 32] Initialising random-walk...
[2 INFO main 32] Initialising odometry...
[2 INFO main 32] Initialising ground-sensors...
[2 INFO main 981] --//-- Starting Experiment --//--
[2 INFO main 2087] Idle.IDLE -> Scout.Query | Duration: 20.61
[2 INFO main 11057] Scout.Query -> Scout.GotoCenter | Drive to others reported pos
[2 INFO main 36726] Scout.GotoCenter -> Scout.Query | return to random walk
[2 INFO main 87307] Scout.Query -> Scout.GotoCenter | Drive to others reported pos
[2 INFO main 108291] Scout.GotoCenter -> Scout.Query | return to random walk
[2 INFO main 153992] Scout.Query -> Scout.GotoCenter | Drive to others reported pos
[2 INFO main 181801] Scout.GotoCenter -> Scout.Query | return to random walk
[2 INFO main 207245] Scout.Query -> Scout.GotoCenter | Drive to others reported pos
[2 INFO main 237087] Scout.GotoCenter -> Scout.Query | return to random walk
[2 INFO main 303028] Scout.Query -> Scout.GotoCenter | Drive to others reported pos
[2 INFO main 349043] Scout.GotoCenter -> Scout.Query | return to random walk
[2 INFO main 374633] Scout.Query -> Scout.GotoCenter | Drive to others reported pos
[2 INFO main 403408] Scout.GotoCenter -> Scout.Query | return to random walk
[2 INFO main 484333] Scout.Query -> Scout.GotoCenter | Drive to others reported pos
[2 INFO main 524001] Scout.GotoCenter -> Scout.Query | return to random walk
[2 INFO main 569516] Scout.Query -> Scout.GotoCenter | Drive to others reported pos
[2 INFO main 602038] Scout.GotoCenter -> Scout.Query | return to random walk
[2 INFO main 637788] Scout.Query -> Scout.GotoCenter | Drive to others reported pos
[2 INFO main 670268] Scout.GotoCenter -> Scout.Query | return to random walk
[2 INFO main 705880] Scout.Query -> Scout.GotoCenter | Drive to others reported pos
[2 INFO main 729628] Scout.GotoCenter -> Scout.Query | return to random walk
[2 INFO main 749994] Scout.Query -> Scout.GotoCenter | Drive to others reported pos
[2 INFO main 788911] Scout.GotoCenter -> Scout.Query | return to random walk
[2 INFO main 824640] Scout.Query -> Scout.GotoCenter | Drive to others reported pos
[2 INFO main 851167] Scout.GotoCenter -> Scout.Query | return to random walk
[2 INFO main 901614] Scout.Query -> Scout.GotoCenter | Drive to others reported pos
[2 INFO main 927584] Scout.GotoCenter -> Scout.Query | return to random walk
