[10 INFO main 30] Initialising Python Geth Console...
[10 INFO main 34] Initialising RandB board...
[10 INFO main 34] Initialising navigation...
[10 INFO main 34] Initialising random-walk...
[10 INFO main 34] Initialising odometry...
[10 INFO main 34] Initialising ground-sensors...
[10 INFO main 510] --//-- Starting Experiment --//--
[10 INFO main 1609] Idle.IDLE -> Scout.Query | Duration: 22.15
[10 INFO main 127579] Scout.Query -> Scout.GotoCenter | Drive to others reported pos
[10 INFO main 142294] Scout.GotoCenter -> Scout.Query | return to random walk
[10 INFO main 142897] Scout.Query -> Scout.GotoCenter | Drive to others reported pos
[10 INFO main 144896] Scout.GotoCenter -> Scout.Query | return to random walk
[10 INFO main 145005] Scout.Query -> Scout.GotoCenter | Drive to others reported pos
[10 INFO main 146201] Scout.GotoCenter -> Scout.Query | return to random walk
[10 INFO main 147098] Scout.Query -> Scout.GotoCenter | Drive to others reported pos
[10 INFO main 147903] Scout.GotoCenter -> Scout.Query | return to random walk
[10 INFO main 148099] Scout.Query -> Scout.GotoCenter | Drive to others reported pos
[10 INFO main 148805] Scout.GotoCenter -> Scout.Query | return to random walk
[10 INFO main 149101] Scout.Query -> Scout.GotoCenter | Drive to others reported pos
[10 INFO main 154409] Scout.GotoCenter -> Scout.Query | return to random walk
[10 INFO main 155313] Scout.Query -> Scout.GotoCenter | Drive to others reported pos
[10 INFO main 156015] Scout.GotoCenter -> Scout.Query | return to random walk
[10 INFO main 156316] Scout.Query -> Scout.GotoCenter | Drive to others reported pos
[10 INFO main 157719] Scout.GotoCenter -> Scout.Query | return to random walk
[10 INFO main 158418] Scout.Query -> Scout.GotoCenter | Drive to others reported pos
[10 INFO main 158615] Scout.GotoCenter -> Scout.Query | return to random walk
[10 INFO main 159419] Scout.Query -> Scout.GotoCenter | Drive to others reported pos
[10 INFO main 162120] Scout.GotoCenter -> Scout.Query | return to random walk
[10 INFO main 162429] Scout.Query -> Scout.GotoCenter | Drive to others reported pos
[10 INFO main 163822] Scout.GotoCenter -> Scout.Query | return to random walk
[10 INFO main 164532] Scout.Query -> Scout.GotoCenter | Drive to others reported pos
[10 INFO main 165630] Scout.GotoCenter -> Scout.Query | return to random walk
[10 INFO main 166732] Scout.Query -> Scout.GotoCenter | Drive to others reported pos
[10 INFO main 170335] Scout.GotoCenter -> Scout.Query | return to random walk
[10 INFO main 171034] Scout.Query -> Scout.GotoCenter | Drive to others reported pos
[10 INFO main 171335] Scout.GotoCenter -> Scout.Query | return to random walk
[10 INFO main 172135] Scout.Query -> Scout.GotoCenter | Drive to others reported pos
[10 INFO main 172235] Scout.GotoCenter -> Scout.Query | return to random walk
