[12 INFO main 27] Initialising Python Geth Console...
[12 INFO main 32] Initialising RandB board...
[12 INFO main 32] Initialising navigation...
[12 INFO main 32] Initialising random-walk...
[12 INFO main 32] Initialising odometry...
[12 INFO main 32] Initialising ground-sensors...
[12 INFO main 341] --//-- Starting Experiment --//--
[12 INFO main 1844] Idle.IDLE -> Scout.Query | Duration: 29.97
[12 INFO main 31790] Scout.Query -> Verify.DriveTo | Go to unverified source
[12 INFO main 48981] Verify.DriveTo -> Verify.Homing | Homing
[12 INFO main 57229] Confirming: 1/9
[12 INFO main 59350] Confirming: 2/9
[12 INFO main 61373] Confirming: 3/9
[12 INFO main 63401] Confirming: 4/9
[12 INFO main 65430] Confirming: 5/9
[12 INFO main 65760] Verify.Homing -> Scout.Query | Arrived home
[12 INFO main 67527] Confirming: 6/9
[12 INFO main 69546] Confirming: 7/9
[12 INFO main 71628] Confirming: 8/9
[12 INFO main 73643] Confirming: 9/9
[12 INFO main 73670] Scout.Query -> Verify.DriveTo | Go to unverified source
[12 INFO main 132485] Verify.DriveTo -> Verify.Homing | Homing
[12 INFO main 157380] Confirming: 1/9
[12 INFO main 159435] Confirming: 2/9
[12 INFO main 161512] Confirming: 3/9
[12 INFO main 163524] Confirming: 4/9
[12 INFO main 164613] Verify.Homing -> Scout.Query | Arrived home
[12 INFO main 165571] Confirming: 5/9
[12 INFO main 167614] Confirming: 6/9
[12 INFO main 169700] Confirming: 7/9
[12 INFO main 171711] Confirming: 8/9
[12 INFO main 173812] Confirming: 9/9
[12 INFO main 174409] Scout.Query -> Verify.DriveTo | Go to unverified source
[12 INFO main 234161] Verify.DriveTo -> Verify.Homing | Homing
[12 INFO main 246473] Confirming: 1/9
[12 INFO main 248477] Confirming: 2/9
[12 INFO main 250491] Confirming: 3/9
[12 INFO main 252498] Confirming: 4/9
[12 INFO main 254499] Confirming: 5/9
[12 INFO main 256529] Confirming: 6/9
[12 INFO main 258603] Confirming: 7/9
[12 INFO main 260691] Confirming: 8/9
[12 INFO main 262689] Confirming: 9/9
[12 INFO main 264876] Verify.Homing -> Scout.Query | Arrived home
[12 INFO main 264923] Scout.Query -> Verify.DriveTo | Go to unverified source
[12 INFO main 290594] Verify.DriveTo -> Verify.Homing | Homing
[12 INFO main 302824] Verify.Homing -> Scout.Query | Arrived home
[12 INFO main 307716] Confirming: 1/9
[12 INFO main 309798] Confirming: 2/9
[12 INFO main 311883] Confirming: 3/9
[12 INFO main 313908] Confirming: 4/9
[12 INFO main 315967] Confirming: 5/9
[12 INFO main 317979] Confirming: 6/9
[12 INFO main 320007] Confirming: 7/9
[12 INFO main 322025] Confirming: 8/9
[12 INFO main 324088] Confirming: 9/9
[12 INFO main 324907] Scout.Query -> Verify.DriveTo | Go to unverified source
[12 INFO main 413224] Verify.DriveTo -> Verify.Homing | Homing
[12 INFO main 427988] Confirming: 1/9
[12 INFO main 430023] Confirming: 2/9
[12 INFO main 432086] Confirming: 3/9
[12 INFO main 434152] Confirming: 5/9
[12 INFO main 434152] Verify.Homing -> Scout.Query | Arrived home
[12 INFO main 436221] Confirming: 6/9
[12 INFO main 440370] Confirming: 8/9
[12 INFO main 442483] Confirming: 9/9
[12 INFO main 442681] Scout.Query -> Verify.DriveTo | Go to unverified source
[12 INFO main 510206] Verify.DriveTo -> Verify.Homing | Homing
[12 INFO main 516449] Confirming: 1/9
[12 INFO main 518548] Confirming: 2/9
[12 INFO main 520636] Confirming: 3/9
[12 INFO main 522751] Confirming: 4/9
[12 INFO main 524780] Confirming: 5/9
[12 INFO main 526799] Confirming: 6/9
[12 INFO main 528864] Confirming: 7/9
[12 INFO main 530912] Confirming: 8/9
[12 INFO main 533015] Confirming: 9/9
[12 INFO main 535996] Verify.Homing -> Scout.Query | Arrived home
[12 INFO main 536115] Scout.Query -> Verify.DriveTo | Go to unverified source
[12 INFO main 748739] Verify.DriveTo -> Verify.Homing | Homing
[12 INFO main 752931] Verify.Homing -> Scout.Query | Arrived home
[12 INFO main 759161] Confirming: 1/9
[12 INFO main 761253] Confirming: 3/9
[12 INFO main 763321] Confirming: 4/9
[12 INFO main 765378] Confirming: 5/9
[12 INFO main 767483] Confirming: 6/9
[12 INFO main 769503] Confirming: 7/9
[12 INFO main 771792] Confirming: 8/9
[12 INFO main 773850] Confirming: 9/9
[12 INFO main 774288] Scout.Query -> Verify.DriveTo | Go to unverified source
[12 INFO main 800824] Verify.DriveTo -> Verify.Homing | Homing
[12 INFO main 806345] Verify.Homing -> Scout.Query | Arrived home
[12 INFO main 817719] Confirming: 1/9
[12 INFO main 819759] Confirming: 2/9
[12 INFO main 821794] Confirming: 3/9
[12 INFO main 823818] Confirming: 4/9
[12 INFO main 825990] Confirming: 5/9
[12 INFO main 828029] Confirming: 6/9
[12 INFO main 830037] Confirming: 7/9
[12 INFO main 832197] Confirming: 8/9
[12 INFO main 834235] Confirming: 9/9
[12 INFO main 834689] Scout.Query -> Verify.DriveTo | Go to unverified source
[12 INFO main 898767] Verify.DriveTo -> Verify.Homing | Homing
[12 INFO main 909293] Confirming: 2/9
[12 INFO main 913436] Confirming: 4/9
[12 INFO main 915440] Confirming: 5/9
[12 INFO main 917505] Confirming: 6/9
[12 INFO main 919526] Confirming: 7/9
[12 INFO main 921603] Confirming: 8/9
[12 INFO main 923002] Verify.Homing -> Scout.Query | Arrived home
[12 INFO main 923702] Confirming: 9/9
[12 INFO main 924320] Scout.Query -> Verify.DriveTo | Go to unverified source
[12 INFO main 966971] Verify.DriveTo -> Verify.Homing | Homing
[12 INFO main 985670] Confirming: 1/9
[12 INFO main 987676] Confirming: 2/9
[12 INFO main 988369] Verify.Homing -> Scout.Query | Arrived home
[12 INFO main 989689] Confirming: 3/9
[12 INFO main 991740] Confirming: 4/9
[12 INFO main 993922] Confirming: 5/9
[12 INFO main 995935] Confirming: 6/9
[12 INFO main 997959] Confirming: 7/9
[12 INFO main 999977] Confirming: 8/9
[12 INFO main 1002183] Confirming: 9/9
[12 INFO main 1002631] Scout.Query -> Verify.DriveTo | Go to unverified source
[12 INFO main 1076604] Verify.DriveTo -> Verify.Homing | Homing
[12 INFO main 1089373] Confirming: 1/9
[12 INFO main 1091405] Confirming: 3/9
[12 INFO main 1093547] Confirming: 4/9
[12 INFO main 1097587] Confirming: 5/9
[12 INFO main 1099685] Confirming: 7/9
[12 INFO main 1103750] Confirming: 8/9
[12 INFO main 1104182] Verify.Homing -> Scout.Query | Arrived home
[12 INFO main 1105898] Confirming: 10/9
[12 INFO main 1106810] Scout.Query -> Verify.DriveTo | Go to unverified source
[12 INFO main 1165619] Verify.DriveTo -> Verify.Homing | Homing
[12 INFO main 1178052] Confirming: 1/9
[12 INFO main 1180226] Confirming: 2/9
[12 INFO main 1182234] Confirming: 3/9
[12 INFO main 1184242] Confirming: 4/9
[12 INFO main 1186301] Confirming: 5/9
[12 INFO main 1190577] Confirming: 7/9
[12 INFO main 1192608] Confirming: 8/9
[12 INFO main 1194677] Confirming: 9/9
[12 INFO main 1195722] Verify.Homing -> Scout.Query | Arrived home
[12 INFO main 1195840] Scout.Query -> Verify.DriveTo | Go to unverified source
[12 INFO main 1242493] Verify.DriveTo -> Verify.Homing | Homing
[12 INFO main 1260238] Verify.Homing -> Scout.Query | Arrived home
[12 INFO main 1271500] Confirming: 1/9
[12 INFO main 1273552] Confirming: 3/9
[12 INFO main 1275750] Confirming: 4/9
[12 INFO main 1277849] Confirming: 5/9
[12 INFO main 1302593] Confirming: 17/9
[12 INFO main 1303550] Scout.Query -> Verify.DriveTo | Go to unverified source
[12 INFO main 1353750] Verify.DriveTo -> Verify.Homing | Homing
[12 INFO main 1360224] Confirming: 1/9
[12 INFO main 1362229] Confirming: 2/9
[12 INFO main 1364212] Confirming: 3/9
[12 INFO main 1366335] Confirming: 4/9
[12 INFO main 1368347] Confirming: 5/9
[12 INFO main 1370421] Confirming: 6/9
[12 INFO main 1372599] Confirming: 7/9
[12 INFO main 1374669] Confirming: 8/9
[12 INFO main 1376743] Confirming: 9/9
[12 INFO main 1377275] Verify.Homing -> Scout.Query | Arrived home
[12 INFO main 1377416] Scout.Query -> Verify.DriveTo | Go to unverified source
[12 INFO main 1456316] Verify.DriveTo -> Verify.Homing | Homing
[12 INFO main 1481147] Confirming: 1/9
[12 INFO main 1483193] Confirming: 3/9
[12 INFO main 1485389] Verify.Homing -> Scout.Query | Arrived home
[12 INFO main 1487301] Confirming: 4/9
[12 INFO main 1489328] Confirming: 6/9
[12 INFO main 1493470] Confirming: 7/9
[12 INFO main 1495580] Confirming: 9/9
[12 INFO main 1495622] Scout.Query -> Verify.DriveTo | Go to unverified source
[12 INFO main 1549952] Verify.DriveTo -> Verify.Homing | Homing
[12 INFO main 1564788] Confirming: 1/9
[12 INFO main 1566810] Confirming: 2/9
[12 INFO main 1569009] Confirming: 3/9
[12 INFO main 1571088] Confirming: 4/9
[12 INFO main 1571088] Verify.Homing -> Scout.Query | Arrived home
[12 INFO main 1573191] Confirming: 6/9
[12 INFO main 1575356] Confirming: 7/9
[12 INFO main 1577429] Confirming: 8/9
[12 INFO main 1579450] Confirming: 9/9
[12 INFO main 1579964] Scout.Query -> Verify.DriveTo | Go to unverified source
[12 INFO main 1627030] Verify.DriveTo -> Verify.Homing | Homing
[12 INFO main 1647220] Verify.Homing -> Scout.Query | Arrived home
[12 INFO main 1656681] Confirming: 1/9
[12 INFO main 1658722] Confirming: 2/9
[12 INFO main 1660746] Confirming: 3/9
[12 INFO main 1662755] Confirming: 4/9
[12 INFO main 1664820] Confirming: 5/9
[12 INFO main 1667003] Confirming: 6/9
[12 INFO main 1669025] Confirming: 7/9
[12 INFO main 1673105] Confirming: 8/9
[12 INFO main 1675118] Confirming: 9/9
[12 INFO main 1675238] Scout.Query -> Verify.DriveTo | Go to unverified source
[12 INFO main 1728360] Verify.DriveTo -> Verify.Homing | Homing
[12 INFO main 1751154] Confirming: 1/9
[12 INFO main 1753287] Confirming: 2/9
[12 INFO main 1753320] Verify.Homing -> Scout.Query | Arrived home
[12 INFO main 1755299] Confirming: 3/9
[12 INFO main 1757404] Confirming: 4/9
[12 INFO main 1759471] Confirming: 5/9
[12 INFO main 1761483] Confirming: 6/9
[12 INFO main 1763492] Confirming: 7/9
[12 INFO main 1765581] Confirming: 8/9
[12 INFO main 1769707] Confirming: 10/9
[12 INFO main 1769746] Scout.Query -> Verify.DriveTo | Go to unverified source
