[INFO main 27] Initialising peer buffer...
[INFO main 27] Initialising resource buffer...
[INFO main 27] Initialising TCP server...
[INFO main 27] Initialising RandB board...
[INFO main 27] Initialising ground-sensors...
[INFO main 27] Initialising random-walk...
[INFO main 1052] --//-- Starting Experiment --//--
[INFO main 13171] Added resource: {"x": 1.02, "y": -0.37, "radius": 0.05, "quantity": 1, "quality": "red", "timeStamp": 0}
[INFO main 17276] Added resource: {"x": 0.86, "y": -0.47, "radius": 0.05, "quantity": 1, "quality": "blue", "timeStamp": 0}
[INFO main 26380] Added resource: {"x": 0.41, "y": -0.62, "radius": 0.05, "quantity": 1, "quality": "blue", "timeStamp": 0}
[INFO main 60723] Removed resource: {"x": 0.41, "y": -0.62, "radius": 0.05, "quantity": 1, "quality": "blue", "timeStamp": 0}
[INFO main 67738] Added resource: {"x": 0.28, "y": -0.34, "radius": 0.04, "quantity": 1, "quality": "blue", "timeStamp": 0}
[INFO main 99571] Added resource: {"x": -0.5, "y": -0.08, "radius": 0.06, "quantity": 1, "quality": "blue", "timeStamp": 0}
[INFO main 119294] Removed resource: {"x": 0.28, "y": -0.34, "radius": 0.04, "quantity": 1, "quality": "blue", "timeStamp": 0}
[INFO main 190881] Removed resource: {"x": -0.5, "y": -0.08, "radius": 0.06, "quantity": 1, "quality": "blue", "timeStamp": 0}
[INFO main 207703] Added resource: {"x": -1.19, "y": -0.43, "radius": 0.04, "quantity": 1, "quality": "yellow", "timeStamp": 0}
[INFO main 211016] Added resource: {"x": -1.08, "y": -0.38, "radius": 0.04, "quantity": 1, "quality": "green", "timeStamp": 0}
[INFO main 298713] Removed resource: {"x": -1.19, "y": -0.43, "radius": 0.04, "quantity": 1, "quality": "yellow", "timeStamp": 0}
[INFO main 343767] Removed resource: {"x": 0.86, "y": -0.47, "radius": 0.05, "quantity": 1, "quality": "blue", "timeStamp": 0}
[INFO main 423271] Added resource: {"x": -1.19, "y": -0.7, "radius": 0.06, "quantity": 1, "quality": "blue", "timeStamp": 0}
[INFO main 517871] Added resource: {"x": -0.66, "y": -0.06, "radius": 0.06, "quantity": 1, "quality": "yellow", "timeStamp": 0}
[INFO main 523485] Added resource: {"x": -0.39, "y": -0.03, "radius": 0.06, "quantity": 1, "quality": "green", "timeStamp": 0}
[INFO main 545604] Removed resource: {"x": -0.66, "y": -0.06, "radius": 0.06, "quantity": 1, "quality": "yellow", "timeStamp": 0}
[INFO main 557321] Added resource: {"x": -1.16, "y": -0.06, "radius": 0.05, "quantity": 1, "quality": "green", "timeStamp": 0}
