[10 INFO main 51] Initialising Python Geth Console...
[10 INFO main 55] Initialising RandB board...
[10 INFO main 55] Initialising navigation...
[10 INFO main 55] Initialising random-walk...
[10 INFO main 55] Initialising odometry...
[10 INFO main 55] Initialising ground-sensors...
[10 INFO main 581] --//-- Starting Experiment --//--
[10 INFO main 1679] Idle.IDLE -> Scout.Query | Duration: 24.88
[10 INFO main 41359] Scout.Query -> Scout.GotoCenter | Drive to others reported pos
[10 INFO main 94419] Scout.GotoCenter -> Scout.Query | return to random walk
[10 INFO main 115353] Scout.Query -> Scout.GotoCenter | Drive to others reported pos
[10 INFO main 163605] Scout.GotoCenter -> Scout.Query | return to random walk
[10 INFO main 194302] Scout.Query -> Scout.GotoCenter | Drive to others reported pos
[10 INFO main 248202] Scout.GotoCenter -> Scout.Query | return to random walk
[10 INFO main 314189] Scout.Query -> Scout.GotoCenter | Drive to others reported pos
[10 INFO main 340071] Scout.GotoCenter -> Scout.Query | return to random walk
[10 INFO main 390859] Scout.Query -> Scout.GotoCenter | Drive to others reported pos
[10 INFO main 436147] Scout.GotoCenter -> Scout.Query | return to random walk
[10 INFO main 487422] Scout.Query -> Scout.GotoCenter | Drive to others reported pos
[10 INFO main 516762] Scout.GotoCenter -> Scout.Query | return to random walk
[10 INFO main 573016] Scout.Query -> Scout.GotoCenter | Drive to others reported pos
[10 INFO main 597234] Scout.GotoCenter -> Scout.Query | return to random walk
[10 INFO main 693997] Scout.Query -> Scout.GotoCenter | Drive to others reported pos
[10 INFO main 747685] Scout.GotoCenter -> Scout.Query | return to random walk
