[9 INFO main 30] Initialising Python Geth Console...
[9 INFO main 34] Initialising RandB board...
[9 INFO main 34] Initialising navigation...
[9 INFO main 34] Initialising random-walk...
[9 INFO main 34] Initialising odometry...
[9 INFO main 34] Initialising ground-sensors...
[9 INFO main 511] --//-- Starting Experiment --//--
[9 INFO main 1609] Idle.IDLE -> Scout.Query | Duration: 23.35
[9 INFO main 51078] Scout.Query -> Scout.GotoCenter | Drive to others reported pos
[9 INFO main 52775] Scout.GotoCenter -> Scout.Query | return to random walk
[9 INFO main 53177] Scout.Query -> Scout.GotoCenter | Drive to others reported pos
[9 INFO main 65895] Scout.GotoCenter -> Scout.Query | return to random walk
[9 INFO main 66800] Scout.Query -> Scout.GotoCenter | Drive to others reported pos
[9 INFO main 68298] Scout.GotoCenter -> Scout.Query | return to random walk
[9 INFO main 68902] Scout.Query -> Scout.GotoCenter | Drive to others reported pos
[9 INFO main 69799] Scout.GotoCenter -> Scout.Query | return to random walk
[9 INFO main 69907] Scout.Query -> Scout.GotoCenter | Drive to others reported pos
[9 INFO main 70899] Scout.GotoCenter -> Scout.Query | return to random walk
[9 INFO main 71011] Scout.Query -> Scout.GotoCenter | Drive to others reported pos
[9 INFO main 71099] Scout.GotoCenter -> Scout.Query | return to random walk
[9 INFO main 72106] Scout.Query -> Scout.GotoCenter | Drive to others reported pos
[9 INFO main 72704] Scout.GotoCenter -> Scout.Query | return to random walk
[9 INFO main 73108] Scout.Query -> Scout.GotoCenter | Drive to others reported pos
[9 INFO main 73303] Scout.GotoCenter -> Scout.Query | return to random walk
[9 INFO main 74110] Scout.Query -> Scout.GotoCenter | Drive to others reported pos
[9 INFO main 74507] Scout.GotoCenter -> Scout.Query | return to random walk
