[INFO main 27] Initialising peer buffer...
[INFO main 27] Initialising resource buffer...
[INFO main 27] Initialising TCP server...
[INFO main 27] Initialising RandB board...
[INFO main 27] Initialising ground-sensors...
[INFO main 27] Initialising random-walk...
[INFO main 1119] --//-- Starting Experiment --//--
[INFO main 13231] Added resource: {"x": -0.25, "y": 0.49, "radius": 0.05, "quantity": 1, "quality": "green", "timeStamp": 0}
[INFO main 63884] Removed resource: {"x": -0.25, "y": 0.49, "radius": 0.05, "quantity": 1, "quality": "green", "timeStamp": 0}
[INFO main 73695] Added resource: {"x": 0.06, "y": 0.87, "radius": 0.06, "quantity": 1, "quality": "blue", "timeStamp": 0}
[INFO main 115041] Added resource: {"x": 0.17, "y": 0.44, "radius": 0.06, "quantity": 1, "quality": "yellow", "timeStamp": 0}
[INFO main 243984] Removed resource: {"x": 0.17, "y": 0.44, "radius": 0.06, "quantity": 1, "quality": "yellow", "timeStamp": 0}
[INFO main 258807] Removed resource: {"x": 0.06, "y": 0.87, "radius": 0.06, "quantity": 1, "quality": "blue", "timeStamp": 0}
[INFO main 268411] Added resource: {"x": -0.02, "y": 0.53, "radius": 0.05, "quantity": 1, "quality": "yellow", "timeStamp": 0}
[INFO main 320675] Removed resource: {"x": -0.02, "y": 0.53, "radius": 0.05, "quantity": 1, "quality": "yellow", "timeStamp": 0}
[INFO main 330980] Added resource: {"x": -0.42, "y": 0.83, "radius": 0.04, "quantity": 1, "quality": "blue", "timeStamp": 0}
[INFO main 360918] Removed resource: {"x": -0.42, "y": 0.83, "radius": 0.04, "quantity": 1, "quality": "blue", "timeStamp": 0}
[INFO main 374826] Added resource: {"x": -0.32, "y": 1.13, "radius": 0.05, "quantity": 1, "quality": "blue", "timeStamp": 0}
[INFO main 410966] Added resource: {"x": 0.61, "y": 0.66, "radius": 0.05, "quantity": 1, "quality": "green", "timeStamp": 0}
[INFO main 445002] Added resource: {"x": -0.26, "y": 0.68, "radius": 0.06, "quantity": 1, "quality": "blue", "timeStamp": 0}
[INFO main 466726] Removed resource: {"x": -0.26, "y": 0.68, "radius": 0.06, "quantity": 1, "quality": "blue", "timeStamp": 0}
[INFO main 514679] Removed resource: {"x": -0.32, "y": 1.13, "radius": 0.05, "quantity": 1, "quality": "blue", "timeStamp": 0}
