[2 INFO main 27] Initialising Python Geth Console...
[2 INFO main 33] Initialising RandB board...
[2 INFO main 33] Initialising navigation...
[2 INFO main 33] Initialising random-walk...
[2 INFO main 33] Initialising odometry...
[2 INFO main 33] Initialising ground-sensors...
[2 INFO main 1166] --//-- Starting Experiment --//--
[2 INFO main 2267] Idle.IDLE -> Scout.Query | Duration: 16.80
[2 INFO main 11287] Scout.Query -> Scout.GotoCenter | Drive to others reported pos
[2 INFO main 48052] Scout.GotoCenter -> Scout.Query | return to random walk
[2 INFO main 83418] Scout.Query -> Scout.GotoCenter | Drive to others reported pos
[2 INFO main 121508] Scout.GotoCenter -> Scout.Query | return to random walk
[2 INFO main 146753] Scout.Query -> Scout.GotoCenter | Drive to others reported pos
[2 INFO main 181864] Scout.GotoCenter -> Scout.Query | return to random walk
[2 INFO main 217424] Scout.Query -> Scout.GotoCenter | Drive to others reported pos
[2 INFO main 239675] Scout.GotoCenter -> Scout.Query | return to random walk
[2 INFO main 433615] Scout.Query -> Scout.GotoCenter | Drive to others reported pos
[2 INFO main 449217] Scout.GotoCenter -> Scout.Query | return to random walk
[2 INFO main 495000] Scout.Query -> Scout.GotoCenter | Drive to others reported pos
[2 INFO main 527119] Scout.GotoCenter -> Scout.Query | return to random walk
[2 INFO main 597833] Scout.Query -> Scout.GotoCenter | Drive to others reported pos
[2 INFO main 638103] Scout.GotoCenter -> Scout.Query | return to random walk
[2 INFO main 683747] Scout.Query -> Scout.GotoCenter | Drive to others reported pos
