[4 INFO main 28] Initialising Python Geth Console...
[4 INFO main 33] Initialising RandB board...
[4 INFO main 33] Initialising navigation...
[4 INFO main 34] Initialising random-walk...
[4 INFO main 34] Initialising odometry...
[4 INFO main 34] Initialising ground-sensors...
[4 INFO main 1170] --//-- Starting Experiment --//--
[4 INFO main 2269] Idle.IDLE -> Scout.Query | Duration: 22.83
[4 INFO main 41642] Scout.Query -> Scout.GotoCenter | Drive to others reported pos
[4 INFO main 66799] Scout.GotoCenter -> Scout.Query | return to random walk
[4 INFO main 87106] Scout.Query -> Scout.GotoCenter | Drive to others reported pos
[4 INFO main 122905] Scout.GotoCenter -> Scout.Query | return to random walk
[4 INFO main 148363] Scout.Query -> Scout.GotoCenter | Drive to others reported pos
[4 INFO main 190704] Scout.GotoCenter -> Scout.Query | return to random walk
[4 INFO main 226195] Scout.Query -> Scout.GotoCenter | Drive to others reported pos
[4 INFO main 248872] Scout.GotoCenter -> Scout.Query | return to random walk
[4 INFO main 299473] Scout.Query -> Scout.GotoCenter | Drive to others reported pos
[4 INFO main 312444] Scout.GotoCenter -> Scout.Query | return to random walk
[4 INFO main 385182] Scout.Query -> Scout.GotoCenter | Drive to others reported pos
[4 INFO main 428578] Scout.GotoCenter -> Scout.Query | return to random walk
[4 INFO main 464284] Scout.Query -> Scout.GotoCenter | Drive to others reported pos
[4 INFO main 497766] Scout.GotoCenter -> Scout.Query | return to random walk
[4 INFO main 533262] Scout.Query -> Scout.GotoCenter | Drive to others reported pos
