[7 INFO main 27] Initialising Python Geth Console...
[7 INFO main 32] Initialising RandB board...
[7 INFO main 32] Initialising navigation...
[7 INFO main 32] Initialising random-walk...
[7 INFO main 32] Initialising odometry...
[7 INFO main 32] Initialising ground-sensors...
[7 INFO main 722] --//-- Starting Experiment --//--
[7 INFO main 1821] Idle.IDLE -> Scout.Query | Duration: 22.02
[7 INFO main 61574] Scout.Query -> Scout.GotoCenter | Drive to others reported pos
[7 INFO main 102725] Scout.GotoCenter -> Scout.Query | return to random walk
[7 INFO main 128409] Scout.Query -> Scout.GotoCenter | Drive to others reported pos
[7 INFO main 157861] Scout.GotoCenter -> Scout.Query | return to random walk
[7 INFO main 305273] Scout.Query -> Scout.GotoCenter | Drive to others reported pos
[7 INFO main 340001] Scout.GotoCenter -> Scout.Query | return to random walk
[7 INFO main 380887] Scout.Query -> Scout.GotoCenter | Drive to others reported pos
[7 INFO main 408242] Scout.GotoCenter -> Scout.Query | return to random walk
[7 INFO main 453856] Scout.Query -> Scout.GotoCenter | Drive to others reported pos
[7 INFO main 508572] Scout.GotoCenter -> Scout.Query | return to random walk
[7 INFO main 549044] Scout.Query -> Scout.GotoCenter | Drive to others reported pos
[7 INFO main 809777] Scout.GotoCenter -> Scout.Query | return to random walk
[7 INFO main 835249] Scout.Query -> Scout.GotoCenter | Drive to others reported pos
[7 INFO main 842674] Scout.GotoCenter -> Scout.Query | return to random walk
