[10 INFO main 29] Initialising Python Geth Console...
[10 INFO main 33] Initialising RandB board...
[10 INFO main 33] Initialising navigation...
[10 INFO main 33] Initialising random-walk...
[10 INFO main 33] Initialising odometry...
[10 INFO main 33] Initialising ground-sensors...
[10 INFO main 454] --//-- Starting Experiment --//--
[10 INFO main 1553] Idle.IDLE -> Scout.Query | Duration: 21.57
[10 INFO main 14175] Scout.Query -> Scout.GotoCenter | Drive to others reported pos
[10 INFO main 17183] Scout.GotoCenter -> Scout.Query | return to random walk
[10 INFO main 18275] Scout.Query -> Scout.GotoCenter | Drive to others reported pos
[10 INFO main 18973] Scout.GotoCenter -> Scout.Query | return to random walk
[10 INFO main 19278] Scout.Query -> Scout.GotoCenter | Drive to others reported pos
[10 INFO main 20481] Scout.GotoCenter -> Scout.Query | return to random walk
[10 INFO main 164969] Scout.Query -> Scout.GotoCenter | Drive to others reported pos
[10 INFO main 189092] Scout.GotoCenter -> Scout.Query | return to random walk
[10 INFO main 189795] Scout.Query -> Scout.GotoCenter | Drive to others reported pos
[10 INFO main 192298] Scout.GotoCenter -> Scout.Query | return to random walk
[10 INFO main 192799] Scout.Query -> Scout.GotoCenter | Drive to others reported pos
[10 INFO main 193593] Scout.GotoCenter -> Scout.Query | return to random walk
[10 INFO main 193803] Scout.Query -> Scout.GotoCenter | Drive to others reported pos
[10 INFO main 194403] Scout.GotoCenter -> Scout.Query | return to random walk
[10 INFO main 194905] Scout.Query -> Scout.GotoCenter | Drive to others reported pos
[10 INFO main 196400] Scout.GotoCenter -> Scout.Query | return to random walk
[10 INFO main 197007] Scout.Query -> Scout.GotoCenter | Drive to others reported pos
[10 INFO main 198105] Scout.GotoCenter -> Scout.Query | return to random walk
