[7 INFO main 26] Initialising Python Geth Console...
[7 INFO main 31] Initialising RandB board...
[7 INFO main 31] Initialising navigation...
[7 INFO main 31] Initialising random-walk...
[7 INFO main 31] Initialising odometry...
[7 INFO main 31] Initialising ground-sensors...
[7 INFO main 714] --//-- Starting Experiment --//--
[7 INFO main 1820] Idle.IDLE -> Scout.Query | Duration: 18.67
[7 INFO main 10931] Scout.Query -> Scout.GotoCenter | Drive to others reported pos
[7 INFO main 34335] Scout.GotoCenter -> Scout.Query | return to random walk
[7 INFO main 100628] Scout.Query -> Scout.GotoCenter | Drive to others reported pos
[7 INFO main 149951] Scout.GotoCenter -> Scout.Query | return to random walk
[7 INFO main 175168] Scout.Query -> Scout.GotoCenter | Drive to others reported pos
[7 INFO main 221060] Scout.GotoCenter -> Scout.Query | return to random walk
[7 INFO main 282043] Scout.Query -> Scout.GotoCenter | Drive to others reported pos
[7 INFO main 325636] Scout.GotoCenter -> Scout.Query | return to random walk
[7 INFO main 351137] Scout.Query -> Scout.GotoCenter | Drive to others reported pos
[7 INFO main 370056] Scout.GotoCenter -> Scout.Query | return to random walk
[7 INFO main 405647] Scout.Query -> Scout.GotoCenter | Drive to others reported pos
[7 INFO main 427140] Scout.GotoCenter -> Scout.Query | return to random walk
[7 INFO main 462697] Scout.Query -> Scout.GotoCenter | Drive to others reported pos
[7 INFO main 485965] Scout.GotoCenter -> Scout.Query | return to random walk
[7 INFO main 719166] Scout.Query -> Scout.GotoCenter | Drive to others reported pos
[7 INFO main 752418] Scout.GotoCenter -> Scout.Query | return to random walk
