[4 INFO main 30] Initialising Python Geth Console...
[4 INFO main 33] Initialising RandB board...
[4 INFO main 33] Initialising navigation...
[4 INFO main 33] Initialising random-walk...
[4 INFO main 33] Initialising odometry...
[4 INFO main 33] Initialising ground-sensors...
[4 INFO main 928] --//-- Starting Experiment --//--
[4 INFO main 2031] Idle.IDLE -> Scout.Query | Duration: 22.47
[4 INFO main 91849] Scout.Query -> Scout.GotoCenter | Drive to others reported pos
[4 INFO main 119280] Scout.GotoCenter -> Scout.Query | return to random walk
[4 INFO main 119881] Scout.Query -> Scout.GotoCenter | Drive to others reported pos
[4 INFO main 120280] Scout.GotoCenter -> Scout.Query | return to random walk
[4 INFO main 120883] Scout.Query -> Scout.GotoCenter | Drive to others reported pos
[4 INFO main 121283] Scout.GotoCenter -> Scout.Query | return to random walk
[4 INFO main 121984] Scout.Query -> Scout.GotoCenter | Drive to others reported pos
[4 INFO main 122984] Scout.GotoCenter -> Scout.Query | return to random walk
[4 INFO main 123986] Scout.Query -> Scout.GotoCenter | Drive to others reported pos
[4 INFO main 124284] Scout.GotoCenter -> Scout.Query | return to random walk
[4 INFO main 124987] Scout.Query -> Scout.GotoCenter | Drive to others reported pos
[4 INFO main 125188] Scout.GotoCenter -> Scout.Query | return to random walk
[4 INFO main 125988] Scout.Query -> Scout.GotoCenter | Drive to others reported pos
[4 INFO main 126287] Scout.GotoCenter -> Scout.Query | return to random walk
[4 INFO main 126991] Scout.Query -> Scout.GotoCenter | Drive to others reported pos
[4 INFO main 127090] Scout.GotoCenter -> Scout.Query | return to random walk
[4 INFO main 127991] Scout.Query -> Scout.GotoCenter | Drive to others reported pos
[4 INFO main 128092] Scout.GotoCenter -> Scout.Query | return to random walk
[4 INFO main 128992] Scout.Query -> Scout.GotoCenter | Drive to others reported pos
[4 INFO main 129093] Scout.GotoCenter -> Scout.Query | return to random walk
[4 INFO main 129993] Scout.Query -> Scout.GotoCenter | Drive to others reported pos
[4 INFO main 130092] Scout.GotoCenter -> Scout.Query | return to random walk
[4 INFO main 130994] Scout.Query -> Scout.GotoCenter | Drive to others reported pos
[4 INFO main 131294] Scout.GotoCenter -> Scout.Query | return to random walk
[4 INFO main 131996] Scout.Query -> Scout.GotoCenter | Drive to others reported pos
[4 INFO main 132295] Scout.GotoCenter -> Scout.Query | return to random walk
[4 INFO main 132998] Scout.Query -> Scout.GotoCenter | Drive to others reported pos
[4 INFO main 133297] Scout.GotoCenter -> Scout.Query | return to random walk
[4 INFO main 133998] Scout.Query -> Scout.GotoCenter | Drive to others reported pos
[4 INFO main 134098] Scout.GotoCenter -> Scout.Query | return to random walk
