[5 INFO main 27] Initialising Python Geth Console...
[5 INFO main 32] Initialising RandB board...
[5 INFO main 32] Initialising navigation...
[5 INFO main 32] Initialising random-walk...
[5 INFO main 32] Initialising odometry...
[5 INFO main 32] Initialising ground-sensors...
[5 INFO main 1071] --//-- Starting Experiment --//--
[5 INFO main 2174] Idle.IDLE -> Scout.Query | Duration: 25.47
[5 INFO main 16341] Scout.Query -> Scout.GotoCenter | Drive to others reported pos
[5 INFO main 25621] Scout.GotoCenter -> Scout.Query | return to random walk
[5 INFO main 106703] Scout.Query -> Scout.GotoCenter | Drive to others reported pos
[5 INFO main 135470] Scout.GotoCenter -> Scout.Query | return to random walk
[5 INFO main 186372] Scout.Query -> Scout.GotoCenter | Drive to others reported pos
[5 INFO main 225522] Scout.GotoCenter -> Scout.Query | return to random walk
[5 INFO main 291532] Scout.Query -> Scout.GotoCenter | Drive to others reported pos
[5 INFO main 324757] Scout.GotoCenter -> Scout.Query | return to random walk
[5 INFO main 401094] Scout.Query -> Scout.GotoCenter | Drive to others reported pos
[5 INFO main 428057] Scout.GotoCenter -> Scout.Query | return to random walk
[5 INFO main 453436] Scout.Query -> Scout.GotoCenter | Drive to others reported pos
[5 INFO main 468409] Scout.GotoCenter -> Scout.Query | return to random walk
[5 INFO main 509200] Scout.Query -> Scout.GotoCenter | Drive to others reported pos
[5 INFO main 541644] Scout.GotoCenter -> Scout.Query | return to random walk
[5 INFO main 582137] Scout.Query -> Scout.GotoCenter | Drive to others reported pos
[5 INFO main 610632] Scout.GotoCenter -> Scout.Query | return to random walk
[5 INFO main 707011] Scout.Query -> Scout.GotoCenter | Drive to others reported pos
