[1 INFO main 36] Initialising Python Geth Console...
[1 INFO main 40] Initialising RandB board...
[1 INFO main 40] Initialising navigation...
[1 INFO main 40] Initialising random-walk...
[1 INFO main 40] Initialising odometry...
[1 INFO main 41] Initialising ground-sensors...
[1 INFO main 1384] --//-- Starting Experiment --//--
[1 INFO main 2485] Idle.IDLE -> Scout.Query | Duration: 23.19
[1 INFO main 72970] Scout.Query -> Scout.GotoCenter | Drive to others reported pos
[1 INFO main 101906] Scout.GotoCenter -> Scout.Query | return to random walk
[1 INFO main 102208] Scout.Query -> Scout.GotoCenter | Drive to others reported pos
[1 INFO main 102407] Scout.GotoCenter -> Scout.Query | return to random walk
[1 INFO main 103210] Scout.Query -> Scout.GotoCenter | Drive to others reported pos
[1 INFO main 103908] Scout.GotoCenter -> Scout.Query | return to random walk
[1 INFO main 104211] Scout.Query -> Scout.GotoCenter | Drive to others reported pos
[1 INFO main 104508] Scout.GotoCenter -> Scout.Query | return to random walk
[1 INFO main 105211] Scout.Query -> Scout.GotoCenter | Drive to others reported pos
[1 INFO main 105310] Scout.GotoCenter -> Scout.Query | return to random walk
[1 INFO main 106213] Scout.Query -> Scout.GotoCenter | Drive to others reported pos
[1 INFO main 108614] Scout.GotoCenter -> Scout.Query | return to random walk
[1 INFO main 109416] Scout.Query -> Scout.GotoCenter | Drive to others reported pos
[1 INFO main 109515] Scout.GotoCenter -> Scout.Query | return to random walk
[1 INFO main 110515] Scout.Query -> Scout.GotoCenter | Drive to others reported pos
[1 INFO main 110615] Scout.GotoCenter -> Scout.Query | return to random walk
[1 INFO main 111517] Scout.Query -> Scout.GotoCenter | Drive to others reported pos
[1 INFO main 111616] Scout.GotoCenter -> Scout.Query | return to random walk
[1 INFO main 112519] Scout.Query -> Scout.GotoCenter | Drive to others reported pos
[1 INFO main 113518] Scout.GotoCenter -> Scout.Query | return to random walk
[1 INFO main 113617] Scout.Query -> Scout.GotoCenter | Drive to others reported pos
[1 INFO main 113718] Scout.GotoCenter -> Scout.Query | return to random walk
[1 INFO main 114618] Scout.Query -> Scout.GotoCenter | Drive to others reported pos
[1 INFO main 114920] Scout.GotoCenter -> Scout.Query | return to random walk
[1 INFO main 115621] Scout.Query -> Scout.GotoCenter | Drive to others reported pos
[1 INFO main 115921] Scout.GotoCenter -> Scout.Query | return to random walk
[1 INFO main 116622] Scout.Query -> Scout.GotoCenter | Drive to others reported pos
[1 INFO main 117123] Scout.GotoCenter -> Scout.Query | return to random walk
[1 INFO main 117624] Scout.Query -> Scout.GotoCenter | Drive to others reported pos
[1 INFO main 117823] Scout.GotoCenter -> Scout.Query | return to random walk
[1 INFO main 118625] Scout.Query -> Scout.GotoCenter | Drive to others reported pos
[1 INFO main 118925] Scout.GotoCenter -> Scout.Query | return to random walk
[1 INFO main 119627] Scout.Query -> Scout.GotoCenter | Drive to others reported pos
[1 INFO main 119826] Scout.GotoCenter -> Scout.Query | return to random walk
[1 INFO main 120627] Scout.Query -> Scout.GotoCenter | Drive to others reported pos
[1 INFO main 120729] Scout.GotoCenter -> Scout.Query | return to random walk
[1 INFO main 121629] Scout.Query -> Scout.GotoCenter | Drive to others reported pos
[1 INFO main 122029] Scout.GotoCenter -> Scout.Query | return to random walk
[1 INFO main 122630] Scout.Query -> Scout.GotoCenter | Drive to others reported pos
[1 INFO main 123130] Scout.GotoCenter -> Scout.Query | return to random walk
[1 INFO main 123631] Scout.Query -> Scout.GotoCenter | Drive to others reported pos
[1 INFO main 123931] Scout.GotoCenter -> Scout.Query | return to random walk
[1 INFO main 124633] Scout.Query -> Scout.GotoCenter | Drive to others reported pos
[1 INFO main 124832] Scout.GotoCenter -> Scout.Query | return to random walk
[1 INFO main 125634] Scout.Query -> Scout.GotoCenter | Drive to others reported pos
[1 INFO main 125735] Scout.GotoCenter -> Scout.Query | return to random walk
[1 INFO main 126635] Scout.Query -> Scout.GotoCenter | Drive to others reported pos
[1 INFO main 126735] Scout.GotoCenter -> Scout.Query | return to random walk
[1 INFO main 127636] Scout.Query -> Scout.GotoCenter | Drive to others reported pos
[1 INFO main 128137] Scout.GotoCenter -> Scout.Query | return to random walk
[1 INFO main 128638] Scout.Query -> Scout.GotoCenter | Drive to others reported pos
[1 INFO main 128838] Scout.GotoCenter -> Scout.Query | return to random walk
[1 INFO main 129639] Scout.Query -> Scout.GotoCenter | Drive to others reported pos
[1 INFO main 130039] Scout.GotoCenter -> Scout.Query | return to random walk
[1 INFO main 130640] Scout.Query -> Scout.GotoCenter | Drive to others reported pos
[1 INFO main 130740] Scout.GotoCenter -> Scout.Query | return to random walk
[1 INFO main 131641] Scout.Query -> Scout.GotoCenter | Drive to others reported pos
[1 INFO main 131741] Scout.GotoCenter -> Scout.Query | return to random walk
[1 INFO main 132643] Scout.Query -> Scout.GotoCenter | Drive to others reported pos
[1 INFO main 134545] Scout.GotoCenter -> Scout.Query | return to random walk
[1 INFO main 134645] Scout.Query -> Scout.GotoCenter | Drive to others reported pos
[1 INFO main 134845] Scout.GotoCenter -> Scout.Query | return to random walk
[1 INFO main 135646] Scout.Query -> Scout.GotoCenter | Drive to others reported pos
[1 INFO main 135846] Scout.GotoCenter -> Scout.Query | return to random walk
[1 INFO main 136647] Scout.Query -> Scout.GotoCenter | Drive to others reported pos
[1 INFO main 137047] Scout.GotoCenter -> Scout.Query | return to random walk
[1 INFO main 137649] Scout.Query -> Scout.GotoCenter | Drive to others reported pos
[1 INFO main 137749] Scout.GotoCenter -> Scout.Query | return to random walk
[1 INFO main 138650] Scout.Query -> Scout.GotoCenter | Drive to others reported pos
[1 INFO main 140952] Scout.GotoCenter -> Scout.Query | return to random walk
[1 INFO main 141653] Scout.Query -> Scout.GotoCenter | Drive to others reported pos
[1 INFO main 141753] Scout.GotoCenter -> Scout.Query | return to random walk
[1 INFO main 142654] Scout.Query -> Scout.GotoCenter | Drive to others reported pos
[1 INFO main 142754] Scout.GotoCenter -> Scout.Query | return to random walk
[1 INFO main 143655] Scout.Query -> Scout.GotoCenter | Drive to others reported pos
[1 INFO main 151566] Scout.GotoCenter -> Scout.Query | return to random walk
