[2 INFO main 28] Initialising Python Geth Console...
[2 INFO main 32] Initialising RandB board...
[2 INFO main 32] Initialising navigation...
[2 INFO main 32] Initialising random-walk...
[2 INFO main 32] Initialising odometry...
[2 INFO main 32] Initialising ground-sensors...
[2 INFO main 968] --//-- Starting Experiment --//--
[2 INFO main 2074] Idle.IDLE -> Scout.Query | Duration: 21.59
[2 INFO main 142021] Scout.Query -> Scout.GotoCenter | Drive to others reported pos
[2 INFO main 163167] Scout.GotoCenter -> Scout.Query | return to random walk
[2 INFO main 171500] Confirming: 1/8
[2 INFO main 173536] Confirming: 2/8
[2 INFO main 175552] Confirming: 4/8
[2 INFO main 177563] Confirming: 5/8
[2 INFO main 179620] Confirming: 6/8
[2 INFO main 181665] Confirming: 7/8
[2 INFO main 183705] Confirming: 8/8
[2 INFO main 420838] Scout.Query -> Scout.GotoCenter | Drive to others reported pos
[2 INFO main 486609] Scout.GotoCenter -> Scout.Query | return to random walk
[2 INFO main 509001] Confirming: 2/8
[2 INFO main 511044] Confirming: 3/8
[2 INFO main 515149] Confirming: 5/8
[2 INFO main 519309] Confirming: 7/8
[2 INFO main 521340] Confirming: 8/8
[2 INFO main 844537] Scout.Query -> Scout.GotoCenter | Drive to others reported pos
[2 INFO main 873807] Scout.GotoCenter -> Scout.Query | return to random walk
[2 INFO main 898452] Confirming: 1/8
[2 INFO main 900512] Confirming: 2/8
[2 INFO main 902604] Confirming: 3/8
[2 INFO main 904628] Confirming: 4/8
[2 INFO main 906664] Confirming: 5/8
[2 INFO main 908719] Confirming: 6/8
[2 INFO main 910764] Confirming: 7/8
[2 INFO main 912817] Confirming: 8/8
[2 INFO main 1194408] Scout.Query -> Scout.GotoCenter | Drive to others reported pos
[2 INFO main 1216731] Scout.GotoCenter -> Scout.Query | return to random walk
[2 INFO main 1223041] Confirming: 1/8
[2 INFO main 1225039] Confirming: 2/8
[2 INFO main 1227055] Confirming: 3/8
[2 INFO main 1229056] Confirming: 4/8
[2 INFO main 1241425] Confirming: 10/8
[2 INFO main 1543703] Scout.Query -> Scout.GotoCenter | Drive to others reported pos
[2 INFO main 1585987] Scout.GotoCenter -> Scout.Query | return to random walk
[2 INFO main 1590193] Confirming: 1/8
[2 INFO main 1594312] Confirming: 2/8
[2 INFO main 1596345] Confirming: 3/8
[2 INFO main 1598376] Confirming: 4/8
[2 INFO main 1600417] Confirming: 5/8
[2 INFO main 1602464] Confirming: 6/8
[2 INFO main 1604480] Confirming: 7/8
[2 INFO main 1606471] Confirming: 9/8
[2 INFO main 1611335] Scout.Query -> Scout.GotoCenter | Drive to others reported pos
[2 INFO main 1655075] Scout.GotoCenter -> Scout.Query | return to random walk
[2 INFO main 1671521] Confirming: 1/8
[2 INFO main 1673672] Confirming: 2/8
[2 INFO main 1675688] Confirming: 3/8
[2 INFO main 1679752] Confirming: 4/8
[2 INFO main 1681825] Confirming: 6/8
[2 INFO main 1683900] Confirming: 7/8
[2 INFO main 1685982] Confirming: 8/8
[2 INFO main 2059589] Scout.Query -> Scout.GotoCenter | Drive to others reported pos
[2 INFO main 2081906] Scout.GotoCenter -> Scout.Query | return to random walk
[2 INFO main 2114759] Confirming: 1/8
[2 INFO main 2116848] Confirming: 2/8
[2 INFO main 2118936] Confirming: 3/8
[2 INFO main 2120986] Confirming: 4/8
[2 INFO main 2123092] Confirming: 5/8
[2 INFO main 2125106] Confirming: 6/8
[2 INFO main 2127208] Confirming: 7/8
[2 INFO main 2129217] Confirming: 8/8
[2 INFO main 2168171] Scout.Query -> Scout.GotoCenter | Drive to others reported pos
[2 INFO main 2195267] Scout.GotoCenter -> Scout.Query | return to random walk
[2 INFO main 2205656] Confirming: 1/8
[2 INFO main 2207668] Confirming: 2/8
[2 INFO main 2209737] Confirming: 3/8
[2 INFO main 2211752] Confirming: 4/8
[2 INFO main 2213892] Confirming: 5/8
[2 INFO main 2215921] Confirming: 6/8
[2 INFO main 2218015] Confirming: 7/8
[2 INFO main 2220040] Confirming: 8/8
[2 INFO main 2220706] Scout.Query -> Scout.GotoCenter | Drive to others reported pos
[2 INFO main 2235456] Scout.GotoCenter -> Scout.Query | return to random walk
[2 INFO main 2266116] Confirming: 1/8
[2 INFO main 2268156] Confirming: 2/8
[2 INFO main 2270229] Confirming: 3/8
[2 INFO main 2272261] Confirming: 4/8
[2 INFO main 2274337] Confirming: 5/8
[2 INFO main 2276385] Confirming: 6/8
[2 INFO main 2278491] Confirming: 7/8
[2 INFO main 2280528] Confirming: 8/8
[2 INFO main 2519515] Confirming: 1/8
[2 INFO main 2521555] Confirming: 2/8
[2 INFO main 2523592] Confirming: 3/8
[2 INFO main 2525635] Confirming: 4/8
[2 INFO main 2527651] Confirming: 5/8
[2 INFO main 2529700] Confirming: 6/8
[2 INFO main 2531748] Confirming: 7/8
[2 INFO main 2533789] Confirming: 8/8
[2 INFO main 2535780] Scout.Query -> Scout.GotoCenter | Drive to others reported pos
[2 INFO main 2551894] Scout.GotoCenter -> Scout.Query | return to random walk
[2 INFO main 2578457] Confirming: 2/8
[2 INFO main 2580548] Confirming: 3/8
[2 INFO main 2582604] Confirming: 4/8
[2 INFO main 2584704] Confirming: 5/8
[2 INFO main 2586784] Confirming: 6/8
[2 INFO main 2588828] Confirming: 7/8
[2 INFO main 2590849] Confirming: 8/8
[2 INFO main 2592565] Scout.Query -> Scout.GotoCenter | Drive to others reported pos
[2 INFO main 2615587] Scout.GotoCenter -> Scout.Query | return to random walk
[2 INFO main 2640249] Confirming: 2/8
[2 INFO main 2642240] Confirming: 3/8
[2 INFO main 2644272] Confirming: 4/8
[2 INFO main 2648557] Confirming: 5/8
[2 INFO main 2650651] Confirming: 7/8
[2 INFO main 2652739] Confirming: 8/8
[2 INFO main 2656303] Scout.Query -> Scout.GotoCenter | Drive to others reported pos
[2 INFO main 2675677] Scout.GotoCenter -> Scout.Query | return to random walk
[2 INFO main 2688296] Confirming: 1/8
[2 INFO main 2690281] Confirming: 2/8
[2 INFO main 2692348] Confirming: 3/8
[2 INFO main 2694380] Confirming: 4/8
[2 INFO main 2698597] Confirming: 5/8
[2 INFO main 2700896] Confirming: 7/8
[2 INFO main 2704960] Confirming: 9/8
[2 INFO main 2706605] Scout.Query -> Scout.GotoCenter | Drive to others reported pos
[2 INFO main 2726617] Scout.GotoCenter -> Scout.Query | return to random walk
[2 INFO main 2747574] Confirming: 1/8
[2 INFO main 2749636] Confirming: 2/8
[2 INFO main 2751657] Confirming: 3/8
[2 INFO main 2753657] Confirming: 4/8
[2 INFO main 2755753] Confirming: 5/8
[2 INFO main 2757792] Confirming: 6/8
[2 INFO main 2759801] Confirming: 7/8
[2 INFO main 2761892] Confirming: 8/8
[2 INFO main 3124939] Confirming: 1/8
[2 INFO main 3126975] Confirming: 2/8
[2 INFO main 3128995] Confirming: 3/8
[2 INFO main 3131012] Confirming: 4/8
[2 INFO main 3132995] Confirming: 6/8
[2 INFO main 3135077] Confirming: 7/8
[2 INFO main 3137176] Confirming: 8/8
[2 INFO main 3139236] Scout.Query -> Scout.GotoCenter | Drive to others reported pos
[2 INFO main 3169941] Scout.GotoCenter -> Scout.Query | return to random walk
[2 INFO main 3184404] Confirming: 1/8
[2 INFO main 3188452] Confirming: 3/8
[2 INFO main 3190430] Confirming: 4/8
[2 INFO main 3192600] Confirming: 5/8
[2 INFO main 3194553] Confirming: 6/8
[2 INFO main 3196668] Confirming: 7/8
[2 INFO main 3198676] Confirming: 8/8
[2 INFO main 3473593] Scout.Query -> Scout.GotoCenter | Drive to others reported pos
[2 INFO main 3518539] Scout.GotoCenter -> Scout.Query | return to random walk
[2 INFO main 3534909] Confirming: 1/8
[2 INFO main 3537017] Confirming: 2/8
[2 INFO main 3541072] Confirming: 3/8
[2 INFO main 3553417] Confirming: 10/8
[2 INFO main 3554409] Scout.Query -> Scout.GotoCenter | Drive to others reported pos
[2 INFO main 3573961] Scout.GotoCenter -> Scout.Query | return to random walk
[2 INFO main 3592788] Confirming: 1/8
[2 INFO main 3594875] Confirming: 2/8
[2 INFO main 3596832] Confirming: 3/8
[2 INFO main 3599008] Confirming: 4/8
[2 INFO main 3601064] Confirming: 5/8
[2 INFO main 3603064] Confirming: 6/8
[2 INFO main 3605144] Confirming: 7/8
[2 INFO main 3607164] Confirming: 8/8
[2 INFO main 3783217] Scout.Query -> Scout.GotoCenter | Drive to others reported pos
[2 INFO main 3789963] Scout.GotoCenter -> Scout.Query | return to random walk
[2 INFO main 3804253] Confirming: 1/8
[2 INFO main 3806272] Confirming: 2/8
[2 INFO main 3808349] Confirming: 3/8
[2 INFO main 3810443] Confirming: 4/8
[2 INFO main 3812497] Confirming: 5/8
[2 INFO main 3814517] Confirming: 6/8
[2 INFO main 3816613] Confirming: 7/8
[2 INFO main 3818561] Confirming: 8/8
[2 INFO main 3820384] Scout.Query -> Scout.GotoCenter | Drive to others reported pos
[2 INFO main 3844733] Scout.GotoCenter -> Scout.Query | return to random walk
[2 INFO main 3855236] Confirming: 1/8
[2 INFO main 3859332] Confirming: 2/8
[2 INFO main 3861383] Confirming: 3/8
[2 INFO main 3863420] Confirming: 5/8
[2 INFO main 3865456] Confirming: 6/8
[2 INFO main 3869601] Confirming: 8/8
[2 INFO main 4077925] Scout.Query -> Scout.GotoCenter | Drive to others reported pos
[2 INFO main 4113849] Scout.GotoCenter -> Scout.Query | return to random walk
[2 INFO main 4136771] Confirming: 1/8
[2 INFO main 4138819] Confirming: 2/8
[2 INFO main 4140872] Confirming: 3/8
[2 INFO main 4142937] Confirming: 4/8
[2 INFO main 4144975] Confirming: 5/8
[2 INFO main 4147028] Confirming: 7/8
[2 INFO main 4149088] Confirming: 8/8
[2 INFO main 4393688] Scout.Query -> Scout.GotoCenter | Drive to others reported pos
[2 INFO main 4427892] Scout.GotoCenter -> Scout.Query | return to random walk
[2 INFO main 4446371] Confirming: 1/8
[2 INFO main 4448413] Confirming: 2/8
[2 INFO main 4450448] Confirming: 3/8
[2 INFO main 4452472] Confirming: 4/8
[2 INFO main 4454521] Confirming: 5/8
[2 INFO main 4456576] Confirming: 6/8
[2 INFO main 4458617] Confirming: 7/8
[2 INFO main 4460536] Confirming: 8/8
[2 INFO main 4463394] Scout.Query -> Scout.GotoCenter | Drive to others reported pos
[2 INFO main 4490610] Scout.GotoCenter -> Scout.Query | return to random walk
[2 INFO main 4505168] Confirming: 1/8
[2 INFO main 4507264] Confirming: 2/8
[2 INFO main 4509288] Confirming: 3/8
[2 INFO main 4511332] Confirming: 4/8
[2 INFO main 4515444] Confirming: 6/8
[2 INFO main 4517359] Confirming: 7/8
[2 INFO main 4519513] Confirming: 8/8
[2 INFO main 4762846] Scout.Query -> Scout.GotoCenter | Drive to others reported pos
[2 INFO main 4779646] Scout.GotoCenter -> Scout.Query | return to random walk
[2 INFO main 4804048] Confirming: 2/8
[2 INFO main 4808152] Confirming: 4/8
[2 INFO main 4812297] Confirming: 5/8
[2 INFO main 4814384] Confirming: 7/8
[2 INFO main 4816480] Confirming: 8/8
[2 INFO main 4820538] Scout.Query -> Scout.GotoCenter | Drive to others reported pos
[2 INFO main 4843903] Scout.GotoCenter -> Scout.Query | return to random walk
[2 INFO main 4876859] Confirming: 1/8
[2 INFO main 4878873] Confirming: 2/8
[2 INFO main 4880913] Confirming: 3/8
[2 INFO main 4882925] Confirming: 4/8
[2 INFO main 4884996] Confirming: 6/8
[2 INFO main 4887036] Confirming: 7/8
[2 INFO main 4891135] Confirming: 9/8
[2 INFO main 4894981] Scout.Query -> Scout.GotoCenter | Drive to others reported pos
[2 INFO main 4957233] Scout.GotoCenter -> Scout.Query | return to random walk
[2 INFO main 4965684] Confirming: 1/8
[2 INFO main 4968024] Confirming: 2/8
[2 INFO main 4970089] Confirming: 3/8
[2 INFO main 4972152] Confirming: 4/8
[2 INFO main 4974244] Confirming: 5/8
[2 INFO main 4976248] Confirming: 6/8
[2 INFO main 4978257] Confirming: 7/8
[2 INFO main 4980284] Confirming: 8/8
[2 INFO main 5245359] Scout.Query -> Scout.GotoCenter | Drive to others reported pos
[2 INFO main 5279850] Scout.GotoCenter -> Scout.Query | return to random walk
[2 INFO main 5294396] Confirming: 1/8
[2 INFO main 5296428] Confirming: 2/8
[2 INFO main 5300516] Confirming: 4/8
[2 INFO main 5302535] Confirming: 5/8
[2 INFO main 5304676] Confirming: 6/8
[2 INFO main 5306693] Confirming: 7/8
[2 INFO main 5308713] Confirming: 8/8
[2 INFO main 5835116] Confirming: 2/8
[2 INFO main 5837136] Confirming: 3/8
[2 INFO main 5839224] Confirming: 4/8
[2 INFO main 5841287] Confirming: 5/8
[2 INFO main 5845363] Confirming: 6/8
[2 INFO main 5847413] Confirming: 7/8
[2 INFO main 5849448] Confirming: 8/8
[2 INFO main 6188722] Scout.Query -> Scout.GotoCenter | Drive to others reported pos
[2 INFO main 6238960] Scout.GotoCenter -> Scout.Query | return to random walk
[2 INFO main 6251332] Confirming: 1/8
[2 INFO main 6253368] Confirming: 2/8
[2 INFO main 6257413] Confirming: 4/8
[2 INFO main 6259444] Confirming: 5/8
[2 INFO main 6261471] Confirming: 6/8
[2 INFO main 6263493] Confirming: 7/8
[2 INFO main 6265528] Confirming: 8/8
[2 INFO main 6269675] Scout.Query -> Scout.GotoCenter | Drive to others reported pos
[2 INFO main 6283639] Scout.GotoCenter -> Scout.Query | return to random walk
[2 INFO main 6312636] Confirming: 1/8
[2 INFO main 6314713] Confirming: 2/8
[2 INFO main 6316787] Confirming: 3/8
[2 INFO main 6318800] Confirming: 4/8
[2 INFO main 6320888] Confirming: 5/8
[2 INFO main 6322932] Confirming: 6/8
[2 INFO main 6325213] Confirming: 7/8
[2 INFO main 6327280] Confirming: 8/8
[2 INFO main 6517765] Confirming: 1/8
[2 INFO main 6521776] Confirming: 2/8
[2 INFO main 6525895] Confirming: 5/8
[2 INFO main 6527920] Confirming: 6/8
[2 INFO main 6531985] Confirming: 8/8
[2 INFO main 6902659] Scout.Query -> Scout.GotoCenter | Drive to others reported pos
[2 INFO main 6947981] Scout.GotoCenter -> Scout.Query | return to random walk
[2 INFO main 6954181] Confirming: 1/8
[2 INFO main 6956328] Confirming: 2/8
[2 INFO main 6958385] Confirming: 3/8
[2 INFO main 6960465] Confirming: 4/8
[2 INFO main 6962515] Confirming: 5/8
[2 INFO main 6964532] Confirming: 6/8
[2 INFO main 6966512] Confirming: 7/8
[2 INFO main 6970600] Confirming: 9/8
[2 INFO main 6973698] Scout.Query -> Scout.GotoCenter | Drive to others reported pos
[2 INFO main 6988323] Scout.GotoCenter -> Scout.Query | return to random walk
[2 INFO main 7015668] Confirming: 1/8
[2 INFO main 7017712] Confirming: 2/8
[2 INFO main 7019724] Confirming: 3/8
[2 INFO main 7021773] Confirming: 4/8
[2 INFO main 7023847] Confirming: 5/8
[2 INFO main 7025971] Confirming: 6/8
[2 INFO main 7028001] Confirming: 8/8
