[12 INFO main 26] Initialising Python Geth Console...
[12 INFO main 31] Initialising RandB board...
[12 INFO main 31] Initialising navigation...
[12 INFO main 31] Initialising random-walk...
[12 INFO main 31] Initialising odometry...
[12 INFO main 31] Initialising ground-sensors...
[12 INFO main 229] --//-- Starting Experiment --//--
[12 INFO main 1654] Idle.IDLE -> Scout.Query | Duration: 27.11
[12 INFO main 29053] Scout.Query -> Verify.DriveTo | Go to unverified source
[12 INFO main 73795] Verify.DriveTo -> Verify.Homing | Homing
[12 INFO main 92371] Confirming: 1/9
[12 INFO main 94405] Confirming: 2/9
[12 INFO main 96502] Confirming: 3/9
[12 INFO main 98675] Confirming: 4/9
[12 INFO main 100772] Confirming: 5/9
[12 INFO main 102986] Confirming: 6/9
[12 INFO main 105082] Confirming: 7/9
[12 INFO main 106887] Verify.Homing -> Scout.Query | Arrived home
[12 INFO main 107090] Confirming: 8/9
[12 INFO main 109143] Confirming: 9/9
[12 INFO main 109387] Scout.Query -> Verify.DriveTo | Go to unverified source
[12 INFO main 204485] Verify.DriveTo -> Verify.Homing | Homing
[12 INFO main 233082] Verify.Homing -> Scout.Query | Arrived home
[12 INFO main 244163] Confirming: 1/9
[12 INFO main 246197] Confirming: 2/9
[12 INFO main 248333] Confirming: 3/9
[12 INFO main 250365] Confirming: 4/9
[12 INFO main 252430] Confirming: 5/9
[12 INFO main 254478] Confirming: 6/9
[12 INFO main 256573] Confirming: 7/9
[12 INFO main 258693] Confirming: 8/9
[12 INFO main 260830] Confirming: 9/9
[12 INFO main 261380] Scout.Query -> Verify.DriveTo | Go to unverified source
[12 INFO main 300821] Verify.DriveTo -> Verify.Homing | Homing
[12 INFO main 324470] Verify.Homing -> Scout.Query | Arrived home
[12 INFO main 335974] Confirming: 1/9
[12 INFO main 340192] Confirming: 3/9
[12 INFO main 342221] Confirming: 4/9
[12 INFO main 344358] Confirming: 5/9
[12 INFO main 346439] Confirming: 6/9
[12 INFO main 348637] Confirming: 7/9
[12 INFO main 350637] Confirming: 8/9
[12 INFO main 352682] Confirming: 9/9
[12 INFO main 352719] Scout.Query -> Verify.DriveTo | Go to unverified source
[12 INFO main 463555] Verify.DriveTo -> Verify.Homing | Homing
[12 INFO main 483921] Verify.Homing -> Scout.Query | Arrived home
[12 INFO main 486522] Confirming: 1/9
[12 INFO main 488603] Confirming: 2/9
[12 INFO main 490650] Confirming: 3/9
[12 INFO main 492707] Confirming: 4/9
[12 INFO main 494715] Confirming: 5/9
[12 INFO main 496746] Confirming: 6/9
[12 INFO main 499041] Confirming: 8/9
[12 INFO main 501084] Confirming: 9/9
[12 INFO main 501618] Scout.Query -> Verify.DriveTo | Go to unverified source
[12 INFO main 596517] Verify.DriveTo -> Verify.Homing | Homing
[12 INFO main 605132] Confirming: 1/9
[12 INFO main 607282] Confirming: 2/9
[12 INFO main 609552] Confirming: 3/9
[12 INFO main 611576] Confirming: 4/9
[12 INFO main 613654] Confirming: 5/9
[12 INFO main 615672] Confirming: 6/9
[12 INFO main 617734] Confirming: 7/9
[12 INFO main 619980] Confirming: 8/9
[12 INFO main 622085] Confirming: 9/9
[12 INFO main 622469] Verify.Homing -> Scout.Query | Arrived home
[12 INFO main 622846] Scout.Query -> Verify.DriveTo | Go to unverified source
[12 INFO main 674434] Verify.DriveTo -> Verify.Homing | Homing
[12 INFO main 693178] Verify.Homing -> Scout.Query | Arrived home
[12 INFO main 695106] Confirming: 1/9
[12 INFO main 697185] Confirming: 2/9
[12 INFO main 701383] Confirming: 4/9
[12 INFO main 703395] Confirming: 5/9
[12 INFO main 705439] Confirming: 6/9
[12 INFO main 707441] Confirming: 7/9
[12 INFO main 709482] Confirming: 8/9
[12 INFO main 711519] Confirming: 9/9
[12 INFO main 711544] Scout.Query -> Verify.DriveTo | Go to unverified source
[12 INFO main 776916] Verify.DriveTo -> Verify.Homing | Homing
[12 INFO main 785353] Confirming: 1/9
[12 INFO main 787443] Confirming: 2/9
[12 INFO main 789478] Confirming: 3/9
[12 INFO main 791557] Confirming: 4/9
[12 INFO main 793627] Confirming: 5/9
[12 INFO main 795662] Confirming: 6/9
[12 INFO main 797703] Confirming: 7/9
[12 INFO main 801879] Confirming: 8/9
[12 INFO main 803933] Confirming: 9/9
[12 INFO main 894331] Verify.Homing -> Scout.Query | Arrived home
[12 INFO main 894385] Scout.Query -> Verify.DriveTo | Go to unverified source
[12 INFO main 996843] Verify.DriveTo -> Verify.Homing | Homing
[12 INFO main 1009381] Confirming: 1/9
[12 INFO main 1011480] Confirming: 2/9
[12 INFO main 1015721] Confirming: 4/9
[12 INFO main 1017774] Confirming: 5/9
[12 INFO main 1021815] Confirming: 7/9
[12 INFO main 1023890] Confirming: 8/9
[12 INFO main 1026075] Confirming: 9/9
[12 INFO main 1042815] Verify.Homing -> Scout.Query | Arrived home
[12 INFO main 1042935] Scout.Query -> Verify.DriveTo | Go to unverified source
[12 INFO main 1080101] Verify.DriveTo -> Verify.Homing | Homing
[12 INFO main 1093655] Verify.Homing -> Scout.Query | Arrived home
[12 INFO main 1100900] Confirming: 1/9
[12 INFO main 1103357] Confirming: 3/9
[12 INFO main 1105430] Confirming: 4/9
[12 INFO main 1107477] Confirming: 5/9
[12 INFO main 1109538] Confirming: 6/9
[12 INFO main 1111642] Confirming: 7/9
[12 INFO main 1113729] Confirming: 8/9
[12 INFO main 1115859] Confirming: 9/9
[12 INFO main 1116479] Scout.Query -> Verify.DriveTo | Go to unverified source
[12 INFO main 1169422] Verify.DriveTo -> Verify.Homing | Homing
[12 INFO main 1175633] Confirming: 1/9
[12 INFO main 1177702] Confirming: 2/9
[12 INFO main 1179718] Confirming: 3/9
[12 INFO main 1181729] Confirming: 4/9
[12 INFO main 1182283] Verify.Homing -> Scout.Query | Arrived home
[12 INFO main 1185865] Confirming: 6/9
[12 INFO main 1187894] Confirming: 7/9
[12 INFO main 1189985] Confirming: 8/9
[12 INFO main 1191998] Confirming: 9/9
[12 INFO main 1192575] Scout.Query -> Verify.DriveTo | Go to unverified source
[12 INFO main 1217225] Verify.DriveTo -> Verify.Homing | Homing
[12 INFO main 1222715] Verify.Homing -> Scout.Query | Arrived home
[12 INFO main 1236315] Confirming: 1/9
[12 INFO main 1238351] Confirming: 2/9
[12 INFO main 1240408] Confirming: 3/9
[12 INFO main 1242502] Confirming: 4/9
[12 INFO main 1244517] Confirming: 5/9
[12 INFO main 1246551] Confirming: 6/9
[12 INFO main 1248593] Confirming: 7/9
[12 INFO main 1250695] Confirming: 8/9
[12 INFO main 1252734] Confirming: 9/9
[12 INFO main 1252737] Scout.Query -> Scout.PrepSend | Homing
[12 INFO main 1252834] Scout.PrepSend -> Verify.Homing | Homing
[12 INFO main 1265359] Confirming: 1/9
[12 INFO main 1267590] Confirming: 2/9
[12 INFO main 1269683] Confirming: 3/9
[12 INFO main 1271749] Confirming: 4/9
[12 INFO main 1273833] Confirming: 5/9
[12 INFO main 1274569] Verify.Homing -> Scout.Query | Arrived home
[12 INFO main 1276048] Confirming: 6/9
[12 INFO main 1278120] Confirming: 7/9
[12 INFO main 1280180] Confirming: 8/9
[12 INFO main 1282321] Confirming: 9/9
[12 INFO main 1282352] Scout.Query -> Verify.DriveTo | Go to unverified source
[12 INFO main 1367055] Verify.DriveTo -> Verify.Homing | Homing
[12 INFO main 1386244] Confirming: 1/9
[12 INFO main 1388383] Confirming: 2/9
[12 INFO main 1390508] Confirming: 3/9
[12 INFO main 1393372] Verify.Homing -> Scout.Query | Arrived home
[12 INFO main 1394718] Confirming: 5/9
[12 INFO main 1396760] Confirming: 7/9
[12 INFO main 1398899] Confirming: 8/9
[12 INFO main 1403027] Confirming: 10/9
[12 INFO main 1403349] Scout.Query -> Verify.DriveTo | Go to unverified source
[12 INFO main 1460834] Verify.DriveTo -> Verify.Homing | Homing
[12 INFO main 1475636] Confirming: 1/9
[12 INFO main 1477710] Confirming: 2/9
[12 INFO main 1479081] Verify.Homing -> Scout.Query | Arrived home
[12 INFO main 1479761] Confirming: 3/9
[12 INFO main 1481809] Confirming: 4/9
[12 INFO main 1483845] Confirming: 5/9
[12 INFO main 1485894] Confirming: 6/9
[12 INFO main 1487941] Confirming: 7/9
[12 INFO main 1489966] Confirming: 8/9
[12 INFO main 1491994] Confirming: 9/9
[12 INFO main 1492227] Scout.Query -> Verify.DriveTo | Go to unverified source
[12 INFO main 1547744] Verify.DriveTo -> Verify.Homing | Homing
[12 INFO main 1566180] Confirming: 1/9
[12 INFO main 1568215] Confirming: 2/9
[12 INFO main 1570274] Confirming: 3/9
[12 INFO main 1570776] Verify.Homing -> Scout.Query | Arrived home
[12 INFO main 1572274] Confirming: 4/9
[12 INFO main 1574346] Confirming: 5/9
[12 INFO main 1576418] Confirming: 6/9
[12 INFO main 1578470] Confirming: 7/9
[12 INFO main 1580504] Confirming: 8/9
[12 INFO main 1582604] Confirming: 9/9
[12 INFO main 1583207] Scout.Query -> Verify.DriveTo | Go to unverified source
[12 INFO main 1665059] Verify.DriveTo -> Verify.Homing | Homing
[12 INFO main 1686008] Confirming: 1/9
[12 INFO main 1688202] Confirming: 2/9
[12 INFO main 1690214] Confirming: 3/9
[12 INFO main 1692280] Confirming: 4/9
[12 INFO main 1694455] Confirming: 5/9
[12 INFO main 1696461] Confirming: 6/9
[12 INFO main 1698477] Confirming: 7/9
[12 INFO main 1700541] Confirming: 8/9
[12 INFO main 1702578] Confirming: 9/9
[12 INFO main 1704667] Verify.Homing -> Scout.Query | Arrived home
[12 INFO main 1704711] Scout.Query -> Verify.DriveTo | Go to unverified source
[12 INFO main 1759194] Verify.DriveTo -> Verify.Homing | Homing
[12 INFO main 1775808] Confirming: 1/9
[12 INFO main 1777881] Confirming: 2/9
[12 INFO main 1779926] Confirming: 3/9
[12 INFO main 1782010] Confirming: 4/9
[12 INFO main 1784033] Confirming: 5/9
[12 INFO main 1786117] Confirming: 6/9
[12 INFO main 1788156] Confirming: 7/9
[12 INFO main 1790196] Confirming: 8/9
[12 INFO main 1792298] Confirming: 9/9
[12 INFO main 1792330] Verify.Homing -> Scout.Query | Arrived home
[12 INFO main 1792873] Scout.Query -> Verify.DriveTo | Go to unverified source
