[5 INFO main 27] Initialising Python Geth Console...
[5 INFO main 31] Initialising RandB board...
[5 INFO main 31] Initialising navigation...
[5 INFO main 31] Initialising random-walk...
[5 INFO main 31] Initialising odometry...
[5 INFO main 32] Initialising ground-sensors...
[5 INFO main 830] --//-- Starting Experiment --//--
[5 INFO main 1933] Idle.IDLE -> Scout.Query | Duration: 19.83
[5 INFO main 61483] Scout.Query -> Scout.GotoCenter | Drive to others reported pos
[5 INFO main 95472] Scout.GotoCenter -> Scout.Query | return to random walk
[5 INFO main 120923] Scout.Query -> Scout.GotoCenter | Drive to others reported pos
[5 INFO main 191074] Scout.GotoCenter -> Scout.Query | return to random walk
[5 INFO main 231501] Scout.Query -> Scout.GotoCenter | Drive to others reported pos
[5 INFO main 280520] Scout.GotoCenter -> Scout.Query | return to random walk
[5 INFO main 321574] Scout.Query -> Scout.GotoCenter | Drive to others reported pos
[5 INFO main 334729] Scout.GotoCenter -> Scout.Query | return to random walk
[5 INFO main 411044] Scout.Query -> Scout.GotoCenter | Drive to others reported pos
[5 INFO main 431225] Scout.GotoCenter -> Scout.Query | return to random walk
[5 INFO main 472015] Scout.Query -> Scout.GotoCenter | Drive to others reported pos
[5 INFO main 505539] Scout.GotoCenter -> Scout.Query | return to random walk
[5 INFO main 531395] Scout.Query -> Scout.GotoCenter | Drive to others reported pos
[5 INFO main 581409] Scout.GotoCenter -> Scout.Query | return to random walk
[5 INFO main 622071] Scout.Query -> Scout.GotoCenter | Drive to others reported pos
