[3 INFO main 30] Initialising Python Geth Console...
[3 INFO main 34] Initialising RandB board...
[3 INFO main 34] Initialising navigation...
[3 INFO main 34] Initialising random-walk...
[3 INFO main 34] Initialising odometry...
[3 INFO main 34] Initialising ground-sensors...
[3 INFO main 982] --//-- Starting Experiment --//--
[3 INFO main 2086] Idle.IDLE -> Scout.Query | Duration: 21.18
[3 INFO main 101710] Scout.Query -> Scout.GotoCenter | Drive to others reported pos
[3 INFO main 107517] Scout.GotoCenter -> Scout.Query | return to random walk
[3 INFO main 107717] Scout.Query -> Scout.GotoCenter | Drive to others reported pos
[3 INFO main 108116] Scout.GotoCenter -> Scout.Query | return to random walk
[3 INFO main 108720] Scout.Query -> Scout.GotoCenter | Drive to others reported pos
[3 INFO main 108819] Scout.GotoCenter -> Scout.Query | return to random walk
[3 INFO main 109818] Scout.Query -> Scout.GotoCenter | Drive to others reported pos
[3 INFO main 110420] Scout.GotoCenter -> Scout.Query | return to random walk
[3 INFO main 110917] Scout.Query -> Scout.GotoCenter | Drive to others reported pos
[3 INFO main 115524] Scout.GotoCenter -> Scout.Query | return to random walk
[3 INFO main 115927] Scout.Query -> Scout.GotoCenter | Drive to others reported pos
[3 INFO main 116327] Scout.GotoCenter -> Scout.Query | return to random walk
[3 INFO main 116929] Scout.Query -> Scout.GotoCenter | Drive to others reported pos
[3 INFO main 117626] Scout.GotoCenter -> Scout.Query | return to random walk
[3 INFO main 117930] Scout.Query -> Scout.GotoCenter | Drive to others reported pos
[3 INFO main 118127] Scout.GotoCenter -> Scout.Query | return to random walk
