[6 INFO main 29] Initialising Python Geth Console...
[6 INFO main 33] Initialising RandB board...
[6 INFO main 33] Initialising navigation...
[6 INFO main 33] Initialising random-walk...
[6 INFO main 33] Initialising odometry...
[6 INFO main 33] Initialising ground-sensors...
[6 INFO main 888] --//-- Starting Experiment --//--
[6 INFO main 1988] Idle.IDLE -> Scout.Query | Duration: 18.01
[6 INFO main 16160] Scout.Query -> Scout.GotoCenter | Drive to others reported pos
[6 INFO main 69917] Scout.GotoCenter -> Scout.Query | return to random walk
[6 INFO main 94756] Confirming: 2/8
[6 INFO main 107019] Confirming: 7/8
[6 INFO main 113207] Confirming: 9/8
[6 INFO main 115563] Scout.Query -> Scout.GotoCenter | Drive to others reported pos
[6 INFO main 138781] Scout.GotoCenter -> Scout.Query | return to random walk
[6 INFO main 159204] Confirming: 1/8
[6 INFO main 169420] Confirming: 2/8
[6 INFO main 171484] Confirming: 3/8
[6 INFO main 175607] Confirming: 5/8
[6 INFO main 181848] Confirming: 7/8
[6 INFO main 183868] Confirming: 8/8
[6 INFO main 194433] Scout.Query -> Scout.GotoCenter | Drive to others reported pos
[6 INFO main 207156] Scout.GotoCenter -> Scout.Query | return to random walk
[6 INFO main 229728] Confirming: 1/8
[6 INFO main 231749] Confirming: 2/8
[6 INFO main 233808] Confirming: 3/8
[6 INFO main 235807] Confirming: 4/8
[6 INFO main 237863] Confirming: 5/8
[6 INFO main 239871] Confirming: 6/8
[6 INFO main 241952] Confirming: 7/8
[6 INFO main 243979] Confirming: 8/8
[6 INFO main 441028] Scout.Query -> Scout.GotoCenter | Drive to others reported pos
[6 INFO main 465786] Scout.GotoCenter -> Scout.Query | return to random walk
[6 INFO main 474104] Confirming: 1/8
[6 INFO main 476144] Confirming: 2/8
[6 INFO main 478176] Confirming: 3/8
[6 INFO main 480228] Confirming: 4/8
[6 INFO main 482295] Confirming: 5/8
[6 INFO main 484312] Confirming: 6/8
[6 INFO main 486331] Confirming: 7/8
[6 INFO main 488364] Confirming: 8/8
[6 INFO main 491264] Scout.Query -> Scout.GotoCenter | Drive to others reported pos
[6 INFO main 535590] Scout.GotoCenter -> Scout.Query | return to random walk
[6 INFO main 564368] Confirming: 1/8
[6 INFO main 566485] Confirming: 2/8
[6 INFO main 568572] Confirming: 3/8
[6 INFO main 574648] Confirming: 6/8
[6 INFO main 576736] Confirming: 7/8
[6 INFO main 578743] Confirming: 8/8
[6 INFO main 581496] Scout.Query -> Scout.GotoCenter | Drive to others reported pos
[6 INFO main 609290] Scout.GotoCenter -> Scout.Query | return to random walk
[6 INFO main 623796] Confirming: 1/8
[6 INFO main 625864] Confirming: 2/8
[6 INFO main 627996] Confirming: 3/8
[6 INFO main 630032] Confirming: 4/8
[6 INFO main 632056] Confirming: 5/8
[6 INFO main 634236] Confirming: 6/8
[6 INFO main 636344] Confirming: 7/8
[6 INFO main 638442] Confirming: 8/8
[6 INFO main 644405] Scout.Query -> Scout.GotoCenter | Drive to others reported pos
[6 INFO main 672850] Scout.GotoCenter -> Scout.Query | return to random walk
[6 INFO main 685228] Confirming: 2/8
[6 INFO main 687303] Confirming: 3/8
[6 INFO main 691399] Confirming: 4/8
[6 INFO main 693431] Confirming: 6/8
[6 INFO main 697508] Confirming: 8/8
[6 INFO main 698245] Scout.Query -> Scout.GotoCenter | Drive to others reported pos
[6 INFO main 717570] Scout.GotoCenter -> Scout.Query | return to random walk
[6 INFO main 744328] Confirming: 1/8
[6 INFO main 746252] Confirming: 2/8
[6 INFO main 748363] Confirming: 3/8
[6 INFO main 750451] Confirming: 4/8
[6 INFO main 752544] Confirming: 5/8
[6 INFO main 754604] Confirming: 6/8
[6 INFO main 756660] Confirming: 7/8
[6 INFO main 758747] Confirming: 8/8
[6 INFO main 770667] Scout.Query -> Scout.GotoCenter | Drive to others reported pos
[6 INFO main 796001] Scout.GotoCenter -> Scout.Query | return to random walk
[6 INFO main 804420] Confirming: 1/8
[6 INFO main 806520] Confirming: 2/8
[6 INFO main 808599] Confirming: 3/8
[6 INFO main 810620] Confirming: 4/8
[6 INFO main 812700] Confirming: 6/8
[6 INFO main 823078] Confirming: 8/8
[6 INFO main 826364] Scout.Query -> Scout.GotoCenter | Drive to others reported pos
[6 INFO main 841380] Scout.GotoCenter -> Scout.Query | return to random walk
[6 INFO main 868188] Confirming: 1/8
[6 INFO main 886579] Confirming: 2/8
[6 INFO main 888743] Confirming: 3/8
[6 INFO main 892787] Confirming: 5/8
[6 INFO main 894860] Confirming: 6/8
[6 INFO main 901124] Confirming: 9/8
[6 INFO main 902550] Scout.Query -> Scout.GotoCenter | Drive to others reported pos
[6 INFO main 942049] Scout.GotoCenter -> Scout.Query | return to random walk
[6 INFO main 952456] Confirming: 1/8
[6 INFO main 954580] Confirming: 2/8
[6 INFO main 956684] Confirming: 3/8
[6 INFO main 958748] Confirming: 4/8
[6 INFO main 1014052] Confirming: 8/8
[6 INFO main 1023466] Scout.Query -> Scout.GotoCenter | Drive to others reported pos
[6 INFO main 1031772] Scout.GotoCenter -> Scout.Query | return to random walk
[6 INFO main 1085416] Confirming: 1/8
[6 INFO main 1089508] Confirming: 3/8
[6 INFO main 1091528] Confirming: 4/8
[6 INFO main 1093532] Confirming: 5/8
[6 INFO main 1095560] Confirming: 6/8
[6 INFO main 1097564] Confirming: 7/8
[6 INFO main 1099599] Confirming: 8/8
[6 INFO main 1102643] Scout.Query -> Scout.GotoCenter | Drive to others reported pos
[6 INFO main 1127074] Scout.GotoCenter -> Scout.Query | return to random walk
[6 INFO main 1145644] Confirming: 1/8
[6 INFO main 1147698] Confirming: 2/8
[6 INFO main 1153670] Confirming: 4/8
[6 INFO main 1155711] Confirming: 5/8
[6 INFO main 1157868] Confirming: 6/8
[6 INFO main 1159872] Confirming: 7/8
[6 INFO main 1161943] Confirming: 8/8
[6 INFO main 1162535] Scout.Query -> Scout.GotoCenter | Drive to others reported pos
[6 INFO main 1188241] Scout.GotoCenter -> Scout.Query | return to random walk
[6 INFO main 1213127] Confirming: 1/8
[6 INFO main 1272808] Confirming: 6/8
[6 INFO main 1283031] Confirming: 10/8
[6 INFO main 1284127] Scout.Query -> Scout.GotoCenter | Drive to others reported pos
[6 INFO main 1341300] Scout.GotoCenter -> Scout.Query | return to random walk
[6 INFO main 1361944] Confirming: 1/8
[6 INFO main 1363977] Confirming: 3/8
[6 INFO main 1368043] Confirming: 5/8
[6 INFO main 1370052] Confirming: 6/8
[6 INFO main 1374156] Confirming: 8/8
[6 INFO main 1376744] Scout.Query -> Scout.GotoCenter | Drive to others reported pos
[6 INFO main 1433658] Scout.GotoCenter -> Scout.Query | return to random walk
[6 INFO main 1445984] Confirming: 1/8
[6 INFO main 1450116] Confirming: 3/8
[6 INFO main 1452200] Confirming: 4/8
[6 INFO main 1454207] Confirming: 6/8
[6 INFO main 1456207] Confirming: 7/8
[6 INFO main 1458283] Confirming: 8/8
[6 INFO main 1458940] Scout.Query -> Scout.GotoCenter | Drive to others reported pos
[6 INFO main 1494534] Scout.GotoCenter -> Scout.Query | return to random walk
[6 INFO main 1505000] Confirming: 1/8
[6 INFO main 1507004] Confirming: 2/8
[6 INFO main 1509048] Confirming: 3/8
[6 INFO main 1511148] Confirming: 4/8
[6 INFO main 1513228] Confirming: 5/8
[6 INFO main 1515198] Confirming: 6/8
[6 INFO main 1517157] Confirming: 7/8
[6 INFO main 1519195] Confirming: 8/8
[6 INFO main 1520130] Scout.Query -> Scout.GotoCenter | Drive to others reported pos
[6 INFO main 1554955] Scout.GotoCenter -> Scout.Query | return to random walk
[6 INFO main 1585896] Confirming: 1/8
[6 INFO main 1587920] Confirming: 2/8
[6 INFO main 1590163] Confirming: 4/8
[6 INFO main 1594297] Confirming: 5/8
[6 INFO main 1596315] Confirming: 6/8
[6 INFO main 1598440] Confirming: 8/8
[6 INFO main 1701517] Scout.Query -> Scout.GotoCenter | Drive to others reported pos
[6 INFO main 1759012] Scout.GotoCenter -> Scout.Query | return to random walk
[6 INFO main 1779588] Confirming: 1/8
[6 INFO main 1781655] Confirming: 2/8
[6 INFO main 1783688] Confirming: 3/8
[6 INFO main 1785736] Confirming: 4/8
[6 INFO main 1787795] Confirming: 5/8
[6 INFO main 1789888] Confirming: 6/8
[6 INFO main 1791996] Confirming: 7/8
[6 INFO main 1794063] Confirming: 8/8
[6 INFO main 1981428] Scout.Query -> Scout.GotoCenter | Drive to others reported pos
[6 INFO main 2032268] Scout.GotoCenter -> Scout.Query | return to random walk
[6 INFO main 2065163] Confirming: 1/8
[6 INFO main 2067226] Confirming: 2/8
[6 INFO main 2069240] Confirming: 3/8
[6 INFO main 2071256] Confirming: 4/8
[6 INFO main 2073260] Confirming: 5/8
[6 INFO main 2075163] Confirming: 6/8
[6 INFO main 2077316] Confirming: 7/8
[6 INFO main 2079392] Confirming: 8/8
[6 INFO main 2107301] Scout.Query -> Scout.GotoCenter | Drive to others reported pos
[6 INFO main 2120520] Scout.GotoCenter -> Scout.Query | return to random walk
[6 INFO main 2155927] Confirming: 1/8
[6 INFO main 2160096] Confirming: 3/8
[6 INFO main 2162143] Confirming: 4/8
[6 INFO main 2164229] Confirming: 5/8
[6 INFO main 2166349] Confirming: 6/8
[6 INFO main 2168395] Confirming: 8/8
[6 INFO main 2171834] Scout.Query -> Scout.GotoCenter | Drive to others reported pos
[6 INFO main 2210600] Scout.GotoCenter -> Scout.Query | return to random walk
[6 INFO main 2214904] Confirming: 1/8
[6 INFO main 2216920] Confirming: 2/8
[6 INFO main 2218931] Confirming: 3/8
[6 INFO main 2223188] Confirming: 5/8
[6 INFO main 2225244] Confirming: 6/8
[6 INFO main 2227308] Confirming: 7/8
[6 INFO main 2229368] Confirming: 8/8
[6 INFO main 2231374] Scout.Query -> Scout.GotoCenter | Drive to others reported pos
[6 INFO main 2281807] Scout.GotoCenter -> Scout.Query | return to random walk
[6 INFO main 2294790] Confirming: 1/8
[6 INFO main 2296900] Confirming: 2/8
[6 INFO main 2298992] Confirming: 3/8
[6 INFO main 2301115] Confirming: 4/8
[6 INFO main 2305371] Confirming: 6/8
[6 INFO main 2307431] Confirming: 7/8
[6 INFO main 2309667] Confirming: 8/8
[6 INFO main 2698653] Scout.Query -> Scout.GotoCenter | Drive to others reported pos
[6 INFO main 2740534] Scout.GotoCenter -> Scout.Query | return to random walk
[6 INFO main 2746872] Confirming: 1/8
[6 INFO main 2748919] Confirming: 2/8
[6 INFO main 2750943] Confirming: 3/8
[6 INFO main 2753011] Confirming: 4/8
[6 INFO main 2755127] Confirming: 5/8
[6 INFO main 2757191] Confirming: 7/8
[6 INFO main 2759236] Confirming: 8/8
[6 INFO main 2760979] Scout.Query -> Scout.GotoCenter | Drive to others reported pos
[6 INFO main 2807527] Scout.GotoCenter -> Scout.Query | return to random walk
[6 INFO main 2819945] Confirming: 1/8
[6 INFO main 2822043] Confirming: 2/8
[6 INFO main 2824099] Confirming: 3/8
[6 INFO main 2826211] Confirming: 4/8
[6 INFO main 2828198] Confirming: 5/8
[6 INFO main 2830392] Confirming: 6/8
[6 INFO main 2832435] Confirming: 7/8
[6 INFO main 2834451] Confirming: 8/8
[6 INFO main 5615860] Confirming: 1/8
[6 INFO main 5626212] Confirming: 5/8
[6 INFO main 5628265] Confirming: 6/8
[6 INFO main 5630340] Confirming: 7/8
[6 INFO main 5632299] Confirming: 8/8
[6 INFO main 5632743] Scout.Query -> Scout.GotoCenter | Drive to others reported pos
[6 INFO main 5656211] Scout.GotoCenter -> Scout.Query | return to random walk
[6 INFO main 5689235] Confirming: 1/8
[6 INFO main 5691259] Confirming: 2/8
[6 INFO main 5693348] Confirming: 3/8
[6 INFO main 5695372] Confirming: 4/8
[6 INFO main 5697424] Confirming: 5/8
[6 INFO main 5699457] Confirming: 6/8
[6 INFO main 5703608] Confirming: 8/8
[6 INFO main 6002592] Scout.Query -> Scout.GotoCenter | Drive to others reported pos
[6 INFO main 6069614] Scout.GotoCenter -> Scout.Query | return to random walk
[6 INFO main 6077927] Confirming: 1/8
[6 INFO main 6079988] Confirming: 2/8
[6 INFO main 6082060] Confirming: 3/8
[6 INFO main 6086061] Confirming: 5/8
[6 INFO main 6088199] Confirming: 6/8
[6 INFO main 6092299] Confirming: 7/8
[6 INFO main 6094375] Confirming: 9/8
[6 INFO main 6263710] Scout.Query -> Scout.GotoCenter | Drive to others reported pos
[6 INFO main 6289846] Scout.GotoCenter -> Scout.Query | return to random walk
[6 INFO main 6312419] Confirming: 1/8
[6 INFO main 6314456] Confirming: 3/8
[6 INFO main 6316492] Confirming: 4/8
[6 INFO main 6320671] Confirming: 6/8
[6 INFO main 6322700] Confirming: 7/8
[6 INFO main 6326795] Confirming: 8/8
[6 INFO main 6330735] Scout.Query -> Scout.GotoCenter | Drive to others reported pos
[6 INFO main 6350349] Scout.GotoCenter -> Scout.Query | return to random walk
[6 INFO main 6399709] Confirming: 1/8
[6 INFO main 6401835] Confirming: 2/8
[6 INFO main 6403931] Confirming: 3/8
[6 INFO main 6406023] Confirming: 4/8
[6 INFO main 6408091] Confirming: 5/8
[6 INFO main 6410196] Confirming: 7/8
[6 INFO main 6412208] Confirming: 8/8
[6 INFO main 6416734] Scout.Query -> Scout.GotoCenter | Drive to others reported pos
[6 INFO main 6475109] Scout.GotoCenter -> Scout.Query | return to random walk
[6 INFO main 6493532] Confirming: 1/8
[6 INFO main 6495592] Confirming: 2/8
[6 INFO main 6497552] Confirming: 3/8
[6 INFO main 6499604] Confirming: 4/8
[6 INFO main 6501636] Confirming: 5/8
[6 INFO main 6503708] Confirming: 6/8
[6 INFO main 6505756] Confirming: 7/8
[6 INFO main 6507776] Confirming: 8/8
[6 INFO main 6510969] Scout.Query -> Scout.GotoCenter | Drive to others reported pos
[6 INFO main 6575674] Scout.GotoCenter -> Scout.Query | return to random walk
[6 INFO main 6584644] Confirming: 2/8
[6 INFO main 6587661] Confirming: 3/8
[6 INFO main 6589831] Confirming: 4/8
[6 INFO main 6592747] Confirming: 5/8
[6 INFO main 6594875] Confirming: 7/8
[6 INFO main 6597299] Confirming: 8/8
