[1 INFO main 34] Initialising Python Geth Console...
[1 INFO main 39] Initialising RandB board...
[1 INFO main 39] Initialising navigation...
[1 INFO main 40] Initialising random-walk...
[1 INFO main 40] Initialising odometry...
[1 INFO main 40] Initialising ground-sensors...
[1 INFO main 1398] --//-- Starting Experiment --//--
[1 INFO main 2502] Idle.IDLE -> Scout.Query | Duration: 22.25
[1 INFO main 47053] Scout.Query -> Scout.GotoCenter | Drive to others reported pos
[1 INFO main 55195] Scout.GotoCenter -> Scout.Query | return to random walk
[1 INFO main 105937] Scout.Query -> Scout.GotoCenter | Drive to others reported pos
[1 INFO main 128257] Scout.GotoCenter -> Scout.Query | return to random walk
[1 INFO main 183949] Scout.Query -> Scout.GotoCenter | Drive to others reported pos
[1 INFO main 198335] Scout.GotoCenter -> Scout.Query | return to random walk
[1 INFO main 228776] Scout.Query -> Scout.GotoCenter | Drive to others reported pos
[1 INFO main 241278] Scout.GotoCenter -> Scout.Query | return to random walk
[1 INFO main 307240] Scout.Query -> Scout.GotoCenter | Drive to others reported pos
[1 INFO main 322859] Scout.GotoCenter -> Scout.Query | return to random walk
[1 INFO main 465471] Scout.Query -> Scout.GotoCenter | Drive to others reported pos
[1 INFO main 503340] Scout.GotoCenter -> Scout.Query | return to random walk
[1 INFO main 529046] Scout.Query -> Scout.GotoCenter | Drive to others reported pos
[1 INFO main 541975] Scout.GotoCenter -> Scout.Query | return to random walk
[1 INFO main 587610] Scout.Query -> Scout.GotoCenter | Drive to others reported pos
[1 INFO main 629451] Scout.GotoCenter -> Scout.Query | return to random walk
[1 INFO main 675062] Scout.Query -> Scout.GotoCenter | Drive to others reported pos
[1 INFO main 691905] Scout.GotoCenter -> Scout.Query | return to random walk
