[10 INFO main 27] Initialising Python Geth Console...
[10 INFO main 32] Initialising RandB board...
[10 INFO main 32] Initialising navigation...
[10 INFO main 32] Initialising random-walk...
[10 INFO main 32] Initialising odometry...
[10 INFO main 32] Initialising ground-sensors...
[10 INFO main 323] --//-- Starting Experiment --//--
[10 INFO main 1778] Idle.IDLE -> Scout.Query | Duration: 25.65
[10 INFO main 21581] Scout.Query -> Verify.DriveTo | Go to unverified source
[10 INFO main 36588] Verify.DriveTo -> Verify.Homing | Homing
[10 INFO main 49857] Verify.Homing -> Scout.Query | Arrived home
[10 INFO main 65728] Confirming: 1/9
[10 INFO main 67848] Confirming: 2/9
[10 INFO main 69865] Confirming: 4/9
[10 INFO main 74072] Confirming: 6/9
[10 INFO main 76109] Confirming: 7/9
[10 INFO main 80253] Confirming: 9/9
[10 INFO main 80289] Scout.Query -> Verify.DriveTo | Go to unverified source
[10 INFO main 136404] Verify.DriveTo -> Verify.Homing | Homing
[10 INFO main 155360] Confirming: 1/9
[10 INFO main 157377] Confirming: 2/9
[10 INFO main 159515] Confirming: 3/9
[10 INFO main 161592] Confirming: 4/9
[10 INFO main 161748] Verify.Homing -> Scout.Query | Arrived home
[10 INFO main 163625] Confirming: 5/9
[10 INFO main 165791] Confirming: 6/9
[10 INFO main 167900] Confirming: 8/9
[10 INFO main 171944] Confirming: 9/9
[10 INFO main 172106] Scout.Query -> Verify.DriveTo | Go to unverified source
[10 INFO main 230281] Verify.DriveTo -> Verify.Homing | Homing
[10 INFO main 238865] Confirming: 1/9
[10 INFO main 240862] Confirming: 2/9
[10 INFO main 243192] Confirming: 3/9
[10 INFO main 245262] Confirming: 4/9
[10 INFO main 247279] Confirming: 5/9
[10 INFO main 249294] Confirming: 6/9
[10 INFO main 251306] Confirming: 7/9
[10 INFO main 253489] Confirming: 8/9
[10 INFO main 255529] Confirming: 9/9
[10 INFO main 263711] Verify.Homing -> Scout.Query | Arrived home
[10 INFO main 263915] Scout.Query -> Verify.DriveTo | Go to unverified source
[10 INFO main 292006] Verify.DriveTo -> Verify.Homing | Homing
[10 INFO main 307619] Verify.Homing -> Scout.Query | Arrived home
[10 INFO main 335420] Confirming: 1/9
[10 INFO main 337588] Confirming: 2/9
[10 INFO main 339631] Confirming: 3/9
[10 INFO main 341678] Confirming: 4/9
[10 INFO main 343713] Confirming: 5/9
[10 INFO main 345830] Confirming: 6/9
[10 INFO main 347849] Confirming: 7/9
[10 INFO main 349865] Confirming: 8/9
[10 INFO main 351932] Confirming: 10/9
[10 INFO main 351960] Scout.Query -> Verify.DriveTo | Go to unverified source
[10 INFO main 375206] Verify.DriveTo -> Verify.Homing | Homing
[10 INFO main 381354] Confirming: 1/9
[10 INFO main 383313] Confirming: 2/9
[10 INFO main 385497] Confirming: 3/9
[10 INFO main 387492] Confirming: 4/9
[10 INFO main 389541] Confirming: 5/9
[10 INFO main 391635] Confirming: 6/9
[10 INFO main 393676] Confirming: 7/9
[10 INFO main 393676] Verify.Homing -> Scout.Query | Arrived home
[10 INFO main 395766] Confirming: 8/9
[10 INFO main 397788] Confirming: 9/9
[10 INFO main 398040] Scout.Query -> Verify.DriveTo | Go to unverified source
[10 INFO main 427465] Verify.DriveTo -> Verify.Homing | Homing
[10 INFO main 439506] Verify.Homing -> Scout.Query | Arrived home
[10 INFO main 456751] Confirming: 1/9
[10 INFO main 458925] Confirming: 3/9
[10 INFO main 460944] Confirming: 4/9
[10 INFO main 463073] Confirming: 5/9
[10 INFO main 465146] Confirming: 6/9
[10 INFO main 467325] Confirming: 7/9
[10 INFO main 469422] Confirming: 8/9
[10 INFO main 471435] Confirming: 9/9
[10 INFO main 472090] Scout.Query -> Verify.DriveTo | Go to unverified source
[10 INFO main 554322] Verify.DriveTo -> Verify.Homing | Homing
[10 INFO main 572067] Verify.Homing -> Scout.Query | Arrived home
[10 INFO main 575043] Confirming: 1/9
[10 INFO main 577057] Confirming: 2/9
[10 INFO main 579069] Confirming: 3/9
[10 INFO main 581165] Confirming: 4/9
[10 INFO main 585263] Confirming: 5/9
[10 INFO main 587404] Confirming: 7/9
[10 INFO main 591530] Confirming: 9/9
[10 INFO main 591796] Scout.Query -> Verify.DriveTo | Go to unverified source
[10 INFO main 624078] Verify.DriveTo -> Verify.Homing | Homing
[10 INFO main 636569] Confirming: 1/9
[10 INFO main 638675] Confirming: 2/9
[10 INFO main 640721] Confirming: 3/9
[10 INFO main 642754] Confirming: 4/9
[10 INFO main 644857] Confirming: 5/9
[10 INFO main 646866] Confirming: 7/9
[10 INFO main 648889] Confirming: 8/9
[10 INFO main 650898] Confirming: 9/9
[10 INFO main 651903] Verify.Homing -> Scout.Query | Arrived home
[10 INFO main 652047] Scout.Query -> Verify.DriveTo | Go to unverified source
[10 INFO main 700286] Verify.DriveTo -> Verify.Homing | Homing
[10 INFO main 725397] Confirming: 1/9
[10 INFO main 727428] Confirming: 2/9
[10 INFO main 727755] Verify.Homing -> Scout.Query | Arrived home
[10 INFO main 729568] Confirming: 3/9
[10 INFO main 731589] Confirming: 4/9
[10 INFO main 733643] Confirming: 5/9
[10 INFO main 735733] Confirming: 6/9
[10 INFO main 739888] Confirming: 8/9
[10 INFO main 741967] Confirming: 9/9
[10 INFO main 742199] Scout.Query -> Verify.DriveTo | Go to unverified source
[10 INFO main 806386] Verify.DriveTo -> Verify.Homing | Homing
[10 INFO main 814997] Confirming: 1/9
[10 INFO main 819070] Confirming: 2/9
[10 INFO main 821223] Confirming: 4/9
[10 INFO main 823235] Confirming: 5/9
[10 INFO main 825301] Confirming: 6/9
[10 INFO main 827308] Confirming: 7/9
[10 INFO main 827582] Verify.Homing -> Scout.Query | Arrived home
[10 INFO main 829367] Confirming: 8/9
[10 INFO main 833633] Confirming: 10/9
[10 INFO main 834169] Scout.Query -> Verify.DriveTo | Go to unverified source
[10 INFO main 902357] Verify.DriveTo -> Verify.Homing | Homing
[10 INFO main 924634] Verify.Homing -> Scout.Query | Arrived home
[10 INFO main 935477] Confirming: 1/9
[10 INFO main 937506] Confirming: 2/9
[10 INFO main 939592] Confirming: 3/9
[10 INFO main 941665] Confirming: 4/9
[10 INFO main 943779] Confirming: 5/9
[10 INFO main 945785] Confirming: 6/9
[10 INFO main 947816] Confirming: 7/9
[10 INFO main 949876] Confirming: 8/9
[10 INFO main 951985] Confirming: 9/9
[10 INFO main 952558] Scout.Query -> Verify.DriveTo | Go to unverified source
[10 INFO main 955583] Verify.DriveTo -> Verify.Homing | Homing
[10 INFO main 966159] Confirming: 1/9
[10 INFO main 968214] Confirming: 2/9
[10 INFO main 970234] Confirming: 3/9
[10 INFO main 972309] Confirming: 4/9
[10 INFO main 973876] Verify.Homing -> Scout.Query | Arrived home
[10 INFO main 974362] Confirming: 5/9
[10 INFO main 976324] Confirming: 6/9
[10 INFO main 978475] Confirming: 7/9
[10 INFO main 980530] Confirming: 8/9
[10 INFO main 982632] Confirming: 9/9
[10 INFO main 982666] Scout.Query -> Verify.DriveTo | Go to unverified source
[10 INFO main 1135049] Verify.DriveTo -> Verify.Homing | Homing
[10 INFO main 1145817] Confirming: 1/9
[10 INFO main 1147832] Confirming: 2/9
[10 INFO main 1149834] Confirming: 3/9
[10 INFO main 1151926] Confirming: 4/9
[10 INFO main 1153946] Confirming: 5/9
[10 INFO main 1156051] Confirming: 6/9
[10 INFO main 1158151] Confirming: 7/9
[10 INFO main 1160225] Confirming: 8/9
[10 INFO main 1162303] Confirming: 9/9
[10 INFO main 1167608] Verify.Homing -> Scout.Query | Arrived home
[10 INFO main 1167883] Scout.Query -> Verify.DriveTo | Go to unverified source
[10 INFO main 1194593] Verify.DriveTo -> Verify.Homing | Homing
[10 INFO main 1205045] Confirming: 1/9
[10 INFO main 1207202] Confirming: 2/9
[10 INFO main 1209258] Confirming: 3/9
[10 INFO main 1211266] Confirming: 4/9
[10 INFO main 1213327] Confirming: 5/9
[10 INFO main 1215311] Confirming: 6/9
[10 INFO main 1217450] Confirming: 7/9
[10 INFO main 1217475] Verify.Homing -> Scout.Query | Arrived home
[10 INFO main 1219564] Confirming: 8/9
[10 INFO main 1221651] Confirming: 9/9
[10 INFO main 1221940] Scout.Query -> Verify.DriveTo | Go to unverified source
[10 INFO main 1277778] Verify.DriveTo -> Verify.Homing | Homing
[10 INFO main 1296921] Confirming: 2/9
[10 INFO main 1298933] Confirming: 3/9
[10 INFO main 1299318] Verify.Homing -> Scout.Query | Arrived home
[10 INFO main 1302985] Confirming: 5/9
[10 INFO main 1305116] Confirming: 6/9
[10 INFO main 1307152] Confirming: 7/9
[10 INFO main 1309176] Confirming: 8/9
[10 INFO main 1311222] Confirming: 9/9
[10 INFO main 1311504] Scout.Query -> Verify.DriveTo | Go to unverified source
[10 INFO main 1319071] Verify.DriveTo -> Verify.Homing | Homing
[10 INFO main 1322809] Verify.Homing -> Scout.Query | Arrived home
[10 INFO main 1325426] Confirming: 1/9
[10 INFO main 1327481] Confirming: 2/9
[10 INFO main 1329556] Confirming: 3/9
[10 INFO main 1331569] Confirming: 4/9
[10 INFO main 1333568] Confirming: 5/9
[10 INFO main 1335585] Confirming: 6/9
[10 INFO main 1337687] Confirming: 7/9
[10 INFO main 1339793] Confirming: 8/9
[10 INFO main 1341815] Confirming: 9/9
[10 INFO main 1342764] Scout.Query -> Verify.DriveTo | Go to unverified source
[10 INFO main 1379565] Verify.DriveTo -> Verify.Homing | Homing
[10 INFO main 1388004] Confirming: 2/9
[10 INFO main 1390009] Confirming: 3/9
[10 INFO main 1392110] Confirming: 4/9
[10 INFO main 1394218] Confirming: 5/9
[10 INFO main 1395973] Verify.Homing -> Scout.Query | Arrived home
[10 INFO main 1396289] Confirming: 6/9
[10 INFO main 1398382] Confirming: 7/9
[10 INFO main 1400509] Confirming: 8/9
[10 INFO main 1402555] Confirming: 9/9
[10 INFO main 1402670] Scout.Query -> Verify.DriveTo | Go to unverified source
[10 INFO main 1440455] Verify.DriveTo -> Verify.Homing | Homing
[10 INFO main 1446744] Confirming: 1/9
[10 INFO main 1448825] Confirming: 2/9
[10 INFO main 1450895] Confirming: 4/9
[10 INFO main 1452985] Confirming: 5/9
[10 INFO main 1455033] Confirming: 6/9
[10 INFO main 1457070] Confirming: 7/9
[10 INFO main 1457070] Verify.Homing -> Scout.Query | Arrived home
[10 INFO main 1459181] Confirming: 8/9
[10 INFO main 1463234] Confirming: 10/9
[10 INFO main 1463922] Scout.Query -> Verify.DriveTo | Go to unverified source
[10 INFO main 1508253] Verify.DriveTo -> Verify.Homing | Homing
[10 INFO main 1530157] Verify.Homing -> Scout.Query | Arrived home
[10 INFO main 1537177] Confirming: 2/9
[10 INFO main 1541262] Confirming: 4/9
[10 INFO main 1545380] Confirming: 6/9
[10 INFO main 1547470] Confirming: 7/9
[10 INFO main 1549575] Confirming: 8/9
[10 INFO main 1551483] Confirming: 9/9
[10 INFO main 1551653] Scout.Query -> Verify.DriveTo | Go to unverified source
[10 INFO main 1590701] Verify.DriveTo -> Verify.Homing | Homing
[10 INFO main 1594898] Confirming: 1/9
[10 INFO main 1596952] Confirming: 2/9
[10 INFO main 1601063] Confirming: 4/9
[10 INFO main 1604333] Verify.Homing -> Scout.Query | Arrived home
[10 INFO main 1605074] Confirming: 6/9
[10 INFO main 1609310] Confirming: 7/9
[10 INFO main 1611322] Confirming: 8/9
[10 INFO main 1613393] Confirming: 9/9
[10 INFO main 1676957] Scout.Query -> Verify.DriveTo | Go to unverified source
[10 INFO main 1708793] Verify.DriveTo -> Verify.Homing | Homing
[10 INFO main 1725910] Verify.Homing -> Scout.Query | Arrived home
[10 INFO main 1750701] Confirming: 2/9
[10 INFO main 1752972] Confirming: 3/9
[10 INFO main 1754996] Confirming: 4/9
[10 INFO main 1757091] Confirming: 5/9
[10 INFO main 1759108] Confirming: 6/9
[10 INFO main 1761182] Confirming: 7/9
[10 INFO main 1763344] Confirming: 8/9
[10 INFO main 1765431] Confirming: 9/9
[10 INFO main 1766115] Scout.Query -> Verify.DriveTo | Go to unverified source
[10 INFO main 1779540] Verify.DriveTo -> Verify.Homing | Homing
[10 INFO main 1795886] Verify.Homing -> Scout.Query | Arrived home
[10 INFO main 1808604] Confirming: 1/9
[10 INFO main 1810616] Confirming: 2/9
[10 INFO main 1812746] Confirming: 3/9
[10 INFO main 1814958] Confirming: 4/9
[10 INFO main 1816984] Confirming: 5/9
[10 INFO main 1819009] Confirming: 6/9
[10 INFO main 1821116] Confirming: 7/9
[10 INFO main 1823126] Confirming: 8/9
[10 INFO main 1825290] Confirming: 9/9
[10 INFO main 1825467] Scout.Query -> Verify.DriveTo | Go to unverified source
[10 INFO main 1841467] Verify.DriveTo -> Verify.Homing | Homing
[10 INFO main 1854785] Verify.Homing -> Scout.Query | Arrived home
[10 INFO main 1868492] Confirming: 1/9
[10 INFO main 1870596] Confirming: 2/9
[10 INFO main 1872685] Confirming: 3/9
[10 INFO main 1874737] Confirming: 4/9
[10 INFO main 1876810] Confirming: 5/9
[10 INFO main 1878898] Confirming: 6/9
[10 INFO main 1880946] Confirming: 7/9
[10 INFO main 1883050] Confirming: 8/9
[10 INFO main 1885141] Confirming: 9/9
[10 INFO main 1885921] Scout.Query -> Verify.DriveTo | Go to unverified source
[10 INFO main 1922892] Verify.DriveTo -> Verify.Homing | Homing
[10 INFO main 1931524] Confirming: 2/9
[10 INFO main 1933569] Confirming: 3/9
[10 INFO main 1935633] Confirming: 4/9
[10 INFO main 1936832] Verify.Homing -> Scout.Query | Arrived home
[10 INFO main 1937864] Confirming: 5/9
[10 INFO main 1939916] Confirming: 7/9
[10 INFO main 1941988] Confirming: 8/9
[10 INFO main 1944050] Confirming: 9/9
[10 INFO main 1944626] Scout.Query -> Verify.DriveTo | Go to unverified source
[10 INFO main 1973427] Verify.DriveTo -> Verify.Homing | Homing
[10 INFO main 1979778] Confirming: 1/9
[10 INFO main 1981851] Confirming: 2/9
[10 INFO main 1983910] Confirming: 3/9
[10 INFO main 1985943] Confirming: 4/9
[10 INFO main 1988014] Confirming: 5/9
[10 INFO main 1989579] Verify.Homing -> Scout.Query | Arrived home
[10 INFO main 1990079] Confirming: 7/9
[10 INFO main 1992142] Confirming: 8/9
[10 INFO main 1994217] Confirming: 9/9
[10 INFO main 1994261] Scout.Query -> Verify.DriveTo | Go to unverified source
[10 INFO main 2041225] Verify.DriveTo -> Verify.Homing | Homing
[10 INFO main 2049899] Confirming: 2/9
[10 INFO main 2053966] Confirming: 4/9
[10 INFO main 2055989] Confirming: 5/9
[10 INFO main 2058008] Confirming: 6/9
[10 INFO main 2060050] Confirming: 7/9
[10 INFO main 2064142] Confirming: 9/9
[10 INFO main 2083775] Verify.Homing -> Scout.Query | Arrived home
[10 INFO main 2083881] Scout.Query -> Verify.DriveTo | Go to unverified source
[10 INFO main 2197379] Verify.DriveTo -> Verify.Homing | Homing
[10 INFO main 2220693] Verify.Homing -> Scout.Query | Arrived home
[10 INFO main 2228473] Confirming: 1/9
[10 INFO main 2230705] Confirming: 2/9
[10 INFO main 2232748] Confirming: 3/9
[10 INFO main 2234851] Confirming: 4/9
[10 INFO main 2237011] Confirming: 5/9
[10 INFO main 2239173] Confirming: 6/9
[10 INFO main 2241177] Confirming: 7/9
[10 INFO main 2243232] Confirming: 8/9
[10 INFO main 2245327] Confirming: 9/9
[10 INFO main 2245995] Scout.Query -> Verify.DriveTo | Go to unverified source
[10 INFO main 2259528] Verify.DriveTo -> Verify.Homing | Homing
[10 INFO main 2278506] Verify.Homing -> Scout.Query | Arrived home
[10 INFO main 2288672] Confirming: 1/9
[10 INFO main 2290701] Confirming: 2/9
[10 INFO main 2292771] Confirming: 3/9
[10 INFO main 2294796] Confirming: 4/9
[10 INFO main 2296869] Confirming: 5/9
[10 INFO main 2298884] Confirming: 6/9
[10 INFO main 2300889] Confirming: 7/9
[10 INFO main 2302896] Confirming: 8/9
[10 INFO main 2304905] Confirming: 9/9
[10 INFO main 2305054] Scout.Query -> Verify.DriveTo | Go to unverified source
[10 INFO main 2352008] Verify.DriveTo -> Verify.Homing | Homing
[10 INFO main 2366228] Verify.Homing -> Scout.Query | Arrived home
[10 INFO main 2378923] Confirming: 1/9
[10 INFO main 2380936] Confirming: 2/9
[10 INFO main 2383031] Confirming: 3/9
[10 INFO main 2385047] Confirming: 4/9
[10 INFO main 2387134] Confirming: 5/9
[10 INFO main 2389140] Confirming: 6/9
[10 INFO main 2391145] Confirming: 7/9
[10 INFO main 2393177] Confirming: 8/9
[10 INFO main 2395221] Confirming: 9/9
[10 INFO main 2396034] Scout.Query -> Verify.DriveTo | Go to unverified source
[10 INFO main 2458072] Verify.DriveTo -> Verify.Homing | Homing
[10 INFO main 2484599] Verify.Homing -> Scout.Query | Arrived home
[10 INFO main 2498113] Confirming: 1/9
[10 INFO main 2502252] Confirming: 3/9
[10 INFO main 2504399] Confirming: 4/9
[10 INFO main 2506410] Confirming: 5/9
[10 INFO main 2510474] Confirming: 7/9
[10 INFO main 2512574] Confirming: 8/9
[10 INFO main 2514608] Confirming: 9/9
[10 INFO main 2515289] Scout.Query -> Verify.DriveTo | Go to unverified source
[10 INFO main 2655267] Verify.DriveTo -> Verify.Homing | Homing
[10 INFO main 2678159] Confirming: 1/9
[10 INFO main 2680168] Confirming: 2/9
[10 INFO main 2682106] Confirming: 3/9
[10 INFO main 2684256] Confirming: 4/9
[10 INFO main 2686394] Confirming: 5/9
[10 INFO main 2688429] Confirming: 6/9
[10 INFO main 2690470] Confirming: 7/9
[10 INFO main 2692547] Confirming: 8/9
[10 INFO main 2694630] Confirming: 9/9
[10 INFO main 2695836] Verify.Homing -> Scout.Query | Arrived home
[10 INFO main 2695979] Scout.Query -> Verify.DriveTo | Go to unverified source
[10 INFO main 2716567] Verify.DriveTo -> Verify.Homing | Homing
[10 INFO main 2730020] Verify.Homing -> Scout.Query | Arrived home
[10 INFO main 2739346] Confirming: 1/9
[10 INFO main 2741469] Confirming: 2/9
[10 INFO main 2743431] Confirming: 3/9
[10 INFO main 2745568] Confirming: 4/9
[10 INFO main 2747608] Confirming: 5/9
[10 INFO main 2749614] Confirming: 6/9
[10 INFO main 2751775] Confirming: 7/9
[10 INFO main 2753835] Confirming: 8/9
[10 INFO main 2755849] Confirming: 9/9
[10 INFO main 2756850] Scout.Query -> Verify.DriveTo | Go to unverified source
[10 INFO main 2781557] Verify.DriveTo -> Verify.Homing | Homing
[10 INFO main 2798010] Confirming: 1/9
[10 INFO main 2800091] Confirming: 2/9
[10 INFO main 2802126] Confirming: 3/9
[10 INFO main 2803846] Verify.Homing -> Scout.Query | Arrived home
[10 INFO main 2804156] Confirming: 4/9
[10 INFO main 2806264] Confirming: 5/9
[10 INFO main 2808327] Confirming: 6/9
[10 INFO main 2810361] Confirming: 7/9
[10 INFO main 2812403] Confirming: 8/9
[10 INFO main 2814409] Confirming: 9/9
[10 INFO main 2814764] Scout.Query -> Verify.DriveTo | Go to unverified source
[10 INFO main 2902514] Verify.DriveTo -> Verify.Homing | Homing
[10 INFO main 2917224] Confirming: 1/9
[10 INFO main 2919234] Confirming: 2/9
[10 INFO main 2921273] Confirming: 3/9
[10 INFO main 2923364] Confirming: 4/9
[10 INFO main 2925382] Confirming: 5/9
[10 INFO main 2927491] Confirming: 6/9
[10 INFO main 2929519] Confirming: 7/9
[10 INFO main 2929752] Verify.Homing -> Scout.Query | Arrived home
[10 INFO main 2933546] Confirming: 8/9
[10 INFO main 2935556] Confirming: 9/9
[10 INFO main 2936524] Scout.Query -> Verify.DriveTo | Go to unverified source
[10 INFO main 3107028] Verify.DriveTo -> Verify.Homing | Homing
[10 INFO main 3129525] Verify.Homing -> Scout.Query | Arrived home
[10 INFO main 3129914] Confirming: 1/9
[10 INFO main 3131921] Confirming: 2/9
[10 INFO main 3134092] Confirming: 3/9
[10 INFO main 3136264] Confirming: 4/9
[10 INFO main 3138369] Confirming: 5/9
[10 INFO main 3140557] Confirming: 6/9
[10 INFO main 3142687] Confirming: 7/9
[10 INFO main 3144770] Confirming: 8/9
[10 INFO main 3146913] Confirming: 9/9
[10 INFO main 3147790] Scout.Query -> Verify.DriveTo | Go to unverified source
[10 INFO main 3259705] Verify.DriveTo -> Verify.Homing | Homing
[10 INFO main 3280698] Confirming: 1/9
[10 INFO main 3282748] Confirming: 2/9
[10 INFO main 3284783] Confirming: 3/9
[10 INFO main 3286906] Confirming: 5/9
[10 INFO main 3289052] Confirming: 6/9
[10 INFO main 3291073] Confirming: 7/9
[10 INFO main 3293104] Confirming: 8/9
[10 INFO main 3293229] Verify.Homing -> Scout.Query | Arrived home
[10 INFO main 3295117] Confirming: 9/9
[10 INFO main 3295595] Scout.Query -> Verify.DriveTo | Go to unverified source
[10 INFO main 3302304] Verify.DriveTo -> Verify.Homing | Homing
[10 INFO main 3310848] Confirming: 1/9
[10 INFO main 3312968] Confirming: 3/9
[10 INFO main 3315376] Confirming: 4/9
[10 INFO main 3317472] Confirming: 5/9
[10 INFO main 3319556] Confirming: 6/9
[10 INFO main 3321606] Confirming: 7/9
[10 INFO main 3323776] Confirming: 8/9
[10 INFO main 3327868] Confirming: 10/9
[10 INFO main 3352808] Verify.Homing -> Scout.Query | Arrived home
[10 INFO main 3352942] Scout.Query -> Verify.DriveTo | Go to unverified source
[10 INFO main 3445750] Verify.DriveTo -> Verify.Homing | Homing
[10 INFO main 3460272] Confirming: 1/9
[10 INFO main 3462366] Confirming: 2/9
[10 INFO main 3464457] Confirming: 3/9
[10 INFO main 3466542] Confirming: 4/9
[10 INFO main 3468545] Confirming: 5/9
[10 INFO main 3470688] Confirming: 6/9
[10 INFO main 3472791] Confirming: 7/9
[10 INFO main 3474825] Confirming: 8/9
[10 INFO main 3476232] Verify.Homing -> Scout.Query | Arrived home
[10 INFO main 3476877] Confirming: 9/9
[10 INFO main 3477480] Scout.Query -> Verify.DriveTo | Go to unverified source
[10 INFO main 3501230] Verify.DriveTo -> Verify.Homing | Homing
[10 INFO main 3519660] Verify.Homing -> Scout.Query | Arrived home
[10 INFO main 3520127] Confirming: 1/9
[10 INFO main 3522142] Confirming: 2/9
[10 INFO main 3524147] Confirming: 3/9
[10 INFO main 3526269] Confirming: 4/9
[10 INFO main 3528326] Confirming: 5/9
[10 INFO main 3530428] Confirming: 6/9
[10 INFO main 3532446] Confirming: 7/9
[10 INFO main 3534533] Confirming: 8/9
[10 INFO main 3536670] Confirming: 9/9
[10 INFO main 3536859] Scout.Query -> Verify.DriveTo | Go to unverified source
[10 INFO main 3609335] Verify.DriveTo -> Verify.Homing | Homing
[10 INFO main 3626367] Verify.Homing -> Scout.Query | Arrived home
[10 INFO main 3640810] Confirming: 1/9
[10 INFO main 3642865] Confirming: 2/9
[10 INFO main 3644997] Confirming: 3/9
[10 INFO main 3647115] Confirming: 5/9
[10 INFO main 3649305] Confirming: 6/9
[10 INFO main 3651342] Confirming: 7/9
[10 INFO main 3653356] Confirming: 8/9
[10 INFO main 3655393] Confirming: 9/9
[10 INFO main 3656453] Scout.Query -> Verify.DriveTo | Go to unverified source
[10 INFO main 3680098] Verify.DriveTo -> Verify.Homing | Homing
[10 INFO main 3692359] Verify.Homing -> Scout.Query | Arrived home
[10 INFO main 3701113] Confirming: 2/9
[10 INFO main 3703153] Confirming: 3/9
[10 INFO main 3705203] Confirming: 4/9
[10 INFO main 3707313] Confirming: 5/9
[10 INFO main 3709402] Confirming: 6/9
[10 INFO main 3711525] Confirming: 7/9
[10 INFO main 3713528] Confirming: 8/9
[10 INFO main 3715548] Confirming: 9/9
[10 INFO main 3716265] Scout.Query -> Verify.DriveTo | Go to unverified source
[10 INFO main 3766065] Verify.DriveTo -> Verify.Homing | Homing
[10 INFO main 3789081] Confirming: 1/9
[10 INFO main 3793277] Confirming: 3/9
[10 INFO main 3795301] Confirming: 4/9
[10 INFO main 3797384] Confirming: 5/9
[10 INFO main 3799409] Confirming: 6/9
[10 INFO main 3801482] Confirming: 7/9
[10 INFO main 3803580] Confirming: 8/9
[10 INFO main 3805575] Confirming: 9/9
[10 INFO main 3814438] Verify.Homing -> Scout.Query | Arrived home
[10 INFO main 3814489] Scout.Query -> Verify.DriveTo | Go to unverified source
[10 INFO main 3878492] Verify.DriveTo -> Verify.Homing | Homing
[10 INFO main 3909895] Confirming: 1/9
[10 INFO main 3912050] Confirming: 2/9
[10 INFO main 3912206] Verify.Homing -> Scout.Query | Arrived home
[10 INFO main 3914134] Confirming: 3/9
[10 INFO main 3916233] Confirming: 4/9
[10 INFO main 3918249] Confirming: 5/9
[10 INFO main 3920311] Confirming: 6/9
[10 INFO main 3922338] Confirming: 7/9
[10 INFO main 3924372] Confirming: 8/9
[10 INFO main 3926597] Confirming: 9/9
[10 INFO main 3926655] Scout.Query -> Verify.DriveTo | Go to unverified source
[10 INFO main 4005140] Verify.DriveTo -> Verify.Homing | Homing
[10 INFO main 4030792] Confirming: 1/9
[10 INFO main 4033066] Confirming: 2/9
[10 INFO main 4035269] Confirming: 3/9
[10 INFO main 4037310] Confirming: 5/9
[10 INFO main 4039312] Confirming: 6/9
[10 INFO main 4041513] Confirming: 7/9
[10 INFO main 4043521] Confirming: 8/9
[10 INFO main 4045594] Confirming: 9/9
[10 INFO main 4054693] Verify.Homing -> Scout.Query | Arrived home
[10 INFO main 4055004] Scout.Query -> Verify.DriveTo | Go to unverified source
[10 INFO main 4068681] Verify.DriveTo -> Verify.Homing | Homing
[10 INFO main 4079744] Confirming: 1/9
[10 INFO main 4080578] Verify.Homing -> Scout.Query | Arrived home
[10 INFO main 4081801] Confirming: 2/9
[10 INFO main 4083859] Confirming: 3/9
[10 INFO main 4085878] Confirming: 4/9
[10 INFO main 4090168] Confirming: 6/9
[10 INFO main 4092299] Confirming: 7/9
[10 INFO main 4094384] Confirming: 8/9
[10 INFO main 4096490] Confirming: 9/9
[10 INFO main 4097374] Scout.Query -> Verify.DriveTo | Go to unverified source
[10 INFO main 4167867] Verify.DriveTo -> Verify.Homing | Homing
[10 INFO main 4182634] Confirming: 2/9
[10 INFO main 4184791] Confirming: 3/9
[10 INFO main 4187003] Confirming: 5/9
[10 INFO main 4188998] Confirming: 6/9
[10 INFO main 4191091] Confirming: 7/9
[10 INFO main 4193175] Confirming: 8/9
[10 INFO main 4195189] Confirming: 9/9
[10 INFO main 4211145] Verify.Homing -> Scout.Query | Arrived home
[10 INFO main 4211585] Scout.Query -> Verify.DriveTo | Go to unverified source
[10 INFO main 4256377] Verify.DriveTo -> Verify.Homing | Homing
[10 INFO main 4268943] Confirming: 1/9
[10 INFO main 4270996] Confirming: 2/9
[10 INFO main 4272979] Confirming: 3/9
[10 INFO main 4275183] Confirming: 4/9
[10 INFO main 4277426] Confirming: 5/9
[10 INFO main 4279611] Confirming: 6/9
[10 INFO main 4281763] Confirming: 7/9
[10 INFO main 4283884] Confirming: 8/9
[10 INFO main 4285924] Confirming: 9/9
[10 INFO main 4295116] Verify.Homing -> Scout.Query | Arrived home
[10 INFO main 4295260] Scout.Query -> Verify.DriveTo | Go to unverified source
[10 INFO main 4349210] Verify.DriveTo -> Verify.Homing | Homing
[10 INFO main 4359659] Confirming: 1/9
[10 INFO main 4361750] Confirming: 2/9
[10 INFO main 4363846] Confirming: 3/9
[10 INFO main 4366022] Confirming: 4/9
[10 INFO main 4368229] Confirming: 5/9
[10 INFO main 4370328] Confirming: 6/9
[10 INFO main 4372454] Confirming: 7/9
[10 INFO main 4374797] Confirming: 8/9
[10 INFO main 4376807] Confirming: 9/9
[10 INFO main 4383903] Verify.Homing -> Scout.Query | Arrived home
[10 INFO main 4384053] Scout.Query -> Verify.DriveTo | Go to unverified source
[10 INFO main 4482286] Verify.DriveTo -> Verify.Homing | Homing
[10 INFO main 4502816] Verify.Homing -> Scout.Query | Arrived home
[10 INFO main 4509602] Confirming: 1/9
[10 INFO main 4513867] Confirming: 3/9
[10 INFO main 4516014] Confirming: 4/9
[10 INFO main 4518447] Confirming: 5/9
[10 INFO main 4520444] Confirming: 6/9
[10 INFO main 4522587] Confirming: 7/9
[10 INFO main 4524823] Confirming: 8/9
[10 INFO main 4527187] Confirming: 10/9
[10 INFO main 4527323] Scout.Query -> Verify.DriveTo | Go to unverified source
[10 INFO main 4582733] Verify.DriveTo -> Verify.Homing | Homing
[10 INFO main 4601317] Confirming: 1/9
[10 INFO main 4603425] Confirming: 3/9
[10 INFO main 4605511] Confirming: 4/9
[10 INFO main 4607604] Confirming: 5/9
[10 INFO main 4607637] Verify.Homing -> Scout.Query | Arrived home
[10 INFO main 4609686] Confirming: 6/9
[10 INFO main 4611838] Confirming: 7/9
[10 INFO main 4615957] Confirming: 9/9
[10 INFO main 4616757] Scout.Query -> Verify.DriveTo | Go to unverified source
[10 INFO main 4750560] Verify.DriveTo -> Verify.Homing | Homing
[10 INFO main 4780383] Confirming: 1/9
[10 INFO main 4780940] Verify.Homing -> Scout.Query | Arrived home
[10 INFO main 4782362] Confirming: 2/9
[10 INFO main 4784511] Confirming: 3/9
[10 INFO main 4786518] Confirming: 4/9
[10 INFO main 4788708] Confirming: 5/9
[10 INFO main 4790716] Confirming: 6/9
[10 INFO main 4792721] Confirming: 7/9
[10 INFO main 4794691] Confirming: 8/9
[10 INFO main 4796740] Confirming: 9/9
[10 INFO main 4796798] Scout.Query -> Verify.DriveTo | Go to unverified source
[10 INFO main 4832868] Verify.DriveTo -> Verify.Homing | Homing
[10 INFO main 4841351] Confirming: 1/9
[10 INFO main 4843408] Confirming: 2/9
[10 INFO main 4845460] Confirming: 3/9
[10 INFO main 4847497] Confirming: 4/9
[10 INFO main 4849596] Confirming: 5/9
[10 INFO main 4851621] Confirming: 6/9
[10 INFO main 4851809] Verify.Homing -> Scout.Query | Arrived home
[10 INFO main 4853700] Confirming: 7/9
[10 INFO main 4855756] Confirming: 8/9
[10 INFO main 4857776] Confirming: 9/9
[10 INFO main 4857905] Scout.Query -> Verify.DriveTo | Go to unverified source
[10 INFO main 4901212] Verify.DriveTo -> Verify.Homing | Homing
[10 INFO main 4926271] Verify.Homing -> Scout.Query | Arrived home
[10 INFO main 4930792] Confirming: 1/9
[10 INFO main 4932909] Confirming: 2/9
[10 INFO main 4934969] Confirming: 3/9
[10 INFO main 4936989] Confirming: 4/9
[10 INFO main 4939117] Confirming: 5/9
[10 INFO main 4941653] Confirming: 6/9
[10 INFO main 4943669] Confirming: 7/9
[10 INFO main 4945688] Confirming: 8/9
[10 INFO main 4947785] Confirming: 9/9
[10 INFO main 4948659] Scout.Query -> Verify.DriveTo | Go to unverified source
[10 INFO main 5015056] Verify.DriveTo -> Verify.Homing | Homing
[10 INFO main 5021660] Confirming: 1/9
[10 INFO main 5025773] Confirming: 3/9
[10 INFO main 5027819] Confirming: 4/9
[10 INFO main 5030421] Confirming: 6/9
[10 INFO main 5032467] Confirming: 7/9
[10 INFO main 5036767] Confirming: 9/9
[10 INFO main 5039806] Verify.Homing -> Scout.Query | Arrived home
[10 INFO main 5039950] Scout.Query -> Verify.DriveTo | Go to unverified source
[10 INFO main 5146815] Verify.DriveTo -> Verify.Homing | Homing
[10 INFO main 5170738] Confirming: 1/9
[10 INFO main 5173288] Confirming: 2/9
[10 INFO main 5175295] Confirming: 3/9
[10 INFO main 5177358] Confirming: 4/9
[10 INFO main 5179412] Confirming: 5/9
[10 INFO main 5181535] Confirming: 6/9
[10 INFO main 5183601] Confirming: 7/9
[10 INFO main 5186126] Confirming: 9/9
[10 INFO main 5200767] Verify.Homing -> Scout.Query | Arrived home
[10 INFO main 5201005] Scout.Query -> Verify.DriveTo | Go to unverified source
[10 INFO main 5237154] Verify.DriveTo -> Verify.Homing | Homing
[10 INFO main 5255718] Verify.Homing -> Scout.Query | Arrived home
[10 INFO main 5260324] Confirming: 1/9
[10 INFO main 5262485] Confirming: 2/9
[10 INFO main 5264575] Confirming: 3/9
[10 INFO main 5266802] Confirming: 4/9
[10 INFO main 5268854] Confirming: 5/9
[10 INFO main 5277353] Confirming: 9/9
[10 INFO main 5277482] Scout.Query -> Verify.DriveTo | Go to unverified source
[10 INFO main 5292893] Verify.DriveTo -> Verify.Homing | Homing
[10 INFO main 5320556] Confirming: 1/9
[10 INFO main 5321726] Verify.Homing -> Scout.Query | Arrived home
[10 INFO main 5322653] Confirming: 2/9
[10 INFO main 5324663] Confirming: 3/9
[10 INFO main 5326960] Confirming: 4/9
[10 INFO main 5328996] Confirming: 5/9
[10 INFO main 5331047] Confirming: 6/9
[10 INFO main 5333577] Confirming: 7/9
[10 INFO main 5335686] Confirming: 8/9
[10 INFO main 5337744] Confirming: 9/9
[10 INFO main 5338419] Scout.Query -> Verify.DriveTo | Go to unverified source
[10 INFO main 5394475] Verify.DriveTo -> Verify.Homing | Homing
