[1 INFO main 34] Initialising Python Geth Console...
[1 INFO main 39] Initialising RandB board...
[1 INFO main 39] Initialising navigation...
[1 INFO main 39] Initialising random-walk...
[1 INFO main 39] Initialising odometry...
[1 INFO main 39] Initialising ground-sensors...
[1 INFO main 1303] --//-- Starting Experiment --//--
[1 INFO main 2405] Idle.IDLE -> Scout.Query | Duration: 20.83
[1 INFO main 16427] Scout.Query -> Scout.GotoCenter | Drive to others reported pos
[1 INFO main 20940] Scout.GotoCenter -> Scout.Query | return to random walk
[1 INFO main 67132] Scout.Query -> Scout.GotoCenter | Drive to others reported pos
[1 INFO main 68895] Scout.GotoCenter -> Scout.Query | return to random walk
[1 INFO main 152888] Scout.Query -> Scout.GotoCenter | Drive to others reported pos
[1 INFO main 161063] Scout.GotoCenter -> Scout.Query | return to random walk
[1 INFO main 196824] Scout.Query -> Scout.GotoCenter | Drive to others reported pos
[1 INFO main 222409] Scout.GotoCenter -> Scout.Query | return to random walk
[1 INFO main 303255] Scout.Query -> Scout.GotoCenter | Drive to others reported pos
[1 INFO main 316417] Scout.GotoCenter -> Scout.Query | return to random walk
[1 INFO main 341945] Scout.Query -> Scout.GotoCenter | Drive to others reported pos
[1 INFO main 349827] Scout.GotoCenter -> Scout.Query | return to random walk
[1 INFO main 550748] Scout.Query -> Scout.GotoCenter | Drive to others reported pos
[1 INFO main 567723] Scout.GotoCenter -> Scout.Query | return to random walk
[1 INFO main 593183] Scout.Query -> Scout.GotoCenter | Drive to others reported pos
[1 INFO main 615972] Scout.GotoCenter -> Scout.Query | return to random walk
[1 INFO main 646631] Scout.Query -> Scout.GotoCenter | Drive to others reported pos
[1 INFO main 690757] Scout.GotoCenter -> Scout.Query | return to random walk
[1 WARNING main 783025] Failed: not found
[1 INFO main 787012] Scout.Query -> Scout.GotoCenter | Drive to others reported pos
[1 INFO main 823942] Scout.GotoCenter -> Scout.Query | return to random walk
[1 INFO main 854436] Scout.Query -> Scout.GotoCenter | Drive to others reported pos
[1 INFO main 881472] Scout.GotoCenter -> Scout.Query | return to random walk
[1 INFO main 982992] Scout.Query -> Scout.GotoCenter | Drive to others reported pos
[1 INFO main 990144] Scout.GotoCenter -> Scout.Query | return to random walk
[1 INFO main 1020946] Scout.Query -> Scout.GotoCenter | Drive to others reported pos
[1 INFO main 1054057] Scout.GotoCenter -> Scout.Query | return to random walk
[1 INFO main 1089651] Scout.Query -> Scout.GotoCenter | Drive to others reported pos
[1 INFO main 1126837] Scout.GotoCenter -> Scout.Query | return to random walk
[1 INFO main 1157676] Scout.Query -> Scout.GotoCenter | Drive to others reported pos
[1 INFO main 1187851] Scout.GotoCenter -> Scout.Query | return to random walk
