[12 INFO main 29] Initialising Python Geth Console...
[12 INFO main 32] Initialising RandB board...
[12 INFO main 33] Initialising navigation...
[12 INFO main 33] Initialising random-walk...
[12 INFO main 33] Initialising odometry...
[12 INFO main 33] Initialising ground-sensors...
[12 INFO main 224] --//-- Starting Experiment --//--
[12 INFO main 1321] Idle.IDLE -> Scout.Query | Duration: 21.30
[12 INFO main 50921] Scout.Query -> Scout.GotoCenter | Drive to others reported pos
[12 INFO main 113816] Scout.GotoCenter -> Scout.Query | return to random walk
[12 INFO main 138433] Confirming: 1/8
[12 INFO main 140481] Confirming: 3/8
[12 INFO main 142577] Confirming: 4/8
[12 INFO main 144588] Confirming: 5/8
[12 INFO main 146637] Confirming: 6/8
[12 INFO main 152745] Confirming: 8/8
[12 INFO main 314979] Scout.Query -> Scout.GotoCenter | Drive to others reported pos
[12 INFO main 356557] Scout.GotoCenter -> Scout.Query | return to random walk
[12 INFO main 389765] Confirming: 1/8
[12 INFO main 391785] Confirming: 2/8
[12 INFO main 393908] Confirming: 3/8
[12 INFO main 395980] Confirming: 4/8
[12 INFO main 398081] Confirming: 5/8
[12 INFO main 400232] Confirming: 6/8
[12 INFO main 402353] Confirming: 7/8
[12 INFO main 404385] Confirming: 8/8
[12 INFO main 452917] Scout.Query -> Scout.GotoCenter | Drive to others reported pos
[12 INFO main 471282] Scout.GotoCenter -> Scout.Query | return to random walk
[12 INFO main 479569] Confirming: 1/8
[12 INFO main 481617] Confirming: 2/8
[12 INFO main 483722] Confirming: 3/8
[12 INFO main 485733] Confirming: 4/8
[12 INFO main 487793] Confirming: 5/8
[12 INFO main 489840] Confirming: 6/8
[12 INFO main 491933] Confirming: 7/8
[12 INFO main 493973] Confirming: 8/8
[12 INFO main 687019] Confirming: 1/8
[12 INFO main 689161] Confirming: 2/8
[12 INFO main 691165] Confirming: 3/8
[12 INFO main 693177] Confirming: 4/8
[12 INFO main 695253] Confirming: 5/8
[12 INFO main 697306] Confirming: 6/8
[12 INFO main 701417] Confirming: 8/8
[12 INFO main 704899] Scout.Query -> Scout.GotoCenter | Drive to others reported pos
[12 INFO main 796536] Scout.GotoCenter -> Scout.Query | return to random walk
[12 INFO main 808977] Confirming: 1/8
[12 INFO main 813029] Confirming: 3/8
[12 INFO main 815020] Confirming: 4/8
[12 INFO main 817132] Confirming: 5/8
[12 INFO main 821281] Confirming: 7/8
[12 INFO main 823292] Confirming: 8/8
[12 INFO main 1079677] Scout.Query -> Scout.GotoCenter | Drive to others reported pos
[12 INFO main 1099927] Scout.GotoCenter -> Scout.Query | return to random walk
[12 INFO main 1118424] Confirming: 1/8
[12 INFO main 1120529] Confirming: 2/8
[12 INFO main 1122629] Confirming: 4/8
[12 INFO main 1126653] Confirming: 5/8
[12 INFO main 1128685] Confirming: 6/8
[12 INFO main 1130752] Confirming: 8/8
[12 INFO main 1135626] Scout.Query -> Scout.GotoCenter | Drive to others reported pos
[12 INFO main 1152645] Scout.GotoCenter -> Scout.Query | return to random walk
[12 INFO main 1177425] Confirming: 1/8
[12 INFO main 1179445] Confirming: 2/8
[12 INFO main 1181501] Confirming: 3/8
[12 INFO main 1183537] Confirming: 4/8
[12 INFO main 1185634] Confirming: 5/8
[12 INFO main 1187780] Confirming: 6/8
[12 INFO main 1189776] Confirming: 7/8
[12 INFO main 1191728] Confirming: 8/8
[12 INFO main 1199764] Scout.Query -> Scout.GotoCenter | Drive to others reported pos
[12 INFO main 1218690] Scout.GotoCenter -> Scout.Query | return to random walk
[12 INFO main 1241245] Confirming: 1/8
[12 INFO main 1243300] Confirming: 2/8
[12 INFO main 1247425] Confirming: 3/8
[12 INFO main 1249434] Confirming: 5/8
[12 INFO main 1251437] Confirming: 6/8
[12 INFO main 1253456] Confirming: 7/8
[12 INFO main 1255483] Confirming: 8/8
[12 INFO main 1463099] Scout.Query -> Scout.GotoCenter | Drive to others reported pos
[12 INFO main 1507456] Scout.GotoCenter -> Scout.Query | return to random walk
[12 INFO main 1521897] Confirming: 1/8
[12 INFO main 1523957] Confirming: 2/8
[12 INFO main 1526119] Confirming: 3/8
[12 INFO main 1530261] Confirming: 5/8
[12 INFO main 1540493] Confirming: 11/8
[12 INFO main 1755294] Scout.Query -> Scout.GotoCenter | Drive to others reported pos
[12 INFO main 1811946] Scout.GotoCenter -> Scout.Query | return to random walk
[12 INFO main 1818221] Confirming: 1/8
[12 INFO main 1820237] Confirming: 2/8
[12 INFO main 1824365] Confirming: 4/8
[12 INFO main 1826465] Confirming: 5/8
[12 INFO main 1828472] Confirming: 6/8
[12 INFO main 1830481] Confirming: 7/8
[12 INFO main 1832545] Confirming: 8/8
[12 INFO main 2145871] Scout.Query -> Scout.GotoCenter | Drive to others reported pos
[12 INFO main 2234588] Scout.GotoCenter -> Scout.Query | return to random walk
[12 INFO main 2249193] Confirming: 1/8
[12 INFO main 2251253] Confirming: 2/8
[12 INFO main 2253276] Confirming: 3/8
[12 INFO main 2255365] Confirming: 4/8
[12 INFO main 2257388] Confirming: 5/8
[12 INFO main 2259553] Confirming: 6/8
[12 INFO main 2261631] Confirming: 7/8
[12 INFO main 2263661] Confirming: 8/8
[12 INFO main 2265415] Scout.Query -> Scout.GotoCenter | Drive to others reported pos
[12 INFO main 2277698] Scout.GotoCenter -> Scout.Query | return to random walk
[12 INFO main 2339521] Confirming: 1/8
[12 INFO main 2341597] Confirming: 2/8
[12 INFO main 2343602] Confirming: 3/8
[12 INFO main 2345685] Confirming: 4/8
[12 INFO main 2347741] Confirming: 5/8
[12 INFO main 2349762] Confirming: 6/8
[12 INFO main 2351773] Confirming: 7/8
[12 INFO main 2353817] Confirming: 8/8
[12 INFO main 2354419] Scout.Query -> Scout.GotoCenter | Drive to others reported pos
[12 INFO main 2357733] Scout.GotoCenter -> Scout.Query | return to random walk
[12 INFO main 2370084] Confirming: 1/8
[12 INFO main 2372128] Confirming: 2/8
[12 INFO main 2374149] Confirming: 3/8
[12 INFO main 2376122] Confirming: 4/8
[12 INFO main 2378244] Confirming: 5/8
[12 INFO main 2380300] Confirming: 6/8
[12 INFO main 2382357] Confirming: 7/8
[12 INFO main 2384450] Confirming: 9/8
[12 INFO main 2825546] Scout.Query -> Scout.GotoCenter | Drive to others reported pos
[12 INFO main 2833010] Scout.GotoCenter -> Scout.Query | return to random walk
[12 INFO main 2849541] Confirming: 1/8
[12 INFO main 2855633] Confirming: 4/8
[12 INFO main 2857645] Confirming: 6/8
[12 INFO main 2859657] Confirming: 7/8
[12 INFO main 2861693] Confirming: 8/8
[12 INFO main 3041002] Scout.Query -> Scout.GotoCenter | Drive to others reported pos
[12 INFO main 3080091] Scout.GotoCenter -> Scout.Query | return to random walk
[12 INFO main 3094488] Confirming: 1/8
[12 INFO main 3096569] Confirming: 2/8
[12 INFO main 3098604] Confirming: 3/8
[12 INFO main 3100662] Confirming: 4/8
[12 INFO main 3102666] Confirming: 5/8
[12 INFO main 3104774] Confirming: 6/8
[12 INFO main 3106869] Confirming: 7/8
[12 INFO main 3108969] Confirming: 8/8
[12 INFO main 3409061] Scout.Query -> Scout.GotoCenter | Drive to others reported pos
[12 INFO main 3444033] Scout.GotoCenter -> Scout.Query | return to random walk
[12 INFO main 3456349] Confirming: 1/8
[12 INFO main 3458385] Confirming: 2/8
[12 INFO main 3460556] Confirming: 4/8
[12 INFO main 3462569] Confirming: 5/8
[12 INFO main 3466732] Confirming: 6/8
[12 INFO main 3468769] Confirming: 8/8
[12 INFO main 3596427] Scout.Query -> Scout.GotoCenter | Drive to others reported pos
[12 INFO main 3811849] Scout.GotoCenter -> Scout.Query | return to random walk
[12 INFO main 3828439] Confirming: 2/8
[12 INFO main 3832954] Confirming: 3/8
[12 INFO main 3835214] Confirming: 5/8
[12 INFO main 3839282] Confirming: 6/8
[12 INFO main 3841285] Confirming: 7/8
[12 INFO main 3843717] Confirming: 8/8
[12 INFO main 3847662] Scout.Query -> Scout.GotoCenter | Drive to others reported pos
[12 INFO main 3897057] Scout.GotoCenter -> Scout.Query | return to random walk
[12 INFO main 3917643] Confirming: 1/8
[12 INFO main 3939706] Confirming: 2/8
[12 INFO main 3941845] Confirming: 3/8
[12 INFO main 3944043] Confirming: 4/8
[12 INFO main 3946116] Confirming: 5/8
[12 INFO main 3948133] Confirming: 6/8
[12 INFO main 3950205] Confirming: 7/8
[12 INFO main 3952385] Confirming: 9/8
[12 INFO main 3953017] Scout.Query -> Scout.GotoCenter | Drive to others reported pos
[12 INFO main 4029126] Scout.GotoCenter -> Scout.Query | return to random walk
[12 INFO main 4040261] Confirming: 1/8
[12 INFO main 4042492] Confirming: 2/8
[12 INFO main 4044631] Confirming: 3/8
[12 INFO main 4046849] Confirming: 4/8
[12 INFO main 4048869] Confirming: 5/8
[12 INFO main 4050895] Confirming: 7/8
[12 INFO main 4052901] Confirming: 8/8
[12 INFO main 4211761] Scout.Query -> Scout.GotoCenter | Drive to others reported pos
[12 INFO main 4294270] Scout.GotoCenter -> Scout.Query | return to random walk
[12 INFO main 4321404] Confirming: 1/8
[12 INFO main 4323408] Confirming: 3/8
[12 INFO main 4327653] Confirming: 5/8
[12 INFO main 4329777] Confirming: 6/8
[12 INFO main 4331940] Confirming: 7/8
[12 INFO main 4334026] Confirming: 8/8
[12 INFO main 4557888] Scout.Query -> Scout.GotoCenter | Drive to others reported pos
[12 INFO main 4639953] Scout.GotoCenter -> Scout.Query | return to random walk
[12 INFO main 4654365] Confirming: 1/8
[12 INFO main 4656449] Confirming: 2/8
[12 INFO main 4658701] Confirming: 4/8
[12 INFO main 4662884] Confirming: 6/8
[12 INFO main 4667009] Confirming: 8/8
[12 INFO main 4671627] Scout.Query -> Scout.GotoCenter | Drive to others reported pos
[12 INFO main 4916629] Scout.GotoCenter -> Scout.Query | return to random walk
[12 INFO main 4925247] Confirming: 1/8
[12 INFO main 4928235] Confirming: 2/8
[12 INFO main 4930351] Confirming: 3/8
[12 INFO main 4933368] Confirming: 5/8
[12 INFO main 4935428] Confirming: 6/8
[12 INFO main 4938399] Confirming: 8/8
[12 INFO main 5135729] Scout.Query -> Scout.GotoCenter | Drive to others reported pos
[12 INFO main 5206881] Scout.GotoCenter -> Scout.Query | return to random walk
[12 INFO main 5217221] Confirming: 2/8
[12 INFO main 5219253] Confirming: 3/8
[12 INFO main 5221489] Confirming: 4/8
[12 INFO main 5225713] Confirming: 6/8
[12 INFO main 5227764] Confirming: 7/8
[12 INFO main 5230048] Confirming: 8/8
[12 INFO main 5541211] Scout.Query -> Scout.GotoCenter | Drive to others reported pos
[12 INFO main 5599961] Scout.GotoCenter -> Scout.Query | return to random walk
[12 INFO main 5604209] Confirming: 1/8
[12 INFO main 5606378] Confirming: 2/8
[12 INFO main 5608385] Confirming: 3/8
[12 INFO main 5610412] Confirming: 4/8
[12 INFO main 5612472] Confirming: 5/8
[12 INFO main 5614672] Confirming: 6/8
[12 INFO main 5616646] Confirming: 7/8
[12 INFO main 5618777] Confirming: 8/8
[12 INFO main 5620615] Scout.Query -> Scout.GotoCenter | Drive to others reported pos
[12 INFO main 5792778] Scout.GotoCenter -> Scout.Query | return to random walk
[12 INFO main 5814616] Confirming: 1/8
[12 INFO main 5820937] Confirming: 2/8
[12 INFO main 5857522] Confirming: 4/8
[12 INFO main 5859963] Confirming: 5/8
[12 INFO main 5862134] Confirming: 6/8
[12 INFO main 5864156] Confirming: 7/8
[12 INFO main 5866521] Confirming: 9/8
[12 INFO main 5868670] Scout.Query -> Scout.GotoCenter | Drive to others reported pos
[12 INFO main 6287637] Scout.GotoCenter -> Scout.Query | return to random walk
[12 INFO main 6304230] Confirming: 1/8
[12 INFO main 6306192] Confirming: 2/8
[12 INFO main 6308361] Confirming: 3/8
[12 INFO main 6310346] Confirming: 4/8
[12 INFO main 6312436] Confirming: 5/8
[12 INFO main 6314510] Confirming: 6/8
[12 INFO main 6316542] Confirming: 8/8
[12 INFO main 6328214] Scout.Query -> Scout.GotoCenter | Drive to others reported pos
[12 INFO main 6380713] Scout.GotoCenter -> Scout.Query | return to random walk
[12 INFO main 6407937] Confirming: 1/8
[12 INFO main 6410142] Confirming: 2/8
[12 INFO main 6412440] Confirming: 3/8
[12 INFO main 6414509] Confirming: 4/8
[12 INFO main 6416557] Confirming: 5/8
[12 INFO main 6418673] Confirming: 6/8
[12 INFO main 6420709] Confirming: 7/8
[12 INFO main 6422765] Confirming: 8/8
[12 INFO main 6521044] Scout.Query -> Scout.GotoCenter | Drive to others reported pos
[12 INFO main 6612340] Scout.GotoCenter -> Scout.Query | return to random walk
[12 INFO main 6618718] Confirming: 1/8
[12 INFO main 6620857] Confirming: 2/8
[12 INFO main 6623053] Confirming: 3/8
[12 INFO main 6625114] Confirming: 4/8
[12 INFO main 6627392] Confirming: 6/8
[12 INFO main 6629501] Confirming: 7/8
[12 INFO main 6633765] Confirming: 9/8
[12 INFO main 6638596] Scout.Query -> Scout.GotoCenter | Drive to others reported pos
[12 INFO main 6749621] Scout.GotoCenter -> Scout.Query | return to random walk
[12 INFO main 6761096] Confirming: 1/8
[12 INFO main 6763273] Confirming: 3/8
[12 INFO main 6765772] Confirming: 4/8
[12 INFO main 6768322] Confirming: 5/8
[12 INFO main 6770832] Confirming: 7/8
[12 INFO main 6775824] Confirming: 9/8
