[15 INFO main 30] Initialising Python Geth Console...
[15 INFO main 33] Initialising RandB board...
[15 INFO main 33] Initialising navigation...
[15 INFO main 33] Initialising random-walk...
[15 INFO main 33] Initialising odometry...
[15 INFO main 33] Initialising ground-sensors...
[15 INFO main 51] --//-- Starting Experiment --//--
[15 INFO main 1149] Idle.IDLE -> Scout.Query | Duration: 24.48
[15 INFO main 24489] Scout.Query -> Scout.GotoCenter | Drive to others reported pos
[15 INFO main 74341] Scout.GotoCenter -> Scout.Query | return to random walk
[15 INFO main 113991] Scout.Query -> Scout.GotoCenter | Drive to others reported pos
[15 INFO main 130918] Scout.GotoCenter -> Scout.Query | return to random walk
[15 INFO main 177078] Scout.Query -> Scout.GotoCenter | Drive to others reported pos
[15 INFO main 181683] Scout.GotoCenter -> Scout.Query | return to random walk
[15 INFO main 191493] Scout.Query -> Scout.GotoCenter | Drive to others reported pos
[15 INFO main 199595] Scout.GotoCenter -> Scout.Query | return to random walk
[15 INFO main 202908] Scout.Query -> Scout.GotoCenter | Drive to others reported pos
[15 INFO main 211818] Scout.GotoCenter -> Scout.Query | Back to normal
[15 INFO main 238255] Scout.Query -> Scout.GotoCenter | Drive to others reported pos
[15 INFO main 254975] Scout.GotoCenter -> Scout.Query | return to random walk
