[8 INFO main 27] Initialising Python Geth Console...
[8 INFO main 32] Initialising RandB board...
[8 INFO main 32] Initialising navigation...
[8 INFO main 32] Initialising random-walk...
[8 INFO main 32] Initialising odometry...
[8 INFO main 32] Initialising ground-sensors...
[8 INFO main 486] --//-- Starting Experiment --//--
[8 INFO main 1957] Idle.IDLE -> Scout.Query | Duration: 27.40
[8 INFO main 40100] Scout.Query -> Verify.DriveTo | Go to unverified source
[8 INFO main 118965] Verify.DriveTo -> Verify.Homing | Homing
[8 INFO main 140978] Verify.Homing -> Scout.Query | Arrived home
[8 INFO main 141986] Confirming: 1/9
[8 INFO main 144029] Confirming: 2/9
[8 INFO main 146107] Confirming: 4/9
[8 INFO main 148257] Confirming: 5/9
[8 INFO main 152388] Confirming: 7/9
[8 INFO main 154463] Confirming: 8/9
[8 INFO main 156511] Confirming: 9/9
[8 INFO main 156679] Scout.Query -> Verify.DriveTo | Go to unverified source
[8 INFO main 195376] Verify.DriveTo -> Verify.Homing | Homing
[8 INFO main 202005] Confirming: 1/9
[8 INFO main 204110] Confirming: 2/9
[8 INFO main 206146] Confirming: 4/9
[8 INFO main 208313] Confirming: 5/9
[8 INFO main 210385] Confirming: 6/9
[8 INFO main 214963] Confirming: 8/9
[8 INFO main 215319] Verify.Homing -> Scout.Query | Arrived home
[8 INFO main 217189] Confirming: 9/9
[8 INFO main 217698] Scout.Query -> Verify.DriveTo | Go to unverified source
[8 INFO main 251732] Verify.DriveTo -> Verify.Homing | Homing
[8 INFO main 270715] Confirming: 1/9
[8 INFO main 271413] Verify.Homing -> Scout.Query | Arrived home
[8 INFO main 272738] Confirming: 2/9
[8 INFO main 274786] Confirming: 3/9
[8 INFO main 276790] Confirming: 4/9
[8 INFO main 278821] Confirming: 5/9
[8 INFO main 280999] Confirming: 6/9
[8 INFO main 283041] Confirming: 7/9
[8 INFO main 285143] Confirming: 8/9
[8 INFO main 287240] Confirming: 9/9
[8 INFO main 287695] Scout.Query -> Verify.DriveTo | Go to unverified source
[8 INFO main 331659] Verify.DriveTo -> Verify.Homing | Homing
[8 INFO main 352281] Confirming: 2/9
[8 INFO main 354314] Confirming: 3/9
[8 INFO main 356492] Confirming: 4/9
[8 INFO main 358527] Confirming: 5/9
[8 INFO main 360522] Confirming: 6/9
[8 INFO main 362636] Confirming: 7/9
[8 INFO main 364802] Confirming: 8/9
[8 INFO main 365151] Verify.Homing -> Scout.Query | Arrived home
[8 INFO main 366802] Confirming: 9/9
[8 INFO main 367779] Scout.Query -> Verify.DriveTo | Go to unverified source
[8 INFO main 396046] Verify.DriveTo -> Verify.Homing | Homing
[8 INFO main 410903] Confirming: 1/9
[8 INFO main 413126] Confirming: 2/9
[8 INFO main 415238] Confirming: 3/9
[8 INFO main 417249] Confirming: 4/9
[8 INFO main 419302] Confirming: 5/9
[8 INFO main 421373] Confirming: 6/9
[8 INFO main 423522] Confirming: 7/9
[8 INFO main 425602] Confirming: 8/9
[8 INFO main 427653] Confirming: 9/9
[8 INFO main 429240] Verify.Homing -> Scout.Query | Arrived home
[8 INFO main 429370] Scout.Query -> Verify.DriveTo | Go to unverified source
[8 INFO main 474307] Verify.DriveTo -> Verify.Homing | Homing
[8 INFO main 490808] Confirming: 1/9
[8 INFO main 497341] Verify.Homing -> Scout.Query | Arrived home
[8 INFO main 503293] Confirming: 2/9
[8 INFO main 505305] Confirming: 3/9
[8 INFO main 507462] Confirming: 4/9
[8 INFO main 509563] Confirming: 5/9
[8 INFO main 511706] Confirming: 6/9
[8 INFO main 513824] Confirming: 7/9
[8 INFO main 515920] Confirming: 9/9
[8 INFO main 516104] Scout.Query -> Verify.DriveTo | Go to unverified source
[8 INFO main 551836] Verify.DriveTo -> Verify.Homing | Homing
[8 INFO main 560409] Confirming: 1/9
[8 INFO main 562428] Confirming: 2/9
[8 INFO main 564445] Confirming: 3/9
[8 INFO main 566583] Confirming: 4/9
[8 INFO main 568689] Confirming: 5/9
[8 INFO main 570788] Confirming: 6/9
[8 INFO main 571056] Verify.Homing -> Scout.Query | Arrived home
[8 INFO main 572919] Confirming: 7/9
[8 INFO main 574966] Confirming: 8/9
[8 INFO main 576986] Confirming: 9/9
[8 INFO main 577505] Scout.Query -> Verify.DriveTo | Go to unverified source
[8 INFO main 632454] Verify.DriveTo -> Verify.Homing | Homing
[8 INFO main 643015] Confirming: 1/9
[8 INFO main 645371] Confirming: 2/9
[8 INFO main 647509] Confirming: 3/9
[8 INFO main 649531] Confirming: 4/9
[8 INFO main 651601] Confirming: 5/9
[8 INFO main 653824] Confirming: 7/9
[8 INFO main 657934] Confirming: 9/9
[8 INFO main 663179] Verify.Homing -> Scout.Query | Arrived home
[8 INFO main 663248] Scout.Query -> Verify.DriveTo | Go to unverified source
[8 INFO main 723156] Verify.DriveTo -> Verify.Homing | Homing
[8 INFO main 731779] Confirming: 1/9
[8 INFO main 733822] Confirming: 2/9
[8 INFO main 735894] Confirming: 3/9
[8 INFO main 738105] Confirming: 4/9
[8 INFO main 740123] Confirming: 5/9
[8 INFO main 742172] Confirming: 6/9
[8 INFO main 742594] Verify.Homing -> Scout.Query | Arrived home
[8 INFO main 744162] Confirming: 7/9
[8 INFO main 746253] Confirming: 8/9
[8 INFO main 748317] Confirming: 9/9
[8 INFO main 748468] Scout.Query -> Verify.DriveTo | Go to unverified source
[8 INFO main 777003] Verify.DriveTo -> Verify.Homing | Homing
[8 INFO main 791252] Verify.Homing -> Scout.Query | Arrived home
[8 INFO main 801791] Confirming: 1/9
[8 INFO main 805985] Confirming: 3/9
[8 INFO main 810331] Confirming: 5/9
[8 INFO main 812387] Confirming: 6/9
[8 INFO main 814406] Confirming: 7/9
[8 INFO main 816413] Confirming: 8/9
[8 INFO main 818478] Confirming: 9/9
[8 INFO main 818481] Scout.Query -> Scout.PrepSend | Homing
[8 INFO main 818622] Scout.PrepSend -> Verify.Homing | Homing
[8 INFO main 833111] Confirming: 1/9
[8 INFO main 835160] Confirming: 3/9
[8 INFO main 837200] Confirming: 4/9
[8 INFO main 839230] Confirming: 5/9
[8 INFO main 841235] Confirming: 6/9
[8 INFO main 845284] Confirming: 8/9
[8 INFO main 847394] Confirming: 9/9
[8 INFO main 866961] Verify.Homing -> Scout.Query | Arrived home
[8 INFO main 867091] Scout.Query -> Verify.DriveTo | Go to unverified source
[8 INFO main 910839] Verify.DriveTo -> Verify.Homing | Homing
[8 INFO main 923295] Confirming: 1/9
[8 INFO main 925346] Confirming: 3/9
[8 INFO main 927418] Confirming: 4/9
[8 INFO main 929516] Confirming: 5/9
[8 INFO main 930085] Verify.Homing -> Scout.Query | Arrived home
[8 INFO main 931519] Confirming: 6/9
[8 INFO main 933702] Confirming: 7/9
[8 INFO main 935839] Confirming: 8/9
[8 INFO main 937897] Confirming: 9/9
[8 INFO main 937934] Scout.Query -> Verify.DriveTo | Go to unverified source
[8 INFO main 982619] Verify.DriveTo -> Verify.Homing | Homing
[8 INFO main 1011720] Confirming: 1/9
[8 INFO main 1013796] Confirming: 2/9
[8 INFO main 1015912] Confirming: 3/9
[8 INFO main 1017924] Confirming: 4/9
[8 INFO main 1020039] Confirming: 5/9
[8 INFO main 1022103] Confirming: 6/9
[8 INFO main 1024170] Confirming: 7/9
[8 INFO main 1026176] Confirming: 8/9
[8 INFO main 1026279] Verify.Homing -> Scout.Query | Arrived home
[8 INFO main 1028298] Confirming: 9/9
[8 INFO main 1028628] Scout.Query -> Verify.DriveTo | Go to unverified source
[8 INFO main 1064655] Verify.DriveTo -> Verify.Homing | Homing
[8 INFO main 1071030] Confirming: 1/9
[8 INFO main 1073049] Confirming: 2/9
[8 INFO main 1075128] Confirming: 3/9
[8 INFO main 1077138] Confirming: 4/9
[8 INFO main 1079144] Confirming: 5/9
[8 INFO main 1083189] Confirming: 7/9
[8 INFO main 1085294] Confirming: 8/9
[8 INFO main 1087402] Confirming: 9/9
[8 INFO main 1091007] Verify.Homing -> Scout.Query | Arrived home
[8 INFO main 1091337] Scout.Query -> Verify.DriveTo | Go to unverified source
[8 INFO main 1128664] Verify.DriveTo -> Verify.Homing | Homing
[8 INFO main 1147250] Verify.Homing -> Scout.Query | Arrived home
[8 INFO main 1176311] Confirming: 2/9
[8 INFO main 1178379] Confirming: 3/9
[8 INFO main 1180400] Confirming: 4/9
[8 INFO main 1182488] Confirming: 5/9
[8 INFO main 1184489] Confirming: 6/9
[8 INFO main 1186554] Confirming: 7/9
[8 INFO main 1190600] Confirming: 9/9
[8 INFO main 1190779] Scout.Query -> Verify.DriveTo | Go to unverified source
[8 INFO main 1228221] Verify.DriveTo -> Verify.Homing | Homing
[8 INFO main 1255219] Confirming: 1/9
[8 INFO main 1257234] Confirming: 2/9
[8 INFO main 1259289] Confirming: 3/9
[8 INFO main 1261490] Confirming: 4/9
[8 INFO main 1263492] Confirming: 5/9
[8 INFO main 1265585] Confirming: 6/9
[8 INFO main 1266291] Verify.Homing -> Scout.Query | Arrived home
[8 INFO main 1267662] Confirming: 7/9
[8 INFO main 1269710] Confirming: 8/9
[8 INFO main 1271725] Confirming: 9/9
[8 INFO main 1272220] Scout.Query -> Verify.DriveTo | Go to unverified source
[8 INFO main 1397349] Verify.DriveTo -> Verify.Homing | Homing
[8 INFO main 1405669] Confirming: 1/9
[8 INFO main 1407690] Confirming: 2/9
[8 INFO main 1409707] Confirming: 3/9
[8 INFO main 1411738] Confirming: 4/9
[8 INFO main 1413912] Confirming: 5/9
[8 INFO main 1416043] Confirming: 7/9
[8 INFO main 1418069] Confirming: 8/9
[8 INFO main 1422274] Confirming: 9/9
[8 INFO main 1440417] Verify.Homing -> Scout.Query | Arrived home
[8 INFO main 1440558] Scout.Query -> Verify.DriveTo | Go to unverified source
[8 INFO main 1467840] Verify.DriveTo -> Verify.Homing | Homing
[8 INFO main 1487179] Verify.Homing -> Scout.Query | Arrived home
[8 INFO main 1495078] Confirming: 1/9
[8 INFO main 1497114] Confirming: 2/9
[8 INFO main 1499174] Confirming: 3/9
[8 INFO main 1501204] Confirming: 4/9
[8 INFO main 1503268] Confirming: 5/9
[8 INFO main 1505359] Confirming: 6/9
[8 INFO main 1507438] Confirming: 7/9
[8 INFO main 1509456] Confirming: 8/9
[8 INFO main 1511554] Confirming: 9/9
[8 INFO main 1512189] Scout.Query -> Verify.DriveTo | Go to unverified source
[8 INFO main 1547868] Verify.DriveTo -> Verify.Homing | Homing
[8 INFO main 1574934] Verify.Homing -> Scout.Query | Arrived home
[8 INFO main 1585239] Confirming: 1/9
[8 INFO main 1587298] Confirming: 2/9
[8 INFO main 1589318] Confirming: 3/9
[8 INFO main 1591356] Confirming: 4/9
[8 INFO main 1593429] Confirming: 5/9
[8 INFO main 1595537] Confirming: 6/9
[8 INFO main 1597576] Confirming: 7/9
[8 INFO main 1599640] Confirming: 8/9
[8 INFO main 1601699] Confirming: 9/9
[8 INFO main 1602551] Scout.Query -> Verify.DriveTo | Go to unverified source
[8 INFO main 1616325] Verify.DriveTo -> Verify.Homing | Homing
[8 INFO main 1630606] Verify.Homing -> Scout.Query | Arrived home
[8 INFO main 1645169] Confirming: 1/9
[8 INFO main 1647209] Confirming: 2/9
[8 INFO main 1649255] Confirming: 3/9
[8 INFO main 1651281] Confirming: 4/9
[8 INFO main 1653286] Confirming: 5/9
[8 INFO main 1655370] Confirming: 6/9
[8 INFO main 1657475] Confirming: 7/9
[8 INFO main 1659499] Confirming: 8/9
[8 INFO main 1661535] Confirming: 9/9
[8 INFO main 1661576] Scout.Query -> Verify.DriveTo | Go to unverified source
[8 INFO main 1686246] Verify.DriveTo -> Verify.Homing | Homing
[8 INFO main 1705016] Confirming: 1/9
[8 INFO main 1706076] Verify.Homing -> Scout.Query | Arrived home
[8 INFO main 1707038] Confirming: 2/9
[8 INFO main 1709130] Confirming: 3/9
[8 INFO main 1711148] Confirming: 4/9
[8 INFO main 1713168] Confirming: 5/9
[8 INFO main 1715197] Confirming: 6/9
[8 INFO main 1717240] Confirming: 7/9
[8 INFO main 1719378] Confirming: 8/9
[8 INFO main 1721569] Confirming: 9/9
[8 INFO main 1722212] Scout.Query -> Verify.DriveTo | Go to unverified source
[8 INFO main 1781460] Verify.DriveTo -> Verify.Homing | Homing
[8 INFO main 1793901] Confirming: 1/9
[8 INFO main 1796083] Confirming: 2/9
[8 INFO main 1797925] Verify.Homing -> Scout.Query | Arrived home
[8 INFO main 1798102] Confirming: 3/9
[8 INFO main 1800118] Confirming: 4/9
[8 INFO main 1802195] Confirming: 5/9
[8 INFO main 1804209] Confirming: 6/9
[8 INFO main 1806340] Confirming: 7/9
[8 INFO main 1808374] Confirming: 8/9
[8 INFO main 1810446] Confirming: 9/9
[8 INFO main 1810922] Scout.Query -> Verify.DriveTo | Go to unverified source
[8 INFO main 1862429] Verify.DriveTo -> Verify.Homing | Homing
[8 INFO main 1880394] Verify.Homing -> Scout.Query | Arrived home
[8 INFO main 1885245] Confirming: 1/9
[8 INFO main 1887485] Confirming: 2/9
[8 INFO main 1889587] Confirming: 3/9
[8 INFO main 1891710] Confirming: 4/9
[8 INFO main 1893734] Confirming: 5/9
[8 INFO main 1895759] Confirming: 6/9
[8 INFO main 1898042] Confirming: 8/9
[8 INFO main 1900143] Confirming: 9/9
[8 INFO main 1900321] Scout.Query -> Verify.DriveTo | Go to unverified source
[8 INFO main 1969108] Verify.DriveTo -> Verify.Homing | Homing
[8 INFO main 1975331] Confirming: 1/9
[8 INFO main 1977341] Confirming: 2/9
[8 INFO main 1979378] Confirming: 3/9
[8 INFO main 1981438] Confirming: 4/9
[8 INFO main 1983460] Confirming: 5/9
[8 INFO main 1985618] Confirming: 6/9
[8 INFO main 1987646] Confirming: 7/9
[8 INFO main 1989722] Confirming: 8/9
[8 INFO main 1991815] Confirming: 10/9
[8 INFO main 2002016] Verify.Homing -> Scout.Query | Arrived home
[8 INFO main 2002159] Scout.Query -> Verify.DriveTo | Go to unverified source
[8 INFO main 2020454] Verify.DriveTo -> Verify.Homing | Homing
[8 INFO main 2032178] Verify.Homing -> Scout.Query | Arrived home
[8 INFO main 2035202] Confirming: 1/9
[8 INFO main 2037285] Confirming: 2/9
[8 INFO main 2039349] Confirming: 3/9
[8 INFO main 2041450] Confirming: 4/9
[8 INFO main 2043544] Confirming: 5/9
[8 INFO main 2045670] Confirming: 6/9
[8 INFO main 2047763] Confirming: 7/9
[8 INFO main 2049826] Confirming: 8/9
[8 INFO main 2051887] Confirming: 9/9
[8 INFO main 2074412] Scout.Query -> Verify.DriveTo | Go to unverified source
[8 INFO main 2125726] Verify.DriveTo -> Verify.Homing | Homing
[8 INFO main 2154641] Confirming: 1/9
[8 INFO main 2156654] Confirming: 2/9
[8 INFO main 2158742] Confirming: 3/9
[8 INFO main 2160803] Confirming: 4/9
[8 INFO main 2162885] Confirming: 5/9
[8 INFO main 2164930] Confirming: 6/9
[8 INFO main 2167008] Confirming: 7/9
[8 INFO main 2169057] Confirming: 8/9
[8 INFO main 2171122] Confirming: 9/9
[8 INFO main 2174355] Verify.Homing -> Scout.Query | Arrived home
[8 INFO main 2174578] Scout.Query -> Verify.DriveTo | Go to unverified source
[8 INFO main 2197946] Verify.DriveTo -> Verify.Homing | Homing
[8 INFO main 2212783] Verify.Homing -> Scout.Query | Arrived home
[8 INFO main 2214515] Confirming: 1/9
[8 INFO main 2216606] Confirming: 2/9
[8 INFO main 2218743] Confirming: 3/9
[8 INFO main 2220848] Confirming: 4/9
[8 INFO main 2222870] Confirming: 5/9
[8 INFO main 2224888] Confirming: 6/9
[8 INFO main 2226917] Confirming: 7/9
[8 INFO main 2228970] Confirming: 8/9
[8 INFO main 2230980] Confirming: 9/9
[8 INFO main 2231023] Scout.Query -> Verify.DriveTo | Go to unverified source
[8 INFO main 2238101] Verify.DriveTo -> Verify.Homing | Homing
[8 INFO main 2244561] Confirming: 1/9
[8 INFO main 2246659] Confirming: 2/9
[8 INFO main 2247373] Verify.Homing -> Scout.Query | Arrived home
[8 INFO main 2248741] Confirming: 3/9
[8 INFO main 2250755] Confirming: 4/9
[8 INFO main 2252891] Confirming: 5/9
[8 INFO main 2254900] Confirming: 6/9
[8 INFO main 2257010] Confirming: 7/9
[8 INFO main 2259103] Confirming: 8/9
[8 INFO main 2261182] Confirming: 9/9
[8 INFO main 2262056] Scout.Query -> Verify.DriveTo | Go to unverified source
[8 INFO main 2322611] Verify.DriveTo -> Verify.Homing | Homing
[8 INFO main 2335034] Confirming: 1/9
[8 INFO main 2337116] Confirming: 2/9
[8 INFO main 2339124] Confirming: 3/9
[8 INFO main 2341226] Confirming: 4/9
[8 INFO main 2341925] Verify.Homing -> Scout.Query | Arrived home
[8 INFO main 2343326] Confirming: 5/9
[8 INFO main 2345346] Confirming: 6/9
[8 INFO main 2347436] Confirming: 7/9
[8 INFO main 2349504] Confirming: 8/9
[8 INFO main 2351536] Confirming: 9/9
[8 INFO main 2351758] Scout.Query -> Verify.DriveTo | Go to unverified source
[8 INFO main 2393319] Verify.DriveTo -> Verify.Homing | Homing
[8 INFO main 2418853] Verify.Homing -> Scout.Query | Arrived home
[8 INFO main 2424326] Confirming: 1/9
[8 INFO main 2426343] Confirming: 2/9
[8 INFO main 2428438] Confirming: 3/9
[8 INFO main 2430492] Confirming: 4/9
[8 INFO main 2432555] Confirming: 5/9
[8 INFO main 2434621] Confirming: 6/9
[8 INFO main 2436719] Confirming: 7/9
[8 INFO main 2438796] Confirming: 8/9
[8 INFO main 2440873] Confirming: 9/9
[8 INFO main 2441171] Scout.Query -> Verify.DriveTo | Go to unverified source
[8 INFO main 2488555] Verify.DriveTo -> Verify.Homing | Homing
[8 INFO main 2515393] Confirming: 1/9
[8 INFO main 2517409] Confirming: 2/9
[8 INFO main 2519434] Confirming: 3/9
[8 INFO main 2521438] Confirming: 4/9
[8 INFO main 2523437] Confirming: 5/9
[8 INFO main 2525453] Confirming: 6/9
[8 INFO main 2527475] Confirming: 7/9
[8 INFO main 2529619] Confirming: 8/9
[8 INFO main 2532123] Confirming: 10/9
[8 INFO main 2533505] Verify.Homing -> Scout.Query | Arrived home
[8 INFO main 2533653] Scout.Query -> Verify.DriveTo | Go to unverified source
[8 INFO main 2606344] Verify.DriveTo -> Verify.Homing | Homing
[8 INFO main 2635178] Confirming: 1/9
[8 INFO main 2637198] Confirming: 2/9
[8 INFO main 2637630] Verify.Homing -> Scout.Query | Arrived home
[8 INFO main 2639214] Confirming: 3/9
[8 INFO main 2641351] Confirming: 4/9
[8 INFO main 2643463] Confirming: 5/9
[8 INFO main 2645507] Confirming: 6/9
[8 INFO main 2647572] Confirming: 7/9
[8 INFO main 2649729] Confirming: 8/9
[8 INFO main 2651751] Confirming: 9/9
[8 INFO main 2652106] Scout.Query -> Verify.DriveTo | Go to unverified source
[8 INFO main 2687767] Verify.DriveTo -> Verify.Homing | Homing
[8 INFO main 2696038] Confirming: 2/9
[8 INFO main 2698098] Confirming: 3/9
[8 INFO main 2700230] Confirming: 4/9
[8 INFO main 2702416] Confirming: 5/9
[8 INFO main 2704440] Confirming: 6/9
[8 INFO main 2706438] Confirming: 7/9
[8 INFO main 2708460] Confirming: 8/9
[8 INFO main 2710546] Confirming: 9/9
[8 INFO main 2713457] Verify.Homing -> Scout.Query | Arrived home
[8 INFO main 2713496] Scout.Query -> Verify.DriveTo | Go to unverified source
[8 INFO main 2743755] Verify.DriveTo -> Verify.Homing | Homing
[8 INFO main 2754220] Confirming: 1/9
[8 INFO main 2756380] Confirming: 2/9
[8 INFO main 2758394] Confirming: 3/9
[8 INFO main 2760626] Confirming: 4/9
[8 INFO main 2762718] Confirming: 5/9
[8 INFO main 2764967] Confirming: 6/9
[8 INFO main 2767147] Confirming: 7/9
[8 INFO main 2769299] Confirming: 8/9
[8 INFO main 2771310] Confirming: 9/9
[8 INFO main 2778889] Verify.Homing -> Scout.Query | Arrived home
[8 INFO main 2779666] Scout.Query -> Verify.DriveTo | Go to unverified source
[8 INFO main 2808816] Verify.DriveTo -> Verify.Homing | Homing
[8 INFO main 2815148] Confirming: 1/9
[8 INFO main 2817322] Confirming: 2/9
[8 INFO main 2819354] Confirming: 3/9
[8 INFO main 2821422] Confirming: 4/9
[8 INFO main 2823455] Confirming: 5/9
[8 INFO main 2825506] Confirming: 6/9
[8 INFO main 2827514] Confirming: 7/9
[8 INFO main 2829560] Confirming: 8/9
[8 INFO main 2831623] Confirming: 9/9
[8 INFO main 2856142] Verify.Homing -> Scout.Query | Arrived home
[8 INFO main 2856289] Scout.Query -> Verify.DriveTo | Go to unverified source
[8 INFO main 2865759] Verify.DriveTo -> Verify.Homing | Homing
[8 INFO main 2874344] Confirming: 1/9
[8 INFO main 2876465] Confirming: 2/9
[8 INFO main 2878508] Confirming: 3/9
[8 INFO main 2880576] Confirming: 4/9
[8 INFO main 2880950] Verify.Homing -> Scout.Query | Arrived home
[8 INFO main 2882595] Confirming: 5/9
[8 INFO main 2884617] Confirming: 6/9
[8 INFO main 2886634] Confirming: 7/9
[8 INFO main 2888811] Confirming: 8/9
[8 INFO main 2890823] Confirming: 9/9
[8 INFO main 2891006] Scout.Query -> Verify.DriveTo | Go to unverified source
[8 INFO main 2921981] Verify.DriveTo -> Verify.Homing | Homing
[8 INFO main 2934332] Confirming: 1/9
[8 INFO main 2938418] Confirming: 2/9
[8 INFO main 2940600] Confirming: 4/9
[8 INFO main 2942667] Confirming: 5/9
[8 INFO main 2944707] Confirming: 6/9
[8 INFO main 2946783] Confirming: 7/9
[8 INFO main 2948850] Confirming: 8/9
[8 INFO main 2949050] Verify.Homing -> Scout.Query | Arrived home
[8 INFO main 2951021] Confirming: 9/9
[8 INFO main 2951689] Scout.Query -> Verify.DriveTo | Go to unverified source
[8 INFO main 2981494] Verify.DriveTo -> Verify.Homing | Homing
[8 INFO main 2993854] Confirming: 1/9
[8 INFO main 2997967] Confirming: 3/9
[8 INFO main 3000171] Confirming: 4/9
[8 INFO main 3002281] Confirming: 5/9
[8 INFO main 3004333] Confirming: 6/9
[8 INFO main 3006455] Confirming: 7/9
[8 INFO main 3008604] Confirming: 8/9
[8 INFO main 3010610] Confirming: 9/9
[8 INFO main 3013949] Verify.Homing -> Scout.Query | Arrived home
[8 INFO main 3014203] Scout.Query -> Verify.DriveTo | Go to unverified source
[8 INFO main 3036580] Verify.DriveTo -> Verify.Homing | Homing
[8 INFO main 3055384] Confirming: 1/9
[8 INFO main 3055698] Verify.Homing -> Scout.Query | Arrived home
[8 INFO main 3057470] Confirming: 2/9
[8 INFO main 3059479] Confirming: 3/9
[8 INFO main 3061562] Confirming: 4/9
[8 INFO main 3063643] Confirming: 5/9
[8 INFO main 3065700] Confirming: 6/9
[8 INFO main 3067781] Confirming: 7/9
[8 INFO main 3069985] Confirming: 9/9
[8 INFO main 3070038] Scout.Query -> Verify.DriveTo | Go to unverified source
[8 INFO main 3103039] Verify.DriveTo -> Verify.Homing | Homing
[8 INFO main 3142745] Verify.Homing -> Scout.Query | Arrived home
[8 INFO main 3145168] Confirming: 1/9
[8 INFO main 3147262] Confirming: 2/9
[8 INFO main 3149290] Confirming: 3/9
[8 INFO main 3151376] Confirming: 4/9
[8 INFO main 3153372] Confirming: 5/9
[8 INFO main 3155371] Confirming: 6/9
[8 INFO main 3157344] Confirming: 7/9
[8 INFO main 3159402] Confirming: 8/9
[8 INFO main 3161462] Confirming: 9/9
[8 INFO main 3162254] Scout.Query -> Verify.DriveTo | Go to unverified source
[8 INFO main 3216556] Verify.DriveTo -> Verify.Homing | Homing
[8 INFO main 3235474] Confirming: 1/9
[8 INFO main 3235475] Verify.Homing -> Scout.Query | Arrived home
[8 INFO main 3237537] Confirming: 2/9
[8 INFO main 3239691] Confirming: 3/9
[8 INFO main 3241746] Confirming: 4/9
[8 INFO main 3243748] Confirming: 5/9
[8 INFO main 3245743] Confirming: 6/9
[8 INFO main 3247810] Confirming: 8/9
[8 INFO main 3249956] Confirming: 9/9
[8 INFO main 3250094] Scout.Query -> Verify.DriveTo | Go to unverified source
[8 INFO main 3305092] Verify.DriveTo -> Verify.Homing | Homing
[8 INFO main 3324477] Verify.Homing -> Scout.Query | Arrived home
[8 INFO main 3325693] Confirming: 1/9
[8 INFO main 3327794] Confirming: 2/9
[8 INFO main 3329898] Confirming: 3/9
[8 INFO main 3331944] Confirming: 5/9
[8 INFO main 3334202] Confirming: 6/9
[8 INFO main 3338294] Confirming: 7/9
[8 INFO main 3340326] Confirming: 8/9
[8 INFO main 3342451] Confirming: 9/9
[8 INFO main 3343169] Scout.Query -> Verify.DriveTo | Go to unverified source
[8 INFO main 3377652] Verify.DriveTo -> Verify.Homing | Homing
[8 INFO main 3386134] Confirming: 1/9
[8 INFO main 3388248] Confirming: 2/9
[8 INFO main 3390335] Confirming: 3/9
[8 INFO main 3392337] Confirming: 4/9
[8 INFO main 3394378] Confirming: 5/9
[8 INFO main 3394584] Verify.Homing -> Scout.Query | Arrived home
[8 INFO main 3396453] Confirming: 6/9
[8 INFO main 3398484] Confirming: 7/9
[8 INFO main 3400528] Confirming: 8/9
[8 INFO main 3402671] Confirming: 9/9
[8 INFO main 3402795] Scout.Query -> Verify.DriveTo | Go to unverified source
[8 INFO main 3505807] Verify.DriveTo -> Verify.Homing | Homing
[8 INFO main 3530490] Verify.Homing -> Scout.Query | Arrived home
[8 INFO main 3535266] Confirming: 1/9
[8 INFO main 3537355] Confirming: 2/9
[8 INFO main 3539360] Confirming: 3/9
[8 INFO main 3541385] Confirming: 4/9
[8 INFO main 3543498] Confirming: 5/9
[8 INFO main 3545529] Confirming: 6/9
[8 INFO main 3547544] Confirming: 7/9
[8 INFO main 3549626] Confirming: 8/9
[8 INFO main 3551646] Confirming: 9/9
[8 INFO main 3552290] Scout.Query -> Verify.DriveTo | Go to unverified source
[8 INFO main 3582661] Verify.DriveTo -> Verify.Homing | Homing
[8 INFO main 3595013] Confirming: 1/9
[8 INFO main 3595055] Verify.Homing -> Scout.Query | Arrived home
[8 INFO main 3597034] Confirming: 2/9
[8 INFO main 3599111] Confirming: 3/9
[8 INFO main 3601148] Confirming: 4/9
[8 INFO main 3605336] Confirming: 6/9
[8 INFO main 3607411] Confirming: 7/9
[8 INFO main 3609506] Confirming: 8/9
[8 INFO main 3611570] Confirming: 9/9
[8 INFO main 3612428] Scout.Query -> Verify.DriveTo | Go to unverified source
[8 INFO main 3653378] Verify.DriveTo -> Verify.Homing | Homing
[8 INFO main 3681142] Confirming: 2/9
[8 INFO main 3683225] Confirming: 3/9
[8 INFO main 3683688] Verify.Homing -> Scout.Query | Arrived home
[8 INFO main 3687358] Confirming: 5/9
[8 INFO main 3689435] Confirming: 6/9
[8 INFO main 3691549] Confirming: 7/9
[8 INFO main 3693600] Confirming: 8/9
[8 INFO main 3695659] Confirming: 9/9
[8 INFO main 3695713] Scout.Query -> Verify.DriveTo | Go to unverified source
[8 INFO main 3757833] Verify.DriveTo -> Verify.Homing | Homing
[8 INFO main 3764054] Confirming: 1/9
[8 INFO main 3766298] Confirming: 2/9
[8 INFO main 3768411] Confirming: 3/9
[8 INFO main 3770495] Confirming: 4/9
[8 INFO main 3772587] Confirming: 5/9
[8 INFO main 3774838] Confirming: 7/9
[8 INFO main 3776842] Confirming: 8/9
[8 INFO main 3776851] Verify.Homing -> Scout.Query | Arrived home
[8 INFO main 3778902] Confirming: 9/9
[8 INFO main 3779371] Scout.Query -> Verify.DriveTo | Go to unverified source
[8 INFO main 3824721] Verify.DriveTo -> Verify.Homing | Homing
[8 INFO main 3849978] Verify.Homing -> Scout.Query | Arrived home
[8 INFO main 3866208] Confirming: 1/9
[8 INFO main 3868495] Confirming: 2/9
[8 INFO main 3871228] Confirming: 3/9
[8 INFO main 3873765] Confirming: 5/9
[8 INFO main 3875897] Confirming: 6/9
[8 INFO main 3877908] Confirming: 7/9
[8 INFO main 3879949] Confirming: 8/9
[8 INFO main 3881960] Confirming: 9/9
[8 INFO main 3882660] Scout.Query -> Verify.DriveTo | Go to unverified source
[8 INFO main 3942508] Verify.DriveTo -> Verify.Homing | Homing
[8 INFO main 3955031] Confirming: 1/9
[8 INFO main 3957290] Confirming: 2/9
[8 INFO main 3959303] Confirming: 3/9
[8 INFO main 3961462] Confirming: 4/9
[8 INFO main 3963420] Confirming: 5/9
[8 INFO main 3965578] Confirming: 6/9
[8 INFO main 3967645] Confirming: 7/9
[8 INFO main 3969707] Confirming: 8/9
[8 INFO main 3971798] Confirming: 9/9
[8 INFO main 3979284] Verify.Homing -> Scout.Query | Arrived home
[8 INFO main 3979441] Scout.Query -> Verify.DriveTo | Go to unverified source
[8 INFO main 4035085] Verify.DriveTo -> Verify.Homing | Homing
[8 INFO main 4045461] Confirming: 1/9
[8 INFO main 4047476] Confirming: 2/9
[8 INFO main 4049501] Confirming: 3/9
[8 INFO main 4051601] Confirming: 4/9
[8 INFO main 4053677] Confirming: 5/9
[8 INFO main 4055761] Confirming: 6/9
[8 INFO main 4056177] Verify.Homing -> Scout.Query | Arrived home
[8 INFO main 4057786] Confirming: 7/9
[8 INFO main 4059805] Confirming: 8/9
[8 INFO main 4061892] Confirming: 9/9
[8 INFO main 4062852] Scout.Query -> Verify.DriveTo | Go to unverified source
[8 INFO main 4155040] Verify.DriveTo -> Verify.Homing | Homing
[8 INFO main 4165450] Confirming: 1/9
[8 INFO main 4167481] Confirming: 2/9
[8 INFO main 4169527] Confirming: 3/9
[8 INFO main 4171546] Confirming: 4/9
[8 INFO main 4173565] Confirming: 5/9
[8 INFO main 4175678] Confirming: 6/9
[8 INFO main 4177759] Confirming: 7/9
[8 INFO main 4179805] Confirming: 8/9
[8 INFO main 4181875] Confirming: 9/9
[8 INFO main 4201970] Verify.Homing -> Scout.Query | Arrived home
[8 INFO main 4202256] Scout.Query -> Verify.DriveTo | Go to unverified source
[8 INFO main 4274373] Verify.DriveTo -> Verify.Homing | Homing
[8 INFO main 4285371] Confirming: 1/9
[8 INFO main 4287403] Confirming: 2/9
[8 INFO main 4289461] Confirming: 3/9
[8 INFO main 4291549] Confirming: 4/9
[8 INFO main 4293727] Confirming: 5/9
[8 INFO main 4295760] Confirming: 6/9
[8 INFO main 4297888] Confirming: 7/9
[8 INFO main 4299912] Confirming: 8/9
[8 INFO main 4301920] Confirming: 9/9
[8 INFO main 4306099] Verify.Homing -> Scout.Query | Arrived home
[8 INFO main 4306261] Scout.Query -> Verify.DriveTo | Go to unverified source
[8 INFO main 4333267] Verify.DriveTo -> Verify.Homing | Homing
[8 INFO main 4354055] Verify.Homing -> Scout.Query | Arrived home
[8 INFO main 4375444] Confirming: 1/9
[8 INFO main 4377695] Confirming: 2/9
[8 INFO main 4379734] Confirming: 3/9
[8 INFO main 4381830] Confirming: 4/9
[8 INFO main 4383920] Confirming: 5/9
[8 INFO main 4386016] Confirming: 6/9
[8 INFO main 4388203] Confirming: 7/9
[8 INFO main 4390244] Confirming: 8/9
[8 INFO main 4392293] Confirming: 9/9
[8 INFO main 4392431] Scout.Query -> Verify.DriveTo | Go to unverified source
[8 INFO main 4468847] Verify.DriveTo -> Verify.Homing | Homing
[8 INFO main 4492637] Verify.Homing -> Scout.Query | Arrived home
[8 INFO main 4497051] Confirming: 2/9
[8 INFO main 4499200] Confirming: 3/9
[8 INFO main 4501212] Confirming: 4/9
[8 INFO main 4503300] Confirming: 5/9
[8 INFO main 4505342] Confirming: 6/9
[8 INFO main 4507537] Confirming: 7/9
[8 INFO main 4509659] Confirming: 8/9
[8 INFO main 4511662] Confirming: 9/9
[8 INFO main 4512135] Scout.Query -> Verify.DriveTo | Go to unverified source
[8 INFO main 4550770] Verify.DriveTo -> Verify.Homing | Homing
[8 INFO main 4554938] Confirming: 1/9
[8 INFO main 4557018] Confirming: 2/9
[8 INFO main 4558938] Confirming: 3/9
[8 INFO main 4561107] Confirming: 4/9
[8 INFO main 4563198] Confirming: 5/9
[8 INFO main 4566525] Verify.Homing -> Scout.Query | Arrived home
[8 INFO main 4567236] Confirming: 7/9
[8 INFO main 4569299] Confirming: 8/9
[8 INFO main 4571298] Confirming: 9/9
[8 INFO main 4571413] Scout.Query -> Verify.DriveTo | Go to unverified source
[8 INFO main 4593220] Verify.DriveTo -> Verify.Homing | Homing
[8 INFO main 4616666] Confirming: 1/9
[8 INFO main 4618733] Confirming: 2/9
[8 INFO main 4620808] Confirming: 4/9
[8 INFO main 4622878] Confirming: 5/9
[8 INFO main 4624129] Verify.Homing -> Scout.Query | Arrived home
[8 INFO main 4624897] Confirming: 6/9
[8 INFO main 4626953] Confirming: 7/9
[8 INFO main 4631079] Confirming: 9/9
[8 INFO main 4631210] Scout.Query -> Verify.DriveTo | Go to unverified source
[8 INFO main 4672729] Verify.DriveTo -> Verify.Homing | Homing
[8 INFO main 4706818] Confirming: 2/9
[8 INFO main 4708866] Confirming: 3/9
[8 INFO main 4709196] Verify.Homing -> Scout.Query | Arrived home
[8 INFO main 4711152] Confirming: 4/9
[8 INFO main 4713246] Confirming: 5/9
[8 INFO main 4715394] Confirming: 6/9
[8 INFO main 4717502] Confirming: 7/9
[8 INFO main 4719580] Confirming: 8/9
[8 INFO main 4721715] Confirming: 9/9
[8 INFO main 4721851] Scout.Query -> Verify.DriveTo | Go to unverified source
[8 INFO main 4801241] Verify.DriveTo -> Verify.Homing | Homing
[8 INFO main 4824817] Confirming: 1/9
[8 INFO main 4826950] Confirming: 2/9
[8 INFO main 4829004] Confirming: 3/9
[8 INFO main 4831244] Confirming: 4/9
[8 INFO main 4833283] Confirming: 5/9
[8 INFO main 4835562] Confirming: 6/9
[8 INFO main 4837585] Confirming: 7/9
[8 INFO main 4839668] Confirming: 8/9
[8 INFO main 4841760] Confirming: 9/9
[8 INFO main 4862230] Verify.Homing -> Scout.Query | Arrived home
[8 INFO main 4862290] Scout.Query -> Verify.DriveTo | Go to unverified source
[8 INFO main 4896645] Verify.DriveTo -> Verify.Homing | Homing
[8 INFO main 4917807] Confirming: 2/9
[8 INFO main 4919843] Confirming: 3/9
[8 INFO main 4922130] Confirming: 4/9
[8 INFO main 4924242] Confirming: 5/9
[8 INFO main 4926383] Confirming: 6/9
[8 INFO main 4928490] Confirming: 7/9
[8 INFO main 4930610] Confirming: 8/9
[8 INFO main 4930914] Verify.Homing -> Scout.Query | Arrived home
[8 INFO main 4932675] Confirming: 9/9
[8 INFO main 4933208] Scout.Query -> Verify.DriveTo | Go to unverified source
[8 INFO main 5019011] Verify.DriveTo -> Verify.Homing | Homing
[8 INFO main 5036037] Confirming: 1/9
[8 INFO main 5038137] Confirming: 2/9
[8 INFO main 5040138] Confirming: 3/9
[8 INFO main 5042216] Confirming: 4/9
[8 INFO main 5044224] Confirming: 5/9
[8 INFO main 5046362] Confirming: 6/9
[8 INFO main 5048402] Confirming: 7/9
[8 INFO main 5050444] Confirming: 8/9
[8 INFO main 5052483] Confirming: 9/9
[8 INFO main 5069038] Verify.Homing -> Scout.Query | Arrived home
[8 INFO main 5069325] Scout.Query -> Verify.DriveTo | Go to unverified source
[8 INFO main 5115501] Verify.DriveTo -> Verify.Homing | Homing
[8 INFO main 5126297] Confirming: 1/9
[8 INFO main 5128624] Confirming: 2/9
[8 INFO main 5130791] Confirming: 3/9
[8 INFO main 5132811] Confirming: 5/9
[8 INFO main 5136986] Confirming: 6/9
[8 INFO main 5139028] Confirming: 8/9
[8 INFO main 5139300] Verify.Homing -> Scout.Query | Arrived home
[8 INFO main 5141293] Confirming: 9/9
[8 INFO main 5142252] Scout.Query -> Verify.DriveTo | Go to unverified source
[8 INFO main 5167700] Verify.DriveTo -> Verify.Homing | Homing
[8 INFO main 5186706] Confirming: 1/9
[8 INFO main 5187722] Verify.Homing -> Scout.Query | Arrived home
[8 INFO main 5188787] Confirming: 3/9
[8 INFO main 5190903] Confirming: 4/9
[8 INFO main 5195104] Confirming: 6/9
[8 INFO main 5197166] Confirming: 7/9
[8 INFO main 5199211] Confirming: 8/9
[8 INFO main 5201320] Confirming: 9/9
[8 INFO main 5202180] Scout.Query -> Verify.DriveTo | Go to unverified source
[8 INFO main 5322493] Verify.DriveTo -> Verify.Homing | Homing
[8 INFO main 5335811] Confirming: 1/9
[8 INFO main 5337907] Confirming: 2/9
[8 INFO main 5340014] Confirming: 3/9
[8 INFO main 5342103] Confirming: 4/9
[8 INFO main 5344133] Confirming: 5/9
[8 INFO main 5346203] Confirming: 6/9
[8 INFO main 5348277] Confirming: 7/9
[8 INFO main 5350352] Confirming: 8/9
[8 INFO main 5352450] Confirming: 9/9
[8 INFO main 5368754] Verify.Homing -> Scout.Query | Arrived home
[8 INFO main 5368984] Scout.Query -> Verify.DriveTo | Go to unverified source
