[INFO main 78] Initialising peer buffer...
[INFO main 78] Initialising resource buffer...
[INFO main 78] Initialising TCP server...
[INFO main 78] Initialising RandB board...
[INFO main 78] Initialising ground-sensors...
[INFO main 78] Initialising random-walk...
[INFO main 491] --//-- Starting Experiment --//--
[INFO main 2991] Added resource: {"x": -0.35, "y": 0.49, "radius": 0.04, "quantity": 1, "quality": "red", "timeStamp": 0}
[INFO main 87382] Added resource: {"x": -1.06, "y": -0.67, "radius": 0.05, "quantity": 1, "quality": "red", "timeStamp": 0}
[INFO main 121220] Added resource: {"x": -0.72, "y": -1.19, "radius": 0.04, "quantity": 1, "quality": "green", "timeStamp": 0}
[INFO main 160364] Removed resource: {"x": -0.72, "y": -1.19, "radius": 0.04, "quantity": 1, "quality": "green", "timeStamp": 0}
[INFO main 166571] Added resource: {"x": -0.6, "y": -0.95, "radius": 0.06, "quantity": 1, "quality": "yellow", "timeStamp": 0}
[INFO main 233047] Added resource: {"x": -0.18, "y": -0.48, "radius": 0.05, "quantity": 1, "quality": "blue", "timeStamp": 0}
[INFO main 257174] Removed resource: {"x": -0.6, "y": -0.95, "radius": 0.06, "quantity": 1, "quality": "yellow", "timeStamp": 0}
[INFO main 268690] Added resource: {"x": -0.77, "y": -1.06, "radius": 0.05, "quantity": 1, "quality": "blue", "timeStamp": 0}
[INFO main 297212] Removed resource: {"x": -0.18, "y": -0.48, "radius": 0.05, "quantity": 1, "quality": "blue", "timeStamp": 0}
[INFO main 321838] Removed resource: {"x": -0.77, "y": -1.06, "radius": 0.05, "quantity": 1, "quality": "blue", "timeStamp": 0}
[INFO main 322839] Added resource: {"x": -0.8, "y": -1.04, "radius": 0.04, "quantity": 1, "quality": "green", "timeStamp": 0}
[INFO main 385406] Added resource: {"x": -1.17, "y": -0.98, "radius": 0.04, "quantity": 1, "quality": "yellow", "timeStamp": 0}
[INFO main 435473] Added resource: {"x": -0.44, "y": -0.67, "radius": 0.06, "quantity": 1, "quality": "yellow", "timeStamp": 0}
[INFO main 460987] Removed resource: {"x": -0.44, "y": -0.67, "radius": 0.06, "quantity": 1, "quality": "yellow", "timeStamp": 0}
[INFO main 482411] Added resource: {"x": -0.64, "y": -0.59, "radius": 0.05, "quantity": 1, "quality": "blue", "timeStamp": 0}
[INFO main 527358] Removed resource: {"x": -1.17, "y": -0.98, "radius": 0.04, "quantity": 1, "quality": "yellow", "timeStamp": 0}
[INFO main 534366] Added resource: {"x": -1.22, "y": -1.07, "radius": 0.05, "quantity": 1, "quality": "blue", "timeStamp": 0}
[INFO main 548181] Added resource: {"x": -0.83, "y": -0.58, "radius": 0.06, "quantity": 1, "quality": "blue", "timeStamp": 0}
[INFO main 590123] Removed resource: {"x": -0.64, "y": -0.59, "radius": 0.05, "quantity": 1, "quality": "blue", "timeStamp": 0}
