[13 INFO main 28] Initialising Python Geth Console...
[13 INFO main 32] Initialising RandB board...
[13 INFO main 32] Initialising navigation...
[13 INFO main 32] Initialising random-walk...
[13 INFO main 32] Initialising odometry...
[13 INFO main 32] Initialising ground-sensors...
[13 INFO main 147] --//-- Starting Experiment --//--
[13 INFO main 1245] Idle.IDLE -> Scout.Query | Duration: 21.84
[13 INFO main 66069] Scout.Query -> Scout.GotoCenter | Drive to others reported pos
[13 INFO main 240157] Scout.GotoCenter -> Scout.Query | return to random walk
[13 INFO main 263033] Confirming: 1/8
[13 INFO main 265076] Confirming: 2/8
[13 INFO main 267109] Confirming: 3/8
[13 INFO main 269145] Confirming: 4/8
[13 INFO main 273216] Confirming: 5/8
[13 INFO main 275221] Confirming: 6/8
[13 INFO main 277220] Confirming: 7/8
[13 INFO main 279220] Confirming: 8/8
[13 INFO main 331727] Confirming: 1/8
[13 INFO main 333628] Confirming: 2/8
[13 INFO main 335812] Confirming: 3/8
[13 INFO main 337865] Confirming: 4/8
[13 INFO main 339943] Confirming: 5/8
[13 INFO main 341972] Confirming: 6/8
[13 INFO main 344056] Confirming: 7/8
[13 INFO main 346124] Confirming: 8/8
[13 INFO main 346302] Scout.Query -> Scout.GotoCenter | Drive to others reported pos
[13 INFO main 533922] Scout.GotoCenter -> Scout.Query | return to random walk
[13 INFO main 596184] Confirming: 1/8
[13 INFO main 598243] Confirming: 2/8
[13 INFO main 600243] Confirming: 3/8
[13 INFO main 602340] Confirming: 4/8
[13 INFO main 604420] Confirming: 5/8
[13 INFO main 606532] Confirming: 6/8
[13 INFO main 608612] Confirming: 7/8
[13 INFO main 610712] Confirming: 8/8
[13 INFO main 761192] Scout.Query -> Scout.GotoCenter | Drive to others reported pos
[13 INFO main 1014140] Scout.GotoCenter -> Scout.Query | return to random walk
[13 INFO main 1063356] Confirming: 1/8
[13 INFO main 1065374] Confirming: 2/8
[13 INFO main 1067524] Confirming: 3/8
[13 INFO main 1069580] Confirming: 4/8
[13 INFO main 1071612] Confirming: 5/8
[13 INFO main 1073645] Confirming: 6/8
[13 INFO main 1075672] Confirming: 7/8
[13 INFO main 1079720] Confirming: 9/8
[13 INFO main 1105259] Scout.Query -> Scout.GotoCenter | Drive to others reported pos
[13 INFO main 1130963] Scout.GotoCenter -> Scout.Query | return to random walk
[13 INFO main 1147667] Confirming: 1/8
[13 INFO main 1149724] Confirming: 2/8
[13 INFO main 1151802] Confirming: 3/8
[13 INFO main 1155876] Confirming: 5/8
[13 INFO main 1157936] Confirming: 6/8
[13 INFO main 1159993] Confirming: 7/8
[13 INFO main 1162095] Confirming: 8/8
[13 INFO main 1364760] Scout.Query -> Scout.GotoCenter | Drive to others reported pos
[13 INFO main 1555091] Scout.GotoCenter -> Scout.Query | return to random walk
[13 INFO main 1569431] Confirming: 1/8
[13 INFO main 1571540] Confirming: 3/8
[13 INFO main 1658410] Confirming: 5/8
[13 INFO main 1662588] Confirming: 7/8
[13 INFO main 1664677] Confirming: 8/8
[13 INFO main 1666686] Scout.Query -> Scout.GotoCenter | Drive to others reported pos
[13 INFO main 1714987] Scout.GotoCenter -> Scout.Query | return to random walk
[13 INFO main 1776936] Confirming: 1/8
[13 INFO main 1778976] Confirming: 2/8
[13 INFO main 1795272] Confirming: 4/8
[13 INFO main 1805508] Confirming: 11/8
[13 INFO main 1825284] Confirming: 2/8
[13 INFO main 1827252] Confirming: 3/8
[13 INFO main 1829325] Confirming: 4/8
[13 INFO main 1831413] Confirming: 5/8
[13 INFO main 1833416] Confirming: 6/8
[13 INFO main 1835503] Confirming: 7/8
[13 INFO main 1837560] Confirming: 8/8
[13 INFO main 1841627] Scout.Query -> Scout.GotoCenter | Drive to others reported pos
[13 INFO main 1855465] Scout.GotoCenter -> Scout.Query | return to random walk
[13 INFO main 1880290] Confirming: 2/8
[13 INFO main 1882364] Confirming: 3/8
[13 INFO main 1884448] Confirming: 4/8
[13 INFO main 1886493] Confirming: 5/8
[13 INFO main 1888552] Confirming: 6/8
[13 INFO main 1890612] Confirming: 7/8
[13 INFO main 1892578] Confirming: 8/8
[13 INFO main 2129296] Scout.Query -> Scout.GotoCenter | Drive to others reported pos
[13 INFO main 2255463] Scout.GotoCenter -> Scout.Query | return to random walk
[13 INFO main 2275935] Confirming: 1/8
[13 INFO main 2278036] Confirming: 2/8
[13 INFO main 2280040] Confirming: 3/8
[13 INFO main 2282131] Confirming: 4/8
[13 INFO main 2284364] Confirming: 5/8
[13 INFO main 2286460] Confirming: 6/8
[13 INFO main 2288480] Confirming: 7/8
[13 INFO main 2290508] Confirming: 8/8
[13 INFO main 2291136] Scout.Query -> Scout.GotoCenter | Drive to others reported pos
[13 INFO main 2353030] Scout.GotoCenter -> Scout.Query | return to random walk
[13 INFO main 2363816] Confirming: 1/8
[13 INFO main 2365863] Confirming: 2/8
[13 INFO main 2367975] Confirming: 3/8
[13 INFO main 2372036] Confirming: 5/8
[13 INFO main 2374069] Confirming: 6/8
[13 INFO main 2376068] Confirming: 7/8
[13 INFO main 2378196] Confirming: 8/8
[13 INFO main 2504798] Scout.Query -> Scout.GotoCenter | Drive to others reported pos
[13 INFO main 2515813] Scout.GotoCenter -> Scout.Query | return to random walk
[13 INFO main 2522128] Confirming: 1/8
[13 INFO main 2526221] Confirming: 3/8
[13 INFO main 2528295] Confirming: 4/8
[13 INFO main 2530328] Confirming: 5/8
[13 INFO main 2532372] Confirming: 6/8
[13 INFO main 2534392] Confirming: 7/8
[13 INFO main 2536492] Confirming: 8/8
[13 INFO main 2541284] Scout.Query -> Scout.GotoCenter | Drive to others reported pos
[13 INFO main 2605593] Scout.GotoCenter -> Scout.Query | return to random walk
[13 INFO main 2613791] Confirming: 1/8
[13 INFO main 2615864] Confirming: 2/8
[13 INFO main 2617876] Confirming: 3/8
[13 INFO main 2619992] Confirming: 4/8
[13 INFO main 2622016] Confirming: 6/8
[13 INFO main 2628220] Confirming: 7/8
[13 INFO main 2630372] Confirming: 8/8
[13 INFO main 2732400] Scout.Query -> Scout.GotoCenter | Drive to others reported pos
[13 INFO main 2741375] Scout.GotoCenter -> Scout.Query | return to random walk
[13 INFO main 2764135] Confirming: 1/8
[13 INFO main 2766221] Confirming: 2/8
[13 INFO main 2768292] Confirming: 3/8
[13 INFO main 2770325] Confirming: 4/8
[13 INFO main 2772328] Confirming: 5/8
[13 INFO main 2774416] Confirming: 6/8
[13 INFO main 2776484] Confirming: 7/8
[13 INFO main 2778512] Confirming: 8/8
[13 INFO main 2782135] Scout.Query -> Scout.GotoCenter | Drive to others reported pos
[13 INFO main 2812409] Scout.GotoCenter -> Scout.Query | return to random walk
[13 INFO main 2825058] Confirming: 1/8
[13 INFO main 2827196] Confirming: 2/8
[13 INFO main 2829256] Confirming: 3/8
[13 INFO main 2831340] Confirming: 4/8
[13 INFO main 2833379] Confirming: 5/8
[13 INFO main 2835416] Confirming: 6/8
[13 INFO main 2837518] Confirming: 7/8
[13 INFO main 2839584] Confirming: 8/8
[13 INFO main 2843195] Scout.Query -> Scout.GotoCenter | Drive to others reported pos
[13 INFO main 2973613] Scout.GotoCenter -> Scout.Query | return to random walk
[13 INFO main 3032099] Confirming: 1/8
[13 INFO main 3034155] Confirming: 2/8
[13 INFO main 3036151] Confirming: 3/8
[13 INFO main 3038220] Confirming: 4/8
[13 INFO main 3040244] Confirming: 5/8
[13 INFO main 3042272] Confirming: 6/8
[13 INFO main 3044357] Confirming: 7/8
[13 INFO main 3046408] Confirming: 8/8
[13 INFO main 3186286] Scout.Query -> Scout.GotoCenter | Drive to others reported pos
[13 INFO main 3241136] Scout.GotoCenter -> Scout.Query | return to random walk
[13 INFO main 3274095] Confirming: 1/8
[13 INFO main 3276180] Confirming: 2/8
[13 INFO main 3278255] Confirming: 3/8
[13 INFO main 3280264] Confirming: 4/8
[13 INFO main 3282275] Confirming: 5/8
[13 INFO main 3284288] Confirming: 6/8
[13 INFO main 3286324] Confirming: 7/8
[13 INFO main 3288383] Confirming: 8/8
[13 INFO main 3295290] Scout.Query -> Scout.GotoCenter | Drive to others reported pos
[13 INFO main 3307582] Scout.GotoCenter -> Scout.Query | return to random walk
[13 INFO main 3321981] Confirming: 1/8
[13 INFO main 3324213] Confirming: 2/8
[13 INFO main 3326316] Confirming: 3/8
[13 INFO main 3328708] Confirming: 4/8
[13 INFO main 3331035] Confirming: 5/8
[13 INFO main 3333076] Confirming: 6/8
[13 INFO main 3335095] Confirming: 7/8
[13 INFO main 3337147] Confirming: 8/8
[13 INFO main 3339298] Scout.Query -> Scout.GotoCenter | Drive to others reported pos
[13 INFO main 3371715] Scout.GotoCenter -> Scout.Query | return to random walk
[13 INFO main 3388815] Confirming: 1/8
[13 INFO main 3391347] Confirming: 2/8
[13 INFO main 3395564] Confirming: 4/8
[13 INFO main 3397665] Confirming: 5/8
[13 INFO main 3399973] Confirming: 6/8
[13 INFO main 3402166] Confirming: 7/8
[13 INFO main 3404328] Confirming: 9/8
[13 INFO main 3407903] Scout.Query -> Scout.GotoCenter | Drive to others reported pos
[13 INFO main 3532242] Scout.GotoCenter -> Scout.Query | return to random walk
[13 INFO main 3543100] Confirming: 1/8
[13 INFO main 3545096] Confirming: 2/8
[13 INFO main 3547373] Confirming: 3/8
[13 INFO main 3549424] Confirming: 4/8
[13 INFO main 3551652] Confirming: 5/8
[13 INFO main 3553708] Confirming: 6/8
[13 INFO main 3555792] Confirming: 7/8
[13 INFO main 3557863] Confirming: 9/8
[13 INFO main 3558028] Scout.Query -> Scout.GotoCenter | Drive to others reported pos
[13 INFO main 3706311] Scout.GotoCenter -> Scout.Query | return to random walk
[13 INFO main 3717036] Confirming: 1/8
[13 INFO main 3719048] Confirming: 2/8
[13 INFO main 3721072] Confirming: 3/8
[13 INFO main 3723167] Confirming: 4/8
[13 INFO main 3729356] Confirming: 5/8
[13 INFO main 3731431] Confirming: 6/8
[13 INFO main 3743732] Confirming: 13/8
[13 INFO main 3747080] Scout.Query -> Scout.GotoCenter | Drive to others reported pos
[13 INFO main 4065433] Scout.GotoCenter -> Scout.Query | return to random walk
[13 INFO main 4082291] Confirming: 1/8
[13 INFO main 4084303] Confirming: 2/8
[13 INFO main 4086336] Confirming: 3/8
[13 INFO main 4088567] Confirming: 4/8
[13 INFO main 4092752] Confirming: 7/8
[13 INFO main 4094780] Confirming: 8/8
[13 INFO main 4116011] Scout.Query -> Scout.GotoCenter | Drive to others reported pos
[13 INFO main 4286852] Scout.GotoCenter -> Scout.Query | return to random walk
[13 INFO main 4308815] Confirming: 1/8
[13 INFO main 4311212] Confirming: 2/8
[13 INFO main 4313275] Confirming: 3/8
[13 INFO main 4315512] Confirming: 4/8
[13 INFO main 4317524] Confirming: 5/8
[13 INFO main 4319560] Confirming: 6/8
[13 INFO main 4322072] Confirming: 8/8
[13 INFO main 4322835] Scout.Query -> Scout.GotoCenter | Drive to others reported pos
[13 INFO main 4454775] Scout.GotoCenter -> Scout.Query | return to random walk
[13 INFO main 4497548] Confirming: 1/8
[13 INFO main 4501916] Confirming: 2/8
[13 INFO main 4503956] Confirming: 3/8
[13 INFO main 4506092] Confirming: 4/8
[13 INFO main 4510087] Confirming: 5/8
[13 INFO main 4512243] Confirming: 7/8
[13 INFO main 4516345] Confirming: 9/8
[13 INFO main 4520745] Scout.Query -> Scout.GotoCenter | Drive to others reported pos
[13 INFO main 4526281] Scout.GotoCenter -> Scout.Query | return to random walk
[13 INFO main 4543640] Confirming: 1/8
[13 INFO main 4547775] Confirming: 2/8
[13 INFO main 4549816] Confirming: 4/8
[13 INFO main 4560232] Confirming: 6/8
[13 INFO main 4562296] Confirming: 7/8
[13 INFO main 4564387] Confirming: 8/8
[13 INFO main 4577058] Scout.Query -> Scout.GotoCenter | Drive to others reported pos
[13 INFO main 4629191] Scout.GotoCenter -> Scout.Query | return to random walk
[13 INFO main 4654112] Confirming: 1/8
[13 INFO main 4656135] Confirming: 2/8
[13 INFO main 4660185] Confirming: 4/8
[13 INFO main 4664651] Confirming: 6/8
[13 INFO main 4666857] Confirming: 7/8
[13 INFO main 4669087] Confirming: 9/8
[13 INFO main 4796272] Scout.Query -> Scout.GotoCenter | Drive to others reported pos
[13 INFO main 4896616] Scout.GotoCenter -> Scout.Query | return to random walk
[13 INFO main 4903432] Confirming: 1/8
[13 INFO main 4906091] Confirming: 2/8
[13 INFO main 4908584] Confirming: 3/8
[13 INFO main 4910723] Confirming: 4/8
[13 INFO main 4912738] Confirming: 5/8
[13 INFO main 4914861] Confirming: 6/8
[13 INFO main 4916948] Confirming: 7/8
[13 INFO main 4919016] Confirming: 9/8
[13 INFO main 5053504] Scout.Query -> Scout.GotoCenter | Drive to others reported pos
[13 INFO main 5307639] Scout.GotoCenter -> Scout.Query | return to random walk
[13 INFO main 5340279] Confirming: 1/8
[13 INFO main 5345263] Confirming: 3/8
[13 INFO main 5349415] Confirming: 5/8
[13 INFO main 5351424] Confirming: 6/8
[13 INFO main 5353446] Confirming: 7/8
[13 INFO main 5357556] Confirming: 8/8
[13 INFO main 5358736] Scout.Query -> Scout.GotoCenter | Drive to others reported pos
[13 INFO main 6195436] Scout.GotoCenter -> Scout.Query | return to random walk
[13 INFO main 6218992] Confirming: 1/8
[13 INFO main 6221028] Confirming: 2/8
[13 INFO main 6225096] Confirming: 5/8
[13 INFO main 6227140] Confirming: 6/8
[13 INFO main 6229159] Confirming: 7/8
[13 INFO main 6233291] Confirming: 9/8
[13 INFO main 6235905] Scout.Query -> Scout.GotoCenter | Drive to others reported pos
[13 INFO main 6264872] Scout.GotoCenter -> Scout.Query | return to random walk
[13 INFO main 6277202] Confirming: 1/8
[13 INFO main 6279264] Confirming: 2/8
[13 INFO main 6281436] Confirming: 3/8
[13 INFO main 6283467] Confirming: 4/8
[13 INFO main 6285544] Confirming: 5/8
[13 INFO main 6287592] Confirming: 6/8
[13 INFO main 6291663] Confirming: 8/8
[13 INFO main 6629959] Scout.Query -> Scout.GotoCenter | Drive to others reported pos
[13 INFO main 6681992] Scout.GotoCenter -> Scout.Query | return to random walk
[13 INFO main 6704677] Confirming: 1/8
[13 INFO main 6707012] Confirming: 3/8
[13 INFO main 6709108] Confirming: 4/8
[13 INFO main 6711160] Confirming: 5/8
[13 INFO main 6713192] Confirming: 6/8
[13 INFO main 6715202] Confirming: 7/8
[13 INFO main 6717271] Confirming: 8/8
[13 INFO main 6717809] Scout.Query -> Scout.GotoCenter | Drive to others reported pos
[13 INFO main 6804850] Scout.GotoCenter -> Scout.Query | return to random walk
[13 INFO main 6853518] Confirming: 1/8
[13 INFO main 6856511] Confirming: 2/8
[13 INFO main 6858527] Confirming: 3/8
[13 INFO main 6861579] Confirming: 5/8
[13 INFO main 6863990] Confirming: 6/8
[13 INFO main 6866251] Confirming: 7/8
[13 INFO main 6869087] Confirming: 8/8
