[5 INFO main 30] Initialising Python Geth Console...
[5 INFO main 33] Initialising RandB board...
[5 INFO main 34] Initialising navigation...
[5 INFO main 34] Initialising random-walk...
[5 INFO main 34] Initialising odometry...
[5 INFO main 34] Initialising ground-sensors...
[5 INFO main 736] --//-- Starting Experiment --//--
[5 INFO main 1842] Idle.IDLE -> Scout.Query | Duration: 20.49
[5 INFO main 60612] Scout.Query -> Scout.GotoCenter | Drive to others reported pos
[5 INFO main 65924] Scout.GotoCenter -> Scout.Query | return to random walk
[5 INFO main 66622] Scout.Query -> Scout.GotoCenter | Drive to others reported pos
[5 INFO main 66825] Scout.GotoCenter -> Scout.Query | return to random walk
[5 INFO main 67623] Scout.Query -> Scout.GotoCenter | Drive to others reported pos
[5 INFO main 70430] Scout.GotoCenter -> Scout.Query | return to random walk
[5 INFO main 70627] Scout.Query -> Scout.GotoCenter | Drive to others reported pos
[5 INFO main 72629] Scout.GotoCenter -> Scout.Query | return to random walk
[5 INFO main 73632] Scout.Query -> Scout.GotoCenter | Drive to others reported pos
[5 INFO main 74531] Scout.GotoCenter -> Scout.Query | return to random walk
[5 INFO main 74633] Scout.Query -> Scout.GotoCenter | Drive to others reported pos
[5 INFO main 75330] Scout.GotoCenter -> Scout.Query | return to random walk
[5 INFO main 75738] Scout.Query -> Scout.GotoCenter | Drive to others reported pos
[5 INFO main 75833] Scout.GotoCenter -> Scout.Query | return to random walk
[5 INFO main 76839] Scout.Query -> Scout.GotoCenter | Drive to others reported pos
[5 INFO main 77330] Scout.GotoCenter -> Scout.Query | return to random walk
[5 INFO main 77941] Scout.Query -> Scout.GotoCenter | Drive to others reported pos
[5 INFO main 78237] Scout.GotoCenter -> Scout.Query | return to random walk
[5 INFO main 79042] Scout.Query -> Scout.GotoCenter | Drive to others reported pos
[5 INFO main 80838] Scout.GotoCenter -> Scout.Query | return to random walk
[5 INFO main 81044] Scout.Query -> Scout.GotoCenter | Drive to others reported pos
[5 INFO main 81241] Scout.GotoCenter -> Scout.Query | return to random walk
[5 INFO main 82046] Scout.Query -> Scout.GotoCenter | Drive to others reported pos
[5 INFO main 83043] Scout.GotoCenter -> Scout.Query | return to random walk
[5 INFO main 83146] Scout.Query -> Scout.GotoCenter | Drive to others reported pos
[5 INFO main 83243] Scout.GotoCenter -> Scout.Query | return to random walk
[5 INFO main 84147] Scout.Query -> Scout.GotoCenter | Drive to others reported pos
[5 INFO main 85345] Scout.GotoCenter -> Scout.Query | return to random walk
[5 INFO main 86150] Scout.Query -> Scout.GotoCenter | Drive to others reported pos
[5 INFO main 86542] Scout.GotoCenter -> Scout.Query | return to random walk
[5 INFO main 87253] Scout.Query -> Scout.GotoCenter | Drive to others reported pos
[5 INFO main 87447] Scout.GotoCenter -> Scout.Query | return to random walk
[5 INFO main 88353] Scout.Query -> Scout.GotoCenter | Drive to others reported pos
[5 INFO main 88951] Scout.GotoCenter -> Scout.Query | return to random walk
[5 INFO main 89354] Scout.Query -> Scout.GotoCenter | Drive to others reported pos
[5 INFO main 89452] Scout.GotoCenter -> Scout.Query | return to random walk
[5 INFO main 90457] Scout.Query -> Scout.GotoCenter | Drive to others reported pos
[5 INFO main 90652] Scout.GotoCenter -> Scout.Query | return to random walk
[5 INFO main 91552] Scout.Query -> Scout.GotoCenter | Drive to others reported pos
[5 INFO main 91954] Scout.GotoCenter -> Scout.Query | return to random walk
[5 INFO main 92556] Scout.Query -> Scout.GotoCenter | Drive to others reported pos
[5 INFO main 92658] Scout.GotoCenter -> Scout.Query | return to random walk
[5 INFO main 93558] Scout.Query -> Scout.GotoCenter | Drive to others reported pos
[5 INFO main 94059] Scout.GotoCenter -> Scout.Query | return to random walk
[5 INFO main 94560] Scout.Query -> Scout.GotoCenter | Drive to others reported pos
[5 INFO main 94662] Scout.GotoCenter -> Scout.Query | return to random walk
[5 INFO main 95562] Scout.Query -> Scout.GotoCenter | Drive to others reported pos
[5 INFO main 96062] Scout.GotoCenter -> Scout.Query | return to random walk
[5 INFO main 96562] Scout.Query -> Scout.GotoCenter | Drive to others reported pos
[5 INFO main 96662] Scout.GotoCenter -> Scout.Query | return to random walk
[5 INFO main 97564] Scout.Query -> Scout.GotoCenter | Drive to others reported pos
[5 INFO main 97763] Scout.GotoCenter -> Scout.Query | return to random walk
[5 INFO main 98661] Scout.Query -> Scout.GotoCenter | Drive to others reported pos
[5 INFO main 98864] Scout.GotoCenter -> Scout.Query | return to random walk
[5 INFO main 99667] Scout.Query -> Scout.GotoCenter | Drive to others reported pos
[5 INFO main 99767] Scout.GotoCenter -> Scout.Query | return to random walk
[5 INFO main 100765] Scout.Query -> Scout.GotoCenter | Drive to others reported pos
[5 INFO main 102371] Scout.GotoCenter -> Scout.Query | return to random walk
[5 INFO main 102768] Scout.Query -> Scout.GotoCenter | Drive to others reported pos
[5 INFO main 103268] Scout.GotoCenter -> Scout.Query | return to random walk
[5 INFO main 103770] Scout.Query -> Scout.GotoCenter | Drive to others reported pos
[5 INFO main 103872] Scout.GotoCenter -> Scout.Query | return to random walk
[5 INFO main 104772] Scout.Query -> Scout.GotoCenter | Drive to others reported pos
[5 INFO main 105574] Scout.GotoCenter -> Scout.Query | return to random walk
[5 INFO main 105773] Scout.Query -> Scout.GotoCenter | Drive to others reported pos
[5 INFO main 105972] Scout.GotoCenter -> Scout.Query | return to random walk
[5 INFO main 106774] Scout.Query -> Scout.GotoCenter | Drive to others reported pos
[5 INFO main 107470] Scout.GotoCenter -> Scout.Query | return to random walk
[5 INFO main 107873] Scout.Query -> Scout.GotoCenter | Drive to others reported pos
[5 INFO main 107974] Scout.GotoCenter -> Scout.Query | return to random walk
[5 INFO main 108874] Scout.Query -> Scout.GotoCenter | Drive to others reported pos
[5 INFO main 109173] Scout.GotoCenter -> Scout.Query | return to random walk
[5 INFO main 109975] Scout.Query -> Scout.GotoCenter | Drive to others reported pos
[5 INFO main 111374] Scout.GotoCenter -> Scout.Query | return to random walk
[5 INFO main 112076] Scout.Query -> Scout.GotoCenter | Drive to others reported pos
[5 INFO main 112173] Scout.GotoCenter -> Scout.Query | return to random walk
[5 INFO main 113077] Scout.Query -> Scout.GotoCenter | Drive to others reported pos
[5 INFO main 113179] Scout.GotoCenter -> Scout.Query | return to random walk
[5 INFO main 114078] Scout.Query -> Scout.GotoCenter | Drive to others reported pos
[5 INFO main 114179] Scout.GotoCenter -> Scout.Query | return to random walk
[5 INFO main 115083] Scout.Query -> Scout.GotoCenter | Drive to others reported pos
[5 INFO main 115281] Scout.GotoCenter -> Scout.Query | return to random walk
[5 INFO main 116085] Scout.Query -> Scout.GotoCenter | Drive to others reported pos
[5 INFO main 116680] Scout.GotoCenter -> Scout.Query | return to random walk
[5 INFO main 117087] Scout.Query -> Scout.GotoCenter | Drive to others reported pos
[5 INFO main 118686] Scout.GotoCenter -> Scout.Query | return to random walk
[5 INFO main 119187] Scout.Query -> Scout.GotoCenter | Drive to others reported pos
[5 INFO main 120288] Scout.GotoCenter -> Scout.Query | return to random walk
[5 INFO main 121190] Scout.Query -> Scout.GotoCenter | Drive to others reported pos
[5 INFO main 121889] Scout.GotoCenter -> Scout.Query | return to random walk
[5 INFO main 122193] Scout.Query -> Scout.GotoCenter | Drive to others reported pos
[5 INFO main 122390] Scout.GotoCenter -> Scout.Query | return to random walk
[5 INFO main 123194] Scout.Query -> Scout.GotoCenter | Drive to others reported pos
[5 INFO main 123292] Scout.GotoCenter -> Scout.Query | return to random walk
[5 INFO main 124299] Scout.Query -> Scout.GotoCenter | Drive to others reported pos
[5 INFO main 124794] Scout.GotoCenter -> Scout.Query | return to random walk
[5 INFO main 125397] Scout.Query -> Scout.GotoCenter | Drive to others reported pos
[5 INFO main 126695] Scout.GotoCenter -> Scout.Query | return to random walk
[5 INFO main 127500] Scout.Query -> Scout.GotoCenter | Drive to others reported pos
[5 INFO main 127597] Scout.GotoCenter -> Scout.Query | return to random walk
[5 INFO main 128502] Scout.Query -> Scout.GotoCenter | Drive to others reported pos
[5 INFO main 129700] Scout.GotoCenter -> Scout.Query | return to random walk
[5 INFO main 130601] Scout.Query -> Scout.GotoCenter | Drive to others reported pos
[5 INFO main 131901] Scout.GotoCenter -> Scout.Query | return to random walk
[5 INFO main 132708] Scout.Query -> Scout.GotoCenter | Drive to others reported pos
[5 INFO main 133208] Scout.GotoCenter -> Scout.Query | return to random walk
[5 INFO main 133809] Scout.Query -> Scout.GotoCenter | Drive to others reported pos
[5 INFO main 134205] Scout.GotoCenter -> Scout.Query | return to random walk
[5 INFO main 134811] Scout.Query -> Scout.GotoCenter | Drive to others reported pos
[5 INFO main 135206] Scout.GotoCenter -> Scout.Query | return to random walk
[5 INFO main 135812] Scout.Query -> Scout.GotoCenter | Drive to others reported pos
[5 INFO main 135907] Scout.GotoCenter -> Scout.Query | return to random walk
[5 INFO main 136812] Scout.Query -> Scout.GotoCenter | Drive to others reported pos
[5 INFO main 137110] Scout.GotoCenter -> Scout.Query | return to random walk
[5 INFO main 137816] Scout.Query -> Scout.GotoCenter | Drive to others reported pos
[5 INFO main 138317] Scout.GotoCenter -> Scout.Query | return to random walk
[5 INFO main 138912] Scout.Query -> Scout.GotoCenter | Drive to others reported pos
[5 INFO main 139613] Scout.GotoCenter -> Scout.Query | return to random walk
[5 INFO main 139914] Scout.Query -> Scout.GotoCenter | Drive to others reported pos
[5 INFO main 140311] Scout.GotoCenter -> Scout.Query | return to random walk
[5 INFO main 140917] Scout.Query -> Scout.GotoCenter | Drive to others reported pos
[5 INFO main 142116] Scout.GotoCenter -> Scout.Query | return to random walk
