[INFO main 27] Initialising peer buffer...
[INFO main 28] Initialising resource buffer...
[INFO main 28] Initialising TCP server...
[INFO main 28] Initialising RandB board...
[INFO main 28] Initialising ground-sensors...
[INFO main 28] Initialising random-walk...
[INFO main 41] --//-- Starting Experiment --//--
[INFO main 55703] Added resource: {"x": -0.27, "y": 0.82, "radius": 0.06, "quantity": 1, "quality": "red", "timeStamp": 0}
[INFO main 139513] Removed resource: {"x": -0.27, "y": 0.82, "radius": 0.06, "quantity": 1, "quality": "red", "timeStamp": 0}
[INFO main 144207] Added resource: {"x": -0.45, "y": 0.69, "radius": 0.04, "quantity": 1, "quality": "blue", "timeStamp": 0}
[INFO main 222695] Removed resource: {"x": -0.45, "y": 0.69, "radius": 0.04, "quantity": 1, "quality": "blue", "timeStamp": 0}
[INFO main 244520] Added resource: {"x": -0.39, "y": 1.22, "radius": 0.05, "quantity": 1, "quality": "red", "timeStamp": 0}
[INFO main 255032] Added resource: {"x": -0.28, "y": 0.73, "radius": 0.05, "quantity": 1, "quality": "yellow", "timeStamp": 0}
[INFO main 299483] Removed resource: {"x": -0.28, "y": 0.73, "radius": 0.05, "quantity": 1, "quality": "yellow", "timeStamp": 0}
[INFO main 335719] Added resource: {"x": 0.07, "y": -0.63, "radius": 0.05, "quantity": 1, "quality": "red", "timeStamp": 0}
[INFO main 368456] Added resource: {"x": 0.54, "y": -0.08, "radius": 0.06, "quantity": 1, "quality": "blue", "timeStamp": 0}
[INFO main 447645] Removed resource: {"x": 0.54, "y": -0.08, "radius": 0.06, "quantity": 1, "quality": "blue", "timeStamp": 0}
[INFO main 454553] Added resource: {"x": 0.62, "y": -0.4, "radius": 0.05, "quantity": 1, "quality": "yellow", "timeStamp": 0}
[INFO main 493897] Removed resource: {"x": 0.62, "y": -0.4, "radius": 0.05, "quantity": 1, "quality": "yellow", "timeStamp": 0}
[INFO main 522228] Added resource: {"x": 0.82, "y": 0.47, "radius": 0.04, "quantity": 1, "quality": "green", "timeStamp": 0}
[INFO main 565172] Removed resource: {"x": 0.82, "y": 0.47, "radius": 0.04, "quantity": 1, "quality": "green", "timeStamp": 0}
