[INFO main 27] Initialising peer buffer...
[INFO main 27] Initialising resource buffer...
[INFO main 27] Initialising TCP server...
[INFO main 27] Initialising RandB board...
[INFO main 27] Initialising ground-sensors...
[INFO main 28] Initialising random-walk...
[INFO main 823] --//-- Starting Experiment --//--
[INFO main 58192] Added resource: {"x": 0.93, "y": 0.32, "radius": 0.05, "quantity": 1, "quality": "yellow", "timeStamp": 0}
[INFO main 58192] Removed resource: {"x": 0.93, "y": 0.32, "radius": 0.05, "quantity": 1, "quality": "yellow", "timeStamp": 0}
[INFO main 117563] Added resource: {"x": -0.87, "y": -0.97, "radius": 0.05, "quantity": 1, "quality": "blue", "timeStamp": 0}
[INFO main 162425] Removed resource: {"x": -0.87, "y": -0.97, "radius": 0.05, "quantity": 1, "quality": "blue", "timeStamp": 0}
[INFO main 224190] Added resource: {"x": 0.24, "y": -0.75, "radius": 0.04, "quantity": 1, "quality": "green", "timeStamp": 0}
[INFO main 248120] Removed resource: {"x": 0.24, "y": -0.75, "radius": 0.04, "quantity": 1, "quality": "green", "timeStamp": 0}
[INFO main 251724] Added resource: {"x": 0.25, "y": -0.9, "radius": 0.05, "quantity": 1, "quality": "green", "timeStamp": 0}
[INFO main 298286] Removed resource: {"x": 0.25, "y": -0.9, "radius": 0.05, "quantity": 1, "quality": "green", "timeStamp": 0}
[INFO main 301482] Added resource: {"x": 0.38, "y": -0.95, "radius": 0.05, "quantity": 1, "quality": "green", "timeStamp": 0}
[INFO main 348234] Removed resource: {"x": 0.38, "y": -0.95, "radius": 0.05, "quantity": 1, "quality": "green", "timeStamp": 0}
[INFO main 351137] Added resource: {"x": 0.4, "y": -1.08, "radius": 0.05, "quantity": 1, "quality": "red", "timeStamp": 0}
[INFO main 394387] Added resource: {"x": 0.12, "y": -0.73, "radius": 0.05, "quantity": 1, "quality": "red", "timeStamp": 0}
[INFO main 416012] Removed resource: {"x": 0.12, "y": -0.73, "radius": 0.05, "quantity": 1, "quality": "red", "timeStamp": 0}
[INFO main 444645] Added resource: {"x": 0.27, "y": -0.41, "radius": 0.05, "quantity": 1, "quality": "red", "timeStamp": 0}
[INFO main 486695] Added resource: {"x": -0.79, "y": 0.53, "radius": 0.05, "quantity": 1, "quality": "green", "timeStamp": 0}
[INFO main 494504] Added resource: {"x": -0.46, "y": 0.33, "radius": 0.05, "quantity": 1, "quality": "yellow", "timeStamp": 0}
[INFO main 509621] Removed resource: {"x": -0.46, "y": 0.33, "radius": 0.05, "quantity": 1, "quality": "yellow", "timeStamp": 0}
[INFO main 545962] Added resource: {"x": -0.62, "y": -0.11, "radius": 0.05, "quantity": 1, "quality": "green", "timeStamp": 0}
