[2 INFO main 29] Initialising Python Geth Console...
[2 INFO main 34] Initialising RandB board...
[2 INFO main 34] Initialising navigation...
[2 INFO main 35] Initialising random-walk...
[2 INFO main 35] Initialising odometry...
[2 INFO main 35] Initialising ground-sensors...
[2 INFO main 979] --//-- Starting Experiment --//--
[2 INFO main 2385] Idle.IDLE -> Scout.Query | Duration: 30.97
[2 INFO main 30112] Scout.Query -> Verify.DriveTo | Go to unverified source
[2 INFO main 66581] Verify.DriveTo -> Verify.Homing | Homing
[2 INFO main 83882] Verify.Homing -> Scout.Query | Arrived home
[2 INFO main 97600] Confirming: 1/9
[2 INFO main 99520] Confirming: 2/9
[2 INFO main 101650] Confirming: 3/9
[2 INFO main 103739] Confirming: 4/9
[2 INFO main 105763] Confirming: 5/9
[2 INFO main 107828] Confirming: 6/9
[2 INFO main 109885] Confirming: 7/9
[2 INFO main 111886] Confirming: 8/9
[2 INFO main 113985] Confirming: 9/9
[2 INFO main 114873] Scout.Query -> Verify.DriveTo | Go to unverified source
[2 INFO main 161444] Verify.DriveTo -> Verify.Homing | Homing
[2 INFO main 188692] Confirming: 1/9
[2 INFO main 190777] Confirming: 3/9
[2 INFO main 192856] Confirming: 4/9
[2 INFO main 194923] Confirming: 5/9
[2 INFO main 196972] Confirming: 6/9
[2 INFO main 199025] Confirming: 7/9
[2 INFO main 201036] Confirming: 8/9
[2 INFO main 203161] Confirming: 9/9
[2 INFO main 224816] Verify.Homing -> Scout.Query | Arrived home
[2 INFO main 224943] Scout.Query -> Verify.DriveTo | Go to unverified source
[2 INFO main 283152] Verify.DriveTo -> Verify.Homing | Homing
[2 INFO main 304231] Verify.Homing -> Scout.Query | Arrived home
[2 INFO main 307954] Confirming: 1/9
[2 INFO main 309969] Confirming: 2/9
[2 INFO main 312002] Confirming: 3/9
[2 INFO main 314071] Confirming: 4/9
[2 INFO main 316274] Confirming: 6/9
[2 INFO main 318367] Confirming: 7/9
[2 INFO main 320373] Confirming: 8/9
[2 INFO main 324384] Confirming: 9/9
[2 INFO main 324555] Scout.Query -> Verify.DriveTo | Go to unverified source
[2 INFO main 350189] Verify.DriveTo -> Verify.Homing | Homing
[2 INFO main 360443] Confirming: 1/9
[2 INFO main 362561] Confirming: 3/9
[2 INFO main 366676] Confirming: 5/9
[2 INFO main 370845] Confirming: 7/9
[2 INFO main 372841] Confirming: 8/9
[2 INFO main 373306] Verify.Homing -> Scout.Query | Arrived home
[2 INFO main 377013] Confirming: 10/9
[2 INFO main 377703] Scout.Query -> Verify.DriveTo | Go to unverified source
[2 INFO main 410799] Verify.DriveTo -> Verify.Homing | Homing
[2 INFO main 427446] Confirming: 1/9
[2 INFO main 429496] Confirming: 2/9
[2 INFO main 431587] Confirming: 3/9
[2 INFO main 433622] Confirming: 4/9
[2 INFO main 434886] Verify.Homing -> Scout.Query | Arrived home
[2 INFO main 435729] Confirming: 5/9
[2 INFO main 437748] Confirming: 6/9
[2 INFO main 439808] Confirming: 7/9
[2 INFO main 441868] Confirming: 8/9
[2 INFO main 443938] Confirming: 9/9
[2 INFO main 444672] Scout.Query -> Verify.DriveTo | Go to unverified source
[2 INFO main 477027] Verify.DriveTo -> Verify.Homing | Homing
[2 INFO main 487320] Confirming: 1/9
[2 INFO main 489395] Confirming: 2/9
[2 INFO main 493530] Confirming: 4/9
[2 INFO main 495592] Confirming: 5/9
[2 INFO main 497691] Confirming: 6/9
[2 INFO main 499783] Confirming: 7/9
[2 INFO main 501792] Confirming: 8/9
[2 INFO main 503802] Confirming: 9/9
[2 INFO main 516143] Verify.Homing -> Scout.Query | Arrived home
[2 INFO main 516272] Scout.Query -> Verify.DriveTo | Go to unverified source
[2 INFO main 562466] Verify.DriveTo -> Verify.Homing | Homing
[2 INFO main 576991] Confirming: 1/9
[2 INFO main 578996] Confirming: 2/9
[2 INFO main 581082] Confirming: 3/9
[2 INFO main 583123] Confirming: 4/9
[2 INFO main 585197] Confirming: 5/9
[2 INFO main 587245] Confirming: 6/9
[2 INFO main 589338] Confirming: 7/9
[2 INFO main 590681] Verify.Homing -> Scout.Query | Arrived home
[2 INFO main 591411] Confirming: 8/9
[2 INFO main 593467] Confirming: 9/9
[2 INFO main 594189] Scout.Query -> Verify.DriveTo | Go to unverified source
[2 INFO main 620104] Verify.DriveTo -> Verify.Homing | Homing
[2 INFO main 636691] Confirming: 1/9
[2 INFO main 638779] Confirming: 2/9
[2 INFO main 640800] Confirming: 3/9
[2 INFO main 642848] Confirming: 4/9
[2 INFO main 645007] Confirming: 5/9
[2 INFO main 647023] Confirming: 6/9
[2 INFO main 647766] Verify.Homing -> Scout.Query | Arrived home
[2 INFO main 649050] Confirming: 7/9
[2 INFO main 651127] Confirming: 8/9
[2 INFO main 653084] Confirming: 9/9
[2 INFO main 653254] Scout.Query -> Verify.DriveTo | Go to unverified source
[2 INFO main 688477] Verify.DriveTo -> Verify.Homing | Homing
[2 INFO main 696683] Confirming: 1/9
[2 INFO main 698706] Confirming: 2/9
[2 INFO main 700761] Confirming: 3/9
[2 INFO main 702812] Confirming: 4/9
[2 INFO main 704844] Confirming: 5/9
[2 INFO main 706883] Confirming: 6/9
[2 INFO main 708943] Confirming: 7/9
[2 INFO main 710983] Confirming: 8/9
[2 INFO main 713067] Confirming: 9/9
[2 INFO main 731615] Verify.Homing -> Scout.Query | Arrived home
[2 INFO main 731832] Scout.Query -> Verify.DriveTo | Go to unverified source
[2 INFO main 765316] Verify.DriveTo -> Verify.Homing | Homing
[2 INFO main 784667] Verify.Homing -> Scout.Query | Arrived home
[2 INFO main 788023] Confirming: 1/9
[2 INFO main 790115] Confirming: 2/9
[2 INFO main 792161] Confirming: 4/9
[2 INFO main 794219] Confirming: 5/9
[2 INFO main 796298] Confirming: 6/9
[2 INFO main 798340] Confirming: 7/9
[2 INFO main 800397] Confirming: 8/9
[2 INFO main 802417] Confirming: 9/9
[2 INFO main 803261] Scout.Query -> Verify.DriveTo | Go to unverified source
[2 INFO main 846884] Verify.DriveTo -> Verify.Homing | Homing
[2 INFO main 868408] Verify.Homing -> Scout.Query | Arrived home
[2 INFO main 876424] Confirming: 1/9
[2 INFO main 878482] Confirming: 2/9
[2 INFO main 882661] Confirming: 4/9
[2 INFO main 884668] Confirming: 5/9
[2 INFO main 886731] Confirming: 6/9
[2 INFO main 888768] Confirming: 7/9
[2 INFO main 890778] Confirming: 8/9
[2 INFO main 893175] Confirming: 9/9
[2 INFO main 893263] Scout.Query -> Verify.DriveTo | Go to unverified source
[2 INFO main 938790] Verify.DriveTo -> Verify.Homing | Homing
[2 INFO main 967464] Confirming: 1/9
[2 INFO main 969460] Confirming: 2/9
[2 INFO main 971484] Confirming: 3/9
[2 INFO main 973529] Confirming: 4/9
[2 INFO main 978638] Verify.Homing -> Scout.Query | Arrived home
[2 INFO main 979651] Confirming: 7/9
[2 INFO main 981723] Confirming: 8/9
[2 INFO main 983797] Confirming: 9/9
[2 INFO main 984593] Scout.Query -> Verify.DriveTo | Go to unverified source
[2 INFO main 1012897] Verify.DriveTo -> Verify.Homing | Homing
[2 INFO main 1027475] Confirming: 1/9
[2 INFO main 1029514] Confirming: 2/9
[2 INFO main 1031310] Verify.Homing -> Scout.Query | Arrived home
[2 INFO main 1031619] Confirming: 3/9
[2 INFO main 1033718] Confirming: 4/9
[2 INFO main 1035824] Confirming: 5/9
[2 INFO main 1037851] Confirming: 6/9
[2 INFO main 1039858] Confirming: 7/9
[2 INFO main 1041842] Confirming: 8/9
[2 INFO main 1043907] Confirming: 9/9
[2 INFO main 1043938] Scout.Query -> Verify.DriveTo | Go to unverified source
[2 INFO main 1092099] Verify.DriveTo -> Verify.Homing | Homing
[2 INFO main 1114129] Verify.Homing -> Scout.Query | Arrived home
[2 INFO main 1117183] Confirming: 1/9
[2 INFO main 1119220] Confirming: 2/9
[2 INFO main 1121247] Confirming: 3/9
[2 INFO main 1123268] Confirming: 4/9
[2 INFO main 1125367] Confirming: 5/9
[2 INFO main 1127481] Confirming: 6/9
[2 INFO main 1129536] Confirming: 7/9
[2 INFO main 1131623] Confirming: 8/9
[2 INFO main 1133623] Confirming: 9/9
[2 INFO main 1133956] Scout.Query -> Verify.DriveTo | Go to unverified source
[2 INFO main 1165673] Verify.DriveTo -> Verify.Homing | Homing
[2 INFO main 1178152] Confirming: 1/9
[2 INFO main 1180157] Confirming: 2/9
[2 INFO main 1182204] Confirming: 3/9
[2 INFO main 1184208] Confirming: 5/9
[2 INFO main 1186349] Confirming: 6/9
[2 INFO main 1188346] Confirming: 7/9
[2 INFO main 1192561] Confirming: 8/9
[2 INFO main 1193197] Verify.Homing -> Scout.Query | Arrived home
[2 INFO main 1194651] Confirming: 10/9
[2 INFO main 1195447] Scout.Query -> Verify.DriveTo | Go to unverified source
[2 INFO main 1231688] Verify.DriveTo -> Verify.Homing | Homing
[2 INFO main 1261712] Verify.Homing -> Scout.Query | Arrived home
[2 INFO main 1266772] Confirming: 1/9
[2 INFO main 1270949] Confirming: 3/9
[2 INFO main 1273027] Confirming: 4/9
[2 INFO main 1275128] Confirming: 5/9
[2 INFO main 1277151] Confirming: 6/9
[2 INFO main 1279198] Confirming: 7/9
[2 INFO main 1281250] Confirming: 8/9
[2 INFO main 1283268] Confirming: 9/9
[2 INFO main 1283302] Scout.Query -> Verify.DriveTo | Go to unverified source
[2 INFO main 1326772] Verify.DriveTo -> Verify.Homing | Homing
[2 INFO main 1354892] Verify.Homing -> Scout.Query | Arrived home
[2 INFO main 1357879] Confirming: 1/9
[2 INFO main 1359997] Confirming: 2/9
[2 INFO main 1362085] Confirming: 3/9
[2 INFO main 1364116] Confirming: 4/9
[2 INFO main 1366191] Confirming: 6/9
[2 INFO main 1368224] Confirming: 7/9
[2 INFO main 1370317] Confirming: 8/9
[2 INFO main 1372409] Confirming: 9/9
[2 INFO main 1372445] Scout.Query -> Verify.DriveTo | Go to unverified source
[2 INFO main 1399019] Verify.DriveTo -> Verify.Homing | Homing
[2 INFO main 1417621] Confirming: 1/9
[2 INFO main 1419715] Confirming: 2/9
[2 INFO main 1421797] Confirming: 3/9
[2 INFO main 1422509] Verify.Homing -> Scout.Query | Arrived home
[2 INFO main 1423844] Confirming: 4/9
[2 INFO main 1425861] Confirming: 5/9
[2 INFO main 1427875] Confirming: 6/9
[2 INFO main 1429887] Confirming: 7/9
[2 INFO main 1431905] Confirming: 8/9
[2 INFO main 1433974] Confirming: 9/9
[2 INFO main 1434187] Scout.Query -> Verify.DriveTo | Go to unverified source
[2 INFO main 1463545] Verify.DriveTo -> Verify.Homing | Homing
[2 INFO main 1488236] Confirming: 1/9
[2 INFO main 1490237] Confirming: 2/9
[2 INFO main 1492248] Confirming: 4/9
[2 INFO main 1492248] Verify.Homing -> Scout.Query | Arrived home
[2 INFO main 1496415] Confirming: 6/9
[2 INFO main 1500502] Confirming: 7/9
[2 INFO main 1502604] Confirming: 9/9
[2 INFO main 1502949] Scout.Query -> Verify.DriveTo | Go to unverified source
[2 INFO main 1523180] Verify.DriveTo -> Verify.Homing | Homing
[2 INFO main 1537757] Confirming: 1/9
[2 INFO main 1539765] Confirming: 2/9
[2 INFO main 1541845] Confirming: 3/9
[2 INFO main 1543925] Confirming: 4/9
[2 INFO main 1546056] Confirming: 5/9
[2 INFO main 1548164] Confirming: 7/9
[2 INFO main 1550250] Confirming: 8/9
[2 INFO main 1551152] Verify.Homing -> Scout.Query | Arrived home
[2 INFO main 1554354] Confirming: 10/9
[2 INFO main 1554426] Scout.Query -> Verify.DriveTo | Go to unverified source
[2 INFO main 1582011] Verify.DriveTo -> Verify.Homing | Homing
[2 INFO main 1596492] Confirming: 1/9
[2 INFO main 1598511] Confirming: 2/9
[2 INFO main 1600519] Confirming: 3/9
[2 INFO main 1604357] Verify.Homing -> Scout.Query | Arrived home
[2 INFO main 1604561] Confirming: 5/9
[2 INFO main 1606642] Confirming: 6/9
[2 INFO main 1608659] Confirming: 7/9
[2 INFO main 1612849] Confirming: 8/9
[2 INFO main 1614945] Confirming: 9/9
[2 INFO main 1615327] Scout.Query -> Verify.DriveTo | Go to unverified source
[2 INFO main 1640284] Verify.DriveTo -> Verify.Homing | Homing
[2 INFO main 1658795] Confirming: 1/9
[2 INFO main 1660050] Verify.Homing -> Scout.Query | Arrived home
[2 INFO main 1660887] Confirming: 2/9
[2 INFO main 1662966] Confirming: 3/9
[2 INFO main 1665115] Confirming: 4/9
[2 INFO main 1667176] Confirming: 6/9
[2 INFO main 1669338] Confirming: 7/9
[2 INFO main 1671367] Confirming: 8/9
[2 INFO main 1673372] Confirming: 9/9
[2 INFO main 1674135] Scout.Query -> Verify.DriveTo | Go to unverified source
[2 INFO main 1716662] Verify.DriveTo -> Verify.Homing | Homing
[2 INFO main 1747524] Verify.Homing -> Scout.Query | Arrived home
[2 INFO main 1778780] Confirming: 1/9
[2 INFO main 1780881] Confirming: 2/9
[2 INFO main 1782924] Confirming: 3/9
[2 INFO main 1784958] Confirming: 4/9
[2 INFO main 1787083] Confirming: 5/9
[2 INFO main 1789158] Confirming: 6/9
[2 INFO main 1791188] Confirming: 7/9
[2 INFO main 1793178] Confirming: 9/9
[2 INFO main 1793751] Scout.Query -> Verify.DriveTo | Go to unverified source
