[INFO main 27] Initialising peer buffer...
[INFO main 28] Initialising resource buffer...
[INFO main 28] Initialising TCP server...
[INFO main 28] Initialising RandB board...
[INFO main 28] Initialising ground-sensors...
[INFO main 28] Initialising random-walk...
[INFO main 887] --//-- Starting Experiment --//--
[INFO main 48338] Added resource: {"x": 0.73, "y": -1.14, "radius": 0.05, "quantity": 1, "quality": "yellow", "timeStamp": 0}
[INFO main 68761] Removed resource: {"x": 0.73, "y": -1.14, "radius": 0.05, "quantity": 1, "quality": "yellow", "timeStamp": 0}
[INFO main 80174] Added resource: {"x": 0.46, "y": -0.69, "radius": 0.05, "quantity": 1, "quality": "yellow", "timeStamp": 0}
[INFO main 82778] Added resource: {"x": 0.37, "y": -0.58, "radius": 0.04, "quantity": 1, "quality": "red", "timeStamp": 0}
[INFO main 116517] Removed resource: {"x": 0.46, "y": -0.69, "radius": 0.05, "quantity": 1, "quality": "yellow", "timeStamp": 0}
[INFO main 121822] Added resource: {"x": 0.55, "y": -0.92, "radius": 0.06, "quantity": 1, "quality": "green", "timeStamp": 0}
[INFO main 164579] Removed resource: {"x": 0.55, "y": -0.92, "radius": 0.06, "quantity": 1, "quality": "green", "timeStamp": 0}
[INFO main 229550] Removed resource: {"x": 0.37, "y": -0.58, "radius": 0.04, "quantity": 1, "quality": "red", "timeStamp": 0}
[INFO main 290606] Added resource: {"x": -0.75, "y": -0.15, "radius": 0.05, "quantity": 1, "quality": "yellow", "timeStamp": 0}
[INFO main 313430] Removed resource: {"x": -0.75, "y": -0.15, "radius": 0.05, "quantity": 1, "quality": "yellow", "timeStamp": 0}
[INFO main 336854] Added resource: {"x": -0.69, "y": 0.01, "radius": 0.05, "quantity": 1, "quality": "red", "timeStamp": 0}
[INFO main 371193] Added resource: {"x": 0.99, "y": -0.36, "radius": 0.05, "quantity": 1, "quality": "green", "timeStamp": 0}
[INFO main 458088] Removed resource: {"x": 0.99, "y": -0.36, "radius": 0.05, "quantity": 1, "quality": "green", "timeStamp": 0}
[INFO main 461892] Added resource: {"x": 1.14, "y": -0.44, "radius": 0.04, "quantity": 1, "quality": "green", "timeStamp": 0}
[INFO main 516452] Added resource: {"x": -0.24, "y": -1.09, "radius": 0.05, "quantity": 1, "quality": "green", "timeStamp": 0}
[INFO main 530167] Added resource: {"x": -0.17, "y": -0.42, "radius": 0.06, "quantity": 1, "quality": "yellow", "timeStamp": 0}
[INFO main 561803] Added resource: {"x": -0.16, "y": -0.97, "radius": 0.05, "quantity": 1, "quality": "blue", "timeStamp": 0}
[INFO main 594736] Added resource: {"x": 0.53, "y": -0.26, "radius": 0.05, "quantity": 1, "quality": "yellow", "timeStamp": 0}
