[1 INFO main 36] Initialising Python Geth Console...
[1 INFO main 40] Initialising RandB board...
[1 INFO main 40] Initialising navigation...
[1 INFO main 40] Initialising random-walk...
[1 INFO main 40] Initialising odometry...
[1 INFO main 40] Initialising ground-sensors...
[1 INFO main 1479] --//-- Starting Experiment --//--
[1 INFO main 2583] Idle.IDLE -> Scout.Query | Duration: 21.38
[1 INFO main 46949] Scout.Query -> Scout.GotoCenter | Drive to others reported pos
[1 INFO main 79777] Scout.GotoCenter -> Scout.Query | return to random walk
[1 INFO main 94183] Confirming: 1/8
[1 INFO main 96284] Confirming: 2/8
[1 INFO main 98296] Confirming: 3/8
[1 INFO main 100320] Confirming: 4/8
[1 INFO main 102300] Confirming: 5/8
[1 INFO main 106484] Confirming: 6/8
[1 INFO main 108496] Confirming: 7/8
[1 INFO main 110511] Confirming: 9/8
[1 INFO main 110560] Scout.Query -> Scout.GotoCenter | Drive to others reported pos
[1 INFO main 152790] Scout.GotoCenter -> Scout.Query | return to random walk
[1 INFO main 214336] Confirming: 1/8
[1 INFO main 218472] Confirming: 3/8
[1 INFO main 222571] Confirming: 5/8
[1 INFO main 224631] Confirming: 6/8
[1 INFO main 226693] Confirming: 7/8
[1 INFO main 228707] Confirming: 8/8
[1 INFO main 228866] Scout.Query -> Scout.GotoCenter | Drive to others reported pos
[1 INFO main 256847] Scout.GotoCenter -> Scout.Query | return to random walk
[1 INFO main 267348] Confirming: 1/8
[1 INFO main 269379] Confirming: 3/8
[1 INFO main 283928] Confirming: 5/8
[1 INFO main 292050] Confirming: 13/8
[1 INFO main 434006] Scout.Query -> Scout.GotoCenter | Drive to others reported pos
[1 INFO main 443317] Scout.GotoCenter -> Scout.Query | return to random walk
[1 INFO main 494811] Confirming: 11/8
[1 INFO main 499326] Scout.Query -> Scout.GotoCenter | Drive to others reported pos
[1 INFO main 530370] Scout.GotoCenter -> Scout.Query | return to random walk
[1 INFO main 536588] Confirming: 1/8
[1 INFO main 538714] Confirming: 2/8
[1 INFO main 540739] Confirming: 3/8
[1 INFO main 542804] Confirming: 4/8
[1 INFO main 544907] Confirming: 5/8
[1 INFO main 546936] Confirming: 6/8
[1 INFO main 548963] Confirming: 7/8
[1 INFO main 551097] Confirming: 8/8
[1 INFO main 859192] Scout.Query -> Scout.GotoCenter | Drive to others reported pos
[1 INFO main 872795] Scout.GotoCenter -> Scout.Query | return to random walk
[1 INFO main 930340] Confirming: 1/8
[1 INFO main 932355] Confirming: 2/8
[1 INFO main 938511] Confirming: 6/8
[1 INFO main 948734] Confirming: 10/8
[1 INFO main 948853] Scout.Query -> Scout.GotoCenter | Drive to others reported pos
[1 INFO main 1073642] Scout.GotoCenter -> Scout.Query | return to random walk
[1 INFO main 1081956] Confirming: 1/8
[1 INFO main 1084040] Confirming: 2/8
[1 INFO main 1086127] Confirming: 3/8
[1 INFO main 1090203] Confirming: 5/8
[1 INFO main 1094320] Confirming: 6/8
[1 INFO main 1100375] Confirming: 7/8
[1 INFO main 1104551] Confirming: 8/8
[1 INFO main 1109114] Scout.Query -> Scout.GotoCenter | Drive to others reported pos
[1 INFO main 1132871] Scout.GotoCenter -> Scout.Query | return to random walk
[1 INFO main 1147380] Confirming: 2/8
[1 INFO main 1149407] Confirming: 3/8
[1 INFO main 1151420] Confirming: 4/8
[1 INFO main 1153511] Confirming: 5/8
[1 INFO main 1155584] Confirming: 6/8
[1 INFO main 1157637] Confirming: 7/8
[1 INFO main 1159720] Confirming: 8/8
[1 INFO main 1325397] Scout.Query -> Scout.GotoCenter | Drive to others reported pos
[1 INFO main 1354625] Scout.GotoCenter -> Scout.Query | return to random walk
[1 INFO main 1371143] Confirming: 1/8
[1 INFO main 1373208] Confirming: 2/8
[1 INFO main 1375240] Confirming: 3/8
[1 INFO main 1377244] Confirming: 4/8
[1 INFO main 1379320] Confirming: 5/8
[1 INFO main 1381416] Confirming: 6/8
[1 INFO main 1383516] Confirming: 7/8
[1 INFO main 1385604] Confirming: 8/8
[1 INFO main 1496981] Scout.Query -> Scout.GotoCenter | Drive to others reported pos
[1 INFO main 1505048] Scout.GotoCenter -> Scout.Query | return to random walk
[1 INFO main 1521284] Confirming: 1/8
[1 INFO main 1523279] Confirming: 2/8
[1 INFO main 1525316] Confirming: 3/8
[1 INFO main 1527380] Confirming: 4/8
[1 INFO main 1529454] Confirming: 5/8
[1 INFO main 1531539] Confirming: 6/8
[1 INFO main 1533584] Confirming: 7/8
[1 INFO main 1535611] Confirming: 8/8
[1 INFO main 1540567] Scout.Query -> Scout.GotoCenter | Drive to others reported pos
[1 INFO main 1558831] Scout.GotoCenter -> Scout.Query | return to random walk
[1 INFO main 1581795] Confirming: 1/8
[1 INFO main 1583876] Confirming: 2/8
[1 INFO main 1585972] Confirming: 3/8
[1 INFO main 1588003] Confirming: 4/8
[1 INFO main 1590019] Confirming: 5/8
[1 INFO main 1592131] Confirming: 7/8
[1 INFO main 1596352] Confirming: 8/8
[1 INFO main 2076525] Scout.Query -> Scout.GotoCenter | Drive to others reported pos
[1 INFO main 2111580] Scout.GotoCenter -> Scout.Query | return to random walk
[1 INFO main 2136126] Confirming: 1/8
[1 INFO main 2138182] Confirming: 2/8
[1 INFO main 2140254] Confirming: 3/8
[1 INFO main 2142332] Confirming: 4/8
[1 INFO main 2144372] Confirming: 5/8
[1 INFO main 2146444] Confirming: 6/8
[1 INFO main 2148452] Confirming: 7/8
[1 INFO main 2150500] Confirming: 8/8
[1 INFO main 2152438] Scout.Query -> Scout.GotoCenter | Drive to others reported pos
[1 INFO main 2181257] Scout.GotoCenter -> Scout.Query | return to random walk
[1 INFO main 2197792] Confirming: 1/8
[1 INFO main 2199856] Confirming: 2/8
[1 INFO main 2201867] Confirming: 3/8
[1 INFO main 2203931] Confirming: 4/8
[1 INFO main 2206032] Confirming: 5/8
[1 INFO main 2208087] Confirming: 6/8
[1 INFO main 2210139] Confirming: 8/8
[1 INFO main 2595558] Confirming: 1/8
[1 INFO main 2597623] Confirming: 2/8
[1 INFO main 2599647] Confirming: 3/8
[1 INFO main 2601679] Confirming: 4/8
[1 INFO main 2603739] Confirming: 5/8
[1 INFO main 2605772] Confirming: 6/8
[1 INFO main 2607779] Confirming: 7/8
[1 INFO main 2609835] Confirming: 8/8
[1 INFO main 2768884] Confirming: 1/8
[1 INFO main 2781156] Confirming: 2/8
[1 INFO main 2783200] Confirming: 3/8
[1 INFO main 2785231] Confirming: 4/8
[1 INFO main 2787276] Confirming: 5/8
[1 INFO main 2789376] Confirming: 6/8
[1 INFO main 2791440] Confirming: 7/8
[1 INFO main 2793513] Confirming: 8/8
[1 INFO main 2807558] Scout.Query -> Scout.GotoCenter | Drive to others reported pos
[1 INFO main 2849133] Scout.GotoCenter -> Scout.Query | return to random walk
[1 INFO main 2869831] Confirming: 1/8
[1 INFO main 2871911] Confirming: 2/8
[1 INFO main 2873968] Confirming: 3/8
[1 INFO main 2876026] Confirming: 4/8
[1 INFO main 2878084] Confirming: 5/8
[1 INFO main 2880123] Confirming: 6/8
[1 INFO main 2882202] Confirming: 8/8
[1 INFO main 2884666] Scout.Query -> Scout.GotoCenter | Drive to others reported pos
[1 INFO main 2898556] Scout.GotoCenter -> Scout.Query | return to random walk
[1 INFO main 2929611] Confirming: 1/8
[1 INFO main 2931708] Confirming: 2/8
[1 INFO main 2933708] Confirming: 3/8
[1 INFO main 2935852] Confirming: 4/8
[1 INFO main 2937892] Confirming: 5/8
[1 INFO main 2940068] Confirming: 6/8
[1 INFO main 2942084] Confirming: 7/8
[1 INFO main 2944108] Confirming: 9/8
[1 INFO main 2945130] Scout.Query -> Scout.GotoCenter | Drive to others reported pos
[1 INFO main 2957682] Scout.GotoCenter -> Scout.Query | return to random walk
[1 INFO main 2989616] Confirming: 1/8
[1 INFO main 2991879] Confirming: 2/8
[1 INFO main 2994160] Confirming: 3/8
[1 INFO main 2996180] Confirming: 4/8
[1 INFO main 2998687] Confirming: 6/8
[1 INFO main 3000848] Confirming: 7/8
[1 INFO main 3002967] Confirming: 8/8
[1 INFO main 3007991] Scout.Query -> Scout.GotoCenter | Drive to others reported pos
[1 INFO main 3021661] Scout.GotoCenter -> Scout.Query | return to random walk
[1 INFO main 3050147] Confirming: 2/8
[1 INFO main 3052176] Confirming: 3/8
[1 INFO main 3054596] Confirming: 4/8
[1 INFO main 3056704] Confirming: 5/8
[1 INFO main 3058716] Confirming: 6/8
[1 INFO main 3060816] Confirming: 7/8
[1 INFO main 3063328] Confirming: 8/8
[1 INFO main 3646906] Scout.Query -> Scout.GotoCenter | Drive to others reported pos
[1 INFO main 3658091] Scout.GotoCenter -> Scout.Query | return to random walk
[1 INFO main 3678768] Confirming: 1/8
[1 INFO main 3680812] Confirming: 2/8
[1 INFO main 3682872] Confirming: 3/8
[1 INFO main 3684916] Confirming: 4/8
[1 INFO main 3687016] Confirming: 5/8
[1 INFO main 3689075] Confirming: 6/8
[1 INFO main 3691075] Confirming: 7/8
[1 INFO main 3693087] Confirming: 8/8
[1 INFO main 4001895] Scout.Query -> Scout.GotoCenter | Drive to others reported pos
[1 INFO main 4040406] Scout.GotoCenter -> Scout.Query | return to random walk
[1 INFO main 4158800] Confirming: 1/8
[1 INFO main 4160772] Confirming: 2/8
[1 INFO main 4162848] Confirming: 3/8
[1 INFO main 4164896] Confirming: 5/8
[1 INFO main 4166984] Confirming: 6/8
[1 INFO main 4171315] Confirming: 8/8
[1 INFO main 4288583] Scout.Query -> Scout.GotoCenter | Drive to others reported pos
[1 INFO main 4314115] Scout.GotoCenter -> Scout.Query | return to random walk
[1 INFO main 4359392] Confirming: 1/8
[1 INFO main 4361530] Confirming: 2/8
[1 INFO main 4363544] Confirming: 3/8
[1 INFO main 4365587] Confirming: 4/8
[1 INFO main 4367667] Confirming: 6/8
[1 INFO main 4378043] Confirming: 11/8
[1 INFO main 4386578] Scout.Query -> Scout.GotoCenter | Drive to others reported pos
