[10 INFO main 30] Initialising Python Geth Console...
[10 INFO main 33] Initialising RandB board...
[10 INFO main 34] Initialising navigation...
[10 INFO main 34] Initialising random-walk...
[10 INFO main 34] Initialising odometry...
[10 INFO main 34] Initialising ground-sensors...
[10 INFO main 703] --//-- Starting Experiment --//--
[10 INFO main 1808] Idle.IDLE -> Scout.Query | Duration: 22.43
[10 INFO main 74606] Scout.Query -> Scout.GotoCenter | Drive to others reported pos
[10 INFO main 78604] Scout.GotoCenter -> Scout.Query | return to random walk
[10 INFO main 78913] Scout.Query -> Scout.GotoCenter | Drive to others reported pos
[10 INFO main 83413] Scout.GotoCenter -> Scout.Query | return to random walk
[10 INFO main 84114] Scout.Query -> Scout.GotoCenter | Drive to others reported pos
[10 INFO main 84615] Scout.GotoCenter -> Scout.Query | return to random walk
[10 INFO main 85115] Scout.Query -> Scout.GotoCenter | Drive to others reported pos
[10 INFO main 86619] Scout.GotoCenter -> Scout.Query | return to random walk
[10 INFO main 87120] Scout.Query -> Scout.GotoCenter | Drive to others reported pos
[10 INFO main 88718] Scout.GotoCenter -> Scout.Query | return to random walk
[10 INFO main 89222] Scout.Query -> Scout.GotoCenter | Drive to others reported pos
[10 INFO main 89420] Scout.GotoCenter -> Scout.Query | return to random walk
[10 INFO main 90224] Scout.Query -> Scout.GotoCenter | Drive to others reported pos
[10 INFO main 91826] Scout.GotoCenter -> Scout.Query | return to random walk
[10 INFO main 92323] Scout.Query -> Scout.GotoCenter | Drive to others reported pos
[10 INFO main 92825] Scout.GotoCenter -> Scout.Query | return to random walk
[10 INFO main 93326] Scout.Query -> Scout.GotoCenter | Drive to others reported pos
[10 INFO main 93624] Scout.GotoCenter -> Scout.Query | return to random walk
[10 INFO main 94327] Scout.Query -> Scout.GotoCenter | Drive to others reported pos
[10 INFO main 96127] Scout.GotoCenter -> Scout.Query | return to random walk
[10 INFO main 96432] Scout.Query -> Scout.GotoCenter | Drive to others reported pos
[10 INFO main 97029] Scout.GotoCenter -> Scout.Query | return to random walk
[10 INFO main 97535] Scout.Query -> Scout.GotoCenter | Drive to others reported pos
[10 INFO main 98931] Scout.GotoCenter -> Scout.Query | return to random walk
[10 INFO main 99741] Scout.Query -> Scout.GotoCenter | Drive to others reported pos
[10 INFO main 100633] Scout.GotoCenter -> Scout.Query | return to random walk
[10 INFO main 100843] Scout.Query -> Scout.GotoCenter | Drive to others reported pos
[10 INFO main 104438] Scout.GotoCenter -> Scout.Query | return to random walk
[10 INFO main 105048] Scout.Query -> Scout.GotoCenter | Drive to others reported pos
[10 INFO main 108342] Scout.GotoCenter -> Scout.Query | return to random walk
[10 INFO main 109447] Scout.Query -> Scout.GotoCenter | Drive to others reported pos
[10 INFO main 110649] Scout.GotoCenter -> Scout.Query | return to random walk
