[2 INFO main 28] Initialising Python Geth Console...
[2 INFO main 33] Initialising RandB board...
[2 INFO main 33] Initialising navigation...
[2 INFO main 33] Initialising random-walk...
[2 INFO main 33] Initialising odometry...
[2 INFO main 33] Initialising ground-sensors...
[2 INFO main 1538] --//-- Starting Experiment --//--
[2 INFO main 2641] Idle.IDLE -> Scout.Query | Duration: 22.00
[2 INFO main 47114] Scout.Query -> Scout.GotoCenter | Drive to others reported pos
[2 INFO main 64555] Scout.GotoCenter -> Scout.Query | return to random walk
[2 INFO main 100139] Scout.Query -> Scout.GotoCenter | Drive to others reported pos
[2 INFO main 106178] Scout.GotoCenter -> Scout.Query | return to random walk
[2 INFO main 247838] Scout.Query -> Scout.GotoCenter | Drive to others reported pos
[2 INFO main 283135] Scout.GotoCenter -> Scout.Query | return to random walk
[2 INFO main 313634] Scout.Query -> Scout.GotoCenter | Drive to others reported pos
[2 INFO main 351328] Scout.GotoCenter -> Scout.Query | return to random walk
[2 INFO main 407127] Scout.Query -> Scout.GotoCenter | Drive to others reported pos
[2 INFO main 430691] Scout.GotoCenter -> Scout.Query | return to random walk
[2 INFO main 476269] Scout.Query -> Scout.GotoCenter | Drive to others reported pos
[2 INFO main 515879] Scout.GotoCenter -> Scout.Query | return to random walk
[2 INFO main 561554] Scout.Query -> Scout.GotoCenter | Drive to others reported pos
[2 INFO main 563571] Scout.GotoCenter -> Scout.Query | return to random walk
[2 INFO main 591982] Scout.Query -> Scout.GotoCenter | Drive to others reported pos
[2 INFO main 599484] Scout.GotoCenter -> Scout.Query | return to random walk
[2 INFO main 650218] Scout.Query -> Scout.GotoCenter | Drive to others reported pos
[2 INFO main 668215] Scout.GotoCenter -> Scout.Query | return to random walk
[2 INFO main 713986] Scout.Query -> Scout.GotoCenter | Drive to others reported pos
[2 INFO main 729321] Scout.GotoCenter -> Scout.Query | return to random walk
[2 INFO main 769987] Scout.Query -> Scout.GotoCenter | Drive to others reported pos
[2 INFO main 813992] Scout.GotoCenter -> Scout.Query | return to random walk
[2 INFO main 920367] Scout.Query -> Scout.GotoCenter | Drive to others reported pos
[2 INFO main 964053] Scout.GotoCenter -> Scout.Query | return to random walk
[2 INFO main 989522] Scout.Query -> Scout.GotoCenter | Drive to others reported pos
[2 INFO main 1039936] Scout.GotoCenter -> Scout.Query | return to random walk
[2 INFO main 1116404] Scout.Query -> Scout.GotoCenter | Drive to others reported pos
