[3 INFO main 32] Initialising Python Geth Console...
[3 INFO main 37] Initialising RandB board...
[3 INFO main 37] Initialising navigation...
[3 INFO main 38] Initialising random-walk...
[3 INFO main 38] Initialising odometry...
[3 INFO main 38] Initialising ground-sensors...
[3 INFO main 1034] --//-- Starting Experiment --//--
[3 INFO main 2134] Idle.IDLE -> Scout.Query | Duration: 21.14
[3 INFO main 16203] Scout.Query -> Scout.GotoCenter | Drive to others reported pos
[3 INFO main 63360] Scout.GotoCenter -> Scout.Query | return to random walk
[3 INFO main 88704] Scout.Query -> Scout.GotoCenter | Drive to others reported pos
[3 INFO main 123192] Scout.GotoCenter -> Scout.Query | return to random walk
[3 INFO main 179672] Scout.Query -> Scout.GotoCenter | Drive to others reported pos
[3 INFO main 224975] Scout.GotoCenter -> Scout.Query | return to random walk
[3 INFO main 260484] Scout.Query -> Scout.GotoCenter | Drive to others reported pos
[3 INFO main 278628] Scout.GotoCenter -> Scout.Query | return to random walk
[3 INFO main 309471] Scout.Query -> Scout.GotoCenter | Drive to others reported pos
[3 INFO main 352236] Scout.GotoCenter -> Scout.Query | return to random walk
[3 INFO main 408523] Scout.Query -> Scout.GotoCenter | Drive to others reported pos
[3 INFO main 452278] Scout.GotoCenter -> Scout.Query | return to random walk
[3 INFO main 492819] Scout.Query -> Scout.GotoCenter | Drive to others reported pos
[3 INFO main 503197] Scout.GotoCenter -> Scout.Query | return to random walk
[3 INFO main 533790] Scout.Query -> Scout.GotoCenter | Drive to others reported pos
[3 INFO main 576791] Scout.GotoCenter -> Scout.Query | return to random walk
[3 INFO main 693404] Scout.Query -> Scout.GotoCenter | Drive to others reported pos
[3 INFO main 749820] Scout.GotoCenter -> Scout.Query | return to random walk
[3 INFO main 775321] Scout.Query -> Scout.GotoCenter | Drive to others reported pos
[3 INFO main 799493] Scout.GotoCenter -> Scout.Query | return to random walk
[3 INFO main 875405] Scout.Query -> Scout.GotoCenter | Drive to others reported pos
[3 INFO main 918063] Scout.GotoCenter -> Scout.Query | return to random walk
[3 INFO main 953476] Scout.Query -> Scout.GotoCenter | Drive to others reported pos
[3 INFO main 965195] Scout.GotoCenter -> Scout.Query | return to random walk
[3 INFO main 1162753] Scout.Query -> Scout.GotoCenter | Drive to others reported pos
[3 INFO main 1221808] Scout.GotoCenter -> Scout.Query | return to random walk
