[8 INFO main 28] Initialising Python Geth Console...
[8 INFO main 33] Initialising RandB board...
[8 INFO main 33] Initialising navigation...
[8 INFO main 33] Initialising random-walk...
[8 INFO main 33] Initialising odometry...
[8 INFO main 33] Initialising ground-sensors...
[8 INFO main 634] --//-- Starting Experiment --//--
[8 INFO main 2038] Idle.IDLE -> Scout.Query | Duration: 25.71
[8 INFO main 41373] Scout.Query -> Verify.DriveTo | Go to unverified source
[8 INFO main 90337] Verify.DriveTo -> Verify.Homing | Homing
[8 INFO main 101995] Verify.Homing -> Scout.Query | Arrived home
[8 INFO main 111188] Confirming: 1/9
[8 INFO main 113185] Confirming: 2/9
[8 INFO main 115355] Confirming: 3/9
[8 INFO main 117504] Confirming: 4/9
[8 INFO main 119570] Confirming: 5/9
[8 INFO main 121715] Confirming: 6/9
[8 INFO main 123882] Confirming: 7/9
[8 INFO main 125981] Confirming: 8/9
[8 INFO main 127997] Confirming: 9/9
[8 INFO main 128162] Scout.Query -> Verify.DriveTo | Go to unverified source
[8 INFO main 179716] Verify.DriveTo -> Verify.Homing | Homing
[8 INFO main 201289] Confirming: 1/9
[8 INFO main 203403] Confirming: 2/9
[8 INFO main 204312] Verify.Homing -> Scout.Query | Arrived home
[8 INFO main 205430] Confirming: 3/9
[8 INFO main 207445] Confirming: 4/9
[8 INFO main 209453] Confirming: 5/9
[8 INFO main 211516] Confirming: 6/9
[8 INFO main 213623] Confirming: 7/9
[8 INFO main 215688] Confirming: 8/9
[8 INFO main 217765] Confirming: 9/9
[8 INFO main 217843] Scout.Query -> Verify.DriveTo | Go to unverified source
[8 INFO main 255640] Verify.DriveTo -> Verify.Homing | Homing
[8 INFO main 282305] Verify.Homing -> Scout.Query | Arrived home
[8 INFO main 291016] Confirming: 1/9
[8 INFO main 293053] Confirming: 2/9
[8 INFO main 295126] Confirming: 3/9
[8 INFO main 297181] Confirming: 4/9
[8 INFO main 299670] Confirming: 5/9
[8 INFO main 301673] Confirming: 6/9
[8 INFO main 303690] Confirming: 7/9
[8 INFO main 305733] Confirming: 8/9
[8 INFO main 307772] Confirming: 9/9
[8 INFO main 308233] Scout.Query -> Verify.DriveTo | Go to unverified source
[8 INFO main 335301] Verify.DriveTo -> Verify.Homing | Homing
[8 INFO main 352197] Confirming: 1/9
[8 INFO main 354201] Confirming: 2/9
[8 INFO main 356309] Confirming: 3/9
[8 INFO main 358414] Confirming: 5/9
[8 INFO main 360634] Confirming: 6/9
[8 INFO main 364001] Confirming: 7/9
[8 INFO main 364002] Verify.Homing -> Scout.Query | Arrived home
[8 INFO main 366013] Confirming: 8/9
[8 INFO main 368154] Confirming: 9/9
[8 INFO main 368948] Scout.Query -> Verify.DriveTo | Go to unverified source
[8 INFO main 401401] Verify.DriveTo -> Verify.Homing | Homing
[8 INFO main 426712] Verify.Homing -> Scout.Query | Arrived home
[8 INFO main 430206] Confirming: 1/9
[8 INFO main 432209] Confirming: 2/9
[8 INFO main 434247] Confirming: 3/9
[8 INFO main 436302] Confirming: 4/9
[8 INFO main 438346] Confirming: 5/9
[8 INFO main 440435] Confirming: 7/9
[8 INFO main 444564] Confirming: 8/9
[8 INFO main 446576] Confirming: 9/9
[8 INFO main 447228] Scout.Query -> Verify.DriveTo | Go to unverified source
[8 INFO main 505881] Verify.DriveTo -> Verify.Homing | Homing
[8 INFO main 526588] Verify.Homing -> Scout.Query | Arrived home
[8 INFO main 532860] Confirming: 2/9
[8 INFO main 534942] Confirming: 3/9
[8 INFO main 537005] Confirming: 4/9
[8 INFO main 539041] Confirming: 5/9
[8 INFO main 541203] Confirming: 6/9
[8 INFO main 543208] Confirming: 7/9
[8 INFO main 547467] Confirming: 9/9
[8 INFO main 548012] Scout.Query -> Verify.DriveTo | Go to unverified source
[8 INFO main 582492] Verify.DriveTo -> Verify.Homing | Homing
[8 INFO main 590950] Confirming: 1/9
[8 INFO main 592961] Confirming: 2/9
[8 INFO main 597084] Confirming: 4/9
[8 INFO main 599178] Confirming: 5/9
[8 INFO main 601222] Confirming: 6/9
[8 INFO main 603299] Confirming: 7/9
[8 INFO main 605370] Confirming: 8/9
[8 INFO main 607419] Confirming: 9/9
[8 INFO main 638416] Verify.Homing -> Scout.Query | Arrived home
[8 INFO main 638541] Scout.Query -> Verify.DriveTo | Go to unverified source
[8 INFO main 690311] Verify.DriveTo -> Verify.Homing | Homing
[8 INFO main 710941] Confirming: 1/9
[8 INFO main 713089] Confirming: 2/9
[8 INFO main 715105] Confirming: 3/9
[8 INFO main 715833] Verify.Homing -> Scout.Query | Arrived home
[8 INFO main 717129] Confirming: 4/9
[8 INFO main 719134] Confirming: 5/9
[8 INFO main 721283] Confirming: 6/9
[8 INFO main 723382] Confirming: 7/9
[8 INFO main 725446] Confirming: 8/9
[8 INFO main 727514] Confirming: 9/9
[8 INFO main 727885] Scout.Query -> Verify.DriveTo | Go to unverified source
[8 INFO main 780662] Verify.DriveTo -> Verify.Homing | Homing
[8 INFO main 795529] Verify.Homing -> Scout.Query | Arrived home
[8 INFO main 801562] Confirming: 1/9
[8 INFO main 803649] Confirming: 2/9
[8 INFO main 805755] Confirming: 3/9
[8 INFO main 807837] Confirming: 4/9
[8 INFO main 809954] Confirming: 5/9
[8 INFO main 812000] Confirming: 6/9
[8 INFO main 814369] Confirming: 7/9
[8 INFO main 816439] Confirming: 9/9
[8 INFO main 816475] Scout.Query -> Verify.DriveTo | Go to unverified source
[8 INFO main 869993] Verify.DriveTo -> Verify.Homing | Homing
[8 INFO main 891611] Verify.Homing -> Scout.Query | Arrived home
[8 INFO main 892805] Confirming: 2/9
[8 INFO main 894908] Confirming: 3/9
[8 INFO main 897002] Confirming: 4/9
[8 INFO main 899058] Confirming: 5/9
[8 INFO main 901077] Confirming: 6/9
[8 INFO main 904117] Confirming: 7/9
[8 INFO main 906137] Confirming: 8/9
[8 INFO main 908197] Confirming: 9/9
[8 INFO main 908650] Scout.Query -> Verify.DriveTo | Go to unverified source
[8 INFO main 942050] Verify.DriveTo -> Verify.Homing | Homing
[8 INFO main 960501] Verify.Homing -> Scout.Query | Arrived home
[8 INFO main 993922] Confirming: 1/9
[8 INFO main 996204] Confirming: 2/9
[8 INFO main 998235] Confirming: 3/9
[8 INFO main 1000240] Confirming: 4/9
[8 INFO main 1002264] Confirming: 5/9
[8 INFO main 1004394] Confirming: 6/9
[8 INFO main 1006494] Confirming: 8/9
[8 INFO main 1008511] Confirming: 9/9
[8 INFO main 1009084] Scout.Query -> Verify.DriveTo | Go to unverified source
[8 INFO main 1070411] Verify.DriveTo -> Verify.Homing | Homing
[8 INFO main 1098397] Verify.Homing -> Scout.Query | Arrived home
[8 INFO main 1101725] Confirming: 1/9
[8 INFO main 1103745] Confirming: 2/9
[8 INFO main 1105758] Confirming: 3/9
[8 INFO main 1107778] Confirming: 4/9
[8 INFO main 1110027] Confirming: 5/9
[8 INFO main 1112184] Confirming: 6/9
[8 INFO main 1114518] Confirming: 8/9
[8 INFO main 1116662] Confirming: 9/9
[8 INFO main 1116753] Scout.Query -> Verify.DriveTo | Go to unverified source
[8 INFO main 1173625] Verify.DriveTo -> Verify.Homing | Homing
[8 INFO main 1192699] Confirming: 1/9
[8 INFO main 1194750] Confirming: 3/9
[8 INFO main 1196792] Confirming: 4/9
[8 INFO main 1198860] Confirming: 5/9
[8 INFO main 1201068] Confirming: 6/9
[8 INFO main 1203154] Confirming: 7/9
[8 INFO main 1205246] Confirming: 8/9
[8 INFO main 1207297] Confirming: 9/9
[8 INFO main 1208852] Verify.Homing -> Scout.Query | Arrived home
[8 INFO main 1208894] Scout.Query -> Verify.DriveTo | Go to unverified source
[8 INFO main 1293630] Verify.DriveTo -> Verify.Homing | Homing
[8 INFO main 1310596] Confirming: 1/9
[8 INFO main 1312677] Confirming: 2/9
[8 INFO main 1314678] Confirming: 3/9
[8 INFO main 1316770] Confirming: 4/9
[8 INFO main 1318857] Confirming: 5/9
[8 INFO main 1320927] Confirming: 6/9
[8 INFO main 1322986] Confirming: 7/9
[8 INFO main 1324999] Confirming: 8/9
[8 INFO main 1326580] Verify.Homing -> Scout.Query | Arrived home
[8 INFO main 1327036] Confirming: 9/9
[8 INFO main 1327075] Scout.Query -> Verify.DriveTo | Go to unverified source
[8 INFO main 1361473] Verify.DriveTo -> Verify.Homing | Homing
[8 INFO main 1371893] Confirming: 1/9
[8 INFO main 1373972] Confirming: 2/9
[8 INFO main 1376066] Confirming: 3/9
[8 INFO main 1378074] Confirming: 4/9
[8 INFO main 1378515] Verify.Homing -> Scout.Query | Arrived home
[8 INFO main 1380135] Confirming: 5/9
[8 INFO main 1382157] Confirming: 6/9
[8 INFO main 1384328] Confirming: 7/9
[8 INFO main 1386366] Confirming: 8/9
[8 INFO main 1388374] Confirming: 9/9
[8 INFO main 1388951] Scout.Query -> Verify.DriveTo | Go to unverified source
[8 INFO main 1423109] Verify.DriveTo -> Verify.Homing | Homing
[8 INFO main 1431275] Confirming: 1/9
[8 INFO main 1433373] Confirming: 2/9
[8 INFO main 1435417] Confirming: 3/9
[8 INFO main 1437706] Confirming: 4/9
[8 INFO main 1439718] Confirming: 5/9
[8 INFO main 1441822] Confirming: 6/9
[8 INFO main 1443855] Confirming: 7/9
[8 INFO main 1443961] Verify.Homing -> Scout.Query | Arrived home
[8 INFO main 1446056] Confirming: 8/9
[8 INFO main 1448087] Confirming: 9/9
[8 INFO main 1448457] Scout.Query -> Verify.DriveTo | Go to unverified source
[8 INFO main 1515290] Verify.DriveTo -> Verify.Homing | Homing
[8 INFO main 1521678] Confirming: 1/9
[8 INFO main 1523786] Confirming: 2/9
[8 INFO main 1525795] Confirming: 3/9
[8 INFO main 1527810] Confirming: 4/9
[8 INFO main 1529909] Confirming: 5/9
[8 INFO main 1531976] Confirming: 6/9
[8 INFO main 1534092] Confirming: 7/9
[8 INFO main 1535440] Verify.Homing -> Scout.Query | Arrived home
[8 INFO main 1536291] Confirming: 8/9
[8 INFO main 1538422] Confirming: 9/9
[8 INFO main 1539126] Scout.Query -> Verify.DriveTo | Go to unverified source
[8 INFO main 1561294] Verify.DriveTo -> Verify.Homing | Homing
[8 INFO main 1576749] Verify.Homing -> Scout.Query | Arrived home
[8 INFO main 1581858] Confirming: 1/9
[8 INFO main 1583931] Confirming: 2/9
[8 INFO main 1586082] Confirming: 3/9
[8 INFO main 1588113] Confirming: 4/9
[8 INFO main 1590187] Confirming: 5/9
[8 INFO main 1592238] Confirming: 6/9
[8 INFO main 1594382] Confirming: 7/9
[8 INFO main 1596398] Confirming: 8/9
[8 INFO main 1598424] Confirming: 9/9
[8 INFO main 1598768] Scout.Query -> Verify.DriveTo | Go to unverified source
[8 INFO main 1679425] Verify.DriveTo -> Verify.Homing | Homing
[8 INFO main 1697145] Verify.Homing -> Scout.Query | Arrived home
[8 INFO main 1702010] Confirming: 1/9
[8 INFO main 1704060] Confirming: 2/9
[8 INFO main 1706092] Confirming: 3/9
[8 INFO main 1708239] Confirming: 4/9
[8 INFO main 1710259] Confirming: 5/9
[8 INFO main 1712271] Confirming: 6/9
[8 INFO main 1714302] Confirming: 7/9
[8 INFO main 1716435] Confirming: 9/9
[8 INFO main 1716677] Scout.Query -> Verify.DriveTo | Go to unverified source
[8 INFO main 1750548] Verify.DriveTo -> Verify.Homing | Homing
[8 INFO main 1761010] Confirming: 1/9
[8 INFO main 1763083] Confirming: 2/9
[8 INFO main 1765190] Confirming: 3/9
[8 INFO main 1767219] Confirming: 4/9
[8 INFO main 1769271] Confirming: 5/9
[8 INFO main 1771345] Confirming: 6/9
[8 INFO main 1772096] Verify.Homing -> Scout.Query | Arrived home
[8 INFO main 1773360] Confirming: 7/9
[8 INFO main 1775494] Confirming: 8/9
[8 INFO main 1777458] Confirming: 9/9
[8 INFO main 1777733] Scout.Query -> Verify.DriveTo | Go to unverified source
