[11 INFO main 30] Initialising Python Geth Console...
[11 INFO main 34] Initialising RandB board...
[11 INFO main 34] Initialising navigation...
[11 INFO main 34] Initialising random-walk...
[11 INFO main 34] Initialising odometry...
[11 INFO main 34] Initialising ground-sensors...
[11 INFO main 274] --//-- Starting Experiment --//--
[11 INFO main 1373] Idle.IDLE -> Scout.Query | Duration: 19.27
[11 INFO main 46092] Scout.Query -> Scout.GotoCenter | Drive to others reported pos
[11 INFO main 81983] Scout.GotoCenter -> Scout.Query | return to random walk
[11 INFO main 88124] Confirming: 1/8
[11 INFO main 90193] Confirming: 2/8
[11 INFO main 92217] Confirming: 3/8
[11 INFO main 94233] Confirming: 4/8
[11 INFO main 96348] Confirming: 5/8
[11 INFO main 98480] Confirming: 6/8
[11 INFO main 100616] Confirming: 7/8
[11 INFO main 102644] Confirming: 8/8
[11 INFO main 207212] Confirming: 1/8
[11 INFO main 227744] Confirming: 2/8
[11 INFO main 229823] Confirming: 3/8
[11 INFO main 231888] Confirming: 4/8
[11 INFO main 233925] Confirming: 5/8
[11 INFO main 235960] Confirming: 6/8
[11 INFO main 240113] Confirming: 8/8
[11 INFO main 248916] Scout.Query -> Scout.GotoCenter | Drive to others reported pos
[11 INFO main 290451] Scout.GotoCenter -> Scout.Query | return to random walk
[11 INFO main 309088] Confirming: 1/8
[11 INFO main 311097] Confirming: 2/8
[11 INFO main 313183] Confirming: 3/8
[11 INFO main 315240] Confirming: 4/8
[11 INFO main 317245] Confirming: 5/8
[11 INFO main 319334] Confirming: 6/8
[11 INFO main 321399] Confirming: 7/8
[11 INFO main 323484] Confirming: 8/8
[11 INFO main 326451] Scout.Query -> Scout.GotoCenter | Drive to others reported pos
[11 INFO main 368826] Scout.GotoCenter -> Scout.Query | return to random walk
[11 INFO main 391479] Confirming: 1/8
[11 INFO main 395533] Confirming: 2/8
[11 INFO main 407940] Confirming: 3/8
[11 INFO main 409983] Confirming: 5/8
[11 INFO main 414372] Confirming: 7/8
[11 INFO main 416379] Confirming: 8/8
[11 INFO main 419626] Scout.Query -> Scout.GotoCenter | Drive to others reported pos
[11 INFO main 440474] Scout.GotoCenter -> Scout.Query | return to random walk
[11 INFO main 465224] Confirming: 1/8
[11 INFO main 467323] Confirming: 2/8
[11 INFO main 471439] Confirming: 4/8
[11 INFO main 473508] Confirming: 5/8
[11 INFO main 475728] Confirming: 6/8
[11 INFO main 477812] Confirming: 7/8
[11 INFO main 480076] Confirming: 8/8
[11 INFO main 795477] Scout.Query -> Scout.GotoCenter | Drive to others reported pos
[11 INFO main 824372] Scout.GotoCenter -> Scout.Query | return to random walk
[11 INFO main 859432] Confirming: 1/8
[11 INFO main 861499] Confirming: 2/8
[11 INFO main 863591] Confirming: 3/8
[11 INFO main 865608] Confirming: 4/8
[11 INFO main 867696] Confirming: 5/8
[11 INFO main 869775] Confirming: 6/8
[11 INFO main 871776] Confirming: 7/8
[11 INFO main 873868] Confirming: 8/8
[11 INFO main 875640] Scout.Query -> Scout.GotoCenter | Drive to others reported pos
[11 INFO main 898512] Scout.GotoCenter -> Scout.Query | return to random walk
[11 INFO main 937468] Confirming: 2/8
[11 INFO main 939471] Confirming: 3/8
[11 INFO main 941557] Confirming: 4/8
[11 INFO main 943696] Confirming: 5/8
[11 INFO main 945700] Confirming: 6/8
[11 INFO main 947728] Confirming: 7/8
[11 INFO main 949803] Confirming: 8/8
[11 INFO main 954393] Scout.Query -> Scout.GotoCenter | Drive to others reported pos
[11 INFO main 1033953] Scout.GotoCenter -> Scout.Query | return to random walk
[11 INFO main 1054841] Confirming: 1/8
[11 INFO main 1056836] Confirming: 2/8
[11 INFO main 1058837] Confirming: 3/8
[11 INFO main 1060909] Confirming: 4/8
[11 INFO main 1063045] Confirming: 5/8
[11 INFO main 1067240] Confirming: 6/8
[11 INFO main 1069300] Confirming: 8/8
[11 INFO main 1227740] Scout.Query -> Scout.GotoCenter | Drive to others reported pos
[11 INFO main 1255656] Scout.GotoCenter -> Scout.Query | return to random walk
[11 INFO main 1288663] Confirming: 1/8
[11 INFO main 1290669] Confirming: 2/8
[11 INFO main 1292711] Confirming: 3/8
[11 INFO main 1294724] Confirming: 4/8
[11 INFO main 1296743] Confirming: 5/8
[11 INFO main 1298869] Confirming: 6/8
[11 INFO main 1305007] Confirming: 9/8
[11 INFO main 1382038] Scout.Query -> Scout.GotoCenter | Drive to others reported pos
[11 INFO main 1395455] Scout.GotoCenter -> Scout.Query | return to random walk
[11 INFO main 1409912] Confirming: 1/8
[11 INFO main 1411871] Confirming: 2/8
[11 INFO main 1413980] Confirming: 3/8
[11 INFO main 1415979] Confirming: 4/8
[11 INFO main 1418072] Confirming: 5/8
[11 INFO main 1420080] Confirming: 6/8
[11 INFO main 1422142] Confirming: 7/8
[11 INFO main 1424176] Confirming: 8/8
[11 INFO main 1546427] Scout.Query -> Scout.GotoCenter | Drive to others reported pos
[11 INFO main 1566978] Scout.GotoCenter -> Scout.Query | return to random walk
[11 INFO main 1597990] Confirming: 1/8
[11 INFO main 1600079] Confirming: 2/8
[11 INFO main 1602299] Confirming: 3/8
[11 INFO main 1604265] Confirming: 4/8
[11 INFO main 1606444] Confirming: 5/8
[11 INFO main 1608474] Confirming: 6/8
[11 INFO main 1610577] Confirming: 7/8
[11 INFO main 1612640] Confirming: 8/8
[11 INFO main 1613092] Scout.Query -> Scout.GotoCenter | Drive to others reported pos
[11 INFO main 1633240] Scout.GotoCenter -> Scout.Query | return to random walk
[11 INFO main 1658047] Confirming: 1/8
[11 INFO main 1660119] Confirming: 2/8
[11 INFO main 1662240] Confirming: 3/8
[11 INFO main 1664284] Confirming: 4/8
[11 INFO main 1666348] Confirming: 5/8
[11 INFO main 1668356] Confirming: 6/8
[11 INFO main 1670325] Confirming: 7/8
[11 INFO main 1672380] Confirming: 8/8
[11 INFO main 1673781] Scout.Query -> Scout.GotoCenter | Drive to others reported pos
[11 INFO main 1709716] Scout.GotoCenter -> Scout.Query | return to random walk
[11 INFO main 1720089] Confirming: 2/8
[11 INFO main 1722159] Confirming: 3/8
[11 INFO main 1724204] Confirming: 4/8
[11 INFO main 1726284] Confirming: 5/8
[11 INFO main 1728360] Confirming: 6/8
[11 INFO main 1730696] Confirming: 7/8
[11 INFO main 1732744] Confirming: 8/8
[11 INFO main 1736019] Scout.Query -> Scout.GotoCenter | Drive to others reported pos
[11 INFO main 1772339] Scout.GotoCenter -> Scout.Query | return to random walk
[11 INFO main 1779168] Confirming: 1/8
[11 INFO main 1781201] Confirming: 2/8
[11 INFO main 1783325] Confirming: 3/8
[11 INFO main 1785388] Confirming: 4/8
[11 INFO main 1787460] Confirming: 5/8
[11 INFO main 1789544] Confirming: 6/8
[11 INFO main 1791591] Confirming: 7/8
[11 INFO main 1793639] Confirming: 8/8
[11 INFO main 2263208] Scout.Query -> Scout.GotoCenter | Drive to others reported pos
[11 INFO main 2270757] Scout.GotoCenter -> Scout.Query | return to random walk
[11 INFO main 2297556] Confirming: 1/8
[11 INFO main 2299568] Confirming: 2/8
[11 INFO main 2301612] Confirming: 3/8
[11 INFO main 2303647] Confirming: 4/8
[11 INFO main 2305647] Confirming: 5/8
[11 INFO main 2309776] Confirming: 7/8
[11 INFO main 2311780] Confirming: 8/8
[11 INFO main 2644571] Confirming: 2/8
[11 INFO main 2648737] Confirming: 4/8
[11 INFO main 2650831] Confirming: 5/8
[11 INFO main 2652863] Confirming: 6/8
[11 INFO main 2654902] Confirming: 7/8
[11 INFO main 2657007] Confirming: 8/8
[11 INFO main 2681837] Scout.Query -> Scout.GotoCenter | Drive to others reported pos
[11 INFO main 2733464] Scout.GotoCenter -> Scout.Query | return to random walk
[11 INFO main 2764712] Confirming: 1/8
[11 INFO main 2766748] Confirming: 2/8
[11 INFO main 2768841] Confirming: 3/8
[11 INFO main 2770851] Confirming: 4/8
[11 INFO main 2772869] Confirming: 5/8
[11 INFO main 2774895] Confirming: 6/8
[11 INFO main 2776949] Confirming: 7/8
[11 INFO main 2779044] Confirming: 8/8
[11 INFO main 3317651] Confirming: 1/8
[11 INFO main 3319574] Confirming: 2/8
[11 INFO main 3321707] Confirming: 3/8
[11 INFO main 3323764] Confirming: 4/8
[11 INFO main 3325856] Confirming: 5/8
[11 INFO main 3327952] Confirming: 6/8
[11 INFO main 3330053] Confirming: 7/8
[11 INFO main 3332148] Confirming: 8/8
[11 INFO main 3333225] Scout.Query -> Scout.GotoCenter | Drive to others reported pos
[11 INFO main 3368722] Scout.GotoCenter -> Scout.Query | return to random walk
[11 INFO main 3376993] Confirming: 1/8
[11 INFO main 3379140] Confirming: 2/8
[11 INFO main 3381149] Confirming: 3/8
[11 INFO main 3383229] Confirming: 4/8
[11 INFO main 3385344] Confirming: 5/8
[11 INFO main 3387388] Confirming: 6/8
[11 INFO main 3389464] Confirming: 7/8
[11 INFO main 3391565] Confirming: 8/8
[11 INFO main 3764269] Scout.Query -> Scout.GotoCenter | Drive to others reported pos
[11 INFO main 3900275] Scout.GotoCenter -> Scout.Query | return to random walk
[11 INFO main 3916697] Confirming: 2/8
[11 INFO main 3918832] Confirming: 3/8
[11 INFO main 3920924] Confirming: 4/8
[11 INFO main 3923003] Confirming: 5/8
[11 INFO main 3925019] Confirming: 6/8
[11 INFO main 3927031] Confirming: 7/8
[11 INFO main 3929056] Confirming: 9/8
[11 INFO main 3930820] Scout.Query -> Scout.GotoCenter | Drive to others reported pos
[11 INFO main 4001793] Scout.GotoCenter -> Scout.Query | return to random walk
[11 INFO main 4037027] Confirming: 1/8
[11 INFO main 4039096] Confirming: 2/8
[11 INFO main 4041133] Confirming: 3/8
[11 INFO main 4043324] Confirming: 4/8
[11 INFO main 4045324] Confirming: 5/8
[11 INFO main 4047360] Confirming: 6/8
[11 INFO main 4049388] Confirming: 7/8
[11 INFO main 4051463] Confirming: 8/8
