[2 INFO main 30] Initialising Python Geth Console...
[2 INFO main 34] Initialising RandB board...
[2 INFO main 34] Initialising navigation...
[2 INFO main 34] Initialising random-walk...
[2 INFO main 34] Initialising odometry...
[2 INFO main 34] Initialising ground-sensors...
[2 INFO main 799] --//-- Starting Experiment --//--
[2 INFO main 1902] Idle.IDLE -> Scout.Query | Duration: 18.54
[2 INFO main 56573] Scout.Query -> Scout.GotoCenter | Drive to others reported pos
[2 INFO main 69688] Scout.GotoCenter -> Scout.Query | return to random walk
[2 INFO main 70592] Scout.Query -> Scout.GotoCenter | Drive to others reported pos
[2 INFO main 71391] Scout.GotoCenter -> Scout.Query | return to random walk
[2 INFO main 71593] Scout.Query -> Scout.GotoCenter | Drive to others reported pos
[2 INFO main 71691] Scout.GotoCenter -> Scout.Query | return to random walk
[2 INFO main 72593] Scout.Query -> Scout.GotoCenter | Drive to others reported pos
[2 INFO main 74394] Scout.GotoCenter -> Scout.Query | return to random walk
[2 INFO main 74596] Scout.Query -> Scout.GotoCenter | Drive to others reported pos
[2 INFO main 74696] Scout.GotoCenter -> Scout.Query | return to random walk
[2 INFO main 75597] Scout.Query -> Scout.GotoCenter | Drive to others reported pos
[2 INFO main 75697] Scout.GotoCenter -> Scout.Query | return to random walk
[2 INFO main 76599] Scout.Query -> Scout.GotoCenter | Drive to others reported pos
[2 INFO main 78601] Scout.GotoCenter -> Scout.Query | return to random walk
[2 INFO main 79602] Scout.Query -> Scout.GotoCenter | Drive to others reported pos
[2 INFO main 79703] Scout.GotoCenter -> Scout.Query | return to random walk
[2 INFO main 80604] Scout.Query -> Scout.GotoCenter | Drive to others reported pos
[2 INFO main 81903] Scout.GotoCenter -> Scout.Query | return to random walk
[2 INFO main 82606] Scout.Query -> Scout.GotoCenter | Drive to others reported pos
[2 INFO main 83707] Scout.GotoCenter -> Scout.Query | return to random walk
[2 INFO main 84608] Scout.Query -> Scout.GotoCenter | Drive to others reported pos
[2 INFO main 84709] Scout.GotoCenter -> Scout.Query | return to random walk
[2 INFO main 85609] Scout.Query -> Scout.GotoCenter | Drive to others reported pos
[2 INFO main 85710] Scout.GotoCenter -> Scout.Query | return to random walk
[2 INFO main 86610] Scout.Query -> Scout.GotoCenter | Drive to others reported pos
[2 INFO main 87111] Scout.GotoCenter -> Scout.Query | return to random walk
[2 INFO main 87611] Scout.Query -> Scout.GotoCenter | Drive to others reported pos
[2 INFO main 88010] Scout.GotoCenter -> Scout.Query | return to random walk
[2 INFO main 88613] Scout.Query -> Scout.GotoCenter | Drive to others reported pos
[2 INFO main 89214] Scout.GotoCenter -> Scout.Query | return to random walk
[2 INFO main 89615] Scout.Query -> Scout.GotoCenter | Drive to others reported pos
[2 INFO main 89911] Scout.GotoCenter -> Scout.Query | return to random walk
[2 INFO main 90615] Scout.Query -> Scout.GotoCenter | Drive to others reported pos
[2 INFO main 98123] Scout.GotoCenter -> Scout.Query | return to random walk
[2 INFO main 98726] Scout.Query -> Scout.GotoCenter | Drive to others reported pos
[2 INFO main 98824] Scout.GotoCenter -> Scout.Query | return to random walk
[2 INFO main 99727] Scout.Query -> Scout.GotoCenter | Drive to others reported pos
[2 INFO main 100327] Scout.GotoCenter -> Scout.Query | return to random walk
[2 INFO main 100728] Scout.Query -> Scout.GotoCenter | Drive to others reported pos
[2 INFO main 100827] Scout.GotoCenter -> Scout.Query | return to random walk
[2 INFO main 101730] Scout.Query -> Scout.GotoCenter | Drive to others reported pos
[2 INFO main 104332] Scout.GotoCenter -> Scout.Query | return to random walk
[2 INFO main 104734] Scout.Query -> Scout.GotoCenter | Drive to others reported pos
[2 INFO main 104832] Scout.GotoCenter -> Scout.Query | return to random walk
[2 INFO main 105735] Scout.Query -> Scout.GotoCenter | Drive to others reported pos
[2 INFO main 105834] Scout.GotoCenter -> Scout.Query | return to random walk
[2 INFO main 106736] Scout.Query -> Scout.GotoCenter | Drive to others reported pos
[2 INFO main 106834] Scout.GotoCenter -> Scout.Query | return to random walk
[2 INFO main 107737] Scout.Query -> Scout.GotoCenter | Drive to others reported pos
[2 INFO main 140677] Scout.GotoCenter -> Scout.Query | return to random walk
[2 INFO main 141276] Scout.Query -> Scout.GotoCenter | Drive to others reported pos
[2 INFO main 141376] Scout.GotoCenter -> Scout.Query | return to random walk
[2 INFO main 142277] Scout.Query -> Scout.GotoCenter | Drive to others reported pos
[2 INFO main 142377] Scout.GotoCenter -> Scout.Query | return to random walk
[2 INFO main 143278] Scout.Query -> Scout.GotoCenter | Drive to others reported pos
[2 INFO main 143581] Scout.GotoCenter -> Scout.Query | return to random walk
[2 INFO main 144280] Scout.Query -> Scout.GotoCenter | Drive to others reported pos
[2 INFO main 144781] Scout.GotoCenter -> Scout.Query | return to random walk
[2 INFO main 145381] Scout.Query -> Scout.GotoCenter | Drive to others reported pos
[2 INFO main 146480] Scout.GotoCenter -> Scout.Query | return to random walk
[2 INFO main 147384] Scout.Query -> Scout.GotoCenter | Drive to others reported pos
[2 INFO main 147484] Scout.GotoCenter -> Scout.Query | return to random walk
[2 INFO main 148386] Scout.Query -> Scout.GotoCenter | Drive to others reported pos
[2 INFO main 148485] Scout.GotoCenter -> Scout.Query | return to random walk
[2 INFO main 149387] Scout.Query -> Scout.GotoCenter | Drive to others reported pos
[2 INFO main 149487] Scout.GotoCenter -> Scout.Query | return to random walk
[2 INFO main 150388] Scout.Query -> Scout.GotoCenter | Drive to others reported pos
[2 INFO main 161001] Scout.GotoCenter -> Scout.Query | return to random walk
[2 INFO main 161502] Scout.Query -> Scout.GotoCenter | Drive to others reported pos
[2 INFO main 161600] Scout.GotoCenter -> Scout.Query | return to random walk
[2 INFO main 162505] Scout.Query -> Scout.GotoCenter | Drive to others reported pos
[2 INFO main 162604] Scout.GotoCenter -> Scout.Query | return to random walk
[2 INFO main 163506] Scout.Query -> Scout.GotoCenter | Drive to others reported pos
[2 INFO main 165608] Scout.GotoCenter -> Scout.Query | return to random walk
[2 INFO main 166610] Scout.Query -> Scout.GotoCenter | Drive to others reported pos
[2 INFO main 166709] Scout.GotoCenter -> Scout.Query | return to random walk
[2 INFO main 167708] Scout.Query -> Scout.GotoCenter | Drive to others reported pos
[2 INFO main 175013] Scout.GotoCenter -> Scout.Query | return to random walk
[2 INFO main 175815] Scout.Query -> Scout.GotoCenter | Drive to others reported pos
[2 INFO main 176114] Scout.GotoCenter -> Scout.Query | return to random walk
[2 INFO main 176817] Scout.Query -> Scout.GotoCenter | Drive to others reported pos
[2 INFO main 178917] Scout.GotoCenter -> Scout.Query | return to random walk
[2 INFO main 179918] Scout.Query -> Scout.GotoCenter | Drive to others reported pos
[2 INFO main 180521] Scout.GotoCenter -> Scout.Query | return to random walk
[2 INFO main 180923] Scout.Query -> Scout.GotoCenter | Drive to others reported pos
[2 INFO main 181221] Scout.GotoCenter -> Scout.Query | return to random walk
[2 INFO main 181925] Scout.Query -> Scout.GotoCenter | Drive to others reported pos
[2 INFO main 182925] Scout.GotoCenter -> Scout.Query | return to random walk
[2 INFO main 184028] Scout.Query -> Scout.GotoCenter | Drive to others reported pos
[2 INFO main 186327] Scout.GotoCenter -> Scout.Query | return to random walk
[2 INFO main 187131] Scout.Query -> Scout.GotoCenter | Drive to others reported pos
[2 INFO main 187632] Scout.GotoCenter -> Scout.Query | return to random walk
[2 INFO main 188132] Scout.Query -> Scout.GotoCenter | Drive to others reported pos
[2 INFO main 188633] Scout.GotoCenter -> Scout.Query | return to random walk
[2 INFO main 189134] Scout.Query -> Scout.GotoCenter | Drive to others reported pos
[2 INFO main 189832] Scout.GotoCenter -> Scout.Query | return to random walk
[2 INFO main 190236] Scout.Query -> Scout.GotoCenter | Drive to others reported pos
[2 INFO main 192337] Scout.GotoCenter -> Scout.Query | return to random walk
[2 INFO main 193238] Scout.Query -> Scout.GotoCenter | Drive to others reported pos
[2 INFO main 193737] Scout.GotoCenter -> Scout.Query | return to random walk
[2 INFO main 194239] Scout.Query -> Scout.GotoCenter | Drive to others reported pos
[2 INFO main 194338] Scout.GotoCenter -> Scout.Query | return to random walk
[2 INFO main 195241] Scout.Query -> Scout.GotoCenter | Drive to others reported pos
[2 INFO main 195339] Scout.GotoCenter -> Scout.Query | return to random walk
[2 INFO main 196242] Scout.Query -> Scout.GotoCenter | Drive to others reported pos
[2 INFO main 196340] Scout.GotoCenter -> Scout.Query | return to random walk
[2 INFO main 197243] Scout.Query -> Scout.GotoCenter | Drive to others reported pos
[2 INFO main 197341] Scout.GotoCenter -> Scout.Query | return to random walk
[2 INFO main 198244] Scout.Query -> Scout.GotoCenter | Drive to others reported pos
[2 INFO main 198343] Scout.GotoCenter -> Scout.Query | return to random walk
[2 INFO main 199346] Scout.Query -> Scout.GotoCenter | Drive to others reported pos
[2 INFO main 199444] Scout.GotoCenter -> Scout.Query | return to random walk
[2 INFO main 200347] Scout.Query -> Scout.GotoCenter | Drive to others reported pos
[2 INFO main 200446] Scout.GotoCenter -> Scout.Query | return to random walk
[2 INFO main 201349] Scout.Query -> Scout.GotoCenter | Drive to others reported pos
[2 INFO main 201447] Scout.GotoCenter -> Scout.Query | return to random walk
[2 INFO main 202350] Scout.Query -> Scout.GotoCenter | Drive to others reported pos
[2 INFO main 203049] Scout.GotoCenter -> Scout.Query | return to random walk
[2 INFO main 203351] Scout.Query -> Scout.GotoCenter | Drive to others reported pos
[2 INFO main 203449] Scout.GotoCenter -> Scout.Query | return to random walk
[2 INFO main 204353] Scout.Query -> Scout.GotoCenter | Drive to others reported pos
[2 INFO main 204751] Scout.GotoCenter -> Scout.Query | return to random walk
[2 INFO main 205354] Scout.Query -> Scout.GotoCenter | Drive to others reported pos
[2 INFO main 205452] Scout.GotoCenter -> Scout.Query | return to random walk
[2 INFO main 206355] Scout.Query -> Scout.GotoCenter | Drive to others reported pos
[2 INFO main 206554] Scout.GotoCenter -> Scout.Query | return to random walk
