[9 INFO main 29] Initialising Python Geth Console...
[9 INFO main 33] Initialising RandB board...
[9 INFO main 33] Initialising navigation...
[9 INFO main 33] Initialising random-walk...
[9 INFO main 33] Initialising odometry...
[9 INFO main 33] Initialising ground-sensors...
[9 INFO main 1114] --//-- Starting Experiment --//--
[9 INFO main 2213] Idle.IDLE -> Scout.Query | Duration: 16.38
[9 INFO main 79619] Scout.Query -> Scout.GotoCenter | Drive to others reported pos
[9 INFO main 98839] Scout.GotoCenter -> Scout.Query | return to random walk
[9 INFO main 99144] Scout.Query -> Scout.GotoCenter | Drive to others reported pos
[9 INFO main 102945] Scout.GotoCenter -> Scout.Query | return to random walk
[9 INFO main 103446] Scout.Query -> Scout.GotoCenter | Drive to others reported pos
[9 INFO main 103648] Scout.GotoCenter -> Scout.Query | return to random walk
[9 INFO main 104447] Scout.Query -> Scout.GotoCenter | Drive to others reported pos
[9 INFO main 109154] Scout.GotoCenter -> Scout.Query | return to random walk
[9 INFO main 109653] Scout.Query -> Scout.GotoCenter | Drive to others reported pos
[9 INFO main 111448] Scout.GotoCenter -> Scout.Query | return to random walk
[9 INFO main 111856] Scout.Query -> Scout.GotoCenter | Drive to others reported pos
[9 INFO main 113857] Scout.GotoCenter -> Scout.Query | return to random walk
[9 INFO main 113957] Scout.Query -> Scout.GotoCenter | Drive to others reported pos
[9 INFO main 116758] Scout.GotoCenter -> Scout.Query | return to random walk
