[11 INFO main 82] Initialising Python Geth Console...
[11 INFO main 87] Initialising RandB board...
[11 INFO main 87] Initialising navigation...
[11 INFO main 87] Initialising random-walk...
[11 INFO main 87] Initialising odometry...
[11 INFO main 87] Initialising ground-sensors...
[11 INFO main 969] --//-- Starting Experiment --//--
[11 INFO main 2067] Idle.IDLE -> Scout.Query | Duration: 20.77
[11 INFO main 11287] Scout.Query -> Scout.GotoCenter | Drive to others reported pos
[11 INFO main 94960] Scout.GotoCenter -> Scout.Query | return to random walk
[11 INFO main 156226] Scout.Query -> Scout.GotoCenter | Drive to others reported pos
[11 INFO main 235120] Scout.GotoCenter -> Scout.Query | return to random walk
[11 INFO main 280924] Scout.Query -> Scout.GotoCenter | Drive to others reported pos
[11 INFO main 329267] Scout.GotoCenter -> Scout.Query | return to random walk
[11 INFO main 354845] Scout.Query -> Scout.GotoCenter | Drive to others reported pos
[11 INFO main 399412] Scout.GotoCenter -> Scout.Query | return to random walk
[11 INFO main 440131] Scout.Query -> Scout.GotoCenter | Drive to others reported pos
[11 INFO main 465058] Scout.GotoCenter -> Scout.Query | return to random walk
[11 INFO main 525850] Scout.Query -> Scout.GotoCenter | Drive to others reported pos
[11 INFO main 592202] Scout.GotoCenter -> Scout.Query | return to random walk
[11 INFO main 668682] Scout.Query -> Scout.GotoCenter | Drive to others reported pos
[11 INFO main 729033] Scout.GotoCenter -> Scout.Query | return to random walk
[11 INFO main 775006] Scout.Query -> Scout.GotoCenter | Drive to others reported pos
[11 INFO main 808590] Scout.GotoCenter -> Scout.Query | return to random walk
[11 INFO main 859682] Scout.Query -> Scout.GotoCenter | Drive to others reported pos
[11 INFO main 888547] Scout.GotoCenter -> Scout.Query | return to random walk
[11 INFO main 919300] Scout.Query -> Scout.GotoCenter | Drive to others reported pos
[11 INFO main 939747] Scout.GotoCenter -> Scout.Query | return to random walk
[11 INFO main 991139] Scout.Query -> Scout.GotoCenter | Drive to others reported pos
[11 INFO main 1097586] Scout.GotoCenter -> Scout.Query | return to random walk
[11 INFO main 1194171] Scout.Query -> Scout.GotoCenter | Drive to others reported pos
