[INFO main 28] Initialising peer buffer...
[INFO main 28] Initialising resource buffer...
[INFO main 28] Initialising TCP server...
[INFO main 28] Initialising RandB board...
[INFO main 28] Initialising ground-sensors...
[INFO main 28] Initialising random-walk...
[INFO main 354] --//-- Starting Experiment --//--
[INFO main 28587] Added resource: {"x": 0.53, "y": 0.2, "radius": 0.05, "quantity": 1, "quality": "yellow", "timeStamp": 0}
[INFO main 72354] Added resource: {"x": 0.45, "y": -0.72, "radius": 0.05, "quantity": 1, "quality": "red", "timeStamp": 0}
[INFO main 78251] Added resource: {"x": 0.34, "y": -0.45, "radius": 0.06, "quantity": 1, "quality": "green", "timeStamp": 0}
[INFO main 98173] Removed resource: {"x": 0.53, "y": 0.2, "radius": 0.05, "quantity": 1, "quality": "yellow", "timeStamp": 0}
[INFO main 113796] Added resource: {"x": 0.99, "y": 0.76, "radius": 0.05, "quantity": 1, "quality": "red", "timeStamp": 0}
[INFO main 120604] Added resource: {"x": 0.74, "y": 0.55, "radius": 0.06, "quantity": 1, "quality": "yellow", "timeStamp": 0}
[INFO main 333523] Added resource: {"x": 0.54, "y": 0.47, "radius": 0.05, "quantity": 1, "quality": "yellow", "timeStamp": 0}
[INFO main 361358] Removed resource: {"x": 0.54, "y": 0.47, "radius": 0.05, "quantity": 1, "quality": "yellow", "timeStamp": 0}
[INFO main 370671] Added resource: {"x": 0.96, "y": 0.53, "radius": 0.05, "quantity": 1, "quality": "green", "timeStamp": 0}
[INFO main 427226] Removed resource: {"x": 0.74, "y": 0.55, "radius": 0.06, "quantity": 1, "quality": "yellow", "timeStamp": 0}
[INFO main 460865] Added resource: {"x": 0.6, "y": -0.13, "radius": 0.05, "quantity": 1, "quality": "green", "timeStamp": 0}
[INFO main 479480] Removed resource: {"x": 0.34, "y": -0.45, "radius": 0.06, "quantity": 1, "quality": "green", "timeStamp": 0}
[INFO main 488789] Added resource: {"x": 0.7, "y": -0.74, "radius": 0.06, "quantity": 1, "quality": "green", "timeStamp": 0}
[INFO main 499603] Added resource: {"x": 0.35, "y": -0.42, "radius": 0.05, "quantity": 1, "quality": "green", "timeStamp": 0}
[INFO main 549242] Removed resource: {"x": 0.35, "y": -0.42, "radius": 0.05, "quantity": 1, "quality": "green", "timeStamp": 0}
[INFO main 556949] Added resource: {"x": 0.48, "y": -0.74, "radius": 0.05, "quantity": 1, "quality": "green", "timeStamp": 0}
