[10 INFO main 51] Initialising Python Geth Console...
[10 INFO main 56] Initialising RandB board...
[10 INFO main 56] Initialising navigation...
[10 INFO main 56] Initialising random-walk...
[10 INFO main 56] Initialising odometry...
[10 INFO main 56] Initialising ground-sensors...
[10 INFO main 491] --//-- Starting Experiment --//--
[10 INFO main 1585] Idle.IDLE -> Scout.Query | Duration: 23.53
[10 INFO main 86505] Scout.Query -> Scout.GotoCenter | Drive to others reported pos
[10 INFO main 113216] Scout.GotoCenter -> Scout.Query | return to random walk
[10 INFO main 174169] Scout.Query -> Scout.GotoCenter | Drive to others reported pos
[10 INFO main 196864] Scout.GotoCenter -> Scout.Query | return to random walk
[10 INFO main 237723] Scout.Query -> Scout.GotoCenter | Drive to others reported pos
[10 INFO main 389675] Scout.GotoCenter -> Scout.Query | return to random walk
[10 INFO main 420290] Scout.Query -> Scout.GotoCenter | Drive to others reported pos
[10 INFO main 446317] Scout.GotoCenter -> Scout.Query | return to random walk
[10 INFO main 482099] Scout.Query -> Scout.GotoCenter | Drive to others reported pos
[10 INFO main 651811] Scout.GotoCenter -> Scout.Query | return to random walk
[10 INFO main 819270] Scout.Query -> Scout.GotoCenter | Drive to others reported pos
[10 INFO main 842204] Scout.GotoCenter -> Scout.Query | return to random walk
[10 INFO main 969397] Scout.Query -> Scout.GotoCenter | Drive to others reported pos
[10 INFO main 976440] Scout.GotoCenter -> Scout.Query | return to random walk
[10 INFO main 1007110] Scout.Query -> Scout.GotoCenter | Drive to others reported pos
[10 INFO main 1049580] Scout.GotoCenter -> Scout.Query | return to random walk
[10 INFO main 1125811] Scout.Query -> Scout.GotoCenter | Drive to others reported pos
[10 INFO main 1158013] Scout.GotoCenter -> Scout.Query | return to random walk
[10 INFO main 1372037] Scout.Query -> Scout.GotoCenter | Drive to others reported pos
[10 INFO main 1408924] Scout.GotoCenter -> Scout.Query | return to random walk
