[INFO main 26] Initialising peer buffer...
[INFO main 26] Initialising resource buffer...
[INFO main 26] Initialising TCP server...
[INFO main 26] Initialising RandB board...
[INFO main 26] Initialising ground-sensors...
[INFO main 26] Initialising random-walk...
[INFO main 830] --//-- Starting Experiment --//--
[INFO main 48090] Added resource: {"x": 0.17, "y": 0.84, "radius": 0.05, "quantity": 1, "quality": "blue", "timeStamp": 0}
[INFO main 68516] Removed resource: {"x": 0.17, "y": 0.84, "radius": 0.05, "quantity": 1, "quality": "blue", "timeStamp": 0}
[INFO main 117477] Added resource: {"x": 0.97, "y": 0.49, "radius": 0.05, "quantity": 1, "quality": "blue", "timeStamp": 0}
[INFO main 129593] Added resource: {"x": 0.44, "y": 0.2, "radius": 0.05, "quantity": 1, "quality": "yellow", "timeStamp": 0}
[INFO main 141007] Removed resource: {"x": 0.44, "y": 0.2, "radius": 0.05, "quantity": 1, "quality": "yellow", "timeStamp": 0}
[INFO main 260460] Removed resource: {"x": 0.97, "y": 0.49, "radius": 0.05, "quantity": 1, "quality": "blue", "timeStamp": 0}
[INFO main 344168] Added resource: {"x": 0.03, "y": -0.94, "radius": 0.06, "quantity": 1, "quality": "red", "timeStamp": 0}
[INFO main 375008] Removed resource: {"x": 0.03, "y": -0.94, "radius": 0.06, "quantity": 1, "quality": "red", "timeStamp": 0}
[INFO main 385322] Added resource: {"x": 0.49, "y": -1.01, "radius": 0.06, "quantity": 1, "quality": "red", "timeStamp": 0}
[INFO main 458814] Removed resource: {"x": 0.49, "y": -1.01, "radius": 0.06, "quantity": 1, "quality": "red", "timeStamp": 0}
[INFO main 488352] Added resource: {"x": 1.16, "y": -0.25, "radius": 0.05, "quantity": 1, "quality": "yellow", "timeStamp": 0}
[INFO main 526999] Removed resource: {"x": 1.16, "y": -0.25, "radius": 0.05, "quantity": 1, "quality": "yellow", "timeStamp": 0}
[INFO main 540616] Added resource: {"x": 0.69, "y": -0.4, "radius": 0.05, "quantity": 1, "quality": "yellow", "timeStamp": 0}
[INFO main 565046] Removed resource: {"x": 0.69, "y": -0.4, "radius": 0.05, "quantity": 1, "quality": "yellow", "timeStamp": 0}
[INFO main 571752] Added resource: {"x": 0.96, "y": -0.61, "radius": 0.06, "quantity": 1, "quality": "red", "timeStamp": 0}
