[12 INFO main 68] Initialising Python Geth Console...
[12 INFO main 72] Initialising RandB board...
[12 INFO main 72] Initialising navigation...
[12 INFO main 73] Initialising random-walk...
[12 INFO main 73] Initialising odometry...
[12 INFO main 73] Initialising ground-sensors...
[12 INFO main 384] --//-- Starting Experiment --//--
[12 INFO main 1476] Idle.IDLE -> Scout.Query | Duration: 21.03
[12 INFO main 30942] Scout.Query -> Scout.GotoCenter | Drive to others reported pos
[12 INFO main 84996] Scout.GotoCenter -> Scout.Query | return to random walk
[12 INFO main 110711] Scout.Query -> Scout.GotoCenter | Drive to others reported pos
[12 INFO main 138273] Scout.GotoCenter -> Scout.Query | return to random walk
[12 INFO main 173648] Scout.Query -> Scout.GotoCenter | Drive to others reported pos
[12 INFO main 187383] Scout.GotoCenter -> Scout.Query | return to random walk
[12 INFO main 228598] Scout.Query -> Scout.GotoCenter | Drive to others reported pos
[12 INFO main 274975] Scout.GotoCenter -> Scout.Query | return to random walk
[12 INFO main 320671] Scout.Query -> Scout.GotoCenter | Drive to others reported pos
[12 INFO main 401579] Scout.GotoCenter -> Scout.Query | return to random walk
[12 INFO main 442531] Scout.Query -> Scout.GotoCenter | Drive to others reported pos
[12 INFO main 479066] Scout.GotoCenter -> Scout.Query | return to random walk
[12 INFO main 499763] Scout.Query -> Scout.GotoCenter | Drive to others reported pos
[12 INFO main 536047] Scout.GotoCenter -> Scout.Query | return to random walk
