[7 INFO main 29] Initialising Python Geth Console...
[7 INFO main 33] Initialising RandB board...
[7 INFO main 33] Initialising navigation...
[7 INFO main 33] Initialising random-walk...
[7 INFO main 33] Initialising odometry...
[7 INFO main 33] Initialising ground-sensors...
[7 INFO main 825] --//-- Starting Experiment --//--
[7 INFO main 1925] Idle.IDLE -> Scout.Query | Duration: 22.11
[7 INFO main 16110] Scout.Query -> Scout.GotoCenter | Drive to others reported pos
[7 INFO main 31095] Scout.GotoCenter -> Scout.Query | return to random walk
[7 INFO main 55833] Confirming: 1/8
[7 INFO main 57884] Confirming: 2/8
[7 INFO main 59905] Confirming: 3/8
[7 INFO main 61917] Confirming: 4/8
[7 INFO main 63988] Confirming: 5/8
[7 INFO main 66004] Confirming: 6/8
[7 INFO main 68048] Confirming: 7/8
[7 INFO main 70213] Confirming: 9/8
[7 INFO main 187920] Scout.Query -> Scout.GotoCenter | Drive to others reported pos
[7 INFO main 216135] Scout.GotoCenter -> Scout.Query | return to random walk
[7 INFO main 246977] Confirming: 1/8
[7 INFO main 249033] Confirming: 2/8
[7 INFO main 251128] Confirming: 4/8
[7 INFO main 253196] Confirming: 5/8
[7 INFO main 257381] Confirming: 7/8
[7 INFO main 259452] Confirming: 8/8
[7 INFO main 423219] Scout.Query -> Scout.GotoCenter | Drive to others reported pos
[7 INFO main 456895] Scout.GotoCenter -> Scout.Query | return to random walk
[7 INFO main 489490] Confirming: 1/8
[7 INFO main 493420] Confirming: 3/8
[7 INFO main 495612] Confirming: 4/8
[7 INFO main 497681] Confirming: 5/8
[7 INFO main 499769] Confirming: 6/8
[7 INFO main 501836] Confirming: 7/8
[7 INFO main 503940] Confirming: 8/8
[7 INFO main 507880] Scout.Query -> Scout.GotoCenter | Drive to others reported pos
[7 INFO main 520931] Scout.GotoCenter -> Scout.Query | return to random walk
[7 INFO main 550080] Confirming: 1/8
[7 INFO main 552128] Confirming: 2/8
[7 INFO main 554097] Confirming: 3/8
[7 INFO main 556093] Confirming: 4/8
[7 INFO main 558156] Confirming: 5/8
[7 INFO main 560296] Confirming: 6/8
[7 INFO main 562408] Confirming: 7/8
[7 INFO main 564417] Confirming: 8/8
[7 INFO main 1451472] Scout.Query -> Scout.GotoCenter | Drive to others reported pos
[7 INFO main 1476746] Scout.GotoCenter -> Scout.Query | return to random walk
[7 INFO main 1522140] Confirming: 2/8
[7 INFO main 1526313] Confirming: 4/8
[7 INFO main 1528393] Confirming: 5/8
[7 INFO main 1530421] Confirming: 6/8
[7 INFO main 1532456] Confirming: 7/8
[7 INFO main 1534453] Confirming: 8/8
[7 INFO main 1537636] Scout.Query -> Scout.GotoCenter | Drive to others reported pos
[7 INFO main 1581000] Scout.GotoCenter -> Scout.Query | return to random walk
[7 INFO main 1640781] Confirming: 1/8
[7 INFO main 1642849] Confirming: 2/8
[7 INFO main 1644857] Confirming: 3/8
[7 INFO main 1646949] Confirming: 4/8
[7 INFO main 1649037] Confirming: 5/8
[7 INFO main 1651107] Confirming: 6/8
[7 INFO main 1653181] Confirming: 7/8
[7 INFO main 1655265] Confirming: 8/8
[7 INFO main 1692168] Scout.Query -> Scout.GotoCenter | Drive to others reported pos
[7 INFO main 1722508] Scout.GotoCenter -> Scout.Query | return to random walk
[7 INFO main 1765661] Confirming: 1/8
[7 INFO main 1767705] Confirming: 2/8
[7 INFO main 1771837] Confirming: 4/8
[7 INFO main 1773853] Confirming: 5/8
[7 INFO main 1775872] Confirming: 6/8
[7 INFO main 1777973] Confirming: 7/8
[7 INFO main 1779944] Confirming: 8/8
[7 INFO main 1980133] Confirming: 1/8
[7 INFO main 1984229] Confirming: 2/8
[7 INFO main 1986281] Confirming: 3/8
[7 INFO main 1988271] Confirming: 5/8
[7 INFO main 1992373] Confirming: 7/8
[7 INFO main 1994429] Confirming: 8/8
[7 INFO main 1998246] Scout.Query -> Scout.GotoCenter | Drive to others reported pos
[7 INFO main 2045625] Scout.GotoCenter -> Scout.Query | return to random walk
[7 INFO main 2051904] Confirming: 1/8
[7 INFO main 2053916] Confirming: 2/8
[7 INFO main 2055944] Confirming: 3/8
[7 INFO main 2058012] Confirming: 4/8
[7 INFO main 2060129] Confirming: 6/8
[7 INFO main 2062157] Confirming: 7/8
[7 INFO main 2064273] Confirming: 8/8
[7 INFO main 2066166] Scout.Query -> Scout.GotoCenter | Drive to others reported pos
[7 INFO main 2086395] Scout.GotoCenter -> Scout.Query | return to random walk
[7 INFO main 2110909] Confirming: 1/8
[7 INFO main 2113047] Confirming: 2/8
[7 INFO main 2115176] Confirming: 3/8
[7 INFO main 2117265] Confirming: 4/8
[7 INFO main 2119289] Confirming: 5/8
[7 INFO main 2121369] Confirming: 6/8
[7 INFO main 2123393] Confirming: 7/8
[7 INFO main 2125485] Confirming: 8/8
[7 INFO main 2709962] Scout.Query -> Scout.GotoCenter | Drive to others reported pos
[7 INFO main 2732627] Scout.GotoCenter -> Scout.Query | return to random walk
[7 INFO main 2753184] Confirming: 2/8
[7 INFO main 2755199] Confirming: 3/8
[7 INFO main 2757223] Confirming: 4/8
[7 INFO main 2759277] Confirming: 5/8
[7 INFO main 2761293] Confirming: 6/8
[7 INFO main 2765376] Confirming: 8/8
[7 INFO main 2768128] Scout.Query -> Scout.GotoCenter | Drive to others reported pos
[7 INFO main 2770051] Scout.GotoCenter -> Scout.Query | return to random walk
[7 INFO main 2782340] Confirming: 1/8
[7 INFO main 2784357] Confirming: 2/8
[7 INFO main 2786461] Confirming: 3/8
[7 INFO main 2788465] Confirming: 4/8
[7 INFO main 2790565] Confirming: 5/8
[7 INFO main 2792584] Confirming: 6/8
[7 INFO main 2794781] Confirming: 7/8
[7 INFO main 2796825] Confirming: 8/8
[7 INFO main 5604405] Scout.Query -> Scout.GotoCenter | Drive to others reported pos
[7 INFO main 5632283] Scout.GotoCenter -> Scout.Query | return to random walk
[7 INFO main 5646592] Confirming: 1/8
[7 INFO main 5648645] Confirming: 2/8
[7 INFO main 5650623] Confirming: 3/8
[7 INFO main 5652681] Confirming: 4/8
[7 INFO main 5654769] Confirming: 5/8
[7 INFO main 5656833] Confirming: 6/8
[7 INFO main 5658836] Confirming: 7/8
[7 INFO main 5660860] Confirming: 8/8
[7 INFO main 5662825] Scout.Query -> Scout.GotoCenter | Drive to others reported pos
[7 INFO main 5690627] Scout.GotoCenter -> Scout.Query | return to random walk
[7 INFO main 5705123] Confirming: 1/8
[7 INFO main 5707288] Confirming: 2/8
[7 INFO main 5709472] Confirming: 3/8
[7 INFO main 5711577] Confirming: 4/8
[7 INFO main 5713614] Confirming: 5/8
[7 INFO main 5715661] Confirming: 6/8
[7 INFO main 5717776] Confirming: 7/8
[7 INFO main 5719880] Confirming: 8/8
[7 INFO main 5996316] Scout.Query -> Scout.GotoCenter | Drive to others reported pos
[7 INFO main 6043606] Scout.GotoCenter -> Scout.Query | return to random walk
[7 INFO main 6064252] Confirming: 1/8
[7 INFO main 6066267] Confirming: 2/8
[7 INFO main 6068280] Confirming: 3/8
[7 INFO main 6070277] Confirming: 4/8
[7 INFO main 6072389] Confirming: 5/8
[7 INFO main 6074416] Confirming: 6/8
[7 INFO main 6076465] Confirming: 7/8
[7 INFO main 6078517] Confirming: 8/8
[7 INFO main 6276117] Scout.Query -> Scout.GotoCenter | Drive to others reported pos
[7 INFO main 6299296] Scout.GotoCenter -> Scout.Query | return to random walk
[7 INFO main 6329995] Confirming: 1/8
[7 INFO main 6334100] Confirming: 3/8
[7 INFO main 6364753] Confirming: 4/8
[7 INFO main 6366928] Confirming: 5/8
[7 INFO main 6369049] Confirming: 6/8
[7 INFO main 6371124] Confirming: 7/8
[7 INFO main 6373153] Confirming: 8/8
[7 INFO main 6375572] Scout.Query -> Scout.GotoCenter | Drive to others reported pos
[7 INFO main 6432579] Scout.GotoCenter -> Scout.Query | return to random walk
[7 INFO main 6448965] Confirming: 1/8
[7 INFO main 6450985] Confirming: 2/8
[7 INFO main 6453019] Confirming: 3/8
[7 INFO main 6455057] Confirming: 4/8
[7 INFO main 6457133] Confirming: 5/8
[7 INFO main 6459221] Confirming: 6/8
[7 INFO main 6461204] Confirming: 7/8
[7 INFO main 6463288] Confirming: 8/8
[7 INFO main 6463875] Scout.Query -> Scout.GotoCenter | Drive to others reported pos
[7 INFO main 6530337] Scout.GotoCenter -> Scout.Query | return to random walk
[7 INFO main 6539160] Confirming: 1/8
[7 INFO main 6541236] Confirming: 2/8
[7 INFO main 6543768] Confirming: 3/8
[7 INFO main 6545832] Confirming: 4/8
[7 INFO main 6548016] Confirming: 5/8
[7 INFO main 6550241] Confirming: 7/8
[7 INFO main 6552249] Confirming: 8/8
[7 INFO main 6556477] Scout.Query -> Scout.GotoCenter | Drive to others reported pos
[7 INFO main 6601471] Scout.GotoCenter -> Scout.Query | return to random walk
[7 INFO main 6630143] Confirming: 2/8
[7 INFO main 6632616] Confirming: 3/8
[7 INFO main 6635204] Confirming: 4/8
[7 INFO main 6637621] Confirming: 5/8
[7 INFO main 6640213] Confirming: 7/8
[7 INFO main 6645356] Confirming: 8/8
