[1 INFO main 35] Initialising Python Geth Console...
[1 INFO main 40] Initialising RandB board...
[1 INFO main 40] Initialising navigation...
[1 INFO main 40] Initialising random-walk...
[1 INFO main 40] Initialising odometry...
[1 INFO main 40] Initialising ground-sensors...
[1 INFO main 945] --//-- Starting Experiment --//--
[1 INFO main 2048] Idle.IDLE -> Scout.Query | Duration: 19.21
[1 INFO main 11038] Scout.Query -> Scout.GotoCenter | Drive to others reported pos
[1 INFO main 31677] Scout.GotoCenter -> Scout.Query | return to random walk
[1 INFO main 92673] Scout.Query -> Scout.GotoCenter | Drive to others reported pos
[1 INFO main 102642] Scout.GotoCenter -> Scout.Query | return to random walk
[1 INFO main 128048] Scout.Query -> Scout.GotoCenter | Drive to others reported pos
[1 INFO main 172804] Scout.GotoCenter -> Scout.Query | return to random walk
[1 INFO main 259321] Scout.Query -> Scout.GotoCenter | Drive to others reported pos
[1 INFO main 294437] Scout.GotoCenter -> Scout.Query | return to random walk
[1 INFO main 375360] Scout.Query -> Scout.GotoCenter | Drive to others reported pos
[1 INFO main 404748] Scout.GotoCenter -> Scout.Query | return to random walk
[1 INFO main 435380] Scout.Query -> Scout.GotoCenter | Drive to others reported pos
[1 INFO main 444058] Scout.GotoCenter -> Scout.Query | return to random walk
[1 INFO main 550155] Scout.Query -> Scout.GotoCenter | Drive to others reported pos
[1 INFO main 582925] Scout.GotoCenter -> Scout.Query | return to random walk
[1 INFO main 613563] Scout.Query -> Scout.GotoCenter | Drive to others reported pos
[1 INFO main 636476] Scout.GotoCenter -> Scout.Query | return to random walk
