[12 INFO main 27] Initialising Python Geth Console...
[12 INFO main 32] Initialising RandB board...
[12 INFO main 32] Initialising navigation...
[12 INFO main 32] Initialising random-walk...
[12 INFO main 32] Initialising odometry...
[12 INFO main 32] Initialising ground-sensors...
[12 INFO main 228] --//-- Starting Experiment --//--
[12 INFO main 1329] Idle.IDLE -> Scout.Query | Duration: 20.15
[12 INFO main 10545] Scout.Query -> Scout.GotoCenter | Drive to others reported pos
[12 INFO main 36068] Scout.GotoCenter -> Scout.Query | return to random walk
[12 INFO main 61690] Scout.Query -> Scout.GotoCenter | Drive to others reported pos
[12 INFO main 127249] Scout.GotoCenter -> Scout.Query | return to random walk
[12 INFO main 183347] Scout.Query -> Scout.GotoCenter | Drive to others reported pos
[12 INFO main 267832] Scout.GotoCenter -> Scout.Query | return to random walk
[12 INFO main 348924] Scout.Query -> Scout.GotoCenter | Drive to others reported pos
[12 INFO main 376895] Scout.GotoCenter -> Scout.Query | return to random walk
[12 INFO main 515663] Scout.Query -> Scout.GotoCenter | Drive to others reported pos
[12 INFO main 560943] Scout.GotoCenter -> Scout.Query | return to random walk
[12 INFO main 601429] Scout.Query -> Scout.GotoCenter | Drive to others reported pos
[12 INFO main 639094] Scout.GotoCenter -> Scout.Query | return to random walk
[12 INFO main 664946] Scout.Query -> Scout.GotoCenter | Drive to others reported pos
