[10 INFO main 27] Initialising Python Geth Console...
[10 INFO main 32] Initialising RandB board...
[10 INFO main 32] Initialising navigation...
[10 INFO main 32] Initialising random-walk...
[10 INFO main 32] Initialising odometry...
[10 INFO main 32] Initialising ground-sensors...
[10 INFO main 322] --//-- Starting Experiment --//--
[10 INFO main 1823] Idle.IDLE -> Scout.Query | Duration: 29.21
[10 INFO main 14646] Scout.Query -> Verify.DriveTo | Go to unverified source
[10 INFO main 63784] Verify.DriveTo -> Verify.Homing | Homing
[10 INFO main 90944] Confirming: 1/9
[10 INFO main 93051] Confirming: 2/9
[10 INFO main 95074] Confirming: 3/9
[10 INFO main 97080] Confirming: 4/9
[10 INFO main 99104] Confirming: 5/9
[10 INFO main 101195] Confirming: 6/9
[10 INFO main 102056] Verify.Homing -> Scout.Query | Arrived home
[10 INFO main 103247] Confirming: 7/9
[10 INFO main 105302] Confirming: 8/9
[10 INFO main 107318] Confirming: 9/9
[10 INFO main 107478] Scout.Query -> Verify.DriveTo | Go to unverified source
[10 INFO main 154995] Verify.DriveTo -> Verify.Homing | Homing
[10 INFO main 186314] Confirming: 2/9
[10 INFO main 188533] Verify.Homing -> Scout.Query | Arrived home
[10 INFO main 190353] Confirming: 3/9
[10 INFO main 192373] Confirming: 5/9
[10 INFO main 194422] Confirming: 6/9
[10 INFO main 198592] Confirming: 8/9
[10 INFO main 200650] Confirming: 9/9
[10 INFO main 201012] Scout.Query -> Verify.DriveTo | Go to unverified source
[10 INFO main 303062] Verify.DriveTo -> Verify.Homing | Homing
[10 INFO main 326877] Verify.Homing -> Scout.Query | Arrived home
[10 INFO main 334168] Confirming: 2/9
[10 INFO main 336225] Confirming: 3/9
[10 INFO main 340370] Confirming: 5/9
[10 INFO main 342464] Confirming: 6/9
[10 INFO main 344466] Confirming: 7/9
[10 INFO main 348432] Confirming: 9/9
[10 INFO main 348783] Scout.Query -> Verify.DriveTo | Go to unverified source
[10 INFO main 408997] Verify.DriveTo -> Verify.Homing | Homing
[10 INFO main 426117] Confirming: 2/9
[10 INFO main 428480] Confirming: 3/9
[10 INFO main 430489] Confirming: 4/9
[10 INFO main 432581] Confirming: 5/9
[10 INFO main 434841] Confirming: 6/9
[10 INFO main 436927] Confirming: 7/9
[10 INFO main 439058] Confirming: 8/9
[10 INFO main 441142] Confirming: 9/9
[10 INFO main 457260] Verify.Homing -> Scout.Query | Arrived home
[10 INFO main 457387] Scout.Query -> Verify.DriveTo | Go to unverified source
[10 INFO main 528682] Verify.DriveTo -> Verify.Homing | Homing
[10 INFO main 546135] Confirming: 2/9
[10 INFO main 548144] Confirming: 3/9
[10 INFO main 550304] Confirming: 4/9
[10 INFO main 552310] Confirming: 5/9
[10 INFO main 554326] Confirming: 6/9
[10 INFO main 556530] Confirming: 7/9
[10 INFO main 558696] Confirming: 8/9
[10 INFO main 559229] Verify.Homing -> Scout.Query | Arrived home
[10 INFO main 560792] Confirming: 9/9
[10 INFO main 561585] Scout.Query -> Verify.DriveTo | Go to unverified source
[10 INFO main 633547] Verify.DriveTo -> Verify.Homing | Homing
[10 INFO main 655679] Verify.Homing -> Scout.Query | Arrived home
[10 INFO main 664605] Confirming: 1/9
[10 INFO main 666691] Confirming: 2/9
[10 INFO main 668791] Confirming: 3/9
[10 INFO main 670838] Confirming: 4/9
[10 INFO main 672956] Confirming: 5/9
[10 INFO main 675023] Confirming: 6/9
[10 INFO main 677142] Confirming: 7/9
[10 INFO main 679194] Confirming: 8/9
[10 INFO main 681268] Confirming: 9/9
[10 INFO main 681651] Scout.Query -> Verify.DriveTo | Go to unverified source
[10 INFO main 716369] Verify.DriveTo -> Verify.Homing | Homing
[10 INFO main 724565] Confirming: 1/9
[10 INFO main 726623] Confirming: 2/9
[10 INFO main 728869] Confirming: 3/9
[10 INFO main 732579] Verify.Homing -> Scout.Query | Arrived home
[10 INFO main 733194] Confirming: 5/9
[10 INFO main 735214] Confirming: 6/9
[10 INFO main 737298] Confirming: 7/9
[10 INFO main 739412] Confirming: 8/9
[10 INFO main 741420] Confirming: 9/9
[10 INFO main 741627] Scout.Query -> Verify.DriveTo | Go to unverified source
[10 INFO main 773190] Verify.DriveTo -> Verify.Homing | Homing
[10 INFO main 785768] Confirming: 1/9
[10 INFO main 787866] Confirming: 2/9
[10 INFO main 789930] Confirming: 3/9
[10 INFO main 792018] Confirming: 4/9
[10 INFO main 794043] Confirming: 6/9
[10 INFO main 795878] Verify.Homing -> Scout.Query | Arrived home
[10 INFO main 796065] Confirming: 7/9
[10 INFO main 798085] Confirming: 8/9
[10 INFO main 800160] Confirming: 9/9
[10 INFO main 800537] Scout.Query -> Verify.DriveTo | Go to unverified source
[10 INFO main 844845] Verify.DriveTo -> Verify.Homing | Homing
[10 INFO main 867893] Confirming: 1/9
[10 INFO main 868588] Verify.Homing -> Scout.Query | Arrived home
[10 INFO main 869934] Confirming: 2/9
[10 INFO main 872336] Confirming: 3/9
[10 INFO main 874532] Confirming: 5/9
[10 INFO main 876561] Confirming: 6/9
[10 INFO main 878631] Confirming: 7/9
[10 INFO main 880898] Confirming: 8/9
[10 INFO main 885067] Confirming: 10/9
[10 INFO main 885586] Scout.Query -> Verify.DriveTo | Go to unverified source
[10 INFO main 1021991] Verify.DriveTo -> Verify.Homing | Homing
[10 INFO main 1044432] Verify.Homing -> Scout.Query | Arrived home
[10 INFO main 1055140] Confirming: 1/9
[10 INFO main 1057172] Confirming: 2/9
[10 INFO main 1059298] Confirming: 3/9
[10 INFO main 1061362] Confirming: 4/9
[10 INFO main 1063487] Confirming: 5/9
[10 INFO main 1065611] Confirming: 6/9
[10 INFO main 1067653] Confirming: 7/9
[10 INFO main 1069711] Confirming: 8/9
[10 INFO main 1071768] Confirming: 9/9
[10 INFO main 1072621] Scout.Query -> Verify.DriveTo | Go to unverified source
[10 INFO main 1102303] Verify.DriveTo -> Verify.Homing | Homing
[10 INFO main 1115139] Confirming: 1/9
[10 INFO main 1117078] Confirming: 2/9
[10 INFO main 1119171] Confirming: 3/9
[10 INFO main 1121201] Confirming: 4/9
[10 INFO main 1123229] Confirming: 5/9
[10 INFO main 1125277] Confirming: 6/9
[10 INFO main 1127336] Confirming: 7/9
[10 INFO main 1129455] Confirming: 8/9
[10 INFO main 1130824] Verify.Homing -> Scout.Query | Arrived home
[10 INFO main 1131538] Confirming: 9/9
[10 INFO main 1131926] Scout.Query -> Verify.DriveTo | Go to unverified source
[10 INFO main 1239066] Verify.DriveTo -> Verify.Homing | Homing
[10 INFO main 1257320] Verify.Homing -> Scout.Query | Arrived home
[10 INFO main 1266471] Confirming: 2/9
[10 INFO main 1268530] Confirming: 3/9
[10 INFO main 1270626] Confirming: 4/9
[10 INFO main 1272712] Confirming: 5/9
[10 INFO main 1274752] Confirming: 6/9
[10 INFO main 1276790] Confirming: 7/9
[10 INFO main 1278808] Confirming: 8/9
[10 INFO main 1280904] Confirming: 9/9
[10 INFO main 1281369] Scout.Query -> Verify.DriveTo | Go to unverified source
[10 INFO main 1314191] Verify.DriveTo -> Verify.Homing | Homing
[10 INFO main 1331251] Confirming: 1/9
[10 INFO main 1333599] Verify.Homing -> Scout.Query | Arrived home
[10 INFO main 1335367] Confirming: 3/9
[10 INFO main 1339495] Confirming: 5/9
[10 INFO main 1341587] Confirming: 6/9
[10 INFO main 1343588] Confirming: 7/9
[10 INFO main 1345664] Confirming: 8/9
[10 INFO main 1347671] Confirming: 9/9
[10 INFO main 1347911] Scout.Query -> Verify.DriveTo | Go to unverified source
[10 INFO main 1389618] Verify.DriveTo -> Verify.Homing | Homing
[10 INFO main 1405780] Verify.Homing -> Scout.Query | Arrived home
[10 INFO main 1416473] Confirming: 1/9
[10 INFO main 1420655] Confirming: 3/9
[10 INFO main 1422713] Confirming: 4/9
[10 INFO main 1424723] Confirming: 5/9
[10 INFO main 1426765] Confirming: 6/9
[10 INFO main 1428846] Confirming: 7/9
[10 INFO main 1432874] Confirming: 9/9
[10 INFO main 1433162] Scout.Query -> Verify.DriveTo | Go to unverified source
[10 INFO main 1444609] Verify.DriveTo -> Verify.Homing | Homing
[10 INFO main 1463450] Verify.Homing -> Scout.Query | Arrived home
[10 INFO main 1463987] Confirming: 2/9
[10 INFO main 1465999] Confirming: 3/9
[10 INFO main 1468066] Confirming: 4/9
[10 INFO main 1470099] Confirming: 5/9
[10 INFO main 1472256] Confirming: 6/9
[10 INFO main 1476350] Confirming: 8/9
[10 INFO main 1478411] Confirming: 9/9
[10 INFO main 1478707] Scout.Query -> Verify.DriveTo | Go to unverified source
[10 INFO main 1593508] Verify.DriveTo -> Verify.Homing | Homing
[10 INFO main 1601826] Confirming: 2/9
[10 INFO main 1603862] Confirming: 3/9
[10 INFO main 1605996] Confirming: 4/9
[10 INFO main 1608058] Confirming: 5/9
[10 INFO main 1610382] Confirming: 6/9
[10 INFO main 1612506] Confirming: 7/9
[10 INFO main 1614547] Confirming: 8/9
[10 INFO main 1616830] Confirming: 9/9
[10 INFO main 1619947] Verify.Homing -> Scout.Query | Arrived home
[10 INFO main 1620337] Scout.Query -> Verify.DriveTo | Go to unverified source
[10 INFO main 1665888] Verify.DriveTo -> Verify.Homing | Homing
[10 INFO main 1676528] Confirming: 1/9
[10 INFO main 1678669] Confirming: 2/9
[10 INFO main 1680699] Confirming: 3/9
[10 INFO main 1682761] Confirming: 4/9
[10 INFO main 1684778] Confirming: 5/9
[10 INFO main 1686816] Confirming: 6/9
[10 INFO main 1688948] Confirming: 7/9
[10 INFO main 1690157] Verify.Homing -> Scout.Query | Arrived home
[10 INFO main 1690976] Confirming: 8/9
[10 INFO main 1693126] Confirming: 10/9
[10 INFO main 1694018] Scout.Query -> Verify.DriveTo | Go to unverified source
[10 INFO main 1738322] Verify.DriveTo -> Verify.Homing | Homing
[10 INFO main 1755617] Verify.Homing -> Scout.Query | Arrived home
