[7 INFO main 28] Initialising Python Geth Console...
[7 INFO main 33] Initialising RandB board...
[7 INFO main 33] Initialising navigation...
[7 INFO main 33] Initialising random-walk...
[7 INFO main 33] Initialising odometry...
[7 INFO main 33] Initialising ground-sensors...
[7 INFO main 698] --//-- Starting Experiment --//--
[7 INFO main 1810] Idle.IDLE -> Scout.Query | Duration: 22.55
[7 INFO main 31034] Scout.Query -> Scout.GotoCenter | Drive to others reported pos
[7 INFO main 48872] Scout.GotoCenter -> Scout.Query | return to random walk
[7 INFO main 79609] Scout.Query -> Scout.GotoCenter | Drive to others reported pos
[7 INFO main 109947] Scout.GotoCenter -> Scout.Query | return to random walk
[7 INFO main 186049] Scout.Query -> Scout.GotoCenter | Drive to others reported pos
[7 INFO main 220046] Scout.GotoCenter -> Scout.Query | return to random walk
[7 INFO main 256085] Scout.Query -> Scout.GotoCenter | Drive to others reported pos
[7 INFO main 320601] Scout.GotoCenter -> Scout.Query | return to random walk
[7 INFO main 366223] Scout.Query -> Scout.GotoCenter | Drive to others reported pos
[7 INFO main 411952] Scout.GotoCenter -> Scout.Query | return to random walk
[7 INFO main 442894] Scout.Query -> Scout.GotoCenter | Drive to others reported pos
[7 INFO main 470537] Scout.GotoCenter -> Scout.Query | return to random walk
[7 INFO main 511494] Scout.Query -> Scout.GotoCenter | Drive to others reported pos
[7 INFO main 533277] Scout.GotoCenter -> Scout.Query | return to random walk
[7 INFO main 569292] Scout.Query -> Scout.GotoCenter | Drive to others reported pos
[7 INFO main 586733] Scout.GotoCenter -> Scout.Query | return to random walk
[7 INFO main 612205] Scout.Query -> Scout.GotoCenter | Drive to others reported pos
[7 INFO main 625747] Scout.GotoCenter -> Scout.Query | return to random walk
[7 INFO main 676407] Scout.Query -> Scout.GotoCenter | Drive to others reported pos
[7 INFO main 683681] Scout.GotoCenter -> Scout.Query | return to random walk
[7 INFO main 719678] Scout.Query -> Scout.GotoCenter | Drive to others reported pos
[7 INFO main 748436] Scout.GotoCenter -> Scout.Query | return to random walk
[7 INFO main 799145] Scout.Query -> Scout.GotoCenter | Drive to others reported pos
[7 INFO main 837132] Scout.GotoCenter -> Scout.Query | return to random walk
[7 INFO main 898347] Scout.Query -> Scout.GotoCenter | Drive to others reported pos
[7 INFO main 911451] Scout.GotoCenter -> Scout.Query | return to random walk
[7 INFO main 972645] Scout.Query -> Scout.GotoCenter | Drive to others reported pos
[7 INFO main 1023651] Scout.GotoCenter -> Scout.Query | return to random walk
[7 INFO main 1064527] Scout.Query -> Scout.GotoCenter | Drive to others reported pos
[7 INFO main 1159478] Scout.GotoCenter -> Scout.Query | return to random walk
[7 INFO main 1180113] Scout.Query -> Scout.GotoCenter | Drive to others reported pos
[7 INFO main 1213536] Scout.GotoCenter -> Scout.Query | return to random walk
[7 INFO main 1249057] Scout.Query -> Scout.GotoCenter | Drive to others reported pos
[7 INFO main 1303970] Scout.GotoCenter -> Scout.Query | return to random walk
