[INFO main 27] Initialising peer buffer...
[INFO main 27] Initialising resource buffer...
[INFO main 27] Initialising TCP server...
[INFO main 27] Initialising RandB board...
[INFO main 27] Initialising ground-sensors...
[INFO main 27] Initialising random-walk...
[INFO main 291] --//-- Starting Experiment --//--
[INFO main 39134] Added resource: {"x": -0.78, "y": -0.38, "radius": 0.04, "quantity": 1, "quality": "green", "timeStamp": 0}
[INFO main 39134] Removed resource: {"x": -0.78, "y": -0.38, "radius": 0.04, "quantity": 1, "quality": "green", "timeStamp": 0}
[INFO main 78280] Added resource: {"x": 0.47, "y": 0.48, "radius": 0.04, "quantity": 1, "quality": "blue", "timeStamp": 0}
[INFO main 215636] Removed resource: {"x": 0.47, "y": 0.48, "radius": 0.04, "quantity": 1, "quality": "blue", "timeStamp": 0}
[INFO main 231252] Added resource: {"x": 0.2, "y": 1.21, "radius": 0.05, "quantity": 1, "quality": "blue", "timeStamp": 0}
[INFO main 243366] Added resource: {"x": 0.04, "y": 0.65, "radius": 0.05, "quantity": 1, "quality": "red", "timeStamp": 0}
[INFO main 299133] Removed resource: {"x": 0.2, "y": 1.21, "radius": 0.05, "quantity": 1, "quality": "blue", "timeStamp": 0}
[INFO main 316851] Removed resource: {"x": 0.04, "y": 0.65, "radius": 0.05, "quantity": 1, "quality": "red", "timeStamp": 0}
[INFO main 359799] Added resource: {"x": 0.95, "y": -1.03, "radius": 0.05, "quantity": 1, "quality": "yellow", "timeStamp": 0}
[INFO main 404147] Added resource: {"x": -0.57, "y": -0.17, "radius": 0.05, "quantity": 1, "quality": "blue", "timeStamp": 0}
[INFO main 438988] Added resource: {"x": 0.77, "y": -0.8, "radius": 0.05, "quantity": 1, "quality": "green", "timeStamp": 0}
[INFO main 472726] Added resource: {"x": 0.62, "y": -0.72, "radius": 0.06, "quantity": 1, "quality": "green", "timeStamp": 0}
[INFO main 583346] Removed resource: {"x": 0.95, "y": -1.03, "radius": 0.05, "quantity": 1, "quality": "yellow", "timeStamp": 0}
