[6 INFO main 27] Initialising Python Geth Console...
[6 INFO main 32] Initialising RandB board...
[6 INFO main 32] Initialising navigation...
[6 INFO main 32] Initialising random-walk...
[6 INFO main 32] Initialising odometry...
[6 INFO main 33] Initialising ground-sensors...
[6 INFO main 744] --//-- Starting Experiment --//--
[6 INFO main 2170] Idle.IDLE -> Scout.Query | Duration: 28.01
[6 INFO main 24901] Scout.Query -> Verify.DriveTo | Go to unverified source
[6 INFO main 36925] Verify.DriveTo -> Verify.Homing | Homing
[6 INFO main 58474] Verify.Homing -> Scout.Query | Arrived home
[6 INFO main 69822] Confirming: 1/9
[6 INFO main 71845] Confirming: 2/9
[6 INFO main 73940] Confirming: 3/9
[6 INFO main 75946] Confirming: 4/9
[6 INFO main 77963] Confirming: 5/9
[6 INFO main 80043] Confirming: 7/9
[6 INFO main 82111] Confirming: 8/9
[6 INFO main 84062] Confirming: 9/9
[6 INFO main 84327] Scout.Query -> Verify.DriveTo | Go to unverified source
[6 INFO main 131476] Verify.DriveTo -> Verify.Homing | Homing
[6 INFO main 149585] Verify.Homing -> Scout.Query | Arrived home
[6 INFO main 158335] Confirming: 1/9
[6 INFO main 160359] Confirming: 2/9
[6 INFO main 162384] Confirming: 3/9
[6 INFO main 164522] Confirming: 4/9
[6 INFO main 166588] Confirming: 5/9
[6 INFO main 168653] Confirming: 6/9
[6 INFO main 170739] Confirming: 7/9
[6 INFO main 172828] Confirming: 8/9
[6 INFO main 174882] Confirming: 9/9
[6 INFO main 175559] Scout.Query -> Verify.DriveTo | Go to unverified source
[6 INFO main 191610] Verify.DriveTo -> Verify.Homing | Homing
[6 INFO main 215570] Verify.Homing -> Scout.Query | Arrived home
[6 INFO main 219271] Confirming: 1/9
[6 INFO main 221370] Confirming: 2/9
[6 INFO main 223418] Confirming: 3/9
[6 INFO main 225483] Confirming: 4/9
[6 INFO main 227567] Confirming: 5/9
[6 INFO main 229601] Confirming: 6/9
[6 INFO main 231713] Confirming: 7/9
[6 INFO main 233818] Confirming: 8/9
[6 INFO main 235879] Confirming: 9/9
[6 INFO main 236421] Scout.Query -> Verify.DriveTo | Go to unverified source
[6 INFO main 287042] Verify.DriveTo -> Verify.Homing | Homing
[6 INFO main 308137] Confirming: 1/9
[6 INFO main 309907] Verify.Homing -> Scout.Query | Arrived home
[6 INFO main 310360] Confirming: 2/9
[6 INFO main 312385] Confirming: 3/9
[6 INFO main 314419] Confirming: 4/9
[6 INFO main 316422] Confirming: 5/9
[6 INFO main 318447] Confirming: 6/9
[6 INFO main 322667] Confirming: 8/9
[6 INFO main 324755] Confirming: 9/9
[6 INFO main 325178] Scout.Query -> Verify.DriveTo | Go to unverified source
[6 INFO main 342095] Verify.DriveTo -> Verify.Homing | Homing
[6 INFO main 364791] Verify.Homing -> Scout.Query | Arrived home
[6 INFO main 367062] Confirming: 1/9
[6 INFO main 369118] Confirming: 2/9
[6 INFO main 371198] Confirming: 3/9
[6 INFO main 373269] Confirming: 4/9
[6 INFO main 375283] Confirming: 5/9
[6 INFO main 377379] Confirming: 6/9
[6 INFO main 379444] Confirming: 7/9
[6 INFO main 381535] Confirming: 8/9
[6 INFO main 383597] Confirming: 9/9
[6 INFO main 384219] Scout.Query -> Verify.DriveTo | Go to unverified source
[6 INFO main 424878] Verify.DriveTo -> Verify.Homing | Homing
[6 INFO main 443203] Verify.Homing -> Scout.Query | Arrived home
[6 INFO main 462417] Confirming: 1/9
[6 INFO main 464440] Confirming: 3/9
[6 INFO main 466535] Confirming: 5/9
[6 INFO main 468581] Confirming: 6/9
[6 INFO main 470634] Confirming: 7/9
[6 INFO main 472665] Confirming: 8/9
[6 INFO main 474729] Confirming: 9/9
[6 INFO main 474732] Scout.Query -> Scout.PrepSend | Homing
[6 INFO main 474816] Scout.PrepSend -> Verify.Homing | Homing
[6 INFO main 489698] Confirming: 1/9
[6 INFO main 491883] Confirming: 2/9
[6 INFO main 493985] Confirming: 3/9
[6 INFO main 495356] Verify.Homing -> Scout.Query | Arrived home
[6 INFO main 495998] Confirming: 4/9
[6 INFO main 498022] Confirming: 5/9
[6 INFO main 500114] Confirming: 6/9
[6 INFO main 502201] Confirming: 7/9
[6 INFO main 504200] Confirming: 8/9
[6 INFO main 506216] Confirming: 9/9
[6 INFO main 506627] Scout.Query -> Verify.DriveTo | Go to unverified source
[6 INFO main 575273] Verify.DriveTo -> Verify.Homing | Homing
[6 INFO main 601963] Confirming: 1/9
[6 INFO main 604003] Confirming: 2/9
[6 INFO main 604215] Verify.Homing -> Scout.Query | Arrived home
[6 INFO main 606142] Confirming: 3/9
[6 INFO main 608205] Confirming: 4/9
[6 INFO main 610206] Confirming: 5/9
[6 INFO main 612227] Confirming: 6/9
[6 INFO main 614313] Confirming: 7/9
[6 INFO main 616339] Confirming: 8/9
[6 INFO main 618416] Confirming: 9/9
[6 INFO main 618840] Scout.Query -> Verify.DriveTo | Go to unverified source
[6 INFO main 762570] Verify.DriveTo -> Verify.Homing | Homing
[6 INFO main 789607] Confirming: 1/9
[6 INFO main 793848] Confirming: 3/9
[6 INFO main 795930] Confirming: 4/9
[6 INFO main 797484] Verify.Homing -> Scout.Query | Arrived home
[6 INFO main 797944] Confirming: 5/9
[6 INFO main 800021] Confirming: 6/9
[6 INFO main 802258] Confirming: 7/9
[6 INFO main 806389] Confirming: 9/9
[6 INFO main 806538] Scout.Query -> Verify.DriveTo | Go to unverified source
[6 INFO main 837867] Verify.DriveTo -> Verify.Homing | Homing
[6 INFO main 850598] Confirming: 1/9
[6 INFO main 852797] Confirming: 2/9
[6 INFO main 854817] Confirming: 3/9
[6 INFO main 855923] Verify.Homing -> Scout.Query | Arrived home
[6 INFO main 856812] Confirming: 4/9
[6 INFO main 858904] Confirming: 5/9
[6 INFO main 860941] Confirming: 6/9
[6 INFO main 862977] Confirming: 7/9
[6 INFO main 864998] Confirming: 8/9
[6 INFO main 867017] Confirming: 9/9
[6 INFO main 867045] Scout.Query -> Verify.DriveTo | Go to unverified source
[6 INFO main 897914] Verify.DriveTo -> Verify.Homing | Homing
[6 INFO main 910607] Confirming: 1/9
[6 INFO main 912643] Confirming: 2/9
[6 INFO main 914668] Confirming: 3/9
[6 INFO main 916746] Confirming: 4/9
[6 INFO main 918782] Confirming: 5/9
[6 INFO main 920849] Confirming: 6/9
[6 INFO main 922878] Confirming: 7/9
[6 INFO main 924918] Confirming: 8/9
[6 INFO main 926240] Verify.Homing -> Scout.Query | Arrived home
[6 INFO main 926984] Confirming: 9/9
[6 INFO main 927539] Scout.Query -> Verify.DriveTo | Go to unverified source
[6 INFO main 977318] Verify.DriveTo -> Verify.Homing | Homing
[6 INFO main 996346] Verify.Homing -> Scout.Query | Arrived home
[6 INFO main 997959] Confirming: 1/9
[6 INFO main 1000038] Confirming: 2/9
[6 INFO main 1002039] Confirming: 3/9
[6 INFO main 1004044] Confirming: 5/9
[6 INFO main 1008065] Confirming: 7/9
[6 INFO main 1012170] Confirming: 9/9
[6 INFO main 1012332] Scout.Query -> Verify.DriveTo | Go to unverified source
[6 INFO main 1036903] Verify.DriveTo -> Verify.Homing | Homing
[6 INFO main 1054366] Verify.Homing -> Scout.Query | Arrived home
[6 INFO main 1061668] Confirming: 1/9
[6 INFO main 1063685] Confirming: 2/9
[6 INFO main 1065747] Confirming: 3/9
[6 INFO main 1067798] Confirming: 4/9
[6 INFO main 1069802] Confirming: 5/9
[6 INFO main 1071809] Confirming: 6/9
[6 INFO main 1073818] Confirming: 7/9
[6 INFO main 1075859] Confirming: 8/9
[6 INFO main 1077871] Confirming: 9/9
[6 INFO main 1078275] Scout.Query -> Verify.DriveTo | Go to unverified source
[6 INFO main 1098838] Verify.DriveTo -> Verify.Homing | Homing
[6 INFO main 1119819] Verify.Homing -> Scout.Query | Arrived home
[6 INFO main 1123475] Confirming: 1/9
[6 INFO main 1125509] Confirming: 2/9
[6 INFO main 1127567] Confirming: 3/9
[6 INFO main 1129636] Confirming: 4/9
[6 INFO main 1131701] Confirming: 5/9
[6 INFO main 1133702] Confirming: 6/9
[6 INFO main 1135768] Confirming: 7/9
[6 INFO main 1137801] Confirming: 8/9
[6 INFO main 1139810] Confirming: 9/9
[6 INFO main 1140416] Scout.Query -> Verify.DriveTo | Go to unverified source
[6 INFO main 1164659] Verify.DriveTo -> Verify.Homing | Homing
[6 INFO main 1178365] Verify.Homing -> Scout.Query | Arrived home
[6 INFO main 1183239] Confirming: 1/9
[6 INFO main 1185260] Confirming: 2/9
[6 INFO main 1187268] Confirming: 3/9
[6 INFO main 1189399] Confirming: 4/9
[6 INFO main 1191409] Confirming: 5/9
[6 INFO main 1193446] Confirming: 6/9
[6 INFO main 1195471] Confirming: 7/9
[6 INFO main 1197585] Confirming: 8/9
[6 INFO main 1199685] Confirming: 9/9
[6 INFO main 1199688] Scout.Query -> Scout.PrepSend | Homing
[6 INFO main 1200074] Scout.PrepSend -> Verify.Homing | Homing
[6 INFO main 1213666] Verify.Homing -> Scout.Query | Arrived home
[6 INFO main 1219057] Confirming: 2/9
[6 INFO main 1221071] Confirming: 3/9
[6 INFO main 1225128] Confirming: 5/9
[6 INFO main 1227318] Confirming: 6/9
[6 INFO main 1231490] Confirming: 8/9
[6 INFO main 1233537] Confirming: 9/9
[6 INFO main 1233975] Scout.Query -> Verify.DriveTo | Go to unverified source
[6 INFO main 1290240] Verify.DriveTo -> Verify.Homing | Homing
[6 INFO main 1306765] Confirming: 3/9
[6 INFO main 1308874] Confirming: 4/9
[6 INFO main 1312955] Confirming: 6/9
[6 INFO main 1314989] Confirming: 7/9
[6 INFO main 1319159] Confirming: 9/9
[6 INFO main 1323408] Verify.Homing -> Scout.Query | Arrived home
[6 INFO main 1323556] Scout.Query -> Verify.DriveTo | Go to unverified source
[6 INFO main 1371889] Verify.DriveTo -> Verify.Homing | Homing
[6 INFO main 1396867] Confirming: 1/9
[6 INFO main 1397903] Verify.Homing -> Scout.Query | Arrived home
[6 INFO main 1398895] Confirming: 2/9
[6 INFO main 1401095] Confirming: 4/9
[6 INFO main 1403107] Confirming: 5/9
[6 INFO main 1405195] Confirming: 6/9
[6 INFO main 1409365] Confirming: 7/9
[6 INFO main 1411393] Confirming: 8/9
[6 INFO main 1413415] Confirming: 10/9
[6 INFO main 1414325] Scout.Query -> Verify.DriveTo | Go to unverified source
[6 INFO main 1438851] Verify.DriveTo -> Verify.Homing | Homing
[6 INFO main 1456179] Verify.Homing -> Scout.Query | Arrived home
[6 INFO main 1457783] Confirming: 1/9
[6 INFO main 1459849] Confirming: 2/9
[6 INFO main 1461872] Confirming: 4/9
[6 INFO main 1466214] Confirming: 5/9
[6 INFO main 1468219] Confirming: 7/9
[6 INFO main 1470258] Confirming: 8/9
[6 INFO main 1472324] Confirming: 9/9
[6 INFO main 1472767] Scout.Query -> Verify.DriveTo | Go to unverified source
[6 INFO main 1509589] Verify.DriveTo -> Verify.Homing | Homing
[6 INFO main 1520016] Confirming: 1/9
[6 INFO main 1533775] Verify.Homing -> Scout.Query | Arrived home
[6 INFO main 1548853] Confirming: 2/9
[6 INFO main 1550890] Confirming: 3/9
[6 INFO main 1553065] Confirming: 4/9
[6 INFO main 1557163] Confirming: 6/9
[6 INFO main 1561323] Confirming: 8/9
[6 INFO main 1563431] Confirming: 9/9
[6 INFO main 1564183] Scout.Query -> Verify.DriveTo | Go to unverified source
[6 INFO main 1597259] Verify.DriveTo -> Verify.Homing | Homing
[6 INFO main 1616287] Verify.Homing -> Scout.Query | Arrived home
[6 INFO main 1636848] Confirming: 1/9
[6 INFO main 1638976] Confirming: 2/9
[6 INFO main 1641146] Confirming: 3/9
[6 INFO main 1643195] Confirming: 4/9
[6 INFO main 1645347] Confirming: 5/9
[6 INFO main 1647387] Confirming: 6/9
[6 INFO main 1649655] Confirming: 7/9
[6 INFO main 1651655] Confirming: 8/9
[6 INFO main 1653668] Confirming: 9/9
[6 INFO main 1654352] Scout.Query -> Verify.DriveTo | Go to unverified source
[6 INFO main 1681516] Verify.DriveTo -> Verify.Homing | Homing
[6 INFO main 1696052] Confirming: 1/9
[6 INFO main 1700408] Confirming: 2/9
[6 INFO main 1702463] Confirming: 4/9
[6 INFO main 1704520] Confirming: 5/9
[6 INFO main 1708755] Confirming: 7/9
[6 INFO main 1710870] Confirming: 8/9
[6 INFO main 1710871] Verify.Homing -> Scout.Query | Arrived home
[6 INFO main 1712953] Confirming: 9/9
[6 INFO main 1713208] Scout.Query -> Verify.DriveTo | Go to unverified source
[6 INFO main 1799813] Verify.DriveTo -> Verify.Homing | Homing
