[9 INFO main 52] Initialising Python Geth Console...
[9 INFO main 56] Initialising RandB board...
[9 INFO main 57] Initialising navigation...
[9 INFO main 57] Initialising random-walk...
[9 INFO main 57] Initialising odometry...
[9 INFO main 57] Initialising ground-sensors...
[9 INFO main 489] --//-- Starting Experiment --//--
[9 INFO main 1593] Idle.IDLE -> Scout.Query | Duration: 23.66
[9 INFO main 15756] Scout.Query -> Scout.GotoCenter | Drive to others reported pos
[9 INFO main 20104] Scout.GotoCenter -> Scout.Query | return to random walk
[9 INFO main 46076] Scout.Query -> Scout.GotoCenter | Drive to others reported pos
[9 INFO main 75320] Scout.GotoCenter -> Scout.Query | return to random walk
[9 INFO main 141694] Scout.Query -> Scout.GotoCenter | Drive to others reported pos
[9 INFO main 198880] Scout.GotoCenter -> Scout.Query | return to random walk
[9 INFO main 224476] Scout.Query -> Scout.GotoCenter | Drive to others reported pos
[9 INFO main 253167] Scout.GotoCenter -> Scout.Query | return to random walk
[9 INFO main 309715] Scout.Query -> Scout.GotoCenter | Drive to others reported pos
[9 INFO main 337661] Scout.GotoCenter -> Scout.Query | return to random walk
[9 INFO main 363370] Scout.Query -> Scout.GotoCenter | Drive to others reported pos
[9 INFO main 410280] Scout.GotoCenter -> Scout.Query | return to random walk
[9 INFO main 461327] Scout.Query -> Scout.GotoCenter | Drive to others reported pos
[9 INFO main 489033] Scout.GotoCenter -> Scout.Query | return to random walk
[9 INFO main 524896] Scout.Query -> Scout.GotoCenter | Drive to others reported pos
[9 INFO main 539476] Scout.GotoCenter -> Scout.Query | return to random walk
[9 INFO main 595647] Scout.Query -> Scout.GotoCenter | Drive to others reported pos
[9 INFO main 662161] Scout.GotoCenter -> Scout.Query | return to random walk
[9 INFO main 712941] Scout.Query -> Scout.GotoCenter | Drive to others reported pos
[9 INFO main 795191] Scout.GotoCenter -> Scout.Query | return to random walk
[9 INFO main 856221] Scout.Query -> Scout.GotoCenter | Drive to others reported pos
[9 INFO main 901954] Scout.GotoCenter -> Scout.Query | return to random walk
[9 INFO main 937727] Scout.Query -> Scout.GotoCenter | Drive to others reported pos
[9 INFO main 1029676] Scout.GotoCenter -> Scout.Query | return to random walk
[9 INFO main 1065229] Scout.Query -> Scout.GotoCenter | Drive to others reported pos
[9 INFO main 1118288] Scout.GotoCenter -> Scout.Query | return to random walk
[9 INFO main 1174132] Scout.Query -> Scout.GotoCenter | Drive to others reported pos
[9 INFO main 1215939] Scout.GotoCenter -> Scout.Query | return to random walk
[9 INFO main 1277663] Scout.Query -> Scout.GotoCenter | Drive to others reported pos
[9 INFO main 1342754] Scout.GotoCenter -> Scout.Query | return to random walk
[9 INFO main 1373274] Scout.Query -> Scout.GotoCenter | Drive to others reported pos
