[12 INFO main 27] Initialising Python Geth Console...
[12 INFO main 32] Initialising RandB board...
[12 INFO main 32] Initialising navigation...
[12 INFO main 32] Initialising random-walk...
[12 INFO main 32] Initialising odometry...
[12 INFO main 32] Initialising ground-sensors...
[12 INFO main 246] --//-- Starting Experiment --//--
[12 INFO main 1765] Idle.IDLE -> Scout.Query | Duration: 28.26
[12 INFO main 11077] Scout.Query -> Verify.DriveTo | Go to unverified source
[12 INFO main 76354] Verify.DriveTo -> Verify.Homing | Homing
[12 INFO main 88878] Confirming: 1/9
[12 INFO main 90924] Confirming: 2/9
[12 INFO main 92935] Confirming: 3/9
[12 INFO main 95021] Confirming: 4/9
[12 INFO main 97020] Confirming: 5/9
[12 INFO main 99052] Confirming: 6/9
[12 INFO main 101121] Confirming: 7/9
[12 INFO main 103242] Confirming: 8/9
[12 INFO main 105353] Confirming: 9/9
[12 INFO main 112033] Verify.Homing -> Scout.Query | Arrived home
[12 INFO main 112150] Scout.Query -> Verify.DriveTo | Go to unverified source
[12 INFO main 371767] Verify.DriveTo -> Verify.Homing | Homing
[12 INFO main 391490] Verify.Homing -> Scout.Query | Arrived home
[12 INFO main 392494] Confirming: 1/9
[12 INFO main 394602] Confirming: 2/9
[12 INFO main 396705] Confirming: 3/9
[12 INFO main 398779] Confirming: 4/9
[12 INFO main 402840] Confirming: 6/9
[12 INFO main 404908] Confirming: 7/9
[12 INFO main 406952] Confirming: 8/9
[12 INFO main 408975] Confirming: 9/9
[12 INFO main 409655] Scout.Query -> Verify.DriveTo | Go to unverified source
[12 INFO main 438979] Verify.DriveTo -> Verify.Homing | Homing
[12 INFO main 453618] Confirming: 1/9
[12 INFO main 455646] Confirming: 2/9
[12 INFO main 457688] Confirming: 3/9
[12 INFO main 459695] Confirming: 4/9
[12 INFO main 461708] Confirming: 5/9
[12 INFO main 463733] Confirming: 6/9
[12 INFO main 465804] Confirming: 8/9
[12 INFO main 465821] Verify.Homing -> Scout.Query | Arrived home
[12 INFO main 467859] Confirming: 9/9
[12 INFO main 468214] Scout.Query -> Verify.DriveTo | Go to unverified source
[12 INFO main 495533] Verify.DriveTo -> Verify.Homing | Homing
[12 INFO main 511781] Confirming: 1/9
[12 INFO main 513846] Confirming: 2/9
[12 INFO main 515924] Confirming: 3/9
[12 INFO main 516152] Verify.Homing -> Scout.Query | Arrived home
[12 INFO main 517967] Confirming: 4/9
[12 INFO main 520004] Confirming: 5/9
[12 INFO main 522040] Confirming: 6/9
[12 INFO main 524336] Confirming: 7/9
[12 INFO main 526452] Confirming: 8/9
[12 INFO main 528444] Confirming: 9/9
[12 INFO main 529059] Scout.Query -> Verify.DriveTo | Go to unverified source
[12 INFO main 559196] Verify.DriveTo -> Verify.Homing | Homing
[12 INFO main 572038] Confirming: 1/9
[12 INFO main 576348] Confirming: 3/9
[12 INFO main 578058] Verify.Homing -> Scout.Query | Arrived home
[12 INFO main 578389] Confirming: 4/9
[12 INFO main 580494] Confirming: 5/9
[12 INFO main 582560] Confirming: 6/9
[12 INFO main 584651] Confirming: 7/9
[12 INFO main 586680] Confirming: 8/9
[12 INFO main 588777] Confirming: 9/9
[12 INFO main 589292] Scout.Query -> Verify.DriveTo | Go to unverified source
[12 INFO main 640330] Verify.DriveTo -> Verify.Homing | Homing
[12 INFO main 646451] Verify.Homing -> Scout.Query | Arrived home
[12 INFO main 662969] Confirming: 1/9
[12 INFO main 664996] Confirming: 2/9
[12 INFO main 667013] Confirming: 3/9
[12 INFO main 669016] Confirming: 4/9
[12 INFO main 673105] Confirming: 6/9
[12 INFO main 675214] Confirming: 7/9
[12 INFO main 677260] Confirming: 8/9
[12 INFO main 679413] Confirming: 9/9
[12 INFO main 680014] Scout.Query -> Verify.DriveTo | Go to unverified source
[12 INFO main 805681] Verify.DriveTo -> Verify.Homing | Homing
[12 INFO main 813907] Confirming: 1/9
[12 INFO main 818194] Confirming: 3/9
[12 INFO main 820152] Confirming: 4/9
[12 INFO main 822279] Confirming: 5/9
[12 INFO main 824312] Confirming: 6/9
[12 INFO main 826688] Confirming: 7/9
[12 INFO main 828688] Confirming: 8/9
[12 INFO main 830766] Confirming: 9/9
[12 INFO main 854126] Verify.Homing -> Scout.Query | Arrived home
[12 INFO main 854321] Scout.Query -> Verify.DriveTo | Go to unverified source
[12 INFO main 895424] Verify.DriveTo -> Verify.Homing | Homing
[12 INFO main 904032] Confirming: 1/9
[12 INFO main 906133] Confirming: 2/9
[12 INFO main 908182] Confirming: 3/9
[12 INFO main 910204] Confirming: 4/9
[12 INFO main 912381] Confirming: 5/9
[12 INFO main 914404] Confirming: 6/9
[12 INFO main 916420] Confirming: 7/9
[12 INFO main 918492] Confirming: 8/9
[12 INFO main 920252] Verify.Homing -> Scout.Query | Arrived home
[12 INFO main 920573] Confirming: 9/9
[12 INFO main 920617] Scout.Query -> Verify.DriveTo | Go to unverified source
[12 INFO main 1075389] Verify.DriveTo -> Verify.Homing | Homing
[12 INFO main 1084487] Confirming: 1/9
[12 INFO main 1086656] Confirming: 2/9
[12 INFO main 1088703] Confirming: 3/9
[12 INFO main 1090755] Confirming: 4/9
[12 INFO main 1092842] Confirming: 5/9
[12 INFO main 1094922] Confirming: 7/9
[12 INFO main 1096647] Verify.Homing -> Scout.Query | Arrived home
[12 INFO main 1099032] Confirming: 8/9
[12 INFO main 1101033] Confirming: 9/9
[12 INFO main 1101198] Scout.Query -> Verify.DriveTo | Go to unverified source
[12 INFO main 1218560] Verify.DriveTo -> Verify.Homing | Homing
[12 INFO main 1235502] Confirming: 2/9
[12 INFO main 1237599] Confirming: 3/9
[12 INFO main 1239637] Confirming: 4/9
[12 INFO main 1241704] Confirming: 5/9
[12 INFO main 1243395] Verify.Homing -> Scout.Query | Arrived home
[12 INFO main 1243724] Confirming: 6/9
[12 INFO main 1245794] Confirming: 7/9
[12 INFO main 1247893] Confirming: 8/9
[12 INFO main 1249801] Confirming: 9/9
[12 INFO main 1250731] Scout.Query -> Verify.DriveTo | Go to unverified source
[12 INFO main 1310598] Verify.DriveTo -> Verify.Homing | Homing
[12 INFO main 1314909] Confirming: 1/9
[12 INFO main 1316985] Confirming: 2/9
[12 INFO main 1318989] Confirming: 3/9
[12 INFO main 1321016] Confirming: 4/9
[12 INFO main 1323113] Confirming: 6/9
[12 INFO main 1327149] Confirming: 8/9
[12 INFO main 1329197] Confirming: 9/9
[12 INFO main 1338902] Verify.Homing -> Scout.Query | Arrived home
[12 INFO main 1339040] Scout.Query -> Verify.DriveTo | Go to unverified source
[12 INFO main 1466933] Verify.DriveTo -> Verify.Homing | Homing
[12 INFO main 1473336] Confirming: 1/9
[12 INFO main 1475648] Confirming: 2/9
[12 INFO main 1477654] Confirming: 3/9
[12 INFO main 1479696] Confirming: 4/9
[12 INFO main 1481772] Confirming: 5/9
[12 INFO main 1483853] Confirming: 6/9
[12 INFO main 1485904] Confirming: 7/9
[12 INFO main 1487983] Confirming: 8/9
[12 INFO main 1490037] Confirming: 9/9
[12 INFO main 1490784] Verify.Homing -> Scout.Query | Arrived home
[12 INFO main 1490819] Scout.Query -> Verify.DriveTo | Go to unverified source
[12 INFO main 1536314] Verify.DriveTo -> Verify.Homing | Homing
[12 INFO main 1559405] Verify.Homing -> Scout.Query | Arrived home
[12 INFO main 1562833] Confirming: 1/9
[12 INFO main 1564943] Confirming: 2/9
[12 INFO main 1567040] Confirming: 3/9
[12 INFO main 1569064] Confirming: 4/9
[12 INFO main 1571117] Confirming: 5/9
[12 INFO main 1573119] Confirming: 6/9
[12 INFO main 1575251] Confirming: 7/9
[12 INFO main 1577431] Confirming: 8/9
[12 INFO main 1579621] Confirming: 9/9
[12 INFO main 1579787] Scout.Query -> Verify.DriveTo | Go to unverified source
[12 INFO main 1673499] Verify.DriveTo -> Verify.Homing | Homing
[12 INFO main 1683899] Confirming: 1/9
[12 INFO main 1690253] Confirming: 4/9
[12 INFO main 1692336] Confirming: 5/9
[12 INFO main 1694418] Confirming: 6/9
[12 INFO main 1696444] Confirming: 7/9
[12 INFO main 1698475] Confirming: 8/9
[12 INFO main 1700544] Confirming: 9/9
[12 INFO main 1700605] Verify.Homing -> Scout.Query | Arrived home
[12 INFO main 1700752] Scout.Query -> Verify.DriveTo | Go to unverified source
[12 INFO main 1719468] Verify.DriveTo -> Verify.Homing | Homing
[12 INFO main 1729476] Verify.Homing -> Scout.Query | Arrived home
[12 INFO main 1744428] Confirming: 1/9
[12 INFO main 1746441] Confirming: 2/9
[12 INFO main 1748557] Confirming: 3/9
[12 INFO main 1750564] Confirming: 4/9
[12 INFO main 1752614] Confirming: 5/9
[12 INFO main 1754652] Confirming: 6/9
[12 INFO main 1756728] Confirming: 7/9
[12 INFO main 1758830] Confirming: 8/9
[12 INFO main 1760899] Confirming: 10/9
[12 INFO main 1761382] Scout.Query -> Verify.DriveTo | Go to unverified source
