[8 INFO main 27] Initialising Python Geth Console...
[8 INFO main 32] Initialising RandB board...
[8 INFO main 32] Initialising navigation...
[8 INFO main 32] Initialising random-walk...
[8 INFO main 32] Initialising odometry...
[8 INFO main 32] Initialising ground-sensors...
[8 INFO main 955] --//-- Starting Experiment --//--
[8 INFO main 2050] Idle.IDLE -> Scout.Query | Duration: 22.74
[8 INFO main 41807] Scout.Query -> Scout.GotoCenter | Drive to others reported pos
[8 INFO main 76745] Scout.GotoCenter -> Scout.Query | return to random walk
[8 INFO main 138108] Scout.Query -> Scout.GotoCenter | Drive to others reported pos
[8 INFO main 189206] Scout.GotoCenter -> Scout.Query | return to random walk
[8 INFO main 219683] Scout.Query -> Scout.GotoCenter | Drive to others reported pos
[8 INFO main 259346] Scout.GotoCenter -> Scout.Query | return to random walk
[8 INFO main 294872] Scout.Query -> Scout.GotoCenter | Drive to others reported pos
[8 INFO main 369129] Scout.GotoCenter -> Scout.Query | return to random walk
[8 INFO main 399930] Scout.Query -> Scout.GotoCenter | Drive to others reported pos
[8 INFO main 458234] Scout.GotoCenter -> Scout.Query | return to random walk
[8 INFO main 483606] Scout.Query -> Scout.GotoCenter | Drive to others reported pos
[8 INFO main 538584] Scout.GotoCenter -> Scout.Query | return to random walk
