[2 INFO main 32] Initialising Python Geth Console...
[2 INFO main 36] Initialising RandB board...
[2 INFO main 36] Initialising navigation...
[2 INFO main 37] Initialising random-walk...
[2 INFO main 37] Initialising odometry...
[2 INFO main 37] Initialising ground-sensors...
[2 INFO main 1593] --//-- Starting Experiment --//--
[2 INFO main 2694] Idle.IDLE -> Scout.Query | Duration: 19.92
[2 INFO main 11719] Scout.Query -> Scout.GotoCenter | Drive to others reported pos
[2 INFO main 50106] Scout.GotoCenter -> Scout.Query | return to random walk
[2 INFO main 70773] Scout.Query -> Scout.GotoCenter | Drive to others reported pos
[2 INFO main 83951] Scout.GotoCenter -> Scout.Query | return to random walk
[2 INFO main 205527] Scout.Query -> Scout.GotoCenter | Drive to others reported pos
[2 INFO main 257421] Scout.GotoCenter -> Scout.Query | return to random walk
[2 INFO main 428542] Scout.Query -> Scout.GotoCenter | Drive to others reported pos
[2 INFO main 455081] Scout.GotoCenter -> Scout.Query | return to random walk
[2 INFO main 485562] Scout.Query -> Scout.GotoCenter | Drive to others reported pos
[2 INFO main 536396] Scout.GotoCenter -> Scout.Query | return to random walk
[2 INFO main 577557] Scout.Query -> Scout.GotoCenter | Drive to others reported pos
[2 INFO main 595733] Scout.GotoCenter -> Scout.Query | return to random walk
[2 INFO main 621648] Scout.Query -> Scout.GotoCenter | Drive to others reported pos
[2 INFO main 651174] Scout.GotoCenter -> Scout.Query | return to random walk
[2 INFO main 697265] Scout.Query -> Scout.GotoCenter | Drive to others reported pos
[2 INFO main 739258] Scout.GotoCenter -> Scout.Query | return to random walk
[2 INFO main 873940] Scout.Query -> Scout.GotoCenter | Drive to others reported pos
[2 INFO main 893102] Scout.GotoCenter -> Scout.Query | return to random walk
[2 INFO main 974259] Scout.Query -> Scout.GotoCenter | Drive to others reported pos
