[INFO main 27] Initialising peer buffer...
[INFO main 28] Initialising resource buffer...
[INFO main 28] Initialising TCP server...
[INFO main 28] Initialising RandB board...
[INFO main 28] Initialising ground-sensors...
[INFO main 28] Initialising random-walk...
[INFO main 329] --//-- Starting Experiment --//--
[INFO main 15841] Added resource: {"x": 1.15, "y": 0.31, "radius": 0.05, "quantity": 1, "quality": "red", "timeStamp": 0}
[INFO main 44174] Added resource: {"x": 0.99, "y": 0.1, "radius": 0.06, "quantity": 1, "quality": "green", "timeStamp": 0}
[INFO main 63209] Added resource: {"x": 0.34, "y": 0.17, "radius": 0.06, "quantity": 1, "quality": "green", "timeStamp": 0}
[INFO main 72406] Removed resource: {"x": 0.34, "y": 0.17, "radius": 0.06, "quantity": 1, "quality": "green", "timeStamp": 0}
[INFO main 96734] Removed resource: {"x": 0.99, "y": 0.1, "radius": 0.06, "quantity": 1, "quality": "green", "timeStamp": 0}
[INFO main 115556] Added resource: {"x": 0.64, "y": -0.5, "radius": 0.05, "quantity": 1, "quality": "red", "timeStamp": 0}
[INFO main 151897] Added resource: {"x": 0.59, "y": -0.22, "radius": 0.05, "quantity": 1, "quality": "yellow", "timeStamp": 0}
[INFO main 169420] Removed resource: {"x": 0.59, "y": -0.22, "radius": 0.05, "quantity": 1, "quality": "yellow", "timeStamp": 0}
[INFO main 237992] Removed resource: {"x": 0.64, "y": -0.5, "radius": 0.05, "quantity": 1, "quality": "red", "timeStamp": 0}
[INFO main 238394] Added resource: {"x": 0.62, "y": -0.47, "radius": 0.05, "quantity": 1, "quality": "yellow", "timeStamp": 0}
[INFO main 277037] Removed resource: {"x": 0.62, "y": -0.47, "radius": 0.05, "quantity": 1, "quality": "yellow", "timeStamp": 0}
[INFO main 289846] Added resource: {"x": 0.98, "y": -0.93, "radius": 0.05, "quantity": 1, "quality": "yellow", "timeStamp": 0}
[INFO main 351513] Removed resource: {"x": 0.98, "y": -0.93, "radius": 0.05, "quantity": 1, "quality": "yellow", "timeStamp": 0}
[INFO main 380145] Added resource: {"x": 0.29, "y": -0.87, "radius": 0.06, "quantity": 1, "quality": "yellow", "timeStamp": 0}
[INFO main 428896] Added resource: {"x": 0.84, "y": -0.22, "radius": 0.06, "quantity": 1, "quality": "blue", "timeStamp": 0}
[INFO main 458730] Removed resource: {"x": 0.29, "y": -0.87, "radius": 0.06, "quantity": 1, "quality": "yellow", "timeStamp": 0}
[INFO main 461436] Added resource: {"x": 0.32, "y": -0.9, "radius": 0.06, "quantity": 1, "quality": "red", "timeStamp": 0}
[INFO main 552845] Removed resource: {"x": 0.84, "y": -0.22, "radius": 0.06, "quantity": 1, "quality": "blue", "timeStamp": 0}
