[INFO main 26] Initialising Python Geth Console...
[INFO main 32] Initialising peer buffer...
[INFO main 33] Initialising TCP server...
[INFO main 33] Initialising RandB board...
[INFO main 33] Initialising ground-sensors...
[INFO main 33] Initialising random-walk...
[INFO main 415] Starting Experiment
[DEBUG events 6326] 0x0000000000000000000000000000000000000000
[DEBUG events 6336] Registered on-chain
[WARNING events 8356] execution reverted: Robot must register first

========= Remote Traceback (1) =========
Traceback (most recent call last):
  File "/usr/lib/python3.8/site-packages/rpyc/core/protocol.py", line 324, in _dispatch_request
    res = self._HANDLERS[handler](self, *args)
  File "/usr/lib/python3.8/site-packages/rpyc/core/protocol.py", line 592, in _handle_call
    return obj(*args, **dict(kwargs))
  File "/root/python_scripts/web3wrapper_docker.py", line 157, in exposed_call
    return self.w3if.call(function)
  File "/root/python_scripts/web3wrapper_docker.py", line 92, in call
    return getattr(self.sc.functions, func)().call()
  File "/usr/lib/python3.8/site-packages/web3/contract.py", line 957, in call
    return call_contract_function(
  File "/usr/lib/python3.8/site-packages/web3/contract.py", line 1501, in call_contract_function
    return_data = web3.eth.call(
  File "/usr/lib/python3.8/site-packages/web3/module.py", line 57, in caller
    result = w3.manager.request_blocking(method_str,
  File "/usr/lib/python3.8/site-packages/web3/manager.py", line 187, in request_blocking
    return self.formatted_response(response,
  File "/usr/lib/python3.8/site-packages/web3/manager.py", line 167, in formatted_response
    apply_error_formatters(error_formatters, response)
  File "/usr/lib/python3.8/site-packages/web3/manager.py", line 67, in apply_error_formatters
    formatted_resp = pipe(response, error_formatters)
  File "cytoolz/functoolz.pyx", line 667, in cytoolz.functoolz.pipe
  File "cytoolz/functoolz.pyx", line 642, in cytoolz.functoolz.c_pipe
  File "/usr/lib/python3.8/site-packages/web3/_utils/method_formatters.py", line 566, in raise_solidity_error_on_revert
    raise ContractLogicError(response['error']['message'])
web3.exceptions.ContractLogicError: execution reverted: Robot must register first

[INFO main 27341] Added peer: 4, enode: enode://041ab4a81f30d39685f2f7481efb1e0c4a040e73adf49564a125390c195ad6af86f46a229fed277f0ec03dd39559c52ec30a023357973098c01664b0234ac311@10.0.1.8:30303?discport=0
[INFO main 35295] Removed peer: 4
[INFO main 119317] Added peer: 7, enode: enode://3770f197faa6c76c2f1c591e8e9236d401afb90b50c13b2853f3ef49df28fd67a42b7fe0a837e95b4b9c830873e7ecf339cc3bc91db7035508a93f6f8cebf4cf@10.0.1.4:30303?discport=0
[INFO main 123310] Removed peer: 7
[DEBUG events 144367] 0x036D6B4DA0b4Eeb9d312E958c2937D9016765F50
[DEBUG events 144367] Registered on-chain
[DEBUG events 152363] Asked for UBI: 60
[INFO main 168368] Added peer: 2, enode: enode://3ee185410403df365a8b2a5c8a6eb275daa196d6b8eb1a278528f4ab176a4df0aff17765881fe4f7260d46f25fc4437130af89c7f780d02fd6b07947be0cad36@10.0.1.6:30303?discport=0
[INFO main 175346] Removed peer: 2
[INFO main 203328] Added peer: 4, enode: enode://041ab4a81f30d39685f2f7481efb1e0c4a040e73adf49564a125390c195ad6af86f46a229fed277f0ec03dd39559c52ec30a023357973098c01664b0234ac311@10.0.1.8:30303?discport=0
[DEBUG events 211323] 0x036D6B4DA0b4Eeb9d312E958c2937D9016765F50
[DEBUG events 211324] Registered on-chain
[INFO main 211330] Removed peer: 4
[DEBUG events 218311] Asked for UBI: 60
[INFO main 254389] Added peer: 2, enode: enode://3ee185410403df365a8b2a5c8a6eb275daa196d6b8eb1a278528f4ab176a4df0aff17765881fe4f7260d46f25fc4437130af89c7f780d02fd6b07947be0cad36@10.0.1.6:30303?discport=0
[INFO main 261328] Removed peer: 2
[DEBUG events 261387] 0x036D6B4DA0b4Eeb9d312E958c2937D9016765F50
[DEBUG events 261388] Registered on-chain
[DEBUG voting 271341] Voted successfully: 0.31 (1/1)
[INFO main 291344] Added peer: 8, enode: enode://d07a52d0c213002844bb14922c366747e2c1500129db456ed35527754fbc70d99ad159c9f75c65ac24a4ab83cccef28ecac8c918885721ec3251d9485afd227d@10.0.1.5:30303?discport=0
[DEBUG events 298320] 0x036D6B4DA0b4Eeb9d312E958c2937D9016765F50
[DEBUG events 298322] Registered on-chain
[INFO main 307338] Removed peer: 8
[DEBUG voting 311356] Voted successfully: 0.31 (1/1)
[INFO main 312328] Added peer: 1, enode: enode://dc85dc5e4e91196bf24617d4adab587e45a135a8844a53fa247a0cc30a8fddeb9edcbb693f0d332ec4707de8dad7e05160b4978a4bb4874f66b37ae4163f84c0@10.0.1.3:30303?discport=0
[INFO main 317348] Removed peer: 1
[DEBUG events 322332] 0x036D6B4DA0b4Eeb9d312E958c2937D9016765F50
[DEBUG events 322335] Registered on-chain
[DEBUG events 336342] 0x036D6B4DA0b4Eeb9d312E958c2937D9016765F50
[DEBUG events 336342] Registered on-chain
[INFO main 389373] Added peer: 6, enode: enode://05b611885badf0e5bdf91e1bf69ec955b59d574d3f13433dd2e1ea076cc68c674e33d5d72d0ad142a2a1ff597d3f70eeac5aaf7f5ba8a793fd9cc4a1df62fc19@10.0.1.10:30303?discport=0
[INFO main 397373] Added peer: 2, enode: enode://3ee185410403df365a8b2a5c8a6eb275daa196d6b8eb1a278528f4ab176a4df0aff17765881fe4f7260d46f25fc4437130af89c7f780d02fd6b07947be0cad36@10.0.1.6:30303?discport=0
[INFO main 399346] Removed peer: 6
[INFO main 403352] Added peer: 7, enode: enode://3770f197faa6c76c2f1c591e8e9236d401afb90b50c13b2853f3ef49df28fd67a42b7fe0a837e95b4b9c830873e7ecf339cc3bc91db7035508a93f6f8cebf4cf@10.0.1.4:30303?discport=0
[INFO main 408380] Removed peer: 2
[INFO main 410362] Removed peer: 7
[INFO main 415369] Added peer: 1, enode: enode://dc85dc5e4e91196bf24617d4adab587e45a135a8844a53fa247a0cc30a8fddeb9edcbb693f0d332ec4707de8dad7e05160b4978a4bb4874f66b37ae4163f84c0@10.0.1.3:30303?discport=0
[DEBUG events 416378] 0x036D6B4DA0b4Eeb9d312E958c2937D9016765F50
[DEBUG events 416378] Registered on-chain
[INFO main 419358] Removed peer: 1
[DEBUG events 428344] Asked for UBI: 20
[DEBUG events 429375] Asked for payout: 80
[DEBUG events 431353] Updated mean
[DEBUG events 443361] 0x036D6B4DA0b4Eeb9d312E958c2937D9016765F50
[DEBUG events 443361] Registered on-chain
[DEBUG events 455359] Asked for UBI: 20
[DEBUG events 456343] Asked for payout: 80
[DEBUG events 457380] Updated mean
[INFO main 497368] Added peer: 3, enode: enode://4344d6b75f3d4e299fda47a0a44f3a15b4242c68465bd35d0f7d4916d396d2001d306da1440f484a7fae6790ef73f5fc02594b644d3f960ffc6e663fa8be12d6@10.0.1.7:30303?discport=0
[INFO main 506353] Removed peer: 3
[DEBUG events 515402] 0x036D6B4DA0b4Eeb9d312E958c2937D9016765F50
[DEBUG events 515402] Registered on-chain
[INFO main 522354] Added peer: 8, enode: enode://d07a52d0c213002844bb14922c366747e2c1500129db456ed35527754fbc70d99ad159c9f75c65ac24a4ab83cccef28ecac8c918885721ec3251d9485afd227d@10.0.1.5:30303?discport=0
[DEBUG voting 523382] Voted successfully: 0.31 (1/1)
[INFO main 523401] Added peer: 7, enode: enode://3770f197faa6c76c2f1c591e8e9236d401afb90b50c13b2853f3ef49df28fd67a42b7fe0a837e95b4b9c830873e7ecf339cc3bc91db7035508a93f6f8cebf4cf@10.0.1.4:30303?discport=0
[INFO main 531390] Removed peer: 7
[DEBUG events 535371] 0x036D6B4DA0b4Eeb9d312E958c2937D9016765F50
[DEBUG events 535372] Registered on-chain
[INFO main 538377] Added peer: 2, enode: enode://3ee185410403df365a8b2a5c8a6eb275daa196d6b8eb1a278528f4ab176a4df0aff17765881fe4f7260d46f25fc4437130af89c7f780d02fd6b07947be0cad36@10.0.1.6:30303?discport=0
[DEBUG voting 546369] Voted successfully: 0.31 (1/1)
[INFO main 549372] Removed peer: 8
[INFO main 549405] Removed peer: 2
[INFO main 553391] Added peer: 7, enode: enode://3770f197faa6c76c2f1c591e8e9236d401afb90b50c13b2853f3ef49df28fd67a42b7fe0a837e95b4b9c830873e7ecf339cc3bc91db7035508a93f6f8cebf4cf@10.0.1.4:30303?discport=0
[DEBUG events 557362] 0x036D6B4DA0b4Eeb9d312E958c2937D9016765F50
[DEBUG events 557363] Registered on-chain
[INFO main 558386] Removed peer: 7
[DEBUG voting 567382] Voted successfully: 0.30 (1/1)
[INFO main 601364] Added peer: 4, enode: enode://041ab4a81f30d39685f2f7481efb1e0c4a040e73adf49564a125390c195ad6af86f46a229fed277f0ec03dd39559c52ec30a023357973098c01664b0234ac311@10.0.1.8:30303?discport=0
[INFO main 606408] Removed peer: 4
[DEBUG events 611359] 0x036D6B4DA0b4Eeb9d312E958c2937D9016765F50
[DEBUG events 611360] Registered on-chain
[DEBUG events 617427] Updated mean
[DEBUG voting 619387] Voted successfully: 0.30 (1/1)
[INFO main 632359] Added peer: 1, enode: enode://dc85dc5e4e91196bf24617d4adab587e45a135a8844a53fa247a0cc30a8fddeb9edcbb693f0d332ec4707de8dad7e05160b4978a4bb4874f66b37ae4163f84c0@10.0.1.3:30303?discport=0
[INFO main 637368] Added peer: 7, enode: enode://3770f197faa6c76c2f1c591e8e9236d401afb90b50c13b2853f3ef49df28fd67a42b7fe0a837e95b4b9c830873e7ecf339cc3bc91db7035508a93f6f8cebf4cf@10.0.1.4:30303?discport=0
[DEBUG events 642378] 0x036D6B4DA0b4Eeb9d312E958c2937D9016765F50
[DEBUG events 642378] Registered on-chain
[INFO main 642393] Added peer: 4, enode: enode://041ab4a81f30d39685f2f7481efb1e0c4a040e73adf49564a125390c195ad6af86f46a229fed277f0ec03dd39559c52ec30a023357973098c01664b0234ac311@10.0.1.8:30303?discport=0
[INFO main 647364] Removed peer: 1
[INFO main 648391] Removed peer: 7
[DEBUG voting 653357] Failed to vote: (0/1). Error: {'code': -32000, 'message': 'insufficient funds for gas * price + value'}

========= Remote Traceback (1) =========
Traceback (most recent call last):
  File "/usr/lib/python3.8/site-packages/rpyc/core/protocol.py", line 324, in _dispatch_request
    res = self._HANDLERS[handler](self, *args)
  File "/usr/lib/python3.8/site-packages/rpyc/core/protocol.py", line 592, in _handle_call
    return obj(*args, **dict(kwargs))
  File "/root/python_scripts/web3wrapper_docker.py", line 154, in exposed_transact2
    return self.w3if.transact2(function, arg1, str(arg2))
  File "/root/python_scripts/web3wrapper_docker.py", line 83, in transact2
    return getattr(self.sc.functions, func)(arg1).transact(ast.literal_eval(arg2))
  File "/usr/lib/python3.8/site-packages/web3/contract.py", line 997, in transact
    return transact_with_contract_function(
  File "/usr/lib/python3.8/site-packages/web3/contract.py", line 1590, in transact_with_contract_function
    txn_hash = web3.eth.send_transaction(transact_transaction)
  File "/usr/lib/python3.8/site-packages/web3/eth.py", line 686, in send_transaction
    return self._send_transaction(transaction)
  File "/usr/lib/python3.8/site-packages/web3/module.py", line 57, in caller
    result = w3.manager.request_blocking(method_str,
  File "/usr/lib/python3.8/site-packages/web3/manager.py", line 187, in request_blocking
    return self.formatted_response(response,
  File "/usr/lib/python3.8/site-packages/web3/manager.py", line 168, in formatted_response
    raise ValueError(response["error"])
ValueError: {'code': -32000, 'message': 'insufficient funds for gas * price + value'}

[INFO main 653373] Added peer: 6, enode: enode://05b611885badf0e5bdf91e1bf69ec955b59d574d3f13433dd2e1ea076cc68c674e33d5d72d0ad142a2a1ff597d3f70eeac5aaf7f5ba8a793fd9cc4a1df62fc19@10.0.1.10:30303?discport=0
[INFO main 654390] Removed peer: 4
[DEBUG events 659359] 0x036D6B4DA0b4Eeb9d312E958c2937D9016765F50
[DEBUG events 659360] Registered on-chain
[INFO main 661381] Removed peer: 6
[INFO main 666409] Added peer: 4, enode: enode://041ab4a81f30d39685f2f7481efb1e0c4a040e73adf49564a125390c195ad6af86f46a229fed277f0ec03dd39559c52ec30a023357973098c01664b0234ac311@10.0.1.8:30303?discport=0
[DEBUG events 667425] Asked for payout: 120
[INFO main 672369] Removed peer: 4
[DEBUG events 676373] 0x036D6B4DA0b4Eeb9d312E958c2937D9016765F50
[DEBUG events 676373] Registered on-chain
[DEBUG events 685386] Asked for payout: 120
[INFO main 722366] Added peer: 2, enode: enode://3ee185410403df365a8b2a5c8a6eb275daa196d6b8eb1a278528f4ab176a4df0aff17765881fe4f7260d46f25fc4437130af89c7f780d02fd6b07947be0cad36@10.0.1.6:30303?discport=0
[INFO main 725367] Added peer: 4, enode: enode://041ab4a81f30d39685f2f7481efb1e0c4a040e73adf49564a125390c195ad6af86f46a229fed277f0ec03dd39559c52ec30a023357973098c01664b0234ac311@10.0.1.8:30303?discport=0
[INFO main 729384] Removed peer: 2
[INFO main 733401] Removed peer: 4
[DEBUG events 738388] 0x036D6B4DA0b4Eeb9d312E958c2937D9016765F50
[DEBUG events 738388] Registered on-chain
[DEBUG voting 745382] Voted successfully: 0.29 (1/1)
[DEBUG events 750422] 0x036D6B4DA0b4Eeb9d312E958c2937D9016765F50
[DEBUG events 750423] Registered on-chain
[DEBUG voting 760368] Voted successfully: 0.29 (1/1)
[INFO main 777380] Added peer: 6, enode: enode://05b611885badf0e5bdf91e1bf69ec955b59d574d3f13433dd2e1ea076cc68c674e33d5d72d0ad142a2a1ff597d3f70eeac5aaf7f5ba8a793fd9cc4a1df62fc19@10.0.1.10:30303?discport=0
[INFO main 785395] Removed peer: 6
[DEBUG events 790373] 0x036D6B4DA0b4Eeb9d312E958c2937D9016765F50
[DEBUG events 790374] Registered on-chain
[DEBUG events 798375] Asked for UBI: 20
[DEBUG events 800383] Asked for payout: 120
[INFO main 809375] Added peer: 4, enode: enode://041ab4a81f30d39685f2f7481efb1e0c4a040e73adf49564a125390c195ad6af86f46a229fed277f0ec03dd39559c52ec30a023357973098c01664b0234ac311@10.0.1.8:30303?discport=0
[INFO main 813400] Added peer: 7, enode: enode://3770f197faa6c76c2f1c591e8e9236d401afb90b50c13b2853f3ef49df28fd67a42b7fe0a837e95b4b9c830873e7ecf339cc3bc91db7035508a93f6f8cebf4cf@10.0.1.4:30303?discport=0
[DEBUG events 817374] 0x036D6B4DA0b4Eeb9d312E958c2937D9016765F50
[DEBUG events 817374] Registered on-chain
[INFO main 819383] Removed peer: 4
[INFO main 823391] Added peer: 1, enode: enode://dc85dc5e4e91196bf24617d4adab587e45a135a8844a53fa247a0cc30a8fddeb9edcbb693f0d332ec4707de8dad7e05160b4978a4bb4874f66b37ae4163f84c0@10.0.1.3:30303?discport=0
[INFO main 823413] Added peer: 2, enode: enode://3ee185410403df365a8b2a5c8a6eb275daa196d6b8eb1a278528f4ab176a4df0aff17765881fe4f7260d46f25fc4437130af89c7f780d02fd6b07947be0cad36@10.0.1.6:30303?discport=0
[DEBUG events 824423] Asked for UBI: 20
[INFO main 824434] Removed peer: 7
[DEBUG voting 827409] Voted successfully: 0.28 (1/1)
[INFO main 829420] Added peer: 6, enode: enode://05b611885badf0e5bdf91e1bf69ec955b59d574d3f13433dd2e1ea076cc68c674e33d5d72d0ad142a2a1ff597d3f70eeac5aaf7f5ba8a793fd9cc4a1df62fc19@10.0.1.10:30303?discport=0
[INFO main 834374] Removed peer: 2
[INFO main 835432] Removed peer: 1
[INFO main 837399] Removed peer: 6
[DEBUG events 838382] 0x036D6B4DA0b4Eeb9d312E958c2937D9016765F50
[DEBUG events 838384] Registered on-chain
[DEBUG voting 848397] Voted successfully: 0.29 (1/1)
[DEBUG events 857393] 0x036D6B4DA0b4Eeb9d312E958c2937D9016765F50
[DEBUG events 857393] Registered on-chain
[DEBUG voting 868416] Voted successfully: 0.28 (1/1)
[INFO main 868420] Added peer: 8, enode: enode://d07a52d0c213002844bb14922c366747e2c1500129db456ed35527754fbc70d99ad159c9f75c65ac24a4ab83cccef28ecac8c918885721ec3251d9485afd227d@10.0.1.5:30303?discport=0
[INFO main 879406] Removed peer: 8
[INFO main 884407] Added peer: 7, enode: enode://3770f197faa6c76c2f1c591e8e9236d401afb90b50c13b2853f3ef49df28fd67a42b7fe0a837e95b4b9c830873e7ecf339cc3bc91db7035508a93f6f8cebf4cf@10.0.1.4:30303?discport=0
[DEBUG events 888383] 0x036D6B4DA0b4Eeb9d312E958c2937D9016765F50
[DEBUG events 888383] Registered on-chain
[INFO main 898395] Added peer: 8, enode: enode://d07a52d0c213002844bb14922c366747e2c1500129db456ed35527754fbc70d99ad159c9f75c65ac24a4ab83cccef28ecac8c918885721ec3251d9485afd227d@10.0.1.5:30303?discport=0
[INFO main 899387] Removed peer: 7
[INFO main 904401] Removed peer: 8
[DEBUG events 919386] 0x036D6B4DA0b4Eeb9d312E958c2937D9016765F50
[DEBUG events 919390] Registered on-chain
[DEBUG events 929441] Asked for payout: 40
[INFO main 954425] Added peer: 7, enode: enode://3770f197faa6c76c2f1c591e8e9236d401afb90b50c13b2853f3ef49df28fd67a42b7fe0a837e95b4b9c830873e7ecf339cc3bc91db7035508a93f6f8cebf4cf@10.0.1.4:30303?discport=0
[INFO main 960424] Removed peer: 7
[DEBUG events 967409] 0x036D6B4DA0b4Eeb9d312E958c2937D9016765F50
[DEBUG events 967409] Registered on-chain
[DEBUG events 975439] Asked for payout: 120
[DEBUG events 991391] 0x036D6B4DA0b4Eeb9d312E958c2937D9016765F50
[DEBUG events 991392] Registered on-chain
[DEBUG voting 998408] Voted successfully: 0.28 (1/1)
[INFO main 1007396] Added peer: 2, enode: enode://3ee185410403df365a8b2a5c8a6eb275daa196d6b8eb1a278528f4ab176a4df0aff17765881fe4f7260d46f25fc4437130af89c7f780d02fd6b07947be0cad36@10.0.1.6:30303?discport=0
[INFO main 1013402] Removed peer: 2
[DEBUG events 1017409] 0x036D6B4DA0b4Eeb9d312E958c2937D9016765F50
[DEBUG events 1017412] Registered on-chain
[INFO main 1019431] Added peer: 3, enode: enode://4344d6b75f3d4e299fda47a0a44f3a15b4242c68465bd35d0f7d4916d396d2001d306da1440f484a7fae6790ef73f5fc02594b644d3f960ffc6e663fa8be12d6@10.0.1.7:30303?discport=0
[INFO main 1025436] Removed peer: 3
[DEBUG voting 1026428] Voted successfully: 0.28 (1/1)
[INFO main 1029463] Added peer: 8, enode: enode://d07a52d0c213002844bb14922c366747e2c1500129db456ed35527754fbc70d99ad159c9f75c65ac24a4ab83cccef28ecac8c918885721ec3251d9485afd227d@10.0.1.5:30303?discport=0
[INFO main 1037411] Removed peer: 8
[DEBUG events 1048401] 0x036D6B4DA0b4Eeb9d312E958c2937D9016765F50
[DEBUG events 1048401] Registered on-chain
[INFO main 1049408] Added peer: 8, enode: enode://d07a52d0c213002844bb14922c366747e2c1500129db456ed35527754fbc70d99ad159c9f75c65ac24a4ab83cccef28ecac8c918885721ec3251d9485afd227d@10.0.1.5:30303?discport=0
[INFO main 1056413] Removed peer: 8
[DEBUG voting 1057416] Voted successfully: 0.28 (1/1)
[INFO main 1067414] Added peer: 4, enode: enode://041ab4a81f30d39685f2f7481efb1e0c4a040e73adf49564a125390c195ad6af86f46a229fed277f0ec03dd39559c52ec30a023357973098c01664b0234ac311@10.0.1.8:30303?discport=0
[INFO main 1073455] Removed peer: 4
[INFO main 1087481] Added peer: 3, enode: enode://4344d6b75f3d4e299fda47a0a44f3a15b4242c68465bd35d0f7d4916d396d2001d306da1440f484a7fae6790ef73f5fc02594b644d3f960ffc6e663fa8be12d6@10.0.1.7:30303?discport=0
[DEBUG events 1094452] 0x036D6B4DA0b4Eeb9d312E958c2937D9016765F50
[DEBUG events 1094452] Registered on-chain
[INFO main 1094453] Removed peer: 3
[INFO main 1101433] Added peer: 1, enode: enode://dc85dc5e4e91196bf24617d4adab587e45a135a8844a53fa247a0cc30a8fddeb9edcbb693f0d332ec4707de8dad7e05160b4978a4bb4874f66b37ae4163f84c0@10.0.1.3:30303?discport=0
[INFO main 1102422] Added peer: 4, enode: enode://041ab4a81f30d39685f2f7481efb1e0c4a040e73adf49564a125390c195ad6af86f46a229fed277f0ec03dd39559c52ec30a023357973098c01664b0234ac311@10.0.1.8:30303?discport=0
[DEBUG voting 1104404] Voted successfully: 0.28 (1/1)
[INFO main 1110478] Removed peer: 1
[INFO main 1111441] Removed peer: 4
[DEBUG events 1112450] 0x036D6B4DA0b4Eeb9d312E958c2937D9016765F50
[DEBUG events 1112452] Registered on-chain
[INFO main 1117419] Added peer: 6, enode: enode://05b611885badf0e5bdf91e1bf69ec955b59d574d3f13433dd2e1ea076cc68c674e33d5d72d0ad142a2a1ff597d3f70eeac5aaf7f5ba8a793fd9cc4a1df62fc19@10.0.1.10:30303?discport=0
[DEBUG events 1121419] Updated mean
[DEBUG voting 1123435] Voted successfully: 0.29 (1/1)
[INFO main 1124406] Removed peer: 6
[INFO main 1127424] Added peer: 3, enode: enode://4344d6b75f3d4e299fda47a0a44f3a15b4242c68465bd35d0f7d4916d396d2001d306da1440f484a7fae6790ef73f5fc02594b644d3f960ffc6e663fa8be12d6@10.0.1.7:30303?discport=0
[DEBUG events 1131409] 0x036D6B4DA0b4Eeb9d312E958c2937D9016765F50
[DEBUG events 1131409] Registered on-chain
[INFO main 1133456] Added peer: 8, enode: enode://d07a52d0c213002844bb14922c366747e2c1500129db456ed35527754fbc70d99ad159c9f75c65ac24a4ab83cccef28ecac8c918885721ec3251d9485afd227d@10.0.1.5:30303?discport=0
[INFO main 1134412] Removed peer: 3
[DEBUG voting 1140407] Voted successfully: 0.29 (1/1)
[INFO main 1141439] Removed peer: 8
[DEBUG events 1149439] 0x036D6B4DA0b4Eeb9d312E958c2937D9016765F50
[DEBUG events 1149446] Registered on-chain
[DEBUG events 1157452] Updated mean
[DEBUG events 1164423] 0x036D6B4DA0b4Eeb9d312E958c2937D9016765F50
[DEBUG events 1164424] Registered on-chain
[INFO main 1165476] Added peer: 8, enode: enode://d07a52d0c213002844bb14922c366747e2c1500129db456ed35527754fbc70d99ad159c9f75c65ac24a4ab83cccef28ecac8c918885721ec3251d9485afd227d@10.0.1.5:30303?discport=0
[INFO main 1172440] Removed peer: 8
[DEBUG events 1173471] Updated mean
[INFO main 1209472] Added peer: 3, enode: enode://4344d6b75f3d4e299fda47a0a44f3a15b4242c68465bd35d0f7d4916d396d2001d306da1440f484a7fae6790ef73f5fc02594b644d3f960ffc6e663fa8be12d6@10.0.1.7:30303?discport=0
[DEBUG events 1215446] 0x036D6B4DA0b4Eeb9d312E958c2937D9016765F50
[DEBUG events 1215446] Registered on-chain
[INFO main 1218466] Removed peer: 3
[DEBUG events 1224429] Updated mean
[INFO main 1260451] Added peer: 8, enode: enode://d07a52d0c213002844bb14922c366747e2c1500129db456ed35527754fbc70d99ad159c9f75c65ac24a4ab83cccef28ecac8c918885721ec3251d9485afd227d@10.0.1.5:30303?discport=0
[INFO main 1267431] Added peer: 2, enode: enode://3ee185410403df365a8b2a5c8a6eb275daa196d6b8eb1a278528f4ab176a4df0aff17765881fe4f7260d46f25fc4437130af89c7f780d02fd6b07947be0cad36@10.0.1.6:30303?discport=0
[INFO main 1267470] Removed peer: 8
[INFO main 1270462] Removed peer: 2
[DEBUG events 1282431] 0x036D6B4DA0b4Eeb9d312E958c2937D9016765F50
[DEBUG events 1282432] Registered on-chain
[DEBUG events 1289424] Asked for payout: 120
[DEBUG events 1303453] 0x036D6B4DA0b4Eeb9d312E958c2937D9016765F50
[DEBUG events 1303454] Registered on-chain
[DEBUG events 1307488] Asked for payout: 120
