[7 INFO main 27] Initialising Python Geth Console...
[7 INFO main 33] Initialising RandB board...
[7 INFO main 33] Initialising navigation...
[7 INFO main 33] Initialising random-walk...
[7 INFO main 33] Initialising odometry...
[7 INFO main 33] Initialising ground-sensors...
[7 INFO main 840] --//-- Starting Experiment --//--
[7 INFO main 1940] Idle.IDLE -> Scout.Query | Duration: 19.33
[7 INFO main 41363] Scout.Query -> Scout.GotoCenter | Drive to others reported pos
[7 INFO main 83099] Scout.GotoCenter -> Scout.Query | return to random walk
[7 INFO main 133848] Scout.Query -> Scout.GotoCenter | Drive to others reported pos
[7 INFO main 150639] Scout.GotoCenter -> Scout.Query | return to random walk
[7 INFO main 176059] Scout.Query -> Scout.GotoCenter | Drive to others reported pos
[7 INFO main 205611] Scout.GotoCenter -> Scout.Query | return to random walk
[7 INFO main 251064] Scout.Query -> Scout.GotoCenter | Drive to others reported pos
[7 INFO main 263412] Scout.GotoCenter -> Scout.Query | return to random walk
[7 INFO main 334520] Scout.Query -> Scout.GotoCenter | Drive to others reported pos
[7 INFO main 374891] Scout.GotoCenter -> Scout.Query | return to random walk
[7 INFO main 400278] Scout.Query -> Scout.GotoCenter | Drive to others reported pos
[7 INFO main 439790] Scout.GotoCenter -> Scout.Query | return to random walk
[7 INFO main 480661] Scout.Query -> Scout.GotoCenter | Drive to others reported pos
[7 INFO main 508850] Scout.GotoCenter -> Scout.Query | return to random walk
[7 INFO main 554814] Scout.Query -> Scout.GotoCenter | Drive to others reported pos
[7 INFO main 594450] Scout.GotoCenter -> Scout.Query | return to random walk
[7 INFO main 635078] Scout.Query -> Scout.GotoCenter | Drive to others reported pos
[7 INFO main 678643] Scout.GotoCenter -> Scout.Query | return to random walk
[7 INFO main 709207] Scout.Query -> Scout.GotoCenter | Drive to others reported pos
[7 INFO main 735944] Scout.GotoCenter -> Scout.Query | return to random walk
[7 INFO main 776770] Scout.Query -> Scout.GotoCenter | Drive to others reported pos
[7 INFO main 817220] Scout.GotoCenter -> Scout.Query | return to random walk
[7 INFO main 857825] Scout.Query -> Scout.GotoCenter | Drive to others reported pos
[7 INFO main 903299] Scout.GotoCenter -> Scout.Query | return to random walk
[7 INFO main 959366] Scout.Query -> Scout.GotoCenter | Drive to others reported pos
[7 INFO main 972370] Scout.GotoCenter -> Scout.Query | return to random walk
