[15 INFO main 30] Initialising Python Geth Console...
[15 INFO main 33] Initialising RandB board...
[15 INFO main 33] Initialising navigation...
[15 INFO main 33] Initialising random-walk...
[15 INFO main 33] Initialising odometry...
[15 INFO main 33] Initialising ground-sensors...
[15 INFO main 50] --//-- Starting Experiment --//--
[15 INFO main 1147] Idle.IDLE -> Scout.Query | Duration: 23.05
[15 INFO main 30733] Scout.Query -> Scout.GotoCenter | Drive to others reported pos
[15 INFO main 49562] Scout.GotoCenter -> Scout.Query | return to random walk
[15 INFO main 76431] Confirming: 1/8
[15 INFO main 78515] Confirming: 2/8
[15 INFO main 80652] Confirming: 3/8
[15 INFO main 82657] Confirming: 4/8
[15 INFO main 84746] Confirming: 5/8
[15 INFO main 86825] Confirming: 7/8
[15 INFO main 90977] Confirming: 8/8
[15 INFO main 206557] Scout.Query -> Scout.GotoCenter | Drive to others reported pos
[15 INFO main 646929] Scout.GotoCenter -> Scout.Query | return to random walk
[15 INFO main 696407] Confirming: 1/8
[15 INFO main 698465] Confirming: 2/8
[15 INFO main 700545] Confirming: 3/8
[15 INFO main 702637] Confirming: 4/8
[15 INFO main 704761] Confirming: 5/8
[15 INFO main 706797] Confirming: 6/8
[15 INFO main 714989] Confirming: 10/8
[15 INFO main 717580] Scout.Query -> Scout.GotoCenter | Drive to others reported pos
[15 INFO main 723895] Scout.GotoCenter -> Scout.Query | return to random walk
[15 INFO main 752477] Confirming: 1/8
[15 INFO main 760621] Confirming: 2/8
[15 INFO main 762649] Confirming: 3/8
[15 INFO main 770769] Confirming: 10/8
[15 INFO main 797381] Confirming: 1/8
[15 INFO main 799464] Confirming: 2/8
[15 INFO main 801529] Confirming: 3/8
[15 INFO main 803620] Confirming: 4/8
[15 INFO main 805653] Confirming: 5/8
[15 INFO main 807741] Confirming: 6/8
[15 INFO main 809841] Confirming: 8/8
[15 INFO main 810112] Scout.Query -> Scout.GotoCenter | Drive to others reported pos
[15 INFO main 852033] Scout.GotoCenter -> Scout.Query | return to random walk
[15 INFO main 887221] Confirming: 1/8
[15 INFO main 889300] Confirming: 2/8
[15 INFO main 891360] Confirming: 3/8
[15 INFO main 893389] Confirming: 4/8
[15 INFO main 895409] Confirming: 5/8
[15 INFO main 897525] Confirming: 6/8
[15 INFO main 899565] Confirming: 7/8
[15 INFO main 901625] Confirming: 8/8
[15 INFO main 903427] Scout.Query -> Scout.GotoCenter | Drive to others reported pos
[15 INFO main 942017] Scout.GotoCenter -> Scout.Query | return to random walk
[15 INFO main 948308] Confirming: 1/8
[15 INFO main 950385] Confirming: 2/8
[15 INFO main 952417] Confirming: 3/8
[15 INFO main 954501] Confirming: 4/8
[15 INFO main 956519] Confirming: 5/8
[15 INFO main 958545] Confirming: 6/8
[15 INFO main 960628] Confirming: 7/8
[15 INFO main 962687] Confirming: 8/8
[15 INFO main 967419] Scout.Query -> Scout.GotoCenter | Drive to others reported pos
[15 INFO main 1057665] Scout.GotoCenter -> Scout.Query | return to random walk
[15 INFO main 1099521] Confirming: 1/8
[15 INFO main 1101596] Confirming: 2/8
[15 INFO main 1103605] Confirming: 3/8
[15 INFO main 1105617] Confirming: 4/8
[15 INFO main 1107824] Confirming: 5/8
[15 INFO main 1109897] Confirming: 7/8
[15 INFO main 1112113] Confirming: 8/8
[15 INFO main 1113751] Scout.Query -> Scout.GotoCenter | Drive to others reported pos
[15 INFO main 1176548] Scout.GotoCenter -> Scout.Query | return to random walk
[15 INFO main 1197269] Confirming: 1/8
[15 INFO main 1199264] Confirming: 2/8
[15 INFO main 1201277] Confirming: 3/8
[15 INFO main 1203284] Confirming: 4/8
[15 INFO main 1205299] Confirming: 5/8
[15 INFO main 1207369] Confirming: 6/8
[15 INFO main 1209378] Confirming: 7/8
[15 INFO main 1211442] Confirming: 8/8
[15 INFO main 1242525] Scout.Query -> Scout.GotoCenter | Drive to others reported pos
[15 INFO main 1327557] Scout.GotoCenter -> Scout.Query | return to random walk
[15 INFO main 1348557] Confirming: 1/8
[15 INFO main 1350617] Confirming: 2/8
[15 INFO main 1352717] Confirming: 3/8
[15 INFO main 1354721] Confirming: 4/8
[15 INFO main 1356825] Confirming: 5/8
[15 INFO main 1358852] Confirming: 6/8
[15 INFO main 1363028] Confirming: 8/8
[15 INFO main 1379476] Confirming: 1/8
[15 INFO main 1381524] Confirming: 2/8
[15 INFO main 1385665] Confirming: 3/8
[15 INFO main 1393860] Confirming: 8/8
[15 INFO main 1546908] Scout.Query -> Scout.GotoCenter | Drive to others reported pos
[15 INFO main 1702931] Scout.GotoCenter -> Scout.Query | return to random walk
[15 INFO main 1717324] Confirming: 1/8
[15 INFO main 1719405] Confirming: 2/8
[15 INFO main 1721455] Confirming: 3/8
[15 INFO main 1723538] Confirming: 4/8
[15 INFO main 1725592] Confirming: 5/8
[15 INFO main 1727601] Confirming: 6/8
[15 INFO main 1729605] Confirming: 7/8
[15 INFO main 1731586] Confirming: 8/8
[15 INFO main 1733946] Scout.Query -> Scout.GotoCenter | Drive to others reported pos
[15 INFO main 1744168] Scout.GotoCenter -> Scout.Query | return to random walk
[15 INFO main 1777381] Confirming: 1/8
[15 INFO main 1779644] Confirming: 2/8
[15 INFO main 1781777] Confirming: 3/8
[15 INFO main 1784000] Confirming: 4/8
[15 INFO main 1786099] Confirming: 6/8
[15 INFO main 1788144] Confirming: 7/8
[15 INFO main 1792348] Confirming: 9/8
[15 INFO main 1795070] Scout.Query -> Scout.GotoCenter | Drive to others reported pos
[15 INFO main 2030253] Scout.GotoCenter -> Scout.Query | return to random walk
[15 INFO main 2048993] Confirming: 1/8
[15 INFO main 2051053] Confirming: 2/8
[15 INFO main 2053072] Confirming: 3/8
[15 INFO main 2055328] Confirming: 4/8
[15 INFO main 2057436] Confirming: 5/8
[15 INFO main 2059649] Confirming: 6/8
[15 INFO main 2061680] Confirming: 7/8
[15 INFO main 2063857] Confirming: 9/8
[15 INFO main 2262297] Confirming: 2/8
[15 INFO main 2266346] Confirming: 4/8
[15 INFO main 2268377] Confirming: 5/8
[15 INFO main 2270400] Confirming: 6/8
[15 INFO main 2272405] Confirming: 7/8
[15 INFO main 2274374] Confirming: 8/8
[15 INFO main 2628635] Scout.Query -> Scout.GotoCenter | Drive to others reported pos
[15 INFO main 2642294] Scout.GotoCenter -> Scout.Query | return to random walk
[15 INFO main 2664999] Confirming: 1/8
[15 INFO main 2667029] Confirming: 2/8
[15 INFO main 2669061] Confirming: 3/8
[15 INFO main 2671089] Confirming: 4/8
[15 INFO main 2673085] Confirming: 5/8
[15 INFO main 2675177] Confirming: 6/8
[15 INFO main 2677241] Confirming: 7/8
[15 INFO main 2679245] Confirming: 8/8
[15 INFO main 2683181] Scout.Query -> Scout.GotoCenter | Drive to others reported pos
[15 INFO main 2758379] Scout.GotoCenter -> Scout.Query | return to random walk
[15 INFO main 2793541] Confirming: 1/8
[15 INFO main 2795579] Confirming: 2/8
[15 INFO main 2797751] Confirming: 4/8
[15 INFO main 2799776] Confirming: 5/8
[15 INFO main 2801865] Confirming: 6/8
[15 INFO main 2803781] Confirming: 7/8
[15 INFO main 2806005] Confirming: 8/8
[15 INFO main 2809758] Scout.Query -> Scout.GotoCenter | Drive to others reported pos
[15 INFO main 3066702] Scout.GotoCenter -> Scout.Query | return to random walk
[15 INFO main 3070949] Confirming: 1/8
[15 INFO main 3073156] Confirming: 2/8
[15 INFO main 3077333] Confirming: 4/8
[15 INFO main 3079417] Confirming: 5/8
[15 INFO main 3083696] Confirming: 6/8
[15 INFO main 3085828] Confirming: 8/8
[15 INFO main 3319564] Scout.Query -> Scout.GotoCenter | Drive to others reported pos
[15 INFO main 3414578] Scout.GotoCenter -> Scout.Query | return to random walk
[15 INFO main 3445749] Confirming: 1/8
[15 INFO main 3447861] Confirming: 2/8
[15 INFO main 3449881] Confirming: 3/8
[15 INFO main 3452095] Confirming: 4/8
[15 INFO main 3454129] Confirming: 5/8
[15 INFO main 3456140] Confirming: 6/8
[15 INFO main 3458241] Confirming: 7/8
[15 INFO main 3460345] Confirming: 8/8
[15 INFO main 3460567] Scout.Query -> Scout.GotoCenter | Drive to others reported pos
[15 INFO main 3555222] Scout.GotoCenter -> Scout.Query | return to random walk
[15 INFO main 3561880] Confirming: 1/8
[15 INFO main 3570417] Confirming: 2/8
[15 INFO main 3572500] Confirming: 3/8
[15 INFO main 3574577] Confirming: 4/8
[15 INFO main 3576768] Confirming: 6/8
[15 INFO main 3578893] Confirming: 7/8
[15 INFO main 3583160] Confirming: 8/8
[15 INFO main 3585963] Scout.Query -> Scout.GotoCenter | Drive to others reported pos
[15 INFO main 3658500] Scout.GotoCenter -> Scout.Query | return to random walk
[15 INFO main 3739797] Confirming: 1/8
[15 INFO main 3741832] Confirming: 2/8
[15 INFO main 3743856] Confirming: 3/8
[15 INFO main 3745885] Confirming: 4/8
[15 INFO main 3747985] Confirming: 5/8
[15 INFO main 3749951] Confirming: 6/8
[15 INFO main 3752057] Confirming: 7/8
[15 INFO main 3754185] Confirming: 8/8
[15 INFO main 3755085] Scout.Query -> Scout.GotoCenter | Drive to others reported pos
[15 INFO main 3866931] Scout.GotoCenter -> Scout.Query | return to random walk
[15 INFO main 3873141] Confirming: 1/8
[15 INFO main 3875213] Confirming: 2/8
[15 INFO main 3877345] Confirming: 4/8
[15 INFO main 3879401] Confirming: 5/8
[15 INFO main 3883625] Confirming: 7/8
[15 INFO main 3885704] Confirming: 8/8
[15 INFO main 3887391] Scout.Query -> Scout.GotoCenter | Drive to others reported pos
[15 INFO main 4368841] Scout.GotoCenter -> Scout.Query | return to random walk
[15 INFO main 4390080] Confirming: 1/8
[15 INFO main 4392212] Confirming: 2/8
[15 INFO main 4394296] Confirming: 4/8
[15 INFO main 4396391] Confirming: 5/8
[15 INFO main 4398680] Confirming: 6/8
[15 INFO main 4400749] Confirming: 7/8
[15 INFO main 4402828] Confirming: 8/8
