[12 INFO main 29] Initialising Python Geth Console...
[12 INFO main 33] Initialising RandB board...
[12 INFO main 33] Initialising navigation...
[12 INFO main 33] Initialising random-walk...
[12 INFO main 33] Initialising odometry...
[12 INFO main 33] Initialising ground-sensors...
[12 INFO main 280] --//-- Starting Experiment --//--
[12 INFO main 1378] Idle.IDLE -> Scout.Query | Duration: 24.90
[12 INFO main 114024] Scout.Query -> Scout.GotoCenter | Drive to others reported pos
[12 INFO main 130051] Scout.GotoCenter -> Scout.Query | return to random walk
[12 INFO main 130552] Scout.Query -> Scout.GotoCenter | Drive to others reported pos
[12 INFO main 131344] Scout.GotoCenter -> Scout.Query | return to random walk
[12 INFO main 131652] Scout.Query -> Scout.GotoCenter | Drive to others reported pos
[12 INFO main 131941] Scout.GotoCenter -> Scout.Query | return to random walk
[12 INFO main 132748] Scout.Query -> Scout.GotoCenter | Drive to others reported pos
[12 INFO main 136750] Scout.GotoCenter -> Scout.Query | return to random walk
[12 INFO main 137056] Scout.Query -> Scout.GotoCenter | Drive to others reported pos
[12 INFO main 141558] Scout.GotoCenter -> Scout.Query | return to random walk
[12 INFO main 142365] Scout.Query -> Scout.GotoCenter | Drive to others reported pos
[12 INFO main 145472] Scout.GotoCenter -> Scout.Query | return to random walk
[12 INFO main 146574] Scout.Query -> Scout.GotoCenter | Drive to others reported pos
[12 INFO main 150379] Scout.GotoCenter -> Scout.Query | return to random walk
[12 INFO main 150880] Scout.Query -> Scout.GotoCenter | Drive to others reported pos
[12 INFO main 152766] Scout.GotoCenter -> Scout.Query | return to random walk
[12 INFO main 152985] Scout.Query -> Scout.GotoCenter | Drive to others reported pos
[12 INFO main 154087] Scout.GotoCenter -> Scout.Query | return to random walk
[12 INFO main 155174] Scout.Query -> Scout.GotoCenter | Drive to others reported pos
[12 INFO main 156076] Scout.GotoCenter -> Scout.Query | return to random walk
[12 INFO main 156174] Scout.Query -> Scout.GotoCenter | Drive to others reported pos
[12 INFO main 159881] Scout.GotoCenter -> Scout.Query | return to random walk
[12 INFO main 160193] Scout.Query -> Scout.GotoCenter | Drive to others reported pos
[12 INFO main 161282] Scout.GotoCenter -> Scout.Query | return to random walk
[12 INFO main 162290] Scout.Query -> Scout.GotoCenter | Drive to others reported pos
[12 INFO main 162582] Scout.GotoCenter -> Scout.Query | return to random walk
[12 INFO main 163294] Scout.Query -> Scout.GotoCenter | Drive to others reported pos
[12 INFO main 165391] Scout.GotoCenter -> Scout.Query | return to random walk
[12 INFO main 165492] Scout.Query -> Scout.GotoCenter | Drive to others reported pos
[12 INFO main 171697] Scout.GotoCenter -> Scout.Query | return to random walk
[12 INFO main 172706] Scout.Query -> Scout.GotoCenter | Drive to others reported pos
[12 INFO main 173098] Scout.GotoCenter -> Scout.Query | return to random walk
[12 INFO main 173805] Scout.Query -> Scout.GotoCenter | Drive to others reported pos
[12 INFO main 175502] Scout.GotoCenter -> Scout.Query | return to random walk
[12 INFO main 175901] Scout.Query -> Scout.GotoCenter | Drive to others reported pos
[12 INFO main 176497] Scout.GotoCenter -> Scout.Query | return to random walk
[12 INFO main 176904] Scout.Query -> Scout.GotoCenter | Drive to others reported pos
[12 INFO main 177002] Scout.GotoCenter -> Scout.Query | return to random walk
[12 INFO main 177905] Scout.Query -> Scout.GotoCenter | Drive to others reported pos
[12 INFO main 178406] Scout.GotoCenter -> Scout.Query | return to random walk
[12 INFO main 178908] Scout.Query -> Scout.GotoCenter | Drive to others reported pos
[12 INFO main 180413] Scout.GotoCenter -> Scout.Query | return to random walk
[12 INFO main 180915] Scout.Query -> Scout.GotoCenter | Drive to others reported pos
[12 INFO main 182008] Scout.GotoCenter -> Scout.Query | return to random walk
[12 INFO main 183011] Scout.Query -> Scout.GotoCenter | Drive to others reported pos
[12 INFO main 186723] Scout.GotoCenter -> Scout.Query | return to random walk
[12 INFO main 187323] Scout.Query -> Scout.GotoCenter | Drive to others reported pos
[12 INFO main 190123] Scout.GotoCenter -> Scout.Query | return to random walk
[12 INFO main 190429] Scout.Query -> Scout.GotoCenter | Drive to others reported pos
[12 INFO main 200132] Scout.GotoCenter -> Scout.Query | return to random walk
[12 INFO main 201043] Scout.Query -> Scout.GotoCenter | Drive to others reported pos
[12 INFO main 206544] Scout.GotoCenter -> Scout.Query | return to random walk
[12 INFO main 207245] Scout.Query -> Scout.GotoCenter | Drive to others reported pos
[12 INFO main 209244] Scout.GotoCenter -> Scout.Query | return to random walk
[12 INFO main 209352] Scout.Query -> Scout.GotoCenter | Drive to others reported pos
[12 INFO main 210450] Scout.GotoCenter -> Scout.Query | return to random walk
[12 INFO main 211457] Scout.Query -> Scout.GotoCenter | Drive to others reported pos
[12 INFO main 213350] Scout.GotoCenter -> Scout.Query | return to random walk
[12 INFO main 213463] Scout.Query -> Scout.GotoCenter | Drive to others reported pos
[12 INFO main 217355] Scout.GotoCenter -> Scout.Query | return to random walk
[12 INFO main 217665] Scout.Query -> Scout.GotoCenter | Drive to others reported pos
[12 INFO main 220663] Scout.GotoCenter -> Scout.Query | return to random walk
[12 INFO main 220961] Scout.Query -> Scout.GotoCenter | Drive to others reported pos
[12 INFO main 221163] Scout.GotoCenter -> Scout.Query | return to random walk
[12 INFO main 221962] Scout.Query -> Scout.GotoCenter | Drive to others reported pos
[12 INFO main 225269] Scout.GotoCenter -> Scout.Query | return to random walk
[12 INFO main 226077] Scout.Query -> Scout.GotoCenter | Drive to others reported pos
[12 INFO main 227670] Scout.GotoCenter -> Scout.Query | return to random walk
[12 INFO main 228274] Scout.Query -> Scout.GotoCenter | Drive to others reported pos
[12 INFO main 230170] Scout.GotoCenter -> Scout.Query | return to random walk
[12 INFO main 230375] Scout.Query -> Scout.GotoCenter | Drive to others reported pos
[12 INFO main 236780] Scout.GotoCenter -> Scout.Query | return to random walk
[12 INFO main 237789] Scout.Query -> Scout.GotoCenter | Drive to others reported pos
[12 INFO main 238587] Scout.GotoCenter -> Scout.Query | return to random walk
[12 INFO main 238891] Scout.Query -> Scout.GotoCenter | Drive to others reported pos
[12 INFO main 240485] Scout.GotoCenter -> Scout.Query | return to random walk
[12 INFO main 241085] Scout.Query -> Scout.GotoCenter | Drive to others reported pos
[12 INFO main 241695] Scout.GotoCenter -> Scout.Query | return to random walk
[12 INFO main 242195] Scout.Query -> Scout.GotoCenter | Drive to others reported pos
[12 INFO main 248496] Scout.GotoCenter -> Scout.Query | return to random walk
[12 INFO main 249504] Scout.Query -> Scout.GotoCenter | Drive to others reported pos
[12 INFO main 250597] Scout.GotoCenter -> Scout.Query | return to random walk
[12 INFO main 251508] Scout.Query -> Scout.GotoCenter | Drive to others reported pos
[12 INFO main 254798] Scout.GotoCenter -> Scout.Query | return to random walk
[12 INFO main 255802] Scout.Query -> Scout.GotoCenter | Drive to others reported pos
[12 INFO main 256800] Scout.GotoCenter -> Scout.Query | return to random walk
[12 INFO main 256910] Scout.Query -> Scout.GotoCenter | Drive to others reported pos
[12 INFO main 257011] Scout.GotoCenter -> Scout.Query | return to random walk
[12 INFO main 257912] Scout.Query -> Scout.GotoCenter | Drive to others reported pos
[12 INFO main 258301] Scout.GotoCenter -> Scout.Query | return to random walk
[12 INFO main 258915] Scout.Query -> Scout.GotoCenter | Drive to others reported pos
[12 INFO main 259207] Scout.GotoCenter -> Scout.Query | return to random walk
[12 INFO main 260018] Scout.Query -> Scout.GotoCenter | Drive to others reported pos
[12 INFO main 261614] Scout.GotoCenter -> Scout.Query | return to random walk
[12 INFO main 262113] Scout.Query -> Scout.GotoCenter | Drive to others reported pos
[12 INFO main 263311] Scout.GotoCenter -> Scout.Query | return to random walk
[12 INFO main 264225] Scout.Query -> Scout.GotoCenter | Drive to others reported pos
[12 INFO main 266617] Scout.GotoCenter -> Scout.Query | return to random walk
[12 INFO main 267528] Scout.Query -> Scout.GotoCenter | Drive to others reported pos
[12 INFO main 274919] Scout.GotoCenter -> Scout.Query | return to random walk
[12 INFO main 275139] Scout.Query -> Scout.GotoCenter | Drive to others reported pos
[12 INFO main 277431] Scout.GotoCenter -> Scout.Query | return to random walk
[12 INFO main 278332] Scout.Query -> Scout.GotoCenter | Drive to others reported pos
[12 INFO main 279032] Scout.GotoCenter -> Scout.Query | return to random walk
[12 INFO main 279337] Scout.Query -> Scout.GotoCenter | Drive to others reported pos
[12 INFO main 280341] Scout.GotoCenter -> Scout.Query | return to random walk
[12 INFO main 281443] Scout.Query -> Scout.GotoCenter | Drive to others reported pos
[12 INFO main 282539] Scout.GotoCenter -> Scout.Query | return to random walk
[12 INFO main 283449] Scout.Query -> Scout.GotoCenter | Drive to others reported pos
[12 INFO main 283541] Scout.GotoCenter -> Scout.Query | return to random walk
[12 INFO main 284547] Scout.Query -> Scout.GotoCenter | Drive to others reported pos
[12 INFO main 285142] Scout.GotoCenter -> Scout.Query | return to random walk
[12 INFO main 285651] Scout.Query -> Scout.GotoCenter | Drive to others reported pos
[12 INFO main 286749] Scout.GotoCenter -> Scout.Query | return to random walk
[12 INFO main 287853] Scout.Query -> Scout.GotoCenter | Drive to others reported pos
[12 INFO main 289352] Scout.GotoCenter -> Scout.Query | return to random walk
[12 INFO main 289946] Scout.Query -> Scout.GotoCenter | Drive to others reported pos
[12 INFO main 290248] Scout.GotoCenter -> Scout.Query | return to random walk
[12 INFO main 290957] Scout.Query -> Scout.GotoCenter | Drive to others reported pos
[12 INFO main 292247] Scout.GotoCenter -> Scout.Query | return to random walk
[12 INFO main 293159] Scout.Query -> Scout.GotoCenter | Drive to others reported pos
[12 INFO main 296749] Scout.GotoCenter -> Scout.Query | return to random walk
[12 INFO main 297458] Scout.Query -> Scout.GotoCenter | Drive to others reported pos
[12 INFO main 298665] Scout.GotoCenter -> Scout.Query | return to random walk
[12 INFO main 299559] Scout.Query -> Scout.GotoCenter | Drive to others reported pos
[12 INFO main 302766] Scout.GotoCenter -> Scout.Query | return to random walk
[12 INFO main 303668] Scout.Query -> Scout.GotoCenter | Drive to others reported pos
[12 INFO main 304566] Scout.GotoCenter -> Scout.Query | return to random walk
[12 INFO main 304771] Scout.Query -> Scout.GotoCenter | Drive to others reported pos
[12 INFO main 312075] Scout.GotoCenter -> Scout.Query | return to random walk
[12 INFO main 313180] Scout.Query -> Scout.GotoCenter | Drive to others reported pos
[12 INFO main 313277] Scout.GotoCenter -> Scout.Query | return to random walk
[12 INFO main 314182] Scout.Query -> Scout.GotoCenter | Drive to others reported pos
[12 INFO main 317391] Scout.GotoCenter -> Scout.Query | return to random walk
[12 INFO main 318489] Scout.Query -> Scout.GotoCenter | Drive to others reported pos
[12 INFO main 324492] Scout.GotoCenter -> Scout.Query | return to random walk
[12 INFO main 324698] Scout.Query -> Scout.GotoCenter | Drive to others reported pos
[12 INFO main 325802] Scout.GotoCenter -> Scout.Query | return to random walk
[12 INFO main 326805] Scout.Query -> Scout.GotoCenter | Drive to others reported pos
[12 INFO main 327292] Scout.GotoCenter -> Scout.Query | return to random walk
[12 INFO main 327904] Scout.Query -> Scout.GotoCenter | Drive to others reported pos
[12 INFO main 334408] Scout.GotoCenter -> Scout.Query | return to random walk
[12 INFO main 335317] Scout.Query -> Scout.GotoCenter | Drive to others reported pos
[12 INFO main 335817] Scout.GotoCenter -> Scout.Query | return to random walk
[12 INFO main 336419] Scout.Query -> Scout.GotoCenter | Drive to others reported pos
[12 INFO main 338111] Scout.GotoCenter -> Scout.Query | return to random walk
