[4 INFO main 30] Initialising Python Geth Console...
[4 INFO main 34] Initialising RandB board...
[4 INFO main 34] Initialising navigation...
[4 INFO main 34] Initialising random-walk...
[4 INFO main 34] Initialising odometry...
[4 INFO main 34] Initialising ground-sensors...
[4 INFO main 783] --//-- Starting Experiment --//--
[4 INFO main 1884] Idle.IDLE -> Scout.Query | Duration: 24.68
[4 INFO main 96405] Scout.Query -> Scout.GotoCenter | Drive to others reported pos
[4 INFO main 112924] Scout.GotoCenter -> Scout.Query | return to random walk
[4 INFO main 113925] Scout.Query -> Scout.GotoCenter | Drive to others reported pos
[4 INFO main 114023] Scout.GotoCenter -> Scout.Query | return to random walk
[4 INFO main 114927] Scout.Query -> Scout.GotoCenter | Drive to others reported pos
[4 INFO main 115225] Scout.GotoCenter -> Scout.Query | return to random walk
[4 INFO main 115929] Scout.Query -> Scout.GotoCenter | Drive to others reported pos
[4 INFO main 117129] Scout.GotoCenter -> Scout.Query | return to random walk
[4 INFO main 117931] Scout.Query -> Scout.GotoCenter | Drive to others reported pos
[4 INFO main 118130] Scout.GotoCenter -> Scout.Query | return to random walk
[4 INFO main 118933] Scout.Query -> Scout.GotoCenter | Drive to others reported pos
[4 INFO main 119027] Scout.GotoCenter -> Scout.Query | return to random walk
[4 INFO main 119934] Scout.Query -> Scout.GotoCenter | Drive to others reported pos
[4 INFO main 120133] Scout.GotoCenter -> Scout.Query | return to random walk
[4 INFO main 121036] Scout.Query -> Scout.GotoCenter | Drive to others reported pos
[4 INFO main 121430] Scout.GotoCenter -> Scout.Query | return to random walk
[4 INFO main 122036] Scout.Query -> Scout.GotoCenter | Drive to others reported pos
[4 INFO main 122136] Scout.GotoCenter -> Scout.Query | return to random walk
[4 INFO main 123139] Scout.Query -> Scout.GotoCenter | Drive to others reported pos
[4 INFO main 123435] Scout.GotoCenter -> Scout.Query | return to random walk
[4 INFO main 124140] Scout.Query -> Scout.GotoCenter | Drive to others reported pos
[4 INFO main 124338] Scout.GotoCenter -> Scout.Query | return to random walk
[4 INFO main 125141] Scout.Query -> Scout.GotoCenter | Drive to others reported pos
[4 INFO main 125339] Scout.GotoCenter -> Scout.Query | return to random walk
[4 INFO main 126143] Scout.Query -> Scout.GotoCenter | Drive to others reported pos
[4 INFO main 127040] Scout.GotoCenter -> Scout.Query | return to random walk
[4 INFO main 127144] Scout.Query -> Scout.GotoCenter | Drive to others reported pos
[4 INFO main 127240] Scout.GotoCenter -> Scout.Query | return to random walk
[4 INFO main 128145] Scout.Query -> Scout.GotoCenter | Drive to others reported pos
[4 INFO main 128442] Scout.GotoCenter -> Scout.Query | return to random walk
[4 INFO main 129147] Scout.Query -> Scout.GotoCenter | Drive to others reported pos
[4 INFO main 129243] Scout.GotoCenter -> Scout.Query | return to random walk
[4 INFO main 130148] Scout.Query -> Scout.GotoCenter | Drive to others reported pos
[4 INFO main 130344] Scout.GotoCenter -> Scout.Query | return to random walk
[4 INFO main 131149] Scout.Query -> Scout.GotoCenter | Drive to others reported pos
[4 INFO main 131650] Scout.GotoCenter -> Scout.Query | return to random walk
[4 INFO main 132150] Scout.Query -> Scout.GotoCenter | Drive to others reported pos
[4 INFO main 133048] Scout.GotoCenter -> Scout.Query | return to random walk
[4 INFO main 133151] Scout.Query -> Scout.GotoCenter | Drive to others reported pos
[4 INFO main 134248] Scout.GotoCenter -> Scout.Query | return to random walk
[4 INFO main 135154] Scout.Query -> Scout.GotoCenter | Drive to others reported pos
[4 INFO main 135655] Scout.GotoCenter -> Scout.Query | return to random walk
[4 INFO main 136156] Scout.Query -> Scout.GotoCenter | Drive to others reported pos
[4 INFO main 136353] Scout.GotoCenter -> Scout.Query | return to random walk
[4 INFO main 260912] Scout.Query -> Scout.GotoCenter | Drive to others reported pos
[4 INFO main 273223] Scout.GotoCenter -> Scout.Query | return to random walk
[4 INFO main 278033] Scout.Query -> Scout.GotoCenter | Drive to others reported pos
[4 INFO main 290346] Scout.GotoCenter -> Scout.Query | return to random walk
