[INFO main 27] Initialising peer buffer...
[INFO main 27] Initialising resource buffer...
[INFO main 27] Initialising TCP server...
[INFO main 27] Initialising RandB board...
[INFO main 27] Initialising ground-sensors...
[INFO main 27] Initialising random-walk...
[INFO main 1076] --//-- Starting Experiment --//--
[INFO main 13191] Added resource: {"x": -0.25, "y": 0.49, "radius": 0.05, "quantity": 1, "quality": "green", "timeStamp": 0}
[INFO main 27608] Added resource: {"x": -0.43, "y": 1.22, "radius": 0.05, "quantity": 1, "quality": "yellow", "timeStamp": 0}
[INFO main 45729] Added resource: {"x": -0.45, "y": 0.4, "radius": 0.05, "quantity": 1, "quality": "red", "timeStamp": 0}
[INFO main 85570] Added resource: {"x": -0.48, "y": -0.95, "radius": 0.05, "quantity": 1, "quality": "yellow", "timeStamp": 0}
[INFO main 142033] Removed resource: {"x": -0.48, "y": -0.95, "radius": 0.05, "quantity": 1, "quality": "yellow", "timeStamp": 0}
[INFO main 200795] Added resource: {"x": -0.09, "y": -1.21, "radius": 0.05, "quantity": 1, "quality": "red", "timeStamp": 0}
[INFO main 266167] Added resource: {"x": -0.44, "y": 1.12, "radius": 0.05, "quantity": 1, "quality": "green", "timeStamp": 0}
[INFO main 310913] Removed resource: {"x": -0.43, "y": 1.22, "radius": 0.05, "quantity": 1, "quality": "yellow", "timeStamp": 0}
[INFO main 316719] Added resource: {"x": -0.48, "y": 1.02, "radius": 0.05, "quantity": 1, "quality": "yellow", "timeStamp": 0}
[INFO main 334840] Added resource: {"x": -0.31, "y": 0.79, "radius": 0.04, "quantity": 1, "quality": "red", "timeStamp": 0}
[INFO main 394407] Removed resource: {"x": -0.48, "y": 1.02, "radius": 0.05, "quantity": 1, "quality": "yellow", "timeStamp": 0}
[INFO main 446161] Removed resource: {"x": -0.25, "y": 0.49, "radius": 0.05, "quantity": 1, "quality": "green", "timeStamp": 0}
[INFO main 461879] Added resource: {"x": 0.03, "y": 0.43, "radius": 0.05, "quantity": 1, "quality": "green", "timeStamp": 0}
[INFO main 471590] Removed resource: {"x": 0.03, "y": 0.43, "radius": 0.05, "quantity": 1, "quality": "green", "timeStamp": 0}
[INFO main 496316] Added resource: {"x": -0.03, "y": 1.01, "radius": 0.05, "quantity": 1, "quality": "blue", "timeStamp": 0}
[INFO main 560688] Removed resource: {"x": -0.03, "y": 1.01, "radius": 0.05, "quantity": 1, "quality": "blue", "timeStamp": 0}
[INFO main 577607] Added resource: {"x": 0.32, "y": 0.85, "radius": 0.05, "quantity": 1, "quality": "green", "timeStamp": 0}
[INFO main 584914] Added resource: {"x": 0.23, "y": 0.54, "radius": 0.05, "quantity": 1, "quality": "red", "timeStamp": 0}
