[3 INFO main 33] Initialising Python Geth Console...
[3 INFO main 38] Initialising RandB board...
[3 INFO main 38] Initialising navigation...
[3 INFO main 38] Initialising random-walk...
[3 INFO main 38] Initialising odometry...
[3 INFO main 38] Initialising ground-sensors...
[3 INFO main 1033] --//-- Starting Experiment --//--
[3 INFO main 2414] Idle.IDLE -> Scout.Query | Duration: 28.18
[3 INFO main 55283] Scout.Query -> Verify.DriveTo | Go to unverified source
[3 INFO main 92095] Verify.DriveTo -> Verify.Homing | Homing
[3 INFO main 121229] Confirming: 1/9
[3 INFO main 123260] Confirming: 2/9
[3 INFO main 125363] Confirming: 3/9
[3 INFO main 127366] Confirming: 4/9
[3 INFO main 129431] Confirming: 5/9
[3 INFO main 131526] Confirming: 6/9
[3 INFO main 133583] Confirming: 7/9
[3 INFO main 135724] Confirming: 9/9
[3 INFO main 156507] Verify.Homing -> Scout.Query | Arrived home
[3 INFO main 156630] Scout.Query -> Verify.DriveTo | Go to unverified source
[3 INFO main 173697] Verify.DriveTo -> Verify.Homing | Homing
[3 INFO main 193918] Verify.Homing -> Scout.Query | Arrived home
[3 INFO main 211047] Confirming: 1/9
[3 INFO main 213103] Confirming: 2/9
[3 INFO main 217249] Confirming: 3/9
[3 INFO main 227627] Confirming: 9/9
[3 INFO main 228356] Scout.Query -> Verify.DriveTo | Go to unverified source
[3 INFO main 250666] Verify.DriveTo -> Verify.Homing | Homing
[3 INFO main 271440] Confirming: 1/9
[3 INFO main 273543] Confirming: 2/9
[3 INFO main 275572] Confirming: 4/9
[3 INFO main 277590] Confirming: 5/9
[3 INFO main 277787] Verify.Homing -> Scout.Query | Arrived home
[3 INFO main 279996] Confirming: 6/9
[3 INFO main 282084] Confirming: 7/9
[3 INFO main 284132] Confirming: 8/9
[3 INFO main 286221] Confirming: 9/9
[3 INFO main 286250] Scout.Query -> Verify.DriveTo | Go to unverified source
[3 INFO main 305119] Verify.DriveTo -> Verify.Homing | Homing
[3 INFO main 327970] Verify.Homing -> Scout.Query | Arrived home
[3 INFO main 330059] Confirming: 1/9
[3 INFO main 332325] Confirming: 2/9
[3 INFO main 334296] Confirming: 3/9
[3 INFO main 336496] Confirming: 4/9
[3 INFO main 338568] Confirming: 5/9
[3 INFO main 340594] Confirming: 6/9
[3 INFO main 342892] Confirming: 7/9
[3 INFO main 344913] Confirming: 8/9
[3 INFO main 347226] Confirming: 9/9
[3 INFO main 347247] Scout.Query -> Verify.DriveTo | Go to unverified source
[3 INFO main 380082] Verify.DriveTo -> Verify.Homing | Homing
[3 INFO main 390758] Confirming: 1/9
[3 INFO main 392792] Confirming: 2/9
[3 INFO main 394859] Confirming: 3/9
[3 INFO main 396932] Confirming: 4/9
[3 INFO main 399032] Confirming: 5/9
[3 INFO main 401085] Confirming: 6/9
[3 INFO main 403091] Confirming: 7/9
[3 INFO main 405113] Confirming: 8/9
[3 INFO main 407170] Confirming: 9/9
[3 INFO main 412497] Verify.Homing -> Scout.Query | Arrived home
[3 INFO main 412628] Scout.Query -> Verify.DriveTo | Go to unverified source
[3 INFO main 464215] Verify.DriveTo -> Verify.Homing | Homing
[3 INFO main 480780] Confirming: 1/9
[3 INFO main 482812] Confirming: 2/9
[3 INFO main 484890] Confirming: 3/9
[3 INFO main 486940] Confirming: 4/9
[3 INFO main 489006] Confirming: 5/9
[3 INFO main 491004] Confirming: 6/9
[3 INFO main 493079] Confirming: 7/9
[3 INFO main 495147] Confirming: 8/9
[3 INFO main 497213] Confirming: 9/9
[3 INFO main 508392] Verify.Homing -> Scout.Query | Arrived home
[3 INFO main 508551] Scout.Query -> Verify.DriveTo | Go to unverified source
[3 INFO main 539913] Verify.DriveTo -> Verify.Homing | Homing
[3 INFO main 564624] Confirming: 1/9
[3 INFO main 566710] Confirming: 2/9
[3 INFO main 567176] Verify.Homing -> Scout.Query | Arrived home
[3 INFO main 568912] Confirming: 3/9
[3 INFO main 570984] Confirming: 4/9
[3 INFO main 573068] Confirming: 5/9
[3 INFO main 575240] Confirming: 6/9
[3 INFO main 577360] Confirming: 7/9
[3 INFO main 579440] Confirming: 9/9
[3 INFO main 580166] Scout.Query -> Verify.DriveTo | Go to unverified source
[3 INFO main 633989] Verify.DriveTo -> Verify.Homing | Homing
[3 INFO main 652750] Confirming: 1/9
[3 INFO main 654808] Confirming: 2/9
[3 INFO main 656039] Verify.Homing -> Scout.Query | Arrived home
[3 INFO main 656851] Confirming: 3/9
[3 INFO main 658939] Confirming: 4/9
[3 INFO main 660983] Confirming: 5/9
[3 INFO main 662880] Confirming: 6/9
[3 INFO main 665019] Confirming: 7/9
[3 INFO main 667054] Confirming: 8/9
[3 INFO main 669103] Confirming: 9/9
[3 INFO main 669129] Scout.Query -> Verify.DriveTo | Go to unverified source
[3 INFO main 709546] Verify.DriveTo -> Verify.Homing | Homing
[3 INFO main 715785] Confirming: 1/9
[3 INFO main 719858] Confirming: 2/9
[3 INFO main 721930] Confirming: 4/9
[3 INFO main 723985] Confirming: 5/9
[3 INFO main 726131] Confirming: 6/9
[3 INFO main 730228] Confirming: 8/9
[3 INFO main 732289] Confirming: 9/9
[3 INFO main 743457] Verify.Homing -> Scout.Query | Arrived home
[3 INFO main 743585] Scout.Query -> Verify.DriveTo | Go to unverified source
[3 INFO main 767070] Verify.DriveTo -> Verify.Homing | Homing
[3 INFO main 781440] Confirming: 1/9
[3 INFO main 783549] Confirming: 3/9
[3 INFO main 785588] Confirming: 4/9
[3 INFO main 787691] Confirming: 5/9
[3 INFO main 789492] Verify.Homing -> Scout.Query | Arrived home
[3 INFO main 789842] Confirming: 6/9
[3 INFO main 791991] Confirming: 7/9
[3 INFO main 794054] Confirming: 8/9
[3 INFO main 796061] Confirming: 9/9
[3 INFO main 796190] Scout.Query -> Verify.DriveTo | Go to unverified source
[3 INFO main 824783] Verify.DriveTo -> Verify.Homing | Homing
[3 INFO main 848032] Verify.Homing -> Scout.Query | Arrived home
[3 INFO main 871335] Confirming: 1/9
[3 INFO main 875580] Confirming: 3/9
[3 INFO main 877544] Confirming: 4/9
[3 INFO main 879712] Confirming: 5/9
[3 INFO main 881740] Confirming: 6/9
[3 INFO main 883795] Confirming: 7/9
[3 INFO main 885939] Confirming: 8/9
[3 INFO main 887901] Confirming: 9/9
[3 INFO main 887928] Scout.Query -> Verify.DriveTo | Go to unverified source
[3 INFO main 917562] Verify.DriveTo -> Verify.Homing | Homing
[3 INFO main 925913] Confirming: 1/9
[3 INFO main 928042] Confirming: 2/9
[3 INFO main 930059] Confirming: 3/9
[3 INFO main 932117] Confirming: 4/9
[3 INFO main 934172] Confirming: 5/9
[3 INFO main 936204] Confirming: 6/9
[3 INFO main 938264] Confirming: 7/9
[3 INFO main 938403] Verify.Homing -> Scout.Query | Arrived home
[3 INFO main 940318] Confirming: 8/9
[3 INFO main 942447] Confirming: 9/9
[3 INFO main 942850] Scout.Query -> Verify.DriveTo | Go to unverified source
[3 INFO main 984700] Verify.DriveTo -> Verify.Homing | Homing
[3 INFO main 1019894] Verify.Homing -> Scout.Query | Arrived home
[3 INFO main 1021681] Confirming: 1/9
[3 INFO main 1023838] Confirming: 2/9
[3 INFO main 1025972] Confirming: 3/9
[3 INFO main 1028016] Confirming: 4/9
[3 INFO main 1030073] Confirming: 5/9
[3 INFO main 1032142] Confirming: 6/9
[3 INFO main 1036318] Confirming: 7/9
[3 INFO main 1038406] Confirming: 8/9
[3 INFO main 1040433] Confirming: 9/9
[3 INFO main 1040467] Scout.Query -> Verify.DriveTo | Go to unverified source
[3 INFO main 1151958] Verify.DriveTo -> Verify.Homing | Homing
[3 INFO main 1164400] Confirming: 1/9
[3 INFO main 1185312] Confirming: 2/9
[3 INFO main 1186042] Verify.Homing -> Scout.Query | Arrived home
[3 INFO main 1187402] Confirming: 3/9
[3 INFO main 1191549] Confirming: 4/9
[3 INFO main 1193627] Confirming: 6/9
[3 INFO main 1195669] Confirming: 7/9
[3 INFO main 1197762] Confirming: 8/9
[3 INFO main 1199754] Confirming: 9/9
[3 INFO main 1199853] Scout.Query -> Verify.DriveTo | Go to unverified source
[3 INFO main 1252340] Verify.DriveTo -> Verify.Homing | Homing
[3 INFO main 1266874] Confirming: 1/9
[3 INFO main 1270964] Confirming: 2/9
[3 INFO main 1271908] Verify.Homing -> Scout.Query | Arrived home
[3 INFO main 1273021] Confirming: 4/9
[3 INFO main 1277148] Confirming: 6/9
[3 INFO main 1279201] Confirming: 7/9
[3 INFO main 1281263] Confirming: 8/9
[3 INFO main 1283290] Confirming: 9/9
[3 INFO main 1283353] Scout.Query -> Verify.DriveTo | Go to unverified source
[3 INFO main 1305781] Verify.DriveTo -> Verify.Homing | Homing
[3 INFO main 1325277] Verify.Homing -> Scout.Query | Arrived home
[3 INFO main 1328640] Confirming: 1/9
[3 INFO main 1330674] Confirming: 2/9
[3 INFO main 1332700] Confirming: 4/9
[3 INFO main 1334721] Confirming: 5/9
[3 INFO main 1338796] Confirming: 6/9
[3 INFO main 1340890] Confirming: 7/9
[3 INFO main 1342964] Confirming: 8/9
[3 INFO main 1345081] Confirming: 9/9
[3 INFO main 1345446] Scout.Query -> Verify.DriveTo | Go to unverified source
[3 INFO main 1371644] Verify.DriveTo -> Verify.Homing | Homing
[3 INFO main 1388067] Confirming: 1/9
[3 INFO main 1390088] Confirming: 2/9
[3 INFO main 1392196] Confirming: 3/9
[3 INFO main 1394276] Confirming: 4/9
[3 INFO main 1396323] Confirming: 5/9
[3 INFO main 1398339] Confirming: 6/9
[3 INFO main 1400385] Confirming: 7/9
[3 INFO main 1400909] Verify.Homing -> Scout.Query | Arrived home
[3 INFO main 1402488] Confirming: 9/9
[3 INFO main 1403124] Scout.Query -> Verify.DriveTo | Go to unverified source
[3 INFO main 1433939] Verify.DriveTo -> Verify.Homing | Homing
[3 INFO main 1446487] Confirming: 1/9
[3 INFO main 1450619] Confirming: 2/9
[3 INFO main 1452660] Confirming: 3/9
[3 INFO main 1453720] Verify.Homing -> Scout.Query | Arrived home
[3 INFO main 1454675] Confirming: 4/9
[3 INFO main 1456702] Confirming: 6/9
[3 INFO main 1460848] Confirming: 8/9
[3 INFO main 1464968] Confirming: 10/9
[3 INFO main 1465618] Scout.Query -> Verify.DriveTo | Go to unverified source
[3 INFO main 1486000] Verify.DriveTo -> Verify.Homing | Homing
[3 INFO main 1508954] Confirming: 1/9
[3 INFO main 1511052] Confirming: 3/9
[3 INFO main 1513070] Confirming: 4/9
[3 INFO main 1515100] Confirming: 5/9
[3 INFO main 1517139] Confirming: 6/9
[3 INFO main 1519239] Confirming: 7/9
[3 INFO main 1519588] Verify.Homing -> Scout.Query | Arrived home
[3 INFO main 1521251] Confirming: 8/9
[3 INFO main 1523341] Confirming: 9/9
[3 INFO main 1524052] Scout.Query -> Verify.DriveTo | Go to unverified source
[3 INFO main 1559023] Verify.DriveTo -> Verify.Homing | Homing
[3 INFO main 1581886] Confirming: 1/9
[3 INFO main 1583954] Confirming: 2/9
[3 INFO main 1585990] Confirming: 3/9
[3 INFO main 1587918] Confirming: 4/9
[3 INFO main 1590041] Confirming: 5/9
[3 INFO main 1592075] Confirming: 6/9
[3 INFO main 1594142] Confirming: 7/9
[3 INFO main 1596168] Confirming: 8/9
[3 INFO main 1598212] Confirming: 9/9
[3 INFO main 1603305] Verify.Homing -> Scout.Query | Arrived home
[3 INFO main 1603443] Scout.Query -> Verify.DriveTo | Go to unverified source
[3 INFO main 1636314] Verify.DriveTo -> Verify.Homing | Homing
[3 INFO main 1655080] Confirming: 1/9
[3 INFO main 1659247] Confirming: 3/9
[3 INFO main 1661302] Confirming: 4/9
[3 INFO main 1663086] Verify.Homing -> Scout.Query | Arrived home
[3 INFO main 1663398] Confirming: 5/9
[3 INFO main 1665416] Confirming: 6/9
[3 INFO main 1667476] Confirming: 7/9
[3 INFO main 1669540] Confirming: 8/9
[3 INFO main 1671592] Confirming: 9/9
[3 INFO main 1671905] Scout.Query -> Verify.DriveTo | Go to unverified source
[3 INFO main 1695022] Verify.DriveTo -> Verify.Homing | Homing
[3 INFO main 1715313] Verify.Homing -> Scout.Query | Arrived home
[3 INFO main 1718131] Confirming: 1/9
[3 INFO main 1720153] Confirming: 2/9
[3 INFO main 1722177] Confirming: 3/9
[3 INFO main 1724236] Confirming: 4/9
[3 INFO main 1726298] Confirming: 5/9
[3 INFO main 1728345] Confirming: 6/9
[3 INFO main 1730366] Confirming: 7/9
[3 INFO main 1732412] Confirming: 8/9
[3 INFO main 1734499] Confirming: 9/9
[3 INFO main 1754739] Scout.Query -> Verify.DriveTo | Go to unverified source
