[2 INFO main 29] Initialising Python Geth Console...
[2 INFO main 33] Initialising RandB board...
[2 INFO main 33] Initialising navigation...
[2 INFO main 33] Initialising random-walk...
[2 INFO main 33] Initialising odometry...
[2 INFO main 33] Initialising ground-sensors...
[2 INFO main 786] --//-- Starting Experiment --//--
[2 INFO main 2164] Idle.IDLE -> Scout.Query | Duration: 29.58
[2 INFO main 37744] Scout.Query -> Verify.DriveTo | Go to unverified source
[2 INFO main 79892] Verify.DriveTo -> Verify.Homing | Homing
[2 INFO main 96501] Confirming: 1/9
[2 INFO main 98681] Confirming: 2/9
[2 INFO main 100776] Confirming: 3/9
[2 INFO main 102862] Confirming: 4/9
[2 INFO main 104933] Confirming: 5/9
[2 INFO main 107056] Confirming: 6/9
[2 INFO main 107832] Verify.Homing -> Scout.Query | Arrived home
[2 INFO main 109342] Confirming: 7/9
[2 INFO main 111351] Confirming: 8/9
[2 INFO main 113488] Confirming: 9/9
[2 INFO main 113563] Scout.Query -> Verify.DriveTo | Go to unverified source
[2 INFO main 194624] Verify.DriveTo -> Verify.Homing | Homing
[2 INFO main 207358] Confirming: 1/9
[2 INFO main 209389] Confirming: 2/9
[2 INFO main 211784] Confirming: 3/9
[2 INFO main 213956] Confirming: 4/9
[2 INFO main 216039] Confirming: 5/9
[2 INFO main 218052] Confirming: 6/9
[2 INFO main 220081] Confirming: 7/9
[2 INFO main 222109] Confirming: 8/9
[2 INFO main 222584] Verify.Homing -> Scout.Query | Arrived home
[2 INFO main 224269] Confirming: 9/9
[2 INFO main 224291] Scout.Query -> Verify.DriveTo | Go to unverified source
[2 INFO main 244044] Verify.DriveTo -> Verify.Homing | Homing
[2 INFO main 261146] Verify.Homing -> Scout.Query | Arrived home
[2 INFO main 277119] Confirming: 1/9
[2 INFO main 279156] Confirming: 2/9
[2 INFO main 281229] Confirming: 3/9
[2 INFO main 283289] Confirming: 4/9
[2 INFO main 291486] Confirming: 7/9
[2 INFO main 293512] Confirming: 9/9
[2 INFO main 294425] Scout.Query -> Verify.DriveTo | Go to unverified source
[2 INFO main 345412] Verify.DriveTo -> Verify.Homing | Homing
[2 INFO main 363930] Confirming: 1/9
[2 INFO main 365931] Confirming: 2/9
[2 INFO main 368053] Confirming: 3/9
[2 INFO main 370118] Confirming: 4/9
[2 INFO main 372201] Confirming: 6/9
[2 INFO main 374135] Confirming: 7/9
[2 INFO main 378364] Confirming: 9/9
[2 INFO main 382714] Verify.Homing -> Scout.Query | Arrived home
[2 INFO main 382842] Scout.Query -> Verify.DriveTo | Go to unverified source
[2 INFO main 410730] Verify.DriveTo -> Verify.Homing | Homing
[2 INFO main 423342] Verify.Homing -> Scout.Query | Arrived home
[2 INFO main 427418] Confirming: 1/9
[2 INFO main 429481] Confirming: 2/9
[2 INFO main 431492] Confirming: 3/9
[2 INFO main 433509] Confirming: 4/9
[2 INFO main 437702] Confirming: 6/9
[2 INFO main 439710] Confirming: 7/9
[2 INFO main 441722] Confirming: 8/9
[2 INFO main 443763] Confirming: 9/9
[2 INFO main 443790] Scout.Query -> Verify.DriveTo | Go to unverified source
[2 INFO main 480640] Verify.DriveTo -> Verify.Homing | Homing
[2 INFO main 497435] Confirming: 1/9
[2 INFO main 499503] Confirming: 2/9
[2 INFO main 501508] Confirming: 3/9
[2 INFO main 505842] Confirming: 5/9
[2 INFO main 509959] Confirming: 6/9
[2 INFO main 512147] Confirming: 8/9
[2 INFO main 514283] Confirming: 9/9
[2 INFO main 521109] Verify.Homing -> Scout.Query | Arrived home
[2 INFO main 521236] Scout.Query -> Verify.DriveTo | Go to unverified source
[2 INFO main 539402] Verify.DriveTo -> Verify.Homing | Homing
[2 INFO main 553901] Confirming: 1/9
[2 INFO main 554235] Verify.Homing -> Scout.Query | Arrived home
[2 INFO main 555957] Confirming: 2/9
[2 INFO main 558042] Confirming: 3/9
[2 INFO main 560136] Confirming: 4/9
[2 INFO main 562144] Confirming: 5/9
[2 INFO main 564166] Confirming: 6/9
[2 INFO main 566165] Confirming: 7/9
[2 INFO main 568174] Confirming: 8/9
[2 INFO main 570243] Confirming: 9/9
[2 INFO main 570397] Scout.Query -> Verify.DriveTo | Go to unverified source
[2 INFO main 611135] Verify.DriveTo -> Verify.Homing | Homing
[2 INFO main 642036] Verify.Homing -> Scout.Query | Arrived home
[2 INFO main 644578] Confirming: 1/9
[2 INFO main 646664] Confirming: 2/9
[2 INFO main 648715] Confirming: 3/9
[2 INFO main 650806] Confirming: 4/9
[2 INFO main 652898] Confirming: 5/9
[2 INFO main 654936] Confirming: 6/9
[2 INFO main 656956] Confirming: 7/9
[2 INFO main 659027] Confirming: 8/9
[2 INFO main 661119] Confirming: 10/9
[2 INFO main 661616] Scout.Query -> Verify.DriveTo | Go to unverified source
[2 INFO main 740149] Verify.DriveTo -> Verify.Homing | Homing
[2 INFO main 765101] Confirming: 2/9
[2 INFO main 769150] Confirming: 4/9
[2 INFO main 773335] Confirming: 6/9
[2 INFO main 775417] Confirming: 7/9
[2 INFO main 777492] Confirming: 8/9
[2 INFO main 778922] Verify.Homing -> Scout.Query | Arrived home
[2 INFO main 781572] Confirming: 10/9
[2 INFO main 782319] Scout.Query -> Verify.DriveTo | Go to unverified source
[2 INFO main 872024] Verify.DriveTo -> Verify.Homing | Homing
[2 INFO main 886445] Confirming: 1/9
[2 INFO main 888500] Confirming: 3/9
[2 INFO main 892604] Confirming: 5/9
[2 INFO main 896577] Confirming: 7/9
[2 INFO main 898672] Confirming: 8/9
[2 INFO main 900762] Confirming: 9/9
[2 INFO main 906861] Verify.Homing -> Scout.Query | Arrived home
[2 INFO main 906998] Scout.Query -> Verify.DriveTo | Go to unverified source
[2 INFO main 948890] Verify.DriveTo -> Verify.Homing | Homing
[2 INFO main 976022] Confirming: 1/9
[2 INFO main 978106] Confirming: 2/9
[2 INFO main 980156] Confirming: 3/9
[2 INFO main 982249] Confirming: 5/9
[2 INFO main 986355] Confirming: 7/9
[2 INFO main 988423] Confirming: 8/9
[2 INFO main 990453] Confirming: 9/9
[2 INFO main 997459] Verify.Homing -> Scout.Query | Arrived home
[2 INFO main 997600] Scout.Query -> Verify.DriveTo | Go to unverified source
[2 INFO main 1034760] Verify.DriveTo -> Verify.Homing | Homing
[2 INFO main 1066073] Confirming: 2/9
[2 INFO main 1068202] Confirming: 3/9
[2 INFO main 1070241] Confirming: 4/9
[2 INFO main 1074309] Confirming: 6/9
[2 INFO main 1076429] Confirming: 7/9
[2 INFO main 1078448] Confirming: 8/9
[2 INFO main 1079257] Verify.Homing -> Scout.Query | Arrived home
[2 INFO main 1080657] Confirming: 9/9
[2 INFO main 1080695] Scout.Query -> Verify.DriveTo | Go to unverified source
[2 INFO main 1105178] Verify.DriveTo -> Verify.Homing | Homing
[2 INFO main 1123682] Verify.Homing -> Scout.Query | Arrived home
[2 INFO main 1125718] Confirming: 1/9
[2 INFO main 1127792] Confirming: 2/9
[2 INFO main 1129806] Confirming: 3/9
[2 INFO main 1131857] Confirming: 4/9
[2 INFO main 1135933] Confirming: 6/9
[2 INFO main 1137953] Confirming: 7/9
[2 INFO main 1139977] Confirming: 8/9
[2 INFO main 1142015] Confirming: 9/9
[2 INFO main 1142885] Scout.Query -> Verify.DriveTo | Go to unverified source
[2 INFO main 1182470] Verify.DriveTo -> Verify.Homing | Homing
[2 INFO main 1200931] Verify.Homing -> Scout.Query | Arrived home
[2 INFO main 1215967] Confirming: 1/9
[2 INFO main 1218009] Confirming: 2/9
[2 INFO main 1220362] Confirming: 3/9
[2 INFO main 1222439] Confirming: 5/9
[2 INFO main 1224448] Confirming: 6/9
[2 INFO main 1226463] Confirming: 7/9
[2 INFO main 1228749] Confirming: 8/9
[2 INFO main 1230760] Confirming: 9/9
[2 INFO main 1231138] Scout.Query -> Verify.DriveTo | Go to unverified source
[2 INFO main 1262467] Verify.DriveTo -> Verify.Homing | Homing
[2 INFO main 1268797] Confirming: 1/9
[2 INFO main 1270853] Confirming: 2/9
[2 INFO main 1274898] Confirming: 3/9
[2 INFO main 1275614] Verify.Homing -> Scout.Query | Arrived home
[2 INFO main 1276877] Confirming: 5/9
[2 INFO main 1279075] Confirming: 6/9
[2 INFO main 1281108] Confirming: 7/9
[2 INFO main 1283221] Confirming: 8/9
[2 INFO main 1285264] Confirming: 9/9
[2 INFO main 1285303] Scout.Query -> Verify.DriveTo | Go to unverified source
[2 INFO main 1315791] Verify.DriveTo -> Verify.Homing | Homing
[2 INFO main 1334381] Confirming: 1/9
[2 INFO main 1338470] Confirming: 3/9
[2 INFO main 1340512] Confirming: 4/9
[2 INFO main 1342575] Confirming: 5/9
[2 INFO main 1344611] Confirming: 6/9
[2 INFO main 1346689] Confirming: 7/9
[2 INFO main 1348732] Confirming: 8/9
[2 INFO main 1350786] Confirming: 9/9
[2 INFO main 1351014] Verify.Homing -> Scout.Query | Arrived home
[2 INFO main 1351187] Scout.Query -> Verify.DriveTo | Go to unverified source
[2 INFO main 1374056] Verify.DriveTo -> Verify.Homing | Homing
[2 INFO main 1391764] Verify.Homing -> Scout.Query | Arrived home
[2 INFO main 1394642] Confirming: 1/9
[2 INFO main 1396708] Confirming: 2/9
[2 INFO main 1398772] Confirming: 3/9
[2 INFO main 1400857] Confirming: 4/9
[2 INFO main 1402932] Confirming: 5/9
[2 INFO main 1405014] Confirming: 6/9
[2 INFO main 1407055] Confirming: 7/9
[2 INFO main 1409186] Confirming: 8/9
[2 INFO main 1411273] Confirming: 9/9
[2 INFO main 1421567] Scout.Query -> Scout.PrepSend | Homing
[2 INFO main 1421689] Scout.PrepSend -> Verify.Homing | Homing
[2 INFO main 1439357] Verify.Homing -> Scout.Query | Arrived home
[2 INFO main 1451188] Confirming: 1/9
[2 INFO main 1455323] Confirming: 2/9
[2 INFO main 1457370] Confirming: 4/9
[2 INFO main 1459410] Confirming: 5/9
[2 INFO main 1465561] Confirming: 8/9
[2 INFO main 1467634] Confirming: 9/9
[2 INFO main 1468246] Scout.Query -> Verify.DriveTo | Go to unverified source
[2 INFO main 1511487] Verify.DriveTo -> Verify.Homing | Homing
[2 INFO main 1545715] Verify.Homing -> Scout.Query | Arrived home
[2 INFO main 1546767] Confirming: 1/9
[2 INFO main 1548942] Confirming: 2/9
[2 INFO main 1550919] Confirming: 3/9
[2 INFO main 1553062] Confirming: 4/9
[2 INFO main 1555185] Confirming: 6/9
[2 INFO main 1557250] Confirming: 7/9
[2 INFO main 1559294] Confirming: 8/9
[2 INFO main 1563477] Confirming: 9/9
[2 INFO main 1563728] Scout.Query -> Verify.DriveTo | Go to unverified source
[2 INFO main 1575930] Verify.DriveTo -> Verify.Homing | Homing
[2 INFO main 1596491] Confirming: 1/9
[2 INFO main 1598578] Confirming: 2/9
[2 INFO main 1599047] Verify.Homing -> Scout.Query | Arrived home
[2 INFO main 1600737] Confirming: 3/9
[2 INFO main 1602841] Confirming: 4/9
[2 INFO main 1606929] Confirming: 6/9
[2 INFO main 1609006] Confirming: 7/9
[2 INFO main 1611009] Confirming: 8/9
[2 INFO main 1613061] Confirming: 9/9
[2 INFO main 1613103] Scout.Query -> Verify.DriveTo | Go to unverified source
[2 INFO main 1666967] Verify.DriveTo -> Verify.Homing | Homing
[2 INFO main 1696018] Confirming: 1/9
[2 INFO main 1698164] Confirming: 2/9
[2 INFO main 1700226] Confirming: 4/9
[2 INFO main 1702316] Confirming: 5/9
[2 INFO main 1704356] Confirming: 6/9
[2 INFO main 1706417] Confirming: 7/9
[2 INFO main 1708416] Confirming: 8/9
[2 INFO main 1710447] Confirming: 9/9
[2 INFO main 1733272] Verify.Homing -> Scout.Query | Arrived home
[2 INFO main 1733416] Scout.Query -> Verify.DriveTo | Go to unverified source
[2 INFO main 1757712] Verify.DriveTo -> Verify.Homing | Homing
[2 INFO main 1774705] Verify.Homing -> Scout.Query | Arrived home
[2 INFO main 1787290] Confirming: 1/9
[2 INFO main 1789363] Confirming: 2/9
[2 INFO main 1791429] Confirming: 3/9
[2 INFO main 1793454] Confirming: 4/9
[2 INFO main 1795540] Confirming: 5/9
[2 INFO main 1797640] Confirming: 6/9
[2 INFO main 1799691] Confirming: 7/9
[2 INFO main 1801793] Confirming: 8/9
[2 INFO main 1803834] Confirming: 9/9
[2 INFO main 1803938] Scout.Query -> Verify.DriveTo | Go to unverified source
[2 INFO main 1852155] Verify.DriveTo -> Verify.Homing | Homing
[2 INFO main 1877009] Confirming: 1/9
[2 INFO main 1879118] Confirming: 2/9
[2 INFO main 1881130] Confirming: 3/9
[2 INFO main 1883191] Confirming: 4/9
[2 INFO main 1885242] Confirming: 5/9
[2 INFO main 1887290] Confirming: 6/9
[2 INFO main 1888775] Verify.Homing -> Scout.Query | Arrived home
[2 INFO main 1889417] Confirming: 7/9
[2 INFO main 1891445] Confirming: 8/9
[2 INFO main 1893465] Confirming: 9/9
[2 INFO main 1894311] Scout.Query -> Verify.DriveTo | Go to unverified source
[2 INFO main 1922609] Verify.DriveTo -> Verify.Homing | Homing
[2 INFO main 1937315] Confirming: 1/9
[2 INFO main 1939333] Confirming: 2/9
[2 INFO main 1941437] Confirming: 3/9
[2 INFO main 1943462] Confirming: 4/9
[2 INFO main 1945825] Confirming: 5/9
[2 INFO main 1947837] Confirming: 6/9
[2 INFO main 1949912] Confirming: 7/9
[2 INFO main 1952013] Confirming: 8/9
[2 INFO main 1954079] Confirming: 10/9
[2 INFO main 1962219] Verify.Homing -> Scout.Query | Arrived home
[2 INFO main 1962360] Scout.Query -> Verify.DriveTo | Go to unverified source
[2 INFO main 1983204] Verify.DriveTo -> Verify.Homing | Homing
[2 INFO main 1997518] Confirming: 1/9
[2 INFO main 1999651] Confirming: 2/9
[2 INFO main 2001716] Confirming: 3/9
[2 INFO main 2001877] Verify.Homing -> Scout.Query | Arrived home
[2 INFO main 2003735] Confirming: 4/9
[2 INFO main 2005919] Confirming: 5/9
[2 INFO main 2007993] Confirming: 6/9
[2 INFO main 2010140] Confirming: 8/9
[2 INFO main 2012357] Confirming: 9/9
[2 INFO main 2081376] Scout.Query -> Verify.DriveTo | Go to unverified source
[2 INFO main 2125225] Verify.DriveTo -> Verify.Homing | Homing
[2 INFO main 2147828] Confirming: 1/9
[2 INFO main 2149956] Confirming: 2/9
[2 INFO main 2151994] Confirming: 3/9
[2 INFO main 2153905] Confirming: 4/9
[2 INFO main 2156009] Confirming: 5/9
[2 INFO main 2158030] Confirming: 6/9
[2 INFO main 2160056] Confirming: 7/9
[2 INFO main 2162148] Confirming: 9/9
[2 INFO main 2172634] Verify.Homing -> Scout.Query | Arrived home
[2 INFO main 2172776] Scout.Query -> Verify.DriveTo | Go to unverified source
[2 INFO main 2196886] Verify.DriveTo -> Verify.Homing | Homing
[2 INFO main 2219326] Verify.Homing -> Scout.Query | Arrived home
[2 INFO main 2236326] Confirming: 1/9
[2 INFO main 2238345] Confirming: 2/9
[2 INFO main 2240432] Confirming: 3/9
[2 INFO main 2244586] Confirming: 5/9
[2 INFO main 2246590] Confirming: 6/9
[2 INFO main 2248618] Confirming: 7/9
[2 INFO main 2250681] Confirming: 8/9
[2 INFO main 2252817] Confirming: 9/9
[2 INFO main 2267213] Scout.Query -> Verify.DriveTo | Go to unverified source
[2 INFO main 2282934] Verify.DriveTo -> Verify.Homing | Homing
[2 INFO main 2297497] Confirming: 1/9
[2 INFO main 2299504] Confirming: 2/9
[2 INFO main 2301509] Confirming: 3/9
[2 INFO main 2303690] Confirming: 4/9
[2 INFO main 2305831] Confirming: 5/9
[2 INFO main 2307924] Confirming: 6/9
[2 INFO main 2309937] Confirming: 7/9
[2 INFO main 2311942] Confirming: 8/9
[2 INFO main 2314009] Confirming: 9/9
[2 INFO main 2341886] Verify.Homing -> Scout.Query | Arrived home
[2 INFO main 2342086] Scout.Query -> Verify.DriveTo | Go to unverified source
[2 INFO main 2395705] Verify.DriveTo -> Verify.Homing | Homing
[2 INFO main 2415565] Verify.Homing -> Scout.Query | Arrived home
[2 INFO main 2416527] Confirming: 1/9
[2 INFO main 2418600] Confirming: 2/9
[2 INFO main 2420664] Confirming: 3/9
[2 INFO main 2422642] Confirming: 4/9
[2 INFO main 2424740] Confirming: 5/9
[2 INFO main 2426800] Confirming: 6/9
[2 INFO main 2428807] Confirming: 7/9
[2 INFO main 2430827] Confirming: 8/9
[2 INFO main 2432914] Confirming: 9/9
[2 INFO main 2433178] Scout.Query -> Verify.DriveTo | Go to unverified source
[2 INFO main 2471604] Verify.DriveTo -> Verify.Homing | Homing
[2 INFO main 2477861] Confirming: 1/9
[2 INFO main 2479909] Confirming: 2/9
[2 INFO main 2481999] Confirming: 3/9
[2 INFO main 2484083] Confirming: 5/9
[2 INFO main 2486137] Confirming: 6/9
[2 INFO main 2490316] Confirming: 7/9
[2 INFO main 2492349] Confirming: 9/9
[2 INFO main 2502837] Verify.Homing -> Scout.Query | Arrived home
[2 INFO main 2503005] Scout.Query -> Verify.DriveTo | Go to unverified source
[2 INFO main 2537858] Verify.DriveTo -> Verify.Homing | Homing
[2 INFO main 2567280] Confirming: 1/9
[2 INFO main 2568346] Verify.Homing -> Scout.Query | Arrived home
[2 INFO main 2569354] Confirming: 2/9
[2 INFO main 2571360] Confirming: 3/9
[2 INFO main 2573376] Confirming: 4/9
[2 INFO main 2575386] Confirming: 5/9
[2 INFO main 2577490] Confirming: 6/9
[2 INFO main 2579563] Confirming: 7/9
[2 INFO main 2581622] Confirming: 8/9
[2 INFO main 2583698] Confirming: 9/9
[2 INFO main 2584585] Scout.Query -> Verify.DriveTo | Go to unverified source
[2 INFO main 2631026] Verify.DriveTo -> Verify.Homing | Homing
[2 INFO main 2656538] Confirming: 1/9
[2 INFO main 2658624] Confirming: 2/9
[2 INFO main 2660657] Confirming: 3/9
[2 INFO main 2662683] Confirming: 4/9
[2 INFO main 2664680] Confirming: 5/9
[2 INFO main 2666801] Confirming: 6/9
[2 INFO main 2668877] Confirming: 7/9
[2 INFO main 2669789] Verify.Homing -> Scout.Query | Arrived home
[2 INFO main 2670907] Confirming: 8/9
[2 INFO main 2675027] Confirming: 10/9
[2 INFO main 2675076] Scout.Query -> Verify.DriveTo | Go to unverified source
[2 INFO main 2723827] Verify.DriveTo -> Verify.Homing | Homing
[2 INFO main 2747233] Confirming: 1/9
[2 INFO main 2749256] Confirming: 2/9
[2 INFO main 2751298] Confirming: 3/9
[2 INFO main 2753285] Confirming: 4/9
[2 INFO main 2755372] Confirming: 5/9
[2 INFO main 2757561] Confirming: 6/9
[2 INFO main 2759625] Confirming: 7/9
[2 INFO main 2763490] Verify.Homing -> Scout.Query | Arrived home
[2 INFO main 2763696] Confirming: 8/9
[2 INFO main 2765679] Confirming: 9/9
[2 INFO main 2765765] Scout.Query -> Verify.DriveTo | Go to unverified source
[2 INFO main 2837232] Verify.DriveTo -> Verify.Homing | Homing
[2 INFO main 2868281] Confirming: 1/9
[2 INFO main 2869318] Verify.Homing -> Scout.Query | Arrived home
[2 INFO main 2870345] Confirming: 2/9
[2 INFO main 2872515] Confirming: 3/9
[2 INFO main 2874570] Confirming: 4/9
[2 INFO main 2876670] Confirming: 5/9
[2 INFO main 2878693] Confirming: 6/9
[2 INFO main 2880714] Confirming: 7/9
[2 INFO main 2882737] Confirming: 8/9
[2 INFO main 2884836] Confirming: 9/9
[2 INFO main 2885231] Scout.Query -> Verify.DriveTo | Go to unverified source
[2 INFO main 2913601] Verify.DriveTo -> Verify.Homing | Homing
[2 INFO main 2928131] Confirming: 1/9
[2 INFO main 2930169] Confirming: 2/9
[2 INFO main 2932241] Confirming: 3/9
[2 INFO main 2934336] Confirming: 4/9
[2 INFO main 2936336] Confirming: 5/9
[2 INFO main 2938457] Confirming: 6/9
[2 INFO main 2940535] Confirming: 7/9
[2 INFO main 2942596] Confirming: 8/9
[2 INFO main 2944697] Confirming: 9/9
[2 INFO main 2944700] Verify.Homing -> Scout.Query | Arrived home
[2 INFO main 2944780] Scout.Query -> Verify.DriveTo | Go to unverified source
[2 INFO main 2986523] Verify.DriveTo -> Verify.Homing | Homing
[2 INFO main 3017965] Confirming: 1/9
[2 INFO main 3019985] Confirming: 2/9
[2 INFO main 3022467] Confirming: 3/9
[2 INFO main 3024502] Confirming: 4/9
[2 INFO main 3026521] Confirming: 5/9
[2 INFO main 3028783] Confirming: 6/9
[2 INFO main 3030856] Confirming: 7/9
[2 INFO main 3032928] Confirming: 8/9
[2 INFO main 3034934] Confirming: 9/9
[2 INFO main 3057894] Verify.Homing -> Scout.Query | Arrived home
[2 INFO main 3058040] Scout.Query -> Verify.DriveTo | Go to unverified source
[2 INFO main 3097750] Verify.DriveTo -> Verify.Homing | Homing
[2 INFO main 3108185] Confirming: 1/9
[2 INFO main 3110262] Confirming: 2/9
[2 INFO main 3112339] Confirming: 3/9
[2 INFO main 3114449] Confirming: 4/9
[2 INFO main 3116501] Confirming: 5/9
[2 INFO main 3118509] Confirming: 6/9
[2 INFO main 3120546] Confirming: 7/9
[2 INFO main 3122596] Confirming: 8/9
[2 INFO main 3124686] Confirming: 9/9
[2 INFO main 3128462] Verify.Homing -> Scout.Query | Arrived home
[2 INFO main 3143628] Scout.Query -> Verify.DriveTo | Go to unverified source
[2 INFO main 3196100] Verify.DriveTo -> Verify.Homing | Homing
[2 INFO main 3227549] Confirming: 1/9
[2 INFO main 3229553] Confirming: 2/9
[2 INFO main 3233571] Confirming: 4/9
[2 INFO main 3235752] Confirming: 5/9
[2 INFO main 3237788] Confirming: 6/9
[2 INFO main 3239547] Verify.Homing -> Scout.Query | Arrived home
[2 INFO main 3239860] Confirming: 7/9
[2 INFO main 3241944] Confirming: 8/9
[2 INFO main 3244050] Confirming: 9/9
[2 INFO main 3244106] Scout.Query -> Verify.DriveTo | Go to unverified source
[2 INFO main 3282024] Verify.DriveTo -> Verify.Homing | Homing
[2 INFO main 3288294] Confirming: 1/9
[2 INFO main 3290306] Confirming: 2/9
[2 INFO main 3292314] Confirming: 3/9
[2 INFO main 3294456] Confirming: 4/9
[2 INFO main 3296562] Confirming: 5/9
[2 INFO main 3298569] Confirming: 6/9
[2 INFO main 3300606] Confirming: 7/9
[2 INFO main 3302638] Confirming: 8/9
[2 INFO main 3304732] Confirming: 9/9
[2 INFO main 3328397] Verify.Homing -> Scout.Query | Arrived home
[2 INFO main 3328548] Scout.Query -> Verify.DriveTo | Go to unverified source
[2 INFO main 3364095] Verify.DriveTo -> Verify.Homing | Homing
[2 INFO main 3378676] Confirming: 1/9
[2 INFO main 3380680] Confirming: 2/9
[2 INFO main 3382752] Confirming: 3/9
[2 INFO main 3384824] Confirming: 4/9
[2 INFO main 3386882] Confirming: 5/9
[2 INFO main 3388967] Confirming: 6/9
[2 INFO main 3391044] Confirming: 7/9
[2 INFO main 3393029] Confirming: 8/9
[2 INFO main 3395153] Confirming: 10/9
[2 INFO main 3397460] Verify.Homing -> Scout.Query | Arrived home
[2 INFO main 3397612] Scout.Query -> Verify.DriveTo | Go to unverified source
[2 INFO main 3441856] Verify.DriveTo -> Verify.Homing | Homing
[2 INFO main 3468687] Confirming: 1/9
[2 INFO main 3470787] Confirming: 2/9
[2 INFO main 3472842] Confirming: 3/9
[2 INFO main 3474894] Confirming: 4/9
[2 INFO main 3476944] Confirming: 5/9
[2 INFO main 3479012] Confirming: 6/9
[2 INFO main 3481027] Confirming: 7/9
[2 INFO main 3483002] Confirming: 8/9
[2 INFO main 3485076] Confirming: 10/9
[2 INFO main 3506116] Verify.Homing -> Scout.Query | Arrived home
[2 INFO main 3506273] Scout.Query -> Verify.DriveTo | Go to unverified source
[2 INFO main 3562390] Verify.DriveTo -> Verify.Homing | Homing
[2 INFO main 3589106] Confirming: 2/9
[2 INFO main 3591189] Confirming: 3/9
[2 INFO main 3595451] Confirming: 5/9
[2 INFO main 3597470] Confirming: 6/9
[2 INFO main 3599516] Confirming: 7/9
[2 INFO main 3601597] Confirming: 8/9
[2 INFO main 3603851] Confirming: 9/9
[2 INFO main 3622069] Verify.Homing -> Scout.Query | Arrived home
[2 INFO main 3622249] Scout.Query -> Verify.DriveTo | Go to unverified source
[2 INFO main 3652600] Verify.DriveTo -> Verify.Homing | Homing
[2 INFO main 3681474] Confirming: 1/9
[2 INFO main 3683576] Confirming: 2/9
[2 INFO main 3685603] Confirming: 3/9
[2 INFO main 3686987] Verify.Homing -> Scout.Query | Arrived home
[2 INFO main 3689879] Confirming: 5/9
[2 INFO main 3692040] Confirming: 6/9
[2 INFO main 3694076] Confirming: 7/9
[2 INFO main 3696112] Confirming: 8/9
[2 INFO main 3698200] Confirming: 9/9
[2 INFO main 3730357] Scout.Query -> Verify.DriveTo | Go to unverified source
[2 INFO main 3755720] Verify.DriveTo -> Verify.Homing | Homing
[2 INFO main 3772405] Confirming: 1/9
[2 INFO main 3774415] Confirming: 2/9
[2 INFO main 3776436] Confirming: 3/9
[2 INFO main 3778454] Confirming: 4/9
[2 INFO main 3780490] Confirming: 5/9
[2 INFO main 3780879] Verify.Homing -> Scout.Query | Arrived home
[2 INFO main 3782638] Confirming: 6/9
[2 INFO main 3784805] Confirming: 7/9
[2 INFO main 3786895] Confirming: 8/9
[2 INFO main 3789010] Confirming: 9/9
[2 INFO main 3792125] Scout.Query -> Verify.DriveTo | Go to unverified source
[2 INFO main 3833414] Verify.DriveTo -> Verify.Homing | Homing
[2 INFO main 3862547] Confirming: 1/9
[2 INFO main 3864597] Confirming: 2/9
[2 INFO main 3866779] Confirming: 3/9
[2 INFO main 3868815] Confirming: 4/9
[2 INFO main 3870988] Confirming: 5/9
[2 INFO main 3873002] Confirming: 6/9
[2 INFO main 3875096] Confirming: 8/9
[2 INFO main 3876161] Verify.Homing -> Scout.Query | Arrived home
[2 INFO main 3879220] Confirming: 10/9
[2 INFO main 3879572] Scout.Query -> Verify.DriveTo | Go to unverified source
[2 INFO main 3930868] Verify.DriveTo -> Verify.Homing | Homing
[2 INFO main 3951822] Confirming: 1/9
[2 INFO main 3953849] Confirming: 2/9
[2 INFO main 3955907] Confirming: 3/9
[2 INFO main 3957975] Confirming: 4/9
[2 INFO main 3960036] Confirming: 5/9
[2 INFO main 3961653] Verify.Homing -> Scout.Query | Arrived home
[2 INFO main 3962147] Confirming: 6/9
[2 INFO main 3964285] Confirming: 7/9
[2 INFO main 3966337] Confirming: 8/9
[2 INFO main 3968387] Confirming: 9/9
[2 INFO main 3969505] Scout.Query -> Verify.DriveTo | Go to unverified source
[2 INFO main 4008271] Verify.DriveTo -> Verify.Homing | Homing
[2 INFO main 4039627] Confirming: 2/9
[2 INFO main 4041640] Confirming: 3/9
[2 INFO main 4043699] Confirming: 4/9
[2 INFO main 4044351] Verify.Homing -> Scout.Query | Arrived home
[2 INFO main 4045835] Confirming: 5/9
[2 INFO main 4047915] Confirming: 6/9
[2 INFO main 4049935] Confirming: 7/9
[2 INFO main 4051927] Confirming: 8/9
[2 INFO main 4056190] Confirming: 10/9
[2 INFO main 4056249] Scout.Query -> Verify.DriveTo | Go to unverified source
[2 INFO main 4108738] Verify.DriveTo -> Verify.Homing | Homing
[2 INFO main 4132223] Confirming: 1/9
[2 INFO main 4134407] Confirming: 2/9
[2 INFO main 4136446] Confirming: 3/9
[2 INFO main 4138534] Confirming: 4/9
[2 INFO main 4140621] Confirming: 5/9
[2 INFO main 4142800] Confirming: 6/9
[2 INFO main 4144969] Confirming: 7/9
[2 INFO main 4146975] Confirming: 8/9
[2 INFO main 4149000] Confirming: 9/9
[2 INFO main 4153859] Verify.Homing -> Scout.Query | Arrived home
[2 INFO main 4154080] Scout.Query -> Verify.DriveTo | Go to unverified source
[2 INFO main 4197623] Verify.DriveTo -> Verify.Homing | Homing
[2 INFO main 4222499] Confirming: 1/9
[2 INFO main 4224561] Confirming: 2/9
[2 INFO main 4226633] Confirming: 3/9
[2 INFO main 4228651] Confirming: 4/9
[2 INFO main 4230684] Confirming: 5/9
[2 INFO main 4232824] Confirming: 6/9
[2 INFO main 4234849] Confirming: 7/9
[2 INFO main 4236926] Confirming: 8/9
[2 INFO main 4238013] Verify.Homing -> Scout.Query | Arrived home
[2 INFO main 4238986] Confirming: 9/9
[2 INFO main 4239324] Scout.Query -> Verify.DriveTo | Go to unverified source
[2 INFO main 4274034] Verify.DriveTo -> Verify.Homing | Homing
[2 INFO main 4282468] Confirming: 1/9
[2 INFO main 4284573] Confirming: 2/9
[2 INFO main 4286597] Confirming: 3/9
[2 INFO main 4288683] Confirming: 4/9
[2 INFO main 4290735] Confirming: 5/9
[2 INFO main 4292831] Confirming: 6/9
[2 INFO main 4294901] Confirming: 7/9
[2 INFO main 4297106] Confirming: 9/9
[2 INFO main 4334729] Verify.Homing -> Scout.Query | Arrived home
[2 INFO main 4334939] Scout.Query -> Verify.DriveTo | Go to unverified source
[2 INFO main 4375979] Verify.DriveTo -> Verify.Homing | Homing
[2 INFO main 4403242] Confirming: 2/9
[2 INFO main 4405287] Confirming: 3/9
[2 INFO main 4407477] Confirming: 4/9
[2 INFO main 4409488] Confirming: 5/9
[2 INFO main 4411565] Confirming: 6/9
[2 INFO main 4412619] Verify.Homing -> Scout.Query | Arrived home
[2 INFO main 4413603] Confirming: 7/9
[2 INFO main 4415817] Confirming: 8/9
[2 INFO main 4417907] Confirming: 9/9
[2 INFO main 4418051] Scout.Query -> Verify.DriveTo | Go to unverified source
[2 INFO main 4482740] Verify.DriveTo -> Verify.Homing | Homing
[2 INFO main 4493147] Confirming: 1/9
[2 INFO main 4495212] Confirming: 3/9
[2 INFO main 4499291] Confirming: 5/9
[2 INFO main 4501364] Confirming: 6/9
[2 INFO main 4503386] Confirming: 7/9
[2 INFO main 4505487] Confirming: 8/9
[2 INFO main 4507529] Confirming: 9/9
[2 INFO main 4519835] Verify.Homing -> Scout.Query | Arrived home
[2 INFO main 4520075] Scout.Query -> Verify.DriveTo | Go to unverified source
[2 INFO main 4547156] Verify.DriveTo -> Verify.Homing | Homing
[2 INFO main 4553569] Confirming: 2/9
[2 INFO main 4555594] Confirming: 3/9
[2 INFO main 4557649] Confirming: 4/9
[2 INFO main 4559653] Confirming: 5/9
[2 INFO main 4561659] Confirming: 6/9
[2 INFO main 4563658] Confirming: 7/9
[2 INFO main 4567808] Confirming: 9/9
[2 INFO main 4571259] Verify.Homing -> Scout.Query | Arrived home
[2 INFO main 4571661] Scout.Query -> Verify.DriveTo | Go to unverified source
[2 INFO main 4637113] Verify.DriveTo -> Verify.Homing | Homing
[2 INFO main 4672574] Confirming: 1/9
[2 INFO main 4674620] Confirming: 2/9
[2 INFO main 4676634] Confirming: 3/9
[2 INFO main 4678304] Verify.Homing -> Scout.Query | Arrived home
[2 INFO main 4678712] Confirming: 4/9
[2 INFO main 4680811] Confirming: 5/9
[2 INFO main 4682891] Confirming: 6/9
[2 INFO main 4684966] Confirming: 7/9
[2 INFO main 4687020] Confirming: 8/9
[2 INFO main 4689077] Confirming: 9/9
[2 INFO main 4690082] Scout.Query -> Verify.DriveTo | Go to unverified source
[2 INFO main 4713820] Verify.DriveTo -> Verify.Homing | Homing
[2 INFO main 4722532] Confirming: 1/9
[2 INFO main 4722532] Verify.Homing -> Scout.Query | Arrived home
[2 INFO main 4724754] Confirming: 2/9
[2 INFO main 4726820] Confirming: 3/9
[2 INFO main 4728956] Confirming: 4/9
[2 INFO main 4731411] Confirming: 5/9
[2 INFO main 4733467] Confirming: 7/9
[2 INFO main 4735520] Confirming: 8/9
[2 INFO main 4737617] Confirming: 9/9
[2 INFO main 4737748] Scout.Query -> Verify.DriveTo | Go to unverified source
[2 INFO main 4778246] Verify.DriveTo -> Verify.Homing | Homing
[2 INFO main 4793285] Confirming: 2/9
[2 INFO main 4797515] Confirming: 4/9
[2 INFO main 4799610] Confirming: 5/9
[2 INFO main 4801676] Confirming: 6/9
[2 INFO main 4803884] Confirming: 7/9
[2 INFO main 4805098] Verify.Homing -> Scout.Query | Arrived home
[2 INFO main 4805980] Confirming: 8/9
[2 INFO main 4807997] Confirming: 9/9
[2 INFO main 4808790] Scout.Query -> Verify.DriveTo | Go to unverified source
[2 INFO main 4861715] Verify.DriveTo -> Verify.Homing | Homing
[2 INFO main 4882545] Confirming: 1/9
[2 INFO main 4884542] Confirming: 2/9
[2 INFO main 4886650] Confirming: 3/9
[2 INFO main 4888689] Confirming: 4/9
[2 INFO main 4890758] Confirming: 5/9
[2 INFO main 4892812] Confirming: 6/9
[2 INFO main 4894869] Confirming: 7/9
[2 INFO main 4896953] Confirming: 8/9
[2 INFO main 4899176] Confirming: 9/9
[2 INFO main 4949348] Verify.Homing -> Scout.Query | Arrived home
[2 INFO main 4949580] Scout.Query -> Verify.DriveTo | Go to unverified source
[2 INFO main 5005000] Verify.DriveTo -> Verify.Homing | Homing
[2 INFO main 5032163] Confirming: 1/9
[2 INFO main 5034304] Confirming: 2/9
[2 INFO main 5036362] Confirming: 3/9
[2 INFO main 5038462] Confirming: 4/9
[2 INFO main 5040478] Confirming: 5/9
[2 INFO main 5042579] Confirming: 6/9
[2 INFO main 5044621] Confirming: 7/9
[2 INFO main 5045279] Verify.Homing -> Scout.Query | Arrived home
[2 INFO main 5046799] Confirming: 8/9
[2 INFO main 5048893] Confirming: 9/9
[2 INFO main 5048954] Scout.Query -> Verify.DriveTo | Go to unverified source
[2 INFO main 5096304] Verify.DriveTo -> Verify.Homing | Homing
[2 INFO main 5121742] Confirming: 1/9
[2 INFO main 5126039] Confirming: 3/9
[2 INFO main 5128079] Confirming: 4/9
[2 INFO main 5130126] Confirming: 5/9
[2 INFO main 5132267] Confirming: 6/9
[2 INFO main 5134342] Confirming: 7/9
[2 INFO main 5136503] Confirming: 8/9
[2 INFO main 5138520] Confirming: 9/9
[2 INFO main 5140894] Verify.Homing -> Scout.Query | Arrived home
[2 INFO main 5141055] Scout.Query -> Verify.DriveTo | Go to unverified source
[2 INFO main 5213088] Verify.DriveTo -> Verify.Homing | Homing
[2 INFO main 5241833] Confirming: 1/9
[2 INFO main 5244807] Confirming: 2/9
[2 INFO main 5247492] Confirming: 4/9
[2 INFO main 5249549] Confirming: 5/9
[2 INFO main 5251650] Confirming: 6/9
[2 INFO main 5253705] Confirming: 7/9
[2 INFO main 5256070] Confirming: 8/9
[2 INFO main 5258157] Confirming: 9/9
[2 INFO main 5290467] Verify.Homing -> Scout.Query | Arrived home
[2 INFO main 5290708] Scout.Query -> Verify.DriveTo | Go to unverified source
[2 INFO main 5381635] Verify.DriveTo -> Verify.Homing | Homing
[2 INFO main 5393903] Confirming: 1/9
[2 INFO main 5396141] Confirming: 3/9
[2 INFO main 5398198] Confirming: 4/9
[2 INFO main 5400274] Confirming: 5/9
