[INFO main 25] Initialising Python Geth Console...
[INFO main 32] Initialising peer buffer...
[INFO main 32] Initialising TCP server...
[INFO main 32] Initialising RandB board...
[INFO main 32] Initialising ground-sensors...
[INFO main 32] Initialising random-walk...
[INFO main 402] Starting Experiment
[DEBUG events 10396] 0x0000000000000000000000000000000000000000
[DEBUG events 10398] Registered on-chain
[WARNING events 12372] execution reverted: Robot must register first

========= Remote Traceback (1) =========
Traceback (most recent call last):
  File "/usr/lib/python3.8/site-packages/rpyc/core/protocol.py", line 324, in _dispatch_request
    res = self._HANDLERS[handler](self, *args)
  File "/usr/lib/python3.8/site-packages/rpyc/core/protocol.py", line 592, in _handle_call
    return obj(*args, **dict(kwargs))
  File "/root/python_scripts/web3wrapper_docker.py", line 157, in exposed_call
    return self.w3if.call(function)
  File "/root/python_scripts/web3wrapper_docker.py", line 92, in call
    return getattr(self.sc.functions, func)().call()
  File "/usr/lib/python3.8/site-packages/web3/contract.py", line 957, in call
    return call_contract_function(
  File "/usr/lib/python3.8/site-packages/web3/contract.py", line 1501, in call_contract_function
    return_data = web3.eth.call(
  File "/usr/lib/python3.8/site-packages/web3/module.py", line 57, in caller
    result = w3.manager.request_blocking(method_str,
  File "/usr/lib/python3.8/site-packages/web3/manager.py", line 187, in request_blocking
    return self.formatted_response(response,
  File "/usr/lib/python3.8/site-packages/web3/manager.py", line 167, in formatted_response
    apply_error_formatters(error_formatters, response)
  File "/usr/lib/python3.8/site-packages/web3/manager.py", line 67, in apply_error_formatters
    formatted_resp = pipe(response, error_formatters)
  File "cytoolz/functoolz.pyx", line 667, in cytoolz.functoolz.pipe
  File "cytoolz/functoolz.pyx", line 642, in cytoolz.functoolz.c_pipe
  File "/usr/lib/python3.8/site-packages/web3/_utils/method_formatters.py", line 566, in raise_solidity_error_on_revert
    raise ContractLogicError(response['error']['message'])
web3.exceptions.ContractLogicError: execution reverted: Robot must register first

[INFO main 43386] Added peer: 3, enode: enode://cb33f8ad916993283b8fba7ee92cf0bd334d09df96a25f0776388cac516cfcba4ee92a081f213814786148b4359407abeb0d86339c3ef058f7d52e10790e89c0@10.0.1.4:30303?discport=0
[INFO main 51388] Removed peer: 3
[DEBUG events 53380] 0x633462025cF12D347C0dF50B2114E65aa364f0a6
[DEBUG events 53385] Registered on-chain
[DEBUG events 60391] Asked for UBI: 40
[DEBUG events 67383] 0x633462025cF12D347C0dF50B2114E65aa364f0a6
[DEBUG events 67384] Registered on-chain
[DEBUG events 74378] Asked for UBI: 40
[INFO main 123394] Added peer: 6, enode: enode://30d53cde1764268b7a0570fa6f8f70da985448cd64780cef13fbaf7547262f63d73d9f051336c165224946dd5fbe8aeff6f7c451e0e20cdb13e0e555ae9e9c74@10.0.1.7:30303?discport=0
[DEBUG events 130397] 0x633462025cF12D347C0dF50B2114E65aa364f0a6
[DEBUG events 130397] Registered on-chain
[DEBUG events 140382] Asked for UBI: 60
[INFO main 175397] Removed peer: 6
[INFO main 186390] Added peer: 2, enode: enode://4ddc386641fbbe12ec4793585cfd44cee84094c55b05adc89d5a2571f2bc8f3430cdf7dcf674fe38cf461153fd61edb5d3df732fc04c97cfa6128977f3ef36be@10.0.1.10:30303?discport=0
[INFO main 190425] Removed peer: 2
[DEBUG events 212398] 0x633462025cF12D347C0dF50B2114E65aa364f0a6
[DEBUG events 212398] Registered on-chain
[INFO main 212407] Added peer: 3, enode: enode://cb33f8ad916993283b8fba7ee92cf0bd334d09df96a25f0776388cac516cfcba4ee92a081f213814786148b4359407abeb0d86339c3ef058f7d52e10790e89c0@10.0.1.4:30303?discport=0
[DEBUG events 219391] Asked for UBI: 80
[DEBUG events 220409] Updated mean
[INFO main 221432] Removed peer: 3
[DEBUG events 237448] 0x633462025cF12D347C0dF50B2114E65aa364f0a6
[DEBUG events 237448] Registered on-chain
[DEBUG events 244412] Asked for UBI: 80
[DEBUG events 245406] Updated mean
[INFO main 258439] Added peer: 8, enode: enode://c7ca09f57e08c17d01df5c79f0a6f674a7806457c042dd43c5538d8c1530a2d370a96f7d62d981bfcf4c05708bcb4e1519d116ada3eedbde27758d596e92668b@10.0.1.9:30303?discport=0
[INFO main 268411] Removed peer: 8
[INFO main 276401] Added peer: 2, enode: enode://4ddc386641fbbe12ec4793585cfd44cee84094c55b05adc89d5a2571f2bc8f3430cdf7dcf674fe38cf461153fd61edb5d3df732fc04c97cfa6128977f3ef36be@10.0.1.10:30303?discport=0
[INFO main 281429] Removed peer: 2
[INFO main 297407] Added peer: 2, enode: enode://4ddc386641fbbe12ec4793585cfd44cee84094c55b05adc89d5a2571f2bc8f3430cdf7dcf674fe38cf461153fd61edb5d3df732fc04c97cfa6128977f3ef36be@10.0.1.10:30303?discport=0
[INFO main 301404] Removed peer: 2
[INFO main 311417] Added peer: 1, enode: enode://8b600ab35cbc809f8797f80edae7f44f78a5403b5070154f76afbfd5a6f819680bf2827c224971078a93dad3e759da1b9a412f11282e028fba6966b378e06820@10.0.1.3:30303?discport=0
[INFO main 316462] Removed peer: 1
[DEBUG events 317431] 0x633462025cF12D347C0dF50B2114E65aa364f0a6
[DEBUG events 317431] Registered on-chain
[DEBUG voting 324423] Voted successfully: 0.30 (1/1)
[INFO main 328429] Added peer: 6, enode: enode://30d53cde1764268b7a0570fa6f8f70da985448cd64780cef13fbaf7547262f63d73d9f051336c165224946dd5fbe8aeff6f7c451e0e20cdb13e0e555ae9e9c74@10.0.1.7:30303?discport=0
[DEBUG events 329402] 0x633462025cF12D347C0dF50B2114E65aa364f0a6
[DEBUG events 329404] Registered on-chain
[INFO main 335411] Removed peer: 6
[DEBUG voting 338415] Voted successfully: 0.30 (1/1)
[INFO main 349466] Added peer: 2, enode: enode://4ddc386641fbbe12ec4793585cfd44cee84094c55b05adc89d5a2571f2bc8f3430cdf7dcf674fe38cf461153fd61edb5d3df732fc04c97cfa6128977f3ef36be@10.0.1.10:30303?discport=0
[INFO main 355429] Added peer: 6, enode: enode://30d53cde1764268b7a0570fa6f8f70da985448cd64780cef13fbaf7547262f63d73d9f051336c165224946dd5fbe8aeff6f7c451e0e20cdb13e0e555ae9e9c74@10.0.1.7:30303?discport=0
[INFO main 357415] Removed peer: 2
[INFO main 361410] Removed peer: 6
[DEBUG events 368411] 0x633462025cF12D347C0dF50B2114E65aa364f0a6
[DEBUG events 368411] Registered on-chain
[INFO main 371439] Added peer: 1, enode: enode://8b600ab35cbc809f8797f80edae7f44f78a5403b5070154f76afbfd5a6f819680bf2827c224971078a93dad3e759da1b9a412f11282e028fba6966b378e06820@10.0.1.3:30303?discport=0
[DEBUG events 376429] Asked for UBI: 20
[DEBUG events 377421] Updated mean
[INFO main 378411] Removed peer: 1
[INFO main 384472] Added peer: 2, enode: enode://4ddc386641fbbe12ec4793585cfd44cee84094c55b05adc89d5a2571f2bc8f3430cdf7dcf674fe38cf461153fd61edb5d3df732fc04c97cfa6128977f3ef36be@10.0.1.10:30303?discport=0
[INFO main 390417] Removed peer: 2
[INFO main 440441] Added peer: 7, enode: enode://234da46f3da804f36f00196308df05c2e8b64a633286f018f317c4303fba9b47ca56e71c49abe63d4ec4a0d68fd1fca3449fecee5e16e6a82c36d1947295cc34@10.0.1.8:30303?discport=0
[INFO main 448435] Removed peer: 7
[INFO main 456415] Added peer: 5, enode: enode://385fc31e1d7a04b3c92843b10e06686c130906e51f36a753b46e43bf9cd7682fe5af513c78874b8268f1802247c646048809ee4f8275ee5bc4fb3c1198af90d5@10.0.1.6:30303?discport=0
[DEBUG events 458421] 0x633462025cF12D347C0dF50B2114E65aa364f0a6
[DEBUG events 458422] Registered on-chain
[INFO main 466426] Added peer: 2, enode: enode://4ddc386641fbbe12ec4793585cfd44cee84094c55b05adc89d5a2571f2bc8f3430cdf7dcf674fe38cf461153fd61edb5d3df732fc04c97cfa6128977f3ef36be@10.0.1.10:30303?discport=0
[DEBUG events 466446] Asked for payout: 53
[INFO main 466455] Removed peer: 5
[DEBUG voting 468422] Voted successfully: 0.28 (1/1)
[INFO main 473473] Removed peer: 2
[DEBUG events 480436] 0x633462025cF12D347C0dF50B2114E65aa364f0a6
[DEBUG events 480448] Registered on-chain
[DEBUG events 489416] Asked for payout: 53
[DEBUG voting 491423] Voted successfully: 0.28 (1/1)
[INFO main 495418] Added peer: 7, enode: enode://234da46f3da804f36f00196308df05c2e8b64a633286f018f317c4303fba9b47ca56e71c49abe63d4ec4a0d68fd1fca3449fecee5e16e6a82c36d1947295cc34@10.0.1.8:30303?discport=0
[INFO main 501430] Removed peer: 7
[DEBUG events 506421] 0x633462025cF12D347C0dF50B2114E65aa364f0a6
[DEBUG events 506434] Registered on-chain
[DEBUG voting 514442] Voted successfully: 0.28 (1/1)
[INFO main 515458] Added peer: 7, enode: enode://234da46f3da804f36f00196308df05c2e8b64a633286f018f317c4303fba9b47ca56e71c49abe63d4ec4a0d68fd1fca3449fecee5e16e6a82c36d1947295cc34@10.0.1.8:30303?discport=0
[INFO main 517467] Removed peer: 7
[INFO main 519466] Added peer: 5, enode: enode://385fc31e1d7a04b3c92843b10e06686c130906e51f36a753b46e43bf9cd7682fe5af513c78874b8268f1802247c646048809ee4f8275ee5bc4fb3c1198af90d5@10.0.1.6:30303?discport=0
[INFO main 522422] Added peer: 3, enode: enode://cb33f8ad916993283b8fba7ee92cf0bd334d09df96a25f0776388cac516cfcba4ee92a081f213814786148b4359407abeb0d86339c3ef058f7d52e10790e89c0@10.0.1.4:30303?discport=0
[DEBUG events 528452] 0x633462025cF12D347C0dF50B2114E65aa364f0a6
[DEBUG events 528458] Registered on-chain
[INFO main 528475] Removed peer: 3
[INFO main 530421] Removed peer: 5
[INFO main 533439] Added peer: 5, enode: enode://385fc31e1d7a04b3c92843b10e06686c130906e51f36a753b46e43bf9cd7682fe5af513c78874b8268f1802247c646048809ee4f8275ee5bc4fb3c1198af90d5@10.0.1.6:30303?discport=0
[DEBUG voting 536428] Voted successfully: 0.28 (1/1)
[INFO main 537478] Removed peer: 5
[INFO main 541421] Added peer: 6, enode: enode://30d53cde1764268b7a0570fa6f8f70da985448cd64780cef13fbaf7547262f63d73d9f051336c165224946dd5fbe8aeff6f7c451e0e20cdb13e0e555ae9e9c74@10.0.1.7:30303?discport=0
[DEBUG events 546447] 0x633462025cF12D347C0dF50B2114E65aa364f0a6
[DEBUG events 546448] Registered on-chain
[INFO main 547440] Removed peer: 6
[DEBUG events 551484] Updated mean
[DEBUG voting 553444] Voted successfully: 0.28 (1/1)
[INFO main 726443] Added peer: 6, enode: enode://30d53cde1764268b7a0570fa6f8f70da985448cd64780cef13fbaf7547262f63d73d9f051336c165224946dd5fbe8aeff6f7c451e0e20cdb13e0e555ae9e9c74@10.0.1.7:30303?discport=0
[INFO main 734452] Removed peer: 6
[INFO main 755486] Added peer: 7, enode: enode://234da46f3da804f36f00196308df05c2e8b64a633286f018f317c4303fba9b47ca56e71c49abe63d4ec4a0d68fd1fca3449fecee5e16e6a82c36d1947295cc34@10.0.1.8:30303?discport=0
[DEBUG events 757456] 0x633462025cF12D347C0dF50B2114E65aa364f0a6
[DEBUG events 758448] Registered on-chain
[INFO main 758485] Added peer: 1, enode: enode://8b600ab35cbc809f8797f80edae7f44f78a5403b5070154f76afbfd5a6f819680bf2827c224971078a93dad3e759da1b9a412f11282e028fba6966b378e06820@10.0.1.3:30303?discport=0
[INFO main 763444] Removed peer: 1
[DEBUG events 767442] Asked for UBI: 20
[DEBUG events 768452] Asked for payout: 160
[INFO main 769464] Removed peer: 7
[DEBUG events 779501] 0x633462025cF12D347C0dF50B2114E65aa364f0a6
[DEBUG events 780443] Registered on-chain
[INFO main 781490] Added peer: 6, enode: enode://30d53cde1764268b7a0570fa6f8f70da985448cd64780cef13fbaf7547262f63d73d9f051336c165224946dd5fbe8aeff6f7c451e0e20cdb13e0e555ae9e9c74@10.0.1.7:30303?discport=0
[INFO main 788507] Removed peer: 6
[DEBUG events 789445] Asked for UBI: 20
[DEBUG events 790489] Asked for payout: 160
[INFO main 803521] Added peer: 7, enode: enode://234da46f3da804f36f00196308df05c2e8b64a633286f018f317c4303fba9b47ca56e71c49abe63d4ec4a0d68fd1fca3449fecee5e16e6a82c36d1947295cc34@10.0.1.8:30303?discport=0
[INFO main 808482] Removed peer: 7
[DEBUG events 810543] 0x633462025cF12D347C0dF50B2114E65aa364f0a6
[DEBUG events 810543] Registered on-chain
[DEBUG events 810652] Asked for UBI: 20
[DEBUG events 810664] Asked for payout: 160
