[INFO main 27] Initialising peer buffer...
[INFO main 28] Initialising resource buffer...
[INFO main 28] Initialising TCP server...
[INFO main 28] Initialising RandB board...
[INFO main 28] Initialising ground-sensors...
[INFO main 28] Initialising random-walk...
[INFO main 909] --//-- Starting Experiment --//--
[INFO main 29742] Added resource: {"x": 0.63, "y": -1.15, "radius": 0.06, "quantity": 1, "quality": "red", "timeStamp": 0}
[INFO main 76301] Removed resource: {"x": 0.63, "y": -1.15, "radius": 0.06, "quantity": 1, "quality": "red", "timeStamp": 0}
[INFO main 85912] Added resource: {"x": 0.95, "y": -0.98, "radius": 0.05, "quantity": 1, "quality": "yellow", "timeStamp": 0}
[INFO main 134075] Added resource: {"x": 0.77, "y": -0.66, "radius": 0.05, "quantity": 1, "quality": "red", "timeStamp": 0}
[INFO main 163311] Added resource: {"x": 0.32, "y": -0.48, "radius": 0.05, "quantity": 1, "quality": "blue", "timeStamp": 0}
[INFO main 190047] Added resource: {"x": 0.81, "y": -0.8, "radius": 0.04, "quantity": 1, "quality": "green", "timeStamp": 0}
[INFO main 350448] Removed resource: {"x": 0.95, "y": -0.98, "radius": 0.05, "quantity": 1, "quality": "yellow", "timeStamp": 0}
[INFO main 370573] Added resource: {"x": 0.76, "y": -1.1, "radius": 0.05, "quantity": 1, "quality": "red", "timeStamp": 0}
[INFO main 377581] Added resource: {"x": 0.51, "y": -0.86, "radius": 0.05, "quantity": 1, "quality": "green", "timeStamp": 0}
[INFO main 476306] Removed resource: {"x": 0.32, "y": -0.48, "radius": 0.05, "quantity": 1, "quality": "blue", "timeStamp": 0}
[INFO main 520565] Removed resource: {"x": 0.51, "y": -0.86, "radius": 0.05, "quantity": 1, "quality": "green", "timeStamp": 0}
[INFO main 526365] Added resource: {"x": 0.67, "y": -1.11, "radius": 0.06, "quantity": 1, "quality": "red", "timeStamp": 0}
[INFO main 570821] Added resource: {"x": -0.55, "y": 0.39, "radius": 0.05, "quantity": 1, "quality": "yellow", "timeStamp": 0}
[INFO main 594953] Removed resource: {"x": -0.55, "y": 0.39, "radius": 0.05, "quantity": 1, "quality": "yellow", "timeStamp": 0}
