[10 INFO main 29] Initialising Python Geth Console...
[10 INFO main 33] Initialising RandB board...
[10 INFO main 33] Initialising navigation...
[10 INFO main 34] Initialising random-walk...
[10 INFO main 34] Initialising odometry...
[10 INFO main 34] Initialising ground-sensors...
[10 INFO main 629] --//-- Starting Experiment --//--
[10 INFO main 1721] Idle.IDLE -> Scout.Query | Duration: 22.18
[10 INFO main 10898] Scout.Query -> Scout.GotoCenter | Drive to others reported pos
[10 INFO main 45061] Scout.GotoCenter -> Scout.Query | return to random walk
[10 INFO main 80436] Scout.Query -> Scout.GotoCenter | Drive to others reported pos
[10 INFO main 101659] Scout.GotoCenter -> Scout.Query | return to random walk
[10 INFO main 162479] Scout.Query -> Scout.GotoCenter | Drive to others reported pos
[10 INFO main 196493] Scout.GotoCenter -> Scout.Query | return to random walk
[10 INFO main 232257] Scout.Query -> Scout.GotoCenter | Drive to others reported pos
[10 INFO main 234736] Scout.GotoCenter -> Scout.Query | return to random walk
[10 INFO main 262557] Scout.Query -> Scout.GotoCenter | Drive to others reported pos
[10 INFO main 293805] Scout.GotoCenter -> Scout.Query | return to random walk
[10 INFO main 339665] Scout.Query -> Scout.GotoCenter | Drive to others reported pos
[10 INFO main 380614] Scout.GotoCenter -> Scout.Query | return to random walk
[10 INFO main 421218] Scout.Query -> Scout.GotoCenter | Drive to others reported pos
[10 INFO main 459333] Scout.GotoCenter -> Scout.Query | return to random walk
[10 INFO main 489802] Scout.Query -> Scout.GotoCenter | Drive to others reported pos
[10 INFO main 549907] Scout.GotoCenter -> Scout.Query | return to random walk
[10 INFO main 656706] Scout.Query -> Scout.GotoCenter | Drive to others reported pos
[10 INFO main 657111] Scout.GotoCenter -> Scout.Query | return to random walk
[10 INFO main 707480] Scout.Query -> Scout.GotoCenter | Drive to others reported pos
[10 INFO main 732199] Scout.GotoCenter -> Scout.Query | return to random walk
[10 INFO main 798370] Scout.Query -> Scout.GotoCenter | Drive to others reported pos
[10 INFO main 848985] Scout.GotoCenter -> Scout.Query | return to random walk
[10 INFO main 890068] Scout.Query -> Scout.GotoCenter | Drive to others reported pos
[10 INFO main 911696] Scout.GotoCenter -> Scout.Query | return to random walk
[10 INFO main 937244] Scout.Query -> Scout.GotoCenter | Drive to others reported pos
[10 INFO main 961203] Scout.GotoCenter -> Scout.Query | return to random walk
[10 INFO main 1096806] Scout.Query -> Scout.GotoCenter | Drive to others reported pos
[10 INFO main 1133911] Scout.GotoCenter -> Scout.Query | return to random walk
[10 INFO main 1284513] Scout.Query -> Scout.GotoCenter | Drive to others reported pos
[10 INFO main 1338944] Scout.GotoCenter -> Scout.Query | return to random walk
[10 INFO main 1374618] Scout.Query -> Scout.GotoCenter | Drive to others reported pos
[10 INFO main 1442006] Scout.GotoCenter -> Scout.Query | return to random walk
