[2 INFO main 29] Initialising Python Geth Console...
[2 INFO main 34] Initialising RandB board...
[2 INFO main 34] Initialising navigation...
[2 INFO main 34] Initialising random-walk...
[2 INFO main 34] Initialising odometry...
[2 INFO main 34] Initialising ground-sensors...
[2 INFO main 945] --//-- Starting Experiment --//--
[2 INFO main 2047] Idle.IDLE -> Scout.Query | Duration: 21.89
[2 INFO main 11109] Scout.Query -> Scout.GotoCenter | Drive to others reported pos
[2 INFO main 44985] Scout.GotoCenter -> Scout.Query | return to random walk
[2 INFO main 176351] Scout.Query -> Scout.GotoCenter | Drive to others reported pos
[2 INFO main 213552] Scout.GotoCenter -> Scout.Query | return to random walk
[2 INFO main 274351] Scout.Query -> Scout.GotoCenter | Drive to others reported pos
[2 INFO main 280924] Scout.GotoCenter -> Scout.Query | return to random walk
[2 INFO main 306356] Scout.Query -> Scout.GotoCenter | Drive to others reported pos
[2 INFO main 329460] Scout.GotoCenter -> Scout.Query | return to random walk
[2 INFO main 441115] Scout.Query -> Scout.GotoCenter | Drive to others reported pos
[2 INFO main 461392] Scout.GotoCenter -> Scout.Query | return to random walk
[2 INFO main 527554] Scout.Query -> Scout.GotoCenter | Drive to others reported pos
[2 INFO main 573938] Scout.GotoCenter -> Scout.Query | return to random walk
[2 INFO main 599366] Scout.Query -> Scout.GotoCenter | Drive to others reported pos
[2 INFO main 631247] Scout.GotoCenter -> Scout.Query | return to random walk
[2 INFO main 666723] Scout.Query -> Scout.GotoCenter | Drive to others reported pos
[2 INFO main 706154] Scout.GotoCenter -> Scout.Query | return to random walk
[2 INFO main 747058] Scout.Query -> Scout.GotoCenter | Drive to others reported pos
