[15 INFO main 30] Initialising Python Geth Console...
[15 INFO main 33] Initialising RandB board...
[15 INFO main 33] Initialising navigation...
[15 INFO main 33] Initialising random-walk...
[15 INFO main 33] Initialising odometry...
[15 INFO main 33] Initialising ground-sensors...
[15 INFO main 51] --//-- Starting Experiment --//--
[15 INFO main 1149] Idle.IDLE -> Scout.Query | Duration: 23.05
[15 INFO main 49947] Confirming: 1/8
[15 INFO main 51991] Confirming: 2/8
[15 INFO main 54030] Confirming: 3/8
[15 INFO main 56166] Confirming: 4/8
[15 INFO main 58241] Confirming: 5/8
[15 INFO main 60318] Confirming: 6/8
[15 INFO main 62390] Confirming: 7/8
[15 INFO main 64393] Confirming: 8/8
[15 INFO main 66096] Scout.Query -> Scout.GotoCenter | Drive to others reported pos
[15 INFO main 188520] Scout.GotoCenter -> Scout.Query | return to random walk
[15 INFO main 231918] Confirming: 1/8
[15 INFO main 233985] Confirming: 2/8
[15 INFO main 236015] Confirming: 3/8
[15 INFO main 238027] Confirming: 4/8
[15 INFO main 240034] Confirming: 5/8
[15 INFO main 242120] Confirming: 6/8
[15 INFO main 244190] Confirming: 7/8
[15 INFO main 246221] Confirming: 8/8
[15 INFO main 476566] Scout.Query -> Scout.GotoCenter | Drive to others reported pos
[15 INFO main 579344] Scout.GotoCenter -> Scout.Query | return to random walk
[15 INFO main 614238] Confirming: 1/8
[15 INFO main 622490] Confirming: 5/8
[15 INFO main 624497] Confirming: 6/8
[15 INFO main 626610] Confirming: 8/8
[15 INFO main 640206] Scout.Query -> Scout.GotoCenter | Drive to others reported pos
[15 INFO main 686850] Scout.GotoCenter -> Scout.Query | return to random walk
[15 INFO main 705443] Confirming: 1/8
[15 INFO main 707422] Confirming: 2/8
[15 INFO main 709537] Confirming: 3/8
[15 INFO main 711567] Confirming: 4/8
[15 INFO main 713603] Confirming: 5/8
[15 INFO main 717698] Confirming: 7/8
[15 INFO main 719695] Confirming: 8/8
[15 INFO main 885052] Scout.Query -> Scout.GotoCenter | Drive to others reported pos
[15 INFO main 1111567] Scout.GotoCenter -> Scout.Query | return to random walk
[15 INFO main 1142729] Confirming: 2/8
[15 INFO main 1146858] Confirming: 3/8
[15 INFO main 1148886] Confirming: 4/8
[15 INFO main 1150982] Confirming: 6/8
[15 INFO main 1163155] Confirming: 11/8
[15 INFO main 1187513] Scout.Query -> Scout.GotoCenter | Drive to others reported pos
[15 INFO main 1193062] Scout.GotoCenter -> Scout.Query | return to random walk
[15 INFO main 1203298] Confirming: 2/8
[15 INFO main 1205391] Confirming: 3/8
[15 INFO main 1207462] Confirming: 4/8
[15 INFO main 1209509] Confirming: 5/8
[15 INFO main 1211598] Confirming: 6/8
[15 INFO main 1213663] Confirming: 7/8
[15 INFO main 1215733] Confirming: 8/8
[15 INFO main 1218558] Scout.Query -> Scout.GotoCenter | Drive to others reported pos
[15 INFO main 1346294] Scout.GotoCenter -> Scout.Query | return to random walk
[15 INFO main 1352642] Confirming: 1/8
[15 INFO main 1354634] Confirming: 2/8
[15 INFO main 1356778] Confirming: 3/8
[15 INFO main 1358867] Confirming: 5/8
[15 INFO main 1360998] Confirming: 6/8
[15 INFO main 1363330] Confirming: 7/8
[15 INFO main 1365386] Confirming: 8/8
[15 INFO main 1366768] Scout.Query -> Scout.GotoCenter | Drive to others reported pos
[15 INFO main 1526381] Scout.GotoCenter -> Scout.Query | return to random walk
[15 INFO main 1533491] Confirming: 2/8
[15 INFO main 1535769] Confirming: 3/8
[15 INFO main 1537983] Confirming: 4/8
[15 INFO main 1540269] Confirming: 5/8
[15 INFO main 1542342] Confirming: 6/8
[15 INFO main 1544411] Confirming: 7/8
[15 INFO main 1546538] Confirming: 8/8
[15 INFO main 1547290] Scout.Query -> Scout.GotoCenter | Drive to others reported pos
[15 INFO main 1626987] Scout.GotoCenter -> Scout.Query | return to random walk
[15 INFO main 1645598] Confirming: 1/8
[15 INFO main 1647634] Confirming: 2/8
[15 INFO main 1649851] Confirming: 3/8
[15 INFO main 1651947] Confirming: 4/8
[15 INFO main 1654003] Confirming: 5/8
[15 INFO main 1668686] Confirming: 9/8
[15 INFO main 2214474] Scout.Query -> Scout.GotoCenter | Drive to others reported pos
[15 INFO main 2362357] Scout.GotoCenter -> Scout.Query | return to random walk
[15 INFO main 2380954] Confirming: 1/8
[15 INFO main 2385165] Confirming: 3/8
[15 INFO main 2387286] Confirming: 4/8
[15 INFO main 2391437] Confirming: 6/8
[15 INFO main 2395882] Confirming: 8/8
[15 INFO main 2448435] Scout.Query -> Scout.GotoCenter | Drive to others reported pos
[15 INFO main 2519044] Scout.GotoCenter -> Scout.Query | return to random walk
[15 INFO main 2525247] Confirming: 2/8
[15 INFO main 2527278] Confirming: 3/8
[15 INFO main 2531414] Confirming: 5/8
[15 INFO main 2535604] Confirming: 7/8
[15 INFO main 2537694] Confirming: 8/8
[15 INFO main 2539645] Scout.Query -> Scout.GotoCenter | Drive to others reported pos
[15 INFO main 2898634] Scout.GotoCenter -> Scout.Query | return to random walk
[15 INFO main 2936205] Confirming: 1/8
[15 INFO main 2938317] Confirming: 3/8
[15 INFO main 2940378] Confirming: 4/8
[15 INFO main 2942458] Confirming: 5/8
[15 INFO main 2944485] Confirming: 6/8
[15 INFO main 2946509] Confirming: 7/8
[15 INFO main 2948546] Confirming: 8/8
[15 INFO main 2959370] Scout.Query -> Scout.GotoCenter | Drive to others reported pos
[15 INFO main 3157723] Scout.GotoCenter -> Scout.Query | return to random walk
[15 INFO main 3178323] Confirming: 1/8
[15 INFO main 3180399] Confirming: 2/8
[15 INFO main 3182431] Confirming: 3/8
[15 INFO main 3184509] Confirming: 4/8
[15 INFO main 3186478] Confirming: 5/8
[15 INFO main 3188619] Confirming: 6/8
[15 INFO main 3190954] Confirming: 7/8
[15 INFO main 3193058] Confirming: 8/8
[15 INFO main 3463863] Scout.Query -> Scout.GotoCenter | Drive to others reported pos
[15 INFO main 3533490] Scout.GotoCenter -> Scout.Query | return to random walk
[15 INFO main 3545865] Confirming: 1/8
[15 INFO main 3547919] Confirming: 2/8
[15 INFO main 3550055] Confirming: 3/8
[15 INFO main 3552095] Confirming: 4/8
[15 INFO main 3554114] Confirming: 5/8
[15 INFO main 3556146] Confirming: 6/8
[15 INFO main 3558166] Confirming: 7/8
[15 INFO main 3560198] Confirming: 8/8
[15 INFO main 3564501] Scout.Query -> Scout.GotoCenter | Drive to others reported pos
[15 INFO main 3684733] Scout.GotoCenter -> Scout.Query | return to random walk
[15 INFO main 3695494] Confirming: 1/8
[15 INFO main 3697958] Confirming: 2/8
[15 INFO main 3699883] Confirming: 3/8
[15 INFO main 3702283] Confirming: 4/8
[15 INFO main 3704365] Confirming: 5/8
[15 INFO main 3706470] Confirming: 6/8
[15 INFO main 3708863] Confirming: 8/8
[15 INFO main 4344469] Scout.Query -> Scout.GotoCenter | Drive to others reported pos
[15 INFO main 4396046] Scout.GotoCenter -> Scout.Query | return to random walk
[15 INFO main 4402190] Confirming: 1/8
[15 INFO main 4404329] Confirming: 2/8
[15 INFO main 4406345] Confirming: 3/8
[15 INFO main 4408431] Confirming: 4/8
[15 INFO main 4410514] Confirming: 5/8
[15 INFO main 4412610] Confirming: 6/8
[15 INFO main 4414654] Confirming: 7/8
[15 INFO main 4416747] Confirming: 9/8
[15 INFO main 4421587] Scout.Query -> Scout.GotoCenter | Drive to others reported pos
[15 INFO main 4457339] Scout.GotoCenter -> Scout.Query | return to random walk
[15 INFO main 4480085] Confirming: 1/8
[15 INFO main 4482055] Confirming: 2/8
[15 INFO main 4484245] Confirming: 3/8
[15 INFO main 4486306] Confirming: 4/8
[15 INFO main 4488522] Confirming: 5/8
[15 INFO main 4490571] Confirming: 6/8
[15 INFO main 4492612] Confirming: 7/8
[15 INFO main 4494654] Confirming: 8/8
[15 INFO main 4614507] Scout.Query -> Scout.GotoCenter | Drive to others reported pos
[15 INFO main 4650724] Scout.GotoCenter -> Scout.Query | return to random walk
[15 INFO main 4671449] Confirming: 1/8
[15 INFO main 4673487] Confirming: 2/8
[15 INFO main 4675609] Confirming: 3/8
[15 INFO main 4677649] Confirming: 4/8
[15 INFO main 4679710] Confirming: 5/8
[15 INFO main 4681750] Confirming: 6/8
[15 INFO main 4683743] Confirming: 7/8
[15 INFO main 4686015] Confirming: 8/8
[15 INFO main 4687030] Scout.Query -> Scout.GotoCenter | Drive to others reported pos
[15 INFO main 4949745] Scout.GotoCenter -> Scout.Query | return to random walk
[15 INFO main 4972331] Confirming: 1/8
[15 INFO main 4974530] Confirming: 2/8
[15 INFO main 4976557] Confirming: 3/8
[15 INFO main 4978698] Confirming: 4/8
[15 INFO main 4980782] Confirming: 5/8
[15 INFO main 4982831] Confirming: 6/8
[15 INFO main 4984883] Confirming: 7/8
[15 INFO main 4988983] Confirming: 9/8
[15 INFO main 4995589] Scout.Query -> Scout.GotoCenter | Drive to others reported pos
[15 INFO main 5060137] Scout.GotoCenter -> Scout.Query | return to random walk
[15 INFO main 5076862] Confirming: 1/8
[15 INFO main 5078906] Confirming: 2/8
[15 INFO main 5081006] Confirming: 4/8
[15 INFO main 5083025] Confirming: 5/8
[15 INFO main 5085046] Confirming: 6/8
[15 INFO main 5089094] Confirming: 8/8
[15 INFO main 5090848] Scout.Query -> Scout.GotoCenter | Drive to others reported pos
[15 INFO main 5168725] Scout.GotoCenter -> Scout.Query | return to random walk
[15 INFO main 5185898] Confirming: 1/8
[15 INFO main 5188138] Confirming: 2/8
[15 INFO main 5190153] Confirming: 3/8
[15 INFO main 5192346] Confirming: 4/8
[15 INFO main 5194397] Confirming: 5/8
[15 INFO main 5196651] Confirming: 6/8
[15 INFO main 5198778] Confirming: 8/8
[15 INFO main 5199194] Scout.Query -> Scout.GotoCenter | Drive to others reported pos
[15 INFO main 5449601] Scout.GotoCenter -> Scout.Query | return to random walk
[15 INFO main 5456253] Confirming: 1/8
[15 INFO main 5460465] Confirming: 3/8
[15 INFO main 5462621] Confirming: 4/8
[15 INFO main 5465282] Confirming: 5/8
[15 INFO main 5467358] Confirming: 6/8
[15 INFO main 5469407] Confirming: 7/8
[15 INFO main 5471438] Confirming: 8/8
[15 INFO main 5475624] Scout.Query -> Scout.GotoCenter | Drive to others reported pos
[15 INFO main 5502642] Scout.GotoCenter -> Scout.Query | return to random walk
[15 INFO main 5515562] Confirming: 2/8
[15 INFO main 5525819] Confirming: 3/8
[15 INFO main 5527841] Confirming: 4/8
[15 INFO main 5529910] Confirming: 6/8
[15 INFO main 5534092] Confirming: 7/8
[15 INFO main 5536090] Confirming: 9/8
[15 INFO main 5542471] Scout.Query -> Scout.GotoCenter | Drive to others reported pos
[15 INFO main 5597828] Scout.GotoCenter -> Scout.Query | return to random walk
[15 INFO main 5616706] Confirming: 1/8
[15 INFO main 5618709] Confirming: 2/8
[15 INFO main 5620758] Confirming: 3/8
[15 INFO main 5622809] Confirming: 4/8
[15 INFO main 5624867] Confirming: 5/8
[15 INFO main 5626871] Confirming: 6/8
[15 INFO main 5628918] Confirming: 7/8
[15 INFO main 5630972] Confirming: 8/8
[15 INFO main 5633925] Scout.Query -> Scout.GotoCenter | Drive to others reported pos
[15 INFO main 5635571] Scout.GotoCenter -> Scout.Query | return to random walk
[15 INFO main 5645958] Confirming: 1/8
[15 INFO main 5647986] Confirming: 2/8
[15 INFO main 5650026] Confirming: 3/8
[15 INFO main 5652126] Confirming: 4/8
[15 INFO main 5654222] Confirming: 5/8
[15 INFO main 5656394] Confirming: 6/8
[15 INFO main 5658475] Confirming: 7/8
[15 INFO main 5660558] Confirming: 8/8
[15 INFO main 6912782] Scout.Query -> Scout.GotoCenter | Drive to others reported pos
[15 INFO main 6934650] Scout.GotoCenter -> Scout.Query | return to random walk
[15 INFO main 6959474] Confirming: 1/8
[15 INFO main 6961545] Confirming: 2/8
[15 INFO main 6963638] Confirming: 3/8
[15 INFO main 6965638] Confirming: 4/8
[15 INFO main 6967702] Confirming: 5/8
[15 INFO main 6969770] Confirming: 6/8
[15 INFO main 6971797] Confirming: 7/8
[15 INFO main 6973826] Confirming: 8/8
[15 INFO main 6975349] Scout.Query -> Scout.GotoCenter | Drive to others reported pos
[15 INFO main 7052675] Scout.GotoCenter -> Scout.Query | return to random walk
[15 INFO main 7079470] Confirming: 1/8
[15 INFO main 7083590] Confirming: 3/8
[15 INFO main 7085651] Confirming: 4/8
[15 INFO main 7087730] Confirming: 5/8
[15 INFO main 7089746] Confirming: 6/8
[15 INFO main 7091814] Confirming: 7/8
[15 INFO main 7093886] Confirming: 8/8
[15 INFO main 7094193] Scout.Query -> Scout.GotoCenter | Drive to others reported pos
