[9 INFO main 51] Initialising Python Geth Console...
[9 INFO main 56] Initialising RandB board...
[9 INFO main 56] Initialising navigation...
[9 INFO main 56] Initialising random-walk...
[9 INFO main 56] Initialising odometry...
[9 INFO main 56] Initialising ground-sensors...
[9 INFO main 492] --//-- Starting Experiment --//--
[9 INFO main 1925] Idle.IDLE -> Scout.Query | Duration: 31.84
[9 INFO main 18558] Scout.Query -> Verify.DriveTo | Go to unverified source
[9 INFO main 48040] Verify.DriveTo -> Verify.Homing | Homing
[9 INFO main 58376] Confirming: 1/9
[9 INFO main 60376] Confirming: 2/9
[9 INFO main 61029] Verify.Homing -> Scout.Query | Arrived home
[9 INFO main 64511] Confirming: 3/9
[9 INFO main 66606] Confirming: 4/9
[9 INFO main 68620] Confirming: 6/9
[9 INFO main 70700] Confirming: 7/9
[9 INFO main 72785] Confirming: 8/9
[9 INFO main 74845] Confirming: 9/9
[9 INFO main 83416] Scout.Query -> Verify.DriveTo | Go to unverified source
[9 INFO main 134736] Verify.DriveTo -> Verify.Homing | Homing
[9 INFO main 149719] Confirming: 1/9
[9 INFO main 151782] Confirming: 2/9
[9 INFO main 153839] Confirming: 3/9
[9 INFO main 155876] Confirming: 4/9
[9 INFO main 157913] Confirming: 5/9
[9 INFO main 159992] Confirming: 6/9
[9 INFO main 162053] Confirming: 7/9
[9 INFO main 163527] Verify.Homing -> Scout.Query | Arrived home
[9 INFO main 164086] Confirming: 9/9
[9 INFO main 164729] Scout.Query -> Verify.DriveTo | Go to unverified source
[9 INFO main 229642] Verify.DriveTo -> Verify.Homing | Homing
[9 INFO main 238509] Confirming: 1/9
[9 INFO main 240594] Confirming: 2/9
[9 INFO main 243159] Confirming: 3/9
[9 INFO main 245208] Confirming: 4/9
[9 INFO main 247279] Confirming: 5/9
[9 INFO main 249290] Confirming: 6/9
[9 INFO main 251442] Confirming: 7/9
[9 INFO main 253480] Confirming: 8/9
[9 INFO main 255527] Confirming: 9/9
[9 INFO main 265984] Verify.Homing -> Scout.Query | Arrived home
[9 INFO main 266218] Scout.Query -> Verify.DriveTo | Go to unverified source
[9 INFO main 301601] Verify.DriveTo -> Verify.Homing | Homing
[9 INFO main 317685] Verify.Homing -> Scout.Query | Arrived home
[9 INFO main 328777] Confirming: 1/9
[9 INFO main 330747] Confirming: 2/9
[9 INFO main 332856] Confirming: 3/9
[9 INFO main 334936] Confirming: 4/9
[9 INFO main 337019] Confirming: 5/9
[9 INFO main 339101] Confirming: 6/9
[9 INFO main 341100] Confirming: 7/9
[9 INFO main 343197] Confirming: 8/9
[9 INFO main 345254] Confirming: 9/9
[9 INFO main 345582] Scout.Query -> Verify.DriveTo | Go to unverified source
[9 INFO main 348082] Verify.DriveTo -> Verify.Homing | Homing
[9 INFO main 358539] Confirming: 1/9
[9 INFO main 360339] Verify.Homing -> Scout.Query | Arrived home
[9 INFO main 360545] Confirming: 2/9
[9 INFO main 362620] Confirming: 3/9
[9 INFO main 364689] Confirming: 4/9
[9 INFO main 366708] Confirming: 5/9
[9 INFO main 368778] Confirming: 6/9
[9 INFO main 370700] Confirming: 7/9
[9 INFO main 373033] Confirming: 8/9
[9 INFO main 375241] Confirming: 9/9
[9 INFO main 375321] Scout.Query -> Verify.DriveTo | Go to unverified source
[9 INFO main 478607] Verify.DriveTo -> Verify.Homing | Homing
[9 INFO main 508521] Confirming: 1/9
[9 INFO main 510646] Confirming: 2/9
[9 INFO main 512675] Confirming: 3/9
[9 INFO main 513359] Verify.Homing -> Scout.Query | Arrived home
[9 INFO main 514884] Confirming: 4/9
[9 INFO main 516907] Confirming: 5/9
[9 INFO main 518905] Confirming: 6/9
[9 INFO main 520975] Confirming: 7/9
[9 INFO main 523066] Confirming: 8/9
[9 INFO main 525121] Confirming: 9/9
[9 INFO main 525158] Scout.Query -> Verify.DriveTo | Go to unverified source
[9 INFO main 597660] Verify.DriveTo -> Verify.Homing | Homing
[9 INFO main 616235] Confirming: 1/9
[9 INFO main 618312] Confirming: 2/9
[9 INFO main 620377] Confirming: 4/9
[9 INFO main 622603] Confirming: 5/9
[9 INFO main 624664] Confirming: 6/9
[9 INFO main 626696] Confirming: 7/9
[9 INFO main 628747] Confirming: 8/9
[9 INFO main 629750] Verify.Homing -> Scout.Query | Arrived home
[9 INFO main 630776] Confirming: 9/9
[9 INFO main 630929] Scout.Query -> Verify.DriveTo | Go to unverified source
[9 INFO main 696614] Verify.DriveTo -> Verify.Homing | Homing
[9 INFO main 709008] Confirming: 1/9
[9 INFO main 711089] Confirming: 2/9
[9 INFO main 713090] Confirming: 4/9
[9 INFO main 715350] Confirming: 5/9
[9 INFO main 717434] Confirming: 6/9
[9 INFO main 719550] Confirming: 7/9
[9 INFO main 721635] Confirming: 8/9
[9 INFO main 723484] Verify.Homing -> Scout.Query | Arrived home
[9 INFO main 723686] Confirming: 9/9
[9 INFO main 723717] Scout.Query -> Verify.DriveTo | Go to unverified source
[9 INFO main 812500] Verify.DriveTo -> Verify.Homing | Homing
[9 INFO main 820787] Confirming: 1/9
[9 INFO main 822887] Confirming: 2/9
[9 INFO main 824939] Confirming: 3/9
[9 INFO main 826944] Confirming: 4/9
[9 INFO main 829019] Confirming: 5/9
[9 INFO main 831084] Confirming: 6/9
[9 INFO main 833177] Confirming: 7/9
[9 INFO main 835149] Confirming: 9/9
[9 INFO main 838542] Verify.Homing -> Scout.Query | Arrived home
[9 INFO main 838575] Scout.Query -> Verify.DriveTo | Go to unverified source
[9 INFO main 874756] Verify.DriveTo -> Verify.Homing | Homing
[9 INFO main 897271] Verify.Homing -> Scout.Query | Arrived home
[9 INFO main 899633] Confirming: 1/9
[9 INFO main 901687] Confirming: 2/9
[9 INFO main 903703] Confirming: 3/9
[9 INFO main 905735] Confirming: 4/9
[9 INFO main 907742] Confirming: 5/9
[9 INFO main 909772] Confirming: 6/9
[9 INFO main 911783] Confirming: 7/9
[9 INFO main 913945] Confirming: 8/9
[9 INFO main 915963] Confirming: 9/9
[9 INFO main 916126] Scout.Query -> Verify.DriveTo | Go to unverified source
[9 INFO main 947185] Verify.DriveTo -> Verify.Homing | Homing
[9 INFO main 960123] Confirming: 1/9
[9 INFO main 962133] Confirming: 2/9
[9 INFO main 963008] Verify.Homing -> Scout.Query | Arrived home
[9 INFO main 964230] Confirming: 3/9
[9 INFO main 966403] Confirming: 4/9
[9 INFO main 968414] Confirming: 5/9
[9 INFO main 970530] Confirming: 6/9
[9 INFO main 972628] Confirming: 7/9
[9 INFO main 974706] Confirming: 8/9
[9 INFO main 976709] Confirming: 9/9
[9 INFO main 977177] Scout.Query -> Verify.DriveTo | Go to unverified source
[9 INFO main 1008336] Verify.DriveTo -> Verify.Homing | Homing
[9 INFO main 1020979] Confirming: 1/9
[9 INFO main 1023047] Confirming: 2/9
[9 INFO main 1025117] Confirming: 4/9
[9 INFO main 1027186] Confirming: 5/9
[9 INFO main 1029277] Confirming: 6/9
[9 INFO main 1031316] Confirming: 7/9
[9 INFO main 1033318] Confirming: 8/9
[9 INFO main 1035376] Confirming: 9/9
[9 INFO main 1036231] Verify.Homing -> Scout.Query | Arrived home
[9 INFO main 1036417] Scout.Query -> Verify.DriveTo | Go to unverified source
[9 INFO main 1085037] Verify.DriveTo -> Verify.Homing | Homing
[9 INFO main 1110009] Confirming: 1/9
[9 INFO main 1111800] Verify.Homing -> Scout.Query | Arrived home
[9 INFO main 1112015] Confirming: 2/9
[9 INFO main 1114113] Confirming: 3/9
[9 INFO main 1116201] Confirming: 4/9
[9 INFO main 1118238] Confirming: 5/9
[9 INFO main 1120332] Confirming: 6/9
[9 INFO main 1122329] Confirming: 7/9
[9 INFO main 1124405] Confirming: 8/9
[9 INFO main 1126491] Confirming: 9/9
[9 INFO main 1127347] Scout.Query -> Verify.DriveTo | Go to unverified source
[9 INFO main 1176804] Verify.DriveTo -> Verify.Homing | Homing
[9 INFO main 1199191] Verify.Homing -> Scout.Query | Arrived home
[9 INFO main 1200201] Confirming: 1/9
[9 INFO main 1202285] Confirming: 2/9
[9 INFO main 1204330] Confirming: 3/9
[9 INFO main 1206435] Confirming: 4/9
[9 INFO main 1208523] Confirming: 5/9
[9 INFO main 1210574] Confirming: 6/9
[9 INFO main 1212596] Confirming: 7/9
[9 INFO main 1214697] Confirming: 8/9
[9 INFO main 1216721] Confirming: 9/9
[9 INFO main 1217482] Scout.Query -> Verify.DriveTo | Go to unverified source
[9 INFO main 1244352] Verify.DriveTo -> Verify.Homing | Homing
[9 INFO main 1260912] Confirming: 1/9
[9 INFO main 1262919] Confirming: 2/9
[9 INFO main 1264970] Confirming: 3/9
[9 INFO main 1267141] Confirming: 5/9
[9 INFO main 1269389] Confirming: 6/9
[9 INFO main 1271407] Confirming: 7/9
[9 INFO main 1273028] Verify.Homing -> Scout.Query | Arrived home
[9 INFO main 1273911] Confirming: 8/9
[9 INFO main 1275990] Confirming: 9/9
[9 INFO main 1276496] Scout.Query -> Verify.DriveTo | Go to unverified source
[9 INFO main 1307136] Verify.DriveTo -> Verify.Homing | Homing
[9 INFO main 1317081] Verify.Homing -> Scout.Query | Arrived home
[9 INFO main 1334364] Confirming: 2/9
[9 INFO main 1336359] Confirming: 3/9
[9 INFO main 1338373] Confirming: 4/9
[9 INFO main 1340394] Confirming: 5/9
[9 INFO main 1342423] Confirming: 6/9
[9 INFO main 1344467] Confirming: 7/9
[9 INFO main 1348503] Confirming: 9/9
[9 INFO main 1349668] Scout.Query -> Verify.DriveTo | Go to unverified source
[9 INFO main 1359643] Verify.DriveTo -> Verify.Homing | Homing
[9 INFO main 1378599] Verify.Homing -> Scout.Query | Arrived home
[9 INFO main 1380547] Confirming: 1/9
[9 INFO main 1382555] Confirming: 2/9
[9 INFO main 1384602] Confirming: 3/9
[9 INFO main 1386670] Confirming: 4/9
[9 INFO main 1388842] Confirming: 5/9
[9 INFO main 1390886] Confirming: 6/9
[9 INFO main 1392993] Confirming: 7/9
[9 INFO main 1395204] Confirming: 8/9
[9 INFO main 1397178] Confirming: 9/9
[9 INFO main 1397514] Scout.Query -> Verify.DriveTo | Go to unverified source
[9 INFO main 1438294] Verify.DriveTo -> Verify.Homing | Homing
[9 INFO main 1459624] Verify.Homing -> Scout.Query | Arrived home
[9 INFO main 1471872] Confirming: 1/9
[9 INFO main 1473915] Confirming: 2/9
[9 INFO main 1475944] Confirming: 3/9
[9 INFO main 1478033] Confirming: 4/9
[9 INFO main 1480046] Confirming: 5/9
[9 INFO main 1482097] Confirming: 6/9
[9 INFO main 1486228] Confirming: 8/9
[9 INFO main 1488312] Confirming: 9/9
[9 INFO main 1488940] Scout.Query -> Verify.DriveTo | Go to unverified source
[9 INFO main 1528488] Verify.DriveTo -> Verify.Homing | Homing
[9 INFO main 1545471] Verify.Homing -> Scout.Query | Arrived home
[9 INFO main 1561781] Confirming: 1/9
[9 INFO main 1563831] Confirming: 2/9
[9 INFO main 1565895] Confirming: 3/9
[9 INFO main 1567913] Confirming: 4/9
[9 INFO main 1569928] Confirming: 5/9
[9 INFO main 1571965] Confirming: 6/9
[9 INFO main 1574019] Confirming: 7/9
[9 INFO main 1578099] Confirming: 9/9
[9 INFO main 1587852] Scout.Query -> Verify.DriveTo | Go to unverified source
[9 INFO main 1652653] Verify.DriveTo -> Verify.Homing | Homing
[9 INFO main 1675907] Verify.Homing -> Scout.Query | Arrived home
[9 INFO main 1681868] Confirming: 1/9
[9 INFO main 1683924] Confirming: 2/9
[9 INFO main 1686067] Confirming: 3/9
[9 INFO main 1688156] Confirming: 4/9
[9 INFO main 1690180] Confirming: 5/9
[9 INFO main 1692237] Confirming: 6/9
[9 INFO main 1694286] Confirming: 7/9
[9 INFO main 1696335] Confirming: 8/9
[9 INFO main 1700507] Confirming: 10/9
[9 INFO main 1700551] Scout.Query -> Verify.DriveTo | Go to unverified source
[9 INFO main 1753721] Verify.DriveTo -> Verify.Homing | Homing
[9 INFO main 1772623] Confirming: 1/9
[9 INFO main 1775027] Confirming: 2/9
[9 INFO main 1777063] Confirming: 3/9
[9 INFO main 1779116] Confirming: 5/9
[9 INFO main 1781130] Confirming: 6/9
[9 INFO main 1783307] Confirming: 7/9
[9 INFO main 1783487] Verify.Homing -> Scout.Query | Arrived home
[9 INFO main 1785508] Confirming: 8/9
[9 INFO main 1787605] Confirming: 9/9
[9 INFO main 1787868] Scout.Query -> Verify.DriveTo | Go to unverified source
