[8 INFO main 52] Initialising Python Geth Console...
[8 INFO main 57] Initialising RandB board...
[8 INFO main 57] Initialising navigation...
[8 INFO main 57] Initialising random-walk...
[8 INFO main 57] Initialising odometry...
[8 INFO main 57] Initialising ground-sensors...
[8 INFO main 682] --//-- Starting Experiment --//--
[8 INFO main 2091] Idle.IDLE -> Scout.Query | Duration: 30.07
[8 INFO main 67809] Scout.Query -> Verify.DriveTo | Go to unverified source
[8 INFO main 142788] Verify.DriveTo -> Verify.Homing | Homing
[8 INFO main 157459] Confirming: 1/9
[8 INFO main 159463] Confirming: 2/9
[8 INFO main 161524] Confirming: 3/9
[8 INFO main 165678] Confirming: 5/9
[8 INFO main 167545] Verify.Homing -> Scout.Query | Arrived home
[8 INFO main 167748] Confirming: 6/9
[8 INFO main 169900] Confirming: 7/9
[8 INFO main 171983] Confirming: 8/9
[8 INFO main 174031] Confirming: 10/9
[8 INFO main 174062] Scout.Query -> Verify.DriveTo | Go to unverified source
[8 INFO main 189569] Verify.DriveTo -> Verify.Homing | Homing
[8 INFO main 200569] Verify.Homing -> Scout.Query | Arrived home
[8 INFO main 216702] Confirming: 1/9
[8 INFO main 218808] Confirming: 2/9
[8 INFO main 220827] Confirming: 3/9
[8 INFO main 222866] Confirming: 4/9
[8 INFO main 224950] Confirming: 5/9
[8 INFO main 227000] Confirming: 6/9
[8 INFO main 229056] Confirming: 7/9
[8 INFO main 231051] Confirming: 8/9
[8 INFO main 233121] Confirming: 9/9
[8 INFO main 233125] Scout.Query -> Scout.PrepSend | Homing
[8 INFO main 233202] Scout.PrepSend -> Verify.Homing | Homing
[8 INFO main 239440] Confirming: 1/9
[8 INFO main 241577] Confirming: 2/9
[8 INFO main 243580] Confirming: 3/9
[8 INFO main 245644] Confirming: 4/9
[8 INFO main 247659] Confirming: 5/9
[8 INFO main 249744] Confirming: 6/9
[8 INFO main 251089] Verify.Homing -> Scout.Query | Arrived home
[8 INFO main 251782] Confirming: 8/9
[8 INFO main 253867] Confirming: 9/9
[8 INFO main 253899] Scout.Query -> Verify.DriveTo | Go to unverified source
[8 INFO main 291662] Verify.DriveTo -> Verify.Homing | Homing
[8 INFO main 311815] Verify.Homing -> Scout.Query | Arrived home
[8 INFO main 330828] Confirming: 1/9
[8 INFO main 332953] Confirming: 2/9
[8 INFO main 335040] Confirming: 3/9
[8 INFO main 337045] Confirming: 4/9
[8 INFO main 339120] Confirming: 5/9
[8 INFO main 341172] Confirming: 6/9
[8 INFO main 343216] Confirming: 7/9
[8 INFO main 345284] Confirming: 8/9
[8 INFO main 347328] Confirming: 9/9
[8 INFO main 347681] Scout.Query -> Verify.DriveTo | Go to unverified source
[8 INFO main 379439] Verify.DriveTo -> Verify.Homing | Homing
[8 INFO main 393057] Verify.Homing -> Scout.Query | Arrived home
[8 INFO main 398267] Confirming: 2/9
[8 INFO main 402484] Confirming: 4/9
[8 INFO main 406524] Confirming: 5/9
[8 INFO main 408674] Confirming: 6/9
[8 INFO main 410750] Confirming: 8/9
[8 INFO main 414911] Confirming: 10/9
[8 INFO main 415276] Scout.Query -> Verify.DriveTo | Go to unverified source
[8 INFO main 442603] Verify.DriveTo -> Verify.Homing | Homing
[8 INFO main 457649] Confirming: 1/9
[8 INFO main 459820] Confirming: 2/9
[8 INFO main 461841] Confirming: 3/9
[8 INFO main 464163] Confirming: 4/9
[8 INFO main 466188] Confirming: 5/9
[8 INFO main 468193] Confirming: 6/9
[8 INFO main 470281] Confirming: 7/9
[8 INFO main 472106] Verify.Homing -> Scout.Query | Arrived home
[8 INFO main 472318] Confirming: 8/9
[8 INFO main 474462] Confirming: 9/9
[8 INFO main 474545] Scout.Query -> Verify.DriveTo | Go to unverified source
[8 INFO main 500595] Verify.DriveTo -> Verify.Homing | Homing
[8 INFO main 517384] Confirming: 1/9
[8 INFO main 519021] Verify.Homing -> Scout.Query | Arrived home
[8 INFO main 519469] Confirming: 2/9
[8 INFO main 521483] Confirming: 3/9
[8 INFO main 523525] Confirming: 4/9
[8 INFO main 525611] Confirming: 5/9
[8 INFO main 527530] Confirming: 6/9
[8 INFO main 529620] Confirming: 7/9
[8 INFO main 531762] Confirming: 8/9
[8 INFO main 533828] Confirming: 9/9
[8 INFO main 534828] Scout.Query -> Verify.DriveTo | Go to unverified source
[8 INFO main 584890] Verify.DriveTo -> Verify.Homing | Homing
[8 INFO main 607924] Confirming: 1/9
[8 INFO main 610036] Confirming: 2/9
[8 INFO main 612041] Confirming: 3/9
[8 INFO main 614100] Confirming: 4/9
[8 INFO main 616124] Confirming: 5/9
[8 INFO main 618176] Confirming: 6/9
[8 INFO main 620180] Confirming: 7/9
[8 INFO main 622364] Confirming: 8/9
[8 INFO main 622855] Verify.Homing -> Scout.Query | Arrived home
[8 INFO main 624377] Confirming: 9/9
[8 INFO main 624469] Scout.Query -> Verify.DriveTo | Go to unverified source
[8 INFO main 652309] Verify.DriveTo -> Verify.Homing | Homing
[8 INFO main 676529] Verify.Homing -> Scout.Query | Arrived home
[8 INFO main 698054] Confirming: 1/9
[8 INFO main 700088] Confirming: 2/9
[8 INFO main 702178] Confirming: 3/9
[8 INFO main 704272] Confirming: 4/9
[8 INFO main 706690] Confirming: 6/9
[8 INFO main 708871] Confirming: 7/9
[8 INFO main 710961] Confirming: 8/9
[8 INFO main 713105] Confirming: 9/9
[8 INFO main 713552] Scout.Query -> Verify.DriveTo | Go to unverified source
[8 INFO main 752268] Verify.DriveTo -> Verify.Homing | Homing
[8 INFO main 758892] Confirming: 2/9
[8 INFO main 760938] Confirming: 3/9
[8 INFO main 763024] Confirming: 4/9
[8 INFO main 765080] Confirming: 5/9
[8 INFO main 767123] Confirming: 6/9
[8 INFO main 769131] Confirming: 7/9
[8 INFO main 771217] Confirming: 8/9
[8 INFO main 773339] Confirming: 9/9
[8 INFO main 787102] Verify.Homing -> Scout.Query | Arrived home
[8 INFO main 787239] Scout.Query -> Verify.DriveTo | Go to unverified source
[8 INFO main 935145] Verify.DriveTo -> Verify.Homing | Homing
[8 INFO main 955760] Confirming: 1/9
[8 INFO main 957796] Confirming: 2/9
[8 INFO main 959838] Confirming: 3/9
[8 INFO main 961916] Confirming: 4/9
[8 INFO main 963939] Confirming: 5/9
[8 INFO main 966005] Confirming: 6/9
[8 INFO main 968081] Confirming: 7/9
[8 INFO main 970161] Confirming: 8/9
[8 INFO main 972238] Confirming: 9/9
[8 INFO main 987442] Verify.Homing -> Scout.Query | Arrived home
[8 INFO main 987687] Scout.Query -> Verify.DriveTo | Go to unverified source
[8 INFO main 1031918] Verify.DriveTo -> Verify.Homing | Homing
[8 INFO main 1056971] Confirming: 1/9
[8 INFO main 1058993] Confirming: 2/9
[8 INFO main 1061040] Confirming: 3/9
[8 INFO main 1063157] Confirming: 4/9
[8 INFO main 1065169] Confirming: 5/9
[8 INFO main 1067196] Confirming: 6/9
[8 INFO main 1069252] Confirming: 7/9
[8 INFO main 1071356] Confirming: 8/9
[8 INFO main 1073419] Confirming: 9/9
[8 INFO main 1073651] Verify.Homing -> Scout.Query | Arrived home
[8 INFO main 1073781] Scout.Query -> Verify.DriveTo | Go to unverified source
[8 INFO main 1194654] Verify.DriveTo -> Verify.Homing | Homing
[8 INFO main 1207277] Confirming: 1/9
[8 INFO main 1209300] Confirming: 2/9
[8 INFO main 1211405] Confirming: 3/9
[8 INFO main 1213414] Confirming: 4/9
[8 INFO main 1215416] Confirming: 5/9
[8 INFO main 1217477] Confirming: 6/9
[8 INFO main 1219511] Confirming: 7/9
[8 INFO main 1220897] Verify.Homing -> Scout.Query | Arrived home
[8 INFO main 1221677] Confirming: 8/9
[8 INFO main 1223696] Confirming: 9/9
[8 INFO main 1224255] Scout.Query -> Verify.DriveTo | Go to unverified source
[8 INFO main 1299259] Verify.DriveTo -> Verify.Homing | Homing
[8 INFO main 1319059] Verify.Homing -> Scout.Query | Arrived home
[8 INFO main 1326914] Confirming: 1/9
[8 INFO main 1328928] Confirming: 2/9
[8 INFO main 1330949] Confirming: 3/9
[8 INFO main 1333046] Confirming: 4/9
[8 INFO main 1335077] Confirming: 5/9
[8 INFO main 1337159] Confirming: 6/9
[8 INFO main 1339264] Confirming: 7/9
[8 INFO main 1341300] Confirming: 8/9
[8 INFO main 1343310] Confirming: 9/9
[8 INFO main 1343875] Scout.Query -> Verify.DriveTo | Go to unverified source
[8 INFO main 1392934] Verify.DriveTo -> Verify.Homing | Homing
[8 INFO main 1417757] Confirming: 1/9
[8 INFO main 1419764] Confirming: 2/9
[8 INFO main 1419764] Verify.Homing -> Scout.Query | Arrived home
[8 INFO main 1421788] Confirming: 3/9
[8 INFO main 1423863] Confirming: 4/9
[8 INFO main 1425906] Confirming: 5/9
[8 INFO main 1427993] Confirming: 6/9
[8 INFO main 1430072] Confirming: 7/9
[8 INFO main 1432099] Confirming: 8/9
[8 INFO main 1434148] Confirming: 9/9
[8 INFO main 1434897] Scout.Query -> Verify.DriveTo | Go to unverified source
[8 INFO main 1466943] Verify.DriveTo -> Verify.Homing | Homing
[8 INFO main 1477757] Confirming: 1/9
[8 INFO main 1479819] Confirming: 2/9
[8 INFO main 1481895] Confirming: 3/9
[8 INFO main 1483936] Confirming: 4/9
[8 INFO main 1484737] Verify.Homing -> Scout.Query | Arrived home
[8 INFO main 1486009] Confirming: 5/9
[8 INFO main 1488050] Confirming: 6/9
[8 INFO main 1490167] Confirming: 7/9
[8 INFO main 1492185] Confirming: 8/9
[8 INFO main 1494257] Confirming: 9/9
[8 INFO main 1501791] Scout.Query -> Verify.DriveTo | Go to unverified source
[8 INFO main 1549474] Verify.DriveTo -> Verify.Homing | Homing
[8 INFO main 1568259] Confirming: 1/9
[8 INFO main 1570231] Confirming: 2/9
[8 INFO main 1572363] Confirming: 3/9
[8 INFO main 1574372] Confirming: 4/9
[8 INFO main 1576432] Confirming: 5/9
[8 INFO main 1578539] Confirming: 6/9
[8 INFO main 1580564] Confirming: 7/9
[8 INFO main 1582677] Confirming: 8/9
[8 INFO main 1584714] Confirming: 10/9
[8 INFO main 1590504] Verify.Homing -> Scout.Query | Arrived home
[8 INFO main 1590637] Scout.Query -> Verify.DriveTo | Go to unverified source
[8 INFO main 1649460] Verify.DriveTo -> Verify.Homing | Homing
[8 INFO main 1658293] Confirming: 1/9
[8 INFO main 1660404] Confirming: 2/9
[8 INFO main 1662494] Confirming: 3/9
[8 INFO main 1664513] Confirming: 4/9
[8 INFO main 1666569] Confirming: 5/9
[8 INFO main 1668659] Confirming: 6/9
[8 INFO main 1670756] Confirming: 7/9
[8 INFO main 1672793] Confirming: 9/9
[8 INFO main 1702026] Verify.Homing -> Scout.Query | Arrived home
[8 INFO main 1702167] Scout.Query -> Verify.DriveTo | Go to unverified source
[8 INFO main 1791611] Verify.DriveTo -> Verify.Homing | Homing
