[2 INFO main 31] Initialising Python Geth Console...
[2 INFO main 35] Initialising RandB board...
[2 INFO main 35] Initialising navigation...
[2 INFO main 36] Initialising random-walk...
[2 INFO main 36] Initialising odometry...
[2 INFO main 36] Initialising ground-sensors...
[2 INFO main 986] --//-- Starting Experiment --//--
[2 INFO main 2092] Idle.IDLE -> Scout.Query | Duration: 20.84
[2 INFO main 17410] Scout.Query -> Scout.GotoCenter | Drive to others reported pos
[2 INFO main 21614] Scout.GotoCenter -> Scout.Query | return to random walk
[2 INFO main 22416] Scout.Query -> Scout.GotoCenter | Drive to others reported pos
[2 INFO main 23115] Scout.GotoCenter -> Scout.Query | return to random walk
[2 INFO main 23419] Scout.Query -> Scout.GotoCenter | Drive to others reported pos
[2 INFO main 23615] Scout.GotoCenter -> Scout.Query | return to random walk
[2 INFO main 24519] Scout.Query -> Scout.GotoCenter | Drive to others reported pos
[2 INFO main 24718] Scout.GotoCenter -> Scout.Query | return to random walk
[2 INFO main 25519] Scout.Query -> Scout.GotoCenter | Drive to others reported pos
[2 INFO main 25919] Scout.GotoCenter -> Scout.Query | return to random walk
[2 INFO main 26521] Scout.Query -> Scout.GotoCenter | Drive to others reported pos
[2 INFO main 26620] Scout.GotoCenter -> Scout.Query | return to random walk
[2 INFO main 27522] Scout.Query -> Scout.GotoCenter | Drive to others reported pos
[2 INFO main 27621] Scout.GotoCenter -> Scout.Query | return to random walk
[2 INFO main 28523] Scout.Query -> Scout.GotoCenter | Drive to others reported pos
[2 INFO main 28622] Scout.GotoCenter -> Scout.Query | return to random walk
[2 INFO main 29525] Scout.Query -> Scout.GotoCenter | Drive to others reported pos
[2 INFO main 29624] Scout.GotoCenter -> Scout.Query | return to random walk
[2 INFO main 30526] Scout.Query -> Scout.GotoCenter | Drive to others reported pos
[2 INFO main 31126] Scout.GotoCenter -> Scout.Query | return to random walk
[2 INFO main 31528] Scout.Query -> Scout.GotoCenter | Drive to others reported pos
[2 INFO main 32029] Scout.GotoCenter -> Scout.Query | return to random walk
[2 INFO main 32529] Scout.Query -> Scout.GotoCenter | Drive to others reported pos
[2 INFO main 32729] Scout.GotoCenter -> Scout.Query | return to random walk
[2 INFO main 33531] Scout.Query -> Scout.GotoCenter | Drive to others reported pos
[2 INFO main 33830] Scout.GotoCenter -> Scout.Query | return to random walk
[2 INFO main 34532] Scout.Query -> Scout.GotoCenter | Drive to others reported pos
[2 INFO main 34732] Scout.GotoCenter -> Scout.Query | return to random walk
[2 INFO main 35533] Scout.Query -> Scout.GotoCenter | Drive to others reported pos
[2 INFO main 35632] Scout.GotoCenter -> Scout.Query | return to random walk
[2 INFO main 36633] Scout.Query -> Scout.GotoCenter | Drive to others reported pos
[2 INFO main 36733] Scout.GotoCenter -> Scout.Query | return to random walk
[2 INFO main 37635] Scout.Query -> Scout.GotoCenter | Drive to others reported pos
[2 INFO main 38136] Scout.GotoCenter -> Scout.Query | return to random walk
[2 INFO main 38636] Scout.Query -> Scout.GotoCenter | Drive to others reported pos
[2 INFO main 39238] Scout.GotoCenter -> Scout.Query | return to random walk
[2 INFO main 39638] Scout.Query -> Scout.GotoCenter | Drive to others reported pos
[2 INFO main 39838] Scout.GotoCenter -> Scout.Query | return to random walk
[2 INFO main 40639] Scout.Query -> Scout.GotoCenter | Drive to others reported pos
[2 INFO main 40741] Scout.GotoCenter -> Scout.Query | return to random walk
[2 INFO main 41641] Scout.Query -> Scout.GotoCenter | Drive to others reported pos
[2 INFO main 42242] Scout.GotoCenter -> Scout.Query | return to random walk
[2 INFO main 42641] Scout.Query -> Scout.GotoCenter | Drive to others reported pos
[2 INFO main 42743] Scout.GotoCenter -> Scout.Query | return to random walk
[2 INFO main 43643] Scout.Query -> Scout.GotoCenter | Drive to others reported pos
[2 INFO main 43744] Scout.GotoCenter -> Scout.Query | return to random walk
[2 INFO main 44644] Scout.Query -> Scout.GotoCenter | Drive to others reported pos
[2 INFO main 45046] Scout.GotoCenter -> Scout.Query | return to random walk
[2 INFO main 45646] Scout.Query -> Scout.GotoCenter | Drive to others reported pos
[2 INFO main 45946] Scout.GotoCenter -> Scout.Query | return to random walk
[2 INFO main 46647] Scout.Query -> Scout.GotoCenter | Drive to others reported pos
[2 INFO main 46748] Scout.GotoCenter -> Scout.Query | return to random walk
[2 INFO main 47749] Scout.Query -> Scout.GotoCenter | Drive to others reported pos
[2 INFO main 47948] Scout.GotoCenter -> Scout.Query | return to random walk
[2 INFO main 48751] Scout.Query -> Scout.GotoCenter | Drive to others reported pos
[2 INFO main 49251] Scout.GotoCenter -> Scout.Query | return to random walk
[2 INFO main 49852] Scout.Query -> Scout.GotoCenter | Drive to others reported pos
[2 INFO main 50052] Scout.GotoCenter -> Scout.Query | return to random walk
[2 INFO main 50853] Scout.Query -> Scout.GotoCenter | Drive to others reported pos
[2 INFO main 50952] Scout.GotoCenter -> Scout.Query | return to random walk
[2 INFO main 51855] Scout.Query -> Scout.GotoCenter | Drive to others reported pos
[2 INFO main 51954] Scout.GotoCenter -> Scout.Query | return to random walk
[2 INFO main 52856] Scout.Query -> Scout.GotoCenter | Drive to others reported pos
[2 INFO main 53757] Scout.GotoCenter -> Scout.Query | return to random walk
[2 INFO main 53858] Scout.Query -> Scout.GotoCenter | Drive to others reported pos
[2 INFO main 53957] Scout.GotoCenter -> Scout.Query | return to random walk
[2 INFO main 54859] Scout.Query -> Scout.GotoCenter | Drive to others reported pos
[2 INFO main 55059] Scout.GotoCenter -> Scout.Query | return to random walk
[2 INFO main 55860] Scout.Query -> Scout.GotoCenter | Drive to others reported pos
[2 INFO main 55959] Scout.GotoCenter -> Scout.Query | return to random walk
[2 INFO main 56862] Scout.Query -> Scout.GotoCenter | Drive to others reported pos
[2 INFO main 57460] Scout.GotoCenter -> Scout.Query | return to random walk
[2 INFO main 57863] Scout.Query -> Scout.GotoCenter | Drive to others reported pos
[2 INFO main 57961] Scout.GotoCenter -> Scout.Query | return to random walk
[2 INFO main 58865] Scout.Query -> Scout.GotoCenter | Drive to others reported pos
[2 INFO main 59164] Scout.GotoCenter -> Scout.Query | return to random walk
[2 INFO main 59866] Scout.Query -> Scout.GotoCenter | Drive to others reported pos
[2 INFO main 59965] Scout.GotoCenter -> Scout.Query | return to random walk
[2 INFO main 60868] Scout.Query -> Scout.GotoCenter | Drive to others reported pos
[2 INFO main 60967] Scout.GotoCenter -> Scout.Query | return to random walk
[2 INFO main 61869] Scout.Query -> Scout.GotoCenter | Drive to others reported pos
[2 INFO main 62570] Scout.GotoCenter -> Scout.Query | return to random walk
[2 INFO main 62870] Scout.Query -> Scout.GotoCenter | Drive to others reported pos
[2 INFO main 63372] Scout.GotoCenter -> Scout.Query | return to random walk
[2 INFO main 63872] Scout.Query -> Scout.GotoCenter | Drive to others reported pos
[2 INFO main 64071] Scout.GotoCenter -> Scout.Query | return to random walk
[2 INFO main 64874] Scout.Query -> Scout.GotoCenter | Drive to others reported pos
[2 INFO main 65072] Scout.GotoCenter -> Scout.Query | return to random walk
[2 INFO main 65875] Scout.Query -> Scout.GotoCenter | Drive to others reported pos
[2 INFO main 67677] Scout.GotoCenter -> Scout.Query | return to random walk
[2 INFO main 216067] Scout.Query -> Scout.GotoCenter | Drive to others reported pos
[2 INFO main 229784] Scout.GotoCenter -> Scout.Query | return to random walk
