[3 INFO main 34] Initialising Python Geth Console...
[3 INFO main 38] Initialising RandB board...
[3 INFO main 38] Initialising navigation...
[3 INFO main 39] Initialising random-walk...
[3 INFO main 39] Initialising odometry...
[3 INFO main 39] Initialising ground-sensors...
[3 INFO main 881] --//-- Starting Experiment --//--
[3 INFO main 2294] Idle.IDLE -> Scout.Query | Duration: 32.39
[3 INFO main 9880] Scout.Query -> Scout.PrepSend | Homing
[3 INFO main 10093] Scout.PrepSend -> Verify.Homing | Homing
[3 INFO main 16401] Confirming: 1/9
[3 INFO main 18438] Confirming: 2/9
[3 INFO main 22532] Confirming: 4/9
[3 INFO main 24154] Verify.Homing -> Scout.Query | Arrived home
[3 INFO main 24561] Confirming: 5/9
[3 INFO main 26558] Confirming: 6/9
[3 INFO main 28560] Confirming: 7/9
[3 INFO main 30584] Confirming: 8/9
[3 INFO main 32589] Confirming: 9/9
[3 INFO main 32613] Scout.Query -> Verify.DriveTo | Go to unverified source
[3 INFO main 55374] Verify.DriveTo -> Verify.Homing | Homing
[3 INFO main 63975] Verify.Homing -> Scout.Query | Arrived home
[3 INFO main 86768] Confirming: 1/9
[3 INFO main 88886] Confirming: 2/9
[3 INFO main 90913] Confirming: 3/9
[3 INFO main 93081] Confirming: 4/9
[3 INFO main 95091] Confirming: 5/9
[3 INFO main 99549] Confirming: 6/9
[3 INFO main 107847] Confirming: 11/9
[3 INFO main 108479] Scout.Query -> Verify.DriveTo | Go to unverified source
[3 INFO main 150050] Verify.DriveTo -> Verify.Homing | Homing
[3 INFO main 177781] Confirming: 1/9
[3 INFO main 179922] Confirming: 2/9
[3 INFO main 181982] Confirming: 3/9
[3 INFO main 184036] Confirming: 4/9
[3 INFO main 186066] Confirming: 5/9
[3 INFO main 186455] Verify.Homing -> Scout.Query | Arrived home
[3 INFO main 188062] Confirming: 6/9
[3 INFO main 190131] Confirming: 7/9
[3 INFO main 192144] Confirming: 8/9
[3 INFO main 194220] Confirming: 9/9
[3 INFO main 195081] Scout.Query -> Verify.DriveTo | Go to unverified source
[3 INFO main 884274] Verify.DriveTo -> Verify.Homing | Homing
[3 INFO main 911639] Confirming: 1/9
[3 INFO main 913689] Confirming: 2/9
[3 INFO main 915762] Confirming: 3/9
[3 INFO main 916091] Verify.Homing -> Scout.Query | Arrived home
[3 INFO main 917767] Confirming: 4/9
[3 INFO main 919783] Confirming: 5/9
[3 INFO main 921862] Confirming: 6/9
[3 INFO main 923922] Confirming: 7/9
[3 INFO main 925987] Confirming: 8/9
[3 INFO main 928147] Confirming: 9/9
[3 INFO main 928177] Scout.Query -> Verify.DriveTo | Go to unverified source
[3 INFO main 964408] Verify.DriveTo -> Verify.Homing | Homing
[3 INFO main 972838] Confirming: 1/9
[3 INFO main 974908] Confirming: 2/9
[3 INFO main 976942] Confirming: 3/9
[3 INFO main 979015] Confirming: 5/9
[3 INFO main 981104] Confirming: 6/9
[3 INFO main 983151] Confirming: 7/9
[3 INFO main 985214] Confirming: 8/9
[3 INFO main 987181] Confirming: 9/9
[3 INFO main 987718] Verify.Homing -> Scout.Query | Arrived home
[3 INFO main 987850] Scout.Query -> Verify.DriveTo | Go to unverified source
[3 INFO main 1033473] Verify.DriveTo -> Verify.Homing | Homing
[3 INFO main 1050883] Verify.Homing -> Scout.Query | Arrived home
[3 INFO main 1062559] Confirming: 1/9
[3 INFO main 1064617] Confirming: 2/9
[3 INFO main 1066657] Confirming: 3/9
[3 INFO main 1068802] Confirming: 4/9
[3 INFO main 1070854] Confirming: 5/9
[3 INFO main 1072872] Confirming: 6/9
[3 INFO main 1074962] Confirming: 7/9
[3 INFO main 1077037] Confirming: 8/9
[3 INFO main 1079053] Confirming: 9/9
[3 INFO main 1079082] Scout.Query -> Verify.DriveTo | Go to unverified source
[3 INFO main 1100812] Verify.DriveTo -> Verify.Homing | Homing
[3 INFO main 1121885] Confirming: 1/9
[3 INFO main 1122363] Verify.Homing -> Scout.Query | Arrived home
[3 INFO main 1123990] Confirming: 2/9
[3 INFO main 1126070] Confirming: 3/9
[3 INFO main 1128424] Confirming: 4/9
[3 INFO main 1130471] Confirming: 5/9
[3 INFO main 1132473] Confirming: 6/9
[3 INFO main 1134472] Confirming: 7/9
[3 INFO main 1136547] Confirming: 8/9
[3 INFO main 1138614] Confirming: 9/9
[3 INFO main 1138647] Scout.Query -> Verify.DriveTo | Go to unverified source
[3 INFO main 1191531] Verify.DriveTo -> Verify.Homing | Homing
[3 INFO main 1212648] Confirming: 1/9
[3 INFO main 1214746] Confirming: 2/9
[3 INFO main 1216828] Confirming: 3/9
[3 INFO main 1217709] Verify.Homing -> Scout.Query | Arrived home
[3 INFO main 1218845] Confirming: 4/9
[3 INFO main 1220928] Confirming: 5/9
[3 INFO main 1222938] Confirming: 6/9
[3 INFO main 1224980] Confirming: 7/9
[3 INFO main 1227076] Confirming: 8/9
[3 INFO main 1229157] Confirming: 10/9
[3 INFO main 1229911] Scout.Query -> Verify.DriveTo | Go to unverified source
[3 INFO main 1262029] Verify.DriveTo -> Verify.Homing | Homing
[3 INFO main 1272478] Confirming: 1/9
[3 INFO main 1274486] Confirming: 2/9
[3 INFO main 1276529] Confirming: 3/9
[3 INFO main 1278569] Confirming: 4/9
[3 INFO main 1280627] Confirming: 5/9
[3 INFO main 1282727] Confirming: 6/9
[3 INFO main 1284570] Verify.Homing -> Scout.Query | Arrived home
[3 INFO main 1284779] Confirming: 7/9
[3 INFO main 1286758] Confirming: 8/9
[3 INFO main 1288843] Confirming: 9/9
[3 INFO main 1289060] Scout.Query -> Verify.DriveTo | Go to unverified source
[3 INFO main 1329355] Verify.DriveTo -> Verify.Homing | Homing
[3 INFO main 1354172] Verify.Homing -> Scout.Query | Arrived home
[3 INFO main 1362381] Confirming: 1/9
[3 INFO main 1364385] Confirming: 2/9
[3 INFO main 1366414] Confirming: 3/9
[3 INFO main 1368437] Confirming: 4/9
[3 INFO main 1370447] Confirming: 5/9
[3 INFO main 1372414] Confirming: 6/9
[3 INFO main 1374535] Confirming: 7/9
[3 INFO main 1376568] Confirming: 8/9
[3 INFO main 1378658] Confirming: 9/9
[3 INFO main 1379038] Scout.Query -> Verify.DriveTo | Go to unverified source
[3 INFO main 1385940] Verify.DriveTo -> Verify.Homing | Homing
[3 INFO main 1392131] Confirming: 1/9
[3 INFO main 1394198] Confirming: 2/9
[3 INFO main 1396251] Confirming: 3/9
[3 INFO main 1398301] Confirming: 4/9
[3 INFO main 1400348] Confirming: 5/9
[3 INFO main 1402385] Confirming: 6/9
[3 INFO main 1402745] Verify.Homing -> Scout.Query | Arrived home
[3 INFO main 1404459] Confirming: 7/9
[3 INFO main 1406486] Confirming: 8/9
[3 INFO main 1408539] Confirming: 9/9
[3 INFO main 1409419] Scout.Query -> Verify.DriveTo | Go to unverified source
[3 INFO main 1445449] Verify.DriveTo -> Verify.Homing | Homing
[3 INFO main 1453734] Confirming: 1/9
[3 INFO main 1457888] Confirming: 3/9
[3 INFO main 1459946] Confirming: 4/9
[3 INFO main 1462044] Confirming: 5/9
[3 INFO main 1464138] Confirming: 6/9
[3 INFO main 1466162] Confirming: 7/9
[3 INFO main 1468261] Confirming: 8/9
[3 INFO main 1468261] Verify.Homing -> Scout.Query | Arrived home
[3 INFO main 1470264] Confirming: 9/9
[3 INFO main 1470643] Scout.Query -> Verify.DriveTo | Go to unverified source
[3 INFO main 1506000] Verify.DriveTo -> Verify.Homing | Homing
[3 INFO main 1522640] Verify.Homing -> Scout.Query | Arrived home
[3 INFO main 1536827] Confirming: 1/9
[3 INFO main 1538950] Confirming: 2/9
[3 INFO main 1541000] Confirming: 4/9
[3 INFO main 1543093] Confirming: 5/9
[3 INFO main 1545319] Confirming: 6/9
[3 INFO main 1547307] Confirming: 7/9
[3 INFO main 1549375] Confirming: 8/9
[3 INFO main 1551396] Confirming: 9/9
[3 INFO main 1551943] Scout.Query -> Verify.DriveTo | Go to unverified source
[3 INFO main 1592558] Verify.DriveTo -> Verify.Homing | Homing
[3 INFO main 1609317] Confirming: 2/9
[3 INFO main 1609959] Verify.Homing -> Scout.Query | Arrived home
[3 INFO main 1611319] Confirming: 3/9
[3 INFO main 1613341] Confirming: 4/9
[3 INFO main 1615375] Confirming: 5/9
[3 INFO main 1617390] Confirming: 6/9
[3 INFO main 1619431] Confirming: 7/9
[3 INFO main 1621402] Confirming: 8/9
[3 INFO main 1623526] Confirming: 9/9
[3 INFO main 1623863] Scout.Query -> Verify.DriveTo | Go to unverified source
[3 INFO main 1692996] Verify.DriveTo -> Verify.Homing | Homing
[3 INFO main 1715125] Verify.Homing -> Scout.Query | Arrived home
[3 INFO main 1721950] Confirming: 1/9
[3 INFO main 1724090] Confirming: 2/9
[3 INFO main 1726095] Confirming: 4/9
[3 INFO main 1730237] Confirming: 5/9
[3 INFO main 1732261] Confirming: 7/9
[3 INFO main 1736330] Confirming: 9/9
[3 INFO main 1736610] Scout.Query -> Verify.DriveTo | Go to unverified source
[3 INFO main 1785650] Verify.DriveTo -> Verify.Homing | Homing
[3 INFO main 1805396] Verify.Homing -> Scout.Query | Arrived home
[3 INFO main 1816683] Confirming: 2/9
[3 INFO main 1818776] Confirming: 3/9
[3 INFO main 1821011] Confirming: 4/9
[3 INFO main 1823303] Confirming: 5/9
[3 INFO main 1825445] Confirming: 6/9
[3 INFO main 1827576] Confirming: 7/9
[3 INFO main 1829627] Confirming: 8/9
[3 INFO main 1831695] Confirming: 9/9
[3 INFO main 1831698] Scout.Query -> Scout.PrepSend | Homing
[3 INFO main 1831889] Scout.PrepSend -> Verify.Homing | Homing
[3 INFO main 1836163] Confirming: 1/9
[3 INFO main 1838307] Confirming: 2/9
[3 INFO main 1840380] Confirming: 3/9
[3 INFO main 1842454] Confirming: 4/9
[3 INFO main 1846232] Verify.Homing -> Scout.Query | Arrived home
[3 INFO main 1846613] Confirming: 6/9
[3 INFO main 1848708] Confirming: 7/9
[3 INFO main 1850810] Confirming: 8/9
[3 INFO main 1852818] Confirming: 9/9
[3 INFO main 1852991] Scout.Query -> Verify.DriveTo | Go to unverified source
[3 INFO main 1866167] Verify.DriveTo -> Verify.Homing | Homing
[3 INFO main 1873292] Verify.Homing -> Scout.Query | Arrived home
[3 INFO main 1874599] Confirming: 1/9
[3 INFO main 1876654] Confirming: 2/9
[3 INFO main 1878722] Confirming: 3/9
[3 INFO main 1880746] Confirming: 4/9
[3 INFO main 1882858] Confirming: 5/9
[3 INFO main 1884886] Confirming: 6/9
[3 INFO main 1886940] Confirming: 7/9
[3 INFO main 1889040] Confirming: 8/9
[3 INFO main 1891086] Confirming: 9/9
[3 INFO main 1891639] Scout.Query -> Verify.DriveTo | Go to unverified source
[3 INFO main 1925222] Verify.DriveTo -> Verify.Homing | Homing
[3 INFO main 1937591] Confirming: 1/9
[3 INFO main 1939716] Confirming: 2/9
[3 INFO main 1941919] Confirming: 3/9
[3 INFO main 1943976] Confirming: 4/9
[3 INFO main 1945987] Confirming: 6/9
[3 INFO main 1947542] Verify.Homing -> Scout.Query | Arrived home
[3 INFO main 1948271] Confirming: 7/9
[3 INFO main 1950277] Confirming: 8/9
[3 INFO main 1952340] Confirming: 9/9
[3 INFO main 1953007] Scout.Query -> Verify.DriveTo | Go to unverified source
[3 INFO main 1995909] Verify.DriveTo -> Verify.Homing | Homing
[3 INFO main 2019157] Verify.Homing -> Scout.Query | Arrived home
[3 INFO main 2027221] Confirming: 1/9
[3 INFO main 2029277] Confirming: 2/9
[3 INFO main 2031452] Confirming: 3/9
[3 INFO main 2033474] Confirming: 4/9
[3 INFO main 2035546] Confirming: 5/9
[3 INFO main 2037570] Confirming: 6/9
[3 INFO main 2039573] Confirming: 7/9
[3 INFO main 2041805] Confirming: 8/9
[3 INFO main 2043869] Confirming: 9/9
[3 INFO main 2043873] Scout.Query -> Scout.PrepSend | Homing
[3 INFO main 2044095] Scout.PrepSend -> Verify.Homing | Homing
[3 INFO main 2056763] Confirming: 1/9
[3 INFO main 2057772] Verify.Homing -> Scout.Query | Arrived home
[3 INFO main 2058861] Confirming: 2/9
[3 INFO main 2060881] Confirming: 3/9
[3 INFO main 2062918] Confirming: 4/9
[3 INFO main 2064940] Confirming: 5/9
[3 INFO main 2067075] Confirming: 6/9
[3 INFO main 2069134] Confirming: 7/9
[3 INFO main 2071222] Confirming: 8/9
[3 INFO main 2073315] Confirming: 9/9
[3 INFO main 2073715] Scout.Query -> Verify.DriveTo | Go to unverified source
[3 INFO main 2104762] Verify.DriveTo -> Verify.Homing | Homing
[3 INFO main 2117289] Confirming: 1/9
[3 INFO main 2119311] Confirming: 2/9
[3 INFO main 2121360] Confirming: 3/9
[3 INFO main 2123393] Confirming: 4/9
[3 INFO main 2125519] Confirming: 5/9
[3 INFO main 2127586] Confirming: 6/9
[3 INFO main 2129688] Confirming: 7/9
[3 INFO main 2131456] Verify.Homing -> Scout.Query | Arrived home
[3 INFO main 2131758] Confirming: 8/9
[3 INFO main 2133849] Confirming: 9/9
[3 INFO main 2133889] Scout.Query -> Verify.DriveTo | Go to unverified source
[3 INFO main 2163312] Verify.DriveTo -> Verify.Homing | Homing
[3 INFO main 2177804] Confirming: 1/9
[3 INFO main 2179891] Confirming: 2/9
[3 INFO main 2181933] Confirming: 3/9
[3 INFO main 2184019] Confirming: 4/9
[3 INFO main 2186082] Confirming: 5/9
[3 INFO main 2188129] Confirming: 7/9
[3 INFO main 2190181] Confirming: 8/9
[3 INFO main 2190929] Verify.Homing -> Scout.Query | Arrived home
[3 INFO main 2194280] Confirming: 10/9
[3 INFO main 2194318] Scout.Query -> Verify.DriveTo | Go to unverified source
[3 INFO main 2227184] Verify.DriveTo -> Verify.Homing | Homing
[3 INFO main 2237558] Confirming: 1/9
[3 INFO main 2239631] Confirming: 2/9
[3 INFO main 2241729] Confirming: 3/9
[3 INFO main 2243790] Confirming: 4/9
[3 INFO main 2245855] Confirming: 5/9
[3 INFO main 2247861] Confirming: 6/9
[3 INFO main 2249875] Confirming: 7/9
[3 INFO main 2251916] Confirming: 8/9
[3 INFO main 2254035] Confirming: 9/9
[3 INFO main 2255710] Verify.Homing -> Scout.Query | Arrived home
[3 INFO main 2263090] Scout.Query -> Verify.DriveTo | Go to unverified source
[3 INFO main 2284138] Verify.DriveTo -> Verify.Homing | Homing
[3 INFO main 2297328] Verify.Homing -> Scout.Query | Arrived home
[3 INFO main 2298608] Confirming: 1/9
[3 INFO main 2300641] Confirming: 2/9
[3 INFO main 2302649] Confirming: 3/9
[3 INFO main 2304709] Confirming: 4/9
[3 INFO main 2306809] Confirming: 5/9
[3 INFO main 2310950] Confirming: 7/9
[3 INFO main 2313009] Confirming: 8/9
[3 INFO main 2315036] Confirming: 9/9
[3 INFO main 2315082] Scout.Query -> Verify.DriveTo | Go to unverified source
[3 INFO main 2339007] Verify.DriveTo -> Verify.Homing | Homing
[3 INFO main 2345384] Confirming: 1/9
[3 INFO main 2347470] Confirming: 2/9
[3 INFO main 2349509] Confirming: 4/9
[3 INFO main 2351557] Confirming: 5/9
[3 INFO main 2353656] Confirming: 6/9
[3 INFO main 2357761] Confirming: 8/9
[3 INFO main 2359836] Confirming: 9/9
[3 INFO main 2369079] Verify.Homing -> Scout.Query | Arrived home
[3 INFO main 2402365] Scout.Query -> Verify.DriveTo | Go to unverified source
[3 INFO main 2448323] Verify.DriveTo -> Verify.Homing | Homing
[3 INFO main 2465849] Verify.Homing -> Scout.Query | Arrived home
[3 INFO main 2477348] Confirming: 1/9
[3 INFO main 2481441] Confirming: 2/9
[3 INFO main 2483498] Confirming: 4/9
[3 INFO main 2485670] Confirming: 5/9
[3 INFO main 2487656] Confirming: 6/9
[3 INFO main 2491810] Confirming: 8/9
[3 INFO main 2493961] Confirming: 9/9
[3 INFO main 2494222] Scout.Query -> Verify.DriveTo | Go to unverified source
[3 INFO main 2554856] Verify.DriveTo -> Verify.Homing | Homing
[3 INFO main 2571851] Confirming: 3/9
[3 INFO main 2574042] Confirming: 4/9
[3 INFO main 2576879] Verify.Homing -> Scout.Query | Arrived home
[3 INFO main 2578086] Confirming: 6/9
[3 INFO main 2580105] Confirming: 7/9
[3 INFO main 2582180] Confirming: 8/9
[3 INFO main 2584141] Confirming: 9/9
[3 INFO main 2584797] Scout.Query -> Verify.DriveTo | Go to unverified source
[3 INFO main 2611137] Verify.DriveTo -> Verify.Homing | Homing
[3 INFO main 2627722] Confirming: 1/9
[3 INFO main 2629568] Verify.Homing -> Scout.Query | Arrived home
[3 INFO main 2629781] Confirming: 2/9
[3 INFO main 2631796] Confirming: 3/9
[3 INFO main 2633887] Confirming: 4/9
[3 INFO main 2635939] Confirming: 5/9
[3 INFO main 2637998] Confirming: 6/9
[3 INFO main 2640010] Confirming: 7/9
[3 INFO main 2642031] Confirming: 8/9
[3 INFO main 2644126] Confirming: 9/9
[3 INFO main 2644408] Scout.Query -> Verify.DriveTo | Go to unverified source
[3 INFO main 2677881] Verify.DriveTo -> Verify.Homing | Homing
[3 INFO main 2688399] Confirming: 1/9
[3 INFO main 2690566] Confirming: 2/9
[3 INFO main 2692651] Confirming: 3/9
[3 INFO main 2694656] Confirming: 4/9
[3 INFO main 2696719] Confirming: 5/9
[3 INFO main 2698806] Confirming: 6/9
[3 INFO main 2700869] Confirming: 7/9
[3 INFO main 2702971] Confirming: 8/9
[3 INFO main 2705058] Confirming: 9/9
[3 INFO main 2706396] Verify.Homing -> Scout.Query | Arrived home
[3 INFO main 2706716] Scout.Query -> Verify.DriveTo | Go to unverified source
[3 INFO main 2736104] Verify.DriveTo -> Verify.Homing | Homing
[3 INFO main 2760080] Verify.Homing -> Scout.Query | Arrived home
[3 INFO main 2781453] Confirming: 1/9
[3 INFO main 2785678] Confirming: 3/9
[3 INFO main 2787743] Confirming: 4/9
[3 INFO main 2791777] Confirming: 6/9
[3 INFO main 2793999] Confirming: 7/9
[3 INFO main 2796038] Confirming: 8/9
[3 INFO main 2800139] Confirming: 9/9
[3 INFO main 2800845] Scout.Query -> Verify.DriveTo | Go to unverified source
[3 INFO main 2837710] Verify.DriveTo -> Verify.Homing | Homing
[3 INFO main 2844004] Confirming: 1/9
[3 INFO main 2846005] Confirming: 2/9
[3 INFO main 2848089] Confirming: 3/9
[3 INFO main 2850108] Confirming: 4/9
[3 INFO main 2851161] Verify.Homing -> Scout.Query | Arrived home
[3 INFO main 2852215] Confirming: 5/9
[3 INFO main 2854251] Confirming: 6/9
[3 INFO main 2856292] Confirming: 7/9
[3 INFO main 2858383] Confirming: 8/9
[3 INFO main 2860390] Confirming: 9/9
[3 INFO main 2860441] Scout.Query -> Verify.DriveTo | Go to unverified source
[3 INFO main 2939194] Verify.DriveTo -> Verify.Homing | Homing
[3 INFO main 2953518] Confirming: 2/9
[3 INFO main 2965852] Verify.Homing -> Scout.Query | Arrived home
[3 INFO main 2994451] Confirming: 3/9
[3 INFO main 2996565] Confirming: 4/9
[3 INFO main 3000733] Confirming: 5/9
[3 INFO main 3002775] Confirming: 7/9
[3 INFO main 3004878] Confirming: 8/9
[3 INFO main 3006965] Confirming: 9/9
[3 INFO main 3007876] Scout.Query -> Verify.DriveTo | Go to unverified source
[3 INFO main 3029026] Verify.DriveTo -> Verify.Homing | Homing
[3 INFO main 3045060] Verify.Homing -> Scout.Query | Arrived home
[3 INFO main 3051210] Confirming: 1/9
[3 INFO main 3053252] Confirming: 2/9
[3 INFO main 3055418] Confirming: 3/9
[3 INFO main 3057473] Confirming: 4/9
[3 INFO main 3059597] Confirming: 5/9
[3 INFO main 3061629] Confirming: 6/9
[3 INFO main 3063630] Confirming: 7/9
[3 INFO main 3065898] Confirming: 8/9
[3 INFO main 3067941] Confirming: 9/9
[3 INFO main 3068668] Scout.Query -> Verify.DriveTo | Go to unverified source
[3 INFO main 3119614] Verify.DriveTo -> Verify.Homing | Homing
[3 INFO main 3141362] Confirming: 1/9
[3 INFO main 3143445] Confirming: 2/9
[3 INFO main 3145493] Confirming: 3/9
[3 INFO main 3147491] Confirming: 4/9
[3 INFO main 3149645] Confirming: 5/9
[3 INFO main 3151636] Confirming: 6/9
[3 INFO main 3151844] Verify.Homing -> Scout.Query | Arrived home
[3 INFO main 3153834] Confirming: 7/9
[3 INFO main 3155865] Confirming: 8/9
[3 INFO main 3157902] Confirming: 9/9
[3 INFO main 3158357] Scout.Query -> Verify.DriveTo | Go to unverified source
[3 INFO main 3183205] Verify.DriveTo -> Verify.Homing | Homing
[3 INFO main 3202013] Confirming: 2/9
[3 INFO main 3204056] Confirming: 3/9
[3 INFO main 3206168] Confirming: 4/9
[3 INFO main 3210307] Confirming: 5/9
[3 INFO main 3212382] Confirming: 7/9
[3 INFO main 3214456] Confirming: 8/9
[3 INFO main 3216465] Confirming: 9/9
[3 INFO main 3238549] Verify.Homing -> Scout.Query | Arrived home
[3 INFO main 3238698] Scout.Query -> Verify.DriveTo | Go to unverified source
[3 INFO main 3283312] Verify.DriveTo -> Verify.Homing | Homing
[3 INFO main 3321427] Confirming: 1/9
[3 INFO main 3323468] Confirming: 2/9
[3 INFO main 3325507] Confirming: 3/9
[3 INFO main 3327593] Confirming: 4/9
[3 INFO main 3328265] Verify.Homing -> Scout.Query | Arrived home
[3 INFO main 3329659] Confirming: 5/9
[3 INFO main 3331828] Confirming: 6/9
[3 INFO main 3333904] Confirming: 7/9
[3 INFO main 3335920] Confirming: 8/9
[3 INFO main 3337976] Confirming: 9/9
[3 INFO main 3338595] Scout.Query -> Verify.DriveTo | Go to unverified source
[3 INFO main 3378124] Verify.DriveTo -> Verify.Homing | Homing
[3 INFO main 3409201] Verify.Homing -> Scout.Query | Arrived home
[3 INFO main 3411824] Confirming: 1/9
[3 INFO main 3413839] Confirming: 2/9
[3 INFO main 3415897] Confirming: 3/9
[3 INFO main 3417937] Confirming: 4/9
[3 INFO main 3420009] Confirming: 6/9
[3 INFO main 3422056] Confirming: 7/9
[3 INFO main 3424136] Confirming: 8/9
[3 INFO main 3426175] Confirming: 9/9
[3 INFO main 3427189] Scout.Query -> Verify.DriveTo | Go to unverified source
[3 INFO main 3458361] Verify.DriveTo -> Verify.Homing | Homing
[3 INFO main 3470902] Confirming: 1/9
[3 INFO main 3472893] Confirming: 2/9
[3 INFO main 3475008] Confirming: 3/9
[3 INFO main 3477281] Confirming: 4/9
[3 INFO main 3479318] Confirming: 5/9
[3 INFO main 3481353] Confirming: 6/9
[3 INFO main 3483352] Confirming: 7/9
[3 INFO main 3485401] Confirming: 8/9
[3 INFO main 3487541] Confirming: 9/9
[3 INFO main 3488276] Verify.Homing -> Scout.Query | Arrived home
[3 INFO main 3488440] Scout.Query -> Verify.DriveTo | Go to unverified source
[3 INFO main 3505118] Verify.DriveTo -> Verify.Homing | Homing
[3 INFO main 3519695] Verify.Homing -> Scout.Query | Arrived home
[3 INFO main 3530009] Confirming: 1/9
[3 INFO main 3534218] Confirming: 2/9
[3 INFO main 3536254] Confirming: 3/9
[3 INFO main 3538285] Confirming: 5/9
[3 INFO main 3542568] Confirming: 7/9
[3 INFO main 3544600] Confirming: 8/9
[3 INFO main 3546629] Confirming: 9/9
[3 INFO main 3546632] Scout.Query -> Scout.PrepSend | Homing
[3 INFO main 3546908] Scout.PrepSend -> Verify.Homing | Homing
[3 INFO main 3561763] Confirming: 1/9
[3 INFO main 3563818] Confirming: 2/9
[3 INFO main 3564969] Verify.Homing -> Scout.Query | Arrived home
[3 INFO main 3565909] Confirming: 3/9
[3 INFO main 3567923] Confirming: 4/9
[3 INFO main 3570046] Confirming: 5/9
[3 INFO main 3572146] Confirming: 7/9
[3 INFO main 3574201] Confirming: 8/9
[3 INFO main 3576226] Confirming: 9/9
[3 INFO main 3576271] Scout.Query -> Verify.DriveTo | Go to unverified source
[3 INFO main 3611359] Verify.DriveTo -> Verify.Homing | Homing
[3 INFO main 3648264] Verify.Homing -> Scout.Query | Arrived home
[3 INFO main 3676032] Confirming: 2/9
[3 INFO main 3678178] Confirming: 3/9
[3 INFO main 3680318] Confirming: 4/9
[3 INFO main 3682346] Confirming: 5/9
[3 INFO main 3684441] Confirming: 6/9
[3 INFO main 3686451] Confirming: 7/9
[3 INFO main 3688575] Confirming: 8/9
[3 INFO main 3690675] Confirming: 9/9
[3 INFO main 3691062] Scout.Query -> Verify.DriveTo | Go to unverified source
[3 INFO main 3702944] Verify.DriveTo -> Verify.Homing | Homing
[3 INFO main 3711205] Confirming: 1/9
[3 INFO main 3713450] Confirming: 2/9
[3 INFO main 3715515] Confirming: 3/9
[3 INFO main 3719711] Confirming: 5/9
[3 INFO main 3721793] Confirming: 6/9
[3 INFO main 3723862] Confirming: 7/9
[3 INFO main 3727991] Confirming: 9/9
[3 INFO main 3729281] Verify.Homing -> Scout.Query | Arrived home
[3 INFO main 3729583] Scout.Query -> Verify.DriveTo | Go to unverified source
[3 INFO main 3770586] Verify.DriveTo -> Verify.Homing | Homing
[3 INFO main 3787628] Verify.Homing -> Scout.Query | Arrived home
[3 INFO main 3803375] Confirming: 1/9
[3 INFO main 3805562] Confirming: 2/9
[3 INFO main 3807617] Confirming: 3/9
[3 INFO main 3809627] Confirming: 4/9
[3 INFO main 3811644] Confirming: 5/9
[3 INFO main 3813719] Confirming: 6/9
[3 INFO main 3815898] Confirming: 7/9
[3 INFO main 3817949] Confirming: 8/9
[3 INFO main 3819969] Confirming: 9/9
[3 INFO main 3820957] Scout.Query -> Verify.DriveTo | Go to unverified source
[3 INFO main 3850067] Verify.DriveTo -> Verify.Homing | Homing
[3 INFO main 3876687] Verify.Homing -> Scout.Query | Arrived home
[3 INFO main 3893721] Confirming: 1/9
[3 INFO main 3895758] Confirming: 2/9
[3 INFO main 3897974] Confirming: 3/9
[3 INFO main 3902061] Confirming: 4/9
[3 INFO main 3906164] Confirming: 7/9
[3 INFO main 3908328] Confirming: 9/9
[3 INFO main 3908381] Scout.Query -> Verify.DriveTo | Go to unverified source
[3 INFO main 3967935] Verify.DriveTo -> Verify.Homing | Homing
[3 INFO main 3982381] Confirming: 1/9
[3 INFO main 3984502] Confirming: 2/9
[3 INFO main 3986528] Confirming: 3/9
[3 INFO main 3988631] Confirming: 4/9
[3 INFO main 3990644] Confirming: 5/9
[3 INFO main 3992666] Confirming: 6/9
[3 INFO main 3994726] Confirming: 7/9
[3 INFO main 3996755] Confirming: 8/9
[3 INFO main 3998805] Confirming: 9/9
[3 INFO main 4003941] Verify.Homing -> Scout.Query | Arrived home
[3 INFO main 4004094] Scout.Query -> Verify.DriveTo | Go to unverified source
[3 INFO main 4037257] Verify.DriveTo -> Verify.Homing | Homing
[3 INFO main 4043497] Confirming: 1/9
[3 INFO main 4045509] Confirming: 2/9
[3 INFO main 4047521] Confirming: 3/9
[3 INFO main 4049548] Confirming: 4/9
[3 INFO main 4051619] Confirming: 5/9
[3 INFO main 4053652] Confirming: 6/9
[3 INFO main 4055071] Verify.Homing -> Scout.Query | Arrived home
[3 INFO main 4055689] Confirming: 7/9
[3 INFO main 4057785] Confirming: 8/9
[3 INFO main 4059832] Confirming: 9/9
[3 INFO main 4060341] Scout.Query -> Verify.DriveTo | Go to unverified source
[3 INFO main 4109507] Verify.DriveTo -> Verify.Homing | Homing
[3 INFO main 4120597] Verify.Homing -> Scout.Query | Arrived home
[3 INFO main 4132629] Confirming: 1/9
[3 INFO main 4134631] Confirming: 2/9
[3 INFO main 4136708] Confirming: 3/9
[3 INFO main 4138767] Confirming: 4/9
[3 INFO main 4140917] Confirming: 5/9
[3 INFO main 4142984] Confirming: 6/9
[3 INFO main 4145002] Confirming: 7/9
[3 INFO main 4147042] Confirming: 8/9
[3 INFO main 4149172] Confirming: 9/9
[3 INFO main 4149561] Scout.Query -> Verify.DriveTo | Go to unverified source
[3 INFO main 4183029] Verify.DriveTo -> Verify.Homing | Homing
[3 INFO main 4192070] Confirming: 1/9
[3 INFO main 4194176] Confirming: 2/9
[3 INFO main 4196370] Confirming: 4/9
[3 INFO main 4200470] Confirming: 5/9
[3 INFO main 4202534] Confirming: 6/9
[3 INFO main 4204548] Confirming: 8/9
[3 INFO main 4206673] Confirming: 9/9
[3 INFO main 4220223] Verify.Homing -> Scout.Query | Arrived home
[3 INFO main 4220376] Scout.Query -> Verify.DriveTo | Go to unverified source
[3 INFO main 4309145] Verify.DriveTo -> Verify.Homing | Homing
[3 INFO main 4327927] Verify.Homing -> Scout.Query | Arrived home
[3 INFO main 4342538] Confirming: 1/9
[3 INFO main 4344559] Confirming: 2/9
[3 INFO main 4346569] Confirming: 3/9
[3 INFO main 4348595] Confirming: 4/9
[3 INFO main 4350719] Confirming: 5/9
[3 INFO main 4352754] Confirming: 6/9
[3 INFO main 4354846] Confirming: 7/9
[3 INFO main 4356913] Confirming: 8/9
[3 INFO main 4358973] Confirming: 9/9
[3 INFO main 4359846] Scout.Query -> Verify.DriveTo | Go to unverified source
[3 INFO main 4413302] Verify.DriveTo -> Verify.Homing | Homing
[3 INFO main 4432177] Confirming: 1/9
[3 INFO main 4434305] Verify.Homing -> Scout.Query | Arrived home
[3 INFO main 4436496] Confirming: 3/9
[3 INFO main 4438671] Confirming: 4/9
[3 INFO main 4440657] Confirming: 5/9
[3 INFO main 4442749] Confirming: 6/9
[3 INFO main 4444789] Confirming: 7/9
[3 INFO main 4446891] Confirming: 8/9
[3 INFO main 4448983] Confirming: 9/9
[3 INFO main 4449150] Scout.Query -> Verify.DriveTo | Go to unverified source
[3 INFO main 4482080] Verify.DriveTo -> Verify.Homing | Homing
[3 INFO main 4492388] Confirming: 1/9
[3 INFO main 4496535] Confirming: 3/9
[3 INFO main 4498677] Confirming: 4/9
[3 INFO main 4500758] Confirming: 5/9
[3 INFO main 4504872] Confirming: 7/9
[3 INFO main 4506889] Confirming: 8/9
[3 INFO main 4508978] Confirming: 9/9
[3 INFO main 4515054] Verify.Homing -> Scout.Query | Arrived home
[3 INFO main 4515337] Scout.Query -> Verify.DriveTo | Go to unverified source
[3 INFO main 4544802] Verify.DriveTo -> Verify.Homing | Homing
[3 INFO main 4553299] Confirming: 1/9
[3 INFO main 4555327] Confirming: 2/9
[3 INFO main 4557412] Confirming: 3/9
[3 INFO main 4559433] Confirming: 4/9
[3 INFO main 4563496] Confirming: 5/9
[3 INFO main 4565588] Confirming: 7/9
[3 INFO main 4567589] Confirming: 8/9
[3 INFO main 4569676] Confirming: 9/9
[3 INFO main 4573675] Verify.Homing -> Scout.Query | Arrived home
[3 INFO main 4579058] Scout.Query -> Verify.DriveTo | Go to unverified source
[3 INFO main 4648180] Verify.DriveTo -> Verify.Homing | Homing
[3 INFO main 4668963] Verify.Homing -> Scout.Query | Arrived home
[3 INFO main 4673140] Confirming: 1/9
[3 INFO main 4675246] Confirming: 2/9
[3 INFO main 4677336] Confirming: 3/9
[3 INFO main 4679344] Confirming: 4/9
[3 INFO main 4681508] Confirming: 5/9
[3 INFO main 4683532] Confirming: 6/9
[3 INFO main 4685538] Confirming: 7/9
[3 INFO main 4687699] Confirming: 8/9
[3 INFO main 4689757] Confirming: 9/9
[3 INFO main 4690412] Scout.Query -> Verify.DriveTo | Go to unverified source
[3 INFO main 4788636] Verify.DriveTo -> Verify.Homing | Homing
[3 INFO main 4819635] Verify.Homing -> Scout.Query | Arrived home
[3 INFO main 4823765] Confirming: 1/9
[3 INFO main 4825769] Confirming: 2/9
[3 INFO main 4827842] Confirming: 3/9
[3 INFO main 4829933] Confirming: 4/9
[3 INFO main 4831942] Confirming: 5/9
[3 INFO main 4833941] Confirming: 6/9
[3 INFO main 4836064] Confirming: 8/9
[3 INFO main 4840164] Confirming: 9/9
[3 INFO main 4841244] Scout.Query -> Verify.DriveTo | Go to unverified source
[3 INFO main 4883506] Verify.DriveTo -> Verify.Homing | Homing
[3 INFO main 4904382] Verify.Homing -> Scout.Query | Arrived home
[3 INFO main 4913084] Confirming: 1/9
[3 INFO main 4917428] Confirming: 3/9
[3 INFO main 4919522] Confirming: 4/9
[3 INFO main 4921617] Confirming: 5/9
[3 INFO main 4923638] Confirming: 6/9
[3 INFO main 4925704] Confirming: 7/9
[3 INFO main 4927705] Confirming: 8/9
[3 INFO main 4929710] Confirming: 9/9
[3 INFO main 4930355] Scout.Query -> Verify.DriveTo | Go to unverified source
[3 INFO main 4943022] Verify.DriveTo -> Verify.Homing | Homing
[3 INFO main 4963616] Verify.Homing -> Scout.Query | Arrived home
[3 INFO main 4974433] Confirming: 1/9
[3 INFO main 4976450] Confirming: 2/9
[3 INFO main 4978512] Confirming: 4/9
[3 INFO main 4980612] Confirming: 5/9
[3 INFO main 4984791] Confirming: 7/9
[3 INFO main 4986829] Confirming: 8/9
[3 INFO main 4988873] Confirming: 9/9
[3 INFO main 5008893] Scout.Query -> Verify.DriveTo | Go to unverified source
[3 INFO main 5084661] Verify.DriveTo -> Verify.Homing | Homing
[3 INFO main 5093030] Confirming: 1/9
[3 INFO main 5095072] Confirming: 2/9
[3 INFO main 5097082] Confirming: 3/9
[3 INFO main 5099137] Confirming: 4/9
[3 INFO main 5101338] Confirming: 5/9
[3 INFO main 5103422] Confirming: 6/9
[3 INFO main 5105461] Confirming: 7/9
[3 INFO main 5107514] Confirming: 8/9
[3 INFO main 5109595] Confirming: 9/9
[3 INFO main 5125946] Verify.Homing -> Scout.Query | Arrived home
[3 INFO main 5126095] Scout.Query -> Verify.DriveTo | Go to unverified source
[3 INFO main 5159997] Verify.DriveTo -> Verify.Homing | Homing
[3 INFO main 5181088] Confirming: 1/9
[3 INFO main 5183186] Confirming: 2/9
[3 INFO main 5185259] Confirming: 3/9
[3 INFO main 5187266] Confirming: 4/9
[3 INFO main 5189294] Confirming: 5/9
[3 INFO main 5190842] Verify.Homing -> Scout.Query | Arrived home
[3 INFO main 5191396] Confirming: 6/9
[3 INFO main 5193495] Confirming: 7/9
[3 INFO main 5195584] Confirming: 8/9
[3 INFO main 5197631] Confirming: 9/9
[3 INFO main 5198107] Scout.Query -> Verify.DriveTo | Go to unverified source
[3 INFO main 5239884] Verify.DriveTo -> Verify.Homing | Homing
[3 INFO main 5265727] Verify.Homing -> Scout.Query | Arrived home
[3 INFO main 5273291] Confirming: 1/9
[3 INFO main 5275367] Confirming: 2/9
[3 INFO main 5277518] Confirming: 3/9
[3 INFO main 5279546] Confirming: 4/9
[3 INFO main 5281611] Confirming: 5/9
[3 INFO main 5283655] Confirming: 6/9
[3 INFO main 5285697] Confirming: 7/9
[3 INFO main 5287747] Confirming: 8/9
[3 INFO main 5289782] Confirming: 9/9
[3 INFO main 5289840] Scout.Query -> Verify.DriveTo | Go to unverified source
[3 INFO main 5347785] Verify.DriveTo -> Verify.Homing | Homing
[3 INFO main 5364380] Confirming: 2/9
[3 INFO main 5368522] Confirming: 4/9
[3 INFO main 5370644] Confirming: 5/9
[3 INFO main 5372685] Confirming: 6/9
[3 INFO main 5372923] Verify.Homing -> Scout.Query | Arrived home
[3 INFO main 5374747] Confirming: 7/9
[3 INFO main 5376974] Confirming: 8/9
[3 INFO main 5378979] Confirming: 9/9
[3 INFO main 5379163] Scout.Query -> Verify.DriveTo | Go to unverified source
