[8 INFO main 51] Initialising Python Geth Console...
[8 INFO main 56] Initialising RandB board...
[8 INFO main 56] Initialising navigation...
[8 INFO main 56] Initialising random-walk...
[8 INFO main 56] Initialising odometry...
[8 INFO main 56] Initialising ground-sensors...
[8 INFO main 930] --//-- Starting Experiment --//--
[8 INFO main 2029] Idle.IDLE -> Scout.Query | Duration: 23.14
[8 INFO main 11192] Scout.Query -> Scout.GotoCenter | Drive to others reported pos
[8 INFO main 59577] Scout.GotoCenter -> Scout.Query | return to random walk
[8 INFO main 105403] Scout.Query -> Scout.GotoCenter | Drive to others reported pos
[8 INFO main 161990] Scout.GotoCenter -> Scout.Query | return to random walk
[8 INFO main 197355] Scout.Query -> Scout.GotoCenter | Drive to others reported pos
[8 INFO main 215661] Scout.GotoCenter -> Scout.Query | return to random walk
[8 INFO main 307564] Scout.Query -> Scout.GotoCenter | Drive to others reported pos
[8 INFO main 327726] Scout.GotoCenter -> Scout.Query | return to random walk
[8 INFO main 384044] Scout.Query -> Scout.GotoCenter | Drive to others reported pos
[8 INFO main 412634] Scout.GotoCenter -> Scout.Query | return to random walk
[8 INFO main 645772] Scout.Query -> Scout.GotoCenter | Drive to others reported pos
[8 INFO main 687878] Scout.GotoCenter -> Scout.Query | return to random walk
[8 INFO main 728747] Scout.Query -> Scout.GotoCenter | Drive to others reported pos
[8 INFO main 735103] Scout.GotoCenter -> Scout.Query | return to random walk
