[7 INFO main 30] Initialising Python Geth Console...
[7 INFO main 34] Initialising RandB board...
[7 INFO main 34] Initialising navigation...
[7 INFO main 34] Initialising random-walk...
[7 INFO main 34] Initialising odometry...
[7 INFO main 34] Initialising ground-sensors...
[7 INFO main 1070] --//-- Starting Experiment --//--
[7 INFO main 2171] Idle.IDLE -> Scout.Query | Duration: 23.55
[7 INFO main 56145] Scout.Query -> Scout.GotoCenter | Drive to others reported pos
[7 INFO main 58848] Scout.GotoCenter -> Scout.Query | return to random walk
[7 INFO main 59247] Scout.Query -> Scout.GotoCenter | Drive to others reported pos
[7 INFO main 60146] Scout.GotoCenter -> Scout.Query | return to random walk
[7 INFO main 60249] Scout.Query -> Scout.GotoCenter | Drive to others reported pos
[7 INFO main 61549] Scout.GotoCenter -> Scout.Query | return to random walk
[7 INFO main 62354] Scout.Query -> Scout.GotoCenter | Drive to others reported pos
[7 INFO main 66555] Scout.GotoCenter -> Scout.Query | return to random walk
[7 INFO main 67458] Scout.Query -> Scout.GotoCenter | Drive to others reported pos
[7 INFO main 69464] Scout.GotoCenter -> Scout.Query | return to random walk
[7 INFO main 70468] Scout.Query -> Scout.GotoCenter | Drive to others reported pos
[7 INFO main 74168] Scout.GotoCenter -> Scout.Query | return to random walk
[7 INFO main 74669] Scout.Query -> Scout.GotoCenter | Drive to others reported pos
[7 INFO main 79473] Scout.GotoCenter -> Scout.Query | return to random walk
[7 INFO main 79979] Scout.Query -> Scout.GotoCenter | Drive to others reported pos
[7 INFO main 80573] Scout.GotoCenter -> Scout.Query | return to random walk
[7 INFO main 81071] Scout.Query -> Scout.GotoCenter | Drive to others reported pos
[7 INFO main 88488] Scout.GotoCenter -> Scout.Query | return to random walk
[7 INFO main 90288] Scout.Query -> Scout.GotoCenter | Drive to others reported pos
[7 INFO main 90587] Scout.GotoCenter -> Scout.Query | return to random walk
