[7 INFO main 27] Initialising Python Geth Console...
[7 INFO main 32] Initialising RandB board...
[7 INFO main 32] Initialising navigation...
[7 INFO main 32] Initialising random-walk...
[7 INFO main 32] Initialising odometry...
[7 INFO main 32] Initialising ground-sensors...
[7 INFO main 621] --//-- Starting Experiment --//--
[7 INFO main 1729] Idle.IDLE -> Scout.Query | Duration: 20.24
[7 INFO main 15990] Scout.Query -> Scout.GotoCenter | Drive to others reported pos
[7 INFO main 30611] Scout.GotoCenter -> Scout.Query | return to random walk
[7 INFO main 101610] Scout.Query -> Scout.GotoCenter | Drive to others reported pos
[7 INFO main 192323] Scout.GotoCenter -> Scout.Query | return to random walk
[7 INFO main 222840] Scout.Query -> Scout.GotoCenter | Drive to others reported pos
[7 INFO main 253517] Scout.GotoCenter -> Scout.Query | return to random walk
[7 INFO main 283984] Scout.Query -> Scout.GotoCenter | Drive to others reported pos
[7 INFO main 307891] Scout.GotoCenter -> Scout.Query | return to random walk
[7 INFO main 343447] Scout.Query -> Scout.GotoCenter | Drive to others reported pos
[7 INFO main 417521] Scout.GotoCenter -> Scout.Query | return to random walk
[7 INFO main 473242] Scout.Query -> Scout.GotoCenter | Drive to others reported pos
[7 INFO main 512891] Scout.GotoCenter -> Scout.Query | return to random walk
[7 INFO main 574389] Scout.Query -> Scout.GotoCenter | Drive to others reported pos
[7 INFO main 598529] Scout.GotoCenter -> Scout.Query | return to random walk
[7 INFO main 736930] Scout.Query -> Scout.GotoCenter | Drive to others reported pos
[7 INFO main 773188] Scout.GotoCenter -> Scout.Query | return to random walk
[7 INFO main 819026] Scout.Query -> Scout.GotoCenter | Drive to others reported pos
[7 INFO main 851573] Scout.GotoCenter -> Scout.Query | return to random walk
[7 INFO main 872075] Scout.Query -> Scout.GotoCenter | Drive to others reported pos
[7 INFO main 930624] Scout.GotoCenter -> Scout.Query | return to random walk
