[15 INFO main 27] Initialising Python Geth Console...
[15 INFO main 31] Initialising RandB board...
[15 INFO main 31] Initialising navigation...
[15 INFO main 31] Initialising random-walk...
[15 INFO main 31] Initialising odometry...
[15 INFO main 31] Initialising ground-sensors...
[15 INFO main 55] --//-- Starting Experiment --//--
[15 INFO main 1547] Idle.IDLE -> Faulty.Pending | 
[15 INFO main 21658] Faulty.Pending -> Faulty.DriveTo | Drive to fake source point
[15 INFO main 47633] Faulty.DriveTo -> Faulty.Homing | Homing
[15 INFO main 62100] Confirming: 1/9
[15 INFO main 62364] Faulty.Homing -> Faulty.Pending | Pending random walk
[15 INFO main 62455] Faulty.Pending -> Faulty.DriveTo | Drive to fake source point
[15 INFO main 64122] Confirming: 2/9
[15 INFO main 66158] Confirming: 3/9
[15 INFO main 68216] Confirming: 4/9
[15 INFO main 70238] Confirming: 5/9
[15 INFO main 72290] Confirming: 6/9
[15 INFO main 74304] Confirming: 7/9
[15 INFO main 76333] Confirming: 8/9
[15 INFO main 78406] Confirming: 9/9
[15 INFO main 84401] Faulty.DriveTo -> Faulty.Homing | Homing
[15 INFO main 100413] Faulty.Homing -> Faulty.Pending | Pending random walk
[15 INFO main 100526] Faulty.Pending -> Faulty.DriveTo | Drive to fake source point
[15 INFO main 105017] Confirming: 1/9
[15 INFO main 107055] Confirming: 2/9
[15 INFO main 109140] Confirming: 3/9
[15 INFO main 111165] Confirming: 4/9
[15 INFO main 113134] Confirming: 5/9
[15 INFO main 115202] Confirming: 6/9
[15 INFO main 117269] Confirming: 7/9
[15 INFO main 119368] Confirming: 8/9
[15 INFO main 121404] Confirming: 9/9
[15 INFO main 133062] Faulty.DriveTo -> Faulty.Homing | Homing
[15 INFO main 153843] Confirming: 2/9
[15 INFO main 157931] Confirming: 4/9
[15 INFO main 158385] Faulty.Homing -> Faulty.Pending | Pending random walk
[15 INFO main 158423] Faulty.Pending -> Faulty.DriveTo | Drive to fake source point
[15 INFO main 160018] Confirming: 5/9
[15 INFO main 162036] Confirming: 6/9
[15 INFO main 164120] Confirming: 7/9
[15 INFO main 166132] Confirming: 8/9
[15 INFO main 168050] Confirming: 9/9
[15 INFO main 209472] Faulty.DriveTo -> Faulty.Homing | Homing
[15 INFO main 225939] Faulty.Homing -> Faulty.Pending | Pending random walk
[15 INFO main 225972] Faulty.Pending -> Faulty.DriveTo | Drive to fake source point
[15 INFO main 226272] Confirming: 2/9
[15 INFO main 228306] Confirming: 3/9
[15 INFO main 230348] Confirming: 4/9
[15 INFO main 232903] Confirming: 5/9
[15 INFO main 234936] Confirming: 6/9
[15 INFO main 237070] Confirming: 7/9
[15 INFO main 239197] Confirming: 8/9
[15 INFO main 241318] Confirming: 9/9
[15 INFO main 266262] Faulty.DriveTo -> Faulty.Homing | Homing
[15 INFO main 285080] Faulty.Homing -> Faulty.Pending | Pending random walk
[15 INFO main 285207] Faulty.Pending -> Faulty.DriveTo | Drive to fake source point
[15 INFO main 285439] Confirming: 1/9
[15 INFO main 287475] Confirming: 2/9
[15 INFO main 289547] Confirming: 3/9
[15 INFO main 291594] Confirming: 4/9
[15 INFO main 293614] Confirming: 6/9
[15 INFO main 295660] Confirming: 7/9
[15 INFO main 297676] Confirming: 8/9
[15 INFO main 301713] Confirming: 9/9
[15 INFO main 322069] Faulty.DriveTo -> Faulty.Homing | Homing
[15 INFO main 337020] Faulty.Homing -> Faulty.Pending | Pending random walk
[15 INFO main 337119] Faulty.Pending -> Faulty.DriveTo | Drive to fake source point
[15 INFO main 344950] Confirming: 1/9
[15 INFO main 347093] Confirming: 2/9
[15 INFO main 349239] Confirming: 3/9
[15 INFO main 351295] Confirming: 4/9
[15 INFO main 353443] Confirming: 5/9
[15 INFO main 355459] Confirming: 6/9
[15 INFO main 357492] Confirming: 7/9
[15 INFO main 359538] Confirming: 8/9
[15 INFO main 361633] Confirming: 9/9
[15 INFO main 371755] Faulty.DriveTo -> Faulty.Homing | Homing
[15 INFO main 395304] Faulty.Homing -> Faulty.Pending | Pending random walk
[15 INFO main 395499] Faulty.Pending -> Faulty.DriveTo | Drive to fake source point
[15 INFO main 405282] Confirming: 1/9
[15 INFO main 407397] Confirming: 2/9
[15 INFO main 409434] Confirming: 3/9
[15 INFO main 411520] Confirming: 4/9
[15 INFO main 413619] Confirming: 5/9
[15 INFO main 415711] Confirming: 6/9
[15 INFO main 417747] Confirming: 7/9
[15 INFO main 419863] Confirming: 8/9
[15 INFO main 421998] Confirming: 10/9
[15 INFO main 442285] Faulty.DriveTo -> Faulty.Homing | Homing
[15 INFO main 459018] Faulty.Homing -> Faulty.Pending | Pending random walk
[15 INFO main 459105] Faulty.Pending -> Faulty.DriveTo | Drive to fake source point
[15 INFO main 465192] Confirming: 1/9
[15 INFO main 467230] Confirming: 2/9
[15 INFO main 469312] Confirming: 3/9
[15 INFO main 471336] Confirming: 4/9
[15 INFO main 477647] Confirming: 7/9
[15 INFO main 479712] Confirming: 8/9
[15 INFO main 481836] Confirming: 9/9
[15 INFO main 484814] Faulty.DriveTo -> Faulty.Homing | Homing
[15 INFO main 497271] Confirming: 2/9
[15 INFO main 499299] Confirming: 3/9
[15 INFO main 501354] Confirming: 4/9
[15 INFO main 502760] Faulty.Homing -> Faulty.Pending | Pending random walk
[15 INFO main 502995] Faulty.Pending -> Faulty.DriveTo | Drive to fake source point
[15 INFO main 503379] Confirming: 5/9
[15 INFO main 505482] Confirming: 6/9
[15 INFO main 507508] Confirming: 7/9
[15 INFO main 509580] Confirming: 8/9
[15 INFO main 511738] Confirming: 9/9
[15 INFO main 516450] Faulty.DriveTo -> Faulty.Homing | Homing
[15 INFO main 524666] Confirming: 1/9
[15 INFO main 526754] Confirming: 2/9
[15 INFO main 528150] Faulty.Homing -> Faulty.Pending | Pending random walk
[15 INFO main 528172] Faulty.Pending -> Faulty.DriveTo | Drive to fake source point
[15 INFO main 528823] Confirming: 3/9
[15 INFO main 533021] Confirming: 5/9
[15 INFO main 535126] Confirming: 6/9
[15 INFO main 537134] Confirming: 7/9
[15 INFO main 539185] Confirming: 8/9
[15 INFO main 541453] Confirming: 9/9
[15 INFO main 545055] Faulty.DriveTo -> Faulty.Homing | Homing
[15 INFO main 555672] Confirming: 1/9
[15 INFO main 557685] Confirming: 2/9
[15 INFO main 559002] Faulty.Homing -> Faulty.Pending | Pending random walk
[15 INFO main 559175] Faulty.Pending -> Faulty.DriveTo | Drive to fake source point
[15 INFO main 559679] Confirming: 3/9
[15 INFO main 561742] Confirming: 4/9
[15 INFO main 563918] Confirming: 5/9
[15 INFO main 565988] Confirming: 6/9
[15 INFO main 568018] Confirming: 7/9
[15 INFO main 570041] Confirming: 8/9
[15 INFO main 572593] Confirming: 9/9
[15 INFO main 605441] Faulty.DriveTo -> Faulty.Homing | Homing
[15 INFO main 615867] Confirming: 1/9
[15 INFO main 617878] Confirming: 2/9
[15 INFO main 618333] Faulty.Homing -> Faulty.Pending | Pending random walk
[15 INFO main 618414] Faulty.Pending -> Faulty.DriveTo | Drive to fake source point
[15 INFO main 619935] Confirming: 3/9
[15 INFO main 621954] Confirming: 4/9
[15 INFO main 623874] Confirming: 5/9
[15 INFO main 625973] Confirming: 6/9
[15 INFO main 628076] Confirming: 7/9
[15 INFO main 630153] Confirming: 8/9
[15 INFO main 632247] Confirming: 9/9
[15 INFO main 641028] Faulty.DriveTo -> Faulty.Homing | Homing
[15 INFO main 645285] Confirming: 1/9
[15 INFO main 647361] Confirming: 2/9
[15 INFO main 649454] Confirming: 3/9
[15 INFO main 651489] Confirming: 4/9
[15 INFO main 653495] Confirming: 5/9
[15 INFO main 655541] Confirming: 6/9
[15 INFO main 656446] Faulty.Homing -> Faulty.Pending | Pending random walk
[15 INFO main 656542] Faulty.Pending -> Faulty.DriveTo | Drive to fake source point
[15 INFO main 657628] Confirming: 7/9
[15 INFO main 659708] Confirming: 8/9
[15 INFO main 661754] Confirming: 9/9
[15 INFO main 684521] Faulty.DriveTo -> Faulty.Homing | Homing
[15 INFO main 705151] Confirming: 1/9
[15 INFO main 707259] Confirming: 2/9
[15 INFO main 709379] Confirming: 3/9
[15 INFO main 711538] Confirming: 4/9
[15 INFO main 711907] Faulty.Homing -> Faulty.Pending | Pending random walk
[15 INFO main 711993] Faulty.Pending -> Faulty.DriveTo | Drive to fake source point
[15 INFO main 713765] Confirming: 5/9
[15 INFO main 715849] Confirming: 6/9
[15 INFO main 718162] Confirming: 7/9
[15 INFO main 720368] Confirming: 8/9
[15 INFO main 722372] Confirming: 9/9
[15 INFO main 736254] Faulty.DriveTo -> Faulty.Homing | Homing
[15 INFO main 750967] Confirming: 1/9
[15 INFO main 751431] Faulty.Homing -> Faulty.Pending | Pending random walk
[15 INFO main 751457] Faulty.Pending -> Faulty.DriveTo | Drive to fake source point
[15 INFO main 753147] Confirming: 2/9
[15 INFO main 755362] Confirming: 3/9
[15 INFO main 757517] Confirming: 4/9
[15 INFO main 759550] Confirming: 5/9
[15 INFO main 761562] Confirming: 6/9
[15 INFO main 763623] Confirming: 7/9
[15 INFO main 765636] Confirming: 8/9
[15 INFO main 769782] Confirming: 10/9
[15 INFO main 813878] Faulty.DriveTo -> Faulty.Homing | Homing
[15 INFO main 826542] Confirming: 1/9
[15 INFO main 828697] Confirming: 3/9
[15 INFO main 831846] Faulty.Homing -> Faulty.Pending | Pending random walk
[15 INFO main 831931] Faulty.Pending -> Faulty.DriveTo | Drive to fake source point
[15 INFO main 832859] Confirming: 4/9
[15 INFO main 834931] Confirming: 5/9
[15 INFO main 836941] Confirming: 7/9
[15 INFO main 841216] Confirming: 9/9
[15 INFO main 854070] Faulty.DriveTo -> Faulty.Homing | Homing
[15 INFO main 865785] Faulty.Homing -> Faulty.Pending | Pending random walk
[15 INFO main 865877] Faulty.Pending -> Faulty.DriveTo | Drive to fake source point
[15 INFO main 885886] Confirming: 1/9
[15 INFO main 887958] Confirming: 2/9
[15 INFO main 890035] Confirming: 3/9
[15 INFO main 892037] Confirming: 4/9
[15 INFO main 894159] Confirming: 5/9
[15 INFO main 896315] Confirming: 6/9
[15 INFO main 898399] Confirming: 7/9
[15 INFO main 900476] Confirming: 8/9
[15 INFO main 902518] Confirming: 9/9
[15 INFO main 903862] Faulty.DriveTo -> Faulty.Homing | Homing
[15 INFO main 916433] Confirming: 1/9
[15 INFO main 918516] Confirming: 2/9
[15 INFO main 920789] Confirming: 4/9
[15 INFO main 922822] Confirming: 5/9
[15 INFO main 924937] Confirming: 6/9
[15 INFO main 925961] Faulty.Homing -> Faulty.Pending | Pending random walk
[15 INFO main 926075] Faulty.Pending -> Faulty.DriveTo | Drive to fake source point
[15 INFO main 927035] Confirming: 7/9
[15 INFO main 931157] Confirming: 9/9
[15 INFO main 946643] Faulty.DriveTo -> Faulty.Homing | Homing
[15 INFO main 960141] Faulty.Homing -> Faulty.Pending | Pending random walk
[15 INFO main 960235] Faulty.Pending -> Faulty.DriveTo | Drive to fake source point
[15 INFO main 976292] Confirming: 1/9
[15 INFO main 978310] Confirming: 2/9
[15 INFO main 980366] Confirming: 3/9
[15 INFO main 982494] Confirming: 4/9
[15 INFO main 984570] Confirming: 5/9
[15 INFO main 986609] Confirming: 7/9
[15 INFO main 988653] Confirming: 8/9
[15 INFO main 992743] Confirming: 10/9
[15 INFO main 1030830] Faulty.DriveTo -> Faulty.Homing | Homing
[15 INFO main 1042996] Faulty.Homing -> Faulty.Pending | Pending random walk
[15 INFO main 1043086] Faulty.Pending -> Faulty.DriveTo | Drive to fake source point
[15 INFO main 1043259] Confirming: 1/9
[15 INFO main 1045385] Confirming: 2/9
[15 INFO main 1047395] Confirming: 3/9
[15 INFO main 1049408] Confirming: 4/9
[15 INFO main 1051507] Confirming: 5/9
[15 INFO main 1053567] Confirming: 6/9
[15 INFO main 1055659] Confirming: 7/9
[15 INFO main 1057739] Confirming: 8/9
[15 INFO main 1059834] Confirming: 9/9
[15 INFO main 1060088] Faulty.DriveTo -> Faulty.Homing | Homing
[15 INFO main 1066329] Confirming: 1/9
[15 INFO main 1068481] Confirming: 2/9
[15 INFO main 1070558] Confirming: 3/9
[15 INFO main 1072609] Confirming: 4/9
[15 INFO main 1073871] Faulty.Homing -> Faulty.Pending | Pending random walk
[15 INFO main 1073965] Faulty.Pending -> Faulty.DriveTo | Drive to fake source point
[15 INFO main 1074581] Confirming: 5/9
[15 INFO main 1076722] Confirming: 7/9
[15 INFO main 1078775] Confirming: 8/9
[15 INFO main 1080739] Confirming: 9/9
[15 INFO main 1118804] Faulty.DriveTo -> Faulty.Homing | Homing
[15 INFO main 1125104] Confirming: 1/9
[15 INFO main 1127140] Confirming: 2/9
[15 INFO main 1129231] Confirming: 3/9
[15 INFO main 1131238] Confirming: 4/9
[15 INFO main 1133257] Confirming: 5/9
[15 INFO main 1135286] Confirming: 6/9
[15 INFO main 1135579] Faulty.Homing -> Faulty.Pending | Pending random walk
[15 INFO main 1135613] Faulty.Pending -> Faulty.DriveTo | Drive to fake source point
[15 INFO main 1137330] Confirming: 7/9
[15 INFO main 1139465] Confirming: 8/9
[15 INFO main 1141602] Confirming: 9/9
[15 INFO main 1185575] Faulty.DriveTo -> Faulty.Homing | Homing
[15 INFO main 1209963] Faulty.Homing -> Faulty.Pending | Pending random walk
[15 INFO main 1210048] Faulty.Pending -> Faulty.DriveTo | Drive to fake source point
[15 INFO main 1214836] Confirming: 1/9
[15 INFO main 1218949] Confirming: 3/9
[15 INFO main 1220962] Confirming: 4/9
[15 INFO main 1222995] Confirming: 5/9
[15 INFO main 1225023] Confirming: 6/9
[15 INFO main 1227238] Confirming: 7/9
[15 INFO main 1229279] Confirming: 8/9
[15 INFO main 1231411] Confirming: 9/9
[15 INFO main 1278274] Faulty.DriveTo -> Faulty.Homing | Homing
[15 INFO main 1291887] Faulty.Homing -> Faulty.Pending | Pending random walk
[15 INFO main 1291895] Faulty.Pending -> Faulty.DriveTo | Drive to fake source point
[15 INFO main 1306994] Confirming: 1/9
[15 INFO main 1309018] Confirming: 3/9
[15 INFO main 1313086] Confirming: 4/9
[15 INFO main 1315142] Confirming: 6/9
[15 INFO main 1317221] Confirming: 7/9
[15 INFO main 1321281] Confirming: 8/9
[15 INFO main 1323297] Confirming: 10/9
[15 INFO main 1344191] Faulty.DriveTo -> Faulty.Homing | Homing
[15 INFO main 1364001] Faulty.Homing -> Faulty.Pending | Pending random walk
[15 INFO main 1364023] Faulty.Pending -> Faulty.DriveTo | Drive to fake source point
[15 INFO main 1365187] Confirming: 1/9
[15 INFO main 1367196] Confirming: 2/9
[15 INFO main 1371349] Confirming: 4/9
[15 INFO main 1373414] Confirming: 5/9
[15 INFO main 1375438] Confirming: 6/9
[15 INFO main 1377507] Confirming: 7/9
[15 INFO main 1379610] Confirming: 8/9
[15 INFO main 1381615] Confirming: 9/9
[15 INFO main 1394154] Faulty.DriveTo -> Faulty.Homing | Homing
[15 INFO main 1416766] Confirming: 2/9
[15 INFO main 1418917] Faulty.Homing -> Faulty.Pending | Pending random walk
[15 INFO main 1419121] Faulty.Pending -> Faulty.DriveTo | Drive to fake source point
[15 INFO main 1420918] Confirming: 3/9
[15 INFO main 1422930] Confirming: 4/9
[15 INFO main 1425008] Confirming: 5/9
[15 INFO main 1427032] Confirming: 6/9
[15 INFO main 1429102] Confirming: 7/9
[15 INFO main 1431147] Confirming: 9/9
[15 INFO main 1435744] Faulty.DriveTo -> Faulty.Homing | Homing
[15 INFO main 1457010] Confirming: 2/9
[15 INFO main 1459129] Confirming: 3/9
[15 INFO main 1459421] Faulty.Homing -> Faulty.Pending | Pending random walk
[15 INFO main 1459433] Faulty.Pending -> Faulty.DriveTo | Drive to fake source point
[15 INFO main 1463192] Confirming: 5/9
[15 INFO main 1465210] Confirming: 6/9
[15 INFO main 1467299] Confirming: 7/9
[15 INFO main 1469368] Confirming: 8/9
[15 INFO main 1471427] Confirming: 9/9
[15 INFO main 1491061] Faulty.DriveTo -> Faulty.Homing | Homing
[15 INFO main 1495071] Faulty.Homing -> Faulty.Pending | Pending random walk
[15 INFO main 1495144] Faulty.Pending -> Faulty.DriveTo | Drive to fake source point
[15 INFO main 1516064] Confirming: 1/9
[15 INFO main 1518153] Confirming: 2/9
[15 INFO main 1520192] Confirming: 3/9
[15 INFO main 1522277] Confirming: 4/9
[15 INFO main 1524307] Confirming: 5/9
[15 INFO main 1526623] Confirming: 7/9
[15 INFO main 1530719] Confirming: 8/9
[15 INFO main 1532739] Confirming: 10/9
[15 INFO main 1538713] Faulty.DriveTo -> Faulty.Homing | Homing
[15 INFO main 1544927] Confirming: 1/9
[15 INFO main 1546303] Faulty.Homing -> Faulty.Pending | Pending random walk
[15 INFO main 1546340] Faulty.Pending -> Faulty.DriveTo | Drive to fake source point
[15 INFO main 1549047] Confirming: 2/9
[15 INFO main 1551120] Confirming: 4/9
[15 INFO main 1553200] Confirming: 5/9
[15 INFO main 1555230] Confirming: 6/9
[15 INFO main 1557266] Confirming: 7/9
[15 INFO main 1559361] Confirming: 8/9
[15 INFO main 1561391] Confirming: 9/9
[15 INFO main 1585205] Faulty.DriveTo -> Faulty.Homing | Homing
[15 INFO main 1599355] Faulty.Homing -> Faulty.Pending | Pending random walk
[15 INFO main 1599506] Faulty.Pending -> Faulty.DriveTo | Drive to fake source point
[15 INFO main 1605747] Confirming: 1/9
[15 INFO main 1607812] Confirming: 2/9
[15 INFO main 1609870] Confirming: 3/9
[15 INFO main 1611882] Confirming: 4/9
[15 INFO main 1614117] Confirming: 5/9
[15 INFO main 1616162] Confirming: 6/9
[15 INFO main 1618207] Confirming: 7/9
[15 INFO main 1620235] Confirming: 8/9
[15 INFO main 1622230] Confirming: 9/9
[15 INFO main 1625282] Faulty.DriveTo -> Faulty.Homing | Homing
[15 INFO main 1635891] Confirming: 1/9
[15 INFO main 1639742] Faulty.Homing -> Faulty.Pending | Pending random walk
[15 INFO main 1639748] Faulty.Pending -> Faulty.DriveTo | Drive to fake source point
[15 INFO main 1640193] Confirming: 2/9
[15 INFO main 1642277] Confirming: 3/9
[15 INFO main 1646391] Confirming: 5/9
[15 INFO main 1648479] Confirming: 6/9
[15 INFO main 1650642] Confirming: 7/9
[15 INFO main 1652702] Confirming: 9/9
[15 INFO main 1658986] Faulty.DriveTo -> Faulty.Homing | Homing
[15 INFO main 1673657] Confirming: 2/9
[15 INFO main 1675540] Faulty.Homing -> Faulty.Pending | Pending random walk
[15 INFO main 1675765] Faulty.Pending -> Faulty.DriveTo | Drive to fake source point
[15 INFO main 1677853] Confirming: 4/9
[15 INFO main 1681890] Confirming: 6/9
[15 INFO main 1688105] Confirming: 9/9
[15 INFO main 1702255] Faulty.DriveTo -> Faulty.Homing | Homing
[15 INFO main 1713774] Faulty.Homing -> Faulty.Pending | Pending random walk
[15 INFO main 1713790] Faulty.Pending -> Faulty.DriveTo | Drive to fake source point
[15 INFO main 1750613] Confirming: 1/9
[15 INFO main 1752917] Confirming: 2/9
[15 INFO main 1754945] Confirming: 3/9
[15 INFO main 1757040] Confirming: 4/9
[15 INFO main 1759007] Confirming: 5/9
[15 INFO main 1761134] Confirming: 6/9
[15 INFO main 1763186] Confirming: 7/9
[15 INFO main 1765334] Confirming: 8/9
[15 INFO main 1767355] Confirming: 9/9
[15 INFO main 1769778] Faulty.DriveTo -> Faulty.Homing | Homing
[15 INFO main 1788704] Confirming: 1/9
[15 INFO main 1790752] Confirming: 2/9
[15 INFO main 1792828] Confirming: 3/9
[15 INFO main 1793054] Faulty.Homing -> Faulty.Pending | Pending random walk
[15 INFO main 1793150] Faulty.Pending -> Faulty.DriveTo | Drive to fake source point
[15 INFO main 1794877] Confirming: 4/9
[15 INFO main 1796910] Confirming: 5/9
[15 INFO main 1798962] Confirming: 6/9
[15 INFO main 1801044] Confirming: 7/9
[15 INFO main 1803129] Confirming: 8/9
[15 INFO main 1805233] Confirming: 9/9
[15 INFO main 1825830] Faulty.DriveTo -> Faulty.Homing | Homing
[15 INFO main 1845825] Faulty.Homing -> Faulty.Pending | Pending random walk
[15 INFO main 1846058] Faulty.Pending -> Faulty.DriveTo | Drive to fake source point
[15 INFO main 1848733] Confirming: 1/9
[15 INFO main 1850790] Confirming: 2/9
[15 INFO main 1852895] Confirming: 3/9
[15 INFO main 1854958] Confirming: 4/9
[15 INFO main 1857042] Confirming: 5/9
[15 INFO main 1859083] Confirming: 6/9
[15 INFO main 1861114] Confirming: 7/9
[15 INFO main 1863294] Confirming: 8/9
[15 INFO main 1865302] Confirming: 9/9
[15 INFO main 1913761] Faulty.DriveTo -> Faulty.Homing | Homing
[15 INFO main 1930550] Confirming: 1/9
[15 INFO main 1932607] Confirming: 2/9
[15 INFO main 1934159] Faulty.Homing -> Faulty.Pending | Pending random walk
[15 INFO main 1934331] Faulty.Pending -> Faulty.DriveTo | Drive to fake source point
[15 INFO main 1934665] Confirming: 3/9
[15 INFO main 1936665] Confirming: 4/9
[15 INFO main 1938717] Confirming: 5/9
[15 INFO main 1940742] Confirming: 6/9
[15 INFO main 1942790] Confirming: 7/9
[15 INFO main 1944885] Confirming: 8/9
[15 INFO main 1946928] Confirming: 9/9
[15 INFO main 1954890] Faulty.DriveTo -> Faulty.Homing | Homing
[15 INFO main 1963850] Faulty.Homing -> Faulty.Pending | Pending random walk
[15 INFO main 1963889] Faulty.Pending -> Faulty.DriveTo | Drive to fake source point
[15 INFO main 1969935] Confirming: 2/9
[15 INFO main 1974067] Confirming: 4/9
[15 INFO main 1978267] Confirming: 6/9
[15 INFO main 1982309] Confirming: 8/9
[15 INFO main 1984325] Confirming: 9/9
[15 INFO main 1985045] Faulty.DriveTo -> Faulty.Homing | Homing
[15 INFO main 1999522] Confirming: 1/9
[15 INFO main 2000947] Faulty.Homing -> Faulty.Pending | Pending random walk
[15 INFO main 2001036] Faulty.Pending -> Faulty.DriveTo | Drive to fake source point
[15 INFO main 2001549] Confirming: 2/9
[15 INFO main 2003646] Confirming: 3/9
[15 INFO main 2005698] Confirming: 5/9
[15 INFO main 2007731] Confirming: 6/9
[15 INFO main 2011859] Confirming: 8/9
[15 INFO main 2016004] Confirming: 10/9
[15 INFO main 2028289] Faulty.DriveTo -> Faulty.Homing | Homing
[15 INFO main 2046302] Faulty.Homing -> Faulty.Pending | Pending random walk
[15 INFO main 2046380] Faulty.Pending -> Faulty.DriveTo | Drive to fake source point
[15 INFO main 2059429] Confirming: 1/9
[15 INFO main 2061448] Confirming: 2/9
[15 INFO main 2063568] Confirming: 3/9
[15 INFO main 2065689] Confirming: 5/9
[15 INFO main 2067846] Confirming: 6/9
[15 INFO main 2071934] Confirming: 8/9
[15 INFO main 2073988] Confirming: 9/9
[15 INFO main 2079033] Faulty.DriveTo -> Faulty.Homing | Homing
[15 INFO main 2089388] Confirming: 1/9
[15 INFO main 2091474] Confirming: 2/9
[15 INFO main 2093521] Confirming: 3/9
[15 INFO main 2095574] Confirming: 4/9
[15 INFO main 2097718] Confirming: 6/9
[15 INFO main 2099761] Confirming: 7/9
[15 INFO main 2100942] Faulty.Homing -> Faulty.Pending | Pending random walk
[15 INFO main 2100954] Faulty.Pending -> Faulty.DriveTo | Drive to fake source point
[15 INFO main 2101763] Confirming: 8/9
[15 INFO main 2103776] Confirming: 9/9
[15 INFO main 2130324] Faulty.DriveTo -> Faulty.Homing | Homing
[15 INFO main 2149895] Confirming: 2/9
[15 INFO main 2150216] Faulty.Homing -> Faulty.Pending | Pending random walk
[15 INFO main 2150224] Faulty.Pending -> Faulty.DriveTo | Drive to fake source point
[15 INFO main 2151982] Confirming: 3/9
[15 INFO main 2154078] Confirming: 4/9
[15 INFO main 2156079] Confirming: 5/9
[15 INFO main 2158096] Confirming: 6/9
[15 INFO main 2160102] Confirming: 7/9
[15 INFO main 2162130] Confirming: 8/9
[15 INFO main 2164218] Confirming: 9/9
[15 INFO main 2164491] Faulty.DriveTo -> Faulty.Homing | Homing
[15 INFO main 2179512] Confirming: 1/9
[15 INFO main 2179748] Faulty.Homing -> Faulty.Pending | Pending random walk
[15 INFO main 2180018] Faulty.Pending -> Faulty.DriveTo | Drive to fake source point
[15 INFO main 2181581] Confirming: 2/9
[15 INFO main 2183589] Confirming: 4/9
[15 INFO main 2187613] Confirming: 5/9
[15 INFO main 2189640] Confirming: 7/9
[15 INFO main 2191598] Confirming: 8/9
[15 INFO main 2195887] Confirming: 9/9
[15 INFO main 2202244] Faulty.DriveTo -> Faulty.Homing | Homing
[15 INFO main 2208590] Confirming: 1/9
[15 INFO main 2210651] Confirming: 2/9
[15 INFO main 2212746] Confirming: 3/9
[15 INFO main 2214771] Confirming: 4/9
[15 INFO main 2216864] Confirming: 5/9
[15 INFO main 2218941] Confirming: 6/9
[15 INFO main 2220998] Confirming: 7/9
[15 INFO main 2223090] Confirming: 8/9
[15 INFO main 2224650] Faulty.Homing -> Faulty.Pending | Pending random walk
[15 INFO main 2224841] Faulty.Pending -> Faulty.DriveTo | Drive to fake source point
[15 INFO main 2225166] Confirming: 9/9
[15 INFO main 2238785] Faulty.DriveTo -> Faulty.Homing | Homing
[15 INFO main 2248319] Faulty.Homing -> Faulty.Pending | Pending random walk
[15 INFO main 2248464] Faulty.Pending -> Faulty.DriveTo | Drive to fake source point
[15 INFO main 2272567] Confirming: 3/9
[15 INFO main 2305600] Confirming: 4/9
[15 INFO main 2307624] Confirming: 6/9
[15 INFO main 2309674] Confirming: 7/9
[15 INFO main 2311789] Confirming: 8/9
[15 INFO main 2313862] Confirming: 9/9
[15 INFO main 2318723] Faulty.DriveTo -> Faulty.Homing | Homing
[15 INFO main 2329470] Confirming: 1/9
[15 INFO main 2331596] Confirming: 3/9
[15 INFO main 2333457] Faulty.Homing -> Faulty.Pending | Pending random walk
[15 INFO main 2333814] Confirming: 4/9
[15 INFO main 2333814] Faulty.Pending -> Faulty.DriveTo | Drive to fake source point
[15 INFO main 2338002] Confirming: 5/9
[15 INFO main 2340192] Confirming: 7/9
[15 INFO main 2342143] Confirming: 8/9
[15 INFO main 2344234] Confirming: 9/9
[15 INFO main 2406772] Faulty.DriveTo -> Faulty.Homing | Homing
[15 INFO main 2419571] Confirming: 1/9
[15 INFO main 2422968] Faulty.Homing -> Faulty.Pending | Pending random walk
[15 INFO main 2423059] Faulty.Pending -> Faulty.DriveTo | Drive to fake source point
[15 INFO main 2423593] Confirming: 3/9
[15 INFO main 2425812] Confirming: 5/9
[15 INFO main 2429865] Confirming: 6/9
[15 INFO main 2433962] Confirming: 8/9
[15 INFO main 2435983] Confirming: 10/9
[15 INFO main 2447761] Faulty.DriveTo -> Faulty.Homing | Homing
[15 INFO main 2464897] Faulty.Homing -> Faulty.Pending | Pending random walk
[15 INFO main 2465245] Faulty.Pending -> Faulty.DriveTo | Drive to fake source point
[15 INFO main 2468933] Confirming: 1/9
[15 INFO main 2471196] Confirming: 2/9
[15 INFO main 2473238] Confirming: 3/9
[15 INFO main 2475267] Confirming: 4/9
[15 INFO main 2477338] Confirming: 5/9
[15 INFO main 2479360] Confirming: 6/9
[15 INFO main 2481480] Confirming: 7/9
[15 INFO main 2483529] Confirming: 8/9
[15 INFO main 2485555] Confirming: 9/9
[15 INFO main 2492913] Faulty.DriveTo -> Faulty.Homing | Homing
[15 INFO main 2509712] Confirming: 2/9
[15 INFO main 2513775] Confirming: 4/9
[15 INFO main 2515896] Confirming: 5/9
[15 INFO main 2518008] Confirming: 6/9
[15 INFO main 2520058] Confirming: 7/9
[15 INFO main 2522236] Confirming: 8/9
[15 INFO main 2522987] Faulty.Homing -> Faulty.Pending | Pending random walk
[15 INFO main 2523100] Faulty.Pending -> Faulty.DriveTo | Drive to fake source point
[15 INFO main 2524354] Confirming: 9/9
[15 INFO main 2554520] Faulty.DriveTo -> Faulty.Homing | Homing
[15 INFO main 2569206] Confirming: 1/9
[15 INFO main 2571295] Confirming: 2/9
[15 INFO main 2573319] Confirming: 3/9
[15 INFO main 2575332] Confirming: 4/9
[15 INFO main 2577405] Confirming: 5/9
[15 INFO main 2579505] Confirming: 6/9
[15 INFO main 2581530] Confirming: 7/9
[15 INFO main 2583546] Confirming: 8/9
[15 INFO main 2583682] Faulty.Homing -> Faulty.Pending | Pending random walk
[15 INFO main 2584020] Faulty.Pending -> Faulty.DriveTo | Drive to fake source point
[15 INFO main 2585574] Confirming: 9/9
[15 INFO main 2593375] Faulty.DriveTo -> Faulty.Homing | Homing
[15 INFO main 2599691] Confirming: 2/9
[15 INFO main 2600992] Faulty.Homing -> Faulty.Pending | Pending random walk
[15 INFO main 2601071] Faulty.Pending -> Faulty.DriveToReal | Go to real unverified source
[15 INFO main 2601723] Confirming: 3/9
[15 INFO main 2603857] Confirming: 4/9
[15 INFO main 2606046] Confirming: 5/9
[15 INFO main 2608238] Confirming: 6/9
[15 INFO main 2610278] Confirming: 7/9
[15 INFO main 2612539] Confirming: 8/9
[15 INFO main 2614588] Confirming: 9/9
[15 INFO main 2645685] Faulty.DriveToReal -> Faulty.Homing | Homing
[15 INFO main 2658245] Confirming: 1/9
[15 INFO main 2660325] Confirming: 2/9
[15 INFO main 2661964] Faulty.Homing -> Faulty.Pending | Pending random walk
[15 INFO main 2662074] Faulty.Pending -> Faulty.DriveTo | Drive to fake source point
[15 INFO main 2662376] Confirming: 3/9
[15 INFO main 2664410] Confirming: 4/9
[15 INFO main 2666481] Confirming: 5/9
[15 INFO main 2668661] Confirming: 6/9
[15 INFO main 2670699] Confirming: 7/9
[15 INFO main 2672706] Confirming: 8/9
[15 INFO main 2674761] Confirming: 9/9
[15 INFO main 2687091] Faulty.DriveTo -> Faulty.Homing | Homing
[15 INFO main 2717903] Faulty.Homing -> Faulty.Pending | Pending random walk
[15 INFO main 2718093] Confirming: 1/9
[15 INFO main 2718093] Faulty.Pending -> Faulty.DriveTo | Drive to fake source point
[15 INFO main 2720167] Confirming: 2/9
[15 INFO main 2722258] Confirming: 3/9
[15 INFO main 2724310] Confirming: 4/9
[15 INFO main 2726353] Confirming: 5/9
[15 INFO main 2728397] Confirming: 6/9
[15 INFO main 2730558] Confirming: 7/9
[15 INFO main 2732582] Confirming: 8/9
[15 INFO main 2734653] Confirming: 9/9
[15 INFO main 2766097] Faulty.DriveTo -> Faulty.Homing | Homing
[15 INFO main 2779050] Confirming: 1/9
[15 INFO main 2781164] Confirming: 2/9
[15 INFO main 2783181] Confirming: 3/9
[15 INFO main 2785193] Confirming: 4/9
[15 INFO main 2787205] Confirming: 5/9
[15 INFO main 2789401] Confirming: 6/9
[15 INFO main 2791445] Confirming: 7/9
[15 INFO main 2793470] Confirming: 8/9
[15 INFO main 2794059] Faulty.Homing -> Faulty.Pending | Pending random walk
[15 INFO main 2794365] Faulty.Pending -> Faulty.DriveTo | Drive to fake source point
[15 INFO main 2795570] Confirming: 9/9
[15 INFO main 2821394] Faulty.DriveTo -> Faulty.Homing | Homing
[15 INFO main 2838978] Confirming: 1/9
[15 INFO main 2841005] Confirming: 2/9
[15 INFO main 2843073] Confirming: 3/9
[15 INFO main 2845294] Confirming: 4/9
[15 INFO main 2847350] Confirming: 5/9
[15 INFO main 2849494] Confirming: 6/9
[15 INFO main 2851635] Confirming: 8/9
[15 INFO main 2852119] Faulty.Homing -> Faulty.Pending | Pending random walk
[15 INFO main 2852308] Faulty.Pending -> Faulty.DriveTo | Drive to fake source point
[15 INFO main 2853675] Confirming: 9/9
[15 INFO main 2886258] Faulty.DriveTo -> Faulty.Homing | Homing
[15 INFO main 2908409] Faulty.Homing -> Faulty.Pending | Pending random walk
[15 INFO main 2908546] Faulty.Pending -> Faulty.DriveTo | Drive to fake source point
[15 INFO main 2959423] Confirming: 1/9
[15 INFO main 2961486] Confirming: 2/9
[15 INFO main 2963529] Confirming: 3/9
[15 INFO main 2965620] Confirming: 4/9
[15 INFO main 2967776] Confirming: 5/9
[15 INFO main 2969825] Confirming: 6/9
[15 INFO main 2971955] Confirming: 7/9
[15 INFO main 2974058] Confirming: 8/9
[15 INFO main 2976155] Confirming: 9/9
[15 INFO main 2988781] Faulty.DriveTo -> Faulty.Homing | Homing
[15 INFO main 3020625] Confirming: 2/9
[15 INFO main 3024393] Faulty.Homing -> Faulty.Pending | Pending random walk
[15 INFO main 3024550] Faulty.Pending -> Faulty.DriveTo | Drive to fake source point
[15 INFO main 3024745] Confirming: 3/9
[15 INFO main 3026809] Confirming: 4/9
[15 INFO main 3028829] Confirming: 6/9
[15 INFO main 3030887] Confirming: 7/9
[15 INFO main 3032977] Confirming: 8/9
[15 INFO main 3035102] Confirming: 9/9
[15 INFO main 3067220] Faulty.DriveTo -> Faulty.Homing | Homing
[15 INFO main 3079602] Confirming: 1/9
[15 INFO main 3081616] Confirming: 2/9
[15 INFO main 3083867] Confirming: 3/9
[15 INFO main 3085937] Confirming: 4/9
[15 INFO main 3088018] Confirming: 5/9
[15 INFO main 3089023] Faulty.Homing -> Faulty.Pending | Pending random walk
[15 INFO main 3089114] Faulty.Pending -> Faulty.DriveTo | Drive to fake source point
[15 INFO main 3090017] Confirming: 6/9
[15 INFO main 3092050] Confirming: 7/9
[15 INFO main 3093999] Confirming: 8/9
[15 INFO main 3096118] Confirming: 9/9
[15 INFO main 3125134] Faulty.DriveTo -> Faulty.Homing | Homing
[15 INFO main 3139903] Confirming: 1/9
[15 INFO main 3141982] Confirming: 2/9
[15 INFO main 3144028] Confirming: 3/9
[15 INFO main 3146047] Confirming: 4/9
[15 INFO main 3148167] Confirming: 5/9
[15 INFO main 3150207] Confirming: 6/9
[15 INFO main 3150740] Faulty.Homing -> Faulty.Pending | Pending random walk
[15 INFO main 3150754] Faulty.Pending -> Faulty.DriveTo | Drive to fake source point
[15 INFO main 3152217] Confirming: 7/9
[15 INFO main 3154343] Confirming: 8/9
[15 INFO main 3156379] Confirming: 9/9
[15 INFO main 3191129] Faulty.DriveTo -> Faulty.Homing | Homing
[15 INFO main 3199441] Confirming: 1/9
[15 INFO main 3201478] Confirming: 2/9
[15 INFO main 3203584] Confirming: 3/9
[15 INFO main 3205618] Confirming: 4/9
[15 INFO main 3207657] Confirming: 5/9
[15 INFO main 3209743] Confirming: 6/9
[15 INFO main 3211694] Confirming: 7/9
[15 INFO main 3213747] Confirming: 8/9
[15 INFO main 3215766] Confirming: 9/9
[15 INFO main 3218889] Faulty.Homing -> Faulty.Pending | Pending random walk
[15 INFO main 3218896] Faulty.Pending -> Faulty.DriveTo | Drive to fake source point
[15 INFO main 3243080] Faulty.DriveTo -> Faulty.Homing | Homing
[15 INFO main 3259867] Confirming: 1/9
[15 INFO main 3261885] Confirming: 2/9
[15 INFO main 3264035] Confirming: 3/9
[15 INFO main 3266057] Confirming: 4/9
[15 INFO main 3268153] Confirming: 5/9
[15 INFO main 3270249] Confirming: 6/9
[15 INFO main 3272344] Confirming: 7/9
[15 INFO main 3274367] Confirming: 8/9
[15 INFO main 3276387] Confirming: 9/9
[15 INFO main 3293921] Faulty.Homing -> Faulty.Pending | Pending random walk
[15 INFO main 3294108] Faulty.Pending -> Faulty.DriveTo | Drive to fake source point
[15 INFO main 3373743] Faulty.DriveTo -> Faulty.Homing | Homing
[15 INFO main 3380530] Confirming: 1/9
[15 INFO main 3382532] Confirming: 2/9
[15 INFO main 3384585] Confirming: 3/9
[15 INFO main 3386599] Confirming: 4/9
[15 INFO main 3388699] Confirming: 6/9
[15 INFO main 3390730] Confirming: 7/9
[15 INFO main 3393020] Confirming: 8/9
[15 INFO main 3395074] Confirming: 9/9
[15 INFO main 3403271] Faulty.Homing -> Faulty.Pending | Pending random walk
[15 INFO main 3403461] Faulty.Pending -> Faulty.DriveTo | Drive to fake source point
[15 INFO main 3429558] Faulty.DriveTo -> Faulty.Homing | Homing
[15 INFO main 3439997] Confirming: 1/9
[15 INFO main 3442023] Confirming: 2/9
[15 INFO main 3444253] Confirming: 3/9
[15 INFO main 3446343] Confirming: 4/9
[15 INFO main 3446482] Faulty.Homing -> Faulty.Pending | Pending random walk
[15 INFO main 3446575] Faulty.Pending -> Faulty.DriveTo | Drive to fake source point
[15 INFO main 3448382] Confirming: 5/9
[15 INFO main 3450475] Confirming: 6/9
[15 INFO main 3452562] Confirming: 7/9
[15 INFO main 3454618] Confirming: 9/9
[15 INFO main 3497700] Faulty.DriveTo -> Faulty.Homing | Homing
[15 INFO main 3524279] Faulty.Homing -> Faulty.Pending | Pending random walk
[15 INFO main 3524907] Faulty.Pending -> Faulty.DriveTo | Drive to fake source point
[15 INFO main 3529026] Confirming: 1/9
[15 INFO main 3531126] Confirming: 2/9
[15 INFO main 3533259] Confirming: 3/9
[15 INFO main 3535323] Confirming: 4/9
[15 INFO main 3537371] Confirming: 5/9
[15 INFO main 3539436] Confirming: 6/9
[15 INFO main 3541567] Confirming: 7/9
[15 INFO main 3543611] Confirming: 8/9
[15 INFO main 3545607] Confirming: 9/9
[15 INFO main 3564300] Faulty.DriveTo -> Faulty.Homing | Homing
[15 INFO main 3587294] Faulty.Homing -> Faulty.Pending | Pending random walk
[15 INFO main 3587483] Faulty.Pending -> Faulty.DriveTo | Drive to fake source point
[15 INFO main 3591423] Confirming: 2/9
[15 INFO main 3593470] Confirming: 3/9
[15 INFO main 3595667] Confirming: 4/9
[15 INFO main 3597728] Confirming: 5/9
[15 INFO main 3599813] Confirming: 6/9
[15 INFO main 3601876] Confirming: 7/9
[15 INFO main 3604126] Confirming: 8/9
[15 INFO main 3606153] Confirming: 9/9
[15 INFO main 3618231] Faulty.DriveTo -> Faulty.Homing | Homing
[15 INFO main 3638101] Faulty.Homing -> Faulty.Pending | Pending random walk
[15 INFO main 3638341] Faulty.Pending -> Faulty.DriveTo | Drive to fake source point
[15 INFO main 3649742] Confirming: 1/9
[15 INFO main 3651865] Confirming: 2/9
[15 INFO main 3654001] Confirming: 3/9
[15 INFO main 3656025] Confirming: 4/9
[15 INFO main 3658029] Confirming: 5/9
[15 INFO main 3660030] Confirming: 6/9
[15 INFO main 3662074] Confirming: 7/9
[15 INFO main 3664241] Confirming: 8/9
[15 INFO main 3666251] Confirming: 9/9
[15 INFO main 3672593] Faulty.DriveTo -> Faulty.Homing | Homing
[15 INFO main 3678869] Confirming: 1/9
[15 INFO main 3680927] Confirming: 2/9
[15 INFO main 3682978] Confirming: 3/9
[15 INFO main 3685033] Confirming: 4/9
[15 INFO main 3687102] Confirming: 5/9
[15 INFO main 3689109] Confirming: 6/9
[15 INFO main 3691114] Confirming: 7/9
[15 INFO main 3693202] Confirming: 8/9
[15 INFO main 3695281] Confirming: 9/9
[15 INFO main 3714945] Faulty.Homing -> Faulty.Pending | Pending random walk
[15 INFO main 3715287] Faulty.Pending -> Faulty.DriveTo | Drive to fake source point
[15 INFO main 3734205] Faulty.DriveTo -> Faulty.Homing | Homing
[15 INFO main 3751167] Faulty.Homing -> Faulty.Pending | Pending random walk
[15 INFO main 3751262] Faulty.Pending -> Faulty.DriveTo | Drive to fake source point
[15 INFO main 3765907] Confirming: 1/9
[15 INFO main 3767992] Confirming: 2/9
[15 INFO main 3770157] Confirming: 3/9
[15 INFO main 3772182] Confirming: 4/9
[15 INFO main 3774342] Confirming: 5/9
[15 INFO main 3776398] Confirming: 6/9
[15 INFO main 3778392] Confirming: 7/9
[15 INFO main 3780524] Confirming: 8/9
[15 INFO main 3782593] Confirming: 10/9
[15 INFO main 3796979] Faulty.DriveTo -> Faulty.Homing | Homing
[15 INFO main 3828395] Faulty.Homing -> Faulty.Pending | Pending random walk
[15 INFO main 3828509] Faulty.Pending -> Faulty.DriveTo | Drive to fake source point
[15 INFO main 3830308] Confirming: 1/9
[15 INFO main 3832374] Confirming: 2/9
[15 INFO main 3834478] Confirming: 3/9
[15 INFO main 3836489] Confirming: 4/9
[15 INFO main 3838508] Confirming: 5/9
[15 INFO main 3840668] Confirming: 6/9
[15 INFO main 3842698] Confirming: 7/9
[15 INFO main 3844717] Confirming: 8/9
[15 INFO main 3846718] Confirming: 10/9
[15 INFO main 3872431] Faulty.DriveTo -> Faulty.Homing | Homing
[15 INFO main 3889699] Confirming: 1/9
[15 INFO main 3891757] Confirming: 2/9
[15 INFO main 3893811] Confirming: 3/9
[15 INFO main 3894694] Faulty.Homing -> Faulty.Pending | Pending random walk
[15 INFO main 3894834] Faulty.Pending -> Faulty.DriveTo | Drive to fake source point
[15 INFO main 3895893] Confirming: 4/9
[15 INFO main 3898073] Confirming: 5/9
[15 INFO main 3900355] Confirming: 6/9
[15 INFO main 3902369] Confirming: 7/9
[15 INFO main 3904555] Confirming: 8/9
[15 INFO main 3906577] Confirming: 9/9
[15 INFO main 3918288] Faulty.DriveTo -> Faulty.Homing | Homing
[15 INFO main 3928602] Confirming: 2/9
[15 INFO main 3932804] Confirming: 4/9
[15 INFO main 3936858] Confirming: 5/9
[15 INFO main 3938890] Confirming: 7/9
[15 INFO main 3940922] Confirming: 8/9
[15 INFO main 3942982] Confirming: 9/9
[15 INFO main 3943962] Faulty.Homing -> Faulty.Pending | Pending random walk
[15 INFO main 3944096] Faulty.Pending -> Faulty.DriveTo | Drive to fake source point
[15 INFO main 3967862] Faulty.DriveTo -> Faulty.Homing | Homing
[15 INFO main 3979320] Confirming: 1/9
[15 INFO main 3981413] Confirming: 2/9
[15 INFO main 3983412] Confirming: 3/9
[15 INFO main 3985443] Confirming: 4/9
[15 INFO main 3987677] Confirming: 5/9
[15 INFO main 3989721] Confirming: 6/9
[15 INFO main 3991890] Confirming: 7/9
[15 INFO main 3993944] Confirming: 8/9
[15 INFO main 3996012] Confirming: 9/9
[15 INFO main 3996051] Faulty.Homing -> Faulty.Pending | Pending random walk
[15 INFO main 3996155] Faulty.Pending -> Faulty.DriveTo | Drive to fake source point
[15 INFO main 4075024] Faulty.DriveTo -> Faulty.Homing | Homing
[15 INFO main 4097169] Confirming: 1/9
[15 INFO main 4099206] Confirming: 2/9
[15 INFO main 4103535] Confirming: 4/9
[15 INFO main 4105561] Confirming: 5/9
[15 INFO main 4107815] Confirming: 6/9
[15 INFO main 4108886] Faulty.Homing -> Faulty.Pending | Pending random walk
[15 INFO main 4108954] Faulty.Pending -> Faulty.DriveTo | Drive to fake source point
[15 INFO main 4109918] Confirming: 7/9
[15 INFO main 4111997] Confirming: 8/9
[15 INFO main 4114137] Confirming: 9/9
[15 INFO main 4193731] Faulty.DriveTo -> Faulty.Homing | Homing
[15 INFO main 4219056] Confirming: 1/9
[15 INFO main 4221136] Confirming: 2/9
[15 INFO main 4223155] Confirming: 3/9
[15 INFO main 4225181] Confirming: 4/9
[15 INFO main 4225623] Faulty.Homing -> Faulty.Pending | Pending random walk
[15 INFO main 4225641] Faulty.Pending -> Faulty.DriveTo | Drive to fake source point
[15 INFO main 4227273] Confirming: 5/9
[15 INFO main 4229301] Confirming: 6/9
[15 INFO main 4231383] Confirming: 7/9
[15 INFO main 4233478] Confirming: 8/9
[15 INFO main 4235564] Confirming: 9/9
[15 INFO main 4259735] Faulty.DriveTo -> Faulty.Homing | Homing
[15 INFO main 4281102] Confirming: 2/9
[15 INFO main 4283296] Confirming: 3/9
[15 INFO main 4285427] Confirming: 4/9
[15 INFO main 4287493] Confirming: 5/9
[15 INFO main 4289550] Confirming: 6/9
[15 INFO main 4291566] Confirming: 7/9
[15 INFO main 4293677] Confirming: 8/9
[15 INFO main 4295722] Confirming: 9/9
[15 INFO main 4301919] Faulty.Homing -> Faulty.Pending | Pending random walk
[15 INFO main 4302173] Faulty.Pending -> Faulty.DriveTo | Drive to fake source point
[15 INFO main 4326637] Faulty.DriveTo -> Faulty.Homing | Homing
[15 INFO main 4343963] Faulty.Homing -> Faulty.Pending | Pending random walk
[15 INFO main 4343985] Faulty.Pending -> Faulty.DriveTo | Drive to fake source point
[15 INFO main 4350053] Confirming: 1/9
[15 INFO main 4352098] Confirming: 2/9
[15 INFO main 4354140] Confirming: 3/9
[15 INFO main 4356248] Confirming: 4/9
[15 INFO main 4358251] Confirming: 5/9
[15 INFO main 4360324] Confirming: 6/9
[15 INFO main 4362288] Confirming: 7/9
[15 INFO main 4364474] Confirming: 8/9
[15 INFO main 4366534] Confirming: 9/9
[15 INFO main 4438278] Faulty.DriveTo -> Faulty.Homing | Homing
[15 INFO main 4459720] Confirming: 1/9
[15 INFO main 4461844] Confirming: 2/9
[15 INFO main 4462534] Faulty.Homing -> Faulty.Pending | Pending random walk
[15 INFO main 4462644] Faulty.Pending -> Faulty.DriveTo | Drive to fake source point
[15 INFO main 4463867] Confirming: 3/9
[15 INFO main 4465884] Confirming: 4/9
[15 INFO main 4467922] Confirming: 5/9
[15 INFO main 4469926] Confirming: 6/9
[15 INFO main 4472024] Confirming: 7/9
[15 INFO main 4474164] Confirming: 8/9
[15 INFO main 4476502] Confirming: 9/9
[15 INFO main 4499174] Faulty.DriveTo -> Faulty.Homing | Homing
[15 INFO main 4513660] Confirming: 1/9
[15 INFO main 4515855] Confirming: 2/9
[15 INFO main 4518483] Confirming: 3/9
[15 INFO main 4520520] Confirming: 4/9
[15 INFO main 4522605] Confirming: 6/9
[15 INFO main 4527259] Confirming: 8/9
[15 INFO main 4529299] Confirming: 9/9
[15 INFO main 4530064] Faulty.Homing -> Faulty.Pending | Pending random walk
[15 INFO main 4530236] Faulty.Pending -> Faulty.DriveTo | Drive to fake source point
[15 INFO main 4560611] Faulty.DriveTo -> Faulty.Homing | Homing
[15 INFO main 4579416] Confirming: 1/9
[15 INFO main 4581605] Confirming: 2/9
[15 INFO main 4583770] Confirming: 3/9
[15 INFO main 4586437] Faulty.Homing -> Faulty.Pending | Pending random walk
[15 INFO main 4586445] Faulty.Pending -> Faulty.DriveTo | Drive to fake source point
[15 INFO main 4587935] Confirming: 5/9
[15 INFO main 4589945] Confirming: 6/9
[15 INFO main 4591952] Confirming: 7/9
[15 INFO main 4593993] Confirming: 8/9
[15 INFO main 4596165] Confirming: 9/9
[15 INFO main 4680274] Faulty.DriveTo -> Faulty.Homing | Homing
[15 INFO main 4703423] Faulty.Homing -> Faulty.Pending | Pending random walk
[15 INFO main 4703518] Faulty.Pending -> Faulty.DriveTo | Drive to fake source point
[15 INFO main 4707600] Confirming: 1/9
[15 INFO main 4711893] Confirming: 2/9
[15 INFO main 4713969] Confirming: 4/9
[15 INFO main 4718157] Confirming: 5/9
[15 INFO main 4720165] Confirming: 6/9
[15 INFO main 4722264] Confirming: 8/9
[15 INFO main 4724507] Confirming: 9/9
[15 INFO main 4770295] Faulty.DriveTo -> Faulty.Homing | Homing
[15 INFO main 4791917] Confirming: 2/9
[15 INFO main 4793958] Confirming: 3/9
[15 INFO main 4796022] Confirming: 4/9
[15 INFO main 4798124] Confirming: 5/9
[15 INFO main 4800282] Confirming: 6/9
[15 INFO main 4802353] Confirming: 7/9
[15 INFO main 4804715] Confirming: 8/9
[15 INFO main 4806845] Confirming: 9/9
[15 INFO main 4815825] Faulty.Homing -> Faulty.Pending | Pending random walk
[15 INFO main 4815946] Faulty.Pending -> Faulty.DriveTo | Drive to fake source point
[15 INFO main 4867054] Faulty.DriveTo -> Faulty.Homing | Homing
[15 INFO main 4880289] Confirming: 1/9
[15 INFO main 4882714] Confirming: 2/9
[15 INFO main 4884910] Confirming: 3/9
[15 INFO main 4887203] Confirming: 4/9
[15 INFO main 4889230] Confirming: 5/9
[15 INFO main 4891391] Confirming: 6/9
[15 INFO main 4893480] Confirming: 7/9
[15 INFO main 4895541] Confirming: 8/9
[15 INFO main 4897553] Confirming: 9/9
[15 INFO main 4900379] Faulty.Homing -> Faulty.Pending | Pending random walk
[15 INFO main 4900712] Faulty.Pending -> Faulty.DriveTo | Drive to fake source point
[15 INFO main 4981237] Faulty.DriveTo -> Faulty.Homing | Homing
[15 INFO main 5001445] Confirming: 1/9
[15 INFO main 5003558] Confirming: 2/9
[15 INFO main 5005589] Confirming: 3/9
[15 INFO main 5007675] Confirming: 4/9
[15 INFO main 5009783] Confirming: 5/9
[15 INFO main 5011825] Confirming: 7/9
[15 INFO main 5013069] Faulty.Homing -> Faulty.Pending | Pending random walk
[15 INFO main 5013165] Faulty.Pending -> Faulty.DriveTo | Drive to fake source point
[15 INFO main 5013859] Confirming: 8/9
[15 INFO main 5016067] Confirming: 9/9
[15 INFO main 5032795] Faulty.DriveTo -> Faulty.Homing | Homing
[15 INFO main 5051296] Faulty.Homing -> Faulty.Pending | Pending random walk
[15 INFO main 5051692] Faulty.Pending -> Faulty.DriveTo | Drive to fake source point
[15 INFO main 5060153] Confirming: 1/9
[15 INFO main 5062551] Confirming: 2/9
[15 INFO main 5064614] Confirming: 3/9
[15 INFO main 5066877] Confirming: 4/9
[15 INFO main 5068911] Confirming: 5/9
[15 INFO main 5070908] Confirming: 6/9
[15 INFO main 5073000] Confirming: 7/9
[15 INFO main 5075037] Confirming: 8/9
[15 INFO main 5077111] Confirming: 9/9
[15 INFO main 5086412] Faulty.DriveTo -> Faulty.Homing | Homing
[15 INFO main 5111135] Faulty.Homing -> Faulty.Pending | Pending random walk
[15 INFO main 5111482] Faulty.Pending -> Faulty.DriveTo | Drive to fake source point
[15 INFO main 5120680] Confirming: 1/9
[15 INFO main 5122880] Confirming: 2/9
[15 INFO main 5124929] Confirming: 3/9
[15 INFO main 5127108] Confirming: 4/9
[15 INFO main 5129180] Confirming: 5/9
[15 INFO main 5131545] Confirming: 6/9
[15 INFO main 5133618] Confirming: 8/9
[15 INFO main 5135737] Confirming: 9/9
[15 INFO main 5200485] Faulty.DriveTo -> Faulty.Homing | Homing
[15 INFO main 5210890] Confirming: 1/9
[15 INFO main 5213042] Confirming: 2/9
[15 INFO main 5215275] Confirming: 3/9
[15 INFO main 5217308] Confirming: 4/9
[15 INFO main 5219390] Confirming: 5/9
[15 INFO main 5221453] Confirming: 6/9
[15 INFO main 5223514] Confirming: 7/9
[15 INFO main 5225774] Confirming: 8/9
[15 INFO main 5227841] Confirming: 9/9
[15 INFO main 5231331] Faulty.Homing -> Faulty.Pending | Pending random walk
[15 INFO main 5231435] Faulty.Pending -> Faulty.DriveTo | Drive to fake source point
[15 INFO main 5310634] Faulty.DriveTo -> Faulty.Homing | Homing
[15 INFO main 5331821] Confirming: 2/9
[15 INFO main 5333859] Confirming: 3/9
[15 INFO main 5336324] Confirming: 4/9
[15 INFO main 5338337] Confirming: 5/9
[15 INFO main 5340427] Confirming: 6/9
[15 INFO main 5342446] Confirming: 7/9
[15 INFO main 5344511] Confirming: 8/9
[15 INFO main 5346561] Confirming: 9/9
[15 INFO main 5353412] Faulty.Homing -> Faulty.Pending | Pending random walk
[15 INFO main 5353527] Faulty.Pending -> Faulty.DriveTo | Drive to fake source point
