[5 INFO main 27] Initialising Python Geth Console...
[5 INFO main 32] Initialising RandB board...
[5 INFO main 32] Initialising navigation...
[5 INFO main 32] Initialising random-walk...
[5 INFO main 32] Initialising odometry...
[5 INFO main 32] Initialising ground-sensors...
[5 INFO main 830] --//-- Starting Experiment --//--
[5 INFO main 1931] Idle.IDLE -> Scout.Query | Duration: 23.15
[5 INFO main 26095] Scout.Query -> Scout.GotoCenter | Drive to others reported pos
[5 INFO main 88061] Scout.GotoCenter -> Scout.Query | return to random walk
[5 INFO main 118716] Scout.Query -> Scout.GotoCenter | Drive to others reported pos
[5 INFO main 159286] Scout.GotoCenter -> Scout.Query | return to random walk
[5 INFO main 194873] Scout.Query -> Scout.GotoCenter | Drive to others reported pos
[5 INFO main 238855] Scout.GotoCenter -> Scout.Query | return to random walk
[5 INFO main 320210] Scout.Query -> Scout.GotoCenter | Drive to others reported pos
[5 INFO main 342475] Scout.GotoCenter -> Scout.Query | return to random walk
[5 INFO main 372876] Scout.Query -> Scout.GotoCenter | Drive to others reported pos
[5 INFO main 406816] Scout.GotoCenter -> Scout.Query | return to random walk
[5 INFO main 474474] Scout.Query -> Scout.GotoCenter | Drive to others reported pos
[5 INFO main 548314] Scout.GotoCenter -> Scout.Query | return to random walk
[5 INFO main 583850] Scout.Query -> Scout.GotoCenter | Drive to others reported pos
[5 INFO main 598284] Scout.GotoCenter -> Scout.Query | return to random walk
[5 INFO main 742282] Scout.Query -> Scout.GotoCenter | Drive to others reported pos
[5 INFO main 763356] Scout.GotoCenter -> Scout.Query | return to random walk
