[2 INFO main 27] Initialising Python Geth Console...
[2 INFO main 31] Initialising RandB board...
[2 INFO main 31] Initialising navigation...
[2 INFO main 31] Initialising random-walk...
[2 INFO main 31] Initialising odometry...
[2 INFO main 31] Initialising ground-sensors...
[2 INFO main 873] --//-- Starting Experiment --//--
[2 INFO main 2255] Idle.IDLE -> Scout.Query | Duration: 26.92
[2 INFO main 15123] Scout.Query -> Verify.DriveTo | Go to unverified source
[2 INFO main 39547] Verify.DriveTo -> Verify.Homing | Homing
[2 INFO main 60515] Verify.Homing -> Scout.Query | Arrived home
[2 INFO main 68259] Confirming: 1/9
[2 INFO main 70286] Confirming: 2/9
[2 INFO main 72386] Confirming: 3/9
[2 INFO main 74459] Confirming: 4/9
[2 INFO main 76476] Confirming: 6/9
[2 INFO main 82697] Confirming: 8/9
[2 INFO main 84741] Confirming: 10/9
[2 INFO main 85288] Scout.Query -> Verify.DriveTo | Go to unverified source
[2 INFO main 96861] Verify.DriveTo -> Verify.Homing | Homing
[2 INFO main 127788] Confirming: 1/9
[2 INFO main 128311] Verify.Homing -> Scout.Query | Arrived home
[2 INFO main 129778] Confirming: 2/9
[2 INFO main 131835] Confirming: 3/9
[2 INFO main 133883] Confirming: 4/9
[2 INFO main 135962] Confirming: 5/9
[2 INFO main 137979] Confirming: 6/9
[2 INFO main 140169] Confirming: 7/9
[2 INFO main 142211] Confirming: 8/9
[2 INFO main 144639] Confirming: 9/9
[2 INFO main 144666] Scout.Query -> Verify.DriveTo | Go to unverified source
[2 INFO main 176646] Verify.DriveTo -> Verify.Homing | Homing
[2 INFO main 187078] Confirming: 1/9
[2 INFO main 189138] Confirming: 2/9
[2 INFO main 191207] Confirming: 3/9
[2 INFO main 193216] Confirming: 4/9
[2 INFO main 195227] Confirming: 5/9
[2 INFO main 197326] Confirming: 6/9
[2 INFO main 199338] Confirming: 7/9
[2 INFO main 199989] Verify.Homing -> Scout.Query | Arrived home
[2 INFO main 201356] Confirming: 8/9
[2 INFO main 203401] Confirming: 9/9
[2 INFO main 203428] Scout.Query -> Verify.DriveTo | Go to unverified source
[2 INFO main 234372] Verify.DriveTo -> Verify.Homing | Homing
[2 INFO main 248911] Confirming: 2/9
[2 INFO main 250957] Confirming: 3/9
[2 INFO main 255134] Confirming: 5/9
[2 INFO main 257142] Confirming: 6/9
[2 INFO main 259165] Confirming: 7/9
[2 INFO main 263281] Confirming: 9/9
[2 INFO main 269460] Verify.Homing -> Scout.Query | Arrived home
[2 INFO main 269589] Scout.Query -> Verify.DriveTo | Go to unverified source
[2 INFO main 304193] Verify.DriveTo -> Verify.Homing | Homing
[2 INFO main 330817] Verify.Homing -> Scout.Query | Arrived home
[2 INFO main 337126] Confirming: 1/9
[2 INFO main 339144] Confirming: 2/9
[2 INFO main 341175] Confirming: 3/9
[2 INFO main 343260] Confirming: 4/9
[2 INFO main 345325] Confirming: 5/9
[2 INFO main 347386] Confirming: 6/9
[2 INFO main 349409] Confirming: 7/9
[2 INFO main 351418] Confirming: 8/9
[2 INFO main 353397] Confirming: 9/9
[2 INFO main 353788] Scout.Query -> Verify.DriveTo | Go to unverified source
[2 INFO main 381596] Verify.DriveTo -> Verify.Homing | Homing
[2 INFO main 397320] Verify.Homing -> Scout.Query | Arrived home
[2 INFO main 397916] Confirming: 1/9
[2 INFO main 399967] Confirming: 2/9
[2 INFO main 402033] Confirming: 3/9
[2 INFO main 404034] Confirming: 4/9
[2 INFO main 406003] Confirming: 5/9
[2 INFO main 408075] Confirming: 6/9
[2 INFO main 410305] Confirming: 7/9
[2 INFO main 412386] Confirming: 9/9
[2 INFO main 412410] Scout.Query -> Verify.DriveTo | Go to unverified source
[2 INFO main 465983] Verify.DriveTo -> Verify.Homing | Homing
[2 INFO main 486612] Confirming: 1/9
[2 INFO main 488278] Verify.Homing -> Scout.Query | Arrived home
[2 INFO main 490728] Confirming: 3/9
[2 INFO main 492905] Confirming: 4/9
[2 INFO main 494955] Confirming: 5/9
[2 INFO main 496971] Confirming: 6/9
[2 INFO main 499019] Confirming: 7/9
[2 INFO main 501107] Confirming: 8/9
[2 INFO main 503247] Confirming: 9/9
[2 INFO main 503692] Scout.Query -> Verify.DriveTo | Go to unverified source
[2 INFO main 537970] Verify.DriveTo -> Verify.Homing | Homing
[2 INFO main 546411] Confirming: 1/9
[2 INFO main 548488] Confirming: 2/9
[2 INFO main 550676] Confirming: 3/9
[2 INFO main 552822] Confirming: 4/9
[2 INFO main 557165] Confirming: 6/9
[2 INFO main 559237] Confirming: 7/9
[2 INFO main 561313] Confirming: 8/9
[2 INFO main 562470] Verify.Homing -> Scout.Query | Arrived home
[2 INFO main 563397] Confirming: 9/9
[2 INFO main 563658] Scout.Query -> Verify.DriveTo | Go to unverified source
[2 INFO main 594449] Verify.DriveTo -> Verify.Homing | Homing
[2 INFO main 607323] Confirming: 1/9
[2 INFO main 609345] Confirming: 2/9
[2 INFO main 611366] Confirming: 3/9
[2 INFO main 613567] Confirming: 4/9
[2 INFO main 615567] Confirming: 5/9
[2 INFO main 617652] Confirming: 6/9
[2 INFO main 619654] Confirming: 7/9
[2 INFO main 621693] Confirming: 8/9
[2 INFO main 623019] Verify.Homing -> Scout.Query | Arrived home
[2 INFO main 623860] Confirming: 9/9
[2 INFO main 624358] Scout.Query -> Verify.DriveTo | Go to unverified source
[2 INFO main 656231] Verify.DriveTo -> Verify.Homing | Homing
[2 INFO main 664805] Confirming: 1/9
[2 INFO main 666863] Confirming: 2/9
[2 INFO main 668870] Confirming: 3/9
[2 INFO main 671040] Confirming: 4/9
[2 INFO main 673085] Confirming: 5/9
[2 INFO main 677233] Confirming: 7/9
[2 INFO main 679328] Confirming: 8/9
[2 INFO main 680456] Verify.Homing -> Scout.Query | Arrived home
[2 INFO main 681481] Confirming: 9/9
[2 INFO main 681645] Scout.Query -> Verify.DriveTo | Go to unverified source
[2 INFO main 725512] Verify.DriveTo -> Verify.Homing | Homing
[2 INFO main 746161] Confirming: 1/9
[2 INFO main 748208] Confirming: 2/9
[2 INFO main 750276] Confirming: 3/9
[2 INFO main 752316] Confirming: 4/9
[2 INFO main 754404] Confirming: 5/9
[2 INFO main 755465] Verify.Homing -> Scout.Query | Arrived home
[2 INFO main 756439] Confirming: 7/9
[2 INFO main 760641] Confirming: 9/9
[2 INFO main 760997] Scout.Query -> Verify.DriveTo | Go to unverified source
[2 INFO main 1825561] Verify.DriveTo -> Verify.Homing | Homing
[2 INFO main 1844570] Confirming: 1/9
[2 INFO main 1846573] Confirming: 3/9
[2 INFO main 1850633] Confirming: 4/9
[2 INFO main 1852650] Confirming: 6/9
[2 INFO main 1857003] Confirming: 8/9
[2 INFO main 1859183] Confirming: 9/9
[2 INFO main 1862025] Verify.Homing -> Scout.Query | Arrived home
[2 INFO main 1862145] Scout.Query -> Verify.DriveTo | Go to unverified source
[2 INFO main 1894681] Verify.DriveTo -> Verify.Homing | Homing
[2 INFO main 1905038] Confirming: 1/9
[2 INFO main 1907053] Confirming: 2/9
[2 INFO main 1909101] Confirming: 3/9
[2 INFO main 1911335] Confirming: 4/9
[2 INFO main 1913724] Confirming: 5/9
[2 INFO main 1915731] Confirming: 6/9
[2 INFO main 1917765] Confirming: 7/9
[2 INFO main 1919804] Confirming: 8/9
[2 INFO main 1921953] Confirming: 9/9
[2 INFO main 1935551] Verify.Homing -> Scout.Query | Arrived home
[2 INFO main 1935719] Scout.Query -> Verify.DriveTo | Go to unverified source
[2 INFO main 1956675] Verify.DriveTo -> Verify.Homing | Homing
[2 INFO main 1965369] Confirming: 1/9
[2 INFO main 1967434] Confirming: 2/9
[2 INFO main 1969499] Confirming: 3/9
[2 INFO main 1971559] Confirming: 4/9
[2 INFO main 1973613] Confirming: 5/9
[2 INFO main 1975785] Confirming: 6/9
[2 INFO main 1977883] Confirming: 7/9
[2 INFO main 1979884] Confirming: 8/9
[2 INFO main 1981953] Confirming: 9/9
[2 INFO main 1982288] Verify.Homing -> Scout.Query | Arrived home
[2 INFO main 1982432] Scout.Query -> Verify.DriveTo | Go to unverified source
[2 INFO main 2018060] Verify.DriveTo -> Verify.Homing | Homing
[2 INFO main 2039613] Verify.Homing -> Scout.Query | Arrived home
[2 INFO main 2040985] Confirming: 1/9
[2 INFO main 2042984] Confirming: 2/9
[2 INFO main 2047220] Confirming: 4/9
[2 INFO main 2049237] Confirming: 5/9
[2 INFO main 2051419] Confirming: 6/9
[2 INFO main 2053628] Confirming: 7/9
[2 INFO main 2055719] Confirming: 8/9
[2 INFO main 2057779] Confirming: 9/9
[2 INFO main 2058112] Scout.Query -> Verify.DriveTo | Go to unverified source
[2 INFO main 2087372] Verify.DriveTo -> Verify.Homing | Homing
[2 INFO main 2101896] Confirming: 1/9
[2 INFO main 2104028] Confirming: 2/9
[2 INFO main 2106189] Confirming: 3/9
[2 INFO main 2106318] Verify.Homing -> Scout.Query | Arrived home
[2 INFO main 2108211] Confirming: 4/9
[2 INFO main 2110253] Confirming: 5/9
[2 INFO main 2112321] Confirming: 6/9
[2 INFO main 2114418] Confirming: 7/9
[2 INFO main 2116500] Confirming: 9/9
[2 INFO main 2116877] Scout.Query -> Verify.DriveTo | Go to unverified source
[2 INFO main 2148971] Verify.DriveTo -> Verify.Homing | Homing
[2 INFO main 2172272] Confirming: 1/9
[2 INFO main 2174291] Confirming: 2/9
[2 INFO main 2176375] Confirming: 3/9
[2 INFO main 2178579] Confirming: 5/9
[2 INFO main 2182683] Confirming: 7/9
[2 INFO main 2182914] Verify.Homing -> Scout.Query | Arrived home
[2 INFO main 2184704] Confirming: 8/9
[2 INFO main 2186792] Confirming: 9/9
[2 INFO main 2187401] Scout.Query -> Verify.DriveTo | Go to unverified source
[2 INFO main 2213561] Verify.DriveTo -> Verify.Homing | Homing
[2 INFO main 2233738] Verify.Homing -> Scout.Query | Arrived home
[2 INFO main 2234493] Confirming: 1/9
[2 INFO main 2236609] Confirming: 2/9
[2 INFO main 2238791] Confirming: 3/9
[2 INFO main 2240839] Confirming: 4/9
[2 INFO main 2242912] Confirming: 5/9
[2 INFO main 2244924] Confirming: 6/9
[2 INFO main 2247086] Confirming: 7/9
[2 INFO main 2249356] Confirming: 8/9
[2 INFO main 2253463] Confirming: 10/9
[2 INFO main 2253872] Scout.Query -> Verify.DriveTo | Go to unverified source
[2 INFO main 2339749] Verify.DriveTo -> Verify.Homing | Homing
[2 INFO main 2356652] Confirming: 1/9
[2 INFO main 2358687] Confirming: 3/9
[2 INFO main 2360783] Confirming: 4/9
[2 INFO main 2362786] Confirming: 5/9
[2 INFO main 2366878] Confirming: 7/9
[2 INFO main 2368927] Confirming: 8/9
[2 INFO main 2371012] Confirming: 9/9
[2 INFO main 2377296] Verify.Homing -> Scout.Query | Arrived home
[2 INFO main 2377448] Scout.Query -> Verify.DriveTo | Go to unverified source
[2 INFO main 2433435] Verify.DriveTo -> Verify.Homing | Homing
[2 INFO main 2453163] Verify.Homing -> Scout.Query | Arrived home
[2 INFO main 2458399] Confirming: 1/9
[2 INFO main 2460514] Confirming: 2/9
[2 INFO main 2462688] Confirming: 3/9
[2 INFO main 2464695] Confirming: 4/9
[2 INFO main 2466753] Confirming: 6/9
[2 INFO main 2483576] Confirming: 13/9
[2 INFO main 2483698] Scout.Query -> Verify.DriveTo | Go to unverified source
[2 INFO main 2495965] Verify.DriveTo -> Verify.Homing | Homing
[2 INFO main 2527814] Verify.Homing -> Scout.Query | Arrived home
[2 INFO main 2531026] Confirming: 1/9
[2 INFO main 2539547] Confirming: 5/9
[2 INFO main 2547832] Confirming: 9/9
[2 INFO main 2548488] Scout.Query -> Verify.DriveTo | Go to unverified source
[2 INFO main 2569965] Verify.DriveTo -> Verify.Homing | Homing
[2 INFO main 2590444] Verify.Homing -> Scout.Query | Arrived home
[2 INFO main 2591071] Confirming: 1/9
[2 INFO main 2595135] Confirming: 3/9
[2 INFO main 2599408] Confirming: 5/9
[2 INFO main 2601443] Confirming: 6/9
[2 INFO main 2603503] Confirming: 7/9
[2 INFO main 2605554] Confirming: 8/9
[2 INFO main 2607618] Confirming: 9/9
[2 INFO main 2607744] Scout.Query -> Verify.DriveTo | Go to unverified source
[2 INFO main 2679855] Verify.DriveTo -> Verify.Homing | Homing
[2 INFO main 2711456] Confirming: 1/9
[2 INFO main 2713788] Confirming: 2/9
[2 INFO main 2718219] Confirming: 4/9
[2 INFO main 2720301] Confirming: 5/9
[2 INFO main 2722309] Confirming: 6/9
[2 INFO main 2724376] Confirming: 7/9
[2 INFO main 2726577] Confirming: 8/9
[2 INFO main 2728588] Confirming: 9/9
[2 INFO main 2729367] Verify.Homing -> Scout.Query | Arrived home
[2 INFO main 2729514] Scout.Query -> Verify.DriveTo | Go to unverified source
[2 INFO main 2758947] Verify.DriveTo -> Verify.Homing | Homing
[2 INFO main 2782325] Verify.Homing -> Scout.Query | Arrived home
[2 INFO main 2802844] Confirming: 1/9
[2 INFO main 2805044] Confirming: 2/9
[2 INFO main 2807095] Confirming: 3/9
[2 INFO main 2809119] Confirming: 4/9
[2 INFO main 2811182] Confirming: 5/9
[2 INFO main 2813299] Confirming: 6/9
[2 INFO main 2815366] Confirming: 7/9
[2 INFO main 2817388] Confirming: 9/9
[2 INFO main 2817449] Scout.Query -> Verify.DriveTo | Go to unverified source
[2 INFO main 2840072] Verify.DriveTo -> Verify.Homing | Homing
[2 INFO main 2854551] Confirming: 1/9
[2 INFO main 2856733] Confirming: 2/9
[2 INFO main 2858779] Confirming: 3/9
[2 INFO main 2860886] Confirming: 4/9
[2 INFO main 2862990] Confirming: 5/9
[2 INFO main 2865044] Confirming: 6/9
[2 INFO main 2866993] Confirming: 7/9
[2 INFO main 2869150] Confirming: 8/9
[2 INFO main 2871349] Confirming: 9/9
[2 INFO main 2889503] Verify.Homing -> Scout.Query | Arrived home
[2 INFO main 2889653] Scout.Query -> Verify.DriveTo | Go to unverified source
[2 INFO main 2932915] Verify.DriveTo -> Verify.Homing | Homing
[2 INFO main 2951792] Confirming: 1/9
[2 INFO main 2953887] Confirming: 2/9
[2 INFO main 2956158] Confirming: 3/9
[2 INFO main 2958268] Confirming: 4/9
[2 INFO main 2960411] Confirming: 5/9
[2 INFO main 2962518] Confirming: 6/9
[2 INFO main 2964576] Confirming: 7/9
[2 INFO main 2966657] Confirming: 8/9
[2 INFO main 2968727] Confirming: 9/9
[2 INFO main 2972529] Verify.Homing -> Scout.Query | Arrived home
[2 INFO main 2972683] Scout.Query -> Verify.DriveTo | Go to unverified source
[2 INFO main 3017764] Verify.DriveTo -> Verify.Homing | Homing
[2 INFO main 3032676] Confirming: 1/9
[2 INFO main 3042070] Verify.Homing -> Scout.Query | Arrived home
[2 INFO main 3046065] Confirming: 3/9
[2 INFO main 3048145] Confirming: 4/9
[2 INFO main 3050201] Confirming: 5/9
[2 INFO main 3052206] Confirming: 6/9
[2 INFO main 3054274] Confirming: 7/9
[2 INFO main 3056453] Confirming: 8/9
[2 INFO main 3060588] Confirming: 9/9
[2 INFO main 3061541] Scout.Query -> Verify.DriveTo | Go to unverified source
[2 INFO main 3107134] Verify.DriveTo -> Verify.Homing | Homing
[2 INFO main 3133139] Confirming: 1/9
[2 INFO main 3135587] Confirming: 2/9
[2 INFO main 3137903] Confirming: 3/9
[2 INFO main 3140509] Confirming: 5/9
[2 INFO main 3144741] Confirming: 7/9
[2 INFO main 3146889] Confirming: 8/9
[2 INFO main 3148935] Confirming: 9/9
[2 INFO main 3148939] Verify.Homing -> Scout.Query | Arrived home
[2 INFO main 3149166] Scout.Query -> Verify.DriveTo | Go to unverified source
[2 INFO main 3190496] Verify.DriveTo -> Verify.Homing | Homing
[2 INFO main 3194652] Confirming: 1/9
[2 INFO main 3198713] Confirming: 3/9
[2 INFO main 3202961] Confirming: 4/9
[2 INFO main 3205070] Confirming: 5/9
[2 INFO main 3207185] Confirming: 7/9
[2 INFO main 3211279] Confirming: 8/9
[2 INFO main 3213340] Confirming: 9/9
[2 INFO main 3218156] Verify.Homing -> Scout.Query | Arrived home
[2 INFO main 3218392] Scout.Query -> Verify.DriveTo | Go to unverified source
[2 INFO main 3249690] Verify.DriveTo -> Verify.Homing | Homing
[2 INFO main 3256132] Confirming: 1/9
[2 INFO main 3258272] Confirming: 2/9
[2 INFO main 3260297] Confirming: 3/9
[2 INFO main 3262371] Confirming: 5/9
[2 INFO main 3264621] Confirming: 6/9
[2 INFO main 3268962] Confirming: 8/9
[2 INFO main 3271187] Confirming: 9/9
[2 INFO main 3276418] Verify.Homing -> Scout.Query | Arrived home
[2 INFO main 3276639] Scout.Query -> Verify.DriveTo | Go to unverified source
[2 INFO main 3310046] Verify.DriveTo -> Verify.Homing | Homing
[2 INFO main 3316611] Confirming: 1/9
[2 INFO main 3318776] Confirming: 2/9
[2 INFO main 3320914] Confirming: 4/9
[2 INFO main 3324940] Confirming: 6/9
[2 INFO main 3329149] Confirming: 8/9
[2 INFO main 3333365] Confirming: 10/9
[2 INFO main 3334850] Verify.Homing -> Scout.Query | Arrived home
[2 INFO main 3335058] Scout.Query -> Verify.DriveTo | Go to unverified source
[2 INFO main 3411742] Verify.DriveTo -> Verify.Homing | Homing
[2 INFO main 3434252] Verify.Homing -> Scout.Query | Arrived home
[2 INFO main 3437237] Confirming: 1/9
[2 INFO main 3439303] Confirming: 2/9
[2 INFO main 3441398] Confirming: 3/9
[2 INFO main 3443441] Confirming: 5/9
[2 INFO main 3447458] Confirming: 7/9
[2 INFO main 3451569] Confirming: 8/9
[2 INFO main 3453584] Confirming: 9/9
[2 INFO main 3454306] Scout.Query -> Verify.DriveTo | Go to unverified source
[2 INFO main 3477273] Verify.DriveTo -> Verify.Homing | Homing
[2 INFO main 3487502] Confirming: 2/9
[2 INFO main 3489793] Confirming: 3/9
[2 INFO main 3491838] Confirming: 4/9
[2 INFO main 3495961] Confirming: 6/9
[2 INFO main 3498011] Confirming: 7/9
[2 INFO main 3500055] Confirming: 8/9
[2 INFO main 3502061] Confirming: 9/9
[2 INFO main 3507508] Verify.Homing -> Scout.Query | Arrived home
[2 INFO main 3507744] Scout.Query -> Verify.DriveTo | Go to unverified source
[2 INFO main 3556444] Verify.DriveTo -> Verify.Homing | Homing
[2 INFO main 3573161] Confirming: 1/9
[2 INFO main 3575181] Confirming: 2/9
[2 INFO main 3577222] Confirming: 3/9
[2 INFO main 3579273] Confirming: 4/9
[2 INFO main 3581343] Confirming: 5/9
[2 INFO main 3583472] Confirming: 7/9
[2 INFO main 3585852] Confirming: 8/9
[2 INFO main 3590022] Confirming: 10/9
[2 INFO main 3591538] Verify.Homing -> Scout.Query | Arrived home
[2 INFO main 3591777] Scout.Query -> Verify.DriveTo | Go to unverified source
[2 INFO main 3617022] Verify.DriveTo -> Verify.Homing | Homing
[2 INFO main 3646433] Confirming: 1/9
[2 INFO main 3648841] Confirming: 2/9
[2 INFO main 3651008] Confirming: 3/9
[2 INFO main 3653329] Confirming: 4/9
[2 INFO main 3655377] Confirming: 5/9
[2 INFO main 3657488] Confirming: 7/9
[2 INFO main 3659251] Verify.Homing -> Scout.Query | Arrived home
[2 INFO main 3661872] Confirming: 8/9
[2 INFO main 3663956] Confirming: 10/9
[2 INFO main 3664090] Scout.Query -> Verify.DriveTo | Go to unverified source
[2 INFO main 3691320] Verify.DriveTo -> Verify.Homing | Homing
[2 INFO main 3724874] Verify.Homing -> Scout.Query | Arrived home
[2 INFO main 3736475] Confirming: 1/9
[2 INFO main 3738511] Confirming: 2/9
[2 INFO main 3740484] Confirming: 3/9
[2 INFO main 3744738] Confirming: 4/9
[2 INFO main 3747038] Confirming: 5/9
[2 INFO main 3749122] Confirming: 7/9
[2 INFO main 3751219] Confirming: 8/9
[2 INFO main 3753417] Confirming: 9/9
[2 INFO main 3754179] Scout.Query -> Verify.DriveTo | Go to unverified source
[2 INFO main 3822399] Verify.DriveTo -> Verify.Homing | Homing
[2 INFO main 3843550] Confirming: 1/9
[2 INFO main 3854006] Confirming: 2/9
[2 INFO main 3856031] Confirming: 3/9
[2 INFO main 3858320] Confirming: 4/9
[2 INFO main 3860548] Confirming: 5/9
[2 INFO main 3862889] Confirming: 7/9
[2 INFO main 3864995] Confirming: 8/9
[2 INFO main 3867264] Confirming: 9/9
[2 INFO main 3871280] Verify.Homing -> Scout.Query | Arrived home
[2 INFO main 3871439] Scout.Query -> Verify.DriveTo | Go to unverified source
[2 INFO main 3918245] Verify.DriveTo -> Verify.Homing | Homing
[2 INFO main 3940108] Verify.Homing -> Scout.Query | Arrived home
[2 INFO main 3945637] Confirming: 1/9
[2 INFO main 3949789] Confirming: 3/9
[2 INFO main 3954100] Confirming: 5/9
[2 INFO main 3958417] Confirming: 7/9
[2 INFO main 3960499] Confirming: 8/9
[2 INFO main 3962457] Confirming: 9/9
[2 INFO main 3962988] Scout.Query -> Verify.DriveTo | Go to unverified source
[2 INFO main 4016431] Verify.DriveTo -> Verify.Homing | Homing
[2 INFO main 4036161] Confirming: 1/9
[2 INFO main 4037279] Verify.Homing -> Scout.Query | Arrived home
[2 INFO main 4038361] Confirming: 2/9
[2 INFO main 4040661] Confirming: 3/9
[2 INFO main 4042824] Confirming: 4/9
[2 INFO main 4044890] Confirming: 5/9
[2 INFO main 4046995] Confirming: 6/9
[2 INFO main 4049254] Confirming: 7/9
[2 INFO main 4051313] Confirming: 8/9
[2 INFO main 4053342] Confirming: 9/9
[2 INFO main 4053741] Scout.Query -> Verify.DriveTo | Go to unverified source
[2 INFO main 4085086] Verify.DriveTo -> Verify.Homing | Homing
[2 INFO main 4104351] Confirming: 1/9
[2 INFO main 4106419] Confirming: 2/9
[2 INFO main 4108792] Confirming: 3/9
[2 INFO main 4110901] Confirming: 4/9
[2 INFO main 4113985] Confirming: 6/9
[2 INFO main 4116073] Confirming: 7/9
[2 INFO main 4118496] Confirming: 8/9
[2 INFO main 4120511] Confirming: 9/9
[2 INFO main 4131154] Verify.Homing -> Scout.Query | Arrived home
[2 INFO main 4131310] Scout.Query -> Verify.DriveTo | Go to unverified source
[2 INFO main 4174812] Verify.DriveTo -> Verify.Homing | Homing
[2 INFO main 4187620] Confirming: 2/9
[2 INFO main 4189795] Confirming: 3/9
[2 INFO main 4191981] Confirming: 4/9
[2 INFO main 4194076] Confirming: 5/9
[2 INFO main 4198051] Confirming: 7/9
[2 INFO main 4200218] Confirming: 8/9
[2 INFO main 4202189] Confirming: 9/9
[2 INFO main 4222988] Verify.Homing -> Scout.Query | Arrived home
[2 INFO main 4223274] Scout.Query -> Verify.DriveTo | Go to unverified source
[2 INFO main 4267773] Verify.DriveTo -> Verify.Homing | Homing
[2 INFO main 4297549] Confirming: 1/9
[2 INFO main 4299572] Confirming: 2/9
[2 INFO main 4301803] Confirming: 3/9
[2 INFO main 4302902] Verify.Homing -> Scout.Query | Arrived home
[2 INFO main 4303887] Confirming: 4/9
[2 INFO main 4305892] Confirming: 5/9
[2 INFO main 4308021] Confirming: 6/9
[2 INFO main 4310026] Confirming: 7/9
[2 INFO main 4312220] Confirming: 8/9
[2 INFO main 4314549] Confirming: 10/9
[2 INFO main 4314682] Scout.Query -> Verify.DriveTo | Go to unverified source
[2 INFO main 4358818] Verify.DriveTo -> Verify.Homing | Homing
[2 INFO main 4367422] Confirming: 1/9
[2 INFO main 4369442] Confirming: 2/9
[2 INFO main 4371593] Confirming: 3/9
[2 INFO main 4373999] Confirming: 4/9
[2 INFO main 4376042] Confirming: 5/9
[2 INFO main 4378103] Confirming: 6/9
[2 INFO main 4380162] Confirming: 7/9
[2 INFO main 4382172] Confirming: 8/9
[2 INFO main 4384542] Confirming: 10/9
[2 INFO main 4395237] Verify.Homing -> Scout.Query | Arrived home
[2 INFO main 4395513] Scout.Query -> Verify.DriveTo | Go to unverified source
[2 INFO main 4434337] Verify.DriveTo -> Verify.Homing | Homing
[2 INFO main 4459876] Confirming: 2/9
[2 INFO main 4462177] Confirming: 3/9
[2 INFO main 4464570] Confirming: 5/9
[2 INFO main 4467060] Confirming: 6/9
[2 INFO main 4468264] Verify.Homing -> Scout.Query | Arrived home
[2 INFO main 4469702] Confirming: 7/9
[2 INFO main 4471787] Confirming: 8/9
[2 INFO main 4473804] Confirming: 9/9
[2 INFO main 4475222] Scout.Query -> Verify.DriveTo | Go to unverified source
[2 INFO main 4799069] Verify.DriveTo -> Verify.Homing | Homing
[2 INFO main 4821247] Confirming: 1/9
[2 INFO main 4821247] Verify.Homing -> Scout.Query | Arrived home
[2 INFO main 4823752] Confirming: 2/9
[2 INFO main 4825901] Confirming: 4/9
[2 INFO main 4827978] Confirming: 5/9
[2 INFO main 4829999] Confirming: 6/9
[2 INFO main 4832264] Confirming: 7/9
[2 INFO main 4834295] Confirming: 8/9
[2 INFO main 4836292] Confirming: 9/9
[2 INFO main 4836756] Scout.Query -> Verify.DriveTo | Go to unverified source
[2 INFO main 4892871] Verify.DriveTo -> Verify.Homing | Homing
[2 INFO main 4909494] Confirming: 1/9
[2 INFO main 4911589] Confirming: 2/9
[2 INFO main 4913632] Confirming: 3/9
[2 INFO main 4915717] Confirming: 4/9
[2 INFO main 4917805] Confirming: 5/9
[2 INFO main 4919949] Confirming: 6/9
[2 INFO main 4921991] Confirming: 7/9
[2 INFO main 4924060] Confirming: 8/9
[2 INFO main 4926121] Confirming: 9/9
[2 INFO main 4931620] Verify.Homing -> Scout.Query | Arrived home
[2 INFO main 4931780] Scout.Query -> Verify.DriveTo | Go to unverified source
[2 INFO main 4971982] Verify.DriveTo -> Verify.Homing | Homing
[2 INFO main 4987548] Confirming: 1/9
[2 INFO main 4991633] Confirming: 3/9
[2 INFO main 4995801] Confirming: 4/9
[2 INFO main 4998001] Confirming: 6/9
[2 INFO main 5000046] Confirming: 7/9
[2 INFO main 5002157] Confirming: 8/9
[2 INFO main 5004320] Confirming: 9/9
[2 INFO main 5030371] Verify.Homing -> Scout.Query | Arrived home
[2 INFO main 5030591] Scout.Query -> Verify.DriveTo | Go to unverified source
[2 INFO main 5132538] Verify.DriveTo -> Verify.Homing | Homing
[2 INFO main 5149741] Confirming: 1/9
[2 INFO main 5154023] Confirming: 3/9
[2 INFO main 5156116] Confirming: 4/9
[2 INFO main 5158359] Confirming: 5/9
[2 INFO main 5160425] Confirming: 6/9
[2 INFO main 5162497] Confirming: 7/9
[2 INFO main 5164506] Confirming: 8/9
[2 INFO main 5166765] Confirming: 9/9
[2 INFO main 5184775] Verify.Homing -> Scout.Query | Arrived home
[2 INFO main 5185140] Scout.Query -> Verify.DriveTo | Go to unverified source
[2 INFO main 5223023] Verify.DriveTo -> Verify.Homing | Homing
[2 INFO main 5242281] Confirming: 2/9
[2 INFO main 5244381] Confirming: 3/9
[2 INFO main 5246467] Confirming: 4/9
[2 INFO main 5248962] Confirming: 5/9
[2 INFO main 5251072] Confirming: 6/9
[2 INFO main 5253145] Confirming: 7/9
[2 INFO main 5255211] Confirming: 8/9
[2 INFO main 5257496] Confirming: 10/9
[2 INFO main 5257498] Verify.Homing -> Scout.Query | Arrived home
[2 INFO main 5273026] Scout.Query -> Verify.DriveTo | Go to unverified source
[2 INFO main 5330192] Verify.DriveTo -> Verify.Homing | Homing
[2 INFO main 5359931] Confirming: 1/9
[2 INFO main 5362091] Confirming: 2/9
[2 INFO main 5364480] Confirming: 3/9
[2 INFO main 5367201] Confirming: 4/9
[2 INFO main 5369437] Confirming: 6/9
[2 INFO main 5371934] Confirming: 7/9
[2 INFO main 5374039] Confirming: 8/9
[2 INFO main 5375413] Verify.Homing -> Scout.Query | Arrived home
[2 INFO main 5376128] Confirming: 9/9
[2 INFO main 5376746] Scout.Query -> Verify.DriveTo | Go to unverified source
