[12 INFO main 27] Initialising Python Geth Console...
[12 INFO main 32] Initialising RandB board...
[12 INFO main 32] Initialising navigation...
[12 INFO main 32] Initialising random-walk...
[12 INFO main 32] Initialising odometry...
[12 INFO main 32] Initialising ground-sensors...
[12 INFO main 374] --//-- Starting Experiment --//--
[12 INFO main 1475] Idle.IDLE -> Scout.Query | Duration: 21.07
[12 INFO main 61421] Scout.Query -> Scout.GotoCenter | Drive to others reported pos
[12 INFO main 65196] Scout.GotoCenter -> Scout.Query | return to random walk
[12 INFO main 112065] Scout.Query -> Scout.GotoCenter | Drive to others reported pos
[12 INFO main 150134] Scout.GotoCenter -> Scout.Query | return to random walk
[12 INFO main 225872] Scout.Query -> Scout.GotoCenter | Drive to others reported pos
[12 INFO main 253803] Scout.GotoCenter -> Scout.Query | return to random walk
[12 INFO main 345137] Scout.Query -> Scout.GotoCenter | Drive to others reported pos
[12 INFO main 379896] Scout.GotoCenter -> Scout.Query | return to random walk
[12 INFO main 421097] Scout.Query -> Scout.GotoCenter | Drive to others reported pos
[12 INFO main 464466] Scout.GotoCenter -> Scout.Query | return to random walk
[12 INFO main 489864] Scout.Query -> Scout.GotoCenter | Drive to others reported pos
[12 INFO main 569245] Scout.GotoCenter -> Scout.Query | return to random walk
[12 INFO main 641589] Scout.Query -> Scout.GotoCenter | Drive to others reported pos
[12 INFO main 666257] Scout.GotoCenter -> Scout.Query | return to random walk
