[12 INFO main 26] Initialising Python Geth Console...
[12 INFO main 31] Initialising RandB board...
[12 INFO main 32] Initialising navigation...
[12 INFO main 32] Initialising random-walk...
[12 INFO main 32] Initialising odometry...
[12 INFO main 32] Initialising ground-sensors...
[12 INFO main 227] --//-- Starting Experiment --//--
[12 INFO main 1694] Idle.IDLE -> Scout.Query | Duration: 30.57
[12 INFO main 7869] Scout.Query -> Scout.PrepSend | Homing
[12 INFO main 8032] Scout.PrepSend -> Verify.Homing | Homing
[12 INFO main 23370] Verify.Homing -> Scout.Query | Arrived home
[12 INFO main 33044] Confirming: 1/9
[12 INFO main 35095] Confirming: 2/9
[12 INFO main 37159] Confirming: 3/9
[12 INFO main 39206] Confirming: 4/9
[12 INFO main 41262] Confirming: 5/9
[12 INFO main 43332] Confirming: 6/9
[12 INFO main 47459] Confirming: 8/9
[12 INFO main 49499] Confirming: 9/9
[12 INFO main 49654] Scout.Query -> Verify.DriveTo | Go to unverified source
[12 INFO main 105328] Verify.DriveTo -> Verify.Homing | Homing
[12 INFO main 129440] Verify.Homing -> Scout.Query | Arrived home
[12 INFO main 283264] Confirming: 1/9
[12 INFO main 285339] Confirming: 2/9
[12 INFO main 287593] Confirming: 3/9
[12 INFO main 289701] Confirming: 5/9
[12 INFO main 291735] Confirming: 6/9
[12 INFO main 293803] Confirming: 7/9
[12 INFO main 295907] Confirming: 8/9
[12 INFO main 297926] Confirming: 9/9
[12 INFO main 298354] Scout.Query -> Verify.DriveTo | Go to unverified source
[12 INFO main 300529] Verify.DriveTo -> Verify.Homing | Homing
[12 INFO main 326094] Verify.Homing -> Scout.Query | Arrived home
[12 INFO main 333699] Confirming: 1/9
[12 INFO main 335712] Confirming: 2/9
[12 INFO main 337853] Confirming: 3/9
[12 INFO main 341787] Confirming: 5/9
[12 INFO main 343905] Confirming: 6/9
[12 INFO main 345935] Confirming: 7/9
[12 INFO main 348050] Confirming: 8/9
[12 INFO main 350092] Confirming: 9/9
[12 INFO main 350120] Scout.Query -> Verify.DriveTo | Go to unverified source
[12 INFO main 437606] Verify.DriveTo -> Verify.Homing | Homing
[12 INFO main 454281] Confirming: 1/9
[12 INFO main 456285] Confirming: 2/9
[12 INFO main 458299] Confirming: 3/9
[12 INFO main 460344] Confirming: 4/9
[12 INFO main 462492] Confirming: 5/9
[12 INFO main 464647] Confirming: 6/9
[12 INFO main 466675] Confirming: 7/9
[12 INFO main 467807] Verify.Homing -> Scout.Query | Arrived home
[12 INFO main 468740] Confirming: 8/9
[12 INFO main 470781] Confirming: 9/9
[12 INFO main 471305] Scout.Query -> Verify.DriveTo | Go to unverified source
[12 INFO main 498626] Verify.DriveTo -> Verify.Homing | Homing
[12 INFO main 512013] Verify.Homing -> Scout.Query | Arrived home
[12 INFO main 515200] Confirming: 1/9
[12 INFO main 517286] Confirming: 3/9
[12 INFO main 519297] Confirming: 4/9
[12 INFO main 521399] Confirming: 5/9
[12 INFO main 525518] Confirming: 6/9
[12 INFO main 527564] Confirming: 7/9
[12 INFO main 529654] Confirming: 8/9
[12 INFO main 531657] Confirming: 9/9
[12 INFO main 532746] Scout.Query -> Verify.DriveTo | Go to unverified source
[12 INFO main 636494] Verify.DriveTo -> Verify.Homing | Homing
[12 INFO main 657695] Verify.Homing -> Scout.Query | Arrived home
[12 INFO main 667632] Confirming: 1/9
[12 INFO main 669718] Confirming: 2/9
[12 INFO main 671744] Confirming: 3/9
[12 INFO main 673840] Confirming: 4/9
[12 INFO main 675924] Confirming: 5/9
[12 INFO main 677973] Confirming: 6/9
[12 INFO main 680012] Confirming: 7/9
[12 INFO main 682068] Confirming: 8/9
[12 INFO main 684139] Confirming: 9/9
[12 INFO main 684622] Scout.Query -> Verify.DriveTo | Go to unverified source
[12 INFO main 764324] Verify.DriveTo -> Verify.Homing | Homing
[12 INFO main 787310] Confirming: 1/9
[12 INFO main 788882] Verify.Homing -> Scout.Query | Arrived home
[12 INFO main 789338] Confirming: 2/9
[12 INFO main 791423] Confirming: 3/9
[12 INFO main 793444] Confirming: 4/9
[12 INFO main 795474] Confirming: 5/9
[12 INFO main 797720] Confirming: 6/9
[12 INFO main 800021] Confirming: 7/9
[12 INFO main 802052] Confirming: 8/9
[12 INFO main 804069] Confirming: 9/9
[12 INFO main 804237] Scout.Query -> Verify.DriveTo | Go to unverified source
[12 INFO main 855311] Verify.DriveTo -> Verify.Homing | Homing
[12 INFO main 875314] Verify.Homing -> Scout.Query | Arrived home
[12 INFO main 878102] Confirming: 1/9
[12 INFO main 880284] Confirming: 3/9
[12 INFO main 882327] Confirming: 4/9
[12 INFO main 886463] Confirming: 6/9
[12 INFO main 888555] Confirming: 7/9
[12 INFO main 890611] Confirming: 8/9
[12 INFO main 894684] Confirming: 10/9
[12 INFO main 895506] Scout.Query -> Verify.DriveTo | Go to unverified source
[12 INFO main 1014725] Verify.DriveTo -> Verify.Homing | Homing
[12 INFO main 1041951] Verify.Homing -> Scout.Query | Arrived home
[12 INFO main 1058366] Confirming: 2/9
[12 INFO main 1060385] Confirming: 3/9
[12 INFO main 1062396] Confirming: 4/9
[12 INFO main 1064414] Confirming: 5/9
[12 INFO main 1068576] Confirming: 7/9
[12 INFO main 1072709] Confirming: 8/9
[12 INFO main 1074911] Confirming: 9/9
[12 INFO main 1075531] Scout.Query -> Verify.DriveTo | Go to unverified source
[12 INFO main 1119615] Verify.DriveTo -> Verify.Homing | Homing
[12 INFO main 1129109] Verify.Homing -> Scout.Query | Arrived home
[12 INFO main 1177797] Confirming: 1/9
[12 INFO main 1179834] Confirming: 2/9
[12 INFO main 1181972] Confirming: 3/9
[12 INFO main 1184011] Confirming: 4/9
[12 INFO main 1186044] Confirming: 5/9
[12 INFO main 1188095] Confirming: 6/9
[12 INFO main 1190142] Confirming: 7/9
[12 INFO main 1192185] Confirming: 8/9
[12 INFO main 1194220] Confirming: 9/9
[12 INFO main 1194927] Scout.Query -> Verify.DriveTo | Go to unverified source
[12 INFO main 1246732] Verify.DriveTo -> Verify.Homing | Homing
[12 INFO main 1257294] Confirming: 1/9
[12 INFO main 1259581] Confirming: 2/9
[12 INFO main 1261634] Confirming: 3/9
[12 INFO main 1263666] Confirming: 4/9
[12 INFO main 1265694] Confirming: 5/9
[12 INFO main 1267786] Confirming: 6/9
[12 INFO main 1269782] Confirming: 7/9
[12 INFO main 1271881] Confirming: 8/9
[12 INFO main 1274100] Confirming: 9/9
[12 INFO main 1303417] Verify.Homing -> Scout.Query | Arrived home
[12 INFO main 1303555] Scout.Query -> Verify.DriveTo | Go to unverified source
[12 INFO main 1433507] Verify.DriveTo -> Verify.Homing | Homing
[12 INFO main 1448274] Confirming: 2/9
[12 INFO main 1452440] Confirming: 3/9
[12 INFO main 1453369] Verify.Homing -> Scout.Query | Arrived home
[12 INFO main 1454608] Confirming: 4/9
[12 INFO main 1456668] Confirming: 6/9
[12 INFO main 1460711] Confirming: 8/9
[12 INFO main 1462815] Confirming: 9/9
[12 INFO main 1462981] Scout.Query -> Verify.DriveTo | Go to unverified source
[12 INFO main 1582945] Verify.DriveTo -> Verify.Homing | Homing
[12 INFO main 1597513] Confirming: 1/9
[12 INFO main 1599567] Confirming: 2/9
[12 INFO main 1601628] Confirming: 3/9
[12 INFO main 1603732] Confirming: 4/9
[12 INFO main 1605738] Confirming: 5/9
[12 INFO main 1607781] Confirming: 6/9
[12 INFO main 1609252] Verify.Homing -> Scout.Query | Arrived home
[12 INFO main 1609860] Confirming: 7/9
[12 INFO main 1611906] Confirming: 8/9
[12 INFO main 1614020] Confirming: 9/9
[12 INFO main 1614060] Scout.Query -> Verify.DriveTo | Go to unverified source
[12 INFO main 1716004] Verify.DriveTo -> Verify.Homing | Homing
[12 INFO main 1747181] Confirming: 1/9
[12 INFO main 1748010] Verify.Homing -> Scout.Query | Arrived home
[12 INFO main 1749193] Confirming: 2/9
[12 INFO main 1751241] Confirming: 3/9
[12 INFO main 1753254] Confirming: 4/9
[12 INFO main 1755299] Confirming: 5/9
[12 INFO main 1757321] Confirming: 6/9
[12 INFO main 1759363] Confirming: 7/9
[12 INFO main 1761431] Confirming: 8/9
[12 INFO main 1763528] Confirming: 9/9
[12 INFO main 1764231] Scout.Query -> Verify.DriveTo | Go to unverified source
