[7 INFO main 30] Initialising Python Geth Console...
[7 INFO main 34] Initialising RandB board...
[7 INFO main 34] Initialising navigation...
[7 INFO main 34] Initialising random-walk...
[7 INFO main 34] Initialising odometry...
[7 INFO main 34] Initialising ground-sensors...
[7 INFO main 910] --//-- Starting Experiment --//--
[7 INFO main 2020] Idle.IDLE -> Scout.Query | Duration: 24.23
[7 INFO main 94536] Scout.Query -> Scout.GotoCenter | Drive to others reported pos
[7 INFO main 106945] Scout.GotoCenter -> Scout.Query | return to random walk
[7 INFO main 107950] Scout.Query -> Scout.GotoCenter | Drive to others reported pos
[7 INFO main 110650] Scout.GotoCenter -> Scout.Query | return to random walk
[7 INFO main 111152] Scout.Query -> Scout.GotoCenter | Drive to others reported pos
[7 INFO main 114154] Scout.GotoCenter -> Scout.Query | return to random walk
[7 INFO main 114353] Scout.Query -> Scout.GotoCenter | Drive to others reported pos
[7 INFO main 115655] Scout.GotoCenter -> Scout.Query | return to random walk
[7 INFO main 116358] Scout.Query -> Scout.GotoCenter | Drive to others reported pos
[7 INFO main 119059] Scout.GotoCenter -> Scout.Query | return to random walk
[7 INFO main 119364] Scout.Query -> Scout.GotoCenter | Drive to others reported pos
[7 INFO main 120964] Scout.GotoCenter -> Scout.Query | return to random walk
[7 INFO main 121367] Scout.Query -> Scout.GotoCenter | Drive to others reported pos
[7 INFO main 122864] Scout.GotoCenter -> Scout.Query | return to random walk
[7 INFO main 123570] Scout.Query -> Scout.GotoCenter | Drive to others reported pos
[7 INFO main 123866] Scout.GotoCenter -> Scout.Query | return to random walk
[7 INFO main 124668] Scout.Query -> Scout.GotoCenter | Drive to others reported pos
[7 INFO main 125270] Scout.GotoCenter -> Scout.Query | return to random walk
