[4 INFO main 29] Initialising Python Geth Console...
[4 INFO main 32] Initialising RandB board...
[4 INFO main 32] Initialising navigation...
[4 INFO main 33] Initialising random-walk...
[4 INFO main 33] Initialising odometry...
[4 INFO main 33] Initialising ground-sensors...
[4 INFO main 829] --//-- Starting Experiment --//--
[4 INFO main 1928] Idle.IDLE -> Scout.Query | Duration: 21.84
[4 INFO main 21047] Scout.Query -> Scout.GotoCenter | Drive to others reported pos
[4 INFO main 45384] Scout.GotoCenter -> Scout.Query | return to random walk
[4 INFO main 69964] Confirming: 1/8
[4 INFO main 72082] Confirming: 2/8
[4 INFO main 74137] Confirming: 3/8
[4 INFO main 76138] Confirming: 4/8
[4 INFO main 78194] Confirming: 5/8
[4 INFO main 80190] Confirming: 6/8
[4 INFO main 82206] Confirming: 7/8
[4 INFO main 84226] Confirming: 8/8
[4 INFO main 85931] Scout.Query -> Scout.GotoCenter | Drive to others reported pos
[4 INFO main 120849] Scout.GotoCenter -> Scout.Query | return to random walk
[4 INFO main 149582] Confirming: 1/8
[4 INFO main 151674] Confirming: 2/8
[4 INFO main 153734] Confirming: 3/8
[4 INFO main 155746] Confirming: 4/8
[4 INFO main 157791] Confirming: 5/8
[4 INFO main 159922] Confirming: 6/8
[4 INFO main 161950] Confirming: 7/8
[4 INFO main 164018] Confirming: 8/8
[4 INFO main 166473] Scout.Query -> Scout.GotoCenter | Drive to others reported pos
[4 INFO main 213865] Scout.GotoCenter -> Scout.Query | return to random walk
[4 INFO main 224338] Confirming: 1/8
[4 INFO main 226350] Confirming: 2/8
[4 INFO main 228409] Confirming: 3/8
[4 INFO main 230434] Confirming: 4/8
[4 INFO main 232442] Confirming: 5/8
[4 INFO main 234482] Confirming: 6/8
[4 INFO main 236509] Confirming: 7/8
[4 INFO main 238614] Confirming: 8/8
[4 INFO main 446573] Scout.Query -> Scout.GotoCenter | Drive to others reported pos
[4 INFO main 472315] Scout.GotoCenter -> Scout.Query | return to random walk
[4 INFO main 503378] Confirming: 1/8
[4 INFO main 505429] Confirming: 2/8
[4 INFO main 507457] Confirming: 3/8
[4 INFO main 509493] Confirming: 4/8
[4 INFO main 511500] Confirming: 5/8
[4 INFO main 513546] Confirming: 6/8
[4 INFO main 515646] Confirming: 8/8
[4 INFO main 517938] Scout.Query -> Scout.GotoCenter | Drive to others reported pos
[4 INFO main 556190] Scout.GotoCenter -> Scout.Query | return to random walk
[4 INFO main 562445] Confirming: 1/8
[4 INFO main 564510] Confirming: 2/8
[4 INFO main 566550] Confirming: 3/8
[4 INFO main 568562] Confirming: 4/8
[4 INFO main 570582] Confirming: 5/8
[4 INFO main 572714] Confirming: 6/8
[4 INFO main 574782] Confirming: 7/8
[4 INFO main 576846] Confirming: 8/8
[4 INFO main 587595] Scout.Query -> Scout.GotoCenter | Drive to others reported pos
[4 INFO main 615539] Scout.GotoCenter -> Scout.Query | return to random walk
[4 INFO main 621738] Confirming: 1/8
[4 INFO main 625814] Confirming: 3/8
[4 INFO main 627926] Confirming: 4/8
[4 INFO main 629865] Confirming: 5/8
[4 INFO main 634022] Confirming: 7/8
[4 INFO main 636078] Confirming: 8/8
[4 INFO main 636155] Scout.Query -> Scout.GotoCenter | Drive to others reported pos
[4 INFO main 649278] Scout.GotoCenter -> Scout.Query | return to random walk
[4 INFO main 682366] Confirming: 1/8
[4 INFO main 684336] Confirming: 2/8
[4 INFO main 686430] Confirming: 3/8
[4 INFO main 688510] Confirming: 4/8
[4 INFO main 690502] Confirming: 5/8
[4 INFO main 692557] Confirming: 6/8
[4 INFO main 694638] Confirming: 7/8
[4 INFO main 696604] Confirming: 8/8
[4 INFO main 942210] Scout.Query -> Scout.GotoCenter | Drive to others reported pos
