[15 INFO main 91] Initialising Python Geth Console...
[15 INFO main 95] Initialising RandB board...
[15 INFO main 95] Initialising navigation...
[15 INFO main 95] Initialising random-walk...
[15 INFO main 95] Initialising odometry...
[15 INFO main 95] Initialising ground-sensors...
[15 INFO main 112] --//-- Starting Experiment --//--
[15 INFO main 1213] Idle.IDLE -> Scout.Query | Duration: 23.05
[15 INFO main 104153] Scout.Query -> Scout.GotoCenter | Drive to others reported pos
[15 INFO main 108440] Scout.GotoCenter -> Scout.Query | return to random walk
[15 INFO main 109450] Scout.Query -> Scout.GotoCenter | Drive to others reported pos
[15 INFO main 112341] Scout.GotoCenter -> Scout.Query | return to random walk
[15 INFO main 112549] Scout.Query -> Scout.GotoCenter | Drive to others reported pos
[15 INFO main 114351] Scout.GotoCenter -> Scout.Query | return to random walk
[15 INFO main 114558] Scout.Query -> Scout.GotoCenter | Drive to others reported pos
[15 INFO main 118651] Scout.GotoCenter -> Scout.Query | return to random walk
[15 INFO main 118868] Scout.Query -> Scout.GotoCenter | Drive to others reported pos
[15 INFO main 124065] Scout.GotoCenter -> Scout.Query | return to random walk
[15 INFO main 124169] Scout.Query -> Scout.GotoCenter | Drive to others reported pos
[15 INFO main 126978] Scout.GotoCenter -> Scout.Query | return to random walk
[15 INFO main 127370] Scout.Query -> Scout.GotoCenter | Drive to others reported pos
[15 INFO main 128777] Scout.GotoCenter -> Scout.Query | return to random walk
