[INFO main 28] Initialising peer buffer...
[INFO main 28] Initialising resource buffer...
[INFO main 28] Initialising TCP server...
[INFO main 28] Initialising RandB board...
[INFO main 28] Initialising ground-sensors...
[INFO main 28] Initialising random-walk...
[INFO main 908] --//-- Starting Experiment --//--
[INFO main 11219] Added resource: {"x": -0.03, "y": -0.62, "radius": 0.06, "quantity": 1, "quality": "red", "timeStamp": 0}
[INFO main 26037] Added resource: {"x": 0.5, "y": -1.12, "radius": 0.04, "quantity": 1, "quality": "red", "timeStamp": 0}
[INFO main 32343] Added resource: {"x": 0.65, "y": -1.08, "radius": 0.05, "quantity": 1, "quality": "green", "timeStamp": 0}
[INFO main 36649] Added resource: {"x": 0.75, "y": -0.91, "radius": 0.05, "quantity": 1, "quality": "yellow", "timeStamp": 0}
[INFO main 45058] Removed resource: {"x": 0.75, "y": -0.91, "radius": 0.05, "quantity": 1, "quality": "yellow", "timeStamp": 0}
[INFO main 94918] Removed resource: {"x": 0.65, "y": -1.08, "radius": 0.05, "quantity": 1, "quality": "green", "timeStamp": 0}
[INFO main 154790] Added resource: {"x": 0.57, "y": 0.62, "radius": 0.05, "quantity": 1, "quality": "red", "timeStamp": 0}
[INFO main 210357] Added resource: {"x": 0.74, "y": 0.87, "radius": 0.05, "quantity": 1, "quality": "red", "timeStamp": 0}
[INFO main 252406] Removed resource: {"x": -0.03, "y": -0.62, "radius": 0.06, "quantity": 1, "quality": "red", "timeStamp": 0}
[INFO main 312174] Added resource: {"x": -0.06, "y": -1.22, "radius": 0.04, "quantity": 1, "quality": "yellow", "timeStamp": 0}
[INFO main 319683] Added resource: {"x": -0.13, "y": -0.86, "radius": 0.06, "quantity": 1, "quality": "red", "timeStamp": 0}
[INFO main 355624] Removed resource: {"x": -0.06, "y": -1.22, "radius": 0.04, "quantity": 1, "quality": "yellow", "timeStamp": 0}
[INFO main 392466] Added resource: {"x": -0.46, "y": -0.18, "radius": 0.05, "quantity": 1, "quality": "yellow", "timeStamp": 0}
[INFO main 451933] Removed resource: {"x": -0.46, "y": -0.18, "radius": 0.05, "quantity": 1, "quality": "yellow", "timeStamp": 0}
[INFO main 471955] Added resource: {"x": -0.2, "y": 0.77, "radius": 0.04, "quantity": 1, "quality": "red", "timeStamp": 0}
[INFO main 474858] Added resource: {"x": -0.13, "y": 0.66, "radius": 0.04, "quantity": 1, "quality": "green", "timeStamp": 0}
[INFO main 542936] Removed resource: {"x": -0.13, "y": 0.66, "radius": 0.04, "quantity": 1, "quality": "green", "timeStamp": 0}
