[2 INFO main 29] Initialising Python Geth Console...
[2 INFO main 34] Initialising RandB board...
[2 INFO main 34] Initialising navigation...
[2 INFO main 34] Initialising random-walk...
[2 INFO main 34] Initialising odometry...
[2 INFO main 34] Initialising ground-sensors...
[2 INFO main 1033] --//-- Starting Experiment --//--
[2 INFO main 2458] Idle.IDLE -> Scout.Query | Duration: 32.14
[2 INFO main 20321] Scout.Query -> Verify.DriveTo | Go to unverified source
[2 INFO main 48869] Verify.DriveTo -> Verify.Homing | Homing
[2 INFO main 67759] Confirming: 1/9
[2 INFO main 69841] Confirming: 2/9
[2 INFO main 71863] Confirming: 3/9
[2 INFO main 73883] Confirming: 4/9
[2 INFO main 76022] Confirming: 5/9
[2 INFO main 78109] Confirming: 6/9
[2 INFO main 79737] Verify.Homing -> Scout.Query | Arrived home
[2 INFO main 80141] Confirming: 7/9
[2 INFO main 82185] Confirming: 8/9
[2 INFO main 84242] Confirming: 10/9
[2 INFO main 84266] Scout.Query -> Verify.DriveTo | Go to unverified source
[2 INFO main 119401] Verify.DriveTo -> Verify.Homing | Homing
[2 INFO main 128088] Confirming: 1/9
[2 INFO main 130177] Confirming: 2/9
[2 INFO main 132201] Confirming: 4/9
[2 INFO main 134274] Confirming: 5/9
[2 INFO main 136362] Confirming: 6/9
[2 INFO main 138383] Confirming: 7/9
[2 INFO main 140424] Confirming: 8/9
[2 INFO main 142435] Confirming: 9/9
[2 INFO main 147551] Verify.Homing -> Scout.Query | Arrived home
[2 INFO main 147681] Scout.Query -> Verify.DriveTo | Go to unverified source
[2 INFO main 168419] Verify.DriveTo -> Verify.Homing | Homing
[2 INFO main 183091] Confirming: 1/9
[2 INFO main 185177] Confirming: 2/9
[2 INFO main 187239] Confirming: 3/9
[2 INFO main 189298] Confirming: 4/9
[2 INFO main 191123] Verify.Homing -> Scout.Query | Arrived home
[2 INFO main 191327] Confirming: 5/9
[2 INFO main 193371] Confirming: 6/9
[2 INFO main 195472] Confirming: 7/9
[2 INFO main 199512] Confirming: 9/9
[2 INFO main 199623] Scout.Query -> Verify.DriveTo | Go to unverified source
[2 INFO main 240187] Verify.DriveTo -> Verify.Homing | Homing
[2 INFO main 265756] Verify.Homing -> Scout.Query | Arrived home
[2 INFO main 267138] Confirming: 2/9
[2 INFO main 269215] Confirming: 3/9
[2 INFO main 271215] Confirming: 4/9
[2 INFO main 275308] Confirming: 6/9
[2 INFO main 277318] Confirming: 7/9
[2 INFO main 279358] Confirming: 8/9
[2 INFO main 281376] Confirming: 9/9
[2 INFO main 282198] Scout.Query -> Verify.DriveTo | Go to unverified source
[2 INFO main 311263] Verify.DriveTo -> Verify.Homing | Homing
[2 INFO main 330487] Verify.Homing -> Scout.Query | Arrived home
[2 INFO main 336575] Confirming: 1/9
[2 INFO main 338739] Confirming: 2/9
[2 INFO main 341010] Confirming: 3/9
[2 INFO main 343086] Confirming: 4/9
[2 INFO main 345099] Confirming: 5/9
[2 INFO main 347114] Confirming: 6/9
[2 INFO main 349117] Confirming: 7/9
[2 INFO main 351317] Confirming: 8/9
[2 INFO main 353397] Confirming: 9/9
[2 INFO main 354095] Scout.Query -> Verify.DriveTo | Go to unverified source
[2 INFO main 406780] Verify.DriveTo -> Verify.Homing | Homing
[2 INFO main 427620] Confirming: 1/9
[2 INFO main 429652] Confirming: 2/9
[2 INFO main 431720] Confirming: 3/9
[2 INFO main 433786] Confirming: 4/9
[2 INFO main 435889] Confirming: 5/9
[2 INFO main 437918] Confirming: 6/9
[2 INFO main 439963] Confirming: 7/9
[2 INFO main 442026] Confirming: 8/9
[2 INFO main 444068] Confirming: 9/9
[2 INFO main 453928] Verify.Homing -> Scout.Query | Arrived home
[2 INFO main 454060] Scout.Query -> Verify.DriveTo | Go to unverified source
[2 INFO main 486410] Verify.DriveTo -> Verify.Homing | Homing
[2 INFO main 507244] Confirming: 1/9
[2 INFO main 509336] Confirming: 2/9
[2 INFO main 511431] Confirming: 3/9
[2 INFO main 513470] Confirming: 4/9
[2 INFO main 515480] Confirming: 5/9
[2 INFO main 517559] Confirming: 6/9
[2 INFO main 519565] Confirming: 7/9
[2 INFO main 521670] Confirming: 8/9
[2 INFO main 523741] Confirming: 9/9
[2 INFO main 553328] Verify.Homing -> Scout.Query | Arrived home
[2 INFO main 553593] Scout.Query -> Verify.DriveTo | Go to unverified source
[2 INFO main 651080] Verify.DriveTo -> Verify.Homing | Homing
[2 INFO main 667785] Confirming: 1/9
[2 INFO main 669842] Confirming: 2/9
[2 INFO main 671890] Confirming: 3/9
[2 INFO main 673958] Confirming: 4/9
[2 INFO main 675998] Confirming: 5/9
[2 INFO main 678025] Confirming: 6/9
[2 INFO main 678157] Verify.Homing -> Scout.Query | Arrived home
[2 INFO main 680068] Confirming: 7/9
[2 INFO main 682154] Confirming: 8/9
[2 INFO main 684267] Confirming: 9/9
[2 INFO main 684828] Scout.Query -> Verify.DriveTo | Go to unverified source
[2 INFO main 736151] Verify.DriveTo -> Verify.Homing | Homing
[2 INFO main 757438] Confirming: 1/9
[2 INFO main 758534] Verify.Homing -> Scout.Query | Arrived home
[2 INFO main 759508] Confirming: 2/9
[2 INFO main 761533] Confirming: 3/9
[2 INFO main 763581] Confirming: 4/9
[2 INFO main 765631] Confirming: 5/9
[2 INFO main 767771] Confirming: 6/9
[2 INFO main 769839] Confirming: 7/9
[2 INFO main 771916] Confirming: 8/9
[2 INFO main 773979] Confirming: 9/9
[2 INFO main 774738] Scout.Query -> Verify.DriveTo | Go to unverified source
[2 INFO main 811118] Verify.DriveTo -> Verify.Homing | Homing
[2 INFO main 817267] Confirming: 1/9
[2 INFO main 819382] Confirming: 2/9
[2 INFO main 821469] Confirming: 3/9
[2 INFO main 823531] Confirming: 4/9
[2 INFO main 825570] Confirming: 5/9
[2 INFO main 827615] Confirming: 6/9
[2 INFO main 829620] Confirming: 7/9
[2 INFO main 831656] Confirming: 8/9
[2 INFO main 832015] Verify.Homing -> Scout.Query | Arrived home
[2 INFO main 833763] Confirming: 9/9
[2 INFO main 834508] Scout.Query -> Verify.DriveTo | Go to unverified source
[2 INFO main 859863] Verify.DriveTo -> Verify.Homing | Homing
[2 INFO main 876732] Confirming: 1/9
[2 INFO main 878995] Confirming: 2/9
[2 INFO main 881049] Confirming: 3/9
[2 INFO main 883130] Confirming: 4/9
[2 INFO main 885266] Confirming: 5/9
[2 INFO main 887378] Confirming: 6/9
[2 INFO main 889455] Confirming: 7/9
[2 INFO main 891584] Confirming: 8/9
[2 INFO main 893654] Confirming: 9/9
[2 INFO main 895826] Verify.Homing -> Scout.Query | Arrived home
[2 INFO main 895956] Scout.Query -> Verify.DriveTo | Go to unverified source
[2 INFO main 940478] Verify.DriveTo -> Verify.Homing | Homing
[2 INFO main 952873] Confirming: 1/9
[2 INFO main 954957] Confirming: 2/9
[2 INFO main 956985] Confirming: 3/9
[2 INFO main 959013] Confirming: 4/9
[2 INFO main 961082] Confirming: 5/9
[2 INFO main 963110] Confirming: 6/9
[2 INFO main 965255] Confirming: 7/9
[2 INFO main 966838] Verify.Homing -> Scout.Query | Arrived home
[2 INFO main 967366] Confirming: 8/9
[2 INFO main 969424] Confirming: 9/9
[2 INFO main 970289] Scout.Query -> Verify.DriveTo | Go to unverified source
[2 INFO main 1004605] Verify.DriveTo -> Verify.Homing | Homing
[2 INFO main 1015166] Confirming: 1/9
[2 INFO main 1019212] Confirming: 3/9
[2 INFO main 1021239] Confirming: 4/9
[2 INFO main 1023283] Confirming: 5/9
[2 INFO main 1025416] Confirming: 6/9
[2 INFO main 1027529] Confirming: 7/9
[2 INFO main 1029583] Confirming: 8/9
[2 INFO main 1031583] Confirming: 9/9
[2 INFO main 1124338] Verify.Homing -> Scout.Query | Arrived home
[2 INFO main 1124473] Scout.Query -> Verify.DriveTo | Go to unverified source
[2 INFO main 1153731] Verify.DriveTo -> Verify.Homing | Homing
[2 INFO main 1170246] Confirming: 1/9
[2 INFO main 1172310] Confirming: 2/9
[2 INFO main 1174350] Confirming: 3/9
[2 INFO main 1174482] Verify.Homing -> Scout.Query | Arrived home
[2 INFO main 1176457] Confirming: 4/9
[2 INFO main 1178494] Confirming: 5/9
[2 INFO main 1180577] Confirming: 6/9
[2 INFO main 1182582] Confirming: 7/9
[2 INFO main 1184669] Confirming: 9/9
[2 INFO main 1185480] Scout.Query -> Verify.DriveTo | Go to unverified source
[2 INFO main 1363612] Verify.DriveTo -> Verify.Homing | Homing
[2 INFO main 1386739] Verify.Homing -> Scout.Query | Arrived home
[2 INFO main 1388568] Confirming: 1/9
[2 INFO main 1390646] Confirming: 2/9
[2 INFO main 1392693] Confirming: 3/9
[2 INFO main 1396853] Confirming: 5/9
[2 INFO main 1400982] Confirming: 7/9
[2 INFO main 1403069] Confirming: 8/9
[2 INFO main 1405129] Confirming: 9/9
[2 INFO main 1405359] Scout.Query -> Verify.DriveTo | Go to unverified source
[2 INFO main 1432851] Verify.DriveTo -> Verify.Homing | Homing
[2 INFO main 1449307] Confirming: 1/9
[2 INFO main 1451350] Confirming: 2/9
[2 INFO main 1453354] Confirming: 3/9
[2 INFO main 1455413] Confirming: 4/9
[2 INFO main 1457477] Confirming: 5/9
[2 INFO main 1458145] Verify.Homing -> Scout.Query | Arrived home
[2 INFO main 1459562] Confirming: 6/9
[2 INFO main 1461603] Confirming: 7/9
[2 INFO main 1463692] Confirming: 8/9
[2 INFO main 1465709] Confirming: 9/9
[2 INFO main 1465850] Scout.Query -> Verify.DriveTo | Go to unverified source
[2 INFO main 1498437] Verify.DriveTo -> Verify.Homing | Homing
[2 INFO main 1508673] Confirming: 1/9
[2 INFO main 1510723] Confirming: 2/9
[2 INFO main 1512713] Confirming: 3/9
[2 INFO main 1514764] Confirming: 4/9
[2 INFO main 1516775] Confirming: 5/9
[2 INFO main 1518808] Confirming: 6/9
[2 INFO main 1520947] Confirming: 7/9
[2 INFO main 1522965] Confirming: 8/9
[2 INFO main 1523268] Verify.Homing -> Scout.Query | Arrived home
[2 INFO main 1525005] Confirming: 9/9
[2 INFO main 1525580] Scout.Query -> Verify.DriveTo | Go to unverified source
[2 INFO main 1557891] Verify.DriveTo -> Verify.Homing | Homing
[2 INFO main 1570287] Confirming: 1/9
[2 INFO main 1572343] Confirming: 3/9
[2 INFO main 1574404] Confirming: 4/9
[2 INFO main 1576440] Confirming: 5/9
[2 INFO main 1578514] Confirming: 6/9
[2 INFO main 1580566] Confirming: 7/9
[2 INFO main 1582639] Confirming: 8/9
[2 INFO main 1583677] Verify.Homing -> Scout.Query | Arrived home
[2 INFO main 1586734] Confirming: 10/9
[2 INFO main 1586902] Scout.Query -> Verify.DriveTo | Go to unverified source
[2 INFO main 1617792] Verify.DriveTo -> Verify.Homing | Homing
[2 INFO main 1628369] Confirming: 1/9
[2 INFO main 1630464] Confirming: 2/9
[2 INFO main 1632556] Confirming: 3/9
[2 INFO main 1634716] Confirming: 4/9
[2 INFO main 1636722] Confirming: 5/9
[2 INFO main 1638223] Verify.Homing -> Scout.Query | Arrived home
[2 INFO main 1638732] Confirming: 6/9
[2 INFO main 1640789] Confirming: 7/9
[2 INFO main 1642792] Confirming: 8/9
[2 INFO main 1644823] Confirming: 9/9
[2 INFO main 1644870] Scout.Query -> Verify.DriveTo | Go to unverified source
[2 INFO main 1688632] Verify.DriveTo -> Verify.Homing | Homing
[2 INFO main 1718804] Verify.Homing -> Scout.Query | Arrived home
[2 INFO main 1719953] Confirming: 1/9
[2 INFO main 1721951] Confirming: 2/9
[2 INFO main 1724070] Confirming: 3/9
[2 INFO main 1726147] Confirming: 4/9
[2 INFO main 1728187] Confirming: 5/9
[2 INFO main 1730289] Confirming: 7/9
[2 INFO main 1732345] Confirming: 8/9
[2 INFO main 1736426] Confirming: 10/9
[2 INFO main 1737059] Scout.Query -> Verify.DriveTo | Go to unverified source
[2 INFO main 1797341] Verify.DriveTo -> Verify.Homing | Homing
[2 INFO main 1810243] Confirming: 1/9
[2 INFO main 1812314] Confirming: 3/9
[2 INFO main 1814540] Confirming: 4/9
[2 INFO main 1816630] Confirming: 5/9
[2 INFO main 1818657] Confirming: 6/9
[2 INFO main 1820723] Confirming: 7/9
[2 INFO main 1824890] Confirming: 9/9
[2 INFO main 1825675] Verify.Homing -> Scout.Query | Arrived home
[2 INFO main 1825920] Scout.Query -> Verify.DriveTo | Go to unverified source
[2 INFO main 1848296] Verify.DriveTo -> Verify.Homing | Homing
[2 INFO main 1869470] Confirming: 1/9
[2 INFO main 1871548] Confirming: 2/9
[2 INFO main 1873605] Confirming: 3/9
[2 INFO main 1875647] Confirming: 4/9
[2 INFO main 1877701] Confirming: 5/9
[2 INFO main 1879720] Confirming: 6/9
[2 INFO main 1881766] Confirming: 7/9
[2 INFO main 1883856] Confirming: 8/9
[2 INFO main 1885938] Confirming: 9/9
[2 INFO main 1886580] Verify.Homing -> Scout.Query | Arrived home
[2 INFO main 1886719] Scout.Query -> Verify.DriveTo | Go to unverified source
[2 INFO main 1978504] Verify.DriveTo -> Verify.Homing | Homing
[2 INFO main 1991009] Confirming: 2/9
[2 INFO main 1993026] Confirming: 3/9
[2 INFO main 1994994] Confirming: 4/9
[2 INFO main 1997062] Confirming: 5/9
[2 INFO main 1999196] Confirming: 6/9
[2 INFO main 2001291] Confirming: 7/9
[2 INFO main 2003316] Confirming: 8/9
[2 INFO main 2005303] Confirming: 9/9
[2 INFO main 2017025] Verify.Homing -> Scout.Query | Arrived home
[2 INFO main 2017170] Scout.Query -> Verify.DriveTo | Go to unverified source
[2 INFO main 2043030] Verify.DriveTo -> Verify.Homing | Homing
[2 INFO main 2070806] Verify.Homing -> Scout.Query | Arrived home
[2 INFO main 2074638] Confirming: 1/9
[2 INFO main 2076762] Confirming: 2/9
[2 INFO main 2078767] Confirming: 3/9
[2 INFO main 2080842] Confirming: 4/9
[2 INFO main 2082907] Confirming: 5/9
[2 INFO main 2085038] Confirming: 6/9
[2 INFO main 2087081] Confirming: 7/9
[2 INFO main 2089249] Confirming: 8/9
[2 INFO main 2091286] Confirming: 9/9
[2 INFO main 2091858] Scout.Query -> Verify.DriveTo | Go to unverified source
[2 INFO main 2215125] Verify.DriveTo -> Verify.Homing | Homing
[2 INFO main 2221257] Confirming: 1/9
[2 INFO main 2223466] Confirming: 2/9
[2 INFO main 2225499] Confirming: 3/9
[2 INFO main 2229576] Confirming: 4/9
[2 INFO main 2231622] Confirming: 5/9
[2 INFO main 2233661] Confirming: 7/9
[2 INFO main 2235743] Confirming: 8/9
[2 INFO main 2237375] Verify.Homing -> Scout.Query | Arrived home
[2 INFO main 2237818] Confirming: 9/9
[2 INFO main 2238687] Scout.Query -> Verify.DriveTo | Go to unverified source
[2 INFO main 2265283] Verify.DriveTo -> Verify.Homing | Homing
[2 INFO main 2290256] Confirming: 1/9
[2 INFO main 2292456] Confirming: 2/9
[2 INFO main 2294509] Confirming: 3/9
[2 INFO main 2294834] Verify.Homing -> Scout.Query | Arrived home
[2 INFO main 2296562] Confirming: 4/9
[2 INFO main 2298607] Confirming: 5/9
[2 INFO main 2300842] Confirming: 6/9
[2 INFO main 2303092] Confirming: 7/9
[2 INFO main 2305150] Confirming: 8/9
[2 INFO main 2307362] Confirming: 9/9
[2 INFO main 2307838] Scout.Query -> Verify.DriveTo | Go to unverified source
[2 INFO main 2329093] Verify.DriveTo -> Verify.Homing | Homing
[2 INFO main 2344389] Verify.Homing -> Scout.Query | Arrived home
[2 INFO main 2349935] Confirming: 1/9
[2 INFO main 2351957] Confirming: 2/9
[2 INFO main 2353982] Confirming: 3/9
[2 INFO main 2356069] Confirming: 4/9
[2 INFO main 2358120] Confirming: 5/9
[2 INFO main 2362188] Confirming: 7/9
[2 INFO main 2366409] Confirming: 9/9
[2 INFO main 2366462] Scout.Query -> Verify.DriveTo | Go to unverified source
[2 INFO main 2401213] Verify.DriveTo -> Verify.Homing | Homing
[2 INFO main 2409567] Confirming: 1/9
[2 INFO main 2411759] Confirming: 2/9
[2 INFO main 2413811] Confirming: 3/9
[2 INFO main 2417894] Confirming: 5/9
[2 INFO main 2419898] Confirming: 6/9
[2 INFO main 2421977] Confirming: 7/9
[2 INFO main 2424068] Confirming: 8/9
[2 INFO main 2426074] Confirming: 9/9
[2 INFO main 2436770] Verify.Homing -> Scout.Query | Arrived home
[2 INFO main 2437129] Scout.Query -> Verify.DriveTo | Go to unverified source
[2 INFO main 2461013] Verify.DriveTo -> Verify.Homing | Homing
[2 INFO main 2469650] Confirming: 1/9
[2 INFO main 2473749] Confirming: 3/9
[2 INFO main 2475837] Confirming: 4/9
[2 INFO main 2477916] Confirming: 5/9
[2 INFO main 2479995] Confirming: 6/9
[2 INFO main 2483948] Confirming: 8/9
[2 INFO main 2484046] Verify.Homing -> Scout.Query | Arrived home
[2 INFO main 2486060] Confirming: 9/9
[2 INFO main 2486250] Scout.Query -> Verify.DriveTo | Go to unverified source
[2 INFO main 2677700] Verify.DriveTo -> Verify.Homing | Homing
[2 INFO main 2684331] Confirming: 2/9
[2 INFO main 2686358] Confirming: 3/9
[2 INFO main 2690498] Confirming: 4/9
[2 INFO main 2694733] Confirming: 7/9
[2 INFO main 2696774] Confirming: 8/9
[2 INFO main 2698783] Confirming: 9/9
[2 INFO main 2711463] Verify.Homing -> Scout.Query | Arrived home
[2 INFO main 2711726] Scout.Query -> Verify.DriveTo | Go to unverified source
[2 INFO main 2742901] Verify.DriveTo -> Verify.Homing | Homing
[2 INFO main 2765318] Verify.Homing -> Scout.Query | Arrived home
[2 INFO main 2765913] Confirming: 1/9
[2 INFO main 2767932] Confirming: 2/9
[2 INFO main 2770052] Confirming: 3/9
[2 INFO main 2772158] Confirming: 4/9
[2 INFO main 2774233] Confirming: 6/9
[2 INFO main 2776265] Confirming: 7/9
[2 INFO main 2780350] Confirming: 8/9
[2 INFO main 2782427] Confirming: 10/9
[2 INFO main 2782911] Scout.Query -> Verify.DriveTo | Go to unverified source
[2 INFO main 2831197] Verify.DriveTo -> Verify.Homing | Homing
[2 INFO main 2859200] Verify.Homing -> Scout.Query | Arrived home
[2 INFO main 2864521] Confirming: 1/9
[2 INFO main 2866802] Confirming: 2/9
[2 INFO main 2869061] Confirming: 3/9
[2 INFO main 2871175] Confirming: 5/9
[2 INFO main 2873232] Confirming: 6/9
[2 INFO main 2875375] Confirming: 7/9
[2 INFO main 2877466] Confirming: 8/9
[2 INFO main 2883656] Confirming: 9/9
[2 INFO main 2884265] Scout.Query -> Verify.DriveTo | Go to unverified source
[2 INFO main 2930964] Verify.DriveTo -> Verify.Homing | Homing
[2 INFO main 2951897] Confirming: 1/9
[2 INFO main 2953994] Confirming: 3/9
[2 INFO main 2958045] Confirming: 5/9
[2 INFO main 2960190] Confirming: 6/9
[2 INFO main 2962702] Verify.Homing -> Scout.Query | Arrived home
[2 INFO main 2964228] Confirming: 7/9
[2 INFO main 2966366] Confirming: 9/9
[2 INFO main 3001581] Scout.Query -> Verify.DriveTo | Go to unverified source
[2 INFO main 3011760] Verify.DriveTo -> Verify.Homing | Homing
[2 INFO main 3045081] Confirming: 1/9
[2 INFO main 3047156] Confirming: 2/9
[2 INFO main 3049272] Confirming: 4/9
[2 INFO main 3051352] Confirming: 5/9
[2 INFO main 3052768] Verify.Homing -> Scout.Query | Arrived home
[2 INFO main 3055398] Confirming: 6/9
[2 INFO main 3057516] Confirming: 7/9
[2 INFO main 3059434] Confirming: 9/9
[2 INFO main 3059484] Scout.Query -> Verify.DriveTo | Go to unverified source
[2 INFO main 3117783] Verify.DriveTo -> Verify.Homing | Homing
[2 INFO main 3134670] Confirming: 1/9
[2 INFO main 3136713] Confirming: 2/9
[2 INFO main 3138754] Confirming: 3/9
[2 INFO main 3140763] Confirming: 4/9
[2 INFO main 3142812] Confirming: 5/9
[2 INFO main 3144971] Confirming: 6/9
[2 INFO main 3147050] Confirming: 7/9
[2 INFO main 3149060] Confirming: 8/9
[2 INFO main 3151108] Confirming: 9/9
[2 INFO main 3186125] Verify.Homing -> Scout.Query | Arrived home
[2 INFO main 3186511] Scout.Query -> Verify.DriveTo | Go to unverified source
[2 INFO main 3211721] Verify.DriveTo -> Verify.Homing | Homing
[2 INFO main 3224174] Confirming: 1/9
[2 INFO main 3226218] Confirming: 2/9
[2 INFO main 3228367] Confirming: 3/9
[2 INFO main 3230450] Confirming: 4/9
[2 INFO main 3232507] Confirming: 5/9
[2 INFO main 3234531] Confirming: 6/9
[2 INFO main 3236605] Confirming: 7/9
[2 INFO main 3238678] Confirming: 8/9
[2 INFO main 3240383] Verify.Homing -> Scout.Query | Arrived home
[2 INFO main 3240690] Confirming: 9/9
[2 INFO main 3302107] Scout.Query -> Verify.DriveTo | Go to unverified source
[2 INFO main 3378240] Verify.DriveTo -> Verify.Homing | Homing
[2 INFO main 3403459] Confirming: 1/9
[2 INFO main 3405595] Confirming: 2/9
[2 INFO main 3407648] Confirming: 3/9
[2 INFO main 3409746] Confirming: 4/9
[2 INFO main 3411784] Confirming: 5/9
[2 INFO main 3414607] Verify.Homing -> Scout.Query | Arrived home
[2 INFO main 3416003] Confirming: 7/9
[2 INFO main 3420129] Confirming: 9/9
[2 INFO main 3420185] Scout.Query -> Verify.DriveTo | Go to unverified source
[2 INFO main 3459898] Verify.DriveTo -> Verify.Homing | Homing
[2 INFO main 3489503] Verify.Homing -> Scout.Query | Arrived home
[2 INFO main 3495073] Confirming: 1/9
[2 INFO main 3497110] Confirming: 2/9
[2 INFO main 3499183] Confirming: 3/9
[2 INFO main 3501243] Confirming: 5/9
[2 INFO main 3503246] Confirming: 6/9
[2 INFO main 3505246] Confirming: 7/9
[2 INFO main 3507331] Confirming: 8/9
[2 INFO main 3509801] Confirming: 9/9
[2 INFO main 3509855] Scout.Query -> Verify.DriveTo | Go to unverified source
[2 INFO main 3547087] Verify.DriveTo -> Verify.Homing | Homing
[2 INFO main 3556196] Confirming: 2/9
[2 INFO main 3558229] Confirming: 3/9
[2 INFO main 3564503] Confirming: 6/9
[2 INFO main 3566661] Confirming: 7/9
[2 INFO main 3568751] Confirming: 8/9
[2 INFO main 3570785] Confirming: 9/9
[2 INFO main 3580154] Verify.Homing -> Scout.Query | Arrived home
[2 INFO main 3580452] Scout.Query -> Verify.DriveTo | Go to unverified source
[2 INFO main 3618451] Verify.DriveTo -> Verify.Homing | Homing
[2 INFO main 3643270] Confirming: 1/9
[2 INFO main 3645415] Confirming: 2/9
[2 INFO main 3647487] Confirming: 3/9
[2 INFO main 3649582] Confirming: 4/9
[2 INFO main 3651636] Confirming: 5/9
[2 INFO main 3653688] Confirming: 6/9
[2 INFO main 3655693] Confirming: 7/9
[2 INFO main 3657622] Confirming: 8/9
[2 INFO main 3659913] Confirming: 9/9
[2 INFO main 3666438] Verify.Homing -> Scout.Query | Arrived home
[2 INFO main 3666593] Scout.Query -> Verify.DriveTo | Go to unverified source
[2 INFO main 3718476] Verify.DriveTo -> Verify.Homing | Homing
[2 INFO main 3735436] Confirming: 1/9
[2 INFO main 3737487] Confirming: 2/9
[2 INFO main 3739536] Confirming: 4/9
[2 INFO main 3741620] Confirming: 5/9
[2 INFO main 3745748] Confirming: 7/9
[2 INFO main 3747787] Confirming: 8/9
[2 INFO main 3749935] Confirming: 9/9
[2 INFO main 3767001] Verify.Homing -> Scout.Query | Arrived home
[2 INFO main 3767217] Scout.Query -> Verify.DriveTo | Go to unverified source
[2 INFO main 3816198] Verify.DriveTo -> Verify.Homing | Homing
[2 INFO main 3824446] Confirming: 1/9
[2 INFO main 3826506] Confirming: 2/9
[2 INFO main 3828556] Confirming: 3/9
[2 INFO main 3832681] Confirming: 5/9
[2 INFO main 3834672] Confirming: 6/9
[2 INFO main 3836754] Confirming: 7/9
[2 INFO main 3838789] Confirming: 8/9
[2 INFO main 3840827] Confirming: 9/9
[2 INFO main 3850555] Verify.Homing -> Scout.Query | Arrived home
[2 INFO main 3850776] Scout.Query -> Verify.DriveTo | Go to unverified source
[2 INFO main 3887286] Verify.DriveTo -> Verify.Homing | Homing
[2 INFO main 3914218] Confirming: 1/9
[2 INFO main 3916262] Confirming: 2/9
[2 INFO main 3918435] Confirming: 3/9
[2 INFO main 3919344] Verify.Homing -> Scout.Query | Arrived home
[2 INFO main 3920557] Confirming: 4/9
[2 INFO main 3922567] Confirming: 5/9
[2 INFO main 3924579] Confirming: 6/9
[2 INFO main 3926716] Confirming: 7/9
[2 INFO main 3928800] Confirming: 8/9
[2 INFO main 3930851] Confirming: 9/9
[2 INFO main 3932033] Scout.Query -> Verify.DriveTo | Go to unverified source
[2 INFO main 4022078] Verify.DriveTo -> Verify.Homing | Homing
[2 INFO main 4035279] Confirming: 2/9
[2 INFO main 4037404] Confirming: 3/9
[2 INFO main 4039414] Confirming: 4/9
[2 INFO main 4041587] Confirming: 5/9
[2 INFO main 4043674] Confirming: 6/9
[2 INFO main 4046038] Confirming: 7/9
[2 INFO main 4048067] Confirming: 8/9
[2 INFO main 4049755] Verify.Homing -> Scout.Query | Arrived home
[2 INFO main 4050196] Confirming: 9/9
[2 INFO main 4050991] Scout.Query -> Verify.DriveTo | Go to unverified source
[2 INFO main 4107450] Verify.DriveTo -> Verify.Homing | Homing
[2 INFO main 4124035] Confirming: 1/9
[2 INFO main 4126130] Confirming: 2/9
[2 INFO main 4128160] Confirming: 3/9
[2 INFO main 4130226] Confirming: 4/9
[2 INFO main 4132321] Confirming: 5/9
[2 INFO main 4134398] Confirming: 6/9
[2 INFO main 4136471] Confirming: 7/9
[2 INFO main 4138523] Confirming: 8/9
[2 INFO main 4140825] Confirming: 9/9
[2 INFO main 4143118] Verify.Homing -> Scout.Query | Arrived home
[2 INFO main 4143585] Scout.Query -> Verify.DriveTo | Go to unverified source
[2 INFO main 4184406] Verify.DriveTo -> Verify.Homing | Homing
[2 INFO main 4207740] Confirming: 1/9
[2 INFO main 4209790] Confirming: 2/9
[2 INFO main 4211849] Confirming: 3/9
[2 INFO main 4213864] Confirming: 4/9
[2 INFO main 4216031] Confirming: 5/9
[2 INFO main 4216650] Verify.Homing -> Scout.Query | Arrived home
[2 INFO main 4220370] Confirming: 7/9
[2 INFO main 4222434] Confirming: 8/9
[2 INFO main 4224540] Confirming: 9/9
[2 INFO main 4224657] Scout.Query -> Verify.DriveTo | Go to unverified source
[2 INFO main 4259797] Verify.DriveTo -> Verify.Homing | Homing
[2 INFO main 4266427] Confirming: 1/9
[2 INFO main 4268603] Confirming: 2/9
[2 INFO main 4272900] Confirming: 4/9
[2 INFO main 4275182] Confirming: 5/9
[2 INFO main 4277204] Confirming: 6/9
[2 INFO main 4279379] Confirming: 7/9
[2 INFO main 4281401] Confirming: 9/9
[2 INFO main 4303127] Verify.Homing -> Scout.Query | Arrived home
[2 INFO main 4303273] Scout.Query -> Verify.DriveTo | Go to unverified source
[2 INFO main 4344056] Verify.DriveTo -> Verify.Homing | Homing
[2 INFO main 4359070] Confirming: 1/9
[2 INFO main 4369424] Confirming: 2/9
[2 INFO main 4371724] Confirming: 4/9
[2 INFO main 4375894] Confirming: 6/9
[2 INFO main 4378232] Confirming: 7/9
[2 INFO main 4379958] Verify.Homing -> Scout.Query | Arrived home
[2 INFO main 4380327] Confirming: 8/9
[2 INFO main 4382386] Confirming: 9/9
[2 INFO main 4383297] Scout.Query -> Verify.DriveTo | Go to unverified source
[2 INFO main 4432959] Verify.DriveTo -> Verify.Homing | Homing
[2 INFO main 4456025] Confirming: 1/9
[2 INFO main 4458069] Confirming: 2/9
[2 INFO main 4462274] Confirming: 4/9
[2 INFO main 4464375] Confirming: 5/9
[2 INFO main 4466506] Confirming: 6/9
[2 INFO main 4468551] Confirming: 7/9
[2 INFO main 4470609] Confirming: 8/9
[2 INFO main 4471151] Verify.Homing -> Scout.Query | Arrived home
[2 INFO main 4472678] Confirming: 9/9
[2 INFO main 4473469] Scout.Query -> Verify.DriveTo | Go to unverified source
[2 INFO main 4511470] Verify.DriveTo -> Verify.Homing | Homing
[2 INFO main 4539563] Verify.Homing -> Scout.Query | Arrived home
[2 INFO main 4545349] Confirming: 2/9
[2 INFO main 4547450] Confirming: 4/9
[2 INFO main 4549581] Confirming: 5/9
[2 INFO main 4551628] Confirming: 6/9
[2 INFO main 4553659] Confirming: 7/9
[2 INFO main 4555717] Confirming: 8/9
[2 INFO main 4557884] Confirming: 9/9
[2 INFO main 4558572] Scout.Query -> Verify.DriveTo | Go to unverified source
[2 INFO main 4588131] Verify.DriveTo -> Verify.Homing | Homing
[2 INFO main 4606778] Confirming: 1/9
[2 INFO main 4609076] Confirming: 2/9
[2 INFO main 4611234] Confirming: 4/9
[2 INFO main 4615213] Confirming: 6/9
[2 INFO main 4619762] Confirming: 7/9
[2 INFO main 4622371] Confirming: 9/9
[2 INFO main 4622579] Verify.Homing -> Scout.Query | Arrived home
[2 INFO main 4622742] Scout.Query -> Verify.DriveTo | Go to unverified source
[2 INFO main 4646381] Verify.DriveTo -> Verify.Homing | Homing
[2 INFO main 4667078] Confirming: 1/9
[2 INFO main 4669237] Confirming: 2/9
[2 INFO main 4671426] Confirming: 3/9
[2 INFO main 4673459] Confirming: 4/9
[2 INFO main 4675508] Confirming: 5/9
[2 INFO main 4677031] Verify.Homing -> Scout.Query | Arrived home
[2 INFO main 4679627] Confirming: 7/9
[2 INFO main 4681708] Confirming: 8/9
[2 INFO main 4683840] Confirming: 9/9
[2 INFO main 4683897] Scout.Query -> Verify.DriveTo | Go to unverified source
[2 INFO main 4776120] Verify.DriveTo -> Verify.Homing | Homing
[2 INFO main 4786412] Confirming: 1/9
[2 INFO main 4788502] Confirming: 2/9
[2 INFO main 4791049] Confirming: 3/9
[2 INFO main 4793120] Confirming: 4/9
[2 INFO main 4795215] Confirming: 5/9
[2 INFO main 4797230] Confirming: 6/9
[2 INFO main 4799481] Confirming: 7/9
[2 INFO main 4801512] Confirming: 8/9
[2 INFO main 4802257] Verify.Homing -> Scout.Query | Arrived home
[2 INFO main 4803517] Confirming: 9/9
[2 INFO main 4803584] Scout.Query -> Verify.DriveTo | Go to unverified source
[2 INFO main 4825425] Verify.DriveTo -> Verify.Homing | Homing
[2 INFO main 4846906] Confirming: 1/9
[2 INFO main 4849028] Confirming: 2/9
[2 INFO main 4851138] Confirming: 3/9
[2 INFO main 4853186] Confirming: 4/9
[2 INFO main 4855265] Confirming: 5/9
[2 INFO main 4857237] Confirming: 6/9
[2 INFO main 4859390] Confirming: 7/9
[2 INFO main 4861443] Confirming: 8/9
[2 INFO main 4861444] Verify.Homing -> Scout.Query | Arrived home
[2 INFO main 4863494] Confirming: 9/9
[2 INFO main 4864132] Scout.Query -> Verify.DriveTo | Go to unverified source
[2 INFO main 4902915] Verify.DriveTo -> Verify.Homing | Homing
[2 INFO main 4928940] Verify.Homing -> Scout.Query | Arrived home
[2 INFO main 4968317] Confirming: 16/9
[2 INFO main 4969508] Scout.Query -> Verify.DriveTo | Go to unverified source
[2 INFO main 5053759] Verify.DriveTo -> Verify.Homing | Homing
[2 INFO main 5077194] Verify.Homing -> Scout.Query | Arrived home
[2 INFO main 5082545] Confirming: 1/9
[2 INFO main 5087133] Confirming: 3/9
[2 INFO main 5089168] Confirming: 4/9
[2 INFO main 5091568] Confirming: 5/9
[2 INFO main 5094075] Confirming: 6/9
[2 INFO main 5096293] Confirming: 7/9
[2 INFO main 5098386] Confirming: 8/9
[2 INFO main 5100467] Confirming: 10/9
[2 INFO main 5101631] Scout.Query -> Verify.DriveTo | Go to unverified source
[2 INFO main 5142634] Verify.DriveTo -> Verify.Homing | Homing
[2 INFO main 5168715] Verify.Homing -> Scout.Query | Arrived home
[2 INFO main 5178052] Confirming: 1/9
[2 INFO main 5180046] Confirming: 2/9
[2 INFO main 5182126] Confirming: 3/9
[2 INFO main 5184341] Confirming: 5/9
[2 INFO main 5186430] Confirming: 6/9
[2 INFO main 5188526] Confirming: 7/9
[2 INFO main 5190538] Confirming: 8/9
[2 INFO main 5192567] Confirming: 9/9
[2 INFO main 5192971] Scout.Query -> Verify.DriveTo | Go to unverified source
[2 INFO main 5214265] Verify.DriveTo -> Verify.Homing | Homing
[2 INFO main 5239131] Confirming: 2/9
[2 INFO main 5241156] Confirming: 3/9
[2 INFO main 5243292] Confirming: 4/9
[2 INFO main 5245307] Confirming: 5/9
[2 INFO main 5245663] Verify.Homing -> Scout.Query | Arrived home
[2 INFO main 5247320] Confirming: 6/9
[2 INFO main 5249386] Confirming: 7/9
[2 INFO main 5251407] Confirming: 8/9
[2 INFO main 5253464] Confirming: 9/9
[2 INFO main 5253529] Scout.Query -> Verify.DriveTo | Go to unverified source
[2 INFO main 5298057] Verify.DriveTo -> Verify.Homing | Homing
[2 INFO main 5329346] Verify.Homing -> Scout.Query | Arrived home
[2 INFO main 5329550] Confirming: 2/9
[2 INFO main 5331598] Confirming: 3/9
[2 INFO main 5333610] Confirming: 4/9
[2 INFO main 5335782] Confirming: 5/9
[2 INFO main 5337879] Confirming: 6/9
[2 INFO main 5339944] Confirming: 7/9
[2 INFO main 5341962] Confirming: 8/9
[2 INFO main 5344043] Confirming: 9/9
[2 INFO main 5344962] Scout.Query -> Verify.DriveTo | Go to unverified source
[2 INFO main 5376112] Verify.DriveTo -> Verify.Homing | Homing
[2 INFO main 5386869] Confirming: 1/9
[2 INFO main 5388974] Confirming: 2/9
[2 INFO main 5393408] Confirming: 4/9
[2 INFO main 5395895] Confirming: 5/9
[2 INFO main 5398214] Confirming: 6/9
[2 INFO main 5400263] Confirming: 8/9
