[13 INFO main 26] Initialising Python Geth Console...
[13 INFO main 31] Initialising RandB board...
[13 INFO main 31] Initialising navigation...
[13 INFO main 31] Initialising random-walk...
[13 INFO main 31] Initialising odometry...
[13 INFO main 31] Initialising ground-sensors...
[13 INFO main 283] --//-- Starting Experiment --//--
[13 INFO main 1835] Idle.IDLE -> Scout.Query | Duration: 28.98
[13 INFO main 26068] Scout.Query -> Verify.DriveTo | Go to unverified source
[13 INFO main 65143] Verify.DriveTo -> Verify.Homing | Homing
[13 INFO main 87021] Verify.Homing -> Scout.Query | Arrived home
[13 INFO main 102844] Confirming: 1/9
[13 INFO main 104902] Confirming: 2/9
[13 INFO main 106911] Confirming: 3/9
[13 INFO main 108856] Confirming: 4/9
[13 INFO main 111000] Confirming: 5/9
[13 INFO main 113149] Confirming: 6/9
[13 INFO main 115167] Confirming: 7/9
[13 INFO main 117208] Confirming: 8/9
[13 INFO main 119313] Confirming: 9/9
[13 INFO main 119762] Scout.Query -> Verify.DriveTo | Go to unverified source
[13 INFO main 159551] Verify.DriveTo -> Verify.Homing | Homing
[13 INFO main 186979] Confirming: 1/9
[13 INFO main 188996] Confirming: 2/9
[13 INFO main 189583] Verify.Homing -> Scout.Query | Arrived home
[13 INFO main 191245] Confirming: 3/9
[13 INFO main 195474] Confirming: 5/9
[13 INFO main 197502] Confirming: 7/9
[13 INFO main 201626] Confirming: 9/9
[13 INFO main 201906] Scout.Query -> Verify.DriveTo | Go to unverified source
[13 INFO main 333260] Verify.DriveTo -> Verify.Homing | Homing
[13 INFO main 354575] Confirming: 1/9
[13 INFO main 356650] Confirming: 2/9
[13 INFO main 364903] Confirming: 6/9
[13 INFO main 366963] Confirming: 7/9
[13 INFO main 367605] Verify.Homing -> Scout.Query | Arrived home
[13 INFO main 371059] Confirming: 9/9
[13 INFO main 371087] Scout.Query -> Verify.DriveTo | Go to unverified source
[13 INFO main 451301] Verify.DriveTo -> Verify.Homing | Homing
[13 INFO main 461997] Confirming: 1/9
[13 INFO main 464114] Confirming: 2/9
[13 INFO main 466152] Confirming: 3/9
[13 INFO main 468246] Confirming: 4/9
[13 INFO main 468700] Verify.Homing -> Scout.Query | Arrived home
[13 INFO main 470338] Confirming: 5/9
[13 INFO main 472359] Confirming: 6/9
[13 INFO main 474413] Confirming: 7/9
[13 INFO main 476414] Confirming: 8/9
[13 INFO main 478481] Confirming: 9/9
[13 INFO main 478539] Scout.Query -> Verify.DriveTo | Go to unverified source
[13 INFO main 595560] Verify.DriveTo -> Verify.Homing | Homing
[13 INFO main 612103] Confirming: 1/9
[13 INFO main 614126] Confirming: 2/9
[13 INFO main 616231] Confirming: 3/9
[13 INFO main 618377] Confirming: 4/9
[13 INFO main 620409] Confirming: 5/9
[13 INFO main 622465] Confirming: 6/9
[13 INFO main 623200] Verify.Homing -> Scout.Query | Arrived home
[13 INFO main 624557] Confirming: 7/9
[13 INFO main 626615] Confirming: 8/9
[13 INFO main 628673] Confirming: 9/9
[13 INFO main 628700] Scout.Query -> Verify.DriveTo | Go to unverified source
[13 INFO main 637145] Verify.DriveTo -> Verify.Homing | Homing
[13 INFO main 641557] Verify.Homing -> Scout.Query | Arrived home
[13 INFO main 655823] Confirming: 1/9
[13 INFO main 659892] Confirming: 3/9
[13 INFO main 661991] Confirming: 4/9
[13 INFO main 663992] Confirming: 5/9
[13 INFO main 666085] Confirming: 6/9
[13 INFO main 670193] Confirming: 8/9
[13 INFO main 672233] Confirming: 9/9
[13 INFO main 673091] Scout.Query -> Verify.DriveTo | Go to unverified source
[13 INFO main 748069] Verify.DriveTo -> Verify.Homing | Homing
[13 INFO main 762635] Confirming: 1/9
[13 INFO main 764677] Confirming: 2/9
[13 INFO main 766684] Confirming: 3/9
[13 INFO main 768794] Confirming: 4/9
[13 INFO main 770475] Verify.Homing -> Scout.Query | Arrived home
[13 INFO main 770921] Confirming: 5/9
[13 INFO main 772943] Confirming: 6/9
[13 INFO main 774986] Confirming: 7/9
[13 INFO main 777087] Confirming: 8/9
[13 INFO main 779164] Confirming: 9/9
[13 INFO main 779356] Scout.Query -> Verify.DriveTo | Go to unverified source
[13 INFO main 844884] Verify.DriveTo -> Verify.Homing | Homing
[13 INFO main 853108] Confirming: 1/9
[13 INFO main 855154] Confirming: 2/9
[13 INFO main 857263] Confirming: 3/9
[13 INFO main 859354] Confirming: 4/9
[13 INFO main 861386] Confirming: 5/9
[13 INFO main 863407] Confirming: 6/9
[13 INFO main 865478] Confirming: 7/9
[13 INFO main 867526] Confirming: 8/9
[13 INFO main 869561] Confirming: 9/9
[13 INFO main 898958] Verify.Homing -> Scout.Query | Arrived home
[13 INFO main 899008] Scout.Query -> Verify.DriveTo | Go to unverified source
[13 INFO main 967631] Verify.DriveTo -> Verify.Homing | Homing
[13 INFO main 984144] Confirming: 1/9
[13 INFO main 986335] Confirming: 2/9
[13 INFO main 988363] Confirming: 3/9
[13 INFO main 990405] Confirming: 4/9
[13 INFO main 992459] Confirming: 5/9
[13 INFO main 996673] Confirming: 7/9
[13 INFO main 998400] Verify.Homing -> Scout.Query | Arrived home
[13 INFO main 1000846] Confirming: 9/9
[13 INFO main 1001644] Scout.Query -> Verify.DriveTo | Go to unverified source
[13 INFO main 1266914] Verify.DriveTo -> Verify.Homing | Homing
[13 INFO main 1273206] Confirming: 1/9
[13 INFO main 1275258] Confirming: 2/9
[13 INFO main 1277306] Confirming: 3/9
[13 INFO main 1279334] Confirming: 4/9
[13 INFO main 1281381] Confirming: 5/9
[13 INFO main 1283407] Confirming: 6/9
[13 INFO main 1285457] Confirming: 7/9
[13 INFO main 1287505] Confirming: 9/9
[13 INFO main 1288580] Verify.Homing -> Scout.Query | Arrived home
[13 INFO main 1288659] Scout.Query -> Verify.DriveTo | Go to unverified source
[13 INFO main 1300323] Verify.DriveTo -> Verify.Homing | Homing
[13 INFO main 1310419] Verify.Homing -> Scout.Query | Arrived home
[13 INFO main 1331528] Confirming: 1/9
[13 INFO main 1335662] Confirming: 3/9
[13 INFO main 1337664] Confirming: 4/9
[13 INFO main 1339755] Confirming: 5/9
[13 INFO main 1341774] Confirming: 6/9
[13 INFO main 1343830] Confirming: 7/9
[13 INFO main 1345977] Confirming: 8/9
[13 INFO main 1348007] Confirming: 9/9
[13 INFO main 1348836] Scout.Query -> Verify.DriveTo | Go to unverified source
[13 INFO main 1436887] Verify.DriveTo -> Verify.Homing | Homing
[13 INFO main 1451763] Confirming: 1/9
[13 INFO main 1453853] Confirming: 2/9
[13 INFO main 1455967] Confirming: 3/9
[13 INFO main 1458022] Confirming: 4/9
[13 INFO main 1460069] Confirming: 5/9
[13 INFO main 1462141] Confirming: 6/9
[13 INFO main 1464205] Confirming: 7/9
[13 INFO main 1466266] Confirming: 8/9
[13 INFO main 1468353] Confirming: 9/9
[13 INFO main 1478911] Verify.Homing -> Scout.Query | Arrived home
[13 INFO main 1515916] Scout.Query -> Verify.DriveTo | Go to unverified source
[13 INFO main 1531222] Verify.DriveTo -> Verify.Homing | Homing
[13 INFO main 1543657] Confirming: 2/9
[13 INFO main 1545822] Confirming: 3/9
[13 INFO main 1549983] Confirming: 5/9
[13 INFO main 1552075] Confirming: 6/9
[13 INFO main 1554157] Confirming: 7/9
[13 INFO main 1556326] Confirming: 8/9
[13 INFO main 1558353] Confirming: 9/9
[13 INFO main 1559273] Verify.Homing -> Scout.Query | Arrived home
[13 INFO main 1559618] Scout.Query -> Verify.DriveTo | Go to unverified source
[13 INFO main 1663709] Verify.DriveTo -> Verify.Homing | Homing
[13 INFO main 1692942] Confirming: 1/9
[13 INFO main 1692942] Verify.Homing -> Scout.Query | Arrived home
[13 INFO main 1695055] Confirming: 2/9
[13 INFO main 1697160] Confirming: 3/9
[13 INFO main 1699205] Confirming: 4/9
[13 INFO main 1701348] Confirming: 5/9
[13 INFO main 1703377] Confirming: 6/9
[13 INFO main 1705526] Confirming: 8/9
[13 INFO main 1707588] Confirming: 9/9
[13 INFO main 1707856] Scout.Query -> Verify.DriveTo | Go to unverified source
[13 INFO main 1768264] Verify.DriveTo -> Verify.Homing | Homing
[13 INFO main 1783058] Confirming: 1/9
[13 INFO main 1785147] Confirming: 2/9
[13 INFO main 1787240] Confirming: 3/9
[13 INFO main 1789283] Confirming: 4/9
[13 INFO main 1791310] Confirming: 5/9
[13 INFO main 1793322] Confirming: 6/9
[13 INFO main 1793447] Verify.Homing -> Scout.Query | Arrived home
[13 INFO main 1795352] Confirming: 7/9
[13 INFO main 1797429] Confirming: 8/9
[13 INFO main 1799439] Confirming: 9/9
