[5 INFO main 30] Initialising Python Geth Console...
[5 INFO main 34] Initialising RandB board...
[5 INFO main 34] Initialising navigation...
[5 INFO main 34] Initialising random-walk...
[5 INFO main 34] Initialising odometry...
[5 INFO main 34] Initialising ground-sensors...
[5 INFO main 603] --//-- Starting Experiment --//--
[5 INFO main 1704] Idle.IDLE -> Scout.Query | Duration: 21.32
[5 INFO main 83882] Confirming: 1/8
[5 INFO main 85953] Confirming: 2/8
[5 INFO main 87980] Confirming: 4/8
[5 INFO main 92162] Confirming: 6/8
[5 INFO main 96322] Confirming: 8/8
[5 INFO main 96495] Scout.Query -> Scout.GotoCenter | Drive to others reported pos
[5 INFO main 117689] Scout.GotoCenter -> Scout.Query | return to random walk
[5 INFO main 142281] Confirming: 1/8
[5 INFO main 144346] Confirming: 2/8
[5 INFO main 146295] Confirming: 3/8
[5 INFO main 150481] Confirming: 5/8
[5 INFO main 152549] Confirming: 6/8
[5 INFO main 156590] Confirming: 8/8
[5 INFO main 177670] Scout.Query -> Scout.GotoCenter | Drive to others reported pos
[5 INFO main 195017] Scout.GotoCenter -> Scout.Query | return to random walk
[5 INFO main 203314] Confirming: 1/8
[5 INFO main 205358] Confirming: 2/8
[5 INFO main 207376] Confirming: 3/8
[5 INFO main 209477] Confirming: 4/8
[5 INFO main 211481] Confirming: 5/8
[5 INFO main 213517] Confirming: 6/8
[5 INFO main 215531] Confirming: 7/8
[5 INFO main 219782] Confirming: 9/8
[5 INFO main 610146] Scout.Query -> Scout.GotoCenter | Drive to others reported pos
[5 INFO main 632368] Scout.GotoCenter -> Scout.Query | return to random walk
[5 INFO main 638577] Confirming: 1/8
[5 INFO main 640658] Confirming: 2/8
[5 INFO main 642770] Confirming: 3/8
[5 INFO main 644830] Confirming: 4/8
[5 INFO main 646934] Confirming: 6/8
[5 INFO main 648934] Confirming: 7/8
[5 INFO main 650994] Confirming: 8/8
[5 INFO main 653049] Scout.Query -> Scout.GotoCenter | Drive to others reported pos
[5 INFO main 657816] Scout.GotoCenter -> Scout.Query | return to random walk
[5 INFO main 668046] Confirming: 1/8
[5 INFO main 670099] Confirming: 2/8
[5 INFO main 672142] Confirming: 3/8
[5 INFO main 674186] Confirming: 4/8
[5 INFO main 676198] Confirming: 5/8
[5 INFO main 678233] Confirming: 6/8
[5 INFO main 680290] Confirming: 7/8
[5 INFO main 682341] Confirming: 8/8
[5 INFO main 683451] Scout.Query -> Scout.GotoCenter | Drive to others reported pos
[5 INFO main 713088] Scout.GotoCenter -> Scout.Query | return to random walk
[5 INFO main 727602] Confirming: 1/8
[5 INFO main 729701] Confirming: 2/8
[5 INFO main 731778] Confirming: 3/8
[5 INFO main 733846] Confirming: 4/8
[5 INFO main 735920] Confirming: 5/8
[5 INFO main 739965] Confirming: 7/8
[5 INFO main 741970] Confirming: 8/8
[5 INFO main 743506] Scout.Query -> Scout.GotoCenter | Drive to others reported pos
[5 INFO main 759351] Scout.GotoCenter -> Scout.Query | return to random walk
[5 INFO main 781936] Confirming: 1/8
[5 INFO main 790294] Confirming: 2/8
[5 INFO main 794365] Confirming: 4/8
[5 INFO main 800542] Confirming: 6/8
[5 INFO main 802570] Confirming: 7/8
[5 INFO main 804640] Confirming: 8/8
[5 INFO main 1009921] Scout.Query -> Scout.GotoCenter | Drive to others reported pos
[5 INFO main 1022908] Scout.GotoCenter -> Scout.Query | return to random walk
[5 INFO main 1035278] Confirming: 1/8
[5 INFO main 1037293] Confirming: 2/8
[5 INFO main 1039346] Confirming: 3/8
[5 INFO main 1043372] Confirming: 5/8
[5 INFO main 1045442] Confirming: 6/8
[5 INFO main 1047466] Confirming: 7/8
[5 INFO main 1049482] Confirming: 8/8
[5 INFO main 1276350] Confirming: 1/8
[5 INFO main 1319394] Confirming: 2/8
[5 INFO main 1321488] Confirming: 3/8
[5 INFO main 1323521] Confirming: 4/8
[5 INFO main 1325558] Confirming: 5/8
[5 INFO main 1327590] Confirming: 6/8
[5 INFO main 1329614] Confirming: 7/8
[5 INFO main 1331654] Confirming: 8/8
[5 INFO main 1819097] Scout.Query -> Scout.GotoCenter | Drive to others reported pos
[5 INFO main 1844548] Scout.GotoCenter -> Scout.Query | return to random walk
[5 INFO main 1877381] Confirming: 1/8
[5 INFO main 1879406] Confirming: 3/8
[5 INFO main 1883474] Confirming: 5/8
[5 INFO main 1885517] Confirming: 6/8
[5 INFO main 1889718] Confirming: 8/8
[5 INFO main 2121249] Scout.Query -> Scout.GotoCenter | Drive to others reported pos
[5 INFO main 2149022] Scout.GotoCenter -> Scout.Query | return to random walk
[5 INFO main 2280185] Confirming: 1/8
[5 INFO main 2282270] Confirming: 4/8
[5 INFO main 2286414] Confirming: 5/8
[5 INFO main 2288422] Confirming: 6/8
[5 INFO main 2290473] Confirming: 7/8
[5 INFO main 2292502] Confirming: 8/8
[5 INFO main 2311336] Scout.Query -> Scout.GotoCenter | Drive to others reported pos
[5 INFO main 2339487] Scout.GotoCenter -> Scout.Query | return to random walk
[5 INFO main 2366298] Confirming: 1/8
[5 INFO main 2368306] Confirming: 2/8
[5 INFO main 2370386] Confirming: 3/8
[5 INFO main 2372433] Confirming: 4/8
[5 INFO main 2374577] Confirming: 5/8
[5 INFO main 2376601] Confirming: 6/8
[5 INFO main 2378698] Confirming: 7/8
[5 INFO main 2380745] Confirming: 8/8
[5 INFO main 2460888] Scout.Query -> Scout.GotoCenter | Drive to others reported pos
[5 INFO main 2492686] Scout.GotoCenter -> Scout.Query | return to random walk
[5 INFO main 2517694] Confirming: 1/8
[5 INFO main 2519778] Confirming: 2/8
[5 INFO main 2521818] Confirming: 3/8
[5 INFO main 2523890] Confirming: 4/8
[5 INFO main 2525898] Confirming: 5/8
[5 INFO main 2527914] Confirming: 6/8
[5 INFO main 2529917] Confirming: 7/8
[5 INFO main 2532050] Confirming: 8/8
[5 INFO main 2680433] Scout.Query -> Scout.GotoCenter | Drive to others reported pos
[5 INFO main 2758390] Scout.GotoCenter -> Scout.Query | return to random walk
[5 INFO main 2766675] Confirming: 1/8
[5 INFO main 2768726] Confirming: 2/8
[5 INFO main 2770778] Confirming: 3/8
[5 INFO main 2772802] Confirming: 4/8
[5 INFO main 2774861] Confirming: 5/8
[5 INFO main 2782945] Confirming: 10/8
[5 INFO main 3055969] Scout.Query -> Scout.GotoCenter | Drive to others reported pos
[5 INFO main 3096416] Scout.GotoCenter -> Scout.Query | return to random walk
[5 INFO main 3106689] Confirming: 2/8
[5 INFO main 3108713] Confirming: 3/8
[5 INFO main 3110746] Confirming: 4/8
[5 INFO main 3112705] Confirming: 5/8
[5 INFO main 3114812] Confirming: 6/8
[5 INFO main 3116809] Confirming: 7/8
[5 INFO main 3118874] Confirming: 8/8
[5 INFO main 3122043] Scout.Query -> Scout.GotoCenter | Drive to others reported pos
[5 INFO main 3138952] Scout.GotoCenter -> Scout.Query | return to random walk
[5 INFO main 3165682] Confirming: 1/8
[5 INFO main 3167717] Confirming: 2/8
[5 INFO main 3169778] Confirming: 3/8
[5 INFO main 3171830] Confirming: 4/8
[5 INFO main 3173893] Confirming: 6/8
[5 INFO main 3177990] Confirming: 7/8
[5 INFO main 3180077] Confirming: 8/8
[5 INFO main 3189176] Scout.Query -> Scout.GotoCenter | Drive to others reported pos
[5 INFO main 3196809] Scout.GotoCenter -> Scout.Query | return to random walk
[5 INFO main 3225934] Confirming: 1/8
[5 INFO main 3228242] Confirming: 2/8
[5 INFO main 3230266] Confirming: 4/8
[5 INFO main 3232333] Confirming: 5/8
[5 INFO main 3234614] Confirming: 6/8
[5 INFO main 3239030] Confirming: 8/8
[5 INFO main 3881697] Confirming: 1/8
[5 INFO main 3883754] Confirming: 2/8
[5 INFO main 3885841] Confirming: 3/8
[5 INFO main 3887871] Confirming: 4/8
[5 INFO main 3890046] Confirming: 5/8
[5 INFO main 3892042] Confirming: 7/8
[5 INFO main 3894128] Confirming: 8/8
[5 INFO main 3897150] Scout.Query -> Scout.GotoCenter | Drive to others reported pos
[5 INFO main 3915667] Scout.GotoCenter -> Scout.Query | return to random walk
[5 INFO main 3948477] Confirming: 1/8
[5 INFO main 3952667] Confirming: 2/8
[5 INFO main 3954712] Confirming: 4/8
[5 INFO main 3956754] Confirming: 5/8
[5 INFO main 3958862] Confirming: 6/8
[5 INFO main 3960910] Confirming: 7/8
[5 INFO main 3962925] Confirming: 8/8
[5 INFO main 4349521] Scout.Query -> Scout.GotoCenter | Drive to others reported pos
[5 INFO main 4379326] Scout.GotoCenter -> Scout.Query | return to random walk
[5 INFO main 4432841] Confirming: 1/8
[5 INFO main 4434934] Confirming: 3/8
[5 INFO main 4439057] Confirming: 5/8
[5 INFO main 4443072] Confirming: 7/8
[5 INFO main 4447262] Confirming: 8/8
[5 INFO main 4450946] Scout.Query -> Scout.GotoCenter | Drive to others reported pos
[5 INFO main 4480622] Scout.GotoCenter -> Scout.Query | return to random walk
[5 INFO main 4490966] Confirming: 1/8
[5 INFO main 4493428] Confirming: 2/8
[5 INFO main 4497542] Confirming: 4/8
[5 INFO main 4499610] Confirming: 5/8
[5 INFO main 4501547] Confirming: 6/8
[5 INFO main 4503646] Confirming: 7/8
[5 INFO main 4507962] Confirming: 9/8
[5 INFO main 4910224] Scout.Query -> Scout.GotoCenter | Drive to others reported pos
[5 INFO main 4929819] Scout.GotoCenter -> Scout.Query | return to random walk
[5 INFO main 4962990] Confirming: 1/8
[5 INFO main 4965062] Confirming: 2/8
[5 INFO main 4967206] Confirming: 3/8
[5 INFO main 4971422] Confirming: 5/8
[5 INFO main 4973457] Confirming: 6/8
[5 INFO main 4975586] Confirming: 7/8
[5 INFO main 4977634] Confirming: 8/8
[5 INFO main 5741725] Scout.Query -> Scout.GotoCenter | Drive to others reported pos
[5 INFO main 5771639] Scout.GotoCenter -> Scout.Query | return to random walk
[5 INFO main 5806754] Confirming: 1/8
[5 INFO main 5808810] Confirming: 2/8
[5 INFO main 5810838] Confirming: 3/8
[5 INFO main 5813022] Confirming: 4/8
[5 INFO main 5815270] Confirming: 5/8
[5 INFO main 5817298] Confirming: 6/8
[5 INFO main 5819394] Confirming: 7/8
[5 INFO main 5821434] Confirming: 8/8
[5 INFO main 5822529] Scout.Query -> Scout.GotoCenter | Drive to others reported pos
[5 INFO main 5877237] Scout.GotoCenter -> Scout.Query | return to random walk
[5 INFO main 5890625] Confirming: 1/8
[5 INFO main 5892709] Confirming: 2/8
[5 INFO main 5894762] Confirming: 3/8
[5 INFO main 5896889] Confirming: 5/8
[5 INFO main 5899242] Confirming: 6/8
[5 INFO main 5901254] Confirming: 7/8
[5 INFO main 5903596] Confirming: 8/8
[5 INFO main 6079754] Scout.Query -> Scout.GotoCenter | Drive to others reported pos
[5 INFO main 6088999] Scout.GotoCenter -> Scout.Query | return to random walk
[5 INFO main 6103310] Confirming: 1/8
[5 INFO main 6105390] Confirming: 2/8
[5 INFO main 6107466] Confirming: 3/8
[5 INFO main 6109537] Confirming: 4/8
[5 INFO main 6111618] Confirming: 5/8
[5 INFO main 6113630] Confirming: 6/8
[5 INFO main 6115672] Confirming: 7/8
[5 INFO main 6117801] Confirming: 8/8
[5 INFO main 6235831] Scout.Query -> Scout.GotoCenter | Drive to others reported pos
[5 INFO main 6256431] Scout.GotoCenter -> Scout.Query | return to random walk
[5 INFO main 6289447] Confirming: 1/8
[5 INFO main 6291513] Confirming: 2/8
[5 INFO main 6293653] Confirming: 3/8
[5 INFO main 6295750] Confirming: 4/8
[5 INFO main 6297786] Confirming: 5/8
[5 INFO main 6299792] Confirming: 6/8
[5 INFO main 6301881] Confirming: 8/8
[5 INFO main 6302028] Scout.Query -> Scout.GotoCenter | Drive to others reported pos
[5 INFO main 6334832] Scout.GotoCenter -> Scout.Query | return to random walk
[5 INFO main 6352154] Confirming: 2/8
[5 INFO main 6354175] Confirming: 3/8
[5 INFO main 6356135] Confirming: 4/8
[5 INFO main 6360292] Confirming: 6/8
[5 INFO main 6362338] Confirming: 7/8
[5 INFO main 6364385] Confirming: 8/8
