[13 INFO main 29] Initialising Python Geth Console...
[13 INFO main 33] Initialising RandB board...
[13 INFO main 33] Initialising navigation...
[13 INFO main 33] Initialising random-walk...
[13 INFO main 33] Initialising odometry...
[13 INFO main 33] Initialising ground-sensors...
[13 INFO main 224] --//-- Starting Experiment --//--
[13 INFO main 1322] Idle.IDLE -> Scout.Query | Duration: 20.75
[13 INFO main 82527] Scout.Query -> Scout.GotoCenter | Drive to others reported pos
[13 INFO main 91930] Scout.GotoCenter -> Scout.Query | return to random walk
[13 INFO main 92847] Scout.Query -> Scout.GotoCenter | Drive to others reported pos
[13 INFO main 100148] Scout.GotoCenter -> Scout.Query | return to random walk
[13 INFO main 100357] Scout.Query -> Scout.GotoCenter | Drive to others reported pos
[13 INFO main 104357] Scout.GotoCenter -> Scout.Query | return to random walk
[13 INFO main 104560] Scout.Query -> Scout.GotoCenter | Drive to others reported pos
[13 INFO main 111361] Scout.GotoCenter -> Scout.Query | return to random walk
[13 INFO main 111872] Scout.Query -> Scout.GotoCenter | Drive to others reported pos
[13 INFO main 112155] Scout.GotoCenter -> Scout.Query | return to random walk
[13 INFO main 112956] Scout.Query -> Scout.GotoCenter | Drive to others reported pos
[13 INFO main 113072] Scout.GotoCenter -> Scout.Query | return to random walk
[13 INFO main 113963] Scout.Query -> Scout.GotoCenter | Drive to others reported pos
[13 INFO main 114567] Scout.GotoCenter -> Scout.Query | return to random walk
[13 INFO main 114967] Scout.Query -> Scout.GotoCenter | Drive to others reported pos
[13 INFO main 123778] Scout.GotoCenter -> Scout.Query | return to random walk
[13 INFO main 124280] Scout.Query -> Scout.GotoCenter | Drive to others reported pos
[13 INFO main 127894] Scout.GotoCenter -> Scout.Query | return to random walk
[13 INFO main 128396] Scout.Query -> Scout.GotoCenter | Drive to others reported pos
[13 INFO main 132487] Scout.GotoCenter -> Scout.Query | return to random walk
[13 INFO main 132688] Scout.Query -> Scout.GotoCenter | Drive to others reported pos
[13 INFO main 136797] Scout.GotoCenter -> Scout.Query | return to random walk
[13 INFO main 136897] Scout.Query -> Scout.GotoCenter | Drive to others reported pos
[13 INFO main 137101] Scout.GotoCenter -> Scout.Query | return to random walk
[13 INFO main 138000] Scout.Query -> Scout.GotoCenter | Drive to others reported pos
[13 INFO main 143598] Scout.GotoCenter -> Scout.Query | return to random walk
[13 INFO main 144207] Scout.Query -> Scout.GotoCenter | Drive to others reported pos
[13 INFO main 147109] Scout.GotoCenter -> Scout.Query | return to random walk
[13 INFO main 147315] Scout.Query -> Scout.GotoCenter | Drive to others reported pos
[13 INFO main 149310] Scout.GotoCenter -> Scout.Query | return to random walk
[13 INFO main 149418] Scout.Query -> Scout.GotoCenter | Drive to others reported pos
[13 INFO main 150811] Scout.GotoCenter -> Scout.Query | return to random walk
[13 INFO main 151517] Scout.Query -> Scout.GotoCenter | Drive to others reported pos
[13 INFO main 153121] Scout.GotoCenter -> Scout.Query | return to random walk
[13 INFO main 153622] Scout.Query -> Scout.GotoCenter | Drive to others reported pos
[13 INFO main 154219] Scout.GotoCenter -> Scout.Query | return to random walk
[13 INFO main 154715] Scout.Query -> Scout.GotoCenter | Drive to others reported pos
[13 INFO main 155218] Scout.GotoCenter -> Scout.Query | return to random walk
[13 INFO main 155718] Scout.Query -> Scout.GotoCenter | Drive to others reported pos
[13 INFO main 158221] Scout.GotoCenter -> Scout.Query | return to random walk
[13 INFO main 158723] Scout.Query -> Scout.GotoCenter | Drive to others reported pos
[13 INFO main 159325] Scout.GotoCenter -> Scout.Query | return to random walk
[13 INFO main 159725] Scout.Query -> Scout.GotoCenter | Drive to others reported pos
[13 INFO main 162829] Scout.GotoCenter -> Scout.Query | return to random walk
[13 INFO main 162923] Scout.Query -> Scout.GotoCenter | Drive to others reported pos
[13 INFO main 170634] Scout.GotoCenter -> Scout.Query | return to random walk
[13 INFO main 171043] Scout.Query -> Scout.GotoCenter | Drive to others reported pos
[13 INFO main 180549] Scout.GotoCenter -> Scout.Query | return to random walk
[13 INFO main 180651] Scout.Query -> Scout.GotoCenter | Drive to others reported pos
[13 INFO main 181754] Scout.GotoCenter -> Scout.Query | return to random walk
[13 INFO main 182755] Scout.Query -> Scout.GotoCenter | Drive to others reported pos
[13 INFO main 182857] Scout.GotoCenter -> Scout.Query | return to random walk
[13 INFO main 183757] Scout.Query -> Scout.GotoCenter | Drive to others reported pos
[13 INFO main 185546] Scout.GotoCenter -> Scout.Query | return to random walk
[13 INFO main 185856] Scout.Query -> Scout.GotoCenter | Drive to others reported pos
[13 INFO main 188659] Scout.GotoCenter -> Scout.Query | return to random walk
[13 INFO main 188861] Scout.Query -> Scout.GotoCenter | Drive to others reported pos
[13 INFO main 193866] Scout.GotoCenter -> Scout.Query | return to random walk
[13 INFO main 194166] Scout.Query -> Scout.GotoCenter | Drive to others reported pos
[13 INFO main 197174] Scout.GotoCenter -> Scout.Query | return to random walk
[13 INFO main 198175] Scout.Query -> Scout.GotoCenter | Drive to others reported pos
[13 INFO main 200081] Scout.GotoCenter -> Scout.Query | return to random walk
[13 INFO main 200375] Scout.Query -> Scout.GotoCenter | Drive to others reported pos
[13 INFO main 204480] Scout.GotoCenter -> Scout.Query | return to random walk
[13 INFO main 204581] Scout.Query -> Scout.GotoCenter | Drive to others reported pos
[13 INFO main 205082] Scout.GotoCenter -> Scout.Query | return to random walk
[13 INFO main 205582] Scout.Query -> Scout.GotoCenter | Drive to others reported pos
[13 INFO main 211191] Scout.GotoCenter -> Scout.Query | return to random walk
[13 INFO main 211997] Scout.Query -> Scout.GotoCenter | Drive to others reported pos
[13 INFO main 218708] Scout.GotoCenter -> Scout.Query | return to random walk
[13 INFO main 219307] Scout.Query -> Scout.GotoCenter | Drive to others reported pos
[13 INFO main 220199] Scout.GotoCenter -> Scout.Query | return to random walk
[13 INFO main 220402] Scout.Query -> Scout.GotoCenter | Drive to others reported pos
[13 INFO main 223703] Scout.GotoCenter -> Scout.Query | return to random walk
[13 INFO main 224697] Scout.Query -> Scout.GotoCenter | Drive to others reported pos
[13 INFO main 225096] Scout.GotoCenter -> Scout.Query | return to random walk
[13 INFO main 225712] Scout.Query -> Scout.GotoCenter | Drive to others reported pos
[13 INFO main 227518] Scout.GotoCenter -> Scout.Query | return to random walk
[13 INFO main 227714] Scout.Query -> Scout.GotoCenter | Drive to others reported pos
[13 INFO main 227908] Scout.GotoCenter -> Scout.Query | return to random walk
[13 INFO main 228815] Scout.Query -> Scout.GotoCenter | Drive to others reported pos
[13 INFO main 232418] Scout.GotoCenter -> Scout.Query | return to random walk
[13 INFO main 232918] Scout.Query -> Scout.GotoCenter | Drive to others reported pos
[13 INFO main 235720] Scout.GotoCenter -> Scout.Query | return to random walk
[13 INFO main 235924] Scout.Query -> Scout.GotoCenter | Drive to others reported pos
[13 INFO main 237720] Scout.GotoCenter -> Scout.Query | return to random walk
[13 INFO main 238027] Scout.Query -> Scout.GotoCenter | Drive to others reported pos
[13 INFO main 238122] Scout.GotoCenter -> Scout.Query | return to random walk
[13 INFO main 239028] Scout.Query -> Scout.GotoCenter | Drive to others reported pos
[13 INFO main 240325] Scout.GotoCenter -> Scout.Query | return to random walk
[13 INFO main 241031] Scout.Query -> Scout.GotoCenter | Drive to others reported pos
[13 INFO main 241627] Scout.GotoCenter -> Scout.Query | return to random walk
[13 INFO main 242039] Scout.Query -> Scout.GotoCenter | Drive to others reported pos
[13 INFO main 242829] Scout.GotoCenter -> Scout.Query | return to random walk
[13 INFO main 243137] Scout.Query -> Scout.GotoCenter | Drive to others reported pos
[13 INFO main 248441] Scout.GotoCenter -> Scout.Query | return to random walk
[13 INFO main 248535] Scout.Query -> Scout.GotoCenter | Drive to others reported pos
[13 INFO main 249939] Scout.GotoCenter -> Scout.Query | return to random walk
[13 INFO main 250544] Scout.Query -> Scout.GotoCenter | Drive to others reported pos
[13 INFO main 252039] Scout.GotoCenter -> Scout.Query | return to random walk
[13 INFO main 252648] Scout.Query -> Scout.GotoCenter | Drive to others reported pos
[13 INFO main 254340] Scout.GotoCenter -> Scout.Query | return to random walk
[13 INFO main 254749] Scout.Query -> Scout.GotoCenter | Drive to others reported pos
[13 INFO main 256747] Scout.GotoCenter -> Scout.Query | return to random walk
[13 INFO main 256853] Scout.Query -> Scout.GotoCenter | Drive to others reported pos
[13 INFO main 259860] Scout.GotoCenter -> Scout.Query | return to random walk
[13 INFO main 260958] Scout.Query -> Scout.GotoCenter | Drive to others reported pos
[13 INFO main 261446] Scout.GotoCenter -> Scout.Query | return to random walk
[13 INFO main 262061] Scout.Query -> Scout.GotoCenter | Drive to others reported pos
[13 INFO main 262552] Scout.GotoCenter -> Scout.Query | return to random walk
[13 INFO main 263160] Scout.Query -> Scout.GotoCenter | Drive to others reported pos
[13 INFO main 265259] Scout.GotoCenter -> Scout.Query | return to random walk
[13 INFO main 266166] Scout.Query -> Scout.GotoCenter | Drive to others reported pos
[13 INFO main 267062] Scout.GotoCenter -> Scout.Query | return to random walk
[13 INFO main 267270] Scout.Query -> Scout.GotoCenter | Drive to others reported pos
[13 INFO main 269066] Scout.GotoCenter -> Scout.Query | return to random walk
[13 INFO main 269371] Scout.Query -> Scout.GotoCenter | Drive to others reported pos
[13 INFO main 269565] Scout.GotoCenter -> Scout.Query | return to random walk
[13 INFO main 270466] Scout.Query -> Scout.GotoCenter | Drive to others reported pos
[13 INFO main 272167] Scout.GotoCenter -> Scout.Query | return to random walk
[13 INFO main 272571] Scout.Query -> Scout.GotoCenter | Drive to others reported pos
[13 INFO main 274670] Scout.GotoCenter -> Scout.Query | return to random walk
[13 INFO main 275576] Scout.Query -> Scout.GotoCenter | Drive to others reported pos
[13 INFO main 279182] Scout.GotoCenter -> Scout.Query | return to random walk
[13 INFO main 279783] Scout.Query -> Scout.GotoCenter | Drive to others reported pos
[13 INFO main 282988] Scout.GotoCenter -> Scout.Query | return to random walk
[13 INFO main 284088] Scout.Query -> Scout.GotoCenter | Drive to others reported pos
[13 INFO main 285386] Scout.GotoCenter -> Scout.Query | return to random walk
[13 INFO main 286293] Scout.Query -> Scout.GotoCenter | Drive to others reported pos
[13 INFO main 287885] Scout.GotoCenter -> Scout.Query | return to random walk
[13 INFO main 288386] Scout.Query -> Scout.GotoCenter | Drive to others reported pos
[13 INFO main 288985] Scout.GotoCenter -> Scout.Query | return to random walk
[13 INFO main 289390] Scout.Query -> Scout.GotoCenter | Drive to others reported pos
[13 INFO main 291793] Scout.GotoCenter -> Scout.Query | return to random walk
[13 INFO main 292491] Scout.Query -> Scout.GotoCenter | Drive to others reported pos
[13 INFO main 293096] Scout.GotoCenter -> Scout.Query | return to random walk
[13 INFO main 293498] Scout.Query -> Scout.GotoCenter | Drive to others reported pos
[13 INFO main 295197] Scout.GotoCenter -> Scout.Query | return to random walk
[13 INFO main 295699] Scout.Query -> Scout.GotoCenter | Drive to others reported pos
[13 INFO main 296899] Scout.GotoCenter -> Scout.Query | return to random walk
[13 INFO main 297806] Scout.Query -> Scout.GotoCenter | Drive to others reported pos
[13 INFO main 300401] Scout.GotoCenter -> Scout.Query | return to random walk
[13 INFO main 300816] Scout.Query -> Scout.GotoCenter | Drive to others reported pos
[13 INFO main 301201] Scout.GotoCenter -> Scout.Query | return to random walk
[13 INFO main 301915] Scout.Query -> Scout.GotoCenter | Drive to others reported pos
[13 INFO main 307509] Scout.GotoCenter -> Scout.Query | return to random walk
[13 INFO main 308221] Scout.Query -> Scout.GotoCenter | Drive to others reported pos
[13 INFO main 318731] Scout.GotoCenter -> Scout.Query | return to random walk
[13 INFO main 319828] Scout.Query -> Scout.GotoCenter | Drive to others reported pos
[13 INFO main 323632] Scout.GotoCenter -> Scout.Query | return to random walk
[13 INFO main 323931] Scout.Query -> Scout.GotoCenter | Drive to others reported pos
[13 INFO main 324036] Scout.GotoCenter -> Scout.Query | return to random walk
[13 INFO main 324935] Scout.Query -> Scout.GotoCenter | Drive to others reported pos
[13 INFO main 326134] Scout.GotoCenter -> Scout.Query | return to random walk
[13 INFO main 327038] Scout.Query -> Scout.GotoCenter | Drive to others reported pos
[13 INFO main 331144] Scout.GotoCenter -> Scout.Query | return to random walk
[13 INFO main 331346] Scout.Query -> Scout.GotoCenter | Drive to others reported pos
[13 INFO main 334543] Scout.GotoCenter -> Scout.Query | return to random walk
[13 INFO main 335550] Scout.Query -> Scout.GotoCenter | Drive to others reported pos
[13 INFO main 335648] Scout.GotoCenter -> Scout.Query | return to random walk
[13 INFO main 336655] Scout.Query -> Scout.GotoCenter | Drive to others reported pos
[13 INFO main 337955] Scout.GotoCenter -> Scout.Query | return to random walk
[13 INFO main 338753] Scout.Query -> Scout.GotoCenter | Drive to others reported pos
[13 INFO main 340952] Scout.GotoCenter -> Scout.Query | return to random walk
[13 INFO main 341952] Scout.Query -> Scout.GotoCenter | Drive to others reported pos
[13 INFO main 346666] Scout.GotoCenter -> Scout.Query | return to random walk
[13 INFO main 347065] Scout.Query -> Scout.GotoCenter | Drive to others reported pos
[13 INFO main 348666] Scout.GotoCenter -> Scout.Query | return to random walk
[13 INFO main 349070] Scout.Query -> Scout.GotoCenter | Drive to others reported pos
[13 INFO main 351556] Scout.GotoCenter -> Scout.Query | return to random walk
[13 INFO main 352274] Scout.Query -> Scout.GotoCenter | Drive to others reported pos
[13 INFO main 354372] Scout.GotoCenter -> Scout.Query | return to random walk
[13 INFO main 355472] Scout.Query -> Scout.GotoCenter | Drive to others reported pos
[13 INFO main 357074] Scout.GotoCenter -> Scout.Query | return to random walk
[13 INFO main 357476] Scout.Query -> Scout.GotoCenter | Drive to others reported pos
[13 INFO main 357574] Scout.GotoCenter -> Scout.Query | return to random walk
[13 INFO main 358478] Scout.Query -> Scout.GotoCenter | Drive to others reported pos
[13 INFO main 362682] Scout.GotoCenter -> Scout.Query | return to random walk
[13 INFO main 363786] Scout.Query -> Scout.GotoCenter | Drive to others reported pos
[13 INFO main 363986] Scout.GotoCenter -> Scout.Query | return to random walk
[13 INFO main 364874] Scout.Query -> Scout.GotoCenter | Drive to others reported pos
[13 INFO main 367491] Scout.GotoCenter -> Scout.Query | return to random walk
[13 INFO main 367890] Scout.Query -> Scout.GotoCenter | Drive to others reported pos
[13 INFO main 374897] Scout.GotoCenter -> Scout.Query | return to random walk
[13 INFO main 375499] Scout.Query -> Scout.GotoCenter | Drive to others reported pos
[13 INFO main 384913] Scout.GotoCenter -> Scout.Query | return to random walk
[13 INFO main 385914] Scout.Query -> Scout.GotoCenter | Drive to others reported pos
[13 INFO main 388716] Scout.GotoCenter -> Scout.Query | return to random walk
[13 INFO main 389014] Scout.Query -> Scout.GotoCenter | Drive to others reported pos
[13 INFO main 391419] Scout.GotoCenter -> Scout.Query | return to random walk
[13 INFO main 392020] Scout.Query -> Scout.GotoCenter | Drive to others reported pos
[13 INFO main 395823] Scout.GotoCenter -> Scout.Query | return to random walk
[13 INFO main 396027] Scout.Query -> Scout.GotoCenter | Drive to others reported pos
[13 INFO main 397534] Scout.GotoCenter -> Scout.Query | return to random walk
[13 INFO main 398036] Scout.Query -> Scout.GotoCenter | Drive to others reported pos
[13 INFO main 400934] Scout.GotoCenter -> Scout.Query | return to random walk
[13 INFO main 401135] Scout.Query -> Scout.GotoCenter | Drive to others reported pos
[13 INFO main 409348] Scout.GotoCenter -> Scout.Query | return to random walk
[13 INFO main 409644] Scout.Query -> Scout.GotoCenter | Drive to others reported pos
[13 INFO main 414154] Scout.GotoCenter -> Scout.Query | return to random walk
[13 INFO main 414754] Scout.Query -> Scout.GotoCenter | Drive to others reported pos
[13 INFO main 420261] Scout.GotoCenter -> Scout.Query | return to random walk
[13 INFO main 421052] Scout.Query -> Scout.GotoCenter | Drive to others reported pos
[13 INFO main 422961] Scout.GotoCenter -> Scout.Query | return to random walk
[13 INFO main 423061] Scout.Query -> Scout.GotoCenter | Drive to others reported pos
[13 INFO main 423560] Scout.GotoCenter -> Scout.Query | return to random walk
[13 INFO main 424062] Scout.Query -> Scout.GotoCenter | Drive to others reported pos
[13 INFO main 428674] Scout.GotoCenter -> Scout.Query | return to random walk
[13 INFO main 429276] Scout.Query -> Scout.GotoCenter | Drive to others reported pos
[13 INFO main 437176] Scout.GotoCenter -> Scout.Query | return to random walk
[13 INFO main 437676] Scout.Query -> Scout.GotoCenter | Drive to others reported pos
[13 INFO main 439879] Scout.GotoCenter -> Scout.Query | return to random walk
[13 INFO main 440788] Scout.Query -> Scout.GotoCenter | Drive to others reported pos
[13 INFO main 441583] Scout.GotoCenter -> Scout.Query | return to random walk
[13 INFO main 441793] Scout.Query -> Scout.GotoCenter | Drive to others reported pos
[13 INFO main 451297] Scout.GotoCenter -> Scout.Query | return to random walk
[13 INFO main 452304] Scout.Query -> Scout.GotoCenter | Drive to others reported pos
[13 INFO main 452597] Scout.GotoCenter -> Scout.Query | return to random walk
[13 INFO main 453306] Scout.Query -> Scout.GotoCenter | Drive to others reported pos
[13 INFO main 455801] Scout.GotoCenter -> Scout.Query | return to random walk
[13 INFO main 456512] Scout.Query -> Scout.GotoCenter | Drive to others reported pos
[13 INFO main 458805] Scout.GotoCenter -> Scout.Query | return to random walk
[13 INFO main 459811] Scout.Query -> Scout.GotoCenter | Drive to others reported pos
[13 INFO main 462509] Scout.GotoCenter -> Scout.Query | return to random walk
[13 INFO main 462916] Scout.Query -> Scout.GotoCenter | Drive to others reported pos
[13 INFO main 466705] Scout.GotoCenter -> Scout.Query | return to random walk
[13 INFO main 467220] Scout.Query -> Scout.GotoCenter | Drive to others reported pos
[13 INFO main 468716] Scout.GotoCenter -> Scout.Query | return to random walk
[13 INFO main 469317] Scout.Query -> Scout.GotoCenter | Drive to others reported pos
[13 INFO main 470925] Scout.GotoCenter -> Scout.Query | return to random walk
[13 INFO main 471425] Scout.Query -> Scout.GotoCenter | Drive to others reported pos
[13 INFO main 475824] Scout.GotoCenter -> Scout.Query | return to random walk
[13 INFO main 476634] Scout.Query -> Scout.GotoCenter | Drive to others reported pos
[13 INFO main 477033] Scout.GotoCenter -> Scout.Query | return to random walk
[13 INFO main 477727] Scout.Query -> Scout.GotoCenter | Drive to others reported pos
[13 INFO main 478227] Scout.GotoCenter -> Scout.Query | return to random walk
[13 INFO main 478728] Scout.Query -> Scout.GotoCenter | Drive to others reported pos
[13 INFO main 481630] Scout.GotoCenter -> Scout.Query | return to random walk
[13 INFO main 481826] Scout.Query -> Scout.GotoCenter | Drive to others reported pos
[13 INFO main 482632] Scout.GotoCenter -> Scout.Query | return to random walk
[13 INFO main 482844] Scout.Query -> Scout.GotoCenter | Drive to others reported pos
[13 INFO main 487445] Scout.GotoCenter -> Scout.Query | return to random walk
[13 INFO main 488159] Scout.Query -> Scout.GotoCenter | Drive to others reported pos
[13 INFO main 492262] Scout.GotoCenter -> Scout.Query | return to random walk
[13 INFO main 493264] Scout.Query -> Scout.GotoCenter | Drive to others reported pos
[13 INFO main 493456] Scout.GotoCenter -> Scout.Query | return to random walk
[13 INFO main 494362] Scout.Query -> Scout.GotoCenter | Drive to others reported pos
[13 INFO main 514382] Scout.GotoCenter -> Scout.Query | return to random walk
[13 INFO main 515086] Scout.Query -> Scout.GotoCenter | Drive to others reported pos
[13 INFO main 515490] Scout.GotoCenter -> Scout.Query | return to random walk
[13 INFO main 516088] Scout.Query -> Scout.GotoCenter | Drive to others reported pos
[13 INFO main 516891] Scout.GotoCenter -> Scout.Query | return to random walk
[13 INFO main 517089] Scout.Query -> Scout.GotoCenter | Drive to others reported pos
[13 INFO main 529514] Scout.GotoCenter -> Scout.Query | return to random walk
[13 INFO main 530613] Scout.Query -> Scout.GotoCenter | Drive to others reported pos
[13 INFO main 538916] Scout.GotoCenter -> Scout.Query | return to random walk
[13 INFO main 540019] Scout.Query -> Scout.GotoCenter | Drive to others reported pos
[13 INFO main 541218] Scout.GotoCenter -> Scout.Query | return to random walk
[13 INFO main 542229] Scout.Query -> Scout.GotoCenter | Drive to others reported pos
[13 INFO main 543731] Scout.GotoCenter -> Scout.Query | return to random walk
[13 INFO main 544327] Scout.Query -> Scout.GotoCenter | Drive to others reported pos
[13 INFO main 545924] Scout.GotoCenter -> Scout.Query | return to random walk
[13 INFO main 546331] Scout.Query -> Scout.GotoCenter | Drive to others reported pos
[13 INFO main 548328] Scout.GotoCenter -> Scout.Query | return to random walk
[13 INFO main 548434] Scout.Query -> Scout.GotoCenter | Drive to others reported pos
[13 INFO main 554442] Scout.GotoCenter -> Scout.Query | return to random walk
[13 INFO main 554739] Scout.Query -> Scout.GotoCenter | Drive to others reported pos
[13 INFO main 556740] Scout.GotoCenter -> Scout.Query | return to random walk
[13 INFO main 556841] Scout.Query -> Scout.GotoCenter | Drive to others reported pos
[13 INFO main 558048] Scout.GotoCenter -> Scout.Query | return to random walk
[13 INFO main 558944] Scout.Query -> Scout.GotoCenter | Drive to others reported pos
[13 INFO main 559443] Scout.GotoCenter -> Scout.Query | return to random walk
[13 INFO main 559945] Scout.Query -> Scout.GotoCenter | Drive to others reported pos
[13 INFO main 564252] Scout.GotoCenter -> Scout.Query | return to random walk
[13 INFO main 564955] Scout.Query -> Scout.GotoCenter | Drive to others reported pos
[13 INFO main 569955] Scout.GotoCenter -> Scout.Query | return to random walk
[13 INFO main 570261] Scout.Query -> Scout.GotoCenter | Drive to others reported pos
[13 INFO main 577266] Scout.GotoCenter -> Scout.Query | return to random walk
[13 INFO main 577465] Scout.Query -> Scout.GotoCenter | Drive to others reported pos
[13 INFO main 578466] Scout.GotoCenter -> Scout.Query | return to random walk
[13 INFO main 579570] Scout.Query -> Scout.GotoCenter | Drive to others reported pos
[13 INFO main 580571] Scout.GotoCenter -> Scout.Query | return to random walk
[13 INFO main 581572] Scout.Query -> Scout.GotoCenter | Drive to others reported pos
[13 INFO main 581771] Scout.GotoCenter -> Scout.Query | return to random walk
[13 INFO main 582573] Scout.Query -> Scout.GotoCenter | Drive to others reported pos
[13 INFO main 583371] Scout.GotoCenter -> Scout.Query | return to random walk
[13 INFO main 583675] Scout.Query -> Scout.GotoCenter | Drive to others reported pos
[13 INFO main 584576] Scout.GotoCenter -> Scout.Query | return to random walk
[13 INFO main 584781] Scout.Query -> Scout.GotoCenter | Drive to others reported pos
[13 INFO main 586678] Scout.GotoCenter -> Scout.Query | return to random walk
[13 INFO main 586983] Scout.Query -> Scout.GotoCenter | Drive to others reported pos
