[1 INFO main 35] Initialising Python Geth Console...
[1 INFO main 39] Initialising RandB board...
[1 INFO main 39] Initialising navigation...
[1 INFO main 40] Initialising random-walk...
[1 INFO main 40] Initialising odometry...
[1 INFO main 40] Initialising ground-sensors...
[1 INFO main 845] --//-- Starting Experiment --//--
[1 INFO main 1948] Idle.IDLE -> Scout.Query | Duration: 23.55
[1 INFO main 51330] Scout.Query -> Scout.GotoCenter | Drive to others reported pos
[1 INFO main 71298] Scout.GotoCenter -> Scout.Query | return to random walk
[1 INFO main 98024] Confirming: 1/8
[1 INFO main 100056] Confirming: 2/8
[1 INFO main 102117] Confirming: 3/8
[1 INFO main 104192] Confirming: 4/8
[1 INFO main 106233] Confirming: 5/8
[1 INFO main 108187] Confirming: 6/8
[1 INFO main 110236] Confirming: 7/8
[1 INFO main 112252] Confirming: 8/8
[1 INFO main 324296] Scout.Query -> Scout.GotoCenter | Drive to others reported pos
[1 INFO main 343301] Scout.GotoCenter -> Scout.Query | return to random walk
[1 INFO main 380449] Confirming: 1/8
[1 INFO main 382453] Confirming: 2/8
[1 INFO main 384490] Confirming: 3/8
[1 INFO main 386521] Confirming: 4/8
[1 INFO main 388509] Confirming: 5/8
[1 INFO main 390570] Confirming: 6/8
[1 INFO main 392689] Confirming: 7/8
[1 INFO main 394761] Confirming: 8/8
[1 INFO main 398881] Scout.Query -> Scout.GotoCenter | Drive to others reported pos
[1 INFO main 412076] Scout.GotoCenter -> Scout.Query | return to random walk
[1 INFO main 440634] Confirming: 1/8
[1 INFO main 442627] Confirming: 2/8
[1 INFO main 444637] Confirming: 3/8
[1 INFO main 446688] Confirming: 4/8
[1 INFO main 448780] Confirming: 5/8
[1 INFO main 450877] Confirming: 6/8
[1 INFO main 452918] Confirming: 7/8
[1 INFO main 454924] Confirming: 8/8
[1 INFO main 457427] Scout.Query -> Scout.GotoCenter | Drive to others reported pos
[1 INFO main 497613] Scout.GotoCenter -> Scout.Query | return to random walk
[1 INFO main 573478] Confirming: 1/8
[1 INFO main 591862] Confirming: 2/8
[1 INFO main 593953] Confirming: 3/8
[1 INFO main 595952] Confirming: 4/8
[1 INFO main 608389] Confirming: 7/8
[1 INFO main 610477] Confirming: 8/8
[1 INFO main 669914] Scout.Query -> Scout.GotoCenter | Drive to others reported pos
[1 INFO main 673467] Scout.GotoCenter -> Scout.Query | return to random walk
[1 INFO main 679801] Confirming: 1/8
[1 INFO main 683913] Confirming: 3/8
[1 INFO main 687931] Confirming: 5/8
[1 INFO main 690028] Confirming: 6/8
[1 INFO main 692117] Confirming: 7/8
[1 INFO main 694078] Confirming: 8/8
[1 INFO main 695170] Scout.Query -> Scout.GotoCenter | Drive to others reported pos
[1 INFO main 753296] Scout.GotoCenter -> Scout.Query | return to random walk
[1 INFO main 769925] Confirming: 1/8
[1 INFO main 771973] Confirming: 2/8
[1 INFO main 774049] Confirming: 3/8
[1 INFO main 833473] Confirming: 33/8
[1 INFO main 1074909] Scout.Query -> Scout.GotoCenter | Drive to others reported pos
[1 INFO main 1123918] Scout.GotoCenter -> Scout.Query | return to random walk
[1 INFO main 1138225] Confirming: 1/8
[1 INFO main 1140304] Confirming: 2/8
[1 INFO main 1142353] Confirming: 3/8
[1 INFO main 1144379] Confirming: 4/8
[1 INFO main 1146465] Confirming: 5/8
[1 INFO main 1148453] Confirming: 6/8
[1 INFO main 1150573] Confirming: 7/8
[1 INFO main 1152601] Confirming: 8/8
[1 INFO main 1165371] Scout.Query -> Scout.GotoCenter | Drive to others reported pos
[1 INFO main 1173750] Scout.GotoCenter -> Scout.Query | return to random walk
[1 INFO main 1198568] Confirming: 1/8
[1 INFO main 1200612] Confirming: 2/8
[1 INFO main 1202685] Confirming: 3/8
[1 INFO main 1204648] Confirming: 4/8
[1 INFO main 1221077] Confirming: 12/8
[1 INFO main 1464797] Scout.Query -> Scout.GotoCenter | Drive to others reported pos
[1 INFO main 1496163] Scout.GotoCenter -> Scout.Query | return to random walk
[1 INFO main 1535144] Confirming: 1/8
[1 INFO main 1537095] Confirming: 2/8
[1 INFO main 1539217] Confirming: 3/8
[1 INFO main 1541245] Confirming: 4/8
[1 INFO main 1543341] Confirming: 6/8
[1 INFO main 1547573] Confirming: 7/8
[1 INFO main 1549605] Confirming: 8/8
[1 INFO main 1743629] Confirming: 2/8
[1 INFO main 1745645] Confirming: 3/8
[1 INFO main 1747741] Confirming: 4/8
[1 INFO main 1749760] Confirming: 5/8
[1 INFO main 1751805] Confirming: 6/8
[1 INFO main 1753832] Confirming: 7/8
[1 INFO main 1755857] Confirming: 8/8
[1 INFO main 2144762] Scout.Query -> Scout.GotoCenter | Drive to others reported pos
[1 INFO main 2161625] Scout.GotoCenter -> Scout.Query | return to random walk
[1 INFO main 2180080] Confirming: 1/8
[1 INFO main 2182177] Confirming: 2/8
[1 INFO main 2184272] Confirming: 3/8
[1 INFO main 2186366] Confirming: 4/8
[1 INFO main 2188444] Confirming: 5/8
[1 INFO main 2190533] Confirming: 6/8
[1 INFO main 2192589] Confirming: 7/8
[1 INFO main 2194629] Confirming: 8/8
[1 INFO main 2197175] Scout.Query -> Scout.GotoCenter | Drive to others reported pos
[1 INFO main 2224906] Scout.GotoCenter -> Scout.Query | return to random walk
[1 INFO main 2239312] Confirming: 1/8
[1 INFO main 2241409] Confirming: 2/8
[1 INFO main 2243453] Confirming: 3/8
[1 INFO main 2245549] Confirming: 4/8
[1 INFO main 2247561] Confirming: 5/8
[1 INFO main 2249574] Confirming: 6/8
[1 INFO main 2251653] Confirming: 7/8
[1 INFO main 2253657] Confirming: 8/8
[1 INFO main 2255463] Scout.Query -> Scout.GotoCenter | Drive to others reported pos
[1 INFO main 2259446] Scout.GotoCenter -> Scout.Query | return to random walk
[1 INFO main 2269812] Confirming: 1/8
[1 INFO main 2271778] Confirming: 2/8
[1 INFO main 2273900] Confirming: 3/8
[1 INFO main 2276001] Confirming: 4/8
[1 INFO main 2278005] Confirming: 5/8
[1 INFO main 2280077] Confirming: 6/8
[1 INFO main 2282085] Confirming: 7/8
[1 INFO main 2284061] Confirming: 8/8
[1 INFO main 2286395] Scout.Query -> Scout.GotoCenter | Drive to others reported pos
[1 INFO main 2290022] Scout.GotoCenter -> Scout.Query | return to random walk
[1 INFO main 2300493] Confirming: 1/8
[1 INFO main 2302616] Confirming: 2/8
[1 INFO main 2304633] Confirming: 3/8
[1 INFO main 2306657] Confirming: 4/8
[1 INFO main 2308753] Confirming: 5/8
[1 INFO main 2310757] Confirming: 6/8
[1 INFO main 2312805] Confirming: 7/8
[1 INFO main 2314833] Confirming: 8/8
[1 INFO main 2316713] Scout.Query -> Scout.GotoCenter | Drive to others reported pos
[1 INFO main 2329862] Scout.GotoCenter -> Scout.Query | return to random walk
[1 INFO main 2360884] Confirming: 1/8
[1 INFO main 2362941] Confirming: 2/8
[1 INFO main 2364997] Confirming: 3/8
[1 INFO main 2367236] Confirming: 5/8
[1 INFO main 2371401] Confirming: 7/8
[1 INFO main 2373461] Confirming: 8/8
[1 INFO main 2832715] Confirming: 1/8
[1 INFO main 2834741] Confirming: 3/8
[1 INFO main 2836804] Confirming: 4/8
[1 INFO main 2840892] Confirming: 6/8
[1 INFO main 2842921] Confirming: 7/8
[1 INFO main 2844993] Confirming: 8/8
[1 INFO main 3086052] Confirming: 1/8
[1 INFO main 3088141] Confirming: 2/8
[1 INFO main 3090120] Confirming: 3/8
[1 INFO main 3094305] Confirming: 5/8
[1 INFO main 3096352] Confirming: 6/8
[1 INFO main 3098421] Confirming: 7/8
[1 INFO main 3100450] Confirming: 8/8
[1 INFO main 3405176] Scout.Query -> Scout.GotoCenter | Drive to others reported pos
[1 INFO main 3420710] Scout.GotoCenter -> Scout.Query | return to random walk
[1 INFO main 3445293] Confirming: 1/8
[1 INFO main 3447345] Confirming: 2/8
[1 INFO main 3449393] Confirming: 3/8
[1 INFO main 3451413] Confirming: 4/8
[1 INFO main 3453524] Confirming: 5/8
[1 INFO main 3457564] Confirming: 7/8
[1 INFO main 3459670] Confirming: 8/8
[1 INFO main 3589599] Scout.Query -> Scout.GotoCenter | Drive to others reported pos
[1 INFO main 3644303] Scout.GotoCenter -> Scout.Query | return to random walk
[1 INFO main 3664857] Confirming: 1/8
[1 INFO main 3666951] Confirming: 2/8
[1 INFO main 3673056] Confirming: 5/8
[1 INFO main 3703534] Confirming: 20/8
[1 INFO main 3705732] Scout.Query -> Scout.GotoCenter | Drive to others reported pos
[1 INFO main 3741989] Scout.GotoCenter -> Scout.Query | return to random walk
[1 INFO main 3754821] Confirming: 1/8
[1 INFO main 3756852] Confirming: 2/8
[1 INFO main 3758859] Confirming: 3/8
[1 INFO main 3760902] Confirming: 4/8
[1 INFO main 3762966] Confirming: 5/8
[1 INFO main 3767013] Confirming: 6/8
[1 INFO main 3769061] Confirming: 8/8
[1 INFO main 4325798] Scout.Query -> Scout.GotoCenter | Drive to others reported pos
[1 INFO main 4343555] Scout.GotoCenter -> Scout.Query | return to random walk
[1 INFO main 4372721] Confirming: 1/8
[1 INFO main 4376776] Confirming: 2/8
[1 INFO main 4378837] Confirming: 3/8
[1 INFO main 4397629] Confirming: 4/8
[1 INFO main 4399641] Confirming: 5/8
[1 INFO main 4401670] Confirming: 6/8
[1 INFO main 4403741] Confirming: 7/8
[1 INFO main 4405757] Confirming: 8/8
[1 INFO main 4566690] Scout.Query -> Scout.GotoCenter | Drive to others reported pos
[1 INFO main 4570144] Scout.GotoCenter -> Scout.Query | return to random walk
[1 INFO main 4580494] Confirming: 1/8
[1 INFO main 4582544] Confirming: 2/8
[1 INFO main 4584625] Confirming: 3/8
[1 INFO main 4586717] Confirming: 4/8
[1 INFO main 4588756] Confirming: 5/8
[1 INFO main 4590852] Confirming: 6/8
[1 INFO main 4592869] Confirming: 7/8
[1 INFO main 4594833] Confirming: 8/8
[1 INFO main 4597083] Scout.Query -> Scout.GotoCenter | Drive to others reported pos
[1 INFO main 4627366] Scout.GotoCenter -> Scout.Query | return to random walk
[1 INFO main 4643837] Confirming: 1/8
[1 INFO main 4645873] Confirming: 2/8
[1 INFO main 4647965] Confirming: 3/8
[1 INFO main 4650236] Confirming: 4/8
[1 INFO main 4652273] Confirming: 5/8
[1 INFO main 4654301] Confirming: 6/8
[1 INFO main 4656349] Confirming: 7/8
[1 INFO main 4658419] Confirming: 8/8
[1 INFO main 5133123] Scout.Query -> Scout.GotoCenter | Drive to others reported pos
[1 INFO main 5182199] Scout.GotoCenter -> Scout.Query | return to random walk
[1 INFO main 5211225] Confirming: 2/8
[1 INFO main 5213269] Confirming: 3/8
[1 INFO main 5217396] Confirming: 4/8
[1 INFO main 5219432] Confirming: 6/8
[1 INFO main 5221529] Confirming: 7/8
[1 INFO main 5225674] Confirming: 9/8
[1 INFO main 5606098] Scout.Query -> Scout.GotoCenter | Drive to others reported pos
[1 INFO main 5657431] Scout.GotoCenter -> Scout.Query | return to random walk
[1 INFO main 5767365] Confirming: 1/8
[1 INFO main 5769445] Confirming: 2/8
[1 INFO main 5771545] Confirming: 4/8
[1 INFO main 5792913] Confirming: 13/8
[1 INFO main 6329717] Scout.Query -> Scout.GotoCenter | Drive to others reported pos
[1 INFO main 6396078] Scout.GotoCenter -> Scout.Query | return to random walk
[1 INFO main 6429721] Confirming: 1/8
[1 INFO main 6431807] Confirming: 2/8
[1 INFO main 6433861] Confirming: 3/8
[1 INFO main 6435981] Confirming: 4/8
[1 INFO main 6438023] Confirming: 5/8
[1 INFO main 6440057] Confirming: 7/8
[1 INFO main 6444396] Confirming: 8/8
[1 INFO main 6519037] Confirming: 1/8
[1 INFO main 6521044] Confirming: 2/8
[1 INFO main 6523053] Confirming: 3/8
[1 INFO main 6525101] Confirming: 4/8
[1 INFO main 6527144] Confirming: 5/8
[1 INFO main 6529197] Confirming: 6/8
[1 INFO main 6531253] Confirming: 7/8
[1 INFO main 6533304] Confirming: 8/8
[1 INFO main 6542493] Scout.Query -> Scout.GotoCenter | Drive to others reported pos
[1 INFO main 6606290] Scout.GotoCenter -> Scout.Query | return to random walk
[1 INFO main 6639745] Confirming: 1/8
[1 INFO main 6641793] Confirming: 2/8
[1 INFO main 6644044] Confirming: 4/8
[1 INFO main 6648329] Confirming: 6/8
[1 INFO main 6650344] Confirming: 7/8
[1 INFO main 6654473] Confirming: 9/8
