[8 INFO main 26] Initialising Python Geth Console...
[8 INFO main 32] Initialising RandB board...
[8 INFO main 32] Initialising navigation...
[8 INFO main 32] Initialising random-walk...
[8 INFO main 32] Initialising odometry...
[8 INFO main 32] Initialising ground-sensors...
[8 INFO main 546] --//-- Starting Experiment --//--
[8 INFO main 1645] Idle.IDLE -> Scout.Query | Duration: 18.87
[8 INFO main 40937] Scout.Query -> Scout.GotoCenter | Drive to others reported pos
[8 INFO main 75597] Scout.GotoCenter -> Scout.Query | return to random walk
[8 INFO main 101217] Scout.Query -> Scout.GotoCenter | Drive to others reported pos
[8 INFO main 125397] Scout.GotoCenter -> Scout.Query | return to random walk
[8 INFO main 330289] Scout.Query -> Scout.GotoCenter | Drive to others reported pos
[8 INFO main 386123] Scout.GotoCenter -> Scout.Query | return to random walk
[8 INFO main 411752] Scout.Query -> Scout.GotoCenter | Drive to others reported pos
[8 INFO main 472860] Scout.GotoCenter -> Scout.Query | return to random walk
[8 INFO main 503347] Scout.Query -> Scout.GotoCenter | Drive to others reported pos
[8 INFO main 524772] Scout.GotoCenter -> Scout.Query | return to random walk
[8 INFO main 565335] Scout.Query -> Scout.GotoCenter | Drive to others reported pos
[8 INFO main 608836] Scout.GotoCenter -> Scout.Query | return to random walk
