[2 INFO main 30] Initialising Python Geth Console...
[2 INFO main 34] Initialising RandB board...
[2 INFO main 34] Initialising navigation...
[2 INFO main 34] Initialising random-walk...
[2 INFO main 34] Initialising odometry...
[2 INFO main 34] Initialising ground-sensors...
[2 INFO main 973] --//-- Starting Experiment --//--
[2 INFO main 2074] Idle.IDLE -> Scout.Query | Duration: 21.22
[2 INFO main 12191] Scout.Query -> Scout.GotoCenter | Drive to others reported pos
[2 INFO main 12988] Scout.GotoCenter -> Scout.Query | return to random walk
[2 INFO main 13288] Scout.Query -> Scout.GotoCenter | Drive to others reported pos
[2 INFO main 14692] Scout.GotoCenter -> Scout.Query | return to random walk
[2 INFO main 15291] Scout.Query -> Scout.GotoCenter | Drive to others reported pos
[2 INFO main 16195] Scout.GotoCenter -> Scout.Query | return to random walk
[2 INFO main 16293] Scout.Query -> Scout.GotoCenter | Drive to others reported pos
[2 INFO main 16793] Scout.GotoCenter -> Scout.Query | return to random walk
[2 INFO main 17294] Scout.Query -> Scout.GotoCenter | Drive to others reported pos
[2 INFO main 18997] Scout.GotoCenter -> Scout.Query | return to random walk
[2 INFO main 19297] Scout.Query -> Scout.GotoCenter | Drive to others reported pos
[2 INFO main 22000] Scout.GotoCenter -> Scout.Query | return to random walk
[2 INFO main 22299] Scout.Query -> Scout.GotoCenter | Drive to others reported pos
[2 INFO main 22500] Scout.GotoCenter -> Scout.Query | return to random walk
[2 INFO main 23302] Scout.Query -> Scout.GotoCenter | Drive to others reported pos
[2 INFO main 23402] Scout.GotoCenter -> Scout.Query | return to random walk
[2 INFO main 24302] Scout.Query -> Scout.GotoCenter | Drive to others reported pos
[2 INFO main 24403] Scout.GotoCenter -> Scout.Query | return to random walk
[2 INFO main 25304] Scout.Query -> Scout.GotoCenter | Drive to others reported pos
[2 INFO main 25404] Scout.GotoCenter -> Scout.Query | return to random walk
