[5 INFO main 28] Initialising Python Geth Console...
[5 INFO main 32] Initialising RandB board...
[5 INFO main 32] Initialising navigation...
[5 INFO main 32] Initialising random-walk...
[5 INFO main 32] Initialising odometry...
[5 INFO main 32] Initialising ground-sensors...
[5 INFO main 849] --//-- Starting Experiment --//--
[5 INFO main 2276] Idle.IDLE -> Scout.Query | Duration: 29.71
[5 INFO main 25637] Scout.Query -> Verify.DriveTo | Go to unverified source
[5 INFO main 87386] Verify.DriveTo -> Verify.Homing | Homing
[5 INFO main 98476] Confirming: 1/9
[5 INFO main 100533] Confirming: 2/9
[5 INFO main 102559] Confirming: 3/9
[5 INFO main 104620] Confirming: 4/9
[5 INFO main 106714] Confirming: 5/9
[5 INFO main 107164] Verify.Homing -> Scout.Query | Arrived home
[5 INFO main 108738] Confirming: 6/9
[5 INFO main 110818] Confirming: 7/9
[5 INFO main 112849] Confirming: 8/9
[5 INFO main 114873] Confirming: 9/9
[5 INFO main 115129] Scout.Query -> Verify.DriveTo | Go to unverified source
[5 INFO main 158472] Verify.DriveTo -> Verify.Homing | Homing
[5 INFO main 170817] Confirming: 1/9
[5 INFO main 172853] Confirming: 3/9
[5 INFO main 174929] Confirming: 4/9
[5 INFO main 177025] Confirming: 5/9
[5 INFO main 179108] Confirming: 6/9
[5 INFO main 181669] Confirming: 7/9
[5 INFO main 183700] Confirming: 8/9
[5 INFO main 185724] Confirming: 9/9
[5 INFO main 187274] Verify.Homing -> Scout.Query | Arrived home
[5 INFO main 187409] Scout.Query -> Verify.DriveTo | Go to unverified source
[5 INFO main 245145] Verify.DriveTo -> Verify.Homing | Homing
[5 INFO main 259758] Confirming: 1/9
[5 INFO main 261771] Confirming: 2/9
[5 INFO main 263811] Confirming: 3/9
[5 INFO main 265933] Confirming: 4/9
[5 INFO main 267971] Confirming: 5/9
[5 INFO main 269979] Confirming: 6/9
[5 INFO main 270953] Verify.Homing -> Scout.Query | Arrived home
[5 INFO main 272030] Confirming: 7/9
[5 INFO main 274089] Confirming: 8/9
[5 INFO main 276183] Confirming: 9/9
[5 INFO main 283855] Scout.Query -> Verify.DriveTo | Go to unverified source
[5 INFO main 298927] Verify.DriveTo -> Verify.Homing | Homing
[5 INFO main 319144] Verify.Homing -> Scout.Query | Arrived home
[5 INFO main 319560] Confirming: 1/9
[5 INFO main 321566] Confirming: 2/9
[5 INFO main 323649] Confirming: 3/9
[5 INFO main 325694] Confirming: 4/9
[5 INFO main 327901] Confirming: 5/9
[5 INFO main 329965] Confirming: 6/9
[5 INFO main 332014] Confirming: 7/9
[5 INFO main 334090] Confirming: 8/9
[5 INFO main 336165] Confirming: 9/9
[5 INFO main 336189] Scout.Query -> Verify.DriveTo | Go to unverified source
[5 INFO main 378092] Verify.DriveTo -> Verify.Homing | Homing
[5 INFO main 401700] Verify.Homing -> Scout.Query | Arrived home
[5 INFO main 409263] Confirming: 1/9
[5 INFO main 413297] Confirming: 2/9
[5 INFO main 415360] Confirming: 4/9
[5 INFO main 417437] Confirming: 5/9
[5 INFO main 419528] Confirming: 6/9
[5 INFO main 421632] Confirming: 7/9
[5 INFO main 423706] Confirming: 8/9
[5 INFO main 425740] Confirming: 9/9
[5 INFO main 439526] Scout.Query -> Verify.DriveTo | Go to unverified source
[5 INFO main 491363] Verify.DriveTo -> Verify.Homing | Homing
[5 INFO main 499659] Confirming: 1/9
[5 INFO main 501704] Confirming: 2/9
[5 INFO main 503726] Confirming: 3/9
[5 INFO main 505809] Confirming: 4/9
[5 INFO main 507823] Confirming: 5/9
[5 INFO main 510101] Confirming: 6/9
[5 INFO main 512155] Confirming: 7/9
[5 INFO main 514165] Confirming: 8/9
[5 INFO main 516196] Confirming: 9/9
[5 INFO main 524457] Verify.Homing -> Scout.Query | Arrived home
[5 INFO main 524591] Scout.Query -> Verify.DriveTo | Go to unverified source
[5 INFO main 559246] Verify.DriveTo -> Verify.Homing | Homing
[5 INFO main 580853] Verify.Homing -> Scout.Query | Arrived home
[5 INFO main 590135] Confirming: 1/9
[5 INFO main 592257] Confirming: 2/9
[5 INFO main 594315] Confirming: 3/9
[5 INFO main 596436] Confirming: 4/9
[5 INFO main 598500] Confirming: 5/9
[5 INFO main 600544] Confirming: 6/9
[5 INFO main 602562] Confirming: 7/9
[5 INFO main 604504] Confirming: 8/9
[5 INFO main 606658] Confirming: 9/9
[5 INFO main 607281] Scout.Query -> Verify.DriveTo | Go to unverified source
[5 INFO main 630632] Verify.DriveTo -> Verify.Homing | Homing
[5 INFO main 651434] Confirming: 1/9
[5 INFO main 653536] Confirming: 2/9
[5 INFO main 655562] Confirming: 3/9
[5 INFO main 657564] Confirming: 4/9
[5 INFO main 659347] Verify.Homing -> Scout.Query | Arrived home
[5 INFO main 659635] Confirming: 5/9
[5 INFO main 661714] Confirming: 6/9
[5 INFO main 664010] Confirming: 7/9
[5 INFO main 668173] Confirming: 9/9
[5 INFO main 668200] Scout.Query -> Verify.DriveTo | Go to unverified source
[5 INFO main 697977] Verify.DriveTo -> Verify.Homing | Homing
[5 INFO main 712769] Confirming: 1/9
[5 INFO main 714807] Confirming: 2/9
[5 INFO main 716923] Confirming: 4/9
[5 INFO main 718933] Confirming: 5/9
[5 INFO main 719937] Verify.Homing -> Scout.Query | Arrived home
[5 INFO main 721037] Confirming: 6/9
[5 INFO main 723063] Confirming: 7/9
[5 INFO main 725069] Confirming: 8/9
[5 INFO main 727085] Confirming: 9/9
[5 INFO main 773799] Scout.Query -> Verify.DriveTo | Go to unverified source
[5 INFO main 842966] Verify.DriveTo -> Verify.Homing | Homing
[5 INFO main 862804] Verify.Homing -> Scout.Query | Arrived home
[5 INFO main 863417] Confirming: 1/9
[5 INFO main 865455] Confirming: 3/9
[5 INFO main 867562] Confirming: 4/9
[5 INFO main 869577] Confirming: 5/9
[5 INFO main 871576] Confirming: 6/9
[5 INFO main 873625] Confirming: 7/9
[5 INFO main 875689] Confirming: 8/9
[5 INFO main 877709] Confirming: 9/9
[5 INFO main 878426] Scout.Query -> Verify.DriveTo | Go to unverified source
[5 INFO main 900594] Verify.DriveTo -> Verify.Homing | Homing
[5 INFO main 913037] Confirming: 1/9
[5 INFO main 917119] Confirming: 3/9
[5 INFO main 917311] Verify.Homing -> Scout.Query | Arrived home
[5 INFO main 919127] Confirming: 4/9
[5 INFO main 923196] Confirming: 6/9
[5 INFO main 927365] Confirming: 8/9
[5 INFO main 929379] Confirming: 9/9
[5 INFO main 929529] Scout.Query -> Verify.DriveTo | Go to unverified source
[5 INFO main 956598] Verify.DriveTo -> Verify.Homing | Homing
[5 INFO main 979419] Verify.Homing -> Scout.Query | Arrived home
[5 INFO main 981717] Confirming: 1/9
[5 INFO main 983830] Confirming: 2/9
[5 INFO main 985885] Confirming: 3/9
[5 INFO main 987949] Confirming: 4/9
[5 INFO main 990010] Confirming: 5/9
[5 INFO main 992060] Confirming: 6/9
[5 INFO main 994238] Confirming: 7/9
[5 INFO main 996299] Confirming: 8/9
[5 INFO main 998358] Confirming: 9/9
[5 INFO main 998820] Scout.Query -> Verify.DriveTo | Go to unverified source
[5 INFO main 1030522] Verify.DriveTo -> Verify.Homing | Homing
[5 INFO main 1041222] Confirming: 1/9
[5 INFO main 1043313] Confirming: 2/9
[5 INFO main 1045323] Confirming: 3/9
[5 INFO main 1047327] Confirming: 4/9
[5 INFO main 1049396] Confirming: 5/9
[5 INFO main 1050469] Verify.Homing -> Scout.Query | Arrived home
[5 INFO main 1051409] Confirming: 6/9
[5 INFO main 1053496] Confirming: 7/9
[5 INFO main 1055552] Confirming: 8/9
[5 INFO main 1057627] Confirming: 9/9
[5 INFO main 1057974] Scout.Query -> Verify.DriveTo | Go to unverified source
[5 INFO main 1113856] Verify.DriveTo -> Verify.Homing | Homing
[5 INFO main 1132449] Confirming: 1/9
[5 INFO main 1134546] Confirming: 2/9
[5 INFO main 1136565] Confirming: 3/9
[5 INFO main 1138247] Verify.Homing -> Scout.Query | Arrived home
[5 INFO main 1138661] Confirming: 4/9
[5 INFO main 1140668] Confirming: 5/9
[5 INFO main 1142644] Confirming: 6/9
[5 INFO main 1144760] Confirming: 7/9
[5 INFO main 1146834] Confirming: 8/9
[5 INFO main 1148900] Confirming: 10/9
[5 INFO main 1151539] Scout.Query -> Verify.DriveTo | Go to unverified source
[5 INFO main 1211277] Verify.DriveTo -> Verify.Homing | Homing
[5 INFO main 1228284] Verify.Homing -> Scout.Query | Arrived home
[5 INFO main 1252743] Confirming: 1/9
[5 INFO main 1254765] Confirming: 2/9
[5 INFO main 1256855] Confirming: 4/9
[5 INFO main 1258913] Confirming: 5/9
[5 INFO main 1263077] Confirming: 6/9
[5 INFO main 1265183] Confirming: 7/9
[5 INFO main 1267217] Confirming: 9/9
[5 INFO main 1267788] Scout.Query -> Verify.DriveTo | Go to unverified source
[5 INFO main 1312248] Verify.DriveTo -> Verify.Homing | Homing
[5 INFO main 1341212] Confirming: 1/9
[5 INFO main 1343418] Confirming: 2/9
[5 INFO main 1345446] Confirming: 3/9
[5 INFO main 1347557] Confirming: 4/9
[5 INFO main 1349633] Confirming: 5/9
[5 INFO main 1351756] Confirming: 6/9
[5 INFO main 1353837] Confirming: 7/9
[5 INFO main 1355857] Confirming: 8/9
[5 INFO main 1357926] Confirming: 9/9
[5 INFO main 1358952] Verify.Homing -> Scout.Query | Arrived home
[5 INFO main 1359187] Scout.Query -> Verify.DriveTo | Go to unverified source
[5 INFO main 1394435] Verify.DriveTo -> Verify.Homing | Homing
[5 INFO main 1402733] Confirming: 1/9
[5 INFO main 1404852] Confirming: 2/9
[5 INFO main 1406864] Confirming: 4/9
[5 INFO main 1408952] Confirming: 5/9
[5 INFO main 1413066] Confirming: 7/9
[5 INFO main 1416840] Verify.Homing -> Scout.Query | Arrived home
[5 INFO main 1417315] Confirming: 8/9
[5 INFO main 1419414] Confirming: 10/9
[5 INFO main 1420253] Scout.Query -> Verify.DriveTo | Go to unverified source
[5 INFO main 1457591] Verify.DriveTo -> Verify.Homing | Homing
[5 INFO main 1465546] Verify.Homing -> Scout.Query | Arrived home
[5 INFO main 1492739] Confirming: 1/9
[5 INFO main 1494786] Confirming: 2/9
[5 INFO main 1496901] Confirming: 4/9
[5 INFO main 1498948] Confirming: 5/9
[5 INFO main 1503059] Confirming: 7/9
[5 INFO main 1505106] Confirming: 8/9
[5 INFO main 1507130] Confirming: 9/9
[5 INFO main 1507772] Scout.Query -> Verify.DriveTo | Go to unverified source
[5 INFO main 1544307] Verify.DriveTo -> Verify.Homing | Homing
[5 INFO main 1552814] Verify.Homing -> Scout.Query | Arrived home
[5 INFO main 1581802] Confirming: 1/9
[5 INFO main 1583840] Confirming: 2/9
[5 INFO main 1586552] Confirming: 3/9
[5 INFO main 1588646] Confirming: 4/9
[5 INFO main 1590846] Confirming: 5/9
[5 INFO main 1592912] Confirming: 6/9
[5 INFO main 1595013] Confirming: 8/9
[5 INFO main 1597073] Confirming: 9/9
[5 INFO main 1597076] Scout.Query -> Scout.PrepSend | Homing
[5 INFO main 1597179] Scout.PrepSend -> Verify.Homing | Homing
[5 INFO main 1611967] Confirming: 1/9
[5 INFO main 1614071] Confirming: 2/9
[5 INFO main 1616169] Confirming: 3/9
[5 INFO main 1618243] Confirming: 4/9
[5 INFO main 1620366] Confirming: 5/9
[5 INFO main 1622388] Confirming: 6/9
[5 INFO main 1624458] Confirming: 7/9
[5 INFO main 1626265] Verify.Homing -> Scout.Query | Arrived home
[5 INFO main 1626546] Confirming: 8/9
[5 INFO main 1628633] Confirming: 9/9
[5 INFO main 1628686] Scout.Query -> Verify.DriveTo | Go to unverified source
[5 INFO main 1663337] Verify.DriveTo -> Verify.Homing | Homing
[5 INFO main 1671689] Confirming: 1/9
[5 INFO main 1675737] Confirming: 3/9
[5 INFO main 1677760] Confirming: 4/9
[5 INFO main 1680120] Verify.Homing -> Scout.Query | Arrived home
[5 INFO main 1681869] Confirming: 6/9
[5 INFO main 1683914] Confirming: 7/9
[5 INFO main 1685928] Confirming: 8/9
[5 INFO main 1688284] Confirming: 9/9
[5 INFO main 1688388] Scout.Query -> Verify.DriveTo | Go to unverified source
[5 INFO main 1727749] Verify.DriveTo -> Verify.Homing | Homing
[5 INFO main 1754049] Verify.Homing -> Scout.Query | Arrived home
[5 INFO main 1762947] Confirming: 2/9
[5 INFO main 1767034] Confirming: 4/9
[5 INFO main 1769036] Confirming: 5/9
[5 INFO main 1771058] Confirming: 6/9
[5 INFO main 1775194] Confirming: 8/9
[5 INFO main 1777232] Confirming: 9/9
[5 INFO main 1777792] Scout.Query -> Verify.DriveTo | Go to unverified source
