[14 INFO main 26] Initialising Python Geth Console...
[14 INFO main 30] Initialising RandB board...
[14 INFO main 30] Initialising navigation...
[14 INFO main 30] Initialising random-walk...
[14 INFO main 30] Initialising odometry...
[14 INFO main 30] Initialising ground-sensors...
[14 INFO main 99] --//-- Starting Experiment --//--
[14 INFO main 1606] Idle.IDLE -> Scout.Query | Duration: 26.03
[14 INFO main 19537] Scout.Query -> Verify.DriveTo | Go to unverified source
[14 INFO main 95644] Verify.DriveTo -> Verify.Homing | Homing
[14 INFO main 120171] Confirming: 1/9
[14 INFO main 122265] Confirming: 2/9
[14 INFO main 124285] Confirming: 3/9
[14 INFO main 126270] Confirming: 4/9
[14 INFO main 128415] Confirming: 5/9
[14 INFO main 130436] Confirming: 6/9
[14 INFO main 132473] Confirming: 7/9
[14 INFO main 134564] Confirming: 8/9
[14 INFO main 136587] Confirming: 9/9
[14 INFO main 137221] Verify.Homing -> Scout.Query | Arrived home
[14 INFO main 137265] Scout.Query -> Verify.DriveTo | Go to unverified source
[14 INFO main 204000] Verify.DriveTo -> Verify.Homing | Homing
[14 INFO main 225650] Verify.Homing -> Scout.Query | Arrived home
[14 INFO main 236918] Confirming: 1/9
[14 INFO main 238949] Confirming: 2/9
[14 INFO main 241237] Confirming: 3/9
[14 INFO main 243192] Confirming: 4/9
[14 INFO main 245524] Confirming: 6/9
[14 INFO main 247618] Confirming: 7/9
[14 INFO main 251748] Confirming: 8/9
[14 INFO main 253799] Confirming: 10/9
[14 INFO main 254429] Scout.Query -> Verify.DriveTo | Go to unverified source
[14 INFO main 345057] Verify.DriveTo -> Verify.Homing | Homing
[14 INFO main 359553] Confirming: 1/9
[14 INFO main 361573] Confirming: 2/9
[14 INFO main 363785] Confirming: 3/9
[14 INFO main 365890] Confirming: 4/9
[14 INFO main 367963] Confirming: 5/9
[14 INFO main 369988] Confirming: 6/9
[14 INFO main 372018] Confirming: 7/9
[14 INFO main 376308] Confirming: 9/9
[14 INFO main 376640] Verify.Homing -> Scout.Query | Arrived home
[14 INFO main 376933] Scout.Query -> Verify.DriveTo | Go to unverified source
[14 INFO main 453879] Verify.DriveTo -> Verify.Homing | Homing
[14 INFO main 481089] Confirming: 1/9
[14 INFO main 483151] Confirming: 2/9
[14 INFO main 486467] Verify.Homing -> Scout.Query | Arrived home
[14 INFO main 487258] Confirming: 4/9
[14 INFO main 489325] Confirming: 5/9
[14 INFO main 491355] Confirming: 7/9
[14 INFO main 493400] Confirming: 8/9
[14 INFO main 495449] Confirming: 9/9
[14 INFO main 496265] Scout.Query -> Verify.DriveTo | Go to unverified source
[14 INFO main 643709] Verify.DriveTo -> Verify.Homing | Homing
[14 INFO main 674449] Verify.Homing -> Scout.Query | Arrived home
[14 INFO main 676145] Confirming: 1/9
[14 INFO main 678224] Confirming: 2/9
[14 INFO main 680273] Confirming: 3/9
[14 INFO main 682297] Confirming: 4/9
[14 INFO main 684294] Confirming: 5/9
[14 INFO main 688517] Confirming: 6/9
[14 INFO main 690613] Confirming: 8/9
[14 INFO main 692644] Confirming: 9/9
[14 INFO main 693884] Scout.Query -> Verify.DriveTo | Go to unverified source
[14 INFO main 753238] Verify.DriveTo -> Verify.Homing | Homing
[14 INFO main 780074] Verify.Homing -> Scout.Query | Arrived home
[14 INFO main 780283] Confirming: 1/9
[14 INFO main 782340] Confirming: 2/9
[14 INFO main 784411] Confirming: 3/9
[14 INFO main 786459] Confirming: 4/9
[14 INFO main 788552] Confirming: 5/9
[14 INFO main 790652] Confirming: 6/9
[14 INFO main 792748] Confirming: 7/9
[14 INFO main 794767] Confirming: 8/9
[14 INFO main 796850] Confirming: 9/9
[14 INFO main 796881] Scout.Query -> Verify.DriveTo | Go to unverified source
[14 INFO main 1005114] Verify.DriveTo -> Verify.Homing | Homing
[14 INFO main 1020028] Confirming: 1/9
[14 INFO main 1024098] Confirming: 3/9
[14 INFO main 1026212] Confirming: 4/9
[14 INFO main 1027969] Verify.Homing -> Scout.Query | Arrived home
[14 INFO main 1028358] Confirming: 5/9
[14 INFO main 1030452] Confirming: 6/9
[14 INFO main 1032518] Confirming: 7/9
[14 INFO main 1034570] Confirming: 8/9
[14 INFO main 1036636] Confirming: 9/9
[14 INFO main 1036671] Scout.Query -> Verify.DriveTo | Go to unverified source
[14 INFO main 1189120] Verify.DriveTo -> Verify.Homing | Homing
[14 INFO main 1219482] Verify.Homing -> Scout.Query | Arrived home
[14 INFO main 1231542] Confirming: 1/9
[14 INFO main 1235510] Confirming: 3/9
[14 INFO main 1237557] Confirming: 4/9
[14 INFO main 1239648] Confirming: 5/9
[14 INFO main 1241751] Confirming: 6/9
[14 INFO main 1243839] Confirming: 7/9
[14 INFO main 1245929] Confirming: 8/9
[14 INFO main 1248046] Confirming: 9/9
[14 INFO main 1248087] Scout.Query -> Verify.DriveTo | Go to unverified source
[14 INFO main 1382299] Verify.DriveTo -> Verify.Homing | Homing
[14 INFO main 1407721] Verify.Homing -> Scout.Query | Arrived home
[14 INFO main 1413361] Confirming: 1/9
[14 INFO main 1415362] Confirming: 3/9
[14 INFO main 1417405] Confirming: 4/9
[14 INFO main 1419422] Confirming: 5/9
[14 INFO main 1421446] Confirming: 6/9
[14 INFO main 1423601] Confirming: 7/9
[14 INFO main 1425641] Confirming: 8/9
[14 INFO main 1427736] Confirming: 9/9
[14 INFO main 1428322] Scout.Query -> Verify.DriveTo | Go to unverified source
[14 INFO main 1543304] Verify.DriveTo -> Verify.Homing | Homing
[14 INFO main 1562165] Confirming: 1/9
[14 INFO main 1562754] Verify.Homing -> Scout.Query | Arrived home
[14 INFO main 1564299] Confirming: 2/9
[14 INFO main 1566308] Confirming: 3/9
[14 INFO main 1568349] Confirming: 4/9
[14 INFO main 1570396] Confirming: 5/9
[14 INFO main 1572468] Confirming: 6/9
[14 INFO main 1574572] Confirming: 7/9
[14 INFO main 1576591] Confirming: 8/9
[14 INFO main 1578617] Confirming: 9/9
[14 INFO main 1578656] Scout.Query -> Verify.DriveTo | Go to unverified source
[14 INFO main 1651773] Verify.DriveTo -> Verify.Homing | Homing
[14 INFO main 1664711] Verify.Homing -> Scout.Query | Arrived home
[14 INFO main 1683141] Confirming: 1/9
[14 INFO main 1685303] Confirming: 3/9
[14 INFO main 1689630] Confirming: 5/9
[14 INFO main 1691652] Confirming: 6/9
[14 INFO main 1693753] Confirming: 7/9
[14 INFO main 1695780] Confirming: 8/9
[14 INFO main 1697828] Confirming: 9/9
[14 INFO main 1698295] Scout.Query -> Verify.DriveTo | Go to unverified source
[14 INFO main 1769840] Verify.DriveTo -> Verify.Homing | Homing
[14 INFO main 1802206] Confirming: 1/9
[14 INFO main 1804255] Confirming: 2/9
[14 INFO main 1806118] Verify.Homing -> Scout.Query | Arrived home
[14 INFO main 1806459] Confirming: 3/9
[14 INFO main 1808472] Confirming: 4/9
[14 INFO main 1810483] Confirming: 5/9
[14 INFO main 1812544] Confirming: 6/9
[14 INFO main 1814624] Confirming: 7/9
[14 INFO main 1816691] Confirming: 8/9
[14 INFO main 1818650] Confirming: 9/9
[14 INFO main 1818835] Scout.Query -> Verify.DriveTo | Go to unverified source
[14 INFO main 1856641] Verify.DriveTo -> Verify.Homing | Homing
[14 INFO main 1863001] Confirming: 1/9
[14 INFO main 1865044] Confirming: 2/9
[14 INFO main 1867171] Confirming: 3/9
[14 INFO main 1869243] Confirming: 4/9
[14 INFO main 1871292] Confirming: 5/9
[14 INFO main 1872272] Verify.Homing -> Scout.Query | Arrived home
[14 INFO main 1873352] Confirming: 7/9
[14 INFO main 1875381] Confirming: 8/9
[14 INFO main 1879579] Confirming: 9/9
[14 INFO main 1880401] Scout.Query -> Verify.DriveTo | Go to unverified source
[14 INFO main 1935945] Verify.DriveTo -> Verify.Homing | Homing
[14 INFO main 1952512] Confirming: 1/9
[14 INFO main 1953750] Verify.Homing -> Scout.Query | Arrived home
[14 INFO main 1954552] Confirming: 2/9
[14 INFO main 1956481] Confirming: 3/9
[14 INFO main 1958614] Confirming: 4/9
[14 INFO main 1960618] Confirming: 5/9
[14 INFO main 1962692] Confirming: 6/9
[14 INFO main 1964827] Confirming: 7/9
[14 INFO main 1967036] Confirming: 8/9
[14 INFO main 1969097] Confirming: 9/9
[14 INFO main 1969520] Scout.Query -> Verify.DriveTo | Go to unverified source
[14 INFO main 2058323] Verify.DriveTo -> Verify.Homing | Homing
[14 INFO main 2073158] Confirming: 1/9
[14 INFO main 2075182] Confirming: 2/9
[14 INFO main 2077203] Confirming: 3/9
[14 INFO main 2079296] Confirming: 5/9
[14 INFO main 2081300] Confirming: 6/9
[14 INFO main 2085473] Confirming: 7/9
[14 INFO main 2087485] Confirming: 8/9
[14 INFO main 2089514] Confirming: 9/9
[14 INFO main 2093098] Verify.Homing -> Scout.Query | Arrived home
[14 INFO main 2093246] Scout.Query -> Verify.DriveTo | Go to unverified source
[14 INFO main 2116789] Verify.DriveTo -> Verify.Homing | Homing
[14 INFO main 2127080] Confirming: 2/9
[14 INFO main 2127803] Verify.Homing -> Scout.Query | Arrived home
[14 INFO main 2129165] Confirming: 3/9
[14 INFO main 2131175] Confirming: 4/9
[14 INFO main 2133279] Confirming: 5/9
[14 INFO main 2135396] Confirming: 6/9
[14 INFO main 2137524] Confirming: 7/9
[14 INFO main 2139613] Confirming: 8/9
[14 INFO main 2141621] Confirming: 9/9
[14 INFO main 2141819] Scout.Query -> Verify.DriveTo | Go to unverified source
[14 INFO main 2205069] Verify.DriveTo -> Verify.Homing | Homing
[14 INFO main 2215867] Verify.Homing -> Scout.Query | Arrived home
[14 INFO main 2223828] Confirming: 1/9
[14 INFO main 2225914] Confirming: 2/9
[14 INFO main 2228006] Confirming: 3/9
[14 INFO main 2230201] Confirming: 4/9
[14 INFO main 2232186] Confirming: 5/9
[14 INFO main 2234243] Confirming: 6/9
[14 INFO main 2236308] Confirming: 8/9
[14 INFO main 2238370] Confirming: 9/9
[14 INFO main 2239368] Scout.Query -> Verify.DriveTo | Go to unverified source
[14 INFO main 2293345] Verify.DriveTo -> Verify.Homing | Homing
[14 INFO main 2314336] Confirming: 2/9
[14 INFO main 2314869] Verify.Homing -> Scout.Query | Arrived home
[14 INFO main 2316352] Confirming: 3/9
[14 INFO main 2318392] Confirming: 4/9
[14 INFO main 2320488] Confirming: 5/9
[14 INFO main 2322776] Confirming: 6/9
[14 INFO main 2324919] Confirming: 7/9
[14 INFO main 2327046] Confirming: 8/9
[14 INFO main 2329291] Confirming: 9/9
[14 INFO main 2329552] Scout.Query -> Verify.DriveTo | Go to unverified source
[14 INFO main 2397771] Verify.DriveTo -> Verify.Homing | Homing
[14 INFO main 2420813] Verify.Homing -> Scout.Query | Arrived home
[14 INFO main 2433602] Confirming: 1/9
[14 INFO main 2435725] Confirming: 2/9
[14 INFO main 2437754] Confirming: 3/9
[14 INFO main 2439845] Confirming: 4/9
[14 INFO main 2441939] Confirming: 5/9
[14 INFO main 2443940] Confirming: 6/9
[14 INFO main 2446093] Confirming: 7/9
[14 INFO main 2448172] Confirming: 8/9
[14 INFO main 2450257] Confirming: 9/9
[14 INFO main 2450260] Scout.Query -> Scout.PrepSend | Homing
[14 INFO main 2450395] Scout.PrepSend -> Verify.Homing | Homing
[14 INFO main 2475020] Verify.Homing -> Scout.Query | Arrived home
[14 INFO main 2492348] Confirming: 2/9
[14 INFO main 2494411] Confirming: 3/9
[14 INFO main 2496483] Confirming: 4/9
[14 INFO main 2498765] Confirming: 5/9
[14 INFO main 2500884] Confirming: 6/9
[14 INFO main 2505003] Confirming: 8/9
[14 INFO main 2507018] Confirming: 9/9
[14 INFO main 2507503] Scout.Query -> Verify.DriveTo | Go to unverified source
[14 INFO main 2578095] Verify.DriveTo -> Verify.Homing | Homing
[14 INFO main 2598516] Verify.Homing -> Scout.Query | Arrived home
[14 INFO main 2599955] Confirming: 1/9
[14 INFO main 2601990] Confirming: 2/9
[14 INFO main 2604152] Confirming: 3/9
[14 INFO main 2606398] Confirming: 4/9
[14 INFO main 2608463] Confirming: 5/9
[14 INFO main 2610459] Confirming: 6/9
[14 INFO main 2612500] Confirming: 7/9
[14 INFO main 2614508] Confirming: 8/9
[14 INFO main 2616668] Confirming: 9/9
[14 INFO main 2617343] Scout.Query -> Verify.DriveTo | Go to unverified source
[14 INFO main 2641400] Verify.DriveTo -> Verify.Homing | Homing
[14 INFO main 2660304] Verify.Homing -> Scout.Query | Arrived home
[14 INFO main 2668105] Confirming: 1/9
[14 INFO main 2670153] Confirming: 2/9
[14 INFO main 2672298] Confirming: 3/9
[14 INFO main 2674392] Confirming: 4/9
[14 INFO main 2678629] Confirming: 6/9
[14 INFO main 2680787] Confirming: 7/9
[14 INFO main 2682796] Confirming: 8/9
[14 INFO main 2684880] Confirming: 9/9
[14 INFO main 2684930] Scout.Query -> Verify.DriveTo | Go to unverified source
[14 INFO main 2870964] Verify.DriveTo -> Verify.Homing | Homing
[14 INFO main 2885640] Confirming: 1/9
[14 INFO main 2887245] Verify.Homing -> Scout.Query | Arrived home
[14 INFO main 2889721] Confirming: 3/9
[14 INFO main 2891867] Confirming: 4/9
[14 INFO main 2893876] Confirming: 5/9
[14 INFO main 2895965] Confirming: 6/9
[14 INFO main 2900110] Confirming: 8/9
[14 INFO main 2902208] Confirming: 9/9
[14 INFO main 2902468] Scout.Query -> Verify.DriveTo | Go to unverified source
[14 INFO main 2939300] Verify.DriveTo -> Verify.Homing | Homing
[14 INFO main 2949856] Confirming: 2/9
[14 INFO main 2951864] Confirming: 3/9
[14 INFO main 2953872] Confirming: 4/9
[14 INFO main 2955892] Confirming: 5/9
[14 INFO main 2958156] Confirming: 6/9
[14 INFO main 2960485] Confirming: 7/9
[14 INFO main 2962614] Confirming: 8/9
[14 INFO main 2964651] Confirming: 10/9
[14 INFO main 2972073] Verify.Homing -> Scout.Query | Arrived home
[14 INFO main 2972189] Scout.Query -> Verify.DriveTo | Go to unverified source
[14 INFO main 3062716] Verify.DriveTo -> Verify.Homing | Homing
[14 INFO main 3083314] Confirming: 1/9
[14 INFO main 3085356] Confirming: 2/9
[14 INFO main 3087504] Confirming: 3/9
[14 INFO main 3089654] Confirming: 4/9
[14 INFO main 3091711] Confirming: 5/9
[14 INFO main 3093900] Confirming: 6/9
[14 INFO main 3096037] Confirming: 7/9
[14 INFO main 3098087] Confirming: 8/9
[14 INFO main 3100129] Confirming: 9/9
[14 INFO main 3168923] Verify.Homing -> Scout.Query | Arrived home
[14 INFO main 3169069] Scout.Query -> Verify.DriveTo | Go to unverified source
[14 INFO main 3243695] Verify.DriveTo -> Verify.Homing | Homing
[14 INFO main 3274724] Confirming: 1/9
[14 INFO main 3276795] Confirming: 2/9
[14 INFO main 3278850] Verify.Homing -> Scout.Query | Arrived home
[14 INFO main 3280892] Confirming: 4/9
[14 INFO main 3282932] Confirming: 5/9
[14 INFO main 3287062] Confirming: 6/9
[14 INFO main 3289193] Confirming: 8/9
[14 INFO main 3291344] Confirming: 9/9
[14 INFO main 3292130] Scout.Query -> Verify.DriveTo | Go to unverified source
[14 INFO main 3341144] Verify.DriveTo -> Verify.Homing | Homing
[14 INFO main 3355747] Confirming: 1/9
[14 INFO main 3357777] Confirming: 2/9
[14 INFO main 3359801] Confirming: 3/9
[14 INFO main 3361813] Confirming: 4/9
[14 INFO main 3363680] Verify.Homing -> Scout.Query | Arrived home
[14 INFO main 3363948] Confirming: 5/9
[14 INFO main 3366040] Confirming: 6/9
[14 INFO main 3368327] Confirming: 8/9
[14 INFO main 3372554] Confirming: 9/9
[14 INFO main 3373088] Scout.Query -> Verify.DriveTo | Go to unverified source
[14 INFO main 3447467] Verify.DriveTo -> Verify.Homing | Homing
[14 INFO main 3457944] Confirming: 1/9
[14 INFO main 3460044] Confirming: 2/9
[14 INFO main 3462110] Confirming: 3/9
[14 INFO main 3464170] Confirming: 4/9
[14 INFO main 3466301] Confirming: 6/9
[14 INFO main 3468372] Confirming: 7/9
[14 INFO main 3470447] Confirming: 8/9
[14 INFO main 3472546] Confirming: 9/9
[14 INFO main 3506578] Verify.Homing -> Scout.Query | Arrived home
[14 INFO main 3506921] Scout.Query -> Verify.DriveTo | Go to unverified source
[14 INFO main 3593099] Verify.DriveTo -> Verify.Homing | Homing
[14 INFO main 3607996] Confirming: 1/9
[14 INFO main 3610204] Confirming: 2/9
[14 INFO main 3612272] Confirming: 4/9
[14 INFO main 3616532] Confirming: 6/9
[14 INFO main 3618580] Confirming: 7/9
[14 INFO main 3620623] Confirming: 8/9
[14 INFO main 3622677] Confirming: 9/9
[14 INFO main 3623844] Verify.Homing -> Scout.Query | Arrived home
[14 INFO main 3623989] Scout.Query -> Verify.DriveTo | Go to unverified source
[14 INFO main 3681648] Verify.DriveTo -> Verify.Homing | Homing
[14 INFO main 3696298] Confirming: 1/9
[14 INFO main 3700432] Confirming: 3/9
[14 INFO main 3704665] Confirming: 5/9
[14 INFO main 3706837] Confirming: 6/9
[14 INFO main 3708879] Confirming: 7/9
[14 INFO main 3710996] Confirming: 8/9
[14 INFO main 3713315] Confirming: 9/9
[14 INFO main 3725223] Verify.Homing -> Scout.Query | Arrived home
[14 INFO main 3725398] Scout.Query -> Verify.DriveTo | Go to unverified source
[14 INFO main 3782628] Verify.DriveTo -> Verify.Homing | Homing
[14 INFO main 3786829] Confirming: 1/9
[14 INFO main 3788860] Confirming: 2/9
[14 INFO main 3790869] Confirming: 3/9
[14 INFO main 3792943] Confirming: 4/9
[14 INFO main 3794980] Confirming: 5/9
[14 INFO main 3799037] Confirming: 7/9
[14 INFO main 3803133] Confirming: 9/9
[14 INFO main 3808365] Verify.Homing -> Scout.Query | Arrived home
[14 INFO main 3808439] Scout.Query -> Verify.DriveTo | Go to unverified source
[14 INFO main 3932547] Verify.DriveTo -> Verify.Homing | Homing
[14 INFO main 3948681] Verify.Homing -> Scout.Query | Arrived home
[14 INFO main 3968156] Confirming: 1/9
[14 INFO main 3970215] Confirming: 2/9
[14 INFO main 3972288] Confirming: 3/9
[14 INFO main 3974310] Confirming: 5/9
[14 INFO main 3976606] Confirming: 6/9
[14 INFO main 3978764] Confirming: 7/9
[14 INFO main 3980829] Confirming: 8/9
[14 INFO main 3982858] Confirming: 9/9
[14 INFO main 3983719] Scout.Query -> Verify.DriveTo | Go to unverified source
[14 INFO main 4018282] Verify.DriveTo -> Verify.Homing | Homing
[14 INFO main 4029175] Confirming: 1/9
[14 INFO main 4033332] Confirming: 4/9
[14 INFO main 4035648] Confirming: 5/9
[14 INFO main 4037727] Confirming: 6/9
[14 INFO main 4039738] Confirming: 7/9
[14 INFO main 4041807] Confirming: 8/9
[14 INFO main 4044008] Confirming: 9/9
[14 INFO main 4061116] Verify.Homing -> Scout.Query | Arrived home
[14 INFO main 4061298] Scout.Query -> Verify.DriveTo | Go to unverified source
[14 INFO main 4127418] Verify.DriveTo -> Verify.Homing | Homing
[14 INFO main 4146865] Confirming: 1/9
[14 INFO main 4148960] Confirming: 2/9
[14 INFO main 4153117] Confirming: 4/9
[14 INFO main 4155192] Confirming: 5/9
[14 INFO main 4157262] Confirming: 6/9
[14 INFO main 4159274] Confirming: 7/9
[14 INFO main 4161304] Confirming: 8/9
[14 INFO main 4163331] Confirming: 9/9
[14 INFO main 4166766] Verify.Homing -> Scout.Query | Arrived home
[14 INFO main 4166917] Scout.Query -> Verify.DriveTo | Go to unverified source
[14 INFO main 4233812] Verify.DriveTo -> Verify.Homing | Homing
[14 INFO main 4254366] Verify.Homing -> Scout.Query | Arrived home
[14 INFO main 4259791] Confirming: 1/9
[14 INFO main 4279484] Confirming: 2/9
[14 INFO main 4281512] Confirming: 3/9
[14 INFO main 4283555] Confirming: 4/9
[14 INFO main 4285576] Confirming: 5/9
[14 INFO main 4287617] Confirming: 6/9
[14 INFO main 4289725] Confirming: 7/9
[14 INFO main 4291748] Confirming: 8/9
[14 INFO main 4293883] Confirming: 9/9
[14 INFO main 4295149] Scout.Query -> Verify.DriveTo | Go to unverified source
[14 INFO main 4340285] Verify.DriveTo -> Verify.Homing | Homing
[14 INFO main 4357243] Confirming: 1/9
[14 INFO main 4359680] Confirming: 2/9
[14 INFO main 4361746] Confirming: 3/9
[14 INFO main 4363743] Confirming: 4/9
[14 INFO main 4365790] Confirming: 5/9
[14 INFO main 4367683] Verify.Homing -> Scout.Query | Arrived home
[14 INFO main 4367892] Confirming: 6/9
[14 INFO main 4370048] Confirming: 7/9
[14 INFO main 4372145] Confirming: 8/9
[14 INFO main 4374205] Confirming: 9/9
[14 INFO main 4374641] Scout.Query -> Verify.DriveTo | Go to unverified source
[14 INFO main 4407772] Verify.DriveTo -> Verify.Homing | Homing
[14 INFO main 4420604] Confirming: 1/9
[14 INFO main 4422648] Confirming: 3/9
[14 INFO main 4427138] Confirming: 5/9
[14 INFO main 4429277] Confirming: 6/9
[14 INFO main 4431290] Confirming: 7/9
[14 INFO main 4433348] Confirming: 8/9
[14 INFO main 4433599] Verify.Homing -> Scout.Query | Arrived home
[14 INFO main 4435463] Confirming: 9/9
[14 INFO main 4436140] Scout.Query -> Verify.DriveTo | Go to unverified source
[14 INFO main 4537079] Verify.DriveTo -> Verify.Homing | Homing
[14 INFO main 4554400] Confirming: 1/9
[14 INFO main 4556530] Confirming: 2/9
[14 INFO main 4560614] Confirming: 3/9
[14 INFO main 4562663] Confirming: 5/9
[14 INFO main 4564851] Confirming: 6/9
[14 INFO main 4567181] Confirming: 7/9
[14 INFO main 4569331] Confirming: 8/9
[14 INFO main 4571340] Confirming: 9/9
[14 INFO main 4576004] Verify.Homing -> Scout.Query | Arrived home
[14 INFO main 4576254] Scout.Query -> Verify.DriveTo | Go to unverified source
[14 INFO main 4751945] Verify.DriveTo -> Verify.Homing | Homing
[14 INFO main 4780414] Confirming: 1/9
[14 INFO main 4782496] Confirming: 2/9
[14 INFO main 4784572] Confirming: 3/9
[14 INFO main 4786587] Confirming: 4/9
[14 INFO main 4788681] Confirming: 5/9
[14 INFO main 4790754] Confirming: 6/9
[14 INFO main 4791618] Verify.Homing -> Scout.Query | Arrived home
[14 INFO main 4792829] Confirming: 7/9
[14 INFO main 4795089] Confirming: 8/9
[14 INFO main 4797183] Confirming: 9/9
[14 INFO main 4797833] Scout.Query -> Verify.DriveTo | Go to unverified source
[14 INFO main 4880366] Verify.DriveTo -> Verify.Homing | Homing
[14 INFO main 4899549] Confirming: 1/9
[14 INFO main 4901656] Confirming: 2/9
[14 INFO main 4905982] Confirming: 4/9
[14 INFO main 4908084] Confirming: 5/9
[14 INFO main 4908085] Verify.Homing -> Scout.Query | Arrived home
[14 INFO main 4910427] Confirming: 6/9
[14 INFO main 4912552] Confirming: 7/9
[14 INFO main 4914580] Confirming: 8/9
[14 INFO main 4916915] Confirming: 9/9
[14 INFO main 4917132] Scout.Query -> Verify.DriveTo | Go to unverified source
[14 INFO main 5021012] Verify.DriveTo -> Verify.Homing | Homing
[14 INFO main 5051741] Confirming: 1/9
[14 INFO main 5053797] Confirming: 3/9
[14 INFO main 5055189] Verify.Homing -> Scout.Query | Arrived home
[14 INFO main 5055886] Confirming: 4/9
[14 INFO main 5057895] Confirming: 5/9
[14 INFO main 5059963] Confirming: 6/9
[14 INFO main 5062125] Confirming: 7/9
[14 INFO main 5064127] Confirming: 8/9
[14 INFO main 5068216] Confirming: 10/9
[14 INFO main 5068342] Scout.Query -> Verify.DriveTo | Go to unverified source
[14 INFO main 5081332] Verify.DriveTo -> Verify.Homing | Homing
[14 INFO main 5087682] Verify.Homing -> Scout.Query | Arrived home
[14 INFO main 5101083] Confirming: 1/9
[14 INFO main 5103091] Confirming: 2/9
[14 INFO main 5105203] Confirming: 3/9
[14 INFO main 5107263] Confirming: 4/9
[14 INFO main 5109315] Confirming: 5/9
[14 INFO main 5111351] Confirming: 6/9
[14 INFO main 5113547] Confirming: 8/9
[14 INFO main 5117609] Confirming: 10/9
[14 INFO main 5117797] Scout.Query -> Verify.DriveTo | Go to unverified source
[14 INFO main 5192635] Verify.DriveTo -> Verify.Homing | Homing
[14 INFO main 5201370] Confirming: 2/9
[14 INFO main 5203475] Confirming: 3/9
[14 INFO main 5205418] Confirming: 4/9
[14 INFO main 5207515] Confirming: 5/9
[14 INFO main 5209538] Confirming: 6/9
[14 INFO main 5211772] Confirming: 7/9
[14 INFO main 5213819] Confirming: 8/9
[14 INFO main 5216020] Confirming: 9/9
[14 INFO main 5230730] Verify.Homing -> Scout.Query | Arrived home
[14 INFO main 5230791] Scout.Query -> Verify.DriveTo | Go to unverified source
