[13 INFO main 28] Initialising Python Geth Console...
[13 INFO main 32] Initialising RandB board...
[13 INFO main 32] Initialising navigation...
[13 INFO main 32] Initialising random-walk...
[13 INFO main 32] Initialising odometry...
[13 INFO main 32] Initialising ground-sensors...
[13 INFO main 245] --//-- Starting Experiment --//--
[13 INFO main 1345] Idle.IDLE -> Scout.Query | Duration: 19.65
[13 INFO main 20748] Scout.Query -> Scout.GotoCenter | Drive to others reported pos
[13 INFO main 91287] Scout.GotoCenter -> Scout.Query | return to random walk
[13 INFO main 101607] Confirming: 1/8
[13 INFO main 103644] Confirming: 2/8
[13 INFO main 105663] Confirming: 3/8
[13 INFO main 107718] Confirming: 4/8
[13 INFO main 109747] Confirming: 5/8
[13 INFO main 111766] Confirming: 6/8
[13 INFO main 113793] Confirming: 7/8
[13 INFO main 115880] Confirming: 8/8
[13 INFO main 116574] Scout.Query -> Scout.GotoCenter | Drive to others reported pos
[13 INFO main 172588] Scout.GotoCenter -> Scout.Query | return to random walk
[13 INFO main 187154] Confirming: 1/8
[13 INFO main 191264] Confirming: 2/8
[13 INFO main 193348] Confirming: 4/8
[13 INFO main 195412] Confirming: 5/8
[13 INFO main 197491] Confirming: 6/8
[13 INFO main 199504] Confirming: 7/8
[13 INFO main 201492] Confirming: 8/8
[13 INFO main 374174] Scout.Query -> Scout.GotoCenter | Drive to others reported pos
[13 INFO main 485053] Scout.GotoCenter -> Scout.Query | return to random walk
[13 INFO main 503752] Confirming: 1/8
[13 INFO main 505851] Confirming: 2/8
[13 INFO main 507879] Confirming: 3/8
[13 INFO main 509912] Confirming: 4/8
[13 INFO main 511970] Confirming: 5/8
[13 INFO main 514097] Confirming: 6/8
[13 INFO main 516148] Confirming: 7/8
[13 INFO main 518208] Confirming: 8/8
[13 INFO main 553431] Scout.Query -> Scout.GotoCenter | Drive to others reported pos
[13 INFO main 681862] Scout.GotoCenter -> Scout.Query | return to random walk
[13 INFO main 702648] Confirming: 1/8
[13 INFO main 704658] Confirming: 2/8
[13 INFO main 708854] Confirming: 4/8
[13 INFO main 710939] Confirming: 5/8
[13 INFO main 715196] Confirming: 6/8
[13 INFO main 717284] Confirming: 8/8
[13 INFO main 717921] Scout.Query -> Scout.GotoCenter | Drive to others reported pos
[13 INFO main 760266] Scout.GotoCenter -> Scout.Query | return to random walk
[13 INFO main 776825] Confirming: 1/8
[13 INFO main 778988] Confirming: 2/8
[13 INFO main 781000] Confirming: 3/8
[13 INFO main 783167] Confirming: 4/8
[13 INFO main 785228] Confirming: 5/8
[13 INFO main 787324] Confirming: 6/8
[13 INFO main 789400] Confirming: 7/8
[13 INFO main 791544] Confirming: 8/8
[13 INFO main 971191] Scout.Query -> Scout.GotoCenter | Drive to others reported pos
[13 INFO main 1028440] Scout.GotoCenter -> Scout.Query | return to random walk
[13 INFO main 1040908] Confirming: 1/8
[13 INFO main 1042916] Confirming: 2/8
[13 INFO main 1046908] Confirming: 4/8
[13 INFO main 1049015] Confirming: 5/8
[13 INFO main 1051056] Confirming: 6/8
[13 INFO main 1053055] Confirming: 7/8
[13 INFO main 1055120] Confirming: 8/8
[13 INFO main 1582643] Scout.Query -> Scout.GotoCenter | Drive to others reported pos
[13 INFO main 1626100] Scout.GotoCenter -> Scout.Query | return to random walk
[13 INFO main 1644590] Confirming: 1/8
[13 INFO main 1646668] Confirming: 2/8
[13 INFO main 1648684] Confirming: 3/8
[13 INFO main 1650712] Confirming: 4/8
[13 INFO main 1652804] Confirming: 5/8
[13 INFO main 1654803] Confirming: 6/8
[13 INFO main 1656851] Confirming: 7/8
[13 INFO main 1658920] Confirming: 8/8
[13 INFO main 1661951] Scout.Query -> Scout.GotoCenter | Drive to others reported pos
[13 INFO main 1695002] Scout.GotoCenter -> Scout.Query | return to random walk
[13 INFO main 1705396] Confirming: 1/8
[13 INFO main 1707440] Confirming: 2/8
[13 INFO main 1709460] Confirming: 3/8
[13 INFO main 1711557] Confirming: 4/8
[13 INFO main 1713564] Confirming: 5/8
[13 INFO main 1715622] Confirming: 6/8
[13 INFO main 1717622] Confirming: 7/8
[13 INFO main 1719691] Confirming: 8/8
[13 INFO main 1994829] Scout.Query -> Scout.GotoCenter | Drive to others reported pos
[13 INFO main 2015831] Scout.GotoCenter -> Scout.Query | return to random walk
[13 INFO main 2030218] Confirming: 1/8
[13 INFO main 2032258] Confirming: 2/8
[13 INFO main 2034352] Confirming: 3/8
[13 INFO main 2036478] Confirming: 5/8
[13 INFO main 2040732] Confirming: 7/8
[13 INFO main 2042732] Confirming: 8/8
[13 INFO main 2046263] Scout.Query -> Scout.GotoCenter | Drive to others reported pos
[13 INFO main 2237000] Scout.GotoCenter -> Scout.Query | return to random walk
[13 INFO main 2249350] Confirming: 1/8
[13 INFO main 2253596] Confirming: 2/8
[13 INFO main 2261817] Confirming: 3/8
[13 INFO main 2268080] Confirming: 8/8
[13 INFO main 2338557] Scout.Query -> Scout.GotoCenter | Drive to others reported pos
[13 INFO main 2458251] Scout.GotoCenter -> Scout.Query | return to random walk
[13 INFO main 2464504] Confirming: 1/8
[13 INFO main 2466563] Confirming: 2/8
[13 INFO main 2468599] Confirming: 3/8
[13 INFO main 2470660] Confirming: 4/8
[13 INFO main 2480919] Confirming: 9/8
[13 INFO main 2592460] Confirming: 9/8
[13 INFO main 2595551] Scout.Query -> Scout.GotoCenter | Drive to others reported pos
[13 INFO main 2628910] Scout.GotoCenter -> Scout.Query | return to random walk
[13 INFO main 2635224] Confirming: 1/8
[13 INFO main 2637350] Confirming: 3/8
[13 INFO main 2639450] Confirming: 4/8
[13 INFO main 2641458] Confirming: 5/8
[13 INFO main 2643495] Confirming: 6/8
[13 INFO main 2647551] Confirming: 8/8
[13 INFO main 2649455] Scout.Query -> Scout.GotoCenter | Drive to others reported pos
[13 INFO main 2739579] Scout.GotoCenter -> Scout.Query | return to random walk
[13 INFO main 2758463] Confirming: 2/8
[13 INFO main 2760487] Confirming: 3/8
[13 INFO main 2762508] Confirming: 4/8
[13 INFO main 2764562] Confirming: 5/8
[13 INFO main 2766490] Confirming: 6/8
[13 INFO main 2768680] Confirming: 7/8
[13 INFO main 2770779] Confirming: 8/8
