[5 INFO main 30] Initialising Python Geth Console...
[5 INFO main 33] Initialising RandB board...
[5 INFO main 33] Initialising navigation...
[5 INFO main 33] Initialising random-walk...
[5 INFO main 33] Initialising odometry...
[5 INFO main 33] Initialising ground-sensors...
[5 INFO main 1020] --//-- Starting Experiment --//--
[5 INFO main 2124] Idle.IDLE -> Scout.Query | Duration: 20.25
[5 INFO main 19644] Scout.Query -> Scout.GotoCenter | Drive to others reported pos
[5 INFO main 23351] Scout.GotoCenter -> Scout.Query | return to random walk
[5 INFO main 23651] Scout.Query -> Scout.GotoCenter | Drive to others reported pos
[5 INFO main 27456] Scout.GotoCenter -> Scout.Query | return to random walk
[5 INFO main 27756] Scout.Query -> Scout.GotoCenter | Drive to others reported pos
[5 INFO main 28458] Scout.GotoCenter -> Scout.Query | return to random walk
[5 INFO main 28757] Scout.Query -> Scout.GotoCenter | Drive to others reported pos
[5 INFO main 29358] Scout.GotoCenter -> Scout.Query | return to random walk
[5 INFO main 29759] Scout.Query -> Scout.GotoCenter | Drive to others reported pos
[5 INFO main 30461] Scout.GotoCenter -> Scout.Query | return to random walk
[5 INFO main 30760] Scout.Query -> Scout.GotoCenter | Drive to others reported pos
[5 INFO main 30861] Scout.GotoCenter -> Scout.Query | return to random walk
