[12 INFO main 27] Initialising Python Geth Console...
[12 INFO main 32] Initialising RandB board...
[12 INFO main 32] Initialising navigation...
[12 INFO main 32] Initialising random-walk...
[12 INFO main 32] Initialising odometry...
[12 INFO main 32] Initialising ground-sensors...
[12 INFO main 388] --//-- Starting Experiment --//--
[12 INFO main 1876] Idle.IDLE -> Scout.Query | Duration: 30.94
[12 INFO main 6711] Scout.Query -> Scout.PrepSend | Homing
[12 INFO main 6847] Scout.PrepSend -> Verify.Homing | Homing
[12 INFO main 27883] Verify.Homing -> Scout.Query | Arrived home
[12 INFO main 32225] Confirming: 1/9
[12 INFO main 34267] Confirming: 2/9
[12 INFO main 36367] Confirming: 3/9
[12 INFO main 38563] Confirming: 4/9
[12 INFO main 40664] Confirming: 5/9
[12 INFO main 42696] Confirming: 6/9
[12 INFO main 44767] Confirming: 7/9
[12 INFO main 46860] Confirming: 8/9
[12 INFO main 48859] Confirming: 9/9
[12 INFO main 49316] Scout.Query -> Verify.DriveTo | Go to unverified source
[12 INFO main 95373] Verify.DriveTo -> Verify.Homing | Homing
[12 INFO main 101637] Verify.Homing -> Scout.Query | Arrived home
[12 INFO main 122344] Confirming: 1/9
[12 INFO main 124373] Confirming: 2/9
[12 INFO main 126517] Confirming: 3/9
[12 INFO main 128590] Confirming: 4/9
[12 INFO main 132719] Confirming: 6/9
[12 INFO main 134733] Confirming: 7/9
[12 INFO main 136753] Confirming: 8/9
[12 INFO main 138791] Confirming: 9/9
[12 INFO main 138817] Scout.Query -> Verify.DriveTo | Go to unverified source
[12 INFO main 221628] Verify.DriveTo -> Verify.Homing | Homing
[12 INFO main 242405] Confirming: 1/9
[12 INFO main 244452] Confirming: 2/9
[12 INFO main 246499] Confirming: 3/9
[12 INFO main 248524] Confirming: 4/9
[12 INFO main 249685] Verify.Homing -> Scout.Query | Arrived home
[12 INFO main 250596] Confirming: 5/9
[12 INFO main 252638] Confirming: 6/9
[12 INFO main 254729] Confirming: 7/9
[12 INFO main 256808] Confirming: 8/9
[12 INFO main 258887] Confirming: 9/9
[12 INFO main 259707] Scout.Query -> Verify.DriveTo | Go to unverified source
[12 INFO main 287942] Verify.DriveTo -> Verify.Homing | Homing
[12 INFO main 302312] Confirming: 1/9
[12 INFO main 302504] Verify.Homing -> Scout.Query | Arrived home
[12 INFO main 304742] Confirming: 2/9
[12 INFO main 306827] Confirming: 3/9
[12 INFO main 308851] Confirming: 4/9
[12 INFO main 310881] Confirming: 5/9
[12 INFO main 312897] Confirming: 6/9
[12 INFO main 315080] Confirming: 7/9
[12 INFO main 317091] Confirming: 8/9
[12 INFO main 319142] Confirming: 9/9
[12 INFO main 320449] Scout.Query -> Verify.DriveTo | Go to unverified source
[12 INFO main 404478] Verify.DriveTo -> Verify.Homing | Homing
[12 INFO main 423436] Confirming: 1/9
[12 INFO main 425442] Confirming: 2/9
[12 INFO main 427475] Confirming: 3/9
[12 INFO main 429504] Confirming: 4/9
[12 INFO main 431599] Confirming: 6/9
[12 INFO main 433465] Verify.Homing -> Scout.Query | Arrived home
[12 INFO main 433667] Confirming: 7/9
[12 INFO main 437699] Confirming: 9/9
[12 INFO main 437977] Scout.Query -> Verify.DriveTo | Go to unverified source
[12 INFO main 504439] Verify.DriveTo -> Verify.Homing | Homing
[12 INFO main 526778] Verify.Homing -> Scout.Query | Arrived home
[12 INFO main 527079] Confirming: 1/9
[12 INFO main 529168] Confirming: 2/9
[12 INFO main 531252] Confirming: 3/9
[12 INFO main 533334] Confirming: 4/9
[12 INFO main 535508] Confirming: 5/9
[12 INFO main 537596] Confirming: 7/9
[12 INFO main 539829] Confirming: 8/9
[12 INFO main 545883] Confirming: 10/9
[12 INFO main 546817] Scout.Query -> Verify.DriveTo | Go to unverified source
[12 INFO main 563931] Verify.DriveTo -> Verify.Homing | Homing
[12 INFO main 578433] Verify.Homing -> Scout.Query | Arrived home
[12 INFO main 603911] Confirming: 2/9
[12 INFO main 605972] Confirming: 3/9
[12 INFO main 607992] Confirming: 4/9
[12 INFO main 610099] Confirming: 5/9
[12 INFO main 614192] Confirming: 7/9
[12 INFO main 618372] Confirming: 8/9
[12 INFO main 620360] Confirming: 9/9
[12 INFO main 620389] Scout.Query -> Verify.DriveTo | Go to unverified source
[12 INFO main 672397] Verify.DriveTo -> Verify.Homing | Homing
[12 INFO main 693054] Confirming: 1/9
[12 INFO main 695093] Confirming: 2/9
[12 INFO main 697126] Confirming: 3/9
[12 INFO main 698694] Verify.Homing -> Scout.Query | Arrived home
[12 INFO main 699146] Confirming: 4/9
[12 INFO main 701161] Confirming: 5/9
[12 INFO main 703292] Confirming: 6/9
[12 INFO main 705317] Confirming: 7/9
[12 INFO main 707417] Confirming: 8/9
[12 INFO main 709431] Confirming: 9/9
[12 INFO main 709769] Scout.Query -> Verify.DriveTo | Go to unverified source
[12 INFO main 739488] Verify.DriveTo -> Verify.Homing | Homing
[12 INFO main 756927] Verify.Homing -> Scout.Query | Arrived home
[12 INFO main 783649] Confirming: 1/9
[12 INFO main 785808] Confirming: 2/9
[12 INFO main 787828] Confirming: 4/9
[12 INFO main 789826] Confirming: 5/9
[12 INFO main 792043] Confirming: 6/9
[12 INFO main 794102] Confirming: 7/9
[12 INFO main 796135] Confirming: 8/9
[12 INFO main 798103] Confirming: 9/9
[12 INFO main 798230] Scout.Query -> Verify.DriveTo | Go to unverified source
[12 INFO main 888829] Verify.DriveTo -> Verify.Homing | Homing
[12 INFO main 901675] Confirming: 1/9
[12 INFO main 903819] Confirming: 2/9
[12 INFO main 905954] Confirming: 3/9
[12 INFO main 907992] Confirming: 4/9
[12 INFO main 910054] Confirming: 5/9
[12 INFO main 912165] Confirming: 6/9
[12 INFO main 914298] Confirming: 7/9
[12 INFO main 916372] Confirming: 8/9
[12 INFO main 918456] Confirming: 9/9
[12 INFO main 918809] Verify.Homing -> Scout.Query | Arrived home
[12 INFO main 918868] Scout.Query -> Verify.DriveTo | Go to unverified source
[12 INFO main 955235] Verify.DriveTo -> Verify.Homing | Homing
[12 INFO main 963501] Confirming: 1/9
[12 INFO main 965546] Confirming: 2/9
[12 INFO main 966239] Verify.Homing -> Scout.Query | Arrived home
[12 INFO main 967547] Confirming: 3/9
[12 INFO main 969693] Confirming: 4/9
[12 INFO main 971757] Confirming: 5/9
[12 INFO main 973869] Confirming: 6/9
[12 INFO main 975884] Confirming: 7/9
[12 INFO main 977919] Confirming: 9/9
[12 INFO main 978785] Scout.Query -> Verify.DriveTo | Go to unverified source
[12 INFO main 1051459] Verify.DriveTo -> Verify.Homing | Homing
[12 INFO main 1082328] Confirming: 1/9
[12 INFO main 1084322] Confirming: 2/9
[12 INFO main 1086465] Confirming: 3/9
[12 INFO main 1088490] Confirming: 4/9
[12 INFO main 1090511] Confirming: 5/9
[12 INFO main 1092525] Confirming: 6/9
[12 INFO main 1094537] Confirming: 7/9
[12 INFO main 1094846] Verify.Homing -> Scout.Query | Arrived home
[12 INFO main 1096617] Confirming: 8/9
[12 INFO main 1098643] Confirming: 9/9
[12 INFO main 1114362] Scout.Query -> Verify.DriveTo | Go to unverified source
[12 INFO main 1331215] Verify.DriveTo -> Verify.Homing | Homing
[12 INFO main 1347848] Confirming: 1/9
[12 INFO main 1350025] Confirming: 2/9
[12 INFO main 1350263] Verify.Homing -> Scout.Query | Arrived home
[12 INFO main 1352056] Confirming: 3/9
[12 INFO main 1354128] Confirming: 4/9
[12 INFO main 1356444] Confirming: 5/9
[12 INFO main 1358527] Confirming: 6/9
[12 INFO main 1360544] Confirming: 7/9
[12 INFO main 1362595] Confirming: 8/9
[12 INFO main 1364621] Confirming: 9/9
[12 INFO main 1364803] Scout.Query -> Verify.DriveTo | Go to unverified source
[12 INFO main 1417751] Verify.DriveTo -> Verify.Homing | Homing
[12 INFO main 1434977] Verify.Homing -> Scout.Query | Arrived home
[12 INFO main 1444585] Confirming: 2/9
[12 INFO main 1448699] Confirming: 4/9
[12 INFO main 1450688] Confirming: 5/9
[12 INFO main 1452906] Confirming: 6/9
[12 INFO main 1454933] Confirming: 7/9
[12 INFO main 1457012] Confirming: 8/9
[12 INFO main 1459134] Confirming: 9/9
[12 INFO main 1459670] Scout.Query -> Verify.DriveTo | Go to unverified source
[12 INFO main 1529724] Verify.DriveTo -> Verify.Homing | Homing
[12 INFO main 1562287] Verify.Homing -> Scout.Query | Arrived home
[12 INFO main 1562697] Confirming: 1/9
[12 INFO main 1564773] Confirming: 2/9
[12 INFO main 1566935] Confirming: 3/9
[12 INFO main 1568957] Confirming: 4/9
[12 INFO main 1570981] Confirming: 5/9
[12 INFO main 1573065] Confirming: 6/9
[12 INFO main 1575112] Confirming: 7/9
[12 INFO main 1577147] Confirming: 8/9
[12 INFO main 1579208] Confirming: 9/9
[12 INFO main 1580233] Scout.Query -> Verify.DriveTo | Go to unverified source
[12 INFO main 1670652] Verify.DriveTo -> Verify.Homing | Homing
[12 INFO main 1683686] Confirming: 1/9
[12 INFO main 1685882] Confirming: 2/9
[12 INFO main 1687936] Confirming: 3/9
[12 INFO main 1689975] Confirming: 4/9
[12 INFO main 1692058] Confirming: 5/9
[12 INFO main 1694225] Confirming: 6/9
[12 INFO main 1696263] Confirming: 7/9
[12 INFO main 1698315] Confirming: 8/9
[12 INFO main 1699359] Verify.Homing -> Scout.Query | Arrived home
[12 INFO main 1700369] Confirming: 9/9
[12 INFO main 1700715] Scout.Query -> Verify.DriveTo | Go to unverified source
[12 INFO main 1741126] Verify.DriveTo -> Verify.Homing | Homing
[12 INFO main 1756972] Verify.Homing -> Scout.Query | Arrived home
[12 INFO main 1761811] Confirming: 3/9
[12 INFO main 1763902] Confirming: 4/9
[12 INFO main 1765904] Confirming: 5/9
[12 INFO main 1768037] Confirming: 6/9
[12 INFO main 1770183] Confirming: 7/9
[12 INFO main 1772203] Confirming: 8/9
[12 INFO main 1774263] Confirming: 9/9
[12 INFO main 1774291] Scout.Query -> Verify.DriveTo | Go to unverified source
