[2 INFO main 28] Initialising Python Geth Console...
[2 INFO main 32] Initialising RandB board...
[2 INFO main 33] Initialising navigation...
[2 INFO main 33] Initialising random-walk...
[2 INFO main 33] Initialising odometry...
[2 INFO main 33] Initialising ground-sensors...
[2 INFO main 1088] --//-- Starting Experiment --//--
[2 INFO main 2192] Idle.IDLE -> Scout.Query | Duration: 23.75
[2 INFO main 26359] Scout.Query -> Scout.GotoCenter | Drive to others reported pos
[2 INFO main 70197] Scout.GotoCenter -> Scout.Query | return to random walk
[2 INFO main 111273] Scout.Query -> Scout.GotoCenter | Drive to others reported pos
[2 INFO main 151419] Scout.GotoCenter -> Scout.Query | return to random walk
[2 INFO main 176774] Scout.Query -> Scout.GotoCenter | Drive to others reported pos
[2 INFO main 210170] Scout.GotoCenter -> Scout.Query | return to random walk
[2 INFO main 271421] Scout.Query -> Scout.GotoCenter | Drive to others reported pos
[2 INFO main 295610] Scout.GotoCenter -> Scout.Query | return to random walk
[2 INFO main 326357] Scout.Query -> Scout.GotoCenter | Drive to others reported pos
[2 INFO main 366415] Scout.GotoCenter -> Scout.Query | return to random walk
[2 INFO main 412127] Scout.Query -> Scout.GotoCenter | Drive to others reported pos
[2 INFO main 434737] Scout.GotoCenter -> Scout.Query | return to random walk
[2 INFO main 640919] Scout.Query -> Scout.GotoCenter | Drive to others reported pos
[2 INFO main 675958] Scout.GotoCenter -> Scout.Query | return to random walk
[2 INFO main 706645] Scout.Query -> Scout.GotoCenter | Drive to others reported pos
[2 INFO main 725623] Scout.GotoCenter -> Scout.Query | return to random walk
[2 INFO main 761358] Scout.Query -> Scout.GotoCenter | Drive to others reported pos
[2 INFO main 795633] Scout.GotoCenter -> Scout.Query | return to random walk
