[5 INFO main 28] Initialising Python Geth Console...
[5 INFO main 32] Initialising RandB board...
[5 INFO main 33] Initialising navigation...
[5 INFO main 33] Initialising random-walk...
[5 INFO main 33] Initialising odometry...
[5 INFO main 33] Initialising ground-sensors...
[5 INFO main 854] --//-- Starting Experiment --//--
[5 INFO main 1954] Idle.IDLE -> Scout.Query | Duration: 19.79
[5 INFO main 61593] Scout.Query -> Scout.GotoCenter | Drive to others reported pos
[5 INFO main 64372] Scout.GotoCenter -> Scout.Query | return to random walk
[5 INFO main 92113] Scout.Query -> Scout.GotoCenter | Drive to others reported pos
[5 INFO main 129164] Scout.GotoCenter -> Scout.Query | return to random walk
[5 INFO main 189977] Scout.Query -> Scout.GotoCenter | Drive to others reported pos
[5 INFO main 234675] Scout.GotoCenter -> Scout.Query | return to random walk
[5 INFO main 260176] Scout.Query -> Scout.GotoCenter | Drive to others reported pos
[5 INFO main 881914] Scout.GotoCenter -> Scout.Query | return to random walk
[5 INFO main 927551] Scout.Query -> Scout.GotoCenter | Drive to others reported pos
[5 INFO main 958844] Scout.GotoCenter -> Scout.Query | return to random walk
[5 INFO main 1363199] Scout.Query -> Scout.GotoCenter | Drive to others reported pos
[5 INFO main 1402123] Scout.GotoCenter -> Scout.Query | return to random walk
[5 INFO main 1458272] Scout.Query -> Scout.GotoCenter | Drive to others reported pos
[5 INFO main 1495309] Scout.GotoCenter -> Scout.Query | return to random walk
[5 INFO main 1535885] Scout.Query -> Scout.GotoCenter | Drive to others reported pos
