[14 INFO main 26] Initialising Python Geth Console...
[14 INFO main 31] Initialising RandB board...
[14 INFO main 32] Initialising navigation...
[14 INFO main 32] Initialising random-walk...
[14 INFO main 32] Initialising odometry...
[14 INFO main 32] Initialising ground-sensors...
[14 INFO main 103] --//-- Starting Experiment --//--
[14 INFO main 1579] Idle.IDLE -> Scout.Query | Duration: 27.70
[14 INFO main 30557] Scout.Query -> Verify.DriveTo | Go to unverified source
[14 INFO main 70980] Verify.DriveTo -> Verify.Homing | Homing
[14 INFO main 96369] Confirming: 1/9
[14 INFO main 98491] Confirming: 2/9
[14 INFO main 100559] Confirming: 3/9
[14 INFO main 102571] Confirming: 4/9
[14 INFO main 102572] Verify.Homing -> Scout.Query | Arrived home
[14 INFO main 104615] Confirming: 5/9
[14 INFO main 106674] Confirming: 6/9
[14 INFO main 108851] Confirming: 7/9
[14 INFO main 110886] Confirming: 8/9
[14 INFO main 113626] Confirming: 9/9
[14 INFO main 113701] Scout.Query -> Verify.DriveTo | Go to unverified source
[14 INFO main 298040] Verify.DriveTo -> Verify.Homing | Homing
[14 INFO main 306523] Confirming: 1/9
[14 INFO main 309081] Confirming: 2/9
[14 INFO main 311203] Confirming: 3/9
[14 INFO main 313312] Confirming: 4/9
[14 INFO main 315554] Confirming: 5/9
[14 INFO main 317571] Confirming: 6/9
[14 INFO main 319649] Confirming: 7/9
[14 INFO main 319855] Verify.Homing -> Scout.Query | Arrived home
[14 INFO main 321708] Confirming: 9/9
[14 INFO main 322507] Scout.Query -> Verify.DriveTo | Go to unverified source
[14 INFO main 472634] Verify.DriveTo -> Verify.Homing | Homing
[14 INFO main 487559] Confirming: 1/9
[14 INFO main 489735] Confirming: 2/9
[14 INFO main 491801] Confirming: 4/9
[14 INFO main 492773] Verify.Homing -> Scout.Query | Arrived home
[14 INFO main 495904] Confirming: 5/9
[14 INFO main 497966] Confirming: 7/9
[14 INFO main 499979] Confirming: 8/9
[14 INFO main 501980] Confirming: 9/9
[14 INFO main 502352] Scout.Query -> Verify.DriveTo | Go to unverified source
[14 INFO main 533337] Verify.DriveTo -> Verify.Homing | Homing
[14 INFO main 546008] Confirming: 1/9
[14 INFO main 548035] Confirming: 2/9
[14 INFO main 550137] Confirming: 3/9
[14 INFO main 552156] Confirming: 4/9
[14 INFO main 554220] Confirming: 5/9
[14 INFO main 556262] Confirming: 6/9
[14 INFO main 558273] Confirming: 7/9
[14 INFO main 560339] Confirming: 8/9
[14 INFO main 562389] Confirming: 9/9
[14 INFO main 578497] Verify.Homing -> Scout.Query | Arrived home
[14 INFO main 578549] Scout.Query -> Verify.DriveTo | Go to unverified source
[14 INFO main 610684] Verify.DriveTo -> Verify.Homing | Homing
[14 INFO main 632632] Verify.Homing -> Scout.Query | Arrived home
[14 INFO main 637483] Confirming: 1/9
[14 INFO main 639559] Confirming: 2/9
[14 INFO main 641608] Confirming: 3/9
[14 INFO main 643633] Confirming: 4/9
[14 INFO main 645801] Confirming: 6/9
[14 INFO main 649843] Confirming: 8/9
[14 INFO main 651851] Confirming: 9/9
[14 INFO main 651883] Scout.Query -> Verify.DriveTo | Go to unverified source
[14 INFO main 671385] Verify.DriveTo -> Verify.Homing | Homing
[14 INFO main 686719] Verify.Homing -> Scout.Query | Arrived home
[14 INFO main 696635] Confirming: 1/9
[14 INFO main 698722] Confirming: 2/9
[14 INFO main 700805] Confirming: 3/9
[14 INFO main 702855] Confirming: 4/9
[14 INFO main 704927] Confirming: 5/9
[14 INFO main 706999] Confirming: 6/9
[14 INFO main 709105] Confirming: 7/9
[14 INFO main 711171] Confirming: 8/9
[14 INFO main 713266] Confirming: 9/9
[14 INFO main 713298] Scout.Query -> Verify.DriveTo | Go to unverified source
[14 INFO main 778984] Verify.DriveTo -> Verify.Homing | Homing
[14 INFO main 787303] Confirming: 1/9
[14 INFO main 789303] Confirming: 2/9
[14 INFO main 791382] Confirming: 3/9
[14 INFO main 793611] Confirming: 4/9
[14 INFO main 795669] Confirming: 6/9
[14 INFO main 800028] Confirming: 8/9
[14 INFO main 802111] Confirming: 9/9
[14 INFO main 807826] Verify.Homing -> Scout.Query | Arrived home
[14 INFO main 807884] Scout.Query -> Verify.DriveTo | Go to unverified source
[14 INFO main 892520] Verify.DriveTo -> Verify.Homing | Homing
[14 INFO main 907067] Confirming: 1/9
[14 INFO main 909091] Confirming: 2/9
[14 INFO main 911152] Confirming: 3/9
[14 INFO main 913241] Confirming: 4/9
[14 INFO main 915303] Confirming: 5/9
[14 INFO main 917339] Confirming: 6/9
[14 INFO main 919422] Confirming: 7/9
[14 INFO main 921450] Confirming: 8/9
[14 INFO main 923475] Confirming: 9/9
[14 INFO main 943764] Verify.Homing -> Scout.Query | Arrived home
[14 INFO main 943816] Scout.Query -> Verify.DriveTo | Go to unverified source
[14 INFO main 1007830] Verify.DriveTo -> Verify.Homing | Homing
[14 INFO main 1014312] Confirming: 1/9
[14 INFO main 1016604] Confirming: 2/9
[14 INFO main 1018679] Confirming: 3/9
[14 INFO main 1020718] Confirming: 4/9
[14 INFO main 1022867] Confirming: 5/9
[14 INFO main 1024955] Confirming: 6/9
[14 INFO main 1027029] Confirming: 7/9
[14 INFO main 1029043] Confirming: 8/9
[14 INFO main 1031132] Confirming: 9/9
[14 INFO main 1041740] Verify.Homing -> Scout.Query | Arrived home
[14 INFO main 1042158] Scout.Query -> Verify.DriveTo | Go to unverified source
[14 INFO main 1128522] Verify.DriveTo -> Verify.Homing | Homing
[14 INFO main 1147436] Confirming: 1/9
[14 INFO main 1149541] Confirming: 2/9
[14 INFO main 1151585] Confirming: 3/9
[14 INFO main 1153643] Confirming: 4/9
[14 INFO main 1155699] Confirming: 6/9
[14 INFO main 1157763] Confirming: 7/9
[14 INFO main 1158255] Verify.Homing -> Scout.Query | Arrived home
[14 INFO main 1159940] Confirming: 8/9
[14 INFO main 1161945] Confirming: 9/9
[14 INFO main 1162648] Scout.Query -> Verify.DriveTo | Go to unverified source
[14 INFO main 1184053] Verify.DriveTo -> Verify.Homing | Homing
[14 INFO main 1195887] Verify.Homing -> Scout.Query | Arrived home
[14 INFO main 1207142] Confirming: 1/9
[14 INFO main 1209233] Confirming: 2/9
[14 INFO main 1211309] Confirming: 3/9
[14 INFO main 1213422] Confirming: 4/9
[14 INFO main 1215474] Confirming: 5/9
[14 INFO main 1217511] Confirming: 6/9
[14 INFO main 1219606] Confirming: 7/9
[14 INFO main 1221734] Confirming: 9/9
[14 INFO main 1222267] Scout.Query -> Verify.DriveTo | Go to unverified source
[14 INFO main 1300563] Verify.DriveTo -> Verify.Homing | Homing
[14 INFO main 1315401] Confirming: 1/9
[14 INFO main 1316211] Verify.Homing -> Scout.Query | Arrived home
[14 INFO main 1317535] Confirming: 2/9
[14 INFO main 1319531] Confirming: 3/9
[14 INFO main 1321604] Confirming: 4/9
[14 INFO main 1323619] Confirming: 5/9
[14 INFO main 1325789] Confirming: 6/9
[14 INFO main 1330084] Confirming: 8/9
[14 INFO main 1332123] Confirming: 9/9
[14 INFO main 1333061] Scout.Query -> Verify.DriveTo | Go to unverified source
[14 INFO main 1453703] Verify.DriveTo -> Verify.Homing | Homing
[14 INFO main 1468179] Confirming: 1/9
[14 INFO main 1470237] Confirming: 2/9
[14 INFO main 1472266] Confirming: 3/9
[14 INFO main 1474375] Confirming: 4/9
[14 INFO main 1476460] Confirming: 5/9
[14 INFO main 1478505] Confirming: 6/9
[14 INFO main 1480517] Confirming: 7/9
[14 INFO main 1482622] Confirming: 8/9
[14 INFO main 1484816] Confirming: 9/9
[14 INFO main 1492601] Verify.Homing -> Scout.Query | Arrived home
[14 INFO main 1492735] Scout.Query -> Verify.DriveTo | Go to unverified source
[14 INFO main 1522452] Verify.DriveTo -> Verify.Homing | Homing
[14 INFO main 1537191] Confirming: 1/9
[14 INFO main 1539237] Confirming: 2/9
[14 INFO main 1541317] Confirming: 3/9
[14 INFO main 1543166] Verify.Homing -> Scout.Query | Arrived home
[14 INFO main 1543352] Confirming: 4/9
[14 INFO main 1545363] Confirming: 5/9
[14 INFO main 1547440] Confirming: 6/9
[14 INFO main 1549531] Confirming: 7/9
[14 INFO main 1551611] Confirming: 8/9
[14 INFO main 1553651] Confirming: 9/9
[14 INFO main 1554301] Scout.Query -> Verify.DriveTo | Go to unverified source
[14 INFO main 1593585] Verify.DriveTo -> Verify.Homing | Homing
[14 INFO main 1614643] Confirming: 1/9
[14 INFO main 1616712] Confirming: 2/9
[14 INFO main 1618863] Confirming: 3/9
[14 INFO main 1620882] Confirming: 4/9
[14 INFO main 1622967] Confirming: 5/9
[14 INFO main 1624988] Confirming: 6/9
[14 INFO main 1627011] Confirming: 7/9
[14 INFO main 1627011] Verify.Homing -> Scout.Query | Arrived home
[14 INFO main 1629154] Confirming: 8/9
[14 INFO main 1631267] Confirming: 9/9
[14 INFO main 1631886] Scout.Query -> Verify.DriveTo | Go to unverified source
[14 INFO main 1726991] Verify.DriveTo -> Verify.Homing | Homing
[14 INFO main 1747795] Confirming: 1/9
[14 INFO main 1749824] Confirming: 2/9
[14 INFO main 1751901] Confirming: 4/9
[14 INFO main 1752033] Verify.Homing -> Scout.Query | Arrived home
[14 INFO main 1753919] Confirming: 5/9
[14 INFO main 1756009] Confirming: 6/9
[14 INFO main 1758065] Confirming: 7/9
[14 INFO main 1762121] Confirming: 8/9
[14 INFO main 1764214] Confirming: 10/9
[14 INFO main 1764255] Scout.Query -> Verify.DriveTo | Go to unverified source
[14 INFO main 1799906] Verify.DriveTo -> Verify.Homing | Homing
