[13 INFO main 29] Initialising Python Geth Console...
[13 INFO main 33] Initialising RandB board...
[13 INFO main 33] Initialising navigation...
[13 INFO main 33] Initialising random-walk...
[13 INFO main 33] Initialising odometry...
[13 INFO main 33] Initialising ground-sensors...
[13 INFO main 389] --//-- Starting Experiment --//--
[13 INFO main 1495] Idle.IDLE -> Scout.Query | Duration: 21.79
[13 INFO main 60271] Scout.Query -> Scout.GotoCenter | Drive to others reported pos
[13 INFO main 74091] Scout.GotoCenter -> Scout.Query | return to random walk
[13 INFO main 74790] Scout.Query -> Scout.GotoCenter | Drive to others reported pos
[13 INFO main 76083] Scout.GotoCenter -> Scout.Query | return to random walk
[13 INFO main 76793] Scout.Query -> Scout.GotoCenter | Drive to others reported pos
[13 INFO main 77493] Scout.GotoCenter -> Scout.Query | return to random walk
[13 INFO main 77889] Scout.Query -> Scout.GotoCenter | Drive to others reported pos
[13 INFO main 80200] Scout.GotoCenter -> Scout.Query | return to random walk
[13 INFO main 80897] Scout.Query -> Scout.GotoCenter | Drive to others reported pos
[13 INFO main 82296] Scout.GotoCenter -> Scout.Query | return to random walk
[13 INFO main 82900] Scout.Query -> Scout.GotoCenter | Drive to others reported pos
[13 INFO main 83990] Scout.GotoCenter -> Scout.Query | return to random walk
[13 INFO main 84903] Scout.Query -> Scout.GotoCenter | Drive to others reported pos
[13 INFO main 88104] Scout.GotoCenter -> Scout.Query | return to random walk
[13 INFO main 89111] Scout.Query -> Scout.GotoCenter | Drive to others reported pos
[13 INFO main 90307] Scout.GotoCenter -> Scout.Query | return to random walk
[13 INFO main 91114] Scout.Query -> Scout.GotoCenter | Drive to others reported pos
[13 INFO main 91809] Scout.GotoCenter -> Scout.Query | return to random walk
[13 INFO main 92118] Scout.Query -> Scout.GotoCenter | Drive to others reported pos
[13 INFO main 92310] Scout.GotoCenter -> Scout.Query | return to random walk
