[8 INFO main 28] Initialising Python Geth Console...
[8 INFO main 32] Initialising RandB board...
[8 INFO main 32] Initialising navigation...
[8 INFO main 32] Initialising random-walk...
[8 INFO main 32] Initialising odometry...
[8 INFO main 32] Initialising ground-sensors...
[8 INFO main 965] --//-- Starting Experiment --//--
[8 INFO main 2070] Idle.IDLE -> Scout.Query | Duration: 20.66
[8 INFO main 31404] Scout.Query -> Scout.GotoCenter | Drive to others reported pos
[8 INFO main 78456] Scout.GotoCenter -> Scout.Query | return to random walk
[8 INFO main 119260] Scout.Query -> Scout.GotoCenter | Drive to others reported pos
[8 INFO main 155354] Scout.GotoCenter -> Scout.Query | return to random walk
[8 INFO main 200882] Scout.Query -> Scout.GotoCenter | Drive to others reported pos
[8 INFO main 230488] Scout.GotoCenter -> Scout.Query | return to random walk
[8 INFO main 281273] Scout.Query -> Scout.GotoCenter | Drive to others reported pos
[8 INFO main 336352] Scout.GotoCenter -> Scout.Query | return to random walk
[8 INFO main 371713] Scout.Query -> Scout.GotoCenter | Drive to others reported pos
[8 INFO main 423021] Scout.GotoCenter -> Scout.Query | return to random walk
[8 INFO main 458655] Scout.Query -> Scout.GotoCenter | Drive to others reported pos
[8 INFO main 493744] Scout.GotoCenter -> Scout.Query | return to random walk
[8 INFO main 559833] Scout.Query -> Scout.GotoCenter | Drive to others reported pos
[8 INFO main 586543] Scout.GotoCenter -> Scout.Query | return to random walk
[8 INFO main 617470] Scout.Query -> Scout.GotoCenter | Drive to others reported pos
[8 INFO main 663530] Scout.GotoCenter -> Scout.Query | return to random walk
[8 INFO main 699003] Scout.Query -> Scout.GotoCenter | Drive to others reported pos
[8 INFO main 738655] Scout.GotoCenter -> Scout.Query | return to random walk
