[6 INFO main 27] Initialising Python Geth Console...
[6 INFO main 31] Initialising RandB board...
[6 INFO main 31] Initialising navigation...
[6 INFO main 31] Initialising random-walk...
[6 INFO main 31] Initialising odometry...
[6 INFO main 31] Initialising ground-sensors...
[6 INFO main 774] --//-- Starting Experiment --//--
[6 INFO main 1876] Idle.IDLE -> Scout.Query | Duration: 18.68
[6 INFO main 41362] Scout.Query -> Scout.GotoCenter | Drive to others reported pos
[6 INFO main 73455] Scout.GotoCenter -> Scout.Query | return to random walk
[6 INFO main 94070] Scout.Query -> Scout.GotoCenter | Drive to others reported pos
[6 INFO main 141372] Scout.GotoCenter -> Scout.Query | return to random walk
[6 INFO main 186725] Scout.Query -> Scout.GotoCenter | Drive to others reported pos
[6 INFO main 195921] Scout.GotoCenter -> Scout.Query | return to random walk
[6 INFO main 251848] Scout.Query -> Scout.GotoCenter | Drive to others reported pos
[6 INFO main 262186] Scout.GotoCenter -> Scout.Query | return to random walk
[6 INFO main 333395] Scout.Query -> Scout.GotoCenter | Drive to others reported pos
[6 INFO main 362675] Scout.GotoCenter -> Scout.Query | return to random walk
[6 INFO main 404458] Scout.Query -> Scout.GotoCenter | Drive to others reported pos
[6 INFO main 436283] Scout.GotoCenter -> Scout.Query | return to random walk
[6 INFO main 492713] Scout.Query -> Scout.GotoCenter | Drive to others reported pos
[6 INFO main 508145] Scout.GotoCenter -> Scout.Query | return to random walk
[6 INFO main 549198] Scout.Query -> Scout.GotoCenter | Drive to others reported pos
[6 INFO main 621541] Scout.GotoCenter -> Scout.Query | return to random walk
[6 INFO main 667040] Scout.Query -> Scout.GotoCenter | Drive to others reported pos
[6 INFO main 679597] Scout.GotoCenter -> Scout.Query | return to random walk
[6 INFO main 730645] Scout.Query -> Scout.GotoCenter | Drive to others reported pos
[6 INFO main 770773] Scout.GotoCenter -> Scout.Query | return to random walk
[6 INFO main 806275] Scout.Query -> Scout.GotoCenter | Drive to others reported pos
[6 INFO main 849745] Scout.GotoCenter -> Scout.Query | return to random walk
