[INFO main 27] Initialising peer buffer...
[INFO main 27] Initialising resource buffer...
[INFO main 27] Initialising TCP server...
[INFO main 27] Initialising RandB board...
[INFO main 27] Initialising ground-sensors...
[INFO main 27] Initialising random-walk...
[INFO main 1021] --//-- Starting Experiment --//--
[INFO main 15635] Added resource: {"x": 0.9, "y": -0.38, "radius": 0.05, "quantity": 1, "quality": "yellow", "timeStamp": 0}
[INFO main 15635] Removed resource: {"x": 0.9, "y": -0.38, "radius": 0.05, "quantity": 1, "quality": "yellow", "timeStamp": 0}
[INFO main 60183] Added resource: {"x": 0.13, "y": 0.92, "radius": 0.05, "quantity": 1, "quality": "green", "timeStamp": 0}
[INFO main 69093] Added resource: {"x": 0.1, "y": 0.52, "radius": 0.05, "quantity": 1, "quality": "yellow", "timeStamp": 0}
[INFO main 83016] Removed resource: {"x": 0.1, "y": 0.52, "radius": 0.05, "quantity": 1, "quality": "yellow", "timeStamp": 0}
[INFO main 133264] Added resource: {"x": 0.02, "y": 0.68, "radius": 0.05, "quantity": 1, "quality": "yellow", "timeStamp": 0}
[INFO main 157792] Removed resource: {"x": 0.02, "y": 0.68, "radius": 0.05, "quantity": 1, "quality": "yellow", "timeStamp": 0}
[INFO main 172007] Added resource: {"x": -0.62, "y": 1.0, "radius": 0.06, "quantity": 1, "quality": "green", "timeStamp": 0}
[INFO main 174609] Added resource: {"x": -0.57, "y": 0.88, "radius": 0.04, "quantity": 1, "quality": "blue", "timeStamp": 0}
[INFO main 228470] Removed resource: {"x": -0.57, "y": 0.88, "radius": 0.04, "quantity": 1, "quality": "blue", "timeStamp": 0}
[INFO main 278023] Removed resource: {"x": 0.13, "y": 0.92, "radius": 0.05, "quantity": 1, "quality": "green", "timeStamp": 0}
[INFO main 325373] Added resource: {"x": 0.93, "y": -0.36, "radius": 0.05, "quantity": 1, "quality": "blue", "timeStamp": 0}
[INFO main 356406] Added resource: {"x": -0.05, "y": 0.47, "radius": 0.05, "quantity": 1, "quality": "green", "timeStamp": 0}
[INFO main 397551] Added resource: {"x": 0.39, "y": -0.98, "radius": 0.05, "quantity": 1, "quality": "green", "timeStamp": 0}
[INFO main 400656] Added resource: {"x": 0.37, "y": -0.86, "radius": 0.05, "quantity": 1, "quality": "green", "timeStamp": 0}
[INFO main 432789] Removed resource: {"x": 0.93, "y": -0.36, "radius": 0.05, "quantity": 1, "quality": "blue", "timeStamp": 0}
[INFO main 459017] Added resource: {"x": 0.31, "y": -0.17, "radius": 0.05, "quantity": 1, "quality": "red", "timeStamp": 0}
[INFO main 521483] Removed resource: {"x": -0.05, "y": 0.47, "radius": 0.05, "quantity": 1, "quality": "green", "timeStamp": 0}
[INFO main 524588] Added resource: {"x": -0.1, "y": 0.61, "radius": 0.05, "quantity": 1, "quality": "yellow", "timeStamp": 0}
[INFO main 570635] Removed resource: {"x": -0.1, "y": 0.61, "radius": 0.05, "quantity": 1, "quality": "yellow", "timeStamp": 0}
