[INFO main 26] Initialising Python Geth Console...
[INFO main 34] Initialising peer buffer...
[INFO main 34] Initialising TCP server...
[INFO main 34] Initialising RandB board...
[INFO main 34] Initialising ground-sensors...
[INFO main 34] Initialising random-walk...
[INFO main 233] Starting Experiment
[DEBUG events 9179] 0x0000000000000000000000000000000000000000
[DEBUG events 9181] Registered on-chain
[WARNING events 11174] execution reverted: Robot must register first

========= Remote Traceback (1) =========
Traceback (most recent call last):
  File "/usr/lib/python3.8/site-packages/rpyc/core/protocol.py", line 324, in _dispatch_request
    res = self._HANDLERS[handler](self, *args)
  File "/usr/lib/python3.8/site-packages/rpyc/core/protocol.py", line 592, in _handle_call
    return obj(*args, **dict(kwargs))
  File "/root/python_scripts/web3wrapper_docker.py", line 157, in exposed_call
    return self.w3if.call(function)
  File "/root/python_scripts/web3wrapper_docker.py", line 92, in call
    return getattr(self.sc.functions, func)().call()
  File "/usr/lib/python3.8/site-packages/web3/contract.py", line 957, in call
    return call_contract_function(
  File "/usr/lib/python3.8/site-packages/web3/contract.py", line 1501, in call_contract_function
    return_data = web3.eth.call(
  File "/usr/lib/python3.8/site-packages/web3/module.py", line 57, in caller
    result = w3.manager.request_blocking(method_str,
  File "/usr/lib/python3.8/site-packages/web3/manager.py", line 187, in request_blocking
    return self.formatted_response(response,
  File "/usr/lib/python3.8/site-packages/web3/manager.py", line 167, in formatted_response
    apply_error_formatters(error_formatters, response)
  File "/usr/lib/python3.8/site-packages/web3/manager.py", line 67, in apply_error_formatters
    formatted_resp = pipe(response, error_formatters)
  File "cytoolz/functoolz.pyx", line 667, in cytoolz.functoolz.pipe
  File "cytoolz/functoolz.pyx", line 642, in cytoolz.functoolz.c_pipe
  File "/usr/lib/python3.8/site-packages/web3/_utils/method_formatters.py", line 566, in raise_solidity_error_on_revert
    raise ContractLogicError(response['error']['message'])
web3.exceptions.ContractLogicError: execution reverted: Robot must register first

[INFO main 20189] Added peer: 4, enode: enode://9245801ba45f8ebabfcfcc64dc47e339b72edb7087676b5c723aadc1b2b7089f8311b25efc67830ac9fc139d5e1dfef9083312b4e39a1dc30b1f568f029522a7@10.0.1.6:30303?discport=0
[INFO main 39214] Removed peer: 4
[INFO main 100198] Added peer: 3, enode: enode://5109a98b8bbdbb5d038938f75d335d03e5ebf3cdc27f88b2d3cd6d52844035b1b2cb9aafd26cc1e1d27a401a97b10d6711e3a7b164bb512c6d8926d2ee6b6196@10.0.1.5:30303?discport=0
[INFO main 102194] Removed peer: 3
[INFO main 104233] Added peer: 5, enode: enode://d736228e04b1fca2f465a7142bca53c973fcac365e6ec4c58272cf408a6ba9d7b0ab6f3bfa0ed33ba60d22773dae0232e299ddf22880fd83ece2221628c733d0@10.0.1.7:30303?discport=0
[INFO main 112190] Removed peer: 5
[DEBUG events 117189] 0xc72B1b70e69D270544369132d53529e37Be87742
[DEBUG events 117200] Registered on-chain
[DEBUG events 125234] Asked for UBI: 60
[INFO main 128213] Added peer: 4, enode: enode://9245801ba45f8ebabfcfcc64dc47e339b72edb7087676b5c723aadc1b2b7089f8311b25efc67830ac9fc139d5e1dfef9083312b4e39a1dc30b1f568f029522a7@10.0.1.6:30303?discport=0
[DEBUG events 132219] 0xc72B1b70e69D270544369132d53529e37Be87742
[DEBUG events 132229] Registered on-chain
[INFO main 133187] Removed peer: 4
[DEBUG events 139203] Asked for UBI: 60
[INFO main 142204] Added peer: 1, enode: enode://970bc300855cc4835b4a609c9d694349a2bf3e0555082afd3b246767a2b6d424cd4a0cea744d0313ccfc8e7cd327586741371285178bf215c8b0f55eacca63b9@10.0.1.3:30303?discport=0
[DEBUG events 145201] 0xc72B1b70e69D270544369132d53529e37Be87742
[DEBUG events 145201] Registered on-chain
[INFO main 148238] Added peer: 2, enode: enode://f1689f97c4bdffba85d9124b6fd72e12168f02c5c7f6502c9cde639e399cf7760ee6472ab8673a3d9d8d8db0c327523181943f1706cc311c5ba01d7451b019bc@10.0.1.4:30303?discport=0
[INFO main 149190] Removed peer: 1
[INFO main 152215] Added peer: 1, enode: enode://970bc300855cc4835b4a609c9d694349a2bf3e0555082afd3b246767a2b6d424cd4a0cea744d0313ccfc8e7cd327586741371285178bf215c8b0f55eacca63b9@10.0.1.3:30303?discport=0
[DEBUG events 153194] Asked for UBI: 60
[INFO main 155200] Removed peer: 2
[INFO main 157212] Removed peer: 1
[DEBUG events 160201] 0xc72B1b70e69D270544369132d53529e37Be87742
[DEBUG events 160201] Registered on-chain
[DEBUG events 167194] Asked for UBI: 60
[INFO main 246223] Added peer: 1, enode: enode://970bc300855cc4835b4a609c9d694349a2bf3e0555082afd3b246767a2b6d424cd4a0cea744d0313ccfc8e7cd327586741371285178bf215c8b0f55eacca63b9@10.0.1.3:30303?discport=0
[INFO main 250205] Removed peer: 1
[DEBUG events 251263] 0xc72B1b70e69D270544369132d53529e37Be87742
[DEBUG events 251263] Registered on-chain
[DEBUG events 261221] Asked for UBI: 80
[INFO main 281209] Added peer: 2, enode: enode://f1689f97c4bdffba85d9124b6fd72e12168f02c5c7f6502c9cde639e399cf7760ee6472ab8673a3d9d8d8db0c327523181943f1706cc311c5ba01d7451b019bc@10.0.1.4:30303?discport=0
[INFO main 285204] Removed peer: 2
[DEBUG events 291217] 0xc72B1b70e69D270544369132d53529e37Be87742
[DEBUG events 291218] Registered on-chain
[DEBUG events 297214] Asked for UBI: 80
[INFO main 310248] Added peer: 4, enode: enode://9245801ba45f8ebabfcfcc64dc47e339b72edb7087676b5c723aadc1b2b7089f8311b25efc67830ac9fc139d5e1dfef9083312b4e39a1dc30b1f568f029522a7@10.0.1.6:30303?discport=0
[INFO main 313221] Removed peer: 4
[DEBUG events 321266] 0xc72B1b70e69D270544369132d53529e37Be87742
[DEBUG events 321266] Registered on-chain
[DEBUG voting 331215] Voted successfully: 0.26 (1/1)
[DEBUG events 339231] 0xc72B1b70e69D270544369132d53529e37Be87742
[DEBUG events 339232] Registered on-chain
[DEBUG voting 347211] Voted successfully: 0.26 (1/1)
[INFO main 349220] Added peer: 3, enode: enode://5109a98b8bbdbb5d038938f75d335d03e5ebf3cdc27f88b2d3cd6d52844035b1b2cb9aafd26cc1e1d27a401a97b10d6711e3a7b164bb512c6d8926d2ee6b6196@10.0.1.5:30303?discport=0
[INFO main 352237] Removed peer: 3
[INFO main 410233] Added peer: 5, enode: enode://d736228e04b1fca2f465a7142bca53c973fcac365e6ec4c58272cf408a6ba9d7b0ab6f3bfa0ed33ba60d22773dae0232e299ddf22880fd83ece2221628c733d0@10.0.1.7:30303?discport=0
[INFO main 414249] Removed peer: 5
[INFO main 457225] Added peer: 6, enode: enode://c12f0ea3f7ddb520fd1cbeee65e1f161cb458074b6cd40268af707ccfd5c721f1b55c522decfd66818a3e564fa7280faeca3ed94e75403000ba0438c7bfad659@10.0.1.8:30303?discport=0
[INFO main 459249] Removed peer: 6
[INFO main 465243] Added peer: 6, enode: enode://c12f0ea3f7ddb520fd1cbeee65e1f161cb458074b6cd40268af707ccfd5c721f1b55c522decfd66818a3e564fa7280faeca3ed94e75403000ba0438c7bfad659@10.0.1.8:30303?discport=0
[INFO main 467231] Removed peer: 6
[DEBUG events 483274] 0xc72B1b70e69D270544369132d53529e37Be87742
[DEBUG events 483274] Registered on-chain
[INFO main 489271] Added peer: 1, enode: enode://970bc300855cc4835b4a609c9d694349a2bf3e0555082afd3b246767a2b6d424cd4a0cea744d0313ccfc8e7cd327586741371285178bf215c8b0f55eacca63b9@10.0.1.3:30303?discport=0
[DEBUG events 491252] Updated mean
[DEBUG voting 492296] Voted successfully: 0.25 (1/1)
[INFO main 494267] Removed peer: 1
[DEBUG events 501239] 0xc72B1b70e69D270544369132d53529e37Be87742
[DEBUG events 501241] Registered on-chain
[DEBUG events 512231] Updated mean
[DEBUG voting 515238] Voted successfully: 0.25 (1/1)
[INFO main 577285] Added peer: 2, enode: enode://f1689f97c4bdffba85d9124b6fd72e12168f02c5c7f6502c9cde639e399cf7760ee6472ab8673a3d9d8d8db0c327523181943f1706cc311c5ba01d7451b019bc@10.0.1.4:30303?discport=0
[INFO main 580273] Added peer: 6, enode: enode://c12f0ea3f7ddb520fd1cbeee65e1f161cb458074b6cd40268af707ccfd5c721f1b55c522decfd66818a3e564fa7280faeca3ed94e75403000ba0438c7bfad659@10.0.1.8:30303?discport=0
[INFO main 584265] Removed peer: 2
[INFO main 588270] Removed peer: 6
[DEBUG events 595236] 0xc72B1b70e69D270544369132d53529e37Be87742
[DEBUG events 595237] Registered on-chain
[DEBUG events 605248] Asked for payout: 120
[INFO main 609254] Added peer: 6, enode: enode://c12f0ea3f7ddb520fd1cbeee65e1f161cb458074b6cd40268af707ccfd5c721f1b55c522decfd66818a3e564fa7280faeca3ed94e75403000ba0438c7bfad659@10.0.1.8:30303?discport=0
[DEBUG events 610259] 0xc72B1b70e69D270544369132d53529e37Be87742
[DEBUG events 610265] Registered on-chain
[INFO main 614239] Removed peer: 6
[DEBUG events 618292] Asked for payout: 120
[INFO main 626242] Added peer: 1, enode: enode://970bc300855cc4835b4a609c9d694349a2bf3e0555082afd3b246767a2b6d424cd4a0cea744d0313ccfc8e7cd327586741371285178bf215c8b0f55eacca63b9@10.0.1.3:30303?discport=0
[DEBUG events 626242] 0xc72B1b70e69D270544369132d53529e37Be87742
[DEBUG events 626243] Registered on-chain
[INFO main 628287] Removed peer: 1
[DEBUG events 635243] Asked for payout: 120
[DEBUG events 642255] 0xc72B1b70e69D270544369132d53529e37Be87742
[DEBUG events 642258] Registered on-chain
[DEBUG events 651248] Asked for payout: 120
[INFO main 653279] Added peer: 3, enode: enode://5109a98b8bbdbb5d038938f75d335d03e5ebf3cdc27f88b2d3cd6d52844035b1b2cb9aafd26cc1e1d27a401a97b10d6711e3a7b164bb512c6d8926d2ee6b6196@10.0.1.5:30303?discport=0
[INFO main 710250] Removed peer: 3
[INFO main 762268] Added peer: 5, enode: enode://d736228e04b1fca2f465a7142bca53c973fcac365e6ec4c58272cf408a6ba9d7b0ab6f3bfa0ed33ba60d22773dae0232e299ddf22880fd83ece2221628c733d0@10.0.1.7:30303?discport=0
[INFO main 764298] Removed peer: 5
[DEBUG events 766279] 0xc72B1b70e69D270544369132d53529e37Be87742
[DEBUG events 766282] Registered on-chain
[DEBUG voting 775269] Voted successfully: 0.24 (1/1)
[DEBUG events 779306] 0xc72B1b70e69D270544369132d53529e37Be87742
[DEBUG events 779307] Registered on-chain
[DEBUG voting 786282] Voted successfully: 0.24 (1/1)
[INFO main 796288] Added peer: 4, enode: enode://9245801ba45f8ebabfcfcc64dc47e339b72edb7087676b5c723aadc1b2b7089f8311b25efc67830ac9fc139d5e1dfef9083312b4e39a1dc30b1f568f029522a7@10.0.1.6:30303?discport=0
[INFO main 800307] Removed peer: 4
[DEBUG events 805318] 0xc72B1b70e69D270544369132d53529e37Be87742
[DEBUG events 805319] Registered on-chain
[DEBUG voting 814315] Voted successfully: 0.25 (1/1)
[INFO main 909282] Added peer: 5, enode: enode://d736228e04b1fca2f465a7142bca53c973fcac365e6ec4c58272cf408a6ba9d7b0ab6f3bfa0ed33ba60d22773dae0232e299ddf22880fd83ece2221628c733d0@10.0.1.7:30303?discport=0
[INFO main 911293] Removed peer: 5
[DEBUG events 922266] 0xc72B1b70e69D270544369132d53529e37Be87742
[DEBUG events 922266] Registered on-chain
[DEBUG voting 931284] Voted successfully: 0.24 (1/1)
[INFO main 934301] Added peer: 5, enode: enode://d736228e04b1fca2f465a7142bca53c973fcac365e6ec4c58272cf408a6ba9d7b0ab6f3bfa0ed33ba60d22773dae0232e299ddf22880fd83ece2221628c733d0@10.0.1.7:30303?discport=0
[INFO main 936276] Removed peer: 5
[INFO main 950310] Added peer: 3, enode: enode://5109a98b8bbdbb5d038938f75d335d03e5ebf3cdc27f88b2d3cd6d52844035b1b2cb9aafd26cc1e1d27a401a97b10d6711e3a7b164bb512c6d8926d2ee6b6196@10.0.1.5:30303?discport=0
[INFO main 957279] Removed peer: 3
[DEBUG events 961289] 0xc72B1b70e69D270544369132d53529e37Be87742
[DEBUG events 961293] Registered on-chain
[DEBUG events 969273] Asked for UBI: 20
[DEBUG events 970320] Asked for payout: 120
[DEBUG voting 972293] Voted successfully: 0.24 (1/1)
[INFO main 997313] Added peer: 1, enode: enode://970bc300855cc4835b4a609c9d694349a2bf3e0555082afd3b246767a2b6d424cd4a0cea744d0313ccfc8e7cd327586741371285178bf215c8b0f55eacca63b9@10.0.1.3:30303?discport=0
[INFO main 1001285] Removed peer: 1
[DEBUG events 1004310] 0xc72B1b70e69D270544369132d53529e37Be87742
[DEBUG events 1004310] Registered on-chain
[DEBUG events 1013283] Asked for UBI: 20
[DEBUG events 1014335] Asked for payout: 120
[DEBUG voting 1016290] Voted successfully: 0.24 (1/1)
[INFO main 1038294] Added peer: 5, enode: enode://d736228e04b1fca2f465a7142bca53c973fcac365e6ec4c58272cf408a6ba9d7b0ab6f3bfa0ed33ba60d22773dae0232e299ddf22880fd83ece2221628c733d0@10.0.1.7:30303?discport=0
[INFO main 1040314] Removed peer: 5
[DEBUG events 1047301] 0xc72B1b70e69D270544369132d53529e37Be87742
[DEBUG events 1047301] Registered on-chain
[INFO main 1050322] Added peer: 2, enode: enode://f1689f97c4bdffba85d9124b6fd72e12168f02c5c7f6502c9cde639e399cf7760ee6472ab8673a3d9d8d8db0c327523181943f1706cc311c5ba01d7451b019bc@10.0.1.4:30303?discport=0
[INFO main 1057313] Removed peer: 2
[DEBUG events 1057343] Asked for UBI: 20
[DEBUG events 1059307] Asked for payout: 120
[DEBUG events 1060301] Updated mean
[DEBUG voting 1062337] Voted successfully: 0.24 (1/1)
[INFO main 1068305] Added peer: 1, enode: enode://970bc300855cc4835b4a609c9d694349a2bf3e0555082afd3b246767a2b6d424cd4a0cea744d0313ccfc8e7cd327586741371285178bf215c8b0f55eacca63b9@10.0.1.3:30303?discport=0
[DEBUG events 1069296] 0xc72B1b70e69D270544369132d53529e37Be87742
[DEBUG events 1069297] Registered on-chain
[INFO main 1073288] Removed peer: 1
[INFO main 1076283] Added peer: 3, enode: enode://5109a98b8bbdbb5d038938f75d335d03e5ebf3cdc27f88b2d3cd6d52844035b1b2cb9aafd26cc1e1d27a401a97b10d6711e3a7b164bb512c6d8926d2ee6b6196@10.0.1.5:30303?discport=0
[DEBUG events 1077308] Updated mean
[INFO main 1078293] Removed peer: 3
[DEBUG voting 1079309] Voted successfully: 0.24 (1/1)
[INFO main 1092332] Added peer: 8, enode: enode://331981116d731eae9d7b3fd433d0510cc5db22c8546480c19e245e1b91ff16a35fd770ad3c7354987536decfc719d1a00771b350c1e96458ce678c220cb0f4b1@10.0.1.10:30303?discport=0
[INFO main 1092347] Added peer: 4, enode: enode://9245801ba45f8ebabfcfcc64dc47e339b72edb7087676b5c723aadc1b2b7089f8311b25efc67830ac9fc139d5e1dfef9083312b4e39a1dc30b1f568f029522a7@10.0.1.6:30303?discport=0
[INFO main 1098296] Removed peer: 8
[INFO main 1102298] Removed peer: 4
[DEBUG events 1103336] 0xc72B1b70e69D270544369132d53529e37Be87742
[DEBUG events 1103338] Registered on-chain
[DEBUG events 1112345] Updated mean
[DEBUG voting 1115314] Voted successfully: 0.24 (1/1)
[INFO main 1182360] Added peer: 1, enode: enode://970bc300855cc4835b4a609c9d694349a2bf3e0555082afd3b246767a2b6d424cd4a0cea744d0313ccfc8e7cd327586741371285178bf215c8b0f55eacca63b9@10.0.1.3:30303?discport=0
[INFO main 1185322] Removed peer: 1
[INFO main 1186327] Added peer: 5, enode: enode://d736228e04b1fca2f465a7142bca53c973fcac365e6ec4c58272cf408a6ba9d7b0ab6f3bfa0ed33ba60d22773dae0232e299ddf22880fd83ece2221628c733d0@10.0.1.7:30303?discport=0
[INFO main 1191333] Removed peer: 5
[INFO main 1196308] Added peer: 1, enode: enode://970bc300855cc4835b4a609c9d694349a2bf3e0555082afd3b246767a2b6d424cd4a0cea744d0313ccfc8e7cd327586741371285178bf215c8b0f55eacca63b9@10.0.1.3:30303?discport=0
[INFO main 1201330] Removed peer: 1
[INFO main 1331354] Added peer: 6, enode: enode://c12f0ea3f7ddb520fd1cbeee65e1f161cb458074b6cd40268af707ccfd5c721f1b55c522decfd66818a3e564fa7280faeca3ed94e75403000ba0438c7bfad659@10.0.1.8:30303?discport=0
[INFO main 1336358] Removed peer: 6
[DEBUG events 1363321] 0xc72B1b70e69D270544369132d53529e37Be87742
[DEBUG events 1363322] Registered on-chain
[DEBUG events 1371350] Asked for payout: 80
[DEBUG voting 1371405] Voted successfully: 0.25 (1/1)
