[4 INFO main 30] Initialising Python Geth Console...
[4 INFO main 34] Initialising RandB board...
[4 INFO main 34] Initialising navigation...
[4 INFO main 34] Initialising random-walk...
[4 INFO main 34] Initialising odometry...
[4 INFO main 34] Initialising ground-sensors...
[4 INFO main 647] --//-- Starting Experiment --//--
[4 INFO main 1748] Idle.IDLE -> Scout.Query | Duration: 17.52
[4 INFO main 14068] Scout.Query -> Scout.GotoCenter | Drive to others reported pos
[4 INFO main 14969] Scout.GotoCenter -> Scout.Query | return to random walk
[4 INFO main 15069] Scout.Query -> Scout.GotoCenter | Drive to others reported pos
[4 INFO main 16168] Scout.GotoCenter -> Scout.Query | return to random walk
[4 INFO main 17071] Scout.Query -> Scout.GotoCenter | Drive to others reported pos
[4 INFO main 17972] Scout.GotoCenter -> Scout.Query | return to random walk
[4 INFO main 18172] Scout.Query -> Scout.GotoCenter | Drive to others reported pos
[4 INFO main 18270] Scout.GotoCenter -> Scout.Query | return to random walk
[4 INFO main 19173] Scout.Query -> Scout.GotoCenter | Drive to others reported pos
[4 INFO main 19372] Scout.GotoCenter -> Scout.Query | return to random walk
[4 INFO main 20175] Scout.Query -> Scout.GotoCenter | Drive to others reported pos
[4 INFO main 20373] Scout.GotoCenter -> Scout.Query | return to random walk
[4 INFO main 21176] Scout.Query -> Scout.GotoCenter | Drive to others reported pos
[4 INFO main 21574] Scout.GotoCenter -> Scout.Query | return to random walk
[4 INFO main 22178] Scout.Query -> Scout.GotoCenter | Drive to others reported pos
[4 INFO main 22272] Scout.GotoCenter -> Scout.Query | return to random walk
[4 INFO main 23179] Scout.Query -> Scout.GotoCenter | Drive to others reported pos
[4 INFO main 24680] Scout.GotoCenter -> Scout.Query | return to random walk
[4 INFO main 25181] Scout.Query -> Scout.GotoCenter | Drive to others reported pos
[4 INFO main 25278] Scout.GotoCenter -> Scout.Query | return to random walk
[4 INFO main 26183] Scout.Query -> Scout.GotoCenter | Drive to others reported pos
[4 INFO main 27084] Scout.GotoCenter -> Scout.Query | return to random walk
[4 INFO main 27184] Scout.Query -> Scout.GotoCenter | Drive to others reported pos
[4 INFO main 27481] Scout.GotoCenter -> Scout.Query | return to random walk
[4 INFO main 28186] Scout.Query -> Scout.GotoCenter | Drive to others reported pos
[4 INFO main 28283] Scout.GotoCenter -> Scout.Query | return to random walk
[4 INFO main 29287] Scout.Query -> Scout.GotoCenter | Drive to others reported pos
[4 INFO main 29484] Scout.GotoCenter -> Scout.Query | return to random walk
[4 INFO main 30288] Scout.Query -> Scout.GotoCenter | Drive to others reported pos
[4 INFO main 30386] Scout.GotoCenter -> Scout.Query | return to random walk
[4 INFO main 31389] Scout.Query -> Scout.GotoCenter | Drive to others reported pos
[4 INFO main 33891] Scout.GotoCenter -> Scout.Query | return to random walk
[4 INFO main 34492] Scout.Query -> Scout.GotoCenter | Drive to others reported pos
[4 INFO main 34691] Scout.GotoCenter -> Scout.Query | return to random walk
[4 INFO main 35493] Scout.Query -> Scout.GotoCenter | Drive to others reported pos
[4 INFO main 35695] Scout.GotoCenter -> Scout.Query | return to random walk
[4 INFO main 36496] Scout.Query -> Scout.GotoCenter | Drive to others reported pos
[4 INFO main 36594] Scout.GotoCenter -> Scout.Query | return to random walk
[4 INFO main 37497] Scout.Query -> Scout.GotoCenter | Drive to others reported pos
[4 INFO main 37998] Scout.GotoCenter -> Scout.Query | return to random walk
[4 INFO main 38499] Scout.Query -> Scout.GotoCenter | Drive to others reported pos
[4 INFO main 38596] Scout.GotoCenter -> Scout.Query | return to random walk
[4 INFO main 39500] Scout.Query -> Scout.GotoCenter | Drive to others reported pos
[4 INFO main 41002] Scout.GotoCenter -> Scout.Query | return to random walk
[4 INFO main 41502] Scout.Query -> Scout.GotoCenter | Drive to others reported pos
[4 INFO main 43602] Scout.GotoCenter -> Scout.Query | return to random walk
[4 INFO main 44506] Scout.Query -> Scout.GotoCenter | Drive to others reported pos
[4 INFO main 44905] Scout.GotoCenter -> Scout.Query | return to random walk
[4 INFO main 45507] Scout.Query -> Scout.GotoCenter | Drive to others reported pos
[4 INFO main 46105] Scout.GotoCenter -> Scout.Query | return to random walk
[4 INFO main 46508] Scout.Query -> Scout.GotoCenter | Drive to others reported pos
[4 INFO main 46606] Scout.GotoCenter -> Scout.Query | return to random walk
[4 INFO main 47510] Scout.Query -> Scout.GotoCenter | Drive to others reported pos
[4 INFO main 47708] Scout.GotoCenter -> Scout.Query | return to random walk
[4 INFO main 48611] Scout.Query -> Scout.GotoCenter | Drive to others reported pos
[4 INFO main 48708] Scout.GotoCenter -> Scout.Query | return to random walk
[4 INFO main 49612] Scout.Query -> Scout.GotoCenter | Drive to others reported pos
[4 INFO main 49709] Scout.GotoCenter -> Scout.Query | return to random walk
[4 INFO main 50613] Scout.Query -> Scout.GotoCenter | Drive to others reported pos
[4 INFO main 50710] Scout.GotoCenter -> Scout.Query | return to random walk
[4 INFO main 51614] Scout.Query -> Scout.GotoCenter | Drive to others reported pos
[4 INFO main 51711] Scout.GotoCenter -> Scout.Query | return to random walk
[4 INFO main 52614] Scout.Query -> Scout.GotoCenter | Drive to others reported pos
[4 INFO main 53115] Scout.GotoCenter -> Scout.Query | return to random walk
[4 INFO main 53617] Scout.Query -> Scout.GotoCenter | Drive to others reported pos
[4 INFO main 53916] Scout.GotoCenter -> Scout.Query | return to random walk
[4 INFO main 54618] Scout.Query -> Scout.GotoCenter | Drive to others reported pos
[4 INFO main 54915] Scout.GotoCenter -> Scout.Query | return to random walk
[4 INFO main 55619] Scout.Query -> Scout.GotoCenter | Drive to others reported pos
[4 INFO main 55917] Scout.GotoCenter -> Scout.Query | return to random walk
[4 INFO main 56718] Scout.Query -> Scout.GotoCenter | Drive to others reported pos
[4 INFO main 58921] Scout.GotoCenter -> Scout.Query | return to random walk
[4 INFO main 59724] Scout.Query -> Scout.GotoCenter | Drive to others reported pos
[4 INFO main 60125] Scout.GotoCenter -> Scout.Query | return to random walk
[4 INFO main 60726] Scout.Query -> Scout.GotoCenter | Drive to others reported pos
[4 INFO main 60923] Scout.GotoCenter -> Scout.Query | return to random walk
[4 INFO main 61727] Scout.Query -> Scout.GotoCenter | Drive to others reported pos
[4 INFO main 61824] Scout.GotoCenter -> Scout.Query | return to random walk
[4 INFO main 62729] Scout.Query -> Scout.GotoCenter | Drive to others reported pos
[4 INFO main 62826] Scout.GotoCenter -> Scout.Query | return to random walk
[4 INFO main 63730] Scout.Query -> Scout.GotoCenter | Drive to others reported pos
[4 INFO main 64129] Scout.GotoCenter -> Scout.Query | return to random walk
[4 INFO main 64732] Scout.Query -> Scout.GotoCenter | Drive to others reported pos
[4 INFO main 64828] Scout.GotoCenter -> Scout.Query | return to random walk
[4 INFO main 65734] Scout.Query -> Scout.GotoCenter | Drive to others reported pos
[4 INFO main 67532] Scout.GotoCenter -> Scout.Query | return to random walk
[4 INFO main 67835] Scout.Query -> Scout.GotoCenter | Drive to others reported pos
[4 INFO main 68533] Scout.GotoCenter -> Scout.Query | return to random walk
[4 INFO main 68836] Scout.Query -> Scout.GotoCenter | Drive to others reported pos
[4 INFO main 70035] Scout.GotoCenter -> Scout.Query | return to random walk
[4 INFO main 70937] Scout.Query -> Scout.GotoCenter | Drive to others reported pos
[4 INFO main 72038] Scout.GotoCenter -> Scout.Query | return to random walk
[4 INFO main 73041] Scout.Query -> Scout.GotoCenter | Drive to others reported pos
[4 INFO main 73138] Scout.GotoCenter -> Scout.Query | return to random walk
[4 INFO main 74143] Scout.Query -> Scout.GotoCenter | Drive to others reported pos
[4 INFO main 74540] Scout.GotoCenter -> Scout.Query | return to random walk
[4 INFO main 75144] Scout.Query -> Scout.GotoCenter | Drive to others reported pos
[4 INFO main 75244] Scout.GotoCenter -> Scout.Query | return to random walk
[4 INFO main 76146] Scout.Query -> Scout.GotoCenter | Drive to others reported pos
[4 INFO main 76443] Scout.GotoCenter -> Scout.Query | return to random walk
[4 INFO main 77147] Scout.Query -> Scout.GotoCenter | Drive to others reported pos
[4 INFO main 78147] Scout.GotoCenter -> Scout.Query | return to random walk
[4 INFO main 79149] Scout.Query -> Scout.GotoCenter | Drive to others reported pos
[4 INFO main 79352] Scout.GotoCenter -> Scout.Query | return to random walk
[4 INFO main 80149] Scout.Query -> Scout.GotoCenter | Drive to others reported pos
[4 INFO main 81450] Scout.GotoCenter -> Scout.Query | return to random walk
[4 INFO main 82251] Scout.Query -> Scout.GotoCenter | Drive to others reported pos
[4 INFO main 82752] Scout.GotoCenter -> Scout.Query | return to random walk
[4 INFO main 83254] Scout.Query -> Scout.GotoCenter | Drive to others reported pos
[4 INFO main 84357] Scout.GotoCenter -> Scout.Query | return to random walk
[4 INFO main 85358] Scout.Query -> Scout.GotoCenter | Drive to others reported pos
[4 INFO main 85454] Scout.GotoCenter -> Scout.Query | return to random walk
[4 INFO main 86360] Scout.Query -> Scout.GotoCenter | Drive to others reported pos
[4 INFO main 86656] Scout.GotoCenter -> Scout.Query | return to random walk
[4 INFO main 87461] Scout.Query -> Scout.GotoCenter | Drive to others reported pos
[4 INFO main 89859] Scout.GotoCenter -> Scout.Query | return to random walk
[4 INFO main 90657] Scout.Query -> Scout.GotoCenter | Drive to others reported pos
[4 INFO main 90763] Scout.GotoCenter -> Scout.Query | return to random walk
[4 INFO main 91662] Scout.Query -> Scout.GotoCenter | Drive to others reported pos
[4 INFO main 92359] Scout.GotoCenter -> Scout.Query | return to random walk
[4 INFO main 92664] Scout.Query -> Scout.GotoCenter | Drive to others reported pos
[4 INFO main 92864] Scout.GotoCenter -> Scout.Query | return to random walk
[4 INFO main 93665] Scout.Query -> Scout.GotoCenter | Drive to others reported pos
[4 INFO main 93866] Scout.GotoCenter -> Scout.Query | return to random walk
[4 INFO main 94666] Scout.Query -> Scout.GotoCenter | Drive to others reported pos
[4 INFO main 95065] Scout.GotoCenter -> Scout.Query | return to random walk
[4 INFO main 95668] Scout.Query -> Scout.GotoCenter | Drive to others reported pos
[4 INFO main 95867] Scout.GotoCenter -> Scout.Query | return to random walk
[4 INFO main 96669] Scout.Query -> Scout.GotoCenter | Drive to others reported pos
[4 INFO main 97473] Scout.GotoCenter -> Scout.Query | return to random walk
[4 INFO main 97770] Scout.Query -> Scout.GotoCenter | Drive to others reported pos
[4 INFO main 97869] Scout.GotoCenter -> Scout.Query | return to random walk
[4 INFO main 98772] Scout.Query -> Scout.GotoCenter | Drive to others reported pos
[4 INFO main 98975] Scout.GotoCenter -> Scout.Query | return to random walk
[4 INFO main 99773] Scout.Query -> Scout.GotoCenter | Drive to others reported pos
[4 INFO main 100476] Scout.GotoCenter -> Scout.Query | return to random walk
[4 INFO main 100875] Scout.Query -> Scout.GotoCenter | Drive to others reported pos
[4 INFO main 100974] Scout.GotoCenter -> Scout.Query | return to random walk
[4 INFO main 101876] Scout.Query -> Scout.GotoCenter | Drive to others reported pos
[4 INFO main 102275] Scout.GotoCenter -> Scout.Query | return to random walk
[4 INFO main 102979] Scout.Query -> Scout.GotoCenter | Drive to others reported pos
[4 INFO main 103376] Scout.GotoCenter -> Scout.Query | return to random walk
[4 INFO main 103979] Scout.Query -> Scout.GotoCenter | Drive to others reported pos
[4 INFO main 104077] Scout.GotoCenter -> Scout.Query | return to random walk
[4 INFO main 104982] Scout.Query -> Scout.GotoCenter | Drive to others reported pos
[4 INFO main 105178] Scout.GotoCenter -> Scout.Query | return to random walk
[4 INFO main 106083] Scout.Query -> Scout.GotoCenter | Drive to others reported pos
[4 INFO main 106282] Scout.GotoCenter -> Scout.Query | return to random walk
[4 INFO main 107184] Scout.Query -> Scout.GotoCenter | Drive to others reported pos
[4 INFO main 107284] Scout.GotoCenter -> Scout.Query | return to random walk
[4 INFO main 108184] Scout.Query -> Scout.GotoCenter | Drive to others reported pos
[4 INFO main 108282] Scout.GotoCenter -> Scout.Query | return to random walk
[4 INFO main 109283] Scout.Query -> Scout.GotoCenter | Drive to others reported pos
[4 INFO main 110384] Scout.GotoCenter -> Scout.Query | return to random walk
[4 INFO main 111386] Scout.Query -> Scout.GotoCenter | Drive to others reported pos
[4 INFO main 112382] Scout.GotoCenter -> Scout.Query | return to random walk
[4 INFO main 112483] Scout.Query -> Scout.GotoCenter | Drive to others reported pos
[4 INFO main 113789] Scout.GotoCenter -> Scout.Query | return to random walk
[4 INFO main 114489] Scout.Query -> Scout.GotoCenter | Drive to others reported pos
[4 INFO main 115291] Scout.GotoCenter -> Scout.Query | return to random walk
[4 INFO main 115490] Scout.Query -> Scout.GotoCenter | Drive to others reported pos
[4 INFO main 115589] Scout.GotoCenter -> Scout.Query | return to random walk
[4 INFO main 116492] Scout.Query -> Scout.GotoCenter | Drive to others reported pos
[4 INFO main 116591] Scout.GotoCenter -> Scout.Query | return to random walk
[4 INFO main 117496] Scout.Query -> Scout.GotoCenter | Drive to others reported pos
[4 INFO main 118194] Scout.GotoCenter -> Scout.Query | return to random walk
[4 INFO main 118497] Scout.Query -> Scout.GotoCenter | Drive to others reported pos
[4 INFO main 118793] Scout.GotoCenter -> Scout.Query | return to random walk
[4 INFO main 119597] Scout.Query -> Scout.GotoCenter | Drive to others reported pos
[4 INFO main 119996] Scout.GotoCenter -> Scout.Query | return to random walk
[4 INFO main 120599] Scout.Query -> Scout.GotoCenter | Drive to others reported pos
[4 INFO main 120697] Scout.GotoCenter -> Scout.Query | return to random walk
[4 INFO main 121701] Scout.Query -> Scout.GotoCenter | Drive to others reported pos
[4 INFO main 121999] Scout.GotoCenter -> Scout.Query | return to random walk
[4 INFO main 122801] Scout.Query -> Scout.GotoCenter | Drive to others reported pos
[4 INFO main 122898] Scout.GotoCenter -> Scout.Query | return to random walk
[4 INFO main 123803] Scout.Query -> Scout.GotoCenter | Drive to others reported pos
[4 INFO main 124702] Scout.GotoCenter -> Scout.Query | return to random walk
[4 INFO main 124804] Scout.Query -> Scout.GotoCenter | Drive to others reported pos
[4 INFO main 125401] Scout.GotoCenter -> Scout.Query | return to random walk
[4 INFO main 125805] Scout.Query -> Scout.GotoCenter | Drive to others reported pos
[4 INFO main 126505] Scout.GotoCenter -> Scout.Query | return to random walk
[4 INFO main 126901] Scout.Query -> Scout.GotoCenter | Drive to others reported pos
[4 INFO main 127006] Scout.GotoCenter -> Scout.Query | return to random walk
[4 INFO main 127904] Scout.Query -> Scout.GotoCenter | Drive to others reported pos
[4 INFO main 128906] Scout.GotoCenter -> Scout.Query | return to random walk
[4 INFO main 129907] Scout.Query -> Scout.GotoCenter | Drive to others reported pos
[4 INFO main 130509] Scout.GotoCenter -> Scout.Query | return to random walk
[4 INFO main 130910] Scout.Query -> Scout.GotoCenter | Drive to others reported pos
[4 INFO main 131010] Scout.GotoCenter -> Scout.Query | return to random walk
[4 INFO main 131911] Scout.Query -> Scout.GotoCenter | Drive to others reported pos
[4 INFO main 132011] Scout.GotoCenter -> Scout.Query | return to random walk
[4 INFO main 133009] Scout.Query -> Scout.GotoCenter | Drive to others reported pos
[4 INFO main 133814] Scout.GotoCenter -> Scout.Query | return to random walk
[4 INFO main 134012] Scout.Query -> Scout.GotoCenter | Drive to others reported pos
[4 INFO main 134115] Scout.GotoCenter -> Scout.Query | return to random walk
[4 INFO main 135013] Scout.Query -> Scout.GotoCenter | Drive to others reported pos
[4 INFO main 135515] Scout.GotoCenter -> Scout.Query | return to random walk
[4 INFO main 136014] Scout.Query -> Scout.GotoCenter | Drive to others reported pos
[4 INFO main 136118] Scout.GotoCenter -> Scout.Query | return to random walk
[4 INFO main 137017] Scout.Query -> Scout.GotoCenter | Drive to others reported pos
[4 INFO main 137214] Scout.GotoCenter -> Scout.Query | return to random walk
[4 INFO main 138019] Scout.Query -> Scout.GotoCenter | Drive to others reported pos
[4 INFO main 138121] Scout.GotoCenter -> Scout.Query | return to random walk
[4 INFO main 139020] Scout.Query -> Scout.GotoCenter | Drive to others reported pos
[4 INFO main 139419] Scout.GotoCenter -> Scout.Query | return to random walk
[4 INFO main 140022] Scout.Query -> Scout.GotoCenter | Drive to others reported pos
[4 INFO main 140420] Scout.GotoCenter -> Scout.Query | return to random walk
[4 INFO main 141023] Scout.Query -> Scout.GotoCenter | Drive to others reported pos
[4 INFO main 141622] Scout.GotoCenter -> Scout.Query | return to random walk
[4 INFO main 142119] Scout.Query -> Scout.GotoCenter | Drive to others reported pos
[4 INFO main 142523] Scout.GotoCenter -> Scout.Query | return to random walk
[4 INFO main 143123] Scout.Query -> Scout.GotoCenter | Drive to others reported pos
[4 INFO main 143424] Scout.GotoCenter -> Scout.Query | return to random walk
[4 INFO main 144125] Scout.Query -> Scout.GotoCenter | Drive to others reported pos
[4 INFO main 144926] Scout.GotoCenter -> Scout.Query | return to random walk
[4 INFO main 145126] Scout.Query -> Scout.GotoCenter | Drive to others reported pos
[4 INFO main 145226] Scout.GotoCenter -> Scout.Query | return to random walk
[4 INFO main 146127] Scout.Query -> Scout.GotoCenter | Drive to others reported pos
[4 INFO main 146332] Scout.GotoCenter -> Scout.Query | return to random walk
[4 INFO main 147129] Scout.Query -> Scout.GotoCenter | Drive to others reported pos
[4 INFO main 147728] Scout.GotoCenter -> Scout.Query | return to random walk
[4 INFO main 148131] Scout.Query -> Scout.GotoCenter | Drive to others reported pos
[4 INFO main 148434] Scout.GotoCenter -> Scout.Query | return to random walk
[4 INFO main 149232] Scout.Query -> Scout.GotoCenter | Drive to others reported pos
[4 INFO main 149531] Scout.GotoCenter -> Scout.Query | return to random walk
[4 INFO main 150233] Scout.Query -> Scout.GotoCenter | Drive to others reported pos
[4 INFO main 150937] Scout.GotoCenter -> Scout.Query | return to random walk
[4 INFO main 151235] Scout.Query -> Scout.GotoCenter | Drive to others reported pos
[4 INFO main 152035] Scout.GotoCenter -> Scout.Query | return to random walk
[4 INFO main 152236] Scout.Query -> Scout.GotoCenter | Drive to others reported pos
[4 INFO main 153336] Scout.GotoCenter -> Scout.Query | return to random walk
[4 INFO main 154238] Scout.Query -> Scout.GotoCenter | Drive to others reported pos
[4 INFO main 154640] Scout.GotoCenter -> Scout.Query | return to random walk
[4 INFO main 155240] Scout.Query -> Scout.GotoCenter | Drive to others reported pos
[4 INFO main 156142] Scout.GotoCenter -> Scout.Query | return to random walk
[4 INFO main 156341] Scout.Query -> Scout.GotoCenter | Drive to others reported pos
[4 INFO main 157742] Scout.GotoCenter -> Scout.Query | return to random walk
[4 INFO main 158344] Scout.Query -> Scout.GotoCenter | Drive to others reported pos
[4 INFO main 158444] Scout.GotoCenter -> Scout.Query | return to random walk
[4 INFO main 159345] Scout.Query -> Scout.GotoCenter | Drive to others reported pos
[4 INFO main 160946] Scout.GotoCenter -> Scout.Query | return to random walk
[4 INFO main 344377] Scout.Query -> Scout.GotoCenter | Drive to others reported pos
[4 INFO main 356796] Scout.GotoCenter -> Scout.Query | return to random walk
[4 INFO main 357596] Scout.Query -> Scout.GotoCenter | Drive to others reported pos
[4 INFO main 359599] Scout.GotoCenter -> Scout.Query | return to random walk
