[12 INFO main 27] Initialising Python Geth Console...
[12 INFO main 32] Initialising RandB board...
[12 INFO main 32] Initialising navigation...
[12 INFO main 32] Initialising random-walk...
[12 INFO main 32] Initialising odometry...
[12 INFO main 32] Initialising ground-sensors...
[12 INFO main 240] --//-- Starting Experiment --//--
[12 INFO main 1770] Idle.IDLE -> Scout.Query | Duration: 28.93
[12 INFO main 19139] Scout.Query -> Verify.DriveTo | Go to unverified source
[12 INFO main 90893] Verify.DriveTo -> Verify.Homing | Homing
[12 INFO main 108778] Verify.Homing -> Scout.Query | Arrived home
[12 INFO main 124176] Confirming: 2/9
[12 INFO main 130243] Confirming: 5/9
[12 INFO main 134404] Confirming: 6/9
[12 INFO main 136519] Confirming: 8/9
[12 INFO main 140654] Confirming: 10/9
[12 INFO main 140708] Scout.Query -> Verify.DriveTo | Go to unverified source
[12 INFO main 151344] Verify.DriveTo -> Verify.Homing | Homing
[12 INFO main 169655] Verify.Homing -> Scout.Query | Arrived home
[12 INFO main 182196] Confirming: 1/9
[12 INFO main 184201] Confirming: 2/9
[12 INFO main 186250] Confirming: 3/9
[12 INFO main 188254] Confirming: 4/9
[12 INFO main 192480] Confirming: 5/9
[12 INFO main 194506] Confirming: 6/9
[12 INFO main 196576] Confirming: 8/9
[12 INFO main 200593] Confirming: 10/9
[12 INFO main 201263] Scout.Query -> Verify.DriveTo | Go to unverified source
[12 INFO main 251185] Verify.DriveTo -> Verify.Homing | Homing
[12 INFO main 261641] Confirming: 1/9
[12 INFO main 263659] Confirming: 2/9
[12 INFO main 265739] Confirming: 3/9
[12 INFO main 267738] Confirming: 4/9
[12 INFO main 269748] Confirming: 5/9
[12 INFO main 271855] Confirming: 6/9
[12 INFO main 273902] Confirming: 7/9
[12 INFO main 275089] Verify.Homing -> Scout.Query | Arrived home
[12 INFO main 276011] Confirming: 8/9
[12 INFO main 278090] Confirming: 9/9
[12 INFO main 278441] Scout.Query -> Verify.DriveTo | Go to unverified source
[12 INFO main 346465] Verify.DriveTo -> Verify.Homing | Homing
[12 INFO main 363579] Confirming: 1/9
[12 INFO main 365731] Confirming: 2/9
[12 INFO main 367810] Confirming: 3/9
[12 INFO main 369899] Confirming: 4/9
[12 INFO main 372019] Confirming: 5/9
[12 INFO main 374040] Confirming: 6/9
[12 INFO main 376067] Confirming: 7/9
[12 INFO main 378140] Confirming: 8/9
[12 INFO main 378770] Verify.Homing -> Scout.Query | Arrived home
[12 INFO main 380223] Confirming: 10/9
[12 INFO main 380945] Scout.Query -> Verify.DriveTo | Go to unverified source
[12 INFO main 408225] Verify.DriveTo -> Verify.Homing | Homing
[12 INFO main 421490] Verify.Homing -> Scout.Query | Arrived home
[12 INFO main 422930] Confirming: 1/9
[12 INFO main 424976] Confirming: 2/9
[12 INFO main 427089] Confirming: 3/9
[12 INFO main 429175] Confirming: 4/9
[12 INFO main 431198] Confirming: 5/9
[12 INFO main 433282] Confirming: 6/9
[12 INFO main 435324] Confirming: 7/9
[12 INFO main 437401] Confirming: 8/9
[12 INFO main 439471] Confirming: 9/9
[12 INFO main 439505] Scout.Query -> Verify.DriveTo | Go to unverified source
[12 INFO main 563849] Verify.DriveTo -> Verify.Homing | Homing
[12 INFO main 587628] Verify.Homing -> Scout.Query | Arrived home
[12 INFO main 602992] Confirming: 1/9
[12 INFO main 605054] Confirming: 2/9
[12 INFO main 607084] Confirming: 3/9
[12 INFO main 609096] Confirming: 4/9
[12 INFO main 611212] Confirming: 5/9
[12 INFO main 613254] Confirming: 6/9
[12 INFO main 615292] Confirming: 7/9
[12 INFO main 617343] Confirming: 8/9
[12 INFO main 619364] Confirming: 9/9
[12 INFO main 619474] Scout.Query -> Verify.DriveTo | Go to unverified source
[12 INFO main 730232] Verify.DriveTo -> Verify.Homing | Homing
[12 INFO main 753451] Confirming: 1/9
[12 INFO main 755587] Confirming: 2/9
[12 INFO main 757687] Confirming: 3/9
[12 INFO main 759698] Confirming: 4/9
[12 INFO main 761892] Confirming: 5/9
[12 INFO main 763987] Confirming: 6/9
[12 INFO main 764557] Verify.Homing -> Scout.Query | Arrived home
[12 INFO main 765966] Confirming: 7/9
[12 INFO main 768148] Confirming: 8/9
[12 INFO main 770194] Confirming: 9/9
[12 INFO main 770244] Scout.Query -> Verify.DriveTo | Go to unverified source
[12 INFO main 807891] Verify.DriveTo -> Verify.Homing | Homing
[12 INFO main 812301] Confirming: 1/9
[12 INFO main 814431] Confirming: 2/9
[12 INFO main 816481] Confirming: 3/9
[12 INFO main 818510] Confirming: 4/9
[12 INFO main 822623] Confirming: 5/9
[12 INFO main 824631] Confirming: 7/9
[12 INFO main 826739] Confirming: 8/9
[12 INFO main 828783] Confirming: 9/9
[12 INFO main 829175] Verify.Homing -> Scout.Query | Arrived home
[12 INFO main 829241] Scout.Query -> Verify.DriveTo | Go to unverified source
[12 INFO main 864570] Verify.DriveTo -> Verify.Homing | Homing
[12 INFO main 897465] Verify.Homing -> Scout.Query | Arrived home
[12 INFO main 903842] Confirming: 1/9
[12 INFO main 905999] Confirming: 2/9
[12 INFO main 908078] Confirming: 3/9
[12 INFO main 910182] Confirming: 4/9
[12 INFO main 912365] Confirming: 6/9
[12 INFO main 914391] Confirming: 7/9
[12 INFO main 916584] Confirming: 8/9
[12 INFO main 918802] Confirming: 9/9
[12 INFO main 919168] Scout.Query -> Verify.DriveTo | Go to unverified source
[12 INFO main 1012211] Verify.DriveTo -> Verify.Homing | Homing
[12 INFO main 1022538] Confirming: 1/9
[12 INFO main 1024582] Confirming: 2/9
[12 INFO main 1026644] Confirming: 3/9
[12 INFO main 1028763] Confirming: 4/9
[12 INFO main 1030779] Confirming: 5/9
[12 INFO main 1032826] Confirming: 6/9
[12 INFO main 1033789] Verify.Homing -> Scout.Query | Arrived home
[12 INFO main 1034867] Confirming: 7/9
[12 INFO main 1036928] Confirming: 8/9
[12 INFO main 1039121] Confirming: 9/9
[12 INFO main 1039154] Scout.Query -> Verify.DriveTo | Go to unverified source
[12 INFO main 1176317] Verify.DriveTo -> Verify.Homing | Homing
[12 INFO main 1224345] Verify.Homing -> Scout.Query | Arrived home
[12 INFO main 1232399] Confirming: 1/9
[12 INFO main 1236577] Confirming: 3/9
[12 INFO main 1238536] Confirming: 4/9
[12 INFO main 1240760] Confirming: 5/9
[12 INFO main 1243106] Confirming: 6/9
[12 INFO main 1245211] Confirming: 7/9
[12 INFO main 1247328] Confirming: 8/9
[12 INFO main 1249444] Confirming: 9/9
[12 INFO main 1249628] Scout.Query -> Verify.DriveTo | Go to unverified source
[12 INFO main 1330518] Verify.DriveTo -> Verify.Homing | Homing
[12 INFO main 1350343] Verify.Homing -> Scout.Query | Arrived home
[12 INFO main 1384689] Confirming: 1/9
[12 INFO main 1386775] Confirming: 3/9
[12 INFO main 1388803] Confirming: 4/9
[12 INFO main 1390858] Confirming: 5/9
[12 INFO main 1392924] Confirming: 6/9
[12 INFO main 1394932] Confirming: 7/9
[12 INFO main 1397005] Confirming: 8/9
[12 INFO main 1399044] Confirming: 9/9
[12 INFO main 1399089] Scout.Query -> Verify.DriveTo | Go to unverified source
[12 INFO main 1458470] Verify.DriveTo -> Verify.Homing | Homing
[12 INFO main 1474999] Confirming: 2/9
[12 INFO main 1477103] Confirming: 3/9
[12 INFO main 1479109] Confirming: 4/9
[12 INFO main 1480029] Verify.Homing -> Scout.Query | Arrived home
[12 INFO main 1481181] Confirming: 5/9
[12 INFO main 1483235] Confirming: 6/9
[12 INFO main 1485275] Confirming: 7/9
[12 INFO main 1487345] Confirming: 8/9
[12 INFO main 1489423] Confirming: 9/9
[12 INFO main 1490296] Scout.Query -> Verify.DriveTo | Go to unverified source
[12 INFO main 1574592] Verify.DriveTo -> Verify.Homing | Homing
[12 INFO main 1593362] Confirming: 1/9
[12 INFO main 1595478] Confirming: 2/9
[12 INFO main 1597516] Confirming: 3/9
[12 INFO main 1599547] Confirming: 4/9
[12 INFO main 1601543] Confirming: 5/9
[12 INFO main 1603639] Confirming: 6/9
[12 INFO main 1605703] Confirming: 7/9
[12 INFO main 1607340] Verify.Homing -> Scout.Query | Arrived home
[12 INFO main 1607858] Confirming: 8/9
[12 INFO main 1610011] Confirming: 9/9
[12 INFO main 1610985] Scout.Query -> Verify.DriveTo | Go to unverified source
[12 INFO main 1652618] Verify.DriveTo -> Verify.Homing | Homing
[12 INFO main 1667154] Verify.Homing -> Scout.Query | Arrived home
[12 INFO main 1673187] Confirming: 1/9
[12 INFO main 1675196] Confirming: 2/9
[12 INFO main 1677218] Confirming: 3/9
[12 INFO main 1679256] Confirming: 4/9
[12 INFO main 1681318] Confirming: 5/9
[12 INFO main 1683396] Confirming: 6/9
[12 INFO main 1685562] Confirming: 7/9
[12 INFO main 1689750] Confirming: 9/9
[12 INFO main 1690186] Scout.Query -> Verify.DriveTo | Go to unverified source
[12 INFO main 1784910] Verify.DriveTo -> Verify.Homing | Homing
