[10 INFO main 29] Initialising Python Geth Console...
[10 INFO main 33] Initialising RandB board...
[10 INFO main 33] Initialising navigation...
[10 INFO main 33] Initialising random-walk...
[10 INFO main 33] Initialising odometry...
[10 INFO main 33] Initialising ground-sensors...
[10 INFO main 497] --//-- Starting Experiment --//--
[10 INFO main 1600] Idle.IDLE -> Scout.Query | Duration: 25.75
[10 INFO main 8814] Scout.Query -> Scout.GotoCenter | Drive to others reported pos
[10 INFO main 11712] Scout.GotoCenter -> Scout.Query | return to random walk
[10 INFO main 46555] Scout.Query -> Scout.GotoCenter | Drive to others reported pos
[10 INFO main 69486] Scout.GotoCenter -> Scout.Query | return to random walk
[10 INFO main 92114] Scout.Query -> Scout.GotoCenter | Drive to others reported pos
[10 INFO main 96622] Scout.GotoCenter -> Scout.Query | return to random walk
[10 INFO main 97326] Scout.Query -> Scout.GotoCenter | Drive to others reported pos
[10 INFO main 97523] Scout.GotoCenter -> Scout.Query | return to random walk
[10 INFO main 98429] Scout.Query -> Scout.GotoCenter | Drive to others reported pos
[10 INFO main 106736] Scout.GotoCenter -> Scout.Query | return to random walk
[10 INFO main 127366] Scout.Query -> Scout.GotoCenter | Drive to others reported pos
[10 INFO main 129061] Scout.GotoCenter -> Scout.Query | return to random walk
[10 INFO main 160605] Scout.Query -> Scout.GotoCenter | Drive to others reported pos
[10 INFO main 170412] Scout.GotoCenter -> Scout.Query | return to random walk
[10 INFO main 193945] Scout.Query -> Scout.GotoCenter | Drive to others reported pos
[10 INFO main 201356] Scout.GotoCenter -> Scout.Query | return to random walk
[10 INFO main 204464] Scout.Query -> Scout.GotoCenter | Drive to others reported pos
[10 INFO main 205554] Scout.GotoCenter -> Scout.Query | return to random walk
[10 INFO main 238011] Scout.Query -> Scout.GotoCenter | Drive to others reported pos
[10 INFO main 247520] Scout.GotoCenter -> Scout.Query | return to random walk
[10 INFO main 351356] Scout.Query -> Scout.GotoCenter | Drive to others reported pos
[10 INFO main 362071] Scout.GotoCenter -> Scout.Query | return to random walk
