[3 INFO main 34] Initialising Python Geth Console...
[3 INFO main 38] Initialising RandB board...
[3 INFO main 38] Initialising navigation...
[3 INFO main 38] Initialising random-walk...
[3 INFO main 38] Initialising odometry...
[3 INFO main 38] Initialising ground-sensors...
[3 INFO main 1036] --//-- Starting Experiment --//--
[3 INFO main 2137] Idle.IDLE -> Scout.Query | Duration: 22.50
[3 INFO main 16225] Scout.Query -> Scout.GotoCenter | Drive to others reported pos
[3 INFO main 24078] Scout.GotoCenter -> Scout.Query | return to random walk
[3 INFO main 58964] Confirming: 2/8
[3 INFO main 61034] Confirming: 3/8
[3 INFO main 63135] Confirming: 4/8
[3 INFO main 65203] Confirming: 5/8
[3 INFO main 67279] Confirming: 6/8
[3 INFO main 69291] Confirming: 7/8
[3 INFO main 71327] Confirming: 8/8
[3 INFO main 201343] Confirming: 1/8
[3 INFO main 205446] Confirming: 2/8
[3 INFO main 207476] Confirming: 4/8
[3 INFO main 209543] Confirming: 5/8
[3 INFO main 213651] Confirming: 7/8
[3 INFO main 215706] Confirming: 8/8
[3 INFO main 439872] Scout.Query -> Scout.GotoCenter | Drive to others reported pos
[3 INFO main 459505] Scout.GotoCenter -> Scout.Query | return to random walk
[3 INFO main 492312] Confirming: 1/8
[3 INFO main 494400] Confirming: 2/8
[3 INFO main 496434] Confirming: 3/8
[3 INFO main 498492] Confirming: 4/8
[3 INFO main 500539] Confirming: 5/8
[3 INFO main 502683] Confirming: 6/8
[3 INFO main 504707] Confirming: 7/8
[3 INFO main 506735] Confirming: 8/8
[3 INFO main 510488] Scout.Query -> Scout.GotoCenter | Drive to others reported pos
[3 INFO main 517609] Scout.GotoCenter -> Scout.Query | return to random walk
[3 INFO main 552504] Confirming: 1/8
[3 INFO main 554546] Confirming: 2/8
[3 INFO main 556535] Confirming: 3/8
[3 INFO main 558728] Confirming: 4/8
[3 INFO main 560751] Confirming: 5/8
[3 INFO main 562803] Confirming: 6/8
[3 INFO main 564857] Confirming: 7/8
[3 INFO main 566964] Confirming: 8/8
[3 INFO main 1452716] Scout.Query -> Scout.GotoCenter | Drive to others reported pos
[3 INFO main 1507594] Scout.GotoCenter -> Scout.Query | return to random walk
[3 INFO main 1513996] Confirming: 1/8
[3 INFO main 1516070] Confirming: 2/8
[3 INFO main 1518090] Confirming: 3/8
[3 INFO main 1520099] Confirming: 4/8
[3 INFO main 1522172] Confirming: 5/8
[3 INFO main 1524223] Confirming: 6/8
[3 INFO main 1526304] Confirming: 7/8
[3 INFO main 1528363] Confirming: 9/8
[3 INFO main 1533100] Scout.Query -> Scout.GotoCenter | Drive to others reported pos
[3 INFO main 1551116] Scout.GotoCenter -> Scout.Query | return to random walk
[3 INFO main 1569683] Confirming: 1/8
[3 INFO main 1571712] Confirming: 2/8
[3 INFO main 1573771] Confirming: 3/8
[3 INFO main 1575880] Confirming: 4/8
[3 INFO main 1577963] Confirming: 5/8
[3 INFO main 1580180] Confirming: 6/8
[3 INFO main 1582275] Confirming: 7/8
[3 INFO main 1584342] Confirming: 8/8
[3 INFO main 1697825] Scout.Query -> Scout.GotoCenter | Drive to others reported pos
[3 INFO main 1751697] Scout.GotoCenter -> Scout.Query | return to random walk
[3 INFO main 1768392] Confirming: 1/8
[3 INFO main 1772451] Confirming: 3/8
[3 INFO main 1774563] Confirming: 4/8
[3 INFO main 1776603] Confirming: 5/8
[3 INFO main 1778704] Confirming: 6/8
[3 INFO main 1780736] Confirming: 7/8
[3 INFO main 1782795] Confirming: 8/8
[3 INFO main 1992091] Confirming: 1/8
[3 INFO main 1994131] Confirming: 2/8
[3 INFO main 1996183] Confirming: 3/8
[3 INFO main 1998196] Confirming: 4/8
[3 INFO main 2000279] Confirming: 5/8
[3 INFO main 2002328] Confirming: 7/8
[3 INFO main 2004364] Confirming: 8/8
[3 INFO main 2005036] Scout.Query -> Scout.GotoCenter | Drive to others reported pos
[3 INFO main 2020061] Scout.GotoCenter -> Scout.Query | return to random walk
[3 INFO main 2052884] Confirming: 1/8
[3 INFO main 2054916] Confirming: 2/8
[3 INFO main 2056916] Confirming: 3/8
[3 INFO main 2059019] Confirming: 4/8
[3 INFO main 2061087] Confirming: 5/8
[3 INFO main 2063116] Confirming: 6/8
[3 INFO main 2065199] Confirming: 7/8
[3 INFO main 2067255] Confirming: 8/8
[3 INFO main 2070908] Scout.Query -> Scout.GotoCenter | Drive to others reported pos
[3 INFO main 2095648] Scout.GotoCenter -> Scout.Query | return to random walk
[3 INFO main 2114115] Confirming: 1/8
[3 INFO main 2116099] Confirming: 2/8
[3 INFO main 2118134] Confirming: 3/8
[3 INFO main 2120256] Confirming: 4/8
[3 INFO main 2122334] Confirming: 6/8
[3 INFO main 2126404] Confirming: 8/8
[3 INFO main 2126935] Scout.Query -> Scout.GotoCenter | Drive to others reported pos
[3 INFO main 2146525] Scout.GotoCenter -> Scout.Query | return to random walk
[3 INFO main 2173631] Confirming: 1/8
[3 INFO main 2177811] Confirming: 3/8
[3 INFO main 2179835] Confirming: 4/8
[3 INFO main 2182083] Confirming: 5/8
[3 INFO main 2184160] Confirming: 6/8
[3 INFO main 2186172] Confirming: 7/8
[3 INFO main 2188200] Confirming: 8/8
[3 INFO main 2192596] Scout.Query -> Scout.GotoCenter | Drive to others reported pos
[3 INFO main 2215523] Scout.GotoCenter -> Scout.Query | return to random walk
[3 INFO main 2224063] Confirming: 1/8
[3 INFO main 2226211] Confirming: 2/8
[3 INFO main 2228342] Confirming: 4/8
[3 INFO main 2232479] Confirming: 5/8
[3 INFO main 2234511] Confirming: 7/8
[3 INFO main 2236547] Confirming: 8/8
[3 INFO main 2245239] Scout.Query -> Scout.GotoCenter | Drive to others reported pos
[3 INFO main 2265777] Scout.GotoCenter -> Scout.Query | return to random walk
[3 INFO main 2293507] Confirming: 1/8
[3 INFO main 2295536] Confirming: 2/8
[3 INFO main 2297923] Confirming: 3/8
[3 INFO main 2300384] Confirming: 5/8
[3 INFO main 2304368] Confirming: 6/8
[3 INFO main 2306507] Confirming: 8/8
[3 INFO main 2308210] Scout.Query -> Scout.GotoCenter | Drive to others reported pos
[3 INFO main 2325629] Scout.GotoCenter -> Scout.Query | return to random walk
[3 INFO main 2344971] Confirming: 1/8
[3 INFO main 2347027] Confirming: 2/8
[3 INFO main 2349067] Confirming: 3/8
[3 INFO main 2351035] Confirming: 4/8
[3 INFO main 2355542] Confirming: 6/8
[3 INFO main 2357664] Confirming: 7/8
[3 INFO main 2362187] Confirming: 9/8
[3 INFO main 2366566] Scout.Query -> Scout.GotoCenter | Drive to others reported pos
[3 INFO main 2379689] Scout.GotoCenter -> Scout.Query | return to random walk
[3 INFO main 2413623] Confirming: 1/8
[3 INFO main 2415911] Confirming: 2/8
[3 INFO main 2418086] Confirming: 3/8
[3 INFO main 2420690] Confirming: 4/8
[3 INFO main 2422767] Confirming: 5/8
[3 INFO main 2425342] Confirming: 7/8
[3 INFO main 2427419] Confirming: 8/8
[3 INFO main 2431113] Scout.Query -> Scout.GotoCenter | Drive to others reported pos
[3 INFO main 2462995] Scout.GotoCenter -> Scout.Query | return to random walk
[3 INFO main 2474018] Confirming: 1/8
[3 INFO main 2476078] Confirming: 2/8
[3 INFO main 2478167] Confirming: 3/8
[3 INFO main 2480202] Confirming: 4/8
[3 INFO main 2482217] Confirming: 5/8
[3 INFO main 2484295] Confirming: 6/8
[3 INFO main 2486636] Confirming: 7/8
[3 INFO main 2488727] Confirming: 8/8
[3 INFO main 2707957] Scout.Query -> Scout.GotoCenter | Drive to others reported pos
[3 INFO main 2720469] Scout.GotoCenter -> Scout.Query | return to random walk
[3 INFO main 2724584] Confirming: 1/8
[3 INFO main 2726635] Confirming: 2/8
[3 INFO main 2728715] Confirming: 3/8
[3 INFO main 2730748] Confirming: 4/8
[3 INFO main 2732768] Confirming: 5/8
[3 INFO main 2734860] Confirming: 6/8
[3 INFO main 2736911] Confirming: 7/8
[3 INFO main 2738974] Confirming: 8/8
[3 INFO main 2740666] Scout.Query -> Scout.GotoCenter | Drive to others reported pos
[3 INFO main 2762805] Scout.GotoCenter -> Scout.Query | return to random walk
[3 INFO main 2785515] Confirming: 2/8
[3 INFO main 2787474] Confirming: 3/8
[3 INFO main 2789526] Confirming: 4/8
[3 INFO main 2793602] Confirming: 6/8
[3 INFO main 2795656] Confirming: 7/8
[3 INFO main 2797739] Confirming: 8/8
[3 INFO main 5624174] Scout.Query -> Scout.GotoCenter | Drive to others reported pos
[3 INFO main 5652172] Scout.GotoCenter -> Scout.Query | return to random walk
[3 INFO main 5679027] Confirming: 1/8
[3 INFO main 5681090] Confirming: 2/8
[3 INFO main 5683179] Confirming: 3/8
[3 INFO main 5685247] Confirming: 4/8
[3 INFO main 5687251] Confirming: 5/8
[3 INFO main 5689268] Confirming: 6/8
[3 INFO main 5691311] Confirming: 7/8
[3 INFO main 5693379] Confirming: 9/8
[3 INFO main 5697928] Scout.Query -> Scout.GotoCenter | Drive to others reported pos
[3 INFO main 5713051] Scout.GotoCenter -> Scout.Query | return to random walk
[3 INFO main 5739760] Confirming: 1/8
[3 INFO main 5741830] Confirming: 3/8
[3 INFO main 5743908] Confirming: 4/8
[3 INFO main 5745971] Confirming: 5/8
[3 INFO main 5748068] Confirming: 6/8
[3 INFO main 5750100] Confirming: 7/8
[3 INFO main 5752064] Confirming: 8/8
[3 INFO main 5754255] Scout.Query -> Scout.GotoCenter | Drive to others reported pos
[3 INFO main 5763661] Scout.GotoCenter -> Scout.Query | return to random walk
[3 INFO main 5792991] Confirming: 1/8
[3 INFO main 5795232] Confirming: 2/8
[3 INFO main 5797231] Confirming: 3/8
[3 INFO main 5799247] Confirming: 4/8
[3 INFO main 5801364] Confirming: 6/8
[3 INFO main 5803380] Confirming: 7/8
[3 INFO main 5805446] Confirming: 8/8
[3 INFO main 6006286] Scout.Query -> Scout.GotoCenter | Drive to others reported pos
[3 INFO main 6034813] Scout.GotoCenter -> Scout.Query | return to random walk
[3 INFO main 6053392] Confirming: 2/8
[3 INFO main 6055487] Confirming: 3/8
[3 INFO main 6057586] Confirming: 4/8
[3 INFO main 6059611] Confirming: 5/8
[3 INFO main 6061687] Confirming: 6/8
[3 INFO main 6065719] Confirming: 8/8
[3 INFO main 6301492] Confirming: 1/8
[3 INFO main 6303535] Confirming: 2/8
[3 INFO main 6305539] Confirming: 3/8
[3 INFO main 6307579] Confirming: 4/8
[3 INFO main 6309596] Confirming: 5/8
[3 INFO main 6311611] Confirming: 6/8
[3 INFO main 6313700] Confirming: 7/8
[3 INFO main 6315771] Confirming: 8/8
[3 INFO main 6317629] Scout.Query -> Scout.GotoCenter | Drive to others reported pos
[3 INFO main 6338534] Scout.GotoCenter -> Scout.Query | return to random walk
[3 INFO main 6361112] Confirming: 1/8
[3 INFO main 6363227] Confirming: 2/8
[3 INFO main 6365299] Confirming: 3/8
[3 INFO main 6367383] Confirming: 4/8
[3 INFO main 6369408] Confirming: 5/8
[3 INFO main 6371476] Confirming: 6/8
[3 INFO main 6373508] Confirming: 7/8
[3 INFO main 6375547] Confirming: 8/8
[3 INFO main 6379436] Scout.Query -> Scout.GotoCenter | Drive to others reported pos
[3 INFO main 6393931] Scout.GotoCenter -> Scout.Query | return to random walk
[3 INFO main 6420700] Confirming: 1/8
[3 INFO main 6428835] Confirming: 4/8
[3 INFO main 6430855] Confirming: 6/8
[3 INFO main 6432919] Confirming: 7/8
[3 INFO main 6434999] Confirming: 8/8
[3 INFO main 6439763] Scout.Query -> Scout.GotoCenter | Drive to others reported pos
[3 INFO main 6465793] Scout.GotoCenter -> Scout.Query | return to random walk
[3 INFO main 6482083] Confirming: 1/8
[3 INFO main 6484132] Confirming: 2/8
[3 INFO main 6486179] Confirming: 3/8
[3 INFO main 6488224] Confirming: 4/8
[3 INFO main 6490264] Confirming: 5/8
[3 INFO main 6492267] Confirming: 6/8
[3 INFO main 6494284] Confirming: 7/8
[3 INFO main 6496400] Confirming: 9/8
