[6 INFO main 43] Initialising Python Geth Console...
[6 INFO main 47] Initialising RandB board...
[6 INFO main 47] Initialising navigation...
[6 INFO main 47] Initialising random-walk...
[6 INFO main 47] Initialising odometry...
[6 INFO main 47] Initialising ground-sensors...
[6 INFO main 682] --//-- Starting Experiment --//--
[6 INFO main 1786] Idle.IDLE -> Scout.Query | Duration: 24.54
[6 INFO main 32722] Scout.Query -> Scout.GotoCenter | Drive to others reported pos
[6 INFO main 36026] Scout.GotoCenter -> Scout.Query | return to random walk
[6 INFO main 36728] Scout.Query -> Scout.GotoCenter | Drive to others reported pos
[6 INFO main 37729] Scout.GotoCenter -> Scout.Query | return to random walk
[6 INFO main 38731] Scout.Query -> Scout.GotoCenter | Drive to others reported pos
[6 INFO main 39631] Scout.GotoCenter -> Scout.Query | return to random walk
[6 INFO main 39733] Scout.Query -> Scout.GotoCenter | Drive to others reported pos
[6 INFO main 40233] Scout.GotoCenter -> Scout.Query | return to random walk
[6 INFO main 40734] Scout.Query -> Scout.GotoCenter | Drive to others reported pos
[6 INFO main 41136] Scout.GotoCenter -> Scout.Query | return to random walk
[6 INFO main 41736] Scout.Query -> Scout.GotoCenter | Drive to others reported pos
[6 INFO main 41935] Scout.GotoCenter -> Scout.Query | return to random walk
[6 INFO main 42739] Scout.Query -> Scout.GotoCenter | Drive to others reported pos
[6 INFO main 43438] Scout.GotoCenter -> Scout.Query | return to random walk
[6 INFO main 43740] Scout.Query -> Scout.GotoCenter | Drive to others reported pos
[6 INFO main 44036] Scout.GotoCenter -> Scout.Query | return to random walk
[6 INFO main 44742] Scout.Query -> Scout.GotoCenter | Drive to others reported pos
[6 INFO main 46039] Scout.GotoCenter -> Scout.Query | return to random walk
[6 INFO main 46843] Scout.Query -> Scout.GotoCenter | Drive to others reported pos
[6 INFO main 47243] Scout.GotoCenter -> Scout.Query | return to random walk
[6 INFO main 47844] Scout.Query -> Scout.GotoCenter | Drive to others reported pos
[6 INFO main 48244] Scout.GotoCenter -> Scout.Query | return to random walk
[6 INFO main 48944] Scout.Query -> Scout.GotoCenter | Drive to others reported pos
[6 INFO main 49144] Scout.GotoCenter -> Scout.Query | return to random walk
[6 INFO main 49945] Scout.Query -> Scout.GotoCenter | Drive to others reported pos
[6 INFO main 50046] Scout.GotoCenter -> Scout.Query | return to random walk
[6 INFO main 50946] Scout.Query -> Scout.GotoCenter | Drive to others reported pos
[6 INFO main 51349] Scout.GotoCenter -> Scout.Query | return to random walk
[6 INFO main 51948] Scout.Query -> Scout.GotoCenter | Drive to others reported pos
[6 INFO main 52747] Scout.GotoCenter -> Scout.Query | return to random walk
[6 INFO main 52950] Scout.Query -> Scout.GotoCenter | Drive to others reported pos
[6 INFO main 53450] Scout.GotoCenter -> Scout.Query | return to random walk
[6 INFO main 53951] Scout.Query -> Scout.GotoCenter | Drive to others reported pos
[6 INFO main 54452] Scout.GotoCenter -> Scout.Query | return to random walk
[6 INFO main 54952] Scout.Query -> Scout.GotoCenter | Drive to others reported pos
[6 INFO main 55354] Scout.GotoCenter -> Scout.Query | return to random walk
[6 INFO main 55954] Scout.Query -> Scout.GotoCenter | Drive to others reported pos
[6 INFO main 56052] Scout.GotoCenter -> Scout.Query | return to random walk
[6 INFO main 56955] Scout.Query -> Scout.GotoCenter | Drive to others reported pos
[6 INFO main 57653] Scout.GotoCenter -> Scout.Query | return to random walk
[6 INFO main 57959] Scout.Query -> Scout.GotoCenter | Drive to others reported pos
[6 INFO main 58154] Scout.GotoCenter -> Scout.Query | return to random walk
[6 INFO main 58961] Scout.Query -> Scout.GotoCenter | Drive to others reported pos
[6 INFO main 59656] Scout.GotoCenter -> Scout.Query | return to random walk
[6 INFO main 59961] Scout.Query -> Scout.GotoCenter | Drive to others reported pos
[6 INFO main 60463] Scout.GotoCenter -> Scout.Query | return to random walk
[6 INFO main 60963] Scout.Query -> Scout.GotoCenter | Drive to others reported pos
[6 INFO main 61058] Scout.GotoCenter -> Scout.Query | return to random walk
[6 INFO main 61964] Scout.Query -> Scout.GotoCenter | Drive to others reported pos
[6 INFO main 62161] Scout.GotoCenter -> Scout.Query | return to random walk
[6 INFO main 62966] Scout.Query -> Scout.GotoCenter | Drive to others reported pos
[6 INFO main 63061] Scout.GotoCenter -> Scout.Query | return to random walk
[6 INFO main 63968] Scout.Query -> Scout.GotoCenter | Drive to others reported pos
[6 INFO main 64263] Scout.GotoCenter -> Scout.Query | return to random walk
