[INFO main 77] Initialising peer buffer...
[INFO main 77] Initialising resource buffer...
[INFO main 77] Initialising TCP server...
[INFO main 77] Initialising RandB board...
[INFO main 77] Initialising ground-sensors...
[INFO main 77] Initialising random-walk...
[INFO main 494] --//-- Starting Experiment --//--
[INFO main 2793] Added resource: {"x": -0.36, "y": 0.42, "radius": 0.05, "quantity": 1, "quality": "blue", "timeStamp": 0}
[INFO main 69679] Removed resource: {"x": -0.36, "y": 0.42, "radius": 0.05, "quantity": 1, "quality": "blue", "timeStamp": 0}
[INFO main 111032] Added resource: {"x": -1.13, "y": -1.02, "radius": 0.05, "quantity": 1, "quality": "green", "timeStamp": 0}
[INFO main 115449] Added resource: {"x": -0.99, "y": -0.86, "radius": 0.05, "quantity": 1, "quality": "green", "timeStamp": 0}
[INFO main 127054] Added resource: {"x": -0.57, "y": -0.47, "radius": 0.05, "quantity": 1, "quality": "green", "timeStamp": 0}
[INFO main 163901] Removed resource: {"x": -0.57, "y": -0.47, "radius": 0.05, "quantity": 1, "quality": "green", "timeStamp": 0}
[INFO main 229687] Added resource: {"x": -0.95, "y": -0.84, "radius": 0.05, "quantity": 1, "quality": "red", "timeStamp": 0}
[INFO main 274243] Removed resource: {"x": -0.99, "y": -0.86, "radius": 0.05, "quantity": 1, "quality": "green", "timeStamp": 0}
[INFO main 286557] Removed resource: {"x": -1.13, "y": -1.02, "radius": 0.05, "quantity": 1, "quality": "green", "timeStamp": 0}
[INFO main 290663] Added resource: {"x": -1.2, "y": -0.82, "radius": 0.05, "quantity": 1, "quality": "yellow", "timeStamp": 0}
[INFO main 309184] Added resource: {"x": -0.48, "y": -0.33, "radius": 0.05, "quantity": 1, "quality": "red", "timeStamp": 0}
[INFO main 400999] Added resource: {"x": -0.42, "y": -0.1, "radius": 0.05, "quantity": 1, "quality": "green", "timeStamp": 0}
[INFO main 432039] Removed resource: {"x": -1.2, "y": -0.82, "radius": 0.05, "quantity": 1, "quality": "yellow", "timeStamp": 0}
[INFO main 466685] Removed resource: {"x": -0.42, "y": -0.1, "radius": 0.05, "quantity": 1, "quality": "green", "timeStamp": 0}
[INFO main 489714] Added resource: {"x": -0.88, "y": 0.5, "radius": 0.05, "quantity": 1, "quality": "red", "timeStamp": 0}
[INFO main 546574] Removed resource: {"x": -0.48, "y": -0.33, "radius": 0.05, "quantity": 1, "quality": "red", "timeStamp": 0}
[INFO main 580813] Added resource: {"x": 0.04, "y": 1.0, "radius": 0.05, "quantity": 1, "quality": "red", "timeStamp": 0}
