[2 INFO main 29] Initialising Python Geth Console...
[2 INFO main 33] Initialising RandB board...
[2 INFO main 33] Initialising navigation...
[2 INFO main 33] Initialising random-walk...
[2 INFO main 33] Initialising odometry...
[2 INFO main 33] Initialising ground-sensors...
[2 INFO main 1068] --//-- Starting Experiment --//--
[2 INFO main 2169] Idle.IDLE -> Scout.Query | Duration: 17.51
[2 INFO main 120323] Scout.Query -> Scout.GotoCenter | Drive to others reported pos
[2 INFO main 132939] Scout.GotoCenter -> Scout.Query | return to random walk
[2 INFO main 133440] Scout.Query -> Scout.GotoCenter | Drive to others reported pos
[2 INFO main 133639] Scout.GotoCenter -> Scout.Query | return to random walk
[2 INFO main 134441] Scout.Query -> Scout.GotoCenter | Drive to others reported pos
[2 INFO main 137243] Scout.GotoCenter -> Scout.Query | return to random walk
[2 INFO main 137445] Scout.Query -> Scout.GotoCenter | Drive to others reported pos
[2 INFO main 138847] Scout.GotoCenter -> Scout.Query | return to random walk
[2 INFO main 139447] Scout.Query -> Scout.GotoCenter | Drive to others reported pos
[2 INFO main 142550] Scout.GotoCenter -> Scout.Query | return to random walk
[2 INFO main 143452] Scout.Query -> Scout.GotoCenter | Drive to others reported pos
[2 INFO main 144954] Scout.GotoCenter -> Scout.Query | return to random walk
[2 INFO main 145455] Scout.Query -> Scout.GotoCenter | Drive to others reported pos
[2 INFO main 146154] Scout.GotoCenter -> Scout.Query | return to random walk
[2 INFO main 146456] Scout.Query -> Scout.GotoCenter | Drive to others reported pos
[2 INFO main 146755] Scout.GotoCenter -> Scout.Query | return to random walk
[2 INFO main 147458] Scout.Query -> Scout.GotoCenter | Drive to others reported pos
[2 INFO main 147858] Scout.GotoCenter -> Scout.Query | return to random walk
[2 INFO main 148558] Scout.Query -> Scout.GotoCenter | Drive to others reported pos
[2 INFO main 149059] Scout.GotoCenter -> Scout.Query | return to random walk
[2 INFO main 149559] Scout.Query -> Scout.GotoCenter | Drive to others reported pos
[2 INFO main 149860] Scout.GotoCenter -> Scout.Query | return to random walk
[2 INFO main 150560] Scout.Query -> Scout.GotoCenter | Drive to others reported pos
[2 INFO main 150759] Scout.GotoCenter -> Scout.Query | return to random walk
[2 INFO main 151561] Scout.Query -> Scout.GotoCenter | Drive to others reported pos
[2 INFO main 152461] Scout.GotoCenter -> Scout.Query | return to random walk
[2 INFO main 152562] Scout.Query -> Scout.GotoCenter | Drive to others reported pos
[2 INFO main 152962] Scout.GotoCenter -> Scout.Query | return to random walk
[2 INFO main 153564] Scout.Query -> Scout.GotoCenter | Drive to others reported pos
[2 INFO main 153963] Scout.GotoCenter -> Scout.Query | return to random walk
[2 INFO main 154565] Scout.Query -> Scout.GotoCenter | Drive to others reported pos
[2 INFO main 155066] Scout.GotoCenter -> Scout.Query | return to random walk
[2 INFO main 155567] Scout.Query -> Scout.GotoCenter | Drive to others reported pos
[2 INFO main 155666] Scout.GotoCenter -> Scout.Query | return to random walk
[2 INFO main 156567] Scout.Query -> Scout.GotoCenter | Drive to others reported pos
[2 INFO main 156667] Scout.GotoCenter -> Scout.Query | return to random walk
[2 INFO main 157570] Scout.Query -> Scout.GotoCenter | Drive to others reported pos
[2 INFO main 160472] Scout.GotoCenter -> Scout.Query | return to random walk
