[1 INFO main 35] Initialising Python Geth Console...
[1 INFO main 40] Initialising RandB board...
[1 INFO main 40] Initialising navigation...
[1 INFO main 40] Initialising random-walk...
[1 INFO main 40] Initialising odometry...
[1 INFO main 40] Initialising ground-sensors...
[1 INFO main 1045] --//-- Starting Experiment --//--
[1 INFO main 2432] Idle.IDLE -> Scout.Query | Duration: 29.25
[1 INFO main 41290] Scout.Query -> Verify.DriveTo | Go to unverified source
[1 INFO main 87041] Verify.DriveTo -> Verify.Homing | Homing
[1 INFO main 112095] Verify.Homing -> Scout.Query | Arrived home
[1 INFO main 116298] Confirming: 2/9
[1 INFO main 118368] Confirming: 3/9
[1 INFO main 120421] Confirming: 4/9
[1 INFO main 122441] Confirming: 5/9
[1 INFO main 124500] Confirming: 6/9
[1 INFO main 126554] Confirming: 7/9
[1 INFO main 128614] Confirming: 8/9
[1 INFO main 130630] Confirming: 9/9
[1 INFO main 131279] Scout.Query -> Verify.DriveTo | Go to unverified source
[1 INFO main 168169] Verify.DriveTo -> Verify.Homing | Homing
[1 INFO main 190413] Verify.Homing -> Scout.Query | Arrived home
[1 INFO main 205490] Confirming: 1/9
[1 INFO main 207526] Confirming: 2/9
[1 INFO main 209823] Confirming: 3/9
[1 INFO main 212086] Confirming: 4/9
[1 INFO main 214155] Confirming: 5/9
[1 INFO main 216180] Confirming: 6/9
[1 INFO main 218331] Confirming: 7/9
[1 INFO main 220328] Confirming: 8/9
[1 INFO main 269890] Confirming: 33/9
[1 INFO main 270547] Scout.Query -> Verify.DriveTo | Go to unverified source
[1 INFO main 320332] Verify.DriveTo -> Verify.Homing | Homing
[1 INFO main 334882] Confirming: 1/9
[1 INFO main 339098] Confirming: 3/9
[1 INFO main 343777] Verify.Homing -> Scout.Query | Arrived home
[1 INFO main 444263] Confirming: 44/9
[1 INFO main 445132] Scout.Query -> Verify.DriveTo | Go to unverified source
[1 INFO main 484058] Verify.DriveTo -> Verify.Homing | Homing
[1 INFO main 504654] Verify.Homing -> Scout.Query | Arrived home
[1 INFO main 508789] Confirming: 1/9
[1 INFO main 510791] Confirming: 2/9
[1 INFO main 512814] Confirming: 3/9
[1 INFO main 516939] Confirming: 5/9
[1 INFO main 521119] Confirming: 7/9
[1 INFO main 525219] Confirming: 9/9
[1 INFO main 526133] Scout.Query -> Verify.DriveTo | Go to unverified source
[1 INFO main 570434] Verify.DriveTo -> Verify.Homing | Homing
[1 INFO main 599341] Confirming: 1/9
[1 INFO main 601363] Confirming: 2/9
[1 INFO main 601363] Verify.Homing -> Scout.Query | Arrived home
[1 INFO main 603424] Confirming: 3/9
[1 INFO main 605584] Confirming: 4/9
[1 INFO main 607682] Confirming: 5/9
[1 INFO main 609723] Confirming: 6/9
[1 INFO main 611768] Confirming: 7/9
[1 INFO main 613766] Confirming: 8/9
[1 INFO main 615888] Confirming: 9/9
[1 INFO main 616162] Scout.Query -> Verify.DriveTo | Go to unverified source
[1 INFO main 689033] Verify.DriveTo -> Verify.Homing | Homing
[1 INFO main 721920] Verify.Homing -> Scout.Query | Arrived home
[1 INFO main 750432] Confirming: 1/9
[1 INFO main 752466] Confirming: 2/9
[1 INFO main 754516] Confirming: 3/9
[1 INFO main 756558] Confirming: 5/9
[1 INFO main 758692] Confirming: 6/9
[1 INFO main 760872] Confirming: 7/9
[1 INFO main 764988] Confirming: 8/9
[1 INFO main 824860] Confirming: 38/9
[1 INFO main 824914] Scout.Query -> Verify.DriveTo | Go to unverified source
[1 INFO main 989869] Verify.DriveTo -> Verify.Homing | Homing
[1 INFO main 1017043] Verify.Homing -> Scout.Query | Arrived home
[1 INFO main 1020672] Confirming: 2/9
[1 INFO main 1022707] Confirming: 3/9
[1 INFO main 1024771] Confirming: 4/9
[1 INFO main 1026821] Confirming: 5/9
[1 INFO main 1028895] Confirming: 6/9
[1 INFO main 1045232] Confirming: 14/9
[1 INFO main 1045382] Scout.Query -> Verify.DriveTo | Go to unverified source
[1 INFO main 1058295] Verify.DriveTo -> Verify.Homing | Homing
[1 INFO main 1078812] Confirming: 1/9
[1 INFO main 1080870] Confirming: 2/9
[1 INFO main 1082927] Confirming: 3/9
[1 INFO main 1084972] Confirming: 4/9
[1 INFO main 1084972] Verify.Homing -> Scout.Query | Arrived home
[1 INFO main 1087118] Confirming: 5/9
[1 INFO main 1089216] Confirming: 6/9
[1 INFO main 1091286] Confirming: 7/9
[1 INFO main 1093331] Confirming: 8/9
[1 INFO main 1095347] Confirming: 9/9
[1 INFO main 1096010] Scout.Query -> Verify.DriveTo | Go to unverified source
[1 INFO main 1128336] Verify.DriveTo -> Verify.Homing | Homing
[1 INFO main 1153306] Verify.Homing -> Scout.Query | Arrived home
[1 INFO main 1169796] Confirming: 1/9
[1 INFO main 1171850] Confirming: 2/9
[1 INFO main 1173943] Confirming: 3/9
[1 INFO main 1175949] Confirming: 4/9
[1 INFO main 1177983] Confirming: 5/9
[1 INFO main 1179996] Confirming: 6/9
[1 INFO main 1182069] Confirming: 8/9
[1 INFO main 1184144] Confirming: 9/9
[1 INFO main 1201847] Scout.Query -> Verify.DriveTo | Go to unverified source
[1 INFO main 1234409] Verify.DriveTo -> Verify.Homing | Homing
[1 INFO main 1257413] Verify.Homing -> Scout.Query | Arrived home
[1 INFO main 1259579] Confirming: 1/9
[1 INFO main 1261652] Confirming: 2/9
[1 INFO main 1263738] Confirming: 3/9
[1 INFO main 1265783] Confirming: 4/9
[1 INFO main 1267851] Confirming: 5/9
[1 INFO main 1269854] Confirming: 6/9
[1 INFO main 1271951] Confirming: 7/9
[1 INFO main 1274013] Confirming: 8/9
[1 INFO main 1276062] Confirming: 10/9
[1 INFO main 1276848] Scout.Query -> Verify.DriveTo | Go to unverified source
[1 INFO main 1334817] Verify.DriveTo -> Verify.Homing | Homing
[1 INFO main 1341084] Confirming: 1/9
[1 INFO main 1343134] Confirming: 2/9
[1 INFO main 1347197] Confirming: 3/9
[1 INFO main 1349276] Confirming: 5/9
[1 INFO main 1351359] Confirming: 6/9
[1 INFO main 1351359] Verify.Homing -> Scout.Query | Arrived home
[1 INFO main 1353475] Confirming: 7/9
[1 INFO main 1355555] Confirming: 8/9
[1 INFO main 1357594] Confirming: 9/9
[1 INFO main 1358065] Scout.Query -> Verify.DriveTo | Go to unverified source
[1 INFO main 1444757] Verify.DriveTo -> Verify.Homing | Homing
[1 INFO main 1469496] Confirming: 1/9
[1 INFO main 1471729] Confirming: 2/9
[1 INFO main 1473736] Confirming: 3/9
[1 INFO main 1475860] Confirming: 4/9
[1 INFO main 1477898] Confirming: 5/9
[1 INFO main 1480016] Confirming: 6/9
[1 INFO main 1481040] Verify.Homing -> Scout.Query | Arrived home
[1 INFO main 1482052] Confirming: 8/9
[1 INFO main 1484187] Confirming: 9/9
[1 INFO main 1484577] Scout.Query -> Verify.DriveTo | Go to unverified source
[1 INFO main 1537675] Verify.DriveTo -> Verify.Homing | Homing
[1 INFO main 1560365] Confirming: 2/9
[1 INFO main 1562416] Confirming: 3/9
[1 INFO main 1564524] Confirming: 4/9
[1 INFO main 1566605] Confirming: 5/9
[1 INFO main 1568765] Confirming: 6/9
[1 INFO main 1570835] Confirming: 7/9
[1 INFO main 1572839] Confirming: 8/9
[1 INFO main 1574846] Confirming: 9/9
[1 INFO main 1581572] Verify.Homing -> Scout.Query | Arrived home
[1 INFO main 1581712] Scout.Query -> Verify.DriveTo | Go to unverified source
[1 INFO main 1613139] Verify.DriveTo -> Verify.Homing | Homing
[1 INFO main 1619466] Confirming: 1/9
[1 INFO main 1621524] Confirming: 2/9
[1 INFO main 1623583] Confirming: 3/9
[1 INFO main 1625559] Confirming: 4/9
[1 INFO main 1627777] Confirming: 5/9
[1 INFO main 1629865] Confirming: 6/9
[1 INFO main 1631927] Confirming: 7/9
[1 INFO main 1633932] Confirming: 8/9
[1 INFO main 1635955] Confirming: 9/9
[1 INFO main 1646424] Verify.Homing -> Scout.Query | Arrived home
[1 INFO main 1646762] Scout.Query -> Verify.DriveTo | Go to unverified source
[1 INFO main 1675435] Verify.DriveTo -> Verify.Homing | Homing
[1 INFO main 1698761] Verify.Homing -> Scout.Query | Arrived home
[1 INFO main 1708846] Confirming: 1/9
[1 INFO main 1710922] Confirming: 2/9
[1 INFO main 1712982] Confirming: 3/9
[1 INFO main 1715007] Confirming: 4/9
[1 INFO main 1721248] Confirming: 7/9
[1 INFO main 1723263] Confirming: 8/9
[1 INFO main 1725263] Confirming: 9/9
[1 INFO main 1726042] Scout.Query -> Verify.DriveTo | Go to unverified source
[1 INFO main 1784698] Verify.DriveTo -> Verify.Homing | Homing
[1 INFO main 1799155] Confirming: 1/9
