[10 INFO main 27] Initialising Python Geth Console...
[10 INFO main 32] Initialising RandB board...
[10 INFO main 32] Initialising navigation...
[10 INFO main 32] Initialising random-walk...
[10 INFO main 32] Initialising odometry...
[10 INFO main 32] Initialising ground-sensors...
[10 INFO main 370] --//-- Starting Experiment --//--
[10 INFO main 1471] Idle.IDLE -> Scout.Query | Duration: 20.54
[10 INFO main 10628] Scout.Query -> Scout.GotoCenter | Drive to others reported pos
[10 INFO main 44194] Scout.GotoCenter -> Scout.Query | return to random walk
[10 INFO main 90212] Scout.Query -> Scout.GotoCenter | Drive to others reported pos
[10 INFO main 118853] Scout.GotoCenter -> Scout.Query | return to random walk
[10 INFO main 144211] Scout.Query -> Scout.GotoCenter | Drive to others reported pos
[10 INFO main 152177] Scout.GotoCenter -> Scout.Query | return to random walk
[10 INFO main 203011] Scout.Query -> Scout.GotoCenter | Drive to others reported pos
[10 INFO main 248658] Scout.GotoCenter -> Scout.Query | return to random walk
[10 INFO main 274170] Scout.Query -> Scout.GotoCenter | Drive to others reported pos
[10 INFO main 325146] Scout.GotoCenter -> Scout.Query | return to random walk
[10 INFO main 350440] Scout.Query -> Scout.GotoCenter | Drive to others reported pos
[10 INFO main 362120] Scout.GotoCenter -> Scout.Query | return to random walk
[10 INFO main 397828] Scout.Query -> Scout.GotoCenter | Drive to others reported pos
[10 INFO main 449962] Scout.GotoCenter -> Scout.Query | return to random walk
