[3 INFO main 34] Initialising Python Geth Console...
[3 INFO main 39] Initialising RandB board...
[3 INFO main 39] Initialising navigation...
[3 INFO main 39] Initialising random-walk...
[3 INFO main 39] Initialising odometry...
[3 INFO main 39] Initialising ground-sensors...
[3 INFO main 1136] --//-- Starting Experiment --//--
[3 INFO main 2237] Idle.IDLE -> Scout.Query | Duration: 20.55
[3 INFO main 16350] Scout.Query -> Scout.GotoCenter | Drive to others reported pos
[3 INFO main 22035] Scout.GotoCenter -> Scout.Query | return to random walk
[3 INFO main 42671] Scout.Query -> Scout.GotoCenter | Drive to others reported pos
[3 INFO main 74525] Scout.GotoCenter -> Scout.Query | return to random walk
[3 INFO main 94859] Scout.Query -> Scout.GotoCenter | Drive to others reported pos
[3 INFO main 132917] Scout.GotoCenter -> Scout.Query | return to random walk
[3 INFO main 239461] Scout.Query -> Scout.GotoCenter | Drive to others reported pos
[3 INFO main 249821] Scout.GotoCenter -> Scout.Query | return to random walk
[3 INFO main 285303] Scout.Query -> Scout.GotoCenter | Drive to others reported pos
[3 INFO main 331449] Scout.GotoCenter -> Scout.Query | return to random walk
[3 INFO main 356825] Scout.Query -> Scout.GotoCenter | Drive to others reported pos
[3 INFO main 387296] Scout.GotoCenter -> Scout.Query | return to random walk
[3 INFO main 483491] Scout.Query -> Scout.GotoCenter | Drive to others reported pos
[3 INFO main 523378] Scout.GotoCenter -> Scout.Query | return to random walk
[3 INFO main 554025] Scout.Query -> Scout.GotoCenter | Drive to others reported pos
[3 INFO main 583374] Scout.GotoCenter -> Scout.Query | return to random walk
[3 INFO main 618990] Scout.Query -> Scout.GotoCenter | Drive to others reported pos
[3 INFO main 626745] Scout.GotoCenter -> Scout.Query | return to random walk
[3 INFO main 687376] Scout.Query -> Scout.GotoCenter | Drive to others reported pos
[3 INFO main 719274] Scout.GotoCenter -> Scout.Query | return to random walk
[3 INFO main 765121] Scout.Query -> Scout.GotoCenter | Drive to others reported pos
[3 INFO main 785623] Scout.GotoCenter -> Scout.Query | return to random walk
[3 INFO main 816368] Scout.Query -> Scout.GotoCenter | Drive to others reported pos
[3 INFO main 825175] Scout.GotoCenter -> Scout.Query | return to random walk
[3 INFO main 875961] Scout.Query -> Scout.GotoCenter | Drive to others reported pos
[3 INFO main 907311] Scout.GotoCenter -> Scout.Query | return to random walk
[3 INFO main 932910] Scout.Query -> Scout.GotoCenter | Drive to others reported pos
[3 INFO main 953488] Scout.GotoCenter -> Scout.Query | return to random walk
[3 INFO main 1040106] Scout.Query -> Scout.GotoCenter | Drive to others reported pos
[3 INFO main 1056748] Scout.GotoCenter -> Scout.Query | return to random walk
