[10 INFO main 30] Initialising Python Geth Console...
[10 INFO main 34] Initialising RandB board...
[10 INFO main 34] Initialising navigation...
[10 INFO main 34] Initialising random-walk...
[10 INFO main 34] Initialising odometry...
[10 INFO main 34] Initialising ground-sensors...
[10 INFO main 552] --//-- Starting Experiment --//--
[10 INFO main 1664] Idle.IDLE -> Scout.Query | Duration: 20.82
[10 INFO main 72042] Scout.Query -> Scout.GotoCenter | Drive to others reported pos
[10 INFO main 88461] Scout.GotoCenter -> Scout.Query | return to random walk
[10 INFO main 88563] Scout.Query -> Scout.GotoCenter | Drive to others reported pos
[10 INFO main 91970] Scout.GotoCenter -> Scout.Query | return to random walk
[10 INFO main 92669] Scout.Query -> Scout.GotoCenter | Drive to others reported pos
[10 INFO main 97068] Scout.GotoCenter -> Scout.Query | return to random walk
[10 INFO main 97878] Scout.Query -> Scout.GotoCenter | Drive to others reported pos
[10 INFO main 98569] Scout.GotoCenter -> Scout.Query | return to random walk
[10 INFO main 98879] Scout.Query -> Scout.GotoCenter | Drive to others reported pos
[10 INFO main 98975] Scout.GotoCenter -> Scout.Query | return to random walk
[10 INFO main 99881] Scout.Query -> Scout.GotoCenter | Drive to others reported pos
[10 INFO main 100075] Scout.GotoCenter -> Scout.Query | return to random walk
[10 INFO main 100882] Scout.Query -> Scout.GotoCenter | Drive to others reported pos
[10 INFO main 103682] Scout.GotoCenter -> Scout.Query | return to random walk
