[3 INFO main 35] Initialising Python Geth Console...
[3 INFO main 38] Initialising RandB board...
[3 INFO main 39] Initialising navigation...
[3 INFO main 39] Initialising random-walk...
[3 INFO main 39] Initialising odometry...
[3 INFO main 39] Initialising ground-sensors...
[3 INFO main 875] --//-- Starting Experiment --//--
[3 INFO main 1980] Idle.IDLE -> Scout.Query | Duration: 22.13
[3 INFO main 170797] Scout.Query -> Scout.GotoCenter | Drive to others reported pos
[3 INFO main 183514] Scout.GotoCenter -> Scout.Query | return to random walk
[3 INFO main 183912] Scout.Query -> Scout.GotoCenter | Drive to others reported pos
[3 INFO main 184312] Scout.GotoCenter -> Scout.Query | return to random walk
[3 INFO main 184913] Scout.Query -> Scout.GotoCenter | Drive to others reported pos
[3 INFO main 185113] Scout.GotoCenter -> Scout.Query | return to random walk
[3 INFO main 185915] Scout.Query -> Scout.GotoCenter | Drive to others reported pos
[3 INFO main 186217] Scout.GotoCenter -> Scout.Query | return to random walk
[3 INFO main 186916] Scout.Query -> Scout.GotoCenter | Drive to others reported pos
[3 INFO main 187218] Scout.GotoCenter -> Scout.Query | return to random walk
[3 INFO main 187917] Scout.Query -> Scout.GotoCenter | Drive to others reported pos
[3 INFO main 188219] Scout.GotoCenter -> Scout.Query | return to random walk
[3 INFO main 188919] Scout.Query -> Scout.GotoCenter | Drive to others reported pos
[3 INFO main 189220] Scout.GotoCenter -> Scout.Query | return to random walk
