[10 INFO main 27] Initialising Python Geth Console...
[10 INFO main 32] Initialising RandB board...
[10 INFO main 32] Initialising navigation...
[10 INFO main 32] Initialising random-walk...
[10 INFO main 32] Initialising odometry...
[10 INFO main 32] Initialising ground-sensors...
[10 INFO main 500] --//-- Starting Experiment --//--
[10 INFO main 1601] Idle.IDLE -> Scout.Query | Duration: 17.53
[10 INFO main 41162] Scout.Query -> Scout.GotoCenter | Drive to others reported pos
[10 INFO main 91732] Scout.GotoCenter -> Scout.Query | return to random walk
[10 INFO main 157835] Scout.Query -> Scout.GotoCenter | Drive to others reported pos
[10 INFO main 194028] Scout.GotoCenter -> Scout.Query | return to random walk
[10 INFO main 219504] Scout.Query -> Scout.GotoCenter | Drive to others reported pos
[10 INFO main 234593] Scout.GotoCenter -> Scout.Query | return to random walk
[10 INFO main 400874] Scout.Query -> Scout.GotoCenter | Drive to others reported pos
[10 INFO main 451625] Scout.GotoCenter -> Scout.Query | return to random walk
[10 INFO main 596512] Scout.Query -> Scout.GotoCenter | Drive to others reported pos
[10 INFO main 603151] Scout.GotoCenter -> Scout.Query | return to random walk
[10 INFO main 628534] Scout.Query -> Scout.GotoCenter | Drive to others reported pos
[10 INFO main 669904] Scout.GotoCenter -> Scout.Query | return to random walk
