[6 INFO main 28] Initialising Python Geth Console...
[6 INFO main 34] Initialising RandB board...
[6 INFO main 35] Initialising navigation...
[6 INFO main 35] Initialising random-walk...
[6 INFO main 35] Initialising odometry...
[6 INFO main 35] Initialising ground-sensors...
[6 INFO main 806] --//-- Starting Experiment --//--
[6 INFO main 1905] Idle.IDLE -> Scout.Query | Duration: 18.22
[6 INFO main 10997] Scout.Query -> Scout.GotoCenter | Drive to others reported pos
[6 INFO main 29054] Scout.GotoCenter -> Scout.Query | return to random walk
[6 INFO main 89918] Scout.Query -> Scout.GotoCenter | Drive to others reported pos
[6 INFO main 127005] Scout.GotoCenter -> Scout.Query | return to random walk
[6 INFO main 208882] Scout.Query -> Scout.GotoCenter | Drive to others reported pos
[6 INFO main 253535] Scout.GotoCenter -> Scout.Query | return to random walk
[6 INFO main 309288] Scout.Query -> Scout.GotoCenter | Drive to others reported pos
[6 INFO main 357857] Scout.GotoCenter -> Scout.Query | return to random walk
[6 INFO main 469083] Scout.Query -> Scout.GotoCenter | Drive to others reported pos
[6 INFO main 527400] Scout.GotoCenter -> Scout.Query | return to random walk
[6 INFO main 568160] Scout.Query -> Scout.GotoCenter | Drive to others reported pos
[6 INFO main 578384] Scout.GotoCenter -> Scout.Query | return to random walk
[6 INFO main 634188] Scout.Query -> Scout.GotoCenter | Drive to others reported pos
[6 INFO main 678229] Scout.GotoCenter -> Scout.Query | return to random walk
[6 INFO main 713789] Scout.Query -> Scout.GotoCenter | Drive to others reported pos
[6 INFO main 734072] Scout.GotoCenter -> Scout.Query | return to random walk
[6 INFO main 779934] Scout.Query -> Scout.GotoCenter | Drive to others reported pos
[6 INFO main 842118] Scout.GotoCenter -> Scout.Query | return to random walk
[6 INFO main 878094] Scout.Query -> Scout.GotoCenter | Drive to others reported pos
[6 INFO main 893555] Scout.GotoCenter -> Scout.Query | return to random walk
[6 INFO main 939391] Scout.Query -> Scout.GotoCenter | Drive to others reported pos
