[2 INFO main 29] Initialising Python Geth Console...
[2 INFO main 34] Initialising RandB board...
[2 INFO main 34] Initialising navigation...
[2 INFO main 34] Initialising random-walk...
[2 INFO main 34] Initialising odometry...
[2 INFO main 34] Initialising ground-sensors...
[2 INFO main 812] --//-- Starting Experiment --//--
[2 INFO main 2151] Idle.IDLE -> Scout.Query | Duration: 26.28
[2 INFO main 12492] Scout.Query -> Scout.PrepSend | Homing
[2 INFO main 12705] Scout.PrepSend -> Verify.Homing | Homing
[2 INFO main 24679] Verify.Homing -> Scout.Query | Arrived home
[2 INFO main 31158] Confirming: 1/9
[2 INFO main 33189] Confirming: 2/9
[2 INFO main 35265] Confirming: 3/9
[2 INFO main 37329] Confirming: 4/9
[2 INFO main 39377] Confirming: 5/9
[2 INFO main 41425] Confirming: 6/9
[2 INFO main 43493] Confirming: 7/9
[2 INFO main 45498] Confirming: 8/9
[2 INFO main 47597] Confirming: 9/9
[2 INFO main 47957] Scout.Query -> Verify.DriveTo | Go to unverified source
[2 INFO main 99521] Verify.DriveTo -> Verify.Homing | Homing
[2 INFO main 118673] Verify.Homing -> Scout.Query | Arrived home
[2 INFO main 120588] Confirming: 1/9
[2 INFO main 122607] Confirming: 2/9
[2 INFO main 126649] Confirming: 4/9
[2 INFO main 128653] Confirming: 5/9
[2 INFO main 130732] Confirming: 6/9
[2 INFO main 132741] Confirming: 7/9
[2 INFO main 134901] Confirming: 8/9
[2 INFO main 137000] Confirming: 9/9
[2 INFO main 137170] Scout.Query -> Verify.DriveTo | Go to unverified source
