[6 INFO main 29] Initialising Python Geth Console...
[6 INFO main 33] Initialising RandB board...
[6 INFO main 33] Initialising navigation...
[6 INFO main 33] Initialising random-walk...
[6 INFO main 33] Initialising odometry...
[6 INFO main 33] Initialising ground-sensors...
[6 INFO main 915] --//-- Starting Experiment --//--
[6 INFO main 2016] Idle.IDLE -> Scout.Query | Duration: 19.40
[6 INFO main 51982] Scout.Query -> Scout.GotoCenter | Drive to others reported pos
[6 INFO main 56388] Scout.GotoCenter -> Scout.Query | return to random walk
[6 INFO main 57191] Scout.Query -> Scout.GotoCenter | Drive to others reported pos
[6 INFO main 58590] Scout.GotoCenter -> Scout.Query | return to random walk
[6 INFO main 59295] Scout.Query -> Scout.GotoCenter | Drive to others reported pos
[6 INFO main 60497] Scout.GotoCenter -> Scout.Query | return to random walk
[6 INFO main 61297] Scout.Query -> Scout.GotoCenter | Drive to others reported pos
[6 INFO main 61991] Scout.GotoCenter -> Scout.Query | return to random walk
[6 INFO main 62298] Scout.Query -> Scout.GotoCenter | Drive to others reported pos
[6 INFO main 62395] Scout.GotoCenter -> Scout.Query | return to random walk
[6 INFO main 63299] Scout.Query -> Scout.GotoCenter | Drive to others reported pos
[6 INFO main 64300] Scout.GotoCenter -> Scout.Query | return to random walk
[6 INFO main 183451] Scout.Query -> Scout.GotoCenter | Drive to others reported pos
[6 INFO main 210382] Scout.GotoCenter -> Scout.Query | return to random walk
[6 INFO main 211184] Scout.Query -> Scout.GotoCenter | Drive to others reported pos
[6 INFO main 213687] Scout.GotoCenter -> Scout.Query | return to random walk
