[11 INFO main 27] Initialising Python Geth Console...
[11 INFO main 32] Initialising RandB board...
[11 INFO main 32] Initialising navigation...
[11 INFO main 32] Initialising random-walk...
[11 INFO main 32] Initialising odometry...
[11 INFO main 32] Initialising ground-sensors...
[11 INFO main 327] --//-- Starting Experiment --//--
[11 INFO main 1839] Idle.IDLE -> Scout.Query | Duration: 28.86
[11 INFO main 11067] Scout.Query -> Verify.DriveTo | Go to unverified source
[11 INFO main 124343] Verify.DriveTo -> Verify.Homing | Homing
[11 INFO main 136951] Confirming: 1/9
[11 INFO main 140933] Confirming: 3/9
[11 INFO main 151348] Confirming: 8/9
[11 INFO main 152909] Verify.Homing -> Scout.Query | Arrived home
[11 INFO main 153440] Confirming: 9/9
[11 INFO main 154123] Scout.Query -> Verify.DriveTo | Go to unverified source
[11 INFO main 213054] Verify.DriveTo -> Verify.Homing | Homing
[11 INFO main 227586] Confirming: 1/9
[11 INFO main 229606] Confirming: 2/9
[11 INFO main 231661] Confirming: 3/9
[11 INFO main 233803] Confirming: 4/9
[11 INFO main 234676] Verify.Homing -> Scout.Query | Arrived home
[11 INFO main 236056] Confirming: 6/9
[11 INFO main 238126] Confirming: 7/9
[11 INFO main 240167] Confirming: 8/9
[11 INFO main 242229] Confirming: 9/9
[11 INFO main 242686] Scout.Query -> Verify.DriveTo | Go to unverified source
[11 INFO main 250711] Verify.DriveTo -> Verify.Homing | Homing
[11 INFO main 271287] Confirming: 1/9
[11 INFO main 273384] Confirming: 2/9
[11 INFO main 275484] Confirming: 3/9
[11 INFO main 277628] Confirming: 4/9
[11 INFO main 279708] Confirming: 5/9
[11 INFO main 281783] Confirming: 6/9
[11 INFO main 281863] Verify.Homing -> Scout.Query | Arrived home
[11 INFO main 283847] Confirming: 7/9
[11 INFO main 285923] Confirming: 9/9
[11 INFO main 286051] Scout.Query -> Verify.DriveTo | Go to unverified source
[11 INFO main 343173] Verify.DriveTo -> Verify.Homing | Homing
[11 INFO main 366259] Verify.Homing -> Scout.Query | Arrived home
[11 INFO main 376095] Confirming: 1/9
[11 INFO main 380228] Confirming: 3/9
[11 INFO main 382232] Confirming: 4/9
[11 INFO main 384292] Confirming: 5/9
[11 INFO main 386344] Confirming: 6/9
[11 INFO main 390430] Confirming: 8/9
[11 INFO main 392463] Confirming: 9/9
[11 INFO main 392640] Scout.Query -> Verify.DriveTo | Go to unverified source
[11 INFO main 416494] Verify.DriveTo -> Verify.Homing | Homing
[11 INFO main 437214] Confirming: 1/9
[11 INFO main 439290] Confirming: 2/9
[11 INFO main 441342] Confirming: 3/9
[11 INFO main 443394] Confirming: 4/9
[11 INFO main 445390] Confirming: 5/9
[11 INFO main 447397] Confirming: 6/9
[11 INFO main 449462] Confirming: 7/9
[11 INFO main 451488] Confirming: 8/9
[11 INFO main 453582] Confirming: 9/9
[11 INFO main 474278] Verify.Homing -> Scout.Query | Arrived home
[11 INFO main 474413] Scout.Query -> Verify.DriveTo | Go to unverified source
[11 INFO main 493239] Verify.DriveTo -> Verify.Homing | Homing
[11 INFO main 501849] Verify.Homing -> Scout.Query | Arrived home
[11 INFO main 526422] Confirming: 1/9
[11 INFO main 528424] Confirming: 2/9
[11 INFO main 530506] Confirming: 3/9
[11 INFO main 532520] Confirming: 4/9
[11 INFO main 534762] Confirming: 5/9
[11 INFO main 536823] Confirming: 6/9
[11 INFO main 538846] Confirming: 7/9
[11 INFO main 541085] Confirming: 8/9
[11 INFO main 543289] Confirming: 9/9
[11 INFO main 543845] Scout.Query -> Verify.DriveTo | Go to unverified source
[11 INFO main 578139] Verify.DriveTo -> Verify.Homing | Homing
[11 INFO main 614515] Verify.Homing -> Scout.Query | Arrived home
[11 INFO main 617947] Confirming: 2/9
[11 INFO main 619948] Confirming: 3/9
[11 INFO main 622009] Confirming: 4/9
[11 INFO main 624102] Confirming: 5/9
[11 INFO main 626140] Confirming: 6/9
[11 INFO main 628270] Confirming: 7/9
[11 INFO main 632357] Confirming: 9/9
[11 INFO main 633504] Scout.Query -> Verify.DriveTo | Go to unverified source
[11 INFO main 782004] Verify.DriveTo -> Verify.Homing | Homing
[11 INFO main 798638] Confirming: 1/9
[11 INFO main 800685] Confirming: 2/9
[11 INFO main 802696] Confirming: 3/9
[11 INFO main 804722] Confirming: 4/9
[11 INFO main 806762] Confirming: 5/9
[11 INFO main 808830] Confirming: 6/9
[11 INFO main 809390] Verify.Homing -> Scout.Query | Arrived home
[11 INFO main 810895] Confirming: 8/9
[11 INFO main 813101] Confirming: 9/9
[11 INFO main 813883] Scout.Query -> Verify.DriveTo | Go to unverified source
[11 INFO main 817237] Verify.DriveTo -> Verify.Homing | Homing
[11 INFO main 823163] Verify.Homing -> Scout.Query | Arrived home
[11 INFO main 827760] Confirming: 1/9
[11 INFO main 829725] Confirming: 2/9
[11 INFO main 831792] Confirming: 3/9
[11 INFO main 833863] Confirming: 4/9
[11 INFO main 835954] Confirming: 5/9
[11 INFO main 838042] Confirming: 6/9
[11 INFO main 840167] Confirming: 7/9
[11 INFO main 842236] Confirming: 8/9
[11 INFO main 844312] Confirming: 9/9
[11 INFO main 844675] Scout.Query -> Verify.DriveTo | Go to unverified source
[11 INFO main 934602] Verify.DriveTo -> Verify.Homing | Homing
[11 INFO main 947130] Confirming: 1/9
[11 INFO main 949200] Confirming: 2/9
[11 INFO main 953331] Confirming: 4/9
[11 INFO main 955380] Confirming: 5/9
[11 INFO main 957417] Confirming: 6/9
[11 INFO main 958108] Verify.Homing -> Scout.Query | Arrived home
[11 INFO main 959500] Confirming: 7/9
[11 INFO main 961508] Confirming: 8/9
[11 INFO main 965701] Confirming: 10/9
[11 INFO main 966441] Scout.Query -> Verify.DriveTo | Go to unverified source
[11 INFO main 1042070] Verify.DriveTo -> Verify.Homing | Homing
[11 INFO main 1067730] Confirming: 1/9
[11 INFO main 1069977] Confirming: 2/9
[11 INFO main 1071981] Confirming: 3/9
[11 INFO main 1074067] Confirming: 4/9
[11 INFO main 1076155] Confirming: 5/9
[11 INFO main 1076445] Verify.Homing -> Scout.Query | Arrived home
[11 INFO main 1078178] Confirming: 6/9
[11 INFO main 1080268] Confirming: 7/9
[11 INFO main 1082336] Confirming: 8/9
[11 INFO main 1084506] Confirming: 9/9
[11 INFO main 1084628] Scout.Query -> Verify.DriveTo | Go to unverified source
[11 INFO main 1120997] Verify.DriveTo -> Verify.Homing | Homing
[11 INFO main 1129587] Confirming: 2/9
[11 INFO main 1131656] Confirming: 3/9
[11 INFO main 1133733] Confirming: 4/9
[11 INFO main 1135802] Confirming: 5/9
[11 INFO main 1137856] Confirming: 6/9
[11 INFO main 1139898] Confirming: 7/9
[11 INFO main 1140331] Verify.Homing -> Scout.Query | Arrived home
[11 INFO main 1141939] Confirming: 8/9
[11 INFO main 1143991] Confirming: 9/9
[11 INFO main 1144024] Scout.Query -> Verify.DriveTo | Go to unverified source
[11 INFO main 1240796] Verify.DriveTo -> Verify.Homing | Homing
[11 INFO main 1247070] Confirming: 1/9
[11 INFO main 1249139] Confirming: 2/9
[11 INFO main 1253207] Confirming: 4/9
[11 INFO main 1255280] Confirming: 5/9
[11 INFO main 1257318] Confirming: 6/9
[11 INFO main 1259350] Confirming: 7/9
[11 INFO main 1261410] Confirming: 8/9
[11 INFO main 1265648] Confirming: 9/9
[11 INFO main 1265651] Verify.Homing -> Scout.Query | Arrived home
[11 INFO main 1265934] Scout.Query -> Verify.DriveTo | Go to unverified source
[11 INFO main 1312585] Verify.DriveTo -> Verify.Homing | Homing
[11 INFO main 1337423] Confirming: 1/9
[11 INFO main 1338456] Verify.Homing -> Scout.Query | Arrived home
[11 INFO main 1339527] Confirming: 2/9
[11 INFO main 1341665] Confirming: 3/9
[11 INFO main 1345720] Confirming: 5/9
[11 INFO main 1347770] Confirming: 6/9
[11 INFO main 1350027] Confirming: 7/9
[11 INFO main 1352033] Confirming: 8/9
[11 INFO main 1354053] Confirming: 9/9
[11 INFO main 1354810] Scout.Query -> Verify.DriveTo | Go to unverified source
[11 INFO main 1418697] Verify.DriveTo -> Verify.Homing | Homing
[11 INFO main 1427043] Confirming: 1/9
[11 INFO main 1429128] Confirming: 2/9
[11 INFO main 1431171] Confirming: 3/9
[11 INFO main 1433176] Confirming: 4/9
[11 INFO main 1435355] Confirming: 5/9
[11 INFO main 1437403] Confirming: 6/9
[11 INFO main 1439415] Confirming: 7/9
[11 INFO main 1441449] Confirming: 8/9
[11 INFO main 1441531] Verify.Homing -> Scout.Query | Arrived home
[11 INFO main 1443466] Confirming: 9/9
[11 INFO main 1443760] Scout.Query -> Verify.DriveTo | Go to unverified source
[11 INFO main 1482327] Verify.DriveTo -> Verify.Homing | Homing
[11 INFO main 1488600] Confirming: 1/9
[11 INFO main 1490615] Confirming: 2/9
[11 INFO main 1492681] Confirming: 3/9
[11 INFO main 1494798] Confirming: 4/9
[11 INFO main 1496856] Confirming: 5/9
[11 INFO main 1498873] Confirming: 7/9
[11 INFO main 1500966] Confirming: 8/9
[11 INFO main 1503023] Confirming: 9/9
[11 INFO main 1505111] Verify.Homing -> Scout.Query | Arrived home
[11 INFO main 1505389] Scout.Query -> Verify.DriveTo | Go to unverified source
[11 INFO main 1523537] Verify.DriveTo -> Verify.Homing | Homing
[11 INFO main 1539894] Verify.Homing -> Scout.Query | Arrived home
[11 INFO main 1548528] Confirming: 1/9
[11 INFO main 1550615] Confirming: 2/9
[11 INFO main 1552664] Confirming: 3/9
[11 INFO main 1554688] Confirming: 4/9
[11 INFO main 1556772] Confirming: 5/9
[11 INFO main 1558790] Confirming: 6/9
[11 INFO main 1560828] Confirming: 7/9
[11 INFO main 1562860] Confirming: 8/9
[11 INFO main 1564916] Confirming: 10/9
[11 INFO main 1565267] Scout.Query -> Verify.DriveTo | Go to unverified source
[11 INFO main 1638296] Verify.DriveTo -> Verify.Homing | Homing
[11 INFO main 1665640] Verify.Homing -> Scout.Query | Arrived home
[11 INFO main 1667728] Confirming: 1/9
[11 INFO main 1669827] Confirming: 2/9
[11 INFO main 1671887] Confirming: 3/9
[11 INFO main 1674155] Confirming: 4/9
[11 INFO main 1676167] Confirming: 5/9
[11 INFO main 1678247] Confirming: 6/9
[11 INFO main 1680262] Confirming: 7/9
[11 INFO main 1682341] Confirming: 8/9
[11 INFO main 1684448] Confirming: 9/9
[11 INFO main 1684795] Scout.Query -> Verify.DriveTo | Go to unverified source
[11 INFO main 1716313] Verify.DriveTo -> Verify.Homing | Homing
[11 INFO main 1726808] Verify.Homing -> Scout.Query | Arrived home
[11 INFO main 1728809] Confirming: 1/9
[11 INFO main 1730840] Confirming: 2/9
[11 INFO main 1732962] Confirming: 4/9
[11 INFO main 1735049] Confirming: 5/9
[11 INFO main 1737097] Confirming: 6/9
[11 INFO main 1739156] Confirming: 7/9
[11 INFO main 1741230] Confirming: 8/9
[11 INFO main 1743258] Confirming: 9/9
[11 INFO main 1743881] Scout.Query -> Verify.DriveTo | Go to unverified source
[11 INFO main 1773402] Verify.DriveTo -> Verify.Homing | Homing
[11 INFO main 1787958] Confirming: 1/9
[11 INFO main 1789849] Verify.Homing -> Scout.Query | Arrived home
[11 INFO main 1790063] Confirming: 2/9
[11 INFO main 1792108] Confirming: 3/9
[11 INFO main 1794169] Confirming: 4/9
[11 INFO main 1796235] Confirming: 5/9
[11 INFO main 1798255] Confirming: 6/9
[11 INFO main 1800294] Confirming: 7/9
