[2 INFO main 29] Initialising Python Geth Console...
[2 INFO main 33] Initialising RandB board...
[2 INFO main 34] Initialising navigation...
[2 INFO main 34] Initialising random-walk...
[2 INFO main 34] Initialising odometry...
[2 INFO main 34] Initialising ground-sensors...
[2 INFO main 787] --//-- Starting Experiment --//--
[2 INFO main 1890] Idle.IDLE -> Scout.Query | Duration: 19.20
[2 INFO main 36185] Scout.Query -> Scout.GotoCenter | Drive to others reported pos
[2 INFO main 54775] Scout.GotoCenter -> Scout.Query | return to random walk
[2 INFO main 125512] Scout.Query -> Scout.GotoCenter | Drive to others reported pos
[2 INFO main 170144] Scout.GotoCenter -> Scout.Query | return to random walk
[2 INFO main 195369] Scout.Query -> Scout.GotoCenter | Drive to others reported pos
[2 INFO main 236452] Scout.GotoCenter -> Scout.Query | return to random walk
[2 INFO main 317818] Scout.Query -> Scout.GotoCenter | Drive to others reported pos
[2 INFO main 357342] Scout.GotoCenter -> Scout.Query | return to random walk
[2 INFO main 397971] Scout.Query -> Scout.GotoCenter | Drive to others reported pos
[2 INFO main 416757] Scout.GotoCenter -> Scout.Query | return to random walk
[2 INFO main 447460] Scout.Query -> Scout.GotoCenter | Drive to others reported pos
[2 INFO main 473106] Scout.GotoCenter -> Scout.Query | return to random walk
[2 INFO main 529135] Scout.Query -> Scout.GotoCenter | Drive to others reported pos
[2 INFO main 560763] Scout.GotoCenter -> Scout.Query | return to random walk
[2 INFO main 601302] Scout.Query -> Scout.GotoCenter | Drive to others reported pos
[2 INFO main 645377] Scout.GotoCenter -> Scout.Query | return to random walk
[2 INFO main 665761] Scout.Query -> Scout.GotoCenter | Drive to others reported pos
[2 INFO main 686550] Scout.GotoCenter -> Scout.Query | return to random walk
