[9 INFO main 52] Initialising Python Geth Console...
[9 INFO main 56] Initialising RandB board...
[9 INFO main 56] Initialising navigation...
[9 INFO main 56] Initialising random-walk...
[9 INFO main 56] Initialising odometry...
[9 INFO main 56] Initialising ground-sensors...
[9 INFO main 817] --//-- Starting Experiment --//--
[9 INFO main 1929] Idle.IDLE -> Scout.Query | Duration: 19.71
[9 INFO main 111157] Scout.Query -> Scout.GotoCenter | Drive to others reported pos
[9 INFO main 114457] Scout.GotoCenter -> Scout.Query | return to random walk
[9 INFO main 115369] Scout.Query -> Scout.GotoCenter | Drive to others reported pos
[9 INFO main 118669] Scout.GotoCenter -> Scout.Query | return to random walk
[9 INFO main 119573] Scout.Query -> Scout.GotoCenter | Drive to others reported pos
[9 INFO main 122675] Scout.GotoCenter -> Scout.Query | return to random walk
[9 INFO main 123679] Scout.Query -> Scout.GotoCenter | Drive to others reported pos
[9 INFO main 126973] Scout.GotoCenter -> Scout.Query | return to random walk
[9 INFO main 127882] Scout.Query -> Scout.GotoCenter | Drive to others reported pos
[9 INFO main 127982] Scout.GotoCenter -> Scout.Query | return to random walk
[9 INFO main 128882] Scout.Query -> Scout.GotoCenter | Drive to others reported pos
[9 INFO main 129784] Scout.GotoCenter -> Scout.Query | return to random walk
[9 INFO main 129883] Scout.Query -> Scout.GotoCenter | Drive to others reported pos
[9 INFO main 132987] Scout.GotoCenter -> Scout.Query | return to random walk
[9 INFO main 133990] Scout.Query -> Scout.GotoCenter | Drive to others reported pos
[9 INFO main 134193] Scout.GotoCenter -> Scout.Query | return to random walk
[9 INFO main 135091] Scout.Query -> Scout.GotoCenter | Drive to others reported pos
[9 INFO main 135584] Scout.GotoCenter -> Scout.Query | return to random walk
[9 INFO main 136091] Scout.Query -> Scout.GotoCenter | Drive to others reported pos
[9 INFO main 136696] Scout.GotoCenter -> Scout.Query | return to random walk
