[14 INFO main 26] Initialising Python Geth Console...
[14 INFO main 31] Initialising RandB board...
[14 INFO main 31] Initialising navigation...
[14 INFO main 31] Initialising random-walk...
[14 INFO main 32] Initialising odometry...
[14 INFO main 32] Initialising ground-sensors...
[14 INFO main 102] --//-- Starting Experiment --//--
[14 INFO main 1587] Idle.IDLE -> Scout.Query | Duration: 23.97
[14 INFO main 25724] Scout.Query -> Verify.DriveTo | Go to unverified source
[14 INFO main 106343] Verify.DriveTo -> Verify.Homing | Homing
[14 INFO main 110589] Verify.Homing -> Scout.Query | Arrived home
[14 INFO main 120684] Confirming: 1/9
[14 INFO main 122708] Confirming: 2/9
[14 INFO main 124713] Confirming: 3/9
[14 INFO main 126731] Confirming: 4/9
[14 INFO main 128858] Confirming: 5/9
[14 INFO main 130928] Confirming: 6/9
[14 INFO main 132971] Confirming: 7/9
[14 INFO main 134974] Confirming: 8/9
[14 INFO main 137019] Confirming: 9/9
[14 INFO main 137021] Scout.Query -> Scout.PrepSend | Homing
[14 INFO main 137156] Scout.PrepSend -> Verify.Homing | Homing
[14 INFO main 163822] Verify.Homing -> Scout.Query | Arrived home
[14 INFO main 172466] Confirming: 1/9
[14 INFO main 174547] Confirming: 2/9
[14 INFO main 176614] Confirming: 3/9
[14 INFO main 178674] Confirming: 4/9
[14 INFO main 181073] Confirming: 5/9
[14 INFO main 183083] Confirming: 6/9
[14 INFO main 185146] Confirming: 7/9
[14 INFO main 187165] Confirming: 8/9
[14 INFO main 189197] Confirming: 9/9
[14 INFO main 189565] Scout.Query -> Verify.DriveTo | Go to unverified source
[14 INFO main 254440] Verify.DriveTo -> Verify.Homing | Homing
[14 INFO main 271360] Confirming: 1/9
[14 INFO main 271419] Verify.Homing -> Scout.Query | Arrived home
[14 INFO main 273363] Confirming: 2/9
[14 INFO main 275403] Confirming: 3/9
[14 INFO main 277496] Confirming: 4/9
[14 INFO main 279559] Confirming: 5/9
[14 INFO main 281631] Confirming: 6/9
[14 INFO main 283698] Confirming: 8/9
[14 INFO main 285648] Confirming: 9/9
[14 INFO main 285735] Scout.Query -> Verify.DriveTo | Go to unverified source
[14 INFO main 325857] Verify.DriveTo -> Verify.Homing | Homing
[14 INFO main 348628] Verify.Homing -> Scout.Query | Arrived home
[14 INFO main 361537] Confirming: 1/9
[14 INFO main 363587] Confirming: 2/9
[14 INFO main 365664] Confirming: 4/9
[14 INFO main 369712] Confirming: 6/9
[14 INFO main 371746] Confirming: 7/9
[14 INFO main 375876] Confirming: 8/9
[14 INFO main 377891] Confirming: 9/9
[14 INFO main 378785] Scout.Query -> Verify.DriveTo | Go to unverified source
[14 INFO main 424768] Verify.DriveTo -> Verify.Homing | Homing
[14 INFO main 446942] Verify.Homing -> Scout.Query | Arrived home
[14 INFO main 451825] Confirming: 1/9
[14 INFO main 453827] Confirming: 2/9
[14 INFO main 455877] Confirming: 3/9
[14 INFO main 457906] Confirming: 4/9
[14 INFO main 459928] Confirming: 5/9
[14 INFO main 462110] Confirming: 6/9
[14 INFO main 464201] Confirming: 7/9
[14 INFO main 466284] Confirming: 8/9
[14 INFO main 468357] Confirming: 9/9
[14 INFO main 468745] Scout.Query -> Verify.DriveTo | Go to unverified source
[14 INFO main 482568] Verify.DriveTo -> Verify.Homing | Homing
[14 INFO main 501832] Verify.Homing -> Scout.Query | Arrived home
[14 INFO main 511675] Confirming: 1/9
[14 INFO main 513770] Confirming: 2/9
[14 INFO main 515822] Confirming: 3/9
[14 INFO main 517953] Confirming: 4/9
[14 INFO main 520029] Confirming: 5/9
[14 INFO main 522065] Confirming: 6/9
[14 INFO main 524127] Confirming: 7/9
[14 INFO main 526151] Confirming: 8/9
[14 INFO main 528183] Confirming: 9/9
[14 INFO main 528926] Scout.Query -> Verify.DriveTo | Go to unverified source
[14 INFO main 586726] Verify.DriveTo -> Verify.Homing | Homing
[14 INFO main 600420] Verify.Homing -> Scout.Query | Arrived home
[14 INFO main 613834] Confirming: 1/9
[14 INFO main 616039] Confirming: 2/9
[14 INFO main 618055] Confirming: 3/9
[14 INFO main 620110] Confirming: 4/9
[14 INFO main 622135] Confirming: 5/9
[14 INFO main 624216] Confirming: 6/9
[14 INFO main 626255] Confirming: 7/9
[14 INFO main 628257] Confirming: 8/9
[14 INFO main 630332] Confirming: 9/9
[14 INFO main 630369] Scout.Query -> Verify.DriveTo | Go to unverified source
[14 INFO main 676163] Verify.DriveTo -> Verify.Homing | Homing
[14 INFO main 692775] Confirming: 2/9
[14 INFO main 693139] Verify.Homing -> Scout.Query | Arrived home
[14 INFO main 696905] Confirming: 4/9
[14 INFO main 698998] Confirming: 5/9
[14 INFO main 700962] Confirming: 6/9
[14 INFO main 703083] Confirming: 7/9
[14 INFO main 704998] Confirming: 8/9
[14 INFO main 707172] Confirming: 9/9
[14 INFO main 707204] Scout.Query -> Verify.DriveTo | Go to unverified source
[14 INFO main 742948] Verify.DriveTo -> Verify.Homing | Homing
[14 INFO main 781102] Confirming: 1/9
[14 INFO main 783184] Confirming: 2/9
[14 INFO main 783378] Verify.Homing -> Scout.Query | Arrived home
[14 INFO main 785269] Confirming: 3/9
[14 INFO main 787260] Confirming: 4/9
[14 INFO main 789344] Confirming: 5/9
[14 INFO main 791385] Confirming: 6/9
[14 INFO main 793551] Confirming: 7/9
[14 INFO main 795641] Confirming: 8/9
[14 INFO main 797683] Confirming: 9/9
[14 INFO main 798502] Scout.Query -> Verify.DriveTo | Go to unverified source
[14 INFO main 857916] Verify.DriveTo -> Verify.Homing | Homing
[14 INFO main 875921] Verify.Homing -> Scout.Query | Arrived home
[14 INFO main 895262] Confirming: 1/9
[14 INFO main 897355] Confirming: 2/9
[14 INFO main 901466] Confirming: 4/9
[14 INFO main 905477] Confirming: 6/9
[14 INFO main 907498] Confirming: 7/9
[14 INFO main 909537] Confirming: 8/9
[14 INFO main 911734] Confirming: 9/9
[14 INFO main 911845] Scout.Query -> Verify.DriveTo | Go to unverified source
[14 INFO main 912708] Verify.DriveTo -> Verify.Homing | Homing
[14 INFO main 923782] Verify.Homing -> Scout.Query | Arrived home
[14 INFO main 931540] Confirming: 1/9
[14 INFO main 933614] Confirming: 2/9
[14 INFO main 935708] Confirming: 3/9
[14 INFO main 937863] Confirming: 4/9
[14 INFO main 939962] Confirming: 5/9
[14 INFO main 942199] Confirming: 6/9
[14 INFO main 944250] Confirming: 7/9
[14 INFO main 946411] Confirming: 8/9
[14 INFO main 948489] Confirming: 9/9
[14 INFO main 949356] Scout.Query -> Verify.DriveTo | Go to unverified source
[14 INFO main 996963] Verify.DriveTo -> Verify.Homing | Homing
[14 INFO main 1013559] Confirming: 1/9
[14 INFO main 1015549] Confirming: 2/9
[14 INFO main 1017605] Confirming: 3/9
[14 INFO main 1019618] Confirming: 4/9
[14 INFO main 1021738] Confirming: 5/9
[14 INFO main 1023961] Confirming: 6/9
[14 INFO main 1026001] Confirming: 7/9
[14 INFO main 1028117] Confirming: 8/9
[14 INFO main 1030170] Confirming: 9/9
[14 INFO main 1044727] Verify.Homing -> Scout.Query | Arrived home
[14 INFO main 1044860] Scout.Query -> Verify.DriveTo | Go to unverified source
[14 INFO main 1116770] Verify.DriveTo -> Verify.Homing | Homing
[14 INFO main 1140725] Verify.Homing -> Scout.Query | Arrived home
[14 INFO main 1141544] Confirming: 1/9
[14 INFO main 1143641] Confirming: 2/9
[14 INFO main 1145657] Confirming: 3/9
[14 INFO main 1147723] Confirming: 4/9
[14 INFO main 1149750] Confirming: 5/9
[14 INFO main 1151814] Confirming: 6/9
[14 INFO main 1153834] Confirming: 7/9
[14 INFO main 1155940] Confirming: 8/9
[14 INFO main 1158038] Confirming: 9/9
[14 INFO main 1158071] Scout.Query -> Verify.DriveTo | Go to unverified source
[14 INFO main 1213185] Verify.DriveTo -> Verify.Homing | Homing
[14 INFO main 1231890] Confirming: 1/9
[14 INFO main 1233922] Confirming: 2/9
[14 INFO main 1235944] Confirming: 3/9
[14 INFO main 1238014] Confirming: 4/9
[14 INFO main 1240065] Confirming: 5/9
[14 INFO main 1242116] Confirming: 6/9
[14 INFO main 1244207] Confirming: 7/9
[14 INFO main 1246294] Confirming: 8/9
[14 INFO main 1248306] Confirming: 9/9
[14 INFO main 1249435] Verify.Homing -> Scout.Query | Arrived home
[14 INFO main 1249550] Scout.Query -> Verify.DriveTo | Go to unverified source
[14 INFO main 1320511] Verify.DriveTo -> Verify.Homing | Homing
[14 INFO main 1351950] Confirming: 1/9
[14 INFO main 1353983] Confirming: 2/9
[14 INFO main 1356266] Confirming: 3/9
[14 INFO main 1358290] Confirming: 4/9
[14 INFO main 1360338] Confirming: 5/9
[14 INFO main 1362399] Confirming: 6/9
[14 INFO main 1364482] Confirming: 7/9
[14 INFO main 1366510] Confirming: 8/9
[14 INFO main 1368558] Confirming: 9/9
[14 INFO main 1390075] Verify.Homing -> Scout.Query | Arrived home
[14 INFO main 1390243] Scout.Query -> Verify.DriveTo | Go to unverified source
[14 INFO main 1474261] Verify.DriveTo -> Verify.Homing | Homing
[14 INFO main 1493338] Verify.Homing -> Scout.Query | Arrived home
[14 INFO main 1501350] Confirming: 1/9
[14 INFO main 1503364] Confirming: 2/9
[14 INFO main 1505479] Confirming: 3/9
[14 INFO main 1507486] Confirming: 4/9
[14 INFO main 1509508] Confirming: 5/9
[14 INFO main 1511778] Confirming: 6/9
[14 INFO main 1513945] Confirming: 7/9
[14 INFO main 1515999] Confirming: 8/9
[14 INFO main 1518094] Confirming: 9/9
[14 INFO main 1518421] Scout.Query -> Verify.DriveTo | Go to unverified source
[14 INFO main 1731240] Verify.DriveTo -> Verify.Homing | Homing
[14 INFO main 1744283] Confirming: 1/9
[14 INFO main 1746378] Confirming: 2/9
[14 INFO main 1748548] Confirming: 3/9
[14 INFO main 1750553] Confirming: 4/9
[14 INFO main 1752861] Confirming: 5/9
[14 INFO main 1754930] Confirming: 6/9
[14 INFO main 1756982] Confirming: 7/9
[14 INFO main 1758993] Confirming: 8/9
[14 INFO main 1761070] Confirming: 9/9
[14 INFO main 1761348] Verify.Homing -> Scout.Query | Arrived home
[14 INFO main 1761632] Scout.Query -> Verify.DriveTo | Go to unverified source
[14 INFO main 1841574] Verify.DriveTo -> Verify.Homing | Homing
[14 INFO main 1864215] Confirming: 1/9
[14 INFO main 1865910] Verify.Homing -> Scout.Query | Arrived home
[14 INFO main 1866347] Confirming: 2/9
[14 INFO main 1868453] Confirming: 3/9
[14 INFO main 1870482] Confirming: 4/9
[14 INFO main 1872563] Confirming: 5/9
[14 INFO main 1874621] Confirming: 6/9
[14 INFO main 1876702] Confirming: 7/9
[14 INFO main 1878845] Confirming: 8/9
[14 INFO main 1880985] Confirming: 9/9
[14 INFO main 1881613] Scout.Query -> Verify.DriveTo | Go to unverified source
[14 INFO main 1923367] Verify.DriveTo -> Verify.Homing | Homing
[14 INFO main 1953906] Verify.Homing -> Scout.Query | Arrived home
[14 INFO main 1954596] Confirming: 1/9
[14 INFO main 1956606] Confirming: 2/9
[14 INFO main 1958722] Confirming: 3/9
[14 INFO main 1960872] Confirming: 4/9
[14 INFO main 1962966] Confirming: 5/9
[14 INFO main 1965021] Confirming: 6/9
[14 INFO main 1967158] Confirming: 7/9
[14 INFO main 1969197] Confirming: 8/9
[14 INFO main 1971219] Confirming: 9/9
[14 INFO main 1971265] Scout.Query -> Verify.DriveTo | Go to unverified source
[14 INFO main 2016874] Verify.DriveTo -> Verify.Homing | Homing
[14 INFO main 2045744] Confirming: 2/9
[14 INFO main 2047778] Confirming: 3/9
[14 INFO main 2049847] Confirming: 4/9
[14 INFO main 2053563] Verify.Homing -> Scout.Query | Arrived home
[14 INFO main 2053980] Confirming: 6/9
[14 INFO main 2056048] Confirming: 7/9
[14 INFO main 2058069] Confirming: 8/9
[14 INFO main 2060188] Confirming: 9/9
[14 INFO main 2060235] Scout.Query -> Verify.DriveTo | Go to unverified source
[14 INFO main 2105535] Verify.DriveTo -> Verify.Homing | Homing
[14 INFO main 2135295] Confirming: 1/9
[14 INFO main 2137403] Confirming: 2/9
[14 INFO main 2139645] Confirming: 3/9
[14 INFO main 2141683] Confirming: 5/9
[14 INFO main 2143733] Confirming: 6/9
[14 INFO main 2145746] Confirming: 7/9
[14 INFO main 2149827] Confirming: 9/9
[14 INFO main 2210459] Verify.Homing -> Scout.Query | Arrived home
[14 INFO main 2210598] Scout.Query -> Verify.DriveTo | Go to unverified source
[14 INFO main 2263934] Verify.DriveTo -> Verify.Homing | Homing
[14 INFO main 2278761] Confirming: 1/9
[14 INFO main 2280867] Confirming: 2/9
[14 INFO main 2282897] Confirming: 3/9
[14 INFO main 2285002] Confirming: 4/9
[14 INFO main 2287050] Confirming: 5/9
[14 INFO main 2289055] Confirming: 6/9
[14 INFO main 2291103] Confirming: 7/9
[14 INFO main 2293142] Confirming: 8/9
[14 INFO main 2295222] Confirming: 9/9
[14 INFO main 2295688] Verify.Homing -> Scout.Query | Arrived home
[14 INFO main 2295813] Scout.Query -> Verify.DriveTo | Go to unverified source
[14 INFO main 2320333] Verify.DriveTo -> Verify.Homing | Homing
[14 INFO main 2323061] Verify.Homing -> Scout.Query | Arrived home
[14 INFO main 2345558] Confirming: 1/9
[14 INFO main 2347683] Confirming: 2/9
[14 INFO main 2349850] Confirming: 3/9
[14 INFO main 2351888] Confirming: 5/9
[14 INFO main 2356042] Confirming: 7/9
[14 INFO main 2358152] Confirming: 8/9
[14 INFO main 2360152] Confirming: 9/9
[14 INFO main 2360665] Scout.Query -> Verify.DriveTo | Go to unverified source
[14 INFO main 2545146] Verify.DriveTo -> Verify.Homing | Homing
[14 INFO main 2555474] Confirming: 1/9
[14 INFO main 2557637] Confirming: 3/9
[14 INFO main 2559737] Confirming: 4/9
[14 INFO main 2561977] Confirming: 5/9
[14 INFO main 2563994] Confirming: 6/9
[14 INFO main 2566069] Confirming: 7/9
[14 INFO main 2568216] Confirming: 8/9
[14 INFO main 2568537] Verify.Homing -> Scout.Query | Arrived home
[14 INFO main 2572275] Confirming: 10/9
[14 INFO main 2572386] Scout.Query -> Verify.DriveTo | Go to unverified source
[14 INFO main 2812495] Verify.DriveTo -> Verify.Homing | Homing
[14 INFO main 2825030] Confirming: 1/9
[14 INFO main 2827069] Confirming: 2/9
[14 INFO main 2829147] Confirming: 3/9
[14 INFO main 2831343] Confirming: 4/9
[14 INFO main 2833523] Confirming: 5/9
[14 INFO main 2835626] Confirming: 6/9
[14 INFO main 2836215] Verify.Homing -> Scout.Query | Arrived home
[14 INFO main 2837699] Confirming: 8/9
[14 INFO main 2839811] Confirming: 9/9
[14 INFO main 2840055] Scout.Query -> Verify.DriveTo | Go to unverified source
[14 INFO main 3016360] Verify.DriveTo -> Verify.Homing | Homing
[14 INFO main 3034699] Verify.Homing -> Scout.Query | Arrived home
[14 INFO main 3035035] Confirming: 1/9
[14 INFO main 3037211] Confirming: 2/9
[14 INFO main 3039293] Confirming: 3/9
[14 INFO main 3043568] Confirming: 5/9
[14 INFO main 3045736] Confirming: 6/9
[14 INFO main 3047742] Confirming: 7/9
[14 INFO main 3050101] Confirming: 8/9
[14 INFO main 3052272] Confirming: 9/9
[14 INFO main 3052337] Scout.Query -> Verify.DriveTo | Go to unverified source
[14 INFO main 3152160] Verify.DriveTo -> Verify.Homing | Homing
[14 INFO main 3185527] Confirming: 1/9
[14 INFO main 3185764] Verify.Homing -> Scout.Query | Arrived home
[14 INFO main 3187609] Confirming: 2/9
[14 INFO main 3189780] Confirming: 3/9
[14 INFO main 3192260] Confirming: 4/9
[14 INFO main 3194395] Confirming: 5/9
[14 INFO main 3196582] Confirming: 6/9
[14 INFO main 3198660] Confirming: 8/9
[14 INFO main 3200694] Confirming: 9/9
[14 INFO main 3200744] Scout.Query -> Verify.DriveTo | Go to unverified source
[14 INFO main 3347686] Verify.DriveTo -> Verify.Homing | Homing
[14 INFO main 3366221] Confirming: 1/9
[14 INFO main 3368259] Confirming: 2/9
[14 INFO main 3370363] Confirming: 3/9
[14 INFO main 3370363] Verify.Homing -> Scout.Query | Arrived home
[14 INFO main 3372426] Confirming: 4/9
[14 INFO main 3374530] Confirming: 5/9
[14 INFO main 3376645] Confirming: 6/9
[14 INFO main 3378747] Confirming: 8/9
[14 INFO main 3380815] Confirming: 9/9
[14 INFO main 3381008] Scout.Query -> Verify.DriveTo | Go to unverified source
[14 INFO main 3479823] Verify.DriveTo -> Verify.Homing | Homing
[14 INFO main 3486234] Confirming: 1/9
[14 INFO main 3488317] Confirming: 2/9
[14 INFO main 3490545] Confirming: 3/9
[14 INFO main 3492589] Confirming: 4/9
[14 INFO main 3494929] Confirming: 6/9
[14 INFO main 3499275] Confirming: 8/9
[14 INFO main 3501338] Confirming: 9/9
[14 INFO main 3566261] Verify.Homing -> Scout.Query | Arrived home
[14 INFO main 3566319] Scout.Query -> Verify.DriveTo | Go to unverified source
[14 INFO main 3664550] Verify.DriveTo -> Verify.Homing | Homing
[14 INFO main 3682574] Verify.Homing -> Scout.Query | Arrived home
[14 INFO main 3726910] Confirming: 1/9
[14 INFO main 3728942] Confirming: 2/9
[14 INFO main 3739214] Confirming: 7/9
[14 INFO main 3741276] Confirming: 9/9
[14 INFO main 3742172] Scout.Query -> Verify.DriveTo | Go to unverified source
[14 INFO main 3908039] Verify.DriveTo -> Verify.Homing | Homing
[14 INFO main 3935551] Confirming: 1/9
[14 INFO main 3937580] Confirming: 2/9
[14 INFO main 3939808] Confirming: 3/9
[14 INFO main 3939808] Verify.Homing -> Scout.Query | Arrived home
[14 INFO main 3941984] Confirming: 4/9
[14 INFO main 3944001] Confirming: 5/9
[14 INFO main 3946266] Confirming: 6/9
[14 INFO main 3948362] Confirming: 7/9
[14 INFO main 3950472] Confirming: 8/9
[14 INFO main 3952728] Confirming: 9/9
[14 INFO main 3953575] Scout.Query -> Verify.DriveTo | Go to unverified source
[14 INFO main 4106920] Verify.DriveTo -> Verify.Homing | Homing
[14 INFO main 4115108] Confirming: 1/9
[14 INFO main 4117304] Confirming: 2/9
[14 INFO main 4119408] Confirming: 3/9
[14 INFO main 4121478] Confirming: 4/9
[14 INFO main 4123581] Confirming: 5/9
[14 INFO main 4125674] Confirming: 6/9
[14 INFO main 4127691] Confirming: 7/9
[14 INFO main 4129717] Confirming: 8/9
[14 INFO main 4131783] Confirming: 9/9
[14 INFO main 4144322] Verify.Homing -> Scout.Query | Arrived home
[14 INFO main 4144718] Scout.Query -> Verify.DriveTo | Go to unverified source
[14 INFO main 4245661] Verify.DriveTo -> Verify.Homing | Homing
[14 INFO main 4266706] Confirming: 2/9
[14 INFO main 4268822] Confirming: 3/9
[14 INFO main 4270881] Confirming: 4/9
[14 INFO main 4275068] Confirming: 6/9
[14 INFO main 4277420] Confirming: 7/9
[14 INFO main 4279515] Confirming: 8/9
[14 INFO main 4281647] Confirming: 9/9
[14 INFO main 4288879] Verify.Homing -> Scout.Query | Arrived home
[14 INFO main 4289030] Scout.Query -> Verify.DriveTo | Go to unverified source
[14 INFO main 4392924] Verify.DriveTo -> Verify.Homing | Homing
[14 INFO main 4415958] Confirming: 1/9
[14 INFO main 4418115] Confirming: 2/9
[14 INFO main 4420217] Confirming: 3/9
[14 INFO main 4422248] Confirming: 4/9
[14 INFO main 4424357] Confirming: 5/9
[14 INFO main 4426636] Confirming: 7/9
[14 INFO main 4430651] Confirming: 8/9
[14 INFO main 4431180] Verify.Homing -> Scout.Query | Arrived home
[14 INFO main 4432645] Confirming: 10/9
[14 INFO main 4433551] Scout.Query -> Verify.DriveTo | Go to unverified source
[14 INFO main 4607147] Verify.DriveTo -> Verify.Homing | Homing
[14 INFO main 4617646] Confirming: 1/9
[14 INFO main 4619661] Confirming: 2/9
[14 INFO main 4621815] Confirming: 4/9
[14 INFO main 4625915] Confirming: 5/9
[14 INFO main 4627987] Confirming: 7/9
[14 INFO main 4630051] Confirming: 8/9
[14 INFO main 4632106] Confirming: 9/9
[14 INFO main 4632569] Verify.Homing -> Scout.Query | Arrived home
[14 INFO main 4632882] Scout.Query -> Verify.DriveTo | Go to unverified source
[14 INFO main 4707185] Verify.DriveTo -> Verify.Homing | Homing
[14 INFO main 4717767] Confirming: 1/9
[14 INFO main 4719731] Confirming: 2/9
[14 INFO main 4721835] Confirming: 4/9
[14 INFO main 4726184] Confirming: 6/9
[14 INFO main 4728199] Confirming: 7/9
[14 INFO main 4730294] Confirming: 8/9
[14 INFO main 4732502] Confirming: 9/9
[14 INFO main 4744276] Verify.Homing -> Scout.Query | Arrived home
[14 INFO main 4744345] Scout.Query -> Verify.DriveTo | Go to unverified source
[14 INFO main 4854751] Verify.DriveTo -> Verify.Homing | Homing
[14 INFO main 4867800] Confirming: 2/9
[14 INFO main 4872141] Confirming: 4/9
[14 INFO main 4874429] Confirming: 5/9
[14 INFO main 4876439] Confirming: 6/9
[14 INFO main 4878503] Confirming: 7/9
[14 INFO main 4880868] Confirming: 8/9
[14 INFO main 4882912] Confirming: 9/9
[14 INFO main 4884212] Verify.Homing -> Scout.Query | Arrived home
[14 INFO main 4884432] Scout.Query -> Verify.DriveTo | Go to unverified source
[14 INFO main 4897046] Verify.DriveTo -> Verify.Homing | Homing
[14 INFO main 4908289] Verify.Homing -> Scout.Query | Arrived home
[14 INFO main 4926969] Confirming: 1/9
[14 INFO main 4929056] Confirming: 2/9
[14 INFO main 4931253] Confirming: 3/9
[14 INFO main 4933497] Confirming: 4/9
[14 INFO main 4935518] Confirming: 5/9
[14 INFO main 4937929] Confirming: 7/9
[14 INFO main 4939990] Confirming: 8/9
[14 INFO main 4942407] Confirming: 9/9
[14 INFO main 4943185] Scout.Query -> Verify.DriveTo | Go to unverified source
[14 INFO main 5118771] Verify.DriveTo -> Verify.Homing | Homing
[14 INFO main 5136714] Confirming: 1/9
[14 INFO main 5138844] Confirming: 2/9
[14 INFO main 5140878] Confirming: 3/9
[14 INFO main 5142886] Confirming: 4/9
[14 INFO main 5144945] Confirming: 5/9
[14 INFO main 5147182] Confirming: 6/9
[14 INFO main 5149503] Confirming: 7/9
[14 INFO main 5151510] Confirming: 8/9
[14 INFO main 5153558] Confirming: 9/9
[14 INFO main 5170514] Verify.Homing -> Scout.Query | Arrived home
[14 INFO main 5170593] Scout.Query -> Verify.DriveTo | Go to unverified source
[14 INFO main 5297109] Verify.DriveTo -> Verify.Homing | Homing
[14 INFO main 5316341] Confirming: 1/9
[14 INFO main 5318438] Confirming: 2/9
[14 INFO main 5320502] Confirming: 3/9
[14 INFO main 5322593] Confirming: 4/9
[14 INFO main 5324606] Confirming: 5/9
[14 INFO main 5326904] Confirming: 6/9
[14 INFO main 5328895] Confirming: 7/9
[14 INFO main 5330998] Confirming: 8/9
[14 INFO main 5333570] Confirming: 9/9
[14 INFO main 5338196] Verify.Homing -> Scout.Query | Arrived home
[14 INFO main 5338284] Scout.Query -> Verify.DriveTo | Go to unverified source
