[7 INFO main 30] Initialising Python Geth Console...
[7 INFO main 33] Initialising RandB board...
[7 INFO main 33] Initialising navigation...
[7 INFO main 33] Initialising random-walk...
[7 INFO main 33] Initialising odometry...
[7 INFO main 34] Initialising ground-sensors...
[7 INFO main 1053] --//-- Starting Experiment --//--
[7 INFO main 2154] Idle.IDLE -> Scout.Query | Duration: 22.64
[7 INFO main 133322] Scout.Query -> Scout.GotoCenter | Drive to others reported pos
[7 INFO main 146535] Scout.GotoCenter -> Scout.Query | return to random walk
[7 INFO main 146836] Scout.Query -> Scout.GotoCenter | Drive to others reported pos
[7 INFO main 146946] Scout.GotoCenter -> Scout.Query | return to random walk
[7 INFO main 147837] Scout.Query -> Scout.GotoCenter | Drive to others reported pos
[7 INFO main 151642] Scout.GotoCenter -> Scout.Query | return to random walk
[7 INFO main 151946] Scout.Query -> Scout.GotoCenter | Drive to others reported pos
[7 INFO main 152050] Scout.GotoCenter -> Scout.Query | return to random walk
[7 INFO main 152946] Scout.Query -> Scout.GotoCenter | Drive to others reported pos
[7 INFO main 153043] Scout.GotoCenter -> Scout.Query | return to random walk
[7 INFO main 153948] Scout.Query -> Scout.GotoCenter | Drive to others reported pos
[7 INFO main 154046] Scout.GotoCenter -> Scout.Query | return to random walk
[7 INFO main 154950] Scout.Query -> Scout.GotoCenter | Drive to others reported pos
[7 INFO main 155047] Scout.GotoCenter -> Scout.Query | return to random walk
[7 INFO main 155951] Scout.Query -> Scout.GotoCenter | Drive to others reported pos
[7 INFO main 156350] Scout.GotoCenter -> Scout.Query | return to random walk
[7 INFO main 156954] Scout.Query -> Scout.GotoCenter | Drive to others reported pos
[7 INFO main 157253] Scout.GotoCenter -> Scout.Query | return to random walk
[7 INFO main 158052] Scout.Query -> Scout.GotoCenter | Drive to others reported pos
[7 INFO main 159252] Scout.GotoCenter -> Scout.Query | return to random walk
[7 INFO main 160056] Scout.Query -> Scout.GotoCenter | Drive to others reported pos
[7 INFO main 160456] Scout.GotoCenter -> Scout.Query | return to random walk
[7 INFO main 161062] Scout.Query -> Scout.GotoCenter | Drive to others reported pos
[7 INFO main 161755] Scout.GotoCenter -> Scout.Query | return to random walk
[7 INFO main 162164] Scout.Query -> Scout.GotoCenter | Drive to others reported pos
[7 INFO main 163858] Scout.GotoCenter -> Scout.Query | return to random walk
[7 INFO main 164265] Scout.Query -> Scout.GotoCenter | Drive to others reported pos
[7 INFO main 165560] Scout.GotoCenter -> Scout.Query | return to random walk
[7 INFO main 166370] Scout.Query -> Scout.GotoCenter | Drive to others reported pos
[7 INFO main 166561] Scout.GotoCenter -> Scout.Query | return to random walk
[7 INFO main 167467] Scout.Query -> Scout.GotoCenter | Drive to others reported pos
[7 INFO main 167565] Scout.GotoCenter -> Scout.Query | return to random walk
[7 INFO main 168568] Scout.Query -> Scout.GotoCenter | Drive to others reported pos
[7 INFO main 169070] Scout.GotoCenter -> Scout.Query | return to random walk
[7 INFO main 169667] Scout.Query -> Scout.GotoCenter | Drive to others reported pos
[7 INFO main 170971] Scout.GotoCenter -> Scout.Query | return to random walk
[7 INFO main 171670] Scout.Query -> Scout.GotoCenter | Drive to others reported pos
[7 INFO main 172976] Scout.GotoCenter -> Scout.Query | return to random walk
[7 INFO main 173673] Scout.Query -> Scout.GotoCenter | Drive to others reported pos
[7 INFO main 174372] Scout.GotoCenter -> Scout.Query | return to random walk
[7 INFO main 174678] Scout.Query -> Scout.GotoCenter | Drive to others reported pos
[7 INFO main 175373] Scout.GotoCenter -> Scout.Query | return to random walk
[7 INFO main 175780] Scout.Query -> Scout.GotoCenter | Drive to others reported pos
[7 INFO main 176279] Scout.GotoCenter -> Scout.Query | return to random walk
[7 INFO main 176781] Scout.Query -> Scout.GotoCenter | Drive to others reported pos
[7 INFO main 176876] Scout.GotoCenter -> Scout.Query | return to random walk
[7 INFO main 177881] Scout.Query -> Scout.GotoCenter | Drive to others reported pos
[7 INFO main 178277] Scout.GotoCenter -> Scout.Query | return to random walk
[7 INFO main 178884] Scout.Query -> Scout.GotoCenter | Drive to others reported pos
[7 INFO main 179278] Scout.GotoCenter -> Scout.Query | return to random walk
[7 INFO main 179884] Scout.Query -> Scout.GotoCenter | Drive to others reported pos
[7 INFO main 179980] Scout.GotoCenter -> Scout.Query | return to random walk
[7 INFO main 180887] Scout.Query -> Scout.GotoCenter | Drive to others reported pos
[7 INFO main 182382] Scout.GotoCenter -> Scout.Query | return to random walk
[7 INFO main 182988] Scout.Query -> Scout.GotoCenter | Drive to others reported pos
[7 INFO main 183086] Scout.GotoCenter -> Scout.Query | return to random walk
[7 INFO main 184092] Scout.Query -> Scout.GotoCenter | Drive to others reported pos
[7 INFO main 184885] Scout.GotoCenter -> Scout.Query | return to random walk
[7 INFO main 185192] Scout.Query -> Scout.GotoCenter | Drive to others reported pos
[7 INFO main 185287] Scout.GotoCenter -> Scout.Query | return to random walk
[7 INFO main 186195] Scout.Query -> Scout.GotoCenter | Drive to others reported pos
[7 INFO main 187089] Scout.GotoCenter -> Scout.Query | return to random walk
[7 INFO main 187199] Scout.Query -> Scout.GotoCenter | Drive to others reported pos
[7 INFO main 187290] Scout.GotoCenter -> Scout.Query | return to random walk
[7 INFO main 188295] Scout.Query -> Scout.GotoCenter | Drive to others reported pos
[7 INFO main 189392] Scout.GotoCenter -> Scout.Query | return to random walk
[7 INFO main 190390] Scout.Query -> Scout.GotoCenter | Drive to others reported pos
[7 INFO main 190498] Scout.GotoCenter -> Scout.Query | return to random walk
[7 INFO main 191395] Scout.Query -> Scout.GotoCenter | Drive to others reported pos
[7 INFO main 191500] Scout.GotoCenter -> Scout.Query | return to random walk
[7 INFO main 192395] Scout.Query -> Scout.GotoCenter | Drive to others reported pos
[7 INFO main 192500] Scout.GotoCenter -> Scout.Query | return to random walk
[7 INFO main 193400] Scout.Query -> Scout.GotoCenter | Drive to others reported pos
[7 INFO main 193503] Scout.GotoCenter -> Scout.Query | return to random walk
[7 INFO main 194505] Scout.Query -> Scout.GotoCenter | Drive to others reported pos
[7 INFO main 197404] Scout.GotoCenter -> Scout.Query | return to random walk
[7 INFO main 197609] Scout.Query -> Scout.GotoCenter | Drive to others reported pos
[7 INFO main 197703] Scout.GotoCenter -> Scout.Query | return to random walk
[7 INFO main 198610] Scout.Query -> Scout.GotoCenter | Drive to others reported pos
[7 INFO main 198704] Scout.GotoCenter -> Scout.Query | return to random walk
[7 INFO main 199612] Scout.Query -> Scout.GotoCenter | Drive to others reported pos
[7 INFO main 200408] Scout.GotoCenter -> Scout.Query | return to random walk
[7 INFO main 200711] Scout.Query -> Scout.GotoCenter | Drive to others reported pos
[7 INFO main 200806] Scout.GotoCenter -> Scout.Query | return to random walk
[7 INFO main 201712] Scout.Query -> Scout.GotoCenter | Drive to others reported pos
[7 INFO main 201807] Scout.GotoCenter -> Scout.Query | return to random walk
[7 INFO main 202805] Scout.Query -> Scout.GotoCenter | Drive to others reported pos
[7 INFO main 204409] Scout.GotoCenter -> Scout.Query | return to random walk
[7 INFO main 204815] Scout.Query -> Scout.GotoCenter | Drive to others reported pos
[7 INFO main 204911] Scout.GotoCenter -> Scout.Query | return to random walk
[7 INFO main 205817] Scout.Query -> Scout.GotoCenter | Drive to others reported pos
[7 INFO main 205912] Scout.GotoCenter -> Scout.Query | return to random walk
[7 INFO main 206917] Scout.Query -> Scout.GotoCenter | Drive to others reported pos
[7 INFO main 207917] Scout.GotoCenter -> Scout.Query | return to random walk
[7 INFO main 208918] Scout.Query -> Scout.GotoCenter | Drive to others reported pos
[7 INFO main 210624] Scout.GotoCenter -> Scout.Query | return to random walk
[7 INFO main 211021] Scout.Query -> Scout.GotoCenter | Drive to others reported pos
[7 INFO main 211521] Scout.GotoCenter -> Scout.Query | return to random walk
[7 INFO main 212128] Scout.Query -> Scout.GotoCenter | Drive to others reported pos
[7 INFO main 212520] Scout.GotoCenter -> Scout.Query | return to random walk
[7 INFO main 213228] Scout.Query -> Scout.GotoCenter | Drive to others reported pos
[7 INFO main 213823] Scout.GotoCenter -> Scout.Query | return to random walk
[7 INFO main 214318] Scout.Query -> Scout.GotoCenter | Drive to others reported pos
[7 INFO main 215023] Scout.GotoCenter -> Scout.Query | return to random walk
[7 INFO main 215327] Scout.Query -> Scout.GotoCenter | Drive to others reported pos
[7 INFO main 215425] Scout.GotoCenter -> Scout.Query | return to random walk
[7 INFO main 216333] Scout.Query -> Scout.GotoCenter | Drive to others reported pos
[7 INFO main 217128] Scout.GotoCenter -> Scout.Query | return to random walk
[7 INFO main 217431] Scout.Query -> Scout.GotoCenter | Drive to others reported pos
[7 INFO main 218328] Scout.GotoCenter -> Scout.Query | return to random walk
[7 INFO main 218435] Scout.Query -> Scout.GotoCenter | Drive to others reported pos
[7 INFO main 218732] Scout.GotoCenter -> Scout.Query | return to random walk
[7 INFO main 219533] Scout.Query -> Scout.GotoCenter | Drive to others reported pos
[7 INFO main 220232] Scout.GotoCenter -> Scout.Query | return to random walk
[7 INFO main 220635] Scout.Query -> Scout.GotoCenter | Drive to others reported pos
[7 INFO main 220733] Scout.GotoCenter -> Scout.Query | return to random walk
[7 INFO main 221636] Scout.Query -> Scout.GotoCenter | Drive to others reported pos
[7 INFO main 222638] Scout.GotoCenter -> Scout.Query | return to random walk
[7 INFO main 223639] Scout.Query -> Scout.GotoCenter | Drive to others reported pos
[7 INFO main 224641] Scout.GotoCenter -> Scout.Query | return to random walk
[7 INFO main 225744] Scout.Query -> Scout.GotoCenter | Drive to others reported pos
[7 INFO main 226438] Scout.GotoCenter -> Scout.Query | return to random walk
[7 INFO main 226840] Scout.Query -> Scout.GotoCenter | Drive to others reported pos
[7 INFO main 228141] Scout.GotoCenter -> Scout.Query | return to random walk
[7 INFO main 228944] Scout.Query -> Scout.GotoCenter | Drive to others reported pos
[7 INFO main 229244] Scout.GotoCenter -> Scout.Query | return to random walk
[7 INFO main 229946] Scout.Query -> Scout.GotoCenter | Drive to others reported pos
[7 INFO main 231749] Scout.GotoCenter -> Scout.Query | return to random walk
[7 INFO main 232050] Scout.Query -> Scout.GotoCenter | Drive to others reported pos
[7 INFO main 232550] Scout.GotoCenter -> Scout.Query | return to random walk
[7 INFO main 233052] Scout.Query -> Scout.GotoCenter | Drive to others reported pos
[7 INFO main 233150] Scout.GotoCenter -> Scout.Query | return to random walk
[7 INFO main 234054] Scout.Query -> Scout.GotoCenter | Drive to others reported pos
[7 INFO main 234554] Scout.GotoCenter -> Scout.Query | return to random walk
[7 INFO main 235055] Scout.Query -> Scout.GotoCenter | Drive to others reported pos
[7 INFO main 235150] Scout.GotoCenter -> Scout.Query | return to random walk
[7 INFO main 236056] Scout.Query -> Scout.GotoCenter | Drive to others reported pos
[7 INFO main 236152] Scout.GotoCenter -> Scout.Query | return to random walk
[7 INFO main 237058] Scout.Query -> Scout.GotoCenter | Drive to others reported pos
[7 INFO main 237156] Scout.GotoCenter -> Scout.Query | return to random walk
[7 INFO main 238160] Scout.Query -> Scout.GotoCenter | Drive to others reported pos
[7 INFO main 239857] Scout.GotoCenter -> Scout.Query | return to random walk
[7 INFO main 240164] Scout.Query -> Scout.GotoCenter | Drive to others reported pos
[7 INFO main 240258] Scout.GotoCenter -> Scout.Query | return to random walk
[7 INFO main 241164] Scout.Query -> Scout.GotoCenter | Drive to others reported pos
[7 INFO main 241261] Scout.GotoCenter -> Scout.Query | return to random walk
[7 INFO main 242166] Scout.Query -> Scout.GotoCenter | Drive to others reported pos
[7 INFO main 244264] Scout.GotoCenter -> Scout.Query | return to random walk
[7 INFO main 245170] Scout.Query -> Scout.GotoCenter | Drive to others reported pos
[7 INFO main 245267] Scout.GotoCenter -> Scout.Query | return to random walk
[7 INFO main 246171] Scout.Query -> Scout.GotoCenter | Drive to others reported pos
[7 INFO main 247672] Scout.GotoCenter -> Scout.Query | return to random walk
[7 INFO main 248173] Scout.Query -> Scout.GotoCenter | Drive to others reported pos
[7 INFO main 248263] Scout.GotoCenter -> Scout.Query | return to random walk
[7 INFO main 249174] Scout.Query -> Scout.GotoCenter | Drive to others reported pos
[7 INFO main 250371] Scout.GotoCenter -> Scout.Query | return to random walk
[7 INFO main 251177] Scout.Query -> Scout.GotoCenter | Drive to others reported pos
[7 INFO main 252270] Scout.GotoCenter -> Scout.Query | return to random walk
[7 INFO main 253180] Scout.Query -> Scout.GotoCenter | Drive to others reported pos
[7 INFO main 253472] Scout.GotoCenter -> Scout.Query | return to random walk
[7 INFO main 254278] Scout.Query -> Scout.GotoCenter | Drive to others reported pos
[7 INFO main 254476] Scout.GotoCenter -> Scout.Query | return to random walk
[7 INFO main 255279] Scout.Query -> Scout.GotoCenter | Drive to others reported pos
[7 INFO main 256980] Scout.GotoCenter -> Scout.Query | return to random walk
[7 INFO main 257284] Scout.Query -> Scout.GotoCenter | Drive to others reported pos
[7 INFO main 257579] Scout.GotoCenter -> Scout.Query | return to random walk
[7 INFO main 258284] Scout.Query -> Scout.GotoCenter | Drive to others reported pos
[7 INFO main 260990] Scout.GotoCenter -> Scout.Query | return to random walk
[7 INFO main 261289] Scout.Query -> Scout.GotoCenter | Drive to others reported pos
[7 INFO main 262086] Scout.GotoCenter -> Scout.Query | return to random walk
[7 INFO main 262290] Scout.Query -> Scout.GotoCenter | Drive to others reported pos
[7 INFO main 262791] Scout.GotoCenter -> Scout.Query | return to random walk
[7 INFO main 263292] Scout.Query -> Scout.GotoCenter | Drive to others reported pos
[7 INFO main 263888] Scout.GotoCenter -> Scout.Query | return to random walk
[7 INFO main 264293] Scout.Query -> Scout.GotoCenter | Drive to others reported pos
[7 INFO main 264589] Scout.GotoCenter -> Scout.Query | return to random walk
[7 INFO main 265297] Scout.Query -> Scout.GotoCenter | Drive to others reported pos
[7 INFO main 266391] Scout.GotoCenter -> Scout.Query | return to random walk
[7 INFO main 269500] Scout.Query -> Scout.GotoCenter | Drive to others reported pos
[7 INFO main 269795] Scout.GotoCenter -> Scout.Query | return to random walk
[7 INFO main 270599] Scout.Query -> Scout.GotoCenter | Drive to others reported pos
[7 INFO main 272896] Scout.GotoCenter -> Scout.Query | return to random walk
[7 INFO main 274705] Scout.Query -> Scout.GotoCenter | Drive to others reported pos
[7 INFO main 275102] Scout.GotoCenter -> Scout.Query | return to random walk
