[8 INFO main 52] Initialising Python Geth Console...
[8 INFO main 56] Initialising RandB board...
[8 INFO main 56] Initialising navigation...
[8 INFO main 56] Initialising random-walk...
[8 INFO main 56] Initialising odometry...
[8 INFO main 56] Initialising ground-sensors...
[8 INFO main 669] --//-- Starting Experiment --//--
[8 INFO main 1774] Idle.IDLE -> Scout.Query | Duration: 21.80
[8 INFO main 8281] Scout.Query -> Scout.GotoCenter | Drive to others reported pos
[8 INFO main 12984] Scout.GotoCenter -> Scout.Query | return to random walk
[8 INFO main 13389] Scout.Query -> Scout.GotoCenter | Drive to others reported pos
[8 INFO main 14085] Scout.GotoCenter -> Scout.Query | return to random walk
[8 INFO main 14391] Scout.Query -> Scout.GotoCenter | Drive to others reported pos
[8 INFO main 15388] Scout.GotoCenter -> Scout.Query | return to random walk
[8 INFO main 15491] Scout.Query -> Scout.GotoCenter | Drive to others reported pos
[8 INFO main 15790] Scout.GotoCenter -> Scout.Query | return to random walk
[8 INFO main 16492] Scout.Query -> Scout.GotoCenter | Drive to others reported pos
[8 INFO main 17993] Scout.GotoCenter -> Scout.Query | return to random walk
[8 INFO main 18495] Scout.Query -> Scout.GotoCenter | Drive to others reported pos
[8 INFO main 19494] Scout.GotoCenter -> Scout.Query | return to random walk
[8 INFO main 19596] Scout.Query -> Scout.GotoCenter | Drive to others reported pos
[8 INFO main 19895] Scout.GotoCenter -> Scout.Query | return to random walk
[8 INFO main 20599] Scout.Query -> Scout.GotoCenter | Drive to others reported pos
[8 INFO main 21497] Scout.GotoCenter -> Scout.Query | return to random walk
[8 INFO main 21692] Scout.Query -> Scout.GotoCenter | Drive to others reported pos
[8 INFO main 23499] Scout.GotoCenter -> Scout.Query | return to random walk
[8 INFO main 23703] Scout.Query -> Scout.GotoCenter | Drive to others reported pos
[8 INFO main 24801] Scout.GotoCenter -> Scout.Query | return to random walk
[8 INFO main 25806] Scout.Query -> Scout.GotoCenter | Drive to others reported pos
[8 INFO main 26004] Scout.GotoCenter -> Scout.Query | return to random walk
