[7 INFO main 27] Initialising Python Geth Console...
[7 INFO main 32] Initialising RandB board...
[7 INFO main 32] Initialising navigation...
[7 INFO main 32] Initialising random-walk...
[7 INFO main 32] Initialising odometry...
[7 INFO main 32] Initialising ground-sensors...
[7 INFO main 629] --//-- Starting Experiment --//--
[7 INFO main 1731] Idle.IDLE -> Scout.Query | Duration: 23.52
[7 INFO main 10822] Scout.Query -> Scout.GotoCenter | Drive to others reported pos
[7 INFO main 57646] Scout.GotoCenter -> Scout.Query | return to random walk
[7 INFO main 163963] Scout.Query -> Scout.GotoCenter | Drive to others reported pos
[7 INFO main 201071] Scout.GotoCenter -> Scout.Query | return to random walk
[7 INFO main 251799] Scout.Query -> Scout.GotoCenter | Drive to others reported pos
[7 INFO main 268844] Scout.GotoCenter -> Scout.Query | return to random walk
[7 INFO main 344625] Scout.Query -> Scout.GotoCenter | Drive to others reported pos
[7 INFO main 386502] Scout.GotoCenter -> Scout.Query | return to random walk
[7 INFO main 432518] Scout.Query -> Scout.GotoCenter | Drive to others reported pos
[7 INFO main 469314] Scout.GotoCenter -> Scout.Query | return to random walk
[7 INFO main 550468] Scout.Query -> Scout.GotoCenter | Drive to others reported pos
[7 INFO main 595931] Scout.GotoCenter -> Scout.Query | return to random walk
