[14 INFO main 27] Initialising Python Geth Console...
[14 INFO main 32] Initialising RandB board...
[14 INFO main 32] Initialising navigation...
[14 INFO main 32] Initialising random-walk...
[14 INFO main 32] Initialising odometry...
[14 INFO main 32] Initialising ground-sensors...
[14 INFO main 146] --//-- Starting Experiment --//--
[14 INFO main 1620] Idle.IDLE -> Scout.Query | Duration: 26.21
[14 INFO main 14557] Scout.Query -> Verify.DriveTo | Go to unverified source
[14 INFO main 92275] Verify.DriveTo -> Verify.Homing | Homing
[14 INFO main 112323] Verify.Homing -> Scout.Query | Arrived home
[14 INFO main 121187] Confirming: 1/9
[14 INFO main 123191] Confirming: 2/9
[14 INFO main 125277] Confirming: 3/9
[14 INFO main 127321] Confirming: 4/9
[14 INFO main 129672] Confirming: 5/9
[14 INFO main 131730] Confirming: 6/9
[14 INFO main 133838] Confirming: 8/9
[14 INFO main 137929] Confirming: 10/9
[14 INFO main 138236] Scout.Query -> Verify.DriveTo | Go to unverified source
[14 INFO main 264063] Verify.DriveTo -> Verify.Homing | Homing
[14 INFO main 270727] Confirming: 1/9
[14 INFO main 272866] Confirming: 2/9
[14 INFO main 274884] Confirming: 3/9
[14 INFO main 276967] Confirming: 4/9
[14 INFO main 278967] Confirming: 5/9
[14 INFO main 281132] Confirming: 6/9
[14 INFO main 283133] Confirming: 7/9
[14 INFO main 283806] Verify.Homing -> Scout.Query | Arrived home
[14 INFO main 285188] Confirming: 8/9
[14 INFO main 287206] Confirming: 9/9
[14 INFO main 287231] Scout.Query -> Verify.DriveTo | Go to unverified source
[14 INFO main 366850] Verify.DriveTo -> Verify.Homing | Homing
[14 INFO main 391840] Confirming: 2/9
[14 INFO main 392903] Verify.Homing -> Scout.Query | Arrived home
[14 INFO main 393862] Confirming: 3/9
[14 INFO main 395871] Confirming: 4/9
[14 INFO main 397914] Confirming: 5/9
[14 INFO main 400039] Confirming: 6/9
[14 INFO main 402116] Confirming: 7/9
[14 INFO main 406279] Confirming: 9/9
[14 INFO main 406906] Scout.Query -> Verify.DriveTo | Go to unverified source
[14 INFO main 574995] Verify.DriveTo -> Verify.Homing | Homing
[14 INFO main 592108] Confirming: 1/9
[14 INFO main 594178] Confirming: 2/9
[14 INFO main 596245] Confirming: 3/9
[14 INFO main 597946] Verify.Homing -> Scout.Query | Arrived home
[14 INFO main 598335] Confirming: 4/9
[14 INFO main 600342] Confirming: 5/9
[14 INFO main 602447] Confirming: 6/9
[14 INFO main 604473] Confirming: 7/9
[14 INFO main 606490] Confirming: 8/9
[14 INFO main 608557] Confirming: 9/9
[14 INFO main 609185] Scout.Query -> Verify.DriveTo | Go to unverified source
[14 INFO main 621323] Verify.DriveTo -> Verify.Homing | Homing
[14 INFO main 629635] Confirming: 1/9
[14 INFO main 629767] Verify.Homing -> Scout.Query | Arrived home
[14 INFO main 631739] Confirming: 2/9
[14 INFO main 633787] Confirming: 3/9
[14 INFO main 635799] Confirming: 4/9
[14 INFO main 637870] Confirming: 6/9
[14 INFO main 641958] Confirming: 7/9
[14 INFO main 644085] Confirming: 9/9
[14 INFO main 649946] Scout.Query -> Scout.PrepSend | Homing
[14 INFO main 650204] Scout.PrepSend -> Verify.Homing | Homing
[14 INFO main 660610] Confirming: 1/9
[14 INFO main 662688] Confirming: 2/9
[14 INFO main 664774] Confirming: 3/9
[14 INFO main 665162] Verify.Homing -> Scout.Query | Arrived home
[14 INFO main 666843] Confirming: 4/9
[14 INFO main 668867] Confirming: 5/9
[14 INFO main 670898] Confirming: 6/9
[14 INFO main 672919] Confirming: 7/9
[14 INFO main 674930] Confirming: 8/9
[14 INFO main 676956] Confirming: 9/9
[14 INFO main 677314] Scout.Query -> Verify.DriveTo | Go to unverified source
[14 INFO main 789260] Verify.DriveTo -> Verify.Homing | Homing
[14 INFO main 810261] Confirming: 1/9
[14 INFO main 812354] Confirming: 2/9
[14 INFO main 814383] Confirming: 3/9
[14 INFO main 816377] Confirming: 4/9
[14 INFO main 818621] Confirming: 5/9
[14 INFO main 820682] Confirming: 6/9
[14 INFO main 822711] Confirming: 7/9
[14 INFO main 824727] Confirming: 8/9
[14 INFO main 825640] Verify.Homing -> Scout.Query | Arrived home
[14 INFO main 826745] Confirming: 9/9
[14 INFO main 826903] Scout.Query -> Verify.DriveTo | Go to unverified source
[14 INFO main 916452] Verify.DriveTo -> Verify.Homing | Homing
[14 INFO main 930909] Confirming: 1/9
[14 INFO main 932986] Confirming: 2/9
[14 INFO main 935006] Confirming: 3/9
[14 INFO main 936581] Verify.Homing -> Scout.Query | Arrived home
[14 INFO main 937015] Confirming: 4/9
[14 INFO main 939129] Confirming: 5/9
[14 INFO main 941219] Confirming: 6/9
[14 INFO main 943278] Confirming: 7/9
[14 INFO main 945320] Confirming: 8/9
[14 INFO main 947316] Confirming: 9/9
[14 INFO main 947676] Scout.Query -> Verify.DriveTo | Go to unverified source
[14 INFO main 1037829] Verify.DriveTo -> Verify.Homing | Homing
[14 INFO main 1050514] Confirming: 2/9
[14 INFO main 1052573] Confirming: 3/9
[14 INFO main 1054644] Confirming: 4/9
[14 INFO main 1056708] Confirming: 5/9
[14 INFO main 1057674] Verify.Homing -> Scout.Query | Arrived home
[14 INFO main 1058711] Confirming: 6/9
[14 INFO main 1060830] Confirming: 7/9
[14 INFO main 1062884] Confirming: 8/9
[14 INFO main 1064925] Confirming: 9/9
[14 INFO main 1065837] Scout.Query -> Verify.DriveTo | Go to unverified source
[14 INFO main 1111456] Verify.DriveTo -> Verify.Homing | Homing
[14 INFO main 1121697] Verify.Homing -> Scout.Query | Arrived home
[14 INFO main 1141447] Confirming: 1/9
[14 INFO main 1143544] Confirming: 2/9
[14 INFO main 1145619] Confirming: 3/9
[14 INFO main 1147854] Confirming: 5/9
[14 INFO main 1149907] Confirming: 6/9
[14 INFO main 1154018] Confirming: 8/9
[14 INFO main 1158162] Confirming: 10/9
[14 INFO main 1158863] Scout.Query -> Verify.DriveTo | Go to unverified source
[14 INFO main 1176917] Verify.DriveTo -> Verify.Homing | Homing
[14 INFO main 1186822] Verify.Homing -> Scout.Query | Arrived home
[14 INFO main 1201741] Confirming: 2/9
[14 INFO main 1205959] Confirming: 3/9
[14 INFO main 1208149] Confirming: 5/9
[14 INFO main 1212194] Confirming: 7/9
[14 INFO main 1216237] Confirming: 9/9
[14 INFO main 1217098] Scout.Query -> Verify.DriveTo | Go to unverified source
[14 INFO main 1393699] Verify.DriveTo -> Verify.Homing | Homing
[14 INFO main 1410554] Confirming: 1/9
[14 INFO main 1412658] Confirming: 2/9
[14 INFO main 1416759] Confirming: 4/9
[14 INFO main 1418761] Confirming: 5/9
[14 INFO main 1418762] Verify.Homing -> Scout.Query | Arrived home
[14 INFO main 1420849] Confirming: 6/9
[14 INFO main 1422961] Confirming: 7/9
[14 INFO main 1425036] Confirming: 8/9
[14 INFO main 1427054] Confirming: 9/9
[14 INFO main 1427095] Scout.Query -> Verify.DriveTo | Go to unverified source
[14 INFO main 1468348] Verify.DriveTo -> Verify.Homing | Homing
[14 INFO main 1491368] Verify.Homing -> Scout.Query | Arrived home
[14 INFO main 1501626] Confirming: 1/9
[14 INFO main 1503700] Confirming: 2/9
[14 INFO main 1505761] Confirming: 3/9
[14 INFO main 1507759] Confirming: 5/9
[14 INFO main 1509919] Confirming: 6/9
[14 INFO main 1514078] Confirming: 8/9
[14 INFO main 1516063] Confirming: 9/9
[14 INFO main 1516215] Scout.Query -> Verify.DriveTo | Go to unverified source
[14 INFO main 1584008] Verify.DriveTo -> Verify.Homing | Homing
[14 INFO main 1592653] Confirming: 1/9
[14 INFO main 1594696] Confirming: 2/9
[14 INFO main 1596716] Confirming: 3/9
[14 INFO main 1598801] Confirming: 4/9
[14 INFO main 1600963] Confirming: 5/9
[14 INFO main 1603114] Confirming: 7/9
[14 INFO main 1605226] Confirming: 8/9
[14 INFO main 1607256] Confirming: 9/9
[14 INFO main 1612879] Verify.Homing -> Scout.Query | Arrived home
[14 INFO main 1612936] Scout.Query -> Verify.DriveTo | Go to unverified source
[14 INFO main 1691088] Verify.DriveTo -> Verify.Homing | Homing
[14 INFO main 1711918] Confirming: 1/9
[14 INFO main 1713940] Confirming: 2/9
[14 INFO main 1716011] Confirming: 3/9
[14 INFO main 1717359] Verify.Homing -> Scout.Query | Arrived home
[14 INFO main 1718092] Confirming: 4/9
[14 INFO main 1720102] Confirming: 5/9
[14 INFO main 1722282] Confirming: 6/9
[14 INFO main 1724371] Confirming: 7/9
[14 INFO main 1726396] Confirming: 8/9
[14 INFO main 1728458] Confirming: 9/9
[14 INFO main 1728704] Scout.Query -> Verify.DriveTo | Go to unverified source
