[INFO main 29] Initialising peer buffer...
[INFO main 29] Initialising resource buffer...
[INFO main 29] Initialising TCP server...
[INFO main 29] Initialising RandB board...
[INFO main 29] Initialising ground-sensors...
[INFO main 29] Initialising random-walk...
[INFO main 412] --//-- Starting Experiment --//--
[INFO main 27437] Added resource: {"x": -0.54, "y": -1.02, "radius": 0.05, "quantity": 1, "quality": "red", "timeStamp": 0}
[INFO main 47259] Removed resource: {"x": -0.54, "y": -1.02, "radius": 0.05, "quantity": 1, "quality": "red", "timeStamp": 0}
[INFO main 107325] Added resource: {"x": -1.15, "y": -1.09, "radius": 0.05, "quantity": 1, "quality": "red", "timeStamp": 0}
[INFO main 189116] Added resource: {"x": -0.74, "y": -0.67, "radius": 0.05, "quantity": 1, "quality": "red", "timeStamp": 0}
[INFO main 193721] Added resource: {"x": -0.57, "y": -0.57, "radius": 0.05, "quantity": 1, "quality": "green", "timeStamp": 0}
[INFO main 218948] Removed resource: {"x": -0.57, "y": -0.57, "radius": 0.05, "quantity": 1, "quality": "green", "timeStamp": 0}
[INFO main 247181] Added resource: {"x": 0.35, "y": -0.59, "radius": 0.05, "quantity": 1, "quality": "blue", "timeStamp": 0}
[INFO main 310451] Added resource: {"x": -1.18, "y": 0.51, "radius": 0.06, "quantity": 1, "quality": "blue", "timeStamp": 0}
[INFO main 313753] Added resource: {"x": -1.07, "y": 0.43, "radius": 0.05, "quantity": 1, "quality": "blue", "timeStamp": 0}
[INFO main 389236] Removed resource: {"x": 0.35, "y": -0.59, "radius": 0.05, "quantity": 1, "quality": "blue", "timeStamp": 0}
[INFO main 417868] Added resource: {"x": 0.27, "y": -0.58, "radius": 0.06, "quantity": 1, "quality": "red", "timeStamp": 0}
[INFO main 449300] Added resource: {"x": -0.74, "y": -0.44, "radius": 0.05, "quantity": 1, "quality": "red", "timeStamp": 0}
[INFO main 460111] Added resource: {"x": -0.33, "y": -0.27, "radius": 0.05, "quantity": 1, "quality": "green", "timeStamp": 0}
[INFO main 523983] Removed resource: {"x": -1.07, "y": 0.43, "radius": 0.05, "quantity": 1, "quality": "blue", "timeStamp": 0}
[INFO main 571731] Added resource: {"x": -0.21, "y": 0.42, "radius": 0.05, "quantity": 1, "quality": "yellow", "timeStamp": 0}
