[INFO main 27] Initialising peer buffer...
[INFO main 27] Initialising resource buffer...
[INFO main 27] Initialising TCP server...
[INFO main 27] Initialising RandB board...
[INFO main 27] Initialising ground-sensors...
[INFO main 27] Initialising random-walk...
[INFO main 1024] --//-- Starting Experiment --//--
[INFO main 2124] Added resource: {"x": 1.01, "y": -0.06, "radius": 0.05, "quantity": 1, "quality": "green", "timeStamp": 0}
[INFO main 17042] Removed resource: {"x": 1.01, "y": -0.06, "radius": 0.05, "quantity": 1, "quality": "green", "timeStamp": 0}
[INFO main 19446] Added resource: {"x": 0.9, "y": -0.06, "radius": 0.05, "quantity": 1, "quality": "green", "timeStamp": 0}
[INFO main 51682] Added resource: {"x": -0.31, "y": -0.57, "radius": 0.05, "quantity": 1, "quality": "red", "timeStamp": 0}
[INFO main 77008] Added resource: {"x": 0.66, "y": -0.14, "radius": 0.06, "quantity": 1, "quality": "red", "timeStamp": 0}
[INFO main 100735] Removed resource: {"x": 0.9, "y": -0.06, "radius": 0.05, "quantity": 1, "quality": "green", "timeStamp": 0}
[INFO main 127866] Added resource: {"x": -0.32, "y": -0.15, "radius": 0.05, "quantity": 1, "quality": "yellow", "timeStamp": 0}
[INFO main 141380] Removed resource: {"x": -0.32, "y": -0.15, "radius": 0.05, "quantity": 1, "quality": "yellow", "timeStamp": 0}
[INFO main 240291] Added resource: {"x": 0.92, "y": 0.57, "radius": 0.05, "quantity": 1, "quality": "blue", "timeStamp": 0}
[INFO main 276127] Removed resource: {"x": 0.92, "y": 0.57, "radius": 0.05, "quantity": 1, "quality": "blue", "timeStamp": 0}
[INFO main 294945] Added resource: {"x": 0.84, "y": 1.14, "radius": 0.04, "quantity": 1, "quality": "yellow", "timeStamp": 0}
[INFO main 314664] Added resource: {"x": 0.18, "y": 0.39, "radius": 0.05, "quantity": 1, "quality": "blue", "timeStamp": 0}
[INFO main 345601] Removed resource: {"x": 0.84, "y": 1.14, "radius": 0.04, "quantity": 1, "quality": "yellow", "timeStamp": 0}
[INFO main 376635] Removed resource: {"x": 0.18, "y": 0.39, "radius": 0.05, "quantity": 1, "quality": "blue", "timeStamp": 0}
[INFO main 408372] Added resource: {"x": -1.02, "y": 0.78, "radius": 0.05, "quantity": 1, "quality": "blue", "timeStamp": 0}
[INFO main 428092] Added resource: {"x": -0.33, "y": 0.24, "radius": 0.06, "quantity": 1, "quality": "blue", "timeStamp": 0}
[INFO main 468033] Added resource: {"x": -0.46, "y": -0.37, "radius": 0.05, "quantity": 1, "quality": "yellow", "timeStamp": 0}
[INFO main 484953] Removed resource: {"x": -0.46, "y": -0.37, "radius": 0.05, "quantity": 1, "quality": "yellow", "timeStamp": 0}
[INFO main 492660] Added resource: {"x": -0.61, "y": -0.57, "radius": 0.06, "quantity": 1, "quality": "yellow", "timeStamp": 0}
