[15 INFO main 29] Initialising Python Geth Console...
[15 INFO main 33] Initialising RandB board...
[15 INFO main 33] Initialising navigation...
[15 INFO main 33] Initialising random-walk...
[15 INFO main 33] Initialising odometry...
[15 INFO main 33] Initialising ground-sensors...
[15 INFO main 50] --//-- Starting Experiment --//--
[15 INFO main 1141] Idle.IDLE -> Scout.Query | Duration: 23.05
[15 INFO main 35527] Scout.Query -> Scout.GotoCenter | Drive to others reported pos
[15 INFO main 175142] Scout.GotoCenter -> Scout.Query | return to random walk
[15 INFO main 197782] Confirming: 1/8
[15 INFO main 199858] Confirming: 3/8
[15 INFO main 203897] Confirming: 5/8
[15 INFO main 205938] Confirming: 6/8
[15 INFO main 208146] Confirming: 7/8
[15 INFO main 210217] Confirming: 8/8
[15 INFO main 211085] Scout.Query -> Scout.GotoCenter | Drive to others reported pos
[15 INFO main 222008] Scout.GotoCenter -> Scout.Query | return to random walk
[15 INFO main 226233] Confirming: 1/8
[15 INFO main 228374] Confirming: 2/8
[15 INFO main 230386] Confirming: 3/8
[15 INFO main 234514] Confirming: 5/8
[15 INFO main 236590] Confirming: 6/8
[15 INFO main 240786] Confirming: 8/8
[15 INFO main 242532] Scout.Query -> Scout.GotoCenter | Drive to others reported pos
[15 INFO main 309788] Scout.GotoCenter -> Scout.Query | return to random walk
[15 INFO main 318046] Confirming: 1/8
[15 INFO main 320190] Confirming: 3/8
[15 INFO main 322233] Confirming: 4/8
[15 INFO main 324254] Confirming: 5/8
[15 INFO main 326325] Confirming: 6/8
[15 INFO main 328333] Confirming: 7/8
[15 INFO main 330398] Confirming: 8/8
[15 INFO main 492129] Scout.Query -> Scout.GotoCenter | Drive to others reported pos
[15 INFO main 575355] Scout.GotoCenter -> Scout.Query | return to random walk
[15 INFO main 596154] Confirming: 1/8
[15 INFO main 598250] Confirming: 2/8
[15 INFO main 600350] Confirming: 3/8
[15 INFO main 602425] Confirming: 4/8
[15 INFO main 604494] Confirming: 5/8
[15 INFO main 606510] Confirming: 6/8
[15 INFO main 608522] Confirming: 7/8
[15 INFO main 610574] Confirming: 8/8
[15 INFO main 611205] Scout.Query -> Scout.GotoCenter | Drive to others reported pos
[15 INFO main 671356] Scout.GotoCenter -> Scout.Query | return to random walk
[15 INFO main 685937] Confirming: 1/8
[15 INFO main 688034] Confirming: 2/8
[15 INFO main 690154] Confirming: 3/8
[15 INFO main 692234] Confirming: 4/8
[15 INFO main 694317] Confirming: 5/8
[15 INFO main 696426] Confirming: 6/8
[15 INFO main 698450] Confirming: 7/8
[15 INFO main 700461] Confirming: 8/8
[15 INFO main 702226] Scout.Query -> Scout.GotoCenter | Drive to others reported pos
[15 INFO main 753506] Scout.GotoCenter -> Scout.Query | return to random walk
[15 INFO main 776570] Confirming: 1/8
[15 INFO main 778610] Confirming: 2/8
[15 INFO main 780714] Confirming: 3/8
[15 INFO main 782738] Confirming: 4/8
[15 INFO main 784771] Confirming: 5/8
[15 INFO main 786787] Confirming: 6/8
[15 INFO main 788858] Confirming: 7/8
[15 INFO main 790902] Confirming: 8/8
[15 INFO main 794068] Scout.Query -> Scout.GotoCenter | Drive to others reported pos
[15 INFO main 852112] Scout.GotoCenter -> Scout.Query | return to random walk
[15 INFO main 866422] Confirming: 1/8
[15 INFO main 868426] Confirming: 2/8
[15 INFO main 870522] Confirming: 3/8
[15 INFO main 872566] Confirming: 4/8
[15 INFO main 874621] Confirming: 5/8
[15 INFO main 876646] Confirming: 6/8
[15 INFO main 878666] Confirming: 7/8
[15 INFO main 880666] Confirming: 8/8
[15 INFO main 924879] Scout.Query -> Scout.GotoCenter | Drive to others reported pos
[15 INFO main 1817244] Scout.GotoCenter -> Scout.Query | return to random walk
[15 INFO main 1829702] Confirming: 2/8
[15 INFO main 1831737] Confirming: 3/8
[15 INFO main 1833758] Confirming: 4/8
[15 INFO main 1835818] Confirming: 5/8
[15 INFO main 1839845] Confirming: 6/8
[15 INFO main 1841905] Confirming: 7/8
[15 INFO main 1843958] Confirming: 9/8
