[INFO main 32] Initialising peer buffer...
[INFO main 32] Initialising resource buffer...
[INFO main 32] Initialising TCP server...
[INFO main 32] Initialising RandB board...
[INFO main 32] Initialising ground-sensors...
[INFO main 32] Initialising random-walk...
[INFO main 99] --//-- Starting Experiment --//--
[INFO main 53363] Added resource: {"x": 1.21, "y": 0.36, "radius": 0.05, "quantity": 1, "quality": "green", "timeStamp": 0}
[INFO main 53363] Removed resource: {"x": 1.21, "y": 0.36, "radius": 0.05, "quantity": 1, "quality": "green", "timeStamp": 0}
[INFO main 116241] Added resource: {"x": 1.18, "y": -0.09, "radius": 0.05, "quantity": 1, "quality": "yellow", "timeStamp": 0}
[INFO main 122851] Added resource: {"x": 0.89, "y": -0.06, "radius": 0.05, "quantity": 1, "quality": "green", "timeStamp": 0}
[INFO main 174017] Added resource: {"x": -0.2, "y": -1.23, "radius": 0.05, "quantity": 1, "quality": "red", "timeStamp": 0}
[INFO main 250513] Removed resource: {"x": 1.18, "y": -0.09, "radius": 0.05, "quantity": 1, "quality": "yellow", "timeStamp": 0}
[INFO main 261131] Added resource: {"x": 0.81, "y": -0.24, "radius": 0.06, "quantity": 1, "quality": "red", "timeStamp": 0}
[INFO main 265031] Added resource: {"x": 0.64, "y": -0.21, "radius": 0.04, "quantity": 1, "quality": "green", "timeStamp": 0}
[INFO main 322302] Removed resource: {"x": 0.64, "y": -0.21, "radius": 0.04, "quantity": 1, "quality": "green", "timeStamp": 0}
[INFO main 355747] Added resource: {"x": -0.94, "y": 0.23, "radius": 0.05, "quantity": 1, "quality": "red", "timeStamp": 0}
[INFO main 400604] Added resource: {"x": -0.4, "y": 0.23, "radius": 0.05, "quantity": 1, "quality": "blue", "timeStamp": 0}
[INFO main 411917] Removed resource: {"x": -0.4, "y": 0.23, "radius": 0.05, "quantity": 1, "quality": "blue", "timeStamp": 0}
[INFO main 500330] Removed resource: {"x": 0.89, "y": -0.06, "radius": 0.05, "quantity": 1, "quality": "green", "timeStamp": 0}
[INFO main 553093] Added resource: {"x": 0.34, "y": -0.97, "radius": 0.05, "quantity": 1, "quality": "red", "timeStamp": 0}
[INFO main 584332] Removed resource: {"x": 0.81, "y": -0.24, "radius": 0.06, "quantity": 1, "quality": "red", "timeStamp": 0}
