[15 INFO main 30] Initialising Python Geth Console...
[15 INFO main 34] Initialising RandB board...
[15 INFO main 34] Initialising navigation...
[15 INFO main 34] Initialising random-walk...
[15 INFO main 34] Initialising odometry...
[15 INFO main 34] Initialising ground-sensors...
[15 INFO main 53] --//-- Starting Experiment --//--
[15 INFO main 1149] Idle.IDLE -> Scout.Query | Duration: 23.05
[15 INFO main 55779] Scout.Query -> Scout.GotoCenter | Drive to others reported pos
[15 INFO main 233849] Scout.GotoCenter -> Scout.Query | return to random walk
[15 INFO main 258910] Confirming: 1/8
[15 INFO main 263080] Confirming: 3/8
[15 INFO main 265118] Confirming: 4/8
[15 INFO main 269157] Confirming: 6/8
[15 INFO main 273226] Confirming: 8/8
[15 INFO main 275149] Scout.Query -> Scout.GotoCenter | Drive to others reported pos
[15 INFO main 326090] Scout.GotoCenter -> Scout.Query | return to random walk
[15 INFO main 344848] Confirming: 1/8
[15 INFO main 346910] Confirming: 2/8
[15 INFO main 348992] Confirming: 3/8
[15 INFO main 351070] Confirming: 4/8
[15 INFO main 353086] Confirming: 5/8
[15 INFO main 357250] Confirming: 7/8
[15 INFO main 359350] Confirming: 8/8
[15 INFO main 361797] Scout.Query -> Scout.GotoCenter | Drive to others reported pos
[15 INFO main 391190] Scout.GotoCenter -> Scout.Query | return to random walk
[15 INFO main 438737] Confirming: 8/8
[15 INFO main 598173] Scout.Query -> Scout.GotoCenter | Drive to others reported pos
[15 INFO main 640340] Scout.GotoCenter -> Scout.Query | return to random walk
[15 INFO main 663118] Confirming: 1/8
[15 INFO main 665154] Confirming: 2/8
[15 INFO main 667245] Confirming: 3/8
[15 INFO main 669281] Confirming: 4/8
[15 INFO main 671333] Confirming: 5/8
[15 INFO main 673414] Confirming: 6/8
[15 INFO main 675517] Confirming: 7/8
[15 INFO main 677557] Confirming: 8/8
[15 INFO main 686161] Scout.Query -> Scout.GotoCenter | Drive to others reported pos
[15 INFO main 740621] Scout.GotoCenter -> Scout.Query | return to random walk
[15 INFO main 754983] Confirming: 1/8
[15 INFO main 757124] Confirming: 2/8
[15 INFO main 759214] Confirming: 3/8
[15 INFO main 761134] Confirming: 4/8
[15 INFO main 763315] Confirming: 5/8
[15 INFO main 765368] Confirming: 6/8
[15 INFO main 767497] Confirming: 8/8
[15 INFO main 771195] Scout.Query -> Scout.GotoCenter | Drive to others reported pos
[15 INFO main 772836] Scout.GotoCenter -> Scout.Query | return to random walk
[15 INFO main 779095] Confirming: 1/8
[15 INFO main 781194] Confirming: 2/8
[15 INFO main 785357] Confirming: 4/8
[15 INFO main 787369] Confirming: 5/8
[15 INFO main 791466] Confirming: 7/8
[15 INFO main 793481] Confirming: 8/8
[15 INFO main 1009290] Scout.Query -> Scout.GotoCenter | Drive to others reported pos
[15 INFO main 1109505] Scout.GotoCenter -> Scout.Query | return to random walk
[15 INFO main 1121921] Confirming: 1/8
[15 INFO main 1123929] Confirming: 2/8
[15 INFO main 1126085] Confirming: 3/8
[15 INFO main 1128174] Confirming: 4/8
[15 INFO main 1132358] Confirming: 5/8
[15 INFO main 1134434] Confirming: 6/8
[15 INFO main 1136421] Confirming: 8/8
[15 INFO main 1307040] Scout.Query -> Scout.GotoCenter | Drive to others reported pos
[15 INFO main 1335518] Scout.GotoCenter -> Scout.Query | return to random walk
[15 INFO main 1341801] Confirming: 1/8
[15 INFO main 1343869] Confirming: 2/8
[15 INFO main 1347961] Confirming: 4/8
[15 INFO main 1349982] Confirming: 5/8
[15 INFO main 1351978] Confirming: 6/8
[15 INFO main 1354150] Confirming: 7/8
[15 INFO main 1356190] Confirming: 8/8
[15 INFO main 1798203] Scout.Query -> Scout.GotoCenter | Drive to others reported pos
[15 INFO main 2066700] Scout.GotoCenter -> Scout.Query | return to random walk
[15 INFO main 2077041] Confirming: 2/8
[15 INFO main 2103724] Confirming: 11/8
[15 INFO main 2112901] Scout.Query -> Scout.GotoCenter | Drive to others reported pos
[15 INFO main 2202382] Scout.GotoCenter -> Scout.Query | return to random walk
[15 INFO main 2220949] Confirming: 1/8
[15 INFO main 2223029] Confirming: 2/8
[15 INFO main 2225047] Confirming: 3/8
[15 INFO main 2229094] Confirming: 5/8
[15 INFO main 2231168] Confirming: 6/8
[15 INFO main 2233262] Confirming: 7/8
[15 INFO main 2235285] Confirming: 8/8
[15 INFO main 2320814] Scout.Query -> Scout.GotoCenter | Drive to others reported pos
[15 INFO main 2351505] Scout.GotoCenter -> Scout.Query | return to random walk
[15 INFO main 2362077] Confirming: 1/8
[15 INFO main 2364138] Confirming: 2/8
[15 INFO main 2366165] Confirming: 3/8
[15 INFO main 2368174] Confirming: 4/8
[15 INFO main 2370222] Confirming: 5/8
[15 INFO main 2372341] Confirming: 6/8
[15 INFO main 2374344] Confirming: 7/8
[15 INFO main 2376410] Confirming: 8/8
[15 INFO main 2458504] Scout.Query -> Scout.GotoCenter | Drive to others reported pos
[15 INFO main 2576112] Scout.GotoCenter -> Scout.Query | return to random walk
[15 INFO main 2588466] Confirming: 1/8
[15 INFO main 2592626] Confirming: 2/8
[15 INFO main 2594694] Confirming: 3/8
[15 INFO main 2596758] Confirming: 5/8
[15 INFO main 2598972] Confirming: 6/8
[15 INFO main 2603165] Confirming: 8/8
[15 INFO main 2672317] Scout.Query -> Scout.GotoCenter | Drive to others reported pos
[15 INFO main 2687421] Scout.GotoCenter -> Scout.Query | return to random walk
[15 INFO main 2701705] Confirming: 1/8
[15 INFO main 2703760] Confirming: 2/8
[15 INFO main 2705849] Confirming: 3/8
[15 INFO main 2707897] Confirming: 4/8
[15 INFO main 2709968] Confirming: 5/8
[15 INFO main 2711996] Confirming: 6/8
[15 INFO main 2714082] Confirming: 7/8
[15 INFO main 2716141] Confirming: 8/8
[15 INFO main 3042930] Confirming: 1/8
[15 INFO main 3051213] Confirming: 2/8
[15 INFO main 3059500] Confirming: 3/8
[15 INFO main 3061534] Confirming: 4/8
[15 INFO main 3065641] Confirming: 6/8
[15 INFO main 3069766] Confirming: 8/8
[15 INFO main 3074061] Scout.Query -> Scout.GotoCenter | Drive to others reported pos
[15 INFO main 3307805] Scout.GotoCenter -> Scout.Query | return to random walk
[15 INFO main 3331485] Confirming: 1/8
[15 INFO main 3333901] Confirming: 2/8
[15 INFO main 3336005] Confirming: 3/8
[15 INFO main 3338021] Confirming: 4/8
[15 INFO main 3340390] Confirming: 6/8
[15 INFO main 3342970] Confirming: 7/8
[15 INFO main 3345409] Confirming: 8/8
[15 INFO main 3350187] Scout.Query -> Scout.GotoCenter | Drive to others reported pos
[15 INFO main 3709686] Scout.GotoCenter -> Scout.Query | return to random walk
[15 INFO main 3725599] Confirming: 1/8
[15 INFO main 3728013] Confirming: 2/8
[15 INFO main 3730269] Confirming: 3/8
[15 INFO main 3732548] Confirming: 4/8
[15 INFO main 3734645] Confirming: 5/8
[15 INFO main 3736693] Confirming: 6/8
[15 INFO main 3738798] Confirming: 8/8
[15 INFO main 3884058] Confirming: 1/8
[15 INFO main 3886144] Confirming: 2/8
[15 INFO main 3888153] Confirming: 4/8
[15 INFO main 3890161] Confirming: 5/8
[15 INFO main 3892248] Confirming: 6/8
[15 INFO main 3894337] Confirming: 7/8
[15 INFO main 3896389] Confirming: 8/8
[15 INFO main 3897760] Scout.Query -> Scout.GotoCenter | Drive to others reported pos
[15 INFO main 3922670] Scout.GotoCenter -> Scout.Query | return to random walk
[15 INFO main 3945692] Confirming: 2/8
[15 INFO main 3947804] Confirming: 3/8
[15 INFO main 3949832] Confirming: 4/8
[15 INFO main 3953984] Confirming: 5/8
[15 INFO main 3957910] Confirming: 8/8
[15 INFO main 4347669] Scout.Query -> Scout.GotoCenter | Drive to others reported pos
[15 INFO main 4399072] Scout.GotoCenter -> Scout.Query | return to random walk
[15 INFO main 4417734] Confirming: 1/8
[15 INFO main 4419810] Confirming: 2/8
[15 INFO main 4421922] Confirming: 3/8
[15 INFO main 4423885] Confirming: 4/8
[15 INFO main 4426002] Confirming: 5/8
[15 INFO main 4428078] Confirming: 6/8
[15 INFO main 4430178] Confirming: 7/8
[15 INFO main 4432252] Confirming: 8/8
[15 INFO main 4435085] Scout.Query -> Scout.GotoCenter | Drive to others reported pos
[15 INFO main 4537350] Scout.GotoCenter -> Scout.Query | return to random walk
[15 INFO main 4548106] Confirming: 1/8
[15 INFO main 4550137] Confirming: 2/8
[15 INFO main 4552716] Confirming: 3/8
[15 INFO main 4555106] Confirming: 5/8
[15 INFO main 4557776] Confirming: 6/8
[15 INFO main 4560209] Confirming: 7/8
[15 INFO main 4562825] Confirming: 9/8
[15 INFO main 4563822] Scout.Query -> Scout.GotoCenter | Drive to others reported pos
[15 INFO main 4739521] Scout.GotoCenter -> Scout.Query | return to random walk
[15 INFO main 4767270] Confirming: 1/8
[15 INFO main 4769381] Confirming: 3/8
[15 INFO main 4773430] Confirming: 4/8
[15 INFO main 4775438] Confirming: 5/8
[15 INFO main 4777493] Confirming: 6/8
[15 INFO main 4779549] Confirming: 7/8
[15 INFO main 4781586] Confirming: 9/8
[15 INFO main 4785178] Scout.Query -> Scout.GotoCenter | Drive to others reported pos
[15 INFO main 4849716] Scout.GotoCenter -> Scout.Query | return to random walk
[15 INFO main 4900909] Confirming: 1/8
[15 INFO main 4902936] Confirming: 3/8
[15 INFO main 4907016] Confirming: 4/8
[15 INFO main 4909050] Confirming: 5/8
[15 INFO main 4911185] Confirming: 7/8
[15 INFO main 4913214] Confirming: 8/8
[15 INFO main 4915637] Scout.Query -> Scout.GotoCenter | Drive to others reported pos
[15 INFO main 5026031] Scout.GotoCenter -> Scout.Query | return to random walk
[15 INFO main 5058033] Confirming: 1/8
[15 INFO main 5060090] Confirming: 2/8
[15 INFO main 5062306] Confirming: 3/8
[15 INFO main 5064322] Confirming: 5/8
[15 INFO main 5066386] Confirming: 6/8
[15 INFO main 5070402] Confirming: 7/8
[15 INFO main 5072656] Confirming: 8/8
[15 INFO main 5076706] Scout.Query -> Scout.GotoCenter | Drive to others reported pos
[15 INFO main 5144829] Scout.GotoCenter -> Scout.Query | return to random walk
[15 INFO main 5212738] Confirming: 2/8
[15 INFO main 5217021] Confirming: 3/8
[15 INFO main 5221062] Confirming: 4/8
[15 INFO main 5223062] Confirming: 6/8
[15 INFO main 5225321] Confirming: 7/8
[15 INFO main 5227417] Confirming: 8/8
[15 INFO main 5227585] Scout.Query -> Scout.GotoCenter | Drive to others reported pos
[15 INFO main 5663271] Scout.GotoCenter -> Scout.Query | return to random walk
[15 INFO main 5678126] Confirming: 1/8
[15 INFO main 5682497] Confirming: 2/8
[15 INFO main 5713997] Confirming: 4/8
[15 INFO main 5718138] Confirming: 5/8
[15 INFO main 5722209] Confirming: 8/8
[15 INFO main 5734480] Scout.Query -> Scout.GotoCenter | Drive to others reported pos
[15 INFO main 5838420] Scout.GotoCenter -> Scout.Query | return to random walk
[15 INFO main 5851137] Confirming: 1/8
[15 INFO main 5853249] Confirming: 2/8
[15 INFO main 5855291] Confirming: 3/8
[15 INFO main 5857421] Confirming: 4/8
[15 INFO main 5859960] Confirming: 5/8
[15 INFO main 5862034] Confirming: 6/8
[15 INFO main 5864381] Confirming: 8/8
[15 INFO main 5869112] Scout.Query -> Scout.GotoCenter | Drive to others reported pos
[15 INFO main 5895403] Scout.GotoCenter -> Scout.Query | return to random walk
[15 INFO main 5912405] Confirming: 1/8
[15 INFO main 5914441] Confirming: 2/8
[15 INFO main 5916596] Confirming: 3/8
[15 INFO main 5918809] Confirming: 4/8
[15 INFO main 5920833] Confirming: 5/8
[15 INFO main 5923070] Confirming: 6/8
[15 INFO main 5925101] Confirming: 7/8
[15 INFO main 5927160] Confirming: 8/8
[15 INFO main 5931290] Scout.Query -> Scout.GotoCenter | Drive to others reported pos
[15 INFO main 5962325] Scout.GotoCenter -> Scout.Query | return to random walk
[15 INFO main 5978010] Confirming: 1/8
[15 INFO main 5980185] Confirming: 2/8
[15 INFO main 5982644] Confirming: 4/8
[15 INFO main 5987721] Confirming: 6/8
[15 INFO main 5989856] Confirming: 8/8
[15 INFO main 5994177] Scout.Query -> Scout.GotoCenter | Drive to others reported pos
[15 INFO main 6051726] Scout.GotoCenter -> Scout.Query | return to random walk
[15 INFO main 6062554] Confirming: 1/8
[15 INFO main 6064511] Confirming: 2/8
[15 INFO main 6066701] Confirming: 3/8
[15 INFO main 6068734] Confirming: 4/8
[15 INFO main 6070764] Confirming: 5/8
[15 INFO main 6072850] Confirming: 6/8
[15 INFO main 6077090] Confirming: 7/8
[15 INFO main 6079121] Confirming: 9/8
[15 INFO main 6082472] Scout.Query -> Scout.GotoCenter | Drive to others reported pos
[15 INFO main 6179855] Scout.GotoCenter -> Scout.Query | return to random walk
[15 INFO main 6196860] Confirming: 1/8
[15 INFO main 6198900] Confirming: 2/8
[15 INFO main 6201181] Confirming: 3/8
[15 INFO main 6203418] Confirming: 5/8
[15 INFO main 6205462] Confirming: 6/8
[15 INFO main 6207474] Confirming: 7/8
[15 INFO main 6209490] Confirming: 8/8
[15 INFO main 6235661] Scout.Query -> Scout.GotoCenter | Drive to others reported pos
[15 INFO main 6312551] Scout.GotoCenter -> Scout.Query | return to random walk
[15 INFO main 6346733] Confirming: 1/8
[15 INFO main 6348722] Confirming: 2/8
[15 INFO main 6350789] Confirming: 3/8
[15 INFO main 6352817] Confirming: 4/8
[15 INFO main 6354839] Confirming: 5/8
[15 INFO main 6356913] Confirming: 6/8
[15 INFO main 6358927] Confirming: 7/8
[15 INFO main 6361201] Confirming: 8/8
[15 INFO main 6364377] Scout.Query -> Scout.GotoCenter | Drive to others reported pos
[15 INFO main 6378088] Scout.GotoCenter -> Scout.Query | return to random walk
[15 INFO main 6395246] Confirming: 1/8
[15 INFO main 6397689] Confirming: 3/8
[15 INFO main 6402250] Confirming: 5/8
[15 INFO main 6404402] Confirming: 6/8
[15 INFO main 6406749] Confirming: 7/8
[15 INFO main 6409065] Confirming: 8/8
