[4 INFO main 27] Initialising Python Geth Console...
[4 INFO main 32] Initialising RandB board...
[4 INFO main 32] Initialising navigation...
[4 INFO main 32] Initialising random-walk...
[4 INFO main 32] Initialising odometry...
[4 INFO main 32] Initialising ground-sensors...
[4 INFO main 1226] --//-- Starting Experiment --//--
[4 INFO main 2328] Idle.IDLE -> Scout.Query | Duration: 22.52
[4 INFO main 11409] Scout.Query -> Scout.GotoCenter | Drive to others reported pos
[4 INFO main 23359] Scout.GotoCenter -> Scout.Query | return to random walk
[4 INFO main 58882] Scout.Query -> Scout.GotoCenter | Drive to others reported pos
[4 INFO main 95171] Scout.GotoCenter -> Scout.Query | return to random walk
[4 INFO main 156089] Scout.Query -> Scout.GotoCenter | Drive to others reported pos
[4 INFO main 211332] Scout.GotoCenter -> Scout.Query | return to random walk
[4 INFO main 267089] Scout.Query -> Scout.GotoCenter | Drive to others reported pos
[4 INFO main 299536] Scout.GotoCenter -> Scout.Query | return to random walk
[4 INFO main 330333] Scout.Query -> Scout.GotoCenter | Drive to others reported pos
[4 INFO main 367843] Scout.GotoCenter -> Scout.Query | return to random walk
[4 INFO main 448952] Scout.Query -> Scout.GotoCenter | Drive to others reported pos
[4 INFO main 456059] Scout.GotoCenter -> Scout.Query | return to random walk
[4 INFO main 481412] Scout.Query -> Scout.GotoCenter | Drive to others reported pos
[4 INFO main 505054] Scout.GotoCenter -> Scout.Query | return to random walk
[4 INFO main 677213] Scout.Query -> Scout.GotoCenter | Drive to others reported pos
[4 INFO main 718914] Scout.GotoCenter -> Scout.Query | return to random walk
[4 INFO main 764795] Scout.Query -> Scout.GotoCenter | Drive to others reported pos
[4 INFO main 798736] Scout.GotoCenter -> Scout.Query | return to random walk
[4 INFO main 885476] Scout.Query -> Scout.GotoCenter | Drive to others reported pos
[4 INFO main 907757] Scout.GotoCenter -> Scout.Query | return to random walk
[4 INFO main 943211] Scout.Query -> Scout.GotoCenter | Drive to others reported pos
