[13 INFO main 68] Initialising Python Geth Console...
[13 INFO main 71] Initialising RandB board...
[13 INFO main 71] Initialising navigation...
[13 INFO main 72] Initialising random-walk...
[13 INFO main 72] Initialising odometry...
[13 INFO main 72] Initialising ground-sensors...
[13 INFO main 279] --//-- Starting Experiment --//--
[13 INFO main 1376] Idle.IDLE -> Scout.Query | Duration: 18.83
[13 INFO main 148872] Scout.Query -> Scout.GotoCenter | Drive to others reported pos
[13 INFO main 150266] Scout.GotoCenter -> Scout.Query | return to random walk
[13 INFO main 150876] Scout.Query -> Scout.GotoCenter | Drive to others reported pos
[13 INFO main 156278] Scout.GotoCenter -> Scout.Query | return to random walk
[13 INFO main 157071] Scout.Query -> Scout.GotoCenter | Drive to others reported pos
[13 INFO main 157476] Scout.GotoCenter -> Scout.Query | return to random walk
[13 INFO main 158083] Scout.Query -> Scout.GotoCenter | Drive to others reported pos
[13 INFO main 161185] Scout.GotoCenter -> Scout.Query | return to random walk
[13 INFO main 161288] Scout.Query -> Scout.GotoCenter | Drive to others reported pos
[13 INFO main 162787] Scout.GotoCenter -> Scout.Query | return to random walk
[13 INFO main 163388] Scout.Query -> Scout.GotoCenter | Drive to others reported pos
[13 INFO main 166787] Scout.GotoCenter -> Scout.Query | return to random walk
[13 INFO main 167490] Scout.Query -> Scout.GotoCenter | Drive to others reported pos
[13 INFO main 169090] Scout.GotoCenter -> Scout.Query | return to random walk
[13 INFO main 169598] Scout.Query -> Scout.GotoCenter | Drive to others reported pos
[13 INFO main 171896] Scout.GotoCenter -> Scout.Query | return to random walk
[13 INFO main 172796] Scout.Query -> Scout.GotoCenter | Drive to others reported pos
[13 INFO main 173998] Scout.GotoCenter -> Scout.Query | return to random walk
[13 INFO main 174799] Scout.Query -> Scout.GotoCenter | Drive to others reported pos
[13 INFO main 175103] Scout.GotoCenter -> Scout.Query | return to random walk
