[12 INFO main 30] Initialising Python Geth Console...
[12 INFO main 33] Initialising RandB board...
[12 INFO main 33] Initialising navigation...
[12 INFO main 33] Initialising random-walk...
[12 INFO main 33] Initialising odometry...
[12 INFO main 33] Initialising ground-sensors...
[12 INFO main 387] --//-- Starting Experiment --//--
[12 INFO main 1485] Idle.IDLE -> Scout.Query | Duration: 22.67
[12 INFO main 125249] Scout.Query -> Scout.GotoCenter | Drive to others reported pos
[12 INFO main 127949] Scout.GotoCenter -> Scout.Query | return to random walk
[12 INFO main 128347] Scout.Query -> Scout.GotoCenter | Drive to others reported pos
[12 INFO main 130650] Scout.GotoCenter -> Scout.Query | return to random walk
[12 INFO main 132762] Scout.Query -> Scout.GotoCenter | Drive to others reported pos
[12 INFO main 134967] Scout.GotoCenter -> Scout.Query | return to random walk
[12 INFO main 136068] Scout.Query -> Scout.GotoCenter | Drive to others reported pos
[12 INFO main 136253] Scout.GotoCenter -> Scout.Query | return to random walk
[12 INFO main 137164] Scout.Query -> Scout.GotoCenter | Drive to others reported pos
[12 INFO main 138356] Scout.GotoCenter -> Scout.Query | return to random walk
[12 INFO main 139258] Scout.Query -> Scout.GotoCenter | Drive to others reported pos
[12 INFO main 140958] Scout.GotoCenter -> Scout.Query | return to random walk
[12 INFO main 141273] Scout.Query -> Scout.GotoCenter | Drive to others reported pos
[12 INFO main 141662] Scout.GotoCenter -> Scout.Query | return to random walk
[12 INFO main 142374] Scout.Query -> Scout.GotoCenter | Drive to others reported pos
[12 INFO main 142565] Scout.GotoCenter -> Scout.Query | return to random walk
