[9 INFO main 30] Initialising Python Geth Console...
[9 INFO main 34] Initialising RandB board...
[9 INFO main 34] Initialising navigation...
[9 INFO main 34] Initialising random-walk...
[9 INFO main 34] Initialising odometry...
[9 INFO main 34] Initialising ground-sensors...
[9 INFO main 392] --//-- Starting Experiment --//--
[9 INFO main 1491] Idle.IDLE -> Scout.Query | Duration: 22.51
[9 INFO main 32641] Scout.Query -> Scout.GotoCenter | Drive to others reported pos
[9 INFO main 36746] Scout.GotoCenter -> Scout.Query | return to random walk
[9 INFO main 37748] Scout.Query -> Scout.GotoCenter | Drive to others reported pos
[9 INFO main 38039] Scout.GotoCenter -> Scout.Query | return to random walk
[9 INFO main 38749] Scout.Query -> Scout.GotoCenter | Drive to others reported pos
[9 INFO main 38942] Scout.GotoCenter -> Scout.Query | return to random walk
[9 INFO main 39749] Scout.Query -> Scout.GotoCenter | Drive to others reported pos
[9 INFO main 42252] Scout.GotoCenter -> Scout.Query | return to random walk
[9 INFO main 42753] Scout.Query -> Scout.GotoCenter | Drive to others reported pos
[9 INFO main 47760] Scout.GotoCenter -> Scout.Query | return to random walk
[9 INFO main 48246] Scout.Query -> Scout.GotoCenter | Drive to others reported pos
[9 INFO main 49154] Scout.GotoCenter -> Scout.Query | return to random walk
[9 INFO main 49253] Scout.Query -> Scout.GotoCenter | Drive to others reported pos
[9 INFO main 53964] Scout.GotoCenter -> Scout.Query | return to random walk
[9 INFO main 54362] Scout.Query -> Scout.GotoCenter | Drive to others reported pos
[9 INFO main 56563] Scout.GotoCenter -> Scout.Query | return to random walk
[9 INFO main 57468] Scout.Query -> Scout.GotoCenter | Drive to others reported pos
[9 INFO main 57557] Scout.GotoCenter -> Scout.Query | return to random walk
[9 INFO main 58469] Scout.Query -> Scout.GotoCenter | Drive to others reported pos
[9 INFO main 59770] Scout.GotoCenter -> Scout.Query | return to random walk
[9 INFO main 60470] Scout.Query -> Scout.GotoCenter | Drive to others reported pos
[9 INFO main 63675] Scout.GotoCenter -> Scout.Query | return to random walk
[9 INFO main 64479] Scout.Query -> Scout.GotoCenter | Drive to others reported pos
[9 INFO main 67479] Scout.GotoCenter -> Scout.Query | return to random walk
[9 INFO main 67579] Scout.Query -> Scout.GotoCenter | Drive to others reported pos
[9 INFO main 69685] Scout.GotoCenter -> Scout.Query | return to random walk
[9 INFO main 70687] Scout.Query -> Scout.GotoCenter | Drive to others reported pos
[9 INFO main 71583] Scout.GotoCenter -> Scout.Query | return to random walk
[9 INFO main 71788] Scout.Query -> Scout.GotoCenter | Drive to others reported pos
[9 INFO main 73289] Scout.GotoCenter -> Scout.Query | return to random walk
[9 INFO main 73888] Scout.Query -> Scout.GotoCenter | Drive to others reported pos
[9 INFO main 76287] Scout.GotoCenter -> Scout.Query | return to random walk
[9 INFO main 76891] Scout.Query -> Scout.GotoCenter | Drive to others reported pos
[9 INFO main 77689] Scout.GotoCenter -> Scout.Query | return to random walk
[9 INFO main 77993] Scout.Query -> Scout.GotoCenter | Drive to others reported pos
[9 INFO main 78196] Scout.GotoCenter -> Scout.Query | return to random walk
[9 INFO main 79097] Scout.Query -> Scout.GotoCenter | Drive to others reported pos
[9 INFO main 79994] Scout.GotoCenter -> Scout.Query | return to random walk
[9 INFO main 80186] Scout.Query -> Scout.GotoCenter | Drive to others reported pos
[9 INFO main 81998] Scout.GotoCenter -> Scout.Query | return to random walk
[9 INFO main 82291] Scout.Query -> Scout.GotoCenter | Drive to others reported pos
[9 INFO main 83000] Scout.GotoCenter -> Scout.Query | return to random walk
[9 INFO main 83297] Scout.Query -> Scout.GotoCenter | Drive to others reported pos
[9 INFO main 83697] Scout.GotoCenter -> Scout.Query | return to random walk
[9 INFO main 84297] Scout.Query -> Scout.GotoCenter | Drive to others reported pos
[9 INFO main 84698] Scout.GotoCenter -> Scout.Query | return to random walk
[9 INFO main 85298] Scout.Query -> Scout.GotoCenter | Drive to others reported pos
[9 INFO main 85500] Scout.GotoCenter -> Scout.Query | return to random walk
[9 INFO main 86300] Scout.Query -> Scout.GotoCenter | Drive to others reported pos
[9 INFO main 87002] Scout.GotoCenter -> Scout.Query | return to random walk
[9 INFO main 87395] Scout.Query -> Scout.GotoCenter | Drive to others reported pos
[9 INFO main 87798] Scout.GotoCenter -> Scout.Query | return to random walk
[9 INFO main 88402] Scout.Query -> Scout.GotoCenter | Drive to others reported pos
[9 INFO main 88813] Scout.GotoCenter -> Scout.Query | return to random walk
[9 INFO main 89404] Scout.Query -> Scout.GotoCenter | Drive to others reported pos
[9 INFO main 90103] Scout.GotoCenter -> Scout.Query | return to random walk
[9 INFO main 90513] Scout.Query -> Scout.GotoCenter | Drive to others reported pos
[9 INFO main 91406] Scout.GotoCenter -> Scout.Query | return to random walk
[9 INFO main 91515] Scout.Query -> Scout.GotoCenter | Drive to others reported pos
[9 INFO main 91806] Scout.GotoCenter -> Scout.Query | return to random walk
[9 INFO main 92614] Scout.Query -> Scout.GotoCenter | Drive to others reported pos
[9 INFO main 92908] Scout.GotoCenter -> Scout.Query | return to random walk
[9 INFO main 93617] Scout.Query -> Scout.GotoCenter | Drive to others reported pos
[9 INFO main 93709] Scout.GotoCenter -> Scout.Query | return to random walk
[9 INFO main 94717] Scout.Query -> Scout.GotoCenter | Drive to others reported pos
[9 INFO main 95609] Scout.GotoCenter -> Scout.Query | return to random walk
[9 INFO main 95817] Scout.Query -> Scout.GotoCenter | Drive to others reported pos
[9 INFO main 96810] Scout.GotoCenter -> Scout.Query | return to random walk
[9 INFO main 96907] Scout.Query -> Scout.GotoCenter | Drive to others reported pos
[9 INFO main 98419] Scout.GotoCenter -> Scout.Query | return to random walk
[9 INFO main 98919] Scout.Query -> Scout.GotoCenter | Drive to others reported pos
[9 INFO main 102525] Scout.GotoCenter -> Scout.Query | return to random walk
[9 INFO main 103027] Scout.Query -> Scout.GotoCenter | Drive to others reported pos
[9 INFO main 104625] Scout.GotoCenter -> Scout.Query | return to random walk
[9 INFO main 105125] Scout.Query -> Scout.GotoCenter | Drive to others reported pos
[9 INFO main 107324] Scout.GotoCenter -> Scout.Query | return to random walk
[9 INFO main 108329] Scout.Query -> Scout.GotoCenter | Drive to others reported pos
[9 INFO main 110826] Scout.GotoCenter -> Scout.Query | return to random walk
[9 INFO main 111425] Scout.Query -> Scout.GotoCenter | Drive to others reported pos
[9 INFO main 112830] Scout.GotoCenter -> Scout.Query | return to random walk
[9 INFO main 113431] Scout.Query -> Scout.GotoCenter | Drive to others reported pos
[9 INFO main 114534] Scout.GotoCenter -> Scout.Query | return to random walk
[9 INFO main 115435] Scout.Query -> Scout.GotoCenter | Drive to others reported pos
[9 INFO main 116237] Scout.GotoCenter -> Scout.Query | return to random walk
[9 INFO main 116437] Scout.Query -> Scout.GotoCenter | Drive to others reported pos
[9 INFO main 118637] Scout.GotoCenter -> Scout.Query | return to random walk
[9 INFO main 119442] Scout.Query -> Scout.GotoCenter | Drive to others reported pos
[9 INFO main 119640] Scout.GotoCenter -> Scout.Query | return to random walk
[9 INFO main 120444] Scout.Query -> Scout.GotoCenter | Drive to others reported pos
[9 INFO main 120947] Scout.GotoCenter -> Scout.Query | return to random walk
[9 INFO main 121448] Scout.Query -> Scout.GotoCenter | Drive to others reported pos
[9 INFO main 123646] Scout.GotoCenter -> Scout.Query | return to random walk
[9 INFO main 124551] Scout.Query -> Scout.GotoCenter | Drive to others reported pos
[9 INFO main 126848] Scout.GotoCenter -> Scout.Query | return to random walk
[9 INFO main 127648] Scout.Query -> Scout.GotoCenter | Drive to others reported pos
[9 INFO main 130853] Scout.GotoCenter -> Scout.Query | return to random walk
[9 INFO main 131659] Scout.Query -> Scout.GotoCenter | Drive to others reported pos
[9 INFO main 131854] Scout.GotoCenter -> Scout.Query | return to random walk
[9 INFO main 132750] Scout.Query -> Scout.GotoCenter | Drive to others reported pos
[9 INFO main 132861] Scout.GotoCenter -> Scout.Query | return to random walk
[9 INFO main 133757] Scout.Query -> Scout.GotoCenter | Drive to others reported pos
[9 INFO main 133861] Scout.GotoCenter -> Scout.Query | return to random walk
[9 INFO main 134758] Scout.Query -> Scout.GotoCenter | Drive to others reported pos
[9 INFO main 136061] Scout.GotoCenter -> Scout.Query | return to random walk
[9 INFO main 136766] Scout.Query -> Scout.GotoCenter | Drive to others reported pos
[9 INFO main 137365] Scout.GotoCenter -> Scout.Query | return to random walk
[9 INFO main 137768] Scout.Query -> Scout.GotoCenter | Drive to others reported pos
[9 INFO main 138461] Scout.GotoCenter -> Scout.Query | return to random walk
[9 INFO main 138871] Scout.Query -> Scout.GotoCenter | Drive to others reported pos
[9 INFO main 139470] Scout.GotoCenter -> Scout.Query | return to random walk
[9 INFO main 139964] Scout.Query -> Scout.GotoCenter | Drive to others reported pos
[9 INFO main 141166] Scout.GotoCenter -> Scout.Query | return to random walk
[9 INFO main 141971] Scout.Query -> Scout.GotoCenter | Drive to others reported pos
[9 INFO main 143269] Scout.GotoCenter -> Scout.Query | return to random walk
[9 INFO main 144080] Scout.Query -> Scout.GotoCenter | Drive to others reported pos
[9 INFO main 144271] Scout.GotoCenter -> Scout.Query | return to random walk
[9 INFO main 145178] Scout.Query -> Scout.GotoCenter | Drive to others reported pos
[9 INFO main 146577] Scout.GotoCenter -> Scout.Query | return to random walk
[9 INFO main 147282] Scout.Query -> Scout.GotoCenter | Drive to others reported pos
[9 INFO main 148472] Scout.GotoCenter -> Scout.Query | return to random walk
[9 INFO main 149484] Scout.Query -> Scout.GotoCenter | Drive to others reported pos
[9 INFO main 149680] Scout.GotoCenter -> Scout.Query | return to random walk
[9 INFO main 150484] Scout.Query -> Scout.GotoCenter | Drive to others reported pos
[9 INFO main 153577] Scout.GotoCenter -> Scout.Query | return to random walk
[9 INFO main 154582] Scout.Query -> Scout.GotoCenter | Drive to others reported pos
[9 INFO main 155081] Scout.GotoCenter -> Scout.Query | return to random walk
[9 INFO main 155585] Scout.Query -> Scout.GotoCenter | Drive to others reported pos
[9 INFO main 156687] Scout.GotoCenter -> Scout.Query | return to random walk
[9 INFO main 157588] Scout.Query -> Scout.GotoCenter | Drive to others reported pos
[9 INFO main 158688] Scout.GotoCenter -> Scout.Query | return to random walk
[9 INFO main 159691] Scout.Query -> Scout.GotoCenter | Drive to others reported pos
[9 INFO main 160388] Scout.GotoCenter -> Scout.Query | return to random walk
[9 INFO main 160691] Scout.Query -> Scout.GotoCenter | Drive to others reported pos
[9 INFO main 161689] Scout.GotoCenter -> Scout.Query | return to random walk
[9 INFO main 161792] Scout.Query -> Scout.GotoCenter | Drive to others reported pos
[9 INFO main 161990] Scout.GotoCenter -> Scout.Query | return to random walk
[9 INFO main 162887] Scout.Query -> Scout.GotoCenter | Drive to others reported pos
[9 INFO main 165198] Scout.GotoCenter -> Scout.Query | return to random walk
[9 INFO main 165994] Scout.Query -> Scout.GotoCenter | Drive to others reported pos
[9 INFO main 166597] Scout.GotoCenter -> Scout.Query | return to random walk
[9 INFO main 166996] Scout.Query -> Scout.GotoCenter | Drive to others reported pos
[9 INFO main 167696] Scout.GotoCenter -> Scout.Query | return to random walk
[9 INFO main 168005] Scout.Query -> Scout.GotoCenter | Drive to others reported pos
[9 INFO main 169398] Scout.GotoCenter -> Scout.Query | return to random walk
[9 INFO main 170100] Scout.Query -> Scout.GotoCenter | Drive to others reported pos
[9 INFO main 170206] Scout.GotoCenter -> Scout.Query | return to random walk
[9 INFO main 171101] Scout.Query -> Scout.GotoCenter | Drive to others reported pos
[9 INFO main 172897] Scout.GotoCenter -> Scout.Query | return to random walk
[9 INFO main 173103] Scout.Query -> Scout.GotoCenter | Drive to others reported pos
[9 INFO main 173403] Scout.GotoCenter -> Scout.Query | return to random walk
[9 INFO main 174114] Scout.Query -> Scout.GotoCenter | Drive to others reported pos
[9 INFO main 175115] Scout.GotoCenter -> Scout.Query | return to random walk
[9 INFO main 176216] Scout.Query -> Scout.GotoCenter | Drive to others reported pos
[9 INFO main 176404] Scout.GotoCenter -> Scout.Query | return to random walk
[9 INFO main 177318] Scout.Query -> Scout.GotoCenter | Drive to others reported pos
[9 INFO main 180110] Scout.GotoCenter -> Scout.Query | return to random walk
[9 INFO main 180614] Scout.Query -> Scout.GotoCenter | Drive to others reported pos
[9 INFO main 180819] Scout.GotoCenter -> Scout.Query | return to random walk
[9 INFO main 181615] Scout.Query -> Scout.GotoCenter | Drive to others reported pos
[9 INFO main 183522] Scout.GotoCenter -> Scout.Query | return to random walk
[9 INFO main 183715] Scout.Query -> Scout.GotoCenter | Drive to others reported pos
[9 INFO main 184616] Scout.GotoCenter -> Scout.Query | return to random walk
[9 INFO main 184719] Scout.Query -> Scout.GotoCenter | Drive to others reported pos
[9 INFO main 185318] Scout.GotoCenter -> Scout.Query | return to random walk
[9 INFO main 185721] Scout.Query -> Scout.GotoCenter | Drive to others reported pos
[9 INFO main 190324] Scout.GotoCenter -> Scout.Query | return to random walk
