[INFO main 28] Initialising peer buffer...
[INFO main 28] Initialising resource buffer...
[INFO main 28] Initialising TCP server...
[INFO main 28] Initialising RandB board...
[INFO main 28] Initialising ground-sensors...
[INFO main 28] Initialising random-walk...
[INFO main 1188] --//-- Starting Experiment --//--
[INFO main 6093] Added resource: {"x": -0.38, "y": -0.02, "radius": 0.05, "quantity": 1, "quality": "blue", "timeStamp": 0}
[INFO main 17608] Added resource: {"x": -0.15, "y": -0.54, "radius": 0.05, "quantity": 1, "quality": "red", "timeStamp": 0}
[INFO main 41336] Removed resource: {"x": -0.38, "y": -0.02, "radius": 0.05, "quantity": 1, "quality": "blue", "timeStamp": 0}
[INFO main 48043] Added resource: {"x": -0.7, "y": 0.06, "radius": 0.04, "quantity": 1, "quality": "yellow", "timeStamp": 0}
[INFO main 108916] Removed resource: {"x": -0.7, "y": 0.06, "radius": 0.04, "quantity": 1, "quality": "yellow", "timeStamp": 0}
[INFO main 145257] Added resource: {"x": -1.0, "y": 0.35, "radius": 0.05, "quantity": 1, "quality": "blue", "timeStamp": 0}
[INFO main 188507] Added resource: {"x": 0.2, "y": -0.58, "radius": 0.06, "quantity": 1, "quality": "red", "timeStamp": 0}
[INFO main 192311] Added resource: {"x": 0.12, "y": -0.41, "radius": 0.05, "quantity": 1, "quality": "red", "timeStamp": 0}
[INFO main 221544] Removed resource: {"x": -1.0, "y": 0.35, "radius": 0.05, "quantity": 1, "quality": "blue", "timeStamp": 0}
[INFO main 227652] Added resource: {"x": -1.18, "y": 0.32, "radius": 0.04, "quantity": 1, "quality": "yellow", "timeStamp": 0}
[INFO main 237263] Added resource: {"x": -0.73, "y": 0.16, "radius": 0.04, "quantity": 1, "quality": "green", "timeStamp": 0}
[INFO main 356497] Removed resource: {"x": -1.18, "y": 0.32, "radius": 0.04, "quantity": 1, "quality": "yellow", "timeStamp": 0}
[INFO main 504063] Added resource: {"x": -0.76, "y": -0.0, "radius": 0.04, "quantity": 1, "quality": "yellow", "timeStamp": 0}
[INFO main 525886] Removed resource: {"x": -0.76, "y": -0.0, "radius": 0.04, "quantity": 1, "quality": "yellow", "timeStamp": 0}
[INFO main 546710] Removed resource: {"x": -0.73, "y": 0.16, "radius": 0.04, "quantity": 1, "quality": "green", "timeStamp": 0}
[INFO main 582948] Added resource: {"x": -0.47, "y": 0.76, "radius": 0.05, "quantity": 1, "quality": "blue", "timeStamp": 0}
[INFO main 583048] Added resource: {"x": -0.47, "y": 0.75, "radius": 0.05, "quantity": 1, "quality": "red", "timeStamp": 0}
