[13 INFO main 30] Initialising Python Geth Console...
[13 INFO main 33] Initialising RandB board...
[13 INFO main 33] Initialising navigation...
[13 INFO main 33] Initialising random-walk...
[13 INFO main 33] Initialising odometry...
[13 INFO main 33] Initialising ground-sensors...
[13 INFO main 193] --//-- Starting Experiment --//--
[13 INFO main 1294] Idle.IDLE -> Scout.Query | Duration: 20.28
[13 INFO main 87906] Scout.Query -> Scout.GotoCenter | Drive to others reported pos
[13 INFO main 90808] Scout.GotoCenter -> Scout.Query | return to random walk
[13 INFO main 91110] Scout.Query -> Scout.GotoCenter | Drive to others reported pos
[13 INFO main 92612] Scout.GotoCenter -> Scout.Query | return to random walk
[13 INFO main 93113] Scout.Query -> Scout.GotoCenter | Drive to others reported pos
[13 INFO main 95715] Scout.GotoCenter -> Scout.Query | return to random walk
[13 INFO main 96216] Scout.Query -> Scout.GotoCenter | Drive to others reported pos
[13 INFO main 97719] Scout.GotoCenter -> Scout.Query | return to random walk
[13 INFO main 98219] Scout.Query -> Scout.GotoCenter | Drive to others reported pos
[13 INFO main 100423] Scout.GotoCenter -> Scout.Query | return to random walk
[13 INFO main 101223] Scout.Query -> Scout.GotoCenter | Drive to others reported pos
[13 INFO main 101319] Scout.GotoCenter -> Scout.Query | return to random walk
[13 INFO main 102224] Scout.Query -> Scout.GotoCenter | Drive to others reported pos
[13 INFO main 103826] Scout.GotoCenter -> Scout.Query | return to random walk
[13 INFO main 104328] Scout.Query -> Scout.GotoCenter | Drive to others reported pos
[13 INFO main 104829] Scout.GotoCenter -> Scout.Query | return to random walk
[13 INFO main 105427] Scout.Query -> Scout.GotoCenter | Drive to others reported pos
[13 INFO main 107428] Scout.GotoCenter -> Scout.Query | return to random walk
[13 INFO main 107626] Scout.Query -> Scout.GotoCenter | Drive to others reported pos
[13 INFO main 109435] Scout.GotoCenter -> Scout.Query | return to random walk
[13 INFO main 109730] Scout.Query -> Scout.GotoCenter | Drive to others reported pos
[13 INFO main 110140] Scout.GotoCenter -> Scout.Query | return to random walk
[13 INFO main 110737] Scout.Query -> Scout.GotoCenter | Drive to others reported pos
[13 INFO main 111027] Scout.GotoCenter -> Scout.Query | return to random walk
[13 INFO main 111833] Scout.Query -> Scout.GotoCenter | Drive to others reported pos
[13 INFO main 117238] Scout.GotoCenter -> Scout.Query | return to random walk
[13 INFO main 118146] Scout.Query -> Scout.GotoCenter | Drive to others reported pos
[13 INFO main 118441] Scout.GotoCenter -> Scout.Query | return to random walk
[13 INFO main 119152] Scout.Query -> Scout.GotoCenter | Drive to others reported pos
[13 INFO main 121150] Scout.GotoCenter -> Scout.Query | return to random walk
[13 INFO main 121245] Scout.Query -> Scout.GotoCenter | Drive to others reported pos
[13 INFO main 122945] Scout.GotoCenter -> Scout.Query | return to random walk
[13 INFO main 123248] Scout.Query -> Scout.GotoCenter | Drive to others reported pos
[13 INFO main 123446] Scout.GotoCenter -> Scout.Query | return to random walk
[13 INFO main 124250] Scout.Query -> Scout.GotoCenter | Drive to others reported pos
[13 INFO main 124451] Scout.GotoCenter -> Scout.Query | return to random walk
[13 INFO main 125253] Scout.Query -> Scout.GotoCenter | Drive to others reported pos
[13 INFO main 125651] Scout.GotoCenter -> Scout.Query | return to random walk
[13 INFO main 126255] Scout.Query -> Scout.GotoCenter | Drive to others reported pos
[13 INFO main 126450] Scout.GotoCenter -> Scout.Query | return to random walk
[13 INFO main 127259] Scout.Query -> Scout.GotoCenter | Drive to others reported pos
[13 INFO main 127453] Scout.GotoCenter -> Scout.Query | return to random walk
