[8 INFO main 61] Initialising Python Geth Console...
[8 INFO main 64] Initialising RandB board...
[8 INFO main 64] Initialising navigation...
[8 INFO main 64] Initialising random-walk...
[8 INFO main 64] Initialising odometry...
[8 INFO main 64] Initialising ground-sensors...
[8 INFO main 951] --//-- Starting Experiment --//--
[8 INFO main 2047] Idle.IDLE -> Scout.Query | Duration: 21.92
[8 INFO main 87567] Scout.Query -> Scout.GotoCenter | Drive to others reported pos
[8 INFO main 102984] Scout.GotoCenter -> Scout.Query | return to random walk
[8 INFO main 103790] Scout.Query -> Scout.GotoCenter | Drive to others reported pos
[8 INFO main 113399] Scout.GotoCenter -> Scout.Query | return to random walk
[8 INFO main 114297] Scout.Query -> Scout.GotoCenter | Drive to others reported pos
[8 INFO main 114400] Scout.GotoCenter -> Scout.Query | return to random walk
[8 INFO main 115297] Scout.Query -> Scout.GotoCenter | Drive to others reported pos
[8 INFO main 117707] Scout.GotoCenter -> Scout.Query | return to random walk
[8 INFO main 118304] Scout.Query -> Scout.GotoCenter | Drive to others reported pos
[8 INFO main 119503] Scout.GotoCenter -> Scout.Query | return to random walk
[8 INFO main 120313] Scout.Query -> Scout.GotoCenter | Drive to others reported pos
[8 INFO main 120505] Scout.GotoCenter -> Scout.Query | return to random walk
