[6 INFO main 27] Initialising Python Geth Console...
[6 INFO main 32] Initialising RandB board...
[6 INFO main 32] Initialising navigation...
[6 INFO main 32] Initialising random-walk...
[6 INFO main 32] Initialising odometry...
[6 INFO main 32] Initialising ground-sensors...
[6 INFO main 787] --//-- Starting Experiment --//--
[6 INFO main 2218] Idle.IDLE -> Scout.Query | Duration: 27.07
[6 INFO main 33689] Scout.Query -> Scout.PrepSend | Homing
[6 INFO main 33897] Scout.PrepSend -> Verify.Homing | Homing
[6 INFO main 48174] Verify.Homing -> Scout.Query | Arrived home
[6 INFO main 52271] Confirming: 1/9
[6 INFO main 54335] Confirming: 2/9
[6 INFO main 56391] Confirming: 4/9
[6 INFO main 58444] Confirming: 5/9
[6 INFO main 60494] Confirming: 6/9
[6 INFO main 62509] Confirming: 7/9
[6 INFO main 64554] Confirming: 8/9
[6 INFO main 68592] Confirming: 10/9
[6 INFO main 68641] Scout.Query -> Verify.DriveTo | Go to unverified source
[6 INFO main 120769] Verify.DriveTo -> Verify.Homing | Homing
[6 INFO main 135507] Verify.Homing -> Scout.Query | Arrived home
[6 INFO main 160428] Confirming: 1/9
[6 INFO main 162453] Confirming: 2/9
[6 INFO main 164578] Confirming: 3/9
[6 INFO main 166650] Confirming: 4/9
[6 INFO main 168674] Confirming: 5/9
[6 INFO main 170720] Confirming: 6/9
[6 INFO main 172757] Confirming: 7/9
[6 INFO main 174842] Confirming: 8/9
[6 INFO main 176944] Confirming: 9/9
[6 INFO main 177489] Scout.Query -> Verify.DriveTo | Go to unverified source
[6 INFO main 207922] Verify.DriveTo -> Verify.Homing | Homing
[6 INFO main 221071] Confirming: 1/9
[6 INFO main 223150] Confirming: 2/9
[6 INFO main 225171] Confirming: 3/9
[6 INFO main 227230] Confirming: 4/9
[6 INFO main 231370] Confirming: 5/9
[6 INFO main 233429] Confirming: 7/9
[6 INFO main 233966] Verify.Homing -> Scout.Query | Arrived home
[6 INFO main 235517] Confirming: 8/9
[6 INFO main 237547] Confirming: 9/9
[6 INFO main 237578] Scout.Query -> Verify.DriveTo | Go to unverified source
[6 INFO main 282767] Verify.DriveTo -> Verify.Homing | Homing
[6 INFO main 309505] Verify.Homing -> Scout.Query | Arrived home
[6 INFO main 311871] Confirming: 1/9
[6 INFO main 313916] Confirming: 2/9
[6 INFO main 316250] Confirming: 3/9
[6 INFO main 318314] Confirming: 4/9
[6 INFO main 320391] Confirming: 5/9
[6 INFO main 322480] Confirming: 6/9
[6 INFO main 324752] Confirming: 8/9
[6 INFO main 329130] Confirming: 10/9
[6 INFO main 329963] Scout.Query -> Verify.DriveTo | Go to unverified source
[6 INFO main 372108] Verify.DriveTo -> Verify.Homing | Homing
[6 INFO main 388764] Verify.Homing -> Scout.Query | Arrived home
[6 INFO main 388901] Scout.Query -> Verify.DriveTo | Go to unverified source
[6 INFO main 421795] Verify.DriveTo -> Verify.Homing | Homing
[6 INFO main 441515] Verify.Homing -> Scout.Query | Arrived home
[6 INFO main 465513] Confirming: 1/9
[6 INFO main 467531] Confirming: 2/9
[6 INFO main 469713] Confirming: 3/9
[6 INFO main 471708] Confirming: 4/9
[6 INFO main 473737] Confirming: 5/9
[6 INFO main 476227] Confirming: 6/9
[6 INFO main 478308] Confirming: 8/9
[6 INFO main 480378] Confirming: 9/9
[6 INFO main 480499] Scout.Query -> Verify.DriveTo | Go to unverified source
[6 INFO main 502106] Verify.DriveTo -> Verify.Homing | Homing
[6 INFO main 525123] Confirming: 1/9
[6 INFO main 527176] Confirming: 2/9
[6 INFO main 529204] Confirming: 3/9
[6 INFO main 531324] Confirming: 4/9
[6 INFO main 532938] Verify.Homing -> Scout.Query | Arrived home
[6 INFO main 533381] Confirming: 5/9
[6 INFO main 535494] Confirming: 6/9
[6 INFO main 537528] Confirming: 7/9
[6 INFO main 539562] Confirming: 8/9
[6 INFO main 543587] Confirming: 10/9
[6 INFO main 544379] Scout.Query -> Verify.DriveTo | Go to unverified source
[6 INFO main 575271] Verify.DriveTo -> Verify.Homing | Homing
[6 INFO main 585756] Confirming: 1/9
[6 INFO main 587845] Confirming: 2/9
[6 INFO main 589949] Confirming: 4/9
[6 INFO main 592055] Confirming: 5/9
[6 INFO main 594117] Confirming: 6/9
[6 INFO main 596145] Confirming: 7/9
[6 INFO main 597334] Verify.Homing -> Scout.Query | Arrived home
[6 INFO main 598153] Confirming: 8/9
[6 INFO main 600358] Confirming: 9/9
[6 INFO main 600837] Scout.Query -> Verify.DriveTo | Go to unverified source
[6 INFO main 633953] Verify.DriveTo -> Verify.Homing | Homing
[6 INFO main 644420] Confirming: 1/9
[6 INFO main 646639] Confirming: 2/9
[6 INFO main 648663] Confirming: 3/9
[6 INFO main 650693] Confirming: 4/9
[6 INFO main 652726] Confirming: 5/9
[6 INFO main 654810] Confirming: 6/9
[6 INFO main 656142] Verify.Homing -> Scout.Query | Arrived home
[6 INFO main 657026] Confirming: 7/9
[6 INFO main 659090] Confirming: 8/9
[6 INFO main 661130] Confirming: 9/9
[6 INFO main 662267] Scout.Query -> Verify.DriveTo | Go to unverified source
[6 INFO main 707440] Verify.DriveTo -> Verify.Homing | Homing
[6 INFO main 734792] Confirming: 1/9
[6 INFO main 736933] Confirming: 2/9
[6 INFO main 737897] Verify.Homing -> Scout.Query | Arrived home
[6 INFO main 739080] Confirming: 3/9
[6 INFO main 741472] Confirming: 4/9
[6 INFO main 743529] Confirming: 5/9
[6 INFO main 745595] Confirming: 6/9
[6 INFO main 747625] Confirming: 7/9
[6 INFO main 749580] Confirming: 8/9
[6 INFO main 751872] Confirming: 10/9
[6 INFO main 752367] Scout.Query -> Verify.DriveTo | Go to unverified source
[6 INFO main 807323] Verify.DriveTo -> Verify.Homing | Homing
[6 INFO main 826378] Confirming: 2/9
[6 INFO main 828464] Confirming: 3/9
[6 INFO main 830551] Confirming: 4/9
[6 INFO main 832541] Confirming: 5/9
[6 INFO main 834663] Confirming: 6/9
[6 INFO main 836714] Confirming: 7/9
[6 INFO main 838806] Confirming: 8/9
[6 INFO main 840835] Confirming: 9/9
[6 INFO main 847576] Verify.Homing -> Scout.Query | Arrived home
[6 INFO main 847643] Scout.Query -> Verify.DriveTo | Go to unverified source
[6 INFO main 890020] Verify.DriveTo -> Verify.Homing | Homing
[6 INFO main 908907] Verify.Homing -> Scout.Query | Arrived home
[6 INFO main 914737] Confirming: 1/9
[6 INFO main 916817] Confirming: 2/9
[6 INFO main 918835] Confirming: 3/9
[6 INFO main 920929] Confirming: 4/9
[6 INFO main 922945] Confirming: 5/9
[6 INFO main 925042] Confirming: 6/9
[6 INFO main 927068] Confirming: 7/9
[6 INFO main 929170] Confirming: 8/9
[6 INFO main 931282] Confirming: 9/9
[6 INFO main 931694] Scout.Query -> Verify.DriveTo | Go to unverified source
[6 INFO main 1000417] Verify.DriveTo -> Verify.Homing | Homing
[6 INFO main 1004488] Confirming: 1/9
[6 INFO main 1006587] Confirming: 2/9
[6 INFO main 1008599] Confirming: 3/9
[6 INFO main 1010644] Confirming: 4/9
[6 INFO main 1012734] Confirming: 5/9
[6 INFO main 1014750] Confirming: 6/9
[6 INFO main 1016760] Confirming: 7/9
[6 INFO main 1018771] Confirming: 8/9
[6 INFO main 1020419] Verify.Homing -> Scout.Query | Arrived home
[6 INFO main 1020832] Confirming: 9/9
[6 INFO main 1021725] Scout.Query -> Verify.DriveTo | Go to unverified source
[6 INFO main 1089662] Verify.DriveTo -> Verify.Homing | Homing
[6 INFO main 1095930] Confirming: 1/9
[6 INFO main 1098011] Confirming: 3/9
[6 INFO main 1100031] Confirming: 4/9
[6 INFO main 1102100] Confirming: 5/9
[6 INFO main 1104162] Confirming: 6/9
[6 INFO main 1106226] Confirming: 7/9
[6 INFO main 1108353] Confirming: 8/9
[6 INFO main 1110452] Confirming: 9/9
[6 INFO main 1111318] Verify.Homing -> Scout.Query | Arrived home
[6 INFO main 1111473] Scout.Query -> Verify.DriveTo | Go to unverified source
[6 INFO main 1135174] Verify.DriveTo -> Verify.Homing | Homing
[6 INFO main 1155936] Confirming: 1/9
[6 INFO main 1158035] Confirming: 3/9
[6 INFO main 1160056] Confirming: 4/9
[6 INFO main 1164151] Confirming: 6/9
[6 INFO main 1166361] Confirming: 7/9
[6 INFO main 1168414] Confirming: 8/9
[6 INFO main 1170488] Confirming: 9/9
[6 INFO main 1170525] Verify.Homing -> Scout.Query | Arrived home
[6 INFO main 1198662] Scout.Query -> Scout.PrepSend | Homing
[6 INFO main 1198825] Scout.PrepSend -> Verify.Homing | Homing
[6 INFO main 1215505] Confirming: 1/9
[6 INFO main 1217624] Confirming: 2/9
[6 INFO main 1219683] Confirming: 3/9
[6 INFO main 1221740] Confirming: 4/9
[6 INFO main 1223805] Confirming: 6/9
[6 INFO main 1225836] Confirming: 7/9
[6 INFO main 1225860] Verify.Homing -> Scout.Query | Arrived home
[6 INFO main 1227888] Confirming: 8/9
[6 INFO main 1229920] Confirming: 9/9
[6 INFO main 1230234] Scout.Query -> Verify.DriveTo | Go to unverified source
[6 INFO main 1272362] Verify.DriveTo -> Verify.Homing | Homing
[6 INFO main 1291105] Verify.Homing -> Scout.Query | Arrived home
[6 INFO main 1303839] Confirming: 1/9
[6 INFO main 1305955] Confirming: 2/9
[6 INFO main 1307988] Confirming: 3/9
[6 INFO main 1310084] Confirming: 4/9
[6 INFO main 1312037] Confirming: 5/9
[6 INFO main 1314103] Confirming: 6/9
[6 INFO main 1316130] Confirming: 7/9
[6 INFO main 1320237] Confirming: 9/9
[6 INFO main 1320420] Scout.Query -> Verify.DriveTo | Go to unverified source
[6 INFO main 1395308] Verify.DriveTo -> Verify.Homing | Homing
[6 INFO main 1407754] Confirming: 1/9
[6 INFO main 1409887] Confirming: 2/9
[6 INFO main 1411957] Confirming: 3/9
[6 INFO main 1413988] Confirming: 4/9
[6 INFO main 1416005] Confirming: 5/9
[6 INFO main 1418009] Confirming: 6/9
[6 INFO main 1420091] Confirming: 7/9
[6 INFO main 1420843] Verify.Homing -> Scout.Query | Arrived home
[6 INFO main 1422120] Confirming: 8/9
[6 INFO main 1424196] Confirming: 9/9
[6 INFO main 1424260] Scout.Query -> Verify.DriveTo | Go to unverified source
[6 INFO main 1436950] Verify.DriveTo -> Verify.Homing | Homing
[6 INFO main 1455549] Confirming: 1/9
[6 INFO main 1457656] Confirming: 2/9
[6 INFO main 1459512] Verify.Homing -> Scout.Query | Arrived home
[6 INFO main 1459771] Confirming: 4/9
[6 INFO main 1461791] Confirming: 5/9
[6 INFO main 1463940] Confirming: 6/9
[6 INFO main 1466001] Confirming: 7/9
[6 INFO main 1468068] Confirming: 8/9
[6 INFO main 1470080] Confirming: 9/9
[6 INFO main 1470482] Scout.Query -> Verify.DriveTo | Go to unverified source
[6 INFO main 1496495] Verify.DriveTo -> Verify.Homing | Homing
[6 INFO main 1515117] Confirming: 1/9
[6 INFO main 1515421] Verify.Homing -> Scout.Query | Arrived home
[6 INFO main 1517224] Confirming: 2/9
[6 INFO main 1519238] Confirming: 3/9
[6 INFO main 1521328] Confirming: 4/9
[6 INFO main 1523344] Confirming: 5/9
[6 INFO main 1525369] Confirming: 6/9
[6 INFO main 1527574] Confirming: 7/9
[6 INFO main 1529638] Confirming: 8/9
[6 INFO main 1531681] Confirming: 9/9
[6 INFO main 1532260] Scout.Query -> Verify.DriveTo | Go to unverified source
[6 INFO main 1555133] Verify.DriveTo -> Verify.Homing | Homing
[6 INFO main 1574036] Confirming: 1/9
[6 INFO main 1576061] Confirming: 2/9
[6 INFO main 1576284] Verify.Homing -> Scout.Query | Arrived home
[6 INFO main 1578108] Confirming: 3/9
[6 INFO main 1580256] Confirming: 4/9
[6 INFO main 1584315] Confirming: 6/9
[6 INFO main 1586472] Confirming: 7/9
[6 INFO main 1588475] Confirming: 8/9
[6 INFO main 1590607] Confirming: 9/9
[6 INFO main 1591114] Scout.Query -> Verify.DriveTo | Go to unverified source
[6 INFO main 1622617] Verify.DriveTo -> Verify.Homing | Homing
[6 INFO main 1635211] Confirming: 1/9
[6 INFO main 1637244] Confirming: 2/9
[6 INFO main 1639287] Confirming: 3/9
[6 INFO main 1641382] Confirming: 4/9
[6 INFO main 1643398] Confirming: 5/9
[6 INFO main 1644709] Verify.Homing -> Scout.Query | Arrived home
[6 INFO main 1645399] Confirming: 6/9
[6 INFO main 1647416] Confirming: 7/9
[6 INFO main 1649448] Confirming: 8/9
[6 INFO main 1651807] Confirming: 9/9
[6 INFO main 1695042] Scout.Query -> Verify.DriveTo | Go to unverified source
[6 INFO main 1776932] Verify.DriveTo -> Verify.Homing | Homing
[6 INFO main 1797534] Verify.Homing -> Scout.Query | Arrived home
