[1 INFO main 35] Initialising Python Geth Console...
[1 INFO main 40] Initialising RandB board...
[1 INFO main 40] Initialising navigation...
[1 INFO main 41] Initialising random-walk...
[1 INFO main 41] Initialising odometry...
[1 INFO main 41] Initialising ground-sensors...
[1 INFO main 1158] --//-- Starting Experiment --//--
[1 INFO main 2261] Idle.IDLE -> Scout.Query | Duration: 22.11
[1 INFO main 11274] Scout.Query -> Scout.GotoCenter | Drive to others reported pos
[1 INFO main 48120] Scout.GotoCenter -> Scout.Query | return to random walk
[1 INFO main 108903] Scout.Query -> Scout.GotoCenter | Drive to others reported pos
[1 INFO main 131906] Scout.GotoCenter -> Scout.Query | return to random walk
[1 INFO main 172462] Scout.Query -> Scout.GotoCenter | Drive to others reported pos
[1 INFO main 197972] Scout.GotoCenter -> Scout.Query | return to random walk
[1 INFO main 278873] Scout.Query -> Scout.GotoCenter | Drive to others reported pos
[1 INFO main 305887] Scout.GotoCenter -> Scout.Query | return to random walk
[1 INFO main 341582] Scout.Query -> Scout.GotoCenter | Drive to others reported pos
[1 INFO main 355686] Scout.GotoCenter -> Scout.Query | return to random walk
[1 INFO main 386541] Scout.Query -> Scout.GotoCenter | Drive to others reported pos
[1 INFO main 424405] Scout.GotoCenter -> Scout.Query | return to random walk
[1 INFO main 480149] Scout.Query -> Scout.GotoCenter | Drive to others reported pos
[1 INFO main 519758] Scout.GotoCenter -> Scout.Query | return to random walk
[1 INFO main 555376] Scout.Query -> Scout.GotoCenter | Drive to others reported pos
[1 INFO main 585919] Scout.GotoCenter -> Scout.Query | return to random walk
[1 INFO main 616225] Scout.Query -> Scout.GotoCenter | Drive to others reported pos
[1 INFO main 653487] Scout.GotoCenter -> Scout.Query | return to random walk
[1 INFO main 724711] Scout.Query -> Scout.GotoCenter | Drive to others reported pos
[1 INFO main 760320] Scout.GotoCenter -> Scout.Query | return to random walk
[1 INFO main 805904] Scout.Query -> Scout.GotoCenter | Drive to others reported pos
[1 INFO main 838791] Scout.GotoCenter -> Scout.Query | return to random walk
[1 INFO main 874309] Scout.Query -> Scout.GotoCenter | Drive to others reported pos
[1 INFO main 897524] Scout.GotoCenter -> Scout.Query | return to random walk
[1 INFO main 933231] Scout.Query -> Scout.GotoCenter | Drive to others reported pos
[1 INFO main 984351] Scout.GotoCenter -> Scout.Query | return to random walk
[1 INFO main 1010094] Scout.Query -> Scout.GotoCenter | Drive to others reported pos
[1 INFO main 1040701] Scout.GotoCenter -> Scout.Query | return to random walk
