[4 INFO main 27] Initialising Python Geth Console...
[4 INFO main 31] Initialising RandB board...
[4 INFO main 31] Initialising navigation...
[4 INFO main 31] Initialising random-walk...
[4 INFO main 32] Initialising odometry...
[4 INFO main 32] Initialising ground-sensors...
[4 INFO main 823] --//-- Starting Experiment --//--
[4 INFO main 1928] Idle.IDLE -> Scout.Query | Duration: 19.65
[4 INFO main 26182] Scout.Query -> Scout.GotoCenter | Drive to others reported pos
[4 INFO main 46079] Scout.GotoCenter -> Scout.Query | return to random walk
[4 INFO main 91795] Scout.Query -> Scout.GotoCenter | Drive to others reported pos
[4 INFO main 127731] Scout.GotoCenter -> Scout.Query | return to random walk
[4 INFO main 275990] Scout.Query -> Scout.GotoCenter | Drive to others reported pos
[4 INFO main 312330] Scout.GotoCenter -> Scout.Query | return to random walk
[4 INFO main 332666] Scout.Query -> Scout.GotoCenter | Drive to others reported pos
[4 INFO main 354833] Scout.GotoCenter -> Scout.Query | return to random walk
[4 INFO main 390730] Scout.Query -> Scout.GotoCenter | Drive to others reported pos
[4 INFO main 400752] Scout.GotoCenter -> Scout.Query | return to random walk
[4 INFO main 630553] Scout.Query -> Scout.GotoCenter | Drive to others reported pos
[4 INFO main 671645] Scout.GotoCenter -> Scout.Query | return to random walk
