[11 INFO main 29] Initialising Python Geth Console...
[11 INFO main 32] Initialising RandB board...
[11 INFO main 32] Initialising navigation...
[11 INFO main 32] Initialising random-walk...
[11 INFO main 32] Initialising odometry...
[11 INFO main 32] Initialising ground-sensors...
[11 INFO main 478] --//-- Starting Experiment --//--
[11 INFO main 1572] Idle.IDLE -> Scout.Query | Duration: 20.63
[11 INFO main 15800] Scout.Query -> Scout.GotoCenter | Drive to others reported pos
[11 INFO main 46944] Scout.GotoCenter -> Scout.Query | return to random walk
[11 INFO main 75959] Confirming: 1/8
[11 INFO main 80095] Confirming: 2/8
[11 INFO main 82146] Confirming: 4/8
[11 INFO main 84242] Confirming: 5/8
[11 INFO main 86327] Confirming: 6/8
[11 INFO main 88394] Confirming: 7/8
[11 INFO main 90469] Confirming: 8/8
[11 INFO main 92737] Scout.Query -> Scout.GotoCenter | Drive to others reported pos
[11 INFO main 227444] Scout.GotoCenter -> Scout.Query | return to random walk
[11 INFO main 245913] Confirming: 1/8
[11 INFO main 247950] Confirming: 2/8
[11 INFO main 250019] Confirming: 3/8
[11 INFO main 254290] Confirming: 5/8
[11 INFO main 258402] Confirming: 6/8
[11 INFO main 260426] Confirming: 7/8
[11 INFO main 262469] Confirming: 8/8
[11 INFO main 536200] Scout.Query -> Scout.GotoCenter | Drive to others reported pos
[11 INFO main 572542] Scout.GotoCenter -> Scout.Query | return to random walk
[11 INFO main 591280] Confirming: 1/8
[11 INFO main 593209] Confirming: 2/8
[11 INFO main 595346] Confirming: 3/8
[11 INFO main 597443] Confirming: 4/8
[11 INFO main 599455] Confirming: 5/8
[11 INFO main 601463] Confirming: 6/8
[11 INFO main 603479] Confirming: 7/8
[11 INFO main 605546] Confirming: 8/8
[11 INFO main 962047] Scout.Query -> Scout.GotoCenter | Drive to others reported pos
[11 INFO main 996323] Scout.GotoCenter -> Scout.Query | return to random walk
[11 INFO main 1029171] Confirming: 1/8
[11 INFO main 1031227] Confirming: 2/8
[11 INFO main 1033355] Confirming: 3/8
[11 INFO main 1035402] Confirming: 4/8
[11 INFO main 1037479] Confirming: 5/8
[11 INFO main 1039534] Confirming: 6/8
[11 INFO main 1041622] Confirming: 7/8
[11 INFO main 1043658] Confirming: 8/8
[11 INFO main 1046979] Scout.Query -> Scout.GotoCenter | Drive to others reported pos
[11 INFO main 1071933] Scout.GotoCenter -> Scout.Query | return to random walk
[11 INFO main 1090513] Confirming: 1/8
[11 INFO main 1092522] Confirming: 2/8
[11 INFO main 1094707] Confirming: 4/8
[11 INFO main 1098774] Confirming: 6/8
[11 INFO main 1100827] Confirming: 7/8
[11 INFO main 1102874] Confirming: 8/8
[11 INFO main 1825472] Scout.Query -> Scout.GotoCenter | Drive to others reported pos
[11 INFO main 1874515] Scout.GotoCenter -> Scout.Query | return to random walk
[11 INFO main 1887234] Confirming: 1/8
[11 INFO main 1889310] Confirming: 2/8
[11 INFO main 1891421] Confirming: 3/8
[11 INFO main 1893433] Confirming: 4/8
[11 INFO main 1895490] Confirming: 5/8
[11 INFO main 1897523] Confirming: 6/8
[11 INFO main 1899530] Confirming: 7/8
[11 INFO main 1901531] Confirming: 8/8
[11 INFO main 1904893] Scout.Query -> Scout.GotoCenter | Drive to others reported pos
[11 INFO main 1947632] Scout.GotoCenter -> Scout.Query | return to random walk
[11 INFO main 1976862] Confirming: 1/8
[11 INFO main 1978883] Confirming: 2/8
[11 INFO main 1981058] Confirming: 3/8
[11 INFO main 1985239] Confirming: 4/8
[11 INFO main 1987265] Confirming: 6/8
[11 INFO main 1989354] Confirming: 7/8
[11 INFO main 1991422] Confirming: 8/8
[11 INFO main 1993296] Scout.Query -> Scout.GotoCenter | Drive to others reported pos
[11 INFO main 2013722] Scout.GotoCenter -> Scout.Query | return to random walk
[11 INFO main 2038386] Confirming: 1/8
[11 INFO main 2040454] Confirming: 2/8
[11 INFO main 2044513] Confirming: 4/8
[11 INFO main 2046598] Confirming: 5/8
[11 INFO main 2048606] Confirming: 7/8
[11 INFO main 2050638] Confirming: 8/8
[11 INFO main 2229537] Scout.Query -> Scout.GotoCenter | Drive to others reported pos
[11 INFO main 2314324] Scout.GotoCenter -> Scout.Query | return to random walk
[11 INFO main 2326750] Confirming: 2/8
[11 INFO main 2328796] Confirming: 3/8
[11 INFO main 2330794] Confirming: 4/8
[11 INFO main 2332833] Confirming: 5/8
[11 INFO main 2334886] Confirming: 6/8
[11 INFO main 2336966] Confirming: 7/8
[11 INFO main 2339043] Confirming: 8/8
[11 INFO main 2340193] Scout.Query -> Scout.GotoCenter | Drive to others reported pos
[11 INFO main 2353858] Scout.GotoCenter -> Scout.Query | return to random walk
[11 INFO main 2384890] Confirming: 1/8
[11 INFO main 2387060] Confirming: 2/8
[11 INFO main 2389142] Confirming: 3/8
[11 INFO main 2391178] Confirming: 4/8
[11 INFO main 2393362] Confirming: 5/8
[11 INFO main 2395417] Confirming: 6/8
[11 INFO main 2397494] Confirming: 7/8
[11 INFO main 2399522] Confirming: 8/8
[11 INFO main 2415491] Scout.Query -> Scout.GotoCenter | Drive to others reported pos
[11 INFO main 2421953] Scout.GotoCenter -> Scout.Query | return to random walk
[11 INFO main 2446773] Confirming: 2/8
[11 INFO main 2448789] Confirming: 3/8
[11 INFO main 2450986] Confirming: 4/8
[11 INFO main 2453014] Confirming: 5/8
[11 INFO main 2455014] Confirming: 6/8
[11 INFO main 2457037] Confirming: 7/8
[11 INFO main 2459043] Confirming: 8/8
