[13 INFO main 68] Initialising Python Geth Console...
[13 INFO main 72] Initialising RandB board...
[13 INFO main 72] Initialising navigation...
[13 INFO main 72] Initialising random-walk...
[13 INFO main 72] Initialising odometry...
[13 INFO main 72] Initialising ground-sensors...
[13 INFO main 233] --//-- Starting Experiment --//--
[13 INFO main 1339] Idle.IDLE -> Scout.Query | Duration: 25.35
[13 INFO main 51106] Scout.Query -> Scout.GotoCenter | Drive to others reported pos
[13 INFO main 74830] Scout.GotoCenter -> Scout.Query | return to random walk
[13 INFO main 87948] Scout.Query -> Scout.GotoCenter | Drive to others reported pos
[13 INFO main 92545] Scout.GotoCenter -> Scout.Query | return to random walk
[13 INFO main 93163] Scout.Query -> Scout.GotoCenter | Drive to others reported pos
[13 INFO main 100562] Scout.GotoCenter -> Scout.Query | return to random walk
[13 INFO main 100668] Scout.Query -> Scout.GotoCenter | Drive to others reported pos
[13 INFO main 101863] Scout.GotoCenter -> Scout.Query | return to random walk
[13 INFO main 102870] Scout.Query -> Scout.GotoCenter | Drive to others reported pos
[13 INFO main 103565] Scout.GotoCenter -> Scout.Query | return to random walk
[13 INFO main 103872] Scout.Query -> Scout.GotoCenter | Drive to others reported pos
[13 INFO main 106474] Scout.GotoCenter -> Scout.Query | return to random walk
[13 INFO main 106877] Scout.Query -> Scout.GotoCenter | Drive to others reported pos
[13 INFO main 107763] Scout.GotoCenter -> Scout.Query | return to random walk
[13 INFO main 107970] Scout.Query -> Scout.GotoCenter | Drive to others reported pos
[13 INFO main 112482] Scout.GotoCenter -> Scout.Query | return to random walk
