[INFO main 33] Initialising peer buffer...
[INFO main 34] Initialising resource buffer...
[INFO main 34] Initialising TCP server...
[INFO main 34] Initialising RandB board...
[INFO main 34] Initialising ground-sensors...
[INFO main 34] Initialising random-walk...
[INFO main 404] --//-- Starting Experiment --//--
[INFO main 83982] Added resource: {"x": 0.66, "y": 0.08, "radius": 0.04, "quantity": 1, "quality": "yellow", "timeStamp": 0}
[INFO main 83982] Removed resource: {"x": 0.66, "y": 0.08, "radius": 0.04, "quantity": 1, "quality": "yellow", "timeStamp": 0}
[INFO main 90184] Added resource: {"x": 0.39, "y": 0.05, "radius": 0.06, "quantity": 1, "quality": "yellow", "timeStamp": 0}
[INFO main 104298] Added resource: {"x": -0.28, "y": 0.16, "radius": 0.05, "quantity": 1, "quality": "yellow", "timeStamp": 0}
[INFO main 146849] Removed resource: {"x": -0.28, "y": 0.16, "radius": 0.05, "quantity": 1, "quality": "yellow", "timeStamp": 0}
[INFO main 197200] Removed resource: {"x": 0.39, "y": 0.05, "radius": 0.06, "quantity": 1, "quality": "yellow", "timeStamp": 0}
[INFO main 219014] Added resource: {"x": 1.06, "y": -0.19, "radius": 0.05, "quantity": 1, "quality": "blue", "timeStamp": 0}
[INFO main 257744] Removed resource: {"x": 1.06, "y": -0.19, "radius": 0.05, "quantity": 1, "quality": "blue", "timeStamp": 0}
[INFO main 294480] Added resource: {"x": -0.04, "y": -0.9, "radius": 0.05, "quantity": 1, "quality": "green", "timeStamp": 0}
[INFO main 323105] Removed resource: {"x": -0.04, "y": -0.9, "radius": 0.05, "quantity": 1, "quality": "green", "timeStamp": 0}
[INFO main 352535] Added resource: {"x": -0.38, "y": -0.21, "radius": 0.04, "quantity": 1, "quality": "blue", "timeStamp": 0}
[INFO main 361846] Removed resource: {"x": -0.38, "y": -0.21, "radius": 0.04, "quantity": 1, "quality": "blue", "timeStamp": 0}
[INFO main 378764] Added resource: {"x": -1.15, "y": -0.57, "radius": 0.06, "quantity": 1, "quality": "yellow", "timeStamp": 0}
[INFO main 434823] Added resource: {"x": 1.23, "y": -0.35, "radius": 0.06, "quantity": 1, "quality": "red", "timeStamp": 0}
[INFO main 473072] Added resource: {"x": 0.15, "y": 0.7, "radius": 0.05, "quantity": 1, "quality": "blue", "timeStamp": 0}
[INFO main 515629] Removed resource: {"x": -1.15, "y": -0.57, "radius": 0.06, "quantity": 1, "quality": "yellow", "timeStamp": 0}
[INFO main 580903] Removed resource: {"x": 0.15, "y": 0.7, "radius": 0.05, "quantity": 1, "quality": "blue", "timeStamp": 0}
