[13 INFO main 27] Initialising Python Geth Console...
[13 INFO main 31] Initialising RandB board...
[13 INFO main 31] Initialising navigation...
[13 INFO main 32] Initialising random-walk...
[13 INFO main 32] Initialising odometry...
[13 INFO main 32] Initialising ground-sensors...
[13 INFO main 191] --//-- Starting Experiment --//--
[13 INFO main 1676] Idle.IDLE -> Scout.Query | Duration: 26.98
[13 INFO main 28038] Scout.Query -> Verify.DriveTo | Go to unverified source
[13 INFO main 80043] Verify.DriveTo -> Verify.Homing | Homing
[13 INFO main 91450] Verify.Homing -> Scout.Query | Arrived home
[13 INFO main 103054] Confirming: 1/9
[13 INFO main 105063] Confirming: 2/9
[13 INFO main 107106] Confirming: 3/9
[13 INFO main 109198] Confirming: 4/9
[13 INFO main 111220] Confirming: 5/9
[13 INFO main 113271] Confirming: 6/9
[13 INFO main 115283] Confirming: 7/9
[13 INFO main 117299] Confirming: 8/9
[13 INFO main 119395] Confirming: 9/9
[13 INFO main 119419] Scout.Query -> Verify.DriveTo | Go to unverified source
[13 INFO main 182658] Verify.DriveTo -> Verify.Homing | Homing
[13 INFO main 192018] Verify.Homing -> Scout.Query | Arrived home
[13 INFO main 193382] Confirming: 1/9
[13 INFO main 195418] Confirming: 2/9
[13 INFO main 197474] Confirming: 4/9
[13 INFO main 199501] Confirming: 5/9
[13 INFO main 201620] Confirming: 6/9
[13 INFO main 203638] Confirming: 7/9
[13 INFO main 207679] Confirming: 8/9
[13 INFO main 209849] Confirming: 10/9
[13 INFO main 209875] Scout.Query -> Verify.DriveTo | Go to unverified source
[13 INFO main 217517] Verify.DriveTo -> Verify.Homing | Homing
[13 INFO main 221685] Confirming: 1/9
[13 INFO main 225752] Confirming: 3/9
[13 INFO main 227779] Confirming: 4/9
[13 INFO main 229545] Verify.Homing -> Scout.Query | Arrived home
[13 INFO main 231871] Confirming: 6/9
[13 INFO main 233967] Confirming: 7/9
[13 INFO main 236008] Confirming: 8/9
[13 INFO main 238062] Confirming: 9/9
[13 INFO main 238709] Scout.Query -> Verify.DriveTo | Go to unverified source
[13 INFO main 277330] Verify.DriveTo -> Verify.Homing | Homing
[13 INFO main 283482] Confirming: 2/9
[13 INFO main 285579] Confirming: 3/9
[13 INFO main 287606] Confirming: 4/9
[13 INFO main 291701] Confirming: 6/9
[13 INFO main 295798] Confirming: 8/9
[13 INFO main 299895] Confirming: 10/9
[13 INFO main 348186] Verify.Homing -> Scout.Query | Arrived home
[13 INFO main 348391] Scout.Query -> Verify.DriveTo | Go to unverified source
[13 INFO main 401470] Verify.DriveTo -> Verify.Homing | Homing
[13 INFO main 432990] Confirming: 1/9
[13 INFO main 435091] Confirming: 2/9
[13 INFO main 437355] Confirming: 3/9
[13 INFO main 439376] Confirming: 4/9
[13 INFO main 441387] Confirming: 5/9
[13 INFO main 443395] Confirming: 6/9
[13 INFO main 445465] Confirming: 8/9
[13 INFO main 447746] Confirming: 9/9
[13 INFO main 455607] Verify.Homing -> Scout.Query | Arrived home
[13 INFO main 455664] Scout.Query -> Verify.DriveTo | Go to unverified source
[13 INFO main 482709] Verify.DriveTo -> Verify.Homing | Homing
[13 INFO main 493642] Confirming: 1/9
[13 INFO main 495665] Confirming: 2/9
[13 INFO main 497838] Confirming: 3/9
[13 INFO main 499944] Confirming: 4/9
[13 INFO main 502071] Confirming: 5/9
[13 INFO main 504097] Confirming: 6/9
[13 INFO main 506170] Confirming: 7/9
[13 INFO main 508195] Confirming: 8/9
[13 INFO main 510266] Confirming: 9/9
[13 INFO main 514113] Verify.Homing -> Scout.Query | Arrived home
[13 INFO main 514241] Scout.Query -> Verify.DriveTo | Go to unverified source
[13 INFO main 535966] Verify.DriveTo -> Verify.Homing | Homing
[13 INFO main 549997] Verify.Homing -> Scout.Query | Arrived home
[13 INFO main 552854] Confirming: 1/9
[13 INFO main 554868] Confirming: 2/9
[13 INFO main 556949] Confirming: 3/9
[13 INFO main 558960] Confirming: 4/9
[13 INFO main 561003] Confirming: 5/9
[13 INFO main 563078] Confirming: 6/9
[13 INFO main 565121] Confirming: 7/9
[13 INFO main 567070] Confirming: 8/9
[13 INFO main 569234] Confirming: 9/9
[13 INFO main 569267] Scout.Query -> Verify.DriveTo | Go to unverified source
[13 INFO main 670638] Verify.DriveTo -> Verify.Homing | Homing
[13 INFO main 697292] Verify.Homing -> Scout.Query | Arrived home
[13 INFO main 704024] Confirming: 1/9
[13 INFO main 706050] Confirming: 2/9
[13 INFO main 708199] Confirming: 3/9
[13 INFO main 710354] Confirming: 4/9
[13 INFO main 712391] Confirming: 5/9
[13 INFO main 714451] Confirming: 6/9
[13 INFO main 716486] Confirming: 7/9
[13 INFO main 718524] Confirming: 8/9
[13 INFO main 720679] Confirming: 9/9
[13 INFO main 721451] Scout.Query -> Verify.DriveTo | Go to unverified source
[13 INFO main 783252] Verify.DriveTo -> Verify.Homing | Homing
[13 INFO main 806193] Confirming: 1/9
[13 INFO main 808219] Confirming: 2/9
[13 INFO main 810355] Confirming: 3/9
[13 INFO main 812409] Confirming: 4/9
[13 INFO main 814455] Confirming: 6/9
[13 INFO main 816546] Confirming: 7/9
[13 INFO main 818811] Confirming: 8/9
[13 INFO main 818812] Verify.Homing -> Scout.Query | Arrived home
[13 INFO main 820833] Confirming: 9/9
[13 INFO main 821160] Scout.Query -> Verify.DriveTo | Go to unverified source
[13 INFO main 899328] Verify.DriveTo -> Verify.Homing | Homing
[13 INFO main 920691] Verify.Homing -> Scout.Query | Arrived home
[13 INFO main 946714] Confirming: 1/9
[13 INFO main 948721] Confirming: 3/9
[13 INFO main 952925] Confirming: 5/9
[13 INFO main 955007] Confirming: 6/9
[13 INFO main 957045] Confirming: 7/9
[13 INFO main 961231] Confirming: 9/9
[13 INFO main 961261] Scout.Query -> Verify.DriveTo | Go to unverified source
[13 INFO main 996472] Verify.DriveTo -> Verify.Homing | Homing
[13 INFO main 1004811] Confirming: 1/9
[13 INFO main 1006884] Confirming: 2/9
[13 INFO main 1008317] Verify.Homing -> Scout.Query | Arrived home
[13 INFO main 1008951] Confirming: 3/9
[13 INFO main 1010914] Confirming: 4/9
[13 INFO main 1013013] Confirming: 5/9
[13 INFO main 1015102] Confirming: 6/9
[13 INFO main 1017119] Confirming: 7/9
[13 INFO main 1019150] Confirming: 8/9
[13 INFO main 1021208] Confirming: 9/9
[13 INFO main 1021237] Scout.Query -> Verify.DriveTo | Go to unverified source
[13 INFO main 1040873] Verify.DriveTo -> Verify.Homing | Homing
[13 INFO main 1060317] Verify.Homing -> Scout.Query | Arrived home
[13 INFO main 1065480] Confirming: 2/9
[13 INFO main 1067484] Confirming: 3/9
[13 INFO main 1071590] Confirming: 4/9
[13 INFO main 1073615] Confirming: 6/9
[13 INFO main 1077663] Confirming: 7/9
[13 INFO main 1079707] Confirming: 8/9
[13 INFO main 1081754] Confirming: 9/9
[13 INFO main 1082196] Scout.Query -> Verify.DriveTo | Go to unverified source
[13 INFO main 1151996] Verify.DriveTo -> Verify.Homing | Homing
[13 INFO main 1156201] Confirming: 1/9
[13 INFO main 1160409] Confirming: 3/9
[13 INFO main 1162502] Confirming: 4/9
[13 INFO main 1164532] Confirming: 5/9
[13 INFO main 1168626] Confirming: 6/9
[13 INFO main 1170657] Confirming: 8/9
[13 INFO main 1172683] Confirming: 9/9
[13 INFO main 1174522] Verify.Homing -> Scout.Query | Arrived home
[13 INFO main 1174571] Scout.Query -> Verify.DriveTo | Go to unverified source
[13 INFO main 1211794] Verify.DriveTo -> Verify.Homing | Homing
[13 INFO main 1224275] Confirming: 1/9
[13 INFO main 1225591] Verify.Homing -> Scout.Query | Arrived home
[13 INFO main 1226391] Confirming: 2/9
[13 INFO main 1228410] Confirming: 3/9
[13 INFO main 1230464] Confirming: 4/9
[13 INFO main 1234619] Confirming: 6/9
[13 INFO main 1236633] Confirming: 7/9
[13 INFO main 1238640] Confirming: 8/9
[13 INFO main 1240654] Confirming: 9/9
[13 INFO main 1241148] Scout.Query -> Verify.DriveTo | Go to unverified source
[13 INFO main 1286348] Verify.DriveTo -> Verify.Homing | Homing
[13 INFO main 1309201] Confirming: 1/9
[13 INFO main 1313330] Confirming: 3/9
[13 INFO main 1315400] Confirming: 4/9
[13 INFO main 1317450] Confirming: 5/9
[13 INFO main 1319495] Confirming: 6/9
[13 INFO main 1321571] Confirming: 7/9
[13 INFO main 1323649] Confirming: 9/9
[13 INFO main 1337634] Verify.Homing -> Scout.Query | Arrived home
[13 INFO main 1337845] Scout.Query -> Verify.DriveTo | Go to unverified source
[13 INFO main 1383479] Verify.DriveTo -> Verify.Homing | Homing
[13 INFO main 1400309] Confirming: 1/9
[13 INFO main 1402338] Confirming: 2/9
[13 INFO main 1404366] Confirming: 3/9
[13 INFO main 1406398] Confirming: 4/9
[13 INFO main 1408486] Confirming: 6/9
[13 INFO main 1412629] Confirming: 8/9
[13 INFO main 1414651] Confirming: 9/9
[13 INFO main 1414654] Verify.Homing -> Scout.Query | Arrived home
[13 INFO main 1414782] Scout.Query -> Verify.DriveTo | Go to unverified source
[13 INFO main 1612172] Verify.DriveTo -> Verify.Homing | Homing
[13 INFO main 1634725] Verify.Homing -> Scout.Query | Arrived home
[13 INFO main 1641341] Confirming: 1/9
[13 INFO main 1643376] Confirming: 2/9
[13 INFO main 1645426] Confirming: 3/9
[13 INFO main 1647487] Confirming: 4/9
[13 INFO main 1649534] Confirming: 5/9
[13 INFO main 1651679] Confirming: 7/9
[13 INFO main 1653741] Confirming: 8/9
[13 INFO main 1659782] Confirming: 10/9
[13 INFO main 1660038] Scout.Query -> Verify.DriveTo | Go to unverified source
[13 INFO main 1766568] Verify.DriveTo -> Verify.Homing | Homing
[13 INFO main 1785305] Confirming: 1/9
[13 INFO main 1787313] Confirming: 2/9
[13 INFO main 1789346] Confirming: 3/9
[13 INFO main 1789918] Verify.Homing -> Scout.Query | Arrived home
[13 INFO main 1791545] Confirming: 5/9
[13 INFO main 1793547] Confirming: 6/9
[13 INFO main 1797577] Confirming: 7/9
[13 INFO main 1799684] Confirming: 8/9
