[3 INFO main 29] Initialising Python Geth Console...
[3 INFO main 33] Initialising RandB board...
[3 INFO main 33] Initialising navigation...
[3 INFO main 33] Initialising random-walk...
[3 INFO main 33] Initialising odometry...
[3 INFO main 33] Initialising ground-sensors...
[3 INFO main 776] --//-- Starting Experiment --//--
[3 INFO main 1876] Idle.IDLE -> Scout.Query | Duration: 21.21
[3 INFO main 52545] Scout.Query -> Scout.GotoCenter | Drive to others reported pos
[3 INFO main 52642] Scout.GotoCenter -> Scout.Query | return to random walk
[3 INFO main 53646] Scout.Query -> Scout.GotoCenter | Drive to others reported pos
[3 INFO main 56549] Scout.GotoCenter -> Scout.Query | return to random walk
[3 INFO main 56650] Scout.Query -> Scout.GotoCenter | Drive to others reported pos
[3 INFO main 57150] Scout.GotoCenter -> Scout.Query | return to random walk
[3 INFO main 57652] Scout.Query -> Scout.GotoCenter | Drive to others reported pos
[3 INFO main 57950] Scout.GotoCenter -> Scout.Query | return to random walk
[3 INFO main 58652] Scout.Query -> Scout.GotoCenter | Drive to others reported pos
[3 INFO main 58751] Scout.GotoCenter -> Scout.Query | return to random walk
[3 INFO main 59654] Scout.Query -> Scout.GotoCenter | Drive to others reported pos
[3 INFO main 59853] Scout.GotoCenter -> Scout.Query | return to random walk
[3 INFO main 60656] Scout.Query -> Scout.GotoCenter | Drive to others reported pos
[3 INFO main 60754] Scout.GotoCenter -> Scout.Query | return to random walk
[3 INFO main 61660] Scout.Query -> Scout.GotoCenter | Drive to others reported pos
[3 INFO main 61755] Scout.GotoCenter -> Scout.Query | return to random walk
[3 INFO main 62758] Scout.Query -> Scout.GotoCenter | Drive to others reported pos
[3 INFO main 62957] Scout.GotoCenter -> Scout.Query | return to random walk
[3 INFO main 63760] Scout.Query -> Scout.GotoCenter | Drive to others reported pos
[3 INFO main 64458] Scout.GotoCenter -> Scout.Query | return to random walk
[3 INFO main 64761] Scout.Query -> Scout.GotoCenter | Drive to others reported pos
[3 INFO main 65260] Scout.GotoCenter -> Scout.Query | return to random walk
