[7 INFO main 27] Initialising Python Geth Console...
[7 INFO main 32] Initialising RandB board...
[7 INFO main 32] Initialising navigation...
[7 INFO main 32] Initialising random-walk...
[7 INFO main 32] Initialising odometry...
[7 INFO main 32] Initialising ground-sensors...
[7 INFO main 961] --//-- Starting Experiment --//--
[7 INFO main 2062] Idle.IDLE -> Scout.Query | Duration: 20.92
[7 INFO main 16264] Scout.Query -> Scout.GotoCenter | Drive to others reported pos
[7 INFO main 97874] Scout.GotoCenter -> Scout.Query | return to random walk
[7 INFO main 133371] Scout.Query -> Scout.GotoCenter | Drive to others reported pos
[7 INFO main 193982] Scout.GotoCenter -> Scout.Query | return to random walk
[7 INFO main 219374] Scout.Query -> Scout.GotoCenter | Drive to others reported pos
[7 INFO main 226895] Scout.GotoCenter -> Scout.Query | return to random walk
[7 INFO main 282425] Scout.Query -> Scout.GotoCenter | Drive to others reported pos
[7 INFO main 307292] Scout.GotoCenter -> Scout.Query | return to random walk
[7 INFO main 342649] Scout.Query -> Scout.GotoCenter | Drive to others reported pos
[7 INFO main 389345] Scout.GotoCenter -> Scout.Query | return to random walk
[7 INFO main 440252] Scout.Query -> Scout.GotoCenter | Drive to others reported pos
[7 INFO main 487192] Scout.GotoCenter -> Scout.Query | return to random walk
[7 INFO main 517624] Scout.Query -> Scout.GotoCenter | Drive to others reported pos
[7 INFO main 541576] Scout.GotoCenter -> Scout.Query | return to random walk
[7 INFO main 577000] Scout.Query -> Scout.GotoCenter | Drive to others reported pos
[7 INFO main 596630] Scout.GotoCenter -> Scout.Query | return to random walk
[7 INFO main 667835] Scout.Query -> Scout.GotoCenter | Drive to others reported pos
[7 INFO main 681563] Scout.GotoCenter -> Scout.Query | return to random walk
[7 INFO main 706930] Scout.Query -> Scout.GotoCenter | Drive to others reported pos
[7 INFO main 710459] Scout.GotoCenter -> Scout.Query | return to random walk
