[2 INFO main 29] Initialising Python Geth Console...
[2 INFO main 34] Initialising RandB board...
[2 INFO main 34] Initialising navigation...
[2 INFO main 35] Initialising random-walk...
[2 INFO main 35] Initialising odometry...
[2 INFO main 35] Initialising ground-sensors...
[2 INFO main 1211] --//-- Starting Experiment --//--
[2 INFO main 2313] Idle.IDLE -> Scout.Query | Duration: 19.77
[2 INFO main 11372] Scout.Query -> Scout.GotoCenter | Drive to others reported pos
[2 INFO main 55141] Scout.GotoCenter -> Scout.Query | return to random walk
[2 INFO main 95745] Scout.Query -> Scout.GotoCenter | Drive to others reported pos
[2 INFO main 131147] Scout.GotoCenter -> Scout.Query | return to random walk
[2 INFO main 176732] Scout.Query -> Scout.GotoCenter | Drive to others reported pos
[2 INFO main 214741] Scout.GotoCenter -> Scout.Query | return to random walk
[2 INFO main 240473] Scout.Query -> Scout.GotoCenter | Drive to others reported pos
[2 INFO main 265502] Scout.GotoCenter -> Scout.Query | return to random walk
[2 INFO main 295925] Scout.Query -> Scout.GotoCenter | Drive to others reported pos
[2 INFO main 308292] Scout.GotoCenter -> Scout.Query | return to random walk
[2 INFO main 343739] Scout.Query -> Scout.GotoCenter | Drive to others reported pos
[2 INFO main 363626] Scout.GotoCenter -> Scout.Query | return to random walk
[2 INFO main 439971] Scout.Query -> Scout.GotoCenter | Drive to others reported pos
[2 INFO main 473831] Scout.GotoCenter -> Scout.Query | return to random walk
[2 INFO main 504167] Scout.Query -> Scout.GotoCenter | Drive to others reported pos
[2 INFO main 510258] Scout.GotoCenter -> Scout.Query | return to random walk
[2 INFO main 566401] Scout.Query -> Scout.GotoCenter | Drive to others reported pos
[2 INFO main 599234] Scout.GotoCenter -> Scout.Query | return to random walk
[2 INFO main 630045] Scout.Query -> Scout.GotoCenter | Drive to others reported pos
[2 INFO main 648512] Scout.GotoCenter -> Scout.Query | return to random walk
[2 INFO main 689156] Scout.Query -> Scout.GotoCenter | Drive to others reported pos
