[10 INFO main 30] Initialising Python Geth Console...
[10 INFO main 33] Initialising RandB board...
[10 INFO main 33] Initialising navigation...
[10 INFO main 34] Initialising random-walk...
[10 INFO main 34] Initialising odometry...
[10 INFO main 34] Initialising ground-sensors...
[10 INFO main 501] --//-- Starting Experiment --//--
[10 INFO main 1600] Idle.IDLE -> Scout.Query | Duration: 20.05
[10 INFO main 5910] Scout.Query -> Scout.GotoCenter | Drive to others reported pos
[10 INFO main 14321] Scout.GotoCenter -> Scout.Query | return to random walk
[10 INFO main 15119] Scout.Query -> Scout.GotoCenter | Drive to others reported pos
[10 INFO main 18624] Scout.GotoCenter -> Scout.Query | return to random walk
[10 INFO main 19126] Scout.Query -> Scout.GotoCenter | Drive to others reported pos
[10 INFO main 20127] Scout.GotoCenter -> Scout.Query | return to random walk
[10 INFO main 21134] Scout.Query -> Scout.GotoCenter | Drive to others reported pos
[10 INFO main 21428] Scout.GotoCenter -> Scout.Query | return to random walk
[10 INFO main 22235] Scout.Query -> Scout.GotoCenter | Drive to others reported pos
[10 INFO main 23236] Scout.GotoCenter -> Scout.Query | return to random walk
[10 INFO main 24237] Scout.Query -> Scout.GotoCenter | Drive to others reported pos
[10 INFO main 24431] Scout.GotoCenter -> Scout.Query | return to random walk
[10 INFO main 25335] Scout.Query -> Scout.GotoCenter | Drive to others reported pos
[10 INFO main 29338] Scout.GotoCenter -> Scout.Query | return to random walk
[10 INFO main 29442] Scout.Query -> Scout.GotoCenter | Drive to others reported pos
[10 INFO main 32443] Scout.GotoCenter -> Scout.Query | return to random walk
[10 INFO main 32546] Scout.Query -> Scout.GotoCenter | Drive to others reported pos
[10 INFO main 33645] Scout.GotoCenter -> Scout.Query | return to random walk
[10 INFO main 34548] Scout.Query -> Scout.GotoCenter | Drive to others reported pos
[10 INFO main 35347] Scout.GotoCenter -> Scout.Query | return to random walk
[10 INFO main 35549] Scout.Query -> Scout.GotoCenter | Drive to others reported pos
[10 INFO main 37152] Scout.GotoCenter -> Scout.Query | return to random walk
[10 INFO main 37653] Scout.Query -> Scout.GotoCenter | Drive to others reported pos
[10 INFO main 38155] Scout.GotoCenter -> Scout.Query | return to random walk
[10 INFO main 38756] Scout.Query -> Scout.GotoCenter | Drive to others reported pos
[10 INFO main 43256] Scout.GotoCenter -> Scout.Query | return to random walk
[10 INFO main 43969] Scout.Query -> Scout.GotoCenter | Drive to others reported pos
[10 INFO main 44058] Scout.GotoCenter -> Scout.Query | return to random walk
[10 INFO main 44969] Scout.Query -> Scout.GotoCenter | Drive to others reported pos
[10 INFO main 46054] Scout.GotoCenter -> Scout.Query | return to random walk
