[1 INFO main 37] Initialising Python Geth Console...
[1 INFO main 40] Initialising RandB board...
[1 INFO main 41] Initialising navigation...
[1 INFO main 41] Initialising random-walk...
[1 INFO main 41] Initialising odometry...
[1 INFO main 41] Initialising ground-sensors...
[1 INFO main 1034] --//-- Starting Experiment --//--
[1 INFO main 2136] Idle.IDLE -> Scout.Query | Duration: 18.49
[1 INFO main 72928] Scout.Query -> Scout.GotoCenter | Drive to others reported pos
[1 INFO main 159232] Scout.GotoCenter -> Scout.Query | return to random walk
[1 INFO main 159733] Scout.Query -> Scout.GotoCenter | Drive to others reported pos
[1 INFO main 161236] Scout.GotoCenter -> Scout.Query | return to random walk
[1 INFO main 161736] Scout.Query -> Scout.GotoCenter | Drive to others reported pos
[1 INFO main 167344] Scout.GotoCenter -> Scout.Query | return to random walk
[1 INFO main 167744] Scout.Query -> Scout.GotoCenter | Drive to others reported pos
[1 INFO main 172250] Scout.GotoCenter -> Scout.Query | return to random walk
[1 INFO main 172751] Scout.Query -> Scout.GotoCenter | Drive to others reported pos
[1 INFO main 175855] Scout.GotoCenter -> Scout.Query | return to random walk
[1 INFO main 176756] Scout.Query -> Scout.GotoCenter | Drive to others reported pos
[1 INFO main 194077] Scout.GotoCenter -> Scout.Query | return to random walk
[1 INFO main 194777] Scout.Query -> Scout.GotoCenter | Drive to others reported pos
[1 INFO main 196678] Scout.GotoCenter -> Scout.Query | return to random walk
[1 INFO main 196780] Scout.Query -> Scout.GotoCenter | Drive to others reported pos
[1 INFO main 202887] Scout.GotoCenter -> Scout.Query | return to random walk
[1 INFO main 203788] Scout.Query -> Scout.GotoCenter | Drive to others reported pos
[1 INFO main 204289] Scout.GotoCenter -> Scout.Query | return to random walk
[1 INFO main 204789] Scout.Query -> Scout.GotoCenter | Drive to others reported pos
[1 INFO main 204890] Scout.GotoCenter -> Scout.Query | return to random walk
[1 INFO main 205790] Scout.Query -> Scout.GotoCenter | Drive to others reported pos
[1 INFO main 206491] Scout.GotoCenter -> Scout.Query | return to random walk
[1 INFO main 206792] Scout.Query -> Scout.GotoCenter | Drive to others reported pos
[1 INFO main 206892] Scout.GotoCenter -> Scout.Query | return to random walk
[1 INFO main 207793] Scout.Query -> Scout.GotoCenter | Drive to others reported pos
[1 INFO main 208195] Scout.GotoCenter -> Scout.Query | return to random walk
[1 INFO main 208795] Scout.Query -> Scout.GotoCenter | Drive to others reported pos
[1 INFO main 209196] Scout.GotoCenter -> Scout.Query | return to random walk
[1 INFO main 209796] Scout.Query -> Scout.GotoCenter | Drive to others reported pos
[1 INFO main 211298] Scout.GotoCenter -> Scout.Query | return to random walk
[1 INFO main 211799] Scout.Query -> Scout.GotoCenter | Drive to others reported pos
[1 INFO main 211898] Scout.GotoCenter -> Scout.Query | return to random walk
[1 INFO main 212801] Scout.Query -> Scout.GotoCenter | Drive to others reported pos
[1 INFO main 213100] Scout.GotoCenter -> Scout.Query | return to random walk
[1 INFO main 213802] Scout.Query -> Scout.GotoCenter | Drive to others reported pos
[1 INFO main 213901] Scout.GotoCenter -> Scout.Query | return to random walk
[1 INFO main 214803] Scout.Query -> Scout.GotoCenter | Drive to others reported pos
[1 INFO main 215403] Scout.GotoCenter -> Scout.Query | return to random walk
[1 INFO main 215805] Scout.Query -> Scout.GotoCenter | Drive to others reported pos
[1 INFO main 215904] Scout.GotoCenter -> Scout.Query | return to random walk
[1 INFO main 216806] Scout.Query -> Scout.GotoCenter | Drive to others reported pos
[1 INFO main 217706] Scout.GotoCenter -> Scout.Query | return to random walk
[1 INFO main 217808] Scout.Query -> Scout.GotoCenter | Drive to others reported pos
[1 INFO main 217906] Scout.GotoCenter -> Scout.Query | return to random walk
[1 INFO main 218809] Scout.Query -> Scout.GotoCenter | Drive to others reported pos
[1 INFO main 219108] Scout.GotoCenter -> Scout.Query | return to random walk
[1 INFO main 219810] Scout.Query -> Scout.GotoCenter | Drive to others reported pos
[1 INFO main 220208] Scout.GotoCenter -> Scout.Query | return to random walk
[1 INFO main 220812] Scout.Query -> Scout.GotoCenter | Drive to others reported pos
[1 INFO main 221210] Scout.GotoCenter -> Scout.Query | return to random walk
[1 INFO main 221812] Scout.Query -> Scout.GotoCenter | Drive to others reported pos
[1 INFO main 222011] Scout.GotoCenter -> Scout.Query | return to random walk
[1 INFO main 222813] Scout.Query -> Scout.GotoCenter | Drive to others reported pos
[1 INFO main 223112] Scout.GotoCenter -> Scout.Query | return to random walk
[1 INFO main 223815] Scout.Query -> Scout.GotoCenter | Drive to others reported pos
[1 INFO main 224014] Scout.GotoCenter -> Scout.Query | return to random walk
[1 INFO main 224816] Scout.Query -> Scout.GotoCenter | Drive to others reported pos
[1 INFO main 225015] Scout.GotoCenter -> Scout.Query | return to random walk
[1 INFO main 225818] Scout.Query -> Scout.GotoCenter | Drive to others reported pos
[1 INFO main 225916] Scout.GotoCenter -> Scout.Query | return to random walk
[1 INFO main 226819] Scout.Query -> Scout.GotoCenter | Drive to others reported pos
[1 INFO main 226917] Scout.GotoCenter -> Scout.Query | return to random walk
[1 INFO main 227820] Scout.Query -> Scout.GotoCenter | Drive to others reported pos
[1 INFO main 227919] Scout.GotoCenter -> Scout.Query | return to random walk
[1 INFO main 228821] Scout.Query -> Scout.GotoCenter | Drive to others reported pos
[1 INFO main 230121] Scout.GotoCenter -> Scout.Query | return to random walk
[1 INFO main 230824] Scout.Query -> Scout.GotoCenter | Drive to others reported pos
[1 INFO main 231122] Scout.GotoCenter -> Scout.Query | return to random walk
[1 INFO main 231825] Scout.Query -> Scout.GotoCenter | Drive to others reported pos
[1 INFO main 232024] Scout.GotoCenter -> Scout.Query | return to random walk
[1 INFO main 232926] Scout.Query -> Scout.GotoCenter | Drive to others reported pos
[1 INFO main 233025] Scout.GotoCenter -> Scout.Query | return to random walk
[1 INFO main 233928] Scout.Query -> Scout.GotoCenter | Drive to others reported pos
[1 INFO main 234227] Scout.GotoCenter -> Scout.Query | return to random walk
[1 INFO main 235029] Scout.Query -> Scout.GotoCenter | Drive to others reported pos
[1 INFO main 235228] Scout.GotoCenter -> Scout.Query | return to random walk
[1 INFO main 236030] Scout.Query -> Scout.GotoCenter | Drive to others reported pos
[1 INFO main 239433] Scout.GotoCenter -> Scout.Query | return to random walk
[1 INFO main 240135] Scout.Query -> Scout.GotoCenter | Drive to others reported pos
[1 INFO main 258958] Scout.GotoCenter -> Scout.Query | return to random walk
[1 INFO main 259159] Scout.Query -> Scout.GotoCenter | Drive to others reported pos
[1 INFO main 282187] Scout.GotoCenter -> Scout.Query | return to random walk
[1 INFO main 282389] Scout.Query -> Scout.GotoCenter | Drive to others reported pos
[1 INFO main 284591] Scout.GotoCenter -> Scout.Query | return to random walk
[1 INFO main 285393] Scout.Query -> Scout.GotoCenter | Drive to others reported pos
[1 INFO main 285894] Scout.GotoCenter -> Scout.Query | return to random walk
[1 INFO main 286395] Scout.Query -> Scout.GotoCenter | Drive to others reported pos
[1 INFO main 306318] Scout.GotoCenter -> Scout.Query | return to random walk
[1 INFO main 306519] Scout.Query -> Scout.GotoCenter | Drive to others reported pos
[1 INFO main 309022] Scout.GotoCenter -> Scout.Query | return to random walk
[1 INFO main 309522] Scout.Query -> Scout.GotoCenter | Drive to others reported pos
[1 INFO main 310624] Scout.GotoCenter -> Scout.Query | return to random walk
[1 INFO main 311525] Scout.Query -> Scout.GotoCenter | Drive to others reported pos
[1 INFO main 312725] Scout.GotoCenter -> Scout.Query | return to random walk
[1 INFO main 313528] Scout.Query -> Scout.GotoCenter | Drive to others reported pos
[1 INFO main 313929] Scout.GotoCenter -> Scout.Query | return to random walk
[1 INFO main 314528] Scout.Query -> Scout.GotoCenter | Drive to others reported pos
[1 INFO main 314729] Scout.GotoCenter -> Scout.Query | return to random walk
[1 INFO main 315530] Scout.Query -> Scout.GotoCenter | Drive to others reported pos
[1 INFO main 315831] Scout.GotoCenter -> Scout.Query | return to random walk
[1 INFO main 316532] Scout.Query -> Scout.GotoCenter | Drive to others reported pos
[1 INFO main 317333] Scout.GotoCenter -> Scout.Query | return to random walk
[1 INFO main 317533] Scout.Query -> Scout.GotoCenter | Drive to others reported pos
[1 INFO main 319135] Scout.GotoCenter -> Scout.Query | return to random walk
[1 INFO main 319536] Scout.Query -> Scout.GotoCenter | Drive to others reported pos
[1 INFO main 319635] Scout.GotoCenter -> Scout.Query | return to random walk
[1 INFO main 320537] Scout.Query -> Scout.GotoCenter | Drive to others reported pos
[1 INFO main 322038] Scout.GotoCenter -> Scout.Query | return to random walk
[1 INFO main 322539] Scout.Query -> Scout.GotoCenter | Drive to others reported pos
[1 INFO main 323340] Scout.GotoCenter -> Scout.Query | return to random walk
[1 INFO main 323540] Scout.Query -> Scout.GotoCenter | Drive to others reported pos
[1 INFO main 324641] Scout.GotoCenter -> Scout.Query | return to random walk
[1 INFO main 325543] Scout.Query -> Scout.GotoCenter | Drive to others reported pos
[1 INFO main 334956] Scout.GotoCenter -> Scout.Query | return to random walk
[1 INFO main 335556] Scout.Query -> Scout.GotoCenter | Drive to others reported pos
[1 INFO main 341162] Scout.GotoCenter -> Scout.Query | return to random walk
[1 INFO main 341663] Scout.Query -> Scout.GotoCenter | Drive to others reported pos
[1 INFO main 360988] Scout.GotoCenter -> Scout.Query | return to random walk
