[7 INFO main 27] Initialising Python Geth Console...
[7 INFO main 33] Initialising RandB board...
[7 INFO main 33] Initialising navigation...
[7 INFO main 33] Initialising random-walk...
[7 INFO main 33] Initialising odometry...
[7 INFO main 33] Initialising ground-sensors...
[7 INFO main 962] --//-- Starting Experiment --//--
[7 INFO main 2060] Idle.IDLE -> Scout.Query | Duration: 22.06
[7 INFO main 31336] Scout.Query -> Scout.GotoCenter | Drive to others reported pos
[7 INFO main 42519] Scout.GotoCenter -> Scout.Query | return to random walk
[7 INFO main 128877] Scout.Query -> Scout.GotoCenter | Drive to others reported pos
[7 INFO main 174527] Scout.GotoCenter -> Scout.Query | return to random walk
[7 INFO main 225415] Scout.Query -> Scout.GotoCenter | Drive to others reported pos
[7 INFO main 265329] Scout.GotoCenter -> Scout.Query | return to random walk
[7 INFO main 311151] Scout.Query -> Scout.GotoCenter | Drive to others reported pos
[7 INFO main 311777] Scout.GotoCenter -> Scout.Query | return to random walk
[7 INFO main 361933] Scout.Query -> Scout.GotoCenter | Drive to others reported pos
[7 INFO main 376367] Scout.GotoCenter -> Scout.Query | return to random walk
[7 INFO main 551472] Scout.Query -> Scout.GotoCenter | Drive to others reported pos
[7 INFO main 587334] Scout.GotoCenter -> Scout.Query | return to random walk
