[4 INFO main 27] Initialising Python Geth Console...
[4 INFO main 32] Initialising RandB board...
[4 INFO main 32] Initialising navigation...
[4 INFO main 32] Initialising random-walk...
[4 INFO main 32] Initialising odometry...
[4 INFO main 32] Initialising ground-sensors...
[4 INFO main 1082] --//-- Starting Experiment --//--
[4 INFO main 2183] Idle.IDLE -> Scout.Query | Duration: 24.29
[4 INFO main 26370] Scout.Query -> Scout.GotoCenter | Drive to others reported pos
[4 INFO main 33771] Scout.GotoCenter -> Scout.Query | return to random walk
[4 INFO main 64465] Scout.Query -> Scout.GotoCenter | Drive to others reported pos
[4 INFO main 112121] Scout.GotoCenter -> Scout.Query | return to random walk
[4 INFO main 158264] Scout.Query -> Scout.GotoCenter | Drive to others reported pos
[4 INFO main 193243] Scout.GotoCenter -> Scout.Query | return to random walk
[4 INFO main 239242] Scout.Query -> Scout.GotoCenter | Drive to others reported pos
[4 INFO main 285290] Scout.GotoCenter -> Scout.Query | return to random walk
[4 INFO main 330809] Scout.Query -> Scout.GotoCenter | Drive to others reported pos
[4 INFO main 352087] Scout.GotoCenter -> Scout.Query | return to random walk
[4 INFO main 382470] Scout.Query -> Scout.GotoCenter | Drive to others reported pos
[4 INFO main 417654] Scout.GotoCenter -> Scout.Query | return to random walk
[4 INFO main 498759] Scout.Query -> Scout.GotoCenter | Drive to others reported pos
[4 INFO main 549471] Scout.GotoCenter -> Scout.Query | return to random walk
[4 INFO main 605440] Scout.Query -> Scout.GotoCenter | Drive to others reported pos
[4 INFO main 649861] Scout.GotoCenter -> Scout.Query | return to random walk
[4 INFO main 685482] Scout.Query -> Scout.GotoCenter | Drive to others reported pos
[4 INFO main 714615] Scout.GotoCenter -> Scout.Query | return to random walk
[4 INFO main 760085] Scout.Query -> Scout.GotoCenter | Drive to others reported pos
[4 INFO main 772345] Scout.GotoCenter -> Scout.Query | return to random walk
[4 INFO main 883089] Scout.Query -> Scout.GotoCenter | Drive to others reported pos
[4 INFO main 924493] Scout.GotoCenter -> Scout.Query | return to random walk
[4 INFO main 1000387] Scout.Query -> Scout.GotoCenter | Drive to others reported pos
[4 INFO main 1018613] Scout.GotoCenter -> Scout.Query | return to random walk
[4 INFO main 1069366] Scout.Query -> Scout.GotoCenter | Drive to others reported pos
