[4 INFO main 27] Initialising Python Geth Console...
[4 INFO main 32] Initialising RandB board...
[4 INFO main 32] Initialising navigation...
[4 INFO main 32] Initialising random-walk...
[4 INFO main 32] Initialising odometry...
[4 INFO main 32] Initialising ground-sensors...
[4 INFO main 966] --//-- Starting Experiment --//--
[4 INFO main 2064] Idle.IDLE -> Scout.Query | Duration: 21.54
[4 INFO main 56506] Scout.Query -> Scout.GotoCenter | Drive to others reported pos
[4 INFO main 76634] Scout.GotoCenter -> Scout.Query | return to random walk
[4 INFO main 102114] Scout.Query -> Scout.GotoCenter | Drive to others reported pos
[4 INFO main 131348] Scout.GotoCenter -> Scout.Query | return to random walk
[4 INFO main 156705] Scout.Query -> Scout.GotoCenter | Drive to others reported pos
[4 INFO main 198171] Scout.GotoCenter -> Scout.Query | return to random walk
[4 INFO main 248957] Scout.Query -> Scout.GotoCenter | Drive to others reported pos
[4 INFO main 276625] Scout.GotoCenter -> Scout.Query | return to random walk
[4 INFO main 307588] Scout.Query -> Scout.GotoCenter | Drive to others reported pos
[4 INFO main 320939] Scout.GotoCenter -> Scout.Query | return to random walk
[4 INFO main 371789] Scout.Query -> Scout.GotoCenter | Drive to others reported pos
[4 INFO main 417919] Scout.GotoCenter -> Scout.Query | return to random walk
[4 INFO main 484130] Scout.Query -> Scout.GotoCenter | Drive to others reported pos
[4 INFO main 494727] Scout.GotoCenter -> Scout.Query | return to random walk
[4 INFO main 555639] Scout.Query -> Scout.GotoCenter | Drive to others reported pos
