[8 INFO main 27] Initialising Python Geth Console...
[8 INFO main 32] Initialising RandB board...
[8 INFO main 32] Initialising navigation...
[8 INFO main 32] Initialising random-walk...
[8 INFO main 32] Initialising odometry...
[8 INFO main 32] Initialising ground-sensors...
[8 INFO main 540] --//-- Starting Experiment --//--
[8 INFO main 1965] Idle.IDLE -> Scout.Query | Duration: 28.46
[8 INFO main 11954] Scout.Query -> Scout.PrepSend | Homing
[8 INFO main 12159] Scout.PrepSend -> Verify.Homing | Homing
[8 INFO main 20591] Confirming: 1/9
[8 INFO main 22637] Confirming: 2/9
[8 INFO main 24670] Confirming: 3/9
[8 INFO main 26728] Confirming: 4/9
[8 INFO main 28745] Confirming: 5/9
[8 INFO main 30774] Confirming: 6/9
[8 INFO main 32815] Confirming: 7/9
[8 INFO main 34893] Confirming: 8/9
[8 INFO main 36936] Confirming: 9/9
[8 INFO main 38501] Verify.Homing -> Scout.Query | Arrived home
[8 INFO main 38620] Scout.Query -> Verify.DriveTo | Go to unverified source
[8 INFO main 47382] Verify.DriveTo -> Verify.Homing | Homing
[8 INFO main 53676] Verify.Homing -> Scout.Query | Arrived home
[8 INFO main 80365] Confirming: 1/9
[8 INFO main 82441] Confirming: 2/9
[8 INFO main 84533] Confirming: 3/9
[8 INFO main 86610] Confirming: 4/9
[8 INFO main 90685] Confirming: 6/9
[8 INFO main 92698] Confirming: 7/9
[8 INFO main 94719] Confirming: 8/9
[8 INFO main 96785] Confirming: 9/9
[8 INFO main 97427] Scout.Query -> Verify.DriveTo | Go to unverified source
[8 INFO main 151513] Verify.DriveTo -> Verify.Homing | Homing
[8 INFO main 161831] Verify.Homing -> Scout.Query | Arrived home
[8 INFO main 172204] Confirming: 2/9
[8 INFO main 174272] Confirming: 3/9
[8 INFO main 176307] Confirming: 4/9
[8 INFO main 178314] Confirming: 5/9
[8 INFO main 180415] Confirming: 6/9
[8 INFO main 182492] Confirming: 7/9
[8 INFO main 184540] Confirming: 8/9
[8 INFO main 186636] Confirming: 9/9
[8 INFO main 187418] Scout.Query -> Verify.DriveTo | Go to unverified source
[8 INFO main 199461] Verify.DriveTo -> Verify.Homing | Homing
[8 INFO main 216184] Verify.Homing -> Scout.Query | Arrived home
[8 INFO main 230443] Confirming: 1/9
[8 INFO main 234517] Confirming: 2/9
[8 INFO main 243100] Confirming: 7/9
[8 INFO main 245146] Confirming: 8/9
[8 INFO main 247163] Confirming: 9/9
[8 INFO main 247794] Scout.Query -> Verify.DriveTo | Go to unverified source
[8 INFO main 282643] Verify.DriveTo -> Verify.Homing | Homing
[8 INFO main 291132] Confirming: 1/9
[8 INFO main 293215] Confirming: 2/9
[8 INFO main 295292] Confirming: 3/9
[8 INFO main 297411] Confirming: 4/9
[8 INFO main 299430] Confirming: 5/9
[8 INFO main 301573] Confirming: 6/9
[8 INFO main 305600] Confirming: 8/9
[8 INFO main 306539] Verify.Homing -> Scout.Query | Arrived home
[8 INFO main 307613] Confirming: 9/9
[8 INFO main 307876] Scout.Query -> Verify.DriveTo | Go to unverified source
[8 INFO main 351627] Verify.DriveTo -> Verify.Homing | Homing
[8 INFO main 366312] Confirming: 1/9
[8 INFO main 368452] Confirming: 2/9
[8 INFO main 369352] Verify.Homing -> Scout.Query | Arrived home
[8 INFO main 370470] Confirming: 3/9
[8 INFO main 374576] Confirming: 5/9
[8 INFO main 376604] Confirming: 6/9
[8 INFO main 380680] Confirming: 7/9
[8 INFO main 382686] Confirming: 9/9
[8 INFO main 383322] Scout.Query -> Verify.DriveTo | Go to unverified source
[8 INFO main 471215] Verify.DriveTo -> Verify.Homing | Homing
[8 INFO main 502235] Confirming: 2/9
[8 INFO main 506435] Confirming: 4/9
[8 INFO main 508464] Confirming: 5/9
[8 INFO main 508985] Verify.Homing -> Scout.Query | Arrived home
[8 INFO main 510586] Confirming: 6/9
[8 INFO main 512618] Confirming: 7/9
[8 INFO main 514823] Confirming: 8/9
[8 INFO main 516842] Confirming: 9/9
[8 INFO main 517009] Scout.Query -> Verify.DriveTo | Go to unverified source
[8 INFO main 563174] Verify.DriveTo -> Verify.Homing | Homing
[8 INFO main 592106] Confirming: 1/9
[8 INFO main 594187] Confirming: 2/9
[8 INFO main 596249] Confirming: 4/9
[8 INFO main 600368] Confirming: 5/9
[8 INFO main 602530] Confirming: 7/9
[8 INFO main 604537] Confirming: 8/9
[8 INFO main 608655] Confirming: 9/9
[8 INFO main 630397] Verify.Homing -> Scout.Query | Arrived home
[8 INFO main 630590] Scout.Query -> Verify.DriveTo | Go to unverified source
[8 INFO main 649866] Verify.DriveTo -> Verify.Homing | Homing
[8 INFO main 666631] Verify.Homing -> Scout.Query | Arrived home
[8 INFO main 683255] Confirming: 2/9
[8 INFO main 685297] Confirming: 3/9
[8 INFO main 687328] Confirming: 4/9
[8 INFO main 689504] Confirming: 5/9
[8 INFO main 691516] Confirming: 6/9
[8 INFO main 693515] Confirming: 7/9
[8 INFO main 695556] Confirming: 8/9
[8 INFO main 697604] Confirming: 9/9
[8 INFO main 698299] Scout.Query -> Verify.DriveTo | Go to unverified source
[8 INFO main 760526] Verify.DriveTo -> Verify.Homing | Homing
[8 INFO main 773012] Confirming: 2/9
[8 INFO main 775056] Confirming: 3/9
[8 INFO main 777050] Confirming: 4/9
[8 INFO main 779090] Confirming: 5/9
[8 INFO main 781177] Confirming: 6/9
[8 INFO main 783248] Confirming: 7/9
[8 INFO main 785292] Confirming: 8/9
[8 INFO main 787355] Confirming: 9/9
[8 INFO main 811645] Verify.Homing -> Scout.Query | Arrived home
[8 INFO main 811699] Scout.Query -> Verify.DriveTo | Go to unverified source
[8 INFO main 843491] Verify.DriveTo -> Verify.Homing | Homing
[8 INFO main 862605] Confirming: 1/9
[8 INFO main 864635] Confirming: 2/9
[8 INFO main 866704] Confirming: 3/9
[8 INFO main 868789] Confirming: 4/9
[8 INFO main 870797] Confirming: 5/9
[8 INFO main 872789] Confirming: 6/9
[8 INFO main 873050] Verify.Homing -> Scout.Query | Arrived home
[8 INFO main 874976] Confirming: 7/9
[8 INFO main 877159] Confirming: 9/9
[8 INFO main 877919] Scout.Query -> Verify.DriveTo | Go to unverified source
[8 INFO main 920291] Verify.DriveTo -> Verify.Homing | Homing
[8 INFO main 951266] Confirming: 1/9
[8 INFO main 953372] Confirming: 2/9
[8 INFO main 954338] Verify.Homing -> Scout.Query | Arrived home
[8 INFO main 955354] Confirming: 3/9
[8 INFO main 957476] Confirming: 4/9
[8 INFO main 959542] Confirming: 5/9
[8 INFO main 961583] Confirming: 6/9
[8 INFO main 965672] Confirming: 8/9
[8 INFO main 967717] Confirming: 9/9
[8 INFO main 967878] Scout.Query -> Verify.DriveTo | Go to unverified source
[8 INFO main 991743] Verify.DriveTo -> Verify.Homing | Homing
[8 INFO main 1012713] Confirming: 1/9
[8 INFO main 1014736] Confirming: 2/9
[8 INFO main 1016845] Confirming: 3/9
[8 INFO main 1018876] Confirming: 4/9
[8 INFO main 1020916] Confirming: 5/9
[8 INFO main 1022993] Confirming: 6/9
[8 INFO main 1025049] Confirming: 7/9
[8 INFO main 1027130] Confirming: 8/9
[8 INFO main 1028568] Verify.Homing -> Scout.Query | Arrived home
[8 INFO main 1029218] Confirming: 10/9
[8 INFO main 1029854] Scout.Query -> Verify.DriveTo | Go to unverified source
[8 INFO main 1041832] Verify.DriveTo -> Verify.Homing | Homing
[8 INFO main 1051513] Verify.Homing -> Scout.Query | Arrived home
[8 INFO main 1073812] Confirming: 1/9
[8 INFO main 1084039] Confirming: 7/9
[8 INFO main 1086116] Confirming: 8/9
[8 INFO main 1088134] Confirming: 9/9
[8 INFO main 1088703] Scout.Query -> Verify.DriveTo | Go to unverified source
[8 INFO main 1141310] Verify.DriveTo -> Verify.Homing | Homing
[8 INFO main 1162028] Confirming: 1/9
[8 INFO main 1163576] Verify.Homing -> Scout.Query | Arrived home
[8 INFO main 1164036] Confirming: 2/9
[8 INFO main 1166131] Confirming: 3/9
[8 INFO main 1168227] Confirming: 4/9
[8 INFO main 1170247] Confirming: 5/9
[8 INFO main 1172256] Confirming: 6/9
[8 INFO main 1174379] Confirming: 7/9
[8 INFO main 1176419] Confirming: 8/9
[8 INFO main 1178495] Confirming: 9/9
[8 INFO main 1178847] Scout.Query -> Verify.DriveTo | Go to unverified source
[8 INFO main 1205153] Verify.DriveTo -> Verify.Homing | Homing
[8 INFO main 1216154] Verify.Homing -> Scout.Query | Arrived home
[8 INFO main 1221952] Confirming: 1/9
[8 INFO main 1223967] Confirming: 2/9
[8 INFO main 1226035] Confirming: 3/9
[8 INFO main 1228060] Confirming: 4/9
[8 INFO main 1230122] Confirming: 5/9
[8 INFO main 1232170] Confirming: 6/9
[8 INFO main 1234306] Confirming: 7/9
[8 INFO main 1236349] Confirming: 8/9
[8 INFO main 1238452] Confirming: 9/9
[8 INFO main 1238933] Scout.Query -> Verify.DriveTo | Go to unverified source
[8 INFO main 1282699] Verify.DriveTo -> Verify.Homing | Homing
[8 INFO main 1299143] Confirming: 1/9
[8 INFO main 1301154] Confirming: 2/9
[8 INFO main 1305380] Confirming: 4/9
[8 INFO main 1309548] Confirming: 5/9
[8 INFO main 1311539] Confirming: 7/9
[8 INFO main 1313600] Confirming: 8/9
[8 INFO main 1315676] Confirming: 9/9
[8 INFO main 1317762] Verify.Homing -> Scout.Query | Arrived home
[8 INFO main 1317895] Scout.Query -> Verify.DriveTo | Go to unverified source
[8 INFO main 1347208] Verify.DriveTo -> Verify.Homing | Homing
[8 INFO main 1359597] Confirming: 1/9
[8 INFO main 1361621] Confirming: 2/9
[8 INFO main 1364371] Verify.Homing -> Scout.Query | Arrived home
[8 INFO main 1365733] Confirming: 4/9
[8 INFO main 1367769] Confirming: 5/9
[8 INFO main 1369895] Confirming: 6/9
[8 INFO main 1372125] Confirming: 7/9
[8 INFO main 1376196] Confirming: 10/9
[8 INFO main 1376618] Scout.Query -> Verify.DriveTo | Go to unverified source
[8 INFO main 1414248] Verify.DriveTo -> Verify.Homing | Homing
[8 INFO main 1433032] Confirming: 1/9
[8 INFO main 1435062] Confirming: 2/9
[8 INFO main 1439159] Confirming: 4/9
[8 INFO main 1441163] Confirming: 5/9
[8 INFO main 1445249] Confirming: 6/9
[8 INFO main 1449295] Confirming: 9/9
[8 INFO main 1450769] Verify.Homing -> Scout.Query | Arrived home
[8 INFO main 1450950] Scout.Query -> Verify.DriveTo | Go to unverified source
[8 INFO main 1508214] Verify.DriveTo -> Verify.Homing | Homing
[8 INFO main 1524795] Confirming: 1/9
[8 INFO main 1526877] Confirming: 2/9
[8 INFO main 1529031] Confirming: 3/9
[8 INFO main 1531190] Confirming: 5/9
[8 INFO main 1535365] Confirming: 7/9
[8 INFO main 1537443] Confirming: 8/9
[8 INFO main 1539495] Confirming: 9/9
[8 INFO main 1544015] Verify.Homing -> Scout.Query | Arrived home
[8 INFO main 1544158] Scout.Query -> Verify.DriveTo | Go to unverified source
[8 INFO main 1591173] Verify.DriveTo -> Verify.Homing | Homing
[8 INFO main 1611826] Confirming: 2/9
[8 INFO main 1613955] Confirming: 3/9
[8 INFO main 1615981] Confirming: 4/9
[8 INFO main 1617990] Confirming: 5/9
[8 INFO main 1618964] Verify.Homing -> Scout.Query | Arrived home
[8 INFO main 1620010] Confirming: 6/9
[8 INFO main 1622047] Confirming: 7/9
[8 INFO main 1624356] Confirming: 8/9
[8 INFO main 1626402] Confirming: 9/9
[8 INFO main 1626699] Scout.Query -> Verify.DriveTo | Go to unverified source
[8 INFO main 1676819] Verify.DriveTo -> Verify.Homing | Homing
[8 INFO main 1690547] Verify.Homing -> Scout.Query | Arrived home
[8 INFO main 1699492] Confirming: 1/9
[8 INFO main 1701582] Confirming: 2/9
[8 INFO main 1703668] Confirming: 3/9
[8 INFO main 1705808] Confirming: 4/9
[8 INFO main 1707860] Confirming: 5/9
[8 INFO main 1709879] Confirming: 6/9
[8 INFO main 1711907] Confirming: 7/9
[8 INFO main 1713958] Confirming: 8/9
[8 INFO main 1716104] Confirming: 9/9
[8 INFO main 1716860] Scout.Query -> Verify.DriveTo | Go to unverified source
[8 INFO main 1746264] Verify.DriveTo -> Verify.Homing | Homing
[8 INFO main 1765076] Confirming: 1/9
[8 INFO main 1767147] Confirming: 2/9
[8 INFO main 1769467] Confirming: 3/9
[8 INFO main 1771538] Confirming: 5/9
[8 INFO main 1773620] Confirming: 6/9
[8 INFO main 1775604] Confirming: 7/9
[8 INFO main 1777722] Confirming: 8/9
[8 INFO main 1780122] Confirming: 9/9
[8 INFO main 1782628] Verify.Homing -> Scout.Query | Arrived home
[8 INFO main 1782767] Scout.Query -> Verify.DriveTo | Go to unverified source
