[15 INFO main 27] Initialising Python Geth Console...
[15 INFO main 73] Initialising RandB board...
[15 INFO main 73] Initialising navigation...
[15 INFO main 74] Initialising random-walk...
[15 INFO main 74] Initialising odometry...
[15 INFO main 74] Initialising ground-sensors...
[15 INFO main 94] --//-- Starting Experiment --//--
[15 INFO main 1646] Idle.IDLE -> Faulty.Pending | 
[15 INFO main 21561] Faulty.Pending -> Faulty.DriveTo | Drive to fake source point
[15 INFO main 35047] Faulty.DriveTo -> Faulty.Homing | Homing
[15 INFO main 47951] Faulty.Homing -> Faulty.Pending | Pending random walk
[15 INFO main 48022] Faulty.Pending -> Faulty.DriveTo | Drive to fake source point
[15 INFO main 59816] Confirming: 1/9
[15 INFO main 61881] Confirming: 2/9
[15 INFO main 63935] Confirming: 3/9
[15 INFO main 65981] Confirming: 4/9
[15 INFO main 68028] Confirming: 5/9
[15 INFO main 70096] Confirming: 6/9
[15 INFO main 72105] Confirming: 7/9
[15 INFO main 74184] Confirming: 8/9
[15 INFO main 76224] Confirming: 9/9
[15 INFO main 86872] Faulty.DriveTo -> Faulty.Homing | Homing
[15 INFO main 101306] Confirming: 1/9
[15 INFO main 105575] Confirming: 2/9
[15 INFO main 107656] Confirming: 3/9
[15 INFO main 109820] Confirming: 5/9
[15 INFO main 111873] Confirming: 6/9
[15 INFO main 113955] Confirming: 7/9
[15 INFO main 116032] Faulty.Homing -> Faulty.Pending | Pending random walk
[15 INFO main 116167] Faulty.Pending -> Faulty.DriveTo | Drive to fake source point
[15 INFO main 118169] Confirming: 9/9
[15 INFO main 151884] Faulty.DriveTo -> Faulty.Homing | Homing
[15 INFO main 172988] Confirming: 1/9
[15 INFO main 175039] Confirming: 2/9
[15 INFO main 177063] Confirming: 3/9
[15 INFO main 177196] Faulty.Homing -> Faulty.Pending | Pending random walk
[15 INFO main 177290] Faulty.Pending -> Faulty.DriveTo | Drive to fake source point
[15 INFO main 179115] Confirming: 4/9
[15 INFO main 181184] Confirming: 5/9
[15 INFO main 183283] Confirming: 6/9
[15 INFO main 185301] Confirming: 7/9
[15 INFO main 187328] Confirming: 8/9
[15 INFO main 189388] Confirming: 9/9
[15 INFO main 204736] Faulty.DriveTo -> Faulty.Homing | Homing
[15 INFO main 229676] Confirming: 1/9
[15 INFO main 231759] Confirming: 3/9
[15 INFO main 233795] Confirming: 4/9
[15 INFO main 235230] Faulty.Homing -> Faulty.Pending | Pending random walk
[15 INFO main 235340] Faulty.Pending -> Faulty.DriveTo | Drive to fake source point
[15 INFO main 235818] Confirming: 5/9
[15 INFO main 237889] Confirming: 6/9
[15 INFO main 239944] Confirming: 7/9
[15 INFO main 241958] Confirming: 8/9
[15 INFO main 243969] Confirming: 9/9
[15 INFO main 285156] Faulty.DriveTo -> Faulty.Homing | Homing
[15 INFO main 293787] Confirming: 2/9
[15 INFO main 295822] Confirming: 3/9
[15 INFO main 297838] Confirming: 4/9
[15 INFO main 299841] Confirming: 5/9
[15 INFO main 301941] Confirming: 6/9
[15 INFO main 304243] Confirming: 7/9
[15 INFO main 306333] Confirming: 8/9
[15 INFO main 308029] Faulty.Homing -> Faulty.Pending | Pending random walk
[15 INFO main 308387] Confirming: 9/9
[15 INFO main 308389] Faulty.Pending -> Faulty.DriveTo | Drive to fake source point
[15 INFO main 360452] Faulty.DriveTo -> Faulty.Homing | Homing
[15 INFO main 383396] Confirming: 1/9
[15 INFO main 385407] Confirming: 2/9
[15 INFO main 386423] Faulty.Homing -> Faulty.Pending | Pending random walk
[15 INFO main 386685] Faulty.Pending -> Faulty.DriveTo | Drive to fake source point
[15 INFO main 387465] Confirming: 3/9
[15 INFO main 389538] Confirming: 4/9
[15 INFO main 391894] Confirming: 6/9
[15 INFO main 393976] Confirming: 7/9
[15 INFO main 396231] Confirming: 8/9
[15 INFO main 398329] Confirming: 9/9
[15 INFO main 431370] Faulty.DriveTo -> Faulty.Homing | Homing
[15 INFO main 441859] Confirming: 1/9
[15 INFO main 445997] Confirming: 3/9
[15 INFO main 448041] Confirming: 4/9
[15 INFO main 449839] Faulty.Homing -> Faulty.Pending | Pending random walk
[15 INFO main 449882] Faulty.Pending -> Faulty.DriveTo | Drive to fake source point
[15 INFO main 450079] Confirming: 5/9
[15 INFO main 452094] Confirming: 6/9
[15 INFO main 456248] Confirming: 7/9
[15 INFO main 458352] Confirming: 8/9
[15 INFO main 460387] Confirming: 9/9
[15 INFO main 485016] Faulty.DriveTo -> Faulty.Homing | Homing
[15 INFO main 501782] Faulty.Homing -> Faulty.Pending | Pending random walk
[15 INFO main 501819] Faulty.Pending -> Faulty.DriveTo | Drive to fake source point
[15 INFO main 503838] Confirming: 1/9
[15 INFO main 506015] Confirming: 2/9
[15 INFO main 508080] Confirming: 3/9
[15 INFO main 510240] Confirming: 4/9
[15 INFO main 512302] Confirming: 5/9
[15 INFO main 514563] Confirming: 6/9
[15 INFO main 516623] Confirming: 8/9
[15 INFO main 518726] Confirming: 9/9
[15 INFO main 537926] Faulty.DriveTo -> Faulty.Homing | Homing
[15 INFO main 550516] Confirming: 1/9
[15 INFO main 552529] Confirming: 2/9
[15 INFO main 554563] Confirming: 3/9
[15 INFO main 556604] Confirming: 4/9
[15 INFO main 558644] Confirming: 6/9
[15 INFO main 561771] Faulty.Homing -> Faulty.Pending | Pending random walk
[15 INFO main 561896] Faulty.Pending -> Faulty.DriveTo | Drive to fake source point
[15 INFO main 562741] Confirming: 8/9
[15 INFO main 564809] Confirming: 9/9
[15 INFO main 598509] Faulty.DriveTo -> Faulty.Homing | Homing
[15 INFO main 618563] Faulty.Homing -> Faulty.Pending | Pending random walk
[15 INFO main 618662] Faulty.Pending -> Faulty.DriveTo | Drive to fake source point
[15 INFO main 623479] Confirming: 1/9
[15 INFO main 625568] Confirming: 2/9
[15 INFO main 627643] Confirming: 3/9
[15 INFO main 629691] Confirming: 4/9
[15 INFO main 631800] Confirming: 5/9
[15 INFO main 633809] Confirming: 6/9
[15 INFO main 635848] Confirming: 7/9
[15 INFO main 637914] Confirming: 8/9
[15 INFO main 639977] Confirming: 9/9
[15 INFO main 650958] Faulty.DriveTo -> Faulty.Homing | Homing
[15 INFO main 673427] Faulty.Homing -> Faulty.Pending | Pending random walk
[15 INFO main 673569] Faulty.Pending -> Faulty.DriveTo | Drive to fake source point
[15 INFO main 684539] Confirming: 1/9
[15 INFO main 686639] Confirming: 2/9
[15 INFO main 688766] Confirming: 3/9
[15 INFO main 690857] Confirming: 4/9
[15 INFO main 692876] Confirming: 5/9
[15 INFO main 694943] Confirming: 6/9
[15 INFO main 696961] Confirming: 7/9
[15 INFO main 699133] Confirming: 8/9
[15 INFO main 701160] Confirming: 9/9
[15 INFO main 717976] Faulty.DriveTo -> Faulty.Homing | Homing
[15 INFO main 744990] Confirming: 1/9
[15 INFO main 746601] Faulty.Homing -> Faulty.Pending | Pending random walk
[15 INFO main 746699] Faulty.Pending -> Faulty.DriveTo | Drive to fake source point
[15 INFO main 747153] Confirming: 2/9
[15 INFO main 749246] Confirming: 3/9
[15 INFO main 751325] Confirming: 4/9
[15 INFO main 753381] Confirming: 5/9
[15 INFO main 755327] Confirming: 6/9
[15 INFO main 757530] Confirming: 7/9
[15 INFO main 759592] Confirming: 9/9
[15 INFO main 774518] Faulty.DriveTo -> Faulty.Homing | Homing
[15 INFO main 804002] Confirming: 1/9
[15 INFO main 808070] Confirming: 2/9
[15 INFO main 810087] Confirming: 4/9
[15 INFO main 812236] Confirming: 5/9
[15 INFO main 814466] Confirming: 6/9
[15 INFO main 816748] Confirming: 7/9
[15 INFO main 818793] Confirming: 8/9
[15 INFO main 820905] Confirming: 9/9
[15 INFO main 916537] Faulty.Homing -> Faulty.Pending | Pending random walk
[15 INFO main 916634] Faulty.Pending -> Faulty.DriveTo | Drive to fake source point
[15 INFO main 950769] Faulty.DriveTo -> Faulty.Homing | Homing
[15 INFO main 971345] Confirming: 1/9
[15 INFO main 972079] Faulty.Homing -> Faulty.Pending | Pending random walk
[15 INFO main 972094] Faulty.Pending -> Faulty.DriveTo | Drive to fake source point
[15 INFO main 973348] Confirming: 2/9
[15 INFO main 975416] Confirming: 3/9
[15 INFO main 977507] Confirming: 4/9
[15 INFO main 979565] Confirming: 5/9
[15 INFO main 981571] Confirming: 6/9
[15 INFO main 983653] Confirming: 7/9
[15 INFO main 985725] Confirming: 9/9
[15 INFO main 999532] Faulty.DriveTo -> Faulty.Homing | Homing
[15 INFO main 1013978] Confirming: 1/9
[15 INFO main 1018063] Confirming: 2/9
[15 INFO main 1020302] Confirming: 4/9
[15 INFO main 1022447] Confirming: 5/9
[15 INFO main 1024457] Faulty.Homing -> Faulty.Pending | Pending random walk
[15 INFO main 1024664] Faulty.Pending -> Faulty.DriveTo | Drive to fake source point
[15 INFO main 1026481] Confirming: 7/9
[15 INFO main 1028474] Confirming: 8/9
[15 INFO main 1030529] Confirming: 9/9
[15 INFO main 1048586] Faulty.DriveTo -> Faulty.Homing | Homing
[15 INFO main 1061277] Confirming: 1/9
[15 INFO main 1063295] Confirming: 2/9
[15 INFO main 1065345] Confirming: 3/9
[15 INFO main 1067392] Confirming: 4/9
[15 INFO main 1069474] Confirming: 5/9
[15 INFO main 1071551] Confirming: 6/9
[15 INFO main 1073734] Confirming: 8/9
[15 INFO main 1075775] Confirming: 9/9
[15 INFO main 1076681] Faulty.Homing -> Faulty.Pending | Pending random walk
[15 INFO main 1076776] Faulty.Pending -> Faulty.DriveTo | Drive to fake source point
[15 INFO main 1142630] Faulty.DriveTo -> Faulty.Homing | Homing
[15 INFO main 1159889] Confirming: 1/9
[15 INFO main 1164076] Confirming: 2/9
[15 INFO main 1166097] Confirming: 4/9
[15 INFO main 1168112] Confirming: 5/9
[15 INFO main 1170237] Confirming: 6/9
[15 INFO main 1172293] Confirming: 7/9
[15 INFO main 1174372] Confirming: 8/9
[15 INFO main 1176425] Confirming: 9/9
[15 INFO main 1177563] Faulty.Homing -> Faulty.Pending | Pending random walk
[15 INFO main 1177659] Faulty.Pending -> Faulty.DriveTo | Drive to fake source point
[15 INFO main 1198536] Faulty.DriveTo -> Faulty.Homing | Homing
[15 INFO main 1221221] Confirming: 1/9
[15 INFO main 1223229] Confirming: 2/9
[15 INFO main 1225415] Confirming: 3/9
[15 INFO main 1227457] Confirming: 4/9
[15 INFO main 1229489] Confirming: 5/9
[15 INFO main 1229496] Faulty.Homing -> Faulty.Pending | Pending random walk
[15 INFO main 1229523] Faulty.Pending -> Faulty.DriveTo | Drive to fake source point
[15 INFO main 1231628] Confirming: 6/9
[15 INFO main 1233998] Confirming: 8/9
[15 INFO main 1236245] Confirming: 9/9
[15 INFO main 1268322] Faulty.DriveTo -> Faulty.Homing | Homing
[15 INFO main 1285070] Confirming: 1/9
[15 INFO main 1287094] Confirming: 2/9
[15 INFO main 1289120] Confirming: 3/9
[15 INFO main 1291204] Confirming: 4/9
[15 INFO main 1292203] Faulty.Homing -> Faulty.Pending | Pending random walk
[15 INFO main 1292328] Faulty.Pending -> Faulty.DriveTo | Drive to fake source point
[15 INFO main 1293237] Confirming: 5/9
[15 INFO main 1295300] Confirming: 6/9
[15 INFO main 1297435] Confirming: 7/9
[15 INFO main 1299452] Confirming: 8/9
[15 INFO main 1301503] Confirming: 9/9
[15 INFO main 1316086] Faulty.DriveTo -> Faulty.Homing | Homing
[15 INFO main 1338611] Faulty.Homing -> Faulty.Pending | Pending random walk
[15 INFO main 1338999] Faulty.Pending -> Faulty.DriveTo | Drive to fake source point
[15 INFO main 1345176] Confirming: 1/9
[15 INFO main 1347453] Confirming: 2/9
[15 INFO main 1349660] Confirming: 4/9
[15 INFO main 1351774] Confirming: 5/9
[15 INFO main 1353819] Confirming: 6/9
[15 INFO main 1356039] Confirming: 7/9
[15 INFO main 1358174] Confirming: 8/9
[15 INFO main 1360292] Confirming: 9/9
[15 INFO main 1373054] Faulty.DriveTo -> Faulty.Homing | Homing
[15 INFO main 1393061] Faulty.Homing -> Faulty.Pending | Pending random walk
[15 INFO main 1393254] Faulty.Pending -> Faulty.DriveTo | Drive to fake source point
[15 INFO main 1405538] Confirming: 1/9
[15 INFO main 1407772] Confirming: 3/9
[15 INFO main 1411951] Confirming: 5/9
[15 INFO main 1414154] Confirming: 6/9
[15 INFO main 1418231] Confirming: 8/9
[15 INFO main 1420255] Confirming: 9/9
[15 INFO main 1426200] Faulty.DriveTo -> Faulty.Homing | Homing
[15 INFO main 1442212] Faulty.Homing -> Faulty.Pending | Pending random walk
[15 INFO main 1442251] Faulty.Pending -> Faulty.DriveTo | Drive to fake source point
[15 INFO main 1465791] Confirming: 2/9
[15 INFO main 1469964] Confirming: 3/9
[15 INFO main 1472051] Confirming: 5/9
[15 INFO main 1476266] Confirming: 7/9
[15 INFO main 1478366] Confirming: 8/9
[15 INFO main 1480448] Confirming: 9/9
[15 INFO main 1493474] Faulty.DriveTo -> Faulty.Homing | Homing
[15 INFO main 1508244] Confirming: 1/9
[15 INFO main 1510344] Confirming: 2/9
[15 INFO main 1512369] Confirming: 3/9
[15 INFO main 1514404] Confirming: 4/9
[15 INFO main 1518633] Confirming: 6/9
[15 INFO main 1520723] Confirming: 7/9
[15 INFO main 1522766] Confirming: 8/9
[15 INFO main 1524787] Confirming: 9/9
[15 INFO main 1524815] Faulty.Homing -> Faulty.Pending | Pending random walk
[15 INFO main 1525019] Faulty.Pending -> Faulty.DriveTo | Drive to fake source point
[15 INFO main 1550421] Faulty.DriveTo -> Faulty.Homing | Homing
[15 INFO main 1572871] Faulty.Homing -> Faulty.Pending | Pending random walk
[15 INFO main 1572910] Faulty.Pending -> Faulty.DriveTo | Drive to fake source point
[15 INFO main 1585430] Confirming: 1/9
[15 INFO main 1587555] Confirming: 2/9
[15 INFO main 1589579] Confirming: 3/9
[15 INFO main 1591659] Confirming: 5/9
[15 INFO main 1595849] Confirming: 7/9
[15 INFO main 1599959] Confirming: 9/9
[15 INFO main 1623085] Faulty.DriveTo -> Faulty.Homing | Homing
[15 INFO main 1643655] Confirming: 1/9
[15 INFO main 1644248] Faulty.Homing -> Faulty.Pending | Pending random walk
[15 INFO main 1644329] Faulty.Pending -> Faulty.DriveTo | Drive to fake source point
[15 INFO main 1645807] Confirming: 2/9
[15 INFO main 1647846] Confirming: 3/9
[15 INFO main 1651955] Confirming: 5/9
[15 INFO main 1653937] Confirming: 6/9
[15 INFO main 1656035] Confirming: 7/9
[15 INFO main 1658053] Confirming: 8/9
[15 INFO main 1664310] Confirming: 11/9
[15 INFO main 1678729] Faulty.DriveTo -> Faulty.Homing | Homing
[15 INFO main 1703971] Confirming: 1/9
[15 INFO main 1706164] Confirming: 2/9
[15 INFO main 1708615] Confirming: 3/9
[15 INFO main 1710719] Confirming: 4/9
[15 INFO main 1712760] Confirming: 5/9
[15 INFO main 1714452] Faulty.Homing -> Faulty.Pending | Pending random walk
[15 INFO main 1714470] Faulty.Pending -> Faulty.DriveTo | Drive to fake source point
[15 INFO main 1714798] Confirming: 6/9
[15 INFO main 1716913] Confirming: 7/9
[15 INFO main 1719132] Confirming: 8/9
[15 INFO main 1721268] Confirming: 9/9
[15 INFO main 1794531] Faulty.DriveTo -> Faulty.Homing | Homing
