[6 INFO main 27] Initialising Python Geth Console...
[6 INFO main 31] Initialising RandB board...
[6 INFO main 31] Initialising navigation...
[6 INFO main 31] Initialising random-walk...
[6 INFO main 31] Initialising odometry...
[6 INFO main 31] Initialising ground-sensors...
[6 INFO main 1026] --//-- Starting Experiment --//--
[6 INFO main 2126] Idle.IDLE -> Scout.Query | Duration: 22.95
[6 INFO main 11244] Scout.Query -> Scout.GotoCenter | Drive to others reported pos
[6 INFO main 31017] Scout.GotoCenter -> Scout.Query | return to random walk
[6 INFO main 107456] Scout.Query -> Scout.GotoCenter | Drive to others reported pos
[6 INFO main 118949] Scout.GotoCenter -> Scout.Query | return to random walk
[6 INFO main 205004] Scout.Query -> Scout.GotoCenter | Drive to others reported pos
[6 INFO main 239521] Scout.GotoCenter -> Scout.Query | return to random walk
[6 INFO main 265157] Scout.Query -> Scout.GotoCenter | Drive to others reported pos
[6 INFO main 287944] Scout.GotoCenter -> Scout.Query | return to random walk
[6 INFO main 328701] Scout.Query -> Scout.GotoCenter | Drive to others reported pos
[6 INFO main 382532] Scout.GotoCenter -> Scout.Query | return to random walk
[6 INFO main 417921] Scout.Query -> Scout.GotoCenter | Drive to others reported pos
[6 INFO main 452816] Scout.GotoCenter -> Scout.Query | return to random walk
[6 INFO main 478457] Scout.Query -> Scout.GotoCenter | Drive to others reported pos
[6 INFO main 532488] Scout.GotoCenter -> Scout.Query | return to random walk
[6 INFO main 563001] Scout.Query -> Scout.GotoCenter | Drive to others reported pos
[6 INFO main 597787] Scout.GotoCenter -> Scout.Query | return to random walk
[6 INFO main 648305] Scout.Query -> Scout.GotoCenter | Drive to others reported pos
[6 INFO main 648928] Scout.GotoCenter -> Scout.Query | return to random walk
[6 INFO main 683990] Scout.Query -> Scout.GotoCenter | Drive to others reported pos
[6 INFO main 706702] Scout.GotoCenter -> Scout.Query | return to random walk
[6 INFO main 747872] Scout.Query -> Scout.GotoCenter | Drive to others reported pos
[6 INFO main 789956] Scout.GotoCenter -> Scout.Query | return to random walk
