[9 INFO main 26] Initialising Python Geth Console...
[9 INFO main 31] Initialising RandB board...
[9 INFO main 32] Initialising navigation...
[9 INFO main 32] Initialising random-walk...
[9 INFO main 32] Initialising odometry...
[9 INFO main 32] Initialising ground-sensors...
[9 INFO main 869] --//-- Starting Experiment --//--
[9 INFO main 1968] Idle.IDLE -> Scout.Query | Duration: 22.40
[9 INFO main 16203] Scout.Query -> Scout.GotoCenter | Drive to others reported pos
[9 INFO main 50209] Scout.GotoCenter -> Scout.Query | return to random walk
[9 INFO main 106091] Scout.Query -> Scout.GotoCenter | Drive to others reported pos
[9 INFO main 141139] Scout.GotoCenter -> Scout.Query | return to random walk
[9 INFO main 166620] Scout.Query -> Scout.GotoCenter | Drive to others reported pos
[9 INFO main 236127] Scout.GotoCenter -> Scout.Query | return to random walk
[9 INFO main 281748] Scout.Query -> Scout.GotoCenter | Drive to others reported pos
[9 INFO main 286771] Scout.GotoCenter -> Scout.Query | return to random walk
[9 INFO main 347665] Scout.Query -> Scout.GotoCenter | Drive to others reported pos
[9 INFO main 399304] Scout.GotoCenter -> Scout.Query | return to random walk
[9 INFO main 439861] Scout.Query -> Scout.GotoCenter | Drive to others reported pos
[9 INFO main 481738] Scout.GotoCenter -> Scout.Query | return to random walk
[9 INFO main 568387] Scout.Query -> Scout.GotoCenter | Drive to others reported pos
[9 INFO main 617269] Scout.GotoCenter -> Scout.Query | return to random walk
[9 INFO main 712954] Scout.Query -> Scout.GotoCenter | Drive to others reported pos
