[7 INFO main 30] Initialising Python Geth Console...
[7 INFO main 34] Initialising RandB board...
[7 INFO main 34] Initialising navigation...
[7 INFO main 34] Initialising random-walk...
[7 INFO main 34] Initialising odometry...
[7 INFO main 34] Initialising ground-sensors...
[7 INFO main 771] --//-- Starting Experiment --//--
[7 INFO main 1871] Idle.IDLE -> Scout.Query | Duration: 17.90
[7 INFO main 6082] Scout.Query -> Scout.GotoCenter | Drive to others reported pos
[7 INFO main 6981] Scout.GotoCenter -> Scout.Query | return to random walk
[7 INFO main 7084] Scout.Query -> Scout.GotoCenter | Drive to others reported pos
[7 INFO main 9783] Scout.GotoCenter -> Scout.Query | return to random walk
[7 INFO main 10187] Scout.Query -> Scout.GotoCenter | Drive to others reported pos
[7 INFO main 10379] Scout.GotoCenter -> Scout.Query | return to random walk
[7 INFO main 11287] Scout.Query -> Scout.GotoCenter | Drive to others reported pos
[7 INFO main 14388] Scout.GotoCenter -> Scout.Query | return to random walk
[7 INFO main 15291] Scout.Query -> Scout.GotoCenter | Drive to others reported pos
[7 INFO main 15692] Scout.GotoCenter -> Scout.Query | return to random walk
[7 INFO main 16293] Scout.Query -> Scout.GotoCenter | Drive to others reported pos
[7 INFO main 16694] Scout.GotoCenter -> Scout.Query | return to random walk
