[4 INFO main 28] Initialising Python Geth Console...
[4 INFO main 33] Initialising RandB board...
[4 INFO main 33] Initialising navigation...
[4 INFO main 33] Initialising random-walk...
[4 INFO main 33] Initialising odometry...
[4 INFO main 33] Initialising ground-sensors...
[4 INFO main 789] --//-- Starting Experiment --//--
[4 INFO main 2246] Idle.IDLE -> Scout.Query | Duration: 29.00
[4 INFO main 24308] Scout.Query -> Verify.DriveTo | Go to unverified source
[4 INFO main 71782] Verify.DriveTo -> Verify.Homing | Homing
[4 INFO main 90477] Confirming: 1/9
[4 INFO main 92503] Confirming: 2/9
[4 INFO main 94537] Confirming: 3/9
[4 INFO main 96648] Confirming: 5/9
[4 INFO main 100978] Confirming: 7/9
[4 INFO main 103023] Confirming: 8/9
[4 INFO main 104890] Verify.Homing -> Scout.Query | Arrived home
[4 INFO main 105091] Confirming: 9/9
[4 INFO main 105121] Scout.Query -> Verify.DriveTo | Go to unverified source
[4 INFO main 151532] Verify.DriveTo -> Verify.Homing | Homing
[4 INFO main 163926] Confirming: 1/9
[4 INFO main 166150] Confirming: 2/9
[4 INFO main 168183] Confirming: 3/9
[4 INFO main 170226] Confirming: 4/9
[4 INFO main 172301] Confirming: 5/9
[4 INFO main 174315] Confirming: 6/9
[4 INFO main 176808] Confirming: 8/9
[4 INFO main 178882] Confirming: 9/9
[4 INFO main 189768] Verify.Homing -> Scout.Query | Arrived home
[4 INFO main 189978] Scout.Query -> Verify.DriveTo | Go to unverified source
[4 INFO main 215950] Verify.DriveTo -> Verify.Homing | Homing
[4 INFO main 224214] Confirming: 1/9
[4 INFO main 226280] Confirming: 2/9
[4 INFO main 228324] Confirming: 3/9
[4 INFO main 230336] Confirming: 4/9
[4 INFO main 232371] Confirming: 5/9
[4 INFO main 234416] Confirming: 6/9
[4 INFO main 236479] Confirming: 7/9
[4 INFO main 238581] Confirming: 9/9
[4 INFO main 240548] Verify.Homing -> Scout.Query | Arrived home
[4 INFO main 240678] Scout.Query -> Verify.DriveTo | Go to unverified source
[4 INFO main 285791] Verify.DriveTo -> Verify.Homing | Homing
[4 INFO main 301714] Verify.Homing -> Scout.Query | Arrived home
[4 INFO main 312559] Confirming: 1/9
[4 INFO main 316693] Confirming: 3/9
[4 INFO main 318779] Confirming: 4/9
[4 INFO main 320866] Confirming: 5/9
[4 INFO main 322897] Confirming: 6/9
[4 INFO main 327116] Confirming: 8/9
[4 INFO main 329165] Confirming: 9/9
[4 INFO main 329708] Scout.Query -> Verify.DriveTo | Go to unverified source
[4 INFO main 353714] Verify.DriveTo -> Verify.Homing | Homing
[4 INFO main 376645] Verify.Homing -> Scout.Query | Arrived home
[4 INFO main 378591] Confirming: 2/9
[4 INFO main 382765] Confirming: 3/9
[4 INFO main 384835] Confirming: 4/9
[4 INFO main 386897] Confirming: 6/9
[4 INFO main 388913] Confirming: 7/9
[4 INFO main 392997] Confirming: 9/9
[4 INFO main 393023] Scout.Query -> Verify.DriveTo | Go to unverified source
[4 INFO main 424022] Verify.DriveTo -> Verify.Homing | Homing
[4 INFO main 441149] Verify.Homing -> Scout.Query | Arrived home
[4 INFO main 444841] Confirming: 1/9
[4 INFO main 448915] Confirming: 2/9
[4 INFO main 450936] Confirming: 3/9
[4 INFO main 453090] Confirming: 4/9
[4 INFO main 455123] Confirming: 6/9
[4 INFO main 457215] Confirming: 7/9
[4 INFO main 461551] Confirming: 9/9
[4 INFO main 462072] Scout.Query -> Verify.DriveTo | Go to unverified source
[4 INFO main 469716] Verify.DriveTo -> Verify.Homing | Homing
[4 INFO main 481411] Verify.Homing -> Scout.Query | Arrived home
[4 INFO main 497651] Confirming: 1/9
[4 INFO main 499850] Confirming: 2/9
[4 INFO main 501954] Confirming: 3/9
[4 INFO main 504025] Confirming: 4/9
[4 INFO main 506110] Confirming: 5/9
[4 INFO main 508169] Confirming: 6/9
[4 INFO main 510201] Confirming: 7/9
[4 INFO main 512297] Confirming: 8/9
[4 INFO main 514342] Confirming: 9/9
[4 INFO main 514852] Scout.Query -> Verify.DriveTo | Go to unverified source
[4 INFO main 593767] Verify.DriveTo -> Verify.Homing | Homing
[4 INFO main 609316] Verify.Homing -> Scout.Query | Arrived home
[4 INFO main 616537] Confirming: 1/9
[4 INFO main 618604] Confirming: 2/9
[4 INFO main 620598] Confirming: 3/9
[4 INFO main 622673] Confirming: 4/9
[4 INFO main 624725] Confirming: 5/9
[4 INFO main 626852] Confirming: 6/9
[4 INFO main 630918] Confirming: 7/9
[4 INFO main 632945] Confirming: 9/9
[4 INFO main 633561] Scout.Query -> Verify.DriveTo | Go to unverified source
[4 INFO main 674249] Verify.DriveTo -> Verify.Homing | Homing
[4 INFO main 697798] Verify.Homing -> Scout.Query | Arrived home
[4 INFO main 707806] Confirming: 1/9
[4 INFO main 709835] Confirming: 2/9
[4 INFO main 711928] Confirming: 3/9
[4 INFO main 713928] Confirming: 4/9
[4 INFO main 715991] Confirming: 5/9
[4 INFO main 718043] Confirming: 6/9
[4 INFO main 720114] Confirming: 7/9
[4 INFO main 722138] Confirming: 8/9
[4 INFO main 724164] Confirming: 9/9
[4 INFO main 724167] Scout.Query -> Scout.PrepSend | Homing
[4 INFO main 724357] Scout.PrepSend -> Verify.Homing | Homing
[4 INFO main 736870] Confirming: 1/9
[4 INFO main 741011] Confirming: 3/9
[4 INFO main 743081] Confirming: 4/9
[4 INFO main 745144] Confirming: 5/9
[4 INFO main 746952] Verify.Homing -> Scout.Query | Arrived home
[4 INFO main 747154] Confirming: 6/9
[4 INFO main 749204] Confirming: 7/9
[4 INFO main 751381] Confirming: 8/9
[4 INFO main 754057] Confirming: 9/9
[4 INFO main 754095] Scout.Query -> Verify.DriveTo | Go to unverified source
[4 INFO main 797765] Verify.DriveTo -> Verify.Homing | Homing
[4 INFO main 813962] Verify.Homing -> Scout.Query | Arrived home
[4 INFO main 827229] Confirming: 1/9
[4 INFO main 829318] Confirming: 2/9
[4 INFO main 831324] Confirming: 3/9
[4 INFO main 837524] Confirming: 6/9
[4 INFO main 839535] Confirming: 7/9
[4 INFO main 841565] Confirming: 8/9
[4 INFO main 843624] Confirming: 9/9
[4 INFO main 844582] Scout.Query -> Verify.DriveTo | Go to unverified source
[4 INFO main 880090] Verify.DriveTo -> Verify.Homing | Homing
[4 INFO main 888445] Confirming: 1/9
[4 INFO main 890461] Confirming: 2/9
[4 INFO main 892510] Confirming: 3/9
[4 INFO main 894528] Confirming: 4/9
[4 INFO main 896627] Confirming: 5/9
[4 INFO main 898649] Confirming: 6/9
[4 INFO main 900742] Confirming: 7/9
[4 INFO main 902855] Confirming: 8/9
[4 INFO main 902856] Verify.Homing -> Scout.Query | Arrived home
[4 INFO main 904980] Confirming: 9/9
[4 INFO main 905463] Scout.Query -> Verify.DriveTo | Go to unverified source
[4 INFO main 983732] Verify.DriveTo -> Verify.Homing | Homing
[4 INFO main 1002300] Verify.Homing -> Scout.Query | Arrived home
[4 INFO main 1008454] Confirming: 1/9
[4 INFO main 1010520] Confirming: 2/9
[4 INFO main 1012629] Confirming: 4/9
[4 INFO main 1014713] Confirming: 5/9
[4 INFO main 1016940] Confirming: 6/9
[4 INFO main 1019001] Confirming: 7/9
[4 INFO main 1021130] Confirming: 8/9
[4 INFO main 1023196] Confirming: 9/9
[4 INFO main 1023556] Scout.Query -> Verify.DriveTo | Go to unverified source
[4 INFO main 1050837] Verify.DriveTo -> Verify.Homing | Homing
[4 INFO main 1067599] Confirming: 1/9
[4 INFO main 1069615] Confirming: 2/9
[4 INFO main 1071662] Confirming: 3/9
[4 INFO main 1073867] Confirming: 4/9
[4 INFO main 1075876] Confirming: 5/9
[4 INFO main 1076872] Verify.Homing -> Scout.Query | Arrived home
[4 INFO main 1077930] Confirming: 6/9
[4 INFO main 1079937] Confirming: 7/9
[4 INFO main 1081988] Confirming: 8/9
[4 INFO main 1084008] Confirming: 9/9
[4 INFO main 1084049] Scout.Query -> Verify.DriveTo | Go to unverified source
[4 INFO main 1174560] Verify.DriveTo -> Verify.Homing | Homing
[4 INFO main 1186959] Confirming: 1/9
[4 INFO main 1189034] Confirming: 2/9
[4 INFO main 1191089] Confirming: 3/9
[4 INFO main 1191243] Verify.Homing -> Scout.Query | Arrived home
[4 INFO main 1193177] Confirming: 4/9
[4 INFO main 1195200] Confirming: 5/9
[4 INFO main 1197245] Confirming: 6/9
[4 INFO main 1199377] Confirming: 7/9
[4 INFO main 1201476] Confirming: 8/9
[4 INFO main 1205606] Confirming: 10/9
[4 INFO main 1206165] Scout.Query -> Verify.DriveTo | Go to unverified source
[4 INFO main 1208509] Verify.DriveTo -> Verify.Homing | Homing
[4 INFO main 1216775] Confirming: 1/9
[4 INFO main 1218914] Confirming: 2/9
[4 INFO main 1221033] Confirming: 3/9
[4 INFO main 1223074] Confirming: 4/9
[4 INFO main 1225132] Confirming: 5/9
[4 INFO main 1227198] Confirming: 6/9
[4 INFO main 1229264] Confirming: 7/9
[4 INFO main 1231358] Confirming: 8/9
[4 INFO main 1233379] Confirming: 9/9
[4 INFO main 1287656] Verify.Homing -> Scout.Query | Arrived home
[4 INFO main 1287792] Scout.Query -> Verify.DriveTo | Go to unverified source
[4 INFO main 1322788] Verify.DriveTo -> Verify.Homing | Homing
[4 INFO main 1337879] Confirming: 1/9
[4 INFO main 1339902] Confirming: 2/9
[4 INFO main 1342019] Confirming: 3/9
[4 INFO main 1344152] Confirming: 4/9
[4 INFO main 1346233] Confirming: 5/9
[4 INFO main 1348428] Confirming: 6/9
[4 INFO main 1350689] Confirming: 8/9
[4 INFO main 1354490] Verify.Homing -> Scout.Query | Arrived home
[4 INFO main 1355026] Confirming: 10/9
[4 INFO main 1355743] Scout.Query -> Verify.DriveTo | Go to unverified source
[4 INFO main 1413380] Verify.DriveTo -> Verify.Homing | Homing
[4 INFO main 1426189] Confirming: 1/9
[4 INFO main 1428255] Confirming: 2/9
[4 INFO main 1430254] Confirming: 3/9
[4 INFO main 1432315] Confirming: 4/9
[4 INFO main 1434412] Confirming: 5/9
[4 INFO main 1436488] Confirming: 6/9
[4 INFO main 1437825] Verify.Homing -> Scout.Query | Arrived home
[4 INFO main 1438504] Confirming: 7/9
[4 INFO main 1440571] Confirming: 9/9
[4 INFO main 1448891] Scout.Query -> Verify.DriveTo | Go to unverified source
[4 INFO main 1469324] Verify.DriveTo -> Verify.Homing | Homing
[4 INFO main 1480085] Confirming: 1/9
[4 INFO main 1482116] Confirming: 2/9
[4 INFO main 1484193] Confirming: 3/9
[4 INFO main 1486281] Confirming: 4/9
[4 INFO main 1488291] Confirming: 5/9
[4 INFO main 1490360] Confirming: 6/9
[4 INFO main 1492428] Confirming: 7/9
[4 INFO main 1494461] Confirming: 8/9
[4 INFO main 1496536] Confirming: 9/9
[4 INFO main 1500285] Verify.Homing -> Scout.Query | Arrived home
[4 INFO main 1500424] Scout.Query -> Verify.DriveTo | Go to unverified source
[4 INFO main 1536700] Verify.DriveTo -> Verify.Homing | Homing
[4 INFO main 1547273] Confirming: 1/9
[4 INFO main 1549241] Confirming: 2/9
[4 INFO main 1551294] Confirming: 3/9
[4 INFO main 1553385] Confirming: 4/9
[4 INFO main 1555514] Confirming: 5/9
[4 INFO main 1557557] Confirming: 6/9
[4 INFO main 1559622] Confirming: 7/9
[4 INFO main 1561699] Confirming: 8/9
[4 INFO main 1563789] Confirming: 9/9
[4 INFO main 1583833] Verify.Homing -> Scout.Query | Arrived home
[4 INFO main 1584096] Scout.Query -> Verify.DriveTo | Go to unverified source
[4 INFO main 1658174] Verify.DriveTo -> Verify.Homing | Homing
[4 INFO main 1683005] Confirming: 1/9
[4 INFO main 1685002] Confirming: 2/9
[4 INFO main 1687107] Confirming: 3/9
[4 INFO main 1689148] Confirming: 4/9
[4 INFO main 1691148] Confirming: 5/9
[4 INFO main 1691569] Verify.Homing -> Scout.Query | Arrived home
[4 INFO main 1695339] Confirming: 7/9
[4 INFO main 1697390] Confirming: 8/9
[4 INFO main 1699442] Confirming: 9/9
[4 INFO main 1700357] Scout.Query -> Verify.DriveTo | Go to unverified source
[4 INFO main 1750162] Verify.DriveTo -> Verify.Homing | Homing
[4 INFO main 1758543] Confirming: 1/9
[4 INFO main 1760594] Confirming: 3/9
[4 INFO main 1762673] Confirming: 4/9
[4 INFO main 1766746] Confirming: 6/9
[4 INFO main 1768834] Confirming: 7/9
[4 INFO main 1770883] Confirming: 8/9
[4 INFO main 1773053] Confirming: 9/9
[4 INFO main 1773280] Verify.Homing -> Scout.Query | Arrived home
[4 INFO main 1773454] Scout.Query -> Verify.DriveTo | Go to unverified source
[4 INFO main 1810644] Verify.DriveTo -> Verify.Homing | Homing
[4 INFO main 1817155] Confirming: 1/9
[4 INFO main 1819211] Confirming: 2/9
[4 INFO main 1821223] Confirming: 3/9
[4 INFO main 1823255] Confirming: 4/9
[4 INFO main 1825317] Confirming: 5/9
[4 INFO main 1827468] Confirming: 6/9
[4 INFO main 1829505] Confirming: 7/9
[4 INFO main 1831516] Confirming: 8/9
[4 INFO main 1833594] Confirming: 9/9
[4 INFO main 1882642] Verify.Homing -> Scout.Query | Arrived home
[4 INFO main 1882780] Scout.Query -> Verify.DriveTo | Go to unverified source
[4 INFO main 1905322] Verify.DriveTo -> Verify.Homing | Homing
[4 INFO main 1926968] Verify.Homing -> Scout.Query | Arrived home
[4 INFO main 1936576] Confirming: 1/9
[4 INFO main 1938665] Confirming: 2/9
[4 INFO main 1940770] Confirming: 3/9
[4 INFO main 1944806] Confirming: 4/9
[4 INFO main 1946889] Confirming: 6/9
[4 INFO main 1948884] Confirming: 7/9
[4 INFO main 1950979] Confirming: 8/9
[4 INFO main 1952995] Confirming: 9/9
[4 INFO main 1953230] Scout.Query -> Verify.DriveTo | Go to unverified source
[4 INFO main 1966849] Verify.DriveTo -> Verify.Homing | Homing
[4 INFO main 1984435] Verify.Homing -> Scout.Query | Arrived home
[4 INFO main 1997897] Confirming: 1/9
[4 INFO main 1999903] Confirming: 2/9
[4 INFO main 2001978] Confirming: 3/9
[4 INFO main 2003996] Confirming: 4/9
[4 INFO main 2006102] Confirming: 5/9
[4 INFO main 2010119] Confirming: 7/9
[4 INFO main 2012213] Confirming: 8/9
[4 INFO main 2014273] Confirming: 9/9
[4 INFO main 2014716] Scout.Query -> Verify.DriveTo | Go to unverified source
[4 INFO main 2031873] Verify.DriveTo -> Verify.Homing | Homing
[4 INFO main 2056713] Confirming: 1/9
[4 INFO main 2058784] Confirming: 2/9
[4 INFO main 2060877] Confirming: 3/9
[4 INFO main 2062960] Confirming: 4/9
[4 INFO main 2064993] Confirming: 5/9
[4 INFO main 2067097] Confirming: 6/9
[4 INFO main 2069109] Confirming: 7/9
[4 INFO main 2071223] Confirming: 8/9
[4 INFO main 2073393] Confirming: 9/9
[4 INFO main 2170026] Verify.Homing -> Scout.Query | Arrived home
[4 INFO main 2170172] Scout.Query -> Verify.DriveTo | Go to unverified source
[4 INFO main 2240629] Verify.DriveTo -> Verify.Homing | Homing
[4 INFO main 2263433] Verify.Homing -> Scout.Query | Arrived home
[4 INFO main 2267489] Confirming: 1/9
[4 INFO main 2269514] Confirming: 2/9
[4 INFO main 2271608] Confirming: 3/9
[4 INFO main 2273675] Confirming: 4/9
[4 INFO main 2275773] Confirming: 5/9
[4 INFO main 2277840] Confirming: 6/9
[4 INFO main 2279860] Confirming: 7/9
[4 INFO main 2281925] Confirming: 8/9
[4 INFO main 2283966] Confirming: 9/9
[4 INFO main 2284011] Scout.Query -> Verify.DriveTo | Go to unverified source
[4 INFO main 2348622] Verify.DriveTo -> Verify.Homing | Homing
[4 INFO main 2357200] Confirming: 1/9
[4 INFO main 2359208] Confirming: 2/9
[4 INFO main 2361316] Confirming: 3/9
[4 INFO main 2363372] Confirming: 4/9
[4 INFO main 2365456] Confirming: 5/9
[4 INFO main 2367511] Confirming: 6/9
[4 INFO main 2369580] Confirming: 7/9
[4 INFO main 2371585] Confirming: 8/9
[4 INFO main 2373586] Confirming: 9/9
[4 INFO main 2380694] Verify.Homing -> Scout.Query | Arrived home
[4 INFO main 2380838] Scout.Query -> Verify.DriveTo | Go to unverified source
[4 INFO main 2401753] Verify.DriveTo -> Verify.Homing | Homing
[4 INFO main 2416556] Confirming: 1/9
[4 INFO main 2418650] Confirming: 2/9
[4 INFO main 2420806] Confirming: 3/9
[4 INFO main 2422880] Confirming: 4/9
[4 INFO main 2424943] Confirming: 5/9
[4 INFO main 2427051] Confirming: 6/9
[4 INFO main 2429107] Confirming: 7/9
[4 INFO main 2431185] Confirming: 8/9
[4 INFO main 2433237] Confirming: 9/9
[4 INFO main 2459191] Verify.Homing -> Scout.Query | Arrived home
[4 INFO main 2459452] Scout.Query -> Verify.DriveTo | Go to unverified source
[4 INFO main 2483646] Verify.DriveTo -> Verify.Homing | Homing
[4 INFO main 2495790] Verify.Homing -> Scout.Query | Arrived home
[4 INFO main 2506679] Confirming: 1/9
[4 INFO main 2508862] Confirming: 2/9
[4 INFO main 2510986] Confirming: 3/9
[4 INFO main 2513125] Confirming: 4/9
[4 INFO main 2515134] Confirming: 5/9
[4 INFO main 2517137] Confirming: 6/9
[4 INFO main 2519207] Confirming: 7/9
[4 INFO main 2521214] Confirming: 8/9
[4 INFO main 2523249] Confirming: 9/9
[4 INFO main 2523296] Scout.Query -> Verify.DriveTo | Go to unverified source
[4 INFO main 2551999] Verify.DriveTo -> Verify.Homing | Homing
[4 INFO main 2564001] Verify.Homing -> Scout.Query | Arrived home
[4 INFO main 2566854] Confirming: 1/9
[4 INFO main 2569007] Confirming: 2/9
[4 INFO main 2571027] Confirming: 3/9
[4 INFO main 2573045] Confirming: 4/9
[4 INFO main 2575257] Confirming: 5/9
[4 INFO main 2577351] Confirming: 6/9
[4 INFO main 2579414] Confirming: 7/9
[4 INFO main 2581491] Confirming: 8/9
[4 INFO main 2583529] Confirming: 9/9
[4 INFO main 2583577] Scout.Query -> Verify.DriveTo | Go to unverified source
[4 INFO main 2606292] Verify.DriveTo -> Verify.Homing | Homing
[4 INFO main 2626930] Confirming: 1/9
[4 INFO main 2628930] Confirming: 2/9
[4 INFO main 2630957] Confirming: 3/9
[4 INFO main 2633159] Confirming: 4/9
[4 INFO main 2635234] Confirming: 5/9
[4 INFO main 2637243] Confirming: 6/9
[4 INFO main 2638111] Verify.Homing -> Scout.Query | Arrived home
[4 INFO main 2639293] Confirming: 7/9
[4 INFO main 2641402] Confirming: 8/9
[4 INFO main 2643457] Confirming: 9/9
[4 INFO main 2643601] Scout.Query -> Verify.DriveTo | Go to unverified source
[4 INFO main 2669600] Verify.DriveTo -> Verify.Homing | Homing
[4 INFO main 2688538] Confirming: 1/9
[4 INFO main 2690616] Confirming: 3/9
[4 INFO main 2692631] Confirming: 4/9
[4 INFO main 2696745] Confirming: 6/9
[4 INFO main 2698789] Confirming: 7/9
[4 INFO main 2700901] Confirming: 8/9
[4 INFO main 2702950] Confirming: 9/9
[4 INFO main 2705916] Verify.Homing -> Scout.Query | Arrived home
[4 INFO main 2706144] Scout.Query -> Verify.DriveTo | Go to unverified source
[4 INFO main 2748812] Verify.DriveTo -> Verify.Homing | Homing
[4 INFO main 2765530] Verify.Homing -> Scout.Query | Arrived home
[4 INFO main 2777795] Confirming: 1/9
[4 INFO main 2779877] Confirming: 2/9
[4 INFO main 2782009] Confirming: 3/9
[4 INFO main 2784079] Confirming: 4/9
[4 INFO main 2786117] Confirming: 5/9
[4 INFO main 2788126] Confirming: 6/9
[4 INFO main 2790143] Confirming: 7/9
[4 INFO main 2792338] Confirming: 8/9
[4 INFO main 2794394] Confirming: 9/9
[4 INFO main 2795178] Scout.Query -> Verify.DriveTo | Go to unverified source
[4 INFO main 2832722] Verify.DriveTo -> Verify.Homing | Homing
[4 INFO main 2855432] Verify.Homing -> Scout.Query | Arrived home
[4 INFO main 2867677] Confirming: 1/9
[4 INFO main 2869742] Confirming: 2/9
[4 INFO main 2871832] Confirming: 3/9
[4 INFO main 2873918] Confirming: 4/9
[4 INFO main 2875927] Confirming: 5/9
[4 INFO main 2877948] Confirming: 6/9
[4 INFO main 2879964] Confirming: 7/9
[4 INFO main 2882131] Confirming: 8/9
[4 INFO main 2886389] Confirming: 9/9
[4 INFO main 2886673] Scout.Query -> Verify.DriveTo | Go to unverified source
[4 INFO main 2933390] Verify.DriveTo -> Verify.Homing | Homing
[4 INFO main 2956230] Verify.Homing -> Scout.Query | Arrived home
[4 INFO main 2958550] Confirming: 2/9
[4 INFO main 2960690] Confirming: 3/9
[4 INFO main 2962835] Confirming: 4/9
[4 INFO main 2964974] Confirming: 5/9
[4 INFO main 2969069] Confirming: 7/9
[4 INFO main 2971105] Confirming: 8/9
[4 INFO main 2975200] Confirming: 10/9
[4 INFO main 2976125] Scout.Query -> Verify.DriveTo | Go to unverified source
[4 INFO main 3009923] Verify.DriveTo -> Verify.Homing | Homing
[4 INFO main 3026373] Verify.Homing -> Scout.Query | Arrived home
[4 INFO main 3046893] Confirming: 1/9
[4 INFO main 3049009] Confirming: 2/9
[4 INFO main 3053093] Confirming: 4/9
[4 INFO main 3055130] Confirming: 5/9
[4 INFO main 3057128] Confirming: 6/9
[4 INFO main 3059129] Confirming: 7/9
[4 INFO main 3061141] Confirming: 8/9
[4 INFO main 3063192] Confirming: 9/9
[4 INFO main 3063322] Scout.Query -> Verify.DriveTo | Go to unverified source
[4 INFO main 3077889] Verify.DriveTo -> Verify.Homing | Homing
[4 INFO main 3097101] Verify.Homing -> Scout.Query | Arrived home
[4 INFO main 3106950] Confirming: 1/9
[4 INFO main 3108961] Confirming: 2/9
[4 INFO main 3113073] Confirming: 3/9
[4 INFO main 3115041] Confirming: 5/9
[4 INFO main 3119330] Confirming: 7/9
[4 INFO main 3121469] Confirming: 8/9
[4 INFO main 3123486] Confirming: 9/9
[4 INFO main 3124294] Scout.Query -> Verify.DriveTo | Go to unverified source
[4 INFO main 3156893] Verify.DriveTo -> Verify.Homing | Homing
[4 INFO main 3167351] Confirming: 1/9
[4 INFO main 3169432] Confirming: 2/9
[4 INFO main 3171495] Confirming: 3/9
[4 INFO main 3173501] Confirming: 4/9
[4 INFO main 3175529] Confirming: 5/9
[4 INFO main 3177529] Confirming: 6/9
[4 INFO main 3179563] Confirming: 7/9
[4 INFO main 3181571] Confirming: 8/9
[4 INFO main 3183636] Confirming: 9/9
[4 INFO main 3194916] Verify.Homing -> Scout.Query | Arrived home
[4 INFO main 3195073] Scout.Query -> Verify.DriveTo | Go to unverified source
[4 INFO main 3261053] Verify.DriveTo -> Verify.Homing | Homing
[4 INFO main 3284164] Verify.Homing -> Scout.Query | Arrived home
[4 INFO main 3287851] Confirming: 1/9
[4 INFO main 3290004] Confirming: 2/9
[4 INFO main 3292011] Confirming: 3/9
[4 INFO main 3294105] Confirming: 4/9
[4 INFO main 3296215] Confirming: 5/9
[4 INFO main 3300335] Confirming: 7/9
[4 INFO main 3302390] Confirming: 8/9
[4 INFO main 3304426] Confirming: 9/9
[4 INFO main 3305132] Scout.Query -> Verify.DriveTo | Go to unverified source
[4 INFO main 3341396] Verify.DriveTo -> Verify.Homing | Homing
[4 INFO main 3347624] Confirming: 1/9
[4 INFO main 3349713] Confirming: 2/9
[4 INFO main 3353941] Confirming: 4/9
[4 INFO main 3355954] Confirming: 5/9
[4 INFO main 3358024] Confirming: 6/9
[4 INFO main 3360029] Confirming: 7/9
[4 INFO main 3362056] Confirming: 8/9
[4 INFO main 3364103] Confirming: 9/9
[4 INFO main 3365605] Verify.Homing -> Scout.Query | Arrived home
[4 INFO main 3365761] Scout.Query -> Verify.DriveTo | Go to unverified source
[4 INFO main 3439484] Verify.DriveTo -> Verify.Homing | Homing
[4 INFO main 3454259] Verify.Homing -> Scout.Query | Arrived home
[4 INFO main 3468815] Confirming: 1/9
[4 INFO main 3470843] Confirming: 3/9
[4 INFO main 3474938] Confirming: 5/9
[4 INFO main 3478986] Confirming: 7/9
[4 INFO main 3481029] Confirming: 8/9
[4 INFO main 3483095] Confirming: 9/9
[4 INFO main 3483672] Scout.Query -> Verify.DriveTo | Go to unverified source
[4 INFO main 3516657] Verify.DriveTo -> Verify.Homing | Homing
[4 INFO main 3527874] Confirming: 1/9
[4 INFO main 3529942] Confirming: 2/9
[4 INFO main 3531975] Confirming: 3/9
[4 INFO main 3534023] Confirming: 4/9
[4 INFO main 3536093] Confirming: 5/9
[4 INFO main 3538389] Confirming: 6/9
[4 INFO main 3540405] Confirming: 7/9
[4 INFO main 3542485] Confirming: 8/9
[4 INFO main 3544514] Confirming: 9/9
[4 INFO main 3551963] Verify.Homing -> Scout.Query | Arrived home
[4 INFO main 3552117] Scout.Query -> Verify.DriveTo | Go to unverified source
[4 INFO main 3638961] Verify.DriveTo -> Verify.Homing | Homing
[4 INFO main 3647308] Confirming: 1/9
[4 INFO main 3649390] Confirming: 2/9
[4 INFO main 3651412] Confirming: 3/9
[4 INFO main 3653456] Confirming: 4/9
[4 INFO main 3655513] Confirming: 5/9
[4 INFO main 3657539] Confirming: 6/9
[4 INFO main 3659631] Confirming: 7/9
[4 INFO main 3661644] Confirming: 8/9
[4 INFO main 3663699] Confirming: 9/9
[4 INFO main 3665316] Verify.Homing -> Scout.Query | Arrived home
[4 INFO main 3665581] Scout.Query -> Verify.DriveTo | Go to unverified source
[4 INFO main 3717442] Verify.DriveTo -> Verify.Homing | Homing
[4 INFO main 3735297] Verify.Homing -> Scout.Query | Arrived home
[4 INFO main 3738324] Confirming: 1/9
[4 INFO main 3740412] Confirming: 2/9
[4 INFO main 3744524] Confirming: 4/9
[4 INFO main 3746547] Confirming: 5/9
[4 INFO main 3748640] Confirming: 6/9
[4 INFO main 3750773] Confirming: 7/9
[4 INFO main 3752894] Confirming: 8/9
[4 INFO main 3754924] Confirming: 9/9
[4 INFO main 3755050] Scout.Query -> Verify.DriveTo | Go to unverified source
[4 INFO main 3806305] Verify.DriveTo -> Verify.Homing | Homing
[4 INFO main 3829624] Confirming: 2/9
[4 INFO main 3831545] Confirming: 3/9
[4 INFO main 3834083] Verify.Homing -> Scout.Query | Arrived home
[4 INFO main 3835730] Confirming: 5/9
[4 INFO main 3837826] Confirming: 6/9
[4 INFO main 3839898] Confirming: 7/9
[4 INFO main 3843999] Confirming: 9/9
[4 INFO main 3844243] Scout.Query -> Verify.DriveTo | Go to unverified source
[4 INFO main 3879815] Verify.DriveTo -> Verify.Homing | Homing
[4 INFO main 3906976] Verify.Homing -> Scout.Query | Arrived home
[4 INFO main 3911915] Confirming: 2/9
[4 INFO main 3914086] Confirming: 3/9
[4 INFO main 3916243] Confirming: 4/9
[4 INFO main 3918350] Confirming: 5/9
[4 INFO main 3920394] Confirming: 6/9
[4 INFO main 3922540] Confirming: 7/9
[4 INFO main 3924601] Confirming: 8/9
[4 INFO main 3926837] Confirming: 9/9
[4 INFO main 3927295] Scout.Query -> Verify.DriveTo | Go to unverified source
[4 INFO main 3961492] Verify.DriveTo -> Verify.Homing | Homing
[4 INFO main 3978403] Confirming: 1/9
[4 INFO main 3980519] Confirming: 2/9
[4 INFO main 3982538] Confirming: 3/9
[4 INFO main 3983843] Verify.Homing -> Scout.Query | Arrived home
[4 INFO main 3984555] Confirming: 4/9
[4 INFO main 3986577] Confirming: 5/9
[4 INFO main 3988835] Confirming: 6/9
[4 INFO main 3990864] Confirming: 7/9
[4 INFO main 3992905] Confirming: 8/9
[4 INFO main 3994959] Confirming: 9/9
[4 INFO main 3995288] Scout.Query -> Verify.DriveTo | Go to unverified source
[4 INFO main 4054321] Verify.DriveTo -> Verify.Homing | Homing
[4 INFO main 4069415] Confirming: 1/9
[4 INFO main 4071797] Confirming: 3/9
[4 INFO main 4073817] Confirming: 4/9
[4 INFO main 4075919] Confirming: 5/9
[4 INFO main 4077981] Confirming: 6/9
[4 INFO main 4080054] Confirming: 7/9
[4 INFO main 4082042] Confirming: 8/9
[4 INFO main 4084155] Confirming: 9/9
[4 INFO main 4095989] Verify.Homing -> Scout.Query | Arrived home
[4 INFO main 4096213] Scout.Query -> Verify.DriveTo | Go to unverified source
[4 INFO main 4119384] Verify.DriveTo -> Verify.Homing | Homing
[4 INFO main 4128307] Confirming: 1/9
[4 INFO main 4132438] Confirming: 3/9
[4 INFO main 4134517] Confirming: 4/9
[4 INFO main 4136544] Confirming: 5/9
[4 INFO main 4138731] Confirming: 6/9
[4 INFO main 4140822] Confirming: 7/9
[4 INFO main 4142835] Confirming: 8/9
[4 INFO main 4144881] Confirming: 9/9
[4 INFO main 4153875] Verify.Homing -> Scout.Query | Arrived home
[4 INFO main 4154037] Scout.Query -> Verify.DriveTo | Go to unverified source
[4 INFO main 4192207] Verify.DriveTo -> Verify.Homing | Homing
[4 INFO main 4212827] Verify.Homing -> Scout.Query | Arrived home
[4 INFO main 4219619] Confirming: 2/9
[4 INFO main 4221626] Confirming: 3/9
[4 INFO main 4225655] Confirming: 5/9
[4 INFO main 4227895] Confirming: 6/9
[4 INFO main 4229917] Confirming: 7/9
[4 INFO main 4234006] Confirming: 9/9
[4 INFO main 4234008] Scout.Query -> Scout.PrepSend | Homing
[4 INFO main 4234148] Scout.PrepSend -> Verify.Homing | Homing
[4 INFO main 4248876] Confirming: 1/9
[4 INFO main 4251156] Confirming: 2/9
[4 INFO main 4253220] Confirming: 3/9
[4 INFO main 4255245] Confirming: 4/9
[4 INFO main 4257307] Confirming: 5/9
[4 INFO main 4259367] Confirming: 6/9
[4 INFO main 4261415] Confirming: 7/9
[4 INFO main 4263532] Confirming: 8/9
[4 INFO main 4265599] Confirming: 9/9
[4 INFO main 4273685] Verify.Homing -> Scout.Query | Arrived home
[4 INFO main 4273884] Scout.Query -> Verify.DriveTo | Go to unverified source
[4 INFO main 4327125] Verify.DriveTo -> Verify.Homing | Homing
[4 INFO main 4337552] Confirming: 1/9
[4 INFO main 4339697] Confirming: 2/9
[4 INFO main 4341745] Confirming: 3/9
[4 INFO main 4343888] Confirming: 4/9
[4 INFO main 4345902] Confirming: 5/9
[4 INFO main 4347977] Confirming: 6/9
[4 INFO main 4350036] Confirming: 7/9
[4 INFO main 4352061] Confirming: 8/9
[4 INFO main 4354062] Confirming: 9/9
[4 INFO main 4357773] Verify.Homing -> Scout.Query | Arrived home
[4 INFO main 4358021] Scout.Query -> Verify.DriveTo | Go to unverified source
[4 INFO main 4396491] Verify.DriveTo -> Verify.Homing | Homing
[4 INFO main 4421316] Verify.Homing -> Scout.Query | Arrived home
[4 INFO main 4428565] Confirming: 1/9
[4 INFO main 4430597] Confirming: 2/9
[4 INFO main 4432608] Confirming: 3/9
[4 INFO main 4434702] Confirming: 4/9
[4 INFO main 4436726] Confirming: 5/9
[4 INFO main 4438731] Confirming: 6/9
[4 INFO main 4440869] Confirming: 7/9
[4 INFO main 4442877] Confirming: 8/9
[4 INFO main 4445014] Confirming: 9/9
[4 INFO main 4445599] Scout.Query -> Verify.DriveTo | Go to unverified source
[4 INFO main 4486821] Verify.DriveTo -> Verify.Homing | Homing
[4 INFO main 4516976] Verify.Homing -> Scout.Query | Arrived home
[4 INFO main 4518413] Confirming: 1/9
[4 INFO main 4520607] Confirming: 2/9
[4 INFO main 4522686] Confirming: 3/9
[4 INFO main 4524693] Confirming: 4/9
[4 INFO main 4526749] Confirming: 5/9
[4 INFO main 4528881] Confirming: 6/9
[4 INFO main 4532999] Confirming: 8/9
[4 INFO main 4535068] Confirming: 9/9
[4 INFO main 4535749] Scout.Query -> Verify.DriveTo | Go to unverified source
[4 INFO main 4569296] Verify.DriveTo -> Verify.Homing | Homing
[4 INFO main 4579956] Confirming: 2/9
[4 INFO main 4584123] Confirming: 4/9
[4 INFO main 4586333] Confirming: 5/9
[4 INFO main 4588359] Confirming: 6/9
[4 INFO main 4590460] Confirming: 7/9
[4 INFO main 4591483] Verify.Homing -> Scout.Query | Arrived home
[4 INFO main 4592495] Confirming: 8/9
[4 INFO main 4594629] Confirming: 9/9
[4 INFO main 4595224] Scout.Query -> Verify.DriveTo | Go to unverified source
[4 INFO main 4633332] Verify.DriveTo -> Verify.Homing | Homing
[4 INFO main 4638209] Confirming: 1/9
[4 INFO main 4640260] Confirming: 2/9
[4 INFO main 4642312] Confirming: 3/9
[4 INFO main 4644383] Confirming: 4/9
[4 INFO main 4646458] Confirming: 5/9
[4 INFO main 4650705] Confirming: 6/9
[4 INFO main 4652738] Confirming: 8/9
[4 INFO main 4654823] Confirming: 9/9
[4 INFO main 4666073] Verify.Homing -> Scout.Query | Arrived home
[4 INFO main 4666337] Scout.Query -> Verify.DriveTo | Go to unverified source
[4 INFO main 4724029] Verify.DriveTo -> Verify.Homing | Homing
[4 INFO main 4758535] Verify.Homing -> Scout.Query | Arrived home
[4 INFO main 4759693] Confirming: 1/9
[4 INFO main 4761706] Confirming: 3/9
[4 INFO main 4763750] Confirming: 4/9
[4 INFO main 4768176] Confirming: 5/9
[4 INFO main 4770173] Confirming: 7/9
[4 INFO main 4772336] Confirming: 8/9
[4 INFO main 4774512] Confirming: 9/9
[4 INFO main 4774994] Scout.Query -> Verify.DriveTo | Go to unverified source
[4 INFO main 4824527] Verify.DriveTo -> Verify.Homing | Homing
[4 INFO main 4849698] Confirming: 1/9
[4 INFO main 4851721] Confirming: 3/9
[4 INFO main 4853793] Confirming: 4/9
[4 INFO main 4853793] Verify.Homing -> Scout.Query | Arrived home
[4 INFO main 4856073] Confirming: 5/9
[4 INFO main 4858549] Confirming: 6/9
[4 INFO main 4860644] Confirming: 7/9
[4 INFO main 4864753] Confirming: 9/9
[4 INFO main 4865497] Scout.Query -> Verify.DriveTo | Go to unverified source
[4 INFO main 4899313] Verify.DriveTo -> Verify.Homing | Homing
[4 INFO main 4908576] Confirming: 1/9
[4 INFO main 4910675] Confirming: 2/9
[4 INFO main 4912838] Confirming: 3/9
[4 INFO main 4914957] Confirming: 4/9
[4 INFO main 4918969] Confirming: 6/9
[4 INFO main 4923259] Confirming: 8/9
[4 INFO main 4925500] Confirming: 9/9
[4 INFO main 4934316] Verify.Homing -> Scout.Query | Arrived home
[4 INFO main 4934536] Scout.Query -> Verify.DriveTo | Go to unverified source
[4 INFO main 4964339] Verify.DriveTo -> Verify.Homing | Homing
[4 INFO main 4997651] Verify.Homing -> Scout.Query | Arrived home
[4 INFO main 4998740] Confirming: 1/9
[4 INFO main 5001042] Confirming: 2/9
[4 INFO main 5003738] Confirming: 4/9
[4 INFO main 5005844] Confirming: 5/9
[4 INFO main 5007909] Confirming: 6/9
[4 INFO main 5010211] Confirming: 7/9
[4 INFO main 5012363] Confirming: 8/9
[4 INFO main 5014403] Confirming: 9/9
[4 INFO main 5015125] Scout.Query -> Verify.DriveTo | Go to unverified source
[4 INFO main 5046381] Verify.DriveTo -> Verify.Homing | Homing
[4 INFO main 5058837] Confirming: 1/9
[4 INFO main 5061227] Confirming: 2/9
[4 INFO main 5063321] Confirming: 3/9
[4 INFO main 5065405] Confirming: 4/9
[4 INFO main 5067513] Confirming: 5/9
[4 INFO main 5069606] Confirming: 6/9
[4 INFO main 5071792] Confirming: 8/9
[4 INFO main 5073850] Confirming: 9/9
[4 INFO main 5078691] Verify.Homing -> Scout.Query | Arrived home
[4 INFO main 5078926] Scout.Query -> Verify.DriveTo | Go to unverified source
[4 INFO main 5111269] Verify.DriveTo -> Verify.Homing | Homing
[4 INFO main 5118001] Confirming: 1/9
[4 INFO main 5120301] Confirming: 2/9
[4 INFO main 5122457] Confirming: 3/9
[4 INFO main 5124701] Confirming: 4/9
[4 INFO main 5126792] Confirming: 5/9
[4 INFO main 5128805] Confirming: 6/9
[4 INFO main 5130868] Confirming: 7/9
[4 INFO main 5132896] Confirming: 8/9
[4 INFO main 5134942] Confirming: 9/9
[4 INFO main 5138224] Verify.Homing -> Scout.Query | Arrived home
[4 INFO main 5138489] Scout.Query -> Verify.DriveTo | Go to unverified source
[4 INFO main 5165195] Verify.DriveTo -> Verify.Homing | Homing
[4 INFO main 5177796] Confirming: 1/9
[4 INFO main 5181931] Confirming: 3/9
[4 INFO main 5184039] Confirming: 4/9
[4 INFO main 5188522] Confirming: 6/9
[4 INFO main 5190582] Confirming: 7/9
[4 INFO main 5192748] Confirming: 8/9
[4 INFO main 5194890] Confirming: 9/9
[4 INFO main 5232849] Verify.Homing -> Scout.Query | Arrived home
[4 INFO main 5247608] Scout.Query -> Verify.DriveTo | Go to unverified source
[4 INFO main 5286913] Verify.DriveTo -> Verify.Homing | Homing
[4 INFO main 5297895] Confirming: 1/9
[4 INFO main 5300003] Confirming: 2/9
[4 INFO main 5302264] Confirming: 3/9
[4 INFO main 5304328] Confirming: 4/9
[4 INFO main 5306632] Confirming: 5/9
[4 INFO main 5308667] Confirming: 6/9
[4 INFO main 5310711] Confirming: 7/9
[4 INFO main 5312850] Confirming: 8/9
[4 INFO main 5314974] Confirming: 9/9
[4 INFO main 5318899] Verify.Homing -> Scout.Query | Arrived home
[4 INFO main 5319046] Scout.Query -> Verify.DriveTo | Go to unverified source
[4 INFO main 5380670] Verify.DriveTo -> Verify.Homing | Homing
[4 INFO main 5389384] Confirming: 1/9
[4 INFO main 5391648] Confirming: 3/9
[4 INFO main 5393869] Confirming: 4/9
[4 INFO main 5396428] Confirming: 5/9
[4 INFO main 5398504] Confirming: 6/9
[4 INFO main 5400576] Confirming: 7/9
