[3 INFO main 35] Initialising Python Geth Console...
[3 INFO main 39] Initialising RandB board...
[3 INFO main 39] Initialising navigation...
[3 INFO main 39] Initialising random-walk...
[3 INFO main 39] Initialising odometry...
[3 INFO main 39] Initialising ground-sensors...
[3 INFO main 1110] --//-- Starting Experiment --//--
[3 INFO main 2210] Idle.IDLE -> Scout.Query | Duration: 20.99
[3 INFO main 17334] Scout.Query -> Scout.GotoCenter | Drive to others reported pos
[3 INFO main 17432] Scout.GotoCenter -> Scout.Query | return to random walk
[3 INFO main 44871] Scout.Query -> Scout.GotoCenter | Drive to others reported pos
[3 INFO main 46373] Scout.GotoCenter -> Scout.Query | return to random walk
[3 INFO main 48876] Scout.Query -> Scout.GotoCenter | Drive to others reported pos
[3 INFO main 49175] Scout.GotoCenter -> Scout.Query | return to random walk
[3 INFO main 53883] Scout.Query -> Scout.GotoCenter | Drive to others reported pos
[3 INFO main 54181] Scout.GotoCenter -> Scout.Query | return to random walk
[3 INFO main 57888] Scout.Query -> Scout.GotoCenter | Drive to others reported pos
[3 INFO main 58587] Scout.GotoCenter -> Scout.Query | return to random walk
[3 INFO main 72305] Scout.Query -> Scout.GotoCenter | Drive to others reported pos
[3 INFO main 73108] Scout.GotoCenter -> Scout.Query | return to random walk
[3 INFO main 74309] Scout.Query -> Scout.GotoCenter | Drive to others reported pos
[3 INFO main 75111] Scout.GotoCenter -> Scout.Query | return to random walk
[3 INFO main 79314] Scout.Query -> Scout.GotoCenter | Drive to others reported pos
[3 INFO main 79413] Scout.GotoCenter -> Scout.Query | return to random walk
[3 INFO main 86424] Scout.Query -> Scout.GotoCenter | Drive to others reported pos
[3 INFO main 86727] Scout.GotoCenter -> Scout.Query | return to random walk
[3 INFO main 110656] Scout.Query -> Scout.GotoCenter | Drive to others reported pos
[3 INFO main 115962] Scout.GotoCenter -> Scout.Query | return to random walk
[3 INFO main 146901] Scout.Query -> Scout.GotoCenter | Drive to others reported pos
[3 INFO main 150505] Scout.GotoCenter -> Scout.Query | return to random walk
