[4 INFO main 27] Initialising Python Geth Console...
[4 INFO main 33] Initialising RandB board...
[4 INFO main 33] Initialising navigation...
[4 INFO main 33] Initialising random-walk...
[4 INFO main 33] Initialising odometry...
[4 INFO main 33] Initialising ground-sensors...
[4 INFO main 826] --//-- Starting Experiment --//--
[4 INFO main 2247] Idle.IDLE -> Scout.Query | Duration: 30.74
[4 INFO main 19127] Scout.Query -> Verify.DriveTo | Go to unverified source
[4 INFO main 69391] Verify.DriveTo -> Verify.Homing | Homing
[4 INFO main 91135] Verify.Homing -> Scout.Query | Arrived home
[4 INFO main 162813] Confirming: 1/9
[4 INFO main 165084] Confirming: 2/9
[4 INFO main 167407] Confirming: 3/9
[4 INFO main 169567] Confirming: 5/9
[4 INFO main 173760] Confirming: 7/9
[4 INFO main 175769] Confirming: 8/9
[4 INFO main 177732] Confirming: 9/9
[4 INFO main 178185] Scout.Query -> Verify.DriveTo | Go to unverified source
[4 INFO main 207761] Verify.DriveTo -> Verify.Homing | Homing
[4 INFO main 222436] Confirming: 1/9
[4 INFO main 224524] Confirming: 2/9
[4 INFO main 226598] Confirming: 3/9
[4 INFO main 228647] Confirming: 4/9
[4 INFO main 230662] Confirming: 5/9
[4 INFO main 232675] Confirming: 6/9
[4 INFO main 234703] Confirming: 7/9
[4 INFO main 236773] Confirming: 8/9
[4 INFO main 238914] Confirming: 9/9
[4 INFO main 241675] Verify.Homing -> Scout.Query | Arrived home
[4 INFO main 241831] Scout.Query -> Verify.DriveTo | Go to unverified source
[4 INFO main 2889303] Verify.DriveTo -> Verify.Homing | Homing
[4 INFO main 2914885] Confirming: 1/9
[4 INFO main 2916933] Confirming: 2/9
[4 INFO main 2919057] Confirming: 3/9
[4 INFO main 2921123] Confirming: 5/9
[4 INFO main 2925159] Confirming: 6/9
[4 INFO main 2927162] Confirming: 7/9
[4 INFO main 2927290] Verify.Homing -> Scout.Query | Arrived home
[4 INFO main 2929189] Confirming: 9/9
[4 INFO main 2929529] Scout.Query -> Verify.DriveTo | Go to unverified source
[4 INFO main 2955166] Verify.DriveTo -> Verify.Homing | Homing
[4 INFO main 2965657] Confirming: 1/9
[4 INFO main 2966877] Verify.Homing -> Scout.Query | Arrived home
[4 INFO main 2967760] Confirming: 2/9
[4 INFO main 2969993] Confirming: 3/9
[4 INFO main 2972072] Confirming: 5/9
[4 INFO main 2976155] Confirming: 6/9
[4 INFO main 2978219] Confirming: 8/9
[4 INFO main 2980371] Confirming: 9/9
[4 INFO main 2980427] Scout.Query -> Verify.DriveTo | Go to unverified source
[4 INFO main 3026513] Verify.DriveTo -> Verify.Homing | Homing
[4 INFO main 3034835] Confirming: 1/9
[4 INFO main 3036862] Confirming: 2/9
[4 INFO main 3038933] Confirming: 3/9
[4 INFO main 3041001] Confirming: 4/9
[4 INFO main 3043026] Confirming: 5/9
[4 INFO main 3045109] Confirming: 6/9
[4 INFO main 3047178] Confirming: 7/9
[4 INFO main 3049218] Confirming: 8/9
[4 INFO main 3051260] Confirming: 9/9
[4 INFO main 3072664] Verify.Homing -> Scout.Query | Arrived home
[4 INFO main 3072851] Scout.Query -> Verify.DriveTo | Go to unverified source
[4 INFO main 3115535] Verify.DriveTo -> Verify.Homing | Homing
[4 INFO main 3123951] Confirming: 1/9
[4 INFO main 3125948] Confirming: 2/9
[4 INFO main 3128011] Confirming: 3/9
[4 INFO main 3130091] Confirming: 4/9
[4 INFO main 3132490] Confirming: 5/9
[4 INFO main 3134889] Confirming: 6/9
[4 INFO main 3137029] Confirming: 7/9
[4 INFO main 3139287] Confirming: 8/9
[4 INFO main 3141415] Confirming: 9/9
[4 INFO main 3143425] Verify.Homing -> Scout.Query | Arrived home
[4 INFO main 3143578] Scout.Query -> Verify.DriveTo | Go to unverified source
[4 INFO main 3177297] Verify.DriveTo -> Verify.Homing | Homing
[4 INFO main 3185509] Confirming: 1/9
[4 INFO main 3187667] Confirming: 2/9
[4 INFO main 3189697] Confirming: 3/9
[4 INFO main 3191761] Confirming: 4/9
[4 INFO main 3193833] Confirming: 5/9
[4 INFO main 3195865] Confirming: 6/9
[4 INFO main 3197945] Confirming: 7/9
[4 INFO main 3200006] Confirming: 9/9
[4 INFO main 3201983] Verify.Homing -> Scout.Query | Arrived home
[4 INFO main 3202133] Scout.Query -> Verify.DriveTo | Go to unverified source
[4 INFO main 3235049] Verify.DriveTo -> Verify.Homing | Homing
[4 INFO main 3240009] Confirming: 1/9
[4 INFO main 3244369] Confirming: 3/9
[4 INFO main 3246471] Confirming: 4/9
[4 INFO main 3248476] Confirming: 5/9
[4 INFO main 3250486] Confirming: 6/9
[4 INFO main 3252658] Confirming: 7/9
[4 INFO main 3254781] Confirming: 8/9
[4 INFO main 3255647] Verify.Homing -> Scout.Query | Arrived home
[4 INFO main 3256859] Confirming: 9/9
[4 INFO main 3256903] Scout.Query -> Verify.DriveTo | Go to unverified source
[4 INFO main 3311616] Verify.DriveTo -> Verify.Homing | Homing
[4 INFO main 3346954] Verify.Homing -> Scout.Query | Arrived home
[4 INFO main 3347190] Scout.Query -> Verify.DriveTo | Go to unverified source
[4 INFO main 3372202] Verify.DriveTo -> Verify.Homing | Homing
[4 INFO main 3387546] Verify.Homing -> Scout.Query | Arrived home
[4 INFO main 3395396] Confirming: 1/9
[4 INFO main 3397511] Confirming: 2/9
[4 INFO main 3399578] Confirming: 3/9
[4 INFO main 3401619] Confirming: 4/9
[4 INFO main 3403656] Confirming: 5/9
[4 INFO main 3405797] Confirming: 6/9
[4 INFO main 3407881] Confirming: 7/9
[4 INFO main 3409977] Confirming: 9/9
[4 INFO main 3410251] Scout.Query -> Verify.DriveTo | Go to unverified source
[4 INFO main 3447254] Verify.DriveTo -> Verify.Homing | Homing
[4 INFO main 3455795] Confirming: 1/9
[4 INFO main 3458409] Confirming: 3/9
[4 INFO main 3460493] Confirming: 4/9
[4 INFO main 3462404] Confirming: 5/9
[4 INFO main 3466819] Confirming: 7/9
[4 INFO main 3468878] Confirming: 8/9
[4 INFO main 3470958] Confirming: 9/9
[4 INFO main 3476310] Verify.Homing -> Scout.Query | Arrived home
[4 INFO main 3476373] Scout.Query -> Verify.DriveTo | Go to unverified source
[4 INFO main 3515690] Verify.DriveTo -> Verify.Homing | Homing
[4 INFO main 3530710] Verify.Homing -> Scout.Query | Arrived home
[4 INFO main 3544649] Confirming: 1/9
[4 INFO main 3546681] Confirming: 2/9
[4 INFO main 3548770] Confirming: 3/9
[4 INFO main 3550958] Confirming: 4/9
[4 INFO main 3553034] Confirming: 5/9
[4 INFO main 3557372] Confirming: 7/9
[4 INFO main 3559795] Confirming: 8/9
[4 INFO main 3561813] Confirming: 9/9
[4 INFO main 3562121] Scout.Query -> Verify.DriveTo | Go to unverified source
[4 INFO main 3589755] Verify.DriveTo -> Verify.Homing | Homing
[4 INFO main 3595900] Confirming: 1/9
[4 INFO main 3597954] Confirming: 2/9
[4 INFO main 3600033] Confirming: 3/9
[4 INFO main 3602109] Confirming: 4/9
[4 INFO main 3604153] Confirming: 5/9
[4 INFO main 3606269] Confirming: 7/9
[4 INFO main 3608287] Confirming: 8/9
[4 INFO main 3610324] Confirming: 9/9
[4 INFO main 3611375] Verify.Homing -> Scout.Query | Arrived home
[4 INFO main 3611496] Scout.Query -> Verify.DriveTo | Go to unverified source
[4 INFO main 3650574] Verify.DriveTo -> Verify.Homing | Homing
[4 INFO main 3656903] Confirming: 1/9
[4 INFO main 3658980] Confirming: 2/9
[4 INFO main 3660985] Confirming: 3/9
[4 INFO main 3663056] Confirming: 4/9
[4 INFO main 3665110] Confirming: 5/9
[4 INFO main 3667135] Confirming: 6/9
[4 INFO main 3669206] Confirming: 8/9
[4 INFO main 3670177] Verify.Homing -> Scout.Query | Arrived home
[4 INFO main 3673480] Confirming: 10/9
[4 INFO main 3673592] Scout.Query -> Verify.DriveTo | Go to unverified source
[4 INFO main 3702580] Verify.DriveTo -> Verify.Homing | Homing
[4 INFO main 3725536] Verify.Homing -> Scout.Query | Arrived home
[4 INFO main 3727456] Confirming: 2/9
[4 INFO main 3729635] Confirming: 3/9
[4 INFO main 3731690] Confirming: 4/9
[4 INFO main 3733741] Confirming: 5/9
[4 INFO main 3735785] Confirming: 6/9
[4 INFO main 3737864] Confirming: 7/9
[4 INFO main 3739962] Confirming: 8/9
[4 INFO main 3744014] Confirming: 10/9
[4 INFO main 3744267] Scout.Query -> Verify.DriveTo | Go to unverified source
[4 INFO main 3822828] Verify.DriveTo -> Verify.Homing | Homing
[4 INFO main 3847720] Confirming: 1/9
[4 INFO main 3848781] Verify.Homing -> Scout.Query | Arrived home
[4 INFO main 3849811] Confirming: 2/9
[4 INFO main 3851898] Confirming: 3/9
[4 INFO main 3853983] Confirming: 5/9
[4 INFO main 3858075] Confirming: 7/9
[4 INFO main 3862193] Confirming: 9/9
[4 INFO main 3863073] Scout.Query -> Verify.DriveTo | Go to unverified source
[4 INFO main 3907772] Verify.DriveTo -> Verify.Homing | Homing
[4 INFO main 3930569] Confirming: 1/9
[4 INFO main 3931563] Verify.Homing -> Scout.Query | Arrived home
[4 INFO main 3932661] Confirming: 2/9
[4 INFO main 3934693] Confirming: 3/9
[4 INFO main 3936788] Confirming: 4/9
[4 INFO main 3938849] Confirming: 5/9
[4 INFO main 3940920] Confirming: 6/9
[4 INFO main 3942935] Confirming: 7/9
[4 INFO main 3945001] Confirming: 8/9
[4 INFO main 3947071] Confirming: 9/9
[4 INFO main 3947122] Scout.Query -> Verify.DriveTo | Go to unverified source
[4 INFO main 3975030] Verify.DriveTo -> Verify.Homing | Homing
[4 INFO main 3996124] Confirming: 1/9
[4 INFO main 3998217] Confirming: 2/9
[4 INFO main 4000315] Confirming: 3/9
[4 INFO main 4002319] Confirming: 4/9
[4 INFO main 4006327] Confirming: 5/9
[4 INFO main 4007238] Verify.Homing -> Scout.Query | Arrived home
[4 INFO main 4008467] Confirming: 6/9
[4 INFO main 4010565] Confirming: 8/9
[4 INFO main 4012711] Confirming: 9/9
[4 INFO main 4012761] Scout.Query -> Verify.DriveTo | Go to unverified source
[4 INFO main 4057033] Verify.DriveTo -> Verify.Homing | Homing
[4 INFO main 4084029] Verify.Homing -> Scout.Query | Arrived home
[4 INFO main 4117415] Confirming: 1/9
[4 INFO main 4119498] Confirming: 2/9
[4 INFO main 4121556] Confirming: 3/9
[4 INFO main 4123726] Confirming: 4/9
[4 INFO main 4125766] Confirming: 5/9
[4 INFO main 4127895] Confirming: 6/9
[4 INFO main 4129986] Confirming: 8/9
[4 INFO main 4131997] Confirming: 9/9
[4 INFO main 4132627] Scout.Query -> Verify.DriveTo | Go to unverified source
[4 INFO main 4181429] Verify.DriveTo -> Verify.Homing | Homing
[4 INFO main 4193244] Verify.Homing -> Scout.Query | Arrived home
[4 INFO main 4204596] Confirming: 2/9
[4 INFO main 4206729] Confirming: 3/9
[4 INFO main 4208785] Confirming: 4/9
[4 INFO main 4210784] Confirming: 5/9
[4 INFO main 4214956] Confirming: 7/9
[4 INFO main 4217056] Confirming: 8/9
[4 INFO main 4219143] Confirming: 9/9
[4 INFO main 4219918] Scout.Query -> Verify.DriveTo | Go to unverified source
[4 INFO main 4231619] Verify.DriveTo -> Verify.Homing | Homing
[4 INFO main 4242486] Verify.Homing -> Scout.Query | Arrived home
[4 INFO main 4268741] Confirming: 2/9
[4 INFO main 4270837] Confirming: 3/9
[4 INFO main 4272895] Confirming: 4/9
[4 INFO main 4275012] Confirming: 5/9
[4 INFO main 4279081] Confirming: 7/9
[4 INFO main 4281175] Confirming: 8/9
[4 INFO main 4283230] Confirming: 9/9
[4 INFO main 4283280] Scout.Query -> Verify.DriveTo | Go to unverified source
[4 INFO main 4344071] Verify.DriveTo -> Verify.Homing | Homing
[4 INFO main 4366615] Verify.Homing -> Scout.Query | Arrived home
[4 INFO main 4387963] Confirming: 1/9
[4 INFO main 4390007] Confirming: 2/9
[4 INFO main 4392143] Confirming: 3/9
[4 INFO main 4394433] Confirming: 4/9
[4 INFO main 4396445] Confirming: 5/9
[4 INFO main 4398389] Confirming: 6/9
[4 INFO main 4400557] Confirming: 8/9
[4 INFO main 4402595] Confirming: 9/9
[4 INFO main 4403123] Scout.Query -> Verify.DriveTo | Go to unverified source
[4 INFO main 4494318] Verify.DriveTo -> Verify.Homing | Homing
[4 INFO main 4506942] Confirming: 1/9
[4 INFO main 4509033] Confirming: 2/9
[4 INFO main 4511126] Confirming: 3/9
[4 INFO main 4513173] Confirming: 4/9
[4 INFO main 4515383] Confirming: 5/9
[4 INFO main 4517439] Confirming: 6/9
[4 INFO main 4519438] Confirming: 7/9
[4 INFO main 4521445] Confirming: 8/9
[4 INFO main 4523457] Confirming: 9/9
[4 INFO main 4527418] Verify.Homing -> Scout.Query | Arrived home
[4 INFO main 4527573] Scout.Query -> Verify.DriveTo | Go to unverified source
[4 INFO main 4571252] Verify.DriveTo -> Verify.Homing | Homing
[4 INFO main 4596139] Confirming: 1/9
[4 INFO main 4600207] Confirming: 3/9
[4 INFO main 4604306] Confirming: 5/9
[4 INFO main 4605841] Verify.Homing -> Scout.Query | Arrived home
[4 INFO main 4606392] Confirming: 6/9
[4 INFO main 4608435] Confirming: 7/9
[4 INFO main 4610511] Confirming: 8/9
[4 INFO main 4612524] Confirming: 9/9
[4 INFO main 4613438] Scout.Query -> Verify.DriveTo | Go to unverified source
[4 INFO main 4674968] Verify.DriveTo -> Verify.Homing | Homing
[4 INFO main 4687513] Confirming: 1/9
[4 INFO main 4689566] Confirming: 2/9
[4 INFO main 4690745] Verify.Homing -> Scout.Query | Arrived home
[4 INFO main 4691635] Confirming: 3/9
[4 INFO main 4693746] Confirming: 4/9
[4 INFO main 4695800] Confirming: 5/9
[4 INFO main 4697887] Confirming: 6/9
[4 INFO main 4699882] Confirming: 7/9
[4 INFO main 4702044] Confirming: 9/9
[4 INFO main 4702338] Scout.Query -> Verify.DriveTo | Go to unverified source
[4 INFO main 4730753] Verify.DriveTo -> Verify.Homing | Homing
[4 INFO main 4747359] Confirming: 1/9
[4 INFO main 4749399] Confirming: 2/9
[4 INFO main 4755596] Confirming: 5/9
[4 INFO main 4765924] Confirming: 10/9
[4 INFO main 4772852] Verify.Homing -> Scout.Query | Arrived home
[4 INFO main 4773011] Scout.Query -> Verify.DriveTo | Go to unverified source
[4 INFO main 4816198] Verify.DriveTo -> Verify.Homing | Homing
[4 INFO main 4836822] Confirming: 1/9
[4 INFO main 4836823] Verify.Homing -> Scout.Query | Arrived home
[4 INFO main 4841047] Confirming: 3/9
[4 INFO main 4843161] Confirming: 4/9
[4 INFO main 4845225] Confirming: 5/9
[4 INFO main 4847238] Confirming: 6/9
[4 INFO main 4849311] Confirming: 7/9
[4 INFO main 4851383] Confirming: 8/9
[4 INFO main 4853453] Confirming: 9/9
[4 INFO main 4853638] Scout.Query -> Verify.DriveTo | Go to unverified source
[4 INFO main 4886749] Verify.DriveTo -> Verify.Homing | Homing
[4 INFO main 4897810] Confirming: 1/9
[4 INFO main 4899888] Confirming: 2/9
[4 INFO main 4901941] Confirming: 3/9
[4 INFO main 4902996] Verify.Homing -> Scout.Query | Arrived home
[4 INFO main 4904008] Confirming: 4/9
[4 INFO main 4906092] Confirming: 6/9
[4 INFO main 4910205] Confirming: 7/9
[4 INFO main 4912221] Confirming: 9/9
[4 INFO main 4913261] Scout.Query -> Verify.DriveTo | Go to unverified source
[4 INFO main 4944680] Verify.DriveTo -> Verify.Homing | Homing
[4 INFO main 4957088] Confirming: 1/9
[4 INFO main 4959166] Confirming: 2/9
[4 INFO main 4961190] Confirming: 3/9
[4 INFO main 4963246] Confirming: 4/9
[4 INFO main 4965334] Confirming: 5/9
[4 INFO main 4967420] Confirming: 6/9
[4 INFO main 4969432] Confirming: 7/9
[4 INFO main 4971514] Confirming: 8/9
[4 INFO main 4973604] Confirming: 9/9
[4 INFO main 4974072] Verify.Homing -> Scout.Query | Arrived home
[4 INFO main 4974218] Scout.Query -> Verify.DriveTo | Go to unverified source
[4 INFO main 5010384] Verify.DriveTo -> Verify.Homing | Homing
[4 INFO main 5016614] Confirming: 1/9
[4 INFO main 5018711] Confirming: 2/9
[4 INFO main 5020759] Confirming: 3/9
[4 INFO main 5022812] Confirming: 4/9
[4 INFO main 5024880] Confirming: 5/9
[4 INFO main 5026939] Confirming: 6/9
[4 INFO main 5028966] Confirming: 7/9
[4 INFO main 5031184] Confirming: 8/9
[4 INFO main 5032611] Verify.Homing -> Scout.Query | Arrived home
[4 INFO main 5033277] Confirming: 9/9
[4 INFO main 5034099] Scout.Query -> Verify.DriveTo | Go to unverified source
[4 INFO main 5074276] Verify.DriveTo -> Verify.Homing | Homing
[4 INFO main 5107569] Confirming: 1/9
[4 INFO main 5109652] Confirming: 2/9
[4 INFO main 5111719] Confirming: 3/9
[4 INFO main 5112521] Verify.Homing -> Scout.Query | Arrived home
[4 INFO main 5113722] Confirming: 4/9
[4 INFO main 5115854] Confirming: 5/9
[4 INFO main 5117889] Confirming: 6/9
[4 INFO main 5119943] Confirming: 8/9
[4 INFO main 5124141] Confirming: 9/9
[4 INFO main 5124396] Scout.Query -> Verify.DriveTo | Go to unverified source
[4 INFO main 5166332] Verify.DriveTo -> Verify.Homing | Homing
[4 INFO main 5183240] Confirming: 1/9
[4 INFO main 5185311] Confirming: 2/9
[4 INFO main 5187321] Confirming: 3/9
[4 INFO main 5189340] Confirming: 4/9
[4 INFO main 5191452] Confirming: 5/9
[4 INFO main 5192964] Verify.Homing -> Scout.Query | Arrived home
[4 INFO main 5193549] Confirming: 6/9
[4 INFO main 5195637] Confirming: 7/9
[4 INFO main 5197685] Confirming: 8/9
[4 INFO main 5199705] Confirming: 9/9
[4 INFO main 5200117] Scout.Query -> Verify.DriveTo | Go to unverified source
[4 INFO main 5388944] Verify.DriveTo -> Verify.Homing | Homing
[4 INFO main 5393453] Confirming: 1/9
[4 INFO main 5395565] Confirming: 2/9
[4 INFO main 5397925] Confirming: 3/9
[4 INFO main 5399942] Confirming: 4/9
