[13 INFO main 69] Initialising Python Geth Console...
[13 INFO main 74] Initialising RandB board...
[13 INFO main 74] Initialising navigation...
[13 INFO main 75] Initialising random-walk...
[13 INFO main 75] Initialising odometry...
[13 INFO main 75] Initialising ground-sensors...
[13 INFO main 243] --//-- Starting Experiment --//--
[13 INFO main 1354] Idle.IDLE -> Scout.Query | Duration: 22.21
[13 INFO main 41037] Scout.Query -> Scout.GotoCenter | Drive to others reported pos
[13 INFO main 84415] Scout.GotoCenter -> Scout.Query | return to random walk
[13 INFO main 125618] Scout.Query -> Scout.GotoCenter | Drive to others reported pos
[13 INFO main 182869] Scout.GotoCenter -> Scout.Query | return to random walk
[13 INFO main 213423] Scout.Query -> Scout.GotoCenter | Drive to others reported pos
[13 INFO main 240770] Scout.GotoCenter -> Scout.Query | return to random walk
[13 INFO main 281617] Scout.Query -> Scout.GotoCenter | Drive to others reported pos
[13 INFO main 333200] Scout.GotoCenter -> Scout.Query | return to random walk
[13 INFO main 394256] Scout.Query -> Scout.GotoCenter | Drive to others reported pos
[13 INFO main 469220] Scout.GotoCenter -> Scout.Query | return to random walk
[13 INFO main 1125793] Scout.Query -> Scout.GotoCenter | Drive to others reported pos
[13 INFO main 1140536] Scout.GotoCenter -> Scout.Query | return to random walk
