[2 INFO main 29] Initialising Python Geth Console...
[2 INFO main 33] Initialising RandB board...
[2 INFO main 33] Initialising navigation...
[2 INFO main 33] Initialising random-walk...
[2 INFO main 33] Initialising odometry...
[2 INFO main 33] Initialising ground-sensors...
[2 INFO main 1424] --//-- Starting Experiment --//--
[2 INFO main 2528] Idle.IDLE -> Scout.Query | Duration: 23.09
[2 INFO main 48091] Confirming: 2/8
[2 INFO main 50175] Confirming: 3/8
[2 INFO main 52183] Confirming: 4/8
[2 INFO main 54223] Confirming: 5/8
[2 INFO main 56235] Confirming: 6/8
[2 INFO main 58256] Confirming: 7/8
[2 INFO main 60339] Confirming: 8/8
[2 INFO main 62057] Scout.Query -> Scout.GotoCenter | Drive to others reported pos
[2 INFO main 85207] Scout.GotoCenter -> Scout.Query | return to random walk
[2 INFO main 109830] Confirming: 1/8
[2 INFO main 111898] Confirming: 2/8
[2 INFO main 113924] Confirming: 3/8
[2 INFO main 115961] Confirming: 4/8
[2 INFO main 118011] Confirming: 5/8
[2 INFO main 120073] Confirming: 7/8
[2 INFO main 122179] Confirming: 8/8
[2 INFO main 125775] Scout.Query -> Scout.GotoCenter | Drive to others reported pos
[2 INFO main 182493] Scout.GotoCenter -> Scout.Query | return to random walk
[2 INFO main 198866] Confirming: 1/8
[2 INFO main 200967] Confirming: 2/8
[2 INFO main 202986] Confirming: 3/8
[2 INFO main 205050] Confirming: 4/8
[2 INFO main 207147] Confirming: 5/8
[2 INFO main 209163] Confirming: 6/8
[2 INFO main 211163] Confirming: 7/8
[2 INFO main 213187] Confirming: 8/8
[2 INFO main 431448] Scout.Query -> Scout.GotoCenter | Drive to others reported pos
[2 INFO main 454152] Scout.GotoCenter -> Scout.Query | return to random walk
[2 INFO main 460515] Confirming: 1/8
[2 INFO main 462482] Confirming: 2/8
[2 INFO main 464550] Confirming: 3/8
[2 INFO main 466579] Confirming: 4/8
[2 INFO main 468630] Confirming: 5/8
[2 INFO main 470675] Confirming: 6/8
[2 INFO main 472731] Confirming: 7/8
[2 INFO main 474747] Confirming: 8/8
[2 INFO main 479664] Scout.Query -> Scout.GotoCenter | Drive to others reported pos
[2 INFO main 507056] Scout.GotoCenter -> Scout.Query | return to random walk
[2 INFO main 519401] Confirming: 1/8
[2 INFO main 521466] Confirming: 2/8
[2 INFO main 523565] Confirming: 3/8
[2 INFO main 525631] Confirming: 4/8
[2 INFO main 527691] Confirming: 5/8
[2 INFO main 529719] Confirming: 6/8
[2 INFO main 531757] Confirming: 7/8
[2 INFO main 533859] Confirming: 8/8
[2 INFO main 739596] Scout.Query -> Scout.GotoCenter | Drive to others reported pos
[2 INFO main 754283] Scout.GotoCenter -> Scout.Query | return to random walk
[2 INFO main 760475] Confirming: 1/8
[2 INFO main 762535] Confirming: 2/8
[2 INFO main 764594] Confirming: 3/8
[2 INFO main 768739] Confirming: 5/8
[2 INFO main 770718] Confirming: 6/8
[2 INFO main 772896] Confirming: 7/8
[2 INFO main 774943] Confirming: 8/8
[2 INFO main 779552] Scout.Query -> Scout.GotoCenter | Drive to others reported pos
[2 INFO main 830026] Scout.GotoCenter -> Scout.Query | return to random walk
[2 INFO main 840418] Confirming: 1/8
[2 INFO main 842515] Confirming: 2/8
[2 INFO main 844540] Confirming: 4/8
[2 INFO main 846583] Confirming: 5/8
[2 INFO main 848666] Confirming: 6/8
[2 INFO main 852735] Confirming: 8/8
[2 INFO main 1097837] Scout.Query -> Scout.GotoCenter | Drive to others reported pos
[2 INFO main 1141762] Scout.GotoCenter -> Scout.Query | return to random walk
[2 INFO main 1158187] Confirming: 1/8
[2 INFO main 1160259] Confirming: 2/8
[2 INFO main 1164259] Confirming: 4/8
[2 INFO main 1166295] Confirming: 5/8
[2 INFO main 1170431] Confirming: 7/8
[2 INFO main 1172459] Confirming: 8/8
[2 INFO main 1303234] Scout.Query -> Scout.GotoCenter | Drive to others reported pos
[2 INFO main 1311164] Scout.GotoCenter -> Scout.Query | return to random walk
[2 INFO main 1338067] Confirming: 1/8
[2 INFO main 1340171] Confirming: 2/8
[2 INFO main 1342182] Confirming: 3/8
[2 INFO main 1344211] Confirming: 4/8
[2 INFO main 1346247] Confirming: 5/8
[2 INFO main 1348328] Confirming: 6/8
[2 INFO main 1350357] Confirming: 7/8
[2 INFO main 1352379] Confirming: 8/8
[2 INFO main 1483320] Scout.Query -> Scout.GotoCenter | Drive to others reported pos
[2 INFO main 1505402] Scout.GotoCenter -> Scout.Query | return to random walk
[2 INFO main 1536006] Confirming: 1/8
[2 INFO main 1538030] Confirming: 2/8
[2 INFO main 1540078] Confirming: 4/8
[2 INFO main 1542132] Confirming: 5/8
[2 INFO main 1546283] Confirming: 7/8
[2 INFO main 1548368] Confirming: 8/8
[2 INFO main 1551036] Scout.Query -> Scout.GotoCenter | Drive to others reported pos
[2 INFO main 1597356] Scout.GotoCenter -> Scout.Query | return to random walk
[2 INFO main 1626128] Confirming: 2/8
[2 INFO main 1628227] Confirming: 3/8
[2 INFO main 1632366] Confirming: 4/8
[2 INFO main 1634439] Confirming: 6/8
[2 INFO main 1636511] Confirming: 7/8
[2 INFO main 1638558] Confirming: 8/8
[2 INFO main 1643184] Scout.Query -> Scout.GotoCenter | Drive to others reported pos
[2 INFO main 1647747] Scout.GotoCenter -> Scout.Query | return to random walk
[2 INFO main 1678723] Confirming: 1/8
[2 INFO main 1680827] Confirming: 2/8
[2 INFO main 1685171] Confirming: 4/8
[2 INFO main 1687183] Confirming: 5/8
[2 INFO main 1691308] Confirming: 7/8
[2 INFO main 1693347] Confirming: 8/8
[2 INFO main 2076988] Scout.Query -> Scout.GotoCenter | Drive to others reported pos
[2 INFO main 2088952] Scout.GotoCenter -> Scout.Query | return to random walk
[2 INFO main 2121879] Confirming: 1/8
[2 INFO main 2123919] Confirming: 2/8
[2 INFO main 2125877] Confirming: 3/8
[2 INFO main 2127979] Confirming: 4/8
[2 INFO main 2130058] Confirming: 6/8
[2 INFO main 2132091] Confirming: 7/8
[2 INFO main 2134115] Confirming: 8/8
[2 INFO main 2134730] Scout.Query -> Scout.GotoCenter | Drive to others reported pos
[2 INFO main 2163411] Scout.GotoCenter -> Scout.Query | return to random walk
[2 INFO main 2182044] Confirming: 2/8
[2 INFO main 2186192] Confirming: 4/8
[2 INFO main 2188271] Confirming: 5/8
[2 INFO main 2190314] Confirming: 6/8
[2 INFO main 2192404] Confirming: 7/8
[2 INFO main 2194478] Confirming: 8/8
[2 INFO main 2549869] Scout.Query -> Scout.GotoCenter | Drive to others reported pos
[2 INFO main 2569924] Scout.GotoCenter -> Scout.Query | return to random walk
[2 INFO main 2580343] Confirming: 1/8
[2 INFO main 2582407] Confirming: 2/8
[2 INFO main 2584459] Confirming: 3/8
[2 INFO main 2586543] Confirming: 4/8
[2 INFO main 2588647] Confirming: 5/8
[2 INFO main 2590702] Confirming: 6/8
[2 INFO main 2592756] Confirming: 7/8
[2 INFO main 2594791] Confirming: 8/8
[2 INFO main 2777286] Scout.Query -> Scout.GotoCenter | Drive to others reported pos
[2 INFO main 2800553] Scout.GotoCenter -> Scout.Query | return to random walk
[2 INFO main 2823119] Confirming: 1/8
[2 INFO main 2825191] Confirming: 2/8
[2 INFO main 2827159] Confirming: 3/8
[2 INFO main 2829331] Confirming: 4/8
[2 INFO main 2831427] Confirming: 5/8
[2 INFO main 2833499] Confirming: 6/8
[2 INFO main 2835522] Confirming: 7/8
[2 INFO main 2837527] Confirming: 8/8
[2 INFO main 2918400] Scout.Query -> Scout.GotoCenter | Drive to others reported pos
[2 INFO main 2927554] Scout.GotoCenter -> Scout.Query | return to random walk
[2 INFO main 2942143] Confirming: 1/8
[2 INFO main 2944155] Confirming: 2/8
[2 INFO main 2946231] Confirming: 3/8
[2 INFO main 2948256] Confirming: 4/8
[2 INFO main 2950331] Confirming: 5/8
[2 INFO main 2952371] Confirming: 6/8
[2 INFO main 2954531] Confirming: 7/8
[2 INFO main 2956750] Confirming: 8/8
[2 INFO main 2958829] Scout.Query -> Scout.GotoCenter | Drive to others reported pos
[2 INFO main 2981336] Scout.GotoCenter -> Scout.Query | return to random walk
[2 INFO main 3003051] Confirming: 1/8
[2 INFO main 3005115] Confirming: 2/8
[2 INFO main 3007123] Confirming: 3/8
[2 INFO main 3009339] Confirming: 4/8
[2 INFO main 3011399] Confirming: 5/8
[2 INFO main 3013885] Confirming: 6/8
[2 INFO main 3016142] Confirming: 8/8
[2 INFO main 3017013] Scout.Query -> Scout.GotoCenter | Drive to others reported pos
[2 INFO main 3036441] Scout.GotoCenter -> Scout.Query | return to random walk
[2 INFO main 3063415] Confirming: 1/8
[2 INFO main 3065432] Confirming: 2/8
[2 INFO main 3067455] Confirming: 3/8
[2 INFO main 3069675] Confirming: 4/8
[2 INFO main 3071791] Confirming: 5/8
[2 INFO main 3073807] Confirming: 6/8
[2 INFO main 3076175] Confirming: 8/8
[2 INFO main 3077836] Scout.Query -> Scout.GotoCenter | Drive to others reported pos
[2 INFO main 3110779] Scout.GotoCenter -> Scout.Query | return to random walk
[2 INFO main 3123739] Confirming: 1/8
[2 INFO main 3125787] Confirming: 2/8
[2 INFO main 3127880] Confirming: 3/8
[2 INFO main 3130235] Confirming: 5/8
[2 INFO main 3132938] Confirming: 6/8
[2 INFO main 3135306] Confirming: 7/8
[2 INFO main 3137994] Confirming: 8/8
[2 INFO main 3141834] Scout.Query -> Scout.GotoCenter | Drive to others reported pos
[2 INFO main 3163471] Scout.GotoCenter -> Scout.Query | return to random walk
[2 INFO main 3184074] Confirming: 2/8
[2 INFO main 3186316] Confirming: 3/8
[2 INFO main 3189122] Confirming: 4/8
[2 INFO main 3191393] Confirming: 5/8
[2 INFO main 3194186] Confirming: 6/8
[2 INFO main 3196502] Confirming: 8/8
[2 INFO main 3661943] Confirming: 1/8
[2 INFO main 3666047] Confirming: 3/8
[2 INFO main 3668044] Confirming: 4/8
[2 INFO main 3670095] Confirming: 5/8
[2 INFO main 3672119] Confirming: 6/8
[2 INFO main 3674163] Confirming: 7/8
[2 INFO main 3676190] Confirming: 8/8
[2 INFO main 3916296] Scout.Query -> Scout.GotoCenter | Drive to others reported pos
[2 INFO main 3928399] Scout.GotoCenter -> Scout.Query | return to random walk
[2 INFO main 3946748] Confirming: 1/8
[2 INFO main 3948826] Confirming: 2/8
[2 INFO main 3950829] Confirming: 3/8
[2 INFO main 3952887] Confirming: 4/8
[2 INFO main 3957005] Confirming: 6/8
[2 INFO main 3959071] Confirming: 7/8
[2 INFO main 3961105] Confirming: 8/8
[2 INFO main 4308495] Scout.Query -> Scout.GotoCenter | Drive to others reported pos
