[8 INFO main 30] Initialising Python Geth Console...
[8 INFO main 34] Initialising RandB board...
[8 INFO main 34] Initialising navigation...
[8 INFO main 34] Initialising random-walk...
[8 INFO main 34] Initialising odometry...
[8 INFO main 34] Initialising ground-sensors...
[8 INFO main 440] --//-- Starting Experiment --//--
[8 INFO main 1539] Idle.IDLE -> Scout.Query | Duration: 19.96
[8 INFO main 12960] Scout.Query -> Scout.GotoCenter | Drive to others reported pos
[8 INFO main 13361] Scout.GotoCenter -> Scout.Query | return to random walk
[8 INFO main 14062] Scout.Query -> Scout.GotoCenter | Drive to others reported pos
[8 INFO main 15459] Scout.GotoCenter -> Scout.Query | return to random walk
[8 INFO main 16164] Scout.Query -> Scout.GotoCenter | Drive to others reported pos
[8 INFO main 16961] Scout.GotoCenter -> Scout.Query | return to random walk
[8 INFO main 17167] Scout.Query -> Scout.GotoCenter | Drive to others reported pos
[8 INFO main 17663] Scout.GotoCenter -> Scout.Query | return to random walk
[8 INFO main 18268] Scout.Query -> Scout.GotoCenter | Drive to others reported pos
[8 INFO main 18362] Scout.GotoCenter -> Scout.Query | return to random walk
[8 INFO main 19269] Scout.Query -> Scout.GotoCenter | Drive to others reported pos
[8 INFO main 19563] Scout.GotoCenter -> Scout.Query | return to random walk
[8 INFO main 20369] Scout.Query -> Scout.GotoCenter | Drive to others reported pos
[8 INFO main 21468] Scout.GotoCenter -> Scout.Query | return to random walk
[8 INFO main 22470] Scout.Query -> Scout.GotoCenter | Drive to others reported pos
[8 INFO main 23874] Scout.GotoCenter -> Scout.Query | return to random walk
[8 INFO main 24473] Scout.Query -> Scout.GotoCenter | Drive to others reported pos
[8 INFO main 25070] Scout.GotoCenter -> Scout.Query | return to random walk
[8 INFO main 25479] Scout.Query -> Scout.GotoCenter | Drive to others reported pos
[8 INFO main 25872] Scout.GotoCenter -> Scout.Query | return to random walk
[8 INFO main 26480] Scout.Query -> Scout.GotoCenter | Drive to others reported pos
[8 INFO main 27273] Scout.GotoCenter -> Scout.Query | return to random walk
[8 INFO main 27576] Scout.Query -> Scout.GotoCenter | Drive to others reported pos
[8 INFO main 28475] Scout.GotoCenter -> Scout.Query | return to random walk
[8 INFO main 28581] Scout.Query -> Scout.GotoCenter | Drive to others reported pos
[8 INFO main 28675] Scout.GotoCenter -> Scout.Query | return to random walk
[8 INFO main 29584] Scout.Query -> Scout.GotoCenter | Drive to others reported pos
[8 INFO main 29879] Scout.GotoCenter -> Scout.Query | return to random walk
[8 INFO main 30586] Scout.Query -> Scout.GotoCenter | Drive to others reported pos
[8 INFO main 33481] Scout.GotoCenter -> Scout.Query | return to random walk
[8 INFO main 33788] Scout.Query -> Scout.GotoCenter | Drive to others reported pos
[8 INFO main 33982] Scout.GotoCenter -> Scout.Query | return to random walk
[8 INFO main 34790] Scout.Query -> Scout.GotoCenter | Drive to others reported pos
[8 INFO main 35291] Scout.GotoCenter -> Scout.Query | return to random walk
[8 INFO main 35792] Scout.Query -> Scout.GotoCenter | Drive to others reported pos
[8 INFO main 36386] Scout.GotoCenter -> Scout.Query | return to random walk
[8 INFO main 36793] Scout.Query -> Scout.GotoCenter | Drive to others reported pos
[8 INFO main 36987] Scout.GotoCenter -> Scout.Query | return to random walk
[8 INFO main 37795] Scout.Query -> Scout.GotoCenter | Drive to others reported pos
[8 INFO main 38588] Scout.GotoCenter -> Scout.Query | return to random walk
[8 INFO main 38796] Scout.Query -> Scout.GotoCenter | Drive to others reported pos
[8 INFO main 39689] Scout.GotoCenter -> Scout.Query | return to random walk
[8 INFO main 39797] Scout.Query -> Scout.GotoCenter | Drive to others reported pos
[8 INFO main 40591] Scout.GotoCenter -> Scout.Query | return to random walk
[8 INFO main 40798] Scout.Query -> Scout.GotoCenter | Drive to others reported pos
[8 INFO main 43195] Scout.GotoCenter -> Scout.Query | return to random walk
[8 INFO main 43899] Scout.Query -> Scout.GotoCenter | Drive to others reported pos
[8 INFO main 44299] Scout.GotoCenter -> Scout.Query | return to random walk
[8 INFO main 45001] Scout.Query -> Scout.GotoCenter | Drive to others reported pos
[8 INFO main 45699] Scout.GotoCenter -> Scout.Query | return to random walk
[8 INFO main 46101] Scout.Query -> Scout.GotoCenter | Drive to others reported pos
[8 INFO main 47093] Scout.GotoCenter -> Scout.Query | return to random walk
[8 INFO main 47203] Scout.Query -> Scout.GotoCenter | Drive to others reported pos
[8 INFO main 48800] Scout.GotoCenter -> Scout.Query | return to random walk
[8 INFO main 49300] Scout.Query -> Scout.GotoCenter | Drive to others reported pos
[8 INFO main 51205] Scout.GotoCenter -> Scout.Query | return to random walk
[8 INFO main 51303] Scout.Query -> Scout.GotoCenter | Drive to others reported pos
[8 INFO main 51704] Scout.GotoCenter -> Scout.Query | return to random walk
[8 INFO main 52303] Scout.Query -> Scout.GotoCenter | Drive to others reported pos
[8 INFO main 52806] Scout.GotoCenter -> Scout.Query | return to random walk
[8 INFO main 53305] Scout.Query -> Scout.GotoCenter | Drive to others reported pos
[8 INFO main 53510] Scout.GotoCenter -> Scout.Query | return to random walk
[8 INFO main 54311] Scout.Query -> Scout.GotoCenter | Drive to others reported pos
[8 INFO main 55811] Scout.GotoCenter -> Scout.Query | return to random walk
[8 INFO main 56511] Scout.Query -> Scout.GotoCenter | Drive to others reported pos
[8 INFO main 57515] Scout.GotoCenter -> Scout.Query | return to random walk
[8 INFO main 58516] Scout.Query -> Scout.GotoCenter | Drive to others reported pos
[8 INFO main 59016] Scout.GotoCenter -> Scout.Query | return to random walk
[8 INFO main 59517] Scout.Query -> Scout.GotoCenter | Drive to others reported pos
[8 INFO main 59614] Scout.GotoCenter -> Scout.Query | return to random walk
[8 INFO main 60518] Scout.Query -> Scout.GotoCenter | Drive to others reported pos
[8 INFO main 60617] Scout.GotoCenter -> Scout.Query | return to random walk
[8 INFO main 61523] Scout.Query -> Scout.GotoCenter | Drive to others reported pos
[8 INFO main 61917] Scout.GotoCenter -> Scout.Query | return to random walk
[8 INFO main 62523] Scout.Query -> Scout.GotoCenter | Drive to others reported pos
[8 INFO main 63420] Scout.GotoCenter -> Scout.Query | return to random walk
[8 INFO main 63524] Scout.Query -> Scout.GotoCenter | Drive to others reported pos
[8 INFO main 63819] Scout.GotoCenter -> Scout.Query | return to random walk
[8 INFO main 64526] Scout.Query -> Scout.GotoCenter | Drive to others reported pos
[8 INFO main 67825] Scout.GotoCenter -> Scout.Query | return to random walk
[8 INFO main 68628] Scout.Query -> Scout.GotoCenter | Drive to others reported pos
[8 INFO main 70530] Scout.GotoCenter -> Scout.Query | return to random walk
[8 INFO main 70734] Scout.Query -> Scout.GotoCenter | Drive to others reported pos
[8 INFO main 71631] Scout.GotoCenter -> Scout.Query | return to random walk
[8 INFO main 71835] Scout.Query -> Scout.GotoCenter | Drive to others reported pos
[8 INFO main 72932] Scout.GotoCenter -> Scout.Query | return to random walk
[8 INFO main 73936] Scout.Query -> Scout.GotoCenter | Drive to others reported pos
[8 INFO main 74035] Scout.GotoCenter -> Scout.Query | return to random walk
[8 INFO main 75041] Scout.Query -> Scout.GotoCenter | Drive to others reported pos
[8 INFO main 76736] Scout.GotoCenter -> Scout.Query | return to random walk
[8 INFO main 77132] Scout.Query -> Scout.GotoCenter | Drive to others reported pos
[8 INFO main 77236] Scout.GotoCenter -> Scout.Query | return to random walk
[8 INFO main 78138] Scout.Query -> Scout.GotoCenter | Drive to others reported pos
[8 INFO main 78842] Scout.GotoCenter -> Scout.Query | return to random walk
[8 INFO main 79145] Scout.Query -> Scout.GotoCenter | Drive to others reported pos
[8 INFO main 80235] Scout.GotoCenter -> Scout.Query | return to random walk
[8 INFO main 81242] Scout.Query -> Scout.GotoCenter | Drive to others reported pos
[8 INFO main 81346] Scout.GotoCenter -> Scout.Query | return to random walk
[8 INFO main 82243] Scout.Query -> Scout.GotoCenter | Drive to others reported pos
[8 INFO main 82646] Scout.GotoCenter -> Scout.Query | return to random walk
[8 INFO main 83245] Scout.Query -> Scout.GotoCenter | Drive to others reported pos
[8 INFO main 84345] Scout.GotoCenter -> Scout.Query | return to random walk
[8 INFO main 85247] Scout.Query -> Scout.GotoCenter | Drive to others reported pos
[8 INFO main 87344] Scout.GotoCenter -> Scout.Query | return to random walk
[8 INFO main 88357] Scout.Query -> Scout.GotoCenter | Drive to others reported pos
[8 INFO main 88651] Scout.GotoCenter -> Scout.Query | return to random walk
[8 INFO main 89360] Scout.Query -> Scout.GotoCenter | Drive to others reported pos
[8 INFO main 89551] Scout.GotoCenter -> Scout.Query | return to random walk
[8 INFO main 90447] Scout.Query -> Scout.GotoCenter | Drive to others reported pos
[8 INFO main 90855] Scout.GotoCenter -> Scout.Query | return to random walk
[8 INFO main 91454] Scout.Query -> Scout.GotoCenter | Drive to others reported pos
[8 INFO main 92756] Scout.GotoCenter -> Scout.Query | return to random walk
[8 INFO main 93457] Scout.Query -> Scout.GotoCenter | Drive to others reported pos
[8 INFO main 95157] Scout.GotoCenter -> Scout.Query | return to random walk
[8 INFO main 95460] Scout.Query -> Scout.GotoCenter | Drive to others reported pos
[8 INFO main 96059] Scout.GotoCenter -> Scout.Query | return to random walk
[8 INFO main 96463] Scout.Query -> Scout.GotoCenter | Drive to others reported pos
[8 INFO main 96559] Scout.GotoCenter -> Scout.Query | return to random walk
[8 INFO main 97464] Scout.Query -> Scout.GotoCenter | Drive to others reported pos
[8 INFO main 97861] Scout.GotoCenter -> Scout.Query | return to random walk
[8 INFO main 98467] Scout.Query -> Scout.GotoCenter | Drive to others reported pos
[8 INFO main 99065] Scout.GotoCenter -> Scout.Query | return to random walk
[8 INFO main 99467] Scout.Query -> Scout.GotoCenter | Drive to others reported pos
[8 INFO main 100165] Scout.GotoCenter -> Scout.Query | return to random walk
[8 INFO main 100469] Scout.Query -> Scout.GotoCenter | Drive to others reported pos
[8 INFO main 100667] Scout.GotoCenter -> Scout.Query | return to random walk
[8 INFO main 101472] Scout.Query -> Scout.GotoCenter | Drive to others reported pos
[8 INFO main 103073] Scout.GotoCenter -> Scout.Query | return to random walk
[8 INFO main 103669] Scout.Query -> Scout.GotoCenter | Drive to others reported pos
[8 INFO main 104575] Scout.GotoCenter -> Scout.Query | return to random walk
[8 INFO main 104671] Scout.Query -> Scout.GotoCenter | Drive to others reported pos
[8 INFO main 105875] Scout.GotoCenter -> Scout.Query | return to random walk
[8 INFO main 106774] Scout.Query -> Scout.GotoCenter | Drive to others reported pos
[8 INFO main 107473] Scout.GotoCenter -> Scout.Query | return to random walk
[8 INFO main 107778] Scout.Query -> Scout.GotoCenter | Drive to others reported pos
[8 INFO main 108376] Scout.GotoCenter -> Scout.Query | return to random walk
[8 INFO main 108877] Scout.Query -> Scout.GotoCenter | Drive to others reported pos
[8 INFO main 109774] Scout.GotoCenter -> Scout.Query | return to random walk
[8 INFO main 109878] Scout.Query -> Scout.GotoCenter | Drive to others reported pos
[8 INFO main 110575] Scout.GotoCenter -> Scout.Query | return to random walk
[8 INFO main 110982] Scout.Query -> Scout.GotoCenter | Drive to others reported pos
[8 INFO main 111275] Scout.GotoCenter -> Scout.Query | return to random walk
[8 INFO main 112079] Scout.Query -> Scout.GotoCenter | Drive to others reported pos
[8 INFO main 113677] Scout.GotoCenter -> Scout.Query | return to random walk
[8 INFO main 114179] Scout.Query -> Scout.GotoCenter | Drive to others reported pos
[8 INFO main 115982] Scout.GotoCenter -> Scout.Query | return to random walk
[8 INFO main 116185] Scout.Query -> Scout.GotoCenter | Drive to others reported pos
[8 INFO main 116583] Scout.GotoCenter -> Scout.Query | return to random walk
[8 INFO main 117290] Scout.Query -> Scout.GotoCenter | Drive to others reported pos
[8 INFO main 117584] Scout.GotoCenter -> Scout.Query | return to random walk
[8 INFO main 118290] Scout.Query -> Scout.GotoCenter | Drive to others reported pos
[8 INFO main 118488] Scout.GotoCenter -> Scout.Query | return to random walk
[8 INFO main 119390] Scout.Query -> Scout.GotoCenter | Drive to others reported pos
[8 INFO main 121188] Scout.GotoCenter -> Scout.Query | return to random walk
[8 INFO main 121496] Scout.Query -> Scout.GotoCenter | Drive to others reported pos
[8 INFO main 124394] Scout.GotoCenter -> Scout.Query | return to random walk
[8 INFO main 124599] Scout.Query -> Scout.GotoCenter | Drive to others reported pos
[8 INFO main 127097] Scout.GotoCenter -> Scout.Query | return to random walk
[8 INFO main 127696] Scout.Query -> Scout.GotoCenter | Drive to others reported pos
[8 INFO main 131006] Scout.GotoCenter -> Scout.Query | return to random walk
[8 INFO main 131705] Scout.Query -> Scout.GotoCenter | Drive to others reported pos
[8 INFO main 133606] Scout.GotoCenter -> Scout.Query | return to random walk
[8 INFO main 133805] Scout.Query -> Scout.GotoCenter | Drive to others reported pos
[8 INFO main 134505] Scout.GotoCenter -> Scout.Query | return to random walk
[8 INFO main 134806] Scout.Query -> Scout.GotoCenter | Drive to others reported pos
[8 INFO main 135308] Scout.GotoCenter -> Scout.Query | return to random walk
[8 INFO main 135809] Scout.Query -> Scout.GotoCenter | Drive to others reported pos
[8 INFO main 136507] Scout.GotoCenter -> Scout.Query | return to random walk
[8 INFO main 136813] Scout.Query -> Scout.GotoCenter | Drive to others reported pos
[8 INFO main 137413] Scout.GotoCenter -> Scout.Query | return to random walk
[8 INFO main 137815] Scout.Query -> Scout.GotoCenter | Drive to others reported pos
[8 INFO main 138112] Scout.GotoCenter -> Scout.Query | return to random walk
[8 INFO main 138918] Scout.Query -> Scout.GotoCenter | Drive to others reported pos
[8 INFO main 140118] Scout.GotoCenter -> Scout.Query | return to random walk
[8 INFO main 141015] Scout.Query -> Scout.GotoCenter | Drive to others reported pos
[8 INFO main 141214] Scout.GotoCenter -> Scout.Query | return to random walk
[8 INFO main 142019] Scout.Query -> Scout.GotoCenter | Drive to others reported pos
[8 INFO main 155935] Scout.GotoCenter -> Scout.Query | return to random walk
[8 INFO main 156633] Scout.Query -> Scout.GotoCenter | Drive to others reported pos
[8 INFO main 158941] Scout.GotoCenter -> Scout.Query | return to random walk
[8 INFO main 159738] Scout.Query -> Scout.GotoCenter | Drive to others reported pos
[8 INFO main 166951] Scout.GotoCenter -> Scout.Query | return to random walk
[8 INFO main 286399] Scout.Query -> Scout.GotoCenter | Drive to others reported pos
[8 INFO main 299214] Scout.GotoCenter -> Scout.Query | return to random walk
[8 INFO main 300014] Scout.Query -> Scout.GotoCenter | Drive to others reported pos
[8 INFO main 303418] Scout.GotoCenter -> Scout.Query | return to random walk
[8 INFO main 304024] Scout.Query -> Scout.GotoCenter | Drive to others reported pos
[8 INFO main 306123] Scout.GotoCenter -> Scout.Query | return to random walk
