[14 INFO main 30] Initialising Python Geth Console...
[14 INFO main 34] Initialising RandB board...
[14 INFO main 34] Initialising navigation...
[14 INFO main 34] Initialising random-walk...
[14 INFO main 34] Initialising odometry...
[14 INFO main 34] Initialising ground-sensors...
[14 INFO main 98] --//-- Starting Experiment --//--
[14 INFO main 1192] Idle.IDLE -> Scout.Query | Duration: 22.69
[14 INFO main 25936] Scout.Query -> Scout.GotoCenter | Drive to others reported pos
[14 INFO main 26534] Scout.GotoCenter -> Scout.Query | return to random walk
[14 INFO main 26946] Scout.Query -> Scout.GotoCenter | Drive to others reported pos
[14 INFO main 29440] Scout.GotoCenter -> Scout.Query | return to random walk
[14 INFO main 30048] Scout.Query -> Scout.GotoCenter | Drive to others reported pos
[14 INFO main 30941] Scout.GotoCenter -> Scout.Query | return to random walk
[14 INFO main 31049] Scout.Query -> Scout.GotoCenter | Drive to others reported pos
[14 INFO main 43354] Scout.GotoCenter -> Scout.Query | return to random walk
[14 INFO main 43561] Scout.Query -> Scout.GotoCenter | Drive to others reported pos
[14 INFO main 49163] Scout.GotoCenter -> Scout.Query | return to random walk
[14 INFO main 49967] Scout.Query -> Scout.GotoCenter | Drive to others reported pos
[14 INFO main 51070] Scout.GotoCenter -> Scout.Query | return to random walk
[14 INFO main 52075] Scout.Query -> Scout.GotoCenter | Drive to others reported pos
[14 INFO main 52366] Scout.GotoCenter -> Scout.Query | return to random walk
