[3 INFO main 33] Initialising Python Geth Console...
[3 INFO main 38] Initialising RandB board...
[3 INFO main 38] Initialising navigation...
[3 INFO main 38] Initialising random-walk...
[3 INFO main 38] Initialising odometry...
[3 INFO main 38] Initialising ground-sensors...
[3 INFO main 980] --//-- Starting Experiment --//--
[3 INFO main 2411] Idle.IDLE -> Scout.Query | Duration: 27.05
[3 INFO main 21375] Scout.Query -> Verify.DriveTo | Go to unverified source
[3 INFO main 45269] Verify.DriveTo -> Verify.Homing | Homing
[3 INFO main 57809] Confirming: 1/9
[3 INFO main 59844] Confirming: 2/9
[3 INFO main 61846] Confirming: 3/9
[3 INFO main 63911] Confirming: 4/9
[3 INFO main 65952] Confirming: 5/9
[3 INFO main 68290] Confirming: 6/9
[3 INFO main 70346] Confirming: 8/9
[3 INFO main 72372] Confirming: 9/9
[3 INFO main 87221] Verify.Homing -> Scout.Query | Arrived home
[3 INFO main 87340] Scout.Query -> Verify.DriveTo | Go to unverified source
[3 INFO main 119878] Verify.DriveTo -> Verify.Homing | Homing
[3 INFO main 148651] Confirming: 2/9
[3 INFO main 150652] Confirming: 3/9
[3 INFO main 152751] Confirming: 4/9
[3 INFO main 153506] Verify.Homing -> Scout.Query | Arrived home
[3 INFO main 154802] Confirming: 5/9
[3 INFO main 156902] Confirming: 6/9
[3 INFO main 158915] Confirming: 7/9
[3 INFO main 160938] Confirming: 8/9
[3 INFO main 163018] Confirming: 9/9
[3 INFO main 163377] Scout.Query -> Verify.DriveTo | Go to unverified source
[3 INFO main 196125] Verify.DriveTo -> Verify.Homing | Homing
[3 INFO main 206619] Confirming: 1/9
[3 INFO main 210645] Confirming: 3/9
[3 INFO main 212731] Confirming: 4/9
[3 INFO main 214483] Verify.Homing -> Scout.Query | Arrived home
[3 INFO main 214790] Confirming: 5/9
[3 INFO main 216822] Confirming: 6/9
[3 INFO main 218890] Confirming: 7/9
[3 INFO main 220940] Confirming: 8/9
[3 INFO main 223001] Confirming: 9/9
[3 INFO main 223155] Scout.Query -> Verify.DriveTo | Go to unverified source
[3 INFO main 267876] Verify.DriveTo -> Verify.Homing | Homing
[3 INFO main 295734] Verify.Homing -> Scout.Query | Arrived home
[3 INFO main 297275] Confirming: 1/9
[3 INFO main 299450] Confirming: 2/9
[3 INFO main 301557] Confirming: 3/9
[3 INFO main 303616] Confirming: 4/9
[3 INFO main 305622] Confirming: 5/9
[3 INFO main 307626] Confirming: 6/9
[3 INFO main 309715] Confirming: 7/9
[3 INFO main 311754] Confirming: 8/9
[3 INFO main 313841] Confirming: 9/9
[3 INFO main 314308] Scout.Query -> Verify.DriveTo | Go to unverified source
[3 INFO main 358506] Verify.DriveTo -> Verify.Homing | Homing
[3 INFO main 387612] Confirming: 1/9
[3 INFO main 389610] Confirming: 2/9
[3 INFO main 391621] Confirming: 3/9
[3 INFO main 393634] Confirming: 4/9
[3 INFO main 395129] Verify.Homing -> Scout.Query | Arrived home
[3 INFO main 395662] Confirming: 5/9
[3 INFO main 397672] Confirming: 6/9
[3 INFO main 399717] Confirming: 7/9
[3 INFO main 401716] Confirming: 8/9
[3 INFO main 403801] Confirming: 9/9
[3 INFO main 403833] Scout.Query -> Verify.DriveTo | Go to unverified source
[3 INFO main 450058] Verify.DriveTo -> Verify.Homing | Homing
[3 INFO main 468482] Verify.Homing -> Scout.Query | Arrived home
[3 INFO main 477049] Confirming: 1/9
[3 INFO main 479131] Confirming: 2/9
[3 INFO main 483244] Confirming: 4/9
[3 INFO main 487334] Confirming: 6/9
[3 INFO main 489305] Confirming: 7/9
[3 INFO main 491368] Confirming: 8/9
[3 INFO main 493431] Confirming: 9/9
[3 INFO main 494181] Scout.Query -> Verify.DriveTo | Go to unverified source
[3 INFO main 538506] Verify.DriveTo -> Verify.Homing | Homing
[3 INFO main 555178] Confirming: 1/9
[3 INFO main 557237] Confirming: 2/9
[3 INFO main 559244] Confirming: 3/9
[3 INFO main 563365] Confirming: 5/9
[3 INFO main 565400] Confirming: 6/9
[3 INFO main 567425] Confirming: 7/9
[3 INFO main 568209] Verify.Homing -> Scout.Query | Arrived home
[3 INFO main 569436] Confirming: 8/9
[3 INFO main 571540] Confirming: 9/9
[3 INFO main 571568] Scout.Query -> Verify.DriveTo | Go to unverified source
[3 INFO main 614312] Verify.DriveTo -> Verify.Homing | Homing
[3 INFO main 639543] Verify.Homing -> Scout.Query | Arrived home
[3 INFO main 657683] Confirming: 1/9
[3 INFO main 659749] Confirming: 2/9
[3 INFO main 661757] Confirming: 3/9
[3 INFO main 663938] Confirming: 4/9
[3 INFO main 666031] Confirming: 5/9
[3 INFO main 668150] Confirming: 6/9
[3 INFO main 670184] Confirming: 7/9
[3 INFO main 672377] Confirming: 8/9
[3 INFO main 674407] Confirming: 9/9
[3 INFO main 675147] Scout.Query -> Verify.DriveTo | Go to unverified source
[3 INFO main 705879] Verify.DriveTo -> Verify.Homing | Homing
[3 INFO main 718234] Confirming: 1/9
[3 INFO main 720454] Confirming: 2/9
[3 INFO main 722493] Confirming: 3/9
[3 INFO main 724706] Confirming: 5/9
[3 INFO main 726811] Confirming: 6/9
[3 INFO main 728839] Confirming: 7/9
[3 INFO main 730845] Confirming: 8/9
[3 INFO main 732934] Confirming: 9/9
[3 INFO main 736963] Verify.Homing -> Scout.Query | Arrived home
[3 INFO main 737104] Scout.Query -> Verify.DriveTo | Go to unverified source
[3 INFO main 786481] Verify.DriveTo -> Verify.Homing | Homing
[3 INFO main 807465] Confirming: 1/9
[3 INFO main 809813] Confirming: 2/9
[3 INFO main 810320] Verify.Homing -> Scout.Query | Arrived home
[3 INFO main 811919] Confirming: 3/9
[3 INFO main 813984] Confirming: 4/9
[3 INFO main 816046] Confirming: 5/9
[3 INFO main 818116] Confirming: 6/9
[3 INFO main 820129] Confirming: 7/9
[3 INFO main 822088] Confirming: 8/9
[3 INFO main 824263] Confirming: 10/9
[3 INFO main 824652] Scout.Query -> Verify.DriveTo | Go to unverified source
[3 INFO main 874426] Verify.DriveTo -> Verify.Homing | Homing
[3 INFO main 897855] Confirming: 1/9
[3 INFO main 899880] Confirming: 2/9
[3 INFO main 901921] Confirming: 3/9
[3 INFO main 903922] Confirming: 4/9
[3 INFO main 905995] Confirming: 5/9
[3 INFO main 906751] Verify.Homing -> Scout.Query | Arrived home
[3 INFO main 908109] Confirming: 6/9
[3 INFO main 910146] Confirming: 7/9
[3 INFO main 912420] Confirming: 9/9
[3 INFO main 912452] Scout.Query -> Verify.DriveTo | Go to unverified source
[3 INFO main 962672] Verify.DriveTo -> Verify.Homing | Homing
[3 INFO main 981739] Verify.Homing -> Scout.Query | Arrived home
[3 INFO main 987502] Confirming: 1/9
[3 INFO main 989535] Confirming: 2/9
[3 INFO main 991640] Confirming: 3/9
[3 INFO main 993681] Confirming: 4/9
[3 INFO main 995702] Confirming: 5/9
[3 INFO main 997715] Confirming: 6/9
[3 INFO main 999834] Confirming: 7/9
[3 INFO main 1001841] Confirming: 8/9
[3 INFO main 1003930] Confirming: 9/9
[3 INFO main 1004215] Scout.Query -> Verify.DriveTo | Go to unverified source
[3 INFO main 1112747] Verify.DriveTo -> Verify.Homing | Homing
[3 INFO main 1121082] Confirming: 3/9
[3 INFO main 1139011] Verify.Homing -> Scout.Query | Arrived home
[3 INFO main 1145629] Confirming: 4/9
[3 INFO main 1147724] Confirming: 5/9
[3 INFO main 1149765] Confirming: 6/9
[3 INFO main 1151916] Confirming: 7/9
[3 INFO main 1154013] Confirming: 8/9
[3 INFO main 1156029] Confirming: 9/9
[3 INFO main 1156893] Scout.Query -> Verify.DriveTo | Go to unverified source
[3 INFO main 1203620] Verify.DriveTo -> Verify.Homing | Homing
[3 INFO main 1228848] Confirming: 1/9
[3 INFO main 1230891] Confirming: 2/9
[3 INFO main 1232984] Confirming: 3/9
[3 INFO main 1235114] Confirming: 4/9
[3 INFO main 1237159] Confirming: 5/9
[3 INFO main 1237766] Verify.Homing -> Scout.Query | Arrived home
[3 INFO main 1239193] Confirming: 6/9
[3 INFO main 1241244] Confirming: 7/9
[3 INFO main 1243353] Confirming: 8/9
[3 INFO main 1245456] Confirming: 9/9
[3 INFO main 1245492] Scout.Query -> Verify.DriveTo | Go to unverified source
[3 INFO main 1304131] Verify.DriveTo -> Verify.Homing | Homing
[3 INFO main 1314470] Confirming: 1/9
[3 INFO main 1318552] Confirming: 3/9
[3 INFO main 1322628] Confirming: 4/9
[3 INFO main 1324700] Confirming: 6/9
[3 INFO main 1326747] Confirming: 7/9
[3 INFO main 1327901] Verify.Homing -> Scout.Query | Arrived home
[3 INFO main 1328834] Confirming: 8/9
[3 INFO main 1330838] Confirming: 9/9
[3 INFO main 1331461] Scout.Query -> Verify.DriveTo | Go to unverified source
[3 INFO main 1365414] Verify.DriveTo -> Verify.Homing | Homing
[3 INFO main 1382867] Verify.Homing -> Scout.Query | Arrived home
[3 INFO main 1408929] Confirming: 1/9
[3 INFO main 1410985] Confirming: 2/9
[3 INFO main 1413019] Confirming: 3/9
[3 INFO main 1415051] Confirming: 4/9
[3 INFO main 1417061] Confirming: 5/9
[3 INFO main 1419105] Confirming: 6/9
[3 INFO main 1421292] Confirming: 7/9
[3 INFO main 1423349] Confirming: 8/9
[3 INFO main 1425420] Confirming: 9/9
[3 INFO main 1425913] Scout.Query -> Verify.DriveTo | Go to unverified source
[3 INFO main 1466986] Verify.DriveTo -> Verify.Homing | Homing
[3 INFO main 1499908] Confirming: 1/9
[3 INFO main 1501984] Confirming: 2/9
[3 INFO main 1504042] Confirming: 3/9
[3 INFO main 1506051] Confirming: 4/9
[3 INFO main 1508087] Confirming: 5/9
[3 INFO main 1508903] Verify.Homing -> Scout.Query | Arrived home
[3 INFO main 1510130] Confirming: 6/9
[3 INFO main 1512167] Confirming: 8/9
[3 INFO main 1514167] Confirming: 9/9
[3 INFO main 1514540] Scout.Query -> Verify.DriveTo | Go to unverified source
[3 INFO main 1534998] Verify.DriveTo -> Verify.Homing | Homing
[3 INFO main 1548391] Verify.Homing -> Scout.Query | Arrived home
[3 INFO main 1560211] Confirming: 2/9
[3 INFO main 1562299] Confirming: 3/9
[3 INFO main 1564328] Confirming: 4/9
[3 INFO main 1566392] Confirming: 5/9
[3 INFO main 1568404] Confirming: 6/9
[3 INFO main 1570472] Confirming: 7/9
[3 INFO main 1574593] Confirming: 9/9
[3 INFO main 1575011] Scout.Query -> Verify.DriveTo | Go to unverified source
[3 INFO main 1598924] Verify.DriveTo -> Verify.Homing | Homing
[3 INFO main 1619970] Confirming: 1/9
[3 INFO main 1621995] Confirming: 2/9
[3 INFO main 1624403] Confirming: 4/9
[3 INFO main 1626495] Confirming: 5/9
[3 INFO main 1628542] Confirming: 6/9
[3 INFO main 1630600] Confirming: 7/9
[3 INFO main 1632613] Confirming: 8/9
[3 INFO main 1634767] Confirming: 9/9
[3 INFO main 1638678] Verify.Homing -> Scout.Query | Arrived home
[3 INFO main 1638742] Scout.Query -> Verify.DriveTo | Go to unverified source
[3 INFO main 1683232] Verify.DriveTo -> Verify.Homing | Homing
[3 INFO main 1708425] Confirming: 1/9
[3 INFO main 1710461] Confirming: 2/9
[3 INFO main 1712534] Confirming: 3/9
[3 INFO main 1714542] Confirming: 4/9
[3 INFO main 1716681] Confirming: 5/9
[3 INFO main 1718856] Confirming: 6/9
[3 INFO main 1720919] Confirming: 7/9
[3 INFO main 1722993] Confirming: 8/9
[3 INFO main 1723127] Verify.Homing -> Scout.Query | Arrived home
[3 INFO main 1725021] Confirming: 9/9
[3 INFO main 1725494] Scout.Query -> Verify.DriveTo | Go to unverified source
[3 INFO main 1751359] Verify.DriveTo -> Verify.Homing | Homing
[3 INFO main 1768180] Confirming: 1/9
[3 INFO main 1770336] Confirming: 2/9
[3 INFO main 1771754] Verify.Homing -> Scout.Query | Arrived home
[3 INFO main 1772510] Confirming: 3/9
[3 INFO main 1774695] Confirming: 4/9
[3 INFO main 1776884] Confirming: 5/9
[3 INFO main 1779529] Confirming: 6/9
[3 INFO main 1781547] Confirming: 7/9
[3 INFO main 1783650] Confirming: 8/9
[3 INFO main 1785742] Confirming: 9/9
[3 INFO main 1786191] Scout.Query -> Verify.DriveTo | Go to unverified source
[3 INFO main 1815781] Verify.DriveTo -> Verify.Homing | Homing
[3 INFO main 1828717] Confirming: 1/9
[3 INFO main 1830866] Confirming: 2/9
[3 INFO main 1832896] Confirming: 3/9
[3 INFO main 1834957] Confirming: 4/9
[3 INFO main 1837175] Confirming: 5/9
[3 INFO main 1839236] Confirming: 6/9
[3 INFO main 1840888] Verify.Homing -> Scout.Query | Arrived home
[3 INFO main 1841316] Confirming: 7/9
[3 INFO main 1843546] Confirming: 8/9
[3 INFO main 1845640] Confirming: 9/9
[3 INFO main 1845688] Scout.Query -> Verify.DriveTo | Go to unverified source
[3 INFO main 1893394] Verify.DriveTo -> Verify.Homing | Homing
[3 INFO main 1918781] Confirming: 1/9
[3 INFO main 1920790] Confirming: 2/9
[3 INFO main 1922886] Confirming: 3/9
[3 INFO main 1924953] Confirming: 4/9
[3 INFO main 1927028] Confirming: 5/9
[3 INFO main 1929123] Confirming: 6/9
[3 INFO main 1931148] Confirming: 7/9
[3 INFO main 1933239] Confirming: 8/9
[3 INFO main 1933264] Verify.Homing -> Scout.Query | Arrived home
[3 INFO main 1935313] Confirming: 9/9
[3 INFO main 1935484] Scout.Query -> Verify.DriveTo | Go to unverified source
[3 INFO main 1985492] Verify.DriveTo -> Verify.Homing | Homing
[3 INFO main 1991761] Confirming: 1/9
[3 INFO main 1993779] Confirming: 2/9
[3 INFO main 1995866] Confirming: 3/9
[3 INFO main 1997966] Confirming: 4/9
[3 INFO main 2000073] Confirming: 5/9
[3 INFO main 2002112] Confirming: 6/9
[3 INFO main 2004144] Confirming: 7/9
[3 INFO main 2006216] Confirming: 9/9
[3 INFO main 2015755] Verify.Homing -> Scout.Query | Arrived home
[3 INFO main 2015898] Scout.Query -> Verify.DriveTo | Go to unverified source
[3 INFO main 2041741] Verify.DriveTo -> Verify.Homing | Homing
[3 INFO main 2056632] Verify.Homing -> Scout.Query | Arrived home
[3 INFO main 2068911] Confirming: 1/9
[3 INFO main 2070962] Confirming: 2/9
[3 INFO main 2075086] Confirming: 4/9
[3 INFO main 2077112] Confirming: 5/9
[3 INFO main 2079226] Confirming: 6/9
[3 INFO main 2081357] Confirming: 7/9
[3 INFO main 2083355] Confirming: 8/9
[3 INFO main 2085361] Confirming: 9/9
[3 INFO main 2085552] Scout.Query -> Verify.DriveTo | Go to unverified source
[3 INFO main 2123101] Verify.DriveTo -> Verify.Homing | Homing
[3 INFO main 2156281] Verify.Homing -> Scout.Query | Arrived home
[3 INFO main 2160286] Confirming: 1/9
[3 INFO main 2162322] Confirming: 2/9
[3 INFO main 2164327] Confirming: 3/9
[3 INFO main 2166411] Confirming: 4/9
[3 INFO main 2168559] Confirming: 5/9
[3 INFO main 2170781] Confirming: 6/9
[3 INFO main 2172834] Confirming: 7/9
[3 INFO main 2174991] Confirming: 8/9
[3 INFO main 2177027] Confirming: 9/9
[3 INFO main 2177620] Scout.Query -> Verify.DriveTo | Go to unverified source
[3 INFO main 2205117] Verify.DriveTo -> Verify.Homing | Homing
[3 INFO main 2219631] Confirming: 1/9
[3 INFO main 2221657] Confirming: 2/9
[3 INFO main 2223702] Confirming: 3/9
[3 INFO main 2225752] Confirming: 4/9
[3 INFO main 2229875] Confirming: 5/9
[3 INFO main 2231924] Confirming: 7/9
[3 INFO main 2233991] Confirming: 8/9
[3 INFO main 2234221] Verify.Homing -> Scout.Query | Arrived home
[3 INFO main 2236106] Confirming: 9/9
[3 INFO main 2236727] Scout.Query -> Verify.DriveTo | Go to unverified source
[3 INFO main 2264185] Verify.DriveTo -> Verify.Homing | Homing
[3 INFO main 2280942] Confirming: 1/9
[3 INFO main 2282958] Confirming: 2/9
[3 INFO main 2285119] Confirming: 3/9
[3 INFO main 2285907] Verify.Homing -> Scout.Query | Arrived home
[3 INFO main 2287150] Confirming: 4/9
[3 INFO main 2289192] Confirming: 5/9
[3 INFO main 2291202] Confirming: 6/9
[3 INFO main 2293246] Confirming: 8/9
[3 INFO main 2297428] Confirming: 10/9
[3 INFO main 2298067] Scout.Query -> Verify.DriveTo | Go to unverified source
[3 INFO main 2354081] Verify.DriveTo -> Verify.Homing | Homing
[3 INFO main 2370628] Confirming: 1/9
[3 INFO main 2372666] Confirming: 2/9
[3 INFO main 2374771] Confirming: 3/9
[3 INFO main 2376831] Confirming: 4/9
[3 INFO main 2378921] Confirming: 5/9
[3 INFO main 2380925] Confirming: 6/9
[3 INFO main 2382985] Confirming: 7/9
[3 INFO main 2385122] Confirming: 8/9
[3 INFO main 2387193] Confirming: 10/9
[3 INFO main 2388247] Verify.Homing -> Scout.Query | Arrived home
[3 INFO main 2388466] Scout.Query -> Verify.DriveTo | Go to unverified source
[3 INFO main 2437893] Verify.DriveTo -> Verify.Homing | Homing
[3 INFO main 2461188] Confirming: 1/9
[3 INFO main 2463350] Confirming: 3/9
[3 INFO main 2465471] Confirming: 4/9
[3 INFO main 2467648] Confirming: 5/9
[3 INFO main 2469698] Confirming: 6/9
[3 INFO main 2471771] Confirming: 7/9
[3 INFO main 2473799] Confirming: 8/9
[3 INFO main 2475894] Confirming: 9/9
[3 INFO main 2480404] Verify.Homing -> Scout.Query | Arrived home
[3 INFO main 2480556] Scout.Query -> Verify.DriveTo | Go to unverified source
[3 INFO main 2518207] Verify.DriveTo -> Verify.Homing | Homing
[3 INFO main 2541623] Verify.Homing -> Scout.Query | Arrived home
[3 INFO main 2553511] Confirming: 1/9
[3 INFO main 2555638] Confirming: 2/9
[3 INFO main 2557719] Confirming: 3/9
[3 INFO main 2559760] Confirming: 4/9
[3 INFO main 2561885] Confirming: 5/9
[3 INFO main 2563953] Confirming: 6/9
[3 INFO main 2566031] Confirming: 7/9
[3 INFO main 2568067] Confirming: 8/9
[3 INFO main 2570165] Confirming: 9/9
[3 INFO main 2570771] Scout.Query -> Verify.DriveTo | Go to unverified source
[3 INFO main 2626011] Verify.DriveTo -> Verify.Homing | Homing
[3 INFO main 2642512] Confirming: 1/9
[3 INFO main 2644553] Confirming: 2/9
[3 INFO main 2646573] Confirming: 3/9
[3 INFO main 2648653] Confirming: 4/9
[3 INFO main 2650703] Confirming: 5/9
[3 INFO main 2654827] Confirming: 7/9
[3 INFO main 2656022] Verify.Homing -> Scout.Query | Arrived home
[3 INFO main 2656835] Confirming: 8/9
[3 INFO main 2658855] Confirming: 9/9
[3 INFO main 2659455] Scout.Query -> Verify.DriveTo | Go to unverified source
[3 INFO main 2753942] Verify.DriveTo -> Verify.Homing | Homing
[3 INFO main 2764460] Confirming: 1/9
[3 INFO main 2766548] Confirming: 3/9
[3 INFO main 2768635] Confirming: 4/9
[3 INFO main 2772733] Confirming: 5/9
[3 INFO main 2774799] Confirming: 7/9
[3 INFO main 2776893] Confirming: 8/9
[3 INFO main 2778906] Confirming: 9/9
[3 INFO main 2790914] Verify.Homing -> Scout.Query | Arrived home
[3 INFO main 2791070] Scout.Query -> Verify.DriveTo | Go to unverified source
[3 INFO main 2837253] Verify.DriveTo -> Verify.Homing | Homing
[3 INFO main 2843522] Confirming: 1/9
[3 INFO main 2845616] Confirming: 2/9
[3 INFO main 2847725] Confirming: 3/9
[3 INFO main 2849824] Confirming: 4/9
[3 INFO main 2851914] Confirming: 5/9
[3 INFO main 2853980] Confirming: 6/9
[3 INFO main 2856245] Confirming: 7/9
[3 INFO main 2858256] Confirming: 9/9
[3 INFO main 2872777] Verify.Homing -> Scout.Query | Arrived home
[3 INFO main 2873231] Scout.Query -> Verify.DriveTo | Go to unverified source
[3 INFO main 2928486] Verify.DriveTo -> Verify.Homing | Homing
[3 INFO main 2940832] Confirming: 1/9
[3 INFO main 2942988] Confirming: 2/9
[3 INFO main 2945095] Confirming: 3/9
[3 INFO main 2947189] Confirming: 4/9
[3 INFO main 2949222] Confirming: 5/9
[3 INFO main 2951325] Confirming: 6/9
[3 INFO main 2953342] Confirming: 7/9
[3 INFO main 2955388] Confirming: 8/9
[3 INFO main 2957447] Confirming: 9/9
[3 INFO main 2959221] Verify.Homing -> Scout.Query | Arrived home
[3 INFO main 2959377] Scout.Query -> Verify.DriveTo | Go to unverified source
[3 INFO main 2997141] Verify.DriveTo -> Verify.Homing | Homing
[3 INFO main 3003466] Confirming: 1/9
[3 INFO main 3005563] Confirming: 2/9
[3 INFO main 3009724] Confirming: 3/9
[3 INFO main 3011806] Confirming: 5/9
[3 INFO main 3013941] Confirming: 6/9
[3 INFO main 3015979] Confirming: 7/9
[3 INFO main 3018029] Confirming: 8/9
[3 INFO main 3020053] Confirming: 9/9
[3 INFO main 3022938] Verify.Homing -> Scout.Query | Arrived home
[3 INFO main 3023090] Scout.Query -> Verify.DriveTo | Go to unverified source
[3 INFO main 3053651] Verify.DriveTo -> Verify.Homing | Homing
[3 INFO main 3066187] Confirming: 2/9
[3 INFO main 3068285] Confirming: 3/9
[3 INFO main 3070383] Confirming: 4/9
[3 INFO main 3072433] Confirming: 5/9
[3 INFO main 3074484] Confirming: 6/9
[3 INFO main 3076492] Confirming: 7/9
[3 INFO main 3076643] Verify.Homing -> Scout.Query | Arrived home
[3 INFO main 3078560] Confirming: 8/9
[3 INFO main 3080583] Confirming: 9/9
[3 INFO main 3081215] Scout.Query -> Verify.DriveTo | Go to unverified source
[3 INFO main 3154542] Verify.DriveTo -> Verify.Homing | Homing
[3 INFO main 3183408] Confirming: 1/9
[3 INFO main 3183807] Verify.Homing -> Scout.Query | Arrived home
[3 INFO main 3187566] Confirming: 2/9
[3 INFO main 3189579] Confirming: 4/9
[3 INFO main 3191576] Confirming: 5/9
[3 INFO main 3193733] Confirming: 6/9
[3 INFO main 3195974] Confirming: 7/9
[3 INFO main 3198029] Confirming: 8/9
[3 INFO main 3200127] Confirming: 9/9
[3 INFO main 3200605] Scout.Query -> Verify.DriveTo | Go to unverified source
[3 INFO main 3230765] Verify.DriveTo -> Verify.Homing | Homing
[3 INFO main 3252481] Verify.Homing -> Scout.Query | Arrived home
[3 INFO main 3357538] Confirming: 1/9
[3 INFO main 3361788] Confirming: 3/9
[3 INFO main 3363796] Confirming: 4/9
[3 INFO main 3365863] Confirming: 5/9
[3 INFO main 3367946] Confirming: 6/9
[3 INFO main 3369974] Confirming: 7/9
[3 INFO main 3372047] Confirming: 8/9
[3 INFO main 3376343] Confirming: 10/9
[3 INFO main 3376464] Scout.Query -> Verify.DriveTo | Go to unverified source
[3 INFO main 3393652] Verify.DriveTo -> Verify.Homing | Homing
[3 INFO main 3421406] Verify.Homing -> Scout.Query | Arrived home
[3 INFO main 3426784] Confirming: 1/9
[3 INFO main 3428905] Confirming: 3/9
[3 INFO main 3431431] Confirming: 4/9
[3 INFO main 3433517] Confirming: 6/9
[3 INFO main 3435552] Confirming: 7/9
[3 INFO main 3437600] Confirming: 8/9
[3 INFO main 3439666] Confirming: 9/9
[3 INFO main 3440225] Scout.Query -> Verify.DriveTo | Go to unverified source
[3 INFO main 3500550] Verify.DriveTo -> Verify.Homing | Homing
[3 INFO main 3514079] Confirming: 1/9
[3 INFO main 3516157] Confirming: 2/9
[3 INFO main 3518242] Confirming: 3/9
[3 INFO main 3520255] Confirming: 4/9
[3 INFO main 3522328] Confirming: 5/9
[3 INFO main 3524419] Confirming: 6/9
[3 INFO main 3526500] Confirming: 7/9
[3 INFO main 3528517] Confirming: 8/9
[3 INFO main 3530573] Confirming: 9/9
[3 INFO main 3532604] Verify.Homing -> Scout.Query | Arrived home
[3 INFO main 3532882] Scout.Query -> Verify.DriveTo | Go to unverified source
[3 INFO main 3557818] Verify.DriveTo -> Verify.Homing | Homing
[3 INFO main 3568410] Confirming: 1/9
[3 INFO main 3570407] Confirming: 2/9
[3 INFO main 3572502] Confirming: 3/9
[3 INFO main 3574612] Confirming: 4/9
[3 INFO main 3576686] Confirming: 5/9
[3 INFO main 3578723] Confirming: 6/9
[3 INFO main 3580805] Confirming: 7/9
[3 INFO main 3582881] Confirming: 8/9
[3 INFO main 3584363] Verify.Homing -> Scout.Query | Arrived home
[3 INFO main 3584853] Confirming: 9/9
[3 INFO main 3585664] Scout.Query -> Verify.DriveTo | Go to unverified source
[3 INFO main 3626240] Verify.DriveTo -> Verify.Homing | Homing
[3 INFO main 3634538] Confirming: 1/9
[3 INFO main 3636604] Confirming: 2/9
[3 INFO main 3638636] Confirming: 3/9
[3 INFO main 3640724] Confirming: 4/9
[3 INFO main 3642765] Confirming: 5/9
[3 INFO main 3644823] Confirming: 6/9
[3 INFO main 3646900] Confirming: 7/9
[3 INFO main 3648995] Confirming: 8/9
[3 INFO main 3651054] Confirming: 9/9
[3 INFO main 3654288] Verify.Homing -> Scout.Query | Arrived home
[3 INFO main 3654501] Scout.Query -> Verify.DriveTo | Go to unverified source
[3 INFO main 3715901] Verify.DriveTo -> Verify.Homing | Homing
[3 INFO main 3724079] Confirming: 1/9
[3 INFO main 3726106] Confirming: 2/9
[3 INFO main 3728179] Confirming: 3/9
[3 INFO main 3730203] Confirming: 4/9
[3 INFO main 3732275] Confirming: 5/9
[3 INFO main 3734362] Confirming: 6/9
[3 INFO main 3736706] Confirming: 7/9
[3 INFO main 3738719] Confirming: 8/9
[3 INFO main 3740764] Confirming: 9/9
[3 INFO main 3757205] Verify.Homing -> Scout.Query | Arrived home
[3 INFO main 3757361] Scout.Query -> Verify.DriveTo | Go to unverified source
[3 INFO main 3853618] Verify.DriveTo -> Verify.Homing | Homing
[3 INFO main 3874489] Confirming: 1/9
[3 INFO main 3876359] Verify.Homing -> Scout.Query | Arrived home
[3 INFO main 3876567] Confirming: 2/9
[3 INFO main 3878567] Confirming: 3/9
[3 INFO main 3880717] Confirming: 4/9
[3 INFO main 3882732] Confirming: 5/9
[3 INFO main 3884907] Confirming: 6/9
[3 INFO main 3886953] Confirming: 7/9
[3 INFO main 3888963] Confirming: 8/9
[3 INFO main 3891018] Confirming: 9/9
[3 INFO main 3891518] Scout.Query -> Verify.DriveTo | Go to unverified source
[3 INFO main 3938536] Verify.DriveTo -> Verify.Homing | Homing
[3 INFO main 3964055] Confirming: 1/9
[3 INFO main 3966157] Confirming: 2/9
[3 INFO main 3968334] Confirming: 3/9
[3 INFO main 3970333] Confirming: 4/9
[3 INFO main 3970471] Verify.Homing -> Scout.Query | Arrived home
[3 INFO main 3972397] Confirming: 5/9
[3 INFO main 3974449] Confirming: 6/9
[3 INFO main 3976485] Confirming: 7/9
[3 INFO main 3978620] Confirming: 8/9
[3 INFO main 3980708] Confirming: 9/9
[3 INFO main 3980827] Scout.Query -> Verify.DriveTo | Go to unverified source
[3 INFO main 4044622] Verify.DriveTo -> Verify.Homing | Homing
[3 INFO main 4055264] Confirming: 2/9
[3 INFO main 4057359] Confirming: 3/9
[3 INFO main 4059363] Confirming: 4/9
[3 INFO main 4061365] Confirming: 5/9
[3 INFO main 4063436] Confirming: 6/9
[3 INFO main 4065480] Confirming: 7/9
[3 INFO main 4069589] Confirming: 8/9
[3 INFO main 4071645] Confirming: 10/9
[3 INFO main 4089873] Verify.Homing -> Scout.Query | Arrived home
[3 INFO main 4090029] Scout.Query -> Verify.DriveTo | Go to unverified source
[3 INFO main 4126848] Verify.DriveTo -> Verify.Homing | Homing
[3 INFO main 4139443] Confirming: 2/9
[3 INFO main 4143637] Confirming: 4/9
[3 INFO main 4145876] Confirming: 5/9
[3 INFO main 4146212] Verify.Homing -> Scout.Query | Arrived home
[3 INFO main 4147981] Confirming: 6/9
[3 INFO main 4150156] Confirming: 7/9
[3 INFO main 4152164] Confirming: 8/9
[3 INFO main 4154230] Confirming: 9/9
[3 INFO main 4154587] Scout.Query -> Verify.DriveTo | Go to unverified source
[3 INFO main 4194336] Verify.DriveTo -> Verify.Homing | Homing
[3 INFO main 4204825] Confirming: 1/9
[3 INFO main 4206863] Confirming: 2/9
[3 INFO main 4208982] Confirming: 3/9
[3 INFO main 4210980] Confirming: 4/9
[3 INFO main 4213135] Confirming: 5/9
[3 INFO main 4215316] Confirming: 7/9
[3 INFO main 4219556] Confirming: 8/9
[3 INFO main 4221686] Confirming: 10/9
[3 INFO main 4223981] Verify.Homing -> Scout.Query | Arrived home
[3 INFO main 4224137] Scout.Query -> Verify.DriveTo | Go to unverified source
[3 INFO main 4262573] Verify.DriveTo -> Verify.Homing | Homing
[3 INFO main 4289939] Confirming: 1/9
[3 INFO main 4290384] Verify.Homing -> Scout.Query | Arrived home
[3 INFO main 4291997] Confirming: 2/9
[3 INFO main 4293949] Confirming: 3/9
[3 INFO main 4296350] Confirming: 4/9
[3 INFO main 4298475] Confirming: 5/9
[3 INFO main 4300493] Confirming: 6/9
[3 INFO main 4302568] Confirming: 7/9
[3 INFO main 4304641] Confirming: 8/9
[3 INFO main 4306689] Confirming: 9/9
[3 INFO main 4306807] Scout.Query -> Verify.DriveTo | Go to unverified source
[3 INFO main 4337857] Verify.DriveTo -> Verify.Homing | Homing
[3 INFO main 4357225] Confirming: 1/9
[3 INFO main 4359255] Confirming: 3/9
[3 INFO main 4363387] Confirming: 4/9
[3 INFO main 4365431] Confirming: 6/9
[3 INFO main 4369961] Confirming: 7/9
[3 INFO main 4372057] Confirming: 9/9
[3 INFO main 4388479] Verify.Homing -> Scout.Query | Arrived home
[3 INFO main 4388645] Scout.Query -> Verify.DriveTo | Go to unverified source
[3 INFO main 4445806] Verify.DriveTo -> Verify.Homing | Homing
[3 INFO main 4472753] Verify.Homing -> Scout.Query | Arrived home
[3 INFO main 4477216] Confirming: 2/9
[3 INFO main 4479377] Confirming: 3/9
[3 INFO main 4481403] Confirming: 4/9
[3 INFO main 4485882] Confirming: 6/9
[3 INFO main 4488402] Confirming: 7/9
[3 INFO main 4490415] Confirming: 8/9
[3 INFO main 4492491] Confirming: 9/9
[3 INFO main 4492611] Scout.Query -> Verify.DriveTo | Go to unverified source
[3 INFO main 4515485] Verify.DriveTo -> Verify.Homing | Homing
[3 INFO main 4545121] Verify.Homing -> Scout.Query | Arrived home
[3 INFO main 4545312] Confirming: 2/9
[3 INFO main 4549634] Confirming: 3/9
[3 INFO main 4551680] Confirming: 5/9
[3 INFO main 4553710] Confirming: 6/9
[3 INFO main 4555768] Confirming: 7/9
[3 INFO main 4557938] Confirming: 8/9
[3 INFO main 4560026] Confirming: 9/9
[3 INFO main 4560733] Scout.Query -> Verify.DriveTo | Go to unverified source
[3 INFO main 4589534] Verify.DriveTo -> Verify.Homing | Homing
[3 INFO main 4596007] Confirming: 1/9
[3 INFO main 4598066] Confirming: 2/9
[3 INFO main 4602333] Confirming: 4/9
[3 INFO main 4604374] Confirming: 5/9
[3 INFO main 4606424] Confirming: 6/9
[3 INFO main 4608450] Confirming: 7/9
[3 INFO main 4610541] Confirming: 8/9
[3 INFO main 4612314] Verify.Homing -> Scout.Query | Arrived home
[3 INFO main 4612858] Confirming: 9/9
[3 INFO main 4612978] Scout.Query -> Verify.DriveTo | Go to unverified source
[3 INFO main 4660914] Verify.DriveTo -> Verify.Homing | Homing
[3 INFO main 4686755] Confirming: 1/9
[3 INFO main 4688844] Confirming: 2/9
[3 INFO main 4692702] Verify.Homing -> Scout.Query | Arrived home
[3 INFO main 4692904] Confirming: 4/9
[3 INFO main 4695110] Confirming: 5/9
[3 INFO main 4697215] Confirming: 6/9
[3 INFO main 4699264] Confirming: 7/9
[3 INFO main 4701416] Confirming: 8/9
[3 INFO main 4703419] Confirming: 9/9
[3 INFO main 4703625] Scout.Query -> Verify.DriveTo | Go to unverified source
[3 INFO main 4745305] Verify.DriveTo -> Verify.Homing | Homing
[3 INFO main 4777513] Confirming: 1/9
[3 INFO main 4779552] Confirming: 2/9
[3 INFO main 4781640] Confirming: 3/9
[3 INFO main 4782773] Verify.Homing -> Scout.Query | Arrived home
[3 INFO main 4783795] Confirming: 4/9
[3 INFO main 4785829] Confirming: 5/9
[3 INFO main 4787843] Confirming: 6/9
[3 INFO main 4789907] Confirming: 7/9
[3 INFO main 4792070] Confirming: 8/9
[3 INFO main 4794315] Confirming: 9/9
[3 INFO main 4802812] Scout.Query -> Verify.DriveTo | Go to unverified source
[3 INFO main 4833579] Verify.DriveTo -> Verify.Homing | Homing
[3 INFO main 4856793] Verify.Homing -> Scout.Query | Arrived home
[3 INFO main 4866929] Confirming: 1/9
[3 INFO main 4868960] Confirming: 2/9
[3 INFO main 4871162] Confirming: 3/9
[3 INFO main 4873202] Confirming: 4/9
[3 INFO main 4875424] Confirming: 5/9
[3 INFO main 4877476] Confirming: 6/9
[3 INFO main 4879502] Confirming: 7/9
[3 INFO main 4882091] Confirming: 8/9
[3 INFO main 4884208] Confirming: 10/9
[3 INFO main 4884343] Scout.Query -> Verify.DriveTo | Go to unverified source
[3 INFO main 4900194] Verify.DriveTo -> Verify.Homing | Homing
[3 INFO main 4923704] Verify.Homing -> Scout.Query | Arrived home
[3 INFO main 4927467] Confirming: 1/9
[3 INFO main 4929496] Confirming: 2/9
[3 INFO main 4931537] Confirming: 3/9
[3 INFO main 4933681] Confirming: 4/9
[3 INFO main 4935792] Confirming: 5/9
[3 INFO main 4937803] Confirming: 6/9
[3 INFO main 4940057] Confirming: 7/9
[3 INFO main 4942125] Confirming: 8/9
[3 INFO main 4944177] Confirming: 9/9
[3 INFO main 4945106] Scout.Query -> Verify.DriveTo | Go to unverified source
[3 INFO main 4975944] Verify.DriveTo -> Verify.Homing | Homing
[3 INFO main 4986416] Confirming: 1/9
[3 INFO main 4988413] Confirming: 2/9
[3 INFO main 4990483] Confirming: 3/9
[3 INFO main 4992027] Verify.Homing -> Scout.Query | Arrived home
[3 INFO main 4992531] Confirming: 4/9
[3 INFO main 4994553] Confirming: 5/9
[3 INFO main 4996595] Confirming: 6/9
[3 INFO main 4998651] Confirming: 7/9
[3 INFO main 5000885] Confirming: 8/9
[3 INFO main 5002923] Confirming: 9/9
[3 INFO main 5002991] Scout.Query -> Verify.DriveTo | Go to unverified source
[3 INFO main 5067236] Verify.DriveTo -> Verify.Homing | Homing
[3 INFO main 5077878] Confirming: 1/9
[3 INFO main 5079962] Confirming: 2/9
[3 INFO main 5081980] Confirming: 3/9
[3 INFO main 5084034] Confirming: 4/9
[3 INFO main 5086118] Confirming: 5/9
[3 INFO main 5088141] Confirming: 6/9
[3 INFO main 5090251] Confirming: 8/9
[3 INFO main 5092317] Confirming: 9/9
[3 INFO main 5101019] Verify.Homing -> Scout.Query | Arrived home
[3 INFO main 5101632] Scout.Query -> Verify.DriveTo | Go to unverified source
[3 INFO main 5138162] Verify.DriveTo -> Verify.Homing | Homing
[3 INFO main 5158632] Verify.Homing -> Scout.Query | Arrived home
[3 INFO main 5167478] Confirming: 1/9
[3 INFO main 5169540] Confirming: 2/9
[3 INFO main 5171678] Confirming: 3/9
[3 INFO main 5173942] Confirming: 4/9
[3 INFO main 5175983] Confirming: 5/9
[3 INFO main 5178109] Confirming: 6/9
[3 INFO main 5180126] Confirming: 7/9
[3 INFO main 5182175] Confirming: 9/9
[3 INFO main 5183119] Scout.Query -> Verify.DriveTo | Go to unverified source
[3 INFO main 5231017] Verify.DriveTo -> Verify.Homing | Homing
[3 INFO main 5256743] Confirming: 1/9
[3 INFO main 5258897] Confirming: 2/9
[3 INFO main 5259667] Verify.Homing -> Scout.Query | Arrived home
[3 INFO main 5260921] Confirming: 3/9
[3 INFO main 5263055] Confirming: 4/9
[3 INFO main 5265112] Confirming: 5/9
[3 INFO main 5267178] Confirming: 6/9
[3 INFO main 5269303] Confirming: 7/9
[3 INFO main 5271313] Confirming: 8/9
[3 INFO main 5273405] Confirming: 9/9
[3 INFO main 5274080] Scout.Query -> Verify.DriveTo | Go to unverified source
[3 INFO main 5319851] Verify.DriveTo -> Verify.Homing | Homing
[3 INFO main 5334628] Confirming: 1/9
[3 INFO main 5336869] Confirming: 2/9
[3 INFO main 5338915] Confirming: 3/9
[3 INFO main 5340945] Confirming: 4/9
[3 INFO main 5342995] Confirming: 5/9
[3 INFO main 5346608] Verify.Homing -> Scout.Query | Arrived home
[3 INFO main 5347107] Confirming: 7/9
[3 INFO main 5351205] Confirming: 9/9
[3 INFO main 5351515] Scout.Query -> Verify.DriveTo | Go to unverified source
