[14 INFO main 27] Initialising Python Geth Console...
[14 INFO main 32] Initialising RandB board...
[14 INFO main 32] Initialising navigation...
[14 INFO main 32] Initialising random-walk...
[14 INFO main 32] Initialising odometry...
[14 INFO main 32] Initialising ground-sensors...
[14 INFO main 144] --//-- Starting Experiment --//--
[14 INFO main 1615] Idle.IDLE -> Scout.Query | Duration: 24.94
[14 INFO main 18710] Scout.Query -> Verify.DriveTo | Go to unverified source
[14 INFO main 98642] Verify.DriveTo -> Verify.Homing | Homing
[14 INFO main 118920] Verify.Homing -> Scout.Query | Arrived home
[14 INFO main 121603] Confirming: 1/9
[14 INFO main 123682] Confirming: 2/9
[14 INFO main 125723] Confirming: 3/9
[14 INFO main 127828] Confirming: 5/9
[14 INFO main 129870] Confirming: 6/9
[14 INFO main 134115] Confirming: 7/9
[14 INFO main 136221] Confirming: 8/9
[14 INFO main 138279] Confirming: 9/9
[14 INFO main 138304] Scout.Query -> Verify.DriveTo | Go to unverified source
[14 INFO main 317680] Verify.DriveTo -> Verify.Homing | Homing
[14 INFO main 329999] Confirming: 1/9
[14 INFO main 332076] Confirming: 2/9
[14 INFO main 334137] Confirming: 3/9
[14 INFO main 336192] Confirming: 4/9
[14 INFO main 338355] Confirming: 5/9
[14 INFO main 342515] Confirming: 7/9
[14 INFO main 344574] Confirming: 8/9
[14 INFO main 345038] Verify.Homing -> Scout.Query | Arrived home
[14 INFO main 346654] Confirming: 9/9
[14 INFO main 347340] Scout.Query -> Verify.DriveTo | Go to unverified source
[14 INFO main 363179] Verify.DriveTo -> Verify.Homing | Homing
[14 INFO main 373881] Verify.Homing -> Scout.Query | Arrived home
[14 INFO main 390618] Confirming: 1/9
[14 INFO main 392672] Confirming: 2/9
[14 INFO main 402975] Confirming: 3/9
[14 INFO main 407058] Confirming: 8/9
[14 INFO main 409122] Confirming: 10/9
[14 INFO main 409579] Scout.Query -> Verify.DriveTo | Go to unverified source
[14 INFO main 444454] Verify.DriveTo -> Verify.Homing | Homing
[14 INFO main 469115] Verify.Homing -> Scout.Query | Arrived home
[14 INFO main 481395] Confirming: 1/9
[14 INFO main 483451] Confirming: 2/9
[14 INFO main 485496] Confirming: 3/9
[14 INFO main 487550] Confirming: 4/9
[14 INFO main 489682] Confirming: 5/9
[14 INFO main 491707] Confirming: 6/9
[14 INFO main 493710] Confirming: 7/9
[14 INFO main 495746] Confirming: 9/9
[14 INFO main 496506] Scout.Query -> Verify.DriveTo | Go to unverified source
[14 INFO main 625814] Verify.DriveTo -> Verify.Homing | Homing
[14 INFO main 657450] Verify.Homing -> Scout.Query | Arrived home
[14 INFO main 659263] Confirming: 1/9
[14 INFO main 661310] Confirming: 2/9
[14 INFO main 663880] Confirming: 3/9
[14 INFO main 665907] Confirming: 5/9
[14 INFO main 668009] Confirming: 6/9
[14 INFO main 672193] Confirming: 8/9
[14 INFO main 676261] Confirming: 9/9
[14 INFO main 676676] Scout.Query -> Verify.DriveTo | Go to unverified source
[14 INFO main 714617] Verify.DriveTo -> Verify.Homing | Homing
[14 INFO main 733722] Verify.Homing -> Scout.Query | Arrived home
[14 INFO main 745644] Confirming: 1/9
[14 INFO main 747712] Confirming: 2/9
[14 INFO main 749780] Confirming: 4/9
[14 INFO main 753936] Confirming: 5/9
[14 INFO main 756027] Confirming: 6/9
[14 INFO main 758099] Confirming: 8/9
[14 INFO main 760238] Confirming: 9/9
[14 INFO main 760710] Scout.Query -> Verify.DriveTo | Go to unverified source
[14 INFO main 844281] Verify.DriveTo -> Verify.Homing | Homing
[14 INFO main 866477] Verify.Homing -> Scout.Query | Arrived home
[14 INFO main 871229] Confirming: 1/9
[14 INFO main 873318] Confirming: 2/9
[14 INFO main 875322] Confirming: 3/9
[14 INFO main 877628] Confirming: 4/9
[14 INFO main 879684] Confirming: 5/9
[14 INFO main 881691] Confirming: 6/9
[14 INFO main 883714] Confirming: 7/9
[14 INFO main 885742] Confirming: 8/9
[14 INFO main 887823] Confirming: 9/9
[14 INFO main 887863] Scout.Query -> Verify.DriveTo | Go to unverified source
[14 INFO main 1079281] Verify.DriveTo -> Verify.Homing | Homing
[14 INFO main 1112711] Confirming: 1/9
[14 INFO main 1114801] Confirming: 3/9
[14 INFO main 1116951] Confirming: 4/9
[14 INFO main 1118996] Confirming: 5/9
[14 INFO main 1121003] Confirming: 6/9
[14 INFO main 1123099] Confirming: 7/9
[14 INFO main 1125198] Confirming: 8/9
[14 INFO main 1125834] Verify.Homing -> Scout.Query | Arrived home
[14 INFO main 1127224] Confirming: 9/9
[14 INFO main 1127263] Scout.Query -> Verify.DriveTo | Go to unverified source
[14 INFO main 1163704] Verify.DriveTo -> Verify.Homing | Homing
[14 INFO main 1171975] Confirming: 1/9
[14 INFO main 1174089] Confirming: 2/9
[14 INFO main 1176209] Confirming: 3/9
[14 INFO main 1178216] Confirming: 4/9
[14 INFO main 1180225] Confirming: 5/9
[14 INFO main 1182264] Confirming: 6/9
[14 INFO main 1184306] Confirming: 7/9
[14 INFO main 1186394] Confirming: 8/9
[14 INFO main 1188459] Confirming: 9/9
[14 INFO main 1203790] Verify.Homing -> Scout.Query | Arrived home
[14 INFO main 1204021] Scout.Query -> Verify.DriveTo | Go to unverified source
[14 INFO main 1336344] Verify.DriveTo -> Verify.Homing | Homing
[14 INFO main 1349556] Confirming: 1/9
[14 INFO main 1351654] Confirming: 2/9
[14 INFO main 1353750] Confirming: 3/9
[14 INFO main 1356044] Confirming: 4/9
[14 INFO main 1358128] Confirming: 6/9
[14 INFO main 1360187] Confirming: 7/9
[14 INFO main 1364306] Confirming: 8/9
[14 INFO main 1366327] Confirming: 10/9
[14 INFO main 1366483] Verify.Homing -> Scout.Query | Arrived home
[14 INFO main 1366691] Scout.Query -> Verify.DriveTo | Go to unverified source
[14 INFO main 1427186] Verify.DriveTo -> Verify.Homing | Homing
[14 INFO main 1443966] Confirming: 1/9
[14 INFO main 1451243] Verify.Homing -> Scout.Query | Arrived home
[14 INFO main 1474947] Confirming: 2/9
[14 INFO main 1477004] Confirming: 3/9
[14 INFO main 1479014] Confirming: 4/9
[14 INFO main 1481180] Confirming: 5/9
[14 INFO main 1483240] Confirming: 6/9
[14 INFO main 1485357] Confirming: 7/9
[14 INFO main 1487396] Confirming: 8/9
[14 INFO main 1491506] Confirming: 10/9
[14 INFO main 1492204] Scout.Query -> Verify.DriveTo | Go to unverified source
[14 INFO main 1590305] Verify.DriveTo -> Verify.Homing | Homing
[14 INFO main 1617649] Verify.Homing -> Scout.Query | Arrived home
[14 INFO main 1623218] Confirming: 1/9
[14 INFO main 1625238] Confirming: 2/9
[14 INFO main 1627264] Confirming: 3/9
[14 INFO main 1629328] Confirming: 4/9
[14 INFO main 1631344] Confirming: 5/9
[14 INFO main 1633415] Confirming: 6/9
[14 INFO main 1635417] Confirming: 7/9
[14 INFO main 1637510] Confirming: 8/9
[14 INFO main 1639556] Confirming: 9/9
[14 INFO main 1639677] Scout.Query -> Verify.DriveTo | Go to unverified source
[14 INFO main 1725607] Verify.DriveTo -> Verify.Homing | Homing
[14 INFO main 1746312] Confirming: 2/9
[14 INFO main 1748340] Confirming: 3/9
[14 INFO main 1748676] Verify.Homing -> Scout.Query | Arrived home
[14 INFO main 1750432] Confirming: 4/9
[14 INFO main 1752516] Confirming: 5/9
[14 INFO main 1754551] Confirming: 6/9
[14 INFO main 1756603] Confirming: 7/9
[14 INFO main 1758641] Confirming: 8/9
[14 INFO main 1760644] Confirming: 9/9
[14 INFO main 1760817] Scout.Query -> Verify.DriveTo | Go to unverified source
