[10 INFO main 28] Initialising Python Geth Console...
[10 INFO main 34] Initialising RandB board...
[10 INFO main 34] Initialising navigation...
[10 INFO main 34] Initialising random-walk...
[10 INFO main 34] Initialising odometry...
[10 INFO main 34] Initialising ground-sensors...
[10 INFO main 839] --//-- Starting Experiment --//--
[10 INFO main 1939] Idle.IDLE -> Scout.Query | Duration: 20.31
[10 INFO main 46669] Scout.Query -> Scout.GotoCenter | Drive to others reported pos
[10 INFO main 60565] Scout.GotoCenter -> Scout.Query | return to random walk
[10 INFO main 182486] Scout.Query -> Scout.GotoCenter | Drive to others reported pos
[10 INFO main 230967] Scout.GotoCenter -> Scout.Query | return to random walk
[10 INFO main 701309] Scout.Query -> Scout.GotoCenter | Drive to others reported pos
[10 INFO main 727437] Scout.GotoCenter -> Scout.Query | return to random walk
[10 INFO main 823774] Scout.Query -> Scout.GotoCenter | Drive to others reported pos
[10 INFO main 851941] Scout.GotoCenter -> Scout.Query | return to random walk
[10 INFO main 1050223] Scout.Query -> Scout.GotoCenter | Drive to others reported pos
[10 INFO main 1066710] Scout.GotoCenter -> Scout.Query | return to random walk
[10 INFO main 1193318] Scout.Query -> Scout.GotoCenter | Drive to others reported pos
[10 INFO main 1222919] Scout.GotoCenter -> Scout.Query | return to random walk
[10 INFO main 1268995] Scout.Query -> Scout.GotoCenter | Drive to others reported pos
[10 INFO main 1303890] Scout.GotoCenter -> Scout.Query | return to random walk
