[INFO main 65] Initialising peer buffer...
[INFO main 65] Initialising resource buffer...
[INFO main 65] Initialising TCP server...
[INFO main 65] Initialising RandB board...
[INFO main 65] Initialising ground-sensors...
[INFO main 65] Initialising random-walk...
[INFO main 736] --//-- Starting Experiment --//--
[INFO main 131197] Added resource: {"x": -0.8, "y": -0.79, "radius": 0.04, "quantity": 1, "quality": "blue", "timeStamp": 0}
[INFO main 131198] Removed resource: {"x": -0.8, "y": -0.79, "radius": 0.04, "quantity": 1, "quality": "blue", "timeStamp": 0}
[INFO main 217609] Added resource: {"x": -1.12, "y": -0.86, "radius": 0.05, "quantity": 1, "quality": "blue", "timeStamp": 0}
[INFO main 227922] Added resource: {"x": -0.68, "y": -0.5, "radius": 0.05, "quantity": 1, "quality": "green", "timeStamp": 0}
[INFO main 291902] Removed resource: {"x": -1.12, "y": -0.86, "radius": 0.05, "quantity": 1, "quality": "blue", "timeStamp": 0}
[INFO main 338059] Removed resource: {"x": -0.68, "y": -0.5, "radius": 0.05, "quantity": 1, "quality": "green", "timeStamp": 0}
[INFO main 356081] Added resource: {"x": -0.67, "y": 0.02, "radius": 0.06, "quantity": 1, "quality": "yellow", "timeStamp": 0}
[INFO main 374506] Removed resource: {"x": -0.67, "y": 0.02, "radius": 0.06, "quantity": 1, "quality": "yellow", "timeStamp": 0}
[INFO main 423574] Added resource: {"x": -1.01, "y": 1.07, "radius": 0.05, "quantity": 1, "quality": "blue", "timeStamp": 0}
[INFO main 433680] Added resource: {"x": -0.65, "y": 0.72, "radius": 0.06, "quantity": 1, "quality": "blue", "timeStamp": 0}
[INFO main 495051] Removed resource: {"x": -0.65, "y": 0.72, "radius": 0.06, "quantity": 1, "quality": "blue", "timeStamp": 0}
[INFO main 506164] Added resource: {"x": -0.9, "y": 1.19, "radius": 0.04, "quantity": 1, "quality": "red", "timeStamp": 0}
[INFO main 590168] Removed resource: {"x": -1.01, "y": 1.07, "radius": 0.05, "quantity": 1, "quality": "blue", "timeStamp": 0}
