[INFO main 27] Initialising peer buffer...
[INFO main 27] Initialising resource buffer...
[INFO main 27] Initialising TCP server...
[INFO main 27] Initialising RandB board...
[INFO main 27] Initialising ground-sensors...
[INFO main 27] Initialising random-walk...
[INFO main 1284] --//-- Starting Experiment --//--
[INFO main 3887] Added resource: {"x": 0.49, "y": 1.07, "radius": 0.06, "quantity": 1, "quality": "blue", "timeStamp": 0}
[INFO main 56746] Added resource: {"x": 0.29, "y": 0.65, "radius": 0.05, "quantity": 1, "quality": "yellow", "timeStamp": 0}
[INFO main 78070] Removed resource: {"x": 0.29, "y": 0.65, "radius": 0.05, "quantity": 1, "quality": "yellow", "timeStamp": 0}
[INFO main 116714] Added resource: {"x": 1.15, "y": 0.31, "radius": 0.05, "quantity": 1, "quality": "red", "timeStamp": 0}
[INFO main 127826] Added resource: {"x": 0.64, "y": 0.15, "radius": 0.05, "quantity": 1, "quality": "blue", "timeStamp": 0}
[INFO main 165271] Added resource: {"x": 0.23, "y": 0.9, "radius": 0.05, "quantity": 1, "quality": "green", "timeStamp": 0}
[INFO main 173079] Added resource: {"x": 0.09, "y": 0.54, "radius": 0.05, "quantity": 1, "quality": "red", "timeStamp": 0}
[INFO main 196605] Added resource: {"x": -0.41, "y": -0.3, "radius": 0.05, "quantity": 1, "quality": "yellow", "timeStamp": 0}
[INFO main 260976] Removed resource: {"x": -0.41, "y": -0.3, "radius": 0.05, "quantity": 1, "quality": "yellow", "timeStamp": 0}
[INFO main 280895] Added resource: {"x": -0.41, "y": -0.17, "radius": 0.04, "quantity": 1, "quality": "yellow", "timeStamp": 0}
[INFO main 311826] Removed resource: {"x": -0.41, "y": -0.17, "radius": 0.04, "quantity": 1, "quality": "yellow", "timeStamp": 0}
[INFO main 355273] Removed resource: {"x": 0.64, "y": 0.15, "radius": 0.05, "quantity": 1, "quality": "blue", "timeStamp": 0}
[INFO main 372892] Added resource: {"x": 0.81, "y": 0.69, "radius": 0.06, "quantity": 1, "quality": "blue", "timeStamp": 0}
[INFO main 392612] Added resource: {"x": 0.28, "y": 0.2, "radius": 0.05, "quantity": 1, "quality": "yellow", "timeStamp": 0}
[INFO main 398521] Removed resource: {"x": 0.28, "y": 0.2, "radius": 0.05, "quantity": 1, "quality": "yellow", "timeStamp": 0}
[INFO main 427652] Added resource: {"x": 0.21, "y": 0.89, "radius": 0.05, "quantity": 1, "quality": "green", "timeStamp": 0}
[INFO main 487120] Removed resource: {"x": 0.81, "y": 0.69, "radius": 0.06, "quantity": 1, "quality": "blue", "timeStamp": 0}
[INFO main 501138] Added resource: {"x": 0.86, "y": 1.2, "radius": 0.06, "quantity": 1, "quality": "blue", "timeStamp": 0}
[INFO main 509643] Added resource: {"x": 0.61, "y": 0.8, "radius": 0.05, "quantity": 1, "quality": "red", "timeStamp": 0}
