[INFO main 27] Initialising peer buffer...
[INFO main 27] Initialising resource buffer...
[INFO main 27] Initialising TCP server...
[INFO main 27] Initialising RandB board...
[INFO main 27] Initialising ground-sensors...
[INFO main 27] Initialising random-walk...
[INFO main 793] --//-- Starting Experiment --//--
[INFO main 26222] Added resource: {"x": 0.95, "y": 0.87, "radius": 0.05, "quantity": 1, "quality": "blue", "timeStamp": 0}
[INFO main 46446] Removed resource: {"x": 0.95, "y": 0.87, "radius": 0.05, "quantity": 1, "quality": "blue", "timeStamp": 0}
[INFO main 58159] Added resource: {"x": 0.5, "y": 0.56, "radius": 0.05, "quantity": 1, "quality": "blue", "timeStamp": 0}
[INFO main 85694] Removed resource: {"x": 0.5, "y": 0.56, "radius": 0.05, "quantity": 1, "quality": "blue", "timeStamp": 0}
[INFO main 111225] Added resource: {"x": 0.47, "y": -0.16, "radius": 0.05, "quantity": 1, "quality": "red", "timeStamp": 0}
[INFO main 123342] Removed resource: {"x": 0.47, "y": -0.16, "radius": 0.05, "quantity": 1, "quality": "red", "timeStamp": 0}
[INFO main 134153] Added resource: {"x": 0.99, "y": -0.26, "radius": 0.05, "quantity": 1, "quality": "blue", "timeStamp": 0}
[INFO main 139761] Added resource: {"x": 0.74, "y": -0.14, "radius": 0.05, "quantity": 1, "quality": "yellow", "timeStamp": 0}
[INFO main 162186] Removed resource: {"x": 0.74, "y": -0.14, "radius": 0.05, "quantity": 1, "quality": "yellow", "timeStamp": 0}
[INFO main 187619] Added resource: {"x": 0.39, "y": 0.19, "radius": 0.06, "quantity": 1, "quality": "yellow", "timeStamp": 0}
[INFO main 237880] Removed resource: {"x": 0.39, "y": 0.19, "radius": 0.06, "quantity": 1, "quality": "yellow", "timeStamp": 0}
[INFO main 276032] Removed resource: {"x": 0.99, "y": -0.26, "radius": 0.05, "quantity": 1, "quality": "blue", "timeStamp": 0}
[INFO main 293549] Added resource: {"x": 0.69, "y": -0.51, "radius": 0.05, "quantity": 1, "quality": "red", "timeStamp": 0}
[INFO main 320382] Removed resource: {"x": 0.69, "y": -0.51, "radius": 0.05, "quantity": 1, "quality": "red", "timeStamp": 0}
[INFO main 327690] Added resource: {"x": 0.91, "y": -0.79, "radius": 0.05, "quantity": 1, "quality": "red", "timeStamp": 0}
[INFO main 340205] Added resource: {"x": 0.43, "y": -0.45, "radius": 0.05, "quantity": 1, "quality": "red", "timeStamp": 0}
[INFO main 342908] Added resource: {"x": 0.35, "y": -0.32, "radius": 0.04, "quantity": 1, "quality": "blue", "timeStamp": 0}
[INFO main 363033] Removed resource: {"x": 0.35, "y": -0.32, "radius": 0.04, "quantity": 1, "quality": "blue", "timeStamp": 0}
[INFO main 393669] Removed resource: {"x": 0.43, "y": -0.45, "radius": 0.05, "quantity": 1, "quality": "red", "timeStamp": 0}
[INFO main 430813] Added resource: {"x": -1.1, "y": 0.37, "radius": 0.05, "quantity": 1, "quality": "yellow", "timeStamp": 0}
[INFO main 472965] Removed resource: {"x": -1.1, "y": 0.37, "radius": 0.05, "quantity": 1, "quality": "yellow", "timeStamp": 0}
[INFO main 485878] Added resource: {"x": -0.82, "y": 0.42, "radius": 0.05, "quantity": 1, "quality": "green", "timeStamp": 0}
[INFO main 555261] Removed resource: {"x": -0.82, "y": 0.42, "radius": 0.05, "quantity": 1, "quality": "green", "timeStamp": 0}
[INFO main 576088] Added resource: {"x": -0.8, "y": 0.96, "radius": 0.04, "quantity": 1, "quality": "red", "timeStamp": 0}
