[INFO main 28] Initialising peer buffer...
[INFO main 28] Initialising resource buffer...
[INFO main 28] Initialising TCP server...
[INFO main 28] Initialising RandB board...
[INFO main 28] Initialising ground-sensors...
[INFO main 28] Initialising random-walk...
[INFO main 1259] --//-- Starting Experiment --//--
[INFO main 2261] Added resource: {"x": -0.78, "y": -0.38, "radius": 0.04, "quantity": 1, "quality": "green", "timeStamp": 0}
[INFO main 22989] Added resource: {"x": -1.12, "y": -1.06, "radius": 0.06, "quantity": 1, "quality": "blue", "timeStamp": 0}
[INFO main 73446] Removed resource: {"x": -1.12, "y": -1.06, "radius": 0.06, "quantity": 1, "quality": "blue", "timeStamp": 0}
[INFO main 123109] Removed resource: {"x": -0.78, "y": -0.38, "radius": 0.04, "quantity": 1, "quality": "green", "timeStamp": 0}
[INFO main 176162] Added resource: {"x": -0.93, "y": -0.3, "radius": 0.05, "quantity": 1, "quality": "blue", "timeStamp": 0}
[INFO main 184471] Added resource: {"x": -0.65, "y": -0.06, "radius": 0.05, "quantity": 1, "quality": "green", "timeStamp": 0}
[INFO main 219811] Added resource: {"x": -0.57, "y": -0.19, "radius": 0.05, "quantity": 1, "quality": "red", "timeStamp": 0}
[INFO main 245045] Removed resource: {"x": -0.93, "y": -0.3, "radius": 0.05, "quantity": 1, "quality": "blue", "timeStamp": 0}
[INFO main 289992] Removed resource: {"x": -0.65, "y": -0.06, "radius": 0.05, "quantity": 1, "quality": "green", "timeStamp": 0}
[INFO main 317923] Added resource: {"x": -0.75, "y": -0.94, "radius": 0.05, "quantity": 1, "quality": "blue", "timeStamp": 0}
[INFO main 362972] Removed resource: {"x": -0.75, "y": -0.94, "radius": 0.05, "quantity": 1, "quality": "blue", "timeStamp": 0}
[INFO main 386499] Added resource: {"x": -0.83, "y": -0.56, "radius": 0.05, "quantity": 1, "quality": "green", "timeStamp": 0}
[INFO main 392004] Added resource: {"x": -0.61, "y": -0.41, "radius": 0.04, "quantity": 1, "quality": "red", "timeStamp": 0}
[INFO main 420940] Removed resource: {"x": -0.83, "y": -0.56, "radius": 0.05, "quantity": 1, "quality": "green", "timeStamp": 0}
[INFO main 422540] Added resource: {"x": -0.89, "y": -0.59, "radius": 0.04, "quantity": 1, "quality": "green", "timeStamp": 0}
[INFO main 432459] Added resource: {"x": -0.5, "y": -0.37, "radius": 0.04, "quantity": 1, "quality": "blue", "timeStamp": 0}
[INFO main 464887] Removed resource: {"x": -0.5, "y": -0.37, "radius": 0.04, "quantity": 1, "quality": "blue", "timeStamp": 0}
[INFO main 535065] Added resource: {"x": 0.25, "y": 0.9, "radius": 0.05, "quantity": 1, "quality": "green", "timeStamp": 0}
