[15 INFO main 29] Initialising Python Geth Console...
[15 INFO main 33] Initialising RandB board...
[15 INFO main 33] Initialising navigation...
[15 INFO main 33] Initialising random-walk...
[15 INFO main 33] Initialising odometry...
[15 INFO main 33] Initialising ground-sensors...
[15 INFO main 51] --//-- Starting Experiment --//--
[15 INFO main 1147] Idle.IDLE -> Scout.Query | Duration: 23.05
[15 INFO main 51183] Scout.Query -> Scout.GotoCenter | Drive to others reported pos
[15 INFO main 70938] Scout.GotoCenter -> Scout.Query | return to random walk
[15 INFO main 85555] Confirming: 1/8
[15 INFO main 87619] Confirming: 2/8
[15 INFO main 89699] Confirming: 3/8
[15 INFO main 91801] Confirming: 4/8
[15 INFO main 93826] Confirming: 5/8
[15 INFO main 95842] Confirming: 6/8
[15 INFO main 97967] Confirming: 7/8
[15 INFO main 99987] Confirming: 8/8
[15 INFO main 132115] Scout.Query -> Scout.GotoCenter | Drive to others reported pos
[15 INFO main 321985] Scout.GotoCenter -> Scout.Query | return to random walk
[15 INFO main 360755] Confirming: 1/8
[15 INFO main 362793] Confirming: 2/8
[15 INFO main 364854] Confirming: 4/8
[15 INFO main 366915] Confirming: 5/8
[15 INFO main 368946] Confirming: 6/8
[15 INFO main 371013] Confirming: 7/8
[15 INFO main 373042] Confirming: 8/8
[15 INFO main 640270] Scout.Query -> Scout.GotoCenter | Drive to others reported pos
[15 INFO main 678273] Scout.GotoCenter -> Scout.Query | return to random walk
[15 INFO main 707190] Confirming: 1/8
[15 INFO main 709262] Confirming: 2/8
[15 INFO main 711279] Confirming: 3/8
[15 INFO main 715322] Confirming: 5/8
[15 INFO main 717350] Confirming: 6/8
[15 INFO main 719399] Confirming: 7/8
[15 INFO main 721435] Confirming: 8/8
[15 INFO main 886123] Scout.Query -> Scout.GotoCenter | Drive to others reported pos
[15 INFO main 991901] Scout.GotoCenter -> Scout.Query | return to random walk
[15 INFO main 1014687] Confirming: 1/8
[15 INFO main 1016774] Confirming: 2/8
[15 INFO main 1018854] Confirming: 3/8
[15 INFO main 1020874] Confirming: 4/8
[15 INFO main 1022894] Confirming: 5/8
[15 INFO main 1035320] Confirming: 11/8
[15 INFO main 1038618] Scout.Query -> Scout.GotoCenter | Drive to others reported pos
[15 INFO main 1083818] Scout.GotoCenter -> Scout.Query | return to random walk
[15 INFO main 1112766] Confirming: 3/8
[15 INFO main 1133623] Confirming: 4/8
[15 INFO main 1135626] Confirming: 7/8
[15 INFO main 1137651] Confirming: 8/8
[15 INFO main 1292239] Scout.Query -> Scout.GotoCenter | Drive to others reported pos
[15 INFO main 1346915] Scout.GotoCenter -> Scout.Query | return to random walk
[15 INFO main 1361541] Confirming: 1/8
[15 INFO main 1363606] Confirming: 2/8
[15 INFO main 1365609] Confirming: 3/8
[15 INFO main 1367739] Confirming: 4/8
[15 INFO main 1369809] Confirming: 6/8
[15 INFO main 1373887] Confirming: 8/8
[15 INFO main 1377403] Scout.Query -> Scout.GotoCenter | Drive to others reported pos
[15 INFO main 1413730] Scout.GotoCenter -> Scout.Query | return to random walk
[15 INFO main 1420027] Confirming: 1/8
[15 INFO main 1422118] Confirming: 2/8
[15 INFO main 1424146] Confirming: 3/8
[15 INFO main 1428338] Confirming: 5/8
[15 INFO main 1430422] Confirming: 6/8
[15 INFO main 1432479] Confirming: 7/8
[15 INFO main 1434514] Confirming: 8/8
[15 INFO main 1667624] Scout.Query -> Scout.GotoCenter | Drive to others reported pos
[15 INFO main 1804304] Scout.GotoCenter -> Scout.Query | return to random walk
[15 INFO main 1862238] Confirming: 1/8
[15 INFO main 1864343] Confirming: 2/8
[15 INFO main 1866375] Confirming: 3/8
[15 INFO main 1870335] Confirming: 5/8
[15 INFO main 1874526] Confirming: 7/8
[15 INFO main 1876590] Confirming: 8/8
[15 INFO main 1880234] Scout.Query -> Scout.GotoCenter | Drive to others reported pos
[15 INFO main 2010189] Scout.GotoCenter -> Scout.Query | return to random walk
[15 INFO main 2026611] Confirming: 1/8
[15 INFO main 2047082] Confirming: 3/8
[15 INFO main 2051218] Confirming: 4/8
[15 INFO main 2053246] Confirming: 5/8
[15 INFO main 2057299] Confirming: 7/8
[15 INFO main 2059326] Confirming: 8/8
[15 INFO main 2111242] Scout.Query -> Scout.GotoCenter | Drive to others reported pos
[15 INFO main 2282213] Scout.GotoCenter -> Scout.Query | return to random walk
[15 INFO main 2288555] Confirming: 1/8
[15 INFO main 2290590] Confirming: 2/8
[15 INFO main 2292626] Confirming: 3/8
[15 INFO main 2294663] Confirming: 4/8
[15 INFO main 2296650] Confirming: 5/8
[15 INFO main 2298740] Confirming: 6/8
[15 INFO main 2306951] Confirming: 9/8
[15 INFO main 2322802] Scout.Query -> Scout.GotoCenter | Drive to others reported pos
[15 INFO main 2404789] Scout.GotoCenter -> Scout.Query | return to random walk
[15 INFO main 2427629] Confirming: 1/8
[15 INFO main 2429698] Confirming: 2/8
[15 INFO main 2433906] Confirming: 4/8
[15 INFO main 2435991] Confirming: 5/8
[15 INFO main 2438014] Confirming: 6/8
[15 INFO main 2440065] Confirming: 7/8
[15 INFO main 2442111] Confirming: 8/8
[15 INFO main 2453920] Scout.Query -> Scout.GotoCenter | Drive to others reported pos
[15 INFO main 2497620] Scout.GotoCenter -> Scout.Query | return to random walk
[15 INFO main 2506103] Confirming: 2/8
[15 INFO main 2508331] Confirming: 3/8
[15 INFO main 2510359] Confirming: 4/8
[15 INFO main 2512458] Confirming: 5/8
[15 INFO main 2514463] Confirming: 6/8
[15 INFO main 2516574] Confirming: 7/8
[15 INFO main 2518610] Confirming: 8/8
[15 INFO main 2723053] Scout.Query -> Scout.GotoCenter | Drive to others reported pos
[15 INFO main 2768984] Scout.GotoCenter -> Scout.Query | return to random walk
[15 INFO main 2775210] Confirming: 1/8
[15 INFO main 2779238] Confirming: 3/8
[15 INFO main 2781287] Confirming: 4/8
[15 INFO main 2783313] Confirming: 5/8
[15 INFO main 2785399] Confirming: 6/8
[15 INFO main 2787551] Confirming: 7/8
[15 INFO main 2789562] Confirming: 8/8
[15 INFO main 2794366] Scout.Query -> Scout.GotoCenter | Drive to others reported pos
[15 INFO main 2969207] Scout.GotoCenter -> Scout.Query | return to random walk
[15 INFO main 2990047] Confirming: 1/8
[15 INFO main 2992137] Confirming: 2/8
[15 INFO main 3027038] Confirming: 3/8
[15 INFO main 3029194] Confirming: 5/8
[15 INFO main 3031258] Confirming: 6/8
[15 INFO main 3033326] Confirming: 7/8
[15 INFO main 3035431] Confirming: 8/8
[15 INFO main 3045730] Scout.Query -> Scout.GotoCenter | Drive to others reported pos
[15 INFO main 3144912] Scout.GotoCenter -> Scout.Query | return to random walk
[15 INFO main 3175851] Confirming: 1/8
[15 INFO main 3180114] Confirming: 3/8
[15 INFO main 3182185] Confirming: 4/8
[15 INFO main 3184202] Confirming: 5/8
[15 INFO main 3186235] Confirming: 6/8
[15 INFO main 3190282] Confirming: 7/8
[15 INFO main 3192502] Confirming: 8/8
[15 INFO main 3195532] Scout.Query -> Scout.GotoCenter | Drive to others reported pos
[15 INFO main 3228972] Scout.GotoCenter -> Scout.Query | return to random walk
[15 INFO main 3241438] Confirming: 1/8
[15 INFO main 3243618] Confirming: 2/8
[15 INFO main 3245669] Confirming: 3/8
[15 INFO main 3247715] Confirming: 4/8
[15 INFO main 3249725] Confirming: 5/8
[15 INFO main 3251830] Confirming: 7/8
[15 INFO main 3253862] Confirming: 8/8
[15 INFO main 3370831] Scout.Query -> Scout.GotoCenter | Drive to others reported pos
[15 INFO main 3554213] Scout.GotoCenter -> Scout.Query | return to random walk
[15 INFO main 3558410] Confirming: 1/8
[15 INFO main 3560498] Confirming: 2/8
[15 INFO main 3562878] Confirming: 3/8
[15 INFO main 3564880] Confirming: 4/8
[15 INFO main 3567118] Confirming: 5/8
[15 INFO main 3569170] Confirming: 6/8
[15 INFO main 3571256] Confirming: 7/8
[15 INFO main 3573346] Confirming: 8/8
[15 INFO main 3574883] Scout.Query -> Scout.GotoCenter | Drive to others reported pos
[15 INFO main 3704114] Scout.GotoCenter -> Scout.Query | return to random walk
[15 INFO main 3721177] Confirming: 1/8
[15 INFO main 3723229] Confirming: 2/8
[15 INFO main 3725318] Confirming: 3/8
[15 INFO main 3727325] Confirming: 4/8
[15 INFO main 3729357] Confirming: 5/8
[15 INFO main 3731383] Confirming: 6/8
[15 INFO main 3733367] Confirming: 7/8
[15 INFO main 3735415] Confirming: 8/8
[15 INFO main 3800394] Scout.Query -> Scout.GotoCenter | Drive to others reported pos
[15 INFO main 3924109] Scout.GotoCenter -> Scout.Query | return to random walk
[15 INFO main 3978346] Confirming: 1/8
[15 INFO main 3980447] Confirming: 2/8
[15 INFO main 3982514] Confirming: 3/8
[15 INFO main 3984519] Confirming: 4/8
[15 INFO main 3986555] Confirming: 5/8
[15 INFO main 3988682] Confirming: 6/8
[15 INFO main 3990850] Confirming: 7/8
[15 INFO main 3993025] Confirming: 8/8
[15 INFO main 4117604] Scout.Query -> Scout.GotoCenter | Drive to others reported pos
[15 INFO main 4283034] Scout.GotoCenter -> Scout.Query | return to random walk
[15 INFO main 4306242] Confirming: 2/8
[15 INFO main 4310350] Confirming: 3/8
[15 INFO main 4312407] Confirming: 4/8
[15 INFO main 4314390] Confirming: 5/8
[15 INFO main 4316447] Confirming: 7/8
[15 INFO main 4320702] Confirming: 9/8
[15 INFO main 5675731] Scout.Query -> Scout.GotoCenter | Drive to others reported pos
[15 INFO main 5952095] Scout.GotoCenter -> Scout.Query | return to random walk
[15 INFO main 5959196] Confirming: 1/8
[15 INFO main 5961727] Confirming: 2/8
[15 INFO main 5963735] Confirming: 3/8
[15 INFO main 5966010] Confirming: 4/8
[15 INFO main 5967989] Confirming: 5/8
[15 INFO main 5970587] Confirming: 6/8
[15 INFO main 5972604] Confirming: 7/8
[15 INFO main 5974918] Confirming: 8/8
[15 INFO main 5977983] Scout.Query -> Scout.GotoCenter | Drive to others reported pos
[15 INFO main 6054809] Scout.GotoCenter -> Scout.Query | return to random walk
[15 INFO main 6082253] Confirming: 1/8
[15 INFO main 6084514] Confirming: 2/8
[15 INFO main 6086617] Confirming: 3/8
[15 INFO main 6090873] Confirming: 5/8
[15 INFO main 6092886] Confirming: 6/8
[15 INFO main 6094948] Confirming: 7/8
[15 INFO main 6097078] Confirming: 8/8
[15 INFO main 6101479] Scout.Query -> Scout.GotoCenter | Drive to others reported pos
[15 INFO main 6151093] Scout.GotoCenter -> Scout.Query | return to random walk
[15 INFO main 6172637] Confirming: 1/8
[15 INFO main 6174802] Confirming: 2/8
[15 INFO main 6176845] Confirming: 3/8
[15 INFO main 6178922] Confirming: 4/8
[15 INFO main 6180946] Confirming: 5/8
[15 INFO main 6183007] Confirming: 6/8
[15 INFO main 6185062] Confirming: 7/8
[15 INFO main 6187110] Confirming: 8/8
[15 INFO main 6202298] Scout.Query -> Scout.GotoCenter | Drive to others reported pos
[15 INFO main 6261642] Scout.GotoCenter -> Scout.Query | return to random walk
[15 INFO main 6291346] Confirming: 1/8
[15 INFO main 6293363] Confirming: 2/8
[15 INFO main 6295375] Confirming: 3/8
[15 INFO main 6297555] Confirming: 4/8
[15 INFO main 6299583] Confirming: 5/8
[15 INFO main 6301739] Confirming: 6/8
[15 INFO main 6304002] Confirming: 7/8
[15 INFO main 6306006] Confirming: 8/8
[15 INFO main 6872931] Scout.Query -> Scout.GotoCenter | Drive to others reported pos
[15 INFO main 6968422] Scout.GotoCenter -> Scout.Query | return to random walk
[15 INFO main 6978783] Confirming: 1/8
[15 INFO main 6980875] Confirming: 2/8
[15 INFO main 6982909] Confirming: 3/8
[15 INFO main 6985051] Confirming: 4/8
[15 INFO main 6987098] Confirming: 5/8
[15 INFO main 6989431] Confirming: 6/8
[15 INFO main 6991438] Confirming: 7/8
[15 INFO main 6993650] Confirming: 8/8
[15 INFO main 6994641] Scout.Query -> Scout.GotoCenter | Drive to others reported pos
[15 INFO main 7123450] Scout.GotoCenter -> Scout.Query | return to random walk
[15 INFO main 7188914] Confirming: 1/8
[15 INFO main 7191014] Confirming: 2/8
[15 INFO main 7193100] Confirming: 3/8
[15 INFO main 7195094] Confirming: 4/8
[15 INFO main 7197233] Confirming: 5/8
[15 INFO main 7199422] Confirming: 6/8
