[14 INFO main 30] Initialising Python Geth Console...
[14 INFO main 34] Initialising RandB board...
[14 INFO main 34] Initialising navigation...
[14 INFO main 34] Initialising random-walk...
[14 INFO main 34] Initialising odometry...
[14 INFO main 34] Initialising ground-sensors...
[14 INFO main 477] --//-- Starting Experiment --//--
[14 INFO main 1575] Idle.IDLE -> Scout.Query | Duration: 20.68
[14 INFO main 34329] Scout.Query -> Scout.GotoCenter | Drive to others reported pos
[14 INFO main 45438] Scout.GotoCenter -> Scout.Query | return to random walk
[14 INFO main 56255] Scout.Query -> Scout.GotoCenter | Drive to others reported pos
[14 INFO main 58452] Scout.GotoCenter -> Scout.Query | return to random walk
[14 INFO main 61564] Scout.Query -> Scout.GotoCenter | Drive to others reported pos
[14 INFO main 63451] Scout.GotoCenter -> Scout.Query | return to random walk
[14 INFO main 68676] Scout.Query -> Scout.GotoCenter | Drive to others reported pos
[14 INFO main 75581] Scout.GotoCenter -> Scout.Query | return to random walk
[14 INFO main 82388] Scout.Query -> Scout.GotoCenter | Drive to others reported pos
[14 INFO main 88191] Scout.GotoCenter -> Scout.Query | return to random walk
[14 INFO main 90796] Scout.Query -> Scout.GotoCenter | Drive to others reported pos
[14 INFO main 97302] Scout.GotoCenter -> Scout.Query | return to random walk
[14 INFO main 141467] Scout.Query -> Scout.GotoCenter | Drive to others reported pos
[14 INFO main 180813] Scout.GotoCenter -> Scout.Query | return to random walk
[14 INFO main 195643] Scout.Query -> Scout.GotoCenter | Drive to others reported pos
[14 INFO main 198435] Scout.GotoCenter -> Scout.Query | return to random walk
[14 INFO main 212350] Scout.Query -> Scout.GotoCenter | Drive to others reported pos
[14 INFO main 215149] Scout.GotoCenter -> Scout.Query | return to random walk
[14 INFO main 218465] Scout.Query -> Scout.GotoCenter | Drive to others reported pos
[14 INFO main 224166] Scout.GotoCenter -> Scout.Query | return to random walk
[14 INFO main 233077] Scout.Query -> Scout.GotoCenter | Drive to others reported pos
[14 INFO main 234488] Scout.GotoCenter -> Scout.Query | return to random walk
[14 INFO main 240397] Scout.Query -> Scout.GotoCenter | Drive to others reported pos
[14 INFO main 262106] Scout.GotoCenter -> Scout.Query | return to random walk
