[6 INFO main 26] Initialising Python Geth Console...
[6 INFO main 31] Initialising RandB board...
[6 INFO main 31] Initialising navigation...
[6 INFO main 31] Initialising random-walk...
[6 INFO main 31] Initialising odometry...
[6 INFO main 31] Initialising ground-sensors...
[6 INFO main 629] --//-- Starting Experiment --//--
[6 INFO main 2099] Idle.IDLE -> Scout.Query | Duration: 27.31
[6 INFO main 34949] Scout.Query -> Verify.DriveTo | Go to unverified source
[6 INFO main 91727] Verify.DriveTo -> Verify.Homing | Homing
[6 INFO main 112982] Verify.Homing -> Scout.Query | Arrived home
[6 INFO main 118881] Confirming: 2/9
[6 INFO main 121044] Confirming: 3/9
[6 INFO main 123067] Confirming: 4/9
[6 INFO main 125143] Confirming: 5/9
[6 INFO main 127240] Confirming: 6/9
[6 INFO main 129622] Confirming: 7/9
[6 INFO main 131678] Confirming: 8/9
[6 INFO main 133684] Confirming: 9/9
[6 INFO main 134247] Scout.Query -> Verify.DriveTo | Go to unverified source
[6 INFO main 152421] Verify.DriveTo -> Verify.Homing | Homing
[6 INFO main 162985] Confirming: 2/9
[6 INFO main 165066] Confirming: 3/9
[6 INFO main 167185] Confirming: 4/9
[6 INFO main 167185] Verify.Homing -> Scout.Query | Arrived home
[6 INFO main 169321] Confirming: 5/9
[6 INFO main 171393] Confirming: 6/9
[6 INFO main 173466] Confirming: 7/9
[6 INFO main 175525] Confirming: 8/9
[6 INFO main 177606] Confirming: 9/9
[6 INFO main 177758] Scout.Query -> Verify.DriveTo | Go to unverified source
[6 INFO main 241190] Verify.DriveTo -> Verify.Homing | Homing
[6 INFO main 251412] Confirming: 1/9
[6 INFO main 253497] Confirming: 2/9
[6 INFO main 255524] Confirming: 3/9
[6 INFO main 257594] Confirming: 4/9
[6 INFO main 259716] Confirming: 5/9
[6 INFO main 261743] Confirming: 6/9
[6 INFO main 263846] Confirming: 7/9
[6 INFO main 264627] Verify.Homing -> Scout.Query | Arrived home
[6 INFO main 265861] Confirming: 8/9
[6 INFO main 268086] Confirming: 9/9
[6 INFO main 268163] Scout.Query -> Verify.DriveTo | Go to unverified source
[6 INFO main 301006] Verify.DriveTo -> Verify.Homing | Homing
[6 INFO main 311437] Confirming: 1/9
[6 INFO main 312404] Verify.Homing -> Scout.Query | Arrived home
[6 INFO main 313460] Confirming: 2/9
[6 INFO main 315502] Confirming: 3/9
[6 INFO main 317533] Confirming: 4/9
[6 INFO main 319589] Confirming: 5/9
[6 INFO main 321588] Confirming: 6/9
[6 INFO main 323611] Confirming: 7/9
[6 INFO main 325712] Confirming: 8/9
[6 INFO main 327796] Confirming: 9/9
[6 INFO main 328490] Scout.Query -> Verify.DriveTo | Go to unverified source
[6 INFO main 354515] Verify.DriveTo -> Verify.Homing | Homing
[6 INFO main 382086] Verify.Homing -> Scout.Query | Arrived home
[6 INFO main 402217] Confirming: 1/9
[6 INFO main 404305] Confirming: 2/9
[6 INFO main 406401] Confirming: 4/9
[6 INFO main 408464] Confirming: 5/9
[6 INFO main 410510] Confirming: 6/9
[6 INFO main 412584] Confirming: 7/9
[6 INFO main 416659] Confirming: 9/9
[6 INFO main 417644] Scout.Query -> Verify.DriveTo | Go to unverified source
[6 INFO main 439852] Verify.DriveTo -> Verify.Homing | Homing
[6 INFO main 460692] Confirming: 1/9
[6 INFO main 464817] Confirming: 3/9
[6 INFO main 466918] Confirming: 4/9
[6 INFO main 469080] Confirming: 5/9
[6 INFO main 471270] Confirming: 6/9
[6 INFO main 473850] Confirming: 7/9
[6 INFO main 475865] Confirming: 8/9
[6 INFO main 477945] Confirming: 9/9
[6 INFO main 480447] Verify.Homing -> Scout.Query | Arrived home
[6 INFO main 480570] Scout.Query -> Verify.DriveTo | Go to unverified source
[6 INFO main 498565] Verify.DriveTo -> Verify.Homing | Homing
[6 INFO main 515989] Verify.Homing -> Scout.Query | Arrived home
[6 INFO main 525933] Confirming: 1/9
[6 INFO main 528027] Confirming: 2/9
[6 INFO main 530117] Confirming: 3/9
[6 INFO main 532198] Confirming: 4/9
[6 INFO main 534224] Confirming: 5/9
[6 INFO main 536370] Confirming: 6/9
[6 INFO main 538423] Confirming: 8/9
[6 INFO main 540555] Confirming: 9/9
[6 INFO main 541009] Scout.Query -> Verify.DriveTo | Go to unverified source
[6 INFO main 554808] Verify.DriveTo -> Verify.Homing | Homing
[6 INFO main 582052] Verify.Homing -> Scout.Query | Arrived home
[6 INFO main 584568] Confirming: 1/9
[6 INFO main 586584] Confirming: 2/9
[6 INFO main 588652] Confirming: 3/9
[6 INFO main 590736] Confirming: 4/9
[6 INFO main 592830] Confirming: 5/9
[6 INFO main 594838] Confirming: 6/9
[6 INFO main 597040] Confirming: 7/9
[6 INFO main 599083] Confirming: 8/9
[6 INFO main 601168] Confirming: 9/9
[6 INFO main 601846] Scout.Query -> Verify.DriveTo | Go to unverified source
[6 INFO main 678410] Verify.DriveTo -> Verify.Homing | Homing
[6 INFO main 696785] Verify.Homing -> Scout.Query | Arrived home
[6 INFO main 705619] Confirming: 1/9
[6 INFO main 707752] Confirming: 2/9
[6 INFO main 709780] Confirming: 3/9
[6 INFO main 711924] Confirming: 4/9
[6 INFO main 714013] Confirming: 5/9
[6 INFO main 716084] Confirming: 6/9
[6 INFO main 718108] Confirming: 7/9
[6 INFO main 720250] Confirming: 8/9
[6 INFO main 722299] Confirming: 9/9
[6 INFO main 722743] Scout.Query -> Verify.DriveTo | Go to unverified source
[6 INFO main 738563] Verify.DriveTo -> Verify.Homing | Homing
[6 INFO main 754259] Verify.Homing -> Scout.Query | Arrived home
[6 INFO main 765509] Confirming: 1/9
[6 INFO main 767532] Confirming: 2/9
[6 INFO main 769657] Confirming: 3/9
[6 INFO main 771728] Confirming: 4/9
[6 INFO main 773822] Confirming: 5/9
[6 INFO main 775879] Confirming: 6/9
[6 INFO main 780050] Confirming: 8/9
[6 INFO main 782067] Confirming: 9/9
[6 INFO main 783054] Scout.Query -> Verify.DriveTo | Go to unverified source
[6 INFO main 815643] Verify.DriveTo -> Verify.Homing | Homing
[6 INFO main 825963] Confirming: 1/9
[6 INFO main 827992] Confirming: 2/9
[6 INFO main 830044] Confirming: 3/9
[6 INFO main 832787] Verify.Homing -> Scout.Query | Arrived home
[6 INFO main 836254] Confirming: 6/9
[6 INFO main 838300] Confirming: 7/9
[6 INFO main 840382] Confirming: 8/9
[6 INFO main 842398] Confirming: 10/9
[6 INFO main 842450] Scout.Query -> Verify.DriveTo | Go to unverified source
[6 INFO main 892913] Verify.DriveTo -> Verify.Homing | Homing
[6 INFO main 907600] Confirming: 1/9
[6 INFO main 909619] Confirming: 2/9
[6 INFO main 913693] Confirming: 4/9
[6 INFO main 915752] Confirming: 5/9
[6 INFO main 917742] Confirming: 6/9
[6 INFO main 919892] Confirming: 7/9
[6 INFO main 921919] Confirming: 8/9
[6 INFO main 924011] Confirming: 9/9
[6 INFO main 924506] Verify.Homing -> Scout.Query | Arrived home
[6 INFO main 924670] Scout.Query -> Verify.DriveTo | Go to unverified source
[6 INFO main 944659] Verify.DriveTo -> Verify.Homing | Homing
[6 INFO main 962753] Verify.Homing -> Scout.Query | Arrived home
[6 INFO main 975370] Confirming: 1/9
[6 INFO main 977473] Confirming: 2/9
[6 INFO main 979489] Confirming: 3/9
[6 INFO main 981598] Confirming: 4/9
[6 INFO main 983676] Confirming: 5/9
[6 INFO main 985748] Confirming: 6/9
[6 INFO main 987778] Confirming: 7/9
[6 INFO main 989839] Confirming: 8/9
[6 INFO main 991934] Confirming: 9/9
[6 INFO main 992670] Scout.Query -> Verify.DriveTo | Go to unverified source
[6 INFO main 1034739] Verify.DriveTo -> Verify.Homing | Homing
[6 INFO main 1041145] Verify.Homing -> Scout.Query | Arrived home
[6 INFO main 1061772] Confirming: 1/9
[6 INFO main 1063980] Confirming: 2/9
[6 INFO main 1066065] Confirming: 3/9
[6 INFO main 1068264] Confirming: 4/9
[6 INFO main 1070344] Confirming: 5/9
[6 INFO main 1072395] Confirming: 7/9
[6 INFO main 1076446] Confirming: 8/9
[6 INFO main 1078519] Confirming: 10/9
[6 INFO main 1079167] Scout.Query -> Verify.DriveTo | Go to unverified source
[6 INFO main 1120009] Verify.DriveTo -> Verify.Homing | Homing
[6 INFO main 1126370] Confirming: 1/9
[6 INFO main 1128372] Confirming: 2/9
[6 INFO main 1130475] Confirming: 3/9
[6 INFO main 1132503] Confirming: 5/9
[6 INFO main 1134807] Confirming: 6/9
[6 INFO main 1138862] Confirming: 7/9
[6 INFO main 1140754] Verify.Homing -> Scout.Query | Arrived home
[6 INFO main 1140973] Confirming: 8/9
[6 INFO main 1143042] Confirming: 9/9
[6 INFO main 1143082] Scout.Query -> Verify.DriveTo | Go to unverified source
[6 INFO main 1240025] Verify.DriveTo -> Verify.Homing | Homing
[6 INFO main 1246305] Confirming: 1/9
[6 INFO main 1248326] Confirming: 2/9
[6 INFO main 1250325] Confirming: 3/9
[6 INFO main 1252357] Confirming: 4/9
[6 INFO main 1254501] Confirming: 5/9
[6 INFO main 1256616] Confirming: 7/9
[6 INFO main 1258717] Confirming: 8/9
[6 INFO main 1260745] Confirming: 9/9
[6 INFO main 1268683] Verify.Homing -> Scout.Query | Arrived home
[6 INFO main 1268809] Scout.Query -> Verify.DriveTo | Go to unverified source
[6 INFO main 1303798] Verify.DriveTo -> Verify.Homing | Homing
[6 INFO main 1334825] Verify.Homing -> Scout.Query | Arrived home
[6 INFO main 1335481] Confirming: 1/9
[6 INFO main 1337830] Confirming: 2/9
[6 INFO main 1339854] Confirming: 3/9
[6 INFO main 1341964] Confirming: 4/9
[6 INFO main 1344097] Confirming: 5/9
[6 INFO main 1346180] Confirming: 6/9
[6 INFO main 1348373] Confirming: 7/9
[6 INFO main 1350633] Confirming: 9/9
[6 INFO main 1351111] Scout.Query -> Verify.DriveTo | Go to unverified source
[6 INFO main 1381991] Verify.DriveTo -> Verify.Homing | Homing
[6 INFO main 1394531] Confirming: 1/9
[6 INFO main 1398808] Confirming: 3/9
[6 INFO main 1402939] Verify.Homing -> Scout.Query | Arrived home
[6 INFO main 1403263] Confirming: 5/9
[6 INFO main 1407350] Confirming: 7/9
[6 INFO main 1409362] Confirming: 8/9
[6 INFO main 1411519] Confirming: 9/9
[6 INFO main 1412241] Scout.Query -> Verify.DriveTo | Go to unverified source
[6 INFO main 1471320] Verify.DriveTo -> Verify.Homing | Homing
[6 INFO main 1486223] Confirming: 1/9
[6 INFO main 1488241] Confirming: 2/9
[6 INFO main 1490313] Confirming: 3/9
[6 INFO main 1492370] Confirming: 4/9
[6 INFO main 1492757] Verify.Homing -> Scout.Query | Arrived home
[6 INFO main 1494404] Confirming: 5/9
[6 INFO main 1496481] Confirming: 6/9
[6 INFO main 1498629] Confirming: 7/9
[6 INFO main 1500638] Confirming: 8/9
[6 INFO main 1502648] Confirming: 9/9
[6 INFO main 1502818] Scout.Query -> Verify.DriveTo | Go to unverified source
[6 INFO main 1552586] Verify.DriveTo -> Verify.Homing | Homing
[6 INFO main 1569327] Confirming: 1/9
[6 INFO main 1571380] Confirming: 2/9
[6 INFO main 1573447] Confirming: 3/9
[6 INFO main 1575472] Confirming: 4/9
[6 INFO main 1577509] Confirming: 5/9
[6 INFO main 1577528] Verify.Homing -> Scout.Query | Arrived home
[6 INFO main 1579560] Confirming: 6/9
[6 INFO main 1581748] Confirming: 7/9
[6 INFO main 1585783] Confirming: 8/9
[6 INFO main 1587764] Confirming: 10/9
[6 INFO main 1588276] Scout.Query -> Verify.DriveTo | Go to unverified source
[6 INFO main 1616764] Verify.DriveTo -> Verify.Homing | Homing
[6 INFO main 1629546] Confirming: 1/9
[6 INFO main 1631698] Confirming: 2/9
[6 INFO main 1633751] Confirming: 3/9
[6 INFO main 1635844] Confirming: 4/9
[6 INFO main 1637903] Confirming: 5/9
[6 INFO main 1639980] Confirming: 6/9
[6 INFO main 1641568] Verify.Homing -> Scout.Query | Arrived home
[6 INFO main 1642061] Confirming: 7/9
[6 INFO main 1644212] Confirming: 8/9
[6 INFO main 1646218] Confirming: 9/9
[6 INFO main 1646918] Scout.Query -> Verify.DriveTo | Go to unverified source
[6 INFO main 1677538] Verify.DriveTo -> Verify.Homing | Homing
[6 INFO main 1696684] Confirming: 1/9
[6 INFO main 1698774] Confirming: 3/9
[6 INFO main 1700857] Confirming: 4/9
[6 INFO main 1702876] Confirming: 5/9
[6 INFO main 1703669] Verify.Homing -> Scout.Query | Arrived home
[6 INFO main 1704910] Confirming: 6/9
[6 INFO main 1706959] Confirming: 7/9
[6 INFO main 1709010] Confirming: 8/9
[6 INFO main 1711114] Confirming: 9/9
[6 INFO main 1711160] Scout.Query -> Verify.DriveTo | Go to unverified source
[6 INFO main 1744145] Verify.DriveTo -> Verify.Homing | Homing
[6 INFO main 1754560] Confirming: 1/9
[6 INFO main 1756608] Confirming: 2/9
[6 INFO main 1758730] Confirming: 3/9
[6 INFO main 1760770] Confirming: 4/9
[6 INFO main 1762857] Confirming: 5/9
[6 INFO main 1764991] Confirming: 6/9
[6 INFO main 1766992] Confirming: 7/9
[6 INFO main 1769020] Confirming: 8/9
[6 INFO main 1769155] Verify.Homing -> Scout.Query | Arrived home
[6 INFO main 1771042] Confirming: 9/9
[6 INFO main 1776530] Scout.Query -> Verify.DriveTo | Go to unverified source
[6 INFO main 1807723] Verify.DriveTo -> Verify.Homing | Homing
[6 INFO main 1816037] Confirming: 1/9
[6 INFO main 1818042] Confirming: 2/9
[6 INFO main 1822156] Confirming: 4/9
[6 INFO main 1824261] Confirming: 5/9
[6 INFO main 1826300] Confirming: 6/9
[6 INFO main 1827732] Verify.Homing -> Scout.Query | Arrived home
[6 INFO main 1828379] Confirming: 7/9
[6 INFO main 1830448] Confirming: 9/9
[6 INFO main 1831201] Scout.Query -> Verify.DriveTo | Go to unverified source
[6 INFO main 1854441] Verify.DriveTo -> Verify.Homing | Homing
[6 INFO main 1868683] Verify.Homing -> Scout.Query | Arrived home
[6 INFO main 1875051] Confirming: 1/9
[6 INFO main 1877083] Confirming: 2/9
[6 INFO main 1879213] Confirming: 3/9
[6 INFO main 1881466] Confirming: 4/9
[6 INFO main 1883654] Confirming: 5/9
[6 INFO main 1885750] Confirming: 6/9
[6 INFO main 1887803] Confirming: 7/9
[6 INFO main 1889893] Confirming: 8/9
[6 INFO main 1891924] Confirming: 9/9
[6 INFO main 1892483] Scout.Query -> Verify.DriveTo | Go to unverified source
[6 INFO main 1936646] Verify.DriveTo -> Verify.Homing | Homing
[6 INFO main 1964747] Verify.Homing -> Scout.Query | Arrived home
[6 INFO main 1965585] Confirming: 1/9
[6 INFO main 1967713] Confirming: 2/9
[6 INFO main 1969759] Confirming: 3/9
[6 INFO main 1971816] Confirming: 4/9
[6 INFO main 1974048] Confirming: 5/9
[6 INFO main 1976157] Confirming: 6/9
[6 INFO main 1978229] Confirming: 7/9
[6 INFO main 1980323] Confirming: 8/9
[6 INFO main 1982389] Confirming: 10/9
[6 INFO main 1982486] Scout.Query -> Verify.DriveTo | Go to unverified source
[6 INFO main 2036579] Verify.DriveTo -> Verify.Homing | Homing
[6 INFO main 2055393] Confirming: 1/9
[6 INFO main 2057572] Confirming: 2/9
[6 INFO main 2059588] Confirming: 3/9
[6 INFO main 2061666] Confirming: 4/9
[6 INFO main 2061693] Verify.Homing -> Scout.Query | Arrived home
[6 INFO main 2063745] Confirming: 5/9
[6 INFO main 2065831] Confirming: 6/9
[6 INFO main 2067850] Confirming: 7/9
[6 INFO main 2069913] Confirming: 8/9
[6 INFO main 2071989] Confirming: 9/9
[6 INFO main 2072478] Scout.Query -> Verify.DriveTo | Go to unverified source
[6 INFO main 2109862] Verify.DriveTo -> Verify.Homing | Homing
[6 INFO main 2116177] Confirming: 1/9
[6 INFO main 2118218] Confirming: 2/9
[6 INFO main 2120314] Confirming: 3/9
[6 INFO main 2122374] Confirming: 4/9
[6 INFO main 2124439] Confirming: 6/9
[6 INFO main 2126474] Confirming: 7/9
[6 INFO main 2128493] Confirming: 8/9
[6 INFO main 2130546] Confirming: 9/9
[6 INFO main 2130773] Verify.Homing -> Scout.Query | Arrived home
[6 INFO main 2130918] Scout.Query -> Verify.DriveTo | Go to unverified source
[6 INFO main 2159907] Verify.DriveTo -> Verify.Homing | Homing
[6 INFO main 2176431] Confirming: 1/9
[6 INFO main 2178523] Confirming: 3/9
[6 INFO main 2182744] Confirming: 5/9
[6 INFO main 2184833] Confirming: 6/9
[6 INFO main 2186836] Confirming: 7/9
[6 INFO main 2189285] Verify.Homing -> Scout.Query | Arrived home
[6 INFO main 2190973] Confirming: 9/9
[6 INFO main 2191552] Scout.Query -> Verify.DriveTo | Go to unverified source
[6 INFO main 2277260] Verify.DriveTo -> Verify.Homing | Homing
[6 INFO main 2283576] Confirming: 1/9
[6 INFO main 2285663] Confirming: 2/9
[6 INFO main 2287733] Confirming: 3/9
[6 INFO main 2289994] Confirming: 4/9
[6 INFO main 2292085] Confirming: 5/9
[6 INFO main 2294182] Confirming: 6/9
[6 INFO main 2296187] Confirming: 7/9
[6 INFO main 2298236] Confirming: 8/9
[6 INFO main 2300258] Confirming: 9/9
[6 INFO main 2301347] Verify.Homing -> Scout.Query | Arrived home
[6 INFO main 2301412] Scout.Query -> Verify.DriveTo | Go to unverified source
[6 INFO main 2346476] Verify.DriveTo -> Verify.Homing | Homing
[6 INFO main 2351116] Confirming: 1/9
[6 INFO main 2353356] Confirming: 2/9
[6 INFO main 2355418] Confirming: 3/9
[6 INFO main 2357452] Confirming: 4/9
[6 INFO main 2359518] Confirming: 5/9
[6 INFO main 2361557] Confirming: 6/9
[6 INFO main 2363623] Confirming: 7/9
[6 INFO main 2365713] Confirming: 8/9
[6 INFO main 2367720] Confirming: 9/9
[6 INFO main 2391021] Verify.Homing -> Scout.Query | Arrived home
[6 INFO main 2391166] Scout.Query -> Verify.DriveTo | Go to unverified source
[6 INFO main 2437246] Verify.DriveTo -> Verify.Homing | Homing
[6 INFO main 2445456] Confirming: 1/9
[6 INFO main 2447468] Confirming: 2/9
[6 INFO main 2449496] Confirming: 3/9
[6 INFO main 2451571] Confirming: 4/9
[6 INFO main 2453614] Confirming: 5/9
[6 INFO main 2455642] Confirming: 6/9
[6 INFO main 2457713] Confirming: 7/9
[6 INFO main 2459764] Confirming: 8/9
[6 INFO main 2461539] Verify.Homing -> Scout.Query | Arrived home
[6 INFO main 2461841] Confirming: 9/9
[6 INFO main 2462754] Scout.Query -> Verify.DriveTo | Go to unverified source
[6 INFO main 2497766] Verify.DriveTo -> Verify.Homing | Homing
[6 INFO main 2506136] Confirming: 1/9
[6 INFO main 2508138] Confirming: 2/9
[6 INFO main 2510209] Confirming: 3/9
[6 INFO main 2511125] Verify.Homing -> Scout.Query | Arrived home
[6 INFO main 2512264] Confirming: 4/9
[6 INFO main 2514280] Confirming: 5/9
[6 INFO main 2516359] Confirming: 6/9
[6 INFO main 2518373] Confirming: 7/9
[6 INFO main 2520535] Confirming: 9/9
[6 INFO main 2520823] Scout.Query -> Verify.DriveTo | Go to unverified source
[6 INFO main 2545408] Verify.DriveTo -> Verify.Homing | Homing
[6 INFO main 2566501] Confirming: 2/9
[6 INFO main 2568588] Confirming: 3/9
[6 INFO main 2570468] Verify.Homing -> Scout.Query | Arrived home
[6 INFO main 2570673] Confirming: 4/9
[6 INFO main 2572762] Confirming: 5/9
[6 INFO main 2574849] Confirming: 6/9
[6 INFO main 2576904] Confirming: 7/9
[6 INFO main 2578929] Confirming: 8/9
[6 INFO main 2580946] Confirming: 9/9
[6 INFO main 2582007] Scout.Query -> Verify.DriveTo | Go to unverified source
[6 INFO main 2609869] Verify.DriveTo -> Verify.Homing | Homing
[6 INFO main 2624962] Verify.Homing -> Scout.Query | Arrived home
[6 INFO main 2626458] Confirming: 2/9
[6 INFO main 2628540] Confirming: 3/9
[6 INFO main 2630662] Confirming: 4/9
[6 INFO main 2632775] Confirming: 5/9
[6 INFO main 2636942] Confirming: 7/9
[6 INFO main 2638972] Confirming: 8/9
[6 INFO main 2641019] Confirming: 9/9
[6 INFO main 2641292] Scout.Query -> Verify.DriveTo | Go to unverified source
[6 INFO main 2678520] Verify.DriveTo -> Verify.Homing | Homing
[6 INFO main 2697120] Confirming: 1/9
[6 INFO main 2699210] Confirming: 2/9
[6 INFO main 2701283] Confirming: 3/9
[6 INFO main 2703349] Confirming: 4/9
[6 INFO main 2704173] Verify.Homing -> Scout.Query | Arrived home
[6 INFO main 2705466] Confirming: 5/9
[6 INFO main 2707472] Confirming: 6/9
[6 INFO main 2709718] Confirming: 7/9
[6 INFO main 2711916] Confirming: 8/9
[6 INFO main 2714018] Confirming: 9/9
[6 INFO main 2714063] Scout.Query -> Verify.DriveTo | Go to unverified source
[6 INFO main 2755846] Verify.DriveTo -> Verify.Homing | Homing
[6 INFO main 2774207] Verify.Homing -> Scout.Query | Arrived home
[6 INFO main 2774475] Confirming: 1/9
[6 INFO main 2776620] Confirming: 2/9
[6 INFO main 2778685] Confirming: 3/9
[6 INFO main 2780751] Confirming: 4/9
[6 INFO main 2782830] Confirming: 5/9
[6 INFO main 2784875] Confirming: 6/9
[6 INFO main 2786981] Confirming: 7/9
[6 INFO main 2789010] Confirming: 8/9
[6 INFO main 2791017] Confirming: 9/9
[6 INFO main 2791994] Scout.Query -> Verify.DriveTo | Go to unverified source
[6 INFO main 2837766] Verify.DriveTo -> Verify.Homing | Homing
[6 INFO main 2859117] Verify.Homing -> Scout.Query | Arrived home
[6 INFO main 2866697] Confirming: 2/9
[6 INFO main 2868829] Confirming: 3/9
[6 INFO main 2870881] Confirming: 4/9
[6 INFO main 2872980] Confirming: 5/9
[6 INFO main 2875025] Confirming: 6/9
[6 INFO main 2877083] Confirming: 7/9
[6 INFO main 2879114] Confirming: 8/9
[6 INFO main 2881290] Confirming: 9/9
[6 INFO main 2881570] Scout.Query -> Verify.DriveTo | Go to unverified source
[6 INFO main 2914619] Verify.DriveTo -> Verify.Homing | Homing
[6 INFO main 2926888] Confirming: 2/9
[6 INFO main 2928944] Confirming: 3/9
[6 INFO main 2931013] Confirming: 4/9
[6 INFO main 2933016] Confirming: 5/9
[6 INFO main 2934280] Verify.Homing -> Scout.Query | Arrived home
[6 INFO main 2935032] Confirming: 6/9
[6 INFO main 2937047] Confirming: 7/9
[6 INFO main 2939050] Confirming: 8/9
[6 INFO main 2941090] Confirming: 9/9
[6 INFO main 2941839] Scout.Query -> Verify.DriveTo | Go to unverified source
[6 INFO main 3034563] Verify.DriveTo -> Verify.Homing | Homing
[6 INFO main 3060807] Verify.Homing -> Scout.Query | Arrived home
[6 INFO main 3076599] Confirming: 2/9
[6 INFO main 3080804] Confirming: 3/9
[6 INFO main 3082824] Confirming: 5/9
[6 INFO main 3085001] Confirming: 6/9
[6 INFO main 3089105] Confirming: 8/9
[6 INFO main 3091114] Confirming: 9/9
[6 INFO main 3091532] Scout.Query -> Verify.DriveTo | Go to unverified source
[6 INFO main 3130782] Verify.DriveTo -> Verify.Homing | Homing
[6 INFO main 3155524] Verify.Homing -> Scout.Query | Arrived home
[6 INFO main 3166073] Confirming: 1/9
[6 INFO main 3168132] Confirming: 2/9
[6 INFO main 3170217] Confirming: 3/9
[6 INFO main 3172342] Confirming: 4/9
[6 INFO main 3174430] Confirming: 5/9
[6 INFO main 3176449] Confirming: 6/9
[6 INFO main 3178461] Confirming: 8/9
[6 INFO main 3180534] Confirming: 9/9
[6 INFO main 3181119] Scout.Query -> Verify.DriveTo | Go to unverified source
[6 INFO main 3239645] Verify.DriveTo -> Verify.Homing | Homing
[6 INFO main 3254625] Confirming: 1/9
[6 INFO main 3258661] Confirming: 2/9
[6 INFO main 3260668] Confirming: 4/9
[6 INFO main 3262786] Confirming: 5/9
[6 INFO main 3264867] Confirming: 6/9
[6 INFO main 3266505] Verify.Homing -> Scout.Query | Arrived home
[6 INFO main 3266879] Confirming: 7/9
[6 INFO main 3269020] Confirming: 8/9
[6 INFO main 3271077] Confirming: 9/9
[6 INFO main 3271496] Scout.Query -> Verify.DriveTo | Go to unverified source
[6 INFO main 3325928] Verify.DriveTo -> Verify.Homing | Homing
[6 INFO main 3345434] Verify.Homing -> Scout.Query | Arrived home
[6 INFO main 3346588] Confirming: 2/9
[6 INFO main 3348659] Confirming: 3/9
[6 INFO main 3352808] Confirming: 4/9
[6 INFO main 3354880] Confirming: 6/9
[6 INFO main 3356959] Confirming: 7/9
[6 INFO main 3359056] Confirming: 8/9
[6 INFO main 3361118] Confirming: 9/9
[6 INFO main 3362025] Scout.Query -> Verify.DriveTo | Go to unverified source
[6 INFO main 3503468] Verify.DriveTo -> Verify.Homing | Homing
[6 INFO main 3519937] Confirming: 1/9
[6 INFO main 3521978] Confirming: 2/9
[6 INFO main 3524028] Confirming: 3/9
[6 INFO main 3526036] Confirming: 4/9
[6 INFO main 3528131] Confirming: 5/9
[6 INFO main 3530323] Confirming: 6/9
[6 INFO main 3532368] Confirming: 7/9
[6 INFO main 3534416] Confirming: 9/9
[6 INFO main 3542366] Verify.Homing -> Scout.Query | Arrived home
[6 INFO main 3542521] Scout.Query -> Verify.DriveTo | Go to unverified source
[6 INFO main 3603598] Verify.DriveTo -> Verify.Homing | Homing
[6 INFO main 3616144] Confirming: 1/9
[6 INFO main 3618155] Confirming: 2/9
[6 INFO main 3620247] Confirming: 3/9
[6 INFO main 3622255] Confirming: 4/9
[6 INFO main 3624284] Confirming: 5/9
[6 INFO main 3626414] Confirming: 6/9
[6 INFO main 3628592] Confirming: 7/9
[6 INFO main 3630640] Confirming: 8/9
[6 INFO main 3631436] Verify.Homing -> Scout.Query | Arrived home
[6 INFO main 3632653] Confirming: 9/9
[6 INFO main 3632782] Scout.Query -> Verify.DriveTo | Go to unverified source
[6 INFO main 3681527] Verify.DriveTo -> Verify.Homing | Homing
[6 INFO main 3706459] Confirming: 1/9
[6 INFO main 3708474] Confirming: 2/9
[6 INFO main 3710589] Confirming: 3/9
[6 INFO main 3712650] Confirming: 4/9
[6 INFO main 3714676] Confirming: 5/9
[6 INFO main 3715249] Verify.Homing -> Scout.Query | Arrived home
[6 INFO main 3716754] Confirming: 6/9
[6 INFO main 3718781] Confirming: 7/9
[6 INFO main 3720841] Confirming: 8/9
[6 INFO main 3722926] Confirming: 9/9
[6 INFO main 3723181] Scout.Query -> Verify.DriveTo | Go to unverified source
[6 INFO main 3831136] Verify.DriveTo -> Verify.Homing | Homing
[6 INFO main 3856173] Confirming: 1/9
[6 INFO main 3856395] Verify.Homing -> Scout.Query | Arrived home
[6 INFO main 3858278] Confirming: 2/9
[6 INFO main 3860317] Confirming: 3/9
[6 INFO main 3862322] Confirming: 4/9
[6 INFO main 3866428] Confirming: 6/9
[6 INFO main 3868484] Confirming: 7/9
[6 INFO main 3870449] Confirming: 8/9
[6 INFO main 3872544] Confirming: 9/9
[6 INFO main 3873395] Scout.Query -> Verify.DriveTo | Go to unverified source
[6 INFO main 3921738] Verify.DriveTo -> Verify.Homing | Homing
[6 INFO main 3947146] Confirming: 1/9
[6 INFO main 3949146] Confirming: 2/9
[6 INFO main 3951252] Confirming: 3/9
[6 INFO main 3953772] Confirming: 5/9
[6 INFO main 3955842] Confirming: 6/9
[6 INFO main 3955976] Verify.Homing -> Scout.Query | Arrived home
[6 INFO main 3957905] Confirming: 7/9
[6 INFO main 3959996] Confirming: 8/9
[6 INFO main 3962448] Confirming: 9/9
[6 INFO main 3962781] Scout.Query -> Verify.DriveTo | Go to unverified source
[6 INFO main 3999340] Verify.DriveTo -> Verify.Homing | Homing
[6 INFO main 4007666] Confirming: 2/9
[6 INFO main 4009733] Confirming: 3/9
[6 INFO main 4011762] Confirming: 4/9
[6 INFO main 4013838] Confirming: 5/9
[6 INFO main 4015890] Confirming: 6/9
[6 INFO main 4019864] Confirming: 7/9
[6 INFO main 4022079] Confirming: 9/9
[6 INFO main 4025702] Verify.Homing -> Scout.Query | Arrived home
[6 INFO main 4025858] Scout.Query -> Verify.DriveTo | Go to unverified source
[6 INFO main 4067243] Verify.DriveTo -> Verify.Homing | Homing
[6 INFO main 4096947] Confirming: 1/9
[6 INFO main 4098505] Verify.Homing -> Scout.Query | Arrived home
[6 INFO main 4099408] Confirming: 2/9
[6 INFO main 4101450] Confirming: 3/9
[6 INFO main 4103457] Confirming: 4/9
[6 INFO main 4105586] Confirming: 5/9
[6 INFO main 4107799] Confirming: 7/9
[6 INFO main 4109923] Confirming: 8/9
[6 INFO main 4111993] Confirming: 9/9
[6 INFO main 4112124] Scout.Query -> Verify.DriveTo | Go to unverified source
[6 INFO main 4154206] Verify.DriveTo -> Verify.Homing | Homing
[6 INFO main 4182273] Verify.Homing -> Scout.Query | Arrived home
[6 INFO main 4187176] Confirming: 1/9
[6 INFO main 4189368] Confirming: 2/9
[6 INFO main 4191384] Confirming: 3/9
[6 INFO main 4193536] Confirming: 4/9
[6 INFO main 4195615] Confirming: 6/9
[6 INFO main 4197653] Confirming: 7/9
[6 INFO main 4199882] Confirming: 8/9
[6 INFO main 4201892] Confirming: 9/9
[6 INFO main 4202039] Scout.Query -> Verify.DriveTo | Go to unverified source
[6 INFO main 4258691] Verify.DriveTo -> Verify.Homing | Homing
[6 INFO main 4277337] Confirming: 1/9
[6 INFO main 4279537] Confirming: 2/9
[6 INFO main 4281636] Confirming: 4/9
[6 INFO main 4283881] Confirming: 5/9
[6 INFO main 4285900] Confirming: 6/9
[6 INFO main 4287716] Verify.Homing -> Scout.Query | Arrived home
[6 INFO main 4287972] Confirming: 7/9
[6 INFO main 4289987] Confirming: 8/9
[6 INFO main 4292048] Confirming: 9/9
[6 INFO main 4292572] Scout.Query -> Verify.DriveTo | Go to unverified source
[6 INFO main 4326194] Verify.DriveTo -> Verify.Homing | Homing
[6 INFO main 4336652] Confirming: 1/9
[6 INFO main 4338733] Confirming: 2/9
[6 INFO main 4340820] Confirming: 3/9
[6 INFO main 4342832] Confirming: 4/9
[6 INFO main 4344924] Confirming: 5/9
[6 INFO main 4346969] Confirming: 6/9
[6 INFO main 4347096] Verify.Homing -> Scout.Query | Arrived home
[6 INFO main 4349065] Confirming: 7/9
[6 INFO main 4351072] Confirming: 8/9
[6 INFO main 4353122] Confirming: 9/9
[6 INFO main 4354374] Scout.Query -> Verify.DriveTo | Go to unverified source
[6 INFO main 4473817] Verify.DriveTo -> Verify.Homing | Homing
[6 INFO main 4484503] Confirming: 1/9
[6 INFO main 4486762] Confirming: 2/9
[6 INFO main 4488868] Confirming: 3/9
[6 INFO main 4491496] Confirming: 5/9
[6 INFO main 4493688] Confirming: 6/9
[6 INFO main 4497892] Confirming: 8/9
[6 INFO main 4499929] Confirming: 9/9
[6 INFO main 4503853] Verify.Homing -> Scout.Query | Arrived home
[6 INFO main 4504079] Scout.Query -> Verify.DriveTo | Go to unverified source
[6 INFO main 4549117] Verify.DriveTo -> Verify.Homing | Homing
[6 INFO main 4555403] Confirming: 1/9
[6 INFO main 4557588] Confirming: 2/9
[6 INFO main 4559602] Confirming: 3/9
[6 INFO main 4561779] Confirming: 4/9
[6 INFO main 4563800] Confirming: 5/9
[6 INFO main 4565857] Confirming: 6/9
[6 INFO main 4568039] Confirming: 7/9
[6 INFO main 4570159] Confirming: 8/9
[6 INFO main 4572188] Confirming: 9/9
[6 INFO main 4594150] Verify.Homing -> Scout.Query | Arrived home
[6 INFO main 4594616] Scout.Query -> Verify.DriveTo | Go to unverified source
[6 INFO main 4641719] Verify.DriveTo -> Verify.Homing | Homing
[6 INFO main 4660543] Confirming: 3/9
[6 INFO main 4664582] Confirming: 5/9
[6 INFO main 4664583] Verify.Homing -> Scout.Query | Arrived home
[6 INFO main 4666710] Confirming: 6/9
[6 INFO main 4668861] Confirming: 7/9
[6 INFO main 4670891] Confirming: 8/9
[6 INFO main 4672928] Confirming: 9/9
[6 INFO main 4673409] Scout.Query -> Verify.DriveTo | Go to unverified source
[6 INFO main 4705597] Verify.DriveTo -> Verify.Homing | Homing
[6 INFO main 4722487] Verify.Homing -> Scout.Query | Arrived home
[6 INFO main 4726138] Confirming: 1/9
[6 INFO main 4728268] Confirming: 2/9
[6 INFO main 4732471] Confirming: 4/9
[6 INFO main 4734453] Confirming: 5/9
[6 INFO main 4736658] Confirming: 6/9
[6 INFO main 4738700] Confirming: 7/9
[6 INFO main 4740783] Confirming: 8/9
[6 INFO main 4742811] Confirming: 9/9
[6 INFO main 4743880] Scout.Query -> Verify.DriveTo | Go to unverified source
[6 INFO main 4791493] Verify.DriveTo -> Verify.Homing | Homing
[6 INFO main 4816441] Verify.Homing -> Scout.Query | Arrived home
[6 INFO main 4816639] Confirming: 1/9
[6 INFO main 4818911] Confirming: 2/9
[6 INFO main 4821038] Confirming: 3/9
[6 INFO main 4823404] Confirming: 4/9
[6 INFO main 4825498] Confirming: 6/9
[6 INFO main 4829982] Confirming: 8/9
[6 INFO main 4831993] Confirming: 9/9
[6 INFO main 4833104] Scout.Query -> Verify.DriveTo | Go to unverified source
[6 INFO main 4905076] Verify.DriveTo -> Verify.Homing | Homing
[6 INFO main 4927172] Confirming: 1/9
[6 INFO main 4929240] Confirming: 2/9
[6 INFO main 4931377] Confirming: 3/9
[6 INFO main 4933457] Confirming: 4/9
[6 INFO main 4935462] Confirming: 6/9
[6 INFO main 4937600] Confirming: 7/9
[6 INFO main 4939800] Confirming: 8/9
[6 INFO main 4942206] Confirming: 9/9
[6 INFO main 4945852] Verify.Homing -> Scout.Query | Arrived home
[6 INFO main 4946302] Scout.Query -> Verify.DriveTo | Go to unverified source
[6 INFO main 5032554] Verify.DriveTo -> Verify.Homing | Homing
[6 INFO main 5058069] Confirming: 2/9
[6 INFO main 5060087] Confirming: 3/9
[6 INFO main 5062177] Confirming: 4/9
[6 INFO main 5064179] Confirming: 5/9
[6 INFO main 5066248] Confirming: 6/9
[6 INFO main 5068324] Confirming: 7/9
[6 INFO main 5070406] Confirming: 8/9
[6 INFO main 5072441] Confirming: 9/9
[6 INFO main 5143351] Verify.Homing -> Scout.Query | Arrived home
[6 INFO main 5143742] Scout.Query -> Verify.DriveTo | Go to unverified source
[6 INFO main 5185773] Verify.DriveTo -> Verify.Homing | Homing
[6 INFO main 5207266] Confirming: 1/9
[6 INFO main 5209390] Confirming: 3/9
[6 INFO main 5213790] Confirming: 5/9
[6 INFO main 5215818] Confirming: 6/9
[6 INFO main 5220308] Confirming: 8/9
[6 INFO main 5222370] Confirming: 9/9
[6 INFO main 5223209] Verify.Homing -> Scout.Query | Arrived home
[6 INFO main 5247754] Scout.Query -> Verify.DriveTo | Go to unverified source
[6 INFO main 5294639] Verify.DriveTo -> Verify.Homing | Homing
[6 INFO main 5319438] Verify.Homing -> Scout.Query | Arrived home
[6 INFO main 5326861] Confirming: 1/9
[6 INFO main 5328880] Confirming: 2/9
[6 INFO main 5331188] Confirming: 3/9
[6 INFO main 5333208] Confirming: 4/9
[6 INFO main 5335514] Confirming: 6/9
[6 INFO main 5337613] Confirming: 7/9
[6 INFO main 5339760] Confirming: 8/9
[6 INFO main 5341700] Confirming: 9/9
[6 INFO main 5342542] Scout.Query -> Verify.DriveTo | Go to unverified source
[6 INFO main 5377913] Verify.DriveTo -> Verify.Homing | Homing
[6 INFO main 5386239] Confirming: 1/9
[6 INFO main 5388458] Confirming: 2/9
[6 INFO main 5391052] Confirming: 3/9
[6 INFO main 5393456] Confirming: 5/9
[6 INFO main 5397592] Confirming: 7/9
[6 INFO main 5399850] Confirming: 8/9
