[2 INFO main 30] Initialising Python Geth Console...
[2 INFO main 34] Initialising RandB board...
[2 INFO main 34] Initialising navigation...
[2 INFO main 34] Initialising random-walk...
[2 INFO main 34] Initialising odometry...
[2 INFO main 34] Initialising ground-sensors...
[2 INFO main 1539] --//-- Starting Experiment --//--
[2 INFO main 2906] Idle.IDLE -> Scout.Query | Duration: 21.28
[2 INFO main 82710] Scout.Query -> Scout.GotoCenter | Drive to others reported pos
[2 INFO main 95710] Scout.GotoCenter -> Scout.Query | return to random walk
[2 INFO main 95808] Scout.Query -> Scout.GotoCenter | Drive to others reported pos
[2 INFO main 97409] Scout.GotoCenter -> Scout.Query | return to random walk
[2 INFO main 100907] Scout.Query -> Scout.GotoCenter | Drive to others reported pos
[2 INFO main 113608] Scout.GotoCenter -> Scout.Query | return to random walk
[2 INFO main 113707] Scout.Query -> Scout.GotoCenter | Drive to others reported pos
[2 INFO main 118607] Scout.GotoCenter -> Scout.Query | return to random walk
[2 INFO main 118707] Scout.Query -> Scout.GotoCenter | Drive to others reported pos
[2 INFO main 119313] Scout.GotoCenter -> Scout.Query | return to random walk
[2 INFO main 123708] Scout.Query -> Scout.GotoCenter | Drive to others reported pos
[2 INFO main 125309] Scout.GotoCenter -> Scout.Query | return to random walk
[2 INFO main 128809] Scout.Query -> Scout.GotoCenter | Drive to others reported pos
[2 INFO main 130509] Scout.GotoCenter -> Scout.Query | return to random walk
[2 INFO main 133910] Scout.Query -> Scout.GotoCenter | Drive to others reported pos
[2 INFO main 134431] Scout.GotoCenter -> Scout.Query | return to random walk
[2 INFO main 139009] Scout.Query -> Scout.GotoCenter | Drive to others reported pos
[2 INFO main 139533] Scout.GotoCenter -> Scout.Query | return to random walk
[2 INFO main 144108] Scout.Query -> Scout.GotoCenter | Drive to others reported pos
[2 INFO main 144906] Scout.GotoCenter -> Scout.Query | return to random walk
