[9 INFO main 57] Initialising Python Geth Console...
[9 INFO main 61] Initialising RandB board...
[9 INFO main 61] Initialising navigation...
[9 INFO main 61] Initialising random-walk...
[9 INFO main 61] Initialising odometry...
[9 INFO main 61] Initialising ground-sensors...
[9 INFO main 1007] --//-- Starting Experiment --//--
[9 INFO main 2105] Idle.IDLE -> Scout.Query | Duration: 22.68
[9 INFO main 21433] Scout.Query -> Scout.GotoCenter | Drive to others reported pos
[9 INFO main 54166] Scout.GotoCenter -> Scout.Query | return to random walk
[9 INFO main 74904] Scout.Query -> Scout.GotoCenter | Drive to others reported pos
[9 INFO main 89563] Scout.GotoCenter -> Scout.Query | return to random walk
[9 INFO main 120207] Scout.Query -> Scout.GotoCenter | Drive to others reported pos
[9 INFO main 190022] Scout.GotoCenter -> Scout.Query | return to random walk
[9 INFO main 235593] Scout.Query -> Scout.GotoCenter | Drive to others reported pos
[9 INFO main 260622] Scout.GotoCenter -> Scout.Query | return to random walk
[9 INFO main 290976] Scout.Query -> Scout.GotoCenter | Drive to others reported pos
[9 INFO main 348651] Scout.GotoCenter -> Scout.Query | return to random walk
[9 INFO main 384089] Scout.Query -> Scout.GotoCenter | Drive to others reported pos
[9 INFO main 384574] Scout.GotoCenter -> Scout.Query | return to random walk
[9 INFO main 409296] Scout.Query -> Scout.GotoCenter | Drive to others reported pos
[9 INFO main 459588] Scout.GotoCenter -> Scout.Query | return to random walk
[9 INFO main 686990] Scout.Query -> Scout.GotoCenter | Drive to others reported pos
[9 INFO main 742682] Scout.GotoCenter -> Scout.Query | return to random walk
[9 INFO main 773697] Scout.Query -> Scout.GotoCenter | Drive to others reported pos
[9 INFO main 816457] Scout.GotoCenter -> Scout.Query | return to random walk
