[11 INFO main 28] Initialising Python Geth Console...
[11 INFO main 32] Initialising RandB board...
[11 INFO main 32] Initialising navigation...
[11 INFO main 32] Initialising random-walk...
[11 INFO main 32] Initialising odometry...
[11 INFO main 32] Initialising ground-sensors...
[11 INFO main 702] --//-- Starting Experiment --//--
[11 INFO main 1802] Idle.IDLE -> Scout.Query | Duration: 19.92
[11 INFO main 115833] Scout.Query -> Scout.GotoCenter | Drive to others reported pos
[11 INFO main 256399] Scout.GotoCenter -> Scout.Query | return to random walk
[11 INFO main 286906] Scout.Query -> Scout.GotoCenter | Drive to others reported pos
[11 INFO main 317291] Scout.GotoCenter -> Scout.Query | return to random walk
[11 INFO main 705191] Scout.Query -> Scout.GotoCenter | Drive to others reported pos
[11 INFO main 735812] Scout.GotoCenter -> Scout.Query | return to random walk
[11 INFO main 923461] Scout.Query -> Scout.GotoCenter | Drive to others reported pos
[11 INFO main 962859] Scout.GotoCenter -> Scout.Query | return to random walk
[11 INFO main 1047883] Scout.Query -> Scout.GotoCenter | Drive to others reported pos
[11 INFO main 1052535] Scout.GotoCenter -> Scout.Query | return to random walk
[11 INFO main 1103456] Scout.Query -> Scout.GotoCenter | Drive to others reported pos
[11 INFO main 1130148] Scout.GotoCenter -> Scout.Query | return to random walk
[11 INFO main 1266801] Scout.Query -> Scout.GotoCenter | Drive to others reported pos
[11 INFO main 1301104] Scout.GotoCenter -> Scout.Query | return to random walk
