[13 INFO main 27] Initialising Python Geth Console...
[13 INFO main 31] Initialising RandB board...
[13 INFO main 31] Initialising navigation...
[13 INFO main 31] Initialising random-walk...
[13 INFO main 31] Initialising odometry...
[13 INFO main 31] Initialising ground-sensors...
[13 INFO main 190] --//-- Starting Experiment --//--
[13 INFO main 1672] Idle.IDLE -> Scout.Query | Duration: 31.08
[13 INFO main 13741] Scout.Query -> Verify.DriveTo | Go to unverified source
[13 INFO main 39796] Verify.DriveTo -> Verify.Homing | Homing
[13 INFO main 57688] Verify.Homing -> Scout.Query | Arrived home
[13 INFO main 73438] Confirming: 1/9
[13 INFO main 75454] Confirming: 2/9
[13 INFO main 77502] Confirming: 3/9
[13 INFO main 79583] Confirming: 4/9
[13 INFO main 81586] Confirming: 5/9
[13 INFO main 83628] Confirming: 6/9
[13 INFO main 85694] Confirming: 7/9
[13 INFO main 87748] Confirming: 9/9
[13 INFO main 87877] Scout.Query -> Verify.DriveTo | Go to unverified source
[13 INFO main 240837] Verify.DriveTo -> Verify.Homing | Homing
[13 INFO main 267598] Confirming: 1/9
[13 INFO main 269704] Confirming: 3/9
[13 INFO main 271736] Confirming: 4/9
[13 INFO main 274591] Verify.Homing -> Scout.Query | Arrived home
[13 INFO main 275928] Confirming: 5/9
[13 INFO main 278083] Confirming: 7/9
[13 INFO main 280112] Confirming: 8/9
[13 INFO main 282118] Confirming: 9/9
[13 INFO main 282276] Scout.Query -> Verify.DriveTo | Go to unverified source
[13 INFO main 418466] Verify.DriveTo -> Verify.Homing | Homing
[13 INFO main 433146] Confirming: 1/9
[13 INFO main 435205] Confirming: 2/9
[13 INFO main 437299] Confirming: 3/9
[13 INFO main 439323] Confirming: 4/9
[13 INFO main 441347] Confirming: 5/9
[13 INFO main 443487] Confirming: 6/9
[13 INFO main 445540] Confirming: 7/9
[13 INFO main 447907] Confirming: 9/9
[13 INFO main 447911] Verify.Homing -> Scout.Query | Arrived home
[13 INFO main 448240] Scout.Query -> Verify.DriveTo | Go to unverified source
[13 INFO main 498256] Verify.DriveTo -> Verify.Homing | Homing
[13 INFO main 523413] Confirming: 1/9
[13 INFO main 525485] Confirming: 2/9
[13 INFO main 527136] Verify.Homing -> Scout.Query | Arrived home
[13 INFO main 527543] Confirming: 3/9
[13 INFO main 529635] Confirming: 4/9
[13 INFO main 531715] Confirming: 6/9
[13 INFO main 535776] Confirming: 8/9
[13 INFO main 537814] Confirming: 9/9
[13 INFO main 537849] Scout.Query -> Verify.DriveTo | Go to unverified source
[13 INFO main 579943] Verify.DriveTo -> Verify.Homing | Homing
[13 INFO main 593778] Verify.Homing -> Scout.Query | Arrived home
[13 INFO main 611751] Confirming: 1/9
[13 INFO main 613849] Confirming: 2/9
[13 INFO main 615951] Confirming: 3/9
[13 INFO main 620037] Confirming: 4/9
[13 INFO main 622301] Confirming: 6/9
[13 INFO main 624316] Confirming: 7/9
[13 INFO main 626326] Confirming: 8/9
[13 INFO main 628335] Confirming: 9/9
[13 INFO main 628338] Scout.Query -> Scout.PrepSend | Homing
[13 INFO main 628549] Scout.PrepSend -> Verify.Homing | Homing
[13 INFO main 643188] Confirming: 1/9
[13 INFO main 645000] Verify.Homing -> Scout.Query | Arrived home
[13 INFO main 645203] Confirming: 2/9
[13 INFO main 647393] Confirming: 3/9
[13 INFO main 649499] Confirming: 4/9
[13 INFO main 651600] Confirming: 5/9
[13 INFO main 653697] Confirming: 6/9
[13 INFO main 655762] Confirming: 8/9
[13 INFO main 657795] Confirming: 9/9
[13 INFO main 658156] Scout.Query -> Verify.DriveTo | Go to unverified source
[13 INFO main 736786] Verify.DriveTo -> Verify.Homing | Homing
[13 INFO main 763886] Confirming: 1/9
[13 INFO main 765886] Confirming: 3/9
[13 INFO main 767939] Confirming: 4/9
[13 INFO main 772062] Confirming: 6/9
[13 INFO main 774119] Confirming: 7/9
[13 INFO main 776135] Confirming: 8/9
[13 INFO main 776577] Verify.Homing -> Scout.Query | Arrived home
[13 INFO main 778239] Confirming: 9/9
[13 INFO main 778268] Scout.Query -> Verify.DriveTo | Go to unverified source
[13 INFO main 915541] Verify.DriveTo -> Verify.Homing | Homing
[13 INFO main 942048] Verify.Homing -> Scout.Query | Arrived home
[13 INFO main 942447] Confirming: 1/9
[13 INFO main 944494] Confirming: 2/9
[13 INFO main 946509] Confirming: 3/9
[13 INFO main 948587] Confirming: 4/9
[13 INFO main 950622] Confirming: 5/9
[13 INFO main 952707] Confirming: 6/9
[13 INFO main 954728] Confirming: 7/9
[13 INFO main 956802] Confirming: 8/9
[13 INFO main 958888] Confirming: 9/9
[13 INFO main 959637] Scout.Query -> Verify.DriveTo | Go to unverified source
[13 INFO main 1037048] Verify.DriveTo -> Verify.Homing | Homing
[13 INFO main 1051510] Confirming: 1/9
[13 INFO main 1053689] Confirming: 3/9
[13 INFO main 1055724] Confirming: 4/9
[13 INFO main 1057742] Confirming: 5/9
[13 INFO main 1059158] Verify.Homing -> Scout.Query | Arrived home
[13 INFO main 1061914] Confirming: 6/9
[13 INFO main 1064014] Confirming: 8/9
[13 INFO main 1068072] Confirming: 9/9
[13 INFO main 1069037] Scout.Query -> Verify.DriveTo | Go to unverified source
[13 INFO main 1092050] Verify.DriveTo -> Verify.Homing | Homing
[13 INFO main 1093710] Verify.Homing -> Scout.Query | Arrived home
[13 INFO main 1100247] Confirming: 2/9
[13 INFO main 1102473] Confirming: 3/9
[13 INFO main 1106639] Confirming: 5/9
[13 INFO main 1108679] Confirming: 6/9
[13 INFO main 1110682] Confirming: 7/9
[13 INFO main 1112774] Confirming: 8/9
[13 INFO main 1116914] Confirming: 10/9
[13 INFO main 1117175] Scout.Query -> Verify.DriveTo | Go to unverified source
[13 INFO main 1229549] Verify.DriveTo -> Verify.Homing | Homing
[13 INFO main 1237797] Confirming: 2/9
[13 INFO main 1241840] Confirming: 4/9
[13 INFO main 1243924] Confirming: 5/9
[13 INFO main 1246024] Confirming: 6/9
[13 INFO main 1248256] Confirming: 7/9
[13 INFO main 1250350] Confirming: 8/9
[13 INFO main 1252369] Confirming: 9/9
[13 INFO main 1253795] Verify.Homing -> Scout.Query | Arrived home
[13 INFO main 1254040] Scout.Query -> Verify.DriveTo | Go to unverified source
[13 INFO main 1331413] Verify.DriveTo -> Verify.Homing | Homing
[13 INFO main 1340165] Confirming: 2/9
[13 INFO main 1344582] Confirming: 4/9
[13 INFO main 1346631] Confirming: 5/9
[13 INFO main 1350682] Confirming: 7/9
[13 INFO main 1352877] Confirming: 8/9
[13 INFO main 1354954] Confirming: 9/9
[13 INFO main 1390126] Verify.Homing -> Scout.Query | Arrived home
[13 INFO main 1390277] Scout.Query -> Verify.DriveTo | Go to unverified source
[13 INFO main 1420095] Verify.DriveTo -> Verify.Homing | Homing
[13 INFO main 1430213] Verify.Homing -> Scout.Query | Arrived home
[13 INFO main 1430735] Confirming: 1/9
[13 INFO main 1432782] Confirming: 2/9
[13 INFO main 1434814] Confirming: 3/9
[13 INFO main 1436828] Confirming: 4/9
[13 INFO main 1438965] Confirming: 5/9
[13 INFO main 1441001] Confirming: 6/9
[13 INFO main 1443116] Confirming: 7/9
[13 INFO main 1445126] Confirming: 8/9
[13 INFO main 1447303] Confirming: 9/9
[13 INFO main 1447959] Scout.Query -> Verify.DriveTo | Go to unverified source
[13 INFO main 1507033] Verify.DriveTo -> Verify.Homing | Homing
[13 INFO main 1515731] Confirming: 1/9
[13 INFO main 1517873] Confirming: 2/9
[13 INFO main 1519894] Confirming: 4/9
[13 INFO main 1524137] Confirming: 6/9
[13 INFO main 1526154] Confirming: 7/9
[13 INFO main 1528208] Confirming: 8/9
[13 INFO main 1530310] Confirming: 9/9
[13 INFO main 1537712] Verify.Homing -> Scout.Query | Arrived home
[13 INFO main 1537818] Scout.Query -> Verify.DriveTo | Go to unverified source
[13 INFO main 1828835] Verify.DriveTo -> Verify.Homing | Homing
[13 INFO main 1850616] Confirming: 1/9
[13 INFO main 1852655] Confirming: 2/9
[13 INFO main 1854707] Confirming: 3/9
[13 INFO main 1856777] Confirming: 4/9
[13 INFO main 1857116] Verify.Homing -> Scout.Query | Arrived home
[13 INFO main 1858922] Confirming: 5/9
[13 INFO main 1861023] Confirming: 6/9
[13 INFO main 1863140] Confirming: 7/9
[13 INFO main 1865172] Confirming: 8/9
[13 INFO main 1867403] Confirming: 9/9
[13 INFO main 1867503] Scout.Query -> Verify.DriveTo | Go to unverified source
[13 INFO main 1973639] Verify.DriveTo -> Verify.Homing | Homing
[13 INFO main 1990674] Confirming: 1/9
[13 INFO main 1992787] Confirming: 2/9
[13 INFO main 1995298] Confirming: 3/9
[13 INFO main 1997446] Confirming: 4/9
[13 INFO main 1999534] Confirming: 5/9
[13 INFO main 2001618] Confirming: 6/9
[13 INFO main 2003176] Verify.Homing -> Scout.Query | Arrived home
[13 INFO main 2003985] Confirming: 7/9
[13 INFO main 2006374] Confirming: 9/9
[13 INFO main 2006696] Scout.Query -> Verify.DriveTo | Go to unverified source
[13 INFO main 2057378] Verify.DriveTo -> Verify.Homing | Homing
[13 INFO main 2072301] Verify.Homing -> Scout.Query | Arrived home
[13 INFO main 2080158] Confirming: 2/9
[13 INFO main 2082287] Confirming: 3/9
[13 INFO main 2084381] Confirming: 4/9
[13 INFO main 2086454] Confirming: 5/9
[13 INFO main 2088459] Confirming: 6/9
[13 INFO main 2090532] Confirming: 7/9
[13 INFO main 2092682] Confirming: 8/9
[13 INFO main 2094692] Confirming: 9/9
[13 INFO main 2095427] Scout.Query -> Verify.DriveTo | Go to unverified source
[13 INFO main 2146180] Verify.DriveTo -> Verify.Homing | Homing
[13 INFO main 2158369] Verify.Homing -> Scout.Query | Arrived home
[13 INFO main 2182291] Confirming: 3/9
[13 INFO main 2184353] Confirming: 4/9
[13 INFO main 2186446] Confirming: 5/9
[13 INFO main 2190615] Confirming: 7/9
[13 INFO main 2192713] Confirming: 8/9
[13 INFO main 2194784] Confirming: 9/9
[13 INFO main 2194788] Scout.Query -> Scout.PrepSend | Homing
[13 INFO main 2194887] Scout.PrepSend -> Verify.Homing | Homing
[13 INFO main 2208876] Verify.Homing -> Scout.Query | Arrived home
[13 INFO main 2211464] Confirming: 1/9
[13 INFO main 2213643] Confirming: 2/9
[13 INFO main 2215686] Confirming: 3/9
[13 INFO main 2217758] Confirming: 4/9
[13 INFO main 2219676] Confirming: 6/9
[13 INFO main 2221982] Confirming: 7/9
[13 INFO main 2226052] Confirming: 8/9
[13 INFO main 2228093] Confirming: 10/9
[13 INFO main 2228968] Scout.Query -> Verify.DriveTo | Go to unverified source
[13 INFO main 2327230] Verify.DriveTo -> Verify.Homing | Homing
[13 INFO main 2359565] Verify.Homing -> Scout.Query | Arrived home
[13 INFO main 2360937] Confirming: 1/9
[13 INFO main 2363114] Confirming: 2/9
[13 INFO main 2365139] Confirming: 3/9
[13 INFO main 2367168] Confirming: 4/9
[13 INFO main 2369158] Confirming: 5/9
[13 INFO main 2371174] Confirming: 6/9
[13 INFO main 2373234] Confirming: 7/9
[13 INFO main 2375394] Confirming: 8/9
[13 INFO main 2379621] Confirming: 10/9
[13 INFO main 2380499] Scout.Query -> Verify.DriveTo | Go to unverified source
[13 INFO main 2437514] Verify.DriveTo -> Verify.Homing | Homing
[13 INFO main 2458910] Verify.Homing -> Scout.Query | Arrived home
[13 INFO main 2466194] Confirming: 1/9
[13 INFO main 2470417] Confirming: 3/9
[13 INFO main 2472677] Confirming: 4/9
[13 INFO main 2474780] Confirming: 5/9
[13 INFO main 2476806] Confirming: 6/9
[13 INFO main 2478817] Confirming: 7/9
[13 INFO main 2480882] Confirming: 8/9
[13 INFO main 2483458] Confirming: 9/9
[13 INFO main 2483823] Scout.Query -> Verify.DriveTo | Go to unverified source
[13 INFO main 2493546] Verify.DriveTo -> Verify.Homing | Homing
[13 INFO main 2501553] Verify.Homing -> Scout.Query | Arrived home
[13 INFO main 2506073] Confirming: 1/9
[13 INFO main 2508254] Confirming: 2/9
[13 INFO main 2510311] Confirming: 3/9
[13 INFO main 2512559] Confirming: 4/9
[13 INFO main 2514608] Confirming: 5/9
[13 INFO main 2516647] Confirming: 6/9
[13 INFO main 2518750] Confirming: 7/9
[13 INFO main 2520772] Confirming: 8/9
[13 INFO main 2524978] Confirming: 10/9
[13 INFO main 2525454] Scout.Query -> Verify.DriveTo | Go to unverified source
[13 INFO main 2563874] Verify.DriveTo -> Verify.Homing | Homing
[13 INFO main 2587915] Verify.Homing -> Scout.Query | Arrived home
[13 INFO main 2597756] Confirming: 2/9
[13 INFO main 2599902] Confirming: 3/9
[13 INFO main 2601941] Confirming: 4/9
[13 INFO main 2606042] Confirming: 6/9
[13 INFO main 2608250] Confirming: 7/9
[13 INFO main 2612430] Confirming: 9/9
[13 INFO main 2613451] Scout.Query -> Verify.DriveTo | Go to unverified source
[13 INFO main 2636948] Verify.DriveTo -> Verify.Homing | Homing
[13 INFO main 2657709] Confirming: 1/9
[13 INFO main 2659720] Confirming: 2/9
[13 INFO main 2661762] Confirming: 3/9
[13 INFO main 2663786] Confirming: 4/9
[13 INFO main 2665921] Confirming: 5/9
[13 INFO main 2667964] Confirming: 6/9
[13 INFO main 2670063] Confirming: 7/9
[13 INFO main 2672131] Confirming: 8/9
[13 INFO main 2674192] Confirming: 9/9
[13 INFO main 2677224] Verify.Homing -> Scout.Query | Arrived home
[13 INFO main 2677302] Scout.Query -> Verify.DriveTo | Go to unverified source
[13 INFO main 2740415] Verify.DriveTo -> Verify.Homing | Homing
[13 INFO main 2748727] Confirming: 2/9
[13 INFO main 2752985] Confirming: 3/9
[13 INFO main 2755015] Confirming: 5/9
[13 INFO main 2757014] Confirming: 6/9
[13 INFO main 2759027] Confirming: 7/9
[13 INFO main 2759550] Verify.Homing -> Scout.Query | Arrived home
[13 INFO main 2761051] Confirming: 8/9
[13 INFO main 2763272] Confirming: 9/9
[13 INFO main 2763321] Scout.Query -> Verify.DriveTo | Go to unverified source
[13 INFO main 3026639] Verify.DriveTo -> Verify.Homing | Homing
[13 INFO main 3045242] Confirming: 1/9
[13 INFO main 3049379] Confirming: 3/9
[13 INFO main 3053465] Confirming: 4/9
[13 INFO main 3055638] Confirming: 6/9
[13 INFO main 3055913] Verify.Homing -> Scout.Query | Arrived home
[13 INFO main 3059776] Confirming: 7/9
[13 INFO main 3061871] Confirming: 9/9
[13 INFO main 3061923] Scout.Query -> Verify.DriveTo | Go to unverified source
[13 INFO main 3111297] Verify.DriveTo -> Verify.Homing | Homing
[13 INFO main 3134660] Confirming: 1/9
[13 INFO main 3137327] Confirming: 3/9
[13 INFO main 3137456] Verify.Homing -> Scout.Query | Arrived home
[13 INFO main 3139625] Confirming: 4/9
[13 INFO main 3143821] Confirming: 6/9
[13 INFO main 3145955] Confirming: 7/9
[13 INFO main 3148022] Confirming: 8/9
[13 INFO main 3150134] Confirming: 9/9
[13 INFO main 3150820] Scout.Query -> Verify.DriveTo | Go to unverified source
[13 INFO main 3241213] Verify.DriveTo -> Verify.Homing | Homing
[13 INFO main 3261286] Confirming: 1/9
[13 INFO main 3263586] Confirming: 2/9
[13 INFO main 3265658] Confirming: 3/9
[13 INFO main 3267820] Confirming: 5/9
[13 INFO main 3270037] Confirming: 6/9
[13 INFO main 3271606] Verify.Homing -> Scout.Query | Arrived home
[13 INFO main 3272098] Confirming: 7/9
[13 INFO main 3274155] Confirming: 8/9
[13 INFO main 3276247] Confirming: 9/9
[13 INFO main 3277093] Scout.Query -> Verify.DriveTo | Go to unverified source
[13 INFO main 3304425] Verify.DriveTo -> Verify.Homing | Homing
[13 INFO main 3314134] Verify.Homing -> Scout.Query | Arrived home
[13 INFO main 3319882] Confirming: 1/9
[13 INFO main 3323979] Confirming: 2/9
[13 INFO main 3326043] Confirming: 3/9
[13 INFO main 3328214] Confirming: 4/9
[13 INFO main 3330285] Confirming: 5/9
[13 INFO main 3332392] Confirming: 7/9
[13 INFO main 3334479] Confirming: 8/9
[13 INFO main 3338570] Confirming: 10/9
[13 INFO main 3339181] Scout.Query -> Verify.DriveTo | Go to unverified source
[13 INFO main 3560488] Verify.DriveTo -> Verify.Homing | Homing
[13 INFO main 3586656] Verify.Homing -> Scout.Query | Arrived home
[13 INFO main 3592608] Confirming: 1/9
[13 INFO main 3594665] Confirming: 2/9
[13 INFO main 3596890] Confirming: 3/9
[13 INFO main 3598986] Confirming: 5/9
[13 INFO main 3603063] Confirming: 7/9
[13 INFO main 3607138] Confirming: 9/9
[13 INFO main 3607553] Scout.Query -> Verify.DriveTo | Go to unverified source
[13 INFO main 3776352] Verify.DriveTo -> Verify.Homing | Homing
[13 INFO main 3802288] Confirming: 1/9
[13 INFO main 3804386] Confirming: 2/9
[13 INFO main 3806477] Confirming: 3/9
[13 INFO main 3808486] Confirming: 4/9
[13 INFO main 3810694] Confirming: 5/9
[13 INFO main 3812769] Confirming: 6/9
[13 INFO main 3814783] Confirming: 8/9
[13 INFO main 3815231] Verify.Homing -> Scout.Query | Arrived home
[13 INFO main 3816902] Confirming: 9/9
[13 INFO main 3817473] Scout.Query -> Verify.DriveTo | Go to unverified source
[13 INFO main 3872532] Verify.DriveTo -> Verify.Homing | Homing
[13 INFO main 3891745] Confirming: 1/9
[13 INFO main 3893792] Confirming: 2/9
[13 INFO main 3895947] Confirming: 3/9
[13 INFO main 3898163] Confirming: 4/9
[13 INFO main 3900189] Confirming: 5/9
[13 INFO main 3904342] Confirming: 7/9
[13 INFO main 3906394] Confirming: 8/9
[13 INFO main 3908522] Confirming: 9/9
[13 INFO main 3909994] Verify.Homing -> Scout.Query | Arrived home
[13 INFO main 3910223] Scout.Query -> Verify.DriveTo | Go to unverified source
[13 INFO main 4022968] Verify.DriveTo -> Verify.Homing | Homing
[13 INFO main 4042577] Confirming: 1/9
[13 INFO main 4044649] Confirming: 2/9
[13 INFO main 4046311] Verify.Homing -> Scout.Query | Arrived home
[13 INFO main 4046828] Confirming: 4/9
[13 INFO main 4051198] Confirming: 6/9
[13 INFO main 4053235] Confirming: 7/9
[13 INFO main 4055340] Confirming: 8/9
[13 INFO main 4059860] Confirming: 10/9
[13 INFO main 4060248] Scout.Query -> Verify.DriveTo | Go to unverified source
[13 INFO main 4189038] Verify.DriveTo -> Verify.Homing | Homing
[13 INFO main 4212785] Confirming: 1/9
[13 INFO main 4223468] Verify.Homing -> Scout.Query | Arrived home
[13 INFO main 4236129] Confirming: 2/9
[13 INFO main 4238273] Confirming: 3/9
[13 INFO main 4240318] Confirming: 4/9
[13 INFO main 4242433] Confirming: 5/9
[13 INFO main 4246603] Confirming: 7/9
[13 INFO main 4248692] Confirming: 8/9
[13 INFO main 4250792] Confirming: 9/9
[13 INFO main 4251539] Scout.Query -> Verify.DriveTo | Go to unverified source
[13 INFO main 4280154] Verify.DriveTo -> Verify.Homing | Homing
[13 INFO main 4300279] Verify.Homing -> Scout.Query | Arrived home
[13 INFO main 4313606] Confirming: 1/9
[13 INFO main 4316254] Confirming: 3/9
[13 INFO main 4318291] Confirming: 4/9
[13 INFO main 4320311] Confirming: 5/9
[13 INFO main 4322632] Confirming: 6/9
[13 INFO main 4324570] Confirming: 7/9
[13 INFO main 4326704] Confirming: 8/9
[13 INFO main 4329008] Confirming: 9/9
[13 INFO main 4329146] Scout.Query -> Verify.DriveTo | Go to unverified source
[13 INFO main 4424380] Verify.DriveTo -> Verify.Homing | Homing
[13 INFO main 4430963] Confirming: 1/9
[13 INFO main 4433070] Confirming: 2/9
[13 INFO main 4435347] Confirming: 3/9
[13 INFO main 4437811] Confirming: 5/9
[13 INFO main 4442547] Confirming: 7/9
[13 INFO main 4446716] Confirming: 9/9
[13 INFO main 4460396] Verify.Homing -> Scout.Query | Arrived home
[13 INFO main 4460891] Scout.Query -> Verify.DriveTo | Go to unverified source
[13 INFO main 4509543] Verify.DriveTo -> Verify.Homing | Homing
[13 INFO main 4522426] Confirming: 1/9
[13 INFO main 4524498] Confirming: 2/9
[13 INFO main 4527573] Confirming: 3/9
[13 INFO main 4529587] Confirming: 4/9
[13 INFO main 4531698] Confirming: 6/9
[13 INFO main 4534105] Confirming: 7/9
[13 INFO main 4536202] Confirming: 8/9
[13 INFO main 4538500] Confirming: 9/9
[13 INFO main 4541701] Verify.Homing -> Scout.Query | Arrived home
[13 INFO main 4542367] Scout.Query -> Verify.DriveTo | Go to unverified source
[13 INFO main 4575588] Verify.DriveTo -> Verify.Homing | Homing
[13 INFO main 4584131] Confirming: 2/9
[13 INFO main 4588465] Confirming: 4/9
[13 INFO main 4590689] Confirming: 5/9
[13 INFO main 4595158] Confirming: 6/9
[13 INFO main 4597245] Confirming: 7/9
[13 INFO main 4599305] Confirming: 9/9
[13 INFO main 4600232] Verify.Homing -> Scout.Query | Arrived home
[13 INFO main 4600505] Scout.Query -> Verify.DriveTo | Go to unverified source
[13 INFO main 4698957] Verify.DriveTo -> Verify.Homing | Homing
[13 INFO main 4727702] Confirming: 2/9
[13 INFO main 4729754] Confirming: 3/9
[13 INFO main 4731849] Confirming: 4/9
[13 INFO main 4734009] Confirming: 5/9
[13 INFO main 4736111] Confirming: 6/9
[13 INFO main 4738171] Confirming: 7/9
[13 INFO main 4739295] Verify.Homing -> Scout.Query | Arrived home
[13 INFO main 4740227] Confirming: 8/9
[13 INFO main 4742683] Confirming: 9/9
[13 INFO main 4781726] Scout.Query -> Verify.DriveTo | Go to unverified source
[13 INFO main 4906917] Verify.DriveTo -> Verify.Homing | Homing
[13 INFO main 4915923] Confirming: 1/9
[13 INFO main 4918286] Confirming: 2/9
[13 INFO main 4920318] Confirming: 3/9
[13 INFO main 4922360] Confirming: 4/9
[13 INFO main 4924390] Confirming: 5/9
[13 INFO main 4926464] Confirming: 6/9
[13 INFO main 4928486] Confirming: 7/9
[13 INFO main 4928486] Verify.Homing -> Scout.Query | Arrived home
[13 INFO main 4930509] Confirming: 8/9
[13 INFO main 4932618] Confirming: 9/9
[13 INFO main 4932883] Scout.Query -> Verify.DriveTo | Go to unverified source
[13 INFO main 5107596] Verify.DriveTo -> Verify.Homing | Homing
[13 INFO main 5125139] Confirming: 1/9
[13 INFO main 5127745] Confirming: 2/9
[13 INFO main 5129754] Confirming: 3/9
[13 INFO main 5132083] Confirming: 4/9
[13 INFO main 5134243] Confirming: 5/9
[13 INFO main 5136277] Confirming: 6/9
[13 INFO main 5138341] Confirming: 7/9
[13 INFO main 5140426] Confirming: 8/9
[13 INFO main 5142466] Confirming: 9/9
[13 INFO main 5143989] Verify.Homing -> Scout.Query | Arrived home
[13 INFO main 5144193] Scout.Query -> Verify.DriveTo | Go to unverified source
[13 INFO main 5363504] Verify.DriveTo -> Verify.Homing | Homing
[13 INFO main 5374706] Confirming: 1/9
[13 INFO main 5378909] Confirming: 2/9
[13 INFO main 5380968] Confirming: 3/9
[13 INFO main 5382986] Confirming: 5/9
[13 INFO main 5385007] Confirming: 6/9
[13 INFO main 5387250] Confirming: 7/9
[13 INFO main 5389341] Confirming: 8/9
[13 INFO main 5391379] Confirming: 9/9
[13 INFO main 5397237] Verify.Homing -> Scout.Query | Arrived home
[13 INFO main 5397878] Scout.Query -> Verify.DriveTo | Go to unverified source
