[9 INFO main 61] Initialising Python Geth Console...
[9 INFO main 65] Initialising RandB board...
[9 INFO main 65] Initialising navigation...
[9 INFO main 65] Initialising random-walk...
[9 INFO main 65] Initialising odometry...
[9 INFO main 66] Initialising ground-sensors...
[9 INFO main 707] --//-- Starting Experiment --//--
[9 INFO main 1805] Idle.IDLE -> Scout.Query | Duration: 23.87
[9 INFO main 91927] Scout.Query -> Scout.GotoCenter | Drive to others reported pos
[9 INFO main 93027] Scout.GotoCenter -> Scout.Query | return to random walk
[9 INFO main 94029] Scout.Query -> Scout.GotoCenter | Drive to others reported pos
[9 INFO main 94429] Scout.GotoCenter -> Scout.Query | return to random walk
[9 INFO main 95030] Scout.Query -> Scout.GotoCenter | Drive to others reported pos
[9 INFO main 96838] Scout.GotoCenter -> Scout.Query | return to random walk
[9 INFO main 97034] Scout.Query -> Scout.GotoCenter | Drive to others reported pos
[9 INFO main 99133] Scout.GotoCenter -> Scout.Query | return to random walk
[9 INFO main 100037] Scout.Query -> Scout.GotoCenter | Drive to others reported pos
[9 INFO main 100236] Scout.GotoCenter -> Scout.Query | return to random walk
[9 INFO main 101042] Scout.Query -> Scout.GotoCenter | Drive to others reported pos
[9 INFO main 102638] Scout.GotoCenter -> Scout.Query | return to random walk
[9 INFO main 103045] Scout.Query -> Scout.GotoCenter | Drive to others reported pos
[9 INFO main 104643] Scout.GotoCenter -> Scout.Query | return to random walk
[9 INFO main 105144] Scout.Query -> Scout.GotoCenter | Drive to others reported pos
[9 INFO main 105743] Scout.GotoCenter -> Scout.Query | return to random walk
[9 INFO main 106244] Scout.Query -> Scout.GotoCenter | Drive to others reported pos
[9 INFO main 106747] Scout.GotoCenter -> Scout.Query | return to random walk
