[6 INFO main 27] Initialising Python Geth Console...
[6 INFO main 32] Initialising RandB board...
[6 INFO main 32] Initialising navigation...
[6 INFO main 32] Initialising random-walk...
[6 INFO main 32] Initialising odometry...
[6 INFO main 32] Initialising ground-sensors...
[6 INFO main 636] --//-- Starting Experiment --//--
[6 INFO main 2043] Idle.IDLE -> Scout.Query | Duration: 28.89
[6 INFO main 19503] Scout.Query -> Verify.DriveTo | Go to unverified source
[6 INFO main 47453] Verify.DriveTo -> Verify.Homing | Homing
[6 INFO main 70140] Confirming: 1/9
[6 INFO main 72181] Confirming: 2/9
[6 INFO main 74268] Confirming: 3/9
[6 INFO main 76322] Confirming: 4/9
[6 INFO main 78335] Confirming: 5/9
[6 INFO main 80351] Confirming: 6/9
[6 INFO main 82425] Confirming: 7/9
[6 INFO main 84512] Confirming: 9/9
[6 INFO main 88883] Verify.Homing -> Scout.Query | Arrived home
[6 INFO main 88929] Scout.Query -> Verify.DriveTo | Go to unverified source
[6 INFO main 99060] Verify.DriveTo -> Verify.Homing | Homing
[6 INFO main 106335] Verify.Homing -> Scout.Query | Arrived home
[6 INFO main 130185] Confirming: 1/9
[6 INFO main 132201] Confirming: 2/9
[6 INFO main 134387] Confirming: 3/9
[6 INFO main 136492] Confirming: 5/9
[6 INFO main 140578] Confirming: 7/9
[6 INFO main 142617] Confirming: 8/9
[6 INFO main 144858] Confirming: 9/9
[6 INFO main 163392] Scout.Query -> Verify.DriveTo | Go to unverified source
[6 INFO main 219446] Verify.DriveTo -> Verify.Homing | Homing
[6 INFO main 249198] Confirming: 1/9
[6 INFO main 251262] Confirming: 2/9
[6 INFO main 253341] Confirming: 3/9
[6 INFO main 255377] Confirming: 4/9
[6 INFO main 257474] Confirming: 5/9
[6 INFO main 259523] Confirming: 6/9
[6 INFO main 261594] Confirming: 7/9
[6 INFO main 263649] Confirming: 8/9
[6 INFO main 265701] Confirming: 9/9
[6 INFO main 268224] Verify.Homing -> Scout.Query | Arrived home
[6 INFO main 268448] Scout.Query -> Verify.DriveTo | Go to unverified source
[6 INFO main 311451] Verify.DriveTo -> Verify.Homing | Homing
[6 INFO main 330087] Verify.Homing -> Scout.Query | Arrived home
[6 INFO main 340245] Confirming: 1/9
[6 INFO main 342260] Confirming: 3/9
[6 INFO main 344290] Confirming: 4/9
[6 INFO main 346302] Confirming: 5/9
[6 INFO main 348344] Confirming: 6/9
[6 INFO main 350369] Confirming: 7/9
[6 INFO main 354500] Confirming: 8/9
[6 INFO main 356530] Confirming: 10/9
[6 INFO main 356533] Scout.Query -> Scout.PrepSend | Homing
[6 INFO main 356712] Scout.PrepSend -> Verify.Homing | Homing
[6 INFO main 369307] Confirming: 1/9
[6 INFO main 371416] Confirming: 2/9
[6 INFO main 373420] Confirming: 3/9
[6 INFO main 373559] Verify.Homing -> Scout.Query | Arrived home
[6 INFO main 375660] Confirming: 4/9
[6 INFO main 377689] Confirming: 5/9
[6 INFO main 379723] Confirming: 6/9
[6 INFO main 381746] Confirming: 7/9
[6 INFO main 383794] Confirming: 8/9
[6 INFO main 385836] Confirming: 9/9
[6 INFO main 386739] Scout.Query -> Verify.DriveTo | Go to unverified source
[6 INFO main 408181] Verify.DriveTo -> Verify.Homing | Homing
[6 INFO main 433212] Verify.Homing -> Scout.Query | Arrived home
[6 INFO main 459968] Confirming: 1/9
[6 INFO main 462011] Confirming: 2/9
[6 INFO main 464119] Confirming: 3/9
[6 INFO main 466207] Confirming: 4/9
[6 INFO main 468209] Confirming: 5/9
[6 INFO main 470322] Confirming: 7/9
[6 INFO main 472344] Confirming: 8/9
[6 INFO main 474374] Confirming: 9/9
[6 INFO main 474404] Scout.Query -> Verify.DriveTo | Go to unverified source
[6 INFO main 562404] Verify.DriveTo -> Verify.Homing | Homing
[6 INFO main 571135] Confirming: 1/9
[6 INFO main 573179] Confirming: 2/9
[6 INFO main 575327] Confirming: 3/9
[6 INFO main 577331] Confirming: 4/9
[6 INFO main 578269] Verify.Homing -> Scout.Query | Arrived home
[6 INFO main 579408] Confirming: 5/9
[6 INFO main 581498] Confirming: 6/9
[6 INFO main 585608] Confirming: 8/9
[6 INFO main 587766] Confirming: 9/9
[6 INFO main 601011] Scout.Query -> Verify.DriveTo | Go to unverified source
[6 INFO main 614079] Verify.DriveTo -> Verify.Homing | Homing
[6 INFO main 632724] Confirming: 1/9
[6 INFO main 634907] Confirming: 2/9
[6 INFO main 636855] Confirming: 3/9
[6 INFO main 639062] Confirming: 4/9
[6 INFO main 641122] Confirming: 5/9
[6 INFO main 643178] Confirming: 6/9
[6 INFO main 645190] Confirming: 7/9
[6 INFO main 646248] Verify.Homing -> Scout.Query | Arrived home
[6 INFO main 647254] Confirming: 8/9
[6 INFO main 649342] Confirming: 9/9
[6 INFO main 649816] Scout.Query -> Verify.DriveTo | Go to unverified source
[6 INFO main 696536] Verify.DriveTo -> Verify.Homing | Homing
[6 INFO main 715032] Verify.Homing -> Scout.Query | Arrived home
[6 INFO main 729878] Confirming: 1/9
[6 INFO main 731943] Confirming: 2/9
[6 INFO main 734042] Confirming: 3/9
[6 INFO main 736094] Confirming: 4/9
[6 INFO main 738137] Confirming: 5/9
[6 INFO main 740171] Confirming: 6/9
[6 INFO main 742242] Confirming: 7/9
[6 INFO main 744268] Confirming: 8/9
[6 INFO main 746270] Confirming: 9/9
[6 INFO main 753390] Scout.Query -> Verify.DriveTo | Go to unverified source
[6 INFO main 778276] Verify.DriveTo -> Verify.Homing | Homing
[6 INFO main 788781] Confirming: 1/9
[6 INFO main 790878] Confirming: 2/9
[6 INFO main 792927] Confirming: 3/9
[6 INFO main 794875] Confirming: 4/9
[6 INFO main 796983] Confirming: 5/9
[6 INFO main 797834] Verify.Homing -> Scout.Query | Arrived home
[6 INFO main 798939] Confirming: 6/9
[6 INFO main 801053] Confirming: 7/9
[6 INFO main 803157] Confirming: 8/9
[6 INFO main 805244] Confirming: 9/9
[6 INFO main 805273] Scout.Query -> Verify.DriveTo | Go to unverified source
[6 INFO main 857616] Verify.DriveTo -> Verify.Homing | Homing
[6 INFO main 880401] Confirming: 1/9
[6 INFO main 882402] Confirming: 2/9
[6 INFO main 884229] Verify.Homing -> Scout.Query | Arrived home
[6 INFO main 884432] Confirming: 3/9
[6 INFO main 886470] Confirming: 4/9
[6 INFO main 888402] Confirming: 5/9
[6 INFO main 890545] Confirming: 6/9
[6 INFO main 892588] Confirming: 7/9
[6 INFO main 894619] Confirming: 8/9
[6 INFO main 896648] Confirming: 9/9
[6 INFO main 897416] Scout.Query -> Verify.DriveTo | Go to unverified source
[6 INFO main 941372] Verify.DriveTo -> Verify.Homing | Homing
[6 INFO main 968785] Verify.Homing -> Scout.Query | Arrived home
[6 INFO main 970800] Confirming: 1/9
[6 INFO main 972904] Confirming: 2/9
[6 INFO main 974975] Confirming: 3/9
[6 INFO main 976935] Confirming: 4/9
[6 INFO main 978935] Confirming: 5/9
[6 INFO main 981066] Confirming: 6/9
[6 INFO main 983009] Confirming: 7/9
[6 INFO main 985161] Confirming: 8/9
[6 INFO main 987179] Confirming: 9/9
[6 INFO main 987182] Scout.Query -> Scout.PrepSend | Homing
[6 INFO main 987294] Scout.PrepSend -> Verify.Homing | Homing
[6 INFO main 999844] Confirming: 1/9
[6 INFO main 1001836] Confirming: 2/9
[6 INFO main 1003950] Confirming: 3/9
[6 INFO main 1006038] Confirming: 4/9
[6 INFO main 1008076] Confirming: 5/9
[6 INFO main 1009836] Verify.Homing -> Scout.Query | Arrived home
[6 INFO main 1010158] Confirming: 6/9
[6 INFO main 1012244] Confirming: 7/9
[6 INFO main 1014314] Confirming: 8/9
[6 INFO main 1016388] Confirming: 9/9
[6 INFO main 1016425] Scout.Query -> Verify.DriveTo | Go to unverified source
[6 INFO main 1034437] Verify.DriveTo -> Verify.Homing | Homing
[6 INFO main 1055632] Verify.Homing -> Scout.Query | Arrived home
[6 INFO main 1061356] Confirming: 1/9
[6 INFO main 1063384] Confirming: 2/9
[6 INFO main 1065598] Confirming: 4/9
[6 INFO main 1069672] Confirming: 6/9
[6 INFO main 1071702] Confirming: 7/9
[6 INFO main 1073802] Confirming: 8/9
[6 INFO main 1075810] Confirming: 9/9
[6 INFO main 1075972] Scout.Query -> Verify.DriveTo | Go to unverified source
[6 INFO main 1131305] Verify.DriveTo -> Verify.Homing | Homing
[6 INFO main 1150065] Confirming: 1/9
[6 INFO main 1152103] Confirming: 2/9
[6 INFO main 1154223] Confirming: 3/9
[6 INFO main 1156312] Confirming: 4/9
[6 INFO main 1158458] Confirming: 5/9
[6 INFO main 1160477] Confirming: 6/9
[6 INFO main 1162631] Confirming: 7/9
[6 INFO main 1164698] Confirming: 8/9
[6 INFO main 1166697] Confirming: 9/9
[6 INFO main 1167037] Verify.Homing -> Scout.Query | Arrived home
[6 INFO main 1167171] Scout.Query -> Verify.DriveTo | Go to unverified source
[6 INFO main 1195316] Verify.DriveTo -> Verify.Homing | Homing
[6 INFO main 1208429] Verify.Homing -> Scout.Query | Arrived home
[6 INFO main 1209853] Confirming: 1/9
[6 INFO main 1211864] Confirming: 2/9
[6 INFO main 1213887] Confirming: 3/9
[6 INFO main 1215977] Confirming: 4/9
[6 INFO main 1218066] Confirming: 5/9
[6 INFO main 1220148] Confirming: 6/9
[6 INFO main 1222190] Confirming: 7/9
[6 INFO main 1224271] Confirming: 8/9
[6 INFO main 1226311] Confirming: 9/9
[6 INFO main 1227199] Scout.Query -> Verify.DriveTo | Go to unverified source
[6 INFO main 1255464] Verify.DriveTo -> Verify.Homing | Homing
[6 INFO main 1269884] Confirming: 1/9
[6 INFO main 1271819] Confirming: 2/9
[6 INFO main 1273947] Confirming: 3/9
[6 INFO main 1277336] Verify.Homing -> Scout.Query | Arrived home
[6 INFO main 1280155] Confirming: 6/9
[6 INFO main 1282215] Confirming: 7/9
[6 INFO main 1284315] Confirming: 8/9
[6 INFO main 1286351] Confirming: 9/9
[6 INFO main 1287219] Scout.Query -> Verify.DriveTo | Go to unverified source
[6 INFO main 1343006] Verify.DriveTo -> Verify.Homing | Homing
[6 INFO main 1361612] Confirming: 1/9
[6 INFO main 1365721] Confirming: 3/9
[6 INFO main 1367718] Confirming: 4/9
[6 INFO main 1368430] Verify.Homing -> Scout.Query | Arrived home
[6 INFO main 1369720] Confirming: 5/9
[6 INFO main 1373907] Confirming: 6/9
[6 INFO main 1375963] Confirming: 8/9
[6 INFO main 1377985] Confirming: 9/9
[6 INFO main 1378369] Scout.Query -> Verify.DriveTo | Go to unverified source
[6 INFO main 1437997] Verify.DriveTo -> Verify.Homing | Homing
[6 INFO main 1452578] Confirming: 1/9
[6 INFO main 1454638] Confirming: 2/9
[6 INFO main 1456711] Confirming: 3/9
[6 INFO main 1458778] Confirming: 4/9
[6 INFO main 1460879] Confirming: 5/9
[6 INFO main 1462904] Confirming: 6/9
[6 INFO main 1464975] Confirming: 7/9
[6 INFO main 1466993] Confirming: 8/9
[6 INFO main 1469028] Confirming: 9/9
[6 INFO main 1473451] Verify.Homing -> Scout.Query | Arrived home
[6 INFO main 1473590] Scout.Query -> Verify.DriveTo | Go to unverified source
[6 INFO main 1518347] Verify.DriveTo -> Verify.Homing | Homing
[6 INFO main 1543070] Confirming: 1/9
[6 INFO main 1543484] Verify.Homing -> Scout.Query | Arrived home
[6 INFO main 1545157] Confirming: 2/9
[6 INFO main 1547231] Confirming: 3/9
[6 INFO main 1549278] Confirming: 4/9
[6 INFO main 1551311] Confirming: 6/9
[6 INFO main 1553348] Confirming: 7/9
[6 INFO main 1557453] Confirming: 8/9
[6 INFO main 1559482] Confirming: 10/9
[6 INFO main 1560223] Scout.Query -> Verify.DriveTo | Go to unverified source
[6 INFO main 1589875] Verify.DriveTo -> Verify.Homing | Homing
[6 INFO main 1602293] Confirming: 1/9
[6 INFO main 1604386] Confirming: 2/9
[6 INFO main 1606422] Confirming: 3/9
[6 INFO main 1606767] Verify.Homing -> Scout.Query | Arrived home
[6 INFO main 1608512] Confirming: 4/9
[6 INFO main 1612569] Confirming: 6/9
[6 INFO main 1614543] Confirming: 7/9
[6 INFO main 1616647] Confirming: 8/9
[6 INFO main 1618667] Confirming: 9/9
[6 INFO main 1619002] Scout.Query -> Verify.DriveTo | Go to unverified source
[6 INFO main 1636011] Verify.DriveTo -> Verify.Homing | Homing
[6 INFO main 1662694] Confirming: 1/9
[6 INFO main 1664747] Confirming: 2/9
[6 INFO main 1666638] Verify.Homing -> Scout.Query | Arrived home
[6 INFO main 1666843] Confirming: 3/9
[6 INFO main 1668918] Confirming: 4/9
[6 INFO main 1670976] Confirming: 5/9
[6 INFO main 1673018] Confirming: 6/9
[6 INFO main 1675088] Confirming: 7/9
[6 INFO main 1677149] Confirming: 8/9
[6 INFO main 1679219] Confirming: 9/9
[6 INFO main 1679433] Scout.Query -> Verify.DriveTo | Go to unverified source
[6 INFO main 1704127] Verify.DriveTo -> Verify.Homing | Homing
[6 INFO main 1723075] Confirming: 1/9
[6 INFO main 1723274] Verify.Homing -> Scout.Query | Arrived home
[6 INFO main 1725153] Confirming: 2/9
[6 INFO main 1727166] Confirming: 3/9
[6 INFO main 1729232] Confirming: 4/9
[6 INFO main 1731326] Confirming: 6/9
[6 INFO main 1733422] Confirming: 7/9
[6 INFO main 1735564] Confirming: 8/9
[6 INFO main 1737590] Confirming: 9/9
[6 INFO main 1738442] Scout.Query -> Verify.DriveTo | Go to unverified source
[6 INFO main 1789691] Verify.DriveTo -> Verify.Homing | Homing
