[INFO main 28] Initialising peer buffer...
[INFO main 29] Initialising resource buffer...
[INFO main 29] Initialising TCP server...
[INFO main 29] Initialising RandB board...
[INFO main 29] Initialising ground-sensors...
[INFO main 29] Initialising random-walk...
[INFO main 407] --//-- Starting Experiment --//--
[INFO main 81408] Added resource: {"x": 1.1, "y": -0.71, "radius": 0.05, "quantity": 1, "quality": "yellow", "timeStamp": 0}
[INFO main 81408] Removed resource: {"x": 1.1, "y": -0.71, "radius": 0.05, "quantity": 1, "quality": "yellow", "timeStamp": 0}
[INFO main 87016] Added resource: {"x": 0.87, "y": -0.61, "radius": 0.04, "quantity": 1, "quality": "blue", "timeStamp": 0}
[INFO main 127164] Added resource: {"x": 0.51, "y": -0.12, "radius": 0.05, "quantity": 1, "quality": "red", "timeStamp": 0}
[INFO main 157297] Removed resource: {"x": 0.87, "y": -0.61, "radius": 0.04, "quantity": 1, "quality": "blue", "timeStamp": 0}
[INFO main 192343] Added resource: {"x": 0.71, "y": 0.11, "radius": 0.05, "quantity": 1, "quality": "red", "timeStamp": 0}
[INFO main 196852] Added resource: {"x": 0.51, "y": 0.1, "radius": 0.06, "quantity": 1, "quality": "yellow", "timeStamp": 0}
[INFO main 229277] Removed resource: {"x": 0.51, "y": 0.1, "radius": 0.06, "quantity": 1, "quality": "yellow", "timeStamp": 0}
[INFO main 239198] Added resource: {"x": 0.98, "y": 0.12, "radius": 0.05, "quantity": 1, "quality": "red", "timeStamp": 0}
[INFO main 242390] Added resource: {"x": 0.86, "y": 0.08, "radius": 0.05, "quantity": 1, "quality": "yellow", "timeStamp": 0}
[INFO main 313157] Removed resource: {"x": 0.86, "y": 0.08, "radius": 0.05, "quantity": 1, "quality": "yellow", "timeStamp": 0}
[INFO main 339682] Added resource: {"x": 1.05, "y": -0.48, "radius": 0.04, "quantity": 1, "quality": "red", "timeStamp": 0}
[INFO main 391146] Added resource: {"x": -0.45, "y": -1.08, "radius": 0.05, "quantity": 1, "quality": "yellow", "timeStamp": 0}
[INFO main 406460] Added resource: {"x": -0.18, "y": -0.46, "radius": 0.04, "quantity": 1, "quality": "green", "timeStamp": 0}
[INFO main 446501] Added resource: {"x": -0.43, "y": -0.92, "radius": 0.05, "quantity": 1, "quality": "yellow", "timeStamp": 0}
[INFO main 480348] Removed resource: {"x": -0.43, "y": -0.92, "radius": 0.05, "quantity": 1, "quality": "yellow", "timeStamp": 0}
[INFO main 498552] Removed resource: {"x": -0.45, "y": -1.08, "radius": 0.05, "quantity": 1, "quality": "yellow", "timeStamp": 0}
[INFO main 521270] Added resource: {"x": 0.69, "y": -1.03, "radius": 0.06, "quantity": 1, "quality": "green", "timeStamp": 0}
[INFO main 528777] Added resource: {"x": 0.48, "y": -0.74, "radius": 0.05, "quantity": 1, "quality": "green", "timeStamp": 0}
[INFO main 572618] Removed resource: {"x": -0.18, "y": -0.46, "radius": 0.04, "quantity": 1, "quality": "green", "timeStamp": 0}
[INFO main 585933] Added resource: {"x": -0.36, "y": -0.83, "radius": 0.05, "quantity": 1, "quality": "red", "timeStamp": 0}
