[8 INFO main 27] Initialising Python Geth Console...
[8 INFO main 32] Initialising RandB board...
[8 INFO main 32] Initialising navigation...
[8 INFO main 32] Initialising random-walk...
[8 INFO main 32] Initialising odometry...
[8 INFO main 32] Initialising ground-sensors...
[8 INFO main 592] --//-- Starting Experiment --//--
[8 INFO main 1687] Idle.IDLE -> Scout.Query | Duration: 21.86
[8 INFO main 10780] Scout.Query -> Scout.GotoCenter | Drive to others reported pos
[8 INFO main 25025] Scout.GotoCenter -> Scout.Query | return to random walk
[8 INFO main 55396] Scout.Query -> Scout.GotoCenter | Drive to others reported pos
[8 INFO main 96938] Scout.GotoCenter -> Scout.Query | return to random walk
[8 INFO main 137569] Scout.Query -> Scout.GotoCenter | Drive to others reported pos
[8 INFO main 205334] Scout.GotoCenter -> Scout.Query | return to random walk
[8 INFO main 230615] Scout.Query -> Scout.GotoCenter | Drive to others reported pos
[8 INFO main 251100] Scout.GotoCenter -> Scout.Query | return to random walk
[8 INFO main 317471] Scout.Query -> Scout.GotoCenter | Drive to others reported pos
[8 INFO main 346466] Scout.GotoCenter -> Scout.Query | return to random walk
[8 INFO main 377184] Scout.Query -> Scout.GotoCenter | Drive to others reported pos
[8 INFO main 412894] Scout.GotoCenter -> Scout.Query | return to random walk
[8 INFO main 459351] Scout.Query -> Scout.GotoCenter | Drive to others reported pos
[8 INFO main 497532] Scout.GotoCenter -> Scout.Query | return to random walk
[8 INFO main 553429] Scout.Query -> Scout.GotoCenter | Drive to others reported pos
[8 INFO main 591409] Scout.GotoCenter -> Scout.Query | return to random walk
[8 INFO main 649240] Scout.Query -> Scout.GotoCenter | Drive to others reported pos
[8 INFO main 697312] Scout.GotoCenter -> Scout.Query | return to random walk
[8 INFO main 737832] Scout.Query -> Scout.GotoCenter | Drive to others reported pos
[8 INFO main 774464] Scout.GotoCenter -> Scout.Query | return to random walk
[8 INFO main 800053] Scout.Query -> Scout.GotoCenter | Drive to others reported pos
[8 INFO main 879774] Scout.GotoCenter -> Scout.Query | return to random walk
[8 INFO main 930741] Scout.Query -> Scout.GotoCenter | Drive to others reported pos
[8 INFO main 953663] Scout.GotoCenter -> Scout.Query | return to random walk
[8 INFO main 1056761] Scout.Query -> Scout.GotoCenter | Drive to others reported pos
[8 INFO main 1100222] Scout.GotoCenter -> Scout.Query | return to random walk
