[10 INFO main 26] Initialising Python Geth Console...
[10 INFO main 31] Initialising RandB board...
[10 INFO main 31] Initialising navigation...
[10 INFO main 31] Initialising random-walk...
[10 INFO main 31] Initialising odometry...
[10 INFO main 31] Initialising ground-sensors...
[10 INFO main 330] --//-- Starting Experiment --//--
[10 INFO main 1430] Idle.IDLE -> Scout.Query | Duration: 22.64
[10 INFO main 20640] Scout.Query -> Scout.GotoCenter | Drive to others reported pos
[10 INFO main 39461] Scout.GotoCenter -> Scout.Query | return to random walk
[10 INFO main 120344] Scout.Query -> Scout.GotoCenter | Drive to others reported pos
[10 INFO main 138527] Scout.GotoCenter -> Scout.Query | return to random walk
[10 INFO main 173845] Scout.Query -> Scout.GotoCenter | Drive to others reported pos
[10 INFO main 235132] Scout.GotoCenter -> Scout.Query | return to random walk
[10 INFO main 291755] Scout.Query -> Scout.GotoCenter | Drive to others reported pos
[10 INFO main 321668] Scout.GotoCenter -> Scout.Query | return to random walk
[10 INFO main 347187] Scout.Query -> Scout.GotoCenter | Drive to others reported pos
[10 INFO main 367714] Scout.GotoCenter -> Scout.Query | return to random walk
[10 INFO main 449098] Scout.Query -> Scout.GotoCenter | Drive to others reported pos
[10 INFO main 514069] Scout.GotoCenter -> Scout.Query | return to random walk
[10 INFO main 564694] Scout.Query -> Scout.GotoCenter | Drive to others reported pos
[10 INFO main 586794] Scout.GotoCenter -> Scout.Query | return to random walk
