[1 INFO main 34] Initialising Python Geth Console...
[1 INFO main 38] Initialising RandB board...
[1 INFO main 39] Initialising navigation...
[1 INFO main 39] Initialising random-walk...
[1 INFO main 39] Initialising odometry...
[1 INFO main 39] Initialising ground-sensors...
[1 INFO main 951] --//-- Starting Experiment --//--
[1 INFO main 2314] Idle.IDLE -> Scout.Query | Duration: 28.82
[1 INFO main 11878] Scout.Query -> Verify.DriveTo | Go to unverified source
[1 INFO main 43540] Verify.DriveTo -> Verify.Homing | Homing
[1 INFO main 53893] Confirming: 1/9
[1 INFO main 55936] Confirming: 2/9
[1 INFO main 58118] Confirming: 3/9
[1 INFO main 60154] Confirming: 4/9
[1 INFO main 62309] Confirming: 5/9
[1 INFO main 64352] Confirming: 6/9
[1 INFO main 66400] Confirming: 7/9
[1 INFO main 68445] Confirming: 8/9
[1 INFO main 70511] Confirming: 9/9
[1 INFO main 78281] Verify.Homing -> Scout.Query | Arrived home
[1 INFO main 78498] Scout.Query -> Verify.DriveTo | Go to unverified source
[1 INFO main 106642] Verify.DriveTo -> Verify.Homing | Homing
[1 INFO main 112856] Confirming: 1/9
[1 INFO main 114915] Confirming: 2/9
[1 INFO main 116926] Confirming: 3/9
[1 INFO main 118935] Confirming: 4/9
[1 INFO main 120996] Confirming: 5/9
[1 INFO main 123025] Confirming: 6/9
[1 INFO main 125107] Confirming: 7/9
[1 INFO main 127121] Confirming: 8/9
[1 INFO main 129255] Confirming: 9/9
[1 INFO main 130363] Verify.Homing -> Scout.Query | Arrived home
[1 INFO main 133615] Scout.Query -> Verify.DriveTo | Go to unverified source
[1 INFO main 159178] Verify.DriveTo -> Verify.Homing | Homing
[1 INFO main 173601] Confirming: 1/9
[1 INFO main 175682] Confirming: 2/9
[1 INFO main 177770] Confirming: 3/9
[1 INFO main 181806] Confirming: 5/9
[1 INFO main 183891] Confirming: 6/9
[1 INFO main 185893] Confirming: 7/9
[1 INFO main 187955] Confirming: 8/9
[1 INFO main 189972] Confirming: 9/9
[1 INFO main 200832] Verify.Homing -> Scout.Query | Arrived home
[1 INFO main 200960] Scout.Query -> Verify.DriveTo | Go to unverified source
[1 INFO main 235388] Verify.DriveTo -> Verify.Homing | Homing
[1 INFO main 252663] Verify.Homing -> Scout.Query | Arrived home
[1 INFO main 264122] Confirming: 1/9
[1 INFO main 266188] Confirming: 2/9
[1 INFO main 268296] Confirming: 3/9
[1 INFO main 270271] Confirming: 4/9
[1 INFO main 272373] Confirming: 5/9
[1 INFO main 274410] Confirming: 6/9
[1 INFO main 276477] Confirming: 7/9
[1 INFO main 278535] Confirming: 8/9
[1 INFO main 280570] Confirming: 9/9
[1 INFO main 281480] Scout.Query -> Verify.DriveTo | Go to unverified source
[1 INFO main 322273] Verify.DriveTo -> Verify.Homing | Homing
[1 INFO main 341543] Verify.Homing -> Scout.Query | Arrived home
[1 INFO main 353143] Confirming: 1/9
[1 INFO main 355159] Confirming: 2/9
[1 INFO main 357282] Confirming: 3/9
[1 INFO main 359360] Confirming: 4/9
[1 INFO main 361367] Confirming: 5/9
[1 INFO main 363378] Confirming: 6/9
[1 INFO main 428587] Confirming: 38/9
[1 INFO main 428746] Scout.Query -> Verify.DriveTo | Go to unverified source
[1 INFO main 446437] Verify.DriveTo -> Verify.Homing | Homing
[1 INFO main 472776] Verify.Homing -> Scout.Query | Arrived home
[1 INFO main 473474] Confirming: 1/9
[1 INFO main 475462] Confirming: 2/9
[1 INFO main 480050] Confirming: 4/9
[1 INFO main 482122] Confirming: 5/9
[1 INFO main 494863] Confirming: 11/9
[1 INFO main 494893] Scout.Query -> Verify.DriveTo | Go to unverified source
[1 INFO main 540579] Verify.DriveTo -> Verify.Homing | Homing
[1 INFO main 559102] Verify.Homing -> Scout.Query | Arrived home
[1 INFO main 563326] Confirming: 1/9
[1 INFO main 565475] Confirming: 2/9
[1 INFO main 567556] Confirming: 3/9
[1 INFO main 569571] Confirming: 4/9
[1 INFO main 571631] Confirming: 5/9
[1 INFO main 573636] Confirming: 6/9
[1 INFO main 575644] Confirming: 7/9
[1 INFO main 577732] Confirming: 8/9
[1 INFO main 579787] Confirming: 9/9
[1 INFO main 579814] Scout.Query -> Verify.DriveTo | Go to unverified source
[1 INFO main 615467] Verify.DriveTo -> Verify.Homing | Homing
[1 INFO main 623740] Confirming: 1/9
[1 INFO main 625783] Confirming: 2/9
[1 INFO main 627870] Confirming: 3/9
[1 INFO main 629896] Confirming: 4/9
[1 INFO main 631994] Confirming: 5/9
[1 INFO main 634004] Confirming: 6/9
[1 INFO main 636079] Confirming: 7/9
[1 INFO main 638186] Confirming: 8/9
[1 INFO main 640260] Confirming: 9/9
[1 INFO main 641760] Verify.Homing -> Scout.Query | Arrived home
[1 INFO main 641864] Scout.Query -> Verify.DriveTo | Go to unverified source
[1 INFO main 687327] Verify.DriveTo -> Verify.Homing | Homing
[1 WARNING main 705954] Failed: not found
[1 INFO main 710421] Verify.Homing -> Scout.Query | Arrived home
[1 INFO main 710717] Scout.Query -> Verify.DriveTo | Go to unverified source
[1 INFO main 730927] Verify.DriveTo -> Verify.Homing | Homing
[1 INFO main 758699] Verify.Homing -> Scout.Query | Arrived home
[1 INFO main 774498] Confirming: 1/9
[1 INFO main 776600] Confirming: 3/9
[1 INFO main 778604] Confirming: 4/9
[1 INFO main 782740] Confirming: 6/9
[1 INFO main 784754] Confirming: 7/9
[1 INFO main 786839] Confirming: 8/9
[1 INFO main 788867] Confirming: 9/9
[1 INFO main 789590] Scout.Query -> Verify.DriveTo | Go to unverified source
[1 INFO main 840791] Verify.DriveTo -> Verify.Homing | Homing
[1 INFO main 863732] Confirming: 1/9
[1 INFO main 865750] Confirming: 2/9
[1 INFO main 867772] Confirming: 3/9
[1 INFO main 869873] Confirming: 4/9
[1 INFO main 871247] Verify.Homing -> Scout.Query | Arrived home
[1 INFO main 871937] Confirming: 5/9
[1 INFO main 874014] Confirming: 6/9
[1 INFO main 875964] Confirming: 7/9
[1 INFO main 878064] Confirming: 8/9
[1 INFO main 880096] Confirming: 9/9
[1 INFO main 881040] Scout.Query -> Verify.DriveTo | Go to unverified source
[1 INFO main 918667] Verify.DriveTo -> Verify.Homing | Homing
[1 INFO main 924940] Confirming: 1/9
[1 INFO main 927018] Confirming: 3/9
[1 INFO main 929105] Confirming: 4/9
[1 INFO main 931187] Confirming: 5/9
[1 INFO main 933252] Confirming: 6/9
[1 INFO main 937270] Confirming: 8/9
[1 INFO main 939398] Confirming: 9/9
[1 INFO main 940297] Verify.Homing -> Scout.Query | Arrived home
[1 INFO main 940488] Scout.Query -> Verify.DriveTo | Go to unverified source
[1 INFO main 979040] Verify.DriveTo -> Verify.Homing | Homing
[1 INFO main 1001233] Verify.Homing -> Scout.Query | Arrived home
[1 INFO main 1014103] Confirming: 1/9
[1 INFO main 1016199] Confirming: 2/9
[1 INFO main 1018240] Confirming: 3/9
[1 INFO main 1020266] Confirming: 4/9
[1 INFO main 1022294] Confirming: 5/9
[1 INFO main 1024386] Confirming: 6/9
[1 INFO main 1026472] Confirming: 7/9
[1 INFO main 1028520] Confirming: 9/9
[1 INFO main 1028546] Scout.Query -> Verify.DriveTo | Go to unverified source
[1 INFO main 1076116] Verify.DriveTo -> Verify.Homing | Homing
[1 INFO main 1102894] Confirming: 1/9
[1 INFO main 1104942] Confirming: 2/9
[1 INFO main 1106936] Confirming: 3/9
[1 INFO main 1108969] Confirming: 4/9
[1 INFO main 1110995] Confirming: 5/9
[1 INFO main 1113085] Confirming: 6/9
[1 INFO main 1115182] Confirming: 7/9
[1 INFO main 1117218] Confirming: 8/9
[1 INFO main 1119283] Confirming: 9/9
[1 INFO main 1136241] Verify.Homing -> Scout.Query | Arrived home
[1 INFO main 1136506] Scout.Query -> Verify.DriveTo | Go to unverified source
[1 INFO main 1157611] Verify.DriveTo -> Verify.Homing | Homing
[1 INFO main 1175465] Verify.Homing -> Scout.Query | Arrived home
[1 INFO main 1195069] Confirming: 2/9
[1 INFO main 1240462] Confirming: 24/9
[1 INFO main 1240836] Scout.Query -> Verify.DriveTo | Go to unverified source
[1 INFO main 1309888] Verify.DriveTo -> Verify.Homing | Homing
[1 INFO main 1326817] Verify.Homing -> Scout.Query | Arrived home
[1 INFO main 1343674] Confirming: 1/9
[1 INFO main 1345858] Confirming: 2/9
[1 INFO main 1347918] Confirming: 3/9
[1 INFO main 1349994] Confirming: 4/9
[1 INFO main 1352053] Confirming: 5/9
[1 INFO main 1356280] Confirming: 7/9
[1 INFO main 1358537] Confirming: 8/9
[1 INFO main 1360622] Confirming: 9/9
[1 INFO main 1361339] Scout.Query -> Verify.DriveTo | Go to unverified source
[1 INFO main 1401255] Verify.DriveTo -> Verify.Homing | Homing
[1 INFO main 1434196] Confirming: 1/9
[1 INFO main 1436225] Confirming: 2/9
[1 INFO main 1438250] Confirming: 3/9
[1 INFO main 1440271] Confirming: 4/9
[1 INFO main 1442411] Confirming: 5/9
[1 INFO main 1444439] Confirming: 6/9
[1 INFO main 1445575] Verify.Homing -> Scout.Query | Arrived home
[1 INFO main 1446458] Confirming: 7/9
[1 INFO main 1448552] Confirming: 9/9
[1 INFO main 1448916] Scout.Query -> Verify.DriveTo | Go to unverified source
[1 INFO main 1556955] Verify.DriveTo -> Verify.Homing | Homing
[1 INFO main 1583965] Confirming: 1/9
[1 INFO main 1584297] Verify.Homing -> Scout.Query | Arrived home
[1 INFO main 1586053] Confirming: 2/9
[1 INFO main 1588062] Confirming: 3/9
[1 INFO main 1590158] Confirming: 4/9
[1 INFO main 1592250] Confirming: 5/9
[1 INFO main 1594315] Confirming: 6/9
[1 INFO main 1596347] Confirming: 7/9
[1 INFO main 1598424] Confirming: 8/9
[1 INFO main 1600506] Confirming: 9/9
[1 INFO main 1600545] Scout.Query -> Verify.DriveTo | Go to unverified source
[1 INFO main 1654858] Verify.DriveTo -> Verify.Homing | Homing
[1 INFO main 1673506] Confirming: 1/9
[1 INFO main 1674256] Verify.Homing -> Scout.Query | Arrived home
[1 INFO main 1675668] Confirming: 2/9
[1 INFO main 1677720] Confirming: 3/9
[1 INFO main 1679885] Confirming: 4/9
[1 INFO main 1681952] Confirming: 5/9
[1 INFO main 1684112] Confirming: 6/9
[1 INFO main 1686472] Confirming: 7/9
[1 INFO main 1688702] Confirming: 8/9
[1 INFO main 1690724] Confirming: 10/9
[1 INFO main 1691365] Scout.Query -> Verify.DriveTo | Go to unverified source
[1 INFO main 1721244] Verify.DriveTo -> Verify.Homing | Homing
[1 INFO main 1733972] Confirming: 1/9
[1 INFO main 1736005] Confirming: 2/9
[1 INFO main 1738071] Confirming: 3/9
[1 INFO main 1738072] Verify.Homing -> Scout.Query | Arrived home
[1 INFO main 1740170] Confirming: 4/9
[1 INFO main 1742242] Confirming: 5/9
[1 INFO main 1744258] Confirming: 6/9
[1 INFO main 1746266] Confirming: 7/9
[1 INFO main 1748169] Confirming: 8/9
[1 INFO main 1750602] Confirming: 10/9
[1 INFO main 1750987] Scout.Query -> Verify.DriveTo | Go to unverified source
[1 INFO main 1802099] Verify.DriveTo -> Verify.Homing | Homing
[1 INFO main 1829681] Verify.Homing -> Scout.Query | Arrived home
[1 INFO main 1841687] Confirming: 1/9
[1 INFO main 1843928] Confirming: 2/9
[1 INFO main 1846050] Confirming: 3/9
[1 INFO main 1848256] Confirming: 4/9
[1 INFO main 1850419] Confirming: 5/9
[1 INFO main 1852592] Confirming: 6/9
[1 INFO main 1854808] Confirming: 8/9
[1 INFO main 1858866] Confirming: 9/9
[1 INFO main 1859326] Scout.Query -> Verify.DriveTo | Go to unverified source
[1 INFO main 1887026] Verify.DriveTo -> Verify.Homing | Homing
[1 INFO main 1906571] Verify.Homing -> Scout.Query | Arrived home
[1 INFO main 1913843] Confirming: 1/9
[1 INFO main 1915899] Confirming: 2/9
[1 INFO main 1917982] Confirming: 3/9
[1 INFO main 1920010] Confirming: 4/9
[1 INFO main 1921986] Confirming: 5/9
[1 INFO main 1926099] Confirming: 7/9
[1 INFO main 1928125] Confirming: 8/9
[1 INFO main 1930206] Confirming: 9/9
[1 INFO main 1931197] Scout.Query -> Scout.PrepSend | Homing
[1 INFO main 1931367] Scout.PrepSend -> Verify.Homing | Homing
[1 INFO main 1943578] Verify.Homing -> Scout.Query | Arrived home
[1 INFO main 1943781] Confirming: 1/9
[1 INFO main 1945780] Confirming: 2/9
[1 INFO main 1947867] Confirming: 3/9
[1 INFO main 1949933] Confirming: 4/9
[1 INFO main 1951941] Confirming: 5/9
[1 INFO main 1953955] Confirming: 6/9
[1 INFO main 1956017] Confirming: 7/9
[1 INFO main 1958068] Confirming: 8/9
[1 INFO main 1960198] Confirming: 9/9
[1 INFO main 1960238] Scout.Query -> Verify.DriveTo | Go to unverified source
[1 INFO main 1991651] Verify.DriveTo -> Verify.Homing | Homing
[1 INFO main 2004034] Confirming: 1/9
[1 INFO main 2006147] Confirming: 2/9
[1 INFO main 2008214] Confirming: 3/9
[1 INFO main 2010276] Confirming: 4/9
[1 INFO main 2012316] Confirming: 5/9
[1 INFO main 2014337] Confirming: 6/9
[1 INFO main 2015714] Verify.Homing -> Scout.Query | Arrived home
[1 INFO main 2016404] Confirming: 7/9
[1 INFO main 2018942] Confirming: 9/9
[1 INFO main 2019239] Scout.Query -> Verify.DriveTo | Go to unverified source
[1 INFO main 2088420] Verify.DriveTo -> Verify.Homing | Homing
[1 INFO main 2092884] Confirming: 1/9
[1 INFO main 2094960] Confirming: 2/9
[1 INFO main 2105221] Confirming: 7/9
[1 INFO main 2107323] Confirming: 8/9
[1 INFO main 2109356] Confirming: 9/9
[1 INFO main 2117808] Verify.Homing -> Scout.Query | Arrived home
[1 INFO main 2117950] Scout.Query -> Verify.DriveTo | Go to unverified source
[1 INFO main 2147532] Verify.DriveTo -> Verify.Homing | Homing
[1 INFO main 2153758] Confirming: 1/9
[1 INFO main 2155848] Confirming: 2/9
[1 INFO main 2157858] Confirming: 3/9
[1 INFO main 2159940] Confirming: 4/9
[1 INFO main 2161969] Confirming: 5/9
[1 INFO main 2164016] Confirming: 6/9
[1 INFO main 2166156] Confirming: 7/9
[1 INFO main 2168265] Confirming: 8/9
[1 INFO main 2170336] Confirming: 9/9
[1 INFO main 2176883] Verify.Homing -> Scout.Query | Arrived home
[1 INFO main 2177039] Scout.Query -> Verify.DriveTo | Go to unverified source
[1 INFO main 2210078] Verify.DriveTo -> Verify.Homing | Homing
[1 INFO main 2239716] Verify.Homing -> Scout.Query | Arrived home
[1 INFO main 2243337] Confirming: 1/9
[1 INFO main 2245501] Confirming: 2/9
[1 INFO main 2247704] Confirming: 3/9
[1 INFO main 2249734] Confirming: 4/9
[1 INFO main 2251803] Confirming: 5/9
[1 INFO main 2253903] Confirming: 6/9
[1 INFO main 2255988] Confirming: 7/9
[1 INFO main 2257962] Confirming: 8/9
[1 INFO main 2260155] Confirming: 9/9
[1 INFO main 2261022] Scout.Query -> Verify.DriveTo | Go to unverified source
[1 INFO main 2300551] Verify.DriveTo -> Verify.Homing | Homing
[1 INFO main 2321148] Verify.Homing -> Scout.Query | Arrived home
[1 INFO main 2333691] Confirming: 1/9
[1 INFO main 2335742] Confirming: 2/9
[1 INFO main 2337811] Confirming: 3/9
[1 INFO main 2339827] Confirming: 4/9
[1 INFO main 2341884] Confirming: 5/9
[1 INFO main 2343932] Confirming: 6/9
[1 INFO main 2345986] Confirming: 7/9
[1 INFO main 2348093] Confirming: 8/9
[1 INFO main 2350126] Confirming: 9/9
[1 INFO main 2351124] Scout.Query -> Verify.DriveTo | Go to unverified source
[1 INFO main 2411103] Verify.DriveTo -> Verify.Homing | Homing
[1 INFO main 2423618] Confirming: 1/9
[1 INFO main 2425765] Confirming: 2/9
[1 INFO main 2427816] Confirming: 3/9
[1 INFO main 2430065] Confirming: 4/9
[1 INFO main 2432016] Confirming: 5/9
[1 INFO main 2434106] Confirming: 6/9
[1 INFO main 2436143] Confirming: 7/9
[1 INFO main 2438164] Confirming: 8/9
[1 INFO main 2440230] Confirming: 9/9
[1 INFO main 2443003] Verify.Homing -> Scout.Query | Arrived home
[1 INFO main 2443154] Scout.Query -> Verify.DriveTo | Go to unverified source
[1 INFO main 2467749] Verify.DriveTo -> Verify.Homing | Homing
[1 INFO main 2499271] Verify.Homing -> Scout.Query | Arrived home
[1 INFO main 2514722] Confirming: 2/9
[1 INFO main 2516831] Confirming: 3/9
[1 INFO main 2518914] Confirming: 4/9
[1 INFO main 2521000] Confirming: 5/9
[1 INFO main 2523002] Confirming: 6/9
[1 INFO main 2525058] Confirming: 7/9
[1 INFO main 2527271] Confirming: 8/9
[1 INFO main 2529370] Confirming: 9/9
[1 INFO main 2529911] Scout.Query -> Verify.DriveTo | Go to unverified source
[1 INFO main 2579274] Verify.DriveTo -> Verify.Homing | Homing
[1 INFO main 2604352] Confirming: 1/9
[1 INFO main 2606411] Confirming: 2/9
[1 INFO main 2608492] Confirming: 3/9
[1 INFO main 2610543] Confirming: 4/9
[1 INFO main 2612513] Confirming: 6/9
[1 INFO main 2614028] Verify.Homing -> Scout.Query | Arrived home
[1 INFO main 2614732] Confirming: 7/9
[1 INFO main 2617306] Confirming: 8/9
[1 INFO main 2619410] Confirming: 9/9
[1 INFO main 2619895] Scout.Query -> Verify.DriveTo | Go to unverified source
[1 INFO main 2655797] Verify.DriveTo -> Verify.Homing | Homing
[1 INFO main 2664110] Confirming: 1/9
[1 INFO main 2666173] Confirming: 2/9
[1 INFO main 2668297] Confirming: 3/9
[1 INFO main 2670386] Confirming: 4/9
[1 INFO main 2672414] Confirming: 5/9
[1 INFO main 2674504] Confirming: 6/9
[1 INFO main 2676518] Confirming: 7/9
[1 INFO main 2678612] Confirming: 8/9
[1 INFO main 2680618] Confirming: 10/9
[1 INFO main 2699173] Verify.Homing -> Scout.Query | Arrived home
[1 INFO main 2699326] Scout.Query -> Verify.DriveTo | Go to unverified source
[1 INFO main 2729567] Verify.DriveTo -> Verify.Homing | Homing
[1 INFO main 2753331] Confirming: 1/9
[1 INFO main 2755585] Confirming: 2/9
[1 INFO main 2757605] Confirming: 3/9
[1 INFO main 2759824] Confirming: 4/9
[1 INFO main 2761822] Confirming: 5/9
[1 INFO main 2764328] Confirming: 6/9
[1 INFO main 2766425] Confirming: 7/9
[1 INFO main 2768884] Confirming: 8/9
[1 INFO main 2771706] Confirming: 10/9
[1 INFO main 2829035] Verify.Homing -> Scout.Query | Arrived home
[1 INFO main 2829185] Scout.Query -> Verify.DriveTo | Go to unverified source
[1 INFO main 2886262] Verify.DriveTo -> Verify.Homing | Homing
[1 INFO main 2905021] Confirming: 2/9
[1 INFO main 2907089] Confirming: 3/9
[1 INFO main 2909152] Confirming: 4/9
[1 INFO main 2913223] Confirming: 6/9
[1 INFO main 2915412] Confirming: 7/9
[1 INFO main 2917409] Confirming: 8/9
[1 INFO main 2919416] Confirming: 9/9
[1 INFO main 2919926] Verify.Homing -> Scout.Query | Arrived home
[1 INFO main 2920079] Scout.Query -> Verify.DriveTo | Go to unverified source
[1 INFO main 2944551] Verify.DriveTo -> Verify.Homing | Homing
[1 INFO main 2963823] Confirming: 1/9
[1 INFO main 2965911] Confirming: 2/9
[1 INFO main 2968007] Confirming: 3/9
[1 INFO main 2970104] Confirming: 4/9
[1 INFO main 2972159] Confirming: 5/9
[1 INFO main 2974256] Confirming: 6/9
[1 INFO main 2974892] Verify.Homing -> Scout.Query | Arrived home
[1 INFO main 2976326] Confirming: 7/9
[1 INFO main 2978338] Confirming: 8/9
[1 INFO main 2980417] Confirming: 9/9
[1 INFO main 2980471] Scout.Query -> Verify.DriveTo | Go to unverified source
[1 INFO main 3012817] Verify.DriveTo -> Verify.Homing | Homing
[1 INFO main 3023831] Confirming: 1/9
[1 INFO main 3025968] Confirming: 2/9
[1 INFO main 3028071] Confirming: 3/9
[1 INFO main 3030114] Confirming: 4/9
[1 INFO main 3032013] Confirming: 5/9
[1 INFO main 3034137] Confirming: 6/9
[1 INFO main 3036353] Confirming: 7/9
[1 INFO main 3038364] Confirming: 8/9
[1 INFO main 3040435] Confirming: 9/9
[1 INFO main 3041631] Verify.Homing -> Scout.Query | Arrived home
[1 INFO main 3041800] Scout.Query -> Verify.DriveTo | Go to unverified source
[1 INFO main 3067861] Verify.DriveTo -> Verify.Homing | Homing
[1 INFO main 3100133] Verify.Homing -> Scout.Query | Arrived home
[1 INFO main 3105479] Confirming: 1/9
[1 INFO main 3107531] Confirming: 2/9
[1 INFO main 3109781] Confirming: 3/9
[1 INFO main 3111816] Confirming: 4/9
[1 INFO main 3114250] Confirming: 5/9
[1 INFO main 3116443] Confirming: 6/9
[1 INFO main 3126712] Confirming: 11/9
[1 INFO main 3126714] Scout.Query -> Scout.PrepSend | Homing
[1 INFO main 3126864] Scout.PrepSend -> Verify.Homing | Homing
[1 INFO main 3144400] Confirming: 1/9
[1 INFO main 3146582] Confirming: 3/9
[1 INFO main 3147998] Verify.Homing -> Scout.Query | Arrived home
[1 INFO main 3148730] Confirming: 4/9
[1 INFO main 3150901] Confirming: 5/9
[1 INFO main 3153379] Confirming: 6/9
[1 INFO main 3155770] Confirming: 7/9
[1 INFO main 3157826] Confirming: 8/9
[1 INFO main 3159911] Confirming: 9/9
[1 INFO main 3160352] Scout.Query -> Verify.DriveTo | Go to unverified source
[1 INFO main 3199827] Verify.DriveTo -> Verify.Homing | Homing
[1 INFO main 3220770] Confirming: 1/9
[1 INFO main 3221399] Verify.Homing -> Scout.Query | Arrived home
[1 INFO main 3224422] Confirming: 2/9
[1 INFO main 3226747] Confirming: 4/9
[1 INFO main 3228881] Confirming: 5/9
[1 INFO main 3230929] Confirming: 6/9
[1 INFO main 3235056] Confirming: 8/9
[1 INFO main 3237135] Confirming: 9/9
[1 INFO main 3237641] Scout.Query -> Verify.DriveTo | Go to unverified source
[1 INFO main 3268794] Verify.DriveTo -> Verify.Homing | Homing
[1 INFO main 3291371] Verify.Homing -> Scout.Query | Arrived home
[1 INFO main 3293788] Confirming: 1/9
[1 INFO main 3295858] Confirming: 2/9
[1 INFO main 3297908] Confirming: 3/9
[1 INFO main 3299932] Confirming: 4/9
[1 INFO main 3302095] Confirming: 5/9
[1 INFO main 3304148] Confirming: 6/9
[1 INFO main 3306339] Confirming: 7/9
[1 INFO main 3308462] Confirming: 8/9
[1 INFO main 3310501] Confirming: 9/9
[1 INFO main 3311097] Scout.Query -> Verify.DriveTo | Go to unverified source
[1 INFO main 3350478] Verify.DriveTo -> Verify.Homing | Homing
[1 INFO main 3376172] Verify.Homing -> Scout.Query | Arrived home
[1 INFO main 3384194] Confirming: 1/9
[1 INFO main 3386255] Confirming: 2/9
[1 INFO main 3388364] Confirming: 3/9
[1 INFO main 3390385] Confirming: 4/9
[1 INFO main 3392413] Confirming: 5/9
[1 INFO main 3394462] Confirming: 6/9
[1 INFO main 3396538] Confirming: 8/9
[1 INFO main 3398559] Confirming: 9/9
[1 INFO main 3399368] Scout.Query -> Verify.DriveTo | Go to unverified source
[1 INFO main 3471298] Verify.DriveTo -> Verify.Homing | Homing
[1 INFO main 3504604] Confirming: 2/9
[1 INFO main 3504931] Verify.Homing -> Scout.Query | Arrived home
[1 INFO main 3508831] Confirming: 4/9
[1 INFO main 3512920] Confirming: 6/9
[1 INFO main 3515167] Confirming: 7/9
[1 INFO main 3517184] Confirming: 8/9
[1 INFO main 3519272] Confirming: 9/9
[1 INFO main 3520221] Scout.Query -> Verify.DriveTo | Go to unverified source
[1 INFO main 3565712] Verify.DriveTo -> Verify.Homing | Homing
[1 INFO main 3592863] Confirming: 1/9
[1 INFO main 3594891] Confirming: 2/9
[1 INFO main 3596356] Verify.Homing -> Scout.Query | Arrived home
[1 INFO main 3596942] Confirming: 3/9
[1 INFO main 3599113] Confirming: 4/9
[1 INFO main 3601301] Confirming: 5/9
[1 INFO main 3603312] Confirming: 6/9
[1 INFO main 3605409] Confirming: 7/9
[1 INFO main 3607439] Confirming: 8/9
[1 INFO main 3609698] Confirming: 9/9
[1 INFO main 3610389] Scout.Query -> Verify.DriveTo | Go to unverified source
[1 INFO main 3636886] Verify.DriveTo -> Verify.Homing | Homing
[1 INFO main 3654220] Confirming: 1/9
[1 INFO main 3656328] Confirming: 2/9
[1 INFO main 3658391] Confirming: 3/9
[1 INFO main 3660482] Confirming: 4/9
[1 INFO main 3661709] Verify.Homing -> Scout.Query | Arrived home
[1 INFO main 3662502] Confirming: 5/9
[1 INFO main 3664554] Confirming: 6/9
[1 INFO main 3666560] Confirming: 8/9
[1 INFO main 3668563] Confirming: 9/9
[1 INFO main 3669440] Scout.Query -> Verify.DriveTo | Go to unverified source
[1 INFO main 3716249] Verify.DriveTo -> Verify.Homing | Homing
[1 INFO main 3743922] Verify.Homing -> Scout.Query | Arrived home
[1 INFO main 3745471] Confirming: 1/9
[1 INFO main 3747534] Confirming: 2/9
[1 INFO main 3761932] Confirming: 10/9
[1 INFO main 3762558] Scout.Query -> Verify.DriveTo | Go to unverified source
[1 INFO main 3794826] Verify.DriveTo -> Verify.Homing | Homing
[1 INFO main 3805543] Confirming: 2/9
[1 INFO main 3809671] Confirming: 3/9
[1 INFO main 3811724] Confirming: 5/9
[1 INFO main 3815778] Confirming: 7/9
[1 INFO main 3818122] Confirming: 8/9
[1 INFO main 3820185] Confirming: 9/9
[1 INFO main 3820871] Verify.Homing -> Scout.Query | Arrived home
[1 INFO main 3821229] Scout.Query -> Verify.DriveTo | Go to unverified source
[1 INFO main 3866931] Verify.DriveTo -> Verify.Homing | Homing
[1 INFO main 3887605] Confirming: 1/9
[1 INFO main 3892104] Confirming: 3/9
[1 INFO main 3894124] Confirming: 4/9
[1 INFO main 3896160] Confirming: 5/9
[1 INFO main 3896160] Verify.Homing -> Scout.Query | Arrived home
[1 INFO main 3900340] Confirming: 7/9
[1 INFO main 3902386] Confirming: 8/9
[1 INFO main 3904466] Confirming: 9/9
[1 INFO main 3905127] Scout.Query -> Verify.DriveTo | Go to unverified source
[1 INFO main 3925421] Verify.DriveTo -> Verify.Homing | Homing
[1 INFO main 3948129] Confirming: 1/9
[1 INFO main 3950162] Confirming: 2/9
[1 INFO main 3952203] Confirming: 3/9
[1 INFO main 3954257] Confirming: 4/9
[1 INFO main 3956354] Confirming: 5/9
[1 INFO main 3958426] Confirming: 6/9
[1 INFO main 3960069] Verify.Homing -> Scout.Query | Arrived home
[1 INFO main 3962556] Confirming: 8/9
[1 INFO main 3964669] Confirming: 9/9
[1 INFO main 3964804] Scout.Query -> Verify.DriveTo | Go to unverified source
[1 INFO main 4002780] Verify.DriveTo -> Verify.Homing | Homing
[1 INFO main 4017326] Confirming: 1/9
[1 INFO main 4019229] Confirming: 2/9
[1 INFO main 4021397] Confirming: 3/9
[1 INFO main 4023427] Confirming: 4/9
[1 INFO main 4025178] Verify.Homing -> Scout.Query | Arrived home
[1 INFO main 4025523] Confirming: 5/9
[1 INFO main 4027634] Confirming: 6/9
[1 INFO main 4029795] Confirming: 8/9
[1 INFO main 4031812] Confirming: 9/9
[1 INFO main 4032066] Scout.Query -> Verify.DriveTo | Go to unverified source
[1 INFO main 4133369] Verify.DriveTo -> Verify.Homing | Homing
[1 INFO main 4164803] Confirming: 1/9
[1 INFO main 4166814] Confirming: 2/9
[1 INFO main 4168850] Confirming: 3/9
[1 INFO main 4170875] Confirming: 4/9
[1 INFO main 4172009] Verify.Homing -> Scout.Query | Arrived home
[1 INFO main 4172889] Confirming: 5/9
[1 INFO main 4174983] Confirming: 6/9
[1 INFO main 4177073] Confirming: 7/9
[1 INFO main 4179099] Confirming: 8/9
[1 INFO main 4181047] Confirming: 9/9
[1 INFO main 4181646] Scout.Query -> Verify.DriveTo | Go to unverified source
[1 INFO main 4218782] Verify.DriveTo -> Verify.Homing | Homing
[1 INFO main 4225338] Confirming: 1/9
[1 INFO main 4227360] Confirming: 2/9
[1 INFO main 4229412] Confirming: 3/9
[1 INFO main 4231475] Confirming: 4/9
[1 INFO main 4233518] Confirming: 5/9
[1 INFO main 4235728] Confirming: 7/9
[1 INFO main 4239842] Confirming: 9/9
[1 INFO main 4317602] Verify.Homing -> Scout.Query | Arrived home
[1 INFO main 4317832] Scout.Query -> Verify.DriveTo | Go to unverified source
[1 INFO main 4363792] Verify.DriveTo -> Verify.Homing | Homing
[1 INFO main 4374108] Confirming: 1/9
[1 INFO main 4376159] Confirming: 2/9
[1 INFO main 4378507] Confirming: 3/9
[1 INFO main 4380659] Confirming: 4/9
[1 INFO main 4382690] Confirming: 5/9
[1 INFO main 4384719] Confirming: 6/9
[1 INFO main 4386750] Confirming: 7/9
[1 INFO main 4387941] Verify.Homing -> Scout.Query | Arrived home
[1 INFO main 4389017] Confirming: 8/9
[1 INFO main 4391043] Confirming: 9/9
[1 INFO main 4391467] Scout.Query -> Verify.DriveTo | Go to unverified source
[1 INFO main 4426074] Verify.DriveTo -> Verify.Homing | Homing
[1 INFO main 4449593] Confirming: 1/9
[1 INFO main 4450738] Verify.Homing -> Scout.Query | Arrived home
[1 INFO main 4453776] Confirming: 2/9
[1 INFO main 4455826] Confirming: 4/9
[1 INFO main 4459893] Confirming: 6/9
[1 INFO main 4462340] Confirming: 7/9
[1 INFO main 4464372] Confirming: 8/9
[1 INFO main 4468528] Confirming: 10/9
[1 INFO main 4469433] Scout.Query -> Verify.DriveTo | Go to unverified source
[1 INFO main 4545728] Verify.DriveTo -> Verify.Homing | Homing
[1 INFO main 4572999] Confirming: 1/9
[1 INFO main 4575007] Confirming: 2/9
[1 INFO main 4577084] Confirming: 3/9
[1 INFO main 4579320] Confirming: 4/9
[1 INFO main 4581344] Confirming: 5/9
[1 INFO main 4582152] Verify.Homing -> Scout.Query | Arrived home
[1 INFO main 4583931] Confirming: 7/9
[1 INFO main 4586026] Confirming: 8/9
[1 INFO main 4588029] Confirming: 9/9
[1 INFO main 4588509] Scout.Query -> Verify.DriveTo | Go to unverified source
[1 INFO main 4634808] Verify.DriveTo -> Verify.Homing | Homing
[1 INFO main 4664325] Verify.Homing -> Scout.Query | Arrived home
[1 INFO main 4674484] Confirming: 1/9
[1 INFO main 4676637] Confirming: 2/9
[1 INFO main 4678611] Confirming: 3/9
[1 INFO main 4680698] Confirming: 4/9
[1 INFO main 4682810] Confirming: 5/9
[1 INFO main 4684882] Confirming: 6/9
[1 INFO main 4686971] Confirming: 7/9
[1 INFO main 4689011] Confirming: 8/9
[1 INFO main 4691103] Confirming: 9/9
[1 INFO main 4691239] Scout.Query -> Verify.DriveTo | Go to unverified source
[1 INFO main 4738650] Verify.DriveTo -> Verify.Homing | Homing
[1 INFO main 4763660] Confirming: 1/9
[1 INFO main 4763660] Verify.Homing -> Scout.Query | Arrived home
[1 INFO main 4766048] Confirming: 2/9
[1 INFO main 4768139] Confirming: 3/9
[1 INFO main 4770234] Confirming: 4/9
[1 INFO main 4774817] Confirming: 6/9
[1 INFO main 4776860] Confirming: 7/9
[1 INFO main 4778870] Confirming: 8/9
[1 INFO main 4780898] Confirming: 9/9
[1 INFO main 4781023] Scout.Query -> Verify.DriveTo | Go to unverified source
[1 INFO main 4824552] Verify.DriveTo -> Verify.Homing | Homing
[1 INFO main 4850251] Verify.Homing -> Scout.Query | Arrived home
[1 INFO main 4854614] Confirming: 1/9
[1 INFO main 4856651] Confirming: 2/9
[1 INFO main 4858769] Confirming: 3/9
[1 INFO main 4861002] Confirming: 4/9
[1 INFO main 4863072] Confirming: 5/9
[1 INFO main 4865075] Confirming: 6/9
[1 INFO main 4867096] Confirming: 7/9
[1 INFO main 4869021] Confirming: 8/9
[1 INFO main 4871231] Confirming: 9/9
[1 INFO main 4871372] Scout.Query -> Verify.DriveTo | Go to unverified source
[1 INFO main 4930719] Verify.DriveTo -> Verify.Homing | Homing
[1 INFO main 4945805] Confirming: 1/9
[1 INFO main 4947947] Confirming: 3/9
[1 INFO main 4949969] Confirming: 4/9
[1 INFO main 4951979] Confirming: 5/9
[1 INFO main 4954040] Confirming: 6/9
[1 INFO main 4956100] Confirming: 7/9
[1 INFO main 4957796] Verify.Homing -> Scout.Query | Arrived home
[1 INFO main 4958126] Confirming: 8/9
[1 INFO main 4960273] Confirming: 9/9
[1 INFO main 4960416] Scout.Query -> Verify.DriveTo | Go to unverified source
[1 INFO main 5001318] Verify.DriveTo -> Verify.Homing | Homing
[1 INFO main 5030567] Verify.Homing -> Scout.Query | Arrived home
[1 INFO main 5043360] Confirming: 1/9
[1 INFO main 5045409] Confirming: 2/9
[1 INFO main 5048119] Confirming: 4/9
[1 INFO main 5050332] Confirming: 5/9
[1 INFO main 5054382] Confirming: 7/9
[1 INFO main 5056554] Confirming: 8/9
[1 INFO main 5058714] Confirming: 9/9
[1 INFO main 5058855] Scout.Query -> Verify.DriveTo | Go to unverified source
[1 INFO main 5094981] Verify.DriveTo -> Verify.Homing | Homing
[1 INFO main 5126756] Confirming: 2/9
[1 INFO main 5128826] Confirming: 3/9
[1 INFO main 5130926] Confirming: 4/9
[1 INFO main 5133007] Confirming: 5/9
[1 INFO main 5134084] Verify.Homing -> Scout.Query | Arrived home
[1 INFO main 5135066] Confirming: 6/9
[1 INFO main 5137153] Confirming: 7/9
[1 INFO main 5139260] Confirming: 8/9
[1 INFO main 5141294] Confirming: 9/9
[1 INFO main 5141434] Scout.Query -> Verify.DriveTo | Go to unverified source
[1 INFO main 5184041] Verify.DriveTo -> Verify.Homing | Homing
[1 INFO main 5214464] Confirming: 1/9
[1 INFO main 5218289] Verify.Homing -> Scout.Query | Arrived home
[1 INFO main 5218966] Confirming: 3/9
[1 INFO main 5221006] Confirming: 4/9
[1 INFO main 5223191] Confirming: 5/9
[1 INFO main 5225218] Confirming: 6/9
[1 INFO main 5227307] Confirming: 7/9
[1 INFO main 5229631] Confirming: 9/9
[1 INFO main 5230817] Scout.Query -> Verify.DriveTo | Go to unverified source
[1 INFO main 5268364] Verify.DriveTo -> Verify.Homing | Homing
[1 INFO main 5274792] Confirming: 1/9
[1 INFO main 5276969] Confirming: 2/9
[1 INFO main 5279449] Confirming: 3/9
[1 INFO main 5281478] Confirming: 4/9
[1 INFO main 5283541] Confirming: 6/9
[1 INFO main 5285575] Confirming: 7/9
[1 INFO main 5287752] Confirming: 8/9
[1 INFO main 5289786] Confirming: 9/9
[1 INFO main 5300476] Verify.Homing -> Scout.Query | Arrived home
[1 INFO main 5300725] Scout.Query -> Verify.DriveTo | Go to unverified source
[1 INFO main 5337178] Verify.DriveTo -> Verify.Homing | Homing
[1 INFO main 5364382] Confirming: 1/9
[1 INFO main 5366475] Confirming: 2/9
[1 INFO main 5368704] Confirming: 3/9
[1 INFO main 5369443] Verify.Homing -> Scout.Query | Arrived home
[1 INFO main 5370824] Confirming: 4/9
[1 INFO main 5372843] Confirming: 5/9
[1 INFO main 5374886] Confirming: 6/9
[1 INFO main 5376990] Confirming: 7/9
[1 INFO main 5379061] Confirming: 8/9
[1 INFO main 5381028] Confirming: 9/9
[1 INFO main 5381163] Scout.Query -> Verify.DriveTo | Go to unverified source
