[4 INFO main 27] Initialising Python Geth Console...
[4 INFO main 33] Initialising RandB board...
[4 INFO main 33] Initialising navigation...
[4 INFO main 33] Initialising random-walk...
[4 INFO main 33] Initialising odometry...
[4 INFO main 33] Initialising ground-sensors...
[4 INFO main 1093] --//-- Starting Experiment --//--
[4 INFO main 2193] Idle.IDLE -> Scout.Query | Duration: 21.32
[4 INFO main 16282] Scout.Query -> Scout.GotoCenter | Drive to others reported pos
[4 INFO main 39438] Scout.GotoCenter -> Scout.Query | return to random walk
[4 INFO main 75105] Scout.Query -> Scout.GotoCenter | Drive to others reported pos
[4 INFO main 90662] Scout.GotoCenter -> Scout.Query | return to random walk
[4 INFO main 151351] Scout.Query -> Scout.GotoCenter | Drive to others reported pos
[4 INFO main 188962] Scout.GotoCenter -> Scout.Query | return to random walk
[4 INFO main 239651] Scout.Query -> Scout.GotoCenter | Drive to others reported pos
[4 INFO main 265940] Scout.GotoCenter -> Scout.Query | return to random walk
[4 INFO main 306595] Scout.Query -> Scout.GotoCenter | Drive to others reported pos
[4 INFO main 332487] Scout.GotoCenter -> Scout.Query | return to random walk
[4 INFO main 362881] Scout.Query -> Scout.GotoCenter | Drive to others reported pos
[4 INFO main 378588] Scout.GotoCenter -> Scout.Query | return to random walk
[4 INFO main 424369] Scout.Query -> Scout.GotoCenter | Drive to others reported pos
[4 INFO main 461257] Scout.GotoCenter -> Scout.Query | return to random walk
[4 INFO main 511948] Scout.Query -> Scout.GotoCenter | Drive to others reported pos
[4 INFO main 532738] Scout.GotoCenter -> Scout.Query | return to random walk
[4 INFO main 664033] Scout.Query -> Scout.GotoCenter | Drive to others reported pos
[4 INFO main 699968] Scout.GotoCenter -> Scout.Query | return to random walk
[4 INFO main 750992] Scout.Query -> Scout.GotoCenter | Drive to others reported pos
[4 INFO main 790420] Scout.GotoCenter -> Scout.Query | return to random walk
[4 INFO main 981386] Scout.Query -> Scout.GotoCenter | Drive to others reported pos
[4 INFO main 1015304] Scout.GotoCenter -> Scout.Query | return to random walk
[4 INFO main 1040629] Scout.Query -> Scout.GotoCenter | Drive to others reported pos
[4 INFO main 1085702] Scout.GotoCenter -> Scout.Query | return to random walk
