[2 INFO main 29] Initialising Python Geth Console...
[2 INFO main 34] Initialising RandB board...
[2 INFO main 34] Initialising navigation...
[2 INFO main 34] Initialising random-walk...
[2 INFO main 34] Initialising odometry...
[2 INFO main 34] Initialising ground-sensors...
[2 INFO main 1082] --//-- Starting Experiment --//--
[2 INFO main 2182] Idle.IDLE -> Scout.Query | Duration: 21.01
[2 INFO main 56599] Scout.Query -> Scout.GotoCenter | Drive to others reported pos
[2 INFO main 76246] Scout.GotoCenter -> Scout.Query | return to random walk
[2 INFO main 127018] Scout.Query -> Scout.GotoCenter | Drive to others reported pos
[2 INFO main 153080] Scout.GotoCenter -> Scout.Query | return to random walk
[2 INFO main 183524] Scout.Query -> Scout.GotoCenter | Drive to others reported pos
[2 INFO main 221876] Scout.GotoCenter -> Scout.Query | return to random walk
[2 INFO main 242664] Scout.Query -> Scout.GotoCenter | Drive to others reported pos
[2 INFO main 249369] Scout.GotoCenter -> Scout.Query | return to random walk
[2 INFO main 274970] Scout.Query -> Scout.GotoCenter | Drive to others reported pos
[2 INFO main 290659] Scout.GotoCenter -> Scout.Query | return to random walk
[2 INFO main 361718] Scout.Query -> Scout.GotoCenter | Drive to others reported pos
[2 INFO main 399432] Scout.GotoCenter -> Scout.Query | return to random walk
[2 INFO main 429752] Scout.Query -> Scout.GotoCenter | Drive to others reported pos
[2 INFO main 445956] Scout.GotoCenter -> Scout.Query | return to random walk
[2 INFO main 486486] Scout.Query -> Scout.GotoCenter | Drive to others reported pos
[2 INFO main 496610] Scout.GotoCenter -> Scout.Query | return to random walk
