[13 INFO main 27] Initialising Python Geth Console...
[13 INFO main 32] Initialising RandB board...
[13 INFO main 33] Initialising navigation...
[13 INFO main 33] Initialising random-walk...
[13 INFO main 33] Initialising odometry...
[13 INFO main 33] Initialising ground-sensors...
[13 INFO main 256] --//-- Starting Experiment --//--
[13 INFO main 1744] Idle.IDLE -> Scout.Query | Duration: 30.48
[13 INFO main 14080] Scout.Query -> Verify.DriveTo | Go to unverified source
[13 INFO main 134701] Verify.DriveTo -> Verify.Homing | Homing
[13 INFO main 154625] Verify.Homing -> Scout.Query | Arrived home
[13 INFO main 163045] Confirming: 1/9
[13 INFO main 165134] Confirming: 2/9
[13 INFO main 167190] Confirming: 3/9
[13 INFO main 169209] Confirming: 4/9
[13 INFO main 171520] Confirming: 5/9
[13 INFO main 173541] Confirming: 6/9
[13 INFO main 175606] Confirming: 7/9
[13 INFO main 177714] Confirming: 8/9
[13 INFO main 179717] Confirming: 9/9
[13 INFO main 180337] Scout.Query -> Verify.DriveTo | Go to unverified source
[13 INFO main 215613] Verify.DriveTo -> Verify.Homing | Homing
[13 INFO main 224299] Confirming: 1/9
[13 INFO main 226473] Confirming: 3/9
[13 INFO main 228541] Confirming: 4/9
[13 INFO main 230624] Confirming: 5/9
[13 INFO main 232646] Confirming: 6/9
[13 INFO main 234675] Confirming: 7/9
[13 INFO main 236687] Confirming: 8/9
[13 INFO main 238791] Confirming: 9/9
[13 INFO main 255838] Verify.Homing -> Scout.Query | Arrived home
[13 INFO main 255883] Scout.Query -> Verify.DriveTo | Go to unverified source
[13 INFO main 306572] Verify.DriveTo -> Verify.Homing | Homing
[13 INFO main 312844] Confirming: 1/9
[13 INFO main 314915] Confirming: 2/9
[13 INFO main 316962] Confirming: 3/9
[13 INFO main 318975] Confirming: 4/9
[13 INFO main 320150] Verify.Homing -> Scout.Query | Arrived home
[13 INFO main 321062] Confirming: 5/9
[13 INFO main 323110] Confirming: 6/9
[13 INFO main 325155] Confirming: 7/9
[13 INFO main 327170] Confirming: 8/9
[13 INFO main 329215] Confirming: 9/9
[13 INFO main 330074] Scout.Query -> Verify.DriveTo | Go to unverified source
[13 INFO main 450931] Verify.DriveTo -> Verify.Homing | Homing
[13 INFO main 463475] Confirming: 1/9
[13 INFO main 465525] Confirming: 2/9
[13 INFO main 467530] Confirming: 3/9
[13 INFO main 467659] Verify.Homing -> Scout.Query | Arrived home
[13 INFO main 469604] Confirming: 4/9
[13 INFO main 471875] Confirming: 5/9
[13 INFO main 473930] Confirming: 6/9
[13 INFO main 476025] Confirming: 7/9
[13 INFO main 478163] Confirming: 8/9
[13 INFO main 480257] Confirming: 9/9
[13 INFO main 480642] Scout.Query -> Verify.DriveTo | Go to unverified source
[13 INFO main 509503] Verify.DriveTo -> Verify.Homing | Homing
[13 INFO main 518263] Verify.Homing -> Scout.Query | Arrived home
[13 INFO main 526425] Confirming: 2/9
[13 INFO main 528656] Confirming: 4/9
[13 INFO main 532903] Confirming: 5/9
[13 INFO main 535008] Confirming: 7/9
[13 INFO main 539161] Confirming: 9/9
[13 INFO main 539434] Scout.Query -> Verify.DriveTo | Go to unverified source
[13 INFO main 608756] Verify.DriveTo -> Verify.Homing | Homing
[13 INFO main 623774] Confirming: 1/9
[13 INFO main 627934] Confirming: 3/9
[13 INFO main 629935] Confirming: 4/9
[13 INFO main 632127] Confirming: 5/9
[13 INFO main 634296] Confirming: 6/9
[13 INFO main 636341] Confirming: 7/9
[13 INFO main 638391] Confirming: 9/9
[13 INFO main 640541] Verify.Homing -> Scout.Query | Arrived home
[13 INFO main 640673] Scout.Query -> Verify.DriveTo | Go to unverified source
[13 INFO main 649732] Verify.DriveTo -> Verify.Homing | Homing
[13 INFO main 654741] Verify.Homing -> Scout.Query | Arrived home
[13 INFO main 678949] Confirming: 1/9
[13 INFO main 681046] Confirming: 2/9
[13 INFO main 683376] Confirming: 3/9
[13 INFO main 685504] Confirming: 4/9
[13 INFO main 687594] Confirming: 5/9
[13 INFO main 689648] Confirming: 6/9
[13 INFO main 691659] Confirming: 8/9
[13 INFO main 693924] Confirming: 9/9
[13 INFO main 694452] Scout.Query -> Verify.DriveTo | Go to unverified source
[13 INFO main 743060] Verify.DriveTo -> Verify.Homing | Homing
[13 INFO main 755854] Verify.Homing -> Scout.Query | Arrived home
[13 INFO main 776863] Confirming: 1/9
[13 INFO main 778943] Confirming: 2/9
[13 INFO main 781016] Confirming: 3/9
[13 INFO main 785194] Confirming: 5/9
[13 INFO main 789286] Confirming: 7/9
[13 INFO main 791369] Confirming: 8/9
[13 INFO main 793471] Confirming: 9/9
[13 INFO main 794044] Scout.Query -> Verify.DriveTo | Go to unverified source
[13 INFO main 918622] Verify.DriveTo -> Verify.Homing | Homing
[13 INFO main 927386] Confirming: 1/9
[13 INFO main 929458] Confirming: 2/9
[13 INFO main 931577] Confirming: 3/9
[13 INFO main 933747] Confirming: 4/9
[13 INFO main 935794] Confirming: 5/9
[13 INFO main 937942] Confirming: 6/9
[13 INFO main 940027] Confirming: 7/9
[13 INFO main 942115] Confirming: 8/9
[13 INFO main 944123] Confirming: 9/9
[13 INFO main 955572] Verify.Homing -> Scout.Query | Arrived home
[13 INFO main 955632] Scout.Query -> Verify.DriveTo | Go to unverified source
[13 INFO main 972976] Verify.DriveTo -> Verify.Homing | Homing
[13 INFO main 983387] Verify.Homing -> Scout.Query | Arrived home
[13 INFO main 987663] Confirming: 1/9
[13 INFO main 989699] Confirming: 2/9
[13 INFO main 991701] Confirming: 3/9
[13 INFO main 993732] Confirming: 4/9
[13 INFO main 995774] Confirming: 5/9
[13 INFO main 997788] Confirming: 6/9
[13 INFO main 999793] Confirming: 7/9
[13 INFO main 1001829] Confirming: 8/9
[13 INFO main 1003785] Confirming: 9/9
[13 INFO main 1004542] Scout.Query -> Verify.DriveTo | Go to unverified source
[13 INFO main 1140279] Verify.DriveTo -> Verify.Homing | Homing
[13 INFO main 1154501] Verify.Homing -> Scout.Query | Arrived home
[13 INFO main 1167714] Confirming: 1/9
[13 INFO main 1169756] Confirming: 2/9
[13 INFO main 1171853] Confirming: 3/9
[13 INFO main 1174103] Confirming: 4/9
[13 INFO main 1176331] Confirming: 5/9
[13 INFO main 1178431] Confirming: 7/9
[13 INFO main 1180461] Confirming: 8/9
[13 INFO main 1182514] Confirming: 9/9
[13 INFO main 1182768] Scout.Query -> Verify.DriveTo | Go to unverified source
[13 INFO main 1252924] Verify.DriveTo -> Verify.Homing | Homing
[13 INFO main 1280913] Verify.Homing -> Scout.Query | Arrived home
[13 INFO main 1286777] Confirming: 1/9
[13 INFO main 1288838] Confirming: 2/9
[13 INFO main 1290883] Confirming: 3/9
[13 INFO main 1292937] Confirming: 4/9
[13 INFO main 1295082] Confirming: 5/9
[13 INFO main 1297235] Confirming: 6/9
[13 INFO main 1299259] Confirming: 7/9
[13 INFO main 1301279] Confirming: 8/9
[13 INFO main 1303417] Confirming: 9/9
[13 INFO main 1303961] Scout.Query -> Verify.DriveTo | Go to unverified source
[13 INFO main 1348555] Verify.DriveTo -> Verify.Homing | Homing
[13 INFO main 1367286] Confirming: 1/9
[13 INFO main 1369334] Confirming: 2/9
[13 INFO main 1370112] Verify.Homing -> Scout.Query | Arrived home
[13 INFO main 1371375] Confirming: 3/9
[13 INFO main 1373441] Confirming: 4/9
[13 INFO main 1375466] Confirming: 5/9
[13 INFO main 1377532] Confirming: 6/9
[13 INFO main 1379571] Confirming: 7/9
[13 INFO main 1381580] Confirming: 8/9
[13 INFO main 1383681] Confirming: 9/9
[13 INFO main 1384374] Scout.Query -> Verify.DriveTo | Go to unverified source
[13 INFO main 1452623] Verify.DriveTo -> Verify.Homing | Homing
[13 INFO main 1463385] Verify.Homing -> Scout.Query | Arrived home
[13 INFO main 1467200] Confirming: 1/9
[13 INFO main 1469202] Confirming: 2/9
[13 INFO main 1471229] Confirming: 3/9
[13 INFO main 1473333] Confirming: 4/9
[13 INFO main 1475344] Confirming: 5/9
[13 INFO main 1479477] Confirming: 7/9
[13 INFO main 1481486] Confirming: 8/9
[13 INFO main 1483583] Confirming: 9/9
[13 INFO main 1484271] Scout.Query -> Verify.DriveTo | Go to unverified source
[13 INFO main 1514794] Verify.DriveTo -> Verify.Homing | Homing
[13 INFO main 1520954] Confirming: 1/9
[13 INFO main 1523079] Confirming: 2/9
[13 INFO main 1523467] Verify.Homing -> Scout.Query | Arrived home
[13 INFO main 1525136] Confirming: 3/9
[13 INFO main 1527171] Confirming: 4/9
[13 INFO main 1529275] Confirming: 5/9
[13 INFO main 1531292] Confirming: 6/9
[13 INFO main 1533335] Confirming: 7/9
[13 INFO main 1535423] Confirming: 8/9
[13 INFO main 1539524] Confirming: 9/9
[13 INFO main 1540139] Scout.Query -> Verify.DriveTo | Go to unverified source
[13 INFO main 1636783] Verify.DriveTo -> Verify.Homing | Homing
[13 INFO main 1653308] Confirming: 1/9
[13 INFO main 1655349] Confirming: 2/9
[13 INFO main 1657505] Confirming: 4/9
[13 INFO main 1659630] Confirming: 5/9
[13 INFO main 1661658] Confirming: 6/9
[13 INFO main 1663695] Confirming: 7/9
[13 INFO main 1665655] Confirming: 8/9
[13 INFO main 1667735] Confirming: 9/9
[13 INFO main 1710460] Verify.Homing -> Scout.Query | Arrived home
[13 INFO main 1710591] Scout.Query -> Verify.DriveTo | Go to unverified source
[13 INFO main 1751385] Verify.DriveTo -> Verify.Homing | Homing
[13 INFO main 1770303] Verify.Homing -> Scout.Query | Arrived home
[13 INFO main 1771889] Confirming: 1/9
[13 INFO main 1774000] Confirming: 2/9
[13 INFO main 1776011] Confirming: 3/9
[13 INFO main 1778093] Confirming: 4/9
[13 INFO main 1782186] Confirming: 6/9
[13 INFO main 1786305] Confirming: 8/9
[13 INFO main 1788315] Confirming: 9/9
[13 INFO main 1795780] Scout.Query -> Verify.DriveTo | Go to unverified source
[13 INFO main 1833637] Verify.DriveTo -> Verify.Homing | Homing
[13 INFO main 1847786] Verify.Homing -> Scout.Query | Arrived home
[13 INFO main 1862867] Confirming: 1/9
[13 INFO main 1865118] Confirming: 2/9
[13 INFO main 1867396] Confirming: 3/9
[13 INFO main 1869502] Confirming: 4/9
[13 INFO main 1871544] Confirming: 5/9
[13 INFO main 1873607] Confirming: 6/9
[13 INFO main 1875671] Confirming: 8/9
[13 INFO main 1877690] Confirming: 9/9
[13 INFO main 1877972] Scout.Query -> Verify.DriveTo | Go to unverified source
[13 INFO main 1951043] Verify.DriveTo -> Verify.Homing | Homing
[13 INFO main 1970159] Verify.Homing -> Scout.Query | Arrived home
[13 INFO main 1982183] Confirming: 1/9
[13 INFO main 1984321] Confirming: 2/9
[13 INFO main 1986418] Confirming: 3/9
[13 INFO main 1990480] Confirming: 5/9
[13 INFO main 1992556] Confirming: 6/9
[13 INFO main 1994656] Confirming: 7/9
[13 INFO main 1996660] Confirming: 8/9
[13 INFO main 1998683] Confirming: 9/9
[13 INFO main 1998853] Scout.Query -> Verify.DriveTo | Go to unverified source
[13 INFO main 2049861] Verify.DriveTo -> Verify.Homing | Homing
[13 INFO main 2072917] Confirming: 1/9
[13 INFO main 2074997] Confirming: 2/9
[13 INFO main 2076420] Verify.Homing -> Scout.Query | Arrived home
[13 INFO main 2077203] Confirming: 3/9
[13 INFO main 2079221] Confirming: 4/9
[13 INFO main 2081238] Confirming: 5/9
[13 INFO main 2083325] Confirming: 6/9
[13 INFO main 2085346] Confirming: 8/9
[13 INFO main 2087435] Confirming: 9/9
[13 INFO main 2087478] Scout.Query -> Verify.DriveTo | Go to unverified source
[13 INFO main 2207664] Verify.DriveTo -> Verify.Homing | Homing
[13 INFO main 2219091] Verify.Homing -> Scout.Query | Arrived home
[13 INFO main 2222571] Confirming: 1/9
[13 INFO main 2224545] Confirming: 2/9
[13 INFO main 2226767] Confirming: 3/9
[13 INFO main 2228883] Confirming: 4/9
[13 INFO main 2230919] Confirming: 5/9
[13 INFO main 2232960] Confirming: 6/9
[13 INFO main 2235061] Confirming: 7/9
[13 INFO main 2237313] Confirming: 8/9
[13 INFO main 2239337] Confirming: 9/9
[13 INFO main 2239892] Scout.Query -> Verify.DriveTo | Go to unverified source
[13 INFO main 2360531] Verify.DriveTo -> Verify.Homing | Homing
[13 INFO main 2380729] Verify.Homing -> Scout.Query | Arrived home
[13 INFO main 2403982] Confirming: 1/9
[13 INFO main 2405976] Confirming: 2/9
[13 INFO main 2407998] Confirming: 3/9
[13 INFO main 2410043] Confirming: 4/9
[13 INFO main 2412091] Confirming: 5/9
[13 INFO main 2414105] Confirming: 6/9
[13 INFO main 2416203] Confirming: 7/9
[13 INFO main 2418205] Confirming: 8/9
[13 INFO main 2420208] Confirming: 9/9
[13 INFO main 2421056] Scout.Query -> Verify.DriveTo | Go to unverified source
[13 INFO main 2434280] Verify.DriveTo -> Verify.Homing | Homing
[13 INFO main 2440991] Confirming: 1/9
[13 INFO main 2441212] Verify.Homing -> Scout.Query | Arrived home
[13 INFO main 2471578] Confirming: 5/9
[13 INFO main 2473646] Confirming: 6/9
[13 INFO main 2475688] Confirming: 7/9
[13 INFO main 2477817] Confirming: 8/9
[13 INFO main 2479917] Confirming: 9/9
[13 INFO main 2479963] Scout.Query -> Verify.DriveTo | Go to unverified source
[13 INFO main 2531487] Verify.DriveTo -> Verify.Homing | Homing
[13 INFO main 2552556] Confirming: 1/9
[13 INFO main 2553051] Verify.Homing -> Scout.Query | Arrived home
[13 INFO main 2556730] Confirming: 3/9
[13 INFO main 2560906] Confirming: 5/9
[13 INFO main 2562939] Confirming: 6/9
[13 INFO main 2564982] Confirming: 7/9
[13 INFO main 2569253] Confirming: 9/9
[13 INFO main 2569310] Scout.Query -> Verify.DriveTo | Go to unverified source
[13 INFO main 2651444] Verify.DriveTo -> Verify.Homing | Homing
[13 INFO main 2659723] Confirming: 1/9
[13 INFO main 2661733] Confirming: 2/9
[13 INFO main 2663776] Confirming: 3/9
[13 INFO main 2665815] Confirming: 4/9
[13 INFO main 2667886] Confirming: 5/9
[13 INFO main 2669999] Confirming: 6/9
[13 INFO main 2671374] Verify.Homing -> Scout.Query | Arrived home
[13 INFO main 2672118] Confirming: 7/9
[13 INFO main 2674157] Confirming: 8/9
[13 INFO main 2676225] Confirming: 9/9
[13 INFO main 2676925] Scout.Query -> Verify.DriveTo | Go to unverified source
[13 INFO main 2714861] Verify.DriveTo -> Verify.Homing | Homing
[13 INFO main 2723279] Confirming: 1/9
[13 INFO main 2725376] Confirming: 2/9
[13 INFO main 2727398] Confirming: 3/9
[13 INFO main 2729374] Confirming: 4/9
[13 INFO main 2731470] Confirming: 5/9
[13 INFO main 2733561] Confirming: 6/9
[13 INFO main 2735634] Confirming: 7/9
[13 INFO main 2736677] Verify.Homing -> Scout.Query | Arrived home
[13 INFO main 2737703] Confirming: 8/9
[13 INFO main 2739843] Confirming: 9/9
[13 INFO main 2740158] Scout.Query -> Verify.DriveTo | Go to unverified source
[13 INFO main 2761172] Verify.DriveTo -> Verify.Homing | Homing
[13 INFO main 2772746] Verify.Homing -> Scout.Query | Arrived home
[13 INFO main 2794573] Confirming: 2/9
[13 INFO main 2798971] Confirming: 3/9
[13 INFO main 2801144] Confirming: 5/9
[13 INFO main 2805345] Confirming: 6/9
[13 INFO main 2824235] Confirming: 15/9
[13 INFO main 2824284] Scout.Query -> Verify.DriveTo | Go to unverified source
[13 INFO main 2875129] Verify.DriveTo -> Verify.Homing | Homing
[13 INFO main 2882510] Verify.Homing -> Scout.Query | Arrived home
[13 INFO main 2885596] Confirming: 1/9
[13 INFO main 2887838] Confirming: 2/9
[13 INFO main 2889957] Confirming: 3/9
[13 INFO main 2892119] Confirming: 4/9
[13 INFO main 2894153] Confirming: 5/9
[13 INFO main 2896438] Confirming: 6/9
[13 INFO main 2898574] Confirming: 8/9
[13 INFO main 2900587] Confirming: 9/9
[13 INFO main 2900860] Scout.Query -> Verify.DriveTo | Go to unverified source
[13 INFO main 3059716] Verify.DriveTo -> Verify.Homing | Homing
[13 INFO main 3068490] Confirming: 2/9
[13 INFO main 3070522] Confirming: 3/9
[13 INFO main 3072591] Confirming: 4/9
[13 INFO main 3074716] Confirming: 5/9
[13 INFO main 3076797] Confirming: 6/9
[13 INFO main 3078926] Confirming: 7/9
[13 INFO main 3081094] Confirming: 8/9
[13 INFO main 3081327] Verify.Homing -> Scout.Query | Arrived home
[13 INFO main 3083114] Confirming: 9/9
[13 INFO main 3083533] Scout.Query -> Verify.DriveTo | Go to unverified source
[13 INFO main 3260319] Verify.DriveTo -> Verify.Homing | Homing
[13 INFO main 3277106] Confirming: 1/9
[13 INFO main 3279107] Confirming: 2/9
[13 INFO main 3281176] Confirming: 3/9
[13 INFO main 3283529] Confirming: 5/9
[13 INFO main 3284677] Verify.Homing -> Scout.Query | Arrived home
[13 INFO main 3285623] Confirming: 6/9
[13 INFO main 3289647] Confirming: 8/9
[13 INFO main 3291673] Confirming: 9/9
[13 INFO main 3292528] Scout.Query -> Verify.DriveTo | Go to unverified source
[13 INFO main 3412986] Verify.DriveTo -> Verify.Homing | Homing
[13 INFO main 3425667] Confirming: 1/9
[13 INFO main 3427843] Confirming: 2/9
[13 INFO main 3429916] Confirming: 3/9
[13 INFO main 3431973] Confirming: 4/9
[13 INFO main 3434008] Confirming: 5/9
[13 INFO main 3437235] Verify.Homing -> Scout.Query | Arrived home
[13 INFO main 3438171] Confirming: 7/9
[13 INFO main 3440261] Confirming: 8/9
[13 INFO main 3442290] Confirming: 9/9
[13 INFO main 3443097] Scout.Query -> Verify.DriveTo | Go to unverified source
[13 INFO main 3615799] Verify.DriveTo -> Verify.Homing | Homing
[13 INFO main 3624355] Confirming: 1/9
[13 INFO main 3632611] Confirming: 2/9
[13 INFO main 3634719] Confirming: 3/9
[13 INFO main 3636741] Confirming: 4/9
[13 INFO main 3638839] Confirming: 5/9
[13 INFO main 3643064] Confirming: 7/9
[13 INFO main 3645111] Confirming: 8/9
[13 INFO main 3645577] Verify.Homing -> Scout.Query | Arrived home
[13 INFO main 3649210] Confirming: 10/9
[13 INFO main 3650109] Scout.Query -> Verify.DriveTo | Go to unverified source
[13 INFO main 3756645] Verify.DriveTo -> Verify.Homing | Homing
[13 INFO main 3771391] Confirming: 1/9
[13 INFO main 3773449] Confirming: 2/9
[13 INFO main 3775478] Confirming: 3/9
[13 INFO main 3777484] Confirming: 4/9
[13 INFO main 3781604] Confirming: 6/9
[13 INFO main 3782472] Verify.Homing -> Scout.Query | Arrived home
[13 INFO main 3785671] Confirming: 8/9
[13 INFO main 3787722] Confirming: 9/9
[13 INFO main 3788005] Scout.Query -> Verify.DriveTo | Go to unverified source
[13 INFO main 3802858] Verify.DriveTo -> Verify.Homing | Homing
[13 INFO main 3808480] Verify.Homing -> Scout.Query | Arrived home
[13 INFO main 3813335] Confirming: 1/9
[13 INFO main 3815439] Confirming: 2/9
[13 INFO main 3817469] Confirming: 4/9
[13 INFO main 3819513] Confirming: 5/9
[13 INFO main 3823631] Confirming: 7/9
[13 INFO main 3825788] Confirming: 8/9
[13 INFO main 3827820] Confirming: 9/9
[13 INFO main 3827997] Scout.Query -> Verify.DriveTo | Go to unverified source
[13 INFO main 3875179] Verify.DriveTo -> Verify.Homing | Homing
[13 INFO main 3897470] Verify.Homing -> Scout.Query | Arrived home
[13 INFO main 3900022] Confirming: 1/9
[13 INFO main 3902110] Confirming: 2/9
[13 INFO main 3904123] Confirming: 3/9
[13 INFO main 3906158] Confirming: 4/9
[13 INFO main 3908307] Confirming: 5/9
[13 INFO main 3910318] Confirming: 6/9
[13 INFO main 3912350] Confirming: 7/9
[13 INFO main 3914355] Confirming: 8/9
[13 INFO main 3916348] Confirming: 9/9
[13 INFO main 3916396] Scout.Query -> Verify.DriveTo | Go to unverified source
[13 INFO main 4037523] Verify.DriveTo -> Verify.Homing | Homing
[13 INFO main 4057634] Verify.Homing -> Scout.Query | Arrived home
[13 INFO main 4058254] Confirming: 1/9
[13 INFO main 4060271] Confirming: 2/9
[13 INFO main 4062431] Confirming: 3/9
[13 INFO main 4064549] Confirming: 4/9
[13 INFO main 4066683] Confirming: 5/9
[13 INFO main 4068900] Confirming: 6/9
[13 INFO main 4071195] Confirming: 7/9
[13 INFO main 4073220] Confirming: 8/9
[13 INFO main 4075299] Confirming: 9/9
[13 INFO main 4075434] Scout.Query -> Verify.DriveTo | Go to unverified source
[13 INFO main 4164361] Verify.DriveTo -> Verify.Homing | Homing
[13 INFO main 4179347] Confirming: 1/9
[13 INFO main 4181363] Confirming: 3/9
[13 INFO main 4181363] Verify.Homing -> Scout.Query | Arrived home
[13 INFO main 4183730] Confirming: 4/9
[13 INFO main 4187758] Confirming: 5/9
[13 INFO main 4190018] Confirming: 7/9
[13 INFO main 4192045] Confirming: 8/9
[13 INFO main 4194314] Confirming: 9/9
[13 INFO main 4195071] Scout.Query -> Verify.DriveTo | Go to unverified source
[13 INFO main 4329548] Verify.DriveTo -> Verify.Homing | Homing
[13 INFO main 4359042] Confirming: 1/9
[13 INFO main 4361125] Confirming: 2/9
[13 INFO main 4363176] Confirming: 3/9
[13 INFO main 4365310] Confirming: 4/9
[13 INFO main 4367312] Confirming: 5/9
[13 INFO main 4369435] Confirming: 6/9
[13 INFO main 4371445] Confirming: 8/9
[13 INFO main 4371445] Verify.Homing -> Scout.Query | Arrived home
[13 INFO main 4373514] Confirming: 9/9
[13 INFO main 4373783] Scout.Query -> Verify.DriveTo | Go to unverified source
[13 INFO main 4433372] Verify.DriveTo -> Verify.Homing | Homing
[13 INFO main 4455266] Verify.Homing -> Scout.Query | Arrived home
[13 INFO main 4477937] Confirming: 1/9
[13 INFO main 4482233] Confirming: 3/9
[13 INFO main 4484249] Confirming: 4/9
[13 INFO main 4486303] Confirming: 5/9
[13 INFO main 4488334] Confirming: 6/9
[13 INFO main 4490449] Confirming: 7/9
[13 INFO main 4492582] Confirming: 8/9
[13 INFO main 4500892] Confirming: 12/9
[13 INFO main 4500949] Scout.Query -> Verify.DriveTo | Go to unverified source
[13 INFO main 4559125] Verify.DriveTo -> Verify.Homing | Homing
[13 INFO main 4567782] Confirming: 1/9
[13 INFO main 4569795] Confirming: 2/9
[13 INFO main 4573819] Confirming: 3/9
[13 INFO main 4575871] Confirming: 4/9
[13 INFO main 4578052] Confirming: 6/9
[13 INFO main 4580127] Confirming: 7/9
[13 INFO main 4582162] Confirming: 8/9
[13 INFO main 4586274] Confirming: 10/9
[13 INFO main 4589043] Verify.Homing -> Scout.Query | Arrived home
[13 INFO main 4589108] Scout.Query -> Verify.DriveTo | Go to unverified source
[13 INFO main 4662419] Verify.DriveTo -> Verify.Homing | Homing
[13 INFO main 4671673] Verify.Homing -> Scout.Query | Arrived home
[13 INFO main 4687450] Confirming: 1/9
[13 INFO main 4689596] Confirming: 2/9
[13 INFO main 4691716] Confirming: 3/9
[13 INFO main 4695977] Confirming: 5/9
[13 INFO main 4698014] Confirming: 6/9
[13 INFO main 4700057] Confirming: 7/9
[13 INFO main 4702098] Confirming: 8/9
[13 INFO main 4704243] Confirming: 9/9
[13 INFO main 4705021] Scout.Query -> Verify.DriveTo | Go to unverified source
[13 INFO main 4767981] Verify.DriveTo -> Verify.Homing | Homing
[13 INFO main 4778288] Confirming: 1/9
[13 INFO main 4780317] Confirming: 2/9
[13 INFO main 4782180] Verify.Homing -> Scout.Query | Arrived home
[13 INFO main 4782380] Confirming: 3/9
[13 INFO main 4784474] Confirming: 4/9
[13 INFO main 4786493] Confirming: 5/9
[13 INFO main 4788532] Confirming: 6/9
[13 INFO main 4790578] Confirming: 7/9
[13 INFO main 4792541] Confirming: 8/9
[13 INFO main 4794602] Confirming: 9/9
[13 INFO main 4794657] Scout.Query -> Verify.DriveTo | Go to unverified source
[13 INFO main 4841009] Verify.DriveTo -> Verify.Homing | Homing
[13 INFO main 4868796] Confirming: 1/9
[13 INFO main 4870892] Confirming: 2/9
[13 INFO main 4872929] Confirming: 3/9
[13 INFO main 4875009] Confirming: 4/9
[13 INFO main 4877546] Confirming: 5/9
[13 INFO main 4879595] Confirming: 7/9
[13 INFO main 4881668] Confirming: 8/9
[13 INFO main 4882576] Verify.Homing -> Scout.Query | Arrived home
[13 INFO main 4883741] Confirming: 9/9
[13 INFO main 4883798] Scout.Query -> Verify.DriveTo | Go to unverified source
[13 INFO main 5045324] Verify.DriveTo -> Verify.Homing | Homing
[13 INFO main 5064622] Confirming: 1/9
[13 INFO main 5066706] Confirming: 2/9
[13 INFO main 5068721] Confirming: 3/9
[13 INFO main 5070819] Confirming: 4/9
[13 INFO main 5072823] Confirming: 5/9
[13 INFO main 5074874] Confirming: 6/9
[13 INFO main 5076942] Confirming: 7/9
[13 INFO main 5079004] Confirming: 8/9
[13 INFO main 5081055] Confirming: 9/9
[13 INFO main 5094748] Verify.Homing -> Scout.Query | Arrived home
[13 INFO main 5094964] Scout.Query -> Verify.DriveTo | Go to unverified source
[13 INFO main 5132093] Verify.DriveTo -> Verify.Homing | Homing
[13 INFO main 5138739] Confirming: 1/9
[13 INFO main 5140765] Confirming: 2/9
[13 INFO main 5142808] Confirming: 3/9
[13 INFO main 5144811] Confirming: 4/9
[13 INFO main 5146966] Confirming: 5/9
[13 INFO main 5149068] Confirming: 6/9
[13 INFO main 5151204] Confirming: 7/9
[13 INFO main 5153271] Confirming: 8/9
[13 INFO main 5155353] Confirming: 10/9
[13 INFO main 5163932] Verify.Homing -> Scout.Query | Arrived home
[13 INFO main 5164082] Scout.Query -> Verify.DriveTo | Go to unverified source
[13 INFO main 5324956] Verify.DriveTo -> Verify.Homing | Homing
[13 INFO main 5348315] Confirming: 1/9
[13 INFO main 5350343] Confirming: 2/9
[13 INFO main 5350477] Verify.Homing -> Scout.Query | Arrived home
[13 INFO main 5352363] Confirming: 3/9
[13 INFO main 5354365] Confirming: 4/9
[13 INFO main 5356458] Confirming: 5/9
[13 INFO main 5358622] Confirming: 6/9
[13 INFO main 5360771] Confirming: 7/9
[13 INFO main 5363035] Confirming: 8/9
[13 INFO main 5365153] Confirming: 9/9
[13 INFO main 5366010] Scout.Query -> Verify.DriveTo | Go to unverified source
[13 INFO main 5393186] Verify.DriveTo -> Verify.Homing | Homing
