[3 INFO main 33] Initialising Python Geth Console...
[3 INFO main 37] Initialising RandB board...
[3 INFO main 37] Initialising navigation...
[3 INFO main 37] Initialising random-walk...
[3 INFO main 37] Initialising odometry...
[3 INFO main 37] Initialising ground-sensors...
[3 INFO main 1040] --//-- Starting Experiment --//--
[3 INFO main 2394] Idle.IDLE -> Scout.Query | Duration: 31.05
[3 INFO main 70521] Scout.Query -> Scout.PrepSend | Homing
[3 INFO main 70667] Scout.PrepSend -> Verify.Homing | Homing
[3 INFO main 88518] Verify.Homing -> Scout.Query | Arrived home
[3 INFO main 132767] Confirming: 1/9
[3 INFO main 134775] Confirming: 2/9
[3 INFO main 136816] Confirming: 3/9
[3 INFO main 138857] Confirming: 4/9
[3 INFO main 140875] Confirming: 5/9
[3 INFO main 142884] Confirming: 6/9
[3 INFO main 145042] Confirming: 7/9
[3 INFO main 147133] Confirming: 8/9
[3 INFO main 149227] Confirming: 9/9
[3 INFO main 149800] Scout.Query -> Verify.DriveTo | Go to unverified source
[3 INFO main 168816] Verify.DriveTo -> Verify.Homing | Homing
[3 INFO main 190798] Verify.Homing -> Scout.Query | Arrived home
[3 INFO main 193623] Confirming: 1/9
[3 INFO main 195690] Confirming: 2/9
[3 INFO main 197701] Confirming: 3/9
[3 INFO main 199736] Confirming: 4/9
[3 INFO main 201785] Confirming: 5/9
[3 INFO main 203851] Confirming: 6/9
[3 INFO main 205860] Confirming: 7/9
[3 INFO main 207955] Confirming: 8/9
[3 INFO main 210060] Confirming: 10/9
[3 INFO main 210081] Scout.Query -> Verify.DriveTo | Go to unverified source
[3 INFO main 236201] Verify.DriveTo -> Verify.Homing | Homing
[3 INFO main 253231] Confirming: 1/9
[3 INFO main 255265] Confirming: 2/9
[3 INFO main 257283] Confirming: 3/9
[3 INFO main 259304] Confirming: 4/9
[3 INFO main 261374] Confirming: 5/9
[3 INFO main 263451] Confirming: 6/9
[3 INFO main 265073] Verify.Homing -> Scout.Query | Arrived home
[3 INFO main 265474] Confirming: 7/9
[3 INFO main 267527] Confirming: 8/9
[3 INFO main 269609] Confirming: 9/9
[3 INFO main 270493] Scout.Query -> Verify.DriveTo | Go to unverified source
[3 INFO main 294859] Verify.DriveTo -> Verify.Homing | Homing
[3 INFO main 313897] Confirming: 1/9
[3 INFO main 315985] Confirming: 2/9
[3 INFO main 317992] Confirming: 3/9
[3 INFO main 320061] Confirming: 5/9
[3 INFO main 322064] Confirming: 6/9
[3 INFO main 324127] Confirming: 7/9
[3 INFO main 328218] Confirming: 9/9
[3 INFO main 334923] Verify.Homing -> Scout.Query | Arrived home
[3 INFO main 335291] Scout.Query -> Verify.DriveTo | Go to unverified source
[3 INFO main 357562] Verify.DriveTo -> Verify.Homing | Homing
[3 INFO main 374256] Confirming: 1/9
[3 INFO main 376664] Confirming: 2/9
[3 INFO main 378669] Confirming: 3/9
[3 INFO main 379404] Verify.Homing -> Scout.Query | Arrived home
[3 INFO main 380759] Confirming: 5/9
[3 INFO main 383031] Confirming: 6/9
[3 INFO main 385084] Confirming: 7/9
[3 INFO main 387152] Confirming: 8/9
[3 INFO main 389248] Confirming: 9/9
[3 INFO main 389274] Scout.Query -> Verify.DriveTo | Go to unverified source
[3 INFO main 417956] Verify.DriveTo -> Verify.Homing | Homing
[3 INFO main 435015] Confirming: 1/9
[3 INFO main 437055] Confirming: 3/9
[3 INFO main 439076] Confirming: 4/9
[3 INFO main 441100] Confirming: 5/9
[3 INFO main 443272] Confirming: 6/9
[3 INFO main 445455] Confirming: 7/9
[3 INFO main 447475] Confirming: 8/9
[3 INFO main 449575] Confirming: 9/9
[3 INFO main 450956] Verify.Homing -> Scout.Query | Arrived home
[3 INFO main 451092] Scout.Query -> Verify.DriveTo | Go to unverified source
[3 INFO main 492018] Verify.DriveTo -> Verify.Homing | Homing
[3 INFO main 504870] Verify.Homing -> Scout.Query | Arrived home
[3 INFO main 523328] Confirming: 1/9
[3 INFO main 527526] Confirming: 3/9
[3 INFO main 529537] Confirming: 4/9
[3 INFO main 531816] Confirming: 5/9
[3 INFO main 533826] Confirming: 6/9
[3 INFO main 535979] Confirming: 7/9
[3 INFO main 538052] Confirming: 8/9
[3 INFO main 540076] Confirming: 9/9
[3 INFO main 540419] Scout.Query -> Verify.DriveTo | Go to unverified source
[3 INFO main 557231] Verify.DriveTo -> Verify.Homing | Homing
[3 INFO main 575920] Confirming: 1/9
[3 INFO main 577987] Confirming: 2/9
[3 INFO main 584123] Confirming: 4/9
[3 INFO main 592329] Confirming: 9/9
[3 INFO main 602339] Verify.Homing -> Scout.Query | Arrived home
[3 INFO main 602606] Scout.Query -> Verify.DriveTo | Go to unverified source
[3 INFO main 633545] Verify.DriveTo -> Verify.Homing | Homing
[3 INFO main 643910] Confirming: 1/9
[3 INFO main 646064] Confirming: 2/9
[3 INFO main 648247] Confirming: 3/9
[3 INFO main 650320] Confirming: 4/9
[3 INFO main 652415] Confirming: 5/9
[3 INFO main 654508] Confirming: 6/9
[3 INFO main 656551] Confirming: 7/9
[3 INFO main 658563] Confirming: 8/9
[3 INFO main 660678] Confirming: 9/9
[3 INFO main 664047] Verify.Homing -> Scout.Query | Arrived home
[3 INFO main 664178] Scout.Query -> Verify.DriveTo | Go to unverified source
[3 INFO main 708951] Verify.DriveTo -> Verify.Homing | Homing
[3 INFO main 734571] Confirming: 1/9
[3 INFO main 736595] Confirming: 2/9
[3 INFO main 738689] Confirming: 3/9
[3 INFO main 740719] Confirming: 4/9
[3 INFO main 742842] Confirming: 5/9
[3 INFO main 744847] Confirming: 6/9
[3 INFO main 746869] Confirming: 7/9
[3 INFO main 748949] Confirming: 8/9
[3 INFO main 750955] Confirming: 9/9
[3 INFO main 753001] Verify.Homing -> Scout.Query | Arrived home
[3 INFO main 753307] Scout.Query -> Verify.DriveTo | Go to unverified source
[3 INFO main 785840] Verify.DriveTo -> Verify.Homing | Homing
[3 INFO main 792036] Confirming: 1/9
[3 INFO main 796191] Confirming: 3/9
[3 INFO main 798248] Confirming: 4/9
[3 INFO main 800319] Confirming: 5/9
[3 INFO main 804449] Confirming: 7/9
[3 INFO main 805028] Verify.Homing -> Scout.Query | Arrived home
[3 INFO main 808543] Confirming: 9/9
[3 INFO main 809349] Scout.Query -> Verify.DriveTo | Go to unverified source
[3 INFO main 842872] Verify.DriveTo -> Verify.Homing | Homing
[3 INFO main 855314] Confirming: 2/9
[3 INFO main 857313] Confirming: 3/9
[3 INFO main 859309] Confirming: 4/9
[3 INFO main 861448] Confirming: 5/9
[3 INFO main 865506] Confirming: 7/9
[3 INFO main 867585] Confirming: 8/9
[3 INFO main 869605] Confirming: 9/9
[3 INFO main 871800] Verify.Homing -> Scout.Query | Arrived home
[3 INFO main 872040] Scout.Query -> Verify.DriveTo | Go to unverified source
[3 INFO main 908069] Verify.DriveTo -> Verify.Homing | Homing
[3 INFO main 914240] Confirming: 1/9
[3 INFO main 916373] Confirming: 2/9
[3 INFO main 918417] Confirming: 3/9
[3 INFO main 920515] Confirming: 4/9
[3 INFO main 922609] Confirming: 5/9
[3 INFO main 924685] Confirming: 6/9
[3 INFO main 925694] Verify.Homing -> Scout.Query | Arrived home
[3 INFO main 926771] Confirming: 7/9
[3 INFO main 928815] Confirming: 8/9
[3 INFO main 930895] Confirming: 9/9
[3 INFO main 931224] Scout.Query -> Verify.DriveTo | Go to unverified source
[3 INFO main 978172] Verify.DriveTo -> Verify.Homing | Homing
[3 INFO main 1005091] Confirming: 1/9
[3 INFO main 1007176] Confirming: 3/9
[3 INFO main 1009223] Confirming: 4/9
[3 INFO main 1011281] Confirming: 5/9
[3 INFO main 1012652] Verify.Homing -> Scout.Query | Arrived home
[3 INFO main 1013355] Confirming: 6/9
[3 INFO main 1015398] Confirming: 7/9
[3 INFO main 1017433] Confirming: 8/9
[3 INFO main 1019545] Confirming: 9/9
[3 INFO main 1020406] Scout.Query -> Verify.DriveTo | Go to unverified source
[3 INFO main 1062499] Verify.DriveTo -> Verify.Homing | Homing
[3 INFO main 1085748] Verify.Homing -> Scout.Query | Arrived home
[3 INFO main 1093391] Confirming: 1/9
[3 INFO main 1095486] Confirming: 2/9
[3 INFO main 1097483] Confirming: 3/9
[3 INFO main 1099565] Confirming: 4/9
[3 INFO main 1101651] Confirming: 5/9
[3 INFO main 1105811] Confirming: 7/9
[3 INFO main 1107861] Confirming: 8/9
[3 INFO main 1109940] Confirming: 9/9
[3 INFO main 1110657] Scout.Query -> Verify.DriveTo | Go to unverified source
[3 INFO main 1159048] Verify.DriveTo -> Verify.Homing | Homing
[3 INFO main 1183913] Confirming: 1/9
[3 INFO main 1186008] Confirming: 2/9
[3 INFO main 1188081] Confirming: 3/9
[3 INFO main 1190158] Confirming: 4/9
[3 INFO main 1192217] Confirming: 5/9
[3 INFO main 1194335] Confirming: 6/9
[3 INFO main 1196375] Confirming: 7/9
[3 INFO main 1198390] Confirming: 8/9
[3 INFO main 1198429] Verify.Homing -> Scout.Query | Arrived home
[3 INFO main 1200433] Confirming: 9/9
[3 INFO main 1200722] Scout.Query -> Verify.DriveTo | Go to unverified source
[3 INFO main 1241973] Verify.DriveTo -> Verify.Homing | Homing
[3 INFO main 1264964] Verify.Homing -> Scout.Query | Arrived home
[3 INFO main 1275053] Confirming: 2/9
[3 INFO main 1277113] Confirming: 3/9
[3 INFO main 1279205] Confirming: 4/9
[3 INFO main 1281281] Confirming: 5/9
[3 INFO main 1283334] Confirming: 6/9
[3 INFO main 1285399] Confirming: 7/9
[3 INFO main 1287496] Confirming: 8/9
[3 INFO main 1289593] Confirming: 9/9
[3 INFO main 1289751] Scout.Query -> Verify.DriveTo | Go to unverified source
[3 INFO main 1313792] Verify.DriveTo -> Verify.Homing | Homing
[3 INFO main 1334523] Confirming: 1/9
[3 INFO main 1336609] Confirming: 2/9
[3 INFO main 1338601] Confirming: 3/9
[3 INFO main 1340623] Confirming: 4/9
[3 INFO main 1341049] Verify.Homing -> Scout.Query | Arrived home
[3 INFO main 1342652] Confirming: 5/9
[3 INFO main 1344718] Confirming: 6/9
[3 INFO main 1346763] Confirming: 7/9
[3 INFO main 1348843] Confirming: 8/9
[3 INFO main 1350874] Confirming: 9/9
[3 INFO main 1350915] Scout.Query -> Verify.DriveTo | Go to unverified source
[3 INFO main 1420204] Verify.DriveTo -> Verify.Homing | Homing
[3 INFO main 1442815] Verify.Homing -> Scout.Query | Arrived home
[3 INFO main 1455364] Confirming: 1/9
[3 INFO main 1457411] Confirming: 2/9
[3 INFO main 1459491] Confirming: 3/9
[3 INFO main 1461558] Confirming: 5/9
[3 INFO main 1463612] Confirming: 6/9
[3 INFO main 1467713] Confirming: 8/9
[3 INFO main 1469782] Confirming: 9/9
[3 INFO main 1470055] Scout.Query -> Verify.DriveTo | Go to unverified source
[3 INFO main 1499583] Verify.DriveTo -> Verify.Homing | Homing
[3 INFO main 1513997] Confirming: 1/9
[3 INFO main 1516072] Confirming: 2/9
[3 INFO main 1517135] Verify.Homing -> Scout.Query | Arrived home
[3 INFO main 1518139] Confirming: 3/9
[3 INFO main 1520200] Confirming: 4/9
[3 INFO main 1522216] Confirming: 5/9
[3 INFO main 1524270] Confirming: 6/9
[3 INFO main 1526365] Confirming: 7/9
[3 INFO main 1528451] Confirming: 8/9
[3 INFO main 1530478] Confirming: 9/9
[3 INFO main 1531102] Scout.Query -> Verify.DriveTo | Go to unverified source
[3 INFO main 1554102] Verify.DriveTo -> Verify.Homing | Homing
[3 INFO main 1575117] Confirming: 1/9
[3 INFO main 1577101] Confirming: 3/9
[3 INFO main 1579227] Confirming: 4/9
[3 INFO main 1583412] Confirming: 6/9
[3 INFO main 1585447] Confirming: 7/9
[3 INFO main 1586100] Verify.Homing -> Scout.Query | Arrived home
[3 INFO main 1587446] Confirming: 8/9
[3 INFO main 1589450] Confirming: 9/9
[3 INFO main 1589551] Scout.Query -> Verify.DriveTo | Go to unverified source
[3 INFO main 1625405] Verify.DriveTo -> Verify.Homing | Homing
[3 INFO main 1633688] Confirming: 1/9
[3 INFO main 1635686] Confirming: 2/9
[3 INFO main 1637708] Confirming: 3/9
[3 INFO main 1639732] Confirming: 4/9
[3 INFO main 1641757] Confirming: 5/9
[3 INFO main 1643765] Confirming: 6/9
[3 INFO main 1646002] Confirming: 7/9
[3 INFO main 1648073] Confirming: 8/9
[3 INFO main 1650226] Confirming: 9/9
[3 INFO main 1666092] Verify.Homing -> Scout.Query | Arrived home
[3 INFO main 1666410] Scout.Query -> Verify.DriveTo | Go to unverified source
[3 INFO main 1695936] Verify.DriveTo -> Verify.Homing | Homing
[3 INFO main 1720835] Confirming: 1/9
[3 INFO main 1722885] Confirming: 2/9
[3 INFO main 1724972] Confirming: 3/9
[3 INFO main 1727071] Confirming: 4/9
[3 INFO main 1729035] Confirming: 5/9
[3 INFO main 1729944] Verify.Homing -> Scout.Query | Arrived home
[3 INFO main 1731260] Confirming: 6/9
[3 INFO main 1733325] Confirming: 8/9
[3 INFO main 1735363] Confirming: 9/9
