[8 INFO main 31] Initialising Python Geth Console...
[8 INFO main 34] Initialising RandB board...
[8 INFO main 34] Initialising navigation...
[8 INFO main 34] Initialising random-walk...
[8 INFO main 34] Initialising odometry...
[8 INFO main 34] Initialising ground-sensors...
[8 INFO main 492] --//-- Starting Experiment --//--
[8 INFO main 1593] Idle.IDLE -> Scout.Query | Duration: 19.98
[8 INFO main 73489] Scout.Query -> Scout.GotoCenter | Drive to others reported pos
[8 INFO main 74392] Scout.GotoCenter -> Scout.Query | return to random walk
[8 INFO main 74490] Scout.Query -> Scout.GotoCenter | Drive to others reported pos
[8 INFO main 75488] Scout.GotoCenter -> Scout.Query | return to random walk
[8 INFO main 75591] Scout.Query -> Scout.GotoCenter | Drive to others reported pos
[8 INFO main 75688] Scout.GotoCenter -> Scout.Query | return to random walk
[8 INFO main 76593] Scout.Query -> Scout.GotoCenter | Drive to others reported pos
[8 INFO main 82192] Scout.GotoCenter -> Scout.Query | return to random walk
[8 INFO main 83099] Scout.Query -> Scout.GotoCenter | Drive to others reported pos
[8 INFO main 83197] Scout.GotoCenter -> Scout.Query | return to random walk
[8 INFO main 84199] Scout.Query -> Scout.GotoCenter | Drive to others reported pos
[8 INFO main 84300] Scout.GotoCenter -> Scout.Query | return to random walk
[8 INFO main 85201] Scout.Query -> Scout.GotoCenter | Drive to others reported pos
[8 INFO main 88004] Scout.GotoCenter -> Scout.Query | return to random walk
[8 INFO main 88307] Scout.Query -> Scout.GotoCenter | Drive to others reported pos
[8 INFO main 88405] Scout.GotoCenter -> Scout.Query | return to random walk
[8 INFO main 89308] Scout.Query -> Scout.GotoCenter | Drive to others reported pos
[8 INFO main 89407] Scout.GotoCenter -> Scout.Query | return to random walk
[8 INFO main 90411] Scout.Query -> Scout.GotoCenter | Drive to others reported pos
[8 INFO main 90508] Scout.GotoCenter -> Scout.Query | return to random walk
[8 INFO main 91413] Scout.Query -> Scout.GotoCenter | Drive to others reported pos
[8 INFO main 91508] Scout.GotoCenter -> Scout.Query | return to random walk
[8 INFO main 92515] Scout.Query -> Scout.GotoCenter | Drive to others reported pos
[8 INFO main 94008] Scout.GotoCenter -> Scout.Query | return to random walk
[8 INFO main 94618] Scout.Query -> Scout.GotoCenter | Drive to others reported pos
[8 INFO main 94712] Scout.GotoCenter -> Scout.Query | return to random walk
[8 INFO main 95618] Scout.Query -> Scout.GotoCenter | Drive to others reported pos
[8 INFO main 97014] Scout.GotoCenter -> Scout.Query | return to random walk
[8 INFO main 97718] Scout.Query -> Scout.GotoCenter | Drive to others reported pos
[8 INFO main 97814] Scout.GotoCenter -> Scout.Query | return to random walk
[8 INFO main 98820] Scout.Query -> Scout.GotoCenter | Drive to others reported pos
[8 INFO main 98920] Scout.GotoCenter -> Scout.Query | return to random walk
[8 INFO main 99822] Scout.Query -> Scout.GotoCenter | Drive to others reported pos
[8 INFO main 99921] Scout.GotoCenter -> Scout.Query | return to random walk
[8 INFO main 100823] Scout.Query -> Scout.GotoCenter | Drive to others reported pos
[8 INFO main 134354] Scout.GotoCenter -> Scout.Query | return to random walk
[8 INFO main 134566] Scout.Query -> Scout.GotoCenter | Drive to others reported pos
[8 INFO main 134962] Scout.GotoCenter -> Scout.Query | return to random walk
[8 INFO main 135666] Scout.Query -> Scout.GotoCenter | Drive to others reported pos
[8 INFO main 136667] Scout.GotoCenter -> Scout.Query | return to random walk
[8 INFO main 137668] Scout.Query -> Scout.GotoCenter | Drive to others reported pos
[8 INFO main 139966] Scout.GotoCenter -> Scout.Query | return to random walk
[8 INFO main 140874] Scout.Query -> Scout.GotoCenter | Drive to others reported pos
[8 INFO main 141069] Scout.GotoCenter -> Scout.Query | return to random walk
[8 INFO main 141971] Scout.Query -> Scout.GotoCenter | Drive to others reported pos
[8 INFO main 142771] Scout.GotoCenter -> Scout.Query | return to random walk
[8 INFO main 142974] Scout.Query -> Scout.GotoCenter | Drive to others reported pos
[8 INFO main 143575] Scout.GotoCenter -> Scout.Query | return to random walk
[8 INFO main 144075] Scout.Query -> Scout.GotoCenter | Drive to others reported pos
[8 INFO main 144576] Scout.GotoCenter -> Scout.Query | return to random walk
[8 INFO main 145076] Scout.Query -> Scout.GotoCenter | Drive to others reported pos
[8 INFO main 145274] Scout.GotoCenter -> Scout.Query | return to random walk
[8 INFO main 146170] Scout.Query -> Scout.GotoCenter | Drive to others reported pos
[8 INFO main 148178] Scout.GotoCenter -> Scout.Query | return to random walk
[8 INFO main 148278] Scout.Query -> Scout.GotoCenter | Drive to others reported pos
[8 INFO main 165699] Scout.GotoCenter -> Scout.Query | return to random walk
[8 INFO main 165905] Scout.Query -> Scout.GotoCenter | Drive to others reported pos
[8 INFO main 166001] Scout.GotoCenter -> Scout.Query | return to random walk
[8 INFO main 166996] Scout.Query -> Scout.GotoCenter | Drive to others reported pos
[8 INFO main 167097] Scout.GotoCenter -> Scout.Query | return to random walk
[8 INFO main 167997] Scout.Query -> Scout.GotoCenter | Drive to others reported pos
[8 INFO main 168797] Scout.GotoCenter -> Scout.Query | return to random walk
[8 INFO main 168998] Scout.Query -> Scout.GotoCenter | Drive to others reported pos
[8 INFO main 169098] Scout.GotoCenter -> Scout.Query | return to random walk
[8 INFO main 169999] Scout.Query -> Scout.GotoCenter | Drive to others reported pos
[8 INFO main 170099] Scout.GotoCenter -> Scout.Query | return to random walk
[8 INFO main 171000] Scout.Query -> Scout.GotoCenter | Drive to others reported pos
[8 INFO main 171104] Scout.GotoCenter -> Scout.Query | return to random walk
[8 INFO main 172000] Scout.Query -> Scout.GotoCenter | Drive to others reported pos
[8 INFO main 173601] Scout.GotoCenter -> Scout.Query | return to random walk
[8 INFO main 174002] Scout.Query -> Scout.GotoCenter | Drive to others reported pos
[8 INFO main 174101] Scout.GotoCenter -> Scout.Query | return to random walk
[8 INFO main 175004] Scout.Query -> Scout.GotoCenter | Drive to others reported pos
[8 INFO main 175102] Scout.GotoCenter -> Scout.Query | return to random walk
[8 INFO main 176105] Scout.Query -> Scout.GotoCenter | Drive to others reported pos
[8 INFO main 176203] Scout.GotoCenter -> Scout.Query | return to random walk
[8 INFO main 177106] Scout.Query -> Scout.GotoCenter | Drive to others reported pos
[8 INFO main 177204] Scout.GotoCenter -> Scout.Query | return to random walk
[8 INFO main 178206] Scout.Query -> Scout.GotoCenter | Drive to others reported pos
[8 INFO main 178304] Scout.GotoCenter -> Scout.Query | return to random walk
[8 INFO main 179207] Scout.Query -> Scout.GotoCenter | Drive to others reported pos
[8 INFO main 181213] Scout.GotoCenter -> Scout.Query | return to random walk
[8 INFO main 181319] Scout.Query -> Scout.GotoCenter | Drive to others reported pos
[8 INFO main 181412] Scout.GotoCenter -> Scout.Query | return to random walk
[8 INFO main 182421] Scout.Query -> Scout.GotoCenter | Drive to others reported pos
[8 INFO main 182515] Scout.GotoCenter -> Scout.Query | return to random walk
[8 INFO main 183523] Scout.Query -> Scout.GotoCenter | Drive to others reported pos
[8 INFO main 184618] Scout.GotoCenter -> Scout.Query | return to random walk
[8 INFO main 185526] Scout.Query -> Scout.GotoCenter | Drive to others reported pos
[8 INFO main 186219] Scout.GotoCenter -> Scout.Query | return to random walk
[8 INFO main 186527] Scout.Query -> Scout.GotoCenter | Drive to others reported pos
[8 INFO main 187721] Scout.GotoCenter -> Scout.Query | return to random walk
[8 INFO main 188729] Scout.Query -> Scout.GotoCenter | Drive to others reported pos
[8 INFO main 188924] Scout.GotoCenter -> Scout.Query | return to random walk
[8 INFO main 189731] Scout.Query -> Scout.GotoCenter | Drive to others reported pos
[8 INFO main 189818] Scout.GotoCenter -> Scout.Query | return to random walk
[8 INFO main 190732] Scout.Query -> Scout.GotoCenter | Drive to others reported pos
[8 INFO main 191929] Scout.GotoCenter -> Scout.Query | return to random walk
[8 INFO main 192834] Scout.Query -> Scout.GotoCenter | Drive to others reported pos
[8 INFO main 193630] Scout.GotoCenter -> Scout.Query | return to random walk
[8 INFO main 193936] Scout.Query -> Scout.GotoCenter | Drive to others reported pos
[8 INFO main 196138] Scout.GotoCenter -> Scout.Query | return to random walk
[8 INFO main 197240] Scout.Query -> Scout.GotoCenter | Drive to others reported pos
[8 INFO main 197338] Scout.GotoCenter -> Scout.Query | return to random walk
[8 INFO main 198345] Scout.Query -> Scout.GotoCenter | Drive to others reported pos
[8 INFO main 199538] Scout.GotoCenter -> Scout.Query | return to random walk
[8 INFO main 200439] Scout.Query -> Scout.GotoCenter | Drive to others reported pos
[8 INFO main 201639] Scout.GotoCenter -> Scout.Query | return to random walk
[8 INFO main 202446] Scout.Query -> Scout.GotoCenter | Drive to others reported pos
[8 INFO main 202541] Scout.GotoCenter -> Scout.Query | return to random walk
[8 INFO main 203549] Scout.Query -> Scout.GotoCenter | Drive to others reported pos
[8 INFO main 204546] Scout.GotoCenter -> Scout.Query | return to random walk
[8 INFO main 204647] Scout.Query -> Scout.GotoCenter | Drive to others reported pos
[8 INFO main 205750] Scout.GotoCenter -> Scout.Query | return to random walk
[8 INFO main 206754] Scout.Query -> Scout.GotoCenter | Drive to others reported pos
[8 INFO main 206846] Scout.GotoCenter -> Scout.Query | return to random walk
[8 INFO main 207852] Scout.Query -> Scout.GotoCenter | Drive to others reported pos
[8 INFO main 208648] Scout.GotoCenter -> Scout.Query | return to random walk
[8 INFO main 208954] Scout.Query -> Scout.GotoCenter | Drive to others reported pos
[8 INFO main 210750] Scout.GotoCenter -> Scout.Query | return to random walk
[8 INFO main 210956] Scout.Query -> Scout.GotoCenter | Drive to others reported pos
[8 INFO main 211151] Scout.GotoCenter -> Scout.Query | return to random walk
[8 INFO main 212062] Scout.Query -> Scout.GotoCenter | Drive to others reported pos
[8 INFO main 213854] Scout.GotoCenter -> Scout.Query | return to random walk
[8 INFO main 214158] Scout.Query -> Scout.GotoCenter | Drive to others reported pos
[8 INFO main 214354] Scout.GotoCenter -> Scout.Query | return to random walk
[8 INFO main 215265] Scout.Query -> Scout.GotoCenter | Drive to others reported pos
[8 INFO main 215355] Scout.GotoCenter -> Scout.Query | return to random walk
[8 INFO main 216360] Scout.Query -> Scout.GotoCenter | Drive to others reported pos
[8 INFO main 216954] Scout.GotoCenter -> Scout.Query | return to random walk
[8 INFO main 217367] Scout.Query -> Scout.GotoCenter | Drive to others reported pos
[8 INFO main 218059] Scout.GotoCenter -> Scout.Query | return to random walk
[8 INFO main 218368] Scout.Query -> Scout.GotoCenter | Drive to others reported pos
[8 INFO main 219367] Scout.GotoCenter -> Scout.Query | return to random walk
[8 INFO main 219464] Scout.Query -> Scout.GotoCenter | Drive to others reported pos
[8 INFO main 219661] Scout.GotoCenter -> Scout.Query | return to random walk
[8 INFO main 220469] Scout.Query -> Scout.GotoCenter | Drive to others reported pos
[8 INFO main 222767] Scout.GotoCenter -> Scout.Query | return to random walk
[8 INFO main 223670] Scout.Query -> Scout.GotoCenter | Drive to others reported pos
[8 INFO main 224569] Scout.GotoCenter -> Scout.Query | return to random walk
[8 INFO main 224773] Scout.Query -> Scout.GotoCenter | Drive to others reported pos
[8 INFO main 227878] Scout.GotoCenter -> Scout.Query | return to random walk
[8 INFO main 228980] Scout.Query -> Scout.GotoCenter | Drive to others reported pos
[8 INFO main 229273] Scout.GotoCenter -> Scout.Query | return to random walk
[8 INFO main 229981] Scout.Query -> Scout.GotoCenter | Drive to others reported pos
[8 INFO main 231179] Scout.GotoCenter -> Scout.Query | return to random walk
[8 INFO main 232079] Scout.Query -> Scout.GotoCenter | Drive to others reported pos
[8 INFO main 232481] Scout.GotoCenter -> Scout.Query | return to random walk
[8 INFO main 233181] Scout.Query -> Scout.GotoCenter | Drive to others reported pos
[8 INFO main 234079] Scout.GotoCenter -> Scout.Query | return to random walk
[8 INFO main 234184] Scout.Query -> Scout.GotoCenter | Drive to others reported pos
[8 INFO main 234280] Scout.GotoCenter -> Scout.Query | return to random walk
[8 INFO main 235185] Scout.Query -> Scout.GotoCenter | Drive to others reported pos
[8 INFO main 235781] Scout.GotoCenter -> Scout.Query | return to random walk
[8 INFO main 236189] Scout.Query -> Scout.GotoCenter | Drive to others reported pos
[8 INFO main 236689] Scout.GotoCenter -> Scout.Query | return to random walk
[8 INFO main 237191] Scout.Query -> Scout.GotoCenter | Drive to others reported pos
[8 INFO main 238083] Scout.GotoCenter -> Scout.Query | return to random walk
[8 INFO main 238290] Scout.Query -> Scout.GotoCenter | Drive to others reported pos
[8 INFO main 241397] Scout.GotoCenter -> Scout.Query | return to random walk
[8 INFO main 242496] Scout.Query -> Scout.GotoCenter | Drive to others reported pos
[8 INFO main 243499] Scout.GotoCenter -> Scout.Query | return to random walk
[8 INFO main 244502] Scout.Query -> Scout.GotoCenter | Drive to others reported pos
[8 INFO main 244694] Scout.GotoCenter -> Scout.Query | return to random walk
[8 INFO main 245596] Scout.Query -> Scout.GotoCenter | Drive to others reported pos
[8 INFO main 246704] Scout.GotoCenter -> Scout.Query | return to random walk
[8 INFO main 247802] Scout.Query -> Scout.GotoCenter | Drive to others reported pos
[8 INFO main 247996] Scout.GotoCenter -> Scout.Query | return to random walk
[8 INFO main 248807] Scout.Query -> Scout.GotoCenter | Drive to others reported pos
[8 INFO main 250002] Scout.GotoCenter -> Scout.Query | return to random walk
[8 INFO main 250904] Scout.Query -> Scout.GotoCenter | Drive to others reported pos
[8 INFO main 251101] Scout.GotoCenter -> Scout.Query | return to random walk
[8 INFO main 252007] Scout.Query -> Scout.GotoCenter | Drive to others reported pos
[8 INFO main 254606] Scout.GotoCenter -> Scout.Query | return to random walk
[8 INFO main 255309] Scout.Query -> Scout.GotoCenter | Drive to others reported pos
[8 INFO main 256009] Scout.GotoCenter -> Scout.Query | return to random walk
[8 INFO main 256412] Scout.Query -> Scout.GotoCenter | Drive to others reported pos
[8 INFO main 257110] Scout.GotoCenter -> Scout.Query | return to random walk
[8 INFO main 257414] Scout.Query -> Scout.GotoCenter | Drive to others reported pos
[8 INFO main 258806] Scout.GotoCenter -> Scout.Query | return to random walk
[8 INFO main 259514] Scout.Query -> Scout.GotoCenter | Drive to others reported pos
[8 INFO main 261013] Scout.GotoCenter -> Scout.Query | return to random walk
[8 INFO main 261616] Scout.Query -> Scout.GotoCenter | Drive to others reported pos
[8 INFO main 262417] Scout.GotoCenter -> Scout.Query | return to random walk
[8 INFO main 262617] Scout.Query -> Scout.GotoCenter | Drive to others reported pos
[8 INFO main 264618] Scout.GotoCenter -> Scout.Query | return to random walk
[8 INFO main 265620] Scout.Query -> Scout.GotoCenter | Drive to others reported pos
[8 INFO main 266720] Scout.GotoCenter -> Scout.Query | return to random walk
[8 INFO main 267722] Scout.Query -> Scout.GotoCenter | Drive to others reported pos
[8 INFO main 268322] Scout.GotoCenter -> Scout.Query | return to random walk
[8 INFO main 268724] Scout.Query -> Scout.GotoCenter | Drive to others reported pos
[8 INFO main 269323] Scout.GotoCenter -> Scout.Query | return to random walk
[8 INFO main 269726] Scout.Query -> Scout.GotoCenter | Drive to others reported pos
[8 INFO main 270224] Scout.GotoCenter -> Scout.Query | return to random walk
[8 INFO main 270726] Scout.Query -> Scout.GotoCenter | Drive to others reported pos
[8 INFO main 272733] Scout.GotoCenter -> Scout.Query | return to random walk
[8 INFO main 272831] Scout.Query -> Scout.GotoCenter | Drive to others reported pos
[8 INFO main 275234] Scout.GotoCenter -> Scout.Query | return to random walk
[8 INFO main 275930] Scout.Query -> Scout.GotoCenter | Drive to others reported pos
[8 INFO main 276937] Scout.GotoCenter -> Scout.Query | return to random walk
[8 INFO main 278035] Scout.Query -> Scout.GotoCenter | Drive to others reported pos
[8 INFO main 278536] Scout.GotoCenter -> Scout.Query | return to random walk
[8 INFO main 279038] Scout.Query -> Scout.GotoCenter | Drive to others reported pos
[8 INFO main 282340] Scout.GotoCenter -> Scout.Query | return to random walk
[8 INFO main 283146] Scout.Query -> Scout.GotoCenter | Drive to others reported pos
[8 INFO main 283242] Scout.GotoCenter -> Scout.Query | return to random walk
[8 INFO main 284148] Scout.Query -> Scout.GotoCenter | Drive to others reported pos
[8 INFO main 285249] Scout.GotoCenter -> Scout.Query | return to random walk
[8 INFO main 286252] Scout.Query -> Scout.GotoCenter | Drive to others reported pos
[8 INFO main 286950] Scout.GotoCenter -> Scout.Query | return to random walk
[8 INFO main 287254] Scout.Query -> Scout.GotoCenter | Drive to others reported pos
[8 INFO main 287546] Scout.GotoCenter -> Scout.Query | return to random walk
[8 INFO main 288353] Scout.Query -> Scout.GotoCenter | Drive to others reported pos
[8 INFO main 289149] Scout.GotoCenter -> Scout.Query | return to random walk
[8 INFO main 289458] Scout.Query -> Scout.GotoCenter | Drive to others reported pos
[8 INFO main 290251] Scout.GotoCenter -> Scout.Query | return to random walk
[8 INFO main 290557] Scout.Query -> Scout.GotoCenter | Drive to others reported pos
[8 INFO main 290650] Scout.GotoCenter -> Scout.Query | return to random walk
[8 INFO main 291559] Scout.Query -> Scout.GotoCenter | Drive to others reported pos
[8 INFO main 291651] Scout.GotoCenter -> Scout.Query | return to random walk
[8 INFO main 292561] Scout.Query -> Scout.GotoCenter | Drive to others reported pos
[8 INFO main 293455] Scout.GotoCenter -> Scout.Query | return to random walk
[8 INFO main 293562] Scout.Query -> Scout.GotoCenter | Drive to others reported pos
[8 INFO main 296160] Scout.GotoCenter -> Scout.Query | return to random walk
[8 INFO main 296759] Scout.Query -> Scout.GotoCenter | Drive to others reported pos
[8 INFO main 297260] Scout.GotoCenter -> Scout.Query | return to random walk
[8 INFO main 297761] Scout.Query -> Scout.GotoCenter | Drive to others reported pos
[8 INFO main 298566] Scout.GotoCenter -> Scout.Query | return to random walk
[8 INFO main 298762] Scout.Query -> Scout.GotoCenter | Drive to others reported pos
[8 INFO main 302966] Scout.GotoCenter -> Scout.Query | return to random walk
[8 INFO main 303861] Scout.Query -> Scout.GotoCenter | Drive to others reported pos
[8 INFO main 304368] Scout.GotoCenter -> Scout.Query | return to random walk
[8 INFO main 304867] Scout.Query -> Scout.GotoCenter | Drive to others reported pos
[8 INFO main 305971] Scout.GotoCenter -> Scout.Query | return to random walk
[8 INFO main 306876] Scout.Query -> Scout.GotoCenter | Drive to others reported pos
[8 INFO main 307070] Scout.GotoCenter -> Scout.Query | return to random walk
[8 INFO main 307975] Scout.Query -> Scout.GotoCenter | Drive to others reported pos
[8 INFO main 308072] Scout.GotoCenter -> Scout.Query | return to random walk
[8 INFO main 309074] Scout.Query -> Scout.GotoCenter | Drive to others reported pos
[8 INFO main 309275] Scout.GotoCenter -> Scout.Query | return to random walk
[8 INFO main 310077] Scout.Query -> Scout.GotoCenter | Drive to others reported pos
[8 INFO main 312277] Scout.GotoCenter -> Scout.Query | return to random walk
[8 INFO main 313181] Scout.Query -> Scout.GotoCenter | Drive to others reported pos
[8 INFO main 313381] Scout.GotoCenter -> Scout.Query | return to random walk
