[9 INFO main 29] Initialising Python Geth Console...
[9 INFO main 33] Initialising RandB board...
[9 INFO main 33] Initialising navigation...
[9 INFO main 33] Initialising random-walk...
[9 INFO main 33] Initialising odometry...
[9 INFO main 33] Initialising ground-sensors...
[9 INFO main 550] --//-- Starting Experiment --//--
[9 INFO main 1649] Idle.IDLE -> Scout.Query | Duration: 18.78
[9 INFO main 72913] Confirming: 1/8
[9 INFO main 75082] Confirming: 2/8
[9 INFO main 77134] Confirming: 4/8
[9 INFO main 79163] Confirming: 5/8
[9 INFO main 81207] Confirming: 6/8
[9 INFO main 83258] Confirming: 7/8
[9 INFO main 85334] Confirming: 8/8
[9 INFO main 87029] Scout.Query -> Scout.GotoCenter | Drive to others reported pos
[9 INFO main 113023] Scout.GotoCenter -> Scout.Query | return to random walk
[9 INFO main 131495] Confirming: 1/8
[9 INFO main 133501] Confirming: 2/8
[9 INFO main 135511] Confirming: 3/8
[9 INFO main 137619] Confirming: 4/8
[9 INFO main 139707] Confirming: 5/8
[9 INFO main 141783] Confirming: 6/8
[9 INFO main 143834] Confirming: 7/8
[9 INFO main 145847] Confirming: 8/8
[9 INFO main 4463121] Scout.Query -> Scout.GotoCenter | Drive to others reported pos
[9 INFO main 4484437] Scout.GotoCenter -> Scout.Query | return to random walk
[9 INFO main 4500997] Confirming: 1/8
[9 INFO main 4503059] Confirming: 2/8
[9 INFO main 4505145] Confirming: 3/8
[9 INFO main 4507234] Confirming: 4/8
[9 INFO main 4509275] Confirming: 5/8
[9 INFO main 4511343] Confirming: 6/8
[9 INFO main 4513395] Confirming: 7/8
[9 INFO main 4515409] Confirming: 8/8
[9 INFO main 4720125] Scout.Query -> Scout.GotoCenter | Drive to others reported pos
[9 INFO main 4743770] Scout.GotoCenter -> Scout.Query | return to random walk
[9 INFO main 4772507] Confirming: 1/8
[9 INFO main 4774526] Confirming: 2/8
[9 INFO main 4776547] Confirming: 3/8
[9 INFO main 4778639] Confirming: 4/8
[9 INFO main 4780685] Confirming: 5/8
[9 INFO main 4782727] Confirming: 6/8
[9 INFO main 4784798] Confirming: 7/8
[9 INFO main 4786968] Confirming: 8/8
[9 INFO main 4789644] Scout.Query -> Scout.GotoCenter | Drive to others reported pos
[9 INFO main 4857827] Scout.GotoCenter -> Scout.Query | return to random walk
[9 INFO main 4890707] Confirming: 1/8
[9 INFO main 4892707] Confirming: 2/8
[9 INFO main 4894755] Confirming: 3/8
[9 INFO main 4896827] Confirming: 4/8
[9 INFO main 4898886] Confirming: 5/8
[9 INFO main 4900901] Confirming: 6/8
[9 INFO main 4902959] Confirming: 7/8
[9 INFO main 4905019] Confirming: 8/8
[9 INFO main 5108042] Scout.Query -> Scout.GotoCenter | Drive to others reported pos
[9 INFO main 5286056] Scout.GotoCenter -> Scout.Query | return to random walk
[9 INFO main 5302575] Confirming: 1/8
[9 INFO main 5304589] Confirming: 2/8
[9 INFO main 5306618] Confirming: 3/8
[9 INFO main 5308699] Confirming: 4/8
[9 INFO main 5310755] Confirming: 5/8
[9 INFO main 5312834] Confirming: 6/8
[9 INFO main 5314902] Confirming: 7/8
[9 INFO main 5316975] Confirming: 8/8
[9 INFO main 5321552] Scout.Query -> Scout.GotoCenter | Drive to others reported pos
[9 INFO main 5368103] Scout.GotoCenter -> Scout.Query | return to random walk
[9 INFO main 5392807] Confirming: 1/8
[9 INFO main 5394811] Confirming: 2/8
[9 INFO main 5396855] Confirming: 3/8
[9 INFO main 5398870] Confirming: 4/8
[9 INFO main 5400955] Confirming: 5/8
[9 INFO main 5403037] Confirming: 6/8
[9 INFO main 5405082] Confirming: 7/8
[9 INFO main 5407103] Confirming: 8/8
[9 INFO main 5408712] Scout.Query -> Scout.GotoCenter | Drive to others reported pos
[9 INFO main 5516358] Scout.GotoCenter -> Scout.Query | return to random walk
[9 INFO main 5536900] Confirming: 1/8
[9 INFO main 5538972] Confirming: 2/8
[9 INFO main 5541023] Confirming: 3/8
[9 INFO main 5543055] Confirming: 5/8
[9 INFO main 5547239] Confirming: 7/8
[9 INFO main 5549295] Confirming: 8/8
