[INFO main 80] Initialising peer buffer...
[INFO main 80] Initialising resource buffer...
[INFO main 80] Initialising TCP server...
[INFO main 80] Initialising RandB board...
[INFO main 80] Initialising ground-sensors...
[INFO main 80] Initialising random-walk...
[INFO main 505] --//-- Starting Experiment --//--
[INFO main 613] Added resource: {"x": -0.22, "y": 0.4, "radius": 0.05, "quantity": 1, "quality": "red", "timeStamp": 0}
[INFO main 47961] Added resource: {"x": -0.63, "y": 0.15, "radius": 0.06, "quantity": 1, "quality": "green", "timeStamp": 0}
[INFO main 54367] Added resource: {"x": -0.69, "y": 0.45, "radius": 0.04, "quantity": 1, "quality": "blue", "timeStamp": 0}
[INFO main 105530] Added resource: {"x": -0.39, "y": 0.17, "radius": 0.06, "quantity": 1, "quality": "red", "timeStamp": 0}
[INFO main 138768] Added resource: {"x": 0.57, "y": 0.62, "radius": 0.05, "quantity": 1, "quality": "red", "timeStamp": 0}
[INFO main 158892] Added resource: {"x": 0.46, "y": 0.27, "radius": 0.05, "quantity": 1, "quality": "green", "timeStamp": 0}
[INFO main 231479] Removed resource: {"x": -0.69, "y": 0.45, "radius": 0.04, "quantity": 1, "quality": "blue", "timeStamp": 0}
[INFO main 268519] Added resource: {"x": 0.14, "y": -0.89, "radius": 0.05, "quantity": 1, "quality": "blue", "timeStamp": 0}
[INFO main 304161] Removed resource: {"x": 0.14, "y": -0.89, "radius": 0.05, "quantity": 1, "quality": "blue", "timeStamp": 0}
[INFO main 329391] Added resource: {"x": 0.56, "y": -0.42, "radius": 0.05, "quantity": 1, "quality": "yellow", "timeStamp": 0}
[INFO main 348112] Removed resource: {"x": 0.56, "y": -0.42, "radius": 0.05, "quantity": 1, "quality": "yellow", "timeStamp": 0}
[INFO main 357723] Added resource: {"x": 0.96, "y": -0.65, "radius": 0.04, "quantity": 1, "quality": "yellow", "timeStamp": 0}
[INFO main 364830] Added resource: {"x": 0.79, "y": -0.46, "radius": 0.05, "quantity": 1, "quality": "green", "timeStamp": 0}
[INFO main 445322] Removed resource: {"x": 0.96, "y": -0.65, "radius": 0.04, "quantity": 1, "quality": "yellow", "timeStamp": 0}
[INFO main 459737] Added resource: {"x": 0.93, "y": -0.98, "radius": 0.04, "quantity": 1, "quality": "yellow", "timeStamp": 0}
[INFO main 539229] Added resource: {"x": 0.23, "y": -0.4, "radius": 0.05, "quantity": 1, "quality": "blue", "timeStamp": 0}
[INFO main 583291] Removed resource: {"x": 0.93, "y": -0.98, "radius": 0.04, "quantity": 1, "quality": "yellow", "timeStamp": 0}
[INFO main 588788] Added resource: {"x": 1.08, "y": -0.96, "radius": 0.05, "quantity": 1, "quality": "yellow", "timeStamp": 0}
