[13 INFO main 30] Initialising Python Geth Console...
[13 INFO main 33] Initialising RandB board...
[13 INFO main 34] Initialising navigation...
[13 INFO main 34] Initialising random-walk...
[13 INFO main 34] Initialising odometry...
[13 INFO main 34] Initialising ground-sensors...
[13 INFO main 146] --//-- Starting Experiment --//--
[13 INFO main 1240] Idle.IDLE -> Scout.Query | Duration: 22.43
[13 INFO main 16670] Scout.Query -> Scout.GotoCenter | Drive to others reported pos
[13 INFO main 17268] Scout.GotoCenter -> Scout.Query | return to random walk
[13 INFO main 17672] Scout.Query -> Scout.GotoCenter | Drive to others reported pos
[13 INFO main 18470] Scout.GotoCenter -> Scout.Query | return to random walk
[13 INFO main 18674] Scout.Query -> Scout.GotoCenter | Drive to others reported pos
[13 INFO main 19572] Scout.GotoCenter -> Scout.Query | return to random walk
[13 INFO main 19681] Scout.Query -> Scout.GotoCenter | Drive to others reported pos
[13 INFO main 22783] Scout.GotoCenter -> Scout.Query | return to random walk
[13 INFO main 22881] Scout.Query -> Scout.GotoCenter | Drive to others reported pos
[13 INFO main 24077] Scout.GotoCenter -> Scout.Query | return to random walk
[13 INFO main 24981] Scout.Query -> Scout.GotoCenter | Drive to others reported pos
[13 INFO main 25178] Scout.GotoCenter -> Scout.Query | return to random walk
[13 INFO main 25982] Scout.Query -> Scout.GotoCenter | Drive to others reported pos
[13 INFO main 26482] Scout.GotoCenter -> Scout.Query | return to random walk
[13 INFO main 26993] Scout.Query -> Scout.GotoCenter | Drive to others reported pos
[13 INFO main 28494] Scout.GotoCenter -> Scout.Query | return to random walk
[13 INFO main 29092] Scout.Query -> Scout.GotoCenter | Drive to others reported pos
[13 INFO main 34996] Scout.GotoCenter -> Scout.Query | return to random walk
[13 INFO main 35298] Scout.Query -> Scout.GotoCenter | Drive to others reported pos
[13 INFO main 38796] Scout.GotoCenter -> Scout.Query | return to random walk
[13 INFO main 39602] Scout.Query -> Scout.GotoCenter | Drive to others reported pos
[13 INFO main 39899] Scout.GotoCenter -> Scout.Query | return to random walk
