[INFO main 27] Initialising peer buffer...
[INFO main 27] Initialising resource buffer...
[INFO main 27] Initialising TCP server...
[INFO main 27] Initialising RandB board...
[INFO main 27] Initialising ground-sensors...
[INFO main 27] Initialising random-walk...
[INFO main 278] --//-- Starting Experiment --//--
[INFO main 387] Added resource: {"x": -0.54, "y": -0.35, "radius": 0.05, "quantity": 1, "quality": "green", "timeStamp": 0}
[INFO main 45334] Removed resource: {"x": -0.54, "y": -0.35, "radius": 0.05, "quantity": 1, "quality": "green", "timeStamp": 0}
[INFO main 129337] Added resource: {"x": 0.38, "y": 0.47, "radius": 0.05, "quantity": 1, "quality": "red", "timeStamp": 0}
[INFO main 142855] Added resource: {"x": 0.29, "y": 0.32, "radius": 0.06, "quantity": 1, "quality": "green", "timeStamp": 0}
[INFO main 152366] Removed resource: {"x": 0.29, "y": 0.32, "radius": 0.06, "quantity": 1, "quality": "green", "timeStamp": 0}
[INFO main 209039] Added resource: {"x": 1.06, "y": -0.62, "radius": 0.05, "quantity": 1, "quality": "red", "timeStamp": 0}
[INFO main 278729] Added resource: {"x": 1.13, "y": -0.93, "radius": 0.05, "quantity": 1, "quality": "blue", "timeStamp": 0}
[INFO main 308263] Added resource: {"x": 0.38, "y": -0.15, "radius": 0.05, "quantity": 1, "quality": "red", "timeStamp": 0}
[INFO main 339504] Added resource: {"x": 0.61, "y": -0.33, "radius": 0.05, "quantity": 1, "quality": "blue", "timeStamp": 0}
[INFO main 359627] Removed resource: {"x": 0.61, "y": -0.33, "radius": 0.05, "quantity": 1, "quality": "blue", "timeStamp": 0}
[INFO main 404085] Removed resource: {"x": 1.13, "y": -0.93, "radius": 0.05, "quantity": 1, "quality": "blue", "timeStamp": 0}
[INFO main 419004] Added resource: {"x": 0.67, "y": -1.07, "radius": 0.05, "quantity": 1, "quality": "blue", "timeStamp": 0}
[INFO main 479675] Removed resource: {"x": 0.67, "y": -1.07, "radius": 0.05, "quantity": 1, "quality": "blue", "timeStamp": 0}
[INFO main 559673] Added resource: {"x": 1.24, "y": -0.07, "radius": 0.05, "quantity": 1, "quality": "green", "timeStamp": 0}
