[4 INFO main 30] Initialising Python Geth Console...
[4 INFO main 33] Initialising RandB board...
[4 INFO main 33] Initialising navigation...
[4 INFO main 33] Initialising random-walk...
[4 INFO main 34] Initialising odometry...
[4 INFO main 34] Initialising ground-sensors...
[4 INFO main 687] --//-- Starting Experiment --//--
[4 INFO main 1788] Idle.IDLE -> Scout.Query | Duration: 20.65
[4 INFO main 81490] Scout.Query -> Scout.GotoCenter | Drive to others reported pos
[4 INFO main 101914] Scout.GotoCenter -> Scout.Query | return to random walk
[4 INFO main 102616] Scout.Query -> Scout.GotoCenter | Drive to others reported pos
[4 INFO main 103617] Scout.GotoCenter -> Scout.Query | return to random walk
[4 INFO main 104619] Scout.Query -> Scout.GotoCenter | Drive to others reported pos
[4 INFO main 106526] Scout.GotoCenter -> Scout.Query | return to random walk
[4 INFO main 106621] Scout.Query -> Scout.GotoCenter | Drive to others reported pos
[4 INFO main 106821] Scout.GotoCenter -> Scout.Query | return to random walk
[4 INFO main 107626] Scout.Query -> Scout.GotoCenter | Drive to others reported pos
[4 INFO main 107723] Scout.GotoCenter -> Scout.Query | return to random walk
[4 INFO main 108725] Scout.Query -> Scout.GotoCenter | Drive to others reported pos
[4 INFO main 108820] Scout.GotoCenter -> Scout.Query | return to random walk
[4 INFO main 109728] Scout.Query -> Scout.GotoCenter | Drive to others reported pos
[4 INFO main 112624] Scout.GotoCenter -> Scout.Query | return to random walk
[4 INFO main 112930] Scout.Query -> Scout.GotoCenter | Drive to others reported pos
[4 INFO main 113229] Scout.GotoCenter -> Scout.Query | return to random walk
[4 INFO main 114030] Scout.Query -> Scout.GotoCenter | Drive to others reported pos
[4 INFO main 114532] Scout.GotoCenter -> Scout.Query | return to random walk
[4 INFO main 115031] Scout.Query -> Scout.GotoCenter | Drive to others reported pos
[4 INFO main 116933] Scout.GotoCenter -> Scout.Query | return to random walk
[4 INFO main 117035] Scout.Query -> Scout.GotoCenter | Drive to others reported pos
[4 INFO main 117333] Scout.GotoCenter -> Scout.Query | return to random walk
[4 INFO main 118137] Scout.Query -> Scout.GotoCenter | Drive to others reported pos
[4 INFO main 119736] Scout.GotoCenter -> Scout.Query | return to random walk
[4 INFO main 120140] Scout.Query -> Scout.GotoCenter | Drive to others reported pos
[4 INFO main 121037] Scout.GotoCenter -> Scout.Query | return to random walk
[4 INFO main 121240] Scout.Query -> Scout.GotoCenter | Drive to others reported pos
[4 INFO main 121639] Scout.GotoCenter -> Scout.Query | return to random walk
[4 INFO main 122242] Scout.Query -> Scout.GotoCenter | Drive to others reported pos
[4 INFO main 123142] Scout.GotoCenter -> Scout.Query | return to random walk
[4 INFO main 123340] Scout.Query -> Scout.GotoCenter | Drive to others reported pos
[4 INFO main 123540] Scout.GotoCenter -> Scout.Query | return to random walk
[4 INFO main 124341] Scout.Query -> Scout.GotoCenter | Drive to others reported pos
[4 INFO main 124744] Scout.GotoCenter -> Scout.Query | return to random walk
[4 INFO main 125439] Scout.Query -> Scout.GotoCenter | Drive to others reported pos
[4 INFO main 125843] Scout.GotoCenter -> Scout.Query | return to random walk
[4 INFO main 126444] Scout.Query -> Scout.GotoCenter | Drive to others reported pos
[4 INFO main 127241] Scout.GotoCenter -> Scout.Query | return to random walk
[4 INFO main 127445] Scout.Query -> Scout.GotoCenter | Drive to others reported pos
[4 INFO main 128245] Scout.GotoCenter -> Scout.Query | return to random walk
[4 INFO main 128445] Scout.Query -> Scout.GotoCenter | Drive to others reported pos
[4 INFO main 129650] Scout.GotoCenter -> Scout.Query | return to random walk
[4 INFO main 130450] Scout.Query -> Scout.GotoCenter | Drive to others reported pos
[4 INFO main 131750] Scout.GotoCenter -> Scout.Query | return to random walk
[4 INFO main 132554] Scout.Query -> Scout.GotoCenter | Drive to others reported pos
[4 INFO main 134057] Scout.GotoCenter -> Scout.Query | return to random walk
[4 INFO main 134558] Scout.Query -> Scout.GotoCenter | Drive to others reported pos
[4 INFO main 134954] Scout.GotoCenter -> Scout.Query | return to random walk
[4 INFO main 135657] Scout.Query -> Scout.GotoCenter | Drive to others reported pos
[4 INFO main 136458] Scout.GotoCenter -> Scout.Query | return to random walk
[4 INFO main 136659] Scout.Query -> Scout.GotoCenter | Drive to others reported pos
[4 INFO main 138462] Scout.GotoCenter -> Scout.Query | return to random walk
[4 INFO main 138760] Scout.Query -> Scout.GotoCenter | Drive to others reported pos
[4 INFO main 139561] Scout.GotoCenter -> Scout.Query | return to random walk
[4 INFO main 139762] Scout.Query -> Scout.GotoCenter | Drive to others reported pos
[4 INFO main 141264] Scout.GotoCenter -> Scout.Query | return to random walk
[4 INFO main 141764] Scout.Query -> Scout.GotoCenter | Drive to others reported pos
[4 INFO main 142363] Scout.GotoCenter -> Scout.Query | return to random walk
[4 INFO main 142766] Scout.Query -> Scout.GotoCenter | Drive to others reported pos
[4 INFO main 144167] Scout.GotoCenter -> Scout.Query | return to random walk
[4 INFO main 144768] Scout.Query -> Scout.GotoCenter | Drive to others reported pos
[4 INFO main 144866] Scout.GotoCenter -> Scout.Query | return to random walk
[4 INFO main 145769] Scout.Query -> Scout.GotoCenter | Drive to others reported pos
[4 INFO main 145868] Scout.GotoCenter -> Scout.Query | return to random walk
[4 INFO main 146771] Scout.Query -> Scout.GotoCenter | Drive to others reported pos
[4 INFO main 147571] Scout.GotoCenter -> Scout.Query | return to random walk
[4 INFO main 147772] Scout.Query -> Scout.GotoCenter | Drive to others reported pos
[4 INFO main 148073] Scout.GotoCenter -> Scout.Query | return to random walk
[4 INFO main 148773] Scout.Query -> Scout.GotoCenter | Drive to others reported pos
[4 INFO main 149174] Scout.GotoCenter -> Scout.Query | return to random walk
[4 INFO main 149775] Scout.Query -> Scout.GotoCenter | Drive to others reported pos
[4 INFO main 152277] Scout.GotoCenter -> Scout.Query | return to random walk
[4 INFO main 152778] Scout.Query -> Scout.GotoCenter | Drive to others reported pos
[4 INFO main 153580] Scout.GotoCenter -> Scout.Query | return to random walk
[4 INFO main 153779] Scout.Query -> Scout.GotoCenter | Drive to others reported pos
[4 INFO main 156083] Scout.GotoCenter -> Scout.Query | return to random walk
[4 INFO main 156784] Scout.Query -> Scout.GotoCenter | Drive to others reported pos
[4 INFO main 156983] Scout.GotoCenter -> Scout.Query | return to random walk
[4 INFO main 157785] Scout.Query -> Scout.GotoCenter | Drive to others reported pos
[4 INFO main 158786] Scout.GotoCenter -> Scout.Query | return to random walk
[4 INFO main 159787] Scout.Query -> Scout.GotoCenter | Drive to others reported pos
[4 INFO main 160789] Scout.GotoCenter -> Scout.Query | return to random walk
[4 INFO main 161790] Scout.Query -> Scout.GotoCenter | Drive to others reported pos
[4 INFO main 161889] Scout.GotoCenter -> Scout.Query | return to random walk
[4 INFO main 162792] Scout.Query -> Scout.GotoCenter | Drive to others reported pos
[4 INFO main 162890] Scout.GotoCenter -> Scout.Query | return to random walk
[4 INFO main 163792] Scout.Query -> Scout.GotoCenter | Drive to others reported pos
[4 INFO main 164193] Scout.GotoCenter -> Scout.Query | return to random walk
[4 INFO main 164792] Scout.Query -> Scout.GotoCenter | Drive to others reported pos
[4 INFO main 165293] Scout.GotoCenter -> Scout.Query | return to random walk
[4 INFO main 165794] Scout.Query -> Scout.GotoCenter | Drive to others reported pos
[4 INFO main 165894] Scout.GotoCenter -> Scout.Query | return to random walk
[4 INFO main 166794] Scout.Query -> Scout.GotoCenter | Drive to others reported pos
[4 INFO main 167197] Scout.GotoCenter -> Scout.Query | return to random walk
[4 INFO main 167796] Scout.Query -> Scout.GotoCenter | Drive to others reported pos
[4 INFO main 167897] Scout.GotoCenter -> Scout.Query | return to random walk
[4 INFO main 168797] Scout.Query -> Scout.GotoCenter | Drive to others reported pos
[4 INFO main 169097] Scout.GotoCenter -> Scout.Query | return to random walk
[4 INFO main 169799] Scout.Query -> Scout.GotoCenter | Drive to others reported pos
[4 INFO main 169900] Scout.GotoCenter -> Scout.Query | return to random walk
[4 INFO main 170800] Scout.Query -> Scout.GotoCenter | Drive to others reported pos
[4 INFO main 171401] Scout.GotoCenter -> Scout.Query | return to random walk
[4 INFO main 171801] Scout.Query -> Scout.GotoCenter | Drive to others reported pos
[4 INFO main 172501] Scout.GotoCenter -> Scout.Query | return to random walk
[4 INFO main 172802] Scout.Query -> Scout.GotoCenter | Drive to others reported pos
[4 INFO main 173603] Scout.GotoCenter -> Scout.Query | return to random walk
[4 INFO main 173804] Scout.Query -> Scout.GotoCenter | Drive to others reported pos
[4 INFO main 174208] Scout.GotoCenter -> Scout.Query | return to random walk
[4 INFO main 174805] Scout.Query -> Scout.GotoCenter | Drive to others reported pos
[4 INFO main 175506] Scout.GotoCenter -> Scout.Query | return to random walk
[4 INFO main 175907] Scout.Query -> Scout.GotoCenter | Drive to others reported pos
[4 INFO main 176106] Scout.GotoCenter -> Scout.Query | return to random walk
[4 INFO main 176909] Scout.Query -> Scout.GotoCenter | Drive to others reported pos
[4 INFO main 177108] Scout.GotoCenter -> Scout.Query | return to random walk
[4 INFO main 177910] Scout.Query -> Scout.GotoCenter | Drive to others reported pos
[4 INFO main 178313] Scout.GotoCenter -> Scout.Query | return to random walk
[4 INFO main 178912] Scout.Query -> Scout.GotoCenter | Drive to others reported pos
[4 INFO main 179611] Scout.GotoCenter -> Scout.Query | return to random walk
[4 INFO main 180012] Scout.Query -> Scout.GotoCenter | Drive to others reported pos
[4 INFO main 180111] Scout.GotoCenter -> Scout.Query | return to random walk
[4 INFO main 181014] Scout.Query -> Scout.GotoCenter | Drive to others reported pos
[4 INFO main 182817] Scout.GotoCenter -> Scout.Query | return to random walk
[4 INFO main 183016] Scout.Query -> Scout.GotoCenter | Drive to others reported pos
[4 INFO main 183921] Scout.GotoCenter -> Scout.Query | return to random walk
[4 INFO main 184018] Scout.Query -> Scout.GotoCenter | Drive to others reported pos
[4 INFO main 184116] Scout.GotoCenter -> Scout.Query | return to random walk
[4 INFO main 185021] Scout.Query -> Scout.GotoCenter | Drive to others reported pos
[4 INFO main 185218] Scout.GotoCenter -> Scout.Query | return to random walk
[4 INFO main 186123] Scout.Query -> Scout.GotoCenter | Drive to others reported pos
[4 INFO main 186421] Scout.GotoCenter -> Scout.Query | return to random walk
[4 INFO main 187125] Scout.Query -> Scout.GotoCenter | Drive to others reported pos
[4 INFO main 187221] Scout.GotoCenter -> Scout.Query | return to random walk
[4 INFO main 188223] Scout.Query -> Scout.GotoCenter | Drive to others reported pos
[4 INFO main 189124] Scout.GotoCenter -> Scout.Query | return to random walk
[4 INFO main 189228] Scout.Query -> Scout.GotoCenter | Drive to others reported pos
[4 INFO main 189821] Scout.GotoCenter -> Scout.Query | return to random walk
[4 INFO main 190328] Scout.Query -> Scout.GotoCenter | Drive to others reported pos
[4 INFO main 190926] Scout.GotoCenter -> Scout.Query | return to random walk
[4 INFO main 191330] Scout.Query -> Scout.GotoCenter | Drive to others reported pos
[4 INFO main 191428] Scout.GotoCenter -> Scout.Query | return to random walk
[4 INFO main 192331] Scout.Query -> Scout.GotoCenter | Drive to others reported pos
[4 INFO main 193028] Scout.GotoCenter -> Scout.Query | return to random walk
[4 INFO main 193332] Scout.Query -> Scout.GotoCenter | Drive to others reported pos
[4 INFO main 193832] Scout.GotoCenter -> Scout.Query | return to random walk
[4 INFO main 194434] Scout.Query -> Scout.GotoCenter | Drive to others reported pos
[4 INFO main 194530] Scout.GotoCenter -> Scout.Query | return to random walk
[4 INFO main 195436] Scout.Query -> Scout.GotoCenter | Drive to others reported pos
[4 INFO main 195832] Scout.GotoCenter -> Scout.Query | return to random walk
[4 INFO main 196438] Scout.Query -> Scout.GotoCenter | Drive to others reported pos
[4 INFO main 196933] Scout.GotoCenter -> Scout.Query | return to random walk
[4 INFO main 197539] Scout.Query -> Scout.GotoCenter | Drive to others reported pos
[4 INFO main 198039] Scout.GotoCenter -> Scout.Query | return to random walk
[4 INFO main 198539] Scout.Query -> Scout.GotoCenter | Drive to others reported pos
[4 INFO main 199542] Scout.GotoCenter -> Scout.Query | return to random walk
[4 INFO main 200640] Scout.Query -> Scout.GotoCenter | Drive to others reported pos
[4 INFO main 201740] Scout.GotoCenter -> Scout.Query | return to random walk
[4 INFO main 202742] Scout.Query -> Scout.GotoCenter | Drive to others reported pos
[4 INFO main 203044] Scout.GotoCenter -> Scout.Query | return to random walk
[4 INFO main 203743] Scout.Query -> Scout.GotoCenter | Drive to others reported pos
[4 INFO main 204444] Scout.GotoCenter -> Scout.Query | return to random walk
[4 INFO main 204745] Scout.Query -> Scout.GotoCenter | Drive to others reported pos
[4 INFO main 205045] Scout.GotoCenter -> Scout.Query | return to random walk
[4 INFO main 205746] Scout.Query -> Scout.GotoCenter | Drive to others reported pos
[4 INFO main 206046] Scout.GotoCenter -> Scout.Query | return to random walk
[4 INFO main 206748] Scout.Query -> Scout.GotoCenter | Drive to others reported pos
[4 INFO main 206846] Scout.GotoCenter -> Scout.Query | return to random walk
[4 INFO main 207750] Scout.Query -> Scout.GotoCenter | Drive to others reported pos
[4 INFO main 208849] Scout.GotoCenter -> Scout.Query | return to random walk
[4 INFO main 209753] Scout.Query -> Scout.GotoCenter | Drive to others reported pos
[4 INFO main 210552] Scout.GotoCenter -> Scout.Query | return to random walk
[4 INFO main 210753] Scout.Query -> Scout.GotoCenter | Drive to others reported pos
[4 INFO main 211852] Scout.GotoCenter -> Scout.Query | return to random walk
[4 INFO main 212856] Scout.Query -> Scout.GotoCenter | Drive to others reported pos
[4 INFO main 212955] Scout.GotoCenter -> Scout.Query | return to random walk
[4 INFO main 213857] Scout.Query -> Scout.GotoCenter | Drive to others reported pos
[4 INFO main 214557] Scout.GotoCenter -> Scout.Query | return to random walk
[4 INFO main 214858] Scout.Query -> Scout.GotoCenter | Drive to others reported pos
[4 INFO main 216158] Scout.GotoCenter -> Scout.Query | return to random walk
[4 INFO main 216859] Scout.Query -> Scout.GotoCenter | Drive to others reported pos
[4 INFO main 216961] Scout.GotoCenter -> Scout.Query | return to random walk
[4 INFO main 217861] Scout.Query -> Scout.GotoCenter | Drive to others reported pos
[4 INFO main 218463] Scout.GotoCenter -> Scout.Query | return to random walk
[4 INFO main 218862] Scout.Query -> Scout.GotoCenter | Drive to others reported pos
[4 INFO main 219463] Scout.GotoCenter -> Scout.Query | return to random walk
[4 INFO main 219863] Scout.Query -> Scout.GotoCenter | Drive to others reported pos
[4 INFO main 220664] Scout.GotoCenter -> Scout.Query | return to random walk
[4 INFO main 220967] Scout.Query -> Scout.GotoCenter | Drive to others reported pos
[4 INFO main 221468] Scout.GotoCenter -> Scout.Query | return to random walk
[4 INFO main 221968] Scout.Query -> Scout.GotoCenter | Drive to others reported pos
[4 INFO main 223366] Scout.GotoCenter -> Scout.Query | return to random walk
[4 INFO main 223970] Scout.Query -> Scout.GotoCenter | Drive to others reported pos
[4 INFO main 224066] Scout.GotoCenter -> Scout.Query | return to random walk
[4 INFO main 224972] Scout.Query -> Scout.GotoCenter | Drive to others reported pos
[4 INFO main 225473] Scout.GotoCenter -> Scout.Query | return to random walk
[4 INFO main 225973] Scout.Query -> Scout.GotoCenter | Drive to others reported pos
[4 INFO main 227572] Scout.GotoCenter -> Scout.Query | return to random walk
[4 INFO main 227976] Scout.Query -> Scout.GotoCenter | Drive to others reported pos
[4 INFO main 228073] Scout.GotoCenter -> Scout.Query | return to random walk
[4 INFO main 228978] Scout.Query -> Scout.GotoCenter | Drive to others reported pos
[4 INFO main 229377] Scout.GotoCenter -> Scout.Query | return to random walk
[4 INFO main 230079] Scout.Query -> Scout.GotoCenter | Drive to others reported pos
[4 INFO main 230377] Scout.GotoCenter -> Scout.Query | return to random walk
[4 INFO main 231179] Scout.Query -> Scout.GotoCenter | Drive to others reported pos
[4 INFO main 231276] Scout.GotoCenter -> Scout.Query | return to random walk
[4 INFO main 232279] Scout.Query -> Scout.GotoCenter | Drive to others reported pos
[4 INFO main 232478] Scout.GotoCenter -> Scout.Query | return to random walk
[4 INFO main 233281] Scout.Query -> Scout.GotoCenter | Drive to others reported pos
[4 INFO main 233782] Scout.GotoCenter -> Scout.Query | return to random walk
[4 INFO main 234283] Scout.Query -> Scout.GotoCenter | Drive to others reported pos
[4 INFO main 234482] Scout.GotoCenter -> Scout.Query | return to random walk
[4 INFO main 235284] Scout.Query -> Scout.GotoCenter | Drive to others reported pos
[4 INFO main 235381] Scout.GotoCenter -> Scout.Query | return to random walk
[4 INFO main 236285] Scout.Query -> Scout.GotoCenter | Drive to others reported pos
[4 INFO main 236583] Scout.GotoCenter -> Scout.Query | return to random walk
[4 INFO main 237286] Scout.Query -> Scout.GotoCenter | Drive to others reported pos
[4 INFO main 237485] Scout.GotoCenter -> Scout.Query | return to random walk
[4 INFO main 238288] Scout.Query -> Scout.GotoCenter | Drive to others reported pos
[4 INFO main 238487] Scout.GotoCenter -> Scout.Query | return to random walk
[4 INFO main 239290] Scout.Query -> Scout.GotoCenter | Drive to others reported pos
[4 INFO main 239488] Scout.GotoCenter -> Scout.Query | return to random walk
[4 INFO main 240389] Scout.Query -> Scout.GotoCenter | Drive to others reported pos
[4 INFO main 240890] Scout.GotoCenter -> Scout.Query | return to random walk
[4 INFO main 241391] Scout.Query -> Scout.GotoCenter | Drive to others reported pos
[4 INFO main 241491] Scout.GotoCenter -> Scout.Query | return to random walk
[4 INFO main 242391] Scout.Query -> Scout.GotoCenter | Drive to others reported pos
[4 INFO main 243091] Scout.GotoCenter -> Scout.Query | return to random walk
[4 INFO main 243392] Scout.Query -> Scout.GotoCenter | Drive to others reported pos
[4 INFO main 243794] Scout.GotoCenter -> Scout.Query | return to random walk
[4 INFO main 244393] Scout.Query -> Scout.GotoCenter | Drive to others reported pos
[4 INFO main 245095] Scout.GotoCenter -> Scout.Query | return to random walk
[4 INFO main 245493] Scout.Query -> Scout.GotoCenter | Drive to others reported pos
[4 INFO main 245796] Scout.GotoCenter -> Scout.Query | return to random walk
[4 INFO main 246495] Scout.Query -> Scout.GotoCenter | Drive to others reported pos
[4 INFO main 247198] Scout.GotoCenter -> Scout.Query | return to random walk
[4 INFO main 247498] Scout.Query -> Scout.GotoCenter | Drive to others reported pos
[4 INFO main 247797] Scout.GotoCenter -> Scout.Query | return to random walk
[4 INFO main 248500] Scout.Query -> Scout.GotoCenter | Drive to others reported pos
[4 INFO main 248798] Scout.GotoCenter -> Scout.Query | return to random walk
[4 INFO main 249501] Scout.Query -> Scout.GotoCenter | Drive to others reported pos
[4 INFO main 249797] Scout.GotoCenter -> Scout.Query | return to random walk
[4 INFO main 250502] Scout.Query -> Scout.GotoCenter | Drive to others reported pos
[4 INFO main 250801] Scout.GotoCenter -> Scout.Query | return to random walk
[4 INFO main 251503] Scout.Query -> Scout.GotoCenter | Drive to others reported pos
[4 INFO main 252003] Scout.GotoCenter -> Scout.Query | return to random walk
[4 INFO main 252504] Scout.Query -> Scout.GotoCenter | Drive to others reported pos
[4 INFO main 256508] Scout.GotoCenter -> Scout.Query | return to random walk
[4 INFO main 257510] Scout.Query -> Scout.GotoCenter | Drive to others reported pos
[4 INFO main 257610] Scout.GotoCenter -> Scout.Query | return to random walk
[4 INFO main 258511] Scout.Query -> Scout.GotoCenter | Drive to others reported pos
[4 INFO main 258611] Scout.GotoCenter -> Scout.Query | return to random walk
[4 INFO main 259512] Scout.Query -> Scout.GotoCenter | Drive to others reported pos
[4 INFO main 260013] Scout.GotoCenter -> Scout.Query | return to random walk
[4 INFO main 260514] Scout.Query -> Scout.GotoCenter | Drive to others reported pos
[4 INFO main 261514] Scout.GotoCenter -> Scout.Query | return to random walk
[4 INFO main 262516] Scout.Query -> Scout.GotoCenter | Drive to others reported pos
[4 INFO main 263219] Scout.GotoCenter -> Scout.Query | return to random walk
[4 INFO main 263517] Scout.Query -> Scout.GotoCenter | Drive to others reported pos
[4 INFO main 264018] Scout.GotoCenter -> Scout.Query | return to random walk
[4 INFO main 264519] Scout.Query -> Scout.GotoCenter | Drive to others reported pos
[4 INFO main 264721] Scout.GotoCenter -> Scout.Query | return to random walk
[4 INFO main 265520] Scout.Query -> Scout.GotoCenter | Drive to others reported pos
[4 INFO main 266921] Scout.GotoCenter -> Scout.Query | return to random walk
[4 INFO main 267524] Scout.Query -> Scout.GotoCenter | Drive to others reported pos
[4 INFO main 268425] Scout.GotoCenter -> Scout.Query | return to random walk
[4 INFO main 268526] Scout.Query -> Scout.GotoCenter | Drive to others reported pos
[4 INFO main 270827] Scout.GotoCenter -> Scout.Query | return to random walk
[4 INFO main 271630] Scout.Query -> Scout.GotoCenter | Drive to others reported pos
[4 INFO main 272028] Scout.GotoCenter -> Scout.Query | return to random walk
[4 INFO main 272631] Scout.Query -> Scout.GotoCenter | Drive to others reported pos
[4 INFO main 274332] Scout.GotoCenter -> Scout.Query | return to random walk
[4 INFO main 274634] Scout.Query -> Scout.GotoCenter | Drive to others reported pos
[4 INFO main 275434] Scout.GotoCenter -> Scout.Query | return to random walk
[4 INFO main 275635] Scout.Query -> Scout.GotoCenter | Drive to others reported pos
[4 INFO main 276435] Scout.GotoCenter -> Scout.Query | return to random walk
[4 INFO main 276636] Scout.Query -> Scout.GotoCenter | Drive to others reported pos
[4 INFO main 277137] Scout.GotoCenter -> Scout.Query | return to random walk
[4 INFO main 277638] Scout.Query -> Scout.GotoCenter | Drive to others reported pos
[4 INFO main 278740] Scout.GotoCenter -> Scout.Query | return to random walk
[4 INFO main 279641] Scout.Query -> Scout.GotoCenter | Drive to others reported pos
[4 INFO main 280840] Scout.GotoCenter -> Scout.Query | return to random walk
[4 INFO main 281643] Scout.Query -> Scout.GotoCenter | Drive to others reported pos
[4 INFO main 282338] Scout.GotoCenter -> Scout.Query | return to random walk
[4 INFO main 282644] Scout.Query -> Scout.GotoCenter | Drive to others reported pos
[4 INFO main 283545] Scout.GotoCenter -> Scout.Query | return to random walk
[4 INFO main 283645] Scout.Query -> Scout.GotoCenter | Drive to others reported pos
[4 INFO main 283746] Scout.GotoCenter -> Scout.Query | return to random walk
[4 INFO main 284748] Scout.Query -> Scout.GotoCenter | Drive to others reported pos
[4 INFO main 289252] Scout.GotoCenter -> Scout.Query | return to random walk
[4 INFO main 290056] Scout.Query -> Scout.GotoCenter | Drive to others reported pos
[4 INFO main 290352] Scout.GotoCenter -> Scout.Query | return to random walk
[4 INFO main 291057] Scout.Query -> Scout.GotoCenter | Drive to others reported pos
[4 INFO main 291153] Scout.GotoCenter -> Scout.Query | return to random walk
[4 INFO main 292058] Scout.Query -> Scout.GotoCenter | Drive to others reported pos
[4 INFO main 292454] Scout.GotoCenter -> Scout.Query | return to random walk
[4 INFO main 293059] Scout.Query -> Scout.GotoCenter | Drive to others reported pos
[4 INFO main 293560] Scout.GotoCenter -> Scout.Query | return to random walk
[4 INFO main 294061] Scout.Query -> Scout.GotoCenter | Drive to others reported pos
[4 INFO main 294457] Scout.GotoCenter -> Scout.Query | return to random walk
[4 INFO main 295062] Scout.Query -> Scout.GotoCenter | Drive to others reported pos
[4 INFO main 297360] Scout.GotoCenter -> Scout.Query | return to random walk
[4 INFO main 298164] Scout.Query -> Scout.GotoCenter | Drive to others reported pos
[4 INFO main 298763] Scout.GotoCenter -> Scout.Query | return to random walk
[4 INFO main 299166] Scout.Query -> Scout.GotoCenter | Drive to others reported pos
[4 INFO main 299667] Scout.GotoCenter -> Scout.Query | return to random walk
[4 INFO main 300167] Scout.Query -> Scout.GotoCenter | Drive to others reported pos
[4 INFO main 300265] Scout.GotoCenter -> Scout.Query | return to random walk
[4 INFO main 301271] Scout.Query -> Scout.GotoCenter | Drive to others reported pos
[4 INFO main 301565] Scout.GotoCenter -> Scout.Query | return to random walk
[4 INFO main 302369] Scout.Query -> Scout.GotoCenter | Drive to others reported pos
[4 INFO main 302667] Scout.GotoCenter -> Scout.Query | return to random walk
[4 INFO main 303371] Scout.Query -> Scout.GotoCenter | Drive to others reported pos
[4 INFO main 304273] Scout.GotoCenter -> Scout.Query | return to random walk
[4 INFO main 304374] Scout.Query -> Scout.GotoCenter | Drive to others reported pos
[4 INFO main 305171] Scout.GotoCenter -> Scout.Query | return to random walk
[4 INFO main 305474] Scout.Query -> Scout.GotoCenter | Drive to others reported pos
[4 INFO main 306072] Scout.GotoCenter -> Scout.Query | return to random walk
[4 INFO main 306476] Scout.Query -> Scout.GotoCenter | Drive to others reported pos
[4 INFO main 307276] Scout.GotoCenter -> Scout.Query | return to random walk
[4 INFO main 307576] Scout.Query -> Scout.GotoCenter | Drive to others reported pos
[4 INFO main 307673] Scout.GotoCenter -> Scout.Query | return to random walk
[4 INFO main 308577] Scout.Query -> Scout.GotoCenter | Drive to others reported pos
[4 INFO main 310079] Scout.GotoCenter -> Scout.Query | return to random walk
[4 INFO main 310581] Scout.Query -> Scout.GotoCenter | Drive to others reported pos
[4 INFO main 310780] Scout.GotoCenter -> Scout.Query | return to random walk
[4 INFO main 311581] Scout.Query -> Scout.GotoCenter | Drive to others reported pos
[4 INFO main 313682] Scout.GotoCenter -> Scout.Query | return to random walk
[4 INFO main 314586] Scout.Query -> Scout.GotoCenter | Drive to others reported pos
[4 INFO main 314683] Scout.GotoCenter -> Scout.Query | return to random walk
[4 INFO main 315586] Scout.Query -> Scout.GotoCenter | Drive to others reported pos
[4 INFO main 317888] Scout.GotoCenter -> Scout.Query | return to random walk
[4 INFO main 318590] Scout.Query -> Scout.GotoCenter | Drive to others reported pos
[4 INFO main 321093] Scout.GotoCenter -> Scout.Query | return to random walk
[4 INFO main 321694] Scout.Query -> Scout.GotoCenter | Drive to others reported pos
[4 INFO main 327601] Scout.GotoCenter -> Scout.Query | return to random walk
[4 INFO main 328001] Scout.Query -> Scout.GotoCenter | Drive to others reported pos
[4 INFO main 330602] Scout.GotoCenter -> Scout.Query | return to random walk
[4 INFO main 331005] Scout.Query -> Scout.GotoCenter | Drive to others reported pos
[4 INFO main 331103] Scout.GotoCenter -> Scout.Query | return to random walk
[4 INFO main 332106] Scout.Query -> Scout.GotoCenter | Drive to others reported pos
[4 INFO main 333407] Scout.GotoCenter -> Scout.Query | return to random walk
[4 INFO main 334109] Scout.Query -> Scout.GotoCenter | Drive to others reported pos
[4 INFO main 334508] Scout.GotoCenter -> Scout.Query | return to random walk
[4 INFO main 335110] Scout.Query -> Scout.GotoCenter | Drive to others reported pos
[4 INFO main 335810] Scout.GotoCenter -> Scout.Query | return to random walk
[4 INFO main 336112] Scout.Query -> Scout.GotoCenter | Drive to others reported pos
[4 INFO main 338512] Scout.GotoCenter -> Scout.Query | return to random walk
[4 INFO main 339116] Scout.Query -> Scout.GotoCenter | Drive to others reported pos
[4 INFO main 339715] Scout.GotoCenter -> Scout.Query | return to random walk
[4 INFO main 340117] Scout.Query -> Scout.GotoCenter | Drive to others reported pos
[4 INFO main 341318] Scout.GotoCenter -> Scout.Query | return to random walk
[4 INFO main 342120] Scout.Query -> Scout.GotoCenter | Drive to others reported pos
[4 INFO main 343721] Scout.GotoCenter -> Scout.Query | return to random walk
[4 INFO main 344123] Scout.Query -> Scout.GotoCenter | Drive to others reported pos
[4 INFO main 344320] Scout.GotoCenter -> Scout.Query | return to random walk
[4 INFO main 345124] Scout.Query -> Scout.GotoCenter | Drive to others reported pos
[4 INFO main 352833] Scout.GotoCenter -> Scout.Query | return to random walk
[4 INFO main 353334] Scout.Query -> Scout.GotoCenter | Drive to others reported pos
[4 INFO main 353732] Scout.GotoCenter -> Scout.Query | return to random walk
[4 INFO main 354336] Scout.Query -> Scout.GotoCenter | Drive to others reported pos
[4 INFO main 355636] Scout.GotoCenter -> Scout.Query | return to random walk
[4 INFO main 356438] Scout.Query -> Scout.GotoCenter | Drive to others reported pos
[4 INFO main 357237] Scout.GotoCenter -> Scout.Query | return to random walk
[4 INFO main 357439] Scout.Query -> Scout.GotoCenter | Drive to others reported pos
[4 INFO main 357939] Scout.GotoCenter -> Scout.Query | return to random walk
[4 INFO main 358440] Scout.Query -> Scout.GotoCenter | Drive to others reported pos
[4 INFO main 361242] Scout.GotoCenter -> Scout.Query | return to random walk
[4 INFO main 361444] Scout.Query -> Scout.GotoCenter | Drive to others reported pos
[4 INFO main 362542] Scout.GotoCenter -> Scout.Query | return to random walk
[4 INFO main 363446] Scout.Query -> Scout.GotoCenter | Drive to others reported pos
[4 INFO main 363947] Scout.GotoCenter -> Scout.Query | return to random walk
[4 INFO main 364448] Scout.Query -> Scout.GotoCenter | Drive to others reported pos
[4 INFO main 366448] Scout.GotoCenter -> Scout.Query | return to random walk
[4 INFO main 366551] Scout.Query -> Scout.GotoCenter | Drive to others reported pos
[4 INFO main 367152] Scout.GotoCenter -> Scout.Query | return to random walk
[4 INFO main 367653] Scout.Query -> Scout.GotoCenter | Drive to others reported pos
[4 INFO main 369352] Scout.GotoCenter -> Scout.Query | return to random walk
[4 INFO main 369657] Scout.Query -> Scout.GotoCenter | Drive to others reported pos
[4 INFO main 371257] Scout.GotoCenter -> Scout.Query | return to random walk
[4 INFO main 371758] Scout.Query -> Scout.GotoCenter | Drive to others reported pos
[4 INFO main 374158] Scout.GotoCenter -> Scout.Query | return to random walk
[4 INFO main 374764] Scout.Query -> Scout.GotoCenter | Drive to others reported pos
[4 INFO main 375560] Scout.GotoCenter -> Scout.Query | return to random walk
[4 INFO main 375765] Scout.Query -> Scout.GotoCenter | Drive to others reported pos
[4 INFO main 381067] Scout.GotoCenter -> Scout.Query | return to random walk
[4 INFO main 381872] Scout.Query -> Scout.GotoCenter | Drive to others reported pos
[4 INFO main 382168] Scout.GotoCenter -> Scout.Query | return to random walk
[4 INFO main 382873] Scout.Query -> Scout.GotoCenter | Drive to others reported pos
[4 INFO main 383771] Scout.GotoCenter -> Scout.Query | return to random walk
[4 INFO main 383874] Scout.Query -> Scout.GotoCenter | Drive to others reported pos
[4 INFO main 387071] Scout.GotoCenter -> Scout.Query | return to random walk
[4 INFO main 387881] Scout.Query -> Scout.GotoCenter | Drive to others reported pos
[4 INFO main 388677] Scout.GotoCenter -> Scout.Query | return to random walk
[4 INFO main 388977] Scout.Query -> Scout.GotoCenter | Drive to others reported pos
[4 INFO main 389978] Scout.GotoCenter -> Scout.Query | return to random walk
[4 INFO main 390979] Scout.Query -> Scout.GotoCenter | Drive to others reported pos
[4 INFO main 392384] Scout.GotoCenter -> Scout.Query | return to random walk
[4 INFO main 393082] Scout.Query -> Scout.GotoCenter | Drive to others reported pos
[4 INFO main 397789] Scout.GotoCenter -> Scout.Query | return to random walk
[4 INFO main 398190] Scout.Query -> Scout.GotoCenter | Drive to others reported pos
[4 INFO main 400293] Scout.GotoCenter -> Scout.Query | return to random walk
[4 INFO main 401194] Scout.Query -> Scout.GotoCenter | Drive to others reported pos
[4 INFO main 402092] Scout.GotoCenter -> Scout.Query | return to random walk
[4 INFO main 402199] Scout.Query -> Scout.GotoCenter | Drive to others reported pos
[4 INFO main 402396] Scout.GotoCenter -> Scout.Query | return to random walk
[4 INFO main 403200] Scout.Query -> Scout.GotoCenter | Drive to others reported pos
[4 INFO main 406204] Scout.GotoCenter -> Scout.Query | return to random walk
[4 INFO main 407205] Scout.Query -> Scout.GotoCenter | Drive to others reported pos
[4 INFO main 413212] Scout.GotoCenter -> Scout.Query | return to random walk
[4 INFO main 413411] Scout.Query -> Scout.GotoCenter | Drive to others reported pos
[4 INFO main 413912] Scout.GotoCenter -> Scout.Query | return to random walk
[4 INFO main 414412] Scout.Query -> Scout.GotoCenter | Drive to others reported pos
[4 INFO main 415214] Scout.GotoCenter -> Scout.Query | return to random walk
[4 INFO main 415414] Scout.Query -> Scout.GotoCenter | Drive to others reported pos
[4 INFO main 416215] Scout.GotoCenter -> Scout.Query | return to random walk
[4 INFO main 416415] Scout.Query -> Scout.GotoCenter | Drive to others reported pos
[4 INFO main 419721] Scout.GotoCenter -> Scout.Query | return to random walk
[4 INFO main 420419] Scout.Query -> Scout.GotoCenter | Drive to others reported pos
[4 INFO main 420920] Scout.GotoCenter -> Scout.Query | return to random walk
[4 INFO main 421421] Scout.Query -> Scout.GotoCenter | Drive to others reported pos
[4 INFO main 424323] Scout.GotoCenter -> Scout.Query | return to random walk
[4 INFO main 424425] Scout.Query -> Scout.GotoCenter | Drive to others reported pos
[4 INFO main 428028] Scout.GotoCenter -> Scout.Query | return to random walk
[4 INFO main 428530] Scout.Query -> Scout.GotoCenter | Drive to others reported pos
[4 INFO main 434137] Scout.GotoCenter -> Scout.Query | return to random walk
[4 INFO main 434638] Scout.Query -> Scout.GotoCenter | Drive to others reported pos
[4 INFO main 436640] Scout.GotoCenter -> Scout.Query | return to random walk
[4 INFO main 437641] Scout.Query -> Scout.GotoCenter | Drive to others reported pos
[4 INFO main 439542] Scout.GotoCenter -> Scout.Query | return to random walk
[4 INFO main 439642] Scout.Query -> Scout.GotoCenter | Drive to others reported pos
[4 INFO main 440040] Scout.GotoCenter -> Scout.Query | return to random walk
[4 INFO main 440643] Scout.Query -> Scout.GotoCenter | Drive to others reported pos
[4 INFO main 447149] Scout.GotoCenter -> Scout.Query | return to random walk
[4 INFO main 447653] Scout.Query -> Scout.GotoCenter | Drive to others reported pos
[4 INFO main 447855] Scout.GotoCenter -> Scout.Query | return to random walk
[4 INFO main 448654] Scout.Query -> Scout.GotoCenter | Drive to others reported pos
[4 INFO main 449855] Scout.GotoCenter -> Scout.Query | return to random walk
[4 INFO main 450657] Scout.Query -> Scout.GotoCenter | Drive to others reported pos
[4 INFO main 454161] Scout.GotoCenter -> Scout.Query | return to random walk
[4 INFO main 454661] Scout.Query -> Scout.GotoCenter | Drive to others reported pos
[4 INFO main 455663] Scout.GotoCenter -> Scout.Query | return to random walk
[4 INFO main 456664] Scout.Query -> Scout.GotoCenter | Drive to others reported pos
[4 INFO main 456766] Scout.GotoCenter -> Scout.Query | return to random walk
[4 INFO main 457667] Scout.Query -> Scout.GotoCenter | Drive to others reported pos
[4 INFO main 457867] Scout.GotoCenter -> Scout.Query | return to random walk
[4 INFO main 458669] Scout.Query -> Scout.GotoCenter | Drive to others reported pos
[4 INFO main 459670] Scout.GotoCenter -> Scout.Query | return to random walk
[4 INFO main 460772] Scout.Query -> Scout.GotoCenter | Drive to others reported pos
[4 INFO main 461670] Scout.GotoCenter -> Scout.Query | return to random walk
[4 INFO main 461774] Scout.Query -> Scout.GotoCenter | Drive to others reported pos
[4 INFO main 465777] Scout.GotoCenter -> Scout.Query | return to random walk
[4 INFO main 465878] Scout.Query -> Scout.GotoCenter | Drive to others reported pos
[4 INFO main 465980] Scout.GotoCenter -> Scout.Query | return to random walk
[4 INFO main 466980] Scout.Query -> Scout.GotoCenter | Drive to others reported pos
[4 INFO main 467579] Scout.GotoCenter -> Scout.Query | return to random walk
[4 INFO main 467982] Scout.Query -> Scout.GotoCenter | Drive to others reported pos
[4 INFO main 468680] Scout.GotoCenter -> Scout.Query | return to random walk
[4 INFO main 468983] Scout.Query -> Scout.GotoCenter | Drive to others reported pos
[4 INFO main 469980] Scout.GotoCenter -> Scout.Query | return to random walk
[4 INFO main 470084] Scout.Query -> Scout.GotoCenter | Drive to others reported pos
[4 INFO main 470885] Scout.GotoCenter -> Scout.Query | return to random walk
[4 INFO main 471087] Scout.Query -> Scout.GotoCenter | Drive to others reported pos
[4 INFO main 471385] Scout.GotoCenter -> Scout.Query | return to random walk
[4 INFO main 472182] Scout.Query -> Scout.GotoCenter | Drive to others reported pos
[4 INFO main 473689] Scout.GotoCenter -> Scout.Query | return to random walk
[4 INFO main 474190] Scout.Query -> Scout.GotoCenter | Drive to others reported pos
[4 INFO main 474787] Scout.GotoCenter -> Scout.Query | return to random walk
[4 INFO main 475291] Scout.Query -> Scout.GotoCenter | Drive to others reported pos
[4 INFO main 476391] Scout.GotoCenter -> Scout.Query | return to random walk
[4 INFO main 477293] Scout.Query -> Scout.GotoCenter | Drive to others reported pos
[4 INFO main 477392] Scout.GotoCenter -> Scout.Query | return to random walk
[4 INFO main 478295] Scout.Query -> Scout.GotoCenter | Drive to others reported pos
[4 INFO main 478692] Scout.GotoCenter -> Scout.Query | return to random walk
[4 INFO main 479296] Scout.Query -> Scout.GotoCenter | Drive to others reported pos
[4 INFO main 479593] Scout.GotoCenter -> Scout.Query | return to random walk
[4 INFO main 480396] Scout.Query -> Scout.GotoCenter | Drive to others reported pos
[4 INFO main 481897] Scout.GotoCenter -> Scout.Query | return to random walk
[4 INFO main 482400] Scout.Query -> Scout.GotoCenter | Drive to others reported pos
[4 INFO main 482796] Scout.GotoCenter -> Scout.Query | return to random walk
[4 INFO main 483400] Scout.Query -> Scout.GotoCenter | Drive to others reported pos
[4 INFO main 483796] Scout.GotoCenter -> Scout.Query | return to random walk
[4 INFO main 484401] Scout.Query -> Scout.GotoCenter | Drive to others reported pos
[4 INFO main 484902] Scout.GotoCenter -> Scout.Query | return to random walk
[4 INFO main 485408] Scout.Query -> Scout.GotoCenter | Drive to others reported pos
[4 INFO main 485811] Scout.GotoCenter -> Scout.Query | return to random walk
[4 INFO main 486416] Scout.Query -> Scout.GotoCenter | Drive to others reported pos
[4 INFO main 487412] Scout.GotoCenter -> Scout.Query | return to random walk
[4 INFO main 487518] Scout.Query -> Scout.GotoCenter | Drive to others reported pos
[4 INFO main 490316] Scout.GotoCenter -> Scout.Query | return to random walk
[4 INFO main 490522] Scout.Query -> Scout.GotoCenter | Drive to others reported pos
[4 INFO main 490916] Scout.GotoCenter -> Scout.Query | return to random walk
[4 INFO main 491523] Scout.Query -> Scout.GotoCenter | Drive to others reported pos
[4 INFO main 492319] Scout.GotoCenter -> Scout.Query | return to random walk
[4 INFO main 492524] Scout.Query -> Scout.GotoCenter | Drive to others reported pos
[4 INFO main 492820] Scout.GotoCenter -> Scout.Query | return to random walk
[4 INFO main 493525] Scout.Query -> Scout.GotoCenter | Drive to others reported pos
[4 INFO main 493921] Scout.GotoCenter -> Scout.Query | return to random walk
[4 INFO main 494527] Scout.Query -> Scout.GotoCenter | Drive to others reported pos
[4 INFO main 495122] Scout.GotoCenter -> Scout.Query | return to random walk
[4 INFO main 495529] Scout.Query -> Scout.GotoCenter | Drive to others reported pos
[4 INFO main 495924] Scout.GotoCenter -> Scout.Query | return to random walk
[4 INFO main 496529] Scout.Query -> Scout.GotoCenter | Drive to others reported pos
[4 INFO main 496625] Scout.GotoCenter -> Scout.Query | return to random walk
[4 INFO main 497531] Scout.Query -> Scout.GotoCenter | Drive to others reported pos
[4 INFO main 498532] Scout.GotoCenter -> Scout.Query | return to random walk
[4 INFO main 499631] Scout.Query -> Scout.GotoCenter | Drive to others reported pos
[4 INFO main 505435] Scout.GotoCenter -> Scout.Query | return to random walk
[4 INFO main 505641] Scout.Query -> Scout.GotoCenter | Drive to others reported pos
[4 INFO main 505836] Scout.GotoCenter -> Scout.Query | return to random walk
[4 INFO main 506642] Scout.Query -> Scout.GotoCenter | Drive to others reported pos
[4 INFO main 508940] Scout.GotoCenter -> Scout.Query | return to random walk
[4 INFO main 509744] Scout.Query -> Scout.GotoCenter | Drive to others reported pos
[4 INFO main 512145] Scout.GotoCenter -> Scout.Query | return to random walk
[4 INFO main 513048] Scout.Query -> Scout.GotoCenter | Drive to others reported pos
[4 INFO main 513345] Scout.GotoCenter -> Scout.Query | return to random walk
[4 INFO main 514049] Scout.Query -> Scout.GotoCenter | Drive to others reported pos
[4 INFO main 514550] Scout.GotoCenter -> Scout.Query | return to random walk
[4 INFO main 515050] Scout.Query -> Scout.GotoCenter | Drive to others reported pos
[4 INFO main 515551] Scout.GotoCenter -> Scout.Query | return to random walk
[4 INFO main 516052] Scout.Query -> Scout.GotoCenter | Drive to others reported pos
[4 INFO main 516751] Scout.GotoCenter -> Scout.Query | return to random walk
[4 INFO main 517053] Scout.Query -> Scout.GotoCenter | Drive to others reported pos
[4 INFO main 517351] Scout.GotoCenter -> Scout.Query | return to random walk
[4 INFO main 518054] Scout.Query -> Scout.GotoCenter | Drive to others reported pos
[4 INFO main 518754] Scout.GotoCenter -> Scout.Query | return to random walk
[4 INFO main 519056] Scout.Query -> Scout.GotoCenter | Drive to others reported pos
[4 INFO main 519853] Scout.GotoCenter -> Scout.Query | return to random walk
[4 INFO main 520157] Scout.Query -> Scout.GotoCenter | Drive to others reported pos
[4 INFO main 520354] Scout.GotoCenter -> Scout.Query | return to random walk
[4 INFO main 521158] Scout.Query -> Scout.GotoCenter | Drive to others reported pos
[4 INFO main 521456] Scout.GotoCenter -> Scout.Query | return to random walk
[4 INFO main 522159] Scout.Query -> Scout.GotoCenter | Drive to others reported pos
[4 INFO main 522759] Scout.GotoCenter -> Scout.Query | return to random walk
[4 INFO main 523161] Scout.Query -> Scout.GotoCenter | Drive to others reported pos
[4 INFO main 523357] Scout.GotoCenter -> Scout.Query | return to random walk
[4 INFO main 524163] Scout.Query -> Scout.GotoCenter | Drive to others reported pos
[4 INFO main 524260] Scout.GotoCenter -> Scout.Query | return to random walk
[4 INFO main 525263] Scout.Query -> Scout.GotoCenter | Drive to others reported pos
[4 INFO main 526164] Scout.GotoCenter -> Scout.Query | return to random walk
[4 INFO main 526264] Scout.Query -> Scout.GotoCenter | Drive to others reported pos
[4 INFO main 526562] Scout.GotoCenter -> Scout.Query | return to random walk
[4 INFO main 527265] Scout.Query -> Scout.GotoCenter | Drive to others reported pos
[4 INFO main 528966] Scout.GotoCenter -> Scout.Query | return to random walk
[4 INFO main 529367] Scout.Query -> Scout.GotoCenter | Drive to others reported pos
[4 INFO main 529768] Scout.GotoCenter -> Scout.Query | return to random walk
[4 INFO main 530469] Scout.Query -> Scout.GotoCenter | Drive to others reported pos
[4 INFO main 530867] Scout.GotoCenter -> Scout.Query | return to random walk
[4 INFO main 531471] Scout.Query -> Scout.GotoCenter | Drive to others reported pos
[4 INFO main 531568] Scout.GotoCenter -> Scout.Query | return to random walk
[4 INFO main 532472] Scout.Query -> Scout.GotoCenter | Drive to others reported pos
[4 INFO main 533371] Scout.GotoCenter -> Scout.Query | return to random walk
[4 INFO main 533474] Scout.Query -> Scout.GotoCenter | Drive to others reported pos
[4 INFO main 534373] Scout.GotoCenter -> Scout.Query | return to random walk
[4 INFO main 534574] Scout.Query -> Scout.GotoCenter | Drive to others reported pos
[4 INFO main 534774] Scout.GotoCenter -> Scout.Query | return to random walk
[4 INFO main 535575] Scout.Query -> Scout.GotoCenter | Drive to others reported pos
[4 INFO main 535674] Scout.GotoCenter -> Scout.Query | return to random walk
[4 INFO main 536576] Scout.Query -> Scout.GotoCenter | Drive to others reported pos
[4 INFO main 538378] Scout.GotoCenter -> Scout.Query | return to random walk
[4 INFO main 538579] Scout.Query -> Scout.GotoCenter | Drive to others reported pos
[4 INFO main 539678] Scout.GotoCenter -> Scout.Query | return to random walk
[4 INFO main 540582] Scout.Query -> Scout.GotoCenter | Drive to others reported pos
[4 INFO main 541781] Scout.GotoCenter -> Scout.Query | return to random walk
[4 INFO main 542586] Scout.Query -> Scout.GotoCenter | Drive to others reported pos
[4 INFO main 544785] Scout.GotoCenter -> Scout.Query | return to random walk
[4 INFO main 545688] Scout.Query -> Scout.GotoCenter | Drive to others reported pos
[4 INFO main 546090] Scout.GotoCenter -> Scout.Query | return to random walk
[4 INFO main 546689] Scout.Query -> Scout.GotoCenter | Drive to others reported pos
[4 INFO main 547692] Scout.GotoCenter -> Scout.Query | return to random walk
[4 INFO main 548695] Scout.Query -> Scout.GotoCenter | Drive to others reported pos
[4 INFO main 548893] Scout.GotoCenter -> Scout.Query | return to random walk
[4 INFO main 549794] Scout.Query -> Scout.GotoCenter | Drive to others reported pos
[4 INFO main 550295] Scout.GotoCenter -> Scout.Query | return to random walk
[4 INFO main 550796] Scout.Query -> Scout.GotoCenter | Drive to others reported pos
[4 INFO main 553700] Scout.GotoCenter -> Scout.Query | return to random walk
[4 INFO main 553997] Scout.Query -> Scout.GotoCenter | Drive to others reported pos
[4 INFO main 554097] Scout.GotoCenter -> Scout.Query | return to random walk
[4 INFO main 554999] Scout.Query -> Scout.GotoCenter | Drive to others reported pos
[4 INFO main 556500] Scout.GotoCenter -> Scout.Query | return to random walk
[4 INFO main 557001] Scout.Query -> Scout.GotoCenter | Drive to others reported pos
[4 INFO main 558299] Scout.GotoCenter -> Scout.Query | return to random walk
[4 INFO main 559004] Scout.Query -> Scout.GotoCenter | Drive to others reported pos
[4 INFO main 562307] Scout.GotoCenter -> Scout.Query | return to random walk
[4 INFO main 563008] Scout.Query -> Scout.GotoCenter | Drive to others reported pos
[4 INFO main 569219] Scout.GotoCenter -> Scout.Query | return to random walk
[4 INFO main 570018] Scout.Query -> Scout.GotoCenter | Drive to others reported pos
[4 INFO main 573322] Scout.GotoCenter -> Scout.Query | return to random walk
[4 INFO main 574024] Scout.Query -> Scout.GotoCenter | Drive to others reported pos
[4 INFO main 574726] Scout.GotoCenter -> Scout.Query | return to random walk
[4 INFO main 575026] Scout.Query -> Scout.GotoCenter | Drive to others reported pos
[4 INFO main 575825] Scout.GotoCenter -> Scout.Query | return to random walk
[4 INFO main 576027] Scout.Query -> Scout.GotoCenter | Drive to others reported pos
[4 INFO main 580832] Scout.GotoCenter -> Scout.Query | return to random walk
[4 INFO main 581034] Scout.Query -> Scout.GotoCenter | Drive to others reported pos
[4 INFO main 581935] Scout.GotoCenter -> Scout.Query | return to random walk
[4 INFO main 582035] Scout.Query -> Scout.GotoCenter | Drive to others reported pos
[4 INFO main 582536] Scout.GotoCenter -> Scout.Query | return to random walk
[4 INFO main 583036] Scout.Query -> Scout.GotoCenter | Drive to others reported pos
[4 INFO main 586540] Scout.GotoCenter -> Scout.Query | return to random walk
[4 INFO main 587040] Scout.Query -> Scout.GotoCenter | Drive to others reported pos
[4 INFO main 587242] Scout.GotoCenter -> Scout.Query | return to random walk
[4 INFO main 588042] Scout.Query -> Scout.GotoCenter | Drive to others reported pos
[4 INFO main 588744] Scout.GotoCenter -> Scout.Query | return to random walk
[4 INFO main 589043] Scout.Query -> Scout.GotoCenter | Drive to others reported pos
[4 INFO main 589645] Scout.GotoCenter -> Scout.Query | return to random walk
[4 INFO main 590045] Scout.Query -> Scout.GotoCenter | Drive to others reported pos
[4 INFO main 590546] Scout.GotoCenter -> Scout.Query | return to random walk
[4 INFO main 591047] Scout.Query -> Scout.GotoCenter | Drive to others reported pos
[4 INFO main 591447] Scout.GotoCenter -> Scout.Query | return to random walk
[4 INFO main 592048] Scout.Query -> Scout.GotoCenter | Drive to others reported pos
[4 INFO main 592248] Scout.GotoCenter -> Scout.Query | return to random walk
[4 INFO main 593049] Scout.Query -> Scout.GotoCenter | Drive to others reported pos
[4 INFO main 593150] Scout.GotoCenter -> Scout.Query | return to random walk
[4 INFO main 594051] Scout.Query -> Scout.GotoCenter | Drive to others reported pos
[4 INFO main 594752] Scout.GotoCenter -> Scout.Query | return to random walk
[4 INFO main 595052] Scout.Query -> Scout.GotoCenter | Drive to others reported pos
[4 INFO main 595153] Scout.GotoCenter -> Scout.Query | return to random walk
[4 INFO main 596053] Scout.Query -> Scout.GotoCenter | Drive to others reported pos
[4 INFO main 597256] Scout.GotoCenter -> Scout.Query | return to random walk
[4 INFO main 598156] Scout.Query -> Scout.GotoCenter | Drive to others reported pos
[4 INFO main 599761] Scout.GotoCenter -> Scout.Query | return to random walk
[4 INFO main 600159] Scout.Query -> Scout.GotoCenter | Drive to others reported pos
[4 INFO main 600262] Scout.GotoCenter -> Scout.Query | return to random walk
