[8 INFO main 27] Initialising Python Geth Console...
[8 INFO main 32] Initialising RandB board...
[8 INFO main 32] Initialising navigation...
[8 INFO main 32] Initialising random-walk...
[8 INFO main 32] Initialising odometry...
[8 INFO main 32] Initialising ground-sensors...
[8 INFO main 588] --//-- Starting Experiment --//--
[8 INFO main 2009] Idle.IDLE -> Scout.Query | Duration: 35.09
[8 INFO main 27589] Scout.Query -> Verify.DriveTo | Go to unverified source
[8 INFO main 75553] Verify.DriveTo -> Verify.Homing | Homing
[8 INFO main 101585] Verify.Homing -> Scout.Query | Arrived home
[8 INFO main 110663] Confirming: 1/9
[8 INFO main 112702] Confirming: 2/9
[8 INFO main 114836] Confirming: 3/9
[8 INFO main 116832] Confirming: 4/9
[8 INFO main 118911] Confirming: 5/9
[8 INFO main 121046] Confirming: 6/9
[8 INFO main 123176] Confirming: 7/9
[8 INFO main 125244] Confirming: 8/9
[8 INFO main 127287] Confirming: 9/9
[8 INFO main 127919] Scout.Query -> Verify.DriveTo | Go to unverified source
[8 INFO main 159015] Verify.DriveTo -> Verify.Homing | Homing
[8 INFO main 171472] Confirming: 1/9
[8 INFO main 173479] Confirming: 2/9
[8 INFO main 174618] Verify.Homing -> Scout.Query | Arrived home
[8 INFO main 175524] Confirming: 3/9
[8 INFO main 177552] Confirming: 4/9
[8 INFO main 179557] Confirming: 5/9
[8 INFO main 181858] Confirming: 6/9
[8 INFO main 183893] Confirming: 7/9
[8 INFO main 185960] Confirming: 8/9
[8 INFO main 188051] Confirming: 9/9
[8 INFO main 188392] Scout.Query -> Verify.DriveTo | Go to unverified source
[8 INFO main 236111] Verify.DriveTo -> Verify.Homing | Homing
[8 INFO main 259740] Verify.Homing -> Scout.Query | Arrived home
[8 INFO main 261032] Confirming: 1/9
[8 INFO main 263099] Confirming: 2/9
[8 INFO main 265201] Confirming: 3/9
[8 INFO main 267255] Confirming: 4/9
[8 INFO main 269376] Confirming: 5/9
[8 INFO main 271476] Confirming: 6/9
[8 INFO main 273538] Confirming: 7/9
[8 INFO main 275572] Confirming: 8/9
[8 INFO main 277635] Confirming: 9/9
[8 INFO main 278434] Scout.Query -> Verify.DriveTo | Go to unverified source
[8 INFO main 305501] Verify.DriveTo -> Verify.Homing | Homing
[8 INFO main 316321] Verify.Homing -> Scout.Query | Arrived home
[8 INFO main 320508] Confirming: 1/9
[8 INFO main 322520] Confirming: 2/9
[8 INFO main 324529] Confirming: 3/9
[8 INFO main 326626] Confirming: 4/9
[8 INFO main 328636] Confirming: 5/9
[8 INFO main 330689] Confirming: 6/9
[8 INFO main 332756] Confirming: 7/9
[8 INFO main 334829] Confirming: 8/9
[8 INFO main 336855] Confirming: 9/9
[8 INFO main 337578] Scout.Query -> Verify.DriveTo | Go to unverified source
[8 INFO main 364271] Verify.DriveTo -> Verify.Homing | Homing
[8 INFO main 380916] Confirming: 1/9
[8 INFO main 382917] Confirming: 2/9
[8 INFO main 383097] Verify.Homing -> Scout.Query | Arrived home
[8 INFO main 385013] Confirming: 3/9
[8 INFO main 387099] Confirming: 4/9
[8 INFO main 389130] Confirming: 5/9
[8 INFO main 391154] Confirming: 6/9
[8 INFO main 393210] Confirming: 7/9
[8 INFO main 395254] Confirming: 8/9
[8 INFO main 397327] Confirming: 9/9
[8 INFO main 397872] Scout.Query -> Verify.DriveTo | Go to unverified source
[8 INFO main 433854] Verify.DriveTo -> Verify.Homing | Homing
[8 INFO main 442083] Confirming: 1/9
[8 INFO main 444255] Confirming: 3/9
[8 INFO main 446277] Confirming: 4/9
[8 INFO main 446580] Verify.Homing -> Scout.Query | Arrived home
[8 INFO main 448321] Confirming: 5/9
[8 INFO main 450381] Confirming: 6/9
[8 INFO main 452433] Confirming: 7/9
[8 INFO main 456623] Confirming: 9/9
[8 INFO main 456649] Scout.Query -> Verify.DriveTo | Go to unverified source
[8 INFO main 486856] Verify.DriveTo -> Verify.Homing | Homing
[8 INFO main 501202] Confirming: 1/9
[8 INFO main 503311] Confirming: 2/9
[8 INFO main 505312] Confirming: 3/9
[8 INFO main 507398] Confirming: 4/9
[8 INFO main 509573] Confirming: 5/9
[8 INFO main 511714] Confirming: 6/9
[8 INFO main 511931] Verify.Homing -> Scout.Query | Arrived home
[8 INFO main 513741] Confirming: 7/9
[8 INFO main 515866] Confirming: 8/9
[8 INFO main 517930] Confirming: 9/9
[8 INFO main 518633] Scout.Query -> Verify.DriveTo | Go to unverified source
[8 INFO main 593664] Verify.DriveTo -> Verify.Homing | Homing
[8 INFO main 614367] Confirming: 1/9
[8 INFO main 616385] Confirming: 2/9
[8 INFO main 620550] Confirming: 3/9
[8 INFO main 621183] Verify.Homing -> Scout.Query | Arrived home
[8 INFO main 622557] Confirming: 4/9
[8 INFO main 624636] Confirming: 6/9
[8 INFO main 626646] Confirming: 7/9
[8 INFO main 630711] Confirming: 9/9
[8 INFO main 630921] Scout.Query -> Verify.DriveTo | Go to unverified source
[8 INFO main 653529] Verify.DriveTo -> Verify.Homing | Homing
[8 INFO main 669197] Verify.Homing -> Scout.Query | Arrived home
[8 INFO main 682480] Confirming: 1/9
[8 INFO main 684485] Confirming: 2/9
[8 INFO main 686503] Confirming: 4/9
[8 INFO main 690718] Confirming: 6/9
[8 INFO main 692807] Confirming: 7/9
[8 INFO main 694866] Confirming: 8/9
[8 INFO main 696952] Confirming: 9/9
[8 INFO main 696984] Scout.Query -> Verify.DriveTo | Go to unverified source
[8 INFO main 732715] Verify.DriveTo -> Verify.Homing | Homing
[8 INFO main 742984] Confirming: 2/9
[8 INFO main 744951] Confirming: 3/9
[8 INFO main 747044] Confirming: 4/9
[8 INFO main 748741] Verify.Homing -> Scout.Query | Arrived home
[8 INFO main 749125] Confirming: 5/9
[8 INFO main 751154] Confirming: 6/9
[8 INFO main 753194] Confirming: 7/9
[8 INFO main 755206] Confirming: 8/9
[8 INFO main 757315] Confirming: 9/9
[8 INFO main 757344] Scout.Query -> Verify.DriveTo | Go to unverified source
[8 INFO main 782479] Verify.DriveTo -> Verify.Homing | Homing
[8 INFO main 797233] Verify.Homing -> Scout.Query | Arrived home
[8 INFO main 801232] Confirming: 1/9
[8 INFO main 803397] Confirming: 2/9
[8 INFO main 805418] Confirming: 3/9
[8 INFO main 807508] Confirming: 4/9
[8 INFO main 809559] Confirming: 5/9
[8 INFO main 811604] Confirming: 6/9
[8 INFO main 813607] Confirming: 7/9
[8 INFO main 815678] Confirming: 8/9
[8 INFO main 817758] Confirming: 9/9
[8 INFO main 817922] Scout.Query -> Verify.DriveTo | Go to unverified source
[8 INFO main 841465] Verify.DriveTo -> Verify.Homing | Homing
[8 INFO main 855836] Confirming: 1/9
[8 INFO main 857948] Confirming: 2/9
[8 INFO main 860113] Confirming: 3/9
[8 INFO main 862174] Confirming: 4/9
[8 INFO main 864182] Confirming: 5/9
[8 INFO main 866205] Confirming: 7/9
[8 INFO main 868244] Confirming: 8/9
[8 INFO main 868577] Verify.Homing -> Scout.Query | Arrived home
[8 INFO main 870767] Confirming: 9/9
[8 INFO main 871004] Scout.Query -> Verify.DriveTo | Go to unverified source
[8 INFO main 937662] Verify.DriveTo -> Verify.Homing | Homing
[8 INFO main 963922] Verify.Homing -> Scout.Query | Arrived home
[8 INFO main 983171] Confirming: 2/9
[8 INFO main 987279] Confirming: 4/9
[8 INFO main 989607] Confirming: 5/9
[8 INFO main 991624] Confirming: 6/9
[8 INFO main 993644] Confirming: 7/9
[8 INFO main 995666] Confirming: 8/9
[8 INFO main 997914] Confirming: 9/9
[8 INFO main 998186] Scout.Query -> Verify.DriveTo | Go to unverified source
[8 INFO main 1060294] Verify.DriveTo -> Verify.Homing | Homing
[8 INFO main 1071018] Confirming: 1/9
[8 INFO main 1073106] Confirming: 2/9
[8 INFO main 1075116] Confirming: 3/9
[8 INFO main 1077360] Confirming: 4/9
[8 INFO main 1079375] Confirming: 5/9
[8 INFO main 1081452] Confirming: 6/9
[8 INFO main 1083466] Confirming: 7/9
[8 INFO main 1085489] Confirming: 8/9
[8 INFO main 1087737] Confirming: 9/9
[8 INFO main 1093217] Verify.Homing -> Scout.Query | Arrived home
[8 INFO main 1093416] Scout.Query -> Verify.DriveTo | Go to unverified source
[8 INFO main 1111665] Verify.DriveTo -> Verify.Homing | Homing
[8 INFO main 1120344] Confirming: 1/9
[8 INFO main 1122426] Confirming: 2/9
[8 INFO main 1124472] Confirming: 3/9
[8 INFO main 1125806] Verify.Homing -> Scout.Query | Arrived home
[8 INFO main 1126533] Confirming: 4/9
[8 INFO main 1128561] Confirming: 5/9
[8 INFO main 1130670] Confirming: 6/9
[8 INFO main 1132716] Confirming: 7/9
[8 INFO main 1136855] Confirming: 9/9
[8 INFO main 1137935] Scout.Query -> Verify.DriveTo | Go to unverified source
[8 INFO main 1206298] Verify.DriveTo -> Verify.Homing | Homing
[8 INFO main 1221209] Confirming: 1/9
[8 INFO main 1223316] Confirming: 2/9
[8 INFO main 1225369] Confirming: 3/9
[8 INFO main 1229459] Confirming: 5/9
[8 INFO main 1231615] Confirming: 6/9
[8 INFO main 1233692] Confirming: 7/9
[8 INFO main 1234772] Verify.Homing -> Scout.Query | Arrived home
[8 INFO main 1235734] Confirming: 8/9
[8 INFO main 1237769] Confirming: 9/9
[8 INFO main 1238045] Scout.Query -> Verify.DriveTo | Go to unverified source
[8 INFO main 1261164] Verify.DriveTo -> Verify.Homing | Homing
[8 INFO main 1279536] Verify.Homing -> Scout.Query | Arrived home
[8 INFO main 1282101] Confirming: 1/9
[8 INFO main 1284184] Confirming: 2/9
[8 INFO main 1286208] Confirming: 4/9
[8 INFO main 1288321] Confirming: 5/9
[8 INFO main 1290360] Confirming: 6/9
[8 INFO main 1292393] Confirming: 7/9
[8 INFO main 1294564] Confirming: 8/9
[8 INFO main 1296614] Confirming: 9/9
[8 INFO main 1297215] Scout.Query -> Verify.DriveTo | Go to unverified source
[8 INFO main 1340670] Verify.DriveTo -> Verify.Homing | Homing
[8 INFO main 1365160] Verify.Homing -> Scout.Query | Arrived home
[8 INFO main 1372346] Confirming: 2/9
[8 INFO main 1374634] Confirming: 3/9
[8 INFO main 1378780] Confirming: 5/9
[8 INFO main 1380821] Confirming: 6/9
[8 INFO main 1383238] Confirming: 7/9
[8 INFO main 1385336] Confirming: 8/9
[8 INFO main 1387551] Confirming: 9/9
[8 INFO main 1387594] Scout.Query -> Verify.DriveTo | Go to unverified source
[8 INFO main 1413848] Verify.DriveTo -> Verify.Homing | Homing
[8 INFO main 1432726] Confirming: 2/9
[8 INFO main 1434694] Confirming: 3/9
[8 INFO main 1436768] Confirming: 4/9
[8 INFO main 1438996] Confirming: 5/9
[8 INFO main 1439466] Verify.Homing -> Scout.Query | Arrived home
[8 INFO main 1441076] Confirming: 6/9
[8 INFO main 1445169] Confirming: 8/9
[8 INFO main 1447264] Confirming: 9/9
[8 INFO main 1463060] Scout.Query -> Verify.DriveTo | Go to unverified source
[8 INFO main 1511721] Verify.DriveTo -> Verify.Homing | Homing
[8 INFO main 1548959] Verify.Homing -> Scout.Query | Arrived home
[8 INFO main 1553260] Confirming: 1/9
[8 INFO main 1555328] Confirming: 2/9
[8 INFO main 1557371] Confirming: 4/9
[8 INFO main 1561461] Confirming: 6/9
[8 INFO main 1563569] Confirming: 7/9
[8 INFO main 1567763] Confirming: 9/9
[8 INFO main 1567941] Scout.Query -> Verify.DriveTo | Go to unverified source
[8 INFO main 1685174] Verify.DriveTo -> Verify.Homing | Homing
[8 INFO main 1696086] Confirming: 1/9
[8 INFO main 1698240] Confirming: 2/9
[8 INFO main 1700321] Confirming: 3/9
[8 INFO main 1702337] Confirming: 4/9
[8 INFO main 1704344] Confirming: 5/9
[8 INFO main 1706400] Confirming: 6/9
[8 INFO main 1708451] Confirming: 7/9
[8 INFO main 1709278] Verify.Homing -> Scout.Query | Arrived home
[8 INFO main 1710542] Confirming: 8/9
[8 INFO main 1712864] Confirming: 9/9
[8 INFO main 1712902] Scout.Query -> Verify.DriveTo | Go to unverified source
[8 INFO main 1746027] Verify.DriveTo -> Verify.Homing | Homing
[8 INFO main 1763530] Confirming: 1/9
[8 INFO main 1765537] Confirming: 2/9
[8 INFO main 1765686] Verify.Homing -> Scout.Query | Arrived home
[8 INFO main 1767563] Confirming: 4/9
[8 INFO main 1771721] Confirming: 6/9
[8 INFO main 1773850] Confirming: 7/9
[8 INFO main 1776089] Confirming: 8/9
[8 INFO main 1780550] Confirming: 10/9
[8 INFO main 1780889] Scout.Query -> Verify.DriveTo | Go to unverified source
