[INFO main 27] Initialising peer buffer...
[INFO main 27] Initialising resource buffer...
[INFO main 28] Initialising TCP server...
[INFO main 28] Initialising RandB board...
[INFO main 28] Initialising ground-sensors...
[INFO main 28] Initialising random-walk...
[INFO main 812] --//-- Starting Experiment --//--
[INFO main 8619] Added resource: {"x": 0.85, "y": 0.88, "radius": 0.05, "quantity": 1, "quality": "blue", "timeStamp": 0}
[INFO main 25139] Removed resource: {"x": 0.85, "y": 0.88, "radius": 0.05, "quantity": 1, "quality": "blue", "timeStamp": 0}
[INFO main 123453] Added resource: {"x": -0.09, "y": -1.11, "radius": 0.05, "quantity": 1, "quality": "green", "timeStamp": 0}
[INFO main 160999] Removed resource: {"x": -0.09, "y": -1.11, "radius": 0.05, "quantity": 1, "quality": "green", "timeStamp": 0}
[INFO main 162701] Added resource: {"x": -0.14, "y": -1.16, "radius": 0.05, "quantity": 1, "quality": "red", "timeStamp": 0}
[INFO main 167006] Added resource: {"x": -0.18, "y": -1.01, "radius": 0.05, "quantity": 1, "quality": "red", "timeStamp": 0}
[INFO main 223674] Added resource: {"x": -0.74, "y": 1.05, "radius": 0.06, "quantity": 1, "quality": "yellow", "timeStamp": 0}
[INFO main 287947] Added resource: {"x": -0.99, "y": -0.08, "radius": 0.05, "quantity": 1, "quality": "red", "timeStamp": 0}
[INFO main 321484] Added resource: {"x": -0.61, "y": 0.62, "radius": 0.05, "quantity": 1, "quality": "red", "timeStamp": 0}
[INFO main 347123] Added resource: {"x": -0.46, "y": 0.65, "radius": 0.05, "quantity": 1, "quality": "blue", "timeStamp": 0}
[INFO main 381958] Removed resource: {"x": -0.74, "y": 1.05, "radius": 0.06, "quantity": 1, "quality": "yellow", "timeStamp": 0}
[INFO main 425915] Added resource: {"x": -0.52, "y": 0.38, "radius": 0.05, "quantity": 1, "quality": "green", "timeStamp": 0}
[INFO main 449344] Removed resource: {"x": -0.46, "y": 0.65, "radius": 0.05, "quantity": 1, "quality": "blue", "timeStamp": 0}
[INFO main 449934] Added resource: {"x": -0.43, "y": 0.67, "radius": 0.05, "quantity": 1, "quality": "blue", "timeStamp": 0}
[INFO main 526824] Removed resource: {"x": -0.43, "y": 0.67, "radius": 0.05, "quantity": 1, "quality": "blue", "timeStamp": 0}
[INFO main 553855] Added resource: {"x": 0.07, "y": 0.74, "radius": 0.05, "quantity": 1, "quality": "blue", "timeStamp": 0}
[INFO main 587895] Removed resource: {"x": 0.07, "y": 0.74, "radius": 0.05, "quantity": 1, "quality": "blue", "timeStamp": 0}
