[9 INFO main 29] Initialising Python Geth Console...
[9 INFO main 33] Initialising RandB board...
[9 INFO main 33] Initialising navigation...
[9 INFO main 33] Initialising random-walk...
[9 INFO main 33] Initialising odometry...
[9 INFO main 34] Initialising ground-sensors...
[9 INFO main 650] --//-- Starting Experiment --//--
[9 INFO main 1749] Idle.IDLE -> Scout.Query | Duration: 18.39
[9 INFO main 120709] Scout.Query -> Scout.GotoCenter | Drive to others reported pos
[9 INFO main 122610] Scout.GotoCenter -> Scout.Query | return to random walk
[9 INFO main 143136] Scout.Query -> Scout.GotoCenter | Drive to others reported pos
[9 INFO main 157050] Scout.GotoCenter -> Scout.Query | return to random walk
[9 INFO main 157455] Scout.Query -> Scout.GotoCenter | Drive to others reported pos
[9 INFO main 158052] Scout.GotoCenter -> Scout.Query | return to random walk
[9 INFO main 158458] Scout.Query -> Scout.GotoCenter | Drive to others reported pos
[9 INFO main 158958] Scout.GotoCenter -> Scout.Query | return to random walk
[9 INFO main 159459] Scout.Query -> Scout.GotoCenter | Drive to others reported pos
[9 INFO main 159655] Scout.GotoCenter -> Scout.Query | return to random walk
[9 INFO main 160462] Scout.Query -> Scout.GotoCenter | Drive to others reported pos
[9 INFO main 161756] Scout.GotoCenter -> Scout.Query | return to random walk
